/nix/store/2vwkssqpzykk37r996cafq7x63imf4sp-openjdk-21+35/bin/java  -classpath /nix/store/zw02np72fzsmga6s5mphhw7x8qlzf4sv-ycsb-0.17.0/share/conf:/nix/store/zw02np72fzsmga6s5mphhw7x8qlzf4sv-ycsb-0.17.0/share/lib/core-0.17.0.jar:/nix/store/zw02np72fzsmga6s5mphhw7x8qlzf4sv-ycsb-0.17.0/share/lib/HdrHistogram-2.1.4.jar:/nix/store/zw02np72fzsmga6s5mphhw7x8qlzf4sv-ycsb-0.17.0/share/lib/htrace-core4-4.1.0-incubating.jar:/nix/store/zw02np72fzsmga6s5mphhw7x8qlzf4sv-ycsb-0.17.0/share/lib/jackson-core-asl-1.9.4.jar:/nix/store/zw02np72fzsmga6s5mphhw7x8qlzf4sv-ycsb-0.17.0/share/lib/jackson-mapper-asl-1.9.4.jar:/nix/store/zw02np72fzsmga6s5mphhw7x8qlzf4sv-ycsb-0.17.0/share/redis-binding/lib/commons-pool2-2.4.2.jar:/nix/store/zw02np72fzsmga6s5mphhw7x8qlzf4sv-ycsb-0.17.0/share/redis-binding/lib/jedis-2.9.0.jar:/nix/store/zw02np72fzsmga6s5mphhw7x8qlzf4sv-ycsb-0.17.0/share/redis-binding/lib/redis-binding-0.17.0.jar site.ycsb.Client -t -db site.ycsb.db.RedisClient -s -P /home/host/vmuxIO/test/moonprogs//../../ycsb/share/workloads/workloada -p redis.host=10.1.0.2 -p redis.port=6379 -p operationcount=429496729 -p maxexecutiontime=61 -threads 1
Command line: -t -db site.ycsb.db.RedisClient -s -P /home/host/vmuxIO/test/moonprogs//../../ycsb/share/workloads/workloada -p redis.host=10.1.0.2 -p redis.port=6379 -p operationcount=429496729 -p maxexecutiontime=61 -threads 1
YCSB Client 0.17.0

Loading workload...
Starting test.
Maximum execution time specified as: 61 secs
DBWrapper: report latency for each error is false and specific error codes to track for latency are: []
2024-06-30 01:06:39:815 0 sec: 0 operations; est completion in 0 second 
2024-06-30 01:06:49:664 10 sec: 88021 operations; 8802.1 current ops/sec; est completion in 13 hours 33 minutes [READ: Count=43978, Max=16911, Min=78, Avg=109.48, 90=126, 99=160, 99.9=564, 99.99=2805] [UPDATE: Count=44048, Max=30287, Min=78, Avg=108.62, 90=123, 99=164, 99.9=761, 99.99=6043] 
2024-06-30 01:06:59:664 20 sec: 185161 operations; 9714 current ops/sec; est completion in 12 hours 52 minutes [READ: Count=48733, Max=7099, Min=82, Avg=102.51, 90=116, 99=133, 99.9=164, 99.99=408] [UPDATE: Count=48402, Max=1632, Min=80, Avg=100.12, 90=113, 99=130, 99.9=166, 99.99=450] 
2024-06-30 01:07:09:665 30 sec: 277150 operations; 9198.9 current ops/sec; est completion in 12 hours 54 minutes [READ: Count=45885, Max=3875, Min=83, Avg=108.69, 90=127, 99=150, 99.9=191, 99.99=427] [UPDATE: Count=46104, Max=807, Min=79, Avg=105.75, 90=124, 99=146, 99.9=197, 99.99=456] 
2024-06-30 01:07:19:665 40 sec: 363831 operations; 8668.1 current ops/sec; est completion in 13 hours 6 minutes [READ: Count=43446, Max=8831, Min=97, Avg=115.98, 90=127, 99=141, 99.9=174, 99.99=499] [UPDATE: Count=43235, Max=4423, Min=90, Avg=112, 90=123, 99=137, 99.9=160, 99.99=400] 
2024-06-30 01:07:29:665 50 sec: 450009 operations; 8617.8 current ops/sec; est completion in 13 hours 14 minutes [READ: Count=43130, Max=5483, Min=89, Avg=116.67, 90=128, 99=143, 99.9=169, 99.99=463] [UPDATE: Count=43048, Max=676, Min=92, Avg=112.68, 90=124, 99=139, 99.9=160, 99.99=360] 
2024-06-30 01:07:39:665 60 sec: 536376 operations; 8636.7 current ops/sec; est completion in 13 hours 19 minutes [READ: Count=43273, Max=3603, Min=96, Avg=116.51, 90=129, 99=148, 99.9=181, 99.99=486] [UPDATE: Count=43094, Max=586, Min=91, Avg=112.17, 90=124, 99=142, 99.9=172, 99.99=329] 
Maximum time elapsed. Requesting stop for the workload.
Stop requested for workload. Now Joining!
2024-06-30 01:07:40:677 61 sec: 545244 operations; 8762.85 current ops/sec; est completion in 13 hours 20 minutes [READ: Count=4504, Max=474, Min=94, Avg=113.87, 90=125, 99=143, 99.9=178, 99.99=474] [CLEANUP: Count=1, Max=1192, Min=1192, Avg=1192, 90=1192, 99=1192, 99.9=1192, 99.99=1192] [UPDATE: Count=4364, Max=3371, Min=93, Avg=111.1, 90=121, 99=138, 99.9=334, 99.99=3371] 
[OVERALL], RunTime(ms), 61019
[OVERALL], Throughput(ops/sec), 8935.64299644373
[TOTAL_GCS_Copy], Count, 50
[TOTAL_GC_TIME_Copy], Time(ms), 23
[TOTAL_GC_TIME_%_Copy], Time(%), 0.03769317753486619
[TOTAL_GCS_MarkSweepCompact], Count, 0
[TOTAL_GC_TIME_MarkSweepCompact], Time(ms), 0
[TOTAL_GC_TIME_%_MarkSweepCompact], Time(%), 0.0
[TOTAL_GCs], Count, 50
[TOTAL_GC_TIME], Time(ms), 23
[TOTAL_GC_TIME_%], Time(%), 0.03769317753486619
[READ], Operations, 272949
[READ], AverageLatency(us), 111.45909309065064
[READ], MinLatency(us), 78
[READ], MaxLatency(us), 16911
[READ], 95thPercentileLatency(us), 131
[READ], 99thPercentileLatency(us), 146
[READ], Return=OK, 272949
[CLEANUP], Operations, 1
[CLEANUP], AverageLatency(us), 1192.0
[CLEANUP], MinLatency(us), 1192
[CLEANUP], MaxLatency(us), 1192
[CLEANUP], 95thPercentileLatency(us), 1192
[CLEANUP], 99thPercentileLatency(us), 1192
[UPDATE], Operations, 272295
[UPDATE], AverageLatency(us), 108.40284617785858
[UPDATE], MinLatency(us), 78
[UPDATE], MaxLatency(us), 30287
[UPDATE], 95thPercentileLatency(us), 127
[UPDATE], 99thPercentileLatency(us), 142
[UPDATE], Return=OK, 272295
AUTOTEST_DONE
