/nix/store/2vwkssqpzykk37r996cafq7x63imf4sp-openjdk-21+35/bin/java  -classpath /nix/store/zw02np72fzsmga6s5mphhw7x8qlzf4sv-ycsb-0.17.0/share/conf:/nix/store/zw02np72fzsmga6s5mphhw7x8qlzf4sv-ycsb-0.17.0/share/lib/core-0.17.0.jar:/nix/store/zw02np72fzsmga6s5mphhw7x8qlzf4sv-ycsb-0.17.0/share/lib/HdrHistogram-2.1.4.jar:/nix/store/zw02np72fzsmga6s5mphhw7x8qlzf4sv-ycsb-0.17.0/share/lib/htrace-core4-4.1.0-incubating.jar:/nix/store/zw02np72fzsmga6s5mphhw7x8qlzf4sv-ycsb-0.17.0/share/lib/jackson-core-asl-1.9.4.jar:/nix/store/zw02np72fzsmga6s5mphhw7x8qlzf4sv-ycsb-0.17.0/share/lib/jackson-mapper-asl-1.9.4.jar:/nix/store/zw02np72fzsmga6s5mphhw7x8qlzf4sv-ycsb-0.17.0/share/redis-binding/lib/commons-pool2-2.4.2.jar:/nix/store/zw02np72fzsmga6s5mphhw7x8qlzf4sv-ycsb-0.17.0/share/redis-binding/lib/jedis-2.9.0.jar:/nix/store/zw02np72fzsmga6s5mphhw7x8qlzf4sv-ycsb-0.17.0/share/redis-binding/lib/redis-binding-0.17.0.jar site.ycsb.Client -t -db site.ycsb.db.RedisClient -s -P /home/host/vmuxIO/test/moonprogs//../../ycsb/share/workloads/workloada -p redis.host=10.1.0.2 -p redis.port=6380 -p operationcount=429496729 -p maxexecutiontime=61 -threads 1
Command line: -t -db site.ycsb.db.RedisClient -s -P /home/host/vmuxIO/test/moonprogs//../../ycsb/share/workloads/workloada -p redis.host=10.1.0.2 -p redis.port=6380 -p operationcount=429496729 -p maxexecutiontime=61 -threads 1
YCSB Client 0.17.0

Loading workload...
Starting test.
Maximum execution time specified as: 61 secs
DBWrapper: report latency for each error is false and specific error codes to track for latency are: []
2024-10-03 15:09:23:933 0 sec: 0 operations; est completion in 0 second [UPDATE: Count=1, Max=34079, Min=34048, Avg=34064, 90=34079, 99=34079, 99.9=34079, 99.99=34079] 
2024-10-03 15:09:33:695 10 sec: 14390 operations; 1439 current ops/sec; est completion in 3 days 10 hours [READ: Count=7105, Max=38303, Min=102, Avg=651.98, 90=1522, 99=5647, 99.9=8119, 99.99=27023] [UPDATE: Count=7290, Max=205823, Min=106, Avg=678.99, 90=1416, 99=5927, 99.9=10399, 99.99=16735] 
2024-10-03 15:09:43:695 20 sec: 32682 operations; 1829.2 current ops/sec; est completion in 3 days 1 hour [READ: Count=9183, Max=246143, Min=100, Avg=549.81, 90=411, 99=4699, 99.9=8495, 99.99=207999] [UPDATE: Count=9105, Max=207871, Min=102, Avg=528.86, 90=429, 99=4527, 99.9=7939, 99.99=207231] 
2024-10-03 15:09:53:695 30 sec: 54311 operations; 2162.9 current ops/sec; est completion in 2 days 17 hours [READ: Count=10751, Max=13199, Min=100, Avg=457.11, 90=421, 99=4259, 99.9=6615, 99.99=7991] [UPDATE: Count=10876, Max=8447, Min=91, Avg=458.82, 90=412, 99=4251, 99.9=7179, 99.99=8151] 
2024-10-03 15:10:03:695 40 sec: 78783 operations; 2447.2 current ops/sec; est completion in 2 days 12 hours [READ: Count=12143, Max=8327, Min=110, Avg=404.88, 90=307, 99=4235, 99.9=6639, 99.99=7883] [UPDATE: Count=12329, Max=7607, Min=99, Avg=405.59, 90=299, 99=4239, 99.9=5899, 99.99=7563] 
2024-10-03 15:10:13:695 50 sec: 100540 operations; 2175.7 current ops/sec; est completion in 2 days 11 hours [READ: Count=10785, Max=208895, Min=100, Avg=475.9, 90=327, 99=4247, 99.9=7059, 99.99=207871] [UPDATE: Count=10972, Max=204415, Min=100, Avg=438.31, 90=320, 99=4231, 99.9=5679, 99.99=203903] 
2024-10-03 15:10:23:695 60 sec: 122651 operations; 2211.1 current ops/sec; est completion in 2 days 10 hours [READ: Count=11027, Max=7727, Min=89, Avg=448.45, 90=404, 99=4267, 99.9=7035, 99.99=7723] [UPDATE: Count=11084, Max=8863, Min=94, Avg=449.92, 90=404, 99=4259, 99.9=7163, 99.99=8151] 
Maximum time elapsed. Requesting stop for the workload.
Stop requested for workload. Now Joining!
2024-10-03 15:10:24:705 61 sec: 125014 operations; 2339.6 current ops/sec; est completion in 2 days 10 hours [READ: Count=1148, Max=6803, Min=101, Avg=435, 90=369, 99=4275, 99.9=6171, 99.99=6803] [CLEANUP: Count=1, Max=1470, Min=1470, Avg=1470, 90=1470, 99=1470, 99.9=1470, 99.99=1470] [UPDATE: Count=1215, Max=5583, Min=105, Avg=412.58, 90=368, 99=4199, 99.9=5235, 99.99=5583] 
[OVERALL], RunTime(ms), 61019
[OVERALL], Throughput(ops/sec), 2048.771694062505
[TOTAL_GCS_Copy], Count, 12
[TOTAL_GC_TIME_Copy], Time(ms), 42
[TOTAL_GC_TIME_%_Copy], Time(%), 0.06883101984627739
[TOTAL_GCS_MarkSweepCompact], Count, 0
[TOTAL_GC_TIME_MarkSweepCompact], Time(ms), 0
[TOTAL_GC_TIME_%_MarkSweepCompact], Time(%), 0.0
[TOTAL_GCs], Count, 12
[TOTAL_GC_TIME], Time(ms), 42
[TOTAL_GC_TIME_%], Time(%), 0.06883101984627739
[READ], Operations, 62142
[READ], AverageLatency(us), 484.1998970100737
[READ], MinLatency(us), 89
[READ], MaxLatency(us), 246143
[READ], 95thPercentileLatency(us), 3513
[READ], 99thPercentileLatency(us), 4299
[READ], Return=OK, 62142
[CLEANUP], Operations, 1
[CLEANUP], AverageLatency(us), 1470.0
[CLEANUP], MinLatency(us), 1470
[CLEANUP], MaxLatency(us), 1470
[CLEANUP], 95thPercentileLatency(us), 1470
[CLEANUP], 99thPercentileLatency(us), 1470
[UPDATE], Operations, 62872
[UPDATE], AverageLatency(us), 478.5452665733554
[UPDATE], MinLatency(us), 91
[UPDATE], MaxLatency(us), 207871
[UPDATE], 95thPercentileLatency(us), 3487
[UPDATE], 99thPercentileLatency(us), 4287
[UPDATE], Return=OK, 62872
AUTOTEST_DONE
