/nix/store/2vwkssqpzykk37r996cafq7x63imf4sp-openjdk-21+35/bin/java  -classpath /nix/store/zw02np72fzsmga6s5mphhw7x8qlzf4sv-ycsb-0.17.0/share/conf:/nix/store/zw02np72fzsmga6s5mphhw7x8qlzf4sv-ycsb-0.17.0/share/lib/core-0.17.0.jar:/nix/store/zw02np72fzsmga6s5mphhw7x8qlzf4sv-ycsb-0.17.0/share/lib/HdrHistogram-2.1.4.jar:/nix/store/zw02np72fzsmga6s5mphhw7x8qlzf4sv-ycsb-0.17.0/share/lib/htrace-core4-4.1.0-incubating.jar:/nix/store/zw02np72fzsmga6s5mphhw7x8qlzf4sv-ycsb-0.17.0/share/lib/jackson-core-asl-1.9.4.jar:/nix/store/zw02np72fzsmga6s5mphhw7x8qlzf4sv-ycsb-0.17.0/share/lib/jackson-mapper-asl-1.9.4.jar:/nix/store/zw02np72fzsmga6s5mphhw7x8qlzf4sv-ycsb-0.17.0/share/redis-binding/lib/commons-pool2-2.4.2.jar:/nix/store/zw02np72fzsmga6s5mphhw7x8qlzf4sv-ycsb-0.17.0/share/redis-binding/lib/jedis-2.9.0.jar:/nix/store/zw02np72fzsmga6s5mphhw7x8qlzf4sv-ycsb-0.17.0/share/redis-binding/lib/redis-binding-0.17.0.jar site.ycsb.Client -t -db site.ycsb.db.RedisClient -s -P /home/host/vmuxIO/test/moonprogs//../../ycsb/share/workloads/workloada -p redis.host=10.1.0.2 -p redis.port=6389 -p operationcount=429496729 -p maxexecutiontime=61 -threads 1
Command line: -t -db site.ycsb.db.RedisClient -s -P /home/host/vmuxIO/test/moonprogs//../../ycsb/share/workloads/workloada -p redis.host=10.1.0.2 -p redis.port=6389 -p operationcount=429496729 -p maxexecutiontime=61 -threads 1
YCSB Client 0.17.0

Loading workload...
Starting test.
Maximum execution time specified as: 61 secs
DBWrapper: report latency for each error is false and specific error codes to track for latency are: []
2024-10-15 14:16:34:678 0 sec: 0 operations; est completion in 0 second 
2024-10-15 14:16:44:399 10 sec: 34220 operations; 3422 current ops/sec; est completion in 1 day 10 hours [READ: Count=17092, Max=73983, Min=102, Avg=272.68, 90=299, 99=2835, 99.9=6779, 99.99=10575] [UPDATE: Count=17206, Max=14543, Min=96, Avg=277.85, 90=306, 99=3017, 99.9=6963, 99.99=9799] 
2024-10-15 14:16:54:399 20 sec: 78150 operations; 4393 current ops/sec; est completion in 1 day 6 hours [READ: Count=22045, Max=9095, Min=96, Avg=224.8, 90=331, 99=643, 99.9=1799, 99.99=6427] [UPDATE: Count=21807, Max=5611, Min=92, Avg=222.14, 90=328, 99=643, 99.9=1908, 99.99=5191] 
2024-10-15 14:17:04:399 30 sec: 125751 operations; 4760.1 current ops/sec; est completion in 1 day 4 hours [READ: Count=23945, Max=6763, Min=92, Avg=208.22, 90=278, 99=524, 99.9=1185, 99.99=4399] [UPDATE: Count=23656, Max=12063, Min=91, Avg=206.13, 90=277, 99=522, 99.9=1221, 99.99=3993] 
2024-10-15 14:17:14:399 40 sec: 173356 operations; 4760.5 current ops/sec; est completion in 1 day 3 hours [READ: Count=23830, Max=12207, Min=94, Avg=209.15, 90=281, 99=506, 99.9=1084, 99.99=3747] [UPDATE: Count=23775, Max=5627, Min=95, Avg=205.33, 90=276, 99=495, 99.9=932, 99.99=2859] 
2024-10-15 14:17:24:400 50 sec: 217423 operations; 4406.7 current ops/sec; est completion in 1 day 3 hours [READ: Count=21957, Max=4179, Min=85, Avg=225.46, 90=328, 99=638, 99.9=1333, 99.99=3675] [UPDATE: Count=22110, Max=5135, Min=84, Avg=222.38, 90=323, 99=604, 99.9=1200, 99.99=4763] 
2024-10-15 14:17:34:399 60 sec: 265343 operations; 4792 current ops/sec; est completion in 1 day 2 hours [READ: Count=24043, Max=4755, Min=83, Avg=206.14, 90=315, 99=603, 99.9=1310, 99.99=3681] [UPDATE: Count=23877, Max=6515, Min=81, Avg=205.75, 90=314, 99=608, 99.9=1592, 99.99=4907] 
Maximum time elapsed. Requesting stop for the workload.
Stop requested for workload. Now Joining!
2024-10-15 14:17:35:409 61 sec: 272702 operations; 7293.36 current ops/sec; est completion in 1 day 2 hours [READ: Count=3712, Max=656, Min=80, Avg=134.66, 90=173, 99=235, 99.9=280, 99.99=656] [CLEANUP: Count=1, Max=1035, Min=1035, Avg=1035, 90=1035, 99=1035, 99.9=1035, 99.99=1035] [UPDATE: Count=3647, Max=5295, Min=80, Avg=135.21, 90=170, 99=229, 99.9=315, 99.99=5295] 
[OVERALL], RunTime(ms), 61012
[OVERALL], Throughput(ops/sec), 4469.645315675605
[TOTAL_GCS_Copy], Count, 25
[TOTAL_GC_TIME_Copy], Time(ms), 28
[TOTAL_GC_TIME_%_Copy], Time(%), 0.04589261128958238
[TOTAL_GCS_MarkSweepCompact], Count, 0
[TOTAL_GC_TIME_MarkSweepCompact], Time(ms), 0
[TOTAL_GC_TIME_%_MarkSweepCompact], Time(%), 0.0
[TOTAL_GCs], Count, 25
[TOTAL_GC_TIME], Time(ms), 28
[TOTAL_GC_TIME_%], Time(%), 0.04589261128958238
[READ], Operations, 136624
[READ], AverageLatency(us), 219.52839910996605
[READ], MinLatency(us), 80
[READ], MaxLatency(us), 73983
[READ], 95thPercentileLatency(us), 374
[READ], 99thPercentileLatency(us), 680
[READ], Return=OK, 136624
[CLEANUP], Operations, 1
[CLEANUP], AverageLatency(us), 1035.0
[CLEANUP], MinLatency(us), 1035
[CLEANUP], MaxLatency(us), 1035
[CLEANUP], 95thPercentileLatency(us), 1035
[CLEANUP], 99thPercentileLatency(us), 1035
[UPDATE], Operations, 136078
[UPDATE], AverageLatency(us), 218.29691794412028
[UPDATE], MinLatency(us), 80
[UPDATE], MaxLatency(us), 14543
[UPDATE], 95thPercentileLatency(us), 372
[UPDATE], 99thPercentileLatency(us), 695
[UPDATE], Return=OK, 136078
AUTOTEST_DONE
