/nix/store/2vwkssqpzykk37r996cafq7x63imf4sp-openjdk-21+35/bin/java  -classpath /nix/store/zw02np72fzsmga6s5mphhw7x8qlzf4sv-ycsb-0.17.0/share/conf:/nix/store/zw02np72fzsmga6s5mphhw7x8qlzf4sv-ycsb-0.17.0/share/lib/core-0.17.0.jar:/nix/store/zw02np72fzsmga6s5mphhw7x8qlzf4sv-ycsb-0.17.0/share/lib/HdrHistogram-2.1.4.jar:/nix/store/zw02np72fzsmga6s5mphhw7x8qlzf4sv-ycsb-0.17.0/share/lib/htrace-core4-4.1.0-incubating.jar:/nix/store/zw02np72fzsmga6s5mphhw7x8qlzf4sv-ycsb-0.17.0/share/lib/jackson-core-asl-1.9.4.jar:/nix/store/zw02np72fzsmga6s5mphhw7x8qlzf4sv-ycsb-0.17.0/share/lib/jackson-mapper-asl-1.9.4.jar:/nix/store/zw02np72fzsmga6s5mphhw7x8qlzf4sv-ycsb-0.17.0/share/redis-binding/lib/commons-pool2-2.4.2.jar:/nix/store/zw02np72fzsmga6s5mphhw7x8qlzf4sv-ycsb-0.17.0/share/redis-binding/lib/jedis-2.9.0.jar:/nix/store/zw02np72fzsmga6s5mphhw7x8qlzf4sv-ycsb-0.17.0/share/redis-binding/lib/redis-binding-0.17.0.jar site.ycsb.Client -t -db site.ycsb.db.RedisClient -s -P /home/host/vmuxIO/test/moonprogs//../../ycsb/share/workloads/workloada -p redis.host=10.1.0.2 -p redis.port=6386 -p operationcount=429496729 -p maxexecutiontime=61 -threads 1
Command line: -t -db site.ycsb.db.RedisClient -s -P /home/host/vmuxIO/test/moonprogs//../../ycsb/share/workloads/workloada -p redis.host=10.1.0.2 -p redis.port=6386 -p operationcount=429496729 -p maxexecutiontime=61 -threads 1
YCSB Client 0.17.0

Loading workload...
Starting test.
Maximum execution time specified as: 61 secs
DBWrapper: report latency for each error is false and specific error codes to track for latency are: []
2024-10-03 15:09:29:945 0 sec: 0 operations; est completion in 0 second 
2024-10-03 15:09:39:554 10 sec: 16765 operations; 1676.33 current ops/sec; est completion in 2 days 23 hours [READ: Count=8338, Max=97279, Min=104, Avg=578.22, 90=692, 99=5191, 99.9=8319, 99.99=15063] [UPDATE: Count=8456, Max=18847, Min=99, Avg=550.73, 90=648, 99=5255, 99.9=8011, 99.99=10375] 
2024-10-03 15:09:49:554 20 sec: 38400 operations; 2163.5 current ops/sec; est completion in 2 days 14 hours [READ: Count=10965, Max=13039, Min=99, Avg=466.47, 90=416, 99=4259, 99.9=6787, 99.99=8927] [UPDATE: Count=10646, Max=7623, Min=94, Avg=447.57, 90=405, 99=4267, 99.9=7187, 99.99=7607] 
2024-10-03 15:09:59:554 30 sec: 59902 operations; 2150.42 current ops/sec; est completion in 2 days 11 hours [READ: Count=10694, Max=207871, Min=110, Avg=485.89, 90=351, 99=4255, 99.9=6627, 99.99=206719] [UPDATE: Count=10812, Max=205823, Min=102, Avg=434.98, 90=338, 99=4243, 99.9=6859, 99.99=20031] 
2024-10-03 15:10:09:555 40 sec: 81591 operations; 2168.9 current ops/sec; est completion in 2 days 10 hours [READ: Count=10889, Max=10199, Min=98, Avg=428.02, 90=383, 99=4243, 99.9=6231, 99.99=7555] [UPDATE: Count=10791, Max=209407, Min=101, Avg=487.37, 90=394, 99=4271, 99.9=7043, 99.99=11287] 
2024-10-03 15:10:19:554 50 sec: 102398 operations; 2080.7 current ops/sec; est completion in 2 days 10 hours [READ: Count=10522, Max=11815, Min=101, Avg=481.43, 90=466, 99=4259, 99.9=7087, 99.99=8623] [UPDATE: Count=10285, Max=7399, Min=94, Avg=472.85, 90=453, 99=4231, 99.9=6979, 99.99=7335] 
2024-10-03 15:10:29:554 60 sec: 125849 operations; 2345.1 current ops/sec; est completion in 2 days 8 hours [READ: Count=11752, Max=207871, Min=84, Avg=425.62, 90=338, 99=4207, 99.9=6359, 99.99=206079] [UPDATE: Count=11699, Max=208383, Min=81, Avg=421.73, 90=338, 99=4215, 99.9=6315, 99.99=207615] 
Maximum time elapsed. Requesting stop for the workload.
Stop requested for workload. Now Joining!
2024-10-03 15:10:30:574 61 sec: 129560 operations; 3638.24 current ops/sec; est completion in 2 days 8 hours [READ: Count=1861, Max=11295, Min=84, Avg=271.26, 90=189, 99=4143, 99.9=4795, 99.99=11295] [CLEANUP: Count=1, Max=5051, Min=5048, Avg=5050, 90=5051, 99=5051, 99.9=5051, 99.99=5051] [UPDATE: Count=1850, Max=4255, Min=85, Avg=271.87, 90=194, 99=4139, 99.9=4203, 99.99=4255] 
[OVERALL], RunTime(ms), 61025
[OVERALL], Throughput(ops/sec), 2123.064317902499
[TOTAL_GCS_Copy], Count, 12
[TOTAL_GC_TIME_Copy], Time(ms), 23
[TOTAL_GC_TIME_%_Copy], Time(%), 0.03768947152806227
[TOTAL_GCS_MarkSweepCompact], Count, 0
[TOTAL_GC_TIME_MarkSweepCompact], Time(ms), 0
[TOTAL_GC_TIME_%_MarkSweepCompact], Time(%), 0.0
[TOTAL_GCs], Count, 12
[TOTAL_GC_TIME], Time(ms), 23
[TOTAL_GC_TIME_%], Time(%), 0.03768947152806227
[READ], Operations, 65021
[READ], AverageLatency(us), 467.0060134418111
[READ], MinLatency(us), 84
[READ], MaxLatency(us), 207871
[READ], 95thPercentileLatency(us), 3391
[READ], 99thPercentileLatency(us), 4263
[READ], Return=OK, 65021
[CLEANUP], Operations, 1
[CLEANUP], AverageLatency(us), 5050.0
[CLEANUP], MinLatency(us), 5048
[CLEANUP], MaxLatency(us), 5051
[CLEANUP], 95thPercentileLatency(us), 5051
[CLEANUP], 99thPercentileLatency(us), 5051
[UPDATE], Operations, 64539
[UPDATE], AverageLatency(us), 459.9382079052976
[UPDATE], MinLatency(us), 81
[UPDATE], MaxLatency(us), 209407
[UPDATE], 95thPercentileLatency(us), 3381
[UPDATE], 99thPercentileLatency(us), 4259
[UPDATE], Return=OK, 64539
AUTOTEST_DONE
