/nix/store/2vwkssqpzykk37r996cafq7x63imf4sp-openjdk-21+35/bin/java  -classpath /nix/store/zw02np72fzsmga6s5mphhw7x8qlzf4sv-ycsb-0.17.0/share/conf:/nix/store/zw02np72fzsmga6s5mphhw7x8qlzf4sv-ycsb-0.17.0/share/lib/core-0.17.0.jar:/nix/store/zw02np72fzsmga6s5mphhw7x8qlzf4sv-ycsb-0.17.0/share/lib/HdrHistogram-2.1.4.jar:/nix/store/zw02np72fzsmga6s5mphhw7x8qlzf4sv-ycsb-0.17.0/share/lib/htrace-core4-4.1.0-incubating.jar:/nix/store/zw02np72fzsmga6s5mphhw7x8qlzf4sv-ycsb-0.17.0/share/lib/jackson-core-asl-1.9.4.jar:/nix/store/zw02np72fzsmga6s5mphhw7x8qlzf4sv-ycsb-0.17.0/share/lib/jackson-mapper-asl-1.9.4.jar:/nix/store/zw02np72fzsmga6s5mphhw7x8qlzf4sv-ycsb-0.17.0/share/redis-binding/lib/commons-pool2-2.4.2.jar:/nix/store/zw02np72fzsmga6s5mphhw7x8qlzf4sv-ycsb-0.17.0/share/redis-binding/lib/jedis-2.9.0.jar:/nix/store/zw02np72fzsmga6s5mphhw7x8qlzf4sv-ycsb-0.17.0/share/redis-binding/lib/redis-binding-0.17.0.jar site.ycsb.Client -t -db site.ycsb.db.RedisClient -s -P /home/host/vmuxIO/test/moonprogs//../../ycsb/share/workloads/workloada -p redis.host=10.1.0.2 -p redis.port=6385 -p operationcount=429496729 -p maxexecutiontime=61 -threads 1
Command line: -t -db site.ycsb.db.RedisClient -s -P /home/host/vmuxIO/test/moonprogs//../../ycsb/share/workloads/workloada -p redis.host=10.1.0.2 -p redis.port=6385 -p operationcount=429496729 -p maxexecutiontime=61 -threads 1
YCSB Client 0.17.0

Loading workload...
Starting test.
Maximum execution time specified as: 61 secs
DBWrapper: report latency for each error is false and specific error codes to track for latency are: []
2024-10-15 14:16:28:213 0 sec: 0 operations; est completion in 0 second [UPDATE: Count=1, Max=32895, Min=32864, Avg=32880, 90=32895, 99=32895, 99.9=32895, 99.99=32895] 
2024-10-15 14:16:37:991 10 sec: 13949 operations; 1394.9 current ops/sec; est completion in 3 days 13 hours [READ: Count=6982, Max=209663, Min=112, Avg=714.07, 90=1077, 99=6411, 99.9=9631, 99.99=207999] [UPDATE: Count=6966, Max=206463, Min=113, Avg=648.12, 90=975, 99=6395, 99.9=10943, 99.99=20623] 
2024-10-15 14:16:47:991 20 sec: 34088 operations; 2013.9 current ops/sec; est completion in 2 days 21 hours [READ: Count=9986, Max=202623, Min=101, Avg=515.94, 90=421, 99=4543, 99.9=7755, 99.99=10663] [UPDATE: Count=10155, Max=12271, Min=99, Avg=473.23, 90=408, 99=4555, 99.9=8023, 99.99=10111] 
2024-10-15 14:16:57:991 30 sec: 55391 operations; 2130.3 current ops/sec; est completion in 2 days 16 hours [READ: Count=10556, Max=7935, Min=103, Avg=464.61, 90=425, 99=4255, 99.9=7235, 99.99=7583] [UPDATE: Count=10745, Max=8055, Min=97, Avg=463.64, 90=424, 99=4267, 99.9=6963, 99.99=7463] 
2024-10-15 14:17:07:991 40 sec: 80149 operations; 2475.8 current ops/sec; est completion in 2 days 11 hours [READ: Count=12287, Max=11975, Min=101, Avg=408.07, 90=295, 99=4239, 99.9=7123, 99.99=8075] [UPDATE: Count=12471, Max=7959, Min=102, Avg=392.92, 90=292, 99=4219, 99.9=6183, 99.99=7675] 
2024-10-15 14:17:17:991 50 sec: 100089 operations; 1994 current ops/sec; est completion in 2 days 11 hours [READ: Count=10058, Max=236927, Min=97, Avg=529.76, 90=392, 99=4251, 99.9=7263, 99.99=205183] [UPDATE: Count=9882, Max=207231, Min=95, Avg=466.82, 90=384, 99=4223, 99.9=6115, 99.99=205183] 
2024-10-15 14:17:27:992 60 sec: 122198 operations; 2210.9 current ops/sec; est completion in 2 days 10 hours [READ: Count=11151, Max=8439, Min=102, Avg=444.87, 90=389, 99=4275, 99.9=7007, 99.99=7607] [UPDATE: Count=10958, Max=204159, Min=103, Avg=453.47, 90=387, 99=4239, 99.9=6895, 99.99=10767] 
Maximum time elapsed. Requesting stop for the workload.
Stop requested for workload. Now Joining!
2024-10-15 14:17:29:001 61 sec: 124193 operations; 1977.21 current ops/sec; est completion in 2 days 10 hours [READ: Count=976, Max=7235, Min=105, Avg=513.48, 90=522, 99=4227, 99.9=6139, 99.99=7235] [CLEANUP: Count=1, Max=1619, Min=1619, Avg=1619, 90=1619, 99=1619, 99.9=1619, 99.99=1619] [UPDATE: Count=1019, Max=9111, Min=111, Avg=489.78, 90=487, 99=4279, 99.9=7179, 99.99=9111] 
[OVERALL], RunTime(ms), 61025
[OVERALL], Throughput(ops/sec), 2035.1167554281033
[TOTAL_GCS_Copy], Count, 12
[TOTAL_GC_TIME_Copy], Time(ms), 28
[TOTAL_GC_TIME_%_Copy], Time(%), 0.04588283490372798
[TOTAL_GCS_MarkSweepCompact], Count, 0
[TOTAL_GC_TIME_MarkSweepCompact], Time(ms), 0
[TOTAL_GC_TIME_%_MarkSweepCompact], Time(%), 0.0
[TOTAL_GCs], Count, 12
[TOTAL_GC_TIME], Time(ms), 28
[TOTAL_GC_TIME_%], Time(%), 0.04588283490372798
[READ], Operations, 61996
[READ], AverageLatency(us), 497.5549712884702
[READ], MinLatency(us), 97
[READ], MaxLatency(us), 236927
[READ], 95thPercentileLatency(us), 3553
[READ], 99thPercentileLatency(us), 4315
[READ], Return=OK, 61996
[CLEANUP], Operations, 1
[CLEANUP], AverageLatency(us), 1619.0
[CLEANUP], MinLatency(us), 1619
[CLEANUP], MaxLatency(us), 1619
[CLEANUP], 95thPercentileLatency(us), 1619
[CLEANUP], 99thPercentileLatency(us), 1619
[UPDATE], Operations, 62197
[UPDATE], AverageLatency(us), 471.3510941042172
[UPDATE], MinLatency(us), 95
[UPDATE], MaxLatency(us), 207231
[UPDATE], 95thPercentileLatency(us), 3473
[UPDATE], 99thPercentileLatency(us), 4291
[UPDATE], Return=OK, 62197
AUTOTEST_DONE
