/nix/store/2vwkssqpzykk37r996cafq7x63imf4sp-openjdk-21+35/bin/java  -classpath /nix/store/zw02np72fzsmga6s5mphhw7x8qlzf4sv-ycsb-0.17.0/share/conf:/nix/store/zw02np72fzsmga6s5mphhw7x8qlzf4sv-ycsb-0.17.0/share/lib/core-0.17.0.jar:/nix/store/zw02np72fzsmga6s5mphhw7x8qlzf4sv-ycsb-0.17.0/share/lib/HdrHistogram-2.1.4.jar:/nix/store/zw02np72fzsmga6s5mphhw7x8qlzf4sv-ycsb-0.17.0/share/lib/htrace-core4-4.1.0-incubating.jar:/nix/store/zw02np72fzsmga6s5mphhw7x8qlzf4sv-ycsb-0.17.0/share/lib/jackson-core-asl-1.9.4.jar:/nix/store/zw02np72fzsmga6s5mphhw7x8qlzf4sv-ycsb-0.17.0/share/lib/jackson-mapper-asl-1.9.4.jar:/nix/store/zw02np72fzsmga6s5mphhw7x8qlzf4sv-ycsb-0.17.0/share/redis-binding/lib/commons-pool2-2.4.2.jar:/nix/store/zw02np72fzsmga6s5mphhw7x8qlzf4sv-ycsb-0.17.0/share/redis-binding/lib/jedis-2.9.0.jar:/nix/store/zw02np72fzsmga6s5mphhw7x8qlzf4sv-ycsb-0.17.0/share/redis-binding/lib/redis-binding-0.17.0.jar site.ycsb.Client -t -db site.ycsb.db.RedisClient -s -P /home/host/vmuxIO/test/moonprogs//../../ycsb/share/workloads/workloada -p redis.host=10.1.0.2 -p redis.port=6387 -p operationcount=429496729 -p maxexecutiontime=61 -threads 1
Command line: -t -db site.ycsb.db.RedisClient -s -P /home/host/vmuxIO/test/moonprogs//../../ycsb/share/workloads/workloada -p redis.host=10.1.0.2 -p redis.port=6387 -p operationcount=429496729 -p maxexecutiontime=61 -threads 1
YCSB Client 0.17.0

Loading workload...
Starting test.
Maximum execution time specified as: 61 secs
DBWrapper: report latency for each error is false and specific error codes to track for latency are: []
2024-10-03 15:09:23:692 0 sec: 0 operations; est completion in 0 second [UPDATE: Count=1, Max=31519, Min=31504, Avg=31512, 90=31519, 99=31519, 99.9=31519, 99.99=31519] 
2024-10-03 15:09:33:471 10 sec: 13867 operations; 1386.56 current ops/sec; est completion in 3 days 14 hours [READ: Count=7018, Max=207487, Min=96, Avg=661.12, 90=1224, 99=6607, 99.9=9831, 99.99=36895] [UPDATE: Count=6856, Max=210047, Min=95, Avg=716.57, 90=2363, 99=6159, 99.9=9679, 99.99=17103] 
2024-10-03 15:09:43:474 20 sec: 35364 operations; 2149.06 current ops/sec; est completion in 2 days 19 hours [READ: Count=10747, Max=8263, Min=95, Avg=434.58, 90=372, 99=4295, 99.9=7139, 99.99=8023] [UPDATE: Count=10743, Max=208383, Min=97, Avg=484.95, 90=362, 99=4307, 99.9=7247, 99.99=206335] 
2024-10-03 15:09:53:471 30 sec: 59477 operations; 2412.26 current ops/sec; est completion in 2 days 12 hours [READ: Count=12225, Max=8231, Min=98, Avg=413.96, 90=353, 99=4227, 99.9=7115, 99.99=7987] [UPDATE: Count=11887, Max=8271, Min=95, Avg=404.89, 90=340, 99=4227, 99.9=6359, 99.99=7711] 
2024-10-03 15:10:03:471 40 sec: 85369 operations; 2589.2 current ops/sec; est completion in 2 days 7 hours [READ: Count=12855, Max=204927, Min=101, Avg=394.18, 90=265, 99=4223, 99.9=6439, 99.99=10815] [UPDATE: Count=13037, Max=7203, Min=94, Avg=372.43, 90=262, 99=4207, 99.9=5091, 99.99=7191] 
2024-10-03 15:10:13:471 50 sec: 107515 operations; 2214.6 current ops/sec; est completion in 2 days 7 hours [READ: Count=11205, Max=212095, Min=99, Avg=488.61, 90=308, 99=4211, 99.9=7099, 99.99=210175] [UPDATE: Count=10941, Max=203775, Min=98, Avg=407.1, 90=306, 99=4207, 99.9=7087, 99.99=10255] 
2024-10-03 15:10:23:471 60 sec: 131536 operations; 2401.86 current ops/sec; est completion in 2 days 6 hours [READ: Count=12048, Max=8415, Min=97, Avg=415.36, 90=365, 99=4223, 99.9=6691, 99.99=7819] [UPDATE: Count=11973, Max=9255, Min=91, Avg=411.32, 90=359, 99=4203, 99.9=6427, 99.99=7475] 
Maximum time elapsed. Requesting stop for the workload.
Stop requested for workload. Now Joining!
2024-10-03 15:10:24:481 61 sec: 133790 operations; 2233.89 current ops/sec; est completion in 2 days 6 hours [READ: Count=1128, Max=7867, Min=114, Avg=450.94, 90=384, 99=4215, 99.9=7055, 99.99=7867] [CLEANUP: Count=1, Max=1180, Min=1180, Avg=1180, 90=1180, 99=1180, 99.9=1180, 99.99=1180] [UPDATE: Count=1126, Max=5935, Min=107, Avg=436.52, 90=384, 99=4259, 99.9=5307, 99.99=5935] 
[OVERALL], RunTime(ms), 61022
[OVERALL], Throughput(ops/sec), 2192.4879551637114
[TOTAL_GCS_Copy], Count, 12
[TOTAL_GC_TIME_Copy], Time(ms), 24
[TOTAL_GC_TIME_%_Copy], Time(%), 0.039330077676903406
[TOTAL_GCS_MarkSweepCompact], Count, 0
[TOTAL_GC_TIME_MarkSweepCompact], Time(ms), 0
[TOTAL_GC_TIME_%_MarkSweepCompact], Time(%), 0.0
[TOTAL_GCs], Count, 12
[TOTAL_GC_TIME], Time(ms), 24
[TOTAL_GC_TIME_%], Time(%), 0.039330077676903406
[READ], Operations, 67226
[READ], AverageLatency(us), 452.58978668967364
[READ], MinLatency(us), 95
[READ], MaxLatency(us), 212095
[READ], 95thPercentileLatency(us), 3279
[READ], 99thPercentileLatency(us), 4263
[READ], Return=OK, 67226
[CLEANUP], Operations, 1
[CLEANUP], AverageLatency(us), 1180.0
[CLEANUP], MinLatency(us), 1180
[CLEANUP], MaxLatency(us), 1180
[CLEANUP], 95thPercentileLatency(us), 1180
[CLEANUP], 99thPercentileLatency(us), 1180
[UPDATE], Operations, 66564
[UPDATE], AverageLatency(us), 446.0780902589989
[UPDATE], MinLatency(us), 91
[UPDATE], MaxLatency(us), 210047
[UPDATE], 95thPercentileLatency(us), 3325
[UPDATE], 99thPercentileLatency(us), 4259
[UPDATE], Return=OK, 66564
AUTOTEST_DONE
