/nix/store/2vwkssqpzykk37r996cafq7x63imf4sp-openjdk-21+35/bin/java  -classpath /nix/store/zw02np72fzsmga6s5mphhw7x8qlzf4sv-ycsb-0.17.0/share/conf:/nix/store/zw02np72fzsmga6s5mphhw7x8qlzf4sv-ycsb-0.17.0/share/lib/core-0.17.0.jar:/nix/store/zw02np72fzsmga6s5mphhw7x8qlzf4sv-ycsb-0.17.0/share/lib/HdrHistogram-2.1.4.jar:/nix/store/zw02np72fzsmga6s5mphhw7x8qlzf4sv-ycsb-0.17.0/share/lib/htrace-core4-4.1.0-incubating.jar:/nix/store/zw02np72fzsmga6s5mphhw7x8qlzf4sv-ycsb-0.17.0/share/lib/jackson-core-asl-1.9.4.jar:/nix/store/zw02np72fzsmga6s5mphhw7x8qlzf4sv-ycsb-0.17.0/share/lib/jackson-mapper-asl-1.9.4.jar:/nix/store/zw02np72fzsmga6s5mphhw7x8qlzf4sv-ycsb-0.17.0/share/redis-binding/lib/commons-pool2-2.4.2.jar:/nix/store/zw02np72fzsmga6s5mphhw7x8qlzf4sv-ycsb-0.17.0/share/redis-binding/lib/jedis-2.9.0.jar:/nix/store/zw02np72fzsmga6s5mphhw7x8qlzf4sv-ycsb-0.17.0/share/redis-binding/lib/redis-binding-0.17.0.jar site.ycsb.Client -t -db site.ycsb.db.RedisClient -s -P /home/host/vmuxIO/test/moonprogs//../../ycsb/share/workloads/workloada -p redis.host=10.1.0.2 -p redis.port=6390 -p operationcount=429496729 -p maxexecutiontime=61 -threads 1
Command line: -t -db site.ycsb.db.RedisClient -s -P /home/host/vmuxIO/test/moonprogs//../../ycsb/share/workloads/workloada -p redis.host=10.1.0.2 -p redis.port=6390 -p operationcount=429496729 -p maxexecutiontime=61 -threads 1
YCSB Client 0.17.0

Loading workload...
 (might take a few minutes for large data sets)
Starting test.
Maximum execution time specified as: 61 secs
DBWrapper: report latency for each error is false and specific error codes to track for latency are: []
2025-02-10 04:11:04:244 0 sec: 0 operations; est completion in 0 second 
2025-02-10 04:11:13:172 10 sec: 1156 operations; 115.6 current ops/sec; est completion in 43 days [READ: Count=596, Max=551423, Min=66, Avg=7994.52, 90=20031, 99=33311, 99.9=41215, 99.99=551423] [UPDATE: Count=561, Max=45983, Min=72, Avg=7631.84, 90=20031, 99=37279, 99.9=41887, 99.99=45983] 
2025-02-10 04:11:23:174 20 sec: 5209 operations; 405.22 current ops/sec; est completion in 19 days 2 hours [READ: Count=2069, Max=59999, Min=58, Avg=2549.03, 90=12031, 99=24063, 99.9=40031, 99.99=59999] [UPDATE: Count=1983, Max=60991, Min=56, Avg=2264.07, 90=11959, 99=25983, 99.9=40031, 99.99=60991] 
2025-02-10 04:11:33:186 30 sec: 9144 operations; 393.03 current ops/sec; est completion in 16 days 7 hours [READ: Count=1930, Max=52031, Min=50, Avg=2622.78, 90=12007, 99=32015, 99.9=47007, 99.99=52031] [UPDATE: Count=2005, Max=63455, Min=48, Avg=2445.03, 90=11127, 99=31071, 99.9=49439, 99.99=63455] 
2025-02-10 04:11:43:172 40 sec: 14979 operations; 584.32 current ops/sec; est completion in 13 days 6 hours [READ: Count=2919, Max=56511, Min=49, Avg=1696.75, 90=9991, 99=20079, 99.9=39967, 99.99=56511] [UPDATE: Count=2916, Max=101567, Min=47, Avg=1717.1, 90=9999, 99=20031, 99.9=43007, 99.99=101567] 
2025-02-10 04:11:53:172 50 sec: 19819 operations; 484 current ops/sec; est completion in 12 days 12 hours [READ: Count=2406, Max=48415, Min=50, Avg=2065.49, 90=11991, 99=19535, 99.9=44127, 99.99=48415] [UPDATE: Count=2434, Max=36063, Min=47, Avg=2053.86, 90=11991, 99=19983, 99.9=31983, 99.99=36063] 
2025-02-10 04:12:03:172 60 sec: 24827 operations; 500.8 current ops/sec; est completion in 12 days [READ: Count=2446, Max=51007, Min=48, Avg=2093.65, 90=11175, 99=23999, 99.9=40991, 99.99=51007] [UPDATE: Count=2562, Max=58751, Min=47, Avg=1885.2, 90=11071, 99=20959, 99.9=30655, 99.99=58751] 
Maximum time elapsed. Requesting stop for the workload.
Stop requested for workload. Now Joining!
2025-02-10 04:12:04:235 61 sec: 25083 operations; 240.83 current ops/sec; est completion in 12 days 2 hours [READ: Count=130, Max=46271, Min=51, Avg=3797.28, 90=13559, 99=31983, 99.9=46271, 99.99=46271] [CLEANUP: Count=1, Max=10031, Min=10024, Avg=10028, 90=10031, 99=10031, 99.9=10031, 99.99=10031] [UPDATE: Count=126, Max=35999, Min=47, Avg=4541.56, 90=14999, 99=21023, 99.9=35999, 99.99=35999] 
[OVERALL], RunTime(ms), 61079
[OVERALL], Throughput(ops/sec), 410.6648766351774
[TOTAL_GCS_Copy], Count, 2
[TOTAL_GC_TIME_Copy], Time(ms), 67
[TOTAL_GC_TIME_%_Copy], Time(%), 0.10969400284876962
[TOTAL_GCS_MarkSweepCompact], Count, 0
[TOTAL_GC_TIME_MarkSweepCompact], Time(ms), 0
[TOTAL_GC_TIME_%_MarkSweepCompact], Time(%), 0.0
[TOTAL_GCs], Count, 2
[TOTAL_GC_TIME], Time(ms), 67
[TOTAL_GC_TIME_%], Time(%), 0.10969400284876962
[READ], Operations, 12496
[READ], AverageLatency(us), 2451.8044174135725
[READ], MinLatency(us), 48
[READ], MaxLatency(us), 551423
[READ], 95thPercentileLatency(us), 15991
[READ], 99thPercentileLatency(us), 24063
[READ], Return=OK, 12496
[CLEANUP], Operations, 1
[CLEANUP], AverageLatency(us), 10028.0
[CLEANUP], MinLatency(us), 10024
[CLEANUP], MaxLatency(us), 10031
[CLEANUP], 95thPercentileLatency(us), 10031
[CLEANUP], 99thPercentileLatency(us), 10031
[UPDATE], Operations, 12587
[UPDATE], AverageLatency(us), 2310.4549137999525
[UPDATE], MinLatency(us), 47
[UPDATE], MaxLatency(us), 101567
[UPDATE], 95thPercentileLatency(us), 15959
[UPDATE], 99thPercentileLatency(us), 24399
[UPDATE], Return=OK, 12587
AUTOTEST_DONE
