[1;33m[WARN]  malloc() allocates objects >= 1 MiB from LuaJIT memory space.[0m
[1;33m[WARN]  Install libjemalloc if you encounter out of memory errors.[0m
[1;37m[INFO]  Initializing DPDK. This will take a few seconds...[0m
[1;37m[INFO]  Found 1 usable devices:[0m
   Device 0: B4:96:91:B3:8B:04 ([0;32mIntel Corporation Ethernet Controller E810-C for QSFP[0m)
[1;37m[INFO]  Waiting for devices to come up...[0m
[1;37m[INFO]  Device 0 (B4:96:91:B3:8B:04) is up: full-duplex 100000 MBit/s[0m
[1;37m[INFO]  [0;32m1 device is up.[0m[0m
[1;36m[Device: id=0] RX[0m: 0.16 Mpps, 81 Mbit/s (106 Mbit/s with framing)
[0;34m[Device: id=0] TX[0m: 0.16 Mpps, 81 Mbit/s (106 Mbit/s with framing)
[1;36m[Device: id=0] RX[0m: 0.16 Mpps, 82 Mbit/s (107 Mbit/s with framing)
[0;34m[Device: id=0] TX[0m: 0.16 Mpps, 82 Mbit/s (107 Mbit/s with framing)
[1;36m[Device: id=0] RX[0m: 0.16 Mpps, 82 Mbit/s (107 Mbit/s with framing)
[0;34m[Device: id=0] TX[0m: 0.16 Mpps, 82 Mbit/s (107 Mbit/s with framing)
[1;36m[Device: id=0] RX[0m: 0.16 Mpps, 82 Mbit/s (107 Mbit/s with framing)
[0;34m[Device: id=0] TX[0m: 0.16 Mpps, 82 Mbit/s (107 Mbit/s with framing)
[1;36m[Device: id=0] RX[0m: 0.16 Mpps, 82 Mbit/s (107 Mbit/s with framing)
[0;34m[Device: id=0] TX[0m: 0.16 Mpps, 82 Mbit/s (107 Mbit/s with framing)
[1;36m[Device: id=0] RX[0m: 0.16 Mpps, 82 Mbit/s (107 Mbit/s with framing)
[0;34m[Device: id=0] TX[0m: 0.16 Mpps, 82 Mbit/s (107 Mbit/s with framing)
[1;36m[Device: id=0] RX[0m: 0.16 Mpps, 82 Mbit/s (107 Mbit/s with framing)
[0;34m[Device: id=0] TX[0m: 0.16 Mpps, 82 Mbit/s (107 Mbit/s with framing)
[1;36m[Device: id=0] RX[0m: 0.16 Mpps, 82 Mbit/s (107 Mbit/s with framing)
[0;34m[Device: id=0] TX[0m: 0.16 Mpps, 82 Mbit/s (107 Mbit/s with framing)
[1;36m[Device: id=0] RX[0m: 0.16 Mpps, 82 Mbit/s (107 Mbit/s with framing)
[0;34m[Device: id=0] TX[0m: 0.16 Mpps, 82 Mbit/s (107 Mbit/s with framing)
[1;36m[Device: id=0] RX[0m: 0.16 Mpps, 82 Mbit/s (107 Mbit/s with framing)
[0;34m[Device: id=0] TX[0m: 0.16 Mpps, 82 Mbit/s (107 Mbit/s with framing)
[1;36m[Device: id=0] RX[0m: 0.16 Mpps, 82 Mbit/s (107 Mbit/s with framing)
[0;34m[Device: id=0] TX[0m: 0.16 Mpps, 82 Mbit/s (107 Mbit/s with framing)
[1;36m[Device: id=0] RX[0m: 0.02 Mpps, 10 Mbit/s (13 Mbit/s with framing)
[0;34m[Device: id=0] TX[0m: 0.16 Mpps, 81 Mbit/s (106 Mbit/s with framing)
[1;36m[Device: id=0] RX[0m: 0.00 Mpps, 0 Mbit/s (0 Mbit/s with framing)
[0;34m[Device: id=0] TX[0m: 0.16 Mpps, 81 Mbit/s (106 Mbit/s with framing)
[1;36m[Device: id=0] RX[0m: 0.00 Mpps, 0 Mbit/s (0 Mbit/s with framing)
[0;34m[Device: id=0] TX[0m: 0.16 Mpps, 81 Mbit/s (106 Mbit/s with framing)
[1;36m[Device: id=0] RX[0m: 0.00 Mpps, 0 Mbit/s (0 Mbit/s with framing)
[0;34m[Device: id=0] TX[0m: 0.16 Mpps, 81 Mbit/s (106 Mbit/s with framing)
[1;36m[Device: id=0] RX[0m: 0.00 Mpps, 0 Mbit/s (0 Mbit/s with framing)
[0;34m[Device: id=0] TX[0m: 0.16 Mpps, 81 Mbit/s (106 Mbit/s with framing)
[1;36m[Device: id=0] RX[0m: 0.11 Mpps, 56 Mbit/s (74 Mbit/s with framing)
[0;34m[Device: id=0] TX[0m: 0.16 Mpps, 81 Mbit/s (107 Mbit/s with framing)
[1;36m[Device: id=0] RX[0m: 0.16 Mpps, 82 Mbit/s (107 Mbit/s with framing)
[0;34m[Device: id=0] TX[0m: 0.16 Mpps, 82 Mbit/s (107 Mbit/s with framing)
[1;36m[Device: id=0] RX[0m: 0.16 Mpps, 82 Mbit/s (107 Mbit/s with framing)
[0;34m[Device: id=0] TX[0m: 0.16 Mpps, 82 Mbit/s (107 Mbit/s with framing)
[1;36m[Device: id=0] RX[0m: 0.16 Mpps, 82 Mbit/s (107 Mbit/s with framing)
[0;34m[Device: id=0] TX[0m: 0.16 Mpps, 82 Mbit/s (107 Mbit/s with framing)
[1;36m[Device: id=0] RX[0m: 0.16 Mpps, 82 Mbit/s (107 Mbit/s with framing)
[0;34m[Device: id=0] TX[0m: 0.16 Mpps, 82 Mbit/s (107 Mbit/s with framing)
[1;36m[Device: id=0] RX[0m: 0.16 Mpps, 82 Mbit/s (107 Mbit/s with framing)
[0;34m[Device: id=0] TX[0m: 0.16 Mpps, 82 Mbit/s (107 Mbit/s with framing)
[1;36m[Device: id=0] RX[0m: 0.16 Mpps, 82 Mbit/s (107 Mbit/s with framing)
[0;34m[Device: id=0] TX[0m: 0.16 Mpps, 82 Mbit/s (107 Mbit/s with framing)
[1;36m[Device: id=0] RX[0m: 0.16 Mpps, 82 Mbit/s (107 Mbit/s with framing)
[0;34m[Device: id=0] TX[0m: 0.16 Mpps, 82 Mbit/s (107 Mbit/s with framing)
[1;36m[Device: id=0] RX[0m: 0.16 Mpps, 82 Mbit/s (107 Mbit/s with framing)
[0;34m[Device: id=0] TX[0m: 0.16 Mpps, 82 Mbit/s (107 Mbit/s with framing)
[1;36m[Device: id=0] RX[0m: 0.16 Mpps, 82 Mbit/s (107 Mbit/s with framing)
[0;34m[Device: id=0] TX[0m: 0.16 Mpps, 82 Mbit/s (107 Mbit/s with framing)
[1;36m[Device: id=0] RX[0m: 0.16 Mpps, 82 Mbit/s (107 Mbit/s with framing)
[0;34m[Device: id=0] TX[0m: 0.16 Mpps, 82 Mbit/s (107 Mbit/s with framing)
[1;36m[Device: id=0] RX[0m: 0.16 Mpps, 82 Mbit/s (107 Mbit/s with framing)
[0;34m[Device: id=0] TX[0m: 0.16 Mpps, 82 Mbit/s (107 Mbit/s with framing)
[1;36m[Device: id=0] RX[0m: 0.16 Mpps, 82 Mbit/s (107 Mbit/s with framing)
[0;34m[Device: id=0] TX[0m: 0.16 Mpps, 82 Mbit/s (107 Mbit/s with framing)
Samples: 52357, Average: 100431.1 ns, StdDev: 25094.4 ns, Quartiles: 79421.0/100562.0/121663.0 ns
[1;37m[INFO]  Saving histogram to 'histogram.csv'[0m
[1;36m[Device: id=0] RX[0m: 0.13 Mpps, 66 Mbit/s (87 Mbit/s with framing)
[1;36m[Device: id=0] RX[0m: 0.13 (StdDev 0.06) Mpps, 67 (StdDev 31) Mbit/s (87 Mbit/s with framing), total 3946540 packets with 252578560 bytes (incl. CRC)
[0;34m[Device: id=0] TX[0m: 0.16 (StdDev 0.00) Mpps, 81 (StdDev 0) Mbit/s (107 Mbit/s with framing), total 4767631 packets with 305128384 bytes (incl. CRC)
