[1;33m[WARN]  malloc() allocates objects >= 1 MiB from LuaJIT memory space.[0m
[1;33m[WARN]  Install libjemalloc if you encounter out of memory errors.[0m
[1;37m[INFO]  Initializing DPDK. This will take a few seconds...[0m
[1;37m[INFO]  Found 1 usable devices:[0m
   Device 0: B4:96:91:B3:8B:04 ([0;32mIntel Corporation Ethernet Controller E810-C for QSFP[0m)
[1;37m[INFO]  Waiting for devices to come up...[0m
[1;37m[INFO]  Device 0 (B4:96:91:B3:8B:04) is up: full-duplex 100000 MBit/s[0m
[1;37m[INFO]  [0;32m1 device is up.[0m[0m
[1;36m[Device: id=0] RX[0m: 0.01 Mpps, 5 Mbit/s (7 Mbit/s with framing)
[0;34m[Device: id=0] TX[0m: 0.01 Mpps, 5 Mbit/s (7 Mbit/s with framing)
[1;36m[Device: id=0] RX[0m: 0.01 Mpps, 6 Mbit/s (8 Mbit/s with framing)
[0;34m[Device: id=0] TX[0m: 0.01 Mpps, 7 Mbit/s (9 Mbit/s with framing)
[1;36m[Device: id=0] RX[0m: 0.01 Mpps, 3 Mbit/s (4 Mbit/s with framing)
[0;34m[Device: id=0] TX[0m: 0.01 Mpps, 6 Mbit/s (8 Mbit/s with framing)
[1;36m[Device: id=0] RX[0m: 0.00 Mpps, 0 Mbit/s (0 Mbit/s with framing)
[0;34m[Device: id=0] TX[0m: 0.01 Mpps, 5 Mbit/s (7 Mbit/s with framing)
[1;36m[Device: id=0] RX[0m: 0.00 Mpps, 0 Mbit/s (0 Mbit/s with framing)
[0;34m[Device: id=0] TX[0m: 0.01 Mpps, 5 Mbit/s (7 Mbit/s with framing)
[1;36m[Device: id=0] RX[0m: 0.00 Mpps, 0 Mbit/s (0 Mbit/s with framing)
[0;34m[Device: id=0] TX[0m: 0.01 Mpps, 5 Mbit/s (7 Mbit/s with framing)
[1;36m[Device: id=0] RX[0m: 0.00 Mpps, 0 Mbit/s (0 Mbit/s with framing)
[0;34m[Device: id=0] TX[0m: 0.01 Mpps, 5 Mbit/s (7 Mbit/s with framing)
[1;36m[Device: id=0] RX[0m: 0.00 Mpps, 0 Mbit/s (0 Mbit/s with framing)
[0;34m[Device: id=0] TX[0m: 0.01 Mpps, 5 Mbit/s (7 Mbit/s with framing)
[1;36m[Device: id=0] RX[0m: 0.00 Mpps, 0 Mbit/s (0 Mbit/s with framing)
[0;34m[Device: id=0] TX[0m: 0.01 Mpps, 5 Mbit/s (7 Mbit/s with framing)
[1;36m[Device: id=0] RX[0m: 0.00 Mpps, 0 Mbit/s (0 Mbit/s with framing)
[0;34m[Device: id=0] TX[0m: 0.01 Mpps, 5 Mbit/s (7 Mbit/s with framing)
[1;36m[Device: id=0] RX[0m: 0.00 Mpps, 0 Mbit/s (0 Mbit/s with framing)
[0;34m[Device: id=0] TX[0m: 0.01 Mpps, 5 Mbit/s (7 Mbit/s with framing)
[1;36m[Device: id=0] RX[0m: 0.00 Mpps, 0 Mbit/s (0 Mbit/s with framing)
[0;34m[Device: id=0] TX[0m: 0.01 Mpps, 5 Mbit/s (7 Mbit/s with framing)
[1;36m[Device: id=0] RX[0m: 0.00 Mpps, 0 Mbit/s (0 Mbit/s with framing)
[0;34m[Device: id=0] TX[0m: 0.01 Mpps, 5 Mbit/s (7 Mbit/s with framing)
[1;36m[Device: id=0] RX[0m: 0.00 Mpps, 0 Mbit/s (0 Mbit/s with framing)
[0;34m[Device: id=0] TX[0m: 0.01 Mpps, 5 Mbit/s (7 Mbit/s with framing)
[1;36m[Device: id=0] RX[0m: 0.00 Mpps, 0 Mbit/s (0 Mbit/s with framing)
[0;34m[Device: id=0] TX[0m: 0.01 Mpps, 5 Mbit/s (7 Mbit/s with framing)
[1;36m[Device: id=0] RX[0m: 0.00 Mpps, 0 Mbit/s (0 Mbit/s with framing)
[0;34m[Device: id=0] TX[0m: 0.01 Mpps, 5 Mbit/s (7 Mbit/s with framing)
[1;36m[Device: id=0] RX[0m: 0.00 Mpps, 0 Mbit/s (0 Mbit/s with framing)
[0;34m[Device: id=0] TX[0m: 0.01 Mpps, 5 Mbit/s (7 Mbit/s with framing)
[1;36m[Device: id=0] RX[0m: 0.00 Mpps, 0 Mbit/s (0 Mbit/s with framing)
[0;34m[Device: id=0] TX[0m: 0.01 Mpps, 5 Mbit/s (7 Mbit/s with framing)
[1;36m[Device: id=0] RX[0m: 0.00 Mpps, 0 Mbit/s (0 Mbit/s with framing)
[0;34m[Device: id=0] TX[0m: 0.01 Mpps, 5 Mbit/s (7 Mbit/s with framing)
[1;36m[Device: id=0] RX[0m: 0.01 Mpps, 4 Mbit/s (5 Mbit/s with framing)
[0;34m[Device: id=0] TX[0m: 0.01 Mpps, 6 Mbit/s (8 Mbit/s with framing)
[1;36m[Device: id=0] RX[0m: 0.01 Mpps, 7 Mbit/s (9 Mbit/s with framing)
[0;34m[Device: id=0] TX[0m: 0.01 Mpps, 7 Mbit/s (9 Mbit/s with framing)
[1;36m[Device: id=0] RX[0m: 0.01 Mpps, 7 Mbit/s (9 Mbit/s with framing)
[0;34m[Device: id=0] TX[0m: 0.01 Mpps, 7 Mbit/s (9 Mbit/s with framing)
[1;36m[Device: id=0] RX[0m: 0.01 Mpps, 7 Mbit/s (9 Mbit/s with framing)
[0;34m[Device: id=0] TX[0m: 0.01 Mpps, 7 Mbit/s (9 Mbit/s with framing)
[1;36m[Device: id=0] RX[0m: 0.01 Mpps, 6 Mbit/s (9 Mbit/s with framing)
[0;34m[Device: id=0] TX[0m: 0.01 Mpps, 6 Mbit/s (9 Mbit/s with framing)
[1;36m[Device: id=0] RX[0m: 0.01 Mpps, 7 Mbit/s (9 Mbit/s with framing)
[0;34m[Device: id=0] TX[0m: 0.01 Mpps, 7 Mbit/s (9 Mbit/s with framing)
[1;36m[Device: id=0] RX[0m: 0.01 Mpps, 6 Mbit/s (9 Mbit/s with framing)
[0;34m[Device: id=0] TX[0m: 0.01 Mpps, 6 Mbit/s (9 Mbit/s with framing)
[1;36m[Device: id=0] RX[0m: 0.01 Mpps, 7 Mbit/s (9 Mbit/s with framing)
[0;34m[Device: id=0] TX[0m: 0.01 Mpps, 7 Mbit/s (9 Mbit/s with framing)
[1;36m[Device: id=0] RX[0m: 0.01 Mpps, 6 Mbit/s (8 Mbit/s with framing)
[0;34m[Device: id=0] TX[0m: 0.01 Mpps, 6 Mbit/s (8 Mbit/s with framing)
[1;36m[Device: id=0] RX[0m: 0.01 Mpps, 7 Mbit/s (9 Mbit/s with framing)
[0;34m[Device: id=0] TX[0m: 0.01 Mpps, 7 Mbit/s (9 Mbit/s with framing)
Samples: 25688, Average: 42394.5 ns, StdDev: 15963.1 ns, Quartiles: 36944.0/37825.0/40097.0 ns
[1;37m[INFO]  Saving histogram to 'histogram.csv'[0m
[1;36m[Device: id=0] RX[0m: 0.01 Mpps, 6 Mbit/s (8 Mbit/s with framing)
[1;36m[Device: id=0] RX[0m: 0.01 (StdDev 0.01) Mpps, 3 (StdDev 3) Mbit/s (3 Mbit/s with framing), total 162267 packets with 10385088 bytes (incl. CRC)
[0;34m[Device: id=0] TX[0m: 0.01 (StdDev 0.00) Mpps, 6 (StdDev 1) Mbit/s (8 Mbit/s with framing), total 342356 packets with 21910784 bytes (incl. CRC)
