[1;33m[WARN]  malloc() allocates objects >= 1 MiB from LuaJIT memory space.[0m
[1;33m[WARN]  Install libjemalloc if you encounter out of memory errors.[0m
[1;37m[INFO]  Initializing DPDK. This will take a few seconds...[0m
[1;37m[INFO]  Found 1 usable devices:[0m
   Device 0: B4:96:91:B3:8B:04 ([0;32mIntel Corporation Ethernet Controller E810-C for QSFP[0m)
[1;37m[INFO]  Waiting for devices to come up...[0m
[1;37m[INFO]  Device 0 (B4:96:91:B3:8B:04) is up: full-duplex 100000 MBit/s[0m
[1;37m[INFO]  [0;32m1 device is up.[0m[0m
[1;36m[Device: id=0] RX[0m: 0.11 Mpps, 864 Mbit/s (881 Mbit/s with framing)
[0;34m[Device: id=0] TX[0m: 0.11 Mpps, 861 Mbit/s (877 Mbit/s with framing)
[1;36m[Device: id=0] RX[0m: 0.11 Mpps, 865 Mbit/s (882 Mbit/s with framing)
[0;34m[Device: id=0] TX[0m: 0.11 Mpps, 862 Mbit/s (879 Mbit/s with framing)
[1;36m[Device: id=0] RX[0m: 0.11 Mpps, 865 Mbit/s (882 Mbit/s with framing)
[0;34m[Device: id=0] TX[0m: 0.11 Mpps, 862 Mbit/s (879 Mbit/s with framing)
[1;36m[Device: id=0] RX[0m: 0.11 Mpps, 865 Mbit/s (882 Mbit/s with framing)
[0;34m[Device: id=0] TX[0m: 0.11 Mpps, 862 Mbit/s (879 Mbit/s with framing)
[1;36m[Device: id=0] RX[0m: 0.11 Mpps, 865 Mbit/s (882 Mbit/s with framing)
[0;34m[Device: id=0] TX[0m: 0.11 Mpps, 862 Mbit/s (879 Mbit/s with framing)
[1;36m[Device: id=0] RX[0m: 0.11 Mpps, 865 Mbit/s (882 Mbit/s with framing)
[0;34m[Device: id=0] TX[0m: 0.11 Mpps, 862 Mbit/s (879 Mbit/s with framing)
[1;36m[Device: id=0] RX[0m: 0.11 Mpps, 865 Mbit/s (882 Mbit/s with framing)
[0;34m[Device: id=0] TX[0m: 0.11 Mpps, 862 Mbit/s (879 Mbit/s with framing)
[1;36m[Device: id=0] RX[0m: 0.11 Mpps, 865 Mbit/s (882 Mbit/s with framing)
[0;34m[Device: id=0] TX[0m: 0.11 Mpps, 862 Mbit/s (879 Mbit/s with framing)
[1;36m[Device: id=0] RX[0m: 0.11 Mpps, 865 Mbit/s (882 Mbit/s with framing)
[0;34m[Device: id=0] TX[0m: 0.11 Mpps, 862 Mbit/s (879 Mbit/s with framing)
[1;36m[Device: id=0] RX[0m: 0.11 Mpps, 865 Mbit/s (882 Mbit/s with framing)
[0;34m[Device: id=0] TX[0m: 0.11 Mpps, 862 Mbit/s (879 Mbit/s with framing)
[1;36m[Device: id=0] RX[0m: 0.11 Mpps, 865 Mbit/s (882 Mbit/s with framing)
[0;34m[Device: id=0] TX[0m: 0.11 Mpps, 862 Mbit/s (879 Mbit/s with framing)
[1;36m[Device: id=0] RX[0m: 0.11 Mpps, 865 Mbit/s (882 Mbit/s with framing)
[0;34m[Device: id=0] TX[0m: 0.11 Mpps, 862 Mbit/s (879 Mbit/s with framing)
[1;36m[Device: id=0] RX[0m: 0.11 Mpps, 865 Mbit/s (882 Mbit/s with framing)
[0;34m[Device: id=0] TX[0m: 0.11 Mpps, 862 Mbit/s (879 Mbit/s with framing)
[1;36m[Device: id=0] RX[0m: 0.11 Mpps, 865 Mbit/s (882 Mbit/s with framing)
[0;34m[Device: id=0] TX[0m: 0.11 Mpps, 862 Mbit/s (879 Mbit/s with framing)
[1;36m[Device: id=0] RX[0m: 0.11 Mpps, 865 Mbit/s (882 Mbit/s with framing)
[0;34m[Device: id=0] TX[0m: 0.11 Mpps, 862 Mbit/s (879 Mbit/s with framing)
[1;36m[Device: id=0] RX[0m: 0.11 Mpps, 865 Mbit/s (882 Mbit/s with framing)
[0;34m[Device: id=0] TX[0m: 0.11 Mpps, 862 Mbit/s (879 Mbit/s with framing)
[1;36m[Device: id=0] RX[0m: 0.11 Mpps, 865 Mbit/s (882 Mbit/s with framing)
[0;34m[Device: id=0] TX[0m: 0.11 Mpps, 862 Mbit/s (879 Mbit/s with framing)
[1;36m[Device: id=0] RX[0m: 0.11 Mpps, 865 Mbit/s (882 Mbit/s with framing)
[0;34m[Device: id=0] TX[0m: 0.11 Mpps, 862 Mbit/s (879 Mbit/s with framing)
[1;36m[Device: id=0] RX[0m: 0.11 Mpps, 865 Mbit/s (882 Mbit/s with framing)
[0;34m[Device: id=0] TX[0m: 0.11 Mpps, 862 Mbit/s (879 Mbit/s with framing)
[1;36m[Device: id=0] RX[0m: 0.11 Mpps, 865 Mbit/s (882 Mbit/s with framing)
[0;34m[Device: id=0] TX[0m: 0.11 Mpps, 862 Mbit/s (879 Mbit/s with framing)
[1;36m[Device: id=0] RX[0m: 0.11 Mpps, 865 Mbit/s (882 Mbit/s with framing)
[0;34m[Device: id=0] TX[0m: 0.11 Mpps, 862 Mbit/s (879 Mbit/s with framing)
[1;36m[Device: id=0] RX[0m: 0.11 Mpps, 865 Mbit/s (882 Mbit/s with framing)
[0;34m[Device: id=0] TX[0m: 0.11 Mpps, 862 Mbit/s (879 Mbit/s with framing)
[1;36m[Device: id=0] RX[0m: 0.11 Mpps, 865 Mbit/s (882 Mbit/s with framing)
[0;34m[Device: id=0] TX[0m: 0.11 Mpps, 862 Mbit/s (879 Mbit/s with framing)
[1;36m[Device: id=0] RX[0m: 0.11 Mpps, 865 Mbit/s (882 Mbit/s with framing)
[0;34m[Device: id=0] TX[0m: 0.11 Mpps, 862 Mbit/s (879 Mbit/s with framing)
[1;36m[Device: id=0] RX[0m: 0.11 Mpps, 865 Mbit/s (882 Mbit/s with framing)
[0;34m[Device: id=0] TX[0m: 0.11 Mpps, 862 Mbit/s (879 Mbit/s with framing)
[1;36m[Device: id=0] RX[0m: 0.11 Mpps, 865 Mbit/s (882 Mbit/s with framing)
[0;34m[Device: id=0] TX[0m: 0.11 Mpps, 862 Mbit/s (879 Mbit/s with framing)
[1;36m[Device: id=0] RX[0m: 0.11 Mpps, 865 Mbit/s (882 Mbit/s with framing)
[0;34m[Device: id=0] TX[0m: 0.11 Mpps, 862 Mbit/s (879 Mbit/s with framing)
[1;36m[Device: id=0] RX[0m: 0.11 Mpps, 865 Mbit/s (882 Mbit/s with framing)
[0;34m[Device: id=0] TX[0m: 0.11 Mpps, 862 Mbit/s (879 Mbit/s with framing)
[1;36m[Device: id=0] RX[0m: 0.11 Mpps, 865 Mbit/s (882 Mbit/s with framing)
[0;34m[Device: id=0] TX[0m: 0.11 Mpps, 862 Mbit/s (879 Mbit/s with framing)
Samples: 63715, Average: 83034.3 ns, StdDev: 34769.6 ns, Quartiles: 53614.0/81429.0/109860.0 ns
[1;37m[INFO]  Saving histogram to 'histogram.csv'[0m
[1;36m[Device: id=0] RX[0m: 0.09 Mpps, 716 Mbit/s (731 Mbit/s with framing)
[1;36m[Device: id=0] RX[0m: 0.11 (StdDev 0.00) Mpps, 860 (StdDev 28) Mbit/s (877 Mbit/s with framing), total 3213278 packets with 3242081994 bytes (incl. CRC)
[0;34m[Device: id=0] TX[0m: 0.11 (StdDev 0.00) Mpps, 862 (StdDev 0) Mbit/s (879 Mbit/s with framing), total 3213270 packets with 3229222080 bytes (incl. CRC)
