[1;33m[WARN]  malloc() allocates objects >= 1 MiB from LuaJIT memory space.[0m
[1;33m[WARN]  Install libjemalloc if you encounter out of memory errors.[0m
[1;37m[INFO]  Initializing DPDK. This will take a few seconds...[0m
[1;37m[INFO]  Found 1 usable devices:[0m
   Device 0: B4:96:91:B3:8B:04 ([0;32mIntel Corporation Ethernet Controller E810-C for QSFP[0m)
[1;37m[INFO]  Waiting for devices to come up...[0m
[1;37m[INFO]  Device 0 (B4:96:91:B3:8B:04) is up: full-duplex 100000 MBit/s[0m
[1;37m[INFO]  [0;32m1 device is up.[0m[0m
[1;36m[Device: id=0] RX[0m: 0.14 Mpps, 70 Mbit/s (92 Mbit/s with framing)
[0;34m[Device: id=0] TX[0m: 0.14 Mpps, 70 Mbit/s (92 Mbit/s with framing)
[1;36m[Device: id=0] RX[0m: 0.14 Mpps, 71 Mbit/s (93 Mbit/s with framing)
[0;34m[Device: id=0] TX[0m: 0.14 Mpps, 71 Mbit/s (93 Mbit/s with framing)
[1;36m[Device: id=0] RX[0m: 0.14 Mpps, 71 Mbit/s (93 Mbit/s with framing)
[0;34m[Device: id=0] TX[0m: 0.14 Mpps, 71 Mbit/s (93 Mbit/s with framing)
[1;36m[Device: id=0] RX[0m: 0.14 Mpps, 71 Mbit/s (93 Mbit/s with framing)
[0;34m[Device: id=0] TX[0m: 0.14 Mpps, 71 Mbit/s (93 Mbit/s with framing)
[1;36m[Device: id=0] RX[0m: 0.14 Mpps, 71 Mbit/s (93 Mbit/s with framing)
[0;34m[Device: id=0] TX[0m: 0.14 Mpps, 71 Mbit/s (93 Mbit/s with framing)
[1;36m[Device: id=0] RX[0m: 0.14 Mpps, 71 Mbit/s (93 Mbit/s with framing)
[0;34m[Device: id=0] TX[0m: 0.14 Mpps, 71 Mbit/s (93 Mbit/s with framing)
[1;36m[Device: id=0] RX[0m: 0.14 Mpps, 71 Mbit/s (93 Mbit/s with framing)
[0;34m[Device: id=0] TX[0m: 0.14 Mpps, 71 Mbit/s (93 Mbit/s with framing)
[1;36m[Device: id=0] RX[0m: 0.14 Mpps, 71 Mbit/s (93 Mbit/s with framing)
[0;34m[Device: id=0] TX[0m: 0.14 Mpps, 71 Mbit/s (93 Mbit/s with framing)
[1;36m[Device: id=0] RX[0m: 0.14 Mpps, 71 Mbit/s (93 Mbit/s with framing)
[0;34m[Device: id=0] TX[0m: 0.14 Mpps, 71 Mbit/s (93 Mbit/s with framing)
[1;36m[Device: id=0] RX[0m: 0.14 Mpps, 71 Mbit/s (93 Mbit/s with framing)
[0;34m[Device: id=0] TX[0m: 0.14 Mpps, 71 Mbit/s (93 Mbit/s with framing)
[1;36m[Device: id=0] RX[0m: 0.14 Mpps, 71 Mbit/s (93 Mbit/s with framing)
[0;34m[Device: id=0] TX[0m: 0.14 Mpps, 71 Mbit/s (93 Mbit/s with framing)
[1;36m[Device: id=0] RX[0m: 0.14 Mpps, 71 Mbit/s (93 Mbit/s with framing)
[0;34m[Device: id=0] TX[0m: 0.14 Mpps, 71 Mbit/s (93 Mbit/s with framing)
[1;36m[Device: id=0] RX[0m: 0.14 Mpps, 71 Mbit/s (93 Mbit/s with framing)
[0;34m[Device: id=0] TX[0m: 0.14 Mpps, 71 Mbit/s (93 Mbit/s with framing)
[1;36m[Device: id=0] RX[0m: 0.14 Mpps, 71 Mbit/s (93 Mbit/s with framing)
[0;34m[Device: id=0] TX[0m: 0.14 Mpps, 71 Mbit/s (93 Mbit/s with framing)
[1;36m[Device: id=0] RX[0m: 0.14 Mpps, 71 Mbit/s (93 Mbit/s with framing)
[0;34m[Device: id=0] TX[0m: 0.14 Mpps, 71 Mbit/s (93 Mbit/s with framing)
[1;36m[Device: id=0] RX[0m: 0.14 Mpps, 71 Mbit/s (93 Mbit/s with framing)
[0;34m[Device: id=0] TX[0m: 0.14 Mpps, 71 Mbit/s (93 Mbit/s with framing)
[1;36m[Device: id=0] RX[0m: 0.14 Mpps, 71 Mbit/s (93 Mbit/s with framing)
[0;34m[Device: id=0] TX[0m: 0.14 Mpps, 71 Mbit/s (93 Mbit/s with framing)
[1;36m[Device: id=0] RX[0m: 0.14 Mpps, 71 Mbit/s (93 Mbit/s with framing)
[0;34m[Device: id=0] TX[0m: 0.14 Mpps, 71 Mbit/s (93 Mbit/s with framing)
[1;36m[Device: id=0] RX[0m: 0.14 Mpps, 71 Mbit/s (93 Mbit/s with framing)
[0;34m[Device: id=0] TX[0m: 0.14 Mpps, 71 Mbit/s (93 Mbit/s with framing)
[1;36m[Device: id=0] RX[0m: 0.14 Mpps, 71 Mbit/s (93 Mbit/s with framing)
[0;34m[Device: id=0] TX[0m: 0.14 Mpps, 71 Mbit/s (93 Mbit/s with framing)
[1;36m[Device: id=0] RX[0m: 0.14 Mpps, 71 Mbit/s (93 Mbit/s with framing)
[0;34m[Device: id=0] TX[0m: 0.14 Mpps, 71 Mbit/s (93 Mbit/s with framing)
[1;36m[Device: id=0] RX[0m: 0.14 Mpps, 71 Mbit/s (93 Mbit/s with framing)
[0;34m[Device: id=0] TX[0m: 0.14 Mpps, 71 Mbit/s (93 Mbit/s with framing)
[1;36m[Device: id=0] RX[0m: 0.14 Mpps, 71 Mbit/s (93 Mbit/s with framing)
[0;34m[Device: id=0] TX[0m: 0.14 Mpps, 71 Mbit/s (93 Mbit/s with framing)
[1;36m[Device: id=0] RX[0m: 0.14 Mpps, 71 Mbit/s (93 Mbit/s with framing)
[0;34m[Device: id=0] TX[0m: 0.14 Mpps, 71 Mbit/s (93 Mbit/s with framing)
[1;36m[Device: id=0] RX[0m: 0.14 Mpps, 71 Mbit/s (93 Mbit/s with framing)
[0;34m[Device: id=0] TX[0m: 0.14 Mpps, 71 Mbit/s (93 Mbit/s with framing)
[1;36m[Device: id=0] RX[0m: 0.14 Mpps, 71 Mbit/s (93 Mbit/s with framing)
[0;34m[Device: id=0] TX[0m: 0.14 Mpps, 71 Mbit/s (93 Mbit/s with framing)
[1;36m[Device: id=0] RX[0m: 0.14 Mpps, 71 Mbit/s (93 Mbit/s with framing)
[0;34m[Device: id=0] TX[0m: 0.14 Mpps, 71 Mbit/s (93 Mbit/s with framing)
[1;36m[Device: id=0] RX[0m: 0.14 Mpps, 71 Mbit/s (93 Mbit/s with framing)
[0;34m[Device: id=0] TX[0m: 0.14 Mpps, 71 Mbit/s (93 Mbit/s with framing)
[1;36m[Device: id=0] RX[0m: 0.14 Mpps, 71 Mbit/s (93 Mbit/s with framing)
[0;34m[Device: id=0] TX[0m: 0.14 Mpps, 71 Mbit/s (93 Mbit/s with framing)
[1;36m[Device: id=0] RX[0m: 0.11 Mpps, 58 Mbit/s (76 Mbit/s with framing)
Samples: 63643, Average: 115076.7 ns, StdDev: 33167.7 ns, Quartiles: 87170.0/114744.0/142937.0 ns
[1;37m[INFO]  Saving histogram to 'histogram.csv'[0m
[1;36m[Device: id=0] RX[0m: 0.14 (StdDev 0.00) Mpps, 71 (StdDev 2) Mbit/s (93 Mbit/s with framing), total 4162676 packets with 266411832 bytes (incl. CRC)
[0;34m[Device: id=0] TX[0m: 0.14 (StdDev 0.00) Mpps, 71 (StdDev 0) Mbit/s (93 Mbit/s with framing), total 4162671 packets with 266410944 bytes (incl. CRC)
