[1;33m[WARN]  malloc() allocates objects >= 1 MiB from LuaJIT memory space.[0m
[1;33m[WARN]  Install libjemalloc if you encounter out of memory errors.[0m
[1;37m[INFO]  Initializing DPDK. This will take a few seconds...[0m
[1;37m[INFO]  Found 1 usable devices:[0m
   Device 0: B4:96:91:B3:8B:04 ([0;32mIntel Corporation Ethernet Controller E810-C for QSFP[0m)
[1;37m[INFO]  Waiting for devices to come up...[0m
[1;37m[INFO]  Device 0 (B4:96:91:B3:8B:04) is up: full-duplex 100000 MBit/s[0m
[1;37m[INFO]  [0;32m1 device is up.[0m[0m
[1;36m[Device: id=0] RX[0m: 0.15 Mpps, 1201 Mbit/s (1225 Mbit/s with framing)
[0;34m[Device: id=0] TX[0m: 0.15 Mpps, 1201 Mbit/s (1225 Mbit/s with framing)
[1;36m[Device: id=0] RX[0m: 0.15 Mpps, 1202 Mbit/s (1226 Mbit/s with framing)
[0;34m[Device: id=0] TX[0m: 0.15 Mpps, 1202 Mbit/s (1226 Mbit/s with framing)
[1;36m[Device: id=0] RX[0m: 0.15 Mpps, 1202 Mbit/s (1226 Mbit/s with framing)
[0;34m[Device: id=0] TX[0m: 0.15 Mpps, 1202 Mbit/s (1226 Mbit/s with framing)
[1;36m[Device: id=0] RX[0m: 0.15 Mpps, 1202 Mbit/s (1226 Mbit/s with framing)
[0;34m[Device: id=0] TX[0m: 0.15 Mpps, 1202 Mbit/s (1226 Mbit/s with framing)
[1;36m[Device: id=0] RX[0m: 0.15 Mpps, 1202 Mbit/s (1226 Mbit/s with framing)
[0;34m[Device: id=0] TX[0m: 0.15 Mpps, 1202 Mbit/s (1226 Mbit/s with framing)
[1;36m[Device: id=0] RX[0m: 0.15 Mpps, 1202 Mbit/s (1226 Mbit/s with framing)
[0;34m[Device: id=0] TX[0m: 0.15 Mpps, 1202 Mbit/s (1226 Mbit/s with framing)
[1;36m[Device: id=0] RX[0m: 0.15 Mpps, 1202 Mbit/s (1226 Mbit/s with framing)
[0;34m[Device: id=0] TX[0m: 0.15 Mpps, 1202 Mbit/s (1226 Mbit/s with framing)
[1;36m[Device: id=0] RX[0m: 0.15 Mpps, 1202 Mbit/s (1226 Mbit/s with framing)
[0;34m[Device: id=0] TX[0m: 0.15 Mpps, 1202 Mbit/s (1226 Mbit/s with framing)
[1;36m[Device: id=0] RX[0m: 0.15 Mpps, 1202 Mbit/s (1226 Mbit/s with framing)
[0;34m[Device: id=0] TX[0m: 0.15 Mpps, 1202 Mbit/s (1226 Mbit/s with framing)
[1;36m[Device: id=0] RX[0m: 0.15 Mpps, 1202 Mbit/s (1226 Mbit/s with framing)
[0;34m[Device: id=0] TX[0m: 0.15 Mpps, 1202 Mbit/s (1226 Mbit/s with framing)
[1;36m[Device: id=0] RX[0m: 0.15 Mpps, 1202 Mbit/s (1226 Mbit/s with framing)
[0;34m[Device: id=0] TX[0m: 0.15 Mpps, 1202 Mbit/s (1226 Mbit/s with framing)
[1;36m[Device: id=0] RX[0m: 0.15 Mpps, 1202 Mbit/s (1226 Mbit/s with framing)
[0;34m[Device: id=0] TX[0m: 0.15 Mpps, 1202 Mbit/s (1226 Mbit/s with framing)
[1;36m[Device: id=0] RX[0m: 0.15 Mpps, 1202 Mbit/s (1226 Mbit/s with framing)
[0;34m[Device: id=0] TX[0m: 0.15 Mpps, 1202 Mbit/s (1226 Mbit/s with framing)
[1;36m[Device: id=0] RX[0m: 0.15 Mpps, 1202 Mbit/s (1226 Mbit/s with framing)
[0;34m[Device: id=0] TX[0m: 0.15 Mpps, 1202 Mbit/s (1226 Mbit/s with framing)
[1;36m[Device: id=0] RX[0m: 0.15 Mpps, 1202 Mbit/s (1226 Mbit/s with framing)
[0;34m[Device: id=0] TX[0m: 0.15 Mpps, 1202 Mbit/s (1226 Mbit/s with framing)
[1;36m[Device: id=0] RX[0m: 0.15 Mpps, 1202 Mbit/s (1226 Mbit/s with framing)
[0;34m[Device: id=0] TX[0m: 0.15 Mpps, 1202 Mbit/s (1226 Mbit/s with framing)
[1;36m[Device: id=0] RX[0m: 0.15 Mpps, 1202 Mbit/s (1226 Mbit/s with framing)
[0;34m[Device: id=0] TX[0m: 0.15 Mpps, 1202 Mbit/s (1226 Mbit/s with framing)
[1;36m[Device: id=0] RX[0m: 0.15 Mpps, 1202 Mbit/s (1226 Mbit/s with framing)
[0;34m[Device: id=0] TX[0m: 0.15 Mpps, 1202 Mbit/s (1226 Mbit/s with framing)
[1;36m[Device: id=0] RX[0m: 0.15 Mpps, 1202 Mbit/s (1226 Mbit/s with framing)
[0;34m[Device: id=0] TX[0m: 0.15 Mpps, 1202 Mbit/s (1226 Mbit/s with framing)
[1;36m[Device: id=0] RX[0m: 0.15 Mpps, 1202 Mbit/s (1226 Mbit/s with framing)
[0;34m[Device: id=0] TX[0m: 0.15 Mpps, 1202 Mbit/s (1226 Mbit/s with framing)
[1;36m[Device: id=0] RX[0m: 0.15 Mpps, 1202 Mbit/s (1226 Mbit/s with framing)
[0;34m[Device: id=0] TX[0m: 0.15 Mpps, 1202 Mbit/s (1226 Mbit/s with framing)
[1;36m[Device: id=0] RX[0m: 0.15 Mpps, 1202 Mbit/s (1226 Mbit/s with framing)
[0;34m[Device: id=0] TX[0m: 0.15 Mpps, 1202 Mbit/s (1226 Mbit/s with framing)
[1;36m[Device: id=0] RX[0m: 0.15 Mpps, 1202 Mbit/s (1226 Mbit/s with framing)
[0;34m[Device: id=0] TX[0m: 0.15 Mpps, 1202 Mbit/s (1226 Mbit/s with framing)
[1;36m[Device: id=0] RX[0m: 0.15 Mpps, 1202 Mbit/s (1226 Mbit/s with framing)
[0;34m[Device: id=0] TX[0m: 0.15 Mpps, 1202 Mbit/s (1226 Mbit/s with framing)
[1;36m[Device: id=0] RX[0m: 0.15 Mpps, 1202 Mbit/s (1226 Mbit/s with framing)
[0;34m[Device: id=0] TX[0m: 0.15 Mpps, 1202 Mbit/s (1226 Mbit/s with framing)
[1;36m[Device: id=0] RX[0m: 0.15 Mpps, 1202 Mbit/s (1226 Mbit/s with framing)
[0;34m[Device: id=0] TX[0m: 0.15 Mpps, 1202 Mbit/s (1226 Mbit/s with framing)
[1;36m[Device: id=0] RX[0m: 0.15 Mpps, 1202 Mbit/s (1226 Mbit/s with framing)
[0;34m[Device: id=0] TX[0m: 0.15 Mpps, 1202 Mbit/s (1226 Mbit/s with framing)
[1;36m[Device: id=0] RX[0m: 0.15 Mpps, 1202 Mbit/s (1226 Mbit/s with framing)
[0;34m[Device: id=0] TX[0m: 0.15 Mpps, 1202 Mbit/s (1226 Mbit/s with framing)
[1;36m[Device: id=0] RX[0m: 0.15 Mpps, 1202 Mbit/s (1226 Mbit/s with framing)
[0;34m[Device: id=0] TX[0m: 0.15 Mpps, 1202 Mbit/s (1226 Mbit/s with framing)
Samples: 63758, Average: 107511.5 ns, StdDev: 29409.4 ns, Quartiles: 84285.0/105458.0/129380.0 ns
[1;37m[INFO]  Saving histogram to 'histogram.csv'[0m
[1;36m[Device: id=0] RX[0m: 0.12 Mpps, 975 Mbit/s (995 Mbit/s with framing)
[1;36m[Device: id=0] RX[0m: 0.15 (StdDev 0.01) Mpps, 1194 (StdDev 42) Mbit/s (1218 Mbit/s with framing), total 4457999 packets with 4503782605 bytes (incl. CRC)
[0;34m[Device: id=0] TX[0m: 0.15 (StdDev 0.00) Mpps, 1202 (StdDev 0) Mbit/s (1226 Mbit/s with framing), total 4457992 packets with 4503776128 bytes (incl. CRC)
