[1;33m[WARN]  malloc() allocates objects >= 1 MiB from LuaJIT memory space.[0m
[1;33m[WARN]  Install libjemalloc if you encounter out of memory errors.[0m
[1;37m[INFO]  Initializing DPDK. This will take a few seconds...[0m
[1;37m[INFO]  Found 1 usable devices:[0m
   Device 0: B4:96:91:B3:8B:04 ([0;32mIntel Corporation Ethernet Controller E810-C for QSFP[0m)
[1;37m[INFO]  Waiting for devices to come up...[0m
[1;37m[INFO]  Device 0 (B4:96:91:B3:8B:04) is up: full-duplex 100000 MBit/s[0m
[1;37m[INFO]  [0;32m1 device is up.[0m[0m
[1;36m[Device: id=0] RX[0m: 0.15 Mpps, 1206 Mbit/s (1229 Mbit/s with framing)
[0;34m[Device: id=0] TX[0m: 0.15 Mpps, 1201 Mbit/s (1225 Mbit/s with framing)
[1;36m[Device: id=0] RX[0m: 0.15 Mpps, 1207 Mbit/s (1231 Mbit/s with framing)
[0;34m[Device: id=0] TX[0m: 0.15 Mpps, 1202 Mbit/s (1226 Mbit/s with framing)
[1;36m[Device: id=0] RX[0m: 0.15 Mpps, 1207 Mbit/s (1231 Mbit/s with framing)
[0;34m[Device: id=0] TX[0m: 0.15 Mpps, 1202 Mbit/s (1226 Mbit/s with framing)
[1;36m[Device: id=0] RX[0m: 0.15 Mpps, 1207 Mbit/s (1231 Mbit/s with framing)
[0;34m[Device: id=0] TX[0m: 0.15 Mpps, 1202 Mbit/s (1226 Mbit/s with framing)
[1;36m[Device: id=0] RX[0m: 0.15 Mpps, 1207 Mbit/s (1231 Mbit/s with framing)
[0;34m[Device: id=0] TX[0m: 0.15 Mpps, 1202 Mbit/s (1226 Mbit/s with framing)
[1;36m[Device: id=0] RX[0m: 0.15 Mpps, 1207 Mbit/s (1231 Mbit/s with framing)
[0;34m[Device: id=0] TX[0m: 0.15 Mpps, 1202 Mbit/s (1226 Mbit/s with framing)
[1;36m[Device: id=0] RX[0m: 0.15 Mpps, 1207 Mbit/s (1231 Mbit/s with framing)
[0;34m[Device: id=0] TX[0m: 0.15 Mpps, 1202 Mbit/s (1226 Mbit/s with framing)
[1;36m[Device: id=0] RX[0m: 0.15 Mpps, 1207 Mbit/s (1231 Mbit/s with framing)
[0;34m[Device: id=0] TX[0m: 0.15 Mpps, 1202 Mbit/s (1226 Mbit/s with framing)
[1;36m[Device: id=0] RX[0m: 0.15 Mpps, 1207 Mbit/s (1231 Mbit/s with framing)
[0;34m[Device: id=0] TX[0m: 0.15 Mpps, 1202 Mbit/s (1226 Mbit/s with framing)
[1;36m[Device: id=0] RX[0m: 0.15 Mpps, 1207 Mbit/s (1231 Mbit/s with framing)
[0;34m[Device: id=0] TX[0m: 0.15 Mpps, 1202 Mbit/s (1226 Mbit/s with framing)
[1;36m[Device: id=0] RX[0m: 0.15 Mpps, 1207 Mbit/s (1231 Mbit/s with framing)
[0;34m[Device: id=0] TX[0m: 0.15 Mpps, 1202 Mbit/s (1226 Mbit/s with framing)
[1;36m[Device: id=0] RX[0m: 0.15 Mpps, 1207 Mbit/s (1231 Mbit/s with framing)
[0;34m[Device: id=0] TX[0m: 0.15 Mpps, 1202 Mbit/s (1226 Mbit/s with framing)
[1;36m[Device: id=0] RX[0m: 0.15 Mpps, 1207 Mbit/s (1231 Mbit/s with framing)
[0;34m[Device: id=0] TX[0m: 0.15 Mpps, 1202 Mbit/s (1226 Mbit/s with framing)
[1;36m[Device: id=0] RX[0m: 0.15 Mpps, 1207 Mbit/s (1231 Mbit/s with framing)
[0;34m[Device: id=0] TX[0m: 0.15 Mpps, 1202 Mbit/s (1226 Mbit/s with framing)
[1;36m[Device: id=0] RX[0m: 0.15 Mpps, 1207 Mbit/s (1231 Mbit/s with framing)
[0;34m[Device: id=0] TX[0m: 0.15 Mpps, 1202 Mbit/s (1226 Mbit/s with framing)
[1;36m[Device: id=0] RX[0m: 0.15 Mpps, 1207 Mbit/s (1231 Mbit/s with framing)
[0;34m[Device: id=0] TX[0m: 0.15 Mpps, 1202 Mbit/s (1226 Mbit/s with framing)
[1;36m[Device: id=0] RX[0m: 0.15 Mpps, 1207 Mbit/s (1231 Mbit/s with framing)
[0;34m[Device: id=0] TX[0m: 0.15 Mpps, 1202 Mbit/s (1226 Mbit/s with framing)
[1;36m[Device: id=0] RX[0m: 0.15 Mpps, 1207 Mbit/s (1231 Mbit/s with framing)
[0;34m[Device: id=0] TX[0m: 0.15 Mpps, 1202 Mbit/s (1226 Mbit/s with framing)
[1;36m[Device: id=0] RX[0m: 0.15 Mpps, 1207 Mbit/s (1231 Mbit/s with framing)
[0;34m[Device: id=0] TX[0m: 0.15 Mpps, 1202 Mbit/s (1226 Mbit/s with framing)
[1;36m[Device: id=0] RX[0m: 0.15 Mpps, 1207 Mbit/s (1231 Mbit/s with framing)
[0;34m[Device: id=0] TX[0m: 0.15 Mpps, 1202 Mbit/s (1226 Mbit/s with framing)
[1;36m[Device: id=0] RX[0m: 0.15 Mpps, 1207 Mbit/s (1231 Mbit/s with framing)
[0;34m[Device: id=0] TX[0m: 0.15 Mpps, 1202 Mbit/s (1226 Mbit/s with framing)
[1;36m[Device: id=0] RX[0m: 0.15 Mpps, 1207 Mbit/s (1231 Mbit/s with framing)
[0;34m[Device: id=0] TX[0m: 0.15 Mpps, 1202 Mbit/s (1226 Mbit/s with framing)
[1;36m[Device: id=0] RX[0m: 0.15 Mpps, 1207 Mbit/s (1231 Mbit/s with framing)
[0;34m[Device: id=0] TX[0m: 0.15 Mpps, 1202 Mbit/s (1226 Mbit/s with framing)
[1;36m[Device: id=0] RX[0m: 0.15 Mpps, 1207 Mbit/s (1231 Mbit/s with framing)
[0;34m[Device: id=0] TX[0m: 0.15 Mpps, 1202 Mbit/s (1226 Mbit/s with framing)
[1;36m[Device: id=0] RX[0m: 0.15 Mpps, 1207 Mbit/s (1231 Mbit/s with framing)
[0;34m[Device: id=0] TX[0m: 0.15 Mpps, 1202 Mbit/s (1226 Mbit/s with framing)
[1;36m[Device: id=0] RX[0m: 0.15 Mpps, 1207 Mbit/s (1231 Mbit/s with framing)
[0;34m[Device: id=0] TX[0m: 0.15 Mpps, 1202 Mbit/s (1226 Mbit/s with framing)
[1;36m[Device: id=0] RX[0m: 0.15 Mpps, 1207 Mbit/s (1231 Mbit/s with framing)
[0;34m[Device: id=0] TX[0m: 0.15 Mpps, 1202 Mbit/s (1226 Mbit/s with framing)
[1;36m[Device: id=0] RX[0m: 0.15 Mpps, 1207 Mbit/s (1231 Mbit/s with framing)
[0;34m[Device: id=0] TX[0m: 0.15 Mpps, 1202 Mbit/s (1226 Mbit/s with framing)
[1;36m[Device: id=0] RX[0m: 0.15 Mpps, 1207 Mbit/s (1231 Mbit/s with framing)
[0;34m[Device: id=0] TX[0m: 0.15 Mpps, 1202 Mbit/s (1226 Mbit/s with framing)
Samples: 64045, Average: 82954.8 ns, StdDev: 33943.4 ns, Quartiles: 54110.0/81324.0/108798.0 ns
[1;37m[INFO]  Saving histogram to 'histogram.csv'[0m
[1;36m[Device: id=0] RX[0m: 0.12 Mpps, 986 Mbit/s (1005 Mbit/s with framing)
[1;36m[Device: id=0] RX[0m: 0.15 (StdDev 0.01) Mpps, 1199 (StdDev 41) Mbit/s (1223 Mbit/s with framing), total 4457920 packets with 4521257865 bytes (incl. CRC)
[0;34m[Device: id=0] TX[0m: 0.15 (StdDev 0.00) Mpps, 1202 (StdDev 0) Mbit/s (1226 Mbit/s with framing), total 4457913 packets with 4503419712 bytes (incl. CRC)
