[1;33m[WARN]  malloc() allocates objects >= 1 MiB from LuaJIT memory space.[0m
[1;33m[WARN]  Install libjemalloc if you encounter out of memory errors.[0m
[1;37m[INFO]  Initializing DPDK. This will take a few seconds...[0m
[1;37m[INFO]  Found 1 usable devices:[0m
   Device 0: B4:96:91:B3:8B:04 ([0;32mIntel Corporation Ethernet Controller E810-C for QSFP[0m)
[1;37m[INFO]  Waiting for devices to come up...[0m
[1;37m[INFO]  Device 0 (B4:96:91:B3:8B:04) is up: full-duplex 100000 MBit/s[0m
[1;37m[INFO]  [0;32m1 device is up.[0m[0m
[1;36m[Device: id=0] RX[0m: 0.15 Mpps, 75 Mbit/s (99 Mbit/s with framing)
[0;34m[Device: id=0] TX[0m: 0.15 Mpps, 75 Mbit/s (99 Mbit/s with framing)
[1;36m[Device: id=0] RX[0m: 0.15 Mpps, 76 Mbit/s (100 Mbit/s with framing)
[0;34m[Device: id=0] TX[0m: 0.15 Mpps, 76 Mbit/s (100 Mbit/s with framing)
[1;36m[Device: id=0] RX[0m: 0.15 Mpps, 76 Mbit/s (100 Mbit/s with framing)
[0;34m[Device: id=0] TX[0m: 0.15 Mpps, 76 Mbit/s (100 Mbit/s with framing)
[1;36m[Device: id=0] RX[0m: 0.15 Mpps, 76 Mbit/s (100 Mbit/s with framing)
[0;34m[Device: id=0] TX[0m: 0.15 Mpps, 76 Mbit/s (100 Mbit/s with framing)
[1;36m[Device: id=0] RX[0m: 0.15 Mpps, 76 Mbit/s (100 Mbit/s with framing)
[0;34m[Device: id=0] TX[0m: 0.15 Mpps, 76 Mbit/s (100 Mbit/s with framing)
[1;36m[Device: id=0] RX[0m: 0.15 Mpps, 76 Mbit/s (100 Mbit/s with framing)
[0;34m[Device: id=0] TX[0m: 0.15 Mpps, 76 Mbit/s (100 Mbit/s with framing)
[1;36m[Device: id=0] RX[0m: 0.15 Mpps, 76 Mbit/s (100 Mbit/s with framing)
[0;34m[Device: id=0] TX[0m: 0.15 Mpps, 76 Mbit/s (100 Mbit/s with framing)
[1;36m[Device: id=0] RX[0m: 0.15 Mpps, 76 Mbit/s (100 Mbit/s with framing)
[0;34m[Device: id=0] TX[0m: 0.15 Mpps, 76 Mbit/s (100 Mbit/s with framing)
[1;36m[Device: id=0] RX[0m: 0.15 Mpps, 76 Mbit/s (100 Mbit/s with framing)
[0;34m[Device: id=0] TX[0m: 0.15 Mpps, 76 Mbit/s (100 Mbit/s with framing)
[1;36m[Device: id=0] RX[0m: 0.15 Mpps, 76 Mbit/s (100 Mbit/s with framing)
[0;34m[Device: id=0] TX[0m: 0.15 Mpps, 76 Mbit/s (100 Mbit/s with framing)
[1;36m[Device: id=0] RX[0m: 0.15 Mpps, 76 Mbit/s (100 Mbit/s with framing)
[0;34m[Device: id=0] TX[0m: 0.15 Mpps, 76 Mbit/s (100 Mbit/s with framing)
[1;36m[Device: id=0] RX[0m: 0.15 Mpps, 76 Mbit/s (100 Mbit/s with framing)
[0;34m[Device: id=0] TX[0m: 0.15 Mpps, 76 Mbit/s (100 Mbit/s with framing)
[1;36m[Device: id=0] RX[0m: 0.15 Mpps, 76 Mbit/s (100 Mbit/s with framing)
[0;34m[Device: id=0] TX[0m: 0.15 Mpps, 76 Mbit/s (100 Mbit/s with framing)
[1;36m[Device: id=0] RX[0m: 0.15 Mpps, 76 Mbit/s (100 Mbit/s with framing)
[0;34m[Device: id=0] TX[0m: 0.15 Mpps, 76 Mbit/s (100 Mbit/s with framing)
[1;36m[Device: id=0] RX[0m: 0.15 Mpps, 76 Mbit/s (100 Mbit/s with framing)
[0;34m[Device: id=0] TX[0m: 0.15 Mpps, 76 Mbit/s (100 Mbit/s with framing)
[1;36m[Device: id=0] RX[0m: 0.15 Mpps, 76 Mbit/s (100 Mbit/s with framing)
[0;34m[Device: id=0] TX[0m: 0.15 Mpps, 76 Mbit/s (100 Mbit/s with framing)
[1;36m[Device: id=0] RX[0m: 0.15 Mpps, 76 Mbit/s (100 Mbit/s with framing)
[0;34m[Device: id=0] TX[0m: 0.15 Mpps, 76 Mbit/s (100 Mbit/s with framing)
[1;36m[Device: id=0] RX[0m: 0.15 Mpps, 76 Mbit/s (100 Mbit/s with framing)
[0;34m[Device: id=0] TX[0m: 0.15 Mpps, 76 Mbit/s (100 Mbit/s with framing)
[1;36m[Device: id=0] RX[0m: 0.15 Mpps, 76 Mbit/s (100 Mbit/s with framing)
[0;34m[Device: id=0] TX[0m: 0.15 Mpps, 76 Mbit/s (100 Mbit/s with framing)
[1;36m[Device: id=0] RX[0m: 0.15 Mpps, 76 Mbit/s (100 Mbit/s with framing)
[0;34m[Device: id=0] TX[0m: 0.15 Mpps, 76 Mbit/s (100 Mbit/s with framing)
[1;36m[Device: id=0] RX[0m: 0.15 Mpps, 76 Mbit/s (100 Mbit/s with framing)
[0;34m[Device: id=0] TX[0m: 0.15 Mpps, 76 Mbit/s (100 Mbit/s with framing)
[1;36m[Device: id=0] RX[0m: 0.15 Mpps, 76 Mbit/s (100 Mbit/s with framing)
[0;34m[Device: id=0] TX[0m: 0.15 Mpps, 76 Mbit/s (100 Mbit/s with framing)
[1;36m[Device: id=0] RX[0m: 0.15 Mpps, 76 Mbit/s (100 Mbit/s with framing)
[0;34m[Device: id=0] TX[0m: 0.15 Mpps, 76 Mbit/s (100 Mbit/s with framing)
[1;36m[Device: id=0] RX[0m: 0.15 Mpps, 76 Mbit/s (100 Mbit/s with framing)
[0;34m[Device: id=0] TX[0m: 0.15 Mpps, 76 Mbit/s (100 Mbit/s with framing)
[1;36m[Device: id=0] RX[0m: 0.15 Mpps, 76 Mbit/s (100 Mbit/s with framing)
[0;34m[Device: id=0] TX[0m: 0.15 Mpps, 76 Mbit/s (100 Mbit/s with framing)
[1;36m[Device: id=0] RX[0m: 0.15 Mpps, 76 Mbit/s (100 Mbit/s with framing)
[0;34m[Device: id=0] TX[0m: 0.15 Mpps, 76 Mbit/s (100 Mbit/s with framing)
[1;36m[Device: id=0] RX[0m: 0.15 Mpps, 76 Mbit/s (100 Mbit/s with framing)
[0;34m[Device: id=0] TX[0m: 0.15 Mpps, 76 Mbit/s (100 Mbit/s with framing)
[1;36m[Device: id=0] RX[0m: 0.15 Mpps, 76 Mbit/s (100 Mbit/s with framing)
[0;34m[Device: id=0] TX[0m: 0.15 Mpps, 76 Mbit/s (100 Mbit/s with framing)
[1;36m[Device: id=0] RX[0m: 0.15 Mpps, 76 Mbit/s (100 Mbit/s with framing)
[0;34m[Device: id=0] TX[0m: 0.15 Mpps, 76 Mbit/s (100 Mbit/s with framing)
Samples: 63854, Average: 116315.0 ns, StdDev: 35715.8 ns, Quartiles: 86938.0/116346.0/146228.0 ns
[1;37m[INFO]  Saving histogram to 'histogram.csv'[0m
[1;36m[Device: id=0] RX[0m: 0.12 Mpps, 62 Mbit/s (82 Mbit/s with framing)
[1;36m[Device: id=0] RX[0m: 0.15 (StdDev 0.00) Mpps, 76 (StdDev 3) Mbit/s (99 Mbit/s with framing), total 4458462 packets with 285341837 bytes (incl. CRC)
[0;34m[Device: id=0] TX[0m: 0.15 (StdDev 0.00) Mpps, 76 (StdDev 0) Mbit/s (100 Mbit/s with framing), total 4458461 packets with 285341504 bytes (incl. CRC)
