[1;33m[WARN]  malloc() allocates objects >= 1 MiB from LuaJIT memory space.[0m
[1;33m[WARN]  Install libjemalloc if you encounter out of memory errors.[0m
[1;37m[INFO]  Initializing DPDK. This will take a few seconds...[0m
[1;37m[INFO]  Found 1 usable devices:[0m
   Device 0: B4:96:91:B3:8B:04 ([0;32mIntel Corporation Ethernet Controller E810-C for QSFP[0m)
[1;37m[INFO]  Waiting for devices to come up...[0m
[1;37m[INFO]  Device 0 (B4:96:91:B3:8B:04) is up: full-duplex 100000 MBit/s[0m
[1;37m[INFO]  [0;32m1 device is up.[0m[0m
[1;36m[Device: id=0] RX[0m: 0.14 Mpps, 74 Mbit/s (96 Mbit/s with framing)
[0;34m[Device: id=0] TX[0m: 0.14 Mpps, 70 Mbit/s (92 Mbit/s with framing)
[1;36m[Device: id=0] RX[0m: 0.14 Mpps, 76 Mbit/s (98 Mbit/s with framing)
[0;34m[Device: id=0] TX[0m: 0.14 Mpps, 71 Mbit/s (93 Mbit/s with framing)
[1;36m[Device: id=0] RX[0m: 0.14 Mpps, 76 Mbit/s (98 Mbit/s with framing)
[0;34m[Device: id=0] TX[0m: 0.14 Mpps, 71 Mbit/s (93 Mbit/s with framing)
[1;36m[Device: id=0] RX[0m: 0.14 Mpps, 76 Mbit/s (98 Mbit/s with framing)
[0;34m[Device: id=0] TX[0m: 0.14 Mpps, 71 Mbit/s (93 Mbit/s with framing)
[1;36m[Device: id=0] RX[0m: 0.14 Mpps, 76 Mbit/s (98 Mbit/s with framing)
[0;34m[Device: id=0] TX[0m: 0.14 Mpps, 71 Mbit/s (93 Mbit/s with framing)
[1;36m[Device: id=0] RX[0m: 0.14 Mpps, 76 Mbit/s (98 Mbit/s with framing)
[0;34m[Device: id=0] TX[0m: 0.14 Mpps, 71 Mbit/s (93 Mbit/s with framing)
[1;36m[Device: id=0] RX[0m: 0.14 Mpps, 76 Mbit/s (98 Mbit/s with framing)
[0;34m[Device: id=0] TX[0m: 0.14 Mpps, 71 Mbit/s (93 Mbit/s with framing)
[1;36m[Device: id=0] RX[0m: 0.14 Mpps, 76 Mbit/s (98 Mbit/s with framing)
[0;34m[Device: id=0] TX[0m: 0.14 Mpps, 71 Mbit/s (93 Mbit/s with framing)
[1;36m[Device: id=0] RX[0m: 0.14 Mpps, 76 Mbit/s (98 Mbit/s with framing)
[0;34m[Device: id=0] TX[0m: 0.14 Mpps, 71 Mbit/s (93 Mbit/s with framing)
[1;36m[Device: id=0] RX[0m: 0.14 Mpps, 76 Mbit/s (98 Mbit/s with framing)
[0;34m[Device: id=0] TX[0m: 0.14 Mpps, 71 Mbit/s (93 Mbit/s with framing)
[1;36m[Device: id=0] RX[0m: 0.14 Mpps, 76 Mbit/s (98 Mbit/s with framing)
[0;34m[Device: id=0] TX[0m: 0.14 Mpps, 71 Mbit/s (93 Mbit/s with framing)
[1;36m[Device: id=0] RX[0m: 0.14 Mpps, 76 Mbit/s (98 Mbit/s with framing)
[0;34m[Device: id=0] TX[0m: 0.14 Mpps, 71 Mbit/s (93 Mbit/s with framing)
[1;36m[Device: id=0] RX[0m: 0.14 Mpps, 76 Mbit/s (98 Mbit/s with framing)
[0;34m[Device: id=0] TX[0m: 0.14 Mpps, 71 Mbit/s (93 Mbit/s with framing)
[1;36m[Device: id=0] RX[0m: 0.14 Mpps, 76 Mbit/s (98 Mbit/s with framing)
[0;34m[Device: id=0] TX[0m: 0.14 Mpps, 71 Mbit/s (93 Mbit/s with framing)
[1;36m[Device: id=0] RX[0m: 0.14 Mpps, 76 Mbit/s (98 Mbit/s with framing)
[0;34m[Device: id=0] TX[0m: 0.14 Mpps, 71 Mbit/s (93 Mbit/s with framing)
[1;36m[Device: id=0] RX[0m: 0.14 Mpps, 76 Mbit/s (98 Mbit/s with framing)
[0;34m[Device: id=0] TX[0m: 0.14 Mpps, 71 Mbit/s (93 Mbit/s with framing)
[1;36m[Device: id=0] RX[0m: 0.14 Mpps, 76 Mbit/s (98 Mbit/s with framing)
[0;34m[Device: id=0] TX[0m: 0.14 Mpps, 71 Mbit/s (93 Mbit/s with framing)
[1;36m[Device: id=0] RX[0m: 0.14 Mpps, 76 Mbit/s (98 Mbit/s with framing)
[0;34m[Device: id=0] TX[0m: 0.14 Mpps, 71 Mbit/s (93 Mbit/s with framing)
[1;36m[Device: id=0] RX[0m: 0.14 Mpps, 76 Mbit/s (98 Mbit/s with framing)
[0;34m[Device: id=0] TX[0m: 0.14 Mpps, 71 Mbit/s (93 Mbit/s with framing)
[1;36m[Device: id=0] RX[0m: 0.14 Mpps, 76 Mbit/s (98 Mbit/s with framing)
[0;34m[Device: id=0] TX[0m: 0.14 Mpps, 71 Mbit/s (93 Mbit/s with framing)
[1;36m[Device: id=0] RX[0m: 0.14 Mpps, 76 Mbit/s (98 Mbit/s with framing)
[0;34m[Device: id=0] TX[0m: 0.14 Mpps, 71 Mbit/s (93 Mbit/s with framing)
[1;36m[Device: id=0] RX[0m: 0.14 Mpps, 76 Mbit/s (98 Mbit/s with framing)
[0;34m[Device: id=0] TX[0m: 0.14 Mpps, 71 Mbit/s (93 Mbit/s with framing)
[1;36m[Device: id=0] RX[0m: 0.14 Mpps, 76 Mbit/s (98 Mbit/s with framing)
[0;34m[Device: id=0] TX[0m: 0.14 Mpps, 71 Mbit/s (93 Mbit/s with framing)
[1;36m[Device: id=0] RX[0m: 0.14 Mpps, 76 Mbit/s (98 Mbit/s with framing)
[0;34m[Device: id=0] TX[0m: 0.14 Mpps, 71 Mbit/s (93 Mbit/s with framing)
[1;36m[Device: id=0] RX[0m: 0.14 Mpps, 76 Mbit/s (98 Mbit/s with framing)
[0;34m[Device: id=0] TX[0m: 0.14 Mpps, 71 Mbit/s (93 Mbit/s with framing)
[1;36m[Device: id=0] RX[0m: 0.14 Mpps, 76 Mbit/s (98 Mbit/s with framing)
[0;34m[Device: id=0] TX[0m: 0.14 Mpps, 71 Mbit/s (93 Mbit/s with framing)
[1;36m[Device: id=0] RX[0m: 0.14 Mpps, 76 Mbit/s (98 Mbit/s with framing)
[0;34m[Device: id=0] TX[0m: 0.14 Mpps, 71 Mbit/s (93 Mbit/s with framing)
[1;36m[Device: id=0] RX[0m: 0.14 Mpps, 76 Mbit/s (98 Mbit/s with framing)
[0;34m[Device: id=0] TX[0m: 0.14 Mpps, 71 Mbit/s (93 Mbit/s with framing)
[1;36m[Device: id=0] RX[0m: 0.14 Mpps, 76 Mbit/s (98 Mbit/s with framing)
[0;34m[Device: id=0] TX[0m: 0.14 Mpps, 71 Mbit/s (93 Mbit/s with framing)
Samples: 63770, Average: 91376.1 ns, StdDev: 36241.5 ns, Quartiles: 60717.0/91466.0/122220.0 ns
[1;37m[INFO]  Saving histogram to 'histogram.csv'[0m
[1;36m[Device: id=0] RX[0m: 0.11 Mpps, 62 Mbit/s (80 Mbit/s with framing)
[1;36m[Device: id=0] RX[0m: 0.14 (StdDev 0.00) Mpps, 75 (StdDev 3) Mbit/s (97 Mbit/s with framing), total 4164573 packets with 283191229 bytes (incl. CRC)
[0;34m[Device: id=0] TX[0m: 0.14 (StdDev 0.00) Mpps, 71 (StdDev 0) Mbit/s (93 Mbit/s with framing), total 4164572 packets with 266532608 bytes (incl. CRC)
