[1;33m[WARN]  malloc() allocates objects >= 1 MiB from LuaJIT memory space.[0m
[1;33m[WARN]  Install libjemalloc if you encounter out of memory errors.[0m
[1;37m[INFO]  Initializing DPDK. This will take a few seconds...[0m
[1;37m[INFO]  Found 1 usable devices:[0m
   Device 0: B4:96:91:B3:8B:04 ([0;32mIntel Corporation Ethernet Controller E810-C for QSFP[0m)
[1;37m[INFO]  Waiting for devices to come up...[0m
[1;37m[INFO]  Device 0 (B4:96:91:B3:8B:04) is up: full-duplex 100000 MBit/s[0m
[1;37m[INFO]  [0;32m1 device is up.[0m[0m
[1;36m[Device: id=0] RX[0m: 0.13 Mpps, 1033 Mbit/s (1053 Mbit/s with framing)
[0;34m[Device: id=0] TX[0m: 0.13 Mpps, 1033 Mbit/s (1053 Mbit/s with framing)
[1;36m[Device: id=0] RX[0m: 0.13 Mpps, 1034 Mbit/s (1054 Mbit/s with framing)
[0;34m[Device: id=0] TX[0m: 0.13 Mpps, 1034 Mbit/s (1054 Mbit/s with framing)
[1;36m[Device: id=0] RX[0m: 0.13 Mpps, 1034 Mbit/s (1054 Mbit/s with framing)
[0;34m[Device: id=0] TX[0m: 0.13 Mpps, 1034 Mbit/s (1054 Mbit/s with framing)
[1;36m[Device: id=0] RX[0m: 0.13 Mpps, 1034 Mbit/s (1054 Mbit/s with framing)
[0;34m[Device: id=0] TX[0m: 0.13 Mpps, 1034 Mbit/s (1054 Mbit/s with framing)
[1;36m[Device: id=0] RX[0m: 0.13 Mpps, 1034 Mbit/s (1054 Mbit/s with framing)
[0;34m[Device: id=0] TX[0m: 0.13 Mpps, 1034 Mbit/s (1054 Mbit/s with framing)
[1;36m[Device: id=0] RX[0m: 0.13 Mpps, 1034 Mbit/s (1054 Mbit/s with framing)
[0;34m[Device: id=0] TX[0m: 0.13 Mpps, 1034 Mbit/s (1054 Mbit/s with framing)
[1;36m[Device: id=0] RX[0m: 0.13 Mpps, 1034 Mbit/s (1054 Mbit/s with framing)
[0;34m[Device: id=0] TX[0m: 0.13 Mpps, 1034 Mbit/s (1054 Mbit/s with framing)
[1;36m[Device: id=0] RX[0m: 0.13 Mpps, 1034 Mbit/s (1054 Mbit/s with framing)
[0;34m[Device: id=0] TX[0m: 0.13 Mpps, 1034 Mbit/s (1054 Mbit/s with framing)
[1;36m[Device: id=0] RX[0m: 0.13 Mpps, 1034 Mbit/s (1054 Mbit/s with framing)
[0;34m[Device: id=0] TX[0m: 0.13 Mpps, 1034 Mbit/s (1054 Mbit/s with framing)
[1;36m[Device: id=0] RX[0m: 0.13 Mpps, 1034 Mbit/s (1054 Mbit/s with framing)
[0;34m[Device: id=0] TX[0m: 0.13 Mpps, 1034 Mbit/s (1054 Mbit/s with framing)
[1;36m[Device: id=0] RX[0m: 0.13 Mpps, 1034 Mbit/s (1054 Mbit/s with framing)
[0;34m[Device: id=0] TX[0m: 0.13 Mpps, 1034 Mbit/s (1054 Mbit/s with framing)
[1;36m[Device: id=0] RX[0m: 0.13 Mpps, 1034 Mbit/s (1054 Mbit/s with framing)
[0;34m[Device: id=0] TX[0m: 0.13 Mpps, 1034 Mbit/s (1054 Mbit/s with framing)
[1;36m[Device: id=0] RX[0m: 0.13 Mpps, 1034 Mbit/s (1054 Mbit/s with framing)
[0;34m[Device: id=0] TX[0m: 0.13 Mpps, 1034 Mbit/s (1054 Mbit/s with framing)
[1;36m[Device: id=0] RX[0m: 0.13 Mpps, 1034 Mbit/s (1054 Mbit/s with framing)
[0;34m[Device: id=0] TX[0m: 0.13 Mpps, 1034 Mbit/s (1054 Mbit/s with framing)
[1;36m[Device: id=0] RX[0m: 0.13 Mpps, 1034 Mbit/s (1054 Mbit/s with framing)
[0;34m[Device: id=0] TX[0m: 0.13 Mpps, 1034 Mbit/s (1054 Mbit/s with framing)
[1;36m[Device: id=0] RX[0m: 0.13 Mpps, 1034 Mbit/s (1054 Mbit/s with framing)
[0;34m[Device: id=0] TX[0m: 0.13 Mpps, 1034 Mbit/s (1054 Mbit/s with framing)
[1;36m[Device: id=0] RX[0m: 0.13 Mpps, 1034 Mbit/s (1054 Mbit/s with framing)
[0;34m[Device: id=0] TX[0m: 0.13 Mpps, 1034 Mbit/s (1054 Mbit/s with framing)
[1;36m[Device: id=0] RX[0m: 0.13 Mpps, 1034 Mbit/s (1054 Mbit/s with framing)
[0;34m[Device: id=0] TX[0m: 0.13 Mpps, 1034 Mbit/s (1054 Mbit/s with framing)
[1;36m[Device: id=0] RX[0m: 0.13 Mpps, 1034 Mbit/s (1054 Mbit/s with framing)
[0;34m[Device: id=0] TX[0m: 0.13 Mpps, 1034 Mbit/s (1054 Mbit/s with framing)
[1;36m[Device: id=0] RX[0m: 0.13 Mpps, 1034 Mbit/s (1054 Mbit/s with framing)
[0;34m[Device: id=0] TX[0m: 0.13 Mpps, 1034 Mbit/s (1054 Mbit/s with framing)
[1;36m[Device: id=0] RX[0m: 0.13 Mpps, 1034 Mbit/s (1054 Mbit/s with framing)
[0;34m[Device: id=0] TX[0m: 0.13 Mpps, 1034 Mbit/s (1054 Mbit/s with framing)
[1;36m[Device: id=0] RX[0m: 0.13 Mpps, 1034 Mbit/s (1054 Mbit/s with framing)
[0;34m[Device: id=0] TX[0m: 0.13 Mpps, 1034 Mbit/s (1054 Mbit/s with framing)
[1;36m[Device: id=0] RX[0m: 0.13 Mpps, 1034 Mbit/s (1054 Mbit/s with framing)
[0;34m[Device: id=0] TX[0m: 0.13 Mpps, 1034 Mbit/s (1054 Mbit/s with framing)
[1;36m[Device: id=0] RX[0m: 0.13 Mpps, 1034 Mbit/s (1054 Mbit/s with framing)
[0;34m[Device: id=0] TX[0m: 0.13 Mpps, 1034 Mbit/s (1054 Mbit/s with framing)
[1;36m[Device: id=0] RX[0m: 0.13 Mpps, 1034 Mbit/s (1054 Mbit/s with framing)
[0;34m[Device: id=0] TX[0m: 0.13 Mpps, 1034 Mbit/s (1054 Mbit/s with framing)
[1;36m[Device: id=0] RX[0m: 0.13 Mpps, 1034 Mbit/s (1054 Mbit/s with framing)
[0;34m[Device: id=0] TX[0m: 0.13 Mpps, 1034 Mbit/s (1054 Mbit/s with framing)
[1;36m[Device: id=0] RX[0m: 0.13 Mpps, 1034 Mbit/s (1054 Mbit/s with framing)
[0;34m[Device: id=0] TX[0m: 0.13 Mpps, 1034 Mbit/s (1054 Mbit/s with framing)
[1;36m[Device: id=0] RX[0m: 0.13 Mpps, 1034 Mbit/s (1054 Mbit/s with framing)
[0;34m[Device: id=0] TX[0m: 0.13 Mpps, 1034 Mbit/s (1054 Mbit/s with framing)
[1;36m[Device: id=0] RX[0m: 0.13 Mpps, 1034 Mbit/s (1054 Mbit/s with framing)
[0;34m[Device: id=0] TX[0m: 0.13 Mpps, 1034 Mbit/s (1054 Mbit/s with framing)
Samples: 63619, Average: 119218.7 ns, StdDev: 34507.9 ns, Quartiles: 91205.0/118570.0/148615.0 ns
[1;37m[INFO]  Saving histogram to 'histogram.csv'[0m
[1;36m[Device: id=0] RX[0m: 0.10 Mpps, 844 Mbit/s (861 Mbit/s with framing)
[1;36m[Device: id=0] RX[0m: 0.13 (StdDev 0.00) Mpps, 1027 (StdDev 35) Mbit/s (1048 Mbit/s with framing), total 3841018 packets with 3872127501 bytes (incl. CRC)
[0;34m[Device: id=0] TX[0m: 0.13 (StdDev 0.00) Mpps, 1034 (StdDev 0) Mbit/s (1054 Mbit/s with framing), total 3841003 packets with 3872114880 bytes (incl. CRC)
