[1;33m[WARN]  malloc() allocates objects >= 1 MiB from LuaJIT memory space.[0m
[1;33m[WARN]  Install libjemalloc if you encounter out of memory errors.[0m
[1;37m[INFO]  Initializing DPDK. This will take a few seconds...[0m
[1;37m[INFO]  Found 1 usable devices:[0m
   Device 0: B4:96:91:B3:8B:04 ([0;32mIntel Corporation Ethernet Controller E810-C for QSFP[0m)
[1;37m[INFO]  Waiting for devices to come up...[0m
[1;37m[INFO]  Device 0 (B4:96:91:B3:8B:04) is up: full-duplex 100000 MBit/s[0m
[1;37m[INFO]  [0;32m1 device is up.[0m[0m
[1;36m[Device: id=0] RX[0m: 0.04 Mpps, 346 Mbit/s (352 Mbit/s with framing)
[0;34m[Device: id=0] TX[0m: 0.04 Mpps, 344 Mbit/s (351 Mbit/s with framing)
[1;36m[Device: id=0] RX[0m: 0.04 Mpps, 347 Mbit/s (354 Mbit/s with framing)
[0;34m[Device: id=0] TX[0m: 0.04 Mpps, 345 Mbit/s (352 Mbit/s with framing)
[1;36m[Device: id=0] RX[0m: 0.04 Mpps, 347 Mbit/s (354 Mbit/s with framing)
[0;34m[Device: id=0] TX[0m: 0.04 Mpps, 345 Mbit/s (352 Mbit/s with framing)
[1;36m[Device: id=0] RX[0m: 0.04 Mpps, 347 Mbit/s (354 Mbit/s with framing)
[0;34m[Device: id=0] TX[0m: 0.04 Mpps, 345 Mbit/s (352 Mbit/s with framing)
[1;36m[Device: id=0] RX[0m: 0.04 Mpps, 347 Mbit/s (354 Mbit/s with framing)
[0;34m[Device: id=0] TX[0m: 0.04 Mpps, 345 Mbit/s (352 Mbit/s with framing)
[1;36m[Device: id=0] RX[0m: 0.04 Mpps, 347 Mbit/s (354 Mbit/s with framing)
[0;34m[Device: id=0] TX[0m: 0.04 Mpps, 345 Mbit/s (352 Mbit/s with framing)
[1;36m[Device: id=0] RX[0m: 0.04 Mpps, 347 Mbit/s (354 Mbit/s with framing)
[0;34m[Device: id=0] TX[0m: 0.04 Mpps, 345 Mbit/s (352 Mbit/s with framing)
[1;36m[Device: id=0] RX[0m: 0.04 Mpps, 347 Mbit/s (354 Mbit/s with framing)
[0;34m[Device: id=0] TX[0m: 0.04 Mpps, 345 Mbit/s (352 Mbit/s with framing)
[1;36m[Device: id=0] RX[0m: 0.04 Mpps, 347 Mbit/s (354 Mbit/s with framing)
[0;34m[Device: id=0] TX[0m: 0.04 Mpps, 345 Mbit/s (352 Mbit/s with framing)
[1;36m[Device: id=0] RX[0m: 0.04 Mpps, 347 Mbit/s (354 Mbit/s with framing)
[0;34m[Device: id=0] TX[0m: 0.04 Mpps, 345 Mbit/s (352 Mbit/s with framing)
[1;36m[Device: id=0] RX[0m: 0.04 Mpps, 347 Mbit/s (354 Mbit/s with framing)
[0;34m[Device: id=0] TX[0m: 0.04 Mpps, 345 Mbit/s (352 Mbit/s with framing)
[1;36m[Device: id=0] RX[0m: 0.04 Mpps, 347 Mbit/s (354 Mbit/s with framing)
[0;34m[Device: id=0] TX[0m: 0.04 Mpps, 345 Mbit/s (352 Mbit/s with framing)
[1;36m[Device: id=0] RX[0m: 0.04 Mpps, 347 Mbit/s (354 Mbit/s with framing)
[0;34m[Device: id=0] TX[0m: 0.04 Mpps, 345 Mbit/s (352 Mbit/s with framing)
[1;36m[Device: id=0] RX[0m: 0.04 Mpps, 347 Mbit/s (354 Mbit/s with framing)
[0;34m[Device: id=0] TX[0m: 0.04 Mpps, 345 Mbit/s (352 Mbit/s with framing)
[1;36m[Device: id=0] RX[0m: 0.04 Mpps, 347 Mbit/s (354 Mbit/s with framing)
[0;34m[Device: id=0] TX[0m: 0.04 Mpps, 345 Mbit/s (352 Mbit/s with framing)
[1;36m[Device: id=0] RX[0m: 0.04 Mpps, 347 Mbit/s (354 Mbit/s with framing)
[0;34m[Device: id=0] TX[0m: 0.04 Mpps, 345 Mbit/s (352 Mbit/s with framing)
[1;36m[Device: id=0] RX[0m: 0.04 Mpps, 347 Mbit/s (354 Mbit/s with framing)
[0;34m[Device: id=0] TX[0m: 0.04 Mpps, 345 Mbit/s (352 Mbit/s with framing)
[1;36m[Device: id=0] RX[0m: 0.04 Mpps, 347 Mbit/s (354 Mbit/s with framing)
[0;34m[Device: id=0] TX[0m: 0.04 Mpps, 345 Mbit/s (352 Mbit/s with framing)
[1;36m[Device: id=0] RX[0m: 0.04 Mpps, 347 Mbit/s (354 Mbit/s with framing)
[0;34m[Device: id=0] TX[0m: 0.04 Mpps, 345 Mbit/s (352 Mbit/s with framing)
[1;36m[Device: id=0] RX[0m: 0.04 Mpps, 347 Mbit/s (354 Mbit/s with framing)
[0;34m[Device: id=0] TX[0m: 0.04 Mpps, 345 Mbit/s (352 Mbit/s with framing)
[1;36m[Device: id=0] RX[0m: 0.04 Mpps, 347 Mbit/s (354 Mbit/s with framing)
[0;34m[Device: id=0] TX[0m: 0.04 Mpps, 345 Mbit/s (352 Mbit/s with framing)
[1;36m[Device: id=0] RX[0m: 0.04 Mpps, 347 Mbit/s (354 Mbit/s with framing)
[0;34m[Device: id=0] TX[0m: 0.04 Mpps, 345 Mbit/s (352 Mbit/s with framing)
[1;36m[Device: id=0] RX[0m: 0.04 Mpps, 347 Mbit/s (354 Mbit/s with framing)
[0;34m[Device: id=0] TX[0m: 0.04 Mpps, 345 Mbit/s (352 Mbit/s with framing)
[1;36m[Device: id=0] RX[0m: 0.04 Mpps, 347 Mbit/s (354 Mbit/s with framing)
[0;34m[Device: id=0] TX[0m: 0.04 Mpps, 345 Mbit/s (352 Mbit/s with framing)
[1;36m[Device: id=0] RX[0m: 0.04 Mpps, 347 Mbit/s (354 Mbit/s with framing)
[0;34m[Device: id=0] TX[0m: 0.04 Mpps, 345 Mbit/s (352 Mbit/s with framing)
[1;36m[Device: id=0] RX[0m: 0.04 Mpps, 347 Mbit/s (354 Mbit/s with framing)
[0;34m[Device: id=0] TX[0m: 0.04 Mpps, 345 Mbit/s (352 Mbit/s with framing)
[1;36m[Device: id=0] RX[0m: 0.04 Mpps, 347 Mbit/s (354 Mbit/s with framing)
[0;34m[Device: id=0] TX[0m: 0.04 Mpps, 345 Mbit/s (352 Mbit/s with framing)
[1;36m[Device: id=0] RX[0m: 0.04 Mpps, 347 Mbit/s (354 Mbit/s with framing)
[0;34m[Device: id=0] TX[0m: 0.04 Mpps, 345 Mbit/s (352 Mbit/s with framing)
[1;36m[Device: id=0] RX[0m: 0.04 Mpps, 347 Mbit/s (354 Mbit/s with framing)
[0;34m[Device: id=0] TX[0m: 0.04 Mpps, 345 Mbit/s (352 Mbit/s with framing)
Samples: 63495, Average: 89160.3 ns, StdDev: 35580.3 ns, Quartiles: 58376.0/89196.0/119975.0 ns
[1;37m[INFO]  Saving histogram to 'histogram.csv'[0m
[1;36m[Device: id=0] RX[0m: 0.04 Mpps, 296 Mbit/s (302 Mbit/s with framing)
[1;36m[Device: id=0] RX[0m: 0.04 (StdDev 0.00) Mpps, 345 (StdDev 9) Mbit/s (352 Mbit/s with framing), total 1324191 packets with 1300312453 bytes (incl. CRC)
[0;34m[Device: id=0] TX[0m: 0.04 (StdDev 0.00) Mpps, 345 (StdDev 0) Mbit/s (352 Mbit/s with framing), total 1324190 packets with 1295015360 bytes (incl. CRC)
