[1;33m[WARN]  malloc() allocates objects >= 1 MiB from LuaJIT memory space.[0m
[1;33m[WARN]  Install libjemalloc if you encounter out of memory errors.[0m
[1;37m[INFO]  Initializing DPDK. This will take a few seconds...[0m
[1;37m[INFO]  Found 1 usable devices:[0m
   Device 0: B4:96:91:B3:8B:04 ([0;32mIntel Corporation Ethernet Controller E810-C for QSFP[0m)
[1;37m[INFO]  Waiting for devices to come up...[0m
[1;37m[INFO]  Device 0 (B4:96:91:B3:8B:04) is up: full-duplex 100000 MBit/s[0m
[1;37m[INFO]  [0;32m1 device is up.[0m[0m
[1;36m[Device: id=0] RX[0m: 0.07 Mpps, 603 Mbit/s (615 Mbit/s with framing)
[0;34m[Device: id=0] TX[0m: 0.07 Mpps, 601 Mbit/s (612 Mbit/s with framing)
[1;36m[Device: id=0] RX[0m: 0.08 Mpps, 604 Mbit/s (616 Mbit/s with framing)
[0;34m[Device: id=0] TX[0m: 0.08 Mpps, 602 Mbit/s (614 Mbit/s with framing)
[1;36m[Device: id=0] RX[0m: 0.08 Mpps, 604 Mbit/s (616 Mbit/s with framing)
[0;34m[Device: id=0] TX[0m: 0.08 Mpps, 602 Mbit/s (614 Mbit/s with framing)
[1;36m[Device: id=0] RX[0m: 0.08 Mpps, 604 Mbit/s (616 Mbit/s with framing)
[0;34m[Device: id=0] TX[0m: 0.08 Mpps, 602 Mbit/s (614 Mbit/s with framing)
[1;36m[Device: id=0] RX[0m: 0.08 Mpps, 604 Mbit/s (616 Mbit/s with framing)
[0;34m[Device: id=0] TX[0m: 0.08 Mpps, 602 Mbit/s (614 Mbit/s with framing)
[1;36m[Device: id=0] RX[0m: 0.08 Mpps, 604 Mbit/s (616 Mbit/s with framing)
[0;34m[Device: id=0] TX[0m: 0.08 Mpps, 602 Mbit/s (614 Mbit/s with framing)
[1;36m[Device: id=0] RX[0m: 0.08 Mpps, 604 Mbit/s (616 Mbit/s with framing)
[0;34m[Device: id=0] TX[0m: 0.08 Mpps, 602 Mbit/s (614 Mbit/s with framing)
[1;36m[Device: id=0] RX[0m: 0.08 Mpps, 604 Mbit/s (616 Mbit/s with framing)
[0;34m[Device: id=0] TX[0m: 0.08 Mpps, 602 Mbit/s (614 Mbit/s with framing)
[1;36m[Device: id=0] RX[0m: 0.08 Mpps, 604 Mbit/s (616 Mbit/s with framing)
[0;34m[Device: id=0] TX[0m: 0.08 Mpps, 602 Mbit/s (614 Mbit/s with framing)
[1;36m[Device: id=0] RX[0m: 0.08 Mpps, 604 Mbit/s (616 Mbit/s with framing)
[0;34m[Device: id=0] TX[0m: 0.08 Mpps, 602 Mbit/s (614 Mbit/s with framing)
[1;36m[Device: id=0] RX[0m: 0.08 Mpps, 604 Mbit/s (616 Mbit/s with framing)
[0;34m[Device: id=0] TX[0m: 0.08 Mpps, 602 Mbit/s (614 Mbit/s with framing)
[1;36m[Device: id=0] RX[0m: 0.08 Mpps, 604 Mbit/s (616 Mbit/s with framing)
[0;34m[Device: id=0] TX[0m: 0.08 Mpps, 602 Mbit/s (614 Mbit/s with framing)
[1;36m[Device: id=0] RX[0m: 0.08 Mpps, 604 Mbit/s (616 Mbit/s with framing)
[0;34m[Device: id=0] TX[0m: 0.08 Mpps, 602 Mbit/s (614 Mbit/s with framing)
[1;36m[Device: id=0] RX[0m: 0.08 Mpps, 604 Mbit/s (616 Mbit/s with framing)
[0;34m[Device: id=0] TX[0m: 0.08 Mpps, 602 Mbit/s (614 Mbit/s with framing)
[1;36m[Device: id=0] RX[0m: 0.08 Mpps, 604 Mbit/s (616 Mbit/s with framing)
[0;34m[Device: id=0] TX[0m: 0.08 Mpps, 602 Mbit/s (614 Mbit/s with framing)
[1;36m[Device: id=0] RX[0m: 0.08 Mpps, 604 Mbit/s (616 Mbit/s with framing)
[0;34m[Device: id=0] TX[0m: 0.08 Mpps, 602 Mbit/s (614 Mbit/s with framing)
[1;36m[Device: id=0] RX[0m: 0.08 Mpps, 604 Mbit/s (616 Mbit/s with framing)
[0;34m[Device: id=0] TX[0m: 0.08 Mpps, 602 Mbit/s (614 Mbit/s with framing)
[1;36m[Device: id=0] RX[0m: 0.08 Mpps, 604 Mbit/s (616 Mbit/s with framing)
[0;34m[Device: id=0] TX[0m: 0.08 Mpps, 602 Mbit/s (614 Mbit/s with framing)
[1;36m[Device: id=0] RX[0m: 0.08 Mpps, 604 Mbit/s (616 Mbit/s with framing)
[0;34m[Device: id=0] TX[0m: 0.08 Mpps, 602 Mbit/s (614 Mbit/s with framing)
[1;36m[Device: id=0] RX[0m: 0.08 Mpps, 604 Mbit/s (616 Mbit/s with framing)
[0;34m[Device: id=0] TX[0m: 0.08 Mpps, 602 Mbit/s (614 Mbit/s with framing)
[1;36m[Device: id=0] RX[0m: 0.08 Mpps, 604 Mbit/s (616 Mbit/s with framing)
[0;34m[Device: id=0] TX[0m: 0.08 Mpps, 602 Mbit/s (614 Mbit/s with framing)
[1;36m[Device: id=0] RX[0m: 0.08 Mpps, 604 Mbit/s (616 Mbit/s with framing)
[0;34m[Device: id=0] TX[0m: 0.08 Mpps, 602 Mbit/s (614 Mbit/s with framing)
[1;36m[Device: id=0] RX[0m: 0.08 Mpps, 604 Mbit/s (616 Mbit/s with framing)
[0;34m[Device: id=0] TX[0m: 0.08 Mpps, 602 Mbit/s (614 Mbit/s with framing)
[1;36m[Device: id=0] RX[0m: 0.08 Mpps, 604 Mbit/s (616 Mbit/s with framing)
[0;34m[Device: id=0] TX[0m: 0.08 Mpps, 602 Mbit/s (614 Mbit/s with framing)
[1;36m[Device: id=0] RX[0m: 0.08 Mpps, 604 Mbit/s (616 Mbit/s with framing)
[0;34m[Device: id=0] TX[0m: 0.08 Mpps, 602 Mbit/s (614 Mbit/s with framing)
[1;36m[Device: id=0] RX[0m: 0.08 Mpps, 604 Mbit/s (616 Mbit/s with framing)
[0;34m[Device: id=0] TX[0m: 0.08 Mpps, 602 Mbit/s (614 Mbit/s with framing)
[1;36m[Device: id=0] RX[0m: 0.08 Mpps, 604 Mbit/s (616 Mbit/s with framing)
[0;34m[Device: id=0] TX[0m: 0.08 Mpps, 602 Mbit/s (614 Mbit/s with framing)
[1;36m[Device: id=0] RX[0m: 0.08 Mpps, 604 Mbit/s (616 Mbit/s with framing)
[0;34m[Device: id=0] TX[0m: 0.08 Mpps, 602 Mbit/s (614 Mbit/s with framing)
[1;36m[Device: id=0] RX[0m: 0.08 Mpps, 604 Mbit/s (616 Mbit/s with framing)
[0;34m[Device: id=0] TX[0m: 0.08 Mpps, 602 Mbit/s (614 Mbit/s with framing)
Samples: 63636, Average: 94796.3 ns, StdDev: 34120.7 ns, Quartiles: 65425.0/94995.0/124215.0 ns
[1;37m[INFO]  Saving histogram to 'histogram.csv'[0m
[1;36m[Device: id=0] RX[0m: 0.06 Mpps, 498 Mbit/s (508 Mbit/s with framing)
[1;36m[Device: id=0] RX[0m: 0.08 (StdDev 0.00) Mpps, 600 (StdDev 20) Mbit/s (612 Mbit/s with framing), total 2261221 packets with 2263443933 bytes (incl. CRC)
[0;34m[Device: id=0] TX[0m: 0.08 (StdDev 0.00) Mpps, 602 (StdDev 0) Mbit/s (614 Mbit/s with framing), total 2261218 packets with 2254396672 bytes (incl. CRC)
