[1;33m[WARN]  malloc() allocates objects >= 1 MiB from LuaJIT memory space.[0m
[1;33m[WARN]  Install libjemalloc if you encounter out of memory errors.[0m
[1;37m[INFO]  Initializing DPDK. This will take a few seconds...[0m
[1;37m[INFO]  Found 1 usable devices:[0m
   Device 0: B4:96:91:B3:8B:04 ([0;32mIntel Corporation Ethernet Controller E810-C for QSFP[0m)
[1;37m[INFO]  Waiting for devices to come up...[0m
[1;37m[INFO]  Device 0 (B4:96:91:B3:8B:04) is up: full-duplex 100000 MBit/s[0m
[1;37m[INFO]  [0;32m1 device is up.[0m[0m
[1;36m[Device: id=0] RX[0m: 0.08 Mpps, 691 Mbit/s (705 Mbit/s with framing)
[0;34m[Device: id=0] TX[0m: 0.08 Mpps, 688 Mbit/s (702 Mbit/s with framing)
[1;36m[Device: id=0] RX[0m: 0.09 Mpps, 692 Mbit/s (706 Mbit/s with framing)
[0;34m[Device: id=0] TX[0m: 0.09 Mpps, 690 Mbit/s (703 Mbit/s with framing)
[1;36m[Device: id=0] RX[0m: 0.09 Mpps, 692 Mbit/s (706 Mbit/s with framing)
[0;34m[Device: id=0] TX[0m: 0.09 Mpps, 690 Mbit/s (703 Mbit/s with framing)
[1;36m[Device: id=0] RX[0m: 0.09 Mpps, 692 Mbit/s (706 Mbit/s with framing)
[0;34m[Device: id=0] TX[0m: 0.09 Mpps, 690 Mbit/s (703 Mbit/s with framing)
[1;36m[Device: id=0] RX[0m: 0.09 Mpps, 692 Mbit/s (706 Mbit/s with framing)
[0;34m[Device: id=0] TX[0m: 0.09 Mpps, 690 Mbit/s (703 Mbit/s with framing)
[1;36m[Device: id=0] RX[0m: 0.09 Mpps, 692 Mbit/s (706 Mbit/s with framing)
[0;34m[Device: id=0] TX[0m: 0.09 Mpps, 690 Mbit/s (703 Mbit/s with framing)
[1;36m[Device: id=0] RX[0m: 0.09 Mpps, 692 Mbit/s (706 Mbit/s with framing)
[0;34m[Device: id=0] TX[0m: 0.09 Mpps, 690 Mbit/s (703 Mbit/s with framing)
[1;36m[Device: id=0] RX[0m: 0.09 Mpps, 692 Mbit/s (706 Mbit/s with framing)
[0;34m[Device: id=0] TX[0m: 0.09 Mpps, 690 Mbit/s (703 Mbit/s with framing)
[1;36m[Device: id=0] RX[0m: 0.09 Mpps, 692 Mbit/s (706 Mbit/s with framing)
[0;34m[Device: id=0] TX[0m: 0.09 Mpps, 690 Mbit/s (703 Mbit/s with framing)
[1;36m[Device: id=0] RX[0m: 0.09 Mpps, 692 Mbit/s (706 Mbit/s with framing)
[0;34m[Device: id=0] TX[0m: 0.09 Mpps, 690 Mbit/s (703 Mbit/s with framing)
[1;36m[Device: id=0] RX[0m: 0.09 Mpps, 692 Mbit/s (706 Mbit/s with framing)
[0;34m[Device: id=0] TX[0m: 0.09 Mpps, 690 Mbit/s (703 Mbit/s with framing)
[1;36m[Device: id=0] RX[0m: 0.09 Mpps, 692 Mbit/s (706 Mbit/s with framing)
[0;34m[Device: id=0] TX[0m: 0.09 Mpps, 690 Mbit/s (703 Mbit/s with framing)
[1;36m[Device: id=0] RX[0m: 0.09 Mpps, 692 Mbit/s (706 Mbit/s with framing)
[0;34m[Device: id=0] TX[0m: 0.09 Mpps, 690 Mbit/s (703 Mbit/s with framing)
[1;36m[Device: id=0] RX[0m: 0.09 Mpps, 692 Mbit/s (706 Mbit/s with framing)
[0;34m[Device: id=0] TX[0m: 0.09 Mpps, 690 Mbit/s (703 Mbit/s with framing)
[1;36m[Device: id=0] RX[0m: 0.09 Mpps, 692 Mbit/s (706 Mbit/s with framing)
[0;34m[Device: id=0] TX[0m: 0.09 Mpps, 690 Mbit/s (703 Mbit/s with framing)
[1;36m[Device: id=0] RX[0m: 0.09 Mpps, 692 Mbit/s (706 Mbit/s with framing)
[0;34m[Device: id=0] TX[0m: 0.09 Mpps, 690 Mbit/s (703 Mbit/s with framing)
[1;36m[Device: id=0] RX[0m: 0.09 Mpps, 692 Mbit/s (706 Mbit/s with framing)
[0;34m[Device: id=0] TX[0m: 0.09 Mpps, 690 Mbit/s (703 Mbit/s with framing)
[1;36m[Device: id=0] RX[0m: 0.09 Mpps, 692 Mbit/s (706 Mbit/s with framing)
[0;34m[Device: id=0] TX[0m: 0.09 Mpps, 690 Mbit/s (703 Mbit/s with framing)
[1;36m[Device: id=0] RX[0m: 0.09 Mpps, 692 Mbit/s (706 Mbit/s with framing)
[0;34m[Device: id=0] TX[0m: 0.09 Mpps, 690 Mbit/s (703 Mbit/s with framing)
[1;36m[Device: id=0] RX[0m: 0.09 Mpps, 692 Mbit/s (706 Mbit/s with framing)
[0;34m[Device: id=0] TX[0m: 0.09 Mpps, 690 Mbit/s (703 Mbit/s with framing)
[1;36m[Device: id=0] RX[0m: 0.09 Mpps, 692 Mbit/s (706 Mbit/s with framing)
[0;34m[Device: id=0] TX[0m: 0.09 Mpps, 690 Mbit/s (703 Mbit/s with framing)
[1;36m[Device: id=0] RX[0m: 0.09 Mpps, 692 Mbit/s (706 Mbit/s with framing)
[0;34m[Device: id=0] TX[0m: 0.09 Mpps, 690 Mbit/s (703 Mbit/s with framing)
[1;36m[Device: id=0] RX[0m: 0.09 Mpps, 692 Mbit/s (706 Mbit/s with framing)
[0;34m[Device: id=0] TX[0m: 0.09 Mpps, 690 Mbit/s (703 Mbit/s with framing)
[1;36m[Device: id=0] RX[0m: 0.09 Mpps, 692 Mbit/s (706 Mbit/s with framing)
[0;34m[Device: id=0] TX[0m: 0.09 Mpps, 690 Mbit/s (703 Mbit/s with framing)
[1;36m[Device: id=0] RX[0m: 0.09 Mpps, 692 Mbit/s (706 Mbit/s with framing)
[0;34m[Device: id=0] TX[0m: 0.09 Mpps, 690 Mbit/s (703 Mbit/s with framing)
[1;36m[Device: id=0] RX[0m: 0.09 Mpps, 692 Mbit/s (706 Mbit/s with framing)
[0;34m[Device: id=0] TX[0m: 0.09 Mpps, 690 Mbit/s (703 Mbit/s with framing)
[1;36m[Device: id=0] RX[0m: 0.09 Mpps, 692 Mbit/s (706 Mbit/s with framing)
[0;34m[Device: id=0] TX[0m: 0.09 Mpps, 690 Mbit/s (703 Mbit/s with framing)
[1;36m[Device: id=0] RX[0m: 0.09 Mpps, 692 Mbit/s (706 Mbit/s with framing)
[0;34m[Device: id=0] TX[0m: 0.09 Mpps, 690 Mbit/s (703 Mbit/s with framing)
[1;36m[Device: id=0] RX[0m: 0.09 Mpps, 692 Mbit/s (706 Mbit/s with framing)
[0;34m[Device: id=0] TX[0m: 0.09 Mpps, 690 Mbit/s (703 Mbit/s with framing)
Samples: 63681, Average: 90564.2 ns, StdDev: 32970.1 ns, Quartiles: 62696.0/89302.0/116164.0 ns
[1;37m[INFO]  Saving histogram to 'histogram.csv'[0m
[1;36m[Device: id=0] RX[0m: 0.07 Mpps, 581 Mbit/s (592 Mbit/s with framing)
[1;36m[Device: id=0] RX[0m: 0.09 (StdDev 0.00) Mpps, 689 (StdDev 21) Mbit/s (702 Mbit/s with framing), total 2583933 packets with 2595150392 bytes (incl. CRC)
[0;34m[Device: id=0] TX[0m: 0.09 (StdDev 0.00) Mpps, 690 (StdDev 0) Mbit/s (703 Mbit/s with framing), total 2583930 packets with 2584810560 bytes (incl. CRC)
