[1;33m[WARN]  malloc() allocates objects >= 1 MiB from LuaJIT memory space.[0m
[1;33m[WARN]  Install libjemalloc if you encounter out of memory errors.[0m
[1;37m[INFO]  Initializing DPDK. This will take a few seconds...[0m
[1;37m[INFO]  Found 1 usable devices:[0m
   Device 0: B4:96:91:B3:8B:04 ([0;32mIntel Corporation Ethernet Controller E810-C for QSFP[0m)
[1;37m[INFO]  Waiting for devices to come up...[0m
[1;37m[INFO]  Device 0 (B4:96:91:B3:8B:04) is up: full-duplex 100000 MBit/s[0m
[1;37m[INFO]  [0;32m1 device is up.[0m[0m
[1;36m[Device: id=0] RX[0m: 0.06 Mpps, 34 Mbit/s (44 Mbit/s with framing)
[0;34m[Device: id=0] TX[0m: 0.06 Mpps, 32 Mbit/s (42 Mbit/s with framing)
[1;36m[Device: id=0] RX[0m: 0.07 Mpps, 35 Mbit/s (46 Mbit/s with framing)
[0;34m[Device: id=0] TX[0m: 0.07 Mpps, 33 Mbit/s (44 Mbit/s with framing)
[1;36m[Device: id=0] RX[0m: 0.07 Mpps, 35 Mbit/s (46 Mbit/s with framing)
[0;34m[Device: id=0] TX[0m: 0.07 Mpps, 33 Mbit/s (44 Mbit/s with framing)
[1;36m[Device: id=0] RX[0m: 0.07 Mpps, 35 Mbit/s (46 Mbit/s with framing)
[0;34m[Device: id=0] TX[0m: 0.07 Mpps, 33 Mbit/s (44 Mbit/s with framing)
[1;36m[Device: id=0] RX[0m: 0.07 Mpps, 35 Mbit/s (46 Mbit/s with framing)
[0;34m[Device: id=0] TX[0m: 0.07 Mpps, 33 Mbit/s (44 Mbit/s with framing)
[1;36m[Device: id=0] RX[0m: 0.07 Mpps, 35 Mbit/s (46 Mbit/s with framing)
[0;34m[Device: id=0] TX[0m: 0.07 Mpps, 33 Mbit/s (44 Mbit/s with framing)
[1;36m[Device: id=0] RX[0m: 0.07 Mpps, 35 Mbit/s (46 Mbit/s with framing)
[0;34m[Device: id=0] TX[0m: 0.07 Mpps, 33 Mbit/s (44 Mbit/s with framing)
[1;36m[Device: id=0] RX[0m: 0.07 Mpps, 36 Mbit/s (46 Mbit/s with framing)
[0;34m[Device: id=0] TX[0m: 0.07 Mpps, 33 Mbit/s (44 Mbit/s with framing)
[1;36m[Device: id=0] RX[0m: 0.07 Mpps, 36 Mbit/s (46 Mbit/s with framing)
[0;34m[Device: id=0] TX[0m: 0.07 Mpps, 33 Mbit/s (44 Mbit/s with framing)
[1;36m[Device: id=0] RX[0m: 0.07 Mpps, 36 Mbit/s (46 Mbit/s with framing)
[0;34m[Device: id=0] TX[0m: 0.07 Mpps, 33 Mbit/s (44 Mbit/s with framing)
[1;36m[Device: id=0] RX[0m: 0.07 Mpps, 35 Mbit/s (46 Mbit/s with framing)
[0;34m[Device: id=0] TX[0m: 0.07 Mpps, 33 Mbit/s (44 Mbit/s with framing)
[1;36m[Device: id=0] RX[0m: 0.07 Mpps, 36 Mbit/s (46 Mbit/s with framing)
[0;34m[Device: id=0] TX[0m: 0.07 Mpps, 33 Mbit/s (44 Mbit/s with framing)
[1;36m[Device: id=0] RX[0m: 0.07 Mpps, 35 Mbit/s (46 Mbit/s with framing)
[0;34m[Device: id=0] TX[0m: 0.07 Mpps, 33 Mbit/s (44 Mbit/s with framing)
[1;36m[Device: id=0] RX[0m: 0.07 Mpps, 36 Mbit/s (46 Mbit/s with framing)
[0;34m[Device: id=0] TX[0m: 0.07 Mpps, 33 Mbit/s (44 Mbit/s with framing)
[1;36m[Device: id=0] RX[0m: 0.07 Mpps, 35 Mbit/s (46 Mbit/s with framing)
[0;34m[Device: id=0] TX[0m: 0.07 Mpps, 33 Mbit/s (44 Mbit/s with framing)
[1;36m[Device: id=0] RX[0m: 0.07 Mpps, 36 Mbit/s (46 Mbit/s with framing)
[0;34m[Device: id=0] TX[0m: 0.07 Mpps, 33 Mbit/s (44 Mbit/s with framing)
[1;36m[Device: id=0] RX[0m: 0.07 Mpps, 35 Mbit/s (46 Mbit/s with framing)
[0;34m[Device: id=0] TX[0m: 0.07 Mpps, 33 Mbit/s (44 Mbit/s with framing)
[1;36m[Device: id=0] RX[0m: 0.07 Mpps, 36 Mbit/s (46 Mbit/s with framing)
[0;34m[Device: id=0] TX[0m: 0.07 Mpps, 33 Mbit/s (44 Mbit/s with framing)
[1;36m[Device: id=0] RX[0m: 0.07 Mpps, 35 Mbit/s (46 Mbit/s with framing)
[0;34m[Device: id=0] TX[0m: 0.07 Mpps, 33 Mbit/s (44 Mbit/s with framing)
[1;36m[Device: id=0] RX[0m: 0.07 Mpps, 36 Mbit/s (46 Mbit/s with framing)
[0;34m[Device: id=0] TX[0m: 0.07 Mpps, 33 Mbit/s (44 Mbit/s with framing)
[1;36m[Device: id=0] RX[0m: 0.07 Mpps, 35 Mbit/s (46 Mbit/s with framing)
[0;34m[Device: id=0] TX[0m: 0.07 Mpps, 33 Mbit/s (44 Mbit/s with framing)
[1;36m[Device: id=0] RX[0m: 0.07 Mpps, 36 Mbit/s (46 Mbit/s with framing)
[0;34m[Device: id=0] TX[0m: 0.07 Mpps, 33 Mbit/s (44 Mbit/s with framing)
[1;36m[Device: id=0] RX[0m: 0.07 Mpps, 35 Mbit/s (46 Mbit/s with framing)
[0;34m[Device: id=0] TX[0m: 0.07 Mpps, 33 Mbit/s (44 Mbit/s with framing)
[1;36m[Device: id=0] RX[0m: 0.07 Mpps, 36 Mbit/s (46 Mbit/s with framing)
[0;34m[Device: id=0] TX[0m: 0.07 Mpps, 33 Mbit/s (44 Mbit/s with framing)
[1;36m[Device: id=0] RX[0m: 0.07 Mpps, 35 Mbit/s (46 Mbit/s with framing)
[0;34m[Device: id=0] TX[0m: 0.07 Mpps, 33 Mbit/s (44 Mbit/s with framing)
[1;36m[Device: id=0] RX[0m: 0.07 Mpps, 36 Mbit/s (46 Mbit/s with framing)
[0;34m[Device: id=0] TX[0m: 0.07 Mpps, 33 Mbit/s (44 Mbit/s with framing)
[1;36m[Device: id=0] RX[0m: 0.07 Mpps, 35 Mbit/s (46 Mbit/s with framing)
[0;34m[Device: id=0] TX[0m: 0.07 Mpps, 33 Mbit/s (44 Mbit/s with framing)
[1;36m[Device: id=0] RX[0m: 0.07 Mpps, 36 Mbit/s (46 Mbit/s with framing)
[0;34m[Device: id=0] TX[0m: 0.07 Mpps, 33 Mbit/s (44 Mbit/s with framing)
[1;36m[Device: id=0] RX[0m: 0.07 Mpps, 35 Mbit/s (46 Mbit/s with framing)
[0;34m[Device: id=0] TX[0m: 0.07 Mpps, 33 Mbit/s (44 Mbit/s with framing)
Samples: 64084, Average: 66792.8 ns, StdDev: 39062.8 ns, Quartiles: 27056.0/63634.0/102157.0 ns
[1;37m[INFO]  Saving histogram to 'histogram.csv'[0m
[1;36m[Device: id=0] RX[0m: 0.06 Mpps, 30 Mbit/s (39 Mbit/s with framing)
[1;36m[Device: id=0] RX[0m: 0.06 (StdDev 0.00) Mpps, 35 (StdDev 1) Mbit/s (46 Mbit/s with framing), total 1954811 packets with 132927413 bytes (incl. CRC)
[0;34m[Device: id=0] TX[0m: 0.07 (StdDev 0.00) Mpps, 33 (StdDev 0) Mbit/s (44 Mbit/s with framing), total 1954810 packets with 125107840 bytes (incl. CRC)
