[1;33m[WARN]  malloc() allocates objects >= 1 MiB from LuaJIT memory space.[0m
[1;33m[WARN]  Install libjemalloc if you encounter out of memory errors.[0m
[1;37m[INFO]  Initializing DPDK. This will take a few seconds...[0m
[1;37m[INFO]  Found 1 usable devices:[0m
   Device 0: B4:96:91:B3:8B:04 ([0;32mIntel Corporation Ethernet Controller E810-C for QSFP[0m)
[1;37m[INFO]  Waiting for devices to come up...[0m
[1;37m[INFO]  Device 0 (B4:96:91:B3:8B:04) is up: full-duplex 100000 MBit/s[0m
[1;37m[INFO]  [0;32m1 device is up.[0m[0m
[1;36m[Device: id=0] RX[0m: 0.13 Mpps, 65 Mbit/s (85 Mbit/s with framing)
[0;34m[Device: id=0] TX[0m: 0.13 Mpps, 65 Mbit/s (85 Mbit/s with framing)
[1;36m[Device: id=0] RX[0m: 0.01 Mpps, 6 Mbit/s (8 Mbit/s with framing)
[0;34m[Device: id=0] TX[0m: 0.13 Mpps, 65 Mbit/s (85 Mbit/s with framing)
[1;36m[Device: id=0] RX[0m: 0.00 Mpps, 0 Mbit/s (0 Mbit/s with framing)
[0;34m[Device: id=0] TX[0m: 0.13 Mpps, 65 Mbit/s (85 Mbit/s with framing)
[1;36m[Device: id=0] RX[0m: 0.00 Mpps, 0 Mbit/s (0 Mbit/s with framing)
[0;34m[Device: id=0] TX[0m: 0.13 Mpps, 65 Mbit/s (85 Mbit/s with framing)
[1;36m[Device: id=0] RX[0m: 0.07 Mpps, 35 Mbit/s (46 Mbit/s with framing)
[0;34m[Device: id=0] TX[0m: 0.13 Mpps, 65 Mbit/s (86 Mbit/s with framing)
[1;36m[Device: id=0] RX[0m: 0.13 Mpps, 66 Mbit/s (86 Mbit/s with framing)
[0;34m[Device: id=0] TX[0m: 0.13 Mpps, 66 Mbit/s (86 Mbit/s with framing)
[1;36m[Device: id=0] RX[0m: 0.13 Mpps, 66 Mbit/s (86 Mbit/s with framing)
[0;34m[Device: id=0] TX[0m: 0.13 Mpps, 66 Mbit/s (86 Mbit/s with framing)
[1;36m[Device: id=0] RX[0m: 0.13 Mpps, 66 Mbit/s (86 Mbit/s with framing)
[0;34m[Device: id=0] TX[0m: 0.13 Mpps, 66 Mbit/s (86 Mbit/s with framing)
[1;36m[Device: id=0] RX[0m: 0.13 Mpps, 66 Mbit/s (86 Mbit/s with framing)
[0;34m[Device: id=0] TX[0m: 0.13 Mpps, 66 Mbit/s (86 Mbit/s with framing)
[1;36m[Device: id=0] RX[0m: 0.09 Mpps, 46 Mbit/s (60 Mbit/s with framing)
[0;34m[Device: id=0] TX[0m: 0.13 Mpps, 65 Mbit/s (86 Mbit/s with framing)
[1;36m[Device: id=0] RX[0m: 0.00 Mpps, 0 Mbit/s (0 Mbit/s with framing)
[0;34m[Device: id=0] TX[0m: 0.13 Mpps, 65 Mbit/s (85 Mbit/s with framing)
[1;36m[Device: id=0] RX[0m: 0.00 Mpps, 0 Mbit/s (0 Mbit/s with framing)
[0;34m[Device: id=0] TX[0m: 0.13 Mpps, 65 Mbit/s (85 Mbit/s with framing)
[1;36m[Device: id=0] RX[0m: 0.00 Mpps, 0 Mbit/s (0 Mbit/s with framing)
[0;34m[Device: id=0] TX[0m: 0.13 Mpps, 65 Mbit/s (85 Mbit/s with framing)
[1;36m[Device: id=0] RX[0m: 0.00 Mpps, 2 Mbit/s (3 Mbit/s with framing)
[0;34m[Device: id=0] TX[0m: 0.13 Mpps, 65 Mbit/s (85 Mbit/s with framing)
[1;36m[Device: id=0] RX[0m: 0.00 Mpps, 0 Mbit/s (0 Mbit/s with framing)
[0;34m[Device: id=0] TX[0m: 0.13 Mpps, 65 Mbit/s (85 Mbit/s with framing)
[1;36m[Device: id=0] RX[0m: 0.00 Mpps, 0 Mbit/s (0 Mbit/s with framing)
[0;34m[Device: id=0] TX[0m: 0.13 Mpps, 65 Mbit/s (85 Mbit/s with framing)
[1;36m[Device: id=0] RX[0m: 0.07 Mpps, 37 Mbit/s (49 Mbit/s with framing)
[0;34m[Device: id=0] TX[0m: 0.13 Mpps, 65 Mbit/s (86 Mbit/s with framing)
[1;36m[Device: id=0] RX[0m: 0.11 Mpps, 57 Mbit/s (74 Mbit/s with framing)
[0;34m[Device: id=0] TX[0m: 0.13 Mpps, 65 Mbit/s (86 Mbit/s with framing)
[1;36m[Device: id=0] RX[0m: 0.00 Mpps, 0 Mbit/s (0 Mbit/s with framing)
[0;34m[Device: id=0] TX[0m: 0.13 Mpps, 65 Mbit/s (85 Mbit/s with framing)
[1;36m[Device: id=0] RX[0m: 0.00 Mpps, 0 Mbit/s (0 Mbit/s with framing)
[0;34m[Device: id=0] TX[0m: 0.13 Mpps, 65 Mbit/s (85 Mbit/s with framing)
[1;36m[Device: id=0] RX[0m: 0.00 Mpps, 0 Mbit/s (0 Mbit/s with framing)
[0;34m[Device: id=0] TX[0m: 0.13 Mpps, 65 Mbit/s (85 Mbit/s with framing)
[1;36m[Device: id=0] RX[0m: 0.01 Mpps, 3 Mbit/s (4 Mbit/s with framing)
[0;34m[Device: id=0] TX[0m: 0.13 Mpps, 65 Mbit/s (85 Mbit/s with framing)
[1;36m[Device: id=0] RX[0m: 0.00 Mpps, 0 Mbit/s (0 Mbit/s with framing)
[0;34m[Device: id=0] TX[0m: 0.13 Mpps, 65 Mbit/s (85 Mbit/s with framing)
[1;36m[Device: id=0] RX[0m: 0.00 Mpps, 0 Mbit/s (0 Mbit/s with framing)
[0;34m[Device: id=0] TX[0m: 0.13 Mpps, 65 Mbit/s (85 Mbit/s with framing)
[1;36m[Device: id=0] RX[0m: 0.00 Mpps, 0 Mbit/s (0 Mbit/s with framing)
[0;34m[Device: id=0] TX[0m: 0.13 Mpps, 65 Mbit/s (85 Mbit/s with framing)
[1;36m[Device: id=0] RX[0m: 0.00 Mpps, 2 Mbit/s (3 Mbit/s with framing)
[0;34m[Device: id=0] TX[0m: 0.13 Mpps, 65 Mbit/s (85 Mbit/s with framing)
[1;36m[Device: id=0] RX[0m: 0.00 Mpps, 0 Mbit/s (0 Mbit/s with framing)
[0;34m[Device: id=0] TX[0m: 0.13 Mpps, 65 Mbit/s (85 Mbit/s with framing)
[1;36m[Device: id=0] RX[0m: 0.00 Mpps, 0 Mbit/s (0 Mbit/s with framing)
[0;34m[Device: id=0] TX[0m: 0.13 Mpps, 65 Mbit/s (85 Mbit/s with framing)
[1;36m[Device: id=0] RX[0m: 0.00 Mpps, 0 Mbit/s (0 Mbit/s with framing)
[0;34m[Device: id=0] TX[0m: 0.13 Mpps, 65 Mbit/s (85 Mbit/s with framing)
Samples: 14906, Average: 109338.0 ns, StdDev: 28725.9 ns, Quartiles: 87403.0/110685.0/133079.0 ns
[1;37m[INFO]  Saving histogram to 'histogram.csv'[0m
[1;36m[Device: id=0] RX[0m: 0.01 Mpps, 3 Mbit/s (4 Mbit/s with framing)
[1;36m[Device: id=0] RX[0m: 0.03 (StdDev 0.05) Mpps, 16 (StdDev 25) Mbit/s (21 Mbit/s with framing), total 1019274 packets with 65233536 bytes (incl. CRC)
[0;34m[Device: id=0] TX[0m: 0.13 (StdDev 0.00) Mpps, 65 (StdDev 0) Mbit/s (85 Mbit/s with framing), total 3795732 packets with 242926848 bytes (incl. CRC)
