[1;33m[WARN]  malloc() allocates objects >= 1 MiB from LuaJIT memory space.[0m
[1;33m[WARN]  Install libjemalloc if you encounter out of memory errors.[0m
[1;37m[INFO]  Initializing DPDK. This will take a few seconds...[0m
[1;37m[INFO]  Found 1 usable devices:[0m
   Device 0: B4:96:91:B3:8B:04 ([0;32mIntel Corporation Ethernet Controller E810-C for QSFP[0m)
[1;37m[INFO]  Waiting for devices to come up...[0m
[1;37m[INFO]  Device 0 (B4:96:91:B3:8B:04) is up: full-duplex 100000 MBit/s[0m
[1;37m[INFO]  [0;32m1 device is up.[0m[0m
[1;36m[Device: id=0] RX[0m: 0.12 Mpps, 949 Mbit/s (967 Mbit/s with framing)
[0;34m[Device: id=0] TX[0m: 0.12 Mpps, 945 Mbit/s (963 Mbit/s with framing)
[1;36m[Device: id=0] RX[0m: 0.12 Mpps, 950 Mbit/s (968 Mbit/s with framing)
[0;34m[Device: id=0] TX[0m: 0.12 Mpps, 946 Mbit/s (965 Mbit/s with framing)
[1;36m[Device: id=0] RX[0m: 0.12 Mpps, 950 Mbit/s (968 Mbit/s with framing)
[0;34m[Device: id=0] TX[0m: 0.12 Mpps, 946 Mbit/s (965 Mbit/s with framing)
[1;36m[Device: id=0] RX[0m: 0.12 Mpps, 950 Mbit/s (969 Mbit/s with framing)
[0;34m[Device: id=0] TX[0m: 0.12 Mpps, 946 Mbit/s (965 Mbit/s with framing)
[1;36m[Device: id=0] RX[0m: 0.12 Mpps, 950 Mbit/s (968 Mbit/s with framing)
[0;34m[Device: id=0] TX[0m: 0.12 Mpps, 946 Mbit/s (965 Mbit/s with framing)
[1;36m[Device: id=0] RX[0m: 0.12 Mpps, 950 Mbit/s (969 Mbit/s with framing)
[0;34m[Device: id=0] TX[0m: 0.12 Mpps, 946 Mbit/s (965 Mbit/s with framing)
[1;36m[Device: id=0] RX[0m: 0.12 Mpps, 950 Mbit/s (969 Mbit/s with framing)
[0;34m[Device: id=0] TX[0m: 0.12 Mpps, 946 Mbit/s (965 Mbit/s with framing)
[1;36m[Device: id=0] RX[0m: 0.12 Mpps, 950 Mbit/s (969 Mbit/s with framing)
[0;34m[Device: id=0] TX[0m: 0.12 Mpps, 946 Mbit/s (965 Mbit/s with framing)
[1;36m[Device: id=0] RX[0m: 0.12 Mpps, 950 Mbit/s (968 Mbit/s with framing)
[0;34m[Device: id=0] TX[0m: 0.12 Mpps, 946 Mbit/s (965 Mbit/s with framing)
[1;36m[Device: id=0] RX[0m: 0.12 Mpps, 950 Mbit/s (968 Mbit/s with framing)
[0;34m[Device: id=0] TX[0m: 0.12 Mpps, 946 Mbit/s (965 Mbit/s with framing)
[1;36m[Device: id=0] RX[0m: 0.12 Mpps, 950 Mbit/s (969 Mbit/s with framing)
[0;34m[Device: id=0] TX[0m: 0.12 Mpps, 946 Mbit/s (965 Mbit/s with framing)
[1;36m[Device: id=0] RX[0m: 0.12 Mpps, 950 Mbit/s (969 Mbit/s with framing)
[0;34m[Device: id=0] TX[0m: 0.12 Mpps, 946 Mbit/s (965 Mbit/s with framing)
[1;36m[Device: id=0] RX[0m: 0.12 Mpps, 950 Mbit/s (969 Mbit/s with framing)
[0;34m[Device: id=0] TX[0m: 0.12 Mpps, 946 Mbit/s (965 Mbit/s with framing)
[1;36m[Device: id=0] RX[0m: 0.12 Mpps, 950 Mbit/s (969 Mbit/s with framing)
[0;34m[Device: id=0] TX[0m: 0.12 Mpps, 946 Mbit/s (965 Mbit/s with framing)
[1;36m[Device: id=0] RX[0m: 0.12 Mpps, 950 Mbit/s (969 Mbit/s with framing)
[0;34m[Device: id=0] TX[0m: 0.12 Mpps, 946 Mbit/s (965 Mbit/s with framing)
[1;36m[Device: id=0] RX[0m: 0.12 Mpps, 950 Mbit/s (969 Mbit/s with framing)
[0;34m[Device: id=0] TX[0m: 0.12 Mpps, 946 Mbit/s (965 Mbit/s with framing)
[1;36m[Device: id=0] RX[0m: 0.12 Mpps, 950 Mbit/s (969 Mbit/s with framing)
[0;34m[Device: id=0] TX[0m: 0.12 Mpps, 946 Mbit/s (965 Mbit/s with framing)
[1;36m[Device: id=0] RX[0m: 0.12 Mpps, 950 Mbit/s (969 Mbit/s with framing)
[0;34m[Device: id=0] TX[0m: 0.12 Mpps, 946 Mbit/s (965 Mbit/s with framing)
[1;36m[Device: id=0] RX[0m: 0.12 Mpps, 950 Mbit/s (969 Mbit/s with framing)
[0;34m[Device: id=0] TX[0m: 0.12 Mpps, 946 Mbit/s (965 Mbit/s with framing)
[1;36m[Device: id=0] RX[0m: 0.12 Mpps, 950 Mbit/s (969 Mbit/s with framing)
[0;34m[Device: id=0] TX[0m: 0.12 Mpps, 946 Mbit/s (965 Mbit/s with framing)
[1;36m[Device: id=0] RX[0m: 0.12 Mpps, 950 Mbit/s (969 Mbit/s with framing)
[0;34m[Device: id=0] TX[0m: 0.12 Mpps, 946 Mbit/s (965 Mbit/s with framing)
[1;36m[Device: id=0] RX[0m: 0.12 Mpps, 950 Mbit/s (968 Mbit/s with framing)
[0;34m[Device: id=0] TX[0m: 0.12 Mpps, 946 Mbit/s (965 Mbit/s with framing)
[1;36m[Device: id=0] RX[0m: 0.12 Mpps, 950 Mbit/s (969 Mbit/s with framing)
[0;34m[Device: id=0] TX[0m: 0.12 Mpps, 946 Mbit/s (965 Mbit/s with framing)
[1;36m[Device: id=0] RX[0m: 0.12 Mpps, 950 Mbit/s (969 Mbit/s with framing)
[0;34m[Device: id=0] TX[0m: 0.12 Mpps, 946 Mbit/s (965 Mbit/s with framing)
[1;36m[Device: id=0] RX[0m: 0.12 Mpps, 950 Mbit/s (968 Mbit/s with framing)
[0;34m[Device: id=0] TX[0m: 0.12 Mpps, 946 Mbit/s (965 Mbit/s with framing)
[1;36m[Device: id=0] RX[0m: 0.12 Mpps, 950 Mbit/s (969 Mbit/s with framing)
[0;34m[Device: id=0] TX[0m: 0.12 Mpps, 946 Mbit/s (965 Mbit/s with framing)
[1;36m[Device: id=0] RX[0m: 0.12 Mpps, 950 Mbit/s (969 Mbit/s with framing)
[0;34m[Device: id=0] TX[0m: 0.12 Mpps, 946 Mbit/s (965 Mbit/s with framing)
[1;36m[Device: id=0] RX[0m: 0.12 Mpps, 950 Mbit/s (969 Mbit/s with framing)
[0;34m[Device: id=0] TX[0m: 0.12 Mpps, 946 Mbit/s (965 Mbit/s with framing)
[1;36m[Device: id=0] RX[0m: 0.12 Mpps, 950 Mbit/s (968 Mbit/s with framing)
[0;34m[Device: id=0] TX[0m: 0.12 Mpps, 946 Mbit/s (965 Mbit/s with framing)
Samples: 64185, Average: 85443.1 ns, StdDev: 29360.6 ns, Quartiles: 61072.0/84316.0/107356.0 ns
[1;37m[INFO]  Saving histogram to 'histogram.csv'[0m
[1;36m[Device: id=0] RX[0m: 0.10 Mpps, 783 Mbit/s (798 Mbit/s with framing)
[1;36m[Device: id=0] RX[0m: 0.12 (StdDev 0.00) Mpps, 944 (StdDev 31) Mbit/s (963 Mbit/s with framing), total 3521190 packets with 3558164330 bytes (incl. CRC)
[0;34m[Device: id=0] TX[0m: 0.12 (StdDev 0.00) Mpps, 946 (StdDev 0) Mbit/s (965 Mbit/s with framing), total 3521186 packets with 3544076864 bytes (incl. CRC)
