[1;33m[WARN]  malloc() allocates objects >= 1 MiB from LuaJIT memory space.[0m
[1;33m[WARN]  Install libjemalloc if you encounter out of memory errors.[0m
[1;37m[INFO]  Initializing DPDK. This will take a few seconds...[0m
[1;37m[INFO]  Found 1 usable devices:[0m
   Device 0: B4:96:91:B3:8B:04 ([0;32mIntel Corporation Ethernet Controller E810-C for QSFP[0m)
[1;37m[INFO]  Waiting for devices to come up...[0m
[1;37m[INFO]  Device 0 (B4:96:91:B3:8B:04) is up: full-duplex 100000 MBit/s[0m
[1;37m[INFO]  [0;32m1 device is up.[0m[0m
[1;36m[Device: id=0] RX[0m: 0.14 Mpps, 70 Mbit/s (92 Mbit/s with framing)
[0;34m[Device: id=0] TX[0m: 0.14 Mpps, 70 Mbit/s (92 Mbit/s with framing)
[1;36m[Device: id=0] RX[0m: 0.02 Mpps, 13 Mbit/s (17 Mbit/s with framing)
[0;34m[Device: id=0] TX[0m: 0.14 Mpps, 70 Mbit/s (92 Mbit/s with framing)
[1;36m[Device: id=0] RX[0m: 0.12 Mpps, 60 Mbit/s (78 Mbit/s with framing)
[0;34m[Device: id=0] TX[0m: 0.14 Mpps, 71 Mbit/s (93 Mbit/s with framing)
[1;36m[Device: id=0] RX[0m: 0.14 Mpps, 71 Mbit/s (93 Mbit/s with framing)
[0;34m[Device: id=0] TX[0m: 0.14 Mpps, 71 Mbit/s (93 Mbit/s with framing)
[1;36m[Device: id=0] RX[0m: 0.14 Mpps, 71 Mbit/s (93 Mbit/s with framing)
[0;34m[Device: id=0] TX[0m: 0.14 Mpps, 71 Mbit/s (93 Mbit/s with framing)
[1;36m[Device: id=0] RX[0m: 0.14 Mpps, 71 Mbit/s (93 Mbit/s with framing)
[0;34m[Device: id=0] TX[0m: 0.14 Mpps, 71 Mbit/s (93 Mbit/s with framing)
[1;36m[Device: id=0] RX[0m: 0.14 Mpps, 71 Mbit/s (93 Mbit/s with framing)
[0;34m[Device: id=0] TX[0m: 0.14 Mpps, 71 Mbit/s (93 Mbit/s with framing)
[1;36m[Device: id=0] RX[0m: 0.14 Mpps, 71 Mbit/s (93 Mbit/s with framing)
[0;34m[Device: id=0] TX[0m: 0.14 Mpps, 71 Mbit/s (93 Mbit/s with framing)
[1;36m[Device: id=0] RX[0m: 0.14 Mpps, 71 Mbit/s (93 Mbit/s with framing)
[0;34m[Device: id=0] TX[0m: 0.14 Mpps, 71 Mbit/s (93 Mbit/s with framing)
[1;36m[Device: id=0] RX[0m: 0.14 Mpps, 71 Mbit/s (93 Mbit/s with framing)
[0;34m[Device: id=0] TX[0m: 0.14 Mpps, 71 Mbit/s (93 Mbit/s with framing)
[1;36m[Device: id=0] RX[0m: 0.14 Mpps, 71 Mbit/s (93 Mbit/s with framing)
[0;34m[Device: id=0] TX[0m: 0.14 Mpps, 71 Mbit/s (93 Mbit/s with framing)
[1;36m[Device: id=0] RX[0m: 0.14 Mpps, 71 Mbit/s (93 Mbit/s with framing)
[0;34m[Device: id=0] TX[0m: 0.14 Mpps, 71 Mbit/s (93 Mbit/s with framing)
[1;36m[Device: id=0] RX[0m: 0.14 Mpps, 71 Mbit/s (93 Mbit/s with framing)
[0;34m[Device: id=0] TX[0m: 0.14 Mpps, 71 Mbit/s (93 Mbit/s with framing)
[1;36m[Device: id=0] RX[0m: 0.14 Mpps, 71 Mbit/s (93 Mbit/s with framing)
[0;34m[Device: id=0] TX[0m: 0.14 Mpps, 71 Mbit/s (93 Mbit/s with framing)
[1;36m[Device: id=0] RX[0m: 0.14 Mpps, 71 Mbit/s (93 Mbit/s with framing)
[0;34m[Device: id=0] TX[0m: 0.14 Mpps, 71 Mbit/s (93 Mbit/s with framing)
[1;36m[Device: id=0] RX[0m: 0.14 Mpps, 71 Mbit/s (93 Mbit/s with framing)
[0;34m[Device: id=0] TX[0m: 0.14 Mpps, 71 Mbit/s (93 Mbit/s with framing)
[1;36m[Device: id=0] RX[0m: 0.14 Mpps, 71 Mbit/s (93 Mbit/s with framing)
[0;34m[Device: id=0] TX[0m: 0.14 Mpps, 71 Mbit/s (93 Mbit/s with framing)
[1;36m[Device: id=0] RX[0m: 0.14 Mpps, 71 Mbit/s (93 Mbit/s with framing)
[0;34m[Device: id=0] TX[0m: 0.14 Mpps, 71 Mbit/s (93 Mbit/s with framing)
[1;36m[Device: id=0] RX[0m: 0.14 Mpps, 71 Mbit/s (93 Mbit/s with framing)
[0;34m[Device: id=0] TX[0m: 0.14 Mpps, 71 Mbit/s (93 Mbit/s with framing)
[1;36m[Device: id=0] RX[0m: 0.14 Mpps, 71 Mbit/s (93 Mbit/s with framing)
[0;34m[Device: id=0] TX[0m: 0.14 Mpps, 71 Mbit/s (93 Mbit/s with framing)
[1;36m[Device: id=0] RX[0m: 0.14 Mpps, 71 Mbit/s (93 Mbit/s with framing)
[0;34m[Device: id=0] TX[0m: 0.14 Mpps, 71 Mbit/s (93 Mbit/s with framing)
[1;36m[Device: id=0] RX[0m: 0.14 Mpps, 71 Mbit/s (93 Mbit/s with framing)
[0;34m[Device: id=0] TX[0m: 0.14 Mpps, 71 Mbit/s (93 Mbit/s with framing)
[1;36m[Device: id=0] RX[0m: 0.14 Mpps, 71 Mbit/s (93 Mbit/s with framing)
[0;34m[Device: id=0] TX[0m: 0.14 Mpps, 71 Mbit/s (93 Mbit/s with framing)
[1;36m[Device: id=0] RX[0m: 0.14 Mpps, 71 Mbit/s (93 Mbit/s with framing)
[0;34m[Device: id=0] TX[0m: 0.14 Mpps, 71 Mbit/s (93 Mbit/s with framing)
[1;36m[Device: id=0] RX[0m: 0.14 Mpps, 71 Mbit/s (93 Mbit/s with framing)
[0;34m[Device: id=0] TX[0m: 0.14 Mpps, 71 Mbit/s (93 Mbit/s with framing)
[1;36m[Device: id=0] RX[0m: 0.14 Mpps, 71 Mbit/s (93 Mbit/s with framing)
[0;34m[Device: id=0] TX[0m: 0.14 Mpps, 71 Mbit/s (93 Mbit/s with framing)
[1;36m[Device: id=0] RX[0m: 0.14 Mpps, 71 Mbit/s (93 Mbit/s with framing)
[0;34m[Device: id=0] TX[0m: 0.14 Mpps, 71 Mbit/s (93 Mbit/s with framing)
[1;36m[Device: id=0] RX[0m: 0.14 Mpps, 71 Mbit/s (93 Mbit/s with framing)
[0;34m[Device: id=0] TX[0m: 0.14 Mpps, 71 Mbit/s (93 Mbit/s with framing)
[1;36m[Device: id=0] RX[0m: 0.14 Mpps, 71 Mbit/s (93 Mbit/s with framing)
[0;34m[Device: id=0] TX[0m: 0.14 Mpps, 71 Mbit/s (93 Mbit/s with framing)
Samples: 61567, Average: 112565.7 ns, StdDev: 33901.5 ns, Quartiles: 84031.0/112353.0/141062.0 ns
[1;37m[INFO]  Saving histogram to 'histogram.csv'[0m
[1;36m[Device: id=0] RX[0m: 0.12 Mpps, 59 Mbit/s (78 Mbit/s with framing)
[1;36m[Device: id=0] RX[0m: 0.13 (StdDev 0.02) Mpps, 68 (StdDev 11) Mbit/s (90 Mbit/s with framing), total 4028527 packets with 257826007 bytes (incl. CRC)
[0;34m[Device: id=0] TX[0m: 0.14 (StdDev 0.00) Mpps, 71 (StdDev 0) Mbit/s (93 Mbit/s with framing), total 4163298 packets with 266451072 bytes (incl. CRC)
