[1;33m[WARN]  malloc() allocates objects >= 1 MiB from LuaJIT memory space.[0m
[1;33m[WARN]  Install libjemalloc if you encounter out of memory errors.[0m
[1;37m[INFO]  Initializing DPDK. This will take a few seconds...[0m
[1;37m[INFO]  Found 1 usable devices:[0m
   Device 0: B4:96:91:B3:8B:04 ([0;32mIntel Corporation Ethernet Controller E810-C for QSFP[0m)
[1;37m[INFO]  Waiting for devices to come up...[0m
[1;37m[INFO]  Device 0 (B4:96:91:B3:8B:04) is up: full-duplex 100000 MBit/s[0m
[1;37m[INFO]  [0;32m1 device is up.[0m[0m
[1;36m[Device: id=0] RX[0m: 0.04 Mpps, 344 Mbit/s (351 Mbit/s with framing)
[0;34m[Device: id=0] TX[0m: 0.04 Mpps, 344 Mbit/s (351 Mbit/s with framing)
[1;36m[Device: id=0] RX[0m: 0.04 Mpps, 345 Mbit/s (352 Mbit/s with framing)
[0;34m[Device: id=0] TX[0m: 0.04 Mpps, 345 Mbit/s (352 Mbit/s with framing)
[1;36m[Device: id=0] RX[0m: 0.04 Mpps, 345 Mbit/s (353 Mbit/s with framing)
[0;34m[Device: id=0] TX[0m: 0.04 Mpps, 345 Mbit/s (352 Mbit/s with framing)
[1;36m[Device: id=0] RX[0m: 0.04 Mpps, 345 Mbit/s (352 Mbit/s with framing)
[0;34m[Device: id=0] TX[0m: 0.04 Mpps, 345 Mbit/s (352 Mbit/s with framing)
[1;36m[Device: id=0] RX[0m: 0.04 Mpps, 345 Mbit/s (352 Mbit/s with framing)
[0;34m[Device: id=0] TX[0m: 0.04 Mpps, 345 Mbit/s (353 Mbit/s with framing)
[1;36m[Device: id=0] RX[0m: 0.04 Mpps, 345 Mbit/s (352 Mbit/s with framing)
[0;34m[Device: id=0] TX[0m: 0.04 Mpps, 345 Mbit/s (352 Mbit/s with framing)
[1;36m[Device: id=0] RX[0m: 0.04 Mpps, 345 Mbit/s (352 Mbit/s with framing)
[0;34m[Device: id=0] TX[0m: 0.04 Mpps, 345 Mbit/s (352 Mbit/s with framing)
[1;36m[Device: id=0] RX[0m: 0.04 Mpps, 345 Mbit/s (352 Mbit/s with framing)
[0;34m[Device: id=0] TX[0m: 0.04 Mpps, 345 Mbit/s (352 Mbit/s with framing)
[1;36m[Device: id=0] RX[0m: 0.04 Mpps, 345 Mbit/s (352 Mbit/s with framing)
[0;34m[Device: id=0] TX[0m: 0.04 Mpps, 345 Mbit/s (352 Mbit/s with framing)
[1;36m[Device: id=0] RX[0m: 0.04 Mpps, 345 Mbit/s (352 Mbit/s with framing)
[0;34m[Device: id=0] TX[0m: 0.04 Mpps, 345 Mbit/s (352 Mbit/s with framing)
[1;36m[Device: id=0] RX[0m: 0.04 Mpps, 345 Mbit/s (352 Mbit/s with framing)
[0;34m[Device: id=0] TX[0m: 0.04 Mpps, 345 Mbit/s (352 Mbit/s with framing)
[1;36m[Device: id=0] RX[0m: 0.04 Mpps, 345 Mbit/s (352 Mbit/s with framing)
[0;34m[Device: id=0] TX[0m: 0.04 Mpps, 345 Mbit/s (352 Mbit/s with framing)
[1;36m[Device: id=0] RX[0m: 0.04 Mpps, 345 Mbit/s (352 Mbit/s with framing)
[0;34m[Device: id=0] TX[0m: 0.04 Mpps, 345 Mbit/s (352 Mbit/s with framing)
[1;36m[Device: id=0] RX[0m: 0.04 Mpps, 345 Mbit/s (352 Mbit/s with framing)
[0;34m[Device: id=0] TX[0m: 0.04 Mpps, 345 Mbit/s (352 Mbit/s with framing)
[1;36m[Device: id=0] RX[0m: 0.04 Mpps, 345 Mbit/s (353 Mbit/s with framing)
[0;34m[Device: id=0] TX[0m: 0.04 Mpps, 345 Mbit/s (352 Mbit/s with framing)
[1;36m[Device: id=0] RX[0m: 0.04 Mpps, 345 Mbit/s (352 Mbit/s with framing)
[0;34m[Device: id=0] TX[0m: 0.04 Mpps, 345 Mbit/s (352 Mbit/s with framing)
[1;36m[Device: id=0] RX[0m: 0.04 Mpps, 345 Mbit/s (352 Mbit/s with framing)
[0;34m[Device: id=0] TX[0m: 0.04 Mpps, 345 Mbit/s (352 Mbit/s with framing)
[1;36m[Device: id=0] RX[0m: 0.04 Mpps, 345 Mbit/s (352 Mbit/s with framing)
[0;34m[Device: id=0] TX[0m: 0.04 Mpps, 345 Mbit/s (352 Mbit/s with framing)
[1;36m[Device: id=0] RX[0m: 0.04 Mpps, 345 Mbit/s (352 Mbit/s with framing)
[0;34m[Device: id=0] TX[0m: 0.04 Mpps, 345 Mbit/s (352 Mbit/s with framing)
[1;36m[Device: id=0] RX[0m: 0.04 Mpps, 345 Mbit/s (352 Mbit/s with framing)
[0;34m[Device: id=0] TX[0m: 0.04 Mpps, 345 Mbit/s (352 Mbit/s with framing)
[1;36m[Device: id=0] RX[0m: 0.04 Mpps, 345 Mbit/s (352 Mbit/s with framing)
[0;34m[Device: id=0] TX[0m: 0.04 Mpps, 345 Mbit/s (352 Mbit/s with framing)
[1;36m[Device: id=0] RX[0m: 0.04 Mpps, 345 Mbit/s (352 Mbit/s with framing)
[0;34m[Device: id=0] TX[0m: 0.04 Mpps, 345 Mbit/s (352 Mbit/s with framing)
[1;36m[Device: id=0] RX[0m: 0.04 Mpps, 345 Mbit/s (352 Mbit/s with framing)
[0;34m[Device: id=0] TX[0m: 0.04 Mpps, 345 Mbit/s (352 Mbit/s with framing)
[1;36m[Device: id=0] RX[0m: 0.04 Mpps, 345 Mbit/s (353 Mbit/s with framing)
[0;34m[Device: id=0] TX[0m: 0.04 Mpps, 345 Mbit/s (353 Mbit/s with framing)
[1;36m[Device: id=0] RX[0m: 0.04 Mpps, 345 Mbit/s (352 Mbit/s with framing)
[0;34m[Device: id=0] TX[0m: 0.04 Mpps, 345 Mbit/s (352 Mbit/s with framing)
[1;36m[Device: id=0] RX[0m: 0.04 Mpps, 345 Mbit/s (352 Mbit/s with framing)
[0;34m[Device: id=0] TX[0m: 0.04 Mpps, 345 Mbit/s (352 Mbit/s with framing)
[1;36m[Device: id=0] RX[0m: 0.04 Mpps, 345 Mbit/s (352 Mbit/s with framing)
[0;34m[Device: id=0] TX[0m: 0.04 Mpps, 345 Mbit/s (352 Mbit/s with framing)
[1;36m[Device: id=0] RX[0m: 0.04 Mpps, 345 Mbit/s (352 Mbit/s with framing)
[0;34m[Device: id=0] TX[0m: 0.04 Mpps, 345 Mbit/s (353 Mbit/s with framing)
[1;36m[Device: id=0] RX[0m: 0.04 Mpps, 345 Mbit/s (352 Mbit/s with framing)
[0;34m[Device: id=0] TX[0m: 0.04 Mpps, 345 Mbit/s (352 Mbit/s with framing)
Samples: 64124, Average: 106708.5 ns, StdDev: 35206.2 ns, Quartiles: 76282.0/106647.0/137075.0 ns
[1;37m[INFO]  Saving histogram to 'histogram.csv'[0m
[1;36m[Device: id=0] RX[0m: 0.04 Mpps, 288 Mbit/s (294 Mbit/s with framing)
[1;36m[Device: id=0] RX[0m: 0.04 (StdDev 0.00) Mpps, 343 (StdDev 11) Mbit/s (350 Mbit/s with framing), total 1324575 packets with 1294805069 bytes (incl. CRC)
[0;34m[Device: id=0] TX[0m: 0.04 (StdDev 0.00) Mpps, 345 (StdDev 0) Mbit/s (352 Mbit/s with framing), total 1324572 packets with 1294802688 bytes (incl. CRC)
