[1;33m[WARN]  malloc() allocates objects >= 1 MiB from LuaJIT memory space.[0m
[1;33m[WARN]  Install libjemalloc if you encounter out of memory errors.[0m
[1;37m[INFO]  Initializing DPDK. This will take a few seconds...[0m
[1;37m[INFO]  Found 1 usable devices:[0m
   Device 0: B4:96:91:B3:8B:04 ([0;32mIntel Corporation Ethernet Controller E810-C for QSFP[0m)
[1;37m[INFO]  Waiting for devices to come up...[0m
[1;37m[INFO]  Device 0 (B4:96:91:B3:8B:04) is up: full-duplex 100000 MBit/s[0m
[1;37m[INFO]  [0;32m1 device is up.[0m[0m
[1;36m[Device: id=0] RX[0m: 0.01 Mpps, 5 Mbit/s (7 Mbit/s with framing)
[0;34m[Device: id=0] TX[0m: 0.01 Mpps, 5 Mbit/s (7 Mbit/s with framing)
[1;36m[Device: id=0] RX[0m: 0.01 Mpps, 7 Mbit/s (9 Mbit/s with framing)
[0;34m[Device: id=0] TX[0m: 0.01 Mpps, 7 Mbit/s (9 Mbit/s with framing)
[1;36m[Device: id=0] RX[0m: 0.01 Mpps, 6 Mbit/s (9 Mbit/s with framing)
[0;34m[Device: id=0] TX[0m: 0.01 Mpps, 6 Mbit/s (9 Mbit/s with framing)
[1;36m[Device: id=0] RX[0m: 0.01 Mpps, 7 Mbit/s (9 Mbit/s with framing)
[0;34m[Device: id=0] TX[0m: 0.01 Mpps, 7 Mbit/s (9 Mbit/s with framing)
[1;36m[Device: id=0] RX[0m: 0.01 Mpps, 6 Mbit/s (9 Mbit/s with framing)
[0;34m[Device: id=0] TX[0m: 0.01 Mpps, 6 Mbit/s (9 Mbit/s with framing)
[1;36m[Device: id=0] RX[0m: 0.01 Mpps, 7 Mbit/s (9 Mbit/s with framing)
[0;34m[Device: id=0] TX[0m: 0.01 Mpps, 7 Mbit/s (9 Mbit/s with framing)
[1;36m[Device: id=0] RX[0m: 0.01 Mpps, 6 Mbit/s (8 Mbit/s with framing)
[0;34m[Device: id=0] TX[0m: 0.01 Mpps, 6 Mbit/s (8 Mbit/s with framing)
[1;36m[Device: id=0] RX[0m: 0.01 Mpps, 7 Mbit/s (9 Mbit/s with framing)
[0;34m[Device: id=0] TX[0m: 0.01 Mpps, 7 Mbit/s (9 Mbit/s with framing)
[1;36m[Device: id=0] RX[0m: 0.01 Mpps, 6 Mbit/s (8 Mbit/s with framing)
[0;34m[Device: id=0] TX[0m: 0.01 Mpps, 6 Mbit/s (8 Mbit/s with framing)
[1;36m[Device: id=0] RX[0m: 0.01 Mpps, 7 Mbit/s (9 Mbit/s with framing)
[0;34m[Device: id=0] TX[0m: 0.01 Mpps, 7 Mbit/s (9 Mbit/s with framing)
[1;36m[Device: id=0] RX[0m: 0.01 Mpps, 6 Mbit/s (9 Mbit/s with framing)
[0;34m[Device: id=0] TX[0m: 0.01 Mpps, 6 Mbit/s (8 Mbit/s with framing)
[1;36m[Device: id=0] RX[0m: 0.01 Mpps, 7 Mbit/s (9 Mbit/s with framing)
[0;34m[Device: id=0] TX[0m: 0.01 Mpps, 6 Mbit/s (9 Mbit/s with framing)
[1;36m[Device: id=0] RX[0m: 0.01 Mpps, 6 Mbit/s (8 Mbit/s with framing)
[0;34m[Device: id=0] TX[0m: 0.01 Mpps, 6 Mbit/s (9 Mbit/s with framing)
[1;36m[Device: id=0] RX[0m: 0.01 Mpps, 6 Mbit/s (9 Mbit/s with framing)
[0;34m[Device: id=0] TX[0m: 0.01 Mpps, 7 Mbit/s (9 Mbit/s with framing)
[1;36m[Device: id=0] RX[0m: 0.01 Mpps, 7 Mbit/s (9 Mbit/s with framing)
[0;34m[Device: id=0] TX[0m: 0.01 Mpps, 7 Mbit/s (9 Mbit/s with framing)
[1;36m[Device: id=0] RX[0m: 0.01 Mpps, 7 Mbit/s (9 Mbit/s with framing)
[0;34m[Device: id=0] TX[0m: 0.01 Mpps, 7 Mbit/s (9 Mbit/s with framing)
[1;36m[Device: id=0] RX[0m: 0.01 Mpps, 7 Mbit/s (9 Mbit/s with framing)
[0;34m[Device: id=0] TX[0m: 0.01 Mpps, 7 Mbit/s (9 Mbit/s with framing)
[1;36m[Device: id=0] RX[0m: 0.01 Mpps, 7 Mbit/s (9 Mbit/s with framing)
[0;34m[Device: id=0] TX[0m: 0.01 Mpps, 7 Mbit/s (9 Mbit/s with framing)
[1;36m[Device: id=0] RX[0m: 0.01 Mpps, 7 Mbit/s (9 Mbit/s with framing)
[0;34m[Device: id=0] TX[0m: 0.01 Mpps, 7 Mbit/s (9 Mbit/s with framing)
[1;36m[Device: id=0] RX[0m: 0.01 Mpps, 7 Mbit/s (9 Mbit/s with framing)
[0;34m[Device: id=0] TX[0m: 0.01 Mpps, 7 Mbit/s (9 Mbit/s with framing)
[1;36m[Device: id=0] RX[0m: 0.01 Mpps, 7 Mbit/s (9 Mbit/s with framing)
[0;34m[Device: id=0] TX[0m: 0.01 Mpps, 7 Mbit/s (9 Mbit/s with framing)
[1;36m[Device: id=0] RX[0m: 0.01 Mpps, 7 Mbit/s (9 Mbit/s with framing)
[0;34m[Device: id=0] TX[0m: 0.01 Mpps, 7 Mbit/s (9 Mbit/s with framing)
[1;36m[Device: id=0] RX[0m: 0.01 Mpps, 7 Mbit/s (9 Mbit/s with framing)
[0;34m[Device: id=0] TX[0m: 0.01 Mpps, 6 Mbit/s (9 Mbit/s with framing)
[1;36m[Device: id=0] RX[0m: 0.01 Mpps, 7 Mbit/s (9 Mbit/s with framing)
[0;34m[Device: id=0] TX[0m: 0.01 Mpps, 7 Mbit/s (9 Mbit/s with framing)
[1;36m[Device: id=0] RX[0m: 0.01 Mpps, 6 Mbit/s (9 Mbit/s with framing)
[0;34m[Device: id=0] TX[0m: 0.01 Mpps, 6 Mbit/s (8 Mbit/s with framing)
[1;36m[Device: id=0] RX[0m: 0.01 Mpps, 6 Mbit/s (9 Mbit/s with framing)
[0;34m[Device: id=0] TX[0m: 0.01 Mpps, 7 Mbit/s (9 Mbit/s with framing)
[1;36m[Device: id=0] RX[0m: 0.01 Mpps, 7 Mbit/s (9 Mbit/s with framing)
[0;34m[Device: id=0] TX[0m: 0.01 Mpps, 7 Mbit/s (9 Mbit/s with framing)
[1;36m[Device: id=0] RX[0m: 0.01 Mpps, 7 Mbit/s (9 Mbit/s with framing)
[0;34m[Device: id=0] TX[0m: 0.01 Mpps, 7 Mbit/s (9 Mbit/s with framing)
[1;36m[Device: id=0] RX[0m: 0.01 Mpps, 7 Mbit/s (9 Mbit/s with framing)
[0;34m[Device: id=0] TX[0m: 0.01 Mpps, 7 Mbit/s (9 Mbit/s with framing)
Samples: 63769, Average: 21203.7 ns, StdDev: 12439.3 ns, Quartiles: 17863.0/18291.0/18727.0 ns
[1;37m[INFO]  Saving histogram to 'histogram.csv'[0m
[1;36m[Device: id=0] RX[0m: 0.01 Mpps, 6 Mbit/s (8 Mbit/s with framing)
[1;36m[Device: id=0] RX[0m: 0.01 (StdDev 0.00) Mpps, 6 (StdDev 0) Mbit/s (9 Mbit/s with framing), total 379601 packets with 24295002 bytes (incl. CRC)
[0;34m[Device: id=0] TX[0m: 0.01 (StdDev 0.00) Mpps, 7 (StdDev 0) Mbit/s (9 Mbit/s with framing), total 379599 packets with 24294336 bytes (incl. CRC)
