[1;33m[WARN]  malloc() allocates objects >= 1 MiB from LuaJIT memory space.[0m
[1;33m[WARN]  Install libjemalloc if you encounter out of memory errors.[0m
[1;37m[INFO]  Initializing DPDK. This will take a few seconds...[0m
[1;37m[INFO]  Found 1 usable devices:[0m
   Device 0: B4:96:91:B3:8B:04 ([0;32mIntel Corporation Ethernet Controller E810-C for QSFP[0m)
[1;37m[INFO]  Waiting for devices to come up...[0m
[1;37m[INFO]  Device 0 (B4:96:91:B3:8B:04) is up: full-duplex 100000 MBit/s[0m
[1;37m[INFO]  [0;32m1 device is up.[0m[0m
[1;36m[Device: id=0] RX[0m: 0.12 Mpps, 945 Mbit/s (963 Mbit/s with framing)
[0;34m[Device: id=0] TX[0m: 0.12 Mpps, 945 Mbit/s (963 Mbit/s with framing)
[1;36m[Device: id=0] RX[0m: 0.12 Mpps, 946 Mbit/s (965 Mbit/s with framing)
[0;34m[Device: id=0] TX[0m: 0.12 Mpps, 946 Mbit/s (965 Mbit/s with framing)
[1;36m[Device: id=0] RX[0m: 0.12 Mpps, 946 Mbit/s (965 Mbit/s with framing)
[0;34m[Device: id=0] TX[0m: 0.12 Mpps, 946 Mbit/s (965 Mbit/s with framing)
[1;36m[Device: id=0] RX[0m: 0.12 Mpps, 946 Mbit/s (965 Mbit/s with framing)
[0;34m[Device: id=0] TX[0m: 0.12 Mpps, 946 Mbit/s (965 Mbit/s with framing)
[1;36m[Device: id=0] RX[0m: 0.12 Mpps, 946 Mbit/s (965 Mbit/s with framing)
[0;34m[Device: id=0] TX[0m: 0.12 Mpps, 946 Mbit/s (965 Mbit/s with framing)
[1;36m[Device: id=0] RX[0m: 0.12 Mpps, 946 Mbit/s (965 Mbit/s with framing)
[0;34m[Device: id=0] TX[0m: 0.12 Mpps, 946 Mbit/s (965 Mbit/s with framing)
[1;36m[Device: id=0] RX[0m: 0.12 Mpps, 946 Mbit/s (965 Mbit/s with framing)
[0;34m[Device: id=0] TX[0m: 0.12 Mpps, 946 Mbit/s (965 Mbit/s with framing)
[1;36m[Device: id=0] RX[0m: 0.12 Mpps, 946 Mbit/s (965 Mbit/s with framing)
[0;34m[Device: id=0] TX[0m: 0.12 Mpps, 946 Mbit/s (965 Mbit/s with framing)
[1;36m[Device: id=0] RX[0m: 0.12 Mpps, 946 Mbit/s (965 Mbit/s with framing)
[0;34m[Device: id=0] TX[0m: 0.12 Mpps, 946 Mbit/s (965 Mbit/s with framing)
[1;36m[Device: id=0] RX[0m: 0.12 Mpps, 946 Mbit/s (965 Mbit/s with framing)
[0;34m[Device: id=0] TX[0m: 0.12 Mpps, 946 Mbit/s (965 Mbit/s with framing)
[1;36m[Device: id=0] RX[0m: 0.12 Mpps, 946 Mbit/s (965 Mbit/s with framing)
[0;34m[Device: id=0] TX[0m: 0.12 Mpps, 946 Mbit/s (965 Mbit/s with framing)
[1;36m[Device: id=0] RX[0m: 0.12 Mpps, 946 Mbit/s (965 Mbit/s with framing)
[0;34m[Device: id=0] TX[0m: 0.12 Mpps, 946 Mbit/s (965 Mbit/s with framing)
[1;36m[Device: id=0] RX[0m: 0.12 Mpps, 946 Mbit/s (965 Mbit/s with framing)
[0;34m[Device: id=0] TX[0m: 0.12 Mpps, 946 Mbit/s (965 Mbit/s with framing)
[1;36m[Device: id=0] RX[0m: 0.12 Mpps, 946 Mbit/s (965 Mbit/s with framing)
[0;34m[Device: id=0] TX[0m: 0.12 Mpps, 946 Mbit/s (965 Mbit/s with framing)
[1;36m[Device: id=0] RX[0m: 0.12 Mpps, 946 Mbit/s (965 Mbit/s with framing)
[0;34m[Device: id=0] TX[0m: 0.12 Mpps, 946 Mbit/s (965 Mbit/s with framing)
[1;36m[Device: id=0] RX[0m: 0.12 Mpps, 946 Mbit/s (965 Mbit/s with framing)
[0;34m[Device: id=0] TX[0m: 0.12 Mpps, 946 Mbit/s (965 Mbit/s with framing)
[1;36m[Device: id=0] RX[0m: 0.12 Mpps, 946 Mbit/s (965 Mbit/s with framing)
[0;34m[Device: id=0] TX[0m: 0.12 Mpps, 946 Mbit/s (965 Mbit/s with framing)
[1;36m[Device: id=0] RX[0m: 0.12 Mpps, 946 Mbit/s (965 Mbit/s with framing)
[0;34m[Device: id=0] TX[0m: 0.12 Mpps, 946 Mbit/s (965 Mbit/s with framing)
[1;36m[Device: id=0] RX[0m: 0.12 Mpps, 946 Mbit/s (965 Mbit/s with framing)
[0;34m[Device: id=0] TX[0m: 0.12 Mpps, 946 Mbit/s (965 Mbit/s with framing)
[1;36m[Device: id=0] RX[0m: 0.12 Mpps, 946 Mbit/s (965 Mbit/s with framing)
[0;34m[Device: id=0] TX[0m: 0.12 Mpps, 946 Mbit/s (965 Mbit/s with framing)
[1;36m[Device: id=0] RX[0m: 0.12 Mpps, 946 Mbit/s (965 Mbit/s with framing)
[0;34m[Device: id=0] TX[0m: 0.12 Mpps, 946 Mbit/s (965 Mbit/s with framing)
[1;36m[Device: id=0] RX[0m: 0.12 Mpps, 946 Mbit/s (965 Mbit/s with framing)
[0;34m[Device: id=0] TX[0m: 0.12 Mpps, 946 Mbit/s (965 Mbit/s with framing)
[1;36m[Device: id=0] RX[0m: 0.12 Mpps, 946 Mbit/s (965 Mbit/s with framing)
[0;34m[Device: id=0] TX[0m: 0.12 Mpps, 946 Mbit/s (965 Mbit/s with framing)
[1;36m[Device: id=0] RX[0m: 0.12 Mpps, 946 Mbit/s (965 Mbit/s with framing)
[0;34m[Device: id=0] TX[0m: 0.12 Mpps, 946 Mbit/s (965 Mbit/s with framing)
[1;36m[Device: id=0] RX[0m: 0.12 Mpps, 946 Mbit/s (965 Mbit/s with framing)
[0;34m[Device: id=0] TX[0m: 0.12 Mpps, 946 Mbit/s (965 Mbit/s with framing)
[1;36m[Device: id=0] RX[0m: 0.12 Mpps, 946 Mbit/s (965 Mbit/s with framing)
[0;34m[Device: id=0] TX[0m: 0.12 Mpps, 946 Mbit/s (965 Mbit/s with framing)
[1;36m[Device: id=0] RX[0m: 0.12 Mpps, 946 Mbit/s (965 Mbit/s with framing)
[0;34m[Device: id=0] TX[0m: 0.12 Mpps, 946 Mbit/s (965 Mbit/s with framing)
[1;36m[Device: id=0] RX[0m: 0.12 Mpps, 946 Mbit/s (965 Mbit/s with framing)
[0;34m[Device: id=0] TX[0m: 0.12 Mpps, 946 Mbit/s (965 Mbit/s with framing)
[1;36m[Device: id=0] RX[0m: 0.12 Mpps, 946 Mbit/s (965 Mbit/s with framing)
[0;34m[Device: id=0] TX[0m: 0.12 Mpps, 946 Mbit/s (965 Mbit/s with framing)
Samples: 63742, Average: 104272.6 ns, StdDev: 31768.3 ns, Quartiles: 77023.0/103043.0/129962.0 ns
[1;37m[INFO]  Saving histogram to 'histogram.csv'[0m
[1;36m[Device: id=0] RX[0m: 0.10 Mpps, 779 Mbit/s (794 Mbit/s with framing)
[1;36m[Device: id=0] RX[0m: 0.12 (StdDev 0.00) Mpps, 940 (StdDev 31) Mbit/s (959 Mbit/s with framing), total 3521518 packets with 3544843136 bytes (incl. CRC)
[0;34m[Device: id=0] TX[0m: 0.12 (StdDev 0.00) Mpps, 946 (StdDev 0) Mbit/s (965 Mbit/s with framing), total 3521509 packets with 3544832896 bytes (incl. CRC)
