[1;33m[WARN]  malloc() allocates objects >= 1 MiB from LuaJIT memory space.[0m
[1;33m[WARN]  Install libjemalloc if you encounter out of memory errors.[0m
[1;37m[INFO]  Initializing DPDK. This will take a few seconds...[0m
[1;37m[INFO]  Found 1 usable devices:[0m
   Device 0: B4:96:91:B3:8B:04 ([0;32mIntel Corporation Ethernet Controller E810-C for QSFP[0m)
[1;37m[INFO]  Waiting for devices to come up...[0m
[1;37m[INFO]  Device 0 (B4:96:91:B3:8B:04) is up: full-duplex 100000 MBit/s[0m
[1;37m[INFO]  [0;32m1 device is up.[0m[0m
[1;36m[Device: id=0] RX[0m: 0.08 Mpps, 43 Mbit/s (56 Mbit/s with framing)
[0;34m[Device: id=0] TX[0m: 0.08 Mpps, 43 Mbit/s (56 Mbit/s with framing)
[1;36m[Device: id=0] RX[0m: 0.00 Mpps, 3 Mbit/s (3 Mbit/s with framing)
[0;34m[Device: id=0] TX[0m: 0.08 Mpps, 43 Mbit/s (57 Mbit/s with framing)
[1;36m[Device: id=0] RX[0m: 0.00 Mpps, 0 Mbit/s (0 Mbit/s with framing)
[0;34m[Device: id=0] TX[0m: 0.08 Mpps, 43 Mbit/s (57 Mbit/s with framing)
[1;36m[Device: id=0] RX[0m: 0.00 Mpps, 0 Mbit/s (0 Mbit/s with framing)
[0;34m[Device: id=0] TX[0m: 0.08 Mpps, 43 Mbit/s (57 Mbit/s with framing)
[1;36m[Device: id=0] RX[0m: 0.00 Mpps, 2 Mbit/s (2 Mbit/s with framing)
[0;34m[Device: id=0] TX[0m: 0.08 Mpps, 43 Mbit/s (57 Mbit/s with framing)
[1;36m[Device: id=0] RX[0m: 0.00 Mpps, 0 Mbit/s (0 Mbit/s with framing)
[0;34m[Device: id=0] TX[0m: 0.08 Mpps, 43 Mbit/s (57 Mbit/s with framing)
[1;36m[Device: id=0] RX[0m: 0.00 Mpps, 0 Mbit/s (0 Mbit/s with framing)
[0;34m[Device: id=0] TX[0m: 0.08 Mpps, 43 Mbit/s (57 Mbit/s with framing)
[1;36m[Device: id=0] RX[0m: 0.00 Mpps, 0 Mbit/s (0 Mbit/s with framing)
[0;34m[Device: id=0] TX[0m: 0.08 Mpps, 43 Mbit/s (57 Mbit/s with framing)
[1;36m[Device: id=0] RX[0m: 0.00 Mpps, 0 Mbit/s (0 Mbit/s with framing)
[0;34m[Device: id=0] TX[0m: 0.08 Mpps, 43 Mbit/s (57 Mbit/s with framing)
[1;36m[Device: id=0] RX[0m: 0.00 Mpps, 0 Mbit/s (0 Mbit/s with framing)
[0;34m[Device: id=0] TX[0m: 0.08 Mpps, 43 Mbit/s (57 Mbit/s with framing)
[1;36m[Device: id=0] RX[0m: 0.00 Mpps, 0 Mbit/s (0 Mbit/s with framing)
[0;34m[Device: id=0] TX[0m: 0.08 Mpps, 43 Mbit/s (57 Mbit/s with framing)
[1;36m[Device: id=0] RX[0m: 0.00 Mpps, 0 Mbit/s (0 Mbit/s with framing)
[0;34m[Device: id=0] TX[0m: 0.08 Mpps, 43 Mbit/s (57 Mbit/s with framing)
[1;36m[Device: id=0] RX[0m: 0.00 Mpps, 0 Mbit/s (0 Mbit/s with framing)
[0;34m[Device: id=0] TX[0m: 0.08 Mpps, 43 Mbit/s (57 Mbit/s with framing)
[1;36m[Device: id=0] RX[0m: 0.00 Mpps, 0 Mbit/s (0 Mbit/s with framing)
[0;34m[Device: id=0] TX[0m: 0.08 Mpps, 43 Mbit/s (57 Mbit/s with framing)
[1;36m[Device: id=0] RX[0m: 0.00 Mpps, 0 Mbit/s (0 Mbit/s with framing)
[0;34m[Device: id=0] TX[0m: 0.08 Mpps, 43 Mbit/s (57 Mbit/s with framing)
[1;36m[Device: id=0] RX[0m: 0.00 Mpps, 0 Mbit/s (0 Mbit/s with framing)
[0;34m[Device: id=0] TX[0m: 0.08 Mpps, 43 Mbit/s (57 Mbit/s with framing)
[1;36m[Device: id=0] RX[0m: 0.00 Mpps, 0 Mbit/s (0 Mbit/s with framing)
[0;34m[Device: id=0] TX[0m: 0.08 Mpps, 43 Mbit/s (57 Mbit/s with framing)
[1;36m[Device: id=0] RX[0m: 0.00 Mpps, 0 Mbit/s (0 Mbit/s with framing)
[0;34m[Device: id=0] TX[0m: 0.08 Mpps, 43 Mbit/s (57 Mbit/s with framing)
[1;36m[Device: id=0] RX[0m: 0.00 Mpps, 0 Mbit/s (0 Mbit/s with framing)
[0;34m[Device: id=0] TX[0m: 0.08 Mpps, 43 Mbit/s (57 Mbit/s with framing)
[1;36m[Device: id=0] RX[0m: 0.00 Mpps, 0 Mbit/s (0 Mbit/s with framing)
[0;34m[Device: id=0] TX[0m: 0.08 Mpps, 43 Mbit/s (57 Mbit/s with framing)
[1;36m[Device: id=0] RX[0m: 0.00 Mpps, 0 Mbit/s (0 Mbit/s with framing)
[0;34m[Device: id=0] TX[0m: 0.08 Mpps, 43 Mbit/s (57 Mbit/s with framing)
[1;36m[Device: id=0] RX[0m: 0.05 Mpps, 25 Mbit/s (33 Mbit/s with framing)
[0;34m[Device: id=0] TX[0m: 0.09 Mpps, 44 Mbit/s (57 Mbit/s with framing)
[1;36m[Device: id=0] RX[0m: 0.09 Mpps, 44 Mbit/s (58 Mbit/s with framing)
[0;34m[Device: id=0] TX[0m: 0.09 Mpps, 44 Mbit/s (58 Mbit/s with framing)
[1;36m[Device: id=0] RX[0m: 0.09 Mpps, 44 Mbit/s (58 Mbit/s with framing)
[0;34m[Device: id=0] TX[0m: 0.09 Mpps, 44 Mbit/s (58 Mbit/s with framing)
[1;36m[Device: id=0] RX[0m: 0.09 Mpps, 44 Mbit/s (58 Mbit/s with framing)
[0;34m[Device: id=0] TX[0m: 0.09 Mpps, 44 Mbit/s (58 Mbit/s with framing)
[1;36m[Device: id=0] RX[0m: 0.09 Mpps, 44 Mbit/s (58 Mbit/s with framing)
[0;34m[Device: id=0] TX[0m: 0.09 Mpps, 44 Mbit/s (58 Mbit/s with framing)
[1;36m[Device: id=0] RX[0m: 0.09 Mpps, 44 Mbit/s (58 Mbit/s with framing)
[0;34m[Device: id=0] TX[0m: 0.09 Mpps, 44 Mbit/s (58 Mbit/s with framing)
[1;36m[Device: id=0] RX[0m: 0.09 Mpps, 44 Mbit/s (58 Mbit/s with framing)
[0;34m[Device: id=0] TX[0m: 0.09 Mpps, 44 Mbit/s (58 Mbit/s with framing)
[1;36m[Device: id=0] RX[0m: 0.09 Mpps, 44 Mbit/s (58 Mbit/s with framing)
[0;34m[Device: id=0] TX[0m: 0.09 Mpps, 44 Mbit/s (58 Mbit/s with framing)
Samples: 19055, Average: 116436.1 ns, StdDev: 37192.8 ns, Quartiles: 89444.0/116993.0/145955.0 ns
[1;37m[INFO]  Saving histogram to 'histogram.csv'[0m
[1;36m[Device: id=0] RX[0m: 0.07 Mpps, 37 Mbit/s (49 Mbit/s with framing)
[1;36m[Device: id=0] RX[0m: 0.03 (StdDev 0.04) Mpps, 13 (StdDev 20) Mbit/s (17 Mbit/s with framing), total 821882 packets with 52600468 bytes (incl. CRC)
[0;34m[Device: id=0] TX[0m: 0.08 (StdDev 0.00) Mpps, 43 (StdDev 0) Mbit/s (57 Mbit/s with framing), total 2540977 packets with 162622528 bytes (incl. CRC)
