[1;33m[WARN]  malloc() allocates objects >= 1 MiB from LuaJIT memory space.[0m
[1;33m[WARN]  Install libjemalloc if you encounter out of memory errors.[0m
[1;37m[INFO]  Initializing DPDK. This will take a few seconds...[0m
[1;37m[INFO]  Found 1 usable devices:[0m
   Device 0: B4:96:91:B3:8B:04 ([0;32mIntel Corporation Ethernet Controller E810-C for QSFP[0m)
[1;37m[INFO]  Waiting for devices to come up...[0m
[1;37m[INFO]  Device 0 (B4:96:91:B3:8B:04) is up: full-duplex 100000 MBit/s[0m
[1;37m[INFO]  [0;32m1 device is up.[0m[0m
[1;36m[Device: id=0] RX[0m: 0.16 Mpps, 1289 Mbit/s (1314 Mbit/s with framing)
[0;34m[Device: id=0] TX[0m: 0.16 Mpps, 1289 Mbit/s (1314 Mbit/s with framing)
[1;36m[Device: id=0] RX[0m: 0.16 Mpps, 1290 Mbit/s (1316 Mbit/s with framing)
[0;34m[Device: id=0] TX[0m: 0.16 Mpps, 1290 Mbit/s (1316 Mbit/s with framing)
[1;36m[Device: id=0] RX[0m: 0.16 Mpps, 1290 Mbit/s (1316 Mbit/s with framing)
[0;34m[Device: id=0] TX[0m: 0.16 Mpps, 1290 Mbit/s (1316 Mbit/s with framing)
[1;36m[Device: id=0] RX[0m: 0.16 Mpps, 1290 Mbit/s (1316 Mbit/s with framing)
[0;34m[Device: id=0] TX[0m: 0.16 Mpps, 1290 Mbit/s (1316 Mbit/s with framing)
[1;36m[Device: id=0] RX[0m: 0.16 Mpps, 1290 Mbit/s (1316 Mbit/s with framing)
[0;34m[Device: id=0] TX[0m: 0.16 Mpps, 1290 Mbit/s (1316 Mbit/s with framing)
[1;36m[Device: id=0] RX[0m: 0.16 Mpps, 1290 Mbit/s (1316 Mbit/s with framing)
[0;34m[Device: id=0] TX[0m: 0.16 Mpps, 1290 Mbit/s (1316 Mbit/s with framing)
[1;36m[Device: id=0] RX[0m: 0.16 Mpps, 1290 Mbit/s (1316 Mbit/s with framing)
[0;34m[Device: id=0] TX[0m: 0.16 Mpps, 1290 Mbit/s (1316 Mbit/s with framing)
[1;36m[Device: id=0] RX[0m: 0.16 Mpps, 1290 Mbit/s (1316 Mbit/s with framing)
[0;34m[Device: id=0] TX[0m: 0.16 Mpps, 1290 Mbit/s (1316 Mbit/s with framing)
[1;36m[Device: id=0] RX[0m: 0.16 Mpps, 1290 Mbit/s (1316 Mbit/s with framing)
[0;34m[Device: id=0] TX[0m: 0.16 Mpps, 1290 Mbit/s (1316 Mbit/s with framing)
[1;36m[Device: id=0] RX[0m: 0.16 Mpps, 1290 Mbit/s (1316 Mbit/s with framing)
[0;34m[Device: id=0] TX[0m: 0.16 Mpps, 1290 Mbit/s (1316 Mbit/s with framing)
[1;36m[Device: id=0] RX[0m: 0.16 Mpps, 1290 Mbit/s (1316 Mbit/s with framing)
[0;34m[Device: id=0] TX[0m: 0.16 Mpps, 1290 Mbit/s (1316 Mbit/s with framing)
[1;36m[Device: id=0] RX[0m: 0.16 Mpps, 1290 Mbit/s (1316 Mbit/s with framing)
[0;34m[Device: id=0] TX[0m: 0.16 Mpps, 1290 Mbit/s (1316 Mbit/s with framing)
[1;36m[Device: id=0] RX[0m: 0.16 Mpps, 1290 Mbit/s (1316 Mbit/s with framing)
[0;34m[Device: id=0] TX[0m: 0.16 Mpps, 1290 Mbit/s (1316 Mbit/s with framing)
[1;36m[Device: id=0] RX[0m: 0.16 Mpps, 1290 Mbit/s (1316 Mbit/s with framing)
[0;34m[Device: id=0] TX[0m: 0.16 Mpps, 1290 Mbit/s (1316 Mbit/s with framing)
[1;36m[Device: id=0] RX[0m: 0.16 Mpps, 1290 Mbit/s (1316 Mbit/s with framing)
[0;34m[Device: id=0] TX[0m: 0.16 Mpps, 1290 Mbit/s (1316 Mbit/s with framing)
[1;36m[Device: id=0] RX[0m: 0.16 Mpps, 1290 Mbit/s (1316 Mbit/s with framing)
[0;34m[Device: id=0] TX[0m: 0.16 Mpps, 1290 Mbit/s (1316 Mbit/s with framing)
[1;36m[Device: id=0] RX[0m: 0.16 Mpps, 1290 Mbit/s (1316 Mbit/s with framing)
[0;34m[Device: id=0] TX[0m: 0.16 Mpps, 1290 Mbit/s (1316 Mbit/s with framing)
[1;36m[Device: id=0] RX[0m: 0.12 Mpps, 957 Mbit/s (976 Mbit/s with framing)
[0;34m[Device: id=0] TX[0m: 0.16 Mpps, 1290 Mbit/s (1315 Mbit/s with framing)
[1;36m[Device: id=0] RX[0m: 0.00 Mpps, 0 Mbit/s (0 Mbit/s with framing)
[0;34m[Device: id=0] TX[0m: 0.16 Mpps, 1289 Mbit/s (1314 Mbit/s with framing)
[1;36m[Device: id=0] RX[0m: 0.00 Mpps, 0 Mbit/s (0 Mbit/s with framing)
[0;34m[Device: id=0] TX[0m: 0.16 Mpps, 1289 Mbit/s (1314 Mbit/s with framing)
[1;36m[Device: id=0] RX[0m: 0.00 Mpps, 0 Mbit/s (0 Mbit/s with framing)
[0;34m[Device: id=0] TX[0m: 0.16 Mpps, 1289 Mbit/s (1314 Mbit/s with framing)
[1;36m[Device: id=0] RX[0m: 0.01 Mpps, 71 Mbit/s (72 Mbit/s with framing)
[0;34m[Device: id=0] TX[0m: 0.16 Mpps, 1289 Mbit/s (1314 Mbit/s with framing)
[1;36m[Device: id=0] RX[0m: 0.16 Mpps, 1290 Mbit/s (1316 Mbit/s with framing)
[0;34m[Device: id=0] TX[0m: 0.16 Mpps, 1290 Mbit/s (1316 Mbit/s with framing)
[1;36m[Device: id=0] RX[0m: 0.16 Mpps, 1290 Mbit/s (1316 Mbit/s with framing)
[0;34m[Device: id=0] TX[0m: 0.16 Mpps, 1290 Mbit/s (1316 Mbit/s with framing)
[1;36m[Device: id=0] RX[0m: 0.16 Mpps, 1290 Mbit/s (1316 Mbit/s with framing)
[0;34m[Device: id=0] TX[0m: 0.16 Mpps, 1290 Mbit/s (1316 Mbit/s with framing)
[1;36m[Device: id=0] RX[0m: 0.16 Mpps, 1290 Mbit/s (1316 Mbit/s with framing)
[0;34m[Device: id=0] TX[0m: 0.16 Mpps, 1290 Mbit/s (1316 Mbit/s with framing)
[1;36m[Device: id=0] RX[0m: 0.16 Mpps, 1290 Mbit/s (1316 Mbit/s with framing)
[0;34m[Device: id=0] TX[0m: 0.16 Mpps, 1290 Mbit/s (1316 Mbit/s with framing)
[1;36m[Device: id=0] RX[0m: 0.16 Mpps, 1290 Mbit/s (1316 Mbit/s with framing)
[0;34m[Device: id=0] TX[0m: 0.16 Mpps, 1290 Mbit/s (1316 Mbit/s with framing)
[1;36m[Device: id=0] RX[0m: 0.16 Mpps, 1290 Mbit/s (1316 Mbit/s with framing)
[0;34m[Device: id=0] TX[0m: 0.16 Mpps, 1290 Mbit/s (1316 Mbit/s with framing)
Samples: 54696, Average: 101485.6 ns, StdDev: 24343.7 ns, Quartiles: 80588.0/101027.0/121631.0 ns
[1;37m[INFO]  Saving histogram to 'histogram.csv'[0m
[1;36m[Device: id=0] RX[0m: 0.13 Mpps, 1072 Mbit/s (1093 Mbit/s with framing)
[1;36m[Device: id=0] RX[0m: 0.14 (StdDev 0.06) Mpps, 1096 (StdDev 445) Mbit/s (1117 Mbit/s with framing), total 4107512 packets with 4153581786 bytes (incl. CRC)
[0;34m[Device: id=0] TX[0m: 0.16 (StdDev 0.00) Mpps, 1290 (StdDev 0) Mbit/s (1316 Mbit/s with framing), total 4772608 packets with 4834438912 bytes (incl. CRC)
