[1;33m[WARN]  malloc() allocates objects >= 1 MiB from LuaJIT memory space.[0m
[1;33m[WARN]  Install libjemalloc if you encounter out of memory errors.[0m
[1;37m[INFO]  Initializing DPDK. This will take a few seconds...[0m
[1;37m[INFO]  Found 1 usable devices:[0m
   Device 0: B4:96:91:B3:8B:04 ([0;32mIntel Corporation Ethernet Controller E810-C for QSFP[0m)
[1;37m[INFO]  Waiting for devices to come up...[0m
[1;37m[INFO]  Device 0 (B4:96:91:B3:8B:04) is up: full-duplex 100000 MBit/s[0m
[1;37m[INFO]  [0;32m1 device is up.[0m[0m
[1;36m[Device: id=0] RX[0m: 0.16 Mpps, 1289 Mbit/s (1314 Mbit/s with framing)
[0;34m[Device: id=0] TX[0m: 0.16 Mpps, 1289 Mbit/s (1314 Mbit/s with framing)
[1;36m[Device: id=0] RX[0m: 0.16 Mpps, 1290 Mbit/s (1316 Mbit/s with framing)
[0;34m[Device: id=0] TX[0m: 0.16 Mpps, 1290 Mbit/s (1316 Mbit/s with framing)
[1;36m[Device: id=0] RX[0m: 0.16 Mpps, 1290 Mbit/s (1316 Mbit/s with framing)
[0;34m[Device: id=0] TX[0m: 0.16 Mpps, 1290 Mbit/s (1316 Mbit/s with framing)
[1;36m[Device: id=0] RX[0m: 0.16 Mpps, 1290 Mbit/s (1316 Mbit/s with framing)
[0;34m[Device: id=0] TX[0m: 0.16 Mpps, 1290 Mbit/s (1316 Mbit/s with framing)
[1;36m[Device: id=0] RX[0m: 0.16 Mpps, 1290 Mbit/s (1316 Mbit/s with framing)
[0;34m[Device: id=0] TX[0m: 0.16 Mpps, 1290 Mbit/s (1316 Mbit/s with framing)
[1;36m[Device: id=0] RX[0m: 0.16 Mpps, 1290 Mbit/s (1316 Mbit/s with framing)
[0;34m[Device: id=0] TX[0m: 0.16 Mpps, 1290 Mbit/s (1316 Mbit/s with framing)
[1;36m[Device: id=0] RX[0m: 0.16 Mpps, 1290 Mbit/s (1316 Mbit/s with framing)
[0;34m[Device: id=0] TX[0m: 0.16 Mpps, 1290 Mbit/s (1316 Mbit/s with framing)
[1;36m[Device: id=0] RX[0m: 0.16 Mpps, 1290 Mbit/s (1316 Mbit/s with framing)
[0;34m[Device: id=0] TX[0m: 0.16 Mpps, 1290 Mbit/s (1316 Mbit/s with framing)
[1;36m[Device: id=0] RX[0m: 0.16 Mpps, 1290 Mbit/s (1316 Mbit/s with framing)
[0;34m[Device: id=0] TX[0m: 0.16 Mpps, 1290 Mbit/s (1316 Mbit/s with framing)
[1;36m[Device: id=0] RX[0m: 0.02 Mpps, 149 Mbit/s (152 Mbit/s with framing)
[0;34m[Device: id=0] TX[0m: 0.16 Mpps, 1289 Mbit/s (1314 Mbit/s with framing)
[1;36m[Device: id=0] RX[0m: 0.00 Mpps, 0 Mbit/s (0 Mbit/s with framing)
[0;34m[Device: id=0] TX[0m: 0.16 Mpps, 1289 Mbit/s (1314 Mbit/s with framing)
[1;36m[Device: id=0] RX[0m: 0.00 Mpps, 0 Mbit/s (0 Mbit/s with framing)
[0;34m[Device: id=0] TX[0m: 0.16 Mpps, 1289 Mbit/s (1314 Mbit/s with framing)
[1;36m[Device: id=0] RX[0m: 0.00 Mpps, 0 Mbit/s (0 Mbit/s with framing)
[0;34m[Device: id=0] TX[0m: 0.16 Mpps, 1289 Mbit/s (1314 Mbit/s with framing)
[1;36m[Device: id=0] RX[0m: 0.00 Mpps, 0 Mbit/s (0 Mbit/s with framing)
[0;34m[Device: id=0] TX[0m: 0.16 Mpps, 1289 Mbit/s (1314 Mbit/s with framing)
[1;36m[Device: id=0] RX[0m: 0.00 Mpps, 0 Mbit/s (0 Mbit/s with framing)
[0;34m[Device: id=0] TX[0m: 0.16 Mpps, 1289 Mbit/s (1314 Mbit/s with framing)
[1;36m[Device: id=0] RX[0m: 0.00 Mpps, 0 Mbit/s (0 Mbit/s with framing)
[0;34m[Device: id=0] TX[0m: 0.16 Mpps, 1289 Mbit/s (1314 Mbit/s with framing)
[1;36m[Device: id=0] RX[0m: 0.00 Mpps, 0 Mbit/s (0 Mbit/s with framing)
[0;34m[Device: id=0] TX[0m: 0.16 Mpps, 1289 Mbit/s (1314 Mbit/s with framing)
[1;36m[Device: id=0] RX[0m: 0.00 Mpps, 0 Mbit/s (0 Mbit/s with framing)
[0;34m[Device: id=0] TX[0m: 0.16 Mpps, 1289 Mbit/s (1314 Mbit/s with framing)
[1;36m[Device: id=0] RX[0m: 0.00 Mpps, 0 Mbit/s (0 Mbit/s with framing)
[0;34m[Device: id=0] TX[0m: 0.16 Mpps, 1289 Mbit/s (1314 Mbit/s with framing)
[1;36m[Device: id=0] RX[0m: 0.00 Mpps, 0 Mbit/s (0 Mbit/s with framing)
[0;34m[Device: id=0] TX[0m: 0.16 Mpps, 1289 Mbit/s (1314 Mbit/s with framing)
[1;36m[Device: id=0] RX[0m: 0.00 Mpps, 37 Mbit/s (38 Mbit/s with framing)
[0;34m[Device: id=0] TX[0m: 0.16 Mpps, 1289 Mbit/s (1314 Mbit/s with framing)
[1;36m[Device: id=0] RX[0m: 0.00 Mpps, 0 Mbit/s (0 Mbit/s with framing)
[0;34m[Device: id=0] TX[0m: 0.16 Mpps, 1289 Mbit/s (1314 Mbit/s with framing)
[1;36m[Device: id=0] RX[0m: 0.00 Mpps, 0 Mbit/s (0 Mbit/s with framing)
[0;34m[Device: id=0] TX[0m: 0.16 Mpps, 1289 Mbit/s (1314 Mbit/s with framing)
[1;36m[Device: id=0] RX[0m: 0.00 Mpps, 0 Mbit/s (0 Mbit/s with framing)
[0;34m[Device: id=0] TX[0m: 0.16 Mpps, 1289 Mbit/s (1314 Mbit/s with framing)
[1;36m[Device: id=0] RX[0m: 0.00 Mpps, 0 Mbit/s (0 Mbit/s with framing)
[0;34m[Device: id=0] TX[0m: 0.16 Mpps, 1289 Mbit/s (1314 Mbit/s with framing)
[1;36m[Device: id=0] RX[0m: 0.07 Mpps, 587 Mbit/s (598 Mbit/s with framing)
[0;34m[Device: id=0] TX[0m: 0.16 Mpps, 1290 Mbit/s (1315 Mbit/s with framing)
[1;36m[Device: id=0] RX[0m: 0.16 Mpps, 1290 Mbit/s (1316 Mbit/s with framing)
[0;34m[Device: id=0] TX[0m: 0.16 Mpps, 1290 Mbit/s (1316 Mbit/s with framing)
[1;36m[Device: id=0] RX[0m: 0.16 Mpps, 1290 Mbit/s (1316 Mbit/s with framing)
[0;34m[Device: id=0] TX[0m: 0.16 Mpps, 1290 Mbit/s (1316 Mbit/s with framing)
[1;36m[Device: id=0] RX[0m: 0.16 Mpps, 1290 Mbit/s (1316 Mbit/s with framing)
[0;34m[Device: id=0] TX[0m: 0.16 Mpps, 1290 Mbit/s (1316 Mbit/s with framing)
Samples: 27373, Average: 108826.0 ns, StdDev: 27733.6 ns, Quartiles: 85526.0/107718.0/129739.0 ns
[1;37m[INFO]  Saving histogram to 'histogram.csv'[0m
[1;36m[Device: id=0] RX[0m: 0.13 Mpps, 1059 Mbit/s (1080 Mbit/s with framing)
[1;36m[Device: id=0] RX[0m: 0.07 (StdDev 0.08) Mpps, 553 (StdDev 625) Mbit/s (564 Mbit/s with framing), total 2150335 packets with 2175664397 bytes (incl. CRC)
[0;34m[Device: id=0] TX[0m: 0.16 (StdDev 0.00) Mpps, 1290 (StdDev 1) Mbit/s (1315 Mbit/s with framing), total 4745098 packets with 4831911232 bytes (incl. CRC)
