[1;33m[WARN]  malloc() allocates objects >= 1 MiB from LuaJIT memory space.[0m
[1;33m[WARN]  Install libjemalloc if you encounter out of memory errors.[0m
[1;37m[INFO]  Initializing DPDK. This will take a few seconds...[0m
[1;37m[INFO]  Found 1 usable devices:[0m
   Device 0: B4:96:91:B3:8B:04 ([0;32mIntel Corporation Ethernet Controller E810-C for QSFP[0m)
[1;37m[INFO]  Waiting for devices to come up...[0m
[1;37m[INFO]  Device 0 (B4:96:91:B3:8B:04) is up: full-duplex 100000 MBit/s[0m
[1;37m[INFO]  [0;32m1 device is up.[0m[0m
[1;36m[Device: id=0] RX[0m: 0.05 Mpps, 29 Mbit/s (37 Mbit/s with framing)
[0;34m[Device: id=0] TX[0m: 0.05 Mpps, 27 Mbit/s (35 Mbit/s with framing)
[1;36m[Device: id=0] RX[0m: 0.05 Mpps, 30 Mbit/s (38 Mbit/s with framing)
[0;34m[Device: id=0] TX[0m: 0.05 Mpps, 28 Mbit/s (37 Mbit/s with framing)
[1;36m[Device: id=0] RX[0m: 0.05 Mpps, 30 Mbit/s (39 Mbit/s with framing)
[0;34m[Device: id=0] TX[0m: 0.05 Mpps, 28 Mbit/s (37 Mbit/s with framing)
[1;36m[Device: id=0] RX[0m: 0.05 Mpps, 30 Mbit/s (38 Mbit/s with framing)
[0;34m[Device: id=0] TX[0m: 0.05 Mpps, 28 Mbit/s (37 Mbit/s with framing)
[1;36m[Device: id=0] RX[0m: 0.05 Mpps, 30 Mbit/s (39 Mbit/s with framing)
[0;34m[Device: id=0] TX[0m: 0.05 Mpps, 28 Mbit/s (37 Mbit/s with framing)
[1;36m[Device: id=0] RX[0m: 0.05 Mpps, 30 Mbit/s (39 Mbit/s with framing)
[0;34m[Device: id=0] TX[0m: 0.05 Mpps, 28 Mbit/s (37 Mbit/s with framing)
[1;36m[Device: id=0] RX[0m: 0.05 Mpps, 30 Mbit/s (39 Mbit/s with framing)
[0;34m[Device: id=0] TX[0m: 0.05 Mpps, 28 Mbit/s (37 Mbit/s with framing)
[1;36m[Device: id=0] RX[0m: 0.05 Mpps, 30 Mbit/s (38 Mbit/s with framing)
[0;34m[Device: id=0] TX[0m: 0.05 Mpps, 28 Mbit/s (37 Mbit/s with framing)
[1;36m[Device: id=0] RX[0m: 0.05 Mpps, 30 Mbit/s (39 Mbit/s with framing)
[0;34m[Device: id=0] TX[0m: 0.05 Mpps, 28 Mbit/s (37 Mbit/s with framing)
[1;36m[Device: id=0] RX[0m: 0.05 Mpps, 30 Mbit/s (38 Mbit/s with framing)
[0;34m[Device: id=0] TX[0m: 0.05 Mpps, 28 Mbit/s (37 Mbit/s with framing)
[1;36m[Device: id=0] RX[0m: 0.05 Mpps, 30 Mbit/s (39 Mbit/s with framing)
[0;34m[Device: id=0] TX[0m: 0.05 Mpps, 28 Mbit/s (37 Mbit/s with framing)
[1;36m[Device: id=0] RX[0m: 0.05 Mpps, 30 Mbit/s (39 Mbit/s with framing)
[0;34m[Device: id=0] TX[0m: 0.05 Mpps, 28 Mbit/s (37 Mbit/s with framing)
[1;36m[Device: id=0] RX[0m: 0.05 Mpps, 30 Mbit/s (39 Mbit/s with framing)
[0;34m[Device: id=0] TX[0m: 0.05 Mpps, 28 Mbit/s (37 Mbit/s with framing)
[1;36m[Device: id=0] RX[0m: 0.05 Mpps, 30 Mbit/s (39 Mbit/s with framing)
[0;34m[Device: id=0] TX[0m: 0.05 Mpps, 28 Mbit/s (37 Mbit/s with framing)
[1;36m[Device: id=0] RX[0m: 0.05 Mpps, 30 Mbit/s (39 Mbit/s with framing)
[0;34m[Device: id=0] TX[0m: 0.05 Mpps, 28 Mbit/s (37 Mbit/s with framing)
[1;36m[Device: id=0] RX[0m: 0.05 Mpps, 30 Mbit/s (39 Mbit/s with framing)
[0;34m[Device: id=0] TX[0m: 0.05 Mpps, 28 Mbit/s (37 Mbit/s with framing)
[1;36m[Device: id=0] RX[0m: 0.05 Mpps, 30 Mbit/s (39 Mbit/s with framing)
[0;34m[Device: id=0] TX[0m: 0.05 Mpps, 28 Mbit/s (37 Mbit/s with framing)
[1;36m[Device: id=0] RX[0m: 0.05 Mpps, 30 Mbit/s (39 Mbit/s with framing)
[0;34m[Device: id=0] TX[0m: 0.05 Mpps, 28 Mbit/s (37 Mbit/s with framing)
[1;36m[Device: id=0] RX[0m: 0.05 Mpps, 30 Mbit/s (39 Mbit/s with framing)
[0;34m[Device: id=0] TX[0m: 0.05 Mpps, 28 Mbit/s (37 Mbit/s with framing)
[1;36m[Device: id=0] RX[0m: 0.05 Mpps, 30 Mbit/s (39 Mbit/s with framing)
[0;34m[Device: id=0] TX[0m: 0.05 Mpps, 28 Mbit/s (37 Mbit/s with framing)
[1;36m[Device: id=0] RX[0m: 0.05 Mpps, 30 Mbit/s (38 Mbit/s with framing)
[0;34m[Device: id=0] TX[0m: 0.05 Mpps, 28 Mbit/s (37 Mbit/s with framing)
[1;36m[Device: id=0] RX[0m: 0.05 Mpps, 30 Mbit/s (39 Mbit/s with framing)
[0;34m[Device: id=0] TX[0m: 0.05 Mpps, 28 Mbit/s (37 Mbit/s with framing)
[1;36m[Device: id=0] RX[0m: 0.05 Mpps, 30 Mbit/s (38 Mbit/s with framing)
[0;34m[Device: id=0] TX[0m: 0.05 Mpps, 28 Mbit/s (37 Mbit/s with framing)
[1;36m[Device: id=0] RX[0m: 0.05 Mpps, 30 Mbit/s (39 Mbit/s with framing)
[0;34m[Device: id=0] TX[0m: 0.05 Mpps, 28 Mbit/s (37 Mbit/s with framing)
[1;36m[Device: id=0] RX[0m: 0.05 Mpps, 30 Mbit/s (38 Mbit/s with framing)
[0;34m[Device: id=0] TX[0m: 0.05 Mpps, 28 Mbit/s (37 Mbit/s with framing)
[1;36m[Device: id=0] RX[0m: 0.05 Mpps, 30 Mbit/s (39 Mbit/s with framing)
[0;34m[Device: id=0] TX[0m: 0.05 Mpps, 28 Mbit/s (37 Mbit/s with framing)
[1;36m[Device: id=0] RX[0m: 0.05 Mpps, 30 Mbit/s (38 Mbit/s with framing)
[0;34m[Device: id=0] TX[0m: 0.05 Mpps, 28 Mbit/s (37 Mbit/s with framing)
[1;36m[Device: id=0] RX[0m: 0.05 Mpps, 30 Mbit/s (39 Mbit/s with framing)
[0;34m[Device: id=0] TX[0m: 0.05 Mpps, 28 Mbit/s (37 Mbit/s with framing)
[1;36m[Device: id=0] RX[0m: 0.05 Mpps, 30 Mbit/s (39 Mbit/s with framing)
[0;34m[Device: id=0] TX[0m: 0.05 Mpps, 28 Mbit/s (37 Mbit/s with framing)
Samples: 63655, Average: 47269.7 ns, StdDev: 37147.7 ns, Quartiles: 17453.0/24775.0/69282.0 ns
[1;37m[INFO]  Saving histogram to 'histogram.csv'[0m
[1;36m[Device: id=0] RX[0m: 0.05 Mpps, 25 Mbit/s (32 Mbit/s with framing)
[1;36m[Device: id=0] RX[0m: 0.05 (StdDev 0.00) Mpps, 30 (StdDev 1) Mbit/s (38 Mbit/s with framing), total 1638958 packets with 111449144 bytes (incl. CRC)
[0;34m[Device: id=0] TX[0m: 0.05 (StdDev 0.00) Mpps, 28 (StdDev 0) Mbit/s (37 Mbit/s with framing), total 1638958 packets with 104893312 bytes (incl. CRC)
