[1;33m[WARN]  malloc() allocates objects >= 1 MiB from LuaJIT memory space.[0m
[1;33m[WARN]  Install libjemalloc if you encounter out of memory errors.[0m
[1;37m[INFO]  Initializing DPDK. This will take a few seconds...[0m
[1;37m[INFO]  Found 1 usable devices:[0m
   Device 0: B4:96:91:B3:8B:04 ([0;32mIntel Corporation Ethernet Controller E810-C for QSFP[0m)
[1;37m[INFO]  Waiting for devices to come up...[0m
[1;37m[INFO]  Device 0 (B4:96:91:B3:8B:04) is up: full-duplex 100000 MBit/s[0m
[1;37m[INFO]  [0;32m1 device is up.[0m[0m
[1;36m[Device: id=0] RX[0m: 0.03 Mpps, 17 Mbit/s (22 Mbit/s with framing)
[0;34m[Device: id=0] TX[0m: 0.03 Mpps, 16 Mbit/s (21 Mbit/s with framing)
[1;36m[Device: id=0] RX[0m: 0.03 Mpps, 18 Mbit/s (24 Mbit/s with framing)
[0;34m[Device: id=0] TX[0m: 0.03 Mpps, 17 Mbit/s (23 Mbit/s with framing)
[1;36m[Device: id=0] RX[0m: 0.03 Mpps, 18 Mbit/s (24 Mbit/s with framing)
[0;34m[Device: id=0] TX[0m: 0.03 Mpps, 17 Mbit/s (23 Mbit/s with framing)
[1;36m[Device: id=0] RX[0m: 0.03 Mpps, 18 Mbit/s (24 Mbit/s with framing)
[0;34m[Device: id=0] TX[0m: 0.03 Mpps, 17 Mbit/s (23 Mbit/s with framing)
[1;36m[Device: id=0] RX[0m: 0.03 Mpps, 18 Mbit/s (24 Mbit/s with framing)
[0;34m[Device: id=0] TX[0m: 0.03 Mpps, 17 Mbit/s (23 Mbit/s with framing)
[1;36m[Device: id=0] RX[0m: 0.03 Mpps, 18 Mbit/s (24 Mbit/s with framing)
[0;34m[Device: id=0] TX[0m: 0.03 Mpps, 17 Mbit/s (23 Mbit/s with framing)
[1;36m[Device: id=0] RX[0m: 0.03 Mpps, 18 Mbit/s (24 Mbit/s with framing)
[0;34m[Device: id=0] TX[0m: 0.03 Mpps, 17 Mbit/s (23 Mbit/s with framing)
[1;36m[Device: id=0] RX[0m: 0.03 Mpps, 18 Mbit/s (24 Mbit/s with framing)
[0;34m[Device: id=0] TX[0m: 0.03 Mpps, 17 Mbit/s (23 Mbit/s with framing)
[1;36m[Device: id=0] RX[0m: 0.03 Mpps, 18 Mbit/s (24 Mbit/s with framing)
[0;34m[Device: id=0] TX[0m: 0.03 Mpps, 17 Mbit/s (23 Mbit/s with framing)
[1;36m[Device: id=0] RX[0m: 0.03 Mpps, 18 Mbit/s (24 Mbit/s with framing)
[0;34m[Device: id=0] TX[0m: 0.03 Mpps, 17 Mbit/s (23 Mbit/s with framing)
[1;36m[Device: id=0] RX[0m: 0.03 Mpps, 18 Mbit/s (24 Mbit/s with framing)
[0;34m[Device: id=0] TX[0m: 0.03 Mpps, 17 Mbit/s (23 Mbit/s with framing)
[1;36m[Device: id=0] RX[0m: 0.03 Mpps, 18 Mbit/s (24 Mbit/s with framing)
[0;34m[Device: id=0] TX[0m: 0.03 Mpps, 17 Mbit/s (23 Mbit/s with framing)
[1;36m[Device: id=0] RX[0m: 0.03 Mpps, 18 Mbit/s (24 Mbit/s with framing)
[0;34m[Device: id=0] TX[0m: 0.03 Mpps, 17 Mbit/s (23 Mbit/s with framing)
[1;36m[Device: id=0] RX[0m: 0.03 Mpps, 18 Mbit/s (24 Mbit/s with framing)
[0;34m[Device: id=0] TX[0m: 0.03 Mpps, 17 Mbit/s (23 Mbit/s with framing)
[1;36m[Device: id=0] RX[0m: 0.03 Mpps, 18 Mbit/s (24 Mbit/s with framing)
[0;34m[Device: id=0] TX[0m: 0.03 Mpps, 17 Mbit/s (23 Mbit/s with framing)
[1;36m[Device: id=0] RX[0m: 0.03 Mpps, 18 Mbit/s (24 Mbit/s with framing)
[0;34m[Device: id=0] TX[0m: 0.03 Mpps, 17 Mbit/s (23 Mbit/s with framing)
[1;36m[Device: id=0] RX[0m: 0.03 Mpps, 18 Mbit/s (24 Mbit/s with framing)
[0;34m[Device: id=0] TX[0m: 0.03 Mpps, 17 Mbit/s (23 Mbit/s with framing)
[1;36m[Device: id=0] RX[0m: 0.03 Mpps, 18 Mbit/s (24 Mbit/s with framing)
[0;34m[Device: id=0] TX[0m: 0.03 Mpps, 17 Mbit/s (23 Mbit/s with framing)
[1;36m[Device: id=0] RX[0m: 0.03 Mpps, 18 Mbit/s (24 Mbit/s with framing)
[0;34m[Device: id=0] TX[0m: 0.03 Mpps, 17 Mbit/s (23 Mbit/s with framing)
[1;36m[Device: id=0] RX[0m: 0.03 Mpps, 18 Mbit/s (24 Mbit/s with framing)
[0;34m[Device: id=0] TX[0m: 0.03 Mpps, 17 Mbit/s (23 Mbit/s with framing)
[1;36m[Device: id=0] RX[0m: 0.03 Mpps, 18 Mbit/s (24 Mbit/s with framing)
[0;34m[Device: id=0] TX[0m: 0.03 Mpps, 17 Mbit/s (23 Mbit/s with framing)
[1;36m[Device: id=0] RX[0m: 0.03 Mpps, 18 Mbit/s (24 Mbit/s with framing)
[0;34m[Device: id=0] TX[0m: 0.03 Mpps, 17 Mbit/s (23 Mbit/s with framing)
[1;36m[Device: id=0] RX[0m: 0.03 Mpps, 18 Mbit/s (24 Mbit/s with framing)
[0;34m[Device: id=0] TX[0m: 0.03 Mpps, 17 Mbit/s (23 Mbit/s with framing)
[1;36m[Device: id=0] RX[0m: 0.03 Mpps, 18 Mbit/s (24 Mbit/s with framing)
[0;34m[Device: id=0] TX[0m: 0.03 Mpps, 17 Mbit/s (23 Mbit/s with framing)
[1;36m[Device: id=0] RX[0m: 0.03 Mpps, 18 Mbit/s (24 Mbit/s with framing)
[0;34m[Device: id=0] TX[0m: 0.03 Mpps, 17 Mbit/s (23 Mbit/s with framing)
[1;36m[Device: id=0] RX[0m: 0.03 Mpps, 18 Mbit/s (24 Mbit/s with framing)
[0;34m[Device: id=0] TX[0m: 0.03 Mpps, 17 Mbit/s (23 Mbit/s with framing)
[1;36m[Device: id=0] RX[0m: 0.03 Mpps, 18 Mbit/s (24 Mbit/s with framing)
[0;34m[Device: id=0] TX[0m: 0.03 Mpps, 17 Mbit/s (23 Mbit/s with framing)
[1;36m[Device: id=0] RX[0m: 0.03 Mpps, 18 Mbit/s (24 Mbit/s with framing)
[0;34m[Device: id=0] TX[0m: 0.03 Mpps, 17 Mbit/s (23 Mbit/s with framing)
[1;36m[Device: id=0] RX[0m: 0.03 Mpps, 18 Mbit/s (24 Mbit/s with framing)
[0;34m[Device: id=0] TX[0m: 0.03 Mpps, 17 Mbit/s (23 Mbit/s with framing)
Samples: 64369, Average: 23376.5 ns, StdDev: 23740.3 ns, Quartiles: 13104.0/14044.0/14871.0 ns
[1;37m[INFO]  Saving histogram to 'histogram.csv'[0m
[1;36m[Device: id=0] RX[0m: 0.03 Mpps, 15 Mbit/s (20 Mbit/s with framing)
[1;36m[Device: id=0] RX[0m: 0.03 (StdDev 0.00) Mpps, 18 (StdDev 1) Mbit/s (24 Mbit/s with framing), total 1009715 packets with 68660620 bytes (incl. CRC)
[0;34m[Device: id=0] TX[0m: 0.03 (StdDev 0.00) Mpps, 17 (StdDev 0) Mbit/s (23 Mbit/s with framing), total 1009715 packets with 64621760 bytes (incl. CRC)
