[1;33m[WARN]  malloc() allocates objects >= 1 MiB from LuaJIT memory space.[0m
[1;33m[WARN]  Install libjemalloc if you encounter out of memory errors.[0m
[1;37m[INFO]  Initializing DPDK. This will take a few seconds...[0m
[1;37m[INFO]  Found 1 usable devices:[0m
   Device 0: B4:96:91:B3:8B:04 ([0;32mIntel Corporation Ethernet Controller E810-C for QSFP[0m)
[1;37m[INFO]  Waiting for devices to come up...[0m
[1;37m[INFO]  Device 0 (B4:96:91:B3:8B:04) is up: full-duplex 100000 MBit/s[0m
[1;37m[INFO]  [0;32m1 device is up.[0m[0m
[1;36m[Device: id=0] RX[0m: 0.14 Mpps, -146805938191401 Mbit/s (-146805938191379 Mbit/s with framing)
[0;34m[Device: id=0] TX[0m: 0.14 Mpps, 1121 Mbit/s (1142 Mbit/s with framing)
[1;36m[Device: id=0] RX[0m: 0.14 Mpps, 1126 Mbit/s (1148 Mbit/s with framing)
[0;34m[Device: id=0] TX[0m: 0.14 Mpps, 1122 Mbit/s (1144 Mbit/s with framing)
[1;36m[Device: id=0] RX[0m: 0.14 Mpps, 1126 Mbit/s (1148 Mbit/s with framing)
[0;34m[Device: id=0] TX[0m: 0.14 Mpps, 1122 Mbit/s (1144 Mbit/s with framing)
[1;36m[Device: id=0] RX[0m: 0.14 Mpps, 1126 Mbit/s (1148 Mbit/s with framing)
[0;34m[Device: id=0] TX[0m: 0.14 Mpps, 1122 Mbit/s (1144 Mbit/s with framing)
[1;36m[Device: id=0] RX[0m: 0.14 Mpps, 1126 Mbit/s (1148 Mbit/s with framing)
[0;34m[Device: id=0] TX[0m: 0.14 Mpps, 1122 Mbit/s (1144 Mbit/s with framing)
[1;36m[Device: id=0] RX[0m: 0.14 Mpps, 1126 Mbit/s (1148 Mbit/s with framing)
[0;34m[Device: id=0] TX[0m: 0.14 Mpps, 1122 Mbit/s (1144 Mbit/s with framing)
[1;36m[Device: id=0] RX[0m: 0.14 Mpps, 1126 Mbit/s (1148 Mbit/s with framing)
[0;34m[Device: id=0] TX[0m: 0.14 Mpps, 1122 Mbit/s (1144 Mbit/s with framing)
[1;36m[Device: id=0] RX[0m: 0.14 Mpps, 1126 Mbit/s (1149 Mbit/s with framing)
[0;34m[Device: id=0] TX[0m: 0.14 Mpps, 1122 Mbit/s (1144 Mbit/s with framing)
[1;36m[Device: id=0] RX[0m: 0.14 Mpps, 1126 Mbit/s (1148 Mbit/s with framing)
[0;34m[Device: id=0] TX[0m: 0.14 Mpps, 1122 Mbit/s (1144 Mbit/s with framing)
[1;36m[Device: id=0] RX[0m: 0.14 Mpps, 1126 Mbit/s (1148 Mbit/s with framing)
[0;34m[Device: id=0] TX[0m: 0.14 Mpps, 1122 Mbit/s (1144 Mbit/s with framing)
[1;36m[Device: id=0] RX[0m: 0.14 Mpps, 1126 Mbit/s (1148 Mbit/s with framing)
[0;34m[Device: id=0] TX[0m: 0.14 Mpps, 1122 Mbit/s (1144 Mbit/s with framing)
[1;36m[Device: id=0] RX[0m: 0.14 Mpps, 1126 Mbit/s (1148 Mbit/s with framing)
[0;34m[Device: id=0] TX[0m: 0.14 Mpps, 1122 Mbit/s (1144 Mbit/s with framing)
[1;36m[Device: id=0] RX[0m: 0.14 Mpps, 1126 Mbit/s (1148 Mbit/s with framing)
[0;34m[Device: id=0] TX[0m: 0.14 Mpps, 1122 Mbit/s (1144 Mbit/s with framing)
[1;36m[Device: id=0] RX[0m: 0.14 Mpps, 1126 Mbit/s (1148 Mbit/s with framing)
[0;34m[Device: id=0] TX[0m: 0.14 Mpps, 1122 Mbit/s (1144 Mbit/s with framing)
[1;36m[Device: id=0] RX[0m: 0.14 Mpps, 1126 Mbit/s (1148 Mbit/s with framing)
[0;34m[Device: id=0] TX[0m: 0.14 Mpps, 1122 Mbit/s (1144 Mbit/s with framing)
[1;36m[Device: id=0] RX[0m: 0.14 Mpps, 1126 Mbit/s (1148 Mbit/s with framing)
[0;34m[Device: id=0] TX[0m: 0.14 Mpps, 1122 Mbit/s (1144 Mbit/s with framing)
[1;36m[Device: id=0] RX[0m: 0.14 Mpps, 1126 Mbit/s (1148 Mbit/s with framing)
[0;34m[Device: id=0] TX[0m: 0.14 Mpps, 1122 Mbit/s (1144 Mbit/s with framing)
[1;36m[Device: id=0] RX[0m: 0.14 Mpps, 1126 Mbit/s (1148 Mbit/s with framing)
[0;34m[Device: id=0] TX[0m: 0.14 Mpps, 1122 Mbit/s (1144 Mbit/s with framing)
[1;36m[Device: id=0] RX[0m: 0.14 Mpps, 1126 Mbit/s (1148 Mbit/s with framing)
[0;34m[Device: id=0] TX[0m: 0.14 Mpps, 1122 Mbit/s (1144 Mbit/s with framing)
[1;36m[Device: id=0] RX[0m: 0.14 Mpps, 1126 Mbit/s (1148 Mbit/s with framing)
[0;34m[Device: id=0] TX[0m: 0.14 Mpps, 1122 Mbit/s (1144 Mbit/s with framing)
[1;36m[Device: id=0] RX[0m: 0.14 Mpps, 1126 Mbit/s (1148 Mbit/s with framing)
[0;34m[Device: id=0] TX[0m: 0.14 Mpps, 1122 Mbit/s (1144 Mbit/s with framing)
[1;36m[Device: id=0] RX[0m: 0.14 Mpps, 1126 Mbit/s (1148 Mbit/s with framing)
[0;34m[Device: id=0] TX[0m: 0.14 Mpps, 1122 Mbit/s (1144 Mbit/s with framing)
[1;36m[Device: id=0] RX[0m: 0.14 Mpps, 1126 Mbit/s (1149 Mbit/s with framing)
[0;34m[Device: id=0] TX[0m: 0.14 Mpps, 1122 Mbit/s (1144 Mbit/s with framing)
[1;36m[Device: id=0] RX[0m: 0.14 Mpps, 1126 Mbit/s (1148 Mbit/s with framing)
[0;34m[Device: id=0] TX[0m: 0.14 Mpps, 1122 Mbit/s (1144 Mbit/s with framing)
[1;36m[Device: id=0] RX[0m: 0.14 Mpps, 1126 Mbit/s (1148 Mbit/s with framing)
[0;34m[Device: id=0] TX[0m: 0.14 Mpps, 1122 Mbit/s (1144 Mbit/s with framing)
[1;36m[Device: id=0] RX[0m: 0.14 Mpps, 1126 Mbit/s (1148 Mbit/s with framing)
[0;34m[Device: id=0] TX[0m: 0.14 Mpps, 1122 Mbit/s (1144 Mbit/s with framing)
[1;36m[Device: id=0] RX[0m: 0.14 Mpps, 1126 Mbit/s (1148 Mbit/s with framing)
[0;34m[Device: id=0] TX[0m: 0.14 Mpps, 1122 Mbit/s (1144 Mbit/s with framing)
[1;36m[Device: id=0] RX[0m: 0.14 Mpps, 1126 Mbit/s (1148 Mbit/s with framing)
[0;34m[Device: id=0] TX[0m: 0.14 Mpps, 1122 Mbit/s (1144 Mbit/s with framing)
[1;36m[Device: id=0] RX[0m: 0.14 Mpps, 1126 Mbit/s (1148 Mbit/s with framing)
[0;34m[Device: id=0] TX[0m: 0.14 Mpps, 1122 Mbit/s (1144 Mbit/s with framing)
Samples: 63681, Average: 104673.4 ns, StdDev: 31508.4 ns, Quartiles: 77608.0/104410.0/131702.0 ns
[1;37m[INFO]  Saving histogram to 'histogram.csv'[0m
[1;36m[Device: id=0] RX[0m: 0.11 Mpps, 928 Mbit/s (946 Mbit/s with framing)
[1;36m[Device: id=0] RX[0m: 0.14 (StdDev 0.00) Mpps, 1119 (StdDev 37) Mbit/s (1141 Mbit/s with framing), total 4163925 packets with 4219380445 bytes (incl. CRC)
[0;34m[Device: id=0] TX[0m: 0.14 (StdDev 0.00) Mpps, 1122 (StdDev 0) Mbit/s (1144 Mbit/s with framing), total 4163914 packets with 4202714176 bytes (incl. CRC)
