[1;33m[WARN]  malloc() allocates objects >= 1 MiB from LuaJIT memory space.[0m
[1;33m[WARN]  Install libjemalloc if you encounter out of memory errors.[0m
[1;37m[INFO]  Initializing DPDK. This will take a few seconds...[0m
[1;37m[INFO]  Found 1 usable devices:[0m
   Device 0: B4:96:91:B3:8B:04 ([0;32mIntel Corporation Ethernet Controller E810-C for QSFP[0m)
[1;37m[INFO]  Waiting for devices to come up...[0m
[1;37m[INFO]  Device 0 (B4:96:91:B3:8B:04) is up: full-duplex 100000 MBit/s[0m
[1;37m[INFO]  [0;32m1 device is up.[0m[0m
[1;36m[Device: id=0] RX[0m: 0.01 Mpps, 86 Mbit/s (88 Mbit/s with framing)
[0;34m[Device: id=0] TX[0m: 0.01 Mpps, 86 Mbit/s (88 Mbit/s with framing)
[1;36m[Device: id=0] RX[0m: 0.01 Mpps, 87 Mbit/s (89 Mbit/s with framing)
[0;34m[Device: id=0] TX[0m: 0.01 Mpps, 87 Mbit/s (89 Mbit/s with framing)
[1;36m[Device: id=0] RX[0m: 0.01 Mpps, 87 Mbit/s (89 Mbit/s with framing)
[0;34m[Device: id=0] TX[0m: 0.01 Mpps, 87 Mbit/s (89 Mbit/s with framing)
[1;36m[Device: id=0] RX[0m: 0.01 Mpps, 87 Mbit/s (89 Mbit/s with framing)
[0;34m[Device: id=0] TX[0m: 0.01 Mpps, 87 Mbit/s (89 Mbit/s with framing)
[1;36m[Device: id=0] RX[0m: 0.01 Mpps, 87 Mbit/s (89 Mbit/s with framing)
[0;34m[Device: id=0] TX[0m: 0.01 Mpps, 87 Mbit/s (89 Mbit/s with framing)
[1;36m[Device: id=0] RX[0m: 0.01 Mpps, 87 Mbit/s (89 Mbit/s with framing)
[0;34m[Device: id=0] TX[0m: 0.01 Mpps, 87 Mbit/s (89 Mbit/s with framing)
[1;36m[Device: id=0] RX[0m: 0.01 Mpps, 87 Mbit/s (89 Mbit/s with framing)
[0;34m[Device: id=0] TX[0m: 0.01 Mpps, 87 Mbit/s (89 Mbit/s with framing)
[1;36m[Device: id=0] RX[0m: 0.01 Mpps, 87 Mbit/s (89 Mbit/s with framing)
[0;34m[Device: id=0] TX[0m: 0.01 Mpps, 87 Mbit/s (89 Mbit/s with framing)
[1;36m[Device: id=0] RX[0m: 0.01 Mpps, 87 Mbit/s (89 Mbit/s with framing)
[0;34m[Device: id=0] TX[0m: 0.01 Mpps, 87 Mbit/s (89 Mbit/s with framing)
[1;36m[Device: id=0] RX[0m: 0.01 Mpps, 87 Mbit/s (89 Mbit/s with framing)
[0;34m[Device: id=0] TX[0m: 0.01 Mpps, 87 Mbit/s (89 Mbit/s with framing)
[1;36m[Device: id=0] RX[0m: 0.01 Mpps, 87 Mbit/s (89 Mbit/s with framing)
[0;34m[Device: id=0] TX[0m: 0.01 Mpps, 87 Mbit/s (89 Mbit/s with framing)
[1;36m[Device: id=0] RX[0m: 0.01 Mpps, 87 Mbit/s (89 Mbit/s with framing)
[0;34m[Device: id=0] TX[0m: 0.01 Mpps, 87 Mbit/s (89 Mbit/s with framing)
[1;36m[Device: id=0] RX[0m: 0.01 Mpps, 87 Mbit/s (89 Mbit/s with framing)
[0;34m[Device: id=0] TX[0m: 0.01 Mpps, 87 Mbit/s (89 Mbit/s with framing)
[1;36m[Device: id=0] RX[0m: 0.01 Mpps, 87 Mbit/s (89 Mbit/s with framing)
[0;34m[Device: id=0] TX[0m: 0.01 Mpps, 87 Mbit/s (89 Mbit/s with framing)
[1;36m[Device: id=0] RX[0m: 0.01 Mpps, 87 Mbit/s (89 Mbit/s with framing)
[0;34m[Device: id=0] TX[0m: 0.01 Mpps, 87 Mbit/s (89 Mbit/s with framing)
[1;36m[Device: id=0] RX[0m: 0.01 Mpps, 87 Mbit/s (89 Mbit/s with framing)
[0;34m[Device: id=0] TX[0m: 0.01 Mpps, 87 Mbit/s (89 Mbit/s with framing)
[1;36m[Device: id=0] RX[0m: 0.01 Mpps, 87 Mbit/s (89 Mbit/s with framing)
[0;34m[Device: id=0] TX[0m: 0.01 Mpps, 87 Mbit/s (89 Mbit/s with framing)
[1;36m[Device: id=0] RX[0m: 0.01 Mpps, 87 Mbit/s (89 Mbit/s with framing)
[0;34m[Device: id=0] TX[0m: 0.01 Mpps, 87 Mbit/s (89 Mbit/s with framing)
[1;36m[Device: id=0] RX[0m: 0.01 Mpps, 87 Mbit/s (89 Mbit/s with framing)
[0;34m[Device: id=0] TX[0m: 0.01 Mpps, 87 Mbit/s (89 Mbit/s with framing)
[1;36m[Device: id=0] RX[0m: 0.01 Mpps, 87 Mbit/s (89 Mbit/s with framing)
[0;34m[Device: id=0] TX[0m: 0.01 Mpps, 87 Mbit/s (89 Mbit/s with framing)
[1;36m[Device: id=0] RX[0m: 0.01 Mpps, 87 Mbit/s (89 Mbit/s with framing)
[0;34m[Device: id=0] TX[0m: 0.01 Mpps, 87 Mbit/s (89 Mbit/s with framing)
[1;36m[Device: id=0] RX[0m: 0.01 Mpps, 87 Mbit/s (89 Mbit/s with framing)
[0;34m[Device: id=0] TX[0m: 0.01 Mpps, 87 Mbit/s (89 Mbit/s with framing)
[1;36m[Device: id=0] RX[0m: 0.01 Mpps, 87 Mbit/s (89 Mbit/s with framing)
[0;34m[Device: id=0] TX[0m: 0.01 Mpps, 87 Mbit/s (89 Mbit/s with framing)
[1;36m[Device: id=0] RX[0m: 0.01 Mpps, 87 Mbit/s (89 Mbit/s with framing)
[0;34m[Device: id=0] TX[0m: 0.01 Mpps, 87 Mbit/s (89 Mbit/s with framing)
[1;36m[Device: id=0] RX[0m: 0.01 Mpps, 87 Mbit/s (89 Mbit/s with framing)
[0;34m[Device: id=0] TX[0m: 0.01 Mpps, 87 Mbit/s (89 Mbit/s with framing)
[1;36m[Device: id=0] RX[0m: 0.01 Mpps, 87 Mbit/s (89 Mbit/s with framing)
[0;34m[Device: id=0] TX[0m: 0.01 Mpps, 87 Mbit/s (89 Mbit/s with framing)
[1;36m[Device: id=0] RX[0m: 0.01 Mpps, 87 Mbit/s (89 Mbit/s with framing)
[0;34m[Device: id=0] TX[0m: 0.01 Mpps, 87 Mbit/s (89 Mbit/s with framing)
[1;36m[Device: id=0] RX[0m: 0.01 Mpps, 87 Mbit/s (89 Mbit/s with framing)
[0;34m[Device: id=0] TX[0m: 0.01 Mpps, 87 Mbit/s (89 Mbit/s with framing)
[1;36m[Device: id=0] RX[0m: 0.01 Mpps, 87 Mbit/s (89 Mbit/s with framing)
[0;34m[Device: id=0] TX[0m: 0.01 Mpps, 87 Mbit/s (89 Mbit/s with framing)
Samples: 64297, Average: 62583.9 ns, StdDev: 35418.0 ns, Quartiles: 43040.0/44683.0/76535.0 ns
[1;37m[INFO]  Saving histogram to 'histogram.csv'[0m
[1;36m[Device: id=0] RX[0m: 0.01 Mpps, 80 Mbit/s (82 Mbit/s with framing)
[1;36m[Device: id=0] RX[0m: 0.01 (StdDev 0.00) Mpps, 87 (StdDev 1) Mbit/s (89 Mbit/s with framing), total 380197 packets with 327594276 bytes (incl. CRC)
[0;34m[Device: id=0] TX[0m: 0.01 (StdDev 0.00) Mpps, 87 (StdDev 0) Mbit/s (89 Mbit/s with framing), total 380194 packets with 327593536 bytes (incl. CRC)
