[1;33m[WARN]  malloc() allocates objects >= 1 MiB from LuaJIT memory space.[0m
[1;33m[WARN]  Install libjemalloc if you encounter out of memory errors.[0m
[1;37m[INFO]  Initializing DPDK. This will take a few seconds...[0m
[1;37m[INFO]  Found 1 usable devices:[0m
   Device 0: B4:96:91:B3:8B:04 ([0;32mIntel Corporation Ethernet Controller E810-C for QSFP[0m)
[1;37m[INFO]  Waiting for devices to come up...[0m
[1;37m[INFO]  Device 0 (B4:96:91:B3:8B:04) is up: full-duplex 100000 MBit/s[0m
[1;37m[INFO]  [0;32m1 device is up.[0m[0m
[1;36m[Device: id=0] RX[0m: 0.03 Mpps, 16 Mbit/s (21 Mbit/s with framing)
[0;34m[Device: id=0] TX[0m: 0.03 Mpps, 16 Mbit/s (21 Mbit/s with framing)
[1;36m[Device: id=0] RX[0m: 0.03 Mpps, 17 Mbit/s (23 Mbit/s with framing)
[0;34m[Device: id=0] TX[0m: 0.03 Mpps, 17 Mbit/s (23 Mbit/s with framing)
[1;36m[Device: id=0] RX[0m: 0.03 Mpps, 17 Mbit/s (23 Mbit/s with framing)
[0;34m[Device: id=0] TX[0m: 0.03 Mpps, 17 Mbit/s (23 Mbit/s with framing)
[1;36m[Device: id=0] RX[0m: 0.03 Mpps, 17 Mbit/s (23 Mbit/s with framing)
[0;34m[Device: id=0] TX[0m: 0.03 Mpps, 17 Mbit/s (23 Mbit/s with framing)
[1;36m[Device: id=0] RX[0m: 0.03 Mpps, 17 Mbit/s (23 Mbit/s with framing)
[0;34m[Device: id=0] TX[0m: 0.03 Mpps, 17 Mbit/s (23 Mbit/s with framing)
[1;36m[Device: id=0] RX[0m: 0.03 Mpps, 17 Mbit/s (23 Mbit/s with framing)
[0;34m[Device: id=0] TX[0m: 0.03 Mpps, 17 Mbit/s (23 Mbit/s with framing)
[1;36m[Device: id=0] RX[0m: 0.02 Mpps, 12 Mbit/s (16 Mbit/s with framing)
[0;34m[Device: id=0] TX[0m: 0.03 Mpps, 17 Mbit/s (22 Mbit/s with framing)
[1;36m[Device: id=0] RX[0m: 0.02 Mpps, 8 Mbit/s (10 Mbit/s with framing)
[0;34m[Device: id=0] TX[0m: 0.03 Mpps, 17 Mbit/s (22 Mbit/s with framing)
[1;36m[Device: id=0] RX[0m: 0.02 Mpps, 13 Mbit/s (17 Mbit/s with framing)
[0;34m[Device: id=0] TX[0m: 0.03 Mpps, 17 Mbit/s (22 Mbit/s with framing)
[1;36m[Device: id=0] RX[0m: 0.00 Mpps, 0 Mbit/s (0 Mbit/s with framing)
[0;34m[Device: id=0] TX[0m: 0.03 Mpps, 16 Mbit/s (21 Mbit/s with framing)
[1;36m[Device: id=0] RX[0m: 0.00 Mpps, 0 Mbit/s (0 Mbit/s with framing)
[0;34m[Device: id=0] TX[0m: 0.03 Mpps, 16 Mbit/s (21 Mbit/s with framing)
[1;36m[Device: id=0] RX[0m: 0.00 Mpps, 1 Mbit/s (1 Mbit/s with framing)
[0;34m[Device: id=0] TX[0m: 0.03 Mpps, 16 Mbit/s (21 Mbit/s with framing)
[1;36m[Device: id=0] RX[0m: 0.03 Mpps, 17 Mbit/s (23 Mbit/s with framing)
[0;34m[Device: id=0] TX[0m: 0.03 Mpps, 17 Mbit/s (23 Mbit/s with framing)
[1;36m[Device: id=0] RX[0m: 0.03 Mpps, 17 Mbit/s (23 Mbit/s with framing)
[0;34m[Device: id=0] TX[0m: 0.03 Mpps, 17 Mbit/s (23 Mbit/s with framing)
[1;36m[Device: id=0] RX[0m: 0.03 Mpps, 17 Mbit/s (23 Mbit/s with framing)
[0;34m[Device: id=0] TX[0m: 0.03 Mpps, 17 Mbit/s (23 Mbit/s with framing)
[1;36m[Device: id=0] RX[0m: 0.03 Mpps, 17 Mbit/s (23 Mbit/s with framing)
[0;34m[Device: id=0] TX[0m: 0.03 Mpps, 17 Mbit/s (23 Mbit/s with framing)
[1;36m[Device: id=0] RX[0m: 0.03 Mpps, 17 Mbit/s (23 Mbit/s with framing)
[0;34m[Device: id=0] TX[0m: 0.03 Mpps, 17 Mbit/s (23 Mbit/s with framing)
[1;36m[Device: id=0] RX[0m: 0.02 Mpps, 11 Mbit/s (14 Mbit/s with framing)
[0;34m[Device: id=0] TX[0m: 0.03 Mpps, 17 Mbit/s (22 Mbit/s with framing)
[1;36m[Device: id=0] RX[0m: 0.00 Mpps, 0 Mbit/s (0 Mbit/s with framing)
[0;34m[Device: id=0] TX[0m: 0.03 Mpps, 16 Mbit/s (21 Mbit/s with framing)
[1;36m[Device: id=0] RX[0m: 0.00 Mpps, 0 Mbit/s (0 Mbit/s with framing)
[0;34m[Device: id=0] TX[0m: 0.03 Mpps, 16 Mbit/s (21 Mbit/s with framing)
[1;36m[Device: id=0] RX[0m: 0.01 Mpps, 3 Mbit/s (3 Mbit/s with framing)
[0;34m[Device: id=0] TX[0m: 0.03 Mpps, 16 Mbit/s (21 Mbit/s with framing)
[1;36m[Device: id=0] RX[0m: 0.03 Mpps, 17 Mbit/s (23 Mbit/s with framing)
[0;34m[Device: id=0] TX[0m: 0.03 Mpps, 17 Mbit/s (23 Mbit/s with framing)
[1;36m[Device: id=0] RX[0m: 0.03 Mpps, 17 Mbit/s (23 Mbit/s with framing)
[0;34m[Device: id=0] TX[0m: 0.03 Mpps, 17 Mbit/s (23 Mbit/s with framing)
[1;36m[Device: id=0] RX[0m: 0.02 Mpps, 8 Mbit/s (11 Mbit/s with framing)
[0;34m[Device: id=0] TX[0m: 0.03 Mpps, 17 Mbit/s (22 Mbit/s with framing)
[1;36m[Device: id=0] RX[0m: 0.00 Mpps, 0 Mbit/s (0 Mbit/s with framing)
[0;34m[Device: id=0] TX[0m: 0.03 Mpps, 16 Mbit/s (21 Mbit/s with framing)
[1;36m[Device: id=0] RX[0m: 0.00 Mpps, 0 Mbit/s (0 Mbit/s with framing)
[0;34m[Device: id=0] TX[0m: 0.03 Mpps, 16 Mbit/s (21 Mbit/s with framing)
[1;36m[Device: id=0] RX[0m: 0.01 Mpps, 3 Mbit/s (4 Mbit/s with framing)
[0;34m[Device: id=0] TX[0m: 0.03 Mpps, 16 Mbit/s (21 Mbit/s with framing)
[1;36m[Device: id=0] RX[0m: 0.03 Mpps, 17 Mbit/s (23 Mbit/s with framing)
[0;34m[Device: id=0] TX[0m: 0.03 Mpps, 17 Mbit/s (23 Mbit/s with framing)
[1;36m[Device: id=0] RX[0m: 0.03 Mpps, 17 Mbit/s (23 Mbit/s with framing)
[0;34m[Device: id=0] TX[0m: 0.03 Mpps, 17 Mbit/s (23 Mbit/s with framing)
Samples: 39684, Average: 54883.6 ns, StdDev: 21441.7 ns, Quartiles: 45867.0/47129.0/50300.0 ns
[1;37m[INFO]  Saving histogram to 'histogram.csv'[0m
[1;36m[Device: id=0] RX[0m: 0.03 Mpps, 15 Mbit/s (19 Mbit/s with framing)
[1;36m[Device: id=0] RX[0m: 0.02 (StdDev 0.01) Mpps, 11 (StdDev 7) Mbit/s (14 Mbit/s with framing), total 648958 packets with 41533312 bytes (incl. CRC)
[0;34m[Device: id=0] TX[0m: 0.03 (StdDev 0.00) Mpps, 17 (StdDev 0) Mbit/s (22 Mbit/s with framing), total 986177 packets with 63115328 bytes (incl. CRC)
