[1;33m[WARN]  malloc() allocates objects >= 1 MiB from LuaJIT memory space.[0m
[1;33m[WARN]  Install libjemalloc if you encounter out of memory errors.[0m
[1;37m[INFO]  Initializing DPDK. This will take a few seconds...[0m
[1;37m[INFO]  Found 1 usable devices:[0m
   Device 0: B4:96:91:B3:8B:04 ([0;32mIntel Corporation Ethernet Controller E810-C for QSFP[0m)
[1;37m[INFO]  Waiting for devices to come up...[0m
[1;37m[INFO]  Device 0 (B4:96:91:B3:8B:04) is up: full-duplex 100000 MBit/s[0m
[1;37m[INFO]  [0;32m1 device is up.[0m[0m
[1;36m[Device: id=0] RX[0m: 0.05 Mpps, 27 Mbit/s (35 Mbit/s with framing)
[0;34m[Device: id=0] TX[0m: 0.05 Mpps, 27 Mbit/s (35 Mbit/s with framing)
[1;36m[Device: id=0] RX[0m: 0.02 Mpps, 9 Mbit/s (11 Mbit/s with framing)
[0;34m[Device: id=0] TX[0m: 0.05 Mpps, 27 Mbit/s (36 Mbit/s with framing)
[1;36m[Device: id=0] RX[0m: 0.00 Mpps, 0 Mbit/s (0 Mbit/s with framing)
[0;34m[Device: id=0] TX[0m: 0.05 Mpps, 27 Mbit/s (35 Mbit/s with framing)
[1;36m[Device: id=0] RX[0m: 0.00 Mpps, 0 Mbit/s (0 Mbit/s with framing)
[0;34m[Device: id=0] TX[0m: 0.05 Mpps, 27 Mbit/s (35 Mbit/s with framing)
[1;36m[Device: id=0] RX[0m: 0.01 Mpps, 3 Mbit/s (3 Mbit/s with framing)
[0;34m[Device: id=0] TX[0m: 0.05 Mpps, 27 Mbit/s (35 Mbit/s with framing)
[1;36m[Device: id=0] RX[0m: 0.00 Mpps, 0 Mbit/s (0 Mbit/s with framing)
[0;34m[Device: id=0] TX[0m: 0.05 Mpps, 27 Mbit/s (35 Mbit/s with framing)
[1;36m[Device: id=0] RX[0m: 0.00 Mpps, 0 Mbit/s (0 Mbit/s with framing)
[0;34m[Device: id=0] TX[0m: 0.05 Mpps, 27 Mbit/s (35 Mbit/s with framing)
[1;36m[Device: id=0] RX[0m: 0.00 Mpps, 0 Mbit/s (0 Mbit/s with framing)
[0;34m[Device: id=0] TX[0m: 0.05 Mpps, 27 Mbit/s (35 Mbit/s with framing)
[1;36m[Device: id=0] RX[0m: 0.00 Mpps, 1 Mbit/s (2 Mbit/s with framing)
[0;34m[Device: id=0] TX[0m: 0.05 Mpps, 27 Mbit/s (35 Mbit/s with framing)
[1;36m[Device: id=0] RX[0m: 0.00 Mpps, 0 Mbit/s (0 Mbit/s with framing)
[0;34m[Device: id=0] TX[0m: 0.05 Mpps, 27 Mbit/s (35 Mbit/s with framing)
[1;36m[Device: id=0] RX[0m: 0.00 Mpps, 0 Mbit/s (0 Mbit/s with framing)
[0;34m[Device: id=0] TX[0m: 0.05 Mpps, 27 Mbit/s (35 Mbit/s with framing)
[1;36m[Device: id=0] RX[0m: 0.01 Mpps, 4 Mbit/s (5 Mbit/s with framing)
[0;34m[Device: id=0] TX[0m: 0.05 Mpps, 27 Mbit/s (35 Mbit/s with framing)
[1;36m[Device: id=0] RX[0m: 0.00 Mpps, 0 Mbit/s (0 Mbit/s with framing)
[0;34m[Device: id=0] TX[0m: 0.05 Mpps, 27 Mbit/s (35 Mbit/s with framing)
[1;36m[Device: id=0] RX[0m: 0.00 Mpps, 0 Mbit/s (0 Mbit/s with framing)
[0;34m[Device: id=0] TX[0m: 0.05 Mpps, 27 Mbit/s (35 Mbit/s with framing)
[1;36m[Device: id=0] RX[0m: 0.00 Mpps, 0 Mbit/s (0 Mbit/s with framing)
[0;34m[Device: id=0] TX[0m: 0.05 Mpps, 27 Mbit/s (35 Mbit/s with framing)
[1;36m[Device: id=0] RX[0m: 0.01 Mpps, 3 Mbit/s (4 Mbit/s with framing)
[0;34m[Device: id=0] TX[0m: 0.05 Mpps, 27 Mbit/s (35 Mbit/s with framing)
[1;36m[Device: id=0] RX[0m: 0.00 Mpps, 0 Mbit/s (0 Mbit/s with framing)
[0;34m[Device: id=0] TX[0m: 0.05 Mpps, 27 Mbit/s (35 Mbit/s with framing)
[1;36m[Device: id=0] RX[0m: 0.00 Mpps, 0 Mbit/s (0 Mbit/s with framing)
[0;34m[Device: id=0] TX[0m: 0.05 Mpps, 27 Mbit/s (35 Mbit/s with framing)
[1;36m[Device: id=0] RX[0m: 0.00 Mpps, 0 Mbit/s (0 Mbit/s with framing)
[0;34m[Device: id=0] TX[0m: 0.05 Mpps, 27 Mbit/s (35 Mbit/s with framing)
[1;36m[Device: id=0] RX[0m: 0.00 Mpps, 1 Mbit/s (2 Mbit/s with framing)
[0;34m[Device: id=0] TX[0m: 0.05 Mpps, 27 Mbit/s (35 Mbit/s with framing)
[1;36m[Device: id=0] RX[0m: 0.00 Mpps, 0 Mbit/s (0 Mbit/s with framing)
[0;34m[Device: id=0] TX[0m: 0.05 Mpps, 27 Mbit/s (35 Mbit/s with framing)
[1;36m[Device: id=0] RX[0m: 0.00 Mpps, 0 Mbit/s (0 Mbit/s with framing)
[0;34m[Device: id=0] TX[0m: 0.05 Mpps, 27 Mbit/s (35 Mbit/s with framing)
[1;36m[Device: id=0] RX[0m: 0.00 Mpps, 0 Mbit/s (0 Mbit/s with framing)
[0;34m[Device: id=0] TX[0m: 0.05 Mpps, 27 Mbit/s (35 Mbit/s with framing)
[1;36m[Device: id=0] RX[0m: 0.01 Mpps, 3 Mbit/s (4 Mbit/s with framing)
[0;34m[Device: id=0] TX[0m: 0.05 Mpps, 27 Mbit/s (35 Mbit/s with framing)
[1;36m[Device: id=0] RX[0m: 0.00 Mpps, 0 Mbit/s (0 Mbit/s with framing)
[0;34m[Device: id=0] TX[0m: 0.05 Mpps, 27 Mbit/s (35 Mbit/s with framing)
[1;36m[Device: id=0] RX[0m: 0.00 Mpps, 0 Mbit/s (0 Mbit/s with framing)
[0;34m[Device: id=0] TX[0m: 0.05 Mpps, 27 Mbit/s (35 Mbit/s with framing)
[1;36m[Device: id=0] RX[0m: 0.00 Mpps, 0 Mbit/s (0 Mbit/s with framing)
[0;34m[Device: id=0] TX[0m: 0.05 Mpps, 27 Mbit/s (35 Mbit/s with framing)
[1;36m[Device: id=0] RX[0m: 0.00 Mpps, 2 Mbit/s (2 Mbit/s with framing)
[0;34m[Device: id=0] TX[0m: 0.05 Mpps, 27 Mbit/s (35 Mbit/s with framing)
[1;36m[Device: id=0] RX[0m: 0.00 Mpps, 0 Mbit/s (0 Mbit/s with framing)
[0;34m[Device: id=0] TX[0m: 0.05 Mpps, 27 Mbit/s (35 Mbit/s with framing)
Samples: 1277, Average: 76120.2 ns, StdDev: 77724.5 ns, Quartiles: 56377.0/61999.0/75206.0 ns
[1;37m[INFO]  Saving histogram to 'histogram.csv'[0m
[1;36m[Device: id=0] RX[0m: 0.00 Mpps, 0 Mbit/s (0 Mbit/s with framing)
[1;36m[Device: id=0] RX[0m: 0.00 (StdDev 0.00) Mpps, 1 (StdDev 2) Mbit/s (1 Mbit/s with framing), total 103392 packets with 6617357 bytes (incl. CRC)
[0;34m[Device: id=0] TX[0m: 0.05 (StdDev 0.00) Mpps, 27 (StdDev 0) Mbit/s (35 Mbit/s with framing), total 1577806 packets with 100979584 bytes (incl. CRC)
