[1;33m[WARN]  malloc() allocates objects >= 1 MiB from LuaJIT memory space.[0m
[1;33m[WARN]  Install libjemalloc if you encounter out of memory errors.[0m
[1;37m[INFO]  Initializing DPDK. This will take a few seconds...[0m
[1;37m[INFO]  Found 1 usable devices:[0m
   Device 0: B4:96:91:B3:8B:04 ([0;32mIntel Corporation Ethernet Controller E810-C for QSFP[0m)
[1;37m[INFO]  Waiting for devices to come up...[0m
[1;37m[INFO]  Device 0 (B4:96:91:B3:8B:04) is up: full-duplex 100000 MBit/s[0m
[1;37m[INFO]  [0;32m1 device is up.[0m[0m
[1;36m[Device: id=0] RX[0m: 0.08 Mpps, 689 Mbit/s (702 Mbit/s with framing)
[0;34m[Device: id=0] TX[0m: 0.08 Mpps, 688 Mbit/s (702 Mbit/s with framing)
[1;36m[Device: id=0] RX[0m: 0.09 Mpps, 690 Mbit/s (703 Mbit/s with framing)
[0;34m[Device: id=0] TX[0m: 0.09 Mpps, 690 Mbit/s (703 Mbit/s with framing)
[1;36m[Device: id=0] RX[0m: 0.09 Mpps, 690 Mbit/s (703 Mbit/s with framing)
[0;34m[Device: id=0] TX[0m: 0.09 Mpps, 690 Mbit/s (703 Mbit/s with framing)
[1;36m[Device: id=0] RX[0m: 0.09 Mpps, 690 Mbit/s (703 Mbit/s with framing)
[0;34m[Device: id=0] TX[0m: 0.09 Mpps, 690 Mbit/s (703 Mbit/s with framing)
[1;36m[Device: id=0] RX[0m: 0.09 Mpps, 690 Mbit/s (703 Mbit/s with framing)
[0;34m[Device: id=0] TX[0m: 0.09 Mpps, 690 Mbit/s (703 Mbit/s with framing)
[1;36m[Device: id=0] RX[0m: 0.09 Mpps, 690 Mbit/s (703 Mbit/s with framing)
[0;34m[Device: id=0] TX[0m: 0.09 Mpps, 690 Mbit/s (703 Mbit/s with framing)
[1;36m[Device: id=0] RX[0m: 0.09 Mpps, 690 Mbit/s (703 Mbit/s with framing)
[0;34m[Device: id=0] TX[0m: 0.09 Mpps, 690 Mbit/s (703 Mbit/s with framing)
[1;36m[Device: id=0] RX[0m: 0.09 Mpps, 690 Mbit/s (703 Mbit/s with framing)
[0;34m[Device: id=0] TX[0m: 0.09 Mpps, 690 Mbit/s (703 Mbit/s with framing)
[1;36m[Device: id=0] RX[0m: 0.09 Mpps, 690 Mbit/s (703 Mbit/s with framing)
[0;34m[Device: id=0] TX[0m: 0.09 Mpps, 690 Mbit/s (703 Mbit/s with framing)
[1;36m[Device: id=0] RX[0m: 0.09 Mpps, 690 Mbit/s (703 Mbit/s with framing)
[0;34m[Device: id=0] TX[0m: 0.09 Mpps, 690 Mbit/s (703 Mbit/s with framing)
[1;36m[Device: id=0] RX[0m: 0.09 Mpps, 690 Mbit/s (703 Mbit/s with framing)
[0;34m[Device: id=0] TX[0m: 0.09 Mpps, 690 Mbit/s (703 Mbit/s with framing)
[1;36m[Device: id=0] RX[0m: 0.09 Mpps, 690 Mbit/s (703 Mbit/s with framing)
[0;34m[Device: id=0] TX[0m: 0.09 Mpps, 690 Mbit/s (703 Mbit/s with framing)
[1;36m[Device: id=0] RX[0m: 0.09 Mpps, 690 Mbit/s (703 Mbit/s with framing)
[0;34m[Device: id=0] TX[0m: 0.09 Mpps, 690 Mbit/s (703 Mbit/s with framing)
[1;36m[Device: id=0] RX[0m: 0.09 Mpps, 690 Mbit/s (703 Mbit/s with framing)
[0;34m[Device: id=0] TX[0m: 0.09 Mpps, 690 Mbit/s (703 Mbit/s with framing)
[1;36m[Device: id=0] RX[0m: 0.09 Mpps, 690 Mbit/s (703 Mbit/s with framing)
[0;34m[Device: id=0] TX[0m: 0.09 Mpps, 690 Mbit/s (703 Mbit/s with framing)
[1;36m[Device: id=0] RX[0m: 0.09 Mpps, 690 Mbit/s (703 Mbit/s with framing)
[0;34m[Device: id=0] TX[0m: 0.09 Mpps, 690 Mbit/s (703 Mbit/s with framing)
[1;36m[Device: id=0] RX[0m: 0.09 Mpps, 690 Mbit/s (703 Mbit/s with framing)
[0;34m[Device: id=0] TX[0m: 0.09 Mpps, 690 Mbit/s (703 Mbit/s with framing)
[1;36m[Device: id=0] RX[0m: 0.09 Mpps, 690 Mbit/s (703 Mbit/s with framing)
[0;34m[Device: id=0] TX[0m: 0.09 Mpps, 690 Mbit/s (703 Mbit/s with framing)
[1;36m[Device: id=0] RX[0m: 0.09 Mpps, 690 Mbit/s (703 Mbit/s with framing)
[0;34m[Device: id=0] TX[0m: 0.09 Mpps, 690 Mbit/s (703 Mbit/s with framing)
[1;36m[Device: id=0] RX[0m: 0.09 Mpps, 690 Mbit/s (703 Mbit/s with framing)
[0;34m[Device: id=0] TX[0m: 0.09 Mpps, 690 Mbit/s (703 Mbit/s with framing)
[1;36m[Device: id=0] RX[0m: 0.09 Mpps, 690 Mbit/s (703 Mbit/s with framing)
[0;34m[Device: id=0] TX[0m: 0.09 Mpps, 690 Mbit/s (703 Mbit/s with framing)
[1;36m[Device: id=0] RX[0m: 0.09 Mpps, 690 Mbit/s (703 Mbit/s with framing)
[0;34m[Device: id=0] TX[0m: 0.09 Mpps, 690 Mbit/s (703 Mbit/s with framing)
[1;36m[Device: id=0] RX[0m: 0.09 Mpps, 690 Mbit/s (703 Mbit/s with framing)
[0;34m[Device: id=0] TX[0m: 0.09 Mpps, 690 Mbit/s (703 Mbit/s with framing)
[1;36m[Device: id=0] RX[0m: 0.09 Mpps, 690 Mbit/s (703 Mbit/s with framing)
[0;34m[Device: id=0] TX[0m: 0.09 Mpps, 690 Mbit/s (703 Mbit/s with framing)
[1;36m[Device: id=0] RX[0m: 0.09 Mpps, 690 Mbit/s (703 Mbit/s with framing)
[0;34m[Device: id=0] TX[0m: 0.09 Mpps, 690 Mbit/s (703 Mbit/s with framing)
[1;36m[Device: id=0] RX[0m: 0.09 Mpps, 690 Mbit/s (703 Mbit/s with framing)
[0;34m[Device: id=0] TX[0m: 0.09 Mpps, 690 Mbit/s (703 Mbit/s with framing)
[1;36m[Device: id=0] RX[0m: 0.09 Mpps, 690 Mbit/s (703 Mbit/s with framing)
[0;34m[Device: id=0] TX[0m: 0.09 Mpps, 690 Mbit/s (703 Mbit/s with framing)
[1;36m[Device: id=0] RX[0m: 0.09 Mpps, 690 Mbit/s (703 Mbit/s with framing)
[0;34m[Device: id=0] TX[0m: 0.09 Mpps, 690 Mbit/s (703 Mbit/s with framing)
[1;36m[Device: id=0] RX[0m: 0.09 Mpps, 690 Mbit/s (703 Mbit/s with framing)
[0;34m[Device: id=0] TX[0m: 0.09 Mpps, 690 Mbit/s (703 Mbit/s with framing)
Samples: 63815, Average: 100988.2 ns, StdDev: 33707.0 ns, Quartiles: 74454.0/99358.0/125097.0 ns
[1;37m[INFO]  Saving histogram to 'histogram.csv'[0m
[1;36m[Device: id=0] RX[0m: 0.07 Mpps, 574 Mbit/s (586 Mbit/s with framing)
[1;36m[Device: id=0] RX[0m: 0.09 (StdDev 0.00) Mpps, 686 (StdDev 21) Mbit/s (699 Mbit/s with framing), total 2584055 packets with 2584809229 bytes (incl. CRC)
[0;34m[Device: id=0] TX[0m: 0.09 (StdDev 0.00) Mpps, 690 (StdDev 0) Mbit/s (703 Mbit/s with framing), total 2584050 packets with 2584804800 bytes (incl. CRC)
