[1;33m[WARN]  malloc() allocates objects >= 1 MiB from LuaJIT memory space.[0m
[1;33m[WARN]  Install libjemalloc if you encounter out of memory errors.[0m
[1;37m[INFO]  Initializing DPDK. This will take a few seconds...[0m
[1;37m[INFO]  Found 1 usable devices:[0m
   Device 0: B4:96:91:B3:8B:04 ([0;32mIntel Corporation Ethernet Controller E810-C for QSFP[0m)
[1;37m[INFO]  Waiting for devices to come up...[0m
[1;37m[INFO]  Device 0 (B4:96:91:B3:8B:04) is up: full-duplex 100000 MBit/s[0m
[1;37m[INFO]  [0;32m1 device is up.[0m[0m
[1;36m[Device: id=0] RX[0m: 0.12 Mpps, 945 Mbit/s (963 Mbit/s with framing)
[0;34m[Device: id=0] TX[0m: 0.12 Mpps, 945 Mbit/s (963 Mbit/s with framing)
[1;36m[Device: id=0] RX[0m: 0.12 Mpps, 946 Mbit/s (965 Mbit/s with framing)
[0;34m[Device: id=0] TX[0m: 0.12 Mpps, 946 Mbit/s (965 Mbit/s with framing)
[1;36m[Device: id=0] RX[0m: 0.12 Mpps, 946 Mbit/s (965 Mbit/s with framing)
[0;34m[Device: id=0] TX[0m: 0.12 Mpps, 946 Mbit/s (965 Mbit/s with framing)
[1;36m[Device: id=0] RX[0m: 0.12 Mpps, 946 Mbit/s (965 Mbit/s with framing)
[0;34m[Device: id=0] TX[0m: 0.12 Mpps, 946 Mbit/s (965 Mbit/s with framing)
[1;36m[Device: id=0] RX[0m: 0.12 Mpps, 946 Mbit/s (965 Mbit/s with framing)
[0;34m[Device: id=0] TX[0m: 0.12 Mpps, 946 Mbit/s (965 Mbit/s with framing)
[1;36m[Device: id=0] RX[0m: 0.12 Mpps, 946 Mbit/s (965 Mbit/s with framing)
[0;34m[Device: id=0] TX[0m: 0.12 Mpps, 946 Mbit/s (965 Mbit/s with framing)
[1;36m[Device: id=0] RX[0m: 0.12 Mpps, 946 Mbit/s (965 Mbit/s with framing)
[0;34m[Device: id=0] TX[0m: 0.12 Mpps, 946 Mbit/s (965 Mbit/s with framing)
[1;36m[Device: id=0] RX[0m: 0.12 Mpps, 946 Mbit/s (965 Mbit/s with framing)
[0;34m[Device: id=0] TX[0m: 0.12 Mpps, 946 Mbit/s (965 Mbit/s with framing)
[1;36m[Device: id=0] RX[0m: 0.12 Mpps, 946 Mbit/s (965 Mbit/s with framing)
[0;34m[Device: id=0] TX[0m: 0.12 Mpps, 946 Mbit/s (965 Mbit/s with framing)
[1;36m[Device: id=0] RX[0m: 0.12 Mpps, 946 Mbit/s (965 Mbit/s with framing)
[0;34m[Device: id=0] TX[0m: 0.12 Mpps, 946 Mbit/s (965 Mbit/s with framing)
[1;36m[Device: id=0] RX[0m: 0.12 Mpps, 946 Mbit/s (965 Mbit/s with framing)
[0;34m[Device: id=0] TX[0m: 0.12 Mpps, 946 Mbit/s (965 Mbit/s with framing)
[1;36m[Device: id=0] RX[0m: 0.12 Mpps, 946 Mbit/s (965 Mbit/s with framing)
[0;34m[Device: id=0] TX[0m: 0.12 Mpps, 946 Mbit/s (965 Mbit/s with framing)
[1;36m[Device: id=0] RX[0m: 0.12 Mpps, 946 Mbit/s (965 Mbit/s with framing)
[0;34m[Device: id=0] TX[0m: 0.12 Mpps, 946 Mbit/s (965 Mbit/s with framing)
[1;36m[Device: id=0] RX[0m: 0.12 Mpps, 946 Mbit/s (965 Mbit/s with framing)
[0;34m[Device: id=0] TX[0m: 0.12 Mpps, 946 Mbit/s (965 Mbit/s with framing)
[1;36m[Device: id=0] RX[0m: 0.12 Mpps, 946 Mbit/s (965 Mbit/s with framing)
[0;34m[Device: id=0] TX[0m: 0.12 Mpps, 946 Mbit/s (965 Mbit/s with framing)
[1;36m[Device: id=0] RX[0m: 0.12 Mpps, 946 Mbit/s (965 Mbit/s with framing)
[0;34m[Device: id=0] TX[0m: 0.12 Mpps, 946 Mbit/s (965 Mbit/s with framing)
[1;36m[Device: id=0] RX[0m: 0.12 Mpps, 946 Mbit/s (965 Mbit/s with framing)
[0;34m[Device: id=0] TX[0m: 0.12 Mpps, 946 Mbit/s (965 Mbit/s with framing)
[1;36m[Device: id=0] RX[0m: 0.12 Mpps, 946 Mbit/s (965 Mbit/s with framing)
[0;34m[Device: id=0] TX[0m: 0.12 Mpps, 946 Mbit/s (965 Mbit/s with framing)
[1;36m[Device: id=0] RX[0m: 0.12 Mpps, 946 Mbit/s (965 Mbit/s with framing)
[0;34m[Device: id=0] TX[0m: 0.12 Mpps, 946 Mbit/s (965 Mbit/s with framing)
[1;36m[Device: id=0] RX[0m: 0.12 Mpps, 946 Mbit/s (965 Mbit/s with framing)
[0;34m[Device: id=0] TX[0m: 0.12 Mpps, 946 Mbit/s (965 Mbit/s with framing)
[1;36m[Device: id=0] RX[0m: 0.12 Mpps, 946 Mbit/s (965 Mbit/s with framing)
[0;34m[Device: id=0] TX[0m: 0.12 Mpps, 946 Mbit/s (965 Mbit/s with framing)
[1;36m[Device: id=0] RX[0m: 0.12 Mpps, 946 Mbit/s (965 Mbit/s with framing)
[0;34m[Device: id=0] TX[0m: 0.12 Mpps, 946 Mbit/s (965 Mbit/s with framing)
[1;36m[Device: id=0] RX[0m: 0.12 Mpps, 946 Mbit/s (965 Mbit/s with framing)
[0;34m[Device: id=0] TX[0m: 0.12 Mpps, 946 Mbit/s (965 Mbit/s with framing)
[1;36m[Device: id=0] RX[0m: 0.12 Mpps, 946 Mbit/s (965 Mbit/s with framing)
[0;34m[Device: id=0] TX[0m: 0.12 Mpps, 946 Mbit/s (965 Mbit/s with framing)
[1;36m[Device: id=0] RX[0m: 0.12 Mpps, 946 Mbit/s (965 Mbit/s with framing)
[0;34m[Device: id=0] TX[0m: 0.12 Mpps, 946 Mbit/s (965 Mbit/s with framing)
[1;36m[Device: id=0] RX[0m: 0.12 Mpps, 946 Mbit/s (965 Mbit/s with framing)
[0;34m[Device: id=0] TX[0m: 0.12 Mpps, 946 Mbit/s (965 Mbit/s with framing)
[1;36m[Device: id=0] RX[0m: 0.12 Mpps, 946 Mbit/s (965 Mbit/s with framing)
[0;34m[Device: id=0] TX[0m: 0.12 Mpps, 946 Mbit/s (965 Mbit/s with framing)
[1;36m[Device: id=0] RX[0m: 0.12 Mpps, 946 Mbit/s (965 Mbit/s with framing)
[0;34m[Device: id=0] TX[0m: 0.12 Mpps, 946 Mbit/s (965 Mbit/s with framing)
[1;36m[Device: id=0] RX[0m: 0.12 Mpps, 946 Mbit/s (965 Mbit/s with framing)
[0;34m[Device: id=0] TX[0m: 0.12 Mpps, 946 Mbit/s (965 Mbit/s with framing)
Samples: 63807, Average: 83490.0 ns, StdDev: 39079.2 ns, Quartiles: 47664.0/80388.0/116949.0 ns
[1;37m[INFO]  Saving histogram to 'histogram.csv'[0m
[1;36m[Device: id=0] RX[0m: 0.10 Mpps, 774 Mbit/s (789 Mbit/s with framing)
[1;36m[Device: id=0] RX[0m: 0.12 (StdDev 0.00) Mpps, 940 (StdDev 32) Mbit/s (959 Mbit/s with framing), total 3520095 packets with 3543321178 bytes (incl. CRC)
[0;34m[Device: id=0] TX[0m: 0.12 (StdDev 0.00) Mpps, 946 (StdDev 0) Mbit/s (965 Mbit/s with framing), total 3520091 packets with 3543318464 bytes (incl. CRC)
