/nix/store/2vwkssqpzykk37r996cafq7x63imf4sp-openjdk-21+35/bin/java  -classpath /nix/store/zw02np72fzsmga6s5mphhw7x8qlzf4sv-ycsb-0.17.0/share/conf:/nix/store/zw02np72fzsmga6s5mphhw7x8qlzf4sv-ycsb-0.17.0/share/lib/core-0.17.0.jar:/nix/store/zw02np72fzsmga6s5mphhw7x8qlzf4sv-ycsb-0.17.0/share/lib/HdrHistogram-2.1.4.jar:/nix/store/zw02np72fzsmga6s5mphhw7x8qlzf4sv-ycsb-0.17.0/share/lib/htrace-core4-4.1.0-incubating.jar:/nix/store/zw02np72fzsmga6s5mphhw7x8qlzf4sv-ycsb-0.17.0/share/lib/jackson-core-asl-1.9.4.jar:/nix/store/zw02np72fzsmga6s5mphhw7x8qlzf4sv-ycsb-0.17.0/share/lib/jackson-mapper-asl-1.9.4.jar:/nix/store/zw02np72fzsmga6s5mphhw7x8qlzf4sv-ycsb-0.17.0/share/redis-binding/lib/commons-pool2-2.4.2.jar:/nix/store/zw02np72fzsmga6s5mphhw7x8qlzf4sv-ycsb-0.17.0/share/redis-binding/lib/jedis-2.9.0.jar:/nix/store/zw02np72fzsmga6s5mphhw7x8qlzf4sv-ycsb-0.17.0/share/redis-binding/lib/redis-binding-0.17.0.jar site.ycsb.Client -t -db site.ycsb.db.RedisClient -s -P /home/host/vmuxIO/test/moonprogs//../../ycsb/share/workloads/workloada -p redis.host=10.1.0.2 -p redis.port=6379 -p operationcount=429496729 -p maxexecutiontime=61 -threads 1
Command line: -t -db site.ycsb.db.RedisClient -s -P /home/host/vmuxIO/test/moonprogs//../../ycsb/share/workloads/workloada -p redis.host=10.1.0.2 -p redis.port=6379 -p operationcount=429496729 -p maxexecutiontime=61 -threads 1
YCSB Client 0.17.0

Loading workload...
Starting test.
Maximum execution time specified as: 61 secs
DBWrapper: report latency for each error is false and specific error codes to track for latency are: []
2024-07-11 17:48:25:942 0 sec: 0 operations; est completion in 0 second 
2024-07-11 17:48:35:788 10 sec: 63354 operations; 6334.77 current ops/sec; est completion in 18 hours 49 minutes [READ: Count=31657, Max=44447, Min=94, Avg=151.77, 90=153, 99=285, 99.9=2751, 99.99=4783] [UPDATE: Count=31708, Max=7815, Min=93, Avg=149.93, 90=151, 99=287, 99.9=2803, 99.99=4399] 
2024-07-11 17:48:45:788 20 sec: 133878 operations; 7052.4 current ops/sec; est completion in 17 hours 49 minutes [READ: Count=35366, Max=12935, Min=93, Avg=141.19, 90=146, 99=271, 99.9=296, 99.99=680] [UPDATE: Count=35147, Max=3711, Min=94, Avg=138.67, 90=143, 99=269, 99.9=288, 99.99=627] 
2024-07-11 17:48:55:789 30 sec: 204145 operations; 7026.7 current ops/sec; est completion in 17 hours 31 minutes [READ: Count=35247, Max=731, Min=94, Avg=141.77, 90=148, 99=271, 99.9=369, 99.99=596] [UPDATE: Count=35020, Max=7215, Min=91, Avg=139.46, 90=145, 99=268, 99.9=353, 99.99=526] 
2024-07-11 17:49:05:788 40 sec: 273835 operations; 6969 current ops/sec; est completion in 17 hours 25 minutes [READ: Count=34842, Max=3593, Min=93, Avg=142.54, 90=148, 99=276, 99.9=439, 99.99=619] [UPDATE: Count=34848, Max=13047, Min=90, Avg=140.94, 90=146, 99=274, 99.9=435, 99.99=595] 
2024-07-11 17:49:15:788 50 sec: 345346 operations; 7151.1 current ops/sec; est completion in 17 hours 15 minutes [READ: Count=35668, Max=4475, Min=91, Avg=139.36, 90=145, 99=265, 99.9=281, 99.99=570] [UPDATE: Count=35843, Max=685, Min=91, Avg=137.05, 90=143, 99=262, 99.9=278, 99.99=377] 
2024-07-11 17:49:25:788 60 sec: 416427 operations; 7108.1 current ops/sec; est completion in 17 hours 10 minutes [READ: Count=35556, Max=4131, Min=92, Avg=140.06, 90=146, 99=268, 99.9=283, 99.99=442] [UPDATE: Count=35525, Max=3519, Min=89, Avg=137.93, 90=144, 99=266, 99.9=284, 99.99=569] 
Maximum time elapsed. Requesting stop for the workload.
Stop requested for workload. Now Joining!
2024-07-11 17:49:26:801 61 sec: 423110 operations; 6597.24 current ops/sec; est completion in 17 hours 11 minutes [READ: Count=3373, Max=627, Min=96, Avg=148.86, 90=164, 99=314, 99.9=434, 99.99=627] [CLEANUP: Count=1, Max=1587, Min=1587, Avg=1587, 90=1587, 99=1587, 99.9=1587, 99.99=1587] [UPDATE: Count=3310, Max=2779, Min=93, Avg=149.33, 90=171, 99=327, 99.9=633, 99.99=2779] 
[OVERALL], RunTime(ms), 61021
[OVERALL], Throughput(ops/sec), 6933.8424476819455
[TOTAL_GCS_Copy], Count, 39
[TOTAL_GC_TIME_Copy], Time(ms), 21
[TOTAL_GC_TIME_%_Copy], Time(%), 0.034414381934088266
[TOTAL_GCS_MarkSweepCompact], Count, 0
[TOTAL_GC_TIME_MarkSweepCompact], Time(ms), 0
[TOTAL_GC_TIME_%_MarkSweepCompact], Time(%), 0.0
[TOTAL_GCs], Count, 39
[TOTAL_GC_TIME], Time(ms), 21
[TOTAL_GC_TIME_%], Time(%), 0.034414381934088266
[READ], Operations, 211709
[READ], AverageLatency(us), 142.71449489629634
[READ], MinLatency(us), 91
[READ], MaxLatency(us), 44447
[READ], 95thPercentileLatency(us), 157
[READ], 99thPercentileLatency(us), 272
[READ], Return=OK, 211709
[CLEANUP], Operations, 1
[CLEANUP], AverageLatency(us), 1587.0
[CLEANUP], MinLatency(us), 1587
[CLEANUP], MaxLatency(us), 1587
[CLEANUP], 95thPercentileLatency(us), 1587
[CLEANUP], 99thPercentileLatency(us), 1587
[UPDATE], Operations, 211401
[UPDATE], AverageLatency(us), 140.63169521430837
[UPDATE], MinLatency(us), 89
[UPDATE], MaxLatency(us), 13047
[UPDATE], 95thPercentileLatency(us), 155
[UPDATE], 99thPercentileLatency(us), 270
[UPDATE], Return=OK, 211401
AUTOTEST_DONE
