/nix/store/2vwkssqpzykk37r996cafq7x63imf4sp-openjdk-21+35/bin/java  -classpath /nix/store/zw02np72fzsmga6s5mphhw7x8qlzf4sv-ycsb-0.17.0/share/conf:/nix/store/zw02np72fzsmga6s5mphhw7x8qlzf4sv-ycsb-0.17.0/share/lib/core-0.17.0.jar:/nix/store/zw02np72fzsmga6s5mphhw7x8qlzf4sv-ycsb-0.17.0/share/lib/HdrHistogram-2.1.4.jar:/nix/store/zw02np72fzsmga6s5mphhw7x8qlzf4sv-ycsb-0.17.0/share/lib/htrace-core4-4.1.0-incubating.jar:/nix/store/zw02np72fzsmga6s5mphhw7x8qlzf4sv-ycsb-0.17.0/share/lib/jackson-core-asl-1.9.4.jar:/nix/store/zw02np72fzsmga6s5mphhw7x8qlzf4sv-ycsb-0.17.0/share/lib/jackson-mapper-asl-1.9.4.jar:/nix/store/zw02np72fzsmga6s5mphhw7x8qlzf4sv-ycsb-0.17.0/share/redis-binding/lib/commons-pool2-2.4.2.jar:/nix/store/zw02np72fzsmga6s5mphhw7x8qlzf4sv-ycsb-0.17.0/share/redis-binding/lib/jedis-2.9.0.jar:/nix/store/zw02np72fzsmga6s5mphhw7x8qlzf4sv-ycsb-0.17.0/share/redis-binding/lib/redis-binding-0.17.0.jar site.ycsb.Client -t -db site.ycsb.db.RedisClient -s -P /home/host/vmuxIO/test/moonprogs//../../ycsb/share/workloads/workloada -p redis.host=10.1.0.2 -p redis.port=6389 -p operationcount=429496729 -p maxexecutiontime=61 -threads 1
Command line: -t -db site.ycsb.db.RedisClient -s -P /home/host/vmuxIO/test/moonprogs//../../ycsb/share/workloads/workloada -p redis.host=10.1.0.2 -p redis.port=6389 -p operationcount=429496729 -p maxexecutiontime=61 -threads 1
YCSB Client 0.17.0

Loading workload...
Starting test.
Maximum execution time specified as: 61 secs
DBWrapper: report latency for each error is false and specific error codes to track for latency are: []
2025-04-18 14:09:45:663 0 sec: 0 operations; est completion in 0 second 
2025-04-18 14:09:55:410 10 sec: 40513 operations; 4051.3 current ops/sec; est completion in 1 day 5 hours [READ: Count=20303, Max=70015, Min=100, Avg=237.99, 90=377, 99=559, 99.9=2543, 99.99=6579] [UPDATE: Count=20230, Max=6519, Min=94, Avg=234.34, 90=379, 99=562, 99.9=2615, 99.99=4919] 
2025-04-18 14:10:05:409 20 sec: 77280 operations; 3676.7 current ops/sec; est completion in 1 day 6 hours [READ: Count=18433, Max=7935, Min=110, Avg=268, 90=427, 99=726, 99.9=3575, 99.99=4167] [UPDATE: Count=18314, Max=4515, Min=108, Avg=268.7, 90=430, 99=748, 99.9=3559, 99.99=4235] 
2025-04-18 14:10:15:410 30 sec: 120117 operations; 4283.7 current ops/sec; est completion in 1 day 5 hours [READ: Count=21374, Max=4403, Min=124, Avg=232.1, 90=393, 99=494, 99.9=632, 99.99=2621] [UPDATE: Count=21463, Max=6643, Min=120, Avg=230.36, 90=393, 99=500, 99.9=618, 99.99=1366] 
2025-04-18 14:10:25:409 40 sec: 160108 operations; 3999.1 current ops/sec; est completion in 1 day 5 hours [READ: Count=20077, Max=7623, Min=118, Avg=248.22, 90=427, 99=665, 99.9=887, 99.99=1155] [UPDATE: Count=19914, Max=3555, Min=97, Avg=247.68, 90=430, 99=673, 99.9=869, 99.99=1630] 
2025-04-18 14:10:35:410 50 sec: 215018 operations; 5491 current ops/sec; est completion in 1 day 3 hours [READ: Count=27532, Max=967, Min=115, Avg=180.85, 90=265, 99=408, 99.9=503, 99.99=618] [UPDATE: Count=27378, Max=5103, Min=117, Avg=179.68, 90=266, 99=408, 99.9=504, 99.99=654] 
2025-04-18 14:10:45:409 60 sec: 253563 operations; 3854.5 current ops/sec; est completion in 1 day 4 hours [READ: Count=19380, Max=11407, Min=93, Avg=258.42, 90=433, 99=548, 99.9=695, 99.99=3175] [UPDATE: Count=19165, Max=3787, Min=91, Avg=256.01, 90=431, 99=546, 99.9=675, 99.99=2267] 
Maximum time elapsed. Requesting stop for the workload.
Stop requested for workload. Now Joining!
2025-04-18 14:10:46:415 61 sec: 259174 operations; 5577.53 current ops/sec; est completion in 1 day 4 hours [READ: Count=2815, Max=535, Min=120, Avg=176.47, 90=211, 99=258, 99.9=309, 99.99=535] [CLEANUP: Count=1, Max=1018, Min=1018, Avg=1018, 90=1018, 99=1018, 99.9=1018, 99.99=1018] [UPDATE: Count=2796, Max=5831, Min=119, Avg=177.48, 90=211, 99=257, 99.9=379, 99.99=5831] 
[OVERALL], RunTime(ms), 61010
[OVERALL], Throughput(ops/sec), 4248.057695459761
[TOTAL_GCS_Copy], Count, 24
[TOTAL_GC_TIME_Copy], Time(ms), 18
[TOTAL_GC_TIME_%_Copy], Time(%), 0.029503360104900834
[TOTAL_GCS_MarkSweepCompact], Count, 0
[TOTAL_GC_TIME_MarkSweepCompact], Time(ms), 0
[TOTAL_GC_TIME_%_MarkSweepCompact], Time(%), 0.0
[TOTAL_GCs], Count, 24
[TOTAL_GC_TIME], Time(ms), 18
[TOTAL_GC_TIME_%], Time(%), 0.029503360104900834
[READ], Operations, 129914
[READ], AverageLatency(us), 232.46402235324908
[READ], MinLatency(us), 93
[READ], MaxLatency(us), 70015
[READ], 95thPercentileLatency(us), 439
[READ], 99thPercentileLatency(us), 584
[READ], Return=OK, 129914
[CLEANUP], Operations, 1
[CLEANUP], AverageLatency(us), 1018.0
[CLEANUP], MinLatency(us), 1018
[CLEANUP], MaxLatency(us), 1018
[CLEANUP], 95thPercentileLatency(us), 1018
[CLEANUP], 99thPercentileLatency(us), 1018
[UPDATE], Operations, 129260
[UPDATE], AverageLatency(us), 231.0092139873124
[UPDATE], MinLatency(us), 91
[UPDATE], MaxLatency(us), 6643
[UPDATE], 95thPercentileLatency(us), 440
[UPDATE], 99thPercentileLatency(us), 585
[UPDATE], Return=OK, 129260
AUTOTEST_DONE
