/nix/store/2vwkssqpzykk37r996cafq7x63imf4sp-openjdk-21+35/bin/java  -classpath /nix/store/zw02np72fzsmga6s5mphhw7x8qlzf4sv-ycsb-0.17.0/share/conf:/nix/store/zw02np72fzsmga6s5mphhw7x8qlzf4sv-ycsb-0.17.0/share/lib/core-0.17.0.jar:/nix/store/zw02np72fzsmga6s5mphhw7x8qlzf4sv-ycsb-0.17.0/share/lib/HdrHistogram-2.1.4.jar:/nix/store/zw02np72fzsmga6s5mphhw7x8qlzf4sv-ycsb-0.17.0/share/lib/htrace-core4-4.1.0-incubating.jar:/nix/store/zw02np72fzsmga6s5mphhw7x8qlzf4sv-ycsb-0.17.0/share/lib/jackson-core-asl-1.9.4.jar:/nix/store/zw02np72fzsmga6s5mphhw7x8qlzf4sv-ycsb-0.17.0/share/lib/jackson-mapper-asl-1.9.4.jar:/nix/store/zw02np72fzsmga6s5mphhw7x8qlzf4sv-ycsb-0.17.0/share/redis-binding/lib/commons-pool2-2.4.2.jar:/nix/store/zw02np72fzsmga6s5mphhw7x8qlzf4sv-ycsb-0.17.0/share/redis-binding/lib/jedis-2.9.0.jar:/nix/store/zw02np72fzsmga6s5mphhw7x8qlzf4sv-ycsb-0.17.0/share/redis-binding/lib/redis-binding-0.17.0.jar site.ycsb.Client -t -db site.ycsb.db.RedisClient -s -P /home/host/vmuxIO/test/moonprogs//../../ycsb/share/workloads/workloada -p redis.host=10.1.0.2 -p redis.port=6388 -p operationcount=429496729 -p maxexecutiontime=61 -threads 1
Command line: -t -db site.ycsb.db.RedisClient -s -P /home/host/vmuxIO/test/moonprogs//../../ycsb/share/workloads/workloada -p redis.host=10.1.0.2 -p redis.port=6388 -p operationcount=429496729 -p maxexecutiontime=61 -threads 1
YCSB Client 0.17.0

Loading workload...
Starting test.
Maximum execution time specified as: 61 secs
DBWrapper: report latency for each error is false and specific error codes to track for latency are: []
2025-04-18 13:17:33:727 0 sec: 0 operations; est completion in 0 second 
2025-04-18 13:17:43:563 10 sec: 67373 operations; 6737.3 current ops/sec; est completion in 17 hours 42 minutes [READ: Count=33877, Max=12319, Min=92, Avg=142.97, 90=176, 99=271, 99.9=819, 99.99=6171] [UPDATE: Count=33510, Max=22367, Min=91, Avg=142.22, 90=175, 99=284, 99.9=914, 99.99=5427] 
2025-04-18 13:17:53:562 20 sec: 136992 operations; 6961.9 current ops/sec; est completion in 17 hours 24 minutes [READ: Count=34829, Max=1303, Min=84, Avg=142.98, 90=184, 99=259, 99.9=387, 99.99=953] [UPDATE: Count=34776, Max=5995, Min=89, Avg=140.09, 90=182, 99=257, 99.9=358, 99.99=643] 
2025-04-18 13:18:03:562 30 sec: 209041 operations; 7204.9 current ops/sec; est completion in 17 hours 6 minutes [READ: Count=35871, Max=6107, Min=92, Avg=138.97, 90=172, 99=284, 99.9=421, 99.99=796] [UPDATE: Count=36178, Max=1464, Min=87, Avg=135.66, 90=169, 99=277, 99.9=413, 99.99=752] 
2025-04-18 13:18:13:562 40 sec: 281368 operations; 7232.7 current ops/sec; est completion in 16 hours 56 minutes [READ: Count=36266, Max=4215, Min=93, Avg=138.05, 90=170, 99=253, 99.9=344, 99.99=541] [UPDATE: Count=36061, Max=1009, Min=88, Avg=135.45, 90=168, 99=250, 99.9=327, 99.99=479] 
2025-04-18 13:18:23:562 50 sec: 350572 operations; 6920.4 current ops/sec; est completion in 17 hours [READ: Count=34655, Max=6363, Min=89, Avg=144.12, 90=177, 99=268, 99.9=404, 99.99=897] [UPDATE: Count=34549, Max=2653, Min=82, Avg=141.67, 90=175, 99=265, 99.9=385, 99.99=673] 
2025-04-18 13:18:33:562 60 sec: 419758 operations; 6918.6 current ops/sec; est completion in 17 hours 2 minutes [READ: Count=34521, Max=5015, Min=88, Avg=144.09, 90=176, 99=244, 99.9=325, 99.99=731] [UPDATE: Count=34665, Max=7075, Min=86, Avg=141.78, 90=174, 99=241, 99.9=298, 99.99=451] 
Maximum time elapsed. Requesting stop for the workload.
Stop requested for workload. Now Joining!
2025-04-18 13:18:34:570 61 sec: 428304 operations; 8486.59 current ops/sec; est completion in 16 hours 58 minutes [READ: Count=4261, Max=3331, Min=92, Avg=118.1, 90=131, 99=247, 99.9=425, 99.99=3331] [CLEANUP: Count=1, Max=866, Min=866, Avg=866, 90=866, 99=866, 99.9=866, 99.99=866] [UPDATE: Count=4285, Max=980, Min=90, Avg=114.41, 90=128, 99=243, 99.9=415, 99.99=980] 
[OVERALL], RunTime(ms), 61014
[OVERALL], Throughput(ops/sec), 7019.765955354509
[TOTAL_GCS_Copy], Count, 40
[TOTAL_GC_TIME_Copy], Time(ms), 21
[TOTAL_GC_TIME_%_Copy], Time(%), 0.034418330219293934
[TOTAL_GCS_MarkSweepCompact], Count, 0
[TOTAL_GC_TIME_MarkSweepCompact], Time(ms), 0
[TOTAL_GC_TIME_%_MarkSweepCompact], Time(%), 0.0
[TOTAL_GCs], Count, 40
[TOTAL_GC_TIME], Time(ms), 21
[TOTAL_GC_TIME_%], Time(%), 0.034418330219293934
[READ], Operations, 214280
[READ], AverageLatency(us), 141.34166977786074
[READ], MinLatency(us), 84
[READ], MaxLatency(us), 12319
[READ], 95thPercentileLatency(us), 195
[READ], 99thPercentileLatency(us), 262
[READ], Return=OK, 214280
[CLEANUP], Operations, 1
[CLEANUP], AverageLatency(us), 866.0
[CLEANUP], MinLatency(us), 866
[CLEANUP], MaxLatency(us), 866
[CLEANUP], 95thPercentileLatency(us), 866
[CLEANUP], 99thPercentileLatency(us), 866
[UPDATE], Operations, 214024
[UPDATE], AverageLatency(us), 138.9073888909655
[UPDATE], MinLatency(us), 82
[UPDATE], MaxLatency(us), 22367
[UPDATE], 95thPercentileLatency(us), 193
[UPDATE], 99thPercentileLatency(us), 260
[UPDATE], Return=OK, 214024
AUTOTEST_DONE
