/nix/store/2vwkssqpzykk37r996cafq7x63imf4sp-openjdk-21+35/bin/java  -classpath /nix/store/zw02np72fzsmga6s5mphhw7x8qlzf4sv-ycsb-0.17.0/share/conf:/nix/store/zw02np72fzsmga6s5mphhw7x8qlzf4sv-ycsb-0.17.0/share/lib/core-0.17.0.jar:/nix/store/zw02np72fzsmga6s5mphhw7x8qlzf4sv-ycsb-0.17.0/share/lib/HdrHistogram-2.1.4.jar:/nix/store/zw02np72fzsmga6s5mphhw7x8qlzf4sv-ycsb-0.17.0/share/lib/htrace-core4-4.1.0-incubating.jar:/nix/store/zw02np72fzsmga6s5mphhw7x8qlzf4sv-ycsb-0.17.0/share/lib/jackson-core-asl-1.9.4.jar:/nix/store/zw02np72fzsmga6s5mphhw7x8qlzf4sv-ycsb-0.17.0/share/lib/jackson-mapper-asl-1.9.4.jar:/nix/store/zw02np72fzsmga6s5mphhw7x8qlzf4sv-ycsb-0.17.0/share/redis-binding/lib/commons-pool2-2.4.2.jar:/nix/store/zw02np72fzsmga6s5mphhw7x8qlzf4sv-ycsb-0.17.0/share/redis-binding/lib/jedis-2.9.0.jar:/nix/store/zw02np72fzsmga6s5mphhw7x8qlzf4sv-ycsb-0.17.0/share/redis-binding/lib/redis-binding-0.17.0.jar site.ycsb.Client -t -db site.ycsb.db.RedisClient -s -P /home/host/vmuxIO/test/moonprogs//../../ycsb/share/workloads/workloada -p redis.host=10.1.0.2 -p redis.port=6388 -p operationcount=429496729 -p maxexecutiontime=61 -threads 1
Command line: -t -db site.ycsb.db.RedisClient -s -P /home/host/vmuxIO/test/moonprogs//../../ycsb/share/workloads/workloada -p redis.host=10.1.0.2 -p redis.port=6388 -p operationcount=429496729 -p maxexecutiontime=61 -threads 1
YCSB Client 0.17.0

Loading workload...
Starting test.
Maximum execution time specified as: 61 secs
DBWrapper: report latency for each error is false and specific error codes to track for latency are: []
2025-04-18 13:23:36:700 0 sec: 0 operations; est completion in 0 second 
2025-04-18 13:23:46:539 10 sec: 78642 operations; 7864.2 current ops/sec; est completion in 15 hours 10 minutes [READ: Count=39538, Max=19583, Min=78, Avg=122.07, 90=147, 99=222, 99.9=692, 99.99=4223] [UPDATE: Count=39111, Max=24127, Min=77, Avg=121.17, 90=146, 99=219, 99.9=937, 99.99=4887] 
2025-04-18 13:23:56:539 20 sec: 158141 operations; 7949.9 current ops/sec; est completion in 15 hours 4 minutes [READ: Count=39824, Max=3001, Min=81, Avg=125.34, 90=162, 99=242, 99.9=362, 99.99=904] [UPDATE: Count=39668, Max=7151, Min=76, Avg=122.31, 90=160, 99=236, 99.9=334, 99.99=621] 
2025-04-18 13:24:06:539 30 sec: 244287 operations; 8614.6 current ops/sec; est completion in 14 hours 38 minutes [READ: Count=43097, Max=9559, Min=77, Avg=116.3, 90=147, 99=219, 99.9=317, 99.99=678] [UPDATE: Count=43049, Max=1833, Min=74, Avg=112.84, 90=144, 99=213, 99.9=307, 99.99=576] 
2025-04-18 13:24:16:539 40 sec: 331418 operations; 8713.1 current ops/sec; est completion in 14 hours 23 minutes [READ: Count=43692, Max=979, Min=80, Avg=114.62, 90=140, 99=197, 99.9=311, 99.99=472] [UPDATE: Count=43439, Max=9535, Min=77, Avg=111.9, 90=138, 99=195, 99.9=287, 99.99=461] 
2025-04-18 13:24:26:539 50 sec: 417221 operations; 8580.3 current ops/sec; est completion in 14 hours 17 minutes [READ: Count=42865, Max=630, Min=77, Avg=116.47, 90=146, 99=222, 99.9=315, 99.99=402] [UPDATE: Count=42938, Max=3519, Min=76, Avg=113.64, 90=143, 99=226, 99.9=319, 99.99=471] 
2025-04-18 13:24:36:539 60 sec: 502000 operations; 8477.9 current ops/sec; est completion in 14 hours 14 minutes [READ: Count=42071, Max=2719, Min=81, Avg=118.07, 90=146, 99=226, 99.9=323, 99.99=697] [UPDATE: Count=42708, Max=6307, Min=78, Avg=114.83, 90=142, 99=219, 99.9=302, 99.99=449] 
Maximum time elapsed. Requesting stop for the workload.
Stop requested for workload. Now Joining!
2025-04-18 13:24:37:544 61 sec: 512008 operations; 9968.13 current ops/sec; est completion in 14 hours 11 minutes [READ: Count=4961, Max=432, Min=82, Avg=99.9, 90=112, 99=137, 99.9=171, 99.99=432] [CLEANUP: Count=1, Max=911, Min=911, Avg=911, 90=911, 99=911, 99.9=911, 99.99=911] [UPDATE: Count=5047, Max=2857, Min=72, Avg=97.6, 90=110, 99=133, 99.9=171, 99.99=290] 
[OVERALL], RunTime(ms), 61008
[OVERALL], Throughput(ops/sec), 8392.47311827957
[TOTAL_GCS_Copy], Count, 47
[TOTAL_GC_TIME_Copy], Time(ms), 29
[TOTAL_GC_TIME_%_Copy], Time(%), 0.047534749541043794
[TOTAL_GCS_MarkSweepCompact], Count, 0
[TOTAL_GC_TIME_MarkSweepCompact], Time(ms), 0
[TOTAL_GC_TIME_%_MarkSweepCompact], Time(%), 0.0
[TOTAL_GCs], Count, 47
[TOTAL_GC_TIME], Time(ms), 29
[TOTAL_GC_TIME_%], Time(%), 0.047534749541043794
[READ], Operations, 256048
[READ], AverageLatency(us), 118.31148065987627
[READ], MinLatency(us), 77
[READ], MaxLatency(us), 19583
[READ], 95thPercentileLatency(us), 168
[READ], 99thPercentileLatency(us), 222
[READ], Return=OK, 256048
[CLEANUP], Operations, 1
[CLEANUP], AverageLatency(us), 911.0
[CLEANUP], MinLatency(us), 911
[CLEANUP], MaxLatency(us), 911
[CLEANUP], 95thPercentileLatency(us), 911
[CLEANUP], 99thPercentileLatency(us), 911
[UPDATE], Operations, 255960
[UPDATE], AverageLatency(us), 115.5858102828567
[UPDATE], MinLatency(us), 72
[UPDATE], MaxLatency(us), 24127
[UPDATE], 95thPercentileLatency(us), 165
[UPDATE], 99thPercentileLatency(us), 218
[UPDATE], Return=OK, 255960
AUTOTEST_DONE
