/nix/store/2vwkssqpzykk37r996cafq7x63imf4sp-openjdk-21+35/bin/java  -classpath /nix/store/zw02np72fzsmga6s5mphhw7x8qlzf4sv-ycsb-0.17.0/share/conf:/nix/store/zw02np72fzsmga6s5mphhw7x8qlzf4sv-ycsb-0.17.0/share/lib/core-0.17.0.jar:/nix/store/zw02np72fzsmga6s5mphhw7x8qlzf4sv-ycsb-0.17.0/share/lib/HdrHistogram-2.1.4.jar:/nix/store/zw02np72fzsmga6s5mphhw7x8qlzf4sv-ycsb-0.17.0/share/lib/htrace-core4-4.1.0-incubating.jar:/nix/store/zw02np72fzsmga6s5mphhw7x8qlzf4sv-ycsb-0.17.0/share/lib/jackson-core-asl-1.9.4.jar:/nix/store/zw02np72fzsmga6s5mphhw7x8qlzf4sv-ycsb-0.17.0/share/lib/jackson-mapper-asl-1.9.4.jar:/nix/store/zw02np72fzsmga6s5mphhw7x8qlzf4sv-ycsb-0.17.0/share/redis-binding/lib/commons-pool2-2.4.2.jar:/nix/store/zw02np72fzsmga6s5mphhw7x8qlzf4sv-ycsb-0.17.0/share/redis-binding/lib/jedis-2.9.0.jar:/nix/store/zw02np72fzsmga6s5mphhw7x8qlzf4sv-ycsb-0.17.0/share/redis-binding/lib/redis-binding-0.17.0.jar site.ycsb.Client -t -db site.ycsb.db.RedisClient -s -P /home/host/vmuxIO/test/moonprogs//../../ycsb/share/workloads/workloada -p redis.host=10.1.0.2 -p redis.port=6386 -p operationcount=429496729 -p maxexecutiontime=61 -threads 1
Command line: -t -db site.ycsb.db.RedisClient -s -P /home/host/vmuxIO/test/moonprogs//../../ycsb/share/workloads/workloada -p redis.host=10.1.0.2 -p redis.port=6386 -p operationcount=429496729 -p maxexecutiontime=61 -threads 1
YCSB Client 0.17.0

Loading workload...
Starting test.
Maximum execution time specified as: 61 secs
DBWrapper: report latency for each error is false and specific error codes to track for latency are: []
2025-04-18 13:23:37:579 0 sec: 0 operations; est completion in 0 second 
2025-04-18 13:23:47:405 10 sec: 81216 operations; 8121.6 current ops/sec; est completion in 14 hours 41 minutes [READ: Count=40737, Max=16479, Min=72, Avg=117.17, 90=141, 99=213, 99.9=942, 99.99=6147] [UPDATE: Count=40494, Max=22959, Min=70, Avg=117.19, 90=140, 99=220, 99.9=1228, 99.99=4987] 
2025-04-18 13:23:57:405 20 sec: 167695 operations; 8647.04 current ops/sec; est completion in 14 hours 13 minutes [READ: Count=43149, Max=11375, Min=72, Avg=115.27, 90=147, 99=229, 99.9=372, 99.99=897] [UPDATE: Count=43315, Max=757, Min=69, Avg=112.49, 90=145, 99=222, 99.9=334, 99.99=477] 
2025-04-18 13:24:07:405 30 sec: 255764 operations; 8807.78 current ops/sec; est completion in 13 hours 59 minutes [READ: Count=43902, Max=3667, Min=72, Avg=113.07, 90=140, 99=211, 99.9=312, 99.99=556] [UPDATE: Count=44167, Max=5899, Min=68, Avg=110.88, 90=138, 99=209, 99.9=302, 99.99=508] 
2025-04-18 13:24:17:405 40 sec: 346050 operations; 9028.6 current ops/sec; est completion in 13 hours 46 minutes [READ: Count=45022, Max=7655, Min=72, Avg=110.4, 90=138, 99=201, 99.9=298, 99.99=458] [UPDATE: Count=45264, Max=624, Min=70, Avg=107.98, 90=136, 99=197, 99.9=271, 99.99=415] 
2025-04-18 13:24:27:405 50 sec: 431306 operations; 8525.6 current ops/sec; est completion in 13 hours 49 minutes [READ: Count=42596, Max=3461, Min=72, Avg=116.77, 90=150, 99=230, 99.9=357, 99.99=626] [UPDATE: Count=42660, Max=1180, Min=70, Avg=114.55, 90=149, 99=234, 99.9=349, 99.99=599] 
2025-04-18 13:24:37:405 60 sec: 523058 operations; 9175.2 current ops/sec; est completion in 13 hours 40 minutes [READ: Count=45996, Max=653, Min=72, Avg=108.62, 90=133, 99=190, 99.9=285, 99.99=442] [UPDATE: Count=45756, Max=6107, Min=67, Avg=106.27, 90=131, 99=187, 99.9=265, 99.99=437] 
Maximum time elapsed. Requesting stop for the workload.
Stop requested for workload. Now Joining!
2025-04-18 13:24:38:418 61 sec: 534153 operations; 10941.81 current ops/sec; est completion in 13 hours 36 minutes [READ: Count=5508, Max=2735, Min=72, Avg=90.81, 90=102, 99=128, 99.9=154, 99.99=349] [CLEANUP: Count=1, Max=992, Min=992, Avg=992, 90=992, 99=992, 99.9=992, 99.99=992] [UPDATE: Count=5587, Max=443, Min=69, Avg=88.68, 90=100, 99=126, 99.9=143, 99.99=323] 
[OVERALL], RunTime(ms), 61020
[OVERALL], Throughput(ops/sec), 8753.736479842675
[TOTAL_GCS_Copy], Count, 49
[TOTAL_GC_TIME_Copy], Time(ms), 27
[TOTAL_GC_TIME_%_Copy], Time(%), 0.04424778761061947
[TOTAL_GCS_MarkSweepCompact], Count, 0
[TOTAL_GC_TIME_MarkSweepCompact], Time(ms), 0
[TOTAL_GC_TIME_%_MarkSweepCompact], Time(%), 0.0
[TOTAL_GCs], Count, 49
[TOTAL_GC_TIME], Time(ms), 27
[TOTAL_GC_TIME_%], Time(%), 0.04424778761061947
[READ], Operations, 266910
[READ], AverageLatency(us), 112.96442246450114
[READ], MinLatency(us), 72
[READ], MaxLatency(us), 16479
[READ], 95thPercentileLatency(us), 159
[READ], 99thPercentileLatency(us), 212
[READ], Return=OK, 266910
[CLEANUP], Operations, 1
[CLEANUP], AverageLatency(us), 992.0
[CLEANUP], MinLatency(us), 992
[CLEANUP], MaxLatency(us), 992
[CLEANUP], 95thPercentileLatency(us), 992
[CLEANUP], 99thPercentileLatency(us), 992
[UPDATE], Operations, 267243
[UPDATE], AverageLatency(us), 110.93779444176273
[UPDATE], MinLatency(us), 67
[UPDATE], MaxLatency(us), 22959
[UPDATE], 95thPercentileLatency(us), 158
[UPDATE], 99thPercentileLatency(us), 210
[UPDATE], Return=OK, 267243
AUTOTEST_DONE
