/nix/store/2vwkssqpzykk37r996cafq7x63imf4sp-openjdk-21+35/bin/java  -classpath /nix/store/zw02np72fzsmga6s5mphhw7x8qlzf4sv-ycsb-0.17.0/share/conf:/nix/store/zw02np72fzsmga6s5mphhw7x8qlzf4sv-ycsb-0.17.0/share/lib/core-0.17.0.jar:/nix/store/zw02np72fzsmga6s5mphhw7x8qlzf4sv-ycsb-0.17.0/share/lib/HdrHistogram-2.1.4.jar:/nix/store/zw02np72fzsmga6s5mphhw7x8qlzf4sv-ycsb-0.17.0/share/lib/htrace-core4-4.1.0-incubating.jar:/nix/store/zw02np72fzsmga6s5mphhw7x8qlzf4sv-ycsb-0.17.0/share/lib/jackson-core-asl-1.9.4.jar:/nix/store/zw02np72fzsmga6s5mphhw7x8qlzf4sv-ycsb-0.17.0/share/lib/jackson-mapper-asl-1.9.4.jar:/nix/store/zw02np72fzsmga6s5mphhw7x8qlzf4sv-ycsb-0.17.0/share/redis-binding/lib/commons-pool2-2.4.2.jar:/nix/store/zw02np72fzsmga6s5mphhw7x8qlzf4sv-ycsb-0.17.0/share/redis-binding/lib/jedis-2.9.0.jar:/nix/store/zw02np72fzsmga6s5mphhw7x8qlzf4sv-ycsb-0.17.0/share/redis-binding/lib/redis-binding-0.17.0.jar site.ycsb.Client -t -db site.ycsb.db.RedisClient -s -P /home/host/vmuxIO/test/moonprogs//../../ycsb/share/workloads/workloada -p redis.host=10.1.0.2 -p redis.port=6382 -p operationcount=429496729 -p maxexecutiontime=61 -threads 1
Command line: -t -db site.ycsb.db.RedisClient -s -P /home/host/vmuxIO/test/moonprogs//../../ycsb/share/workloads/workloada -p redis.host=10.1.0.2 -p redis.port=6382 -p operationcount=429496729 -p maxexecutiontime=61 -threads 1
YCSB Client 0.17.0

Loading workload...
Starting test.
Maximum execution time specified as: 61 secs
DBWrapper: report latency for each error is false and specific error codes to track for latency are: []
2025-04-18 13:23:35:442 0 sec: 0 operations; est completion in 0 second 
2025-04-18 13:23:45:290 10 sec: 78408 operations; 7840.8 current ops/sec; est completion in 15 hours 12 minutes [READ: Count=39272, Max=16367, Min=73, Avg=122.58, 90=153, 99=256, 99.9=1129, 99.99=4923] [UPDATE: Count=39141, Max=28831, Min=74, Avg=121.52, 90=153, 99=258, 99.9=1078, 99.99=4001] 
2025-04-18 13:23:55:290 20 sec: 157413 operations; 7900.5 current ops/sec; est completion in 15 hours 9 minutes [READ: Count=39483, Max=8239, Min=77, Avg=125.9, 90=166, 99=258, 99.9=464, 99.99=1091] [UPDATE: Count=39517, Max=1204, Min=74, Avg=123.57, 90=166, 99=255, 99.9=396, 99.99=733] 
2025-04-18 13:24:05:290 30 sec: 243137 operations; 8572.4 current ops/sec; est completion in 14 hours 42 minutes [READ: Count=42698, Max=715, Min=75, Avg=116.03, 90=143, 99=217, 99.9=333, 99.99=568] [UPDATE: Count=43026, Max=6531, Min=74, Avg=114.24, 90=141, 99=216, 99.9=341, 99.99=675] 
2025-04-18 13:24:15:290 40 sec: 326325 operations; 8318.8 current ops/sec; est completion in 14 hours 36 minutes [READ: Count=41325, Max=4069, Min=77, Avg=119.57, 90=148, 99=221, 99.9=323, 99.99=746] [UPDATE: Count=41863, Max=8463, Min=74, Avg=117.58, 90=146, 99=218, 99.9=312, 99.99=545] 
2025-04-18 13:24:25:290 50 sec: 409532 operations; 8320.7 current ops/sec; est completion in 14 hours 33 minutes [READ: Count=41698, Max=565, Min=75, Avg=119.43, 90=147, 99=222, 99.9=312, 99.99=436] [UPDATE: Count=41509, Max=4547, Min=73, Avg=117.76, 90=146, 99=224, 99.9=314, 99.99=454] 
2025-04-18 13:24:35:290 60 sec: 491422 operations; 8189 current ops/sec; est completion in 14 hours 33 minutes [READ: Count=40752, Max=794, Min=74, Avg=121.36, 90=155, 99=234, 99.9=351, 99.99=525] [UPDATE: Count=41138, Max=3485, Min=73, Avg=119.67, 90=154, 99=234, 99.9=351, 99.99=791] 
Maximum time elapsed. Requesting stop for the workload.
Stop requested for workload. Now Joining!
2025-04-18 13:24:36:298 61 sec: 499896 operations; 8406.75 current ops/sec; est completion in 14 hours 32 minutes [READ: Count=4243, Max=377, Min=78, Avg=117.83, 90=145, 99=214, 99.9=314, 99.99=377] [CLEANUP: Count=1, Max=1547, Min=1547, Avg=1547, 90=1547, 99=1547, 99.9=1547, 99.99=1547] [UPDATE: Count=4231, Max=6195, Min=72, Avg=116.24, 90=141, 99=206, 99.9=293, 99.99=6195] 
[OVERALL], RunTime(ms), 61013
[OVERALL], Throughput(ops/sec), 8193.27028666022
[TOTAL_GCS_Copy], Count, 46
[TOTAL_GC_TIME_Copy], Time(ms), 31
[TOTAL_GC_TIME_%_Copy], Time(%), 0.05080884401684886
[TOTAL_GCS_MarkSweepCompact], Count, 0
[TOTAL_GC_TIME_MarkSweepCompact], Time(ms), 0
[TOTAL_GC_TIME_%_MarkSweepCompact], Time(%), 0.0
[TOTAL_GCs], Count, 46
[TOTAL_GC_TIME], Time(ms), 31
[TOTAL_GC_TIME_%], Time(%), 0.05080884401684886
[READ], Operations, 249471
[READ], AverageLatency(us), 120.67870413795592
[READ], MinLatency(us), 73
[READ], MaxLatency(us), 16367
[READ], 95thPercentileLatency(us), 174
[READ], 99thPercentileLatency(us), 236
[READ], Return=OK, 249471
[CLEANUP], Operations, 1
[CLEANUP], AverageLatency(us), 1547.0
[CLEANUP], MinLatency(us), 1547
[CLEANUP], MaxLatency(us), 1547
[CLEANUP], 95thPercentileLatency(us), 1547
[CLEANUP], 99thPercentileLatency(us), 1547
[UPDATE], Operations, 250425
[UPDATE], AverageLatency(us), 118.9181910751722
[UPDATE], MinLatency(us), 72
[UPDATE], MaxLatency(us), 28831
[UPDATE], 95thPercentileLatency(us), 173
[UPDATE], 99thPercentileLatency(us), 235
[UPDATE], Return=OK, 250425
AUTOTEST_DONE
