/nix/store/2vwkssqpzykk37r996cafq7x63imf4sp-openjdk-21+35/bin/java  -classpath /nix/store/zw02np72fzsmga6s5mphhw7x8qlzf4sv-ycsb-0.17.0/share/conf:/nix/store/zw02np72fzsmga6s5mphhw7x8qlzf4sv-ycsb-0.17.0/share/lib/core-0.17.0.jar:/nix/store/zw02np72fzsmga6s5mphhw7x8qlzf4sv-ycsb-0.17.0/share/lib/HdrHistogram-2.1.4.jar:/nix/store/zw02np72fzsmga6s5mphhw7x8qlzf4sv-ycsb-0.17.0/share/lib/htrace-core4-4.1.0-incubating.jar:/nix/store/zw02np72fzsmga6s5mphhw7x8qlzf4sv-ycsb-0.17.0/share/lib/jackson-core-asl-1.9.4.jar:/nix/store/zw02np72fzsmga6s5mphhw7x8qlzf4sv-ycsb-0.17.0/share/lib/jackson-mapper-asl-1.9.4.jar:/nix/store/zw02np72fzsmga6s5mphhw7x8qlzf4sv-ycsb-0.17.0/share/redis-binding/lib/commons-pool2-2.4.2.jar:/nix/store/zw02np72fzsmga6s5mphhw7x8qlzf4sv-ycsb-0.17.0/share/redis-binding/lib/jedis-2.9.0.jar:/nix/store/zw02np72fzsmga6s5mphhw7x8qlzf4sv-ycsb-0.17.0/share/redis-binding/lib/redis-binding-0.17.0.jar site.ycsb.Client -t -db site.ycsb.db.RedisClient -s -P /home/host/vmuxIO/test/moonprogs//../../ycsb/share/workloads/workloada -p redis.host=10.1.0.2 -p redis.port=6379 -p operationcount=6100 -threads 1 -target 100
Command line: -t -db site.ycsb.db.RedisClient -s -P /home/host/vmuxIO/test/moonprogs//../../ycsb/share/workloads/workloada -p redis.host=10.1.0.2 -p redis.port=6379 -p operationcount=6100 -threads 1 -target 100
YCSB Client 0.17.0

Loading workload...
Starting test.
DBWrapper: report latency for each error is false and specific error codes to track for latency are: []
2024-06-13 18:24:26:610 0 sec: 0 operations; est completion in 0 second 
2024-06-13 18:24:36:457 10 sec: 990 operations; 99 current ops/sec; est completion in 52 seconds [READ: Count=525, Max=38719, Min=266, Avg=649.69, 90=749, 99=3533, 99.9=6415, 99.99=38719] [UPDATE: Count=466, Max=4107, Min=296, Avg=569.01, 90=778, 99=2205, 99.9=4107, 99.99=4107] 
2024-06-13 18:24:46:457 20 sec: 1990 operations; 100 current ops/sec; est completion in 42 seconds [READ: Count=499, Max=4931, Min=256, Avg=491.37, 90=600, 99=976, 99.9=4931, 99.99=4931] [UPDATE: Count=500, Max=4743, Min=280, Avg=499.6, 90=586, 99=1690, 99.9=4743, 99.99=4743] 
2024-06-13 18:24:56:457 30 sec: 2990 operations; 100 current ops/sec; est completion in 32 seconds [READ: Count=480, Max=3411, Min=278, Avg=457.82, 90=553, 99=743, 99.9=3411, 99.99=3411] [UPDATE: Count=520, Max=6419, Min=274, Avg=468.12, 90=548, 99=1328, 99.9=4819, 99.99=6419] 
2024-06-13 18:25:06:457 40 sec: 3990 operations; 100 current ops/sec; est completion in 22 seconds [READ: Count=504, Max=3903, Min=271, Avg=454.62, 90=532, 99=720, 99.9=3845, 99.99=3903] [UPDATE: Count=496, Max=5087, Min=284, Avg=435.66, 90=516, 99=587, 99.9=5087, 99.99=5087] 
2024-06-13 18:25:16:457 50 sec: 4990 operations; 100 current ops/sec; est completion in 12 seconds [READ: Count=497, Max=1395, Min=252, Avg=460.11, 90=581, 99=650, 99.9=1395, 99.99=1395] [UPDATE: Count=503, Max=722, Min=259, Avg=453.13, 90=587, 99=633, 99.9=677, 99.99=722] 
2024-06-13 18:25:26:457 60 sec: 5990 operations; 100 current ops/sec; est completion in 2 second [READ: Count=506, Max=942, Min=278, Avg=428.49, 90=537, 99=635, 99.9=697, 99.99=942] [UPDATE: Count=494, Max=7347, Min=265, Avg=462.05, 90=549, 99=804, 99.9=7347, 99.99=7347] 
2024-06-13 18:25:27:571 61 sec: 6100 operations; 98.65 current ops/sec; [READ: Count=57, Max=588, Min=317, Avg=395.86, 90=463, 99=548, 99.9=588, 99.99=588] [CLEANUP: Count=1, Max=4495, Min=4492, Avg=4494, 90=4495, 99=4495, 99.9=4495, 99.99=4495] [UPDATE: Count=53, Max=528, Min=292, Avg=370.17, 90=436, 99=501, 99.9=528, 99.99=528] 
[OVERALL], RunTime(ms), 61118
[OVERALL], Throughput(ops/sec), 99.80693085506725
[TOTAL_GCS_Copy], Count, 0
[TOTAL_GC_TIME_Copy], Time(ms), 0
[TOTAL_GC_TIME_%_Copy], Time(%), 0.0
[TOTAL_GCS_MarkSweepCompact], Count, 0
[TOTAL_GC_TIME_MarkSweepCompact], Time(ms), 0
[TOTAL_GC_TIME_%_MarkSweepCompact], Time(%), 0.0
[TOTAL_GCs], Count, 0
[TOTAL_GC_TIME], Time(ms), 0
[TOTAL_GC_TIME_%], Time(%), 0.0
[READ], Operations, 3068
[READ], AverageLatency(us), 489.96642764015644
[READ], MinLatency(us), 252
[READ], MaxLatency(us), 38719
[READ], 95thPercentileLatency(us), 630
[READ], 99thPercentileLatency(us), 1250
[READ], Return=OK, 3068
[CLEANUP], Operations, 1
[CLEANUP], AverageLatency(us), 4494.0
[CLEANUP], MinLatency(us), 4492
[CLEANUP], MaxLatency(us), 4495
[CLEANUP], 95thPercentileLatency(us), 4495
[CLEANUP], 99thPercentileLatency(us), 4495
[UPDATE], Operations, 3032
[UPDATE], AverageLatency(us), 478.3189313984169
[UPDATE], MinLatency(us), 259
[UPDATE], MaxLatency(us), 7347
[UPDATE], 95thPercentileLatency(us), 625
[UPDATE], 99thPercentileLatency(us), 1328
[UPDATE], Return=OK, 3032
AUTOTEST_DONE
