/nix/store/2vwkssqpzykk37r996cafq7x63imf4sp-openjdk-21+35/bin/java  -classpath /nix/store/zw02np72fzsmga6s5mphhw7x8qlzf4sv-ycsb-0.17.0/share/conf:/nix/store/zw02np72fzsmga6s5mphhw7x8qlzf4sv-ycsb-0.17.0/share/lib/core-0.17.0.jar:/nix/store/zw02np72fzsmga6s5mphhw7x8qlzf4sv-ycsb-0.17.0/share/lib/HdrHistogram-2.1.4.jar:/nix/store/zw02np72fzsmga6s5mphhw7x8qlzf4sv-ycsb-0.17.0/share/lib/htrace-core4-4.1.0-incubating.jar:/nix/store/zw02np72fzsmga6s5mphhw7x8qlzf4sv-ycsb-0.17.0/share/lib/jackson-core-asl-1.9.4.jar:/nix/store/zw02np72fzsmga6s5mphhw7x8qlzf4sv-ycsb-0.17.0/share/lib/jackson-mapper-asl-1.9.4.jar:/nix/store/zw02np72fzsmga6s5mphhw7x8qlzf4sv-ycsb-0.17.0/share/redis-binding/lib/commons-pool2-2.4.2.jar:/nix/store/zw02np72fzsmga6s5mphhw7x8qlzf4sv-ycsb-0.17.0/share/redis-binding/lib/jedis-2.9.0.jar:/nix/store/zw02np72fzsmga6s5mphhw7x8qlzf4sv-ycsb-0.17.0/share/redis-binding/lib/redis-binding-0.17.0.jar site.ycsb.Client -t -db site.ycsb.db.RedisClient -s -P /home/host/vmuxIO/test/moonprogs//../../ycsb/share/workloads/workloada -p redis.host=10.1.0.2 -p redis.port=6381 -p operationcount=429496729 -p maxexecutiontime=61 -threads 1
Command line: -t -db site.ycsb.db.RedisClient -s -P /home/host/vmuxIO/test/moonprogs//../../ycsb/share/workloads/workloada -p redis.host=10.1.0.2 -p redis.port=6381 -p operationcount=429496729 -p maxexecutiontime=61 -threads 1
YCSB Client 0.17.0

Loading workload...
Starting test.
Maximum execution time specified as: 61 secs
DBWrapper: report latency for each error is false and specific error codes to track for latency are: []
2025-04-18 13:11:26:598 0 sec: 0 operations; est completion in 0 second 
2025-04-18 13:11:36:446 10 sec: 24481 operations; 2447.86 current ops/sec; est completion in 2 days [READ: Count=12333, Max=17279, Min=134, Avg=389.26, 90=440, 99=3335, 99.9=4335, 99.99=10863] [UPDATE: Count=12160, Max=28927, Min=146, Avg=397.75, 90=445, 99=3423, 99.9=4355, 99.99=11311] 
2025-04-18 13:11:46:446 20 sec: 54915 operations; 3043.7 current ops/sec; est completion in 1 day 19 hours [READ: Count=15170, Max=3845, Min=137, Avg=324.15, 90=409, 99=558, 99.9=841, 99.99=3465] [UPDATE: Count=15252, Max=4399, Min=141, Avg=321.68, 90=408, 99=560, 99.9=837, 99.99=4099] 
2025-04-18 13:11:56:446 30 sec: 86901 operations; 3198.6 current ops/sec; est completion in 1 day 17 hours [READ: Count=16007, Max=9287, Min=142, Avg=311.91, 90=384, 99=492, 99.9=701, 99.99=3815] [UPDATE: Count=15979, Max=4033, Min=136, Avg=307.16, 90=380, 99=492, 99.9=705, 99.99=3997] 
2025-04-18 13:12:06:446 40 sec: 119071 operations; 3217 current ops/sec; est completion in 1 day 16 hours [READ: Count=15964, Max=2012, Min=140, Avg=309.01, 90=379, 99=485, 99.9=624, 99.99=1172] [UPDATE: Count=16206, Max=4387, Min=129, Avg=307.29, 90=380, 99=483, 99.9=621, 99.99=3439] 
2025-04-18 13:12:16:446 50 sec: 149224 operations; 3015.3 current ops/sec; est completion in 1 day 15 hours [READ: Count=15065, Max=4211, Min=125, Avg=330.67, 90=429, 99=586, 99.9=752, 99.99=1106] [UPDATE: Count=15088, Max=3369, Min=131, Avg=327.11, 90=425, 99=583, 99.9=822, 99.99=1015] 
2025-04-18 13:12:26:446 60 sec: 181362 operations; 3213.48 current ops/sec; est completion in 1 day 15 hours [READ: Count=15966, Max=2719, Min=125, Avg=310.27, 90=388, 99=513, 99.9=643, 99.99=853] [UPDATE: Count=16172, Max=4279, Min=133, Avg=307.02, 90=385, 99=501, 99.9=639, 99.99=844] 
Maximum time elapsed. Requesting stop for the workload.
Stop requested for workload. Now Joining!
2025-04-18 13:12:27:453 61 sec: 184603 operations; 3221.67 current ops/sec; est completion in 1 day 15 hours [READ: Count=1637, Max=5783, Min=138, Avg=308.98, 90=375, 99=504, 99.9=598, 99.99=5783] [CLEANUP: Count=1, Max=1058, Min=1058, Avg=1058, 90=1058, 99=1058, 99.9=1058, 99.99=1058] [UPDATE: Count=1604, Max=593, Min=143, Avg=306.09, 90=380, 99=485, 99.9=561, 99.99=593] 
[OVERALL], RunTime(ms), 61012
[OVERALL], Throughput(ops/sec), 3025.6834721038485
[TOTAL_GCS_Copy], Count, 17
[TOTAL_GC_TIME_Copy], Time(ms), 19
[TOTAL_GC_TIME_%_Copy], Time(%), 0.031141414803645184
[TOTAL_GCS_MarkSweepCompact], Count, 0
[TOTAL_GC_TIME_MarkSweepCompact], Time(ms), 0
[TOTAL_GC_TIME_%_MarkSweepCompact], Time(%), 0.0
[TOTAL_GCs], Count, 17
[TOTAL_GC_TIME], Time(ms), 19
[TOTAL_GC_TIME_%], Time(%), 0.031141414803645184
[READ], Operations, 92142
[READ], AverageLatency(us), 326.50783573180524
[READ], MinLatency(us), 125
[READ], MaxLatency(us), 17279
[READ], 95thPercentileLatency(us), 444
[READ], 99thPercentileLatency(us), 568
[READ], Return=OK, 92142
[CLEANUP], Operations, 1
[CLEANUP], AverageLatency(us), 1058.0
[CLEANUP], MinLatency(us), 1058
[CLEANUP], MaxLatency(us), 1058
[CLEANUP], 95thPercentileLatency(us), 1058
[CLEANUP], 99thPercentileLatency(us), 1058
[UPDATE], Operations, 92461
[UPDATE], AverageLatency(us), 324.7044267312705
[UPDATE], MinLatency(us), 129
[UPDATE], MaxLatency(us), 28927
[UPDATE], 95thPercentileLatency(us), 443
[UPDATE], 99thPercentileLatency(us), 577
[UPDATE], Return=OK, 92461
AUTOTEST_DONE
