/nix/store/2vwkssqpzykk37r996cafq7x63imf4sp-openjdk-21+35/bin/java  -classpath /nix/store/zw02np72fzsmga6s5mphhw7x8qlzf4sv-ycsb-0.17.0/share/conf:/nix/store/zw02np72fzsmga6s5mphhw7x8qlzf4sv-ycsb-0.17.0/share/lib/core-0.17.0.jar:/nix/store/zw02np72fzsmga6s5mphhw7x8qlzf4sv-ycsb-0.17.0/share/lib/HdrHistogram-2.1.4.jar:/nix/store/zw02np72fzsmga6s5mphhw7x8qlzf4sv-ycsb-0.17.0/share/lib/htrace-core4-4.1.0-incubating.jar:/nix/store/zw02np72fzsmga6s5mphhw7x8qlzf4sv-ycsb-0.17.0/share/lib/jackson-core-asl-1.9.4.jar:/nix/store/zw02np72fzsmga6s5mphhw7x8qlzf4sv-ycsb-0.17.0/share/lib/jackson-mapper-asl-1.9.4.jar:/nix/store/zw02np72fzsmga6s5mphhw7x8qlzf4sv-ycsb-0.17.0/share/redis-binding/lib/commons-pool2-2.4.2.jar:/nix/store/zw02np72fzsmga6s5mphhw7x8qlzf4sv-ycsb-0.17.0/share/redis-binding/lib/jedis-2.9.0.jar:/nix/store/zw02np72fzsmga6s5mphhw7x8qlzf4sv-ycsb-0.17.0/share/redis-binding/lib/redis-binding-0.17.0.jar site.ycsb.Client -t -db site.ycsb.db.RedisClient -s -P /home/host/vmuxIO/test/moonprogs//../../ycsb/share/workloads/workloada -p redis.host=10.1.0.2 -p redis.port=6384 -p operationcount=429496729 -p maxexecutiontime=61 -threads 1
Command line: -t -db site.ycsb.db.RedisClient -s -P /home/host/vmuxIO/test/moonprogs//../../ycsb/share/workloads/workloada -p redis.host=10.1.0.2 -p redis.port=6384 -p operationcount=429496729 -p maxexecutiontime=61 -threads 1
YCSB Client 0.17.0

Loading workload...
Starting test.
Maximum execution time specified as: 61 secs
DBWrapper: report latency for each error is false and specific error codes to track for latency are: []
2025-04-18 13:11:26:970 0 sec: 0 operations; est completion in 0 second 
2025-04-18 13:11:36:803 10 sec: 24480 operations; 2447.76 current ops/sec; est completion in 2 days [READ: Count=12121, Max=16895, Min=149, Avg=390.87, 90=471, 99=1765, 99.9=4295, 99.99=13383] [UPDATE: Count=12370, Max=24191, Min=153, Avg=395.01, 90=472, 99=2139, 99.9=4139, 99.99=9479] 
2025-04-18 13:11:46:803 20 sec: 53726 operations; 2924.6 current ops/sec; est completion in 1 day 20 hours [READ: Count=14584, Max=6551, Min=145, Avg=338.64, 90=427, 99=588, 99.9=1170, 99.99=4095] [UPDATE: Count=14651, Max=3599, Min=141, Avg=334.18, 90=426, 99=573, 99.9=781, 99.99=3211] 
2025-04-18 13:11:56:803 30 sec: 84645 operations; 3091.9 current ops/sec; est completion in 1 day 18 hours [READ: Count=15356, Max=1397, Min=134, Avg=320.91, 90=393, 99=502, 99.9=643, 99.99=917] [UPDATE: Count=15563, Max=10175, Min=138, Avg=319.67, 90=394, 99=507, 99.9=649, 99.99=894] 
2025-04-18 13:12:06:803 40 sec: 115499 operations; 3085.4 current ops/sec; est completion in 1 day 17 hours [READ: Count=15391, Max=4047, Min=147, Avg=322.69, 90=391, 99=498, 99.9=1664, 99.99=3791] [UPDATE: Count=15463, Max=7887, Min=146, Avg=319.88, 90=391, 99=497, 99.9=639, 99.99=4011] 
2025-04-18 13:12:16:803 50 sec: 144357 operations; 2885.8 current ops/sec; est completion in 1 day 17 hours [READ: Count=14394, Max=5019, Min=146, Avg=345.46, 90=445, 99=609, 99.9=815, 99.99=1251] [UPDATE: Count=14464, Max=1160, Min=128, Avg=341.71, 90=442, 99=599, 99.9=771, 99.99=1068] 
2025-04-18 13:12:26:803 60 sec: 174932 operations; 3057.81 current ops/sec; est completion in 1 day 16 hours [READ: Count=15376, Max=6171, Min=142, Avg=326.17, 90=401, 99=529, 99.9=722, 99.99=1210] [UPDATE: Count=15199, Max=900, Min=138, Avg=322.84, 90=401, 99=528, 99.9=648, 99.99=848] 
Maximum time elapsed. Requesting stop for the workload.
Stop requested for workload. Now Joining!
2025-04-18 13:12:27:811 61 sec: 178003 operations; 3043.61 current ops/sec; est completion in 1 day 16 hours [READ: Count=1530, Max=6799, Min=136, Avg=327.75, 90=395, 99=517, 99.9=653, 99.99=6799] [CLEANUP: Count=1, Max=1457, Min=1457, Avg=1457, 90=1457, 99=1457, 99.9=1457, 99.99=1457] [UPDATE: Count=1541, Max=750, Min=151, Avg=322.21, 90=398, 99=520, 99.9=582, 99.99=750] 
[OVERALL], RunTime(ms), 61013
[OVERALL], Throughput(ops/sec), 2917.460213397145
[TOTAL_GCS_Copy], Count, 16
[TOTAL_GC_TIME_Copy], Time(ms), 19
[TOTAL_GC_TIME_%_Copy], Time(%), 0.0311409043974235
[TOTAL_GCS_MarkSweepCompact], Count, 0
[TOTAL_GC_TIME_MarkSweepCompact], Time(ms), 0
[TOTAL_GC_TIME_%_MarkSweepCompact], Time(%), 0.0
[TOTAL_GCs], Count, 16
[TOTAL_GC_TIME], Time(ms), 19
[TOTAL_GC_TIME_%], Time(%), 0.0311409043974235
[READ], Operations, 88752
[READ], AverageLatency(us), 338.69813638002523
[READ], MinLatency(us), 134
[READ], MaxLatency(us), 16895
[READ], 95thPercentileLatency(us), 462
[READ], 99thPercentileLatency(us), 601
[READ], Return=OK, 88752
[CLEANUP], Operations, 1
[CLEANUP], AverageLatency(us), 1457.0
[CLEANUP], MinLatency(us), 1457
[CLEANUP], MaxLatency(us), 1457
[CLEANUP], 95thPercentileLatency(us), 1457
[CLEANUP], 99thPercentileLatency(us), 1457
[UPDATE], Operations, 89251
[UPDATE], AverageLatency(us), 336.6863900684586
[UPDATE], MinLatency(us), 128
[UPDATE], MaxLatency(us), 24191
[UPDATE], 95thPercentileLatency(us), 463
[UPDATE], 99thPercentileLatency(us), 599
[UPDATE], Return=OK, 89251
AUTOTEST_DONE
