/nix/store/2vwkssqpzykk37r996cafq7x63imf4sp-openjdk-21+35/bin/java  -classpath /nix/store/zw02np72fzsmga6s5mphhw7x8qlzf4sv-ycsb-0.17.0/share/conf:/nix/store/zw02np72fzsmga6s5mphhw7x8qlzf4sv-ycsb-0.17.0/share/lib/core-0.17.0.jar:/nix/store/zw02np72fzsmga6s5mphhw7x8qlzf4sv-ycsb-0.17.0/share/lib/HdrHistogram-2.1.4.jar:/nix/store/zw02np72fzsmga6s5mphhw7x8qlzf4sv-ycsb-0.17.0/share/lib/htrace-core4-4.1.0-incubating.jar:/nix/store/zw02np72fzsmga6s5mphhw7x8qlzf4sv-ycsb-0.17.0/share/lib/jackson-core-asl-1.9.4.jar:/nix/store/zw02np72fzsmga6s5mphhw7x8qlzf4sv-ycsb-0.17.0/share/lib/jackson-mapper-asl-1.9.4.jar:/nix/store/zw02np72fzsmga6s5mphhw7x8qlzf4sv-ycsb-0.17.0/share/redis-binding/lib/commons-pool2-2.4.2.jar:/nix/store/zw02np72fzsmga6s5mphhw7x8qlzf4sv-ycsb-0.17.0/share/redis-binding/lib/jedis-2.9.0.jar:/nix/store/zw02np72fzsmga6s5mphhw7x8qlzf4sv-ycsb-0.17.0/share/redis-binding/lib/redis-binding-0.17.0.jar site.ycsb.Client -t -db site.ycsb.db.RedisClient -s -P /home/host/vmuxIO/test/moonprogs//../../ycsb/share/workloads/workloada -p redis.host=10.1.0.2 -p redis.port=6379 -p operationcount=429496729 -p maxexecutiontime=61 -threads 1
Command line: -t -db site.ycsb.db.RedisClient -s -P /home/host/vmuxIO/test/moonprogs//../../ycsb/share/workloads/workloada -p redis.host=10.1.0.2 -p redis.port=6379 -p operationcount=429496729 -p maxexecutiontime=61 -threads 1
YCSB Client 0.17.0

Loading workload...
Starting test.
Maximum execution time specified as: 61 secs
DBWrapper: report latency for each error is false and specific error codes to track for latency are: []
2024-06-30 01:11:10:087 0 sec: 0 operations; est completion in 0 second 
2024-06-30 01:11:19:919 10 sec: 94599 operations; 9459.9 current ops/sec; est completion in 12 hours 36 minutes [READ: Count=47277, Max=14431, Min=81, Avg=101.34, 90=112, 99=144, 99.9=528, 99.99=2841] [UPDATE: Count=47353, Max=26287, Min=77, Avg=99.32, 90=110, 99=146, 99.9=632, 99.99=5107] 
2024-06-30 01:11:29:919 20 sec: 196987 operations; 10237.78 current ops/sec; est completion in 12 hours 6 minutes [READ: Count=51203, Max=1998, Min=81, Avg=98.28, 90=109, 99=132, 99.9=158, 99.99=556] [UPDATE: Count=51154, Max=6391, Min=77, Avg=93.74, 90=104, 99=126, 99.9=147, 99.99=445] 
2024-06-30 01:11:39:919 30 sec: 296256 operations; 9927.89 current ops/sec; est completion in 12 hours 4 minutes [READ: Count=49760, Max=4131, Min=82, Avg=101.52, 90=117, 99=136, 99.9=199, 99.99=597] [UPDATE: Count=49509, Max=563, Min=78, Avg=96.95, 90=112, 99=131, 99.9=178, 99.99=414] 
2024-06-30 01:11:49:919 40 sec: 398993 operations; 10273.7 current ops/sec; est completion in 11 hours 56 minutes [READ: Count=51456, Max=821, Min=81, Avg=98.1, 90=109, 99=131, 99.9=150, 99.99=417] [UPDATE: Count=51281, Max=6719, Min=77, Avg=93.69, 90=104, 99=126, 99.9=142, 99.99=391] 
2024-06-30 01:11:59:919 50 sec: 503401 operations; 10440.8 current ops/sec; est completion in 11 hours 50 minutes [READ: Count=52316, Max=7507, Min=77, Avg=96.49, 90=107, 99=131, 99.9=156, 99.99=468] [UPDATE: Count=52092, Max=477, Min=73, Avg=92.18, 90=102, 99=127, 99.9=145, 99.99=295] 
2024-06-30 01:12:09:919 60 sec: 604802 operations; 10140.1 current ops/sec; est completion in 11 hours 49 minutes [READ: Count=50527, Max=3567, Min=78, Avg=99.33, 90=111, 99=152, 99.9=250, 99.99=535] [UPDATE: Count=50874, Max=788, Min=75, Avg=94.93, 90=107, 99=143, 99.9=237, 99.99=540] 
Maximum time elapsed. Requesting stop for the workload.
Stop requested for workload. Now Joining!
2024-06-30 01:12:10:931 61 sec: 615336 operations; 10409.09 current ops/sec; est completion in 11 hours 48 minutes [READ: Count=5306, Max=561, Min=80, Avg=95.95, 90=106, 99=120, 99.9=148, 99.99=168] [CLEANUP: Count=1, Max=1721, Min=1721, Avg=1721, 90=1721, 99=1721, 99.9=1721, 99.99=1721] [UPDATE: Count=5228, Max=3507, Min=78, Avg=92.65, 90=101, 99=116, 99.9=169, 99.99=660] 
[OVERALL], RunTime(ms), 61020
[OVERALL], Throughput(ops/sec), 10084.16912487709
[TOTAL_GCS_Copy], Count, 57
[TOTAL_GC_TIME_Copy], Time(ms), 33
[TOTAL_GC_TIME_%_Copy], Time(%), 0.05408062930186824
[TOTAL_GCS_MarkSweepCompact], Count, 0
[TOTAL_GC_TIME_MarkSweepCompact], Time(ms), 0
[TOTAL_GC_TIME_%_MarkSweepCompact], Time(%), 0.0
[TOTAL_GCs], Count, 57
[TOTAL_GC_TIME], Time(ms), 33
[TOTAL_GC_TIME_%], Time(%), 0.05408062930186824
[READ], Operations, 307845
[READ], AverageLatency(us), 99.07191931004239
[READ], MinLatency(us), 77
[READ], MaxLatency(us), 14431
[READ], 95thPercentileLatency(us), 121
[READ], 99thPercentileLatency(us), 134
[READ], Return=OK, 307845
[CLEANUP], Operations, 1
[CLEANUP], AverageLatency(us), 1721.0
[CLEANUP], MinLatency(us), 1721
[CLEANUP], MaxLatency(us), 1721
[CLEANUP], 95thPercentileLatency(us), 1721
[CLEANUP], 99thPercentileLatency(us), 1721
[UPDATE], Operations, 307491
[UPDATE], AverageLatency(us), 95.02317466202263
[UPDATE], MinLatency(us), 73
[UPDATE], MaxLatency(us), 26287
[UPDATE], 95thPercentileLatency(us), 117
[UPDATE], 99thPercentileLatency(us), 130
[UPDATE], Return=OK, 307491
AUTOTEST_DONE
