/nix/store/2vwkssqpzykk37r996cafq7x63imf4sp-openjdk-21+35/bin/java  -classpath /nix/store/zw02np72fzsmga6s5mphhw7x8qlzf4sv-ycsb-0.17.0/share/conf:/nix/store/zw02np72fzsmga6s5mphhw7x8qlzf4sv-ycsb-0.17.0/share/lib/core-0.17.0.jar:/nix/store/zw02np72fzsmga6s5mphhw7x8qlzf4sv-ycsb-0.17.0/share/lib/HdrHistogram-2.1.4.jar:/nix/store/zw02np72fzsmga6s5mphhw7x8qlzf4sv-ycsb-0.17.0/share/lib/htrace-core4-4.1.0-incubating.jar:/nix/store/zw02np72fzsmga6s5mphhw7x8qlzf4sv-ycsb-0.17.0/share/lib/jackson-core-asl-1.9.4.jar:/nix/store/zw02np72fzsmga6s5mphhw7x8qlzf4sv-ycsb-0.17.0/share/lib/jackson-mapper-asl-1.9.4.jar:/nix/store/zw02np72fzsmga6s5mphhw7x8qlzf4sv-ycsb-0.17.0/share/redis-binding/lib/commons-pool2-2.4.2.jar:/nix/store/zw02np72fzsmga6s5mphhw7x8qlzf4sv-ycsb-0.17.0/share/redis-binding/lib/jedis-2.9.0.jar:/nix/store/zw02np72fzsmga6s5mphhw7x8qlzf4sv-ycsb-0.17.0/share/redis-binding/lib/redis-binding-0.17.0.jar site.ycsb.Client -t -db site.ycsb.db.RedisClient -s -P /home/host/vmuxIO/test/moonprogs//../../ycsb/share/workloads/workloada -p redis.host=10.1.0.2 -p redis.port=6379 -p operationcount=429496729 -p maxexecutiontime=61 -threads 1
Command line: -t -db site.ycsb.db.RedisClient -s -P /home/host/vmuxIO/test/moonprogs//../../ycsb/share/workloads/workloada -p redis.host=10.1.0.2 -p redis.port=6379 -p operationcount=429496729 -p maxexecutiontime=61 -threads 1
YCSB Client 0.17.0

Loading workload...
Starting test.
Maximum execution time specified as: 61 secs
DBWrapper: report latency for each error is false and specific error codes to track for latency are: []
2024-06-30 01:11:09:865 0 sec: 0 operations; est completion in 0 second 
2024-06-30 01:11:19:709 10 sec: 96533 operations; 9653.3 current ops/sec; est completion in 12 hours 21 minutes [READ: Count=48380, Max=18255, Min=79, Avg=100.73, 90=112, 99=138, 99.9=492, 99.99=3073] [UPDATE: Count=48179, Max=27199, Min=75, Avg=97.62, 90=109, 99=138, 99.9=715, 99.99=3663] 
2024-06-30 01:11:29:709 20 sec: 200783 operations; 10423.96 current ops/sec; est completion in 11 hours 52 minutes [READ: Count=52413, Max=5027, Min=80, Avg=96.53, 90=106, 99=129, 99.9=149, 99.99=513] [UPDATE: Count=51811, Max=1530, Min=76, Avg=92.06, 90=101, 99=124, 99.9=140, 99.99=368] 
2024-06-30 01:11:39:709 30 sec: 304045 operations; 10327.23 current ops/sec; est completion in 11 hours 45 minutes [READ: Count=51624, Max=3073, Min=79, Avg=97.51, 90=109, 99=133, 99.9=169, 99.99=476] [UPDATE: Count=51638, Max=757, Min=75, Avg=93.25, 90=105, 99=129, 99.9=158, 99.99=427] 
2024-06-30 01:11:49:709 40 sec: 408513 operations; 10446.8 current ops/sec; est completion in 11 hours 40 minutes [READ: Count=52076, Max=9511, Min=78, Avg=96.49, 90=107, 99=132, 99.9=152, 99.99=432] [UPDATE: Count=52392, Max=1506, Min=74, Avg=92.09, 90=103, 99=127, 99.9=143, 99.99=379] 
2024-06-30 01:11:59:709 50 sec: 512092 operations; 10357.9 current ops/sec; est completion in 11 hours 38 minutes [READ: Count=51859, Max=8535, Min=77, Avg=97.44, 90=107, 99=131, 99.9=158, 99.99=705] [UPDATE: Count=51720, Max=622, Min=75, Avg=92.73, 90=103, 99=126, 99.9=149, 99.99=438] 
2024-06-30 01:12:09:709 60 sec: 614411 operations; 10231.9 current ops/sec; est completion in 11 hours 38 minutes [READ: Count=51151, Max=871, Min=79, Avg=98.55, 90=111, 99=135, 99.9=176, 99.99=409] [UPDATE: Count=51168, Max=3879, Min=75, Avg=93.9, 90=106, 99=129, 99.9=167, 99.99=451] 
Maximum time elapsed. Requesting stop for the workload.
Stop requested for workload. Now Joining!
2024-06-30 01:12:10:721 61 sec: 624818 operations; 10273.45 current ops/sec; est completion in 11 hours 38 minutes [READ: Count=5174, Max=3975, Min=81, Avg=97.98, 90=108, 99=124, 99.9=174, 99.99=504] [CLEANUP: Count=1, Max=1834, Min=1834, Avg=1834, 90=1834, 99=1834, 99.9=1834, 99.99=1834] [UPDATE: Count=5233, Max=746, Min=78, Avg=93.25, 90=104, 99=122, 99.9=141, 99.99=234] 
[OVERALL], RunTime(ms), 61017
[OVERALL], Throughput(ops/sec), 10240.064244390907
[TOTAL_GCS_Copy], Count, 58
[TOTAL_GC_TIME_Copy], Time(ms), 31
[TOTAL_GC_TIME_%_Copy], Time(%), 0.05080551321762787
[TOTAL_GCS_MarkSweepCompact], Count, 0
[TOTAL_GC_TIME_MarkSweepCompact], Time(ms), 0
[TOTAL_GC_TIME_%_MarkSweepCompact], Time(%), 0.0
[TOTAL_GCs], Count, 58
[TOTAL_GC_TIME], Time(ms), 31
[TOTAL_GC_TIME_%], Time(%), 0.05080551321762787
[READ], Operations, 312677
[READ], AverageLatency(us), 97.83899679221689
[READ], MinLatency(us), 77
[READ], MaxLatency(us), 18255
[READ], 95thPercentileLatency(us), 117
[READ], 99thPercentileLatency(us), 133
[READ], Return=OK, 312677
[CLEANUP], Operations, 1
[CLEANUP], AverageLatency(us), 1834.0
[CLEANUP], MinLatency(us), 1834
[CLEANUP], MaxLatency(us), 1834
[CLEANUP], 95thPercentileLatency(us), 1834
[CLEANUP], 99thPercentileLatency(us), 1834
[UPDATE], Operations, 312141
[UPDATE], AverageLatency(us), 93.55504403458693
[UPDATE], MinLatency(us), 74
[UPDATE], MaxLatency(us), 27199
[UPDATE], 95thPercentileLatency(us), 113
[UPDATE], 99thPercentileLatency(us), 128
[UPDATE], Return=OK, 312141
AUTOTEST_DONE
