/nix/store/2vwkssqpzykk37r996cafq7x63imf4sp-openjdk-21+35/bin/java  -classpath /nix/store/zw02np72fzsmga6s5mphhw7x8qlzf4sv-ycsb-0.17.0/share/conf:/nix/store/zw02np72fzsmga6s5mphhw7x8qlzf4sv-ycsb-0.17.0/share/lib/core-0.17.0.jar:/nix/store/zw02np72fzsmga6s5mphhw7x8qlzf4sv-ycsb-0.17.0/share/lib/HdrHistogram-2.1.4.jar:/nix/store/zw02np72fzsmga6s5mphhw7x8qlzf4sv-ycsb-0.17.0/share/lib/htrace-core4-4.1.0-incubating.jar:/nix/store/zw02np72fzsmga6s5mphhw7x8qlzf4sv-ycsb-0.17.0/share/lib/jackson-core-asl-1.9.4.jar:/nix/store/zw02np72fzsmga6s5mphhw7x8qlzf4sv-ycsb-0.17.0/share/lib/jackson-mapper-asl-1.9.4.jar:/nix/store/zw02np72fzsmga6s5mphhw7x8qlzf4sv-ycsb-0.17.0/share/redis-binding/lib/commons-pool2-2.4.2.jar:/nix/store/zw02np72fzsmga6s5mphhw7x8qlzf4sv-ycsb-0.17.0/share/redis-binding/lib/jedis-2.9.0.jar:/nix/store/zw02np72fzsmga6s5mphhw7x8qlzf4sv-ycsb-0.17.0/share/redis-binding/lib/redis-binding-0.17.0.jar site.ycsb.Client -t -db site.ycsb.db.RedisClient -s -P /home/host/vmuxIO/test/moonprogs//../../ycsb/share/workloads/workloada -p redis.host=10.1.0.2 -p redis.port=6383 -p operationcount=429496729 -p maxexecutiontime=61 -threads 1
Command line: -t -db site.ycsb.db.RedisClient -s -P /home/host/vmuxIO/test/moonprogs//../../ycsb/share/workloads/workloada -p redis.host=10.1.0.2 -p redis.port=6383 -p operationcount=429496729 -p maxexecutiontime=61 -threads 1
YCSB Client 0.17.0

Loading workload...
Starting test.
Maximum execution time specified as: 61 secs
DBWrapper: report latency for each error is false and specific error codes to track for latency are: []
2025-02-05 02:38:21:338 0 sec: 0 operations; est completion in 0 second 
2025-02-05 02:38:31:144 10 sec: 17362 operations; 1736.2 current ops/sec; est completion in 2 days 20 hours [READ: Count=8648, Max=202495, Min=83, Avg=556.92, 90=594, 99=5951, 99.9=10455, 99.99=24143] [UPDATE: Count=8737, Max=205951, Min=81, Avg=551.11, 90=606, 99=5663, 99.9=9319, 99.99=32479] 
2025-02-05 02:38:41:143 20 sec: 41982 operations; 2462 current ops/sec; est completion in 2 days 8 hours [READ: Count=12155, Max=9767, Min=78, Avg=414.36, 90=324, 99=4319, 99.9=7843, 99.99=9175] [UPDATE: Count=12442, Max=8439, Min=77, Avg=389.59, 90=315, 99=4267, 99.9=7879, 99.99=8167] 
2025-02-05 02:38:51:143 30 sec: 68404 operations; 2642.2 current ops/sec; est completion in 2 days 4 hours [READ: Count=13358, Max=14591, Min=83, Avg=384.22, 90=284, 99=4255, 99.9=7979, 99.99=11487] [UPDATE: Count=13064, Max=8335, Min=80, Avg=366.26, 90=274, 99=4243, 99.9=7587, 99.99=8107] 
2025-02-05 02:39:01:143 40 sec: 92062 operations; 2365.8 current ops/sec; est completion in 2 days 3 hours [READ: Count=11830, Max=205055, Min=84, Avg=409.71, 90=275, 99=4259, 99.9=7991, 99.99=202879] [UPDATE: Count=11828, Max=232959, Min=81, Avg=430.05, 90=261, 99=4239, 99.9=7995, 99.99=204031] 
2025-02-05 02:39:11:143 50 sec: 117379 operations; 2531.7 current ops/sec; est completion in 2 days 2 hours [READ: Count=12578, Max=9983, Min=79, Avg=400.08, 90=315, 99=4275, 99.9=7967, 99.99=8255] [UPDATE: Count=12739, Max=12167, Min=79, Avg=385.7, 90=312, 99=4275, 99.9=7987, 99.99=9375] 
2025-02-05 02:39:21:143 60 sec: 144548 operations; 2716.9 current ops/sec; est completion in 2 days 1 hour [READ: Count=13623, Max=8287, Min=81, Avg=369.1, 90=279, 99=4235, 99.9=7139, 99.99=8147] [UPDATE: Count=13546, Max=8863, Min=76, Avg=363.21, 90=278, 99=4223, 99.9=7415, 99.99=8207] 
Maximum time elapsed. Requesting stop for the workload.
Stop requested for workload. Now Joining!
2025-02-05 02:39:22:157 61 sec: 147604 operations; 3016.78 current ops/sec; est completion in 2 days 1 hour [READ: Count=1518, Max=5139, Min=85, Avg=315.42, 90=235, 99=4223, 99.9=4487, 99.99=5139] [CLEANUP: Count=1, Max=3303, Min=3302, Avg=3303, 90=3303, 99=3303, 99.9=3303, 99.99=3303] [UPDATE: Count=1538, Max=9567, Min=85, Avg=341.77, 90=245, 99=4195, 99.9=6239, 99.99=9567] 
[OVERALL], RunTime(ms), 61020
[OVERALL], Throughput(ops/sec), 2418.944608325139
[TOTAL_GCS_Copy], Count, 14
[TOTAL_GC_TIME_Copy], Time(ms), 23
[TOTAL_GC_TIME_%_Copy], Time(%), 0.03769255981645362
[TOTAL_GCS_MarkSweepCompact], Count, 0
[TOTAL_GC_TIME_MarkSweepCompact], Time(ms), 0
[TOTAL_GC_TIME_%_MarkSweepCompact], Time(%), 0.0
[TOTAL_GCs], Count, 14
[TOTAL_GC_TIME], Time(ms), 23
[TOTAL_GC_TIME_%], Time(%), 0.03769255981645362
[READ], Operations, 73710
[READ], AverageLatency(us), 412.03752543752546
[READ], MinLatency(us), 78
[READ], MaxLatency(us), 205055
[READ], 95thPercentileLatency(us), 3195
[READ], 99thPercentileLatency(us), 4299
[READ], Return=OK, 73710
[CLEANUP], Operations, 1
[CLEANUP], AverageLatency(us), 3303.0
[CLEANUP], MinLatency(us), 3302
[CLEANUP], MaxLatency(us), 3303
[CLEANUP], 95thPercentileLatency(us), 3303
[CLEANUP], 99thPercentileLatency(us), 3303
[UPDATE], Operations, 73894
[UPDATE], AverageLatency(us), 404.53698541153545
[UPDATE], MinLatency(us), 76
[UPDATE], MaxLatency(us), 232959
[UPDATE], 95thPercentileLatency(us), 2923
[UPDATE], 99thPercentileLatency(us), 4275
[UPDATE], Return=OK, 73894
AUTOTEST_DONE
