/nix/store/2vwkssqpzykk37r996cafq7x63imf4sp-openjdk-21+35/bin/java  -classpath /nix/store/zw02np72fzsmga6s5mphhw7x8qlzf4sv-ycsb-0.17.0/share/conf:/nix/store/zw02np72fzsmga6s5mphhw7x8qlzf4sv-ycsb-0.17.0/share/lib/core-0.17.0.jar:/nix/store/zw02np72fzsmga6s5mphhw7x8qlzf4sv-ycsb-0.17.0/share/lib/HdrHistogram-2.1.4.jar:/nix/store/zw02np72fzsmga6s5mphhw7x8qlzf4sv-ycsb-0.17.0/share/lib/htrace-core4-4.1.0-incubating.jar:/nix/store/zw02np72fzsmga6s5mphhw7x8qlzf4sv-ycsb-0.17.0/share/lib/jackson-core-asl-1.9.4.jar:/nix/store/zw02np72fzsmga6s5mphhw7x8qlzf4sv-ycsb-0.17.0/share/lib/jackson-mapper-asl-1.9.4.jar:/nix/store/zw02np72fzsmga6s5mphhw7x8qlzf4sv-ycsb-0.17.0/share/redis-binding/lib/commons-pool2-2.4.2.jar:/nix/store/zw02np72fzsmga6s5mphhw7x8qlzf4sv-ycsb-0.17.0/share/redis-binding/lib/jedis-2.9.0.jar:/nix/store/zw02np72fzsmga6s5mphhw7x8qlzf4sv-ycsb-0.17.0/share/redis-binding/lib/redis-binding-0.17.0.jar site.ycsb.Client -t -db site.ycsb.db.RedisClient -s -P /home/host/vmuxIO/test/moonprogs//../../ycsb/share/workloads/workloada -p redis.host=10.1.0.2 -p redis.port=6379 -p operationcount=429496729 -p maxexecutiontime=61 -threads 1
Command line: -t -db site.ycsb.db.RedisClient -s -P /home/host/vmuxIO/test/moonprogs//../../ycsb/share/workloads/workloada -p redis.host=10.1.0.2 -p redis.port=6379 -p operationcount=429496729 -p maxexecutiontime=61 -threads 1
YCSB Client 0.17.0

Loading workload...
Starting test.
Maximum execution time specified as: 61 secs
DBWrapper: report latency for each error is false and specific error codes to track for latency are: []
2025-04-18 14:28:07:394 0 sec: 0 operations; est completion in 0 second 
2025-04-18 14:28:17:224 10 sec: 4240 operations; 423.96 current ops/sec; est completion in 11 days 17 hours [READ: Count=2115, Max=50783, Min=96, Avg=2270.71, 90=7479, 99=14031, 99.9=20623, 99.99=50783] [UPDATE: Count=2139, Max=32015, Min=106, Avg=2296.57, 90=7747, 99=13959, 99.9=23535, 99.99=32015] 
2025-04-18 14:28:27:223 20 sec: 14749 operations; 1051.01 current ops/sec; est completion in 6 days 17 hours [READ: Count=5310, Max=19967, Min=83, Avg=970.56, 90=2807, 99=11527, 99.9=16119, 99.99=17983] [UPDATE: Count=5185, Max=16975, Min=84, Avg=914.87, 90=1876, 99=10871, 99.9=14023, 99.99=16447] 
2025-04-18 14:28:37:226 30 sec: 28212 operations; 1345.9 current ops/sec; est completion in 5 days 6 hours [READ: Count=6730, Max=205311, Min=81, Avg=785.11, 90=424, 99=8983, 99.9=13911, 99.99=204287] [UPDATE: Count=6733, Max=20719, Min=84, Avg=694.23, 90=430, 99=8671, 99.9=12615, 99.99=16527] 
2025-04-18 14:28:47:223 40 sec: 42824 operations; 1461.64 current ops/sec; est completion in 4 days 15 hours [READ: Count=7394, Max=16159, Min=80, Avg=674.99, 90=447, 99=8279, 99.9=12023, 99.99=15743] [UPDATE: Count=7218, Max=17135, Min=82, Avg=687.26, 90=441, 99=8319, 99.9=12407, 99.99=16159] 
2025-04-18 14:28:57:224 50 sec: 56734 operations; 1391 current ops/sec; est completion in 4 days 9 hours [READ: Count=6889, Max=15967, Min=81, Avg=696.55, 90=469, 99=8319, 99.9=11975, 99.99=13783] [UPDATE: Count=7021, Max=17967, Min=78, Avg=734.2, 90=495, 99=8591, 99.9=13479, 99.99=17887] 
2025-04-18 14:29:07:223 60 sec: 71643 operations; 1490.9 current ops/sec; est completion in 4 days 3 hours [READ: Count=7584, Max=212095, Min=80, Avg=650.32, 90=358, 99=8295, 99.9=12191, 99.99=204031] [UPDATE: Count=7325, Max=214911, Min=79, Avg=686.11, 90=347, 99=8271, 99.9=12039, 99.99=214783] 
Maximum time elapsed. Requesting stop for the workload.
Stop requested for workload. Now Joining!
2025-04-18 14:29:08:241 61 sec: 73023 operations; 1356.93 current ops/sec; est completion in 4 days 3 hours [READ: Count=670, Max=15119, Min=86, Avg=726.06, 90=462, 99=8679, 99.9=12047, 99.99=15119] [CLEANUP: Count=1, Max=4395, Min=4392, Avg=4394, 90=4395, 99=4395, 99.9=4395, 99.99=4395] [UPDATE: Count=710, Max=11711, Min=93, Avg=741.86, 90=512, 99=8415, 99.9=11383, 99.99=11711] 
[OVERALL], RunTime(ms), 61024
[OVERALL], Throughput(ops/sec), 1196.6275563712638
[TOTAL_GCS_Copy], Count, 7
[TOTAL_GC_TIME_Copy], Time(ms), 18
[TOTAL_GC_TIME_%_Copy], Time(%), 0.029496591504981646
[TOTAL_GCS_MarkSweepCompact], Count, 0
[TOTAL_GC_TIME_MarkSweepCompact], Time(ms), 0
[TOTAL_GC_TIME_%_MarkSweepCompact], Time(%), 0.0
[TOTAL_GCs], Count, 7
[TOTAL_GC_TIME], Time(ms), 18
[TOTAL_GC_TIME_%], Time(%), 0.029496591504981646
[READ], Operations, 36692
[READ], AverageLatency(us), 829.8241033467785
[READ], MinLatency(us), 80
[READ], MaxLatency(us), 212095
[READ], 95thPercentileLatency(us), 7043
[READ], 99thPercentileLatency(us), 9863
[READ], Return=OK, 36692
[CLEANUP], Operations, 1
[CLEANUP], AverageLatency(us), 4394.0
[CLEANUP], MinLatency(us), 4392
[CLEANUP], MaxLatency(us), 4395
[CLEANUP], 95thPercentileLatency(us), 4395
[CLEANUP], 99thPercentileLatency(us), 4395
[UPDATE], Operations, 36331
[UPDATE], AverageLatency(us), 825.6910902535025
[UPDATE], MinLatency(us), 78
[UPDATE], MaxLatency(us), 214911
[UPDATE], 95thPercentileLatency(us), 7119
[UPDATE], 99thPercentileLatency(us), 9951
[UPDATE], Return=OK, 36331
AUTOTEST_DONE
