/nix/store/2vwkssqpzykk37r996cafq7x63imf4sp-openjdk-21+35/bin/java  -classpath /nix/store/zw02np72fzsmga6s5mphhw7x8qlzf4sv-ycsb-0.17.0/share/conf:/nix/store/zw02np72fzsmga6s5mphhw7x8qlzf4sv-ycsb-0.17.0/share/lib/core-0.17.0.jar:/nix/store/zw02np72fzsmga6s5mphhw7x8qlzf4sv-ycsb-0.17.0/share/lib/HdrHistogram-2.1.4.jar:/nix/store/zw02np72fzsmga6s5mphhw7x8qlzf4sv-ycsb-0.17.0/share/lib/htrace-core4-4.1.0-incubating.jar:/nix/store/zw02np72fzsmga6s5mphhw7x8qlzf4sv-ycsb-0.17.0/share/lib/jackson-core-asl-1.9.4.jar:/nix/store/zw02np72fzsmga6s5mphhw7x8qlzf4sv-ycsb-0.17.0/share/lib/jackson-mapper-asl-1.9.4.jar:/nix/store/zw02np72fzsmga6s5mphhw7x8qlzf4sv-ycsb-0.17.0/share/redis-binding/lib/commons-pool2-2.4.2.jar:/nix/store/zw02np72fzsmga6s5mphhw7x8qlzf4sv-ycsb-0.17.0/share/redis-binding/lib/jedis-2.9.0.jar:/nix/store/zw02np72fzsmga6s5mphhw7x8qlzf4sv-ycsb-0.17.0/share/redis-binding/lib/redis-binding-0.17.0.jar site.ycsb.Client -t -db site.ycsb.db.RedisClient -s -P /home/host/vmuxIO/test/moonprogs//../../ycsb/share/workloads/workloada -p redis.host=10.1.0.2 -p redis.port=6383 -p operationcount=429496729 -p maxexecutiontime=61 -threads 1
Command line: -t -db site.ycsb.db.RedisClient -s -P /home/host/vmuxIO/test/moonprogs//../../ycsb/share/workloads/workloada -p redis.host=10.1.0.2 -p redis.port=6383 -p operationcount=429496729 -p maxexecutiontime=61 -threads 1
YCSB Client 0.17.0

Loading workload...
Starting test.
Maximum execution time specified as: 61 secs
DBWrapper: report latency for each error is false and specific error codes to track for latency are: []
2025-04-18 14:28:13:548 0 sec: 0 operations; est completion in 0 second 
2025-04-18 14:28:23:380 10 sec: 18537 operations; 1853.7 current ops/sec; est completion in 2 days 16 hours [READ: Count=9253, Max=48447, Min=83, Avg=513.34, 90=314, 99=8271, 99.9=12231, 99.99=18911] [UPDATE: Count=9284, Max=217343, Min=83, Avg=530.49, 90=308, 99=8351, 99.9=12327, 99.99=33023] 
2025-04-18 14:28:33:380 20 sec: 41783 operations; 2324.6 current ops/sec; est completion in 2 days 9 hours [READ: Count=11709, Max=14167, Min=83, Avg=431.65, 90=258, 99=8167, 99.9=11311, 99.99=13423] [UPDATE: Count=11537, Max=13887, Min=79, Avg=421.8, 90=251, 99=8143, 99.9=11151, 99.99=12839] 
2025-04-18 14:28:43:380 30 sec: 63231 operations; 2144.8 current ops/sec; est completion in 2 days 8 hours [READ: Count=10750, Max=11999, Min=81, Avg=490.92, 90=269, 99=8175, 99.9=11135, 99.99=11695] [UPDATE: Count=10698, Max=12223, Min=82, Avg=435.01, 90=257, 99=8151, 99.9=10695, 99.99=12167] 
2025-04-18 14:28:53:380 40 sec: 83650 operations; 2041.9 current ops/sec; est completion in 2 days 9 hours [READ: Count=10257, Max=207871, Min=83, Avg=521.03, 90=277, 99=8183, 99.9=11319, 99.99=203135] [UPDATE: Count=10162, Max=20831, Min=79, Avg=453.44, 90=266, 99=8163, 99.9=11095, 99.99=12407] 
2025-04-18 14:29:03:380 50 sec: 104206 operations; 2055.6 current ops/sec; est completion in 2 days 9 hours [READ: Count=10242, Max=12239, Min=83, Avg=492.3, 90=280, 99=8171, 99.9=11135, 99.99=12159] [UPDATE: Count=10314, Max=13967, Min=80, Avg=475.99, 90=275, 99=8179, 99.9=11215, 99.99=12247] 
2025-04-18 14:29:13:380 60 sec: 124421 operations; 2021.5 current ops/sec; est completion in 2 days 9 hours [READ: Count=9998, Max=12007, Min=82, Avg=487.73, 90=288, 99=8171, 99.9=11047, 99.99=11239] [UPDATE: Count=10217, Max=12367, Min=82, Avg=497.59, 90=287, 99=8179, 99.9=11167, 99.99=12311] 
Maximum time elapsed. Requesting stop for the workload.
Stop requested for workload. Now Joining!
2025-04-18 14:29:14:399 61 sec: 126464 operations; 2004.91 current ops/sec; est completion in 2 days 9 hours [READ: Count=983, Max=9383, Min=86, Avg=518.93, 90=305, 99=8147, 99.9=8279, 99.99=9383] [CLEANUP: Count=1, Max=1135, Min=1135, Avg=1135, 90=1135, 99=1135, 99.9=1135, 99.99=1135] [UPDATE: Count=1060, Max=12231, Min=83, Avg=470.78, 90=283, 99=8139, 99.9=8375, 99.99=12231] 
[OVERALL], RunTime(ms), 61025
[OVERALL], Throughput(ops/sec), 2072.331011880377
[TOTAL_GCS_Copy], Count, 12
[TOTAL_GC_TIME_Copy], Time(ms), 19
[TOTAL_GC_TIME_%_Copy], Time(%), 0.031134780827529702
[TOTAL_GCS_MarkSweepCompact], Count, 0
[TOTAL_GC_TIME_MarkSweepCompact], Time(ms), 0
[TOTAL_GC_TIME_%_MarkSweepCompact], Time(%), 0.0
[TOTAL_GCs], Count, 12
[TOTAL_GC_TIME], Time(ms), 19
[TOTAL_GC_TIME_%], Time(%), 0.031134780827529702
[READ], Operations, 63192
[READ], AverageLatency(us), 488.265777313584
[READ], MinLatency(us), 81
[READ], MaxLatency(us), 207871
[READ], 95thPercentileLatency(us), 2289
[READ], 99thPercentileLatency(us), 8179
[READ], Return=OK, 63192
[CLEANUP], Operations, 1
[CLEANUP], AverageLatency(us), 1135.0
[CLEANUP], MinLatency(us), 1135
[CLEANUP], MaxLatency(us), 1135
[CLEANUP], 95thPercentileLatency(us), 1135
[CLEANUP], 99thPercentileLatency(us), 1135
[UPDATE], Operations, 63272
[UPDATE], AverageLatency(us), 466.9535655582248
[UPDATE], MinLatency(us), 79
[UPDATE], MaxLatency(us), 217343
[UPDATE], 95thPercentileLatency(us), 894
[UPDATE], 99thPercentileLatency(us), 8179
[UPDATE], Return=OK, 63272
AUTOTEST_DONE
