/nix/store/2vwkssqpzykk37r996cafq7x63imf4sp-openjdk-21+35/bin/java  -classpath /nix/store/zw02np72fzsmga6s5mphhw7x8qlzf4sv-ycsb-0.17.0/share/conf:/nix/store/zw02np72fzsmga6s5mphhw7x8qlzf4sv-ycsb-0.17.0/share/lib/core-0.17.0.jar:/nix/store/zw02np72fzsmga6s5mphhw7x8qlzf4sv-ycsb-0.17.0/share/lib/HdrHistogram-2.1.4.jar:/nix/store/zw02np72fzsmga6s5mphhw7x8qlzf4sv-ycsb-0.17.0/share/lib/htrace-core4-4.1.0-incubating.jar:/nix/store/zw02np72fzsmga6s5mphhw7x8qlzf4sv-ycsb-0.17.0/share/lib/jackson-core-asl-1.9.4.jar:/nix/store/zw02np72fzsmga6s5mphhw7x8qlzf4sv-ycsb-0.17.0/share/lib/jackson-mapper-asl-1.9.4.jar:/nix/store/zw02np72fzsmga6s5mphhw7x8qlzf4sv-ycsb-0.17.0/share/redis-binding/lib/commons-pool2-2.4.2.jar:/nix/store/zw02np72fzsmga6s5mphhw7x8qlzf4sv-ycsb-0.17.0/share/redis-binding/lib/jedis-2.9.0.jar:/nix/store/zw02np72fzsmga6s5mphhw7x8qlzf4sv-ycsb-0.17.0/share/redis-binding/lib/redis-binding-0.17.0.jar site.ycsb.Client -t -db site.ycsb.db.RedisClient -s -P /home/host/vmuxIO/test/moonprogs//../../ycsb/share/workloads/workloada -p redis.host=10.1.0.2 -p redis.port=6379 -p operationcount=429496729 -p maxexecutiontime=61 -threads 1
Command line: -t -db site.ycsb.db.RedisClient -s -P /home/host/vmuxIO/test/moonprogs//../../ycsb/share/workloads/workloada -p redis.host=10.1.0.2 -p redis.port=6379 -p operationcount=429496729 -p maxexecutiontime=61 -threads 1
YCSB Client 0.17.0

Loading workload...
Starting test.
Maximum execution time specified as: 61 secs
DBWrapper: report latency for each error is false and specific error codes to track for latency are: []
2025-02-01 18:13:14:705 0 sec: 0 operations; est completion in 0 second 
2025-02-01 18:13:24:651 10 sec: 44647 operations; 4464.7 current ops/sec; est completion in 1 day 2 hours [READ: Count=22145, Max=22991, Min=97, Avg=220.27, 90=310, 99=469, 99.9=1879, 99.99=4099] [UPDATE: Count=22521, Max=4063, Min=95, Avg=214.55, 90=307, 99=450, 99.9=1588, 99.99=3643] 
2025-02-01 18:13:34:651 20 sec: 95423 operations; 5077.6 current ops/sec; est completion in 1 day 1 hour [READ: Count=25270, Max=4767, Min=92, Avg=196.43, 90=293, 99=404, 99.9=655, 99.99=4057] [UPDATE: Count=25492, Max=4095, Min=90, Avg=192.74, 90=290, 99=401, 99.9=582, 99.99=3281] 
2025-02-01 18:13:44:651 30 sec: 143697 operations; 4827.4 current ops/sec; est completion in 1 day [READ: Count=24194, Max=4935, Min=94, Avg=207.03, 90=306, 99=414, 99.9=594, 99.99=3405] [UPDATE: Count=24099, Max=2905, Min=92, Avg=203.16, 90=301, 99=415, 99.9=588, 99.99=1329] 
2025-02-01 18:13:54:651 40 sec: 194513 operations; 5081.6 current ops/sec; est completion in 1 day [READ: Count=25481, Max=3505, Min=91, Avg=196.12, 90=291, 99=387, 99.9=540, 99.99=2023] [UPDATE: Count=25314, Max=3693, Min=88, Avg=193.7, 90=289, 99=386, 99.9=547, 99.99=2131] 
2025-02-01 18:14:04:651 50 sec: 245355 operations; 5084.2 current ops/sec; est completion in 1 day [READ: Count=25383, Max=3179, Min=93, Avg=196.16, 90=292, 99=392, 99.9=549, 99.99=983] [UPDATE: Count=25456, Max=2099, Min=90, Avg=193.52, 90=291, 99=392, 99.9=519, 99.99=1075] 
2025-02-01 18:14:14:651 60 sec: 293268 operations; 4791.3 current ops/sec; est completion in 1 day [READ: Count=23874, Max=4099, Min=93, Avg=207.67, 90=310, 99=465, 99.9=695, 99.99=3815] [UPDATE: Count=24039, Max=3857, Min=90, Avg=205.78, 90=310, 99=470, 99.9=727, 99.99=1856] 
Maximum time elapsed. Requesting stop for the workload.
Stop requested for workload. Now Joining!
2025-02-01 18:14:15:654 61 sec: 297867 operations; 4580.68 current ops/sec; est completion in 1 day [READ: Count=2286, Max=3131, Min=97, Avg=218.53, 90=306, 99=454, 99.9=2569, 99.99=3131] [CLEANUP: Count=1, Max=1987, Min=1987, Avg=1987, 90=1987, 99=1987, 99.9=1987, 99.99=1987] [UPDATE: Count=2313, Max=1457, Min=101, Avg=212.85, 90=303, 99=419, 99.9=1270, 99.99=1457] 
[OVERALL], RunTime(ms), 61004
[OVERALL], Throughput(ops/sec), 4882.745393744673
[TOTAL_GCS_G1_Young_Generation], Count, 14
[TOTAL_GC_TIME_G1_Young_Generation], Time(ms), 51
[TOTAL_GC_TIME_%_G1_Young_Generation], Time(%), 0.08360107533932201
[TOTAL_GCS_G1_Concurrent_GC], Count, 0
[TOTAL_GC_TIME_G1_Concurrent_GC], Time(ms), 0
[TOTAL_GC_TIME_%_G1_Concurrent_GC], Time(%), 0.0
[TOTAL_GCS_G1_Old_Generation], Count, 0
[TOTAL_GC_TIME_G1_Old_Generation], Time(ms), 0
[TOTAL_GC_TIME_%_G1_Old_Generation], Time(%), 0.0
[TOTAL_GCs], Count, 14
[TOTAL_GC_TIME], Time(ms), 51
[TOTAL_GC_TIME_%], Time(%), 0.08360107533932201
[READ], Operations, 148633
[READ], AverageLatency(us), 203.75329839268534
[READ], MinLatency(us), 91
[READ], MaxLatency(us), 22991
[READ], 95thPercentileLatency(us), 332
[READ], 99thPercentileLatency(us), 420
[READ], Return=OK, 148633
[CLEANUP], Operations, 1
[CLEANUP], AverageLatency(us), 1987.0
[CLEANUP], MinLatency(us), 1987
[CLEANUP], MaxLatency(us), 1987
[CLEANUP], 95thPercentileLatency(us), 1987
[CLEANUP], 99thPercentileLatency(us), 1987
[UPDATE], Operations, 149234
[UPDATE], AverageLatency(us), 200.4221290054545
[UPDATE], MinLatency(us), 88
[UPDATE], MaxLatency(us), 4095
[UPDATE], 95thPercentileLatency(us), 329
[UPDATE], 99thPercentileLatency(us), 419
[UPDATE], Return=OK, 149234
AUTOTEST_DONE
