/nix/store/2vwkssqpzykk37r996cafq7x63imf4sp-openjdk-21+35/bin/java  -classpath /nix/store/zw02np72fzsmga6s5mphhw7x8qlzf4sv-ycsb-0.17.0/share/conf:/nix/store/zw02np72fzsmga6s5mphhw7x8qlzf4sv-ycsb-0.17.0/share/lib/core-0.17.0.jar:/nix/store/zw02np72fzsmga6s5mphhw7x8qlzf4sv-ycsb-0.17.0/share/lib/HdrHistogram-2.1.4.jar:/nix/store/zw02np72fzsmga6s5mphhw7x8qlzf4sv-ycsb-0.17.0/share/lib/htrace-core4-4.1.0-incubating.jar:/nix/store/zw02np72fzsmga6s5mphhw7x8qlzf4sv-ycsb-0.17.0/share/lib/jackson-core-asl-1.9.4.jar:/nix/store/zw02np72fzsmga6s5mphhw7x8qlzf4sv-ycsb-0.17.0/share/lib/jackson-mapper-asl-1.9.4.jar:/nix/store/zw02np72fzsmga6s5mphhw7x8qlzf4sv-ycsb-0.17.0/share/redis-binding/lib/commons-pool2-2.4.2.jar:/nix/store/zw02np72fzsmga6s5mphhw7x8qlzf4sv-ycsb-0.17.0/share/redis-binding/lib/jedis-2.9.0.jar:/nix/store/zw02np72fzsmga6s5mphhw7x8qlzf4sv-ycsb-0.17.0/share/redis-binding/lib/redis-binding-0.17.0.jar site.ycsb.Client -t -db site.ycsb.db.RedisClient -s -P /home/host/vmuxIO/test/moonprogs//../../ycsb/share/workloads/workloada -p redis.host=10.1.0.2 -p redis.port=6379 -p operationcount=429496729 -p maxexecutiontime=61 -threads 1
Command line: -t -db site.ycsb.db.RedisClient -s -P /home/host/vmuxIO/test/moonprogs//../../ycsb/share/workloads/workloada -p redis.host=10.1.0.2 -p redis.port=6379 -p operationcount=429496729 -p maxexecutiontime=61 -threads 1
YCSB Client 0.17.0

Loading workload...
Starting test.
Maximum execution time specified as: 61 secs
DBWrapper: report latency for each error is false and specific error codes to track for latency are: []
2024-06-19 17:27:03:429 0 sec: 0 operations; est completion in 0 second 
2024-06-19 17:27:13:257 10 sec: 50554 operations; 5054.89 current ops/sec; est completion in 23 hours 35 minutes [READ: Count=25207, Max=18927, Min=112, Avg=190.73, 90=223, 99=285, 99.9=981, 99.99=5719] [UPDATE: Count=25352, Max=34463, Min=104, Avg=188.63, 90=221, 99=284, 99.9=1246, 99.99=4983] 
2024-06-19 17:27:23:256 20 sec: 105810 operations; 5525.6 current ops/sec; est completion in 22 hours 32 minutes [READ: Count=27677, Max=11015, Min=97, Avg=180.5, 90=222, 99=276, 99.9=350, 99.99=990] [UPDATE: Count=27574, Max=3697, Min=95, Avg=177.17, 90=219, 99=268, 99.9=335, 99.99=854] 
2024-06-19 17:27:33:256 30 sec: 163757 operations; 5794.7 current ops/sec; est completion in 21 hours 50 minutes [READ: Count=29052, Max=1759, Min=103, Avg=172.24, 90=209, 99=254, 99.9=347, 99.99=1424] [UPDATE: Count=28895, Max=10007, Min=103, Avg=169.61, 90=206, 99=252, 99.9=334, 99.99=1140] 
2024-06-19 17:27:43:256 40 sec: 220561 operations; 5680.4 current ops/sec; est completion in 21 hours 37 minutes [READ: Count=28588, Max=1658, Min=105, Avg=175.56, 90=208, 99=244, 99.9=302, 99.99=917] [UPDATE: Count=28216, Max=8743, Min=103, Avg=173.15, 90=205, 99=240, 99.9=307, 99.99=807] 
2024-06-19 17:27:53:256 50 sec: 277098 operations; 5653.7 current ops/sec; est completion in 21 hours 30 minutes [READ: Count=28199, Max=5283, Min=95, Avg=176.85, 90=216, 99=266, 99.9=333, 99.99=659] [UPDATE: Count=28338, Max=4187, Min=98, Avg=173.57, 90=213, 99=262, 99.9=316, 99.99=579] 
2024-06-19 17:28:03:256 60 sec: 335750 operations; 5865.2 current ops/sec; est completion in 21 hours 18 minutes [READ: Count=29301, Max=3589, Min=92, Avg=170.04, 90=211, 99=246, 99.9=315, 99.99=599] [UPDATE: Count=29351, Max=1667, Min=90, Avg=167.3, 90=209, 99=245, 99.9=313, 99.99=564] 
Maximum time elapsed. Requesting stop for the workload.
Stop requested for workload. Now Joining!
2024-06-19 17:28:04:266 61 sec: 344653 operations; 8814.85 current ops/sec; est completion in 21 hours 6 minutes [READ: Count=4470, Max=7963, Min=91, Avg=114.11, 90=124, 99=145, 99.9=320, 99.99=7963] [CLEANUP: Count=1, Max=1952, Min=1952, Avg=1952, 90=1952, 99=1952, 99.9=1952, 99.99=1952] [UPDATE: Count=4433, Max=768, Min=86, Avg=109.03, 90=121, 99=141, 99.9=299, 99.99=768] 
[OVERALL], RunTime(ms), 61016
[OVERALL], Throughput(ops/sec), 5648.56758882916
[TOTAL_GCS_Copy], Count, 32
[TOTAL_GC_TIME_Copy], Time(ms), 34
[TOTAL_GC_TIME_%_Copy], Time(%), 0.05572308902582929
[TOTAL_GCS_MarkSweepCompact], Count, 0
[TOTAL_GC_TIME_MarkSweepCompact], Time(ms), 0
[TOTAL_GC_TIME_%_MarkSweepCompact], Time(%), 0.0
[TOTAL_GCs], Count, 32
[TOTAL_GC_TIME], Time(ms), 34
[TOTAL_GC_TIME_%], Time(%), 0.05572308902582929
[READ], Operations, 172494
[READ], AverageLatency(us), 175.69039502823287
[READ], MinLatency(us), 91
[READ], MaxLatency(us), 18927
[READ], 95thPercentileLatency(us), 228
[READ], 99thPercentileLatency(us), 264
[READ], Return=OK, 172494
[CLEANUP], Operations, 1
[CLEANUP], AverageLatency(us), 1952.0
[CLEANUP], MinLatency(us), 1952
[CLEANUP], MaxLatency(us), 1952
[CLEANUP], 95thPercentileLatency(us), 1952
[CLEANUP], 99thPercentileLatency(us), 1952
[UPDATE], Operations, 172159
[UPDATE], AverageLatency(us), 172.90146899087472
[UPDATE], MinLatency(us), 86
[UPDATE], MaxLatency(us), 34463
[UPDATE], 95thPercentileLatency(us), 225
[UPDATE], 99thPercentileLatency(us), 259
[UPDATE], Return=OK, 172159
AUTOTEST_DONE
