/nix/store/2vwkssqpzykk37r996cafq7x63imf4sp-openjdk-21+35/bin/java  -classpath /nix/store/zw02np72fzsmga6s5mphhw7x8qlzf4sv-ycsb-0.17.0/share/conf:/nix/store/zw02np72fzsmga6s5mphhw7x8qlzf4sv-ycsb-0.17.0/share/lib/core-0.17.0.jar:/nix/store/zw02np72fzsmga6s5mphhw7x8qlzf4sv-ycsb-0.17.0/share/lib/HdrHistogram-2.1.4.jar:/nix/store/zw02np72fzsmga6s5mphhw7x8qlzf4sv-ycsb-0.17.0/share/lib/htrace-core4-4.1.0-incubating.jar:/nix/store/zw02np72fzsmga6s5mphhw7x8qlzf4sv-ycsb-0.17.0/share/lib/jackson-core-asl-1.9.4.jar:/nix/store/zw02np72fzsmga6s5mphhw7x8qlzf4sv-ycsb-0.17.0/share/lib/jackson-mapper-asl-1.9.4.jar:/nix/store/zw02np72fzsmga6s5mphhw7x8qlzf4sv-ycsb-0.17.0/share/redis-binding/lib/commons-pool2-2.4.2.jar:/nix/store/zw02np72fzsmga6s5mphhw7x8qlzf4sv-ycsb-0.17.0/share/redis-binding/lib/jedis-2.9.0.jar:/nix/store/zw02np72fzsmga6s5mphhw7x8qlzf4sv-ycsb-0.17.0/share/redis-binding/lib/redis-binding-0.17.0.jar site.ycsb.Client -t -db site.ycsb.db.RedisClient -s -P /home/host/vmuxIO/test/moonprogs//../../ycsb/share/workloads/workloada -p redis.host=10.1.0.2 -p redis.port=6379 -p operationcount=429496729 -p maxexecutiontime=61 -threads 1
Command line: -t -db site.ycsb.db.RedisClient -s -P /home/host/vmuxIO/test/moonprogs//../../ycsb/share/workloads/workloada -p redis.host=10.1.0.2 -p redis.port=6379 -p operationcount=429496729 -p maxexecutiontime=61 -threads 1
YCSB Client 0.17.0

Loading workload...
Starting test.
Maximum execution time specified as: 61 secs
DBWrapper: report latency for each error is false and specific error codes to track for latency are: []
2024-06-19 17:27:01:313 0 sec: 0 operations; est completion in 0 second 
2024-06-19 17:27:11:101 10 sec: 60731 operations; 6072.49 current ops/sec; est completion in 19 hours 38 minutes [READ: Count=30413, Max=15871, Min=96, Avg=157.74, 90=187, 99=236, 99.9=996, 99.99=6635] [UPDATE: Count=30322, Max=30639, Min=93, Avg=156.88, 90=185, 99=239, 99.9=1214, 99.99=3553] 
2024-06-19 17:27:21:101 20 sec: 118130 operations; 5739.9 current ops/sec; est completion in 20 hours 11 minutes [READ: Count=28732, Max=9935, Min=94, Avg=173.66, 90=211, 99=251, 99.9=524, 99.99=1464] [UPDATE: Count=28663, Max=2833, Min=96, Avg=170.5, 90=208, 99=250, 99.9=430, 99.99=1300] 
2024-06-19 17:27:31:101 30 sec: 177148 operations; 5901.8 current ops/sec; est completion in 20 hours 11 minutes [READ: Count=29689, Max=8375, Min=98, Avg=169.51, 90=206, 99=245, 99.9=393, 99.99=1600] [UPDATE: Count=29329, Max=3991, Min=99, Avg=165.97, 90=202, 99=241, 99.9=313, 99.99=746] 
2024-06-19 17:27:41:101 40 sec: 234844 operations; 5769.6 current ops/sec; est completion in 20 hours 18 minutes [READ: Count=28968, Max=9175, Min=105, Avg=173.04, 90=205, 99=240, 99.9=358, 99.99=868] [UPDATE: Count=28728, Max=1866, Min=101, Avg=169.85, 90=203, 99=236, 99.9=319, 99.99=692] 
2024-06-19 17:27:51:101 50 sec: 292154 operations; 5731 current ops/sec; est completion in 20 hours 24 minutes [READ: Count=28755, Max=4539, Min=98, Avg=174, 90=210, 99=249, 99.9=464, 99.99=1776] [UPDATE: Count=28555, Max=5795, Min=91, Avg=171.14, 90=207, 99=246, 99.9=344, 99.99=951] 
2024-06-19 17:28:01:101 60 sec: 350691 operations; 5853.7 current ops/sec; est completion in 20 hours 23 minutes [READ: Count=29350, Max=837, Min=101, Avg=170.25, 90=206, 99=248, 99.9=322, 99.99=610] [UPDATE: Count=29187, Max=3739, Min=102, Avg=168.25, 90=204, 99=246, 99.9=328, 99.99=785] 
Maximum time elapsed. Requesting stop for the workload.
Stop requested for workload. Now Joining!
2024-06-19 17:28:02:113 61 sec: 356577 operations; 5816.21 current ops/sec; est completion in 20 hours 23 minutes [READ: Count=2963, Max=3983, Min=109, Avg=171.54, 90=206, 99=250, 99.9=497, 99.99=3983] [CLEANUP: Count=1, Max=885, Min=885, Avg=885, 90=885, 99=885, 99.9=885, 99.99=885] [UPDATE: Count=2923, Max=1569, Min=102, Avg=167.96, 90=202, 99=252, 99.9=309, 99.99=1569] 
[OVERALL], RunTime(ms), 61020
[OVERALL], Throughput(ops/sec), 5843.608652900688
[TOTAL_GCS_Copy], Count, 33
[TOTAL_GC_TIME_Copy], Time(ms), 20
[TOTAL_GC_TIME_%_Copy], Time(%), 0.03277613897082924
[TOTAL_GCS_MarkSweepCompact], Count, 0
[TOTAL_GC_TIME_MarkSweepCompact], Time(ms), 0
[TOTAL_GC_TIME_%_MarkSweepCompact], Time(%), 0.0
[TOTAL_GCs], Count, 33
[TOTAL_GC_TIME], Time(ms), 20
[TOTAL_GC_TIME_%], Time(%), 0.03277613897082924
[READ], Operations, 178870
[READ], AverageLatency(us), 169.6240398054453
[READ], MinLatency(us), 94
[READ], MaxLatency(us), 15871
[READ], 95thPercentileLatency(us), 218
[READ], 99thPercentileLatency(us), 246
[READ], Return=OK, 178870
[CLEANUP], Operations, 1
[CLEANUP], AverageLatency(us), 885.0
[CLEANUP], MinLatency(us), 885
[CLEANUP], MaxLatency(us), 885
[CLEANUP], 95thPercentileLatency(us), 885
[CLEANUP], 99thPercentileLatency(us), 885
[UPDATE], Operations, 177707
[UPDATE], AverageLatency(us), 167.01324089653193
[UPDATE], MinLatency(us), 91
[UPDATE], MaxLatency(us), 30639
[UPDATE], 95thPercentileLatency(us), 215
[UPDATE], 99thPercentileLatency(us), 244
[UPDATE], Return=OK, 177707
AUTOTEST_DONE
