/nix/store/2vwkssqpzykk37r996cafq7x63imf4sp-openjdk-21+35/bin/java  -classpath /nix/store/zw02np72fzsmga6s5mphhw7x8qlzf4sv-ycsb-0.17.0/share/conf:/nix/store/zw02np72fzsmga6s5mphhw7x8qlzf4sv-ycsb-0.17.0/share/lib/core-0.17.0.jar:/nix/store/zw02np72fzsmga6s5mphhw7x8qlzf4sv-ycsb-0.17.0/share/lib/HdrHistogram-2.1.4.jar:/nix/store/zw02np72fzsmga6s5mphhw7x8qlzf4sv-ycsb-0.17.0/share/lib/htrace-core4-4.1.0-incubating.jar:/nix/store/zw02np72fzsmga6s5mphhw7x8qlzf4sv-ycsb-0.17.0/share/lib/jackson-core-asl-1.9.4.jar:/nix/store/zw02np72fzsmga6s5mphhw7x8qlzf4sv-ycsb-0.17.0/share/lib/jackson-mapper-asl-1.9.4.jar:/nix/store/zw02np72fzsmga6s5mphhw7x8qlzf4sv-ycsb-0.17.0/share/redis-binding/lib/commons-pool2-2.4.2.jar:/nix/store/zw02np72fzsmga6s5mphhw7x8qlzf4sv-ycsb-0.17.0/share/redis-binding/lib/jedis-2.9.0.jar:/nix/store/zw02np72fzsmga6s5mphhw7x8qlzf4sv-ycsb-0.17.0/share/redis-binding/lib/redis-binding-0.17.0.jar site.ycsb.Client -t -db site.ycsb.db.RedisClient -s -P /home/host/vmuxIO/test/moonprogs//../../ycsb/share/workloads/workloada -p redis.host=10.1.0.2 -p redis.port=6379 -p operationcount=429496729 -p maxexecutiontime=61 -threads 1
Command line: -t -db site.ycsb.db.RedisClient -s -P /home/host/vmuxIO/test/moonprogs//../../ycsb/share/workloads/workloada -p redis.host=10.1.0.2 -p redis.port=6379 -p operationcount=429496729 -p maxexecutiontime=61 -threads 1
YCSB Client 0.17.0

Loading workload...
Starting test.
Maximum execution time specified as: 61 secs
DBWrapper: report latency for each error is false and specific error codes to track for latency are: []
2024-07-07 15:16:09:211 0 sec: 0 operations; est completion in 0 second 
2024-07-07 15:16:19:054 10 sec: 55961 operations; 5595.54 current ops/sec; est completion in 21 hours 19 minutes [READ: Count=28080, Max=13519, Min=103, Avg=169.07, 90=253, 99=357, 99.9=1540, 99.99=4319] [UPDATE: Count=27884, Max=24575, Min=97, Avg=172.46, 90=256, 99=381, 99.9=1744, 99.99=4855] 
2024-07-07 15:16:29:055 20 sec: 122858 operations; 6689.03 current ops/sec; est completion in 19 hours 25 minutes [READ: Count=33577, Max=2925, Min=97, Avg=149.38, 90=155, 99=268, 99.9=425, 99.99=1113] [UPDATE: Count=33317, Max=12359, Min=104, Avg=145.46, 90=151, 99=260, 99.9=372, 99.99=1497] 
2024-07-07 15:16:39:054 30 sec: 189600 operations; 6674.87 current ops/sec; est completion in 18 hours 52 minutes [READ: Count=33257, Max=6479, Min=107, Avg=150.17, 90=156, 99=299, 99.9=409, 99.99=643] [UPDATE: Count=33485, Max=4095, Min=103, Avg=145.96, 90=151, 99=288, 99.9=385, 99.99=738] 
2024-07-07 15:16:49:054 40 sec: 256853 operations; 6725.3 current ops/sec; est completion in 18 hours 34 minutes [READ: Count=33849, Max=6351, Min=101, Avg=149.04, 90=156, 99=261, 99.9=292, 99.99=576] [UPDATE: Count=33404, Max=4115, Min=101, Avg=144.84, 90=151, 99=257, 99.9=287, 99.99=599] 
2024-07-07 15:16:59:054 50 sec: 324134 operations; 6728.1 current ops/sec; est completion in 18 hours 23 minutes [READ: Count=33548, Max=629, Min=104, Avg=149.04, 90=156, 99=263, 99.9=299, 99.99=460] [UPDATE: Count=33733, Max=3721, Min=101, Avg=144.85, 90=152, 99=257, 99.9=289, 99.99=452] 
2024-07-07 15:17:09:054 60 sec: 389182 operations; 6504.8 current ops/sec; est completion in 18 hours 22 minutes [READ: Count=32541, Max=748, Min=104, Avg=154.55, 90=231, 99=302, 99.9=405, 99.99=654] [UPDATE: Count=32507, Max=2623, Min=101, Avg=149.2, 90=162, 99=294, 99.9=397, 99.99=678] 
Maximum time elapsed. Requesting stop for the workload.
Stop requested for workload. Now Joining!
2024-07-07 15:17:10:066 61 sec: 396057 operations; 6793.48 current ops/sec; est completion in 18 hours 21 minutes [READ: Count=3472, Max=758, Min=107, Avg=147.19, 90=152, 99=258, 99.9=426, 99.99=758] [CLEANUP: Count=1, Max=1174, Min=1174, Avg=1174, 90=1174, 99=1174, 99.9=1174, 99.99=1174] [UPDATE: Count=3403, Max=2733, Min=107, Avg=143.28, 90=148, 99=252, 99.9=382, 99.99=2733] 
[OVERALL], RunTime(ms), 61018
[OVERALL], Throughput(ops/sec), 6490.822380281228
[TOTAL_GCS_Copy], Count, 37
[TOTAL_GC_TIME_Copy], Time(ms), 21
[TOTAL_GC_TIME_%_Copy], Time(%), 0.03441607394539316
[TOTAL_GCS_MarkSweepCompact], Count, 0
[TOTAL_GC_TIME_MarkSweepCompact], Time(ms), 0
[TOTAL_GC_TIME_%_MarkSweepCompact], Time(%), 0.0
[TOTAL_GCs], Count, 37
[TOTAL_GC_TIME], Time(ms), 21
[TOTAL_GC_TIME_%], Time(%), 0.03441607394539316
[READ], Operations, 198324
[READ], AverageLatency(us), 152.99503842197615
[READ], MinLatency(us), 97
[READ], MaxLatency(us), 13519
[READ], 95thPercentileLatency(us), 252
[READ], 99thPercentileLatency(us), 286
[READ], Return=OK, 198324
[CLEANUP], Operations, 1
[CLEANUP], AverageLatency(us), 1174.0
[CLEANUP], MinLatency(us), 1174
[CLEANUP], MaxLatency(us), 1174
[CLEANUP], 95thPercentileLatency(us), 1174
[CLEANUP], 99thPercentileLatency(us), 1174
[UPDATE], Operations, 197733
[UPDATE], AverageLatency(us), 149.71890883160626
[UPDATE], MinLatency(us), 97
[UPDATE], MaxLatency(us), 24575
[UPDATE], 95thPercentileLatency(us), 249
[UPDATE], 99thPercentileLatency(us), 282
[UPDATE], Return=OK, 197733
AUTOTEST_DONE
