/nix/store/2vwkssqpzykk37r996cafq7x63imf4sp-openjdk-21+35/bin/java  -classpath /nix/store/zw02np72fzsmga6s5mphhw7x8qlzf4sv-ycsb-0.17.0/share/conf:/nix/store/zw02np72fzsmga6s5mphhw7x8qlzf4sv-ycsb-0.17.0/share/lib/core-0.17.0.jar:/nix/store/zw02np72fzsmga6s5mphhw7x8qlzf4sv-ycsb-0.17.0/share/lib/HdrHistogram-2.1.4.jar:/nix/store/zw02np72fzsmga6s5mphhw7x8qlzf4sv-ycsb-0.17.0/share/lib/htrace-core4-4.1.0-incubating.jar:/nix/store/zw02np72fzsmga6s5mphhw7x8qlzf4sv-ycsb-0.17.0/share/lib/jackson-core-asl-1.9.4.jar:/nix/store/zw02np72fzsmga6s5mphhw7x8qlzf4sv-ycsb-0.17.0/share/lib/jackson-mapper-asl-1.9.4.jar:/nix/store/zw02np72fzsmga6s5mphhw7x8qlzf4sv-ycsb-0.17.0/share/redis-binding/lib/commons-pool2-2.4.2.jar:/nix/store/zw02np72fzsmga6s5mphhw7x8qlzf4sv-ycsb-0.17.0/share/redis-binding/lib/jedis-2.9.0.jar:/nix/store/zw02np72fzsmga6s5mphhw7x8qlzf4sv-ycsb-0.17.0/share/redis-binding/lib/redis-binding-0.17.0.jar site.ycsb.Client -t -db site.ycsb.db.RedisClient -s -P /home/host/vmuxIO/test/moonprogs//../../ycsb/share/workloads/workloada -p redis.host=10.1.0.2 -p redis.port=6381 -p operationcount=429496729 -p maxexecutiontime=61 -threads 1
Command line: -t -db site.ycsb.db.RedisClient -s -P /home/host/vmuxIO/test/moonprogs//../../ycsb/share/workloads/workloada -p redis.host=10.1.0.2 -p redis.port=6381 -p operationcount=429496729 -p maxexecutiontime=61 -threads 1
YCSB Client 0.17.0

Loading workload...
Starting test.
Maximum execution time specified as: 61 secs
DBWrapper: report latency for each error is false and specific error codes to track for latency are: []
2024-10-03 13:18:24:926 0 sec: 1 operations; ∞ current ops/sec; est completion in 0 second [UPDATE: Count=3, Max=57823, Min=1309, Avg=21709, 90=57823, 99=57823, 99.9=57823, 99.99=57823] 
2024-10-03 13:18:34:588 10 sec: 86976 operations; 8696.63 current ops/sec; est completion in 13 hours 42 minutes [READ: Count=43595, Max=25071, Min=79, Avg=107.58, 90=119, 99=190, 99.9=712, 99.99=5667] [UPDATE: Count=43381, Max=6695, Min=79, Avg=107.33, 90=119, 99=210, 99.9=779, 99.99=3893] 
2024-10-03 13:18:44:588 20 sec: 184622 operations; 9764.6 current ops/sec; est completion in 12 hours 55 minutes [READ: Count=48996, Max=8035, Min=80, Avg=101.54, 90=112, 99=155, 99.9=278, 99.99=1852] [UPDATE: Count=48647, Max=1930, Min=80, Avg=100.1, 90=111, 99=155, 99.9=273, 99.99=445] 
2024-10-03 13:18:54:588 30 sec: 283680 operations; 9905.8 current ops/sec; est completion in 12 hours 36 minutes [READ: Count=49313, Max=1910, Min=79, Avg=99.93, 90=110, 99=158, 99.9=286, 99.99=384] [UPDATE: Count=49745, Max=3247, Min=79, Avg=98.88, 90=109, 99=156, 99.9=279, 99.99=1862] 
2024-10-03 13:19:04:588 40 sec: 379360 operations; 9568 current ops/sec; est completion in 12 hours 34 minutes [READ: Count=47941, Max=2329, Min=79, Avg=103.54, 90=115, 99=195, 99.9=296, 99.99=764] [UPDATE: Count=47739, Max=7423, Min=78, Avg=102.36, 90=114, 99=195, 99.9=291, 99.99=628] 
2024-10-03 13:19:14:588 50 sec: 477006 operations; 9764.6 current ops/sec; est completion in 12 hours 29 minutes [READ: Count=48615, Max=7735, Min=78, Avg=101.92, 90=112, 99=161, 99.9=286, 99.99=1716] [UPDATE: Count=49031, Max=1893, Min=74, Avg=99.98, 90=111, 99=161, 99.9=271, 99.99=386] 
2024-10-03 13:19:24:588 60 sec: 575229 operations; 9822.3 current ops/sec; est completion in 12 hours 25 minutes [READ: Count=48972, Max=3405, Min=76, Avg=100.97, 90=111, 99=154, 99.9=267, 99.99=1818] [UPDATE: Count=49251, Max=4061, Min=78, Avg=99.71, 90=110, 99=155, 99.9=279, 99.99=414] 
Maximum time elapsed. Requesting stop for the workload.
Stop requested for workload. Now Joining!
2024-10-03 13:19:25:608 61 sec: 585162 operations; 9738.24 current ops/sec; est completion in 12 hours 25 minutes [READ: Count=4991, Max=3497, Min=82, Avg=102.05, 90=111, 99=168, 99.9=347, 99.99=3497] [CLEANUP: Count=1, Max=981, Min=981, Avg=981, 90=981, 99=981, 99.9=981, 99.99=981] [UPDATE: Count=4942, Max=1178, Min=81, Avg=100, 90=110, 99=184, 99.9=291, 99.99=1178] 
[OVERALL], RunTime(ms), 61025
[OVERALL], Throughput(ops/sec), 9588.889799262597
[TOTAL_GCS_Copy], Count, 54
[TOTAL_GC_TIME_Copy], Time(ms), 21
[TOTAL_GC_TIME_%_Copy], Time(%), 0.03441212617779599
[TOTAL_GCS_MarkSweepCompact], Count, 0
[TOTAL_GC_TIME_MarkSweepCompact], Time(ms), 0
[TOTAL_GC_TIME_%_MarkSweepCompact], Time(%), 0.0
[TOTAL_GCs], Count, 54
[TOTAL_GC_TIME], Time(ms), 21
[TOTAL_GC_TIME_%], Time(%), 0.03441212617779599
[READ], Operations, 292423
[READ], AverageLatency(us), 102.47225423444804
[READ], MinLatency(us), 76
[READ], MaxLatency(us), 25071
[READ], 95thPercentileLatency(us), 121
[READ], 99thPercentileLatency(us), 167
[READ], Return=OK, 292423
[CLEANUP], Operations, 1
[CLEANUP], AverageLatency(us), 981.0
[CLEANUP], MinLatency(us), 981
[CLEANUP], MaxLatency(us), 981
[CLEANUP], 95thPercentileLatency(us), 981
[CLEANUP], 99thPercentileLatency(us), 981
[UPDATE], Operations, 292739
[UPDATE], AverageLatency(us), 101.46501149488111
[UPDATE], MinLatency(us), 74
[UPDATE], MaxLatency(us), 57823
[UPDATE], 95thPercentileLatency(us), 120
[UPDATE], 99thPercentileLatency(us), 169
[UPDATE], Return=OK, 292739
AUTOTEST_DONE
