/nix/store/2vwkssqpzykk37r996cafq7x63imf4sp-openjdk-21+35/bin/java  -classpath /nix/store/zw02np72fzsmga6s5mphhw7x8qlzf4sv-ycsb-0.17.0/share/conf:/nix/store/zw02np72fzsmga6s5mphhw7x8qlzf4sv-ycsb-0.17.0/share/lib/core-0.17.0.jar:/nix/store/zw02np72fzsmga6s5mphhw7x8qlzf4sv-ycsb-0.17.0/share/lib/HdrHistogram-2.1.4.jar:/nix/store/zw02np72fzsmga6s5mphhw7x8qlzf4sv-ycsb-0.17.0/share/lib/htrace-core4-4.1.0-incubating.jar:/nix/store/zw02np72fzsmga6s5mphhw7x8qlzf4sv-ycsb-0.17.0/share/lib/jackson-core-asl-1.9.4.jar:/nix/store/zw02np72fzsmga6s5mphhw7x8qlzf4sv-ycsb-0.17.0/share/lib/jackson-mapper-asl-1.9.4.jar:/nix/store/zw02np72fzsmga6s5mphhw7x8qlzf4sv-ycsb-0.17.0/share/redis-binding/lib/commons-pool2-2.4.2.jar:/nix/store/zw02np72fzsmga6s5mphhw7x8qlzf4sv-ycsb-0.17.0/share/redis-binding/lib/jedis-2.9.0.jar:/nix/store/zw02np72fzsmga6s5mphhw7x8qlzf4sv-ycsb-0.17.0/share/redis-binding/lib/redis-binding-0.17.0.jar site.ycsb.Client -t -db site.ycsb.db.RedisClient -s -P /home/host/vmuxIO/test/moonprogs//../../ycsb/share/workloads/workloada -p redis.host=10.1.0.2 -p redis.port=6381 -p operationcount=429496729 -p maxexecutiontime=61 -threads 1
Command line: -t -db site.ycsb.db.RedisClient -s -P /home/host/vmuxIO/test/moonprogs//../../ycsb/share/workloads/workloada -p redis.host=10.1.0.2 -p redis.port=6381 -p operationcount=429496729 -p maxexecutiontime=61 -threads 1
YCSB Client 0.17.0

Loading workload...
Starting test.
Maximum execution time specified as: 61 secs
DBWrapper: report latency for each error is false and specific error codes to track for latency are: []
2024-07-11 00:36:31:130 0 sec: 0 operations; est completion in 0 second [READ: Count=1, Max=116223, Min=116160, Avg=116192, 90=116223, 99=116223, 99.9=116223, 99.99=116223] 
2024-07-11 00:36:40:694 10 sec: 58134 operations; 5812.82 current ops/sec; est completion in 20 hours 31 minutes [READ: Count=29001, Max=14511, Min=100, Avg=157.17, 90=183, 99=274, 99.9=1795, 99.99=3975] [UPDATE: Count=29134, Max=12495, Min=98, Avg=156.41, 90=183, 99=271, 99.9=1901, 99.99=6019] 
2024-07-11 00:36:50:694 20 sec: 130665 operations; 7253.1 current ops/sec; est completion in 18 hours 15 minutes [READ: Count=36476, Max=11783, Min=91, Avg=137.32, 90=161, 99=254, 99.9=334, 99.99=636] [UPDATE: Count=36053, Max=1947, Min=85, Avg=134.81, 90=159, 99=252, 99.9=322, 99.99=577] 
2024-07-11 00:37:00:694 30 sec: 202617 operations; 7195.2 current ops/sec; est completion in 17 hours 39 minutes [READ: Count=36042, Max=3737, Min=90, Avg=138.43, 90=160, 99=253, 99.9=322, 99.99=578] [UPDATE: Count=35910, Max=6707, Min=88, Avg=135.91, 90=158, 99=249, 99.9=289, 99.99=737] 
2024-07-11 00:37:10:694 40 sec: 273058 operations; 7044.1 current ops/sec; est completion in 17 hours 27 minutes [READ: Count=34987, Max=3291, Min=93, Avg=141.65, 90=165, 99=261, 99.9=345, 99.99=789] [UPDATE: Count=35454, Max=3297, Min=88, Avg=138.82, 90=162, 99=257, 99.9=338, 99.99=516] 
2024-07-11 00:37:20:694 50 sec: 347993 operations; 7493.5 current ops/sec; est completion in 17 hours 7 minutes [READ: Count=37588, Max=3405, Min=90, Avg=133.17, 90=153, 99=259, 99.9=320, 99.99=483] [UPDATE: Count=37347, Max=4203, Min=89, Avg=130.81, 90=150, 99=256, 99.9=314, 99.99=527] 
2024-07-11 00:37:30:694 60 sec: 417961 operations; 6996.8 current ops/sec; est completion in 17 hours 6 minutes [READ: Count=35121, Max=5071, Min=89, Avg=142.8, 90=167, 99=258, 99.9=381, 99.99=504] [UPDATE: Count=34847, Max=600, Min=93, Avg=139.59, 90=164, 99=254, 99.9=325, 99.99=445] 
Maximum time elapsed. Requesting stop for the workload.
Stop requested for workload. Now Joining!
2024-07-11 00:37:31:699 61 sec: 426483 operations; 8479.6 current ops/sec; est completion in 17 hours 2 minutes [READ: Count=4297, Max=4355, Min=89, Avg=117.29, 90=132, 99=159, 99.9=295, 99.99=4355] [CLEANUP: Count=1, Max=866, Min=866, Avg=866, 90=866, 99=866, 99.9=866, 99.99=866] [UPDATE: Count=4225, Max=2353, Min=90, Avg=114.69, 90=130, 99=155, 99.9=311, 99.99=2353] 
[OVERALL], RunTime(ms), 61012
[OVERALL], Throughput(ops/sec), 6990.149478791058
[TOTAL_GCS_Copy], Count, 39
[TOTAL_GC_TIME_Copy], Time(ms), 22
[TOTAL_GC_TIME_%_Copy], Time(%), 0.036058480298957585
[TOTAL_GCS_MarkSweepCompact], Count, 0
[TOTAL_GC_TIME_MarkSweepCompact], Time(ms), 0
[TOTAL_GC_TIME_%_MarkSweepCompact], Time(%), 0.0
[TOTAL_GCs], Count, 39
[TOTAL_GC_TIME], Time(ms), 22
[TOTAL_GC_TIME_%], Time(%), 0.036058480298957585
[READ], Operations, 213513
[READ], AverageLatency(us), 141.22406598193083
[READ], MinLatency(us), 89
[READ], MaxLatency(us), 116223
[READ], 95thPercentileLatency(us), 180
[READ], 99thPercentileLatency(us), 258
[READ], Return=OK, 213513
[CLEANUP], Operations, 1
[CLEANUP], AverageLatency(us), 866.0
[CLEANUP], MinLatency(us), 866
[CLEANUP], MaxLatency(us), 866
[CLEANUP], 95thPercentileLatency(us), 866
[CLEANUP], 99thPercentileLatency(us), 866
[UPDATE], Operations, 212970
[UPDATE], AverageLatency(us), 138.3010987463023
[UPDATE], MinLatency(us), 85
[UPDATE], MaxLatency(us), 12495
[UPDATE], 95thPercentileLatency(us), 179
[UPDATE], 99thPercentileLatency(us), 254
[UPDATE], Return=OK, 212970
AUTOTEST_DONE
