/nix/store/2vwkssqpzykk37r996cafq7x63imf4sp-openjdk-21+35/bin/java  -classpath /nix/store/zw02np72fzsmga6s5mphhw7x8qlzf4sv-ycsb-0.17.0/share/conf:/nix/store/zw02np72fzsmga6s5mphhw7x8qlzf4sv-ycsb-0.17.0/share/lib/core-0.17.0.jar:/nix/store/zw02np72fzsmga6s5mphhw7x8qlzf4sv-ycsb-0.17.0/share/lib/HdrHistogram-2.1.4.jar:/nix/store/zw02np72fzsmga6s5mphhw7x8qlzf4sv-ycsb-0.17.0/share/lib/htrace-core4-4.1.0-incubating.jar:/nix/store/zw02np72fzsmga6s5mphhw7x8qlzf4sv-ycsb-0.17.0/share/lib/jackson-core-asl-1.9.4.jar:/nix/store/zw02np72fzsmga6s5mphhw7x8qlzf4sv-ycsb-0.17.0/share/lib/jackson-mapper-asl-1.9.4.jar:/nix/store/zw02np72fzsmga6s5mphhw7x8qlzf4sv-ycsb-0.17.0/share/redis-binding/lib/commons-pool2-2.4.2.jar:/nix/store/zw02np72fzsmga6s5mphhw7x8qlzf4sv-ycsb-0.17.0/share/redis-binding/lib/jedis-2.9.0.jar:/nix/store/zw02np72fzsmga6s5mphhw7x8qlzf4sv-ycsb-0.17.0/share/redis-binding/lib/redis-binding-0.17.0.jar site.ycsb.Client -t -db site.ycsb.db.RedisClient -s -P /home/host/vmuxIO/test/moonprogs//../../ycsb/share/workloads/workloada -p redis.host=10.1.0.2 -p redis.port=6386 -p operationcount=429496729 -p maxexecutiontime=61 -threads 1
Command line: -t -db site.ycsb.db.RedisClient -s -P /home/host/vmuxIO/test/moonprogs//../../ycsb/share/workloads/workloada -p redis.host=10.1.0.2 -p redis.port=6386 -p operationcount=429496729 -p maxexecutiontime=61 -threads 1
YCSB Client 0.17.0

Loading workload...
Starting test.
Maximum execution time specified as: 61 secs
DBWrapper: report latency for each error is false and specific error codes to track for latency are: []
2024-07-11 19:05:27:049 0 sec: 0 operations; est completion in 0 second 
2024-07-11 19:05:36:891 10 sec: 66484 operations; 6648.4 current ops/sec; est completion in 17 hours 56 minutes [READ: Count=33339, Max=49311, Min=93, Avg=145.19, 90=168, 99=231, 99.9=832, 99.99=5203] [UPDATE: Count=33153, Max=8295, Min=94, Avg=142.92, 90=166, 99=236, 99.9=1222, 99.99=4167] 
2024-07-11 19:05:46:891 20 sec: 138662 operations; 7217.8 current ops/sec; est completion in 17 hours 12 minutes [READ: Count=35963, Max=10743, Min=88, Avg=138.18, 90=166, 99=230, 99.9=317, 99.99=754] [UPDATE: Count=36207, Max=2207, Min=87, Avg=134.93, 90=162, 99=228, 99.9=314, 99.99=836] 
2024-07-11 19:05:56:891 30 sec: 206828 operations; 6816.6 current ops/sec; est completion in 17 hours 17 minutes [READ: Count=34084, Max=3059, Min=90, Avg=146.38, 90=170, 99=228, 99.9=331, 99.99=1786] [UPDATE: Count=34082, Max=7339, Min=90, Avg=143.2, 90=167, 99=228, 99.9=326, 99.99=647] 
2024-07-11 19:06:06:891 40 sec: 277331 operations; 7050.3 current ops/sec; est completion in 17 hours 11 minutes [READ: Count=35192, Max=2465, Min=93, Avg=141.54, 90=170, 99=248, 99.9=344, 99.99=1425] [UPDATE: Count=35311, Max=8647, Min=89, Avg=138.71, 90=166, 99=243, 99.9=336, 99.99=1834] 
2024-07-11 19:06:16:891 50 sec: 343257 operations; 6592.6 current ops/sec; est completion in 17 hours 21 minutes [READ: Count=32743, Max=5091, Min=96, Avg=151.53, 90=177, 99=254, 99.9=329, 99.99=1030] [UPDATE: Count=33183, Max=4539, Min=94, Avg=148.01, 90=173, 99=253, 99.9=330, 99.99=1271] 
2024-07-11 19:06:26:891 60 sec: 410474 operations; 6721.7 current ops/sec; est completion in 17 hours 25 minutes [READ: Count=33646, Max=2361, Min=91, Avg=148.72, 90=177, 99=244, 99.9=315, 99.99=997] [UPDATE: Count=33571, Max=6899, Min=89, Avg=145.23, 90=173, 99=240, 99.9=312, 99.99=708] 
Maximum time elapsed. Requesting stop for the workload.
Stop requested for workload. Now Joining!
2024-07-11 19:06:27:902 61 sec: 416820 operations; 6270.75 current ops/sec; est completion in 17 hours 26 minutes [READ: Count=3146, Max=3035, Min=108, Avg=159.01, 90=181, 99=258, 99.9=318, 99.99=3035] [CLEANUP: Count=1, Max=951, Min=951, Avg=951, 90=951, 99=951, 99.9=951, 99.99=951] [UPDATE: Count=3200, Max=3889, Min=101, Avg=155.56, 90=177, 99=245, 99.9=299, 99.99=3889] 
[OVERALL], RunTime(ms), 61016
[OVERALL], Throughput(ops/sec), 6831.322931690049
[TOTAL_GCS_Copy], Count, 38
[TOTAL_GC_TIME_Copy], Time(ms), 22
[TOTAL_GC_TIME_%_Copy], Time(%), 0.03605611642847777
[TOTAL_GCS_MarkSweepCompact], Count, 0
[TOTAL_GC_TIME_MarkSweepCompact], Time(ms), 0
[TOTAL_GC_TIME_%_MarkSweepCompact], Time(%), 0.0
[TOTAL_GCs], Count, 38
[TOTAL_GC_TIME], Time(ms), 22
[TOTAL_GC_TIME_%], Time(%), 0.03605611642847777
[READ], Operations, 208113
[READ], AverageLatency(us), 145.33322762153253
[READ], MinLatency(us), 88
[READ], MaxLatency(us), 49311
[READ], 95thPercentileLatency(us), 186
[READ], 99thPercentileLatency(us), 243
[READ], Return=OK, 208113
[CLEANUP], Operations, 1
[CLEANUP], AverageLatency(us), 951.0
[CLEANUP], MinLatency(us), 951
[CLEANUP], MaxLatency(us), 951
[CLEANUP], 95thPercentileLatency(us), 951
[CLEANUP], 99thPercentileLatency(us), 951
[UPDATE], Operations, 208707
[UPDATE], AverageLatency(us), 142.2425313956887
[UPDATE], MinLatency(us), 87
[UPDATE], MaxLatency(us), 8647
[UPDATE], 95thPercentileLatency(us), 183
[UPDATE], 99thPercentileLatency(us), 240
[UPDATE], Return=OK, 208707
AUTOTEST_DONE
