/nix/store/2vwkssqpzykk37r996cafq7x63imf4sp-openjdk-21+35/bin/java  -classpath /nix/store/zw02np72fzsmga6s5mphhw7x8qlzf4sv-ycsb-0.17.0/share/conf:/nix/store/zw02np72fzsmga6s5mphhw7x8qlzf4sv-ycsb-0.17.0/share/lib/core-0.17.0.jar:/nix/store/zw02np72fzsmga6s5mphhw7x8qlzf4sv-ycsb-0.17.0/share/lib/HdrHistogram-2.1.4.jar:/nix/store/zw02np72fzsmga6s5mphhw7x8qlzf4sv-ycsb-0.17.0/share/lib/htrace-core4-4.1.0-incubating.jar:/nix/store/zw02np72fzsmga6s5mphhw7x8qlzf4sv-ycsb-0.17.0/share/lib/jackson-core-asl-1.9.4.jar:/nix/store/zw02np72fzsmga6s5mphhw7x8qlzf4sv-ycsb-0.17.0/share/lib/jackson-mapper-asl-1.9.4.jar:/nix/store/zw02np72fzsmga6s5mphhw7x8qlzf4sv-ycsb-0.17.0/share/redis-binding/lib/commons-pool2-2.4.2.jar:/nix/store/zw02np72fzsmga6s5mphhw7x8qlzf4sv-ycsb-0.17.0/share/redis-binding/lib/jedis-2.9.0.jar:/nix/store/zw02np72fzsmga6s5mphhw7x8qlzf4sv-ycsb-0.17.0/share/redis-binding/lib/redis-binding-0.17.0.jar site.ycsb.Client -t -db site.ycsb.db.RedisClient -s -P /home/host/vmuxIO/test/moonprogs//../../ycsb/share/workloads/workloada -p redis.host=10.1.0.2 -p redis.port=6387 -p operationcount=429496729 -p maxexecutiontime=61 -threads 1
Command line: -t -db site.ycsb.db.RedisClient -s -P /home/host/vmuxIO/test/moonprogs//../../ycsb/share/workloads/workloada -p redis.host=10.1.0.2 -p redis.port=6387 -p operationcount=429496729 -p maxexecutiontime=61 -threads 1
YCSB Client 0.17.0

Loading workload...
Starting test.
Maximum execution time specified as: 61 secs
DBWrapper: report latency for each error is false and specific error codes to track for latency are: []
2025-02-05 03:38:16:659 0 sec: 0 operations; est completion in 0 second 
2025-02-05 03:38:26:379 10 sec: 7187 operations; 718.7 current ops/sec; est completion in 6 days 21 hours [READ: Count=3596, Max=28879, Min=88, Avg=1332, 90=5895, 99=12191, 99.9=18031, 99.99=28879] [UPDATE: Count=3594, Max=46463, Min=87, Avg=1329.91, 90=5439, 99=12911, 99.9=18015, 99.99=46463] 
2025-02-05 03:38:36:378 20 sec: 21155 operations; 1396.8 current ops/sec; est completion in 4 days 16 hours [READ: Count=6910, Max=206975, Min=81, Avg=714.72, 90=398, 99=9127, 99.9=13047, 99.99=17807] [UPDATE: Count=7056, Max=204031, Min=79, Avg=707.97, 90=393, 99=8831, 99.9=13903, 99.99=16047] 
2025-02-05 03:38:46:378 30 sec: 36714 operations; 1555.9 current ops/sec; est completion in 4 days 1 hour [READ: Count=7756, Max=17247, Min=80, Avg=624.28, 90=344, 99=9007, 99.9=13207, 99.99=16831] [UPDATE: Count=7802, Max=16135, Min=81, Avg=652.56, 90=343, 99=8351, 99.9=12975, 99.99=15175] 
2025-02-05 03:38:56:378 40 sec: 51566 operations; 1485.2 current ops/sec; est completion in 3 days 20 hours [READ: Count=7424, Max=16719, Min=83, Avg=647.77, 90=385, 99=8359, 99.9=12103, 99.99=16175] [UPDATE: Count=7428, Max=17023, Min=77, Avg=691.08, 90=392, 99=8679, 99.9=12951, 99.99=16047] 
2025-02-05 03:39:06:379 50 sec: 66072 operations; 1450.6 current ops/sec; est completion in 3 days 18 hours [READ: Count=7225, Max=204799, Min=80, Avg=688.93, 90=386, 99=8319, 99.9=12839, 99.99=202367] [UPDATE: Count=7281, Max=210815, Min=80, Avg=683.37, 90=388, 99=8447, 99.9=12367, 99.99=15967] 
2025-02-05 03:39:16:378 60 sec: 82702 operations; 1663 current ops/sec; est completion in 3 days 14 hours [READ: Count=8332, Max=17119, Min=80, Avg=615.27, 90=344, 99=8279, 99.9=13575, 99.99=16127] [UPDATE: Count=8298, Max=15175, Min=79, Avg=583.74, 90=318, 99=8247, 99.9=12327, 99.99=15015] 
Maximum time elapsed. Requesting stop for the workload.
Stop requested for workload. Now Joining!
2025-02-05 03:39:17:388 61 sec: 84897 operations; 2173.27 current ops/sec; est completion in 3 days 13 hours [READ: Count=1067, Max=11143, Min=81, Avg=500.7, 90=228, 99=8159, 99.9=10199, 99.99=11143] [CLEANUP: Count=1, Max=971, Min=971, Avg=971, 90=971, 99=971, 99.9=971, 99.99=971] [UPDATE: Count=1128, Max=10271, Min=79, Avg=415.94, 90=219, 99=8155, 99.9=9175, 99.99=10271] 
[OVERALL], RunTime(ms), 61013
[OVERALL], Throughput(ops/sec), 1391.4575582252962
[TOTAL_GCS_Copy], Count, 8
[TOTAL_GC_TIME_Copy], Time(ms), 18
[TOTAL_GC_TIME_%_Copy], Time(%), 0.02950190942913805
[TOTAL_GCS_MarkSweepCompact], Count, 0
[TOTAL_GC_TIME_MarkSweepCompact], Time(ms), 0
[TOTAL_GC_TIME_%_MarkSweepCompact], Time(%), 0.0
[TOTAL_GCs], Count, 8
[TOTAL_GC_TIME], Time(ms), 18
[TOTAL_GC_TIME_%], Time(%), 0.02950190942913805
[READ], Operations, 42310
[READ], AverageLatency(us), 709.4711179390215
[READ], MinLatency(us), 80
[READ], MaxLatency(us), 206975
[READ], 95thPercentileLatency(us), 6047
[READ], 99thPercentileLatency(us), 9127
[READ], Return=OK, 42310
[CLEANUP], Operations, 1
[CLEANUP], AverageLatency(us), 971.0
[CLEANUP], MinLatency(us), 971
[CLEANUP], MaxLatency(us), 971
[CLEANUP], 95thPercentileLatency(us), 971
[CLEANUP], 99thPercentileLatency(us), 971
[UPDATE], Operations, 42587
[UPDATE], AverageLatency(us), 711.2139854885294
[UPDATE], MinLatency(us), 77
[UPDATE], MaxLatency(us), 210815
[UPDATE], 95thPercentileLatency(us), 6295
[UPDATE], 99thPercentileLatency(us), 9127
[UPDATE], Return=OK, 42587
AUTOTEST_DONE
