/nix/store/2vwkssqpzykk37r996cafq7x63imf4sp-openjdk-21+35/bin/java  -classpath /nix/store/zw02np72fzsmga6s5mphhw7x8qlzf4sv-ycsb-0.17.0/share/conf:/nix/store/zw02np72fzsmga6s5mphhw7x8qlzf4sv-ycsb-0.17.0/share/lib/core-0.17.0.jar:/nix/store/zw02np72fzsmga6s5mphhw7x8qlzf4sv-ycsb-0.17.0/share/lib/HdrHistogram-2.1.4.jar:/nix/store/zw02np72fzsmga6s5mphhw7x8qlzf4sv-ycsb-0.17.0/share/lib/htrace-core4-4.1.0-incubating.jar:/nix/store/zw02np72fzsmga6s5mphhw7x8qlzf4sv-ycsb-0.17.0/share/lib/jackson-core-asl-1.9.4.jar:/nix/store/zw02np72fzsmga6s5mphhw7x8qlzf4sv-ycsb-0.17.0/share/lib/jackson-mapper-asl-1.9.4.jar:/nix/store/zw02np72fzsmga6s5mphhw7x8qlzf4sv-ycsb-0.17.0/share/redis-binding/lib/commons-pool2-2.4.2.jar:/nix/store/zw02np72fzsmga6s5mphhw7x8qlzf4sv-ycsb-0.17.0/share/redis-binding/lib/jedis-2.9.0.jar:/nix/store/zw02np72fzsmga6s5mphhw7x8qlzf4sv-ycsb-0.17.0/share/redis-binding/lib/redis-binding-0.17.0.jar site.ycsb.Client -t -db site.ycsb.db.RedisClient -s -P /home/host/vmuxIO/test/moonprogs//../../ycsb/share/workloads/workloada -p redis.host=10.1.0.2 -p redis.port=6386 -p operationcount=429496729 -p maxexecutiontime=61 -threads 1
Command line: -t -db site.ycsb.db.RedisClient -s -P /home/host/vmuxIO/test/moonprogs//../../ycsb/share/workloads/workloada -p redis.host=10.1.0.2 -p redis.port=6386 -p operationcount=429496729 -p maxexecutiontime=61 -threads 1
YCSB Client 0.17.0

Loading workload...
Starting test.
Maximum execution time specified as: 61 secs
DBWrapper: report latency for each error is false and specific error codes to track for latency are: []
2025-02-05 03:38:21:020 0 sec: 0 operations; est completion in 0 second 
2025-02-05 03:38:30:744 10 sec: 7199 operations; 719.9 current ops/sec; est completion in 6 days 21 hours [READ: Count=3644, Max=28479, Min=95, Avg=1296, 90=5527, 99=11999, 99.9=16079, 99.99=28479] [UPDATE: Count=3556, Max=60735, Min=94, Avg=1375.51, 90=6451, 99=11983, 99.9=16783, 99.99=60735] 
2025-02-05 03:38:40:744 20 sec: 22089 operations; 1488.85 current ops/sec; est completion in 4 days 12 hours [READ: Count=7418, Max=14567, Min=83, Avg=653.65, 90=382, 99=8407, 99.9=12087, 99.99=13015] [UPDATE: Count=7472, Max=213119, Min=79, Avg=680.14, 90=368, 99=8679, 99.9=12487, 99.99=210687] 
2025-02-05 03:38:50:744 30 sec: 37289 operations; 1520 current ops/sec; est completion in 3 days 23 hours [READ: Count=7563, Max=16511, Min=84, Avg=656.73, 90=369, 99=8527, 99.9=12423, 99.99=16343] [UPDATE: Count=7636, Max=15007, Min=80, Avg=650.15, 90=362, 99=8799, 99.9=12215, 99.99=14127] 
2025-02-05 03:39:00:744 40 sec: 51455 operations; 1416.74 current ops/sec; est completion in 3 days 20 hours [READ: Count=7228, Max=16175, Min=82, Avg=685.5, 90=432, 99=8343, 99.9=12231, 99.99=16151] [UPDATE: Count=6938, Max=16207, Min=80, Avg=719.53, 90=449, 99=9463, 99.9=14791, 99.99=16079] 
2025-02-05 03:39:10:744 50 sec: 65157 operations; 1370.06 current ops/sec; est completion in 3 days 19 hours [READ: Count=6847, Max=15519, Min=82, Avg=685.17, 90=433, 99=8447, 99.9=12031, 99.99=14327] [UPDATE: Count=6855, Max=210047, Min=83, Avg=767.17, 90=412, 99=8527, 99.9=14351, 99.99=204415] 
2025-02-05 03:39:20:744 60 sec: 84131 operations; 1897.59 current ops/sec; est completion in 3 days 13 hours [READ: Count=9400, Max=14519, Min=83, Avg=542.88, 90=281, 99=8199, 99.9=11727, 99.99=12503] [UPDATE: Count=9574, Max=14567, Min=78, Avg=507.11, 90=281, 99=8183, 99.9=10367, 99.99=14191] 
Maximum time elapsed. Requesting stop for the workload.
Stop requested for workload. Now Joining!
2025-02-05 03:39:21:760 61 sec: 85249 operations; 1099.31 current ops/sec; est completion in 3 days 13 hours [READ: Count=550, Max=16159, Min=84, Avg=940.6, 90=2787, 99=12023, 99.9=16159, 99.99=16159] [CLEANUP: Count=1, Max=5215, Min=5212, Avg=5214, 90=5215, 99=5215, 99.9=5215, 99.99=5215] [UPDATE: Count=568, Max=16431, Min=79, Avg=874.89, 90=2927, 99=9655, 99.9=11991, 99.99=16431] 
[OVERALL], RunTime(ms), 61021
[OVERALL], Throughput(ops/sec), 1397.0436407138527
[TOTAL_GCS_Copy], Count, 8
[TOTAL_GC_TIME_Copy], Time(ms), 22
[TOTAL_GC_TIME_%_Copy], Time(%), 0.036053162026187704
[TOTAL_GCS_MarkSweepCompact], Count, 0
[TOTAL_GC_TIME_MarkSweepCompact], Time(ms), 0
[TOTAL_GC_TIME_%_MarkSweepCompact], Time(%), 0.0
[TOTAL_GCs], Count, 8
[TOTAL_GC_TIME], Time(ms), 22
[TOTAL_GC_TIME_%], Time(%), 0.036053162026187704
[READ], Operations, 42650
[READ], AverageLatency(us), 698.8249706916764
[READ], MinLatency(us), 82
[READ], MaxLatency(us), 28479
[READ], 95thPercentileLatency(us), 6271
[READ], 99thPercentileLatency(us), 8767
[READ], Return=OK, 42650
[CLEANUP], Operations, 1
[CLEANUP], AverageLatency(us), 5214.0
[CLEANUP], MinLatency(us), 5212
[CLEANUP], MaxLatency(us), 5215
[CLEANUP], 95thPercentileLatency(us), 5215
[CLEANUP], 99thPercentileLatency(us), 5215
[UPDATE], Operations, 42599
[UPDATE], AverageLatency(us), 716.941383600554
[UPDATE], MinLatency(us), 78
[UPDATE], MaxLatency(us), 213119
[UPDATE], 95thPercentileLatency(us), 6371
[UPDATE], 99thPercentileLatency(us), 9159
[UPDATE], Return=OK, 42599
AUTOTEST_DONE
