/nix/store/2vwkssqpzykk37r996cafq7x63imf4sp-openjdk-21+35/bin/java  -classpath /nix/store/zw02np72fzsmga6s5mphhw7x8qlzf4sv-ycsb-0.17.0/share/conf:/nix/store/zw02np72fzsmga6s5mphhw7x8qlzf4sv-ycsb-0.17.0/share/lib/core-0.17.0.jar:/nix/store/zw02np72fzsmga6s5mphhw7x8qlzf4sv-ycsb-0.17.0/share/lib/HdrHistogram-2.1.4.jar:/nix/store/zw02np72fzsmga6s5mphhw7x8qlzf4sv-ycsb-0.17.0/share/lib/htrace-core4-4.1.0-incubating.jar:/nix/store/zw02np72fzsmga6s5mphhw7x8qlzf4sv-ycsb-0.17.0/share/lib/jackson-core-asl-1.9.4.jar:/nix/store/zw02np72fzsmga6s5mphhw7x8qlzf4sv-ycsb-0.17.0/share/lib/jackson-mapper-asl-1.9.4.jar:/nix/store/zw02np72fzsmga6s5mphhw7x8qlzf4sv-ycsb-0.17.0/share/redis-binding/lib/commons-pool2-2.4.2.jar:/nix/store/zw02np72fzsmga6s5mphhw7x8qlzf4sv-ycsb-0.17.0/share/redis-binding/lib/jedis-2.9.0.jar:/nix/store/zw02np72fzsmga6s5mphhw7x8qlzf4sv-ycsb-0.17.0/share/redis-binding/lib/redis-binding-0.17.0.jar site.ycsb.Client -t -db site.ycsb.db.RedisClient -s -P /home/host/vmuxIO/test/moonprogs//../../ycsb/share/workloads/workloada -p redis.host=10.1.0.2 -p redis.port=6379 -p operationcount=429496729 -p maxexecutiontime=61 -threads 1
Command line: -t -db site.ycsb.db.RedisClient -s -P /home/host/vmuxIO/test/moonprogs//../../ycsb/share/workloads/workloada -p redis.host=10.1.0.2 -p redis.port=6379 -p operationcount=429496729 -p maxexecutiontime=61 -threads 1
YCSB Client 0.17.0

Loading workload...
Starting test.
Maximum execution time specified as: 61 secs
DBWrapper: report latency for each error is false and specific error codes to track for latency are: []
2024-06-30 01:33:49:356 0 sec: 0 operations; est completion in 0 second 
2024-06-30 01:33:59:202 10 sec: 91309 operations; 9130.9 current ops/sec; est completion in 13 hours 3 minutes [READ: Count=45924, Max=15287, Min=76, Avg=105.19, 90=123, 99=150, 99.9=505, 99.99=3247] [UPDATE: Count=45399, Max=28927, Min=73, Avg=104.58, 90=120, 99=152, 99.9=690, 99.99=3895] 
2024-06-30 01:34:09:202 20 sec: 182452 operations; 9114.3 current ops/sec; est completion in 13 hours 4 minutes [READ: Count=45892, Max=1222, Min=79, Avg=109.29, 90=127, 99=151, 99.9=250, 99.99=476] [UPDATE: Count=45237, Max=3001, Min=76, Avg=106.76, 90=124, 99=149, 99.9=248, 99.99=522] 
2024-06-30 01:34:19:202 30 sec: 274471 operations; 9201.9 current ops/sec; est completion in 13 hours 1 minute [READ: Count=45892, Max=3867, Min=80, Avg=108.84, 90=125, 99=144, 99.9=243, 99.99=770] [UPDATE: Count=46127, Max=1023, Min=78, Avg=105.66, 90=122, 99=142, 99.9=242, 99.99=423] 
2024-06-30 01:34:29:202 40 sec: 367635 operations; 9316.4 current ops/sec; est completion in 12 hours 58 minutes [READ: Count=46656, Max=3843, Min=75, Avg=107.37, 90=127, 99=161, 99.9=252, 99.99=430] [UPDATE: Count=46508, Max=3515, Min=74, Avg=104.58, 90=124, 99=157, 99.9=248, 99.99=463] 
2024-06-30 01:34:39:202 50 sec: 459645 operations; 9201 current ops/sec; est completion in 12 hours 57 minutes [READ: Count=46058, Max=2985, Min=80, Avg=108.92, 90=127, 99=149, 99.9=249, 99.99=427] [UPDATE: Count=45952, Max=6687, Min=76, Avg=105.67, 90=123, 99=145, 99.9=242, 99.99=393] 
2024-06-30 01:34:49:202 60 sec: 555059 operations; 9541.4 current ops/sec; est completion in 12 hours 52 minutes [READ: Count=47234, Max=2683, Min=79, Avg=105.09, 90=122, 99=139, 99.9=176, 99.99=420] [UPDATE: Count=48180, Max=496, Min=77, Avg=101.83, 90=119, 99=136, 99.9=165, 99.99=264] 
Maximum time elapsed. Requesting stop for the workload.
Stop requested for workload. Now Joining!
2024-06-30 01:34:50:214 61 sec: 564818 operations; 9643.28 current ops/sec; est completion in 12 hours 52 minutes [READ: Count=4875, Max=406, Min=77, Avg=103.76, 90=120, 99=140, 99.9=191, 99.99=406] [CLEANUP: Count=1, Max=956, Min=956, Avg=956, 90=956, 99=956, 99.9=956, 99.99=956] [UPDATE: Count=4884, Max=2503, Min=77, Avg=100.48, 90=116, 99=133, 99.9=171, 99.99=2503] 
[OVERALL], RunTime(ms), 61019
[OVERALL], Throughput(ops/sec), 9256.428325603501
[TOTAL_GCS_Copy], Count, 52
[TOTAL_GC_TIME_Copy], Time(ms), 28
[TOTAL_GC_TIME_%_Copy], Time(%), 0.045887346564184923
[TOTAL_GCS_MarkSweepCompact], Count, 0
[TOTAL_GC_TIME_MarkSweepCompact], Time(ms), 0
[TOTAL_GC_TIME_%_MarkSweepCompact], Time(%), 0.0
[TOTAL_GCs], Count, 52
[TOTAL_GC_TIME], Time(ms), 28
[TOTAL_GC_TIME_%], Time(%), 0.045887346564184923
[READ], Operations, 282531
[READ], AverageLatency(us), 107.3736227175071
[READ], MinLatency(us), 75
[READ], MaxLatency(us), 15287
[READ], 95thPercentileLatency(us), 131
[READ], 99thPercentileLatency(us), 149
[READ], Return=OK, 282531
[CLEANUP], Operations, 1
[CLEANUP], AverageLatency(us), 956.0
[CLEANUP], MinLatency(us), 956
[CLEANUP], MaxLatency(us), 956
[CLEANUP], 95thPercentileLatency(us), 956
[CLEANUP], 99thPercentileLatency(us), 956
[UPDATE], Operations, 282287
[UPDATE], AverageLatency(us), 104.74298143378901
[UPDATE], MinLatency(us), 73
[UPDATE], MaxLatency(us), 28927
[UPDATE], 95thPercentileLatency(us), 128
[UPDATE], 99thPercentileLatency(us), 146
[UPDATE], Return=OK, 282287
AUTOTEST_DONE
