/nix/store/2vwkssqpzykk37r996cafq7x63imf4sp-openjdk-21+35/bin/java  -classpath /nix/store/zw02np72fzsmga6s5mphhw7x8qlzf4sv-ycsb-0.17.0/share/conf:/nix/store/zw02np72fzsmga6s5mphhw7x8qlzf4sv-ycsb-0.17.0/share/lib/core-0.17.0.jar:/nix/store/zw02np72fzsmga6s5mphhw7x8qlzf4sv-ycsb-0.17.0/share/lib/HdrHistogram-2.1.4.jar:/nix/store/zw02np72fzsmga6s5mphhw7x8qlzf4sv-ycsb-0.17.0/share/lib/htrace-core4-4.1.0-incubating.jar:/nix/store/zw02np72fzsmga6s5mphhw7x8qlzf4sv-ycsb-0.17.0/share/lib/jackson-core-asl-1.9.4.jar:/nix/store/zw02np72fzsmga6s5mphhw7x8qlzf4sv-ycsb-0.17.0/share/lib/jackson-mapper-asl-1.9.4.jar:/nix/store/zw02np72fzsmga6s5mphhw7x8qlzf4sv-ycsb-0.17.0/share/redis-binding/lib/commons-pool2-2.4.2.jar:/nix/store/zw02np72fzsmga6s5mphhw7x8qlzf4sv-ycsb-0.17.0/share/redis-binding/lib/jedis-2.9.0.jar:/nix/store/zw02np72fzsmga6s5mphhw7x8qlzf4sv-ycsb-0.17.0/share/redis-binding/lib/redis-binding-0.17.0.jar site.ycsb.Client -t -db site.ycsb.db.RedisClient -s -P /home/host/vmuxIO/test/moonprogs//../../ycsb/share/workloads/workloada -p redis.host=10.1.0.2 -p redis.port=6379 -p operationcount=429496729 -p maxexecutiontime=61 -threads 1
Command line: -t -db site.ycsb.db.RedisClient -s -P /home/host/vmuxIO/test/moonprogs//../../ycsb/share/workloads/workloada -p redis.host=10.1.0.2 -p redis.port=6379 -p operationcount=429496729 -p maxexecutiontime=61 -threads 1
YCSB Client 0.17.0

Loading workload...
Starting test.
Maximum execution time specified as: 61 secs
DBWrapper: report latency for each error is false and specific error codes to track for latency are: []
2024-06-30 01:33:50:475 0 sec: 0 operations; est completion in 0 second 
2024-06-30 01:34:00:311 10 sec: 87498 operations; 8748.93 current ops/sec; est completion in 13 hours 38 minutes [READ: Count=43788, Max=50399, Min=72, Avg=109.76, 90=126, 99=155, 99.9=827, 99.99=3977] [UPDATE: Count=43726, Max=6751, Min=70, Avg=107.17, 90=125, 99=156, 99.9=735, 99.99=4647] 
2024-06-30 01:34:10:311 20 sec: 188737 operations; 10123.9 current ops/sec; est completion in 12 hours 38 minutes [READ: Count=50839, Max=9935, Min=67, Avg=98.45, 90=118, 99=137, 99.9=205, 99.99=548] [UPDATE: Count=50384, Max=2967, Min=66, Avg=95.58, 90=115, 99=134, 99.9=183, 99.99=418] 
2024-06-30 01:34:20:311 30 sec: 288726 operations; 9999.9 current ops/sec; est completion in 12 hours 23 minutes [READ: Count=50256, Max=3367, Min=68, Avg=99.71, 90=117, 99=136, 99.9=177, 99.99=542] [UPDATE: Count=49733, Max=5067, Min=68, Avg=97.42, 90=115, 99=133, 99.9=163, 99.99=393] 
2024-06-30 01:34:30:311 40 sec: 380897 operations; 9217.1 current ops/sec; est completion in 12 hours 31 minutes [READ: Count=45971, Max=3169, Min=70, Avg=107.98, 90=126, 99=142, 99.9=183, 99.99=441] [UPDATE: Count=46200, Max=7215, Min=66, Avg=105.54, 90=123, 99=139, 99.9=174, 99.99=406] 
2024-06-30 01:34:40:311 50 sec: 485586 operations; 10468.9 current ops/sec; est completion in 12 hours 16 minutes [READ: Count=52589, Max=7527, Min=70, Avg=95.31, 90=115, 99=140, 99.9=231, 99.99=430] [UPDATE: Count=52100, Max=471, Min=65, Avg=92.73, 90=112, 99=137, 99.9=216, 99.99=356] 
2024-06-30 01:34:50:311 60 sec: 586886 operations; 10130 current ops/sec; est completion in 12 hours 10 minutes [READ: Count=50418, Max=477, Min=68, Avg=98.33, 90=116, 99=136, 99.9=157, 99.99=339] [UPDATE: Count=50882, Max=2687, Min=68, Avg=95.99, 90=114, 99=133, 99.9=165, 99.99=419] 
Maximum time elapsed. Requesting stop for the workload.
Stop requested for workload. Now Joining!
2024-06-30 01:34:51:322 61 sec: 598785 operations; 11757.91 current ops/sec; est completion in 12 hours 8 minutes [READ: Count=5969, Max=2701, Min=68, Avg=84.61, 90=95, 99=127, 99.9=168, 99.99=293] [CLEANUP: Count=1, Max=1134, Min=1134, Avg=1134, 90=1134, 99=1134, 99.9=1134, 99.99=1134] [UPDATE: Count=5930, Max=645, Min=66, Avg=82.16, 90=94, 99=124, 99.9=137, 99.99=276] 
[OVERALL], RunTime(ms), 61019
[OVERALL], Throughput(ops/sec), 9813.09100444124
[TOTAL_GCS_Copy], Count, 55
[TOTAL_GC_TIME_Copy], Time(ms), 29
[TOTAL_GC_TIME_%_Copy], Time(%), 0.04752618037004867
[TOTAL_GCS_MarkSweepCompact], Count, 0
[TOTAL_GC_TIME_MarkSweepCompact], Time(ms), 0
[TOTAL_GC_TIME_%_MarkSweepCompact], Time(%), 0.0
[TOTAL_GCs], Count, 55
[TOTAL_GC_TIME], Time(ms), 29
[TOTAL_GC_TIME_%], Time(%), 0.04752618037004867
[READ], Operations, 299830
[READ], AverageLatency(us), 100.92669846246206
[READ], MinLatency(us), 67
[READ], MaxLatency(us), 50399
[READ], 95thPercentileLatency(us), 127
[READ], 99thPercentileLatency(us), 141
[READ], Return=OK, 299830
[CLEANUP], Operations, 1
[CLEANUP], AverageLatency(us), 1134.0
[CLEANUP], MinLatency(us), 1134
[CLEANUP], MaxLatency(us), 1134
[CLEANUP], 95thPercentileLatency(us), 1134
[CLEANUP], 99thPercentileLatency(us), 1134
[UPDATE], Operations, 298955
[UPDATE], AverageLatency(us), 98.42878025120838
[UPDATE], MinLatency(us), 65
[UPDATE], MaxLatency(us), 7215
[UPDATE], 95thPercentileLatency(us), 125
[UPDATE], 99thPercentileLatency(us), 139
[UPDATE], Return=OK, 298955
AUTOTEST_DONE
