/nix/store/2vwkssqpzykk37r996cafq7x63imf4sp-openjdk-21+35/bin/java  -classpath /nix/store/zw02np72fzsmga6s5mphhw7x8qlzf4sv-ycsb-0.17.0/share/conf:/nix/store/zw02np72fzsmga6s5mphhw7x8qlzf4sv-ycsb-0.17.0/share/lib/core-0.17.0.jar:/nix/store/zw02np72fzsmga6s5mphhw7x8qlzf4sv-ycsb-0.17.0/share/lib/HdrHistogram-2.1.4.jar:/nix/store/zw02np72fzsmga6s5mphhw7x8qlzf4sv-ycsb-0.17.0/share/lib/htrace-core4-4.1.0-incubating.jar:/nix/store/zw02np72fzsmga6s5mphhw7x8qlzf4sv-ycsb-0.17.0/share/lib/jackson-core-asl-1.9.4.jar:/nix/store/zw02np72fzsmga6s5mphhw7x8qlzf4sv-ycsb-0.17.0/share/lib/jackson-mapper-asl-1.9.4.jar:/nix/store/zw02np72fzsmga6s5mphhw7x8qlzf4sv-ycsb-0.17.0/share/redis-binding/lib/commons-pool2-2.4.2.jar:/nix/store/zw02np72fzsmga6s5mphhw7x8qlzf4sv-ycsb-0.17.0/share/redis-binding/lib/jedis-2.9.0.jar:/nix/store/zw02np72fzsmga6s5mphhw7x8qlzf4sv-ycsb-0.17.0/share/redis-binding/lib/redis-binding-0.17.0.jar site.ycsb.Client -t -db site.ycsb.db.RedisClient -s -P /home/host/vmuxIO/test/moonprogs//../../ycsb/share/workloads/workloada -p redis.host=10.1.0.2 -p redis.port=6379 -p operationcount=429496729 -p maxexecutiontime=61 -threads 1
Command line: -t -db site.ycsb.db.RedisClient -s -P /home/host/vmuxIO/test/moonprogs//../../ycsb/share/workloads/workloada -p redis.host=10.1.0.2 -p redis.port=6379 -p operationcount=429496729 -p maxexecutiontime=61 -threads 1
YCSB Client 0.17.0

Loading workload...
Starting test.
Maximum execution time specified as: 61 secs
DBWrapper: report latency for each error is false and specific error codes to track for latency are: []
2024-10-03 02:46:00:435 0 sec: 0 operations; est completion in 0 second 
2024-10-03 02:46:10:278 10 sec: 35333 operations; 3532.95 current ops/sec; est completion in 1 day 9 hours [READ: Count=17629, Max=47199, Min=110, Avg=272.73, 90=307, 99=384, 99.9=3019, 99.99=7643] [UPDATE: Count=17708, Max=8223, Min=108, Avg=272.39, 90=306, 99=416, 99.9=3415, 99.99=5039] 
2024-10-03 02:46:20:278 20 sec: 75446 operations; 4011.3 current ops/sec; est completion in 1 day 7 hours [READ: Count=20127, Max=9199, Min=108, Avg=246.1, 90=296, 99=320, 99.9=406, 99.99=1944] [UPDATE: Count=19982, Max=3039, Min=107, Avg=245.53, 90=295, 99=320, 99.9=423, 99.99=2929] 
2024-10-03 02:46:30:279 30 sec: 117392 operations; 4194.6 current ops/sec; est completion in 1 day 6 hours [READ: Count=20966, Max=11119, Min=105, Avg=236.42, 90=294, 99=354, 99.9=604, 99.99=2219] [UPDATE: Count=20980, Max=3905, Min=104, Avg=235.6, 90=293, 99=364, 99.9=554, 99.99=1413] 
2024-10-03 02:46:40:278 40 sec: 157426 operations; 4003.8 current ops/sec; est completion in 1 day 6 hours [READ: Count=19896, Max=943, Min=105, Avg=247.41, 90=297, 99=379, 99.9=597, 99.99=814] [UPDATE: Count=20138, Max=9983, Min=108, Avg=247.36, 90=297, 99=390, 99.9=598, 99.99=1777] 
2024-10-03 02:46:50:278 50 sec: 198026 operations; 4060 current ops/sec; est completion in 1 day 6 hours [READ: Count=20359, Max=4479, Min=108, Avg=245.08, 90=297, 99=322, 99.9=382, 99.99=3091] [UPDATE: Count=20241, Max=979, Min=108, Avg=243.28, 90=296, 99=319, 99.9=381, 99.99=846] 
2024-10-03 02:47:00:278 60 sec: 239194 operations; 4116.8 current ops/sec; est completion in 1 day 5 hours [READ: Count=20648, Max=3085, Min=108, Avg=241.14, 90=294, 99=316, 99.9=380, 99.99=810] [UPDATE: Count=20520, Max=4639, Min=108, Avg=240.51, 90=292, 99=314, 99.9=368, 99.99=795] 
Maximum time elapsed. Requesting stop for the workload.
Stop requested for workload. Now Joining!
2024-10-03 02:47:01:292 61 sec: 243017 operations; 3770.22 current ops/sec; est completion in 1 day 5 hours [READ: Count=1840, Max=797, Min=120, Avg=260.23, 90=324, 99=451, 99.9=654, 99.99=797] [CLEANUP: Count=1, Max=1474, Min=1474, Avg=1474, 90=1474, 99=1474, 99.9=1474, 99.99=1474] [UPDATE: Count=1983, Max=3197, Min=118, Avg=261.96, 90=322, 99=453, 99.9=589, 99.99=3197] 
[OVERALL], RunTime(ms), 61021
[OVERALL], Throughput(ops/sec), 3982.514216417299
[TOTAL_GCS_Copy], Count, 22
[TOTAL_GC_TIME_Copy], Time(ms), 17
[TOTAL_GC_TIME_%_Copy], Time(%), 0.027859261565690498
[TOTAL_GCS_MarkSweepCompact], Count, 0
[TOTAL_GC_TIME_MarkSweepCompact], Time(ms), 0
[TOTAL_GC_TIME_%_MarkSweepCompact], Time(%), 0.0
[TOTAL_GCs], Count, 22
[TOTAL_GC_TIME], Time(ms), 17
[TOTAL_GC_TIME_%], Time(%), 0.027859261565690498
[READ], Operations, 121465
[READ], AverageLatency(us), 247.7078170666447
[READ], MinLatency(us), 105
[READ], MaxLatency(us), 47199
[READ], 95thPercentileLatency(us), 307
[READ], 99thPercentileLatency(us), 341
[READ], Return=OK, 121465
[CLEANUP], Operations, 1
[CLEANUP], AverageLatency(us), 1474.0
[CLEANUP], MinLatency(us), 1474
[CLEANUP], MaxLatency(us), 1474
[CLEANUP], 95thPercentileLatency(us), 1474
[CLEANUP], 99thPercentileLatency(us), 1474
[UPDATE], Operations, 121552
[UPDATE], AverageLatency(us), 247.07952152165328
[UPDATE], MinLatency(us), 104
[UPDATE], MaxLatency(us), 9983
[UPDATE], 95thPercentileLatency(us), 305
[UPDATE], 99thPercentileLatency(us), 344
[UPDATE], Return=OK, 121552
AUTOTEST_DONE
