/nix/store/2vwkssqpzykk37r996cafq7x63imf4sp-openjdk-21+35/bin/java  -classpath /nix/store/zw02np72fzsmga6s5mphhw7x8qlzf4sv-ycsb-0.17.0/share/conf:/nix/store/zw02np72fzsmga6s5mphhw7x8qlzf4sv-ycsb-0.17.0/share/lib/core-0.17.0.jar:/nix/store/zw02np72fzsmga6s5mphhw7x8qlzf4sv-ycsb-0.17.0/share/lib/HdrHistogram-2.1.4.jar:/nix/store/zw02np72fzsmga6s5mphhw7x8qlzf4sv-ycsb-0.17.0/share/lib/htrace-core4-4.1.0-incubating.jar:/nix/store/zw02np72fzsmga6s5mphhw7x8qlzf4sv-ycsb-0.17.0/share/lib/jackson-core-asl-1.9.4.jar:/nix/store/zw02np72fzsmga6s5mphhw7x8qlzf4sv-ycsb-0.17.0/share/lib/jackson-mapper-asl-1.9.4.jar:/nix/store/zw02np72fzsmga6s5mphhw7x8qlzf4sv-ycsb-0.17.0/share/redis-binding/lib/commons-pool2-2.4.2.jar:/nix/store/zw02np72fzsmga6s5mphhw7x8qlzf4sv-ycsb-0.17.0/share/redis-binding/lib/jedis-2.9.0.jar:/nix/store/zw02np72fzsmga6s5mphhw7x8qlzf4sv-ycsb-0.17.0/share/redis-binding/lib/redis-binding-0.17.0.jar site.ycsb.Client -t -db site.ycsb.db.RedisClient -s -P /home/host/vmuxIO/test/moonprogs//../../ycsb/share/workloads/workloada -p redis.host=10.1.0.2 -p redis.port=6383 -p operationcount=429496729 -p maxexecutiontime=61 -threads 1
Command line: -t -db site.ycsb.db.RedisClient -s -P /home/host/vmuxIO/test/moonprogs//../../ycsb/share/workloads/workloada -p redis.host=10.1.0.2 -p redis.port=6383 -p operationcount=429496729 -p maxexecutiontime=61 -threads 1
YCSB Client 0.17.0

Loading workload...
Starting test.
Maximum execution time specified as: 61 secs
2025-02-01 19:01:26:971 0 sec: 0 operations; est completion in 0 second 
DBWrapper: report latency for each error is false and specific error codes to track for latency are: []
2025-02-01 19:01:36:853 10 sec: 4279 operations; 427.9 current ops/sec; est completion in 11 days 14 hours [READ: Count=2112, Max=56991, Min=399, Avg=2277.75, 90=3749, 99=6211, 99.9=11567, 99.99=56991] [UPDATE: Count=2170, Max=9823, Min=322, Avg=2266.58, 90=3753, 99=6319, 99.9=8479, 99.99=9823] 
2025-02-01 19:01:46:853 20 sec: 9150 operations; 487.1 current ops/sec; est completion in 10 days 20 hours [READ: Count=2451, Max=11495, Min=234, Avg=2049.97, 90=3337, 99=6139, 99.9=8375, 99.99=11495] [UPDATE: Count=2418, Max=10751, Min=327, Avg=2036.45, 90=3293, 99=5655, 99.9=8359, 99.99=10751] 
2025-02-01 19:01:56:853 30 sec: 14969 operations; 581.9 current ops/sec; est completion in 9 days 23 hours [READ: Count=2887, Max=8935, Min=307, Avg=1723.09, 90=2561, 99=4085, 99.9=6019, 99.99=8935] [UPDATE: Count=2931, Max=6363, Min=291, Avg=1703.97, 90=2523, 99=3791, 99.9=5507, 99.99=6363] 
2025-02-01 19:02:06:853 40 sec: 20526 operations; 555.7 current ops/sec; est completion in 9 days 16 hours [READ: Count=2777, Max=9975, Min=311, Avg=1797.02, 90=2719, 99=4199, 99.9=5915, 99.99=9975] [UPDATE: Count=2781, Max=6567, Min=243, Avg=1791.48, 90=2655, 99=3995, 99.9=6067, 99.99=6567] 
2025-02-01 19:02:16:853 50 sec: 26261 operations; 573.5 current ops/sec; est completion in 9 days 11 hours [READ: Count=2842, Max=8903, Min=260, Avg=1753.65, 90=2617, 99=4267, 99.9=5835, 99.99=8903] [UPDATE: Count=2893, Max=6591, Min=240, Avg=1723.3, 90=2615, 99=4047, 99.9=6003, 99.99=6591] 
2025-02-01 19:02:26:853 60 sec: 36875 operations; 1061.4 current ops/sec; est completion in 8 days 2 hours [READ: Count=5250, Max=7643, Min=216, Avg=946.89, 90=1516, 99=2503, 99.9=4587, 99.99=5819] [UPDATE: Count=5364, Max=4995, Min=241, Avg=928.72, 90=1490, 99=2463, 99.9=4379, 99.99=4919] 
Maximum time elapsed. Requesting stop for the workload.
Stop requested for workload. Now Joining!
2025-02-01 19:02:27:856 61 sec: 38629 operations; 1748.75 current ops/sec; est completion in 7 days 20 hours [READ: Count=898, Max=4159, Min=216, Avg=564.17, 90=772, 99=1753, 99.9=4123, 99.99=4159] [CLEANUP: Count=1, Max=1357, Min=1357, Avg=1357, 90=1357, 99=1357, 99.9=1357, 99.99=1357] [UPDATE: Count=855, Max=3649, Min=189, Avg=567.92, 90=788, 99=1950, 99.9=3603, 99.99=3649] 
[OVERALL], RunTime(ms), 61004
[OVERALL], Throughput(ops/sec), 633.2207724083667
[TOTAL_GCS_G1_Young_Generation], Count, 3
[TOTAL_GC_TIME_G1_Young_Generation], Time(ms), 26
[TOTAL_GC_TIME_%_G1_Young_Generation], Time(%), 0.042620156055340634
[TOTAL_GCS_G1_Concurrent_GC], Count, 0
[TOTAL_GC_TIME_G1_Concurrent_GC], Time(ms), 0
[TOTAL_GC_TIME_%_G1_Concurrent_GC], Time(%), 0.0
[TOTAL_GCS_G1_Old_Generation], Count, 0
[TOTAL_GC_TIME_G1_Old_Generation], Time(ms), 0
[TOTAL_GC_TIME_%_G1_Old_Generation], Time(%), 0.0
[TOTAL_GCs], Count, 3
[TOTAL_GC_TIME], Time(ms), 26
[TOTAL_GC_TIME_%], Time(%), 0.042620156055340634
[READ], Operations, 19217
[READ], AverageLatency(us), 1574.7357027631783
[READ], MinLatency(us), 216
[READ], MaxLatency(us), 56991
[READ], 95thPercentileLatency(us), 3181
[READ], 99thPercentileLatency(us), 4843
[READ], Return=OK, 19217
[CLEANUP], Operations, 1
[CLEANUP], AverageLatency(us), 1357.0
[CLEANUP], MinLatency(us), 1357
[CLEANUP], MaxLatency(us), 1357
[CLEANUP], 95thPercentileLatency(us), 1357
[CLEANUP], 99thPercentileLatency(us), 1357
[UPDATE], Operations, 19412
[UPDATE], AverageLatency(us), 1559.4356583556562
[UPDATE], MinLatency(us), 189
[UPDATE], MaxLatency(us), 10751
[UPDATE], 95thPercentileLatency(us), 3153
[UPDATE], 99thPercentileLatency(us), 4751
[UPDATE], Return=OK, 19412
AUTOTEST_DONE
