/nix/store/2vwkssqpzykk37r996cafq7x63imf4sp-openjdk-21+35/bin/java  -classpath /nix/store/zw02np72fzsmga6s5mphhw7x8qlzf4sv-ycsb-0.17.0/share/conf:/nix/store/zw02np72fzsmga6s5mphhw7x8qlzf4sv-ycsb-0.17.0/share/lib/core-0.17.0.jar:/nix/store/zw02np72fzsmga6s5mphhw7x8qlzf4sv-ycsb-0.17.0/share/lib/HdrHistogram-2.1.4.jar:/nix/store/zw02np72fzsmga6s5mphhw7x8qlzf4sv-ycsb-0.17.0/share/lib/htrace-core4-4.1.0-incubating.jar:/nix/store/zw02np72fzsmga6s5mphhw7x8qlzf4sv-ycsb-0.17.0/share/lib/jackson-core-asl-1.9.4.jar:/nix/store/zw02np72fzsmga6s5mphhw7x8qlzf4sv-ycsb-0.17.0/share/lib/jackson-mapper-asl-1.9.4.jar:/nix/store/zw02np72fzsmga6s5mphhw7x8qlzf4sv-ycsb-0.17.0/share/redis-binding/lib/commons-pool2-2.4.2.jar:/nix/store/zw02np72fzsmga6s5mphhw7x8qlzf4sv-ycsb-0.17.0/share/redis-binding/lib/jedis-2.9.0.jar:/nix/store/zw02np72fzsmga6s5mphhw7x8qlzf4sv-ycsb-0.17.0/share/redis-binding/lib/redis-binding-0.17.0.jar site.ycsb.Client -t -db site.ycsb.db.RedisClient -s -P /home/host/vmuxIO/test/moonprogs//../../ycsb/share/workloads/workloada -p redis.host=10.1.0.2 -p redis.port=6382 -p operationcount=429496729 -p maxexecutiontime=61 -threads 1
Command line: -t -db site.ycsb.db.RedisClient -s -P /home/host/vmuxIO/test/moonprogs//../../ycsb/share/workloads/workloada -p redis.host=10.1.0.2 -p redis.port=6382 -p operationcount=429496729 -p maxexecutiontime=61 -threads 1
YCSB Client 0.17.0

Loading workload...
Starting test.
Maximum execution time specified as: 61 secs
DBWrapper: report latency for each error is false and specific error codes to track for latency are: []
2025-02-10 03:12:14:501 0 sec: 0 operations; est completion in 0 second 
2025-02-10 03:12:24:310 10 sec: 4937 operations; 493.65 current ops/sec; est completion in 10 days 1 hour [READ: Count=2441, Max=20495, Min=338, Avg=1969.62, 90=3901, 99=6223, 99.9=9311, 99.99=20495] [UPDATE: Count=2499, Max=31711, Min=297, Avg=1970.38, 90=3899, 99=6039, 99.9=11223, 99.99=31711] 
2025-02-10 03:12:34:310 20 sec: 10850 operations; 591.36 current ops/sec; est completion in 9 days 3 hours [READ: Count=2903, Max=11447, Min=421, Avg=1674.21, 90=2699, 99=5743, 99.9=8143, 99.99=11447] [UPDATE: Count=3008, Max=13807, Min=333, Avg=1678.77, 90=2779, 99=5623, 99.9=8027, 99.99=13807] 
2025-02-10 03:12:44:310 30 sec: 18412 operations; 756.12 current ops/sec; est completion in 8 days 2 hours [READ: Count=3843, Max=12527, Min=258, Avg=1320.42, 90=1948, 99=2939, 99.9=5823, 99.99=12527] [UPDATE: Count=3718, Max=8019, Min=301, Avg=1312.11, 90=1951, 99=2915, 99.9=5315, 99.99=8019] 
2025-02-10 03:12:54:310 40 sec: 25958 operations; 754.68 current ops/sec; est completion in 7 days 15 hours [READ: Count=3733, Max=10591, Min=236, Avg=1322.63, 90=1971, 99=2753, 99.9=5079, 99.99=10591] [UPDATE: Count=3813, Max=13159, Min=260, Avg=1317.49, 90=1941, 99=2945, 99.9=5243, 99.99=13159] 
2025-02-10 03:13:04:310 50 sec: 33394 operations; 743.53 current ops/sec; est completion in 7 days 10 hours [READ: Count=3754, Max=8919, Min=290, Avg=1344.38, 90=1951, 99=3073, 99.9=5715, 99.99=8919] [UPDATE: Count=3682, Max=8187, Min=276, Avg=1335.75, 90=1959, 99=2767, 99.9=5471, 99.99=8187] 
2025-02-10 03:13:14:310 60 sec: 45891 operations; 1249.7 current ops/sec; est completion in 6 days 11 hours [READ: Count=6274, Max=8703, Min=214, Avg=790.84, 90=1283, 99=2253, 99.9=4739, 99.99=5707] [UPDATE: Count=6223, Max=9911, Min=226, Avg=800.29, 90=1311, 99=2223, 99.9=4759, 99.99=5491] 
Maximum time elapsed. Requesting stop for the workload.
Stop requested for workload. Now Joining!
2025-02-10 03:13:15:320 61 sec: 48913 operations; 2992.08 current ops/sec; est completion in 6 days 4 hours [READ: Count=1513, Max=9311, Min=199, Avg=331.98, 90=416, 99=618, 99.9=3945, 99.99=9311] [CLEANUP: Count=1, Max=4123, Min=4120, Avg=4122, 90=4123, 99=4123, 99.9=4123, 99.99=4123] [UPDATE: Count=1509, Max=4591, Min=191, Avg=326.38, 90=410, 99=603, 99.9=4003, 99.99=4591] 
[OVERALL], RunTime(ms), 61016
[OVERALL], Throughput(ops/sec), 801.6421922118789
[TOTAL_GCS_Copy], Count, 5
[TOTAL_GC_TIME_Copy], Time(ms), 21
[TOTAL_GC_TIME_%_Copy], Time(%), 0.03441720204536515
[TOTAL_GCS_MarkSweepCompact], Count, 0
[TOTAL_GC_TIME_MarkSweepCompact], Time(ms), 0
[TOTAL_GC_TIME_%_MarkSweepCompact], Time(%), 0.0
[TOTAL_GCs], Count, 5
[TOTAL_GC_TIME], Time(ms), 21
[TOTAL_GC_TIME_%], Time(%), 0.03441720204536515
[READ], Operations, 24461
[READ], AverageLatency(us), 1234.2351498303422
[READ], MinLatency(us), 199
[READ], MaxLatency(us), 20495
[READ], 95thPercentileLatency(us), 2383
[READ], 99thPercentileLatency(us), 4891
[READ], Return=OK, 24461
[CLEANUP], Operations, 1
[CLEANUP], AverageLatency(us), 4122.0
[CLEANUP], MinLatency(us), 4120
[CLEANUP], MaxLatency(us), 4123
[CLEANUP], 95thPercentileLatency(us), 4123
[CLEANUP], 99thPercentileLatency(us), 4123
[UPDATE], Operations, 24452
[UPDATE], AverageLatency(us), 1237.7985849828235
[UPDATE], MinLatency(us), 191
[UPDATE], MaxLatency(us), 31711
[UPDATE], 95thPercentileLatency(us), 2397
[UPDATE], 99thPercentileLatency(us), 4855
[UPDATE], Return=OK, 24452
AUTOTEST_DONE
