/nix/store/2vwkssqpzykk37r996cafq7x63imf4sp-openjdk-21+35/bin/java  -classpath /nix/store/zw02np72fzsmga6s5mphhw7x8qlzf4sv-ycsb-0.17.0/share/conf:/nix/store/zw02np72fzsmga6s5mphhw7x8qlzf4sv-ycsb-0.17.0/share/lib/core-0.17.0.jar:/nix/store/zw02np72fzsmga6s5mphhw7x8qlzf4sv-ycsb-0.17.0/share/lib/HdrHistogram-2.1.4.jar:/nix/store/zw02np72fzsmga6s5mphhw7x8qlzf4sv-ycsb-0.17.0/share/lib/htrace-core4-4.1.0-incubating.jar:/nix/store/zw02np72fzsmga6s5mphhw7x8qlzf4sv-ycsb-0.17.0/share/lib/jackson-core-asl-1.9.4.jar:/nix/store/zw02np72fzsmga6s5mphhw7x8qlzf4sv-ycsb-0.17.0/share/lib/jackson-mapper-asl-1.9.4.jar:/nix/store/zw02np72fzsmga6s5mphhw7x8qlzf4sv-ycsb-0.17.0/share/redis-binding/lib/commons-pool2-2.4.2.jar:/nix/store/zw02np72fzsmga6s5mphhw7x8qlzf4sv-ycsb-0.17.0/share/redis-binding/lib/jedis-2.9.0.jar:/nix/store/zw02np72fzsmga6s5mphhw7x8qlzf4sv-ycsb-0.17.0/share/redis-binding/lib/redis-binding-0.17.0.jar site.ycsb.Client -t -db site.ycsb.db.RedisClient -s -P /home/host/vmuxIO/test/moonprogs//../../ycsb/share/workloads/workloada -p redis.host=10.1.0.2 -p redis.port=6387 -p operationcount=429496729 -p maxexecutiontime=61 -threads 1
Command line: -t -db site.ycsb.db.RedisClient -s -P /home/host/vmuxIO/test/moonprogs//../../ycsb/share/workloads/workloada -p redis.host=10.1.0.2 -p redis.port=6387 -p operationcount=429496729 -p maxexecutiontime=61 -threads 1
YCSB Client 0.17.0

Loading workload...
Starting test.
Maximum execution time specified as: 61 secs
DBWrapper: report latency for each error is false and specific error codes to track for latency are: []
2025-02-05 02:52:51:771 0 sec: 0 operations; est completion in 0 second 
2025-02-05 02:53:01:618 10 sec: 6745 operations; 674.37 current ops/sec; est completion in 7 days 8 hours [READ: Count=3322, Max=48959, Min=266, Avg=1432.55, 90=2705, 99=5411, 99.9=8511, 99.99=48959] [UPDATE: Count=3429, Max=11247, Min=256, Avg=1450.72, 90=2915, 99=5371, 99.9=8679, 99.99=11247] 
2025-02-05 02:53:11:617 20 sec: 11787 operations; 504.25 current ops/sec; est completion in 8 days 10 hours [READ: Count=2559, Max=9919, Min=342, Avg=1959.26, 90=3795, 99=6011, 99.9=8079, 99.99=9919] [UPDATE: Count=2477, Max=8943, Min=292, Avg=1977.7, 90=3831, 99=5799, 99.9=7327, 99.99=8943] 
2025-02-05 02:53:21:617 30 sec: 17450 operations; 566.3 current ops/sec; est completion in 8 days 13 hours [READ: Count=2856, Max=9583, Min=361, Avg=1776.85, 90=2651, 99=5275, 99.9=6827, 99.99=9583] [UPDATE: Count=2807, Max=8231, Min=394, Avg=1739.82, 90=2579, 99=5319, 99.9=6747, 99.99=8231] 
2025-02-05 02:53:31:617 40 sec: 24425 operations; 697.57 current ops/sec; est completion in 8 days 3 hours [READ: Count=3426, Max=6507, Min=326, Avg=1419.4, 90=2061, 99=2701, 99.9=5063, 99.99=6507] [UPDATE: Count=3549, Max=8399, Min=263, Avg=1438.09, 90=2107, 99=2923, 99.9=5631, 99.99=8399] 
2025-02-05 02:53:41:617 50 sec: 31269 operations; 684.33 current ops/sec; est completion in 7 days 22 hours [READ: Count=3451, Max=6275, Min=258, Avg=1446.64, 90=2135, 99=2953, 99.9=5059, 99.99=6275] [UPDATE: Count=3393, Max=8991, Min=271, Avg=1464.32, 90=2101, 99=3141, 99.9=7119, 99.99=8991] 
2025-02-05 02:53:51:619 60 sec: 38111 operations; 684.2 current ops/sec; est completion in 7 days 19 hours [READ: Count=3466, Max=5979, Min=262, Avg=1460, 90=2145, 99=2991, 99.9=5375, 99.99=5979] [UPDATE: Count=3376, Max=9847, Min=305, Avg=1453.09, 90=2119, 99=2895, 99.9=5219, 99.99=9847] 
Maximum time elapsed. Requesting stop for the workload.
Stop requested for workload. Now Joining!
2025-02-05 02:53:52:628 61 sec: 38851 operations; 732.67 current ops/sec; est completion in 7 days 19 hours [READ: Count=383, Max=5879, Min=522, Avg=1300.55, 90=1792, 99=2885, 99.9=5879, 99.99=5879] [CLEANUP: Count=1, Max=4511, Min=4508, Avg=4510, 90=4511, 99=4511, 99.9=4511, 99.99=4511] [UPDATE: Count=357, Max=15031, Min=475, Avg=1409.47, 90=1911, 99=4567, 99.9=15031, 99.99=15031] 
[OVERALL], RunTime(ms), 61016
[OVERALL], Throughput(ops/sec), 636.7346269830864
[TOTAL_GCS_Copy], Count, 4
[TOTAL_GC_TIME_Copy], Time(ms), 18
[TOTAL_GC_TIME_%_Copy], Time(%), 0.029500458896027273
[TOTAL_GCS_MarkSweepCompact], Count, 0
[TOTAL_GC_TIME_MarkSweepCompact], Time(ms), 0
[TOTAL_GC_TIME_%_MarkSweepCompact], Time(%), 0.0
[TOTAL_GCs], Count, 4
[TOTAL_GC_TIME], Time(ms), 18
[TOTAL_GC_TIME_%], Time(%), 0.029500458896027273
[READ], Operations, 19463
[READ], AverageLatency(us), 1554.797770127935
[READ], MinLatency(us), 258
[READ], MaxLatency(us), 48959
[READ], 95thPercentileLatency(us), 2931
[READ], 99thPercentileLatency(us), 5147
[READ], Return=OK, 19463
[CLEANUP], Operations, 1
[CLEANUP], AverageLatency(us), 4510.0
[CLEANUP], MinLatency(us), 4508
[CLEANUP], MaxLatency(us), 4511
[CLEANUP], 95thPercentileLatency(us), 4511
[CLEANUP], 99thPercentileLatency(us), 4511
[UPDATE], Operations, 19388
[UPDATE], AverageLatency(us), 1559.6244068495978
[UPDATE], MinLatency(us), 256
[UPDATE], MaxLatency(us), 15031
[UPDATE], 95thPercentileLatency(us), 3037
[UPDATE], 99thPercentileLatency(us), 5135
[UPDATE], Return=OK, 19388
AUTOTEST_DONE
