/nix/store/2vwkssqpzykk37r996cafq7x63imf4sp-openjdk-21+35/bin/java  -classpath /nix/store/zw02np72fzsmga6s5mphhw7x8qlzf4sv-ycsb-0.17.0/share/conf:/nix/store/zw02np72fzsmga6s5mphhw7x8qlzf4sv-ycsb-0.17.0/share/lib/core-0.17.0.jar:/nix/store/zw02np72fzsmga6s5mphhw7x8qlzf4sv-ycsb-0.17.0/share/lib/HdrHistogram-2.1.4.jar:/nix/store/zw02np72fzsmga6s5mphhw7x8qlzf4sv-ycsb-0.17.0/share/lib/htrace-core4-4.1.0-incubating.jar:/nix/store/zw02np72fzsmga6s5mphhw7x8qlzf4sv-ycsb-0.17.0/share/lib/jackson-core-asl-1.9.4.jar:/nix/store/zw02np72fzsmga6s5mphhw7x8qlzf4sv-ycsb-0.17.0/share/lib/jackson-mapper-asl-1.9.4.jar:/nix/store/zw02np72fzsmga6s5mphhw7x8qlzf4sv-ycsb-0.17.0/share/redis-binding/lib/commons-pool2-2.4.2.jar:/nix/store/zw02np72fzsmga6s5mphhw7x8qlzf4sv-ycsb-0.17.0/share/redis-binding/lib/jedis-2.9.0.jar:/nix/store/zw02np72fzsmga6s5mphhw7x8qlzf4sv-ycsb-0.17.0/share/redis-binding/lib/redis-binding-0.17.0.jar site.ycsb.Client -t -db site.ycsb.db.RedisClient -s -P /home/host/vmuxIO/test/moonprogs//../../ycsb/share/workloads/workloada -p redis.host=10.1.0.2 -p redis.port=6390 -p operationcount=429496729 -p maxexecutiontime=61 -threads 1
Command line: -t -db site.ycsb.db.RedisClient -s -P /home/host/vmuxIO/test/moonprogs//../../ycsb/share/workloads/workloada -p redis.host=10.1.0.2 -p redis.port=6390 -p operationcount=429496729 -p maxexecutiontime=61 -threads 1
YCSB Client 0.17.0

Loading workload...
Starting test.
Maximum execution time specified as: 61 secs
DBWrapper: report latency for each error is false and specific error codes to track for latency are: []
2024-10-15 12:41:41:642 0 sec: 0 operations; est completion in 0 second 
2024-10-15 12:41:51:481 10 sec: 70206 operations; 7019.9 current ops/sec; est completion in 16 hours 59 minutes [READ: Count=35153, Max=47039, Min=94, Avg=138.7, 90=152, 99=219, 99.9=844, 99.99=5103] [UPDATE: Count=35061, Max=10111, Min=86, Avg=134.32, 90=150, 99=220, 99.9=1008, 99.99=4081] 
2024-10-15 12:42:01:481 20 sec: 151190 operations; 8098.4 current ops/sec; est completion in 15 hours 46 minutes [READ: Count=40458, Max=588, Min=94, Avg=123.57, 90=134, 99=150, 99.9=207, 99.99=512] [UPDATE: Count=40518, Max=1287, Min=90, Avg=119.98, 90=131, 99=146, 99.9=200, 99.99=463] 
2024-10-15 12:42:11:481 30 sec: 230147 operations; 7895.7 current ops/sec; est completion in 15 hours 32 minutes [READ: Count=39604, Max=557, Min=98, Avg=127.05, 90=138, 99=152, 99.9=190, 99.99=464] [UPDATE: Count=39353, Max=5071, Min=96, Avg=123.55, 90=134, 99=149, 99.9=189, 99.99=539] 
2024-10-15 12:42:21:481 40 sec: 312869 operations; 8272.2 current ops/sec; est completion in 15 hours 14 minutes [READ: Count=41351, Max=596, Min=87, Avg=121.27, 90=134, 99=155, 99.9=201, 99.99=385] [UPDATE: Count=41371, Max=3511, Min=84, Avg=117.74, 90=130, 99=152, 99.9=195, 99.99=367] 
2024-10-15 12:42:31:481 50 sec: 397545 operations; 8467.6 current ops/sec; est completion in 14 hours 59 minutes [READ: Count=42502, Max=4123, Min=93, Avg=118.75, 90=131, 99=148, 99.9=182, 99.99=420] [UPDATE: Count=42174, Max=453, Min=88, Avg=114.74, 90=127, 99=144, 99.9=172, 99.99=294] 
2024-10-15 12:42:41:481 60 sec: 482949 operations; 8540.4 current ops/sec; est completion in 14 hours 48 minutes [READ: Count=42723, Max=2983, Min=92, Avg=117.49, 90=131, 99=157, 99.9=186, 99.99=356] [UPDATE: Count=42681, Max=5963, Min=88, Avg=113.99, 90=128, 99=153, 99.9=181, 99.99=383] 
Maximum time elapsed. Requesting stop for the workload.
Stop requested for workload. Now Joining!
2024-10-15 12:42:42:493 61 sec: 491405 operations; 8364 current ops/sec; est completion in 14 hours 47 minutes [READ: Count=4232, Max=373, Min=98, Avg=119.51, 90=130, 99=142, 99.9=176, 99.99=373] [CLEANUP: Count=1, Max=820, Min=820, Avg=820, 90=820, 99=820, 99.9=820, 99.99=820] [UPDATE: Count=4224, Max=2605, Min=97, Avg=116.77, 90=126, 99=138, 99.9=163, 99.99=2605] 
[OVERALL], RunTime(ms), 61020
[OVERALL], Throughput(ops/sec), 8053.179285480171
[TOTAL_GCS_Copy], Count, 45
[TOTAL_GC_TIME_Copy], Time(ms), 28
[TOTAL_GC_TIME_%_Copy], Time(%), 0.045886594559160936
[TOTAL_GCS_MarkSweepCompact], Count, 0
[TOTAL_GC_TIME_MarkSweepCompact], Time(ms), 0
[TOTAL_GC_TIME_%_MarkSweepCompact], Time(%), 0.0
[TOTAL_GCs], Count, 45
[TOTAL_GC_TIME], Time(ms), 28
[TOTAL_GC_TIME_%], Time(%), 0.045886594559160936
[READ], Operations, 246023
[READ], AverageLatency(us), 123.94902102648939
[READ], MinLatency(us), 87
[READ], MaxLatency(us), 47039
[READ], 95thPercentileLatency(us), 144
[READ], 99thPercentileLatency(us), 165
[READ], Return=OK, 246023
[CLEANUP], Operations, 1
[CLEANUP], AverageLatency(us), 820.0
[CLEANUP], MinLatency(us), 820
[CLEANUP], MaxLatency(us), 820
[CLEANUP], 95thPercentileLatency(us), 820
[CLEANUP], 99thPercentileLatency(us), 820
[UPDATE], Operations, 245382
[UPDATE], AverageLatency(us), 120.22864757806197
[UPDATE], MinLatency(us), 84
[UPDATE], MaxLatency(us), 10111
[UPDATE], 95thPercentileLatency(us), 141
[UPDATE], 99thPercentileLatency(us), 163
[UPDATE], Return=OK, 245382
AUTOTEST_DONE
