/nix/store/2vwkssqpzykk37r996cafq7x63imf4sp-openjdk-21+35/bin/java  -classpath /nix/store/zw02np72fzsmga6s5mphhw7x8qlzf4sv-ycsb-0.17.0/share/conf:/nix/store/zw02np72fzsmga6s5mphhw7x8qlzf4sv-ycsb-0.17.0/share/lib/core-0.17.0.jar:/nix/store/zw02np72fzsmga6s5mphhw7x8qlzf4sv-ycsb-0.17.0/share/lib/HdrHistogram-2.1.4.jar:/nix/store/zw02np72fzsmga6s5mphhw7x8qlzf4sv-ycsb-0.17.0/share/lib/htrace-core4-4.1.0-incubating.jar:/nix/store/zw02np72fzsmga6s5mphhw7x8qlzf4sv-ycsb-0.17.0/share/lib/jackson-core-asl-1.9.4.jar:/nix/store/zw02np72fzsmga6s5mphhw7x8qlzf4sv-ycsb-0.17.0/share/lib/jackson-mapper-asl-1.9.4.jar:/nix/store/zw02np72fzsmga6s5mphhw7x8qlzf4sv-ycsb-0.17.0/share/redis-binding/lib/commons-pool2-2.4.2.jar:/nix/store/zw02np72fzsmga6s5mphhw7x8qlzf4sv-ycsb-0.17.0/share/redis-binding/lib/jedis-2.9.0.jar:/nix/store/zw02np72fzsmga6s5mphhw7x8qlzf4sv-ycsb-0.17.0/share/redis-binding/lib/redis-binding-0.17.0.jar site.ycsb.Client -t -db site.ycsb.db.RedisClient -s -P /home/host/vmuxIO/test/moonprogs//../../ycsb/share/workloads/workloada -p redis.host=10.1.0.2 -p redis.port=6381 -p operationcount=429496729 -p maxexecutiontime=61 -threads 1
Command line: -t -db site.ycsb.db.RedisClient -s -P /home/host/vmuxIO/test/moonprogs//../../ycsb/share/workloads/workloada -p redis.host=10.1.0.2 -p redis.port=6381 -p operationcount=429496729 -p maxexecutiontime=61 -threads 1
YCSB Client 0.17.0

Loading workload...
Starting test.
Maximum execution time specified as: 61 secs
DBWrapper: report latency for each error is false and specific error codes to track for latency are: []
2024-10-15 12:41:41:303 0 sec: 0 operations; est completion in 0 second 
2024-10-15 12:41:51:044 10 sec: 77966 operations; 7796.6 current ops/sec; est completion in 15 hours 17 minutes [READ: Count=39058, Max=50943, Min=90, Avg=123.05, 90=134, 99=166, 99.9=575, 99.99=3761] [UPDATE: Count=38913, Max=9231, Min=87, Avg=120.87, 90=133, 99=169, 99.9=950, 99.99=3999] 
2024-10-15 12:42:01:044 20 sec: 165686 operations; 8772 current ops/sec; est completion in 14 hours 23 minutes [READ: Count=43629, Max=2163, Min=86, Avg=113.7, 90=126, 99=143, 99.9=178, 99.99=608] [UPDATE: Count=44086, Max=2435, Min=83, Avg=111.2, 90=123, 99=141, 99.9=173, 99.99=473] 
2024-10-15 12:42:11:044 30 sec: 254600 operations; 8891.4 current ops/sec; est completion in 14 hours 2 minutes [READ: Count=44555, Max=8495, Min=84, Avg=112.45, 90=125, 99=140, 99.9=175, 99.99=505] [UPDATE: Count=44359, Max=5063, Min=83, Avg=109.83, 90=123, 99=137, 99.9=173, 99.99=665] 
2024-10-15 12:42:21:044 40 sec: 337825 operations; 8322.5 current ops/sec; est completion in 14 hours 6 minutes [READ: Count=41630, Max=521, Min=90, Avg=119.7, 90=131, 99=148, 99.9=186, 99.99=402] [UPDATE: Count=41595, Max=7219, Min=86, Avg=117.4, 90=128, 99=146, 99.9=184, 99.99=571] 
2024-10-15 12:42:31:044 50 sec: 428525 operations; 9070 current ops/sec; est completion in 13 hours 54 minutes [READ: Count=44857, Max=3455, Min=85, Avg=110.07, 90=122, 99=135, 99.9=162, 99.99=394] [UPDATE: Count=45843, Max=876, Min=83, Avg=107.48, 90=119, 99=133, 99.9=153, 99.99=215] 
2024-10-15 12:42:41:044 60 sec: 522127 operations; 9360.2 current ops/sec; est completion in 13 hours 41 minutes [READ: Count=46795, Max=5863, Min=81, Avg=106.86, 90=119, 99=135, 99.9=162, 99.99=365] [UPDATE: Count=46807, Max=629, Min=81, Avg=104.1, 90=116, 99=131, 99.9=155, 99.99=273] 
Maximum time elapsed. Requesting stop for the workload.
Stop requested for workload. Now Joining!
2024-10-15 12:42:42:064 61 sec: 530960 operations; 8659.8 current ops/sec; est completion in 13 hours 41 minutes [READ: Count=4456, Max=682, Min=93, Avg=114.27, 90=125, 99=145, 99.9=351, 99.99=682] [CLEANUP: Count=1, Max=835, Min=835, Avg=835, 90=835, 99=835, 99.9=835, 99.99=835] [UPDATE: Count=4377, Max=6943, Min=93, Avg=113.03, 90=122, 99=139, 99.9=201, 99.99=6943] 
[OVERALL], RunTime(ms), 61024
[OVERALL], Throughput(ops/sec), 8700.839014158364
[TOTAL_GCS_Copy], Count, 49
[TOTAL_GC_TIME_Copy], Time(ms), 20
[TOTAL_GC_TIME_%_Copy], Time(%), 0.03277399056109072
[TOTAL_GCS_MarkSweepCompact], Count, 0
[TOTAL_GC_TIME_MarkSweepCompact], Time(ms), 0
[TOTAL_GC_TIME_%_MarkSweepCompact], Time(%), 0.0
[TOTAL_GCs], Count, 49
[TOTAL_GC_TIME], Time(ms), 20
[TOTAL_GC_TIME_%], Time(%), 0.03277399056109072
[READ], Operations, 264980
[READ], AverageLatency(us), 113.99652803985207
[READ], MinLatency(us), 81
[READ], MaxLatency(us), 50943
[READ], 95thPercentileLatency(us), 132
[READ], 99thPercentileLatency(us), 146
[READ], Return=OK, 264980
[CLEANUP], Operations, 1
[CLEANUP], AverageLatency(us), 835.0
[CLEANUP], MinLatency(us), 835
[CLEANUP], MaxLatency(us), 835
[CLEANUP], 95thPercentileLatency(us), 835
[CLEANUP], 99thPercentileLatency(us), 835
[UPDATE], Operations, 265980
[UPDATE], AverageLatency(us), 111.49543950672982
[UPDATE], MinLatency(us), 81
[UPDATE], MaxLatency(us), 9231
[UPDATE], 95thPercentileLatency(us), 130
[UPDATE], 99thPercentileLatency(us), 144
[UPDATE], Return=OK, 265980
AUTOTEST_DONE
