Running 1m test @ http://10.1.0.21:5000
  8 threads and 16 connections

  Thread calibration: mean lat.: 4.907ms, rate sampling interval: 20ms
  Thread calibration: mean lat.: 5.157ms, rate sampling interval: 19ms
  Thread calibration: mean lat.: 5.112ms, rate sampling interval: 21ms
  Thread calibration: mean lat.: 4.323ms, rate sampling interval: 16ms
  Thread calibration: mean lat.: 4.778ms, rate sampling interval: 19ms
  Thread calibration: mean lat.: 4.858ms, rate sampling interval: 18ms
  Thread calibration: mean lat.: 4.930ms, rate sampling interval: 20ms
  Thread calibration: mean lat.: 5.000ms, rate sampling interval: 19ms

-----------------------------------------------------------------------
Test Results @ http://10.1.0.21:5000 
  Thread Stats   Avg      Stdev     99%   +/- Stdev
    Latency     4.90ms    3.15ms  12.32ms   73.21%
    Req/Sec     3.98     14.52    58.00     92.75%
  Latency Distribution (HdrHistogram - Recorded Latency)
 50.000%    3.63ms
 75.000%    8.08ms
 90.000%    9.65ms
 99.000%   12.32ms
 99.900%   13.56ms
 99.990%   14.23ms
 99.999%   14.23ms
100.000%   14.23ms

  Detailed Percentile spectrum:
       Value   Percentile   TotalCount 1/(1-Percentile)

       1.028     0.000000            1         1.00
       2.005     0.100000          161         1.11
       2.169     0.200000          322         1.25
       2.357     0.300000          484         1.43
       3.109     0.400000          644         1.67
       3.627     0.500000          806         2.00
       3.773     0.550000          885         2.22
       3.935     0.600000          966         2.50
       4.195     0.650000         1047         2.86
       7.411     0.700000         1127         3.33
       8.079     0.750000         1208         4.00
       8.271     0.775000         1248         4.44
       8.559     0.800000         1289         5.00
       8.839     0.825000         1330         5.71
       9.087     0.850000         1368         6.67
       9.399     0.875000         1408         8.00
       9.559     0.887500         1430         8.89
       9.663     0.900000         1450        10.00
       9.911     0.912500         1469        11.43
      10.191     0.925000         1489        13.33
      10.439     0.937500         1509        16.00
      10.599     0.943750         1519        17.78
      10.759     0.950000         1529        20.00
      10.871     0.956250         1539        22.86
      10.991     0.962500         1549        26.67
      11.167     0.968750         1561        32.00
      11.175     0.971875         1564        35.56
      11.335     0.975000         1570        40.00
      11.431     0.978125         1574        45.71
      11.783     0.981250         1579        53.33
      11.927     0.984375         1584        64.00
      11.991     0.985938         1587        71.11
      12.079     0.987500         1589        80.00
      12.247     0.989062         1592        91.43
      12.335     0.990625         1594       106.67
      12.479     0.992188         1597       128.00
      12.879     0.992969         1598       142.22
      12.903     0.993750         1599       160.00
      13.007     0.994531         1601       182.86
      13.063     0.995313         1602       213.33
      13.071     0.996094         1603       256.00
      13.119     0.996484         1604       284.44
      13.119     0.996875         1604       320.00
      13.223     0.997266         1605       365.71
      13.271     0.997656         1606       426.67
      13.271     0.998047         1606       512.00
      13.559     0.998242         1607       568.89
      13.559     0.998437         1607       640.00
      13.559     0.998633         1607       731.43
      13.783     0.998828         1608       853.33
      13.783     0.999023         1608      1024.00
      13.783     0.999121         1608      1137.78
      13.783     0.999219         1608      1280.00
      13.783     0.999316         1608      1462.86
      14.231     0.999414         1609      1706.67
      14.231     1.000000         1609          inf
#[Mean    =        4.898, StdDeviation   =        3.151]
#[Max     =       14.224, Total count    =         1609]
#[Buckets =           27, SubBuckets     =         2048]
-----------------------------------------------------------------------
  1964 requests in 1.02m, 3.12MB read
  Socket errors: connect 0, read 0, write 0, timeout 11
Requests/sec:     31.94  
Transfer/sec:     51.89KB
AUTOTEST_DONE
