Running 1m test @ http://10.1.0.21:5000
  8 threads and 16 connections

  Thread calibration: mean lat.: 7.964ms, rate sampling interval: 33ms
  Thread calibration: mean lat.: 9.776ms, rate sampling interval: 38ms
  Thread calibration: mean lat.: 8.519ms, rate sampling interval: 31ms
  Thread calibration: mean lat.: 8.222ms, rate sampling interval: 29ms
  Thread calibration: mean lat.: 9.509ms, rate sampling interval: 34ms
  Thread calibration: mean lat.: 10.320ms, rate sampling interval: 35ms
  Thread calibration: mean lat.: 11.621ms, rate sampling interval: 38ms
  Thread calibration: mean lat.: 10.429ms, rate sampling interval: 42ms

-----------------------------------------------------------------------
Test Results @ http://10.1.0.21:5000 
  Thread Stats   Avg      Stdev     99%   +/- Stdev
    Latency     7.82ms    4.89ms  19.97ms   71.89%
    Req/Sec     2.05      7.66    33.00     93.06%
  Latency Distribution (HdrHistogram - Recorded Latency)
 50.000%    5.89ms
 75.000%   12.69ms
 90.000%   15.48ms
 99.000%   19.97ms
 99.900%   21.53ms
 99.990%   23.07ms
 99.999%   23.07ms
100.000%   23.07ms

  Detailed Percentile spectrum:
       Value   Percentile   TotalCount 1/(1-Percentile)

       1.743     0.000000            1         1.00
       3.579     0.100000           85         1.11
       3.891     0.200000          169         1.25
       4.219     0.300000          254         1.43
       4.935     0.400000          338         1.67
       5.891     0.500000          422         2.00
       6.227     0.550000          466         2.22
       6.491     0.600000          506         2.50
       6.787     0.650000          548         2.86
       7.543     0.700000          591         3.33
      12.823     0.750000          633         4.00
      13.375     0.775000          654         4.44
      13.719     0.800000          675         5.00
      14.055     0.825000          696         5.71
      14.487     0.850000          717         6.67
      15.063     0.875000          739         8.00
      15.207     0.887500          749         8.89
      15.479     0.900000          759        10.00
      15.967     0.912500          770        11.43
      16.495     0.925000          780        13.33
      16.783     0.937500          792        16.00
      16.927     0.943750          796        17.78
      17.135     0.950000          801        20.00
      17.471     0.956250          807        22.86
      17.583     0.962500          812        26.67
      17.839     0.968750          817        32.00
      18.463     0.971875          820        35.56
      18.543     0.975000          822        40.00
      18.735     0.978125          825        45.71
      19.247     0.981250          828        53.33
      19.551     0.984375          830        64.00
      19.775     0.985938          832        71.11
      19.791     0.987500          833        80.00
      19.935     0.989062          834        91.43
      20.015     0.990625          837       106.67
      20.015     0.992188          837       128.00
      20.799     0.992969          839       142.22
      20.799     0.993750          839       160.00
      20.799     0.994531          839       182.86
      21.103     0.995313          840       213.33
      21.103     0.996094          840       256.00
      21.215     0.996484          841       284.44
      21.215     0.996875          841       320.00
      21.215     0.997266          841       365.71
      21.535     0.997656          842       426.67
      21.535     0.998047          842       512.00
      21.535     0.998242          842       568.89
      21.535     0.998437          842       640.00
      21.535     0.998633          842       731.43
      23.071     0.998828          843       853.33
      23.071     1.000000          843          inf
#[Mean    =        7.816, StdDeviation   =        4.893]
#[Max     =       23.056, Total count    =          843]
#[Buckets =           27, SubBuckets     =         2048]
-----------------------------------------------------------------------
  1020 requests in 1.03m, 1.65MB read
  Socket errors: connect 0, read 0, write 0, timeout 50
Requests/sec:     16.48  
Transfer/sec:     27.22KB
AUTOTEST_DONE
