Running 1m test @ http://10.1.0.42:8080/wrk2-api/review/compose
  8 threads and 16 connections

  Thread calibration: mean lat.: 3610.519ms, rate sampling interval: 13180ms
  Thread calibration: mean lat.: 3692.950ms, rate sampling interval: 13369ms
  Thread calibration: mean lat.: 3582.703ms, rate sampling interval: 12746ms
  Thread calibration: mean lat.: 3559.152ms, rate sampling interval: 12623ms
  Thread calibration: mean lat.: 3634.447ms, rate sampling interval: 13156ms
  Thread calibration: mean lat.: 3447.905ms, rate sampling interval: 12673ms
  Thread calibration: mean lat.: 3570.754ms, rate sampling interval: 12722ms
  Thread calibration: mean lat.: 3612.312ms, rate sampling interval: 12795ms

-----------------------------------------------------------------------
Test Results @ http://10.1.0.42:8080/wrk2-api/review/compose 
  Thread Stats   Avg      Stdev     99%   +/- Stdev
    Latency    25.34s    10.22s   43.68s    60.01%
    Req/Sec    35.57      1.70    38.00    100.00%
  Latency Distribution (HdrHistogram - Recorded Latency)
 50.000%   25.84s 
 75.000%   33.46s 
 90.000%   39.45s 
 99.000%   43.68s 
 99.900%   44.53s 
 99.990%   45.19s 
 99.999%   45.22s 
100.000%   45.22s 

  Detailed Percentile spectrum:
       Value   Percentile   TotalCount 1/(1-Percentile)

    6774.783     0.000000            1         1.00
   10665.983     0.100000         1462         1.11
   14671.871     0.200000         2924         1.25
   18792.447     0.300000         4386         1.43
   22675.455     0.400000         5851         1.67
   25837.567     0.500000         7307         2.00
   27312.127     0.550000         8037         2.22
   28803.071     0.600000         8768         2.50
   30310.399     0.650000         9500         2.86
   31866.879     0.700000        10229         3.33
   33456.127     0.750000        10964         4.00
   34340.863     0.775000        11338         4.44
   35160.063     0.800000        11696         5.00
   36143.103     0.825000        12066         5.71
   37093.375     0.850000        12421         6.67
   38273.023     0.875000        12789         8.00
   38895.615     0.887500        12970         8.89
   39452.671     0.900000        13158        10.00
   39976.959     0.912500        13332        11.43
   40566.783     0.925000        13522        13.33
   41156.607     0.937500        13705        16.00
   41484.287     0.943750        13800        17.78
   41746.431     0.950000        13881        20.00
   42074.111     0.956250        13982        22.86
   42336.255     0.962500        14066        26.67
   42663.935     0.968750        14160        32.00
   42795.007     0.971875        14205        35.56
   42926.079     0.975000        14251        40.00
   43057.151     0.978125        14294        45.71
   43188.223     0.981250        14337        53.33
   43352.063     0.984375        14385        64.00
   43450.367     0.985938        14411        71.11
   43548.671     0.987500        14437        80.00
   43614.207     0.989062        14452        91.43
   43712.511     0.990625        14476       106.67
   43843.583     0.992188        14501       128.00
   43876.351     0.992969        14509       142.22
   43941.887     0.993750        14524       160.00
   44007.423     0.994531        14534       182.86
   44040.191     0.995313        14543       213.33
   44105.727     0.996094        14553       256.00
   44171.263     0.996484        14559       284.44
   44204.031     0.996875        14568       320.00
   44269.567     0.997266        14574       365.71
   44302.335     0.997656        14578       426.67
   44367.871     0.998047        14583       512.00
   44400.639     0.998242        14587       568.89
   44433.407     0.998437        14589       640.00
   44466.175     0.998633        14592       731.43
   44498.943     0.998828        14593       853.33
   44564.479     0.999023        14597      1024.00
   44597.247     0.999121        14598      1137.78
   44630.015     0.999219        14599      1280.00
   44761.087     0.999316        14601      1462.86
   44826.623     0.999414        14602      1706.67
   44892.159     0.999512        14603      2048.00
   44957.695     0.999561        14604      2275.56
   45023.231     0.999609        14605      2560.00
   45055.999     0.999658        14607      2925.71
   45055.999     0.999707        14607      3413.33
   45055.999     0.999756        14607      4096.00
   45055.999     0.999780        14607      4551.11
   45154.303     0.999805        14608      5120.00
   45154.303     0.999829        14608      5851.43
   45154.303     0.999854        14608      6826.67
   45187.071     0.999878        14609      8192.00
   45187.071     0.999890        14609      9102.22
   45187.071     0.999902        14609     10240.00
   45187.071     0.999915        14609     11702.86
   45187.071     0.999927        14609     13653.33
   45219.839     0.999939        14610     16384.00
   45219.839     1.000000        14610          inf
#[Mean    =    25336.879, StdDeviation   =    10224.931]
#[Max     =    45187.072, Total count    =        14610]
#[Buckets =           27, SubBuckets     =         2048]
-----------------------------------------------------------------------
  17580 requests in 1.02m, 3.08MB read
  Socket errors: connect 0, read 0, write 0, timeout 83
Requests/sec:    288.07  
Transfer/sec:     51.76KB
AUTOTEST_DONE
