Running 1m test @ http://10.1.0.42:8080/wrk2-api/review/compose
  8 threads and 16 connections

  Thread calibration: mean lat.: 11.964ms, rate sampling interval: 26ms
  Thread calibration: mean lat.: 13.037ms, rate sampling interval: 35ms
  Thread calibration: mean lat.: 13.232ms, rate sampling interval: 34ms
  Thread calibration: mean lat.: 12.483ms, rate sampling interval: 32ms
  Thread calibration: mean lat.: 12.176ms, rate sampling interval: 30ms
  Thread calibration: mean lat.: 12.073ms, rate sampling interval: 26ms
  Thread calibration: mean lat.: 11.983ms, rate sampling interval: 27ms
  Thread calibration: mean lat.: 14.174ms, rate sampling interval: 35ms

-----------------------------------------------------------------------
Test Results @ http://10.1.0.42:8080/wrk2-api/review/compose 
  Thread Stats   Avg      Stdev     99%   +/- Stdev
    Latency    12.77ms    3.00ms  25.18ms   77.34%
    Req/Sec     2.07      8.35    38.00     93.97%
  Latency Distribution (HdrHistogram - Recorded Latency)
 50.000%   12.14ms
 75.000%   12.99ms
 90.000%   17.30ms
 99.000%   25.18ms
 99.900%   28.90ms
 99.990%   29.01ms
 99.999%   29.01ms
100.000%   29.01ms

  Detailed Percentile spectrum:
       Value   Percentile   TotalCount 1/(1-Percentile)

       6.899     0.000000            1         1.00
      10.127     0.100000           85         1.11
      11.135     0.200000          170         1.25
      11.519     0.300000          253         1.43
      11.871     0.400000          340         1.67
      12.143     0.500000          423         2.00
      12.255     0.550000          467         2.22
      12.423     0.600000          506         2.50
      12.599     0.650000          548         2.86
      12.783     0.700000          593         3.33
      12.999     0.750000          633         4.00
      13.199     0.775000          656         4.44
      13.479     0.800000          676         5.00
      14.511     0.825000          697         5.71
      15.719     0.850000          717         6.67
      16.159     0.875000          739         8.00
      16.911     0.887500          749         8.89
      17.295     0.900000          759        10.00
      17.583     0.912500          770        11.43
      17.839     0.925000          780        13.33
      18.175     0.937500          791        16.00
      18.367     0.943750          796        17.78
      18.511     0.950000          801        20.00
      18.767     0.956250          807        22.86
      19.263     0.962500          812        26.67
      19.631     0.968750          817        32.00
      19.759     0.971875          820        35.56
      19.919     0.975000          822        40.00
      20.223     0.978125          825        45.71
      21.887     0.981250          828        53.33
      22.159     0.984375          830        64.00
      22.911     0.985938          832        71.11
      22.943     0.987500          833        80.00
      23.663     0.989062          834        91.43
      25.871     0.990625          836       106.67
      26.031     0.992188          837       128.00
      26.767     0.992969          838       142.22
      26.767     0.993750          838       160.00
      26.783     0.994531          839       182.86
      27.231     0.995313          840       213.33
      27.231     0.996094          840       256.00
      27.503     0.996484          841       284.44
      27.503     0.996875          841       320.00
      27.503     0.997266          841       365.71
      28.895     0.997656          842       426.67
      28.895     0.998047          842       512.00
      28.895     0.998242          842       568.89
      28.895     0.998437          842       640.00
      28.895     0.998633          842       731.43
      29.007     0.998828          843       853.33
      29.007     1.000000          843          inf
#[Mean    =       12.768, StdDeviation   =        2.997]
#[Max     =       28.992, Total count    =          843]
#[Buckets =           27, SubBuckets     =         2048]
-----------------------------------------------------------------------
  1018 requests in 1.03m, 182.92KB read
  Socket errors: connect 0, read 0, write 0, timeout 53
Requests/sec:     16.42  
Transfer/sec:      2.95KB
AUTOTEST_DONE
