Running 1m test @ http://10.1.0.42:8080/wrk2-api/review/compose
  8 threads and 16 connections

reconnect_socket
reconnect_socket
  Thread calibration: mean lat.: 71.454ms, rate sampling interval: 30ms
  Thread calibration: mean lat.: 12.539ms, rate sampling interval: 29ms
  Thread calibration: mean lat.: 11.920ms, rate sampling interval: 28ms
  Thread calibration: mean lat.: 11.973ms, rate sampling interval: 33ms
  Thread calibration: mean lat.: 12.162ms, rate sampling interval: 30ms
  Thread calibration: mean lat.: 11.276ms, rate sampling interval: 25ms
  Thread calibration: mean lat.: 11.709ms, rate sampling interval: 26ms
  Thread calibration: mean lat.: 13.249ms, rate sampling interval: 35ms

-----------------------------------------------------------------------
Test Results @ http://10.1.0.42:8080/wrk2-api/review/compose 
  Thread Stats   Avg      Stdev     99%   +/- Stdev
    Latency    72.33ms  314.48ms   1.79s    95.61%
    Req/Sec     2.06      8.33    40.00     94.09%
  Latency Distribution (HdrHistogram - Recorded Latency)
 50.000%   12.32ms
 75.000%   13.37ms
 90.000%   19.15ms
 99.000%    1.79s 
 99.900%    2.38s 
 99.990%    4.98s 
 99.999%    4.98s 
100.000%    4.98s 

  Detailed Percentile spectrum:
       Value   Percentile   TotalCount 1/(1-Percentile)

       5.679     0.000000            1         1.00
      10.447     0.100000           85         1.11
      11.303     0.200000          170         1.25
      11.743     0.300000          254         1.43
      12.055     0.400000          341         1.67
      12.319     0.500000          425         2.00
      12.407     0.550000          464         2.22
      12.551     0.600000          508         2.50
      12.759     0.650000          548         2.86
      12.975     0.700000          592         3.33
      13.375     0.750000          633         4.00
      14.351     0.775000          654         4.44
      15.855     0.800000          676         5.00
      16.735     0.825000          696         5.71
      17.599     0.850000          717         6.67
      18.479     0.875000          738         8.00
      18.863     0.887500          749         8.89
      19.151     0.900000          759        10.00
      21.199     0.912500          770        11.43
      23.583     0.925000          780        13.33
      51.807     0.937500          791        16.00
     166.527     0.943750          796        17.78
     300.799     0.950000          801        20.00
     400.383     0.956250          807        22.86
     629.759     0.962500          812        26.67
     781.823     0.968750          817        32.00
     799.231     0.971875          820        35.56
     948.735     0.975000          822        40.00
    1016.319     0.978125          825        45.71
    1140.735     0.981250          828        53.33
    1326.079     0.984375          830        64.00
    1563.647     0.985938          832        71.11
    1704.959     0.987500          833        80.00
    1733.631     0.989062          834        91.43
    1862.655     0.990625          836       106.67
    1863.679     0.992188          837       128.00
    1964.031     0.992969          838       142.22
    1964.031     0.993750          838       160.00
    2179.071     0.994531          839       182.86
    2189.311     0.995313          840       213.33
    2189.311     0.996094          840       256.00
    2342.911     0.996484          841       284.44
    2342.911     0.996875          841       320.00
    2342.911     0.997266          841       365.71
    2377.727     0.997656          842       426.67
    2377.727     0.998047          842       512.00
    2377.727     0.998242          842       568.89
    2377.727     0.998437          842       640.00
    2377.727     0.998633          842       731.43
    4980.735     0.998828          843       853.33
    4980.735     1.000000          843          inf
#[Mean    =       72.328, StdDeviation   =      314.480]
#[Max     =     4976.640, Total count    =          843]
#[Buckets =           27, SubBuckets     =         2048]
-----------------------------------------------------------------------
  1019 requests in 1.03m, 183.44KB read
  Socket errors: connect 0, read 0, write 0, timeout 51
  Non-2xx or 3xx responses: 2
Requests/sec:     16.50  
Transfer/sec:      2.97KB
AUTOTEST_DONE
