Running 1m test @ http://10.1.0.42:8080/wrk2-api/review/compose
  8 threads and 16 connections

  Thread calibration: mean lat.: 8.505ms, rate sampling interval: 25ms
  Thread calibration: mean lat.: 7.503ms, rate sampling interval: 15ms
  Thread calibration: mean lat.: 7.705ms, rate sampling interval: 19ms
  Thread calibration: mean lat.: 7.627ms, rate sampling interval: 18ms
  Thread calibration: mean lat.: 8.020ms, rate sampling interval: 17ms
  Thread calibration: mean lat.: 7.484ms, rate sampling interval: 15ms
  Thread calibration: mean lat.: 7.727ms, rate sampling interval: 15ms
  Thread calibration: mean lat.: 8.356ms, rate sampling interval: 22ms

-----------------------------------------------------------------------
Test Results @ http://10.1.0.42:8080/wrk2-api/review/compose 
  Thread Stats   Avg      Stdev     99%   +/- Stdev
    Latency     7.85ms    1.49ms  13.32ms   86.83%
    Req/Sec     2.07     11.08    66.00     96.45%
  Latency Distribution (HdrHistogram - Recorded Latency)
 50.000%    7.51ms
 75.000%    7.88ms
 90.000%    9.72ms
 99.000%   13.32ms
 99.900%   17.14ms
 99.990%   23.41ms
 99.999%   23.41ms
100.000%   23.41ms

  Detailed Percentile spectrum:
       Value   Percentile   TotalCount 1/(1-Percentile)

       4.891     0.000000            1         1.00
       6.823     0.100000           86         1.11
       7.023     0.200000          169         1.25
       7.199     0.300000          257         1.43
       7.383     0.400000          338         1.67
       7.511     0.500000          424         2.00
       7.583     0.550000          467         2.22
       7.659     0.600000          506         2.50
       7.731     0.650000          550         2.86
       7.815     0.700000          596         3.33
       7.883     0.750000          634         4.00
       7.955     0.775000          654         4.44
       8.043     0.800000          675         5.00
       8.159     0.825000          696         5.71
       8.311     0.850000          718         6.67
       8.775     0.875000          738         8.00
       9.279     0.887500          749         8.89
       9.719     0.900000          759        10.00
      10.039     0.912500          770        11.43
      10.479     0.925000          780        13.33
      10.831     0.937500          791        16.00
      11.047     0.943750          796        17.78
      11.143     0.950000          801        20.00
      11.207     0.956250          807        22.86
      11.295     0.962500          812        26.67
      11.575     0.968750          817        32.00
      11.623     0.971875          820        35.56
      11.695     0.975000          822        40.00
      11.943     0.978125          825        45.71
      12.015     0.981250          828        53.33
      12.271     0.984375          830        64.00
      12.703     0.985938          832        71.11
      12.863     0.987500          833        80.00
      13.039     0.989062          834        91.43
      13.743     0.990625          836       106.67
      14.719     0.992188          837       128.00
      14.855     0.992969          838       142.22
      14.855     0.993750          838       160.00
      15.119     0.994531          839       182.86
      15.343     0.995313          840       213.33
      15.343     0.996094          840       256.00
      17.039     0.996484          841       284.44
      17.039     0.996875          841       320.00
      17.039     0.997266          841       365.71
      17.135     0.997656          842       426.67
      17.135     0.998047          842       512.00
      17.135     0.998242          842       568.89
      17.135     0.998437          842       640.00
      17.135     0.998633          842       731.43
      23.407     0.998828          843       853.33
      23.407     1.000000          843          inf
#[Mean    =        7.850, StdDeviation   =        1.494]
#[Max     =       23.392, Total count    =          843]
#[Buckets =           27, SubBuckets     =         2048]
-----------------------------------------------------------------------
  1018 requests in 1.03m, 182.92KB read
  Socket errors: connect 0, read 0, write 0, timeout 53
Requests/sec:     16.42  
Transfer/sec:      2.95KB
AUTOTEST_DONE
