Running 1m test @ http://10.1.0.42:8080/wrk2-api/review/compose
  8 threads and 16 connections

reconnect_socket
reconnect_socket
reconnect_socket
  Thread calibration: mean lat.: 15.786ms, rate sampling interval: 52ms
  Thread calibration: mean lat.: 15.248ms, rate sampling interval: 53ms
  Thread calibration: mean lat.: 71.420ms, rate sampling interval: 380ms
  Thread calibration: mean lat.: 16.930ms, rate sampling interval: 55ms
  Thread calibration: mean lat.: 16.855ms, rate sampling interval: 57ms
  Thread calibration: mean lat.: 16.730ms, rate sampling interval: 53ms
  Thread calibration: mean lat.: 16.633ms, rate sampling interval: 60ms
  Thread calibration: mean lat.: 15.656ms, rate sampling interval: 51ms
reconnect_socket
reconnect_socket

-----------------------------------------------------------------------
Test Results @ http://10.1.0.42:8080/wrk2-api/review/compose 
  Thread Stats   Avg      Stdev     99%   +/- Stdev
    Latency    24.99ms   44.22ms 242.43ms   95.61%
    Req/Sec    15.72     17.13    72.00     81.04%
  Latency Distribution (HdrHistogram - Recorded Latency)
 50.000%   15.07ms
 75.000%   23.31ms
 90.000%   36.45ms
 99.000%  242.43ms
 99.900%  520.19ms
 99.990%  725.50ms
 99.999%  836.61ms
100.000%  836.61ms

  Detailed Percentile spectrum:
       Value   Percentile   TotalCount 1/(1-Percentile)

       5.439     0.000000            1         1.00
       8.103     0.100000          648         1.11
       9.447     0.200000         1298         1.25
      11.031     0.300000         1944         1.43
      12.887     0.400000         2592         1.67
      15.071     0.500000         3241         2.00
      16.287     0.550000         3563         2.22
      17.727     0.600000         3886         2.50
      19.327     0.650000         4215         2.86
      21.151     0.700000         4533         3.33
      23.311     0.750000         4856         4.00
      24.879     0.775000         5018         4.44
      26.431     0.800000         5179         5.00
      28.143     0.825000         5342         5.71
      30.223     0.850000         5505         6.67
      32.607     0.875000         5666         8.00
      34.335     0.887500         5746         8.89
      36.447     0.900000         5826        10.00
      39.263     0.912500         5907        11.43
      42.911     0.925000         5988        13.33
      48.031     0.937500         6069        16.00
      53.055     0.943750         6109        17.78
      58.431     0.950000         6150        20.00
      70.335     0.956250         6190        22.86
      85.631     0.962500         6231        26.67
     105.791     0.968750         6271        32.00
     115.775     0.971875         6291        35.56
     128.895     0.975000         6312        40.00
     144.383     0.978125         6332        45.71
     167.295     0.981250         6352        53.33
     186.879     0.984375         6372        64.00
     201.599     0.985938         6382        71.11
     214.911     0.987500         6393        80.00
     236.927     0.989062         6404        91.43
     249.983     0.990625         6413       106.67
     270.079     0.992188         6423       128.00
     288.511     0.992969         6428       142.22
     297.983     0.993750         6433       160.00
     312.319     0.994531         6438       182.86
     326.399     0.995313         6443       213.33
     374.783     0.996094         6448       256.00
     397.567     0.996484         6451       284.44
     410.111     0.996875         6453       320.00
     434.687     0.997266         6456       365.71
     451.327     0.997656         6458       426.67
     458.239     0.998047         6461       512.00
     466.431     0.998242         6462       568.89
     472.063     0.998437         6463       640.00
     496.127     0.998633         6465       731.43
     518.655     0.998828         6466       853.33
     520.191     0.999023         6467      1024.00
     526.847     0.999121         6468      1137.78
     526.847     0.999219         6468      1280.00
     532.991     0.999316         6469      1462.86
     550.911     0.999414         6470      1706.67
     550.911     0.999512         6470      2048.00
     678.399     0.999561         6471      2275.56
     678.399     0.999609         6471      2560.00
     678.399     0.999658         6471      2925.71
     725.503     0.999707         6472      3413.33
     725.503     0.999756         6472      4096.00
     725.503     0.999780         6472      4551.11
     725.503     0.999805         6472      5120.00
     725.503     0.999829         6472      5851.43
     836.607     0.999854         6473      6826.67
     836.607     1.000000         6473          inf
#[Mean    =       24.990, StdDeviation   =       44.224]
#[Max     =      836.096, Total count    =         6473]
#[Buckets =           27, SubBuckets     =         2048]
-----------------------------------------------------------------------
  7776 requests in 1.02m, 1.37MB read
  Non-2xx or 3xx responses: 5
Requests/sec:    127.04  
Transfer/sec:     22.84KB
AUTOTEST_DONE
