Running 1m test @ http://10.1.0.44:8080
  8 threads and 16 connections

  Thread calibration: mean lat.: 3.228ms, rate sampling interval: 13ms
  Thread calibration: mean lat.: 2.982ms, rate sampling interval: 10ms
  Thread calibration: mean lat.: 2.935ms, rate sampling interval: 10ms
  Thread calibration: mean lat.: 2.961ms, rate sampling interval: 10ms
  Thread calibration: mean lat.: 2.972ms, rate sampling interval: 10ms
  Thread calibration: mean lat.: 2.901ms, rate sampling interval: 10ms
  Thread calibration: mean lat.: 2.905ms, rate sampling interval: 10ms
  Thread calibration: mean lat.: 3.053ms, rate sampling interval: 10ms

-----------------------------------------------------------------------
Test Results @ http://10.1.0.44:8080 
  Thread Stats   Avg      Stdev     99%   +/- Stdev
    Latency     2.97ms    1.76ms   9.82ms   89.54%
    Req/Sec     8.26     29.19   111.00     92.18%
  Latency Distribution (HdrHistogram - Recorded Latency)
 50.000%    2.41ms
 75.000%    3.03ms
 90.000%    5.22ms
 99.000%    9.82ms
 99.900%   11.71ms
 99.990%   13.30ms
 99.999%   13.30ms
100.000%   13.30ms

  Detailed Percentile spectrum:
       Value   Percentile   TotalCount 1/(1-Percentile)

       1.202     0.000000            1         1.00
       1.835     0.100000          324         1.11
       2.008     0.200000          646         1.25
       2.135     0.300000          968         1.43
       2.275     0.400000         1291         1.67
       2.407     0.500000         1616         2.00
       2.475     0.550000         1774         2.22
       2.571     0.600000         1938         2.50
       2.703     0.650000         2095         2.86
       2.835     0.700000         2257         3.33
       3.035     0.750000         2418         4.00
       3.107     0.775000         2499         4.44
       3.173     0.800000         2581         5.00
       3.287     0.825000         2659         5.71
       3.399     0.850000         2740         6.67
       3.533     0.875000         2821         8.00
       3.691     0.887500         2861         8.89
       5.215     0.900000         2901        10.00
       6.187     0.912500         2941        11.43
       6.595     0.925000         2982        13.33
       6.851     0.937500         3022        16.00
       7.055     0.943750         3042        17.78
       7.319     0.950000         3062        20.00
       7.959     0.956250         3082        22.86
       8.407     0.962500         3103        26.67
       8.759     0.968750         3123        32.00
       8.903     0.971875         3133        35.56
       9.007     0.975000         3143        40.00
       9.103     0.978125         3153        45.71
       9.295     0.981250         3163        53.33
       9.503     0.984375         3174        64.00
       9.543     0.985938         3178        71.11
       9.623     0.987500         3184        80.00
       9.711     0.989062         3188        91.43
       9.863     0.990625         3193       106.67
       9.999     0.992188         3198       128.00
      10.127     0.992969         3201       142.22
      10.191     0.993750         3203       160.00
      10.255     0.994531         3206       182.86
      10.327     0.995313         3208       213.33
      10.399     0.996094         3211       256.00
      10.407     0.996484         3212       284.44
      10.455     0.996875         3213       320.00
      10.663     0.997266         3215       365.71
      10.839     0.997656         3216       426.67
      10.903     0.998047         3217       512.00
      11.119     0.998242         3218       568.89
      11.119     0.998437         3218       640.00
      11.447     0.998633         3219       731.43
      11.711     0.998828         3220       853.33
      11.711     0.999023         3220      1024.00
      12.567     0.999121         3221      1137.78
      12.567     0.999219         3221      1280.00
      12.567     0.999316         3221      1462.86
      12.951     0.999414         3222      1706.67
      12.951     0.999512         3222      2048.00
      12.951     0.999561         3222      2275.56
      12.951     0.999609         3222      2560.00
      12.951     0.999658         3222      2925.71
      13.295     0.999707         3223      3413.33
      13.295     1.000000         3223          inf
#[Mean    =        2.971, StdDeviation   =        1.760]
#[Max     =       13.288, Total count    =         3223]
#[Buckets =           27, SubBuckets     =         2048]
-----------------------------------------------------------------------
  3914 requests in 1.02m, 787.11KB read
  Non-2xx or 3xx responses: 393
Requests/sec:     63.68  
Transfer/sec:     12.81KB
AUTOTEST_DONE
