Running 1m test @ http://10.1.0.44:8080
  8 threads and 16 connections

  Thread calibration: mean lat.: 2.811ms, rate sampling interval: 14ms
  Thread calibration: mean lat.: 2.743ms, rate sampling interval: 10ms
  Thread calibration: mean lat.: 2.578ms, rate sampling interval: 10ms
  Thread calibration: mean lat.: 2.889ms, rate sampling interval: 13ms
  Thread calibration: mean lat.: 2.454ms, rate sampling interval: 10ms
  Thread calibration: mean lat.: 2.510ms, rate sampling interval: 10ms
  Thread calibration: mean lat.: 2.433ms, rate sampling interval: 10ms
  Thread calibration: mean lat.: 2.773ms, rate sampling interval: 12ms

-----------------------------------------------------------------------
Test Results @ http://10.1.0.44:8080 
  Thread Stats   Avg      Stdev     99%   +/- Stdev
    Latency     2.56ms    1.93ms   9.38ms   88.94%
    Req/Sec    33.37     56.86   222.00     79.35%
  Latency Distribution (HdrHistogram - Recorded Latency)
 50.000%    1.84ms
 75.000%    2.53ms
 90.000%    5.65ms
 99.000%    9.38ms
 99.900%   12.57ms
 99.990%   14.30ms
 99.999%   14.49ms
100.000%   14.49ms

  Detailed Percentile spectrum:
       Value   Percentile   TotalCount 1/(1-Percentile)

       0.934     0.000000            1         1.00
       1.402     0.100000         1298         1.11
       1.503     0.200000         2597         1.25
       1.590     0.300000         3895         1.43
       1.689     0.400000         5191         1.67
       1.838     0.500000         6485         2.00
       1.947     0.550000         7131         2.22
       2.111     0.600000         7783         2.50
       2.263     0.650000         8435         2.86
       2.395     0.700000         9084         3.33
       2.527     0.750000         9728         4.00
       2.601     0.775000        10048         4.44
       2.695     0.800000        10372         5.00
       2.813     0.825000        10696         5.71
       2.975     0.850000        11021         6.67
       3.353     0.875000        11342         8.00
       4.275     0.887500        11504         8.89
       5.651     0.900000        11667        10.00
       6.343     0.912500        11828        11.43
       6.915     0.925000        11990        13.33
       7.419     0.937500        12152        16.00
       7.627     0.943750        12233        17.78
       7.859     0.950000        12314        20.00
       8.071     0.956250        12395        22.86
       8.263     0.962500        12478        26.67
       8.439     0.968750        12557        32.00
       8.575     0.971875        12600        35.56
       8.663     0.975000        12641        40.00
       8.767     0.978125        12679        45.71
       8.895     0.981250        12721        53.33
       9.039     0.984375        12762        64.00
       9.087     0.985938        12780        71.11
       9.143     0.987500        12800        80.00
       9.263     0.989062        12821        91.43
       9.463     0.990625        12843       106.67
       9.711     0.992188        12862       128.00
       9.815     0.992969        12871       142.22
       9.887     0.993750        12881       160.00
      10.023     0.994531        12893       182.86
      10.143     0.995313        12902       213.33
      10.431     0.996094        12912       256.00
      10.631     0.996484        12917       284.44
      10.823     0.996875        12922       320.00
      10.983     0.997266        12927       365.71
      11.199     0.997656        12932       426.67
      11.551     0.998047        12937       512.00
      11.695     0.998242        12940       568.89
      11.831     0.998437        12942       640.00
      12.199     0.998633        12945       731.43
      12.471     0.998828        12947       853.33
      12.719     0.999023        12950      1024.00
      12.815     0.999121        12951      1137.78
      12.879     0.999219        12952      1280.00
      13.087     0.999316        12954      1462.86
      13.103     0.999414        12955      1706.67
      13.143     0.999512        12956      2048.00
      13.175     0.999561        12957      2275.56
      13.175     0.999609        12957      2560.00
      13.351     0.999658        12958      2925.71
      13.799     0.999707        12959      3413.33
      13.799     0.999756        12959      4096.00
      13.943     0.999780        12960      4551.11
      13.943     0.999805        12960      5120.00
      13.943     0.999829        12960      5851.43
      14.303     0.999854        12961      6826.67
      14.303     0.999878        12961      8192.00
      14.303     0.999890        12961      9102.22
      14.303     0.999902        12961     10240.00
      14.303     0.999915        12961     11702.86
      14.495     0.999927        12962     13653.33
      14.495     1.000000        12962          inf
#[Mean    =        2.563, StdDeviation   =        1.931]
#[Max     =       14.488, Total count    =        12962]
#[Buckets =           27, SubBuckets     =         2048]
-----------------------------------------------------------------------
  15555 requests in 1.02m, 3.06MB read
  Non-2xx or 3xx responses: 1575
Requests/sec:    254.81  
Transfer/sec:     51.26KB
AUTOTEST_DONE
