Running 1m test @ http://10.1.0.44:8080
  8 threads and 16 connections

  Thread calibration: mean lat.: 2.296ms, rate sampling interval: 10ms
  Thread calibration: mean lat.: 2.039ms, rate sampling interval: 10ms
  Thread calibration: mean lat.: 2.035ms, rate sampling interval: 10ms
  Thread calibration: mean lat.: 2.111ms, rate sampling interval: 10ms
  Thread calibration: mean lat.: 1.845ms, rate sampling interval: 10ms
  Thread calibration: mean lat.: 2.078ms, rate sampling interval: 10ms
  Thread calibration: mean lat.: 1.860ms, rate sampling interval: 10ms
  Thread calibration: mean lat.: 1.976ms, rate sampling interval: 10ms

-----------------------------------------------------------------------
Test Results @ http://10.1.0.44:8080 
  Thread Stats   Avg      Stdev     99%   +/- Stdev
    Latency     2.13ms    1.24ms   6.68ms   88.88%
    Req/Sec     4.16     20.97   111.00     96.13%
  Latency Distribution (HdrHistogram - Recorded Latency)
 50.000%    1.71ms
 75.000%    2.11ms
 90.000%    4.08ms
 99.000%    6.68ms
 99.900%    7.76ms
 99.990%   10.38ms
 99.999%   10.38ms
100.000%   10.38ms

  Detailed Percentile spectrum:
       Value   Percentile   TotalCount 1/(1-Percentile)

       1.042     0.000000            1         1.00
       1.363     0.100000          161         1.11
       1.458     0.200000          322         1.25
       1.542     0.300000          483         1.43
       1.618     0.400000          644         1.67
       1.705     0.500000          808         2.00
       1.759     0.550000          885         2.22
       1.833     0.600000          967         2.50
       1.935     0.650000         1048         2.86
       2.040     0.700000         1127         3.33
       2.109     0.750000         1210         4.00
       2.153     0.775000         1247         4.44
       2.193     0.800000         1290         5.00
       2.255     0.825000         1328         5.71
       2.313     0.850000         1368         6.67
       2.427     0.875000         1408         8.00
       3.057     0.887500         1428         8.89
       4.083     0.900000         1449        10.00
       4.491     0.912500         1469        11.43
       4.783     0.925000         1489        13.33
       5.207     0.937500         1509        16.00
       5.447     0.943750         1519        17.78
       5.635     0.950000         1529        20.00
       5.735     0.956250         1539        22.86
       5.867     0.962500         1549        26.67
       5.947     0.968750         1559        32.00
       5.975     0.971875         1564        35.56
       6.131     0.975000         1569        40.00
       6.295     0.978125         1574        45.71
       6.375     0.981250         1579        53.33
       6.487     0.984375         1584        64.00
       6.503     0.985938         1587        71.11
       6.563     0.987500         1589        80.00
       6.675     0.989062         1593        91.43
       6.787     0.990625         1594       106.67
       6.823     0.992188         1597       128.00
       6.883     0.992969         1599       142.22
       6.883     0.993750         1599       160.00
       6.907     0.994531         1601       182.86
       6.943     0.995313         1602       213.33
       7.023     0.996094         1603       256.00
       7.083     0.996484         1604       284.44
       7.083     0.996875         1604       320.00
       7.151     0.997266         1605       365.71
       7.175     0.997656         1606       426.67
       7.175     0.998047         1606       512.00
       7.755     0.998242         1607       568.89
       7.755     0.998437         1607       640.00
       7.755     0.998633         1607       731.43
       7.943     0.998828         1608       853.33
       7.943     0.999023         1608      1024.00
       7.943     0.999121         1608      1137.78
       7.943     0.999219         1608      1280.00
       7.943     0.999316         1608      1462.86
      10.383     0.999414         1609      1706.67
      10.383     1.000000         1609          inf
#[Mean    =        2.132, StdDeviation   =        1.242]
#[Max     =       10.376, Total count    =         1609]
#[Buckets =           27, SubBuckets     =         2048]
-----------------------------------------------------------------------
  1963 requests in 1.03m, 395.23KB read
  Socket errors: connect 0, read 0, write 0, timeout 12
  Non-2xx or 3xx responses: 204
Requests/sec:     31.66  
Transfer/sec:      6.37KB
AUTOTEST_DONE
