/nix/store/2vwkssqpzykk37r996cafq7x63imf4sp-openjdk-21+35/bin/java  -classpath /nix/store/zw02np72fzsmga6s5mphhw7x8qlzf4sv-ycsb-0.17.0/share/conf:/nix/store/zw02np72fzsmga6s5mphhw7x8qlzf4sv-ycsb-0.17.0/share/lib/core-0.17.0.jar:/nix/store/zw02np72fzsmga6s5mphhw7x8qlzf4sv-ycsb-0.17.0/share/lib/HdrHistogram-2.1.4.jar:/nix/store/zw02np72fzsmga6s5mphhw7x8qlzf4sv-ycsb-0.17.0/share/lib/htrace-core4-4.1.0-incubating.jar:/nix/store/zw02np72fzsmga6s5mphhw7x8qlzf4sv-ycsb-0.17.0/share/lib/jackson-core-asl-1.9.4.jar:/nix/store/zw02np72fzsmga6s5mphhw7x8qlzf4sv-ycsb-0.17.0/share/lib/jackson-mapper-asl-1.9.4.jar:/nix/store/zw02np72fzsmga6s5mphhw7x8qlzf4sv-ycsb-0.17.0/share/redis-binding/lib/commons-pool2-2.4.2.jar:/nix/store/zw02np72fzsmga6s5mphhw7x8qlzf4sv-ycsb-0.17.0/share/redis-binding/lib/jedis-2.9.0.jar:/nix/store/zw02np72fzsmga6s5mphhw7x8qlzf4sv-ycsb-0.17.0/share/redis-binding/lib/redis-binding-0.17.0.jar site.ycsb.Client -t -db site.ycsb.db.RedisClient -s -P /home/host/vmuxIO/test/moonprogs//../../ycsb/share/workloads/workloada -p redis.host=10.1.0.2 -p redis.port=6379 -p operationcount=429496729 -p maxexecutiontime=61 -threads 1
Command line: -t -db site.ycsb.db.RedisClient -s -P /home/host/vmuxIO/test/moonprogs//../../ycsb/share/workloads/workloada -p redis.host=10.1.0.2 -p redis.port=6379 -p operationcount=429496729 -p maxexecutiontime=61 -threads 1
YCSB Client 0.17.0

Loading workload...
Starting test.
Maximum execution time specified as: 61 secs
DBWrapper: report latency for each error is false and specific error codes to track for latency are: []
2024-06-26 11:04:25:013 0 sec: 0 operations; est completion in 0 second 
2024-06-26 11:04:34:857 10 sec: 84919 operations; 8491.9 current ops/sec; est completion in 14 hours 2 minutes [READ: Count=42378, Max=17423, Min=83, Avg=114.14, 90=130, 99=160, 99.9=562, 99.99=3587] [UPDATE: Count=42552, Max=23087, Min=78, Avg=111.4, 90=126, 99=162, 99.9=756, 99.99=4005] 
2024-06-26 11:04:44:857 20 sec: 185181 operations; 10025.2 current ops/sec; est completion in 12 hours 52 minutes [READ: Count=50247, Max=6759, Min=80, Avg=100.6, 90=113, 99=132, 99.9=177, 99.99=583] [UPDATE: Count=50004, Max=6051, Min=76, Avg=95.91, 90=108, 99=127, 99.9=159, 99.99=453] 
2024-06-26 11:04:54:857 30 sec: 283568 operations; 9839.68 current ops/sec; est completion in 12 hours 36 minutes [READ: Count=49288, Max=8535, Min=80, Avg=102.47, 90=115, 99=136, 99.9=195, 99.99=647] [UPDATE: Count=49099, Max=955, Min=77, Avg=98.02, 90=110, 99=130, 99.9=191, 99.99=667] 
2024-06-26 11:05:04:857 40 sec: 383726 operations; 10015.8 current ops/sec; est completion in 12 hours 25 minutes [READ: Count=49901, Max=4391, Min=79, Avg=100.5, 90=112, 99=132, 99.9=182, 99.99=514] [UPDATE: Count=50257, Max=8495, Min=76, Avg=96.44, 90=108, 99=127, 99.9=186, 99.99=622] 
2024-06-26 11:05:14:857 50 sec: 484282 operations; 10055.6 current ops/sec; est completion in 12 hours 18 minutes [READ: Count=50124, Max=5611, Min=82, Avg=100.26, 90=111, 99=130, 99.9=162, 99.99=585] [UPDATE: Count=50432, Max=1909, Min=79, Avg=95.96, 90=106, 99=126, 99.9=169, 99.99=502] 
2024-06-26 11:05:24:857 60 sec: 584528 operations; 10024.6 current ops/sec; est completion in 12 hours 13 minutes [READ: Count=50167, Max=4311, Min=80, Avg=100.49, 90=114, 99=136, 99.9=196, 99.99=593] [UPDATE: Count=50079, Max=785, Min=76, Avg=96.19, 90=109, 99=131, 99.9=179, 99.99=355] 
Maximum time elapsed. Requesting stop for the workload.
Stop requested for workload. Now Joining!
2024-06-26 11:05:25:876 61 sec: 594209 operations; 9509.82 current ops/sec; est completion in 12 hours 14 minutes [READ: Count=4801, Max=6427, Min=80, Avg=105.04, 90=125, 99=145, 99.9=301, 99.99=6427] [CLEANUP: Count=1, Max=3287, Min=3286, Avg=3287, 90=3287, 99=3287, 99.9=3287, 99.99=3287] [UPDATE: Count=4880, Max=4251, Min=79, Avg=100.63, 90=120, 99=136, 99.9=305, 99.99=4251] 
[OVERALL], RunTime(ms), 61026
[OVERALL], Throughput(ops/sec), 9736.980958935535
[TOTAL_GCS_Copy], Count, 55
[TOTAL_GC_TIME_Copy], Time(ms), 42
[TOTAL_GC_TIME_%_Copy], Time(%), 0.06882312456985547
[TOTAL_GCS_MarkSweepCompact], Count, 0
[TOTAL_GC_TIME_MarkSweepCompact], Time(ms), 0
[TOTAL_GC_TIME_%_MarkSweepCompact], Time(%), 0.0
[TOTAL_GCs], Count, 55
[TOTAL_GC_TIME], Time(ms), 42
[TOTAL_GC_TIME_%], Time(%), 0.06882312456985547
[READ], Operations, 296906
[READ], AverageLatency(us), 102.82203121526679
[READ], MinLatency(us), 79
[READ], MaxLatency(us), 17423
[READ], 95thPercentileLatency(us), 126
[READ], 99thPercentileLatency(us), 139
[READ], Return=OK, 296906
[CLEANUP], Operations, 1
[CLEANUP], AverageLatency(us), 3287.0
[CLEANUP], MinLatency(us), 3286
[CLEANUP], MaxLatency(us), 3287
[CLEANUP], 95thPercentileLatency(us), 3287
[CLEANUP], 99thPercentileLatency(us), 3287
[UPDATE], Operations, 297303
[UPDATE], AverageLatency(us), 98.69616182816857
[UPDATE], MinLatency(us), 76
[UPDATE], MaxLatency(us), 23087
[UPDATE], 95thPercentileLatency(us), 122
[UPDATE], 99thPercentileLatency(us), 136
[UPDATE], Return=OK, 297303
AUTOTEST_DONE
