/nix/store/2vwkssqpzykk37r996cafq7x63imf4sp-openjdk-21+35/bin/java  -classpath /nix/store/zw02np72fzsmga6s5mphhw7x8qlzf4sv-ycsb-0.17.0/share/conf:/nix/store/zw02np72fzsmga6s5mphhw7x8qlzf4sv-ycsb-0.17.0/share/lib/core-0.17.0.jar:/nix/store/zw02np72fzsmga6s5mphhw7x8qlzf4sv-ycsb-0.17.0/share/lib/HdrHistogram-2.1.4.jar:/nix/store/zw02np72fzsmga6s5mphhw7x8qlzf4sv-ycsb-0.17.0/share/lib/htrace-core4-4.1.0-incubating.jar:/nix/store/zw02np72fzsmga6s5mphhw7x8qlzf4sv-ycsb-0.17.0/share/lib/jackson-core-asl-1.9.4.jar:/nix/store/zw02np72fzsmga6s5mphhw7x8qlzf4sv-ycsb-0.17.0/share/lib/jackson-mapper-asl-1.9.4.jar:/nix/store/zw02np72fzsmga6s5mphhw7x8qlzf4sv-ycsb-0.17.0/share/redis-binding/lib/commons-pool2-2.4.2.jar:/nix/store/zw02np72fzsmga6s5mphhw7x8qlzf4sv-ycsb-0.17.0/share/redis-binding/lib/jedis-2.9.0.jar:/nix/store/zw02np72fzsmga6s5mphhw7x8qlzf4sv-ycsb-0.17.0/share/redis-binding/lib/redis-binding-0.17.0.jar site.ycsb.Client -t -db site.ycsb.db.RedisClient -s -P /home/host/vmuxIO/test/moonprogs//../../ycsb/share/workloads/workloada -p redis.host=10.1.0.2 -p redis.port=6385 -p operationcount=429496729 -p maxexecutiontime=61 -threads 1
Command line: -t -db site.ycsb.db.RedisClient -s -P /home/host/vmuxIO/test/moonprogs//../../ycsb/share/workloads/workloada -p redis.host=10.1.0.2 -p redis.port=6385 -p operationcount=429496729 -p maxexecutiontime=61 -threads 1
YCSB Client 0.17.0

Loading workload...
Starting test.
Maximum execution time specified as: 61 secs
DBWrapper: report latency for each error is false and specific error codes to track for latency are: []
2025-04-02 01:37:39:846 0 sec: 0 operations; est completion in 0 second 
2025-04-02 01:37:49:693 10 sec: 56575 operations; 5657.5 current ops/sec; est completion in 21 hours 5 minutes [READ: Count=28102, Max=20879, Min=65, Avg=167.35, 90=304, 99=620, 99.9=3283, 99.99=6723] [UPDATE: Count=28517, Max=28959, Min=62, Avg=171.67, 90=308, 99=693, 99.9=3633, 99.99=11663] 
2025-04-02 01:37:59:693 20 sec: 113137 operations; 5656.2 current ops/sec; est completion in 21 hours 5 minutes [READ: Count=28136, Max=4555, Min=60, Avg=174.41, 90=288, 99=477, 99.9=1453, 99.99=4135] [UPDATE: Count=28382, Max=5687, Min=60, Avg=173.09, 90=288, 99=478, 99.9=1734, 99.99=4131] 
2025-04-02 01:38:09:692 30 sec: 168974 operations; 5583.7 current ops/sec; est completion in 21 hours 10 minutes [READ: Count=27764, Max=35999, Min=59, Avg=178.11, 90=295, 99=571, 99.9=3091, 99.99=3965] [UPDATE: Count=28073, Max=5015, Min=57, Avg=175.66, 90=294, 99=589, 99.9=3099, 99.99=4063] 
2025-04-02 01:38:19:692 40 sec: 221676 operations; 5270.2 current ops/sec; est completion in 21 hours 31 minutes [READ: Count=26310, Max=4239, Min=60, Avg=188.9, 90=289, 99=422, 99.9=623, 99.99=1872] [UPDATE: Count=26392, Max=4307, Min=57, Avg=186.7, 90=290, 99=425, 99.9=573, 99.99=1152] 
2025-04-02 01:38:29:692 50 sec: 282163 operations; 6048.7 current ops/sec; est completion in 21 hours 7 minutes [READ: Count=30321, Max=6639, Min=60, Avg=164.71, 90=256, 99=367, 99.9=941, 99.99=4035] [UPDATE: Count=30166, Max=4039, Min=59, Avg=162.14, 90=251, 99=365, 99.9=1444, 99.99=3841] 
2025-04-02 01:38:39:693 60 sec: 348944 operations; 6678.1 current ops/sec; est completion in 20 hours 29 minutes [READ: Count=33280, Max=7411, Min=60, Avg=149.14, 90=271, 99=413, 99.9=645, 99.99=1720] [UPDATE: Count=33501, Max=2841, Min=58, Avg=146.68, 90=270, 99=418, 99.9=664, 99.99=1437] 
Maximum time elapsed. Requesting stop for the workload.
Stop requested for workload. Now Joining!
2025-04-02 01:38:40:701 61 sec: 353478 operations; 4498.02 current ops/sec; est completion in 20 hours 34 minutes [READ: Count=2251, Max=1875, Min=69, Avg=220, 90=298, 99=395, 99.9=897, 99.99=1875] [CLEANUP: Count=1, Max=1622, Min=1622, Avg=1622, 90=1622, 99=1622, 99.9=1622, 99.99=1622] [UPDATE: Count=2283, Max=12287, Min=66, Avg=219.58, 90=298, 99=395, 99.9=556, 99.99=12287] 
[OVERALL], RunTime(ms), 61015
[OVERALL], Throughput(ops/sec), 5793.296730312219
[TOTAL_GCS_Copy], Count, 33
[TOTAL_GC_TIME_Copy], Time(ms), 22
[TOTAL_GC_TIME_%_Copy], Time(%), 0.03605670736704089
[TOTAL_GCS_MarkSweepCompact], Count, 0
[TOTAL_GC_TIME_MarkSweepCompact], Time(ms), 0
[TOTAL_GC_TIME_%_MarkSweepCompact], Time(%), 0.0
[TOTAL_GCs], Count, 33
[TOTAL_GC_TIME], Time(ms), 22
[TOTAL_GC_TIME_%], Time(%), 0.03605670736704089
[READ], Operations, 176164
[READ], AverageLatency(us), 170.16980200267932
[READ], MinLatency(us), 59
[READ], MaxLatency(us), 35999
[READ], 95thPercentileLatency(us), 321
[READ], 99thPercentileLatency(us), 482
[READ], Return=OK, 176164
[CLEANUP], Operations, 1
[CLEANUP], AverageLatency(us), 1622.0
[CLEANUP], MinLatency(us), 1622
[CLEANUP], MaxLatency(us), 1622
[CLEANUP], 95thPercentileLatency(us), 1622
[CLEANUP], 99thPercentileLatency(us), 1622
[UPDATE], Operations, 177314
[UPDATE], AverageLatency(us), 169.03858127389827
[UPDATE], MinLatency(us), 57
[UPDATE], MaxLatency(us), 28959
[UPDATE], 95thPercentileLatency(us), 321
[UPDATE], 99thPercentileLatency(us), 487
[UPDATE], Return=OK, 177314
AUTOTEST_DONE
