/nix/store/2vwkssqpzykk37r996cafq7x63imf4sp-openjdk-21+35/bin/java  -classpath /nix/store/zw02np72fzsmga6s5mphhw7x8qlzf4sv-ycsb-0.17.0/share/conf:/nix/store/zw02np72fzsmga6s5mphhw7x8qlzf4sv-ycsb-0.17.0/share/lib/core-0.17.0.jar:/nix/store/zw02np72fzsmga6s5mphhw7x8qlzf4sv-ycsb-0.17.0/share/lib/HdrHistogram-2.1.4.jar:/nix/store/zw02np72fzsmga6s5mphhw7x8qlzf4sv-ycsb-0.17.0/share/lib/htrace-core4-4.1.0-incubating.jar:/nix/store/zw02np72fzsmga6s5mphhw7x8qlzf4sv-ycsb-0.17.0/share/lib/jackson-core-asl-1.9.4.jar:/nix/store/zw02np72fzsmga6s5mphhw7x8qlzf4sv-ycsb-0.17.0/share/lib/jackson-mapper-asl-1.9.4.jar:/nix/store/zw02np72fzsmga6s5mphhw7x8qlzf4sv-ycsb-0.17.0/share/redis-binding/lib/commons-pool2-2.4.2.jar:/nix/store/zw02np72fzsmga6s5mphhw7x8qlzf4sv-ycsb-0.17.0/share/redis-binding/lib/jedis-2.9.0.jar:/nix/store/zw02np72fzsmga6s5mphhw7x8qlzf4sv-ycsb-0.17.0/share/redis-binding/lib/redis-binding-0.17.0.jar site.ycsb.Client -t -db site.ycsb.db.RedisClient -s -P /home/host/vmuxIO/test/moonprogs//../../ycsb/share/workloads/workloada -p redis.host=10.1.0.2 -p redis.port=6379 -p operationcount=429496729 -p maxexecutiontime=61 -threads 1
Command line: -t -db site.ycsb.db.RedisClient -s -P /home/host/vmuxIO/test/moonprogs//../../ycsb/share/workloads/workloada -p redis.host=10.1.0.2 -p redis.port=6379 -p operationcount=429496729 -p maxexecutiontime=61 -threads 1
YCSB Client 0.17.0

Loading workload...
Starting test.
Maximum execution time specified as: 61 secs
DBWrapper: report latency for each error is false and specific error codes to track for latency are: []
2024-07-07 16:52:50:823 0 sec: 0 operations; est completion in 0 second 
2024-07-07 16:53:00:150 10 sec: 5285 operations; 528.29 current ops/sec; est completion in 9 days 9 hours [READ: Count=2707, Max=198271, Min=103, Avg=1752.65, 90=5531, 99=11711, 99.9=21103, 99.99=198271] [UPDATE: Count=2606, Max=31775, Min=98, Avg=1742.24, 90=5707, 99=10607, 99.9=20719, 99.99=31775] 
2024-07-07 16:53:10:147 20 sec: 11965 operations; 668.27 current ops/sec; est completion in 8 days 7 hours [READ: Count=3330, Max=56063, Min=93, Avg=1432.98, 90=5331, 99=12095, 99.9=20239, 99.99=56063] [UPDATE: Count=3327, Max=20239, Min=89, Avg=1493.29, 90=5603, 99=11951, 99.9=17983, 99.99=20239] 
2024-07-07 16:53:20:146 30 sec: 23681 operations; 1171.6 current ops/sec; est completion in 6 days 7 hours [READ: Count=5837, Max=14647, Min=91, Avg=848.11, 90=3209, 99=7063, 99.9=8895, 99.99=10015] [UPDATE: Count=5874, Max=18079, Min=92, Avg=839.83, 90=3113, 99=7095, 99.9=11135, 99.99=14343] 
2024-07-07 16:53:30:147 40 sec: 36468 operations; 1278.7 current ops/sec; est completion in 5 days 10 hours [READ: Count=6325, Max=11319, Min=84, Avg=774.06, 90=3051, 99=7079, 99.9=9335, 99.99=10543] [UPDATE: Count=6462, Max=10399, Min=87, Avg=780.17, 90=3031, 99=7099, 99.9=9463, 99.99=10311] 
2024-07-07 16:53:40:148 50 sec: 45834 operations; 936.6 current ops/sec; est completion in 5 days 10 hours [READ: Count=4755, Max=206975, Min=89, Avg=1084.79, 90=3879, 99=7327, 99.9=11407, 99.99=206975] [UPDATE: Count=4611, Max=214143, Min=88, Avg=1040.97, 90=3571, 99=7215, 99.9=10407, 99.99=214143] 
2024-07-07 16:53:50:152 60 sec: 55965 operations; 1012.8 current ops/sec; est completion in 5 days 7 hours [READ: Count=4983, Max=19663, Min=90, Avg=978.11, 90=3465, 99=7095, 99.9=10319, 99.99=19663] [UPDATE: Count=5148, Max=19711, Min=92, Avg=986.53, 90=3587, 99=7155, 99.9=10247, 99.99=13855] 
Maximum time elapsed. Requesting stop for the workload.
Stop requested for workload. Now Joining!
2024-07-07 16:53:51:165 61 sec: 57342 operations; 1355.31 current ops/sec; est completion in 5 days 6 hours [READ: Count=683, Max=21327, Min=104, Avg=730.5, 90=2167, 99=6471, 99.9=8147, 99.99=21327] [CLEANUP: Count=1, Max=1280, Min=1280, Avg=1280, 90=1280, 99=1280, 99.9=1280, 99.99=1280] [UPDATE: Count=694, Max=8247, Min=98, Avg=737.81, 90=2523, 99=7039, 99.9=8007, 99.99=8247] 
[OVERALL], RunTime(ms), 61026
[OVERALL], Throughput(ops/sec), 939.6322878772982
[TOTAL_GCS_Copy], Count, 5
[TOTAL_GC_TIME_Copy], Time(ms), 49
[TOTAL_GC_TIME_%_Copy], Time(%), 0.08029364533149805
[TOTAL_GCS_MarkSweepCompact], Count, 0
[TOTAL_GC_TIME_MarkSweepCompact], Time(ms), 0
[TOTAL_GC_TIME_%_MarkSweepCompact], Time(%), 0.0
[TOTAL_GCs], Count, 5
[TOTAL_GC_TIME], Time(ms), 49
[TOTAL_GC_TIME_%], Time(%), 0.08029364533149805
[READ], Operations, 28620
[READ], AverageLatency(us), 1044.5011879804333
[READ], MinLatency(us), 84
[READ], MaxLatency(us), 206975
[READ], 95thPercentileLatency(us), 5395
[READ], 99thPercentileLatency(us), 7915
[READ], Return=OK, 28620
[CLEANUP], Operations, 1
[CLEANUP], AverageLatency(us), 1280.0
[CLEANUP], MinLatency(us), 1280
[CLEANUP], MaxLatency(us), 1280
[CLEANUP], 95thPercentileLatency(us), 1280
[CLEANUP], 99thPercentileLatency(us), 1280
[UPDATE], Operations, 28722
[UPDATE], AverageLatency(us), 1040.098043311747
[UPDATE], MinLatency(us), 87
[UPDATE], MaxLatency(us), 214143
[UPDATE], 95thPercentileLatency(us), 5543
[UPDATE], 99thPercentileLatency(us), 8043
[UPDATE], Return=OK, 28722
AUTOTEST_DONE
