/nix/store/2vwkssqpzykk37r996cafq7x63imf4sp-openjdk-21+35/bin/java  -classpath /nix/store/zw02np72fzsmga6s5mphhw7x8qlzf4sv-ycsb-0.17.0/share/conf:/nix/store/zw02np72fzsmga6s5mphhw7x8qlzf4sv-ycsb-0.17.0/share/lib/core-0.17.0.jar:/nix/store/zw02np72fzsmga6s5mphhw7x8qlzf4sv-ycsb-0.17.0/share/lib/HdrHistogram-2.1.4.jar:/nix/store/zw02np72fzsmga6s5mphhw7x8qlzf4sv-ycsb-0.17.0/share/lib/htrace-core4-4.1.0-incubating.jar:/nix/store/zw02np72fzsmga6s5mphhw7x8qlzf4sv-ycsb-0.17.0/share/lib/jackson-core-asl-1.9.4.jar:/nix/store/zw02np72fzsmga6s5mphhw7x8qlzf4sv-ycsb-0.17.0/share/lib/jackson-mapper-asl-1.9.4.jar:/nix/store/zw02np72fzsmga6s5mphhw7x8qlzf4sv-ycsb-0.17.0/share/redis-binding/lib/commons-pool2-2.4.2.jar:/nix/store/zw02np72fzsmga6s5mphhw7x8qlzf4sv-ycsb-0.17.0/share/redis-binding/lib/jedis-2.9.0.jar:/nix/store/zw02np72fzsmga6s5mphhw7x8qlzf4sv-ycsb-0.17.0/share/redis-binding/lib/redis-binding-0.17.0.jar site.ycsb.Client -t -db site.ycsb.db.RedisClient -s -P /home/host/vmuxIO/test/moonprogs//../../ycsb/share/workloads/workloada -p redis.host=10.1.0.2 -p redis.port=6382 -p operationcount=429496729 -p maxexecutiontime=61 -threads 1
Command line: -t -db site.ycsb.db.RedisClient -s -P /home/host/vmuxIO/test/moonprogs//../../ycsb/share/workloads/workloada -p redis.host=10.1.0.2 -p redis.port=6382 -p operationcount=429496729 -p maxexecutiontime=61 -threads 1
YCSB Client 0.17.0

Loading workload...
Starting test.
Maximum execution time specified as: 61 secs
DBWrapper: report latency for each error is false and specific error codes to track for latency are: []
2025-04-18 11:37:26:306 0 sec: 0 operations; est completion in 0 second 
2025-04-18 11:37:36:147 10 sec: 37456 operations; 3745.6 current ops/sec; est completion in 1 day 7 hours [READ: Count=18887, Max=47935, Min=134, Avg=259.72, 90=294, 99=807, 99.9=3373, 99.99=7395] [UPDATE: Count=18573, Max=8223, Min=138, Avg=250.53, 90=294, 99=1033, 99.9=3499, 99.99=5627] 
2025-04-18 11:37:46:148 20 sec: 84562 operations; 4710.6 current ops/sec; est completion in 1 day 4 hours [READ: Count=23460, Max=7295, Min=142, Avg=208.89, 90=280, 99=319, 99.9=451, 99.99=2927] [UPDATE: Count=23642, Max=3135, Min=138, Avg=208.96, 90=274, 99=312, 99.9=459, 99.99=1887] 
2025-04-18 11:37:56:147 30 sec: 128051 operations; 4348.9 current ops/sec; est completion in 1 day 3 hours [READ: Count=21811, Max=12287, Min=129, Avg=236.23, 90=298, 99=402, 99.9=553, 99.99=909] [UPDATE: Count=21678, Max=1587, Min=136, Avg=218.33, 90=293, 99=392, 99.9=550, 99.99=864] 
2025-04-18 11:38:06:147 40 sec: 171187 operations; 4313.6 current ops/sec; est completion in 1 day 3 hours [READ: Count=21613, Max=3765, Min=135, Avg=239.09, 90=290, 99=310, 99.9=428, 99.99=2865] [UPDATE: Count=21523, Max=8179, Min=132, Avg=220.35, 90=288, 99=307, 99.9=401, 99.99=747] 
2025-04-18 11:38:16:147 50 sec: 215877 operations; 4469 current ops/sec; est completion in 1 day 3 hours [READ: Count=22441, Max=4093, Min=134, Avg=234.14, 90=291, 99=309, 99.9=398, 99.99=844] [UPDATE: Count=22249, Max=2971, Min=136, Avg=208.98, 90=288, 99=306, 99.9=399, 99.99=759] 
2025-04-18 11:38:26:147 60 sec: 258260 operations; 4238.3 current ops/sec; est completion in 1 day 3 hours [READ: Count=21162, Max=866, Min=135, Avg=242.77, 90=302, 99=426, 99.9=549, 99.99=780] [UPDATE: Count=21221, Max=6919, Min=131, Avg=223.17, 90=300, 99=417, 99.9=549, 99.99=778] 
Maximum time elapsed. Requesting stop for the workload.
Stop requested for workload. Now Joining!
2025-04-18 11:38:27:160 61 sec: 262715 operations; 4402.17 current ops/sec; est completion in 1 day 3 hours [READ: Count=2218, Max=695, Min=139, Avg=234.39, 90=289, 99=302, 99.9=508, 99.99=695] [CLEANUP: Count=1, Max=1044, Min=1044, Avg=1044, 90=1044, 99=1044, 99.9=1044, 99.99=1044] [UPDATE: Count=2237, Max=3867, Min=136, Avg=215.04, 90=286, 99=304, 99.9=477, 99.99=3867] 
[OVERALL], RunTime(ms), 61017
[OVERALL], Throughput(ops/sec), 4305.6033564416475
[TOTAL_GCS_Copy], Count, 24
[TOTAL_GC_TIME_Copy], Time(ms), 17
[TOTAL_GC_TIME_%_Copy], Time(%), 0.02786108789353787
[TOTAL_GCS_MarkSweepCompact], Count, 0
[TOTAL_GC_TIME_MarkSweepCompact], Time(ms), 0
[TOTAL_GC_TIME_%_MarkSweepCompact], Time(%), 0.0
[TOTAL_GCs], Count, 24
[TOTAL_GC_TIME], Time(ms), 17
[TOTAL_GC_TIME_%], Time(%), 0.02786108789353787
[READ], Operations, 131592
[READ], AverageLatency(us), 235.8596419235212
[READ], MinLatency(us), 129
[READ], MaxLatency(us), 47935
[READ], 95thPercentileLatency(us), 303
[READ], 99thPercentileLatency(us), 377
[READ], Return=OK, 131592
[CLEANUP], Operations, 1
[CLEANUP], AverageLatency(us), 1044.0
[CLEANUP], MinLatency(us), 1044
[CLEANUP], MaxLatency(us), 1044
[CLEANUP], 95thPercentileLatency(us), 1044
[CLEANUP], 99thPercentileLatency(us), 1044
[UPDATE], Operations, 131123
[UPDATE], AverageLatency(us), 220.67358892032672
[UPDATE], MinLatency(us), 131
[UPDATE], MaxLatency(us), 8223
[UPDATE], 95thPercentileLatency(us), 300
[UPDATE], 99thPercentileLatency(us), 377
[UPDATE], Return=OK, 131123
AUTOTEST_DONE
