/nix/store/2vwkssqpzykk37r996cafq7x63imf4sp-openjdk-21+35/bin/java  -classpath /nix/store/zw02np72fzsmga6s5mphhw7x8qlzf4sv-ycsb-0.17.0/share/conf:/nix/store/zw02np72fzsmga6s5mphhw7x8qlzf4sv-ycsb-0.17.0/share/lib/core-0.17.0.jar:/nix/store/zw02np72fzsmga6s5mphhw7x8qlzf4sv-ycsb-0.17.0/share/lib/HdrHistogram-2.1.4.jar:/nix/store/zw02np72fzsmga6s5mphhw7x8qlzf4sv-ycsb-0.17.0/share/lib/htrace-core4-4.1.0-incubating.jar:/nix/store/zw02np72fzsmga6s5mphhw7x8qlzf4sv-ycsb-0.17.0/share/lib/jackson-core-asl-1.9.4.jar:/nix/store/zw02np72fzsmga6s5mphhw7x8qlzf4sv-ycsb-0.17.0/share/lib/jackson-mapper-asl-1.9.4.jar:/nix/store/zw02np72fzsmga6s5mphhw7x8qlzf4sv-ycsb-0.17.0/share/redis-binding/lib/commons-pool2-2.4.2.jar:/nix/store/zw02np72fzsmga6s5mphhw7x8qlzf4sv-ycsb-0.17.0/share/redis-binding/lib/jedis-2.9.0.jar:/nix/store/zw02np72fzsmga6s5mphhw7x8qlzf4sv-ycsb-0.17.0/share/redis-binding/lib/redis-binding-0.17.0.jar site.ycsb.Client -t -db site.ycsb.db.RedisClient -s -P /home/host/vmuxIO/test/moonprogs//../../ycsb/share/workloads/workloada -p redis.host=10.1.0.2 -p redis.port=6379 -p operationcount=429496729 -p maxexecutiontime=61 -threads 1
Command line: -t -db site.ycsb.db.RedisClient -s -P /home/host/vmuxIO/test/moonprogs//../../ycsb/share/workloads/workloada -p redis.host=10.1.0.2 -p redis.port=6379 -p operationcount=429496729 -p maxexecutiontime=61 -threads 1
YCSB Client 0.17.0

Loading workload...
Starting test.
Maximum execution time specified as: 61 secs
DBWrapper: report latency for each error is false and specific error codes to track for latency are: []
2024-06-26 10:56:35:385 0 sec: 0 operations; est completion in 0 second 
2024-06-26 10:56:45:129 10 sec: 46220 operations; 4622 current ops/sec; est completion in 1 day 1 hour [READ: Count=23221, Max=49311, Min=106, Avg=205.66, 90=275, 99=420, 99.9=2505, 99.99=8179] [UPDATE: Count=23012, Max=12063, Min=102, Avg=205.25, 90=274, 99=446, 99.9=2431, 99.99=5355] 
2024-06-26 10:56:55:129 20 sec: 103739 operations; 5751.9 current ops/sec; est completion in 22 hours 59 minutes [READ: Count=28869, Max=2535, Min=101, Avg=173.46, 90=257, 99=279, 99.9=418, 99.99=1039] [UPDATE: Count=28637, Max=1715, Min=99, Avg=168.95, 90=254, 99=276, 99.9=389, 99.99=1040] 
2024-06-26 10:57:05:129 30 sec: 162360 operations; 5862.1 current ops/sec; est completion in 22 hours 2 minutes [READ: Count=29451, Max=6351, Min=101, Avg=171.25, 90=256, 99=305, 99.9=454, 99.99=733] [UPDATE: Count=29170, Max=4033, Min=100, Avg=166.09, 90=253, 99=309, 99.9=442, 99.99=735] 
2024-06-26 10:57:15:129 40 sec: 222721 operations; 6036.1 current ops/sec; est completion in 21 hours 24 minutes [READ: Count=30165, Max=8043, Min=101, Avg=166.09, 90=255, 99=273, 99.9=295, 99.99=611] [UPDATE: Count=30196, Max=645, Min=101, Avg=161.93, 90=253, 99=271, 99.9=285, 99.99=603] 
2024-06-26 10:57:25:129 50 sec: 275365 operations; 5264.4 current ops/sec; est completion in 21 hours 38 minutes [READ: Count=26427, Max=2231, Min=111, Avg=191.73, 90=266, 99=284, 99.9=327, 99.99=615] [UPDATE: Count=26217, Max=4283, Min=108, Avg=184.84, 90=263, 99=281, 99.9=305, 99.99=747] 
2024-06-26 10:57:35:129 60 sec: 329222 operations; 5385.7 current ops/sec; est completion in 21 hours 43 minutes [READ: Count=26589, Max=1926, Min=100, Avg=187.45, 90=265, 99=326, 99.9=455, 99.99=739] [UPDATE: Count=27268, Max=2851, Min=98, Avg=180.2, 90=262, 99=333, 99.9=453, 99.99=748] 
Maximum time elapsed. Requesting stop for the workload.
Stop requested for workload. Now Joining!
2024-06-26 10:57:36:151 61 sec: 335210 operations; 5864.84 current ops/sec; est completion in 21 hours 42 minutes [READ: Count=3022, Max=3513, Min=105, Avg=172.56, 90=256, 99=280, 99.9=443, 99.99=3513] [CLEANUP: Count=1, Max=1352, Min=1352, Avg=1352, 90=1352, 99=1352, 99.9=1352, 99.99=1352] [UPDATE: Count=2966, Max=868, Min=100, Avg=164.21, 90=252, 99=276, 99.9=337, 99.99=868] 
[OVERALL], RunTime(ms), 61027
[OVERALL], Throughput(ops/sec), 5492.814655808085
[TOTAL_GCS_Copy], Count, 31
[TOTAL_GC_TIME_Copy], Time(ms), 27
[TOTAL_GC_TIME_%_Copy], Time(%), 0.04424271224212234
[TOTAL_GCS_MarkSweepCompact], Count, 0
[TOTAL_GC_TIME_MarkSweepCompact], Time(ms), 0
[TOTAL_GC_TIME_%_MarkSweepCompact], Time(%), 0.0
[TOTAL_GCs], Count, 31
[TOTAL_GC_TIME], Time(ms), 27
[TOTAL_GC_TIME_%], Time(%), 0.04424271224212234
[READ], Operations, 167744
[READ], AverageLatency(us), 181.2813096146509
[READ], MinLatency(us), 100
[READ], MaxLatency(us), 49311
[READ], 95thPercentileLatency(us), 272
[READ], 99thPercentileLatency(us), 302
[READ], Return=OK, 167744
[CLEANUP], Operations, 1
[CLEANUP], AverageLatency(us), 1352.0
[CLEANUP], MinLatency(us), 1352
[CLEANUP], MaxLatency(us), 1352
[CLEANUP], 95thPercentileLatency(us), 1352
[CLEANUP], 99thPercentileLatency(us), 1352
[UPDATE], Operations, 167466
[UPDATE], AverageLatency(us), 176.40977870134833
[UPDATE], MinLatency(us), 98
[UPDATE], MaxLatency(us), 12063
[UPDATE], 95thPercentileLatency(us), 269
[UPDATE], 99thPercentileLatency(us), 305
[UPDATE], Return=OK, 167466
AUTOTEST_DONE
