/nix/store/2vwkssqpzykk37r996cafq7x63imf4sp-openjdk-21+35/bin/java  -classpath /nix/store/zw02np72fzsmga6s5mphhw7x8qlzf4sv-ycsb-0.17.0/share/conf:/nix/store/zw02np72fzsmga6s5mphhw7x8qlzf4sv-ycsb-0.17.0/share/lib/core-0.17.0.jar:/nix/store/zw02np72fzsmga6s5mphhw7x8qlzf4sv-ycsb-0.17.0/share/lib/HdrHistogram-2.1.4.jar:/nix/store/zw02np72fzsmga6s5mphhw7x8qlzf4sv-ycsb-0.17.0/share/lib/htrace-core4-4.1.0-incubating.jar:/nix/store/zw02np72fzsmga6s5mphhw7x8qlzf4sv-ycsb-0.17.0/share/lib/jackson-core-asl-1.9.4.jar:/nix/store/zw02np72fzsmga6s5mphhw7x8qlzf4sv-ycsb-0.17.0/share/lib/jackson-mapper-asl-1.9.4.jar:/nix/store/zw02np72fzsmga6s5mphhw7x8qlzf4sv-ycsb-0.17.0/share/redis-binding/lib/commons-pool2-2.4.2.jar:/nix/store/zw02np72fzsmga6s5mphhw7x8qlzf4sv-ycsb-0.17.0/share/redis-binding/lib/jedis-2.9.0.jar:/nix/store/zw02np72fzsmga6s5mphhw7x8qlzf4sv-ycsb-0.17.0/share/redis-binding/lib/redis-binding-0.17.0.jar site.ycsb.Client -t -db site.ycsb.db.RedisClient -s -P /home/host/vmuxIO/test/moonprogs//../../ycsb/share/workloads/workloada -p redis.host=10.1.0.2 -p redis.port=6379 -p operationcount=429496729 -p maxexecutiontime=61 -threads 1
Command line: -t -db site.ycsb.db.RedisClient -s -P /home/host/vmuxIO/test/moonprogs//../../ycsb/share/workloads/workloada -p redis.host=10.1.0.2 -p redis.port=6379 -p operationcount=429496729 -p maxexecutiontime=61 -threads 1
YCSB Client 0.17.0

Loading workload...
Starting test.
Maximum execution time specified as: 61 secs
DBWrapper: report latency for each error is false and specific error codes to track for latency are: []
2024-06-30 01:18:12:015 0 sec: 0 operations; est completion in 0 second 
2024-06-30 01:18:21:850 10 sec: 23933 operations; 2393.3 current ops/sec; est completion in 2 days 1 hour [READ: Count=11984, Max=208895, Min=83, Avg=377.43, 90=235, 99=2353, 99.9=5231, 99.99=208383] [UPDATE: Count=11984, Max=209279, Min=78, Avg=432.37, 90=238, 99=2725, 99.9=201599, 99.99=207103] 
2024-06-30 01:18:31:850 20 sec: 48056 operations; 2412.3 current ops/sec; est completion in 2 days 1 hour [READ: Count=12070, Max=208895, Min=82, Avg=390.82, 90=208, 99=2577, 99.9=7279, 99.99=208639] [UPDATE: Count=12018, Max=208383, Min=81, Avg=419.68, 90=202, 99=2383, 99.9=203519, 99.99=207615] 
2024-06-30 01:18:41:850 30 sec: 67891 operations; 1983.5 current ops/sec; est completion in 2 days 4 hours [READ: Count=9823, Max=210943, Min=86, Avg=525.6, 90=235, 99=2407, 99.9=204543, 99.99=208639] [UPDATE: Count=10012, Max=209023, Min=81, Avg=483.34, 90=238, 99=2587, 99.9=203775, 99.99=208767] 
2024-06-30 01:18:51:850 40 sec: 88543 operations; 2065.2 current ops/sec; est completion in 2 days 5 hours [READ: Count=10306, Max=209023, Min=82, Avg=399.41, 90=212, 99=2297, 99.9=202239, 99.99=208895] [UPDATE: Count=10346, Max=209023, Min=79, Avg=574.63, 90=212, 99=2353, 99.9=205823, 99.99=207999] 
2024-06-30 01:19:01:850 50 sec: 106706 operations; 1816.3 current ops/sec; est completion in 2 days 7 hours [READ: Count=8986, Max=208895, Min=79, Avg=595.29, 90=216, 99=2451, 99.9=206079, 99.99=208895] [UPDATE: Count=9177, Max=209151, Min=78, Avg=498.87, 90=214, 99=2549, 99.9=203519, 99.99=208639] 
2024-06-30 01:19:11:850 60 sec: 123644 operations; 1693.8 current ops/sec; est completion in 2 days 9 hours [READ: Count=8559, Max=209023, Min=83, Avg=670.56, 90=215, 99=2601, 99.9=205439, 99.99=208895] [UPDATE: Count=8379, Max=208767, Min=79, Avg=501.06, 90=208, 99=2323, 99.9=205311, 99.99=208511] 
Maximum time elapsed. Requesting stop for the workload.
Stop requested for workload. Now Joining!
2024-06-30 01:19:12:912 61 sec: 125085 operations; 1356.87 current ops/sec; est completion in 2 days 10 hours [READ: Count=721, Max=208383, Min=86, Avg=1057.71, 90=294, 99=2947, 99.9=203263, 99.99=208383] [CLEANUP: Count=1, Max=1432, Min=1432, Avg=1432, 90=1432, 99=1432, 99.9=1432, 99.99=1432] [UPDATE: Count=720, Max=202495, Min=83, Avg=495.77, 90=283, 99=2547, 99.9=7463, 99.99=202495] 
[OVERALL], RunTime(ms), 61073
[OVERALL], Throughput(ops/sec), 2048.1227383622877
[TOTAL_GCS_Copy], Count, 12
[TOTAL_GC_TIME_Copy], Time(ms), 15
[TOTAL_GC_TIME_%_Copy], Time(%), 0.024560771535703175
[TOTAL_GCS_MarkSweepCompact], Count, 0
[TOTAL_GC_TIME_MarkSweepCompact], Time(ms), 0
[TOTAL_GC_TIME_%_MarkSweepCompact], Time(%), 0.0
[TOTAL_GCs], Count, 12
[TOTAL_GC_TIME], Time(ms), 15
[TOTAL_GC_TIME_%], Time(%), 0.024560771535703175
[READ], Operations, 62449
[READ], AverageLatency(us), 486.3326234207113
[READ], MinLatency(us), 79
[READ], MaxLatency(us), 210943
[READ], 95thPercentileLatency(us), 295
[READ], 99thPercentileLatency(us), 2467
[READ], Return=OK, 62449
[CLEANUP], Operations, 1
[CLEANUP], AverageLatency(us), 1432.0
[CLEANUP], MinLatency(us), 1432
[CLEANUP], MaxLatency(us), 1432
[CLEANUP], 95thPercentileLatency(us), 1432
[CLEANUP], 99thPercentileLatency(us), 1432
[UPDATE], Operations, 62636
[UPDATE], AverageLatency(us), 481.23904783191773
[UPDATE], MinLatency(us), 78
[UPDATE], MaxLatency(us), 209279
[UPDATE], 95thPercentileLatency(us), 292
[UPDATE], 99thPercentileLatency(us), 2507
[UPDATE], Return=OK, 62636
AUTOTEST_DONE
