/nix/store/2vwkssqpzykk37r996cafq7x63imf4sp-openjdk-21+35/bin/java  -classpath /nix/store/zw02np72fzsmga6s5mphhw7x8qlzf4sv-ycsb-0.17.0/share/conf:/nix/store/zw02np72fzsmga6s5mphhw7x8qlzf4sv-ycsb-0.17.0/share/lib/core-0.17.0.jar:/nix/store/zw02np72fzsmga6s5mphhw7x8qlzf4sv-ycsb-0.17.0/share/lib/HdrHistogram-2.1.4.jar:/nix/store/zw02np72fzsmga6s5mphhw7x8qlzf4sv-ycsb-0.17.0/share/lib/htrace-core4-4.1.0-incubating.jar:/nix/store/zw02np72fzsmga6s5mphhw7x8qlzf4sv-ycsb-0.17.0/share/lib/jackson-core-asl-1.9.4.jar:/nix/store/zw02np72fzsmga6s5mphhw7x8qlzf4sv-ycsb-0.17.0/share/lib/jackson-mapper-asl-1.9.4.jar:/nix/store/zw02np72fzsmga6s5mphhw7x8qlzf4sv-ycsb-0.17.0/share/redis-binding/lib/commons-pool2-2.4.2.jar:/nix/store/zw02np72fzsmga6s5mphhw7x8qlzf4sv-ycsb-0.17.0/share/redis-binding/lib/jedis-2.9.0.jar:/nix/store/zw02np72fzsmga6s5mphhw7x8qlzf4sv-ycsb-0.17.0/share/redis-binding/lib/redis-binding-0.17.0.jar site.ycsb.Client -t -db site.ycsb.db.RedisClient -s -P /home/host/vmuxIO/test/moonprogs//../../ycsb/share/workloads/workloada -p redis.host=10.1.0.2 -p redis.port=6379 -p operationcount=429496729 -p maxexecutiontime=61 -threads 1
Command line: -t -db site.ycsb.db.RedisClient -s -P /home/host/vmuxIO/test/moonprogs//../../ycsb/share/workloads/workloada -p redis.host=10.1.0.2 -p redis.port=6379 -p operationcount=429496729 -p maxexecutiontime=61 -threads 1
YCSB Client 0.17.0

Loading workload...
Starting test.
Maximum execution time specified as: 61 secs
DBWrapper: report latency for each error is false and specific error codes to track for latency are: []
2024-06-30 01:22:15:152 0 sec: 0 operations; est completion in 0 second 
2024-06-30 01:22:24:985 10 sec: 28822 operations; 2882.2 current ops/sec; est completion in 1 day 17 hours [READ: Count=14416, Max=19519, Min=200, Avg=332.34, 90=427, 99=517, 99.9=2501, 99.99=14559] [UPDATE: Count=14561, Max=27231, Min=205, Avg=332.51, 90=428, 99=527, 99.9=2046, 99.99=20959] 
2024-06-30 01:22:34:986 20 sec: 59240 operations; 3041.5 current ops/sec; est completion in 1 day 16 hours [READ: Count=15103, Max=3617, Min=174, Avg=320, 90=425, 99=508, 99.9=743, 99.99=2537] [UPDATE: Count=15169, Max=8935, Min=182, Avg=323.91, 90=430, 99=521, 99.9=836, 99.99=2719] 
2024-06-30 01:22:44:985 30 sec: 87297 operations; 2805.7 current ops/sec; est completion in 1 day 16 hours [READ: Count=13967, Max=5243, Min=206, Avg=347.33, 90=467, 99=701, 99.9=1017, 99.99=4515] [UPDATE: Count=14099, Max=3635, Min=202, Avg=346.22, 90=464, 99=704, 99.9=1028, 99.99=3439] 
2024-06-30 01:22:54:984 40 sec: 119500 operations; 3220.62 current ops/sec; est completion in 1 day 15 hours [READ: Count=16119, Max=6579, Min=191, Avg=310.85, 90=404, 99=463, 99.9=680, 99.99=2821] [UPDATE: Count=16066, Max=2575, Min=181, Avg=305.25, 90=400, 99=454, 99.9=531, 99.99=2063] 
2024-06-30 01:23:04:984 50 sec: 151128 operations; 3162.8 current ops/sec; est completion in 1 day 15 hours [READ: Count=15779, Max=2643, Min=188, Avg=315.56, 90=410, 99=459, 99.9=625, 99.99=1564] [UPDATE: Count=15849, Max=9207, Min=191, Avg=312.95, 90=407, 99=455, 99.9=585, 99.99=2709] 
2024-06-30 01:23:14:984 60 sec: 181381 operations; 3025.3 current ops/sec; est completion in 1 day 15 hours [READ: Count=15127, Max=7739, Min=196, Avg=331.09, 90=432, 99=503, 99.9=731, 99.99=3269] [UPDATE: Count=15126, Max=2441, Min=186, Avg=325.55, 90=429, 99=498, 99.9=645, 99.99=832] 
Maximum time elapsed. Requesting stop for the workload.
Stop requested for workload. Now Joining!
2024-06-30 01:23:15:995 61 sec: 185165 operations; 3742.83 current ops/sec; est completion in 1 day 15 hours [READ: Count=1930, Max=4039, Min=193, Avg=266.67, 90=390, 99=450, 99.9=520, 99.99=4039] [CLEANUP: Count=1, Max=1070, Min=1070, Avg=1070, 90=1070, 99=1070, 99.9=1070, 99.99=1070] [UPDATE: Count=1854, Max=673, Min=195, Avg=262.87, 90=381, 99=455, 99.9=474, 99.99=673] 
[OVERALL], RunTime(ms), 61018
[OVERALL], Throughput(ops/sec), 3034.5963486184405
[TOTAL_GCS_Copy], Count, 17
[TOTAL_GC_TIME_Copy], Time(ms), 27
[TOTAL_GC_TIME_%_Copy], Time(%), 0.044249237929791206
[TOTAL_GCS_MarkSweepCompact], Count, 0
[TOTAL_GC_TIME_MarkSweepCompact], Time(ms), 0
[TOTAL_GC_TIME_%_MarkSweepCompact], Time(%), 0.0
[TOTAL_GCs], Count, 17
[TOTAL_GC_TIME], Time(ms), 27
[TOTAL_GC_TIME_%], Time(%), 0.044249237929791206
[READ], Operations, 92441
[READ], AverageLatency(us), 324.4011964388096
[READ], MinLatency(us), 174
[READ], MaxLatency(us), 19519
[READ], 95thPercentileLatency(us), 450
[READ], 99thPercentileLatency(us), 536
[READ], Return=OK, 92441
[CLEANUP], Operations, 1
[CLEANUP], AverageLatency(us), 1070.0
[CLEANUP], MinLatency(us), 1070
[CLEANUP], MaxLatency(us), 1070
[CLEANUP], 95thPercentileLatency(us), 1070
[CLEANUP], 99thPercentileLatency(us), 1070
[UPDATE], Operations, 92724
[UPDATE], AverageLatency(us), 322.5935033001165
[UPDATE], MinLatency(us), 181
[UPDATE], MaxLatency(us), 27231
[UPDATE], 95thPercentileLatency(us), 449
[UPDATE], 99thPercentileLatency(us), 538
[UPDATE], Return=OK, 92724
AUTOTEST_DONE
