/nix/store/2vwkssqpzykk37r996cafq7x63imf4sp-openjdk-21+35/bin/java  -classpath /nix/store/zw02np72fzsmga6s5mphhw7x8qlzf4sv-ycsb-0.17.0/share/conf:/nix/store/zw02np72fzsmga6s5mphhw7x8qlzf4sv-ycsb-0.17.0/share/lib/core-0.17.0.jar:/nix/store/zw02np72fzsmga6s5mphhw7x8qlzf4sv-ycsb-0.17.0/share/lib/HdrHistogram-2.1.4.jar:/nix/store/zw02np72fzsmga6s5mphhw7x8qlzf4sv-ycsb-0.17.0/share/lib/htrace-core4-4.1.0-incubating.jar:/nix/store/zw02np72fzsmga6s5mphhw7x8qlzf4sv-ycsb-0.17.0/share/lib/jackson-core-asl-1.9.4.jar:/nix/store/zw02np72fzsmga6s5mphhw7x8qlzf4sv-ycsb-0.17.0/share/lib/jackson-mapper-asl-1.9.4.jar:/nix/store/zw02np72fzsmga6s5mphhw7x8qlzf4sv-ycsb-0.17.0/share/redis-binding/lib/commons-pool2-2.4.2.jar:/nix/store/zw02np72fzsmga6s5mphhw7x8qlzf4sv-ycsb-0.17.0/share/redis-binding/lib/jedis-2.9.0.jar:/nix/store/zw02np72fzsmga6s5mphhw7x8qlzf4sv-ycsb-0.17.0/share/redis-binding/lib/redis-binding-0.17.0.jar site.ycsb.Client -t -db site.ycsb.db.RedisClient -s -P /home/host/vmuxIO/test/moonprogs//../../ycsb/share/workloads/workloada -p redis.host=10.1.0.2 -p redis.port=6379 -p operationcount=429496729 -p maxexecutiontime=61 -threads 1
Command line: -t -db site.ycsb.db.RedisClient -s -P /home/host/vmuxIO/test/moonprogs//../../ycsb/share/workloads/workloada -p redis.host=10.1.0.2 -p redis.port=6379 -p operationcount=429496729 -p maxexecutiontime=61 -threads 1
YCSB Client 0.17.0

Loading workload...
Starting test.
Maximum execution time specified as: 61 secs
DBWrapper: report latency for each error is false and specific error codes to track for latency are: []
2024-06-30 01:22:14:056 0 sec: 0 operations; est completion in 0 second [UPDATE: Count=1, Max=24895, Min=24880, Avg=24888, 90=24895, 99=24895, 99.9=24895, 99.99=24895] 
2024-06-30 01:22:23:888 10 sec: 30453 operations; 3045 current ops/sec; est completion in 1 day 15 hours [READ: Count=15080, Max=30687, Min=186, Avg=315.4, 90=406, 99=488, 99.9=2385, 99.99=6307] [UPDATE: Count=15461, Max=5711, Min=206, Avg=313.12, 90=407, 99=497, 99.9=2249, 99.99=4251] 
2024-06-30 01:22:33:890 20 sec: 61572 operations; 3110.97 current ops/sec; est completion in 1 day 14 hours [READ: Count=15437, Max=3491, Min=199, Avg=314.5, 90=413, 99=478, 99.9=914, 99.99=2863] [UPDATE: Count=15636, Max=4387, Min=202, Avg=314.1, 90=415, 99=484, 99.9=804, 99.99=2747] 
2024-06-30 01:22:43:889 30 sec: 92802 operations; 3123.62 current ops/sec; est completion in 1 day 14 hours [READ: Count=15567, Max=3151, Min=196, Avg=319.2, 90=418, 99=555, 99.9=803, 99.99=2593] [UPDATE: Count=15620, Max=2967, Min=188, Avg=315.41, 90=414, 99=554, 99.9=809, 99.99=2681] 
2024-06-30 01:22:53:887 40 sec: 125612 operations; 3281.33 current ops/sec; est completion in 1 day 13 hours [READ: Count=16295, Max=2731, Min=176, Avg=305.35, 90=385, 99=476, 99.9=585, 99.99=2613] [UPDATE: Count=16515, Max=10927, Min=177, Avg=299.98, 90=382, 99=474, 99.9=576, 99.99=2457] 
2024-06-30 01:23:03:887 50 sec: 156955 operations; 3134.3 current ops/sec; est completion in 1 day 13 hours [READ: Count=15418, Max=6639, Min=190, Avg=318.83, 90=413, 99=464, 99.9=699, 99.99=2853] [UPDATE: Count=15925, Max=7135, Min=180, Avg=315.49, 90=412, 99=460, 99.9=549, 99.99=3143] 
2024-06-30 01:23:13:887 60 sec: 187293 operations; 3033.8 current ops/sec; est completion in 1 day 14 hours [READ: Count=15232, Max=3183, Min=201, Avg=329.11, 90=431, 99=546, 99.9=708, 99.99=2417] [UPDATE: Count=15106, Max=6363, Min=198, Avg=325.88, 90=428, 99=539, 99.9=696, 99.99=2647] 
Maximum time elapsed. Requesting stop for the workload.
Stop requested for workload. Now Joining!
2024-06-30 01:23:14:898 61 sec: 190542 operations; 3213.65 current ops/sec; est completion in 1 day 14 hours [READ: Count=1660, Max=3347, Min=193, Avg=310.29, 90=415, 99=475, 99.9=597, 99.99=3347] [CLEANUP: Count=1, Max=1180, Min=1180, Avg=1180, 90=1180, 99=1180, 99.9=1180, 99.99=1180] [UPDATE: Count=1589, Max=917, Min=205, Avg=307.26, 90=410, 99=477, 99.9=597, 99.99=917] 
[OVERALL], RunTime(ms), 61015
[OVERALL], Throughput(ops/sec), 3122.8714250594116
[TOTAL_GCS_Copy], Count, 18
[TOTAL_GC_TIME_Copy], Time(ms), 22
[TOTAL_GC_TIME_%_Copy], Time(%), 0.03605670736704089
[TOTAL_GCS_MarkSweepCompact], Count, 0
[TOTAL_GC_TIME_MarkSweepCompact], Time(ms), 0
[TOTAL_GC_TIME_%_MarkSweepCompact], Time(%), 0.0
[TOTAL_GCs], Count, 18
[TOTAL_GC_TIME], Time(ms), 22
[TOTAL_GC_TIME_%], Time(%), 0.03605670736704089
[READ], Operations, 94689
[READ], AverageLatency(us), 316.8222074369779
[READ], MinLatency(us), 176
[READ], MaxLatency(us), 30687
[READ], 95thPercentileLatency(us), 437
[READ], 99thPercentileLatency(us), 501
[READ], Return=OK, 94689
[CLEANUP], Operations, 1
[CLEANUP], AverageLatency(us), 1180.0
[CLEANUP], MinLatency(us), 1180
[CLEANUP], MaxLatency(us), 1180
[CLEANUP], 95thPercentileLatency(us), 1180
[CLEANUP], 99thPercentileLatency(us), 1180
[UPDATE], Operations, 95853
[UPDATE], AverageLatency(us), 313.95497271864207
[UPDATE], MinLatency(us), 177
[UPDATE], MaxLatency(us), 24895
[UPDATE], 95thPercentileLatency(us), 436
[UPDATE], 99thPercentileLatency(us), 500
[UPDATE], Return=OK, 95853
AUTOTEST_DONE
