EAL: Detected CPU lcores: 24
EAL: Detected NUMA nodes: 1
EAL: Static memory layout is selected, amount of reserved memory can be adjusted with -m or --socket-mem
EAL: Detected shared linkage of DPDK
EAL: Multi-process socket /var/run/dpdk/rte/mp_socket
EAL: Selected IOVA mode 'VA'
EAL: VFIO support initialized
EAL: Using IOMMU type 1 (Type 1)
EAL: Ignore mapping IO port bar(1)
EAL: Ignore mapping IO port bar(4)
EAL: Probe PCI driver: net_ice (8086:1592) device: 0000:51:00.0 (socket 0)
ice_load_pkg_type(): Active package is: 1.3.26.0, ICE OS Default Package (single VLAN mode)
TELEMETRY: No legacy callbacks, legacy socket not created
[1;33m[WARN]  malloc() allocates objects >= 1 MiB from LuaJIT memory space.[0m
[1;33m[WARN]  Install libjemalloc if you encounter out of memory errors.[0m
[1;37m[INFO]  Initializing DPDK. This will take a few seconds...[0m
[1;37m[INFO]  Found 1 usable devices:[0m
   Device 0: B4:96:91:B3:8B:04 ([0;32mIntel Corporation Ethernet Controller E810-C for QSFP[0m)
[1;37m[INFO]  Waiting for devices to come up...[0m
[1;37m[INFO]  Device 0 (B4:96:91:B3:8B:04) is up: full-duplex 100000 MBit/s[0m
[1;37m[INFO]  [0;32m1 device is up.[0m[0m
[1;36m[Device: id=0] RX[0m: 0.03 Mpps, 16 Mbit/s (22 Mbit/s with framing)
[0;34m[Device: id=0] TX[0m: 1.05 Mpps, 538 Mbit/s (707 Mbit/s with framing)
[1;36m[Device: id=0] RX[0m: 0.00 Mpps, 0 Mbit/s (0 Mbit/s with framing)
[0;34m[Device: id=0] TX[0m: 1.05 Mpps, 538 Mbit/s (707 Mbit/s with framing)
[1;36m[Device: id=0] RX[0m: 0.00 Mpps, 0 Mbit/s (0 Mbit/s with framing)
[0;34m[Device: id=0] TX[0m: 1.05 Mpps, 538 Mbit/s (707 Mbit/s with framing)
[1;36m[Device: id=0] RX[0m: 0.00 Mpps, 0 Mbit/s (0 Mbit/s with framing)
[0;34m[Device: id=0] TX[0m: 1.05 Mpps, 538 Mbit/s (707 Mbit/s with framing)
[1;36m[Device: id=0] RX[0m: 0.00 Mpps, 0 Mbit/s (0 Mbit/s with framing)
[0;34m[Device: id=0] TX[0m: 1.05 Mpps, 538 Mbit/s (707 Mbit/s with framing)
[1;36m[Device: id=0] RX[0m: 0.00 Mpps, 0 Mbit/s (0 Mbit/s with framing)
[0;34m[Device: id=0] TX[0m: 1.05 Mpps, 538 Mbit/s (707 Mbit/s with framing)
[1;36m[Device: id=0] RX[0m: 0.00 Mpps, 0 Mbit/s (0 Mbit/s with framing)
[0;34m[Device: id=0] TX[0m: 1.05 Mpps, 538 Mbit/s (707 Mbit/s with framing)
[1;36m[Device: id=0] RX[0m: 0.05 Mpps, 25 Mbit/s (33 Mbit/s with framing)
[0;34m[Device: id=0] TX[0m: 1.05 Mpps, 538 Mbit/s (707 Mbit/s with framing)
[1;36m[Device: id=0] RX[0m: 0.00 Mpps, 0 Mbit/s (0 Mbit/s with framing)
[0;34m[Device: id=0] TX[0m: 1.05 Mpps, 538 Mbit/s (707 Mbit/s with framing)
[1;36m[Device: id=0] RX[0m: 0.00 Mpps, 0 Mbit/s (0 Mbit/s with framing)
[0;34m[Device: id=0] TX[0m: 1.05 Mpps, 538 Mbit/s (707 Mbit/s with framing)
[1;36m[Device: id=0] RX[0m: 0.00 Mpps, 0 Mbit/s (0 Mbit/s with framing)
[0;34m[Device: id=0] TX[0m: 1.05 Mpps, 538 Mbit/s (707 Mbit/s with framing)
[1;36m[Device: id=0] RX[0m: 0.00 Mpps, 0 Mbit/s (0 Mbit/s with framing)
[0;34m[Device: id=0] TX[0m: 1.05 Mpps, 538 Mbit/s (707 Mbit/s with framing)
[1;36m[Device: id=0] RX[0m: 0.00 Mpps, 0 Mbit/s (0 Mbit/s with framing)
[0;34m[Device: id=0] TX[0m: 1.05 Mpps, 538 Mbit/s (707 Mbit/s with framing)
[1;36m[Device: id=0] RX[0m: 0.00 Mpps, 0 Mbit/s (0 Mbit/s with framing)
[0;34m[Device: id=0] TX[0m: 1.05 Mpps, 538 Mbit/s (707 Mbit/s with framing)
[1;36m[Device: id=0] RX[0m: 0.00 Mpps, 0 Mbit/s (0 Mbit/s with framing)
[0;34m[Device: id=0] TX[0m: 1.05 Mpps, 538 Mbit/s (707 Mbit/s with framing)
[1;36m[Device: id=0] RX[0m: 0.00 Mpps, 0 Mbit/s (0 Mbit/s with framing)
[0;34m[Device: id=0] TX[0m: 1.05 Mpps, 538 Mbit/s (707 Mbit/s with framing)
[1;36m[Device: id=0] RX[0m: 0.00 Mpps, 0 Mbit/s (0 Mbit/s with framing)
[0;34m[Device: id=0] TX[0m: 1.05 Mpps, 538 Mbit/s (707 Mbit/s with framing)
[1;36m[Device: id=0] RX[0m: 0.00 Mpps, 0 Mbit/s (0 Mbit/s with framing)
[0;34m[Device: id=0] TX[0m: 1.05 Mpps, 538 Mbit/s (707 Mbit/s with framing)
[1;36m[Device: id=0] RX[0m: 0.00 Mpps, 0 Mbit/s (0 Mbit/s with framing)
[0;34m[Device: id=0] TX[0m: 1.05 Mpps, 538 Mbit/s (707 Mbit/s with framing)
[1;36m[Device: id=0] RX[0m: 0.00 Mpps, 0 Mbit/s (0 Mbit/s with framing)
[0;34m[Device: id=0] TX[0m: 1.05 Mpps, 538 Mbit/s (707 Mbit/s with framing)
[1;36m[Device: id=0] RX[0m: 0.00 Mpps, 0 Mbit/s (0 Mbit/s with framing)
[0;34m[Device: id=0] TX[0m: 1.05 Mpps, 538 Mbit/s (707 Mbit/s with framing)
[1;36m[Device: id=0] RX[0m: 0.00 Mpps, 0 Mbit/s (0 Mbit/s with framing)
[0;34m[Device: id=0] TX[0m: 1.05 Mpps, 538 Mbit/s (707 Mbit/s with framing)
[1;36m[Device: id=0] RX[0m: 0.00 Mpps, 0 Mbit/s (0 Mbit/s with framing)
[0;34m[Device: id=0] TX[0m: 1.05 Mpps, 538 Mbit/s (707 Mbit/s with framing)
[1;36m[Device: id=0] RX[0m: 0.00 Mpps, 0 Mbit/s (0 Mbit/s with framing)
[0;34m[Device: id=0] TX[0m: 1.05 Mpps, 538 Mbit/s (707 Mbit/s with framing)
[1;36m[Device: id=0] RX[0m: 0.00 Mpps, 0 Mbit/s (0 Mbit/s with framing)
[0;34m[Device: id=0] TX[0m: 1.05 Mpps, 538 Mbit/s (707 Mbit/s with framing)
[1;36m[Device: id=0] RX[0m: 0.00 Mpps, 0 Mbit/s (0 Mbit/s with framing)
[0;34m[Device: id=0] TX[0m: 1.05 Mpps, 538 Mbit/s (707 Mbit/s with framing)
[1;36m[Device: id=0] RX[0m: 0.00 Mpps, 0 Mbit/s (0 Mbit/s with framing)
[0;34m[Device: id=0] TX[0m: 1.05 Mpps, 538 Mbit/s (707 Mbit/s with framing)
[1;36m[Device: id=0] RX[0m: 0.00 Mpps, 0 Mbit/s (0 Mbit/s with framing)
[0;34m[Device: id=0] TX[0m: 1.05 Mpps, 538 Mbit/s (707 Mbit/s with framing)
[1;36m[Device: id=0] RX[0m: 0.00 Mpps, 0 Mbit/s (0 Mbit/s with framing)
[0;34m[Device: id=0] TX[0m: 1.05 Mpps, 538 Mbit/s (707 Mbit/s with framing)
Samples: 7, Average: 5203640.7 ns, StdDev: 1515945.2 ns, Quartiles: 4185738.0/6049184.0/7167899.0 ns
[1;37m[INFO]  Saving histogram to '/tmp/histogram.csv'[0m
[1;36m[Device: id=0] RX[0m: 0.00 (StdDev 0.01) Mpps, 1 (StdDev 5) Mbit/s (1 Mbit/s with framing), total 81188 packets with 5196042 bytes (incl. CRC)
[0;34m[Device: id=0] TX[0m: 1.05 (StdDev 0.00) Mpps, 538 (StdDev 0) Mbit/s (707 Mbit/s with framing), total 31466977 packets with 2013886528 bytes (incl. CRC)
