EAL: Detected CPU lcores: 24
EAL: Detected NUMA nodes: 1
EAL: Static memory layout is selected, amount of reserved memory can be adjusted with -m or --socket-mem
EAL: Detected shared linkage of DPDK
EAL: Multi-process socket /var/run/dpdk/rte/mp_socket
EAL: Selected IOVA mode 'VA'
EAL: VFIO support initialized
EAL: Using IOMMU type 1 (Type 1)
EAL: Ignore mapping IO port bar(1)
EAL: Ignore mapping IO port bar(4)
EAL: Probe PCI driver: net_ice (8086:1592) device: 0000:51:00.0 (socket 0)
ice_load_pkg_type(): Active package is: 1.3.26.0, ICE OS Default Package (single VLAN mode)
TELEMETRY: No legacy callbacks, legacy socket not created
[1;33m[WARN]  malloc() allocates objects >= 1 MiB from LuaJIT memory space.[0m
[1;33m[WARN]  Install libjemalloc if you encounter out of memory errors.[0m
[1;37m[INFO]  Initializing DPDK. This will take a few seconds...[0m
[1;37m[INFO]  Found 1 usable devices:[0m
   Device 0: B4:96:91:B3:8B:04 ([0;32mIntel Corporation Ethernet Controller E810-C for QSFP[0m)
[1;37m[INFO]  Waiting for devices to come up...[0m
[1;37m[INFO]  Device 0 (B4:96:91:B3:8B:04) is up: full-duplex 100000 MBit/s[0m
[1;37m[INFO]  [0;32m1 device is up.[0m[0m
[1;36m[Device: id=0] RX[0m: 0.89 Mpps, 458 Mbit/s (601 Mbit/s with framing)
[0;34m[Device: id=0] TX[0m: 1.34 Mpps, 688 Mbit/s (904 Mbit/s with framing)
[1;36m[Device: id=0] RX[0m: 0.90 Mpps, 460 Mbit/s (604 Mbit/s with framing)
[0;34m[Device: id=0] TX[0m: 1.34 Mpps, 689 Mbit/s (904 Mbit/s with framing)
[1;36m[Device: id=0] RX[0m: 0.91 Mpps, 468 Mbit/s (614 Mbit/s with framing)
[0;34m[Device: id=0] TX[0m: 1.34 Mpps, 689 Mbit/s (904 Mbit/s with framing)
[1;36m[Device: id=0] RX[0m: 0.89 Mpps, 456 Mbit/s (599 Mbit/s with framing)
[0;34m[Device: id=0] TX[0m: 1.34 Mpps, 689 Mbit/s (904 Mbit/s with framing)
[1;36m[Device: id=0] RX[0m: 0.89 Mpps, 457 Mbit/s (600 Mbit/s with framing)
[0;34m[Device: id=0] TX[0m: 1.34 Mpps, 689 Mbit/s (904 Mbit/s with framing)
[1;36m[Device: id=0] RX[0m: 0.89 Mpps, 457 Mbit/s (600 Mbit/s with framing)
[0;34m[Device: id=0] TX[0m: 1.34 Mpps, 689 Mbit/s (904 Mbit/s with framing)
[1;36m[Device: id=0] RX[0m: 0.90 Mpps, 462 Mbit/s (607 Mbit/s with framing)
[0;34m[Device: id=0] TX[0m: 1.34 Mpps, 689 Mbit/s (904 Mbit/s with framing)
[1;36m[Device: id=0] RX[0m: 0.91 Mpps, 465 Mbit/s (611 Mbit/s with framing)
[0;34m[Device: id=0] TX[0m: 1.34 Mpps, 689 Mbit/s (904 Mbit/s with framing)
[1;36m[Device: id=0] RX[0m: 0.90 Mpps, 462 Mbit/s (606 Mbit/s with framing)
[0;34m[Device: id=0] TX[0m: 1.34 Mpps, 689 Mbit/s (904 Mbit/s with framing)
[1;36m[Device: id=0] RX[0m: 0.89 Mpps, 457 Mbit/s (600 Mbit/s with framing)
[0;34m[Device: id=0] TX[0m: 1.34 Mpps, 689 Mbit/s (904 Mbit/s with framing)
[1;36m[Device: id=0] RX[0m: 0.89 Mpps, 454 Mbit/s (596 Mbit/s with framing)
[0;34m[Device: id=0] TX[0m: 1.34 Mpps, 689 Mbit/s (904 Mbit/s with framing)
[1;36m[Device: id=0] RX[0m: 0.89 Mpps, 455 Mbit/s (597 Mbit/s with framing)
[0;34m[Device: id=0] TX[0m: 1.34 Mpps, 689 Mbit/s (904 Mbit/s with framing)
[1;36m[Device: id=0] RX[0m: 0.89 Mpps, 454 Mbit/s (596 Mbit/s with framing)
[0;34m[Device: id=0] TX[0m: 1.34 Mpps, 689 Mbit/s (904 Mbit/s with framing)
[1;36m[Device: id=0] RX[0m: 0.89 Mpps, 453 Mbit/s (595 Mbit/s with framing)
[0;34m[Device: id=0] TX[0m: 1.34 Mpps, 689 Mbit/s (904 Mbit/s with framing)
[1;36m[Device: id=0] RX[0m: 0.89 Mpps, 454 Mbit/s (595 Mbit/s with framing)
[0;34m[Device: id=0] TX[0m: 1.34 Mpps, 689 Mbit/s (904 Mbit/s with framing)
[1;36m[Device: id=0] RX[0m: 0.89 Mpps, 454 Mbit/s (596 Mbit/s with framing)
[0;34m[Device: id=0] TX[0m: 1.34 Mpps, 689 Mbit/s (904 Mbit/s with framing)
[1;36m[Device: id=0] RX[0m: 0.88 Mpps, 453 Mbit/s (595 Mbit/s with framing)
[0;34m[Device: id=0] TX[0m: 1.34 Mpps, 689 Mbit/s (904 Mbit/s with framing)
[1;36m[Device: id=0] RX[0m: 0.89 Mpps, 453 Mbit/s (595 Mbit/s with framing)
[0;34m[Device: id=0] TX[0m: 1.34 Mpps, 689 Mbit/s (904 Mbit/s with framing)
[1;36m[Device: id=0] RX[0m: 0.89 Mpps, 454 Mbit/s (595 Mbit/s with framing)
[0;34m[Device: id=0] TX[0m: 1.34 Mpps, 689 Mbit/s (904 Mbit/s with framing)
[1;36m[Device: id=0] RX[0m: 0.89 Mpps, 458 Mbit/s (601 Mbit/s with framing)
[0;34m[Device: id=0] TX[0m: 1.34 Mpps, 689 Mbit/s (904 Mbit/s with framing)
[1;36m[Device: id=0] RX[0m: 0.89 Mpps, 454 Mbit/s (596 Mbit/s with framing)
[0;34m[Device: id=0] TX[0m: 1.34 Mpps, 689 Mbit/s (904 Mbit/s with framing)
[1;36m[Device: id=0] RX[0m: 0.89 Mpps, 454 Mbit/s (596 Mbit/s with framing)
[0;34m[Device: id=0] TX[0m: 1.34 Mpps, 689 Mbit/s (904 Mbit/s with framing)
[1;36m[Device: id=0] RX[0m: 0.89 Mpps, 455 Mbit/s (597 Mbit/s with framing)
[0;34m[Device: id=0] TX[0m: 1.34 Mpps, 689 Mbit/s (904 Mbit/s with framing)
[1;36m[Device: id=0] RX[0m: 0.88 Mpps, 453 Mbit/s (594 Mbit/s with framing)
[0;34m[Device: id=0] TX[0m: 1.34 Mpps, 689 Mbit/s (904 Mbit/s with framing)
[1;36m[Device: id=0] RX[0m: 0.89 Mpps, 456 Mbit/s (599 Mbit/s with framing)
[0;34m[Device: id=0] TX[0m: 1.34 Mpps, 689 Mbit/s (904 Mbit/s with framing)
[1;36m[Device: id=0] RX[0m: 0.89 Mpps, 455 Mbit/s (597 Mbit/s with framing)
[0;34m[Device: id=0] TX[0m: 1.34 Mpps, 689 Mbit/s (904 Mbit/s with framing)
[1;36m[Device: id=0] RX[0m: 0.89 Mpps, 455 Mbit/s (597 Mbit/s with framing)
[0;34m[Device: id=0] TX[0m: 1.34 Mpps, 689 Mbit/s (904 Mbit/s with framing)
[1;36m[Device: id=0] RX[0m: 0.90 Mpps, 462 Mbit/s (607 Mbit/s with framing)
[0;34m[Device: id=0] TX[0m: 1.34 Mpps, 689 Mbit/s (904 Mbit/s with framing)
[1;36m[Device: id=0] RX[0m: 0.90 Mpps, 462 Mbit/s (607 Mbit/s with framing)
[0;34m[Device: id=0] TX[0m: 1.34 Mpps, 689 Mbit/s (904 Mbit/s with framing)
Samples: 1551, Average: 2232975.2 ns, StdDev: 47784.8 ns, Quartiles: 2201704.0/2240206.0/2257792.0 ns
[1;37m[INFO]  Saving histogram to '/tmp/histogram.csv'[0m
[1;36m[Device: id=0] RX[0m: 0.89 (StdDev 0.01) Mpps, 457 (StdDev 4) Mbit/s (600 Mbit/s with framing), total 26735798 packets with 1711091610 bytes (incl. CRC)
[0;34m[Device: id=0] TX[0m: 1.34 (StdDev 0.00) Mpps, 689 (StdDev 0) Mbit/s (904 Mbit/s with framing), total 40256009 packets with 2576384576 bytes (incl. CRC)
