/nix/store/2vwkssqpzykk37r996cafq7x63imf4sp-openjdk-21+35/bin/java  -classpath /nix/store/zw02np72fzsmga6s5mphhw7x8qlzf4sv-ycsb-0.17.0/share/conf:/nix/store/zw02np72fzsmga6s5mphhw7x8qlzf4sv-ycsb-0.17.0/share/lib/core-0.17.0.jar:/nix/store/zw02np72fzsmga6s5mphhw7x8qlzf4sv-ycsb-0.17.0/share/lib/HdrHistogram-2.1.4.jar:/nix/store/zw02np72fzsmga6s5mphhw7x8qlzf4sv-ycsb-0.17.0/share/lib/htrace-core4-4.1.0-incubating.jar:/nix/store/zw02np72fzsmga6s5mphhw7x8qlzf4sv-ycsb-0.17.0/share/lib/jackson-core-asl-1.9.4.jar:/nix/store/zw02np72fzsmga6s5mphhw7x8qlzf4sv-ycsb-0.17.0/share/lib/jackson-mapper-asl-1.9.4.jar:/nix/store/zw02np72fzsmga6s5mphhw7x8qlzf4sv-ycsb-0.17.0/share/redis-binding/lib/commons-pool2-2.4.2.jar:/nix/store/zw02np72fzsmga6s5mphhw7x8qlzf4sv-ycsb-0.17.0/share/redis-binding/lib/jedis-2.9.0.jar:/nix/store/zw02np72fzsmga6s5mphhw7x8qlzf4sv-ycsb-0.17.0/share/redis-binding/lib/redis-binding-0.17.0.jar site.ycsb.Client -t -db site.ycsb.db.RedisClient -s -P /home/host/vmuxIO/test/moonprogs//../../ycsb/share/workloads/workloada -p redis.host=10.1.0.2 -p redis.port=6388 -p operationcount=429496729 -p maxexecutiontime=61 -threads 1
Command line: -t -db site.ycsb.db.RedisClient -s -P /home/host/vmuxIO/test/moonprogs//../../ycsb/share/workloads/workloada -p redis.host=10.1.0.2 -p redis.port=6388 -p operationcount=429496729 -p maxexecutiontime=61 -threads 1
YCSB Client 0.17.0

Loading workload...
Starting test.
Maximum execution time specified as: 61 secs
DBWrapper: report latency for each error is false and specific error codes to track for latency are: []
2025-04-18 12:36:33:201 0 sec: 0 operations; est completion in 0 second 
2025-04-18 12:36:43:042 10 sec: 29283 operations; 2928.01 current ops/sec; est completion in 1 day 16 hours [READ: Count=14614, Max=50175, Min=145, Avg=326.29, 90=338, 99=933, 99.9=3311, 99.99=8959] [UPDATE: Count=14687, Max=10871, Min=154, Avg=330.13, 90=343, 99=1212, 99.9=3479, 99.99=6723] 
2025-04-18 12:36:53:044 20 sec: 62483 operations; 3319.34 current ops/sec; est completion in 1 day 14 hours [READ: Count=16662, Max=3287, Min=145, Avg=295.52, 90=338, 99=456, 99.9=2713, 99.99=3157] [UPDATE: Count=16520, Max=4187, Min=140, Avg=295.77, 90=336, 99=460, 99.9=2893, 99.99=3333] 
2025-04-18 12:37:03:042 30 sec: 98297 operations; 3582.47 current ops/sec; est completion in 1 day 12 hours [READ: Count=18017, Max=4047, Min=144, Avg=277.92, 90=311, 99=355, 99.9=501, 99.99=2543] [UPDATE: Count=17797, Max=9183, Min=139, Avg=276.12, 90=311, 99=362, 99.9=494, 99.99=1890] 
2025-04-18 12:37:13:042 40 sec: 133601 operations; 3530.05 current ops/sec; est completion in 1 day 11 hours [READ: Count=17569, Max=4735, Min=143, Avg=282.51, 90=317, 99=367, 99.9=464, 99.99=726] [UPDATE: Count=17735, Max=836, Min=137, Avg=279.34, 90=316, 99=370, 99.9=441, 99.99=795] 
2025-04-18 12:37:23:042 50 sec: 167461 operations; 3386 current ops/sec; est completion in 1 day 11 hours [READ: Count=16881, Max=4623, Min=142, Avg=294.19, 90=341, 99=449, 99.9=578, 99.99=813] [UPDATE: Count=16979, Max=875, Min=141, Avg=290.97, 90=339, 99=450, 99.9=587, 99.99=757] 
2025-04-18 12:37:33:042 60 sec: 202916 operations; 3545.5 current ops/sec; est completion in 1 day 11 hours [READ: Count=17767, Max=837, Min=142, Avg=281.18, 90=316, 99=362, 99.9=436, 99.99=703] [UPDATE: Count=17688, Max=4847, Min=140, Avg=278.65, 90=316, 99=360, 99.9=438, 99.99=775] 
Maximum time elapsed. Requesting stop for the workload.
Stop requested for workload. Now Joining!
2025-04-18 12:37:34:055 61 sec: 206482 operations; 3520.24 current ops/sec; est completion in 1 day 11 hours [READ: Count=1801, Max=7007, Min=150, Avg=286.26, 90=312, 99=377, 99.9=793, 99.99=7007] [CLEANUP: Count=1, Max=1000, Min=1000, Avg=1000, 90=1000, 99=1000, 99.9=1000, 99.99=1000] [UPDATE: Count=1765, Max=1618, Min=142, Avg=276.84, 90=312, 99=358, 99.9=491, 99.99=1618] 
[OVERALL], RunTime(ms), 61018
[OVERALL], Throughput(ops/sec), 3383.9522763774626
[TOTAL_GCS_Copy], Count, 19
[TOTAL_GC_TIME_Copy], Time(ms), 18
[TOTAL_GC_TIME_%_Copy], Time(%), 0.02949949195319414
[TOTAL_GCS_MarkSweepCompact], Count, 0
[TOTAL_GC_TIME_MarkSweepCompact], Time(ms), 0
[TOTAL_GC_TIME_%_MarkSweepCompact], Time(%), 0.0
[TOTAL_GCs], Count, 19
[TOTAL_GC_TIME], Time(ms), 18
[TOTAL_GC_TIME_%], Time(%), 0.02949949195319414
[READ], Operations, 103311
[READ], AverageLatency(us), 291.746590392117
[READ], MinLatency(us), 142
[READ], MaxLatency(us), 50175
[READ], 95thPercentileLatency(us), 343
[READ], 99thPercentileLatency(us), 425
[READ], Return=OK, 103311
[CLEANUP], Operations, 1
[CLEANUP], AverageLatency(us), 1000.0
[CLEANUP], MinLatency(us), 1000
[CLEANUP], MaxLatency(us), 1000
[CLEANUP], 95thPercentileLatency(us), 1000
[CLEANUP], 99thPercentileLatency(us), 1000
[UPDATE], Operations, 103171
[UPDATE], AverageLatency(us), 290.3992691744773
[UPDATE], MinLatency(us), 137
[UPDATE], MaxLatency(us), 10871
[UPDATE], 95thPercentileLatency(us), 344
[UPDATE], 99thPercentileLatency(us), 430
[UPDATE], Return=OK, 103171
AUTOTEST_DONE
