/nix/store/2vwkssqpzykk37r996cafq7x63imf4sp-openjdk-21+35/bin/java  -classpath /nix/store/zw02np72fzsmga6s5mphhw7x8qlzf4sv-ycsb-0.17.0/share/conf:/nix/store/zw02np72fzsmga6s5mphhw7x8qlzf4sv-ycsb-0.17.0/share/lib/core-0.17.0.jar:/nix/store/zw02np72fzsmga6s5mphhw7x8qlzf4sv-ycsb-0.17.0/share/lib/HdrHistogram-2.1.4.jar:/nix/store/zw02np72fzsmga6s5mphhw7x8qlzf4sv-ycsb-0.17.0/share/lib/htrace-core4-4.1.0-incubating.jar:/nix/store/zw02np72fzsmga6s5mphhw7x8qlzf4sv-ycsb-0.17.0/share/lib/jackson-core-asl-1.9.4.jar:/nix/store/zw02np72fzsmga6s5mphhw7x8qlzf4sv-ycsb-0.17.0/share/lib/jackson-mapper-asl-1.9.4.jar:/nix/store/zw02np72fzsmga6s5mphhw7x8qlzf4sv-ycsb-0.17.0/share/redis-binding/lib/commons-pool2-2.4.2.jar:/nix/store/zw02np72fzsmga6s5mphhw7x8qlzf4sv-ycsb-0.17.0/share/redis-binding/lib/jedis-2.9.0.jar:/nix/store/zw02np72fzsmga6s5mphhw7x8qlzf4sv-ycsb-0.17.0/share/redis-binding/lib/redis-binding-0.17.0.jar site.ycsb.Client -t -db site.ycsb.db.RedisClient -s -P /home/host/vmuxIO/test/moonprogs//../../ycsb/share/workloads/workloada -p redis.host=10.1.0.2 -p redis.port=6390 -p operationcount=429496729 -p maxexecutiontime=61 -threads 1
Command line: -t -db site.ycsb.db.RedisClient -s -P /home/host/vmuxIO/test/moonprogs//../../ycsb/share/workloads/workloada -p redis.host=10.1.0.2 -p redis.port=6390 -p operationcount=429496729 -p maxexecutiontime=61 -threads 1
YCSB Client 0.17.0

Loading workload...
Starting test.
Maximum execution time specified as: 61 secs
DBWrapper: report latency for each error is false and specific error codes to track for latency are: []
2025-04-18 12:36:33:088 0 sec: 0 operations; est completion in 0 second 
2025-04-18 12:36:42:941 10 sec: 28467 operations; 2846.7 current ops/sec; est completion in 1 day 17 hours [READ: Count=14178, Max=46751, Min=148, Avg=336.85, 90=342, 99=1571, 99.9=3315, 99.99=8399] [UPDATE: Count=14327, Max=7331, Min=156, Avg=341.19, 90=348, 99=2357, 99.9=3375, 99.99=6763] 
2025-04-18 12:36:52:942 20 sec: 60718 operations; 3224.78 current ops/sec; est completion in 1 day 15 hours [READ: Count=15921, Max=3281, Min=148, Avg=305.78, 90=344, 99=472, 99.9=2877, 99.99=3205] [UPDATE: Count=16292, Max=4299, Min=148, Avg=303.52, 90=344, 99=470, 99.9=2873, 99.99=3559] 
2025-04-18 12:37:02:941 30 sec: 95428 operations; 3471.35 current ops/sec; est completion in 1 day 13 hours [READ: Count=17415, Max=4295, Min=143, Avg=286.89, 90=321, 99=377, 99.9=503, 99.99=2935] [UPDATE: Count=17295, Max=8911, Min=141, Avg=284.26, 90=320, 99=390, 99.9=531, 99.99=2401] 
2025-04-18 12:37:12:941 40 sec: 131374 operations; 3594.6 current ops/sec; est completion in 1 day 12 hours [READ: Count=17952, Max=5815, Min=144, Avg=278.13, 90=313, 99=355, 99.9=458, 99.99=942] [UPDATE: Count=17994, Max=995, Min=142, Avg=273.33, 90=313, 99=358, 99.9=434, 99.99=805] 
2025-04-18 12:37:22:941 50 sec: 165635 operations; 3426.1 current ops/sec; est completion in 1 day 12 hours [READ: Count=17060, Max=3869, Min=139, Avg=291.14, 90=339, 99=452, 99.9=590, 99.99=928] [UPDATE: Count=17201, Max=874, Min=145, Avg=287.5, 90=338, 99=450, 99.9=573, 99.99=780] 
2025-04-18 12:37:32:941 60 sec: 201758 operations; 3612.3 current ops/sec; est completion in 1 day 11 hours [READ: Count=18051, Max=2237, Min=146, Avg=275.96, 90=313, 99=361, 99.9=446, 99.99=783] [UPDATE: Count=18072, Max=6719, Min=145, Avg=273.49, 90=312, 99=369, 99.9=452, 99.99=821] 
Maximum time elapsed. Requesting stop for the workload.
Stop requested for workload. Now Joining!
2025-04-18 12:37:33:953 61 sec: 205453 operations; 3651.19 current ops/sec; est completion in 1 day 11 hours [READ: Count=1891, Max=2707, Min=147, Avg=271.02, 90=307, 99=360, 99.9=903, 99.99=2707] [CLEANUP: Count=1, Max=1095, Min=1095, Avg=1095, 90=1095, 99=1095, 99.9=1095, 99.99=1095] [UPDATE: Count=1804, Max=8455, Min=145, Avg=271.73, 90=305, 99=357, 99.9=1699, 99.99=8455] 
[OVERALL], RunTime(ms), 61017
[OVERALL], Throughput(ops/sec), 3367.143582935903
[TOTAL_GCS_Copy], Count, 19
[TOTAL_GC_TIME_Copy], Time(ms), 17
[TOTAL_GC_TIME_%_Copy], Time(%), 0.02786108789353787
[TOTAL_GCS_MarkSweepCompact], Count, 0
[TOTAL_GC_TIME_MarkSweepCompact], Time(ms), 0
[TOTAL_GC_TIME_%_MarkSweepCompact], Time(%), 0.0
[TOTAL_GCs], Count, 19
[TOTAL_GC_TIME], Time(ms), 17
[TOTAL_GC_TIME_%], Time(%), 0.02786108789353787
[READ], Operations, 102468
[READ], AverageLatency(us), 293.6936604598509
[READ], MinLatency(us), 139
[READ], MaxLatency(us), 46751
[READ], 95thPercentileLatency(us), 346
[READ], 99thPercentileLatency(us), 434
[READ], Return=OK, 102468
[CLEANUP], Operations, 1
[CLEANUP], AverageLatency(us), 1095.0
[CLEANUP], MinLatency(us), 1095
[CLEANUP], MaxLatency(us), 1095
[CLEANUP], 95thPercentileLatency(us), 1095
[CLEANUP], 99thPercentileLatency(us), 1095
[UPDATE], Operations, 102985
[UPDATE], AverageLatency(us), 291.7488080788464
[UPDATE], MinLatency(us), 141
[UPDATE], MaxLatency(us), 8911
[UPDATE], 95thPercentileLatency(us), 348
[UPDATE], 99thPercentileLatency(us), 435
[UPDATE], Return=OK, 102985
AUTOTEST_DONE
