/nix/store/2vwkssqpzykk37r996cafq7x63imf4sp-openjdk-21+35/bin/java  -classpath /nix/store/zw02np72fzsmga6s5mphhw7x8qlzf4sv-ycsb-0.17.0/share/conf:/nix/store/zw02np72fzsmga6s5mphhw7x8qlzf4sv-ycsb-0.17.0/share/lib/core-0.17.0.jar:/nix/store/zw02np72fzsmga6s5mphhw7x8qlzf4sv-ycsb-0.17.0/share/lib/HdrHistogram-2.1.4.jar:/nix/store/zw02np72fzsmga6s5mphhw7x8qlzf4sv-ycsb-0.17.0/share/lib/htrace-core4-4.1.0-incubating.jar:/nix/store/zw02np72fzsmga6s5mphhw7x8qlzf4sv-ycsb-0.17.0/share/lib/jackson-core-asl-1.9.4.jar:/nix/store/zw02np72fzsmga6s5mphhw7x8qlzf4sv-ycsb-0.17.0/share/lib/jackson-mapper-asl-1.9.4.jar:/nix/store/zw02np72fzsmga6s5mphhw7x8qlzf4sv-ycsb-0.17.0/share/redis-binding/lib/commons-pool2-2.4.2.jar:/nix/store/zw02np72fzsmga6s5mphhw7x8qlzf4sv-ycsb-0.17.0/share/redis-binding/lib/jedis-2.9.0.jar:/nix/store/zw02np72fzsmga6s5mphhw7x8qlzf4sv-ycsb-0.17.0/share/redis-binding/lib/redis-binding-0.17.0.jar site.ycsb.Client -t -db site.ycsb.db.RedisClient -s -P /home/host/vmuxIO/test/moonprogs//../../ycsb/share/workloads/workloada -p redis.host=10.1.0.2 -p redis.port=6379 -p operationcount=429496729 -p maxexecutiontime=61 -threads 1
Command line: -t -db site.ycsb.db.RedisClient -s -P /home/host/vmuxIO/test/moonprogs//../../ycsb/share/workloads/workloada -p redis.host=10.1.0.2 -p redis.port=6379 -p operationcount=429496729 -p maxexecutiontime=61 -threads 1
YCSB Client 0.17.0

Loading workload...
Starting test.
Maximum execution time specified as: 61 secs
DBWrapper: report latency for each error is false and specific error codes to track for latency are: []
2024-07-10 22:45:13:656 0 sec: 0 operations; est completion in 0 second 
2024-07-10 22:45:23:502 10 sec: 109634 operations; 10963.4 current ops/sec; est completion in 10 hours 52 minutes [READ: Count=55060, Max=44671, Min=72, Avg=87.75, 90=95, 99=131, 99.9=536, 99.99=4247] [UPDATE: Count=54586, Max=11983, Min=69, Avg=86.11, 90=95, 99=130, 99.9=530, 99.99=3277] 
2024-07-10 22:45:33:502 20 sec: 229240 operations; 11960.6 current ops/sec; est completion in 10 hours 24 minutes [READ: Count=60045, Max=7075, Min=71, Avg=83.14, 90=88, 99=129, 99.9=149, 99.99=382] [UPDATE: Count=59549, Max=708, Min=69, Avg=81.05, 90=86, 99=126, 99.9=140, 99.99=363] 
2024-07-10 22:45:43:501 30 sec: 348601 operations; 11936.1 current ops/sec; est completion in 10 hours 15 minutes [READ: Count=59879, Max=418, Min=71, Avg=83.4, 90=90, 99=130, 99.9=150, 99.99=347] [UPDATE: Count=59482, Max=447, Min=69, Avg=81.38, 90=87, 99=127, 99.9=140, 99.99=319] 
2024-07-10 22:45:53:501 40 sec: 465210 operations; 11660.9 current ops/sec; est completion in 10 hours 14 minutes [READ: Count=58353, Max=418, Min=71, Avg=85.32, 90=93, 99=131, 99.9=190, 99.99=309] [UPDATE: Count=58256, Max=3819, Min=70, Avg=83.36, 90=91, 99=129, 99.9=167, 99.99=335] 
2024-07-10 22:46:03:501 50 sec: 584679 operations; 11946.9 current ops/sec; est completion in 10 hours 11 minutes [READ: Count=59983, Max=399, Min=71, Avg=83.29, 90=89, 99=129, 99.9=228, 99.99=312] [UPDATE: Count=59486, Max=3595, Min=69, Avg=81.39, 90=87, 99=126, 99.9=155, 99.99=299] 
2024-07-10 22:46:13:501 60 sec: 702381 operations; 11770.2 current ops/sec; est completion in 10 hours 10 minutes [READ: Count=58684, Max=5783, Min=72, Avg=84.62, 90=91, 99=131, 99.9=164, 99.99=314] [UPDATE: Count=59018, Max=393, Min=69, Avg=82.54, 90=89, 99=128, 99.9=142, 99.99=295] 
Maximum time elapsed. Requesting stop for the workload.
Stop requested for workload. Now Joining!
2024-07-10 22:46:14:513 61 sec: 714599 operations; 12073.12 current ops/sec; est completion in 10 hours 10 minutes [READ: Count=6060, Max=3389, Min=72, Avg=82.59, 90=88, 99=113, 99.9=138, 99.99=418] [CLEANUP: Count=1, Max=893, Min=893, Avg=893, 90=893, 99=893, 99.9=893, 99.99=893] [UPDATE: Count=6158, Max=152, Min=71, Avg=79.94, 90=85, 99=103, 99.9=129, 99.99=145] 
[OVERALL], RunTime(ms), 61020
[OVERALL], Throughput(ops/sec), 11710.898066207801
[TOTAL_GCS_Copy], Count, 66
[TOTAL_GC_TIME_Copy], Time(ms), 20
[TOTAL_GC_TIME_%_Copy], Time(%), 0.03277613897082924
[TOTAL_GCS_MarkSweepCompact], Count, 0
[TOTAL_GC_TIME_MarkSweepCompact], Time(ms), 0
[TOTAL_GC_TIME_%_MarkSweepCompact], Time(%), 0.0
[TOTAL_GCs], Count, 66
[TOTAL_GC_TIME], Time(ms), 20
[TOTAL_GC_TIME_%], Time(%), 0.03277613897082924
[READ], Operations, 358064
[READ], AverageLatency(us), 84.50629496402878
[READ], MinLatency(us), 71
[READ], MaxLatency(us), 44671
[READ], 95thPercentileLatency(us), 114
[READ], 99thPercentileLatency(us), 130
[READ], Return=OK, 358064
[CLEANUP], Operations, 1
[CLEANUP], AverageLatency(us), 893.0
[CLEANUP], MinLatency(us), 893
[CLEANUP], MaxLatency(us), 893
[CLEANUP], 95thPercentileLatency(us), 893
[CLEANUP], 99thPercentileLatency(us), 893
[UPDATE], Operations, 356535
[UPDATE], AverageLatency(us), 82.54046867768943
[UPDATE], MinLatency(us), 69
[UPDATE], MaxLatency(us), 11983
[UPDATE], 95thPercentileLatency(us), 113
[UPDATE], 99thPercentileLatency(us), 127
[UPDATE], Return=OK, 356535
AUTOTEST_DONE
