/nix/store/2vwkssqpzykk37r996cafq7x63imf4sp-openjdk-21+35/bin/java  -classpath /nix/store/zw02np72fzsmga6s5mphhw7x8qlzf4sv-ycsb-0.17.0/share/conf:/nix/store/zw02np72fzsmga6s5mphhw7x8qlzf4sv-ycsb-0.17.0/share/lib/core-0.17.0.jar:/nix/store/zw02np72fzsmga6s5mphhw7x8qlzf4sv-ycsb-0.17.0/share/lib/HdrHistogram-2.1.4.jar:/nix/store/zw02np72fzsmga6s5mphhw7x8qlzf4sv-ycsb-0.17.0/share/lib/htrace-core4-4.1.0-incubating.jar:/nix/store/zw02np72fzsmga6s5mphhw7x8qlzf4sv-ycsb-0.17.0/share/lib/jackson-core-asl-1.9.4.jar:/nix/store/zw02np72fzsmga6s5mphhw7x8qlzf4sv-ycsb-0.17.0/share/lib/jackson-mapper-asl-1.9.4.jar:/nix/store/zw02np72fzsmga6s5mphhw7x8qlzf4sv-ycsb-0.17.0/share/redis-binding/lib/commons-pool2-2.4.2.jar:/nix/store/zw02np72fzsmga6s5mphhw7x8qlzf4sv-ycsb-0.17.0/share/redis-binding/lib/jedis-2.9.0.jar:/nix/store/zw02np72fzsmga6s5mphhw7x8qlzf4sv-ycsb-0.17.0/share/redis-binding/lib/redis-binding-0.17.0.jar site.ycsb.Client -t -db site.ycsb.db.RedisClient -s -P /home/host/vmuxIO/test/moonprogs//../../ycsb/share/workloads/workloada -p redis.host=10.1.0.2 -p redis.port=6388 -p operationcount=429496729 -p maxexecutiontime=61 -threads 1
Command line: -t -db site.ycsb.db.RedisClient -s -P /home/host/vmuxIO/test/moonprogs//../../ycsb/share/workloads/workloada -p redis.host=10.1.0.2 -p redis.port=6388 -p operationcount=429496729 -p maxexecutiontime=61 -threads 1
YCSB Client 0.17.0

Loading workload...
Starting test.
Maximum execution time specified as: 61 secs
DBWrapper: report latency for each error is false and specific error codes to track for latency are: []
2025-04-02 01:27:42:794 0 sec: 0 operations; est completion in 0 second 
2025-04-02 01:27:52:575 10 sec: 9570 operations; 956.9 current ops/sec; est completion in 5 days 4 hours [READ: Count=4817, Max=78399, Min=90, Avg=1049.03, 90=2483, 99=12703, 99.9=35455, 99.99=78399] [UPDATE: Count=4755, Max=267775, Min=79, Avg=970.36, 90=2167, 99=11847, 99.9=23359, 99.99=267775] 
2025-04-02 01:28:02:575 20 sec: 29079 operations; 1950.9 current ops/sec; est completion in 3 days 10 hours [READ: Count=9725, Max=72255, Min=81, Avg=521.94, 90=658, 99=8035, 99.9=15655, 99.99=38015] [UPDATE: Count=9782, Max=18335, Min=82, Avg=493.8, 90=631, 99=8127, 99.9=13639, 99.99=17231] 
2025-04-02 01:28:12:575 30 sec: 48588 operations; 1950.9 current ops/sec; est completion in 3 days 1 hour [READ: Count=9694, Max=21887, Min=85, Avg=500.99, 90=600, 99=8091, 99.9=12703, 99.99=21439] [UPDATE: Count=9815, Max=22255, Min=80, Avg=516.22, 90=603, 99=8135, 99.9=14079, 99.99=19167] 
2025-04-02 01:28:22:575 40 sec: 66898 operations; 1831 current ops/sec; est completion in 2 days 23 hours [READ: Count=9244, Max=226559, Min=78, Avg=562.14, 90=678, 99=8127, 99.9=16159, 99.99=23055] [UPDATE: Count=9066, Max=43711, Min=78, Avg=523.64, 90=637, 99=8215, 99.9=14207, 99.99=22911] 
2025-04-02 01:28:32:575 50 sec: 86130 operations; 1923.2 current ops/sec; est completion in 2 days 21 hours [READ: Count=9536, Max=18047, Min=81, Avg=507.74, 90=625, 99=8019, 99.9=14599, 99.99=16399] [UPDATE: Count=9696, Max=24207, Min=78, Avg=527.64, 90=675, 99=8199, 99.9=14519, 99.99=22559] 
2025-04-02 01:28:42:575 60 sec: 106518 operations; 2038.8 current ops/sec; est completion in 2 days 19 hours [READ: Count=10165, Max=22159, Min=80, Avg=501.19, 90=346, 99=8231, 99.9=13895, 99.99=17183] [UPDATE: Count=10223, Max=18191, Min=78, Avg=474.67, 90=325, 99=8183, 99.9=13335, 99.99=15143] 
Maximum time elapsed. Requesting stop for the workload.
Stop requested for workload. Now Joining!
2025-04-02 01:28:43:594 61 sec: 108751 operations; 2191.36 current ops/sec; est completion in 2 days 18 hours [READ: Count=1140, Max=11151, Min=86, Avg=492.96, 90=232, 99=8191, 99.9=9135, 99.99=11151] [CLEANUP: Count=1, Max=1123, Min=1123, Avg=1123, 90=1123, 99=1123, 99.9=1123, 99.99=1123] [UPDATE: Count=1093, Max=14759, Min=82, Avg=415.83, 90=225, 99=8139, 99.9=11167, 99.99=14759] 
[OVERALL], RunTime(ms), 61027
[OVERALL], Throughput(ops/sec), 1782.0145181640912
[TOTAL_GCS_Copy], Count, 10
[TOTAL_GC_TIME_Copy], Time(ms), 15
[TOTAL_GC_TIME_%_Copy], Time(%), 0.024579284578956855
[TOTAL_GCS_MarkSweepCompact], Count, 0
[TOTAL_GC_TIME_MarkSweepCompact], Time(ms), 0
[TOTAL_GC_TIME_%_MarkSweepCompact], Time(%), 0.0
[TOTAL_GCs], Count, 10
[TOTAL_GC_TIME], Time(ms), 15
[TOTAL_GC_TIME_%], Time(%), 0.024579284578956855
[READ], Operations, 54321
[READ], AverageLatency(us), 564.7975368641962
[READ], MinLatency(us), 78
[READ], MaxLatency(us), 226559
[READ], 95thPercentileLatency(us), 2785
[READ], 99thPercentileLatency(us), 8199
[READ], Return=OK, 54321
[CLEANUP], Operations, 1
[CLEANUP], AverageLatency(us), 1123.0
[CLEANUP], MinLatency(us), 1123
[CLEANUP], MaxLatency(us), 1123
[CLEANUP], 95thPercentileLatency(us), 1123
[CLEANUP], 99thPercentileLatency(us), 1123
[UPDATE], Operations, 54430
[UPDATE], AverageLatency(us), 545.3152121991549
[UPDATE], MinLatency(us), 78
[UPDATE], MaxLatency(us), 267775
[UPDATE], 95thPercentileLatency(us), 2617
[UPDATE], 99thPercentileLatency(us), 8263
[UPDATE], Return=OK, 54430
AUTOTEST_DONE
