/nix/store/2vwkssqpzykk37r996cafq7x63imf4sp-openjdk-21+35/bin/java  -classpath /nix/store/zw02np72fzsmga6s5mphhw7x8qlzf4sv-ycsb-0.17.0/share/conf:/nix/store/zw02np72fzsmga6s5mphhw7x8qlzf4sv-ycsb-0.17.0/share/lib/core-0.17.0.jar:/nix/store/zw02np72fzsmga6s5mphhw7x8qlzf4sv-ycsb-0.17.0/share/lib/HdrHistogram-2.1.4.jar:/nix/store/zw02np72fzsmga6s5mphhw7x8qlzf4sv-ycsb-0.17.0/share/lib/htrace-core4-4.1.0-incubating.jar:/nix/store/zw02np72fzsmga6s5mphhw7x8qlzf4sv-ycsb-0.17.0/share/lib/jackson-core-asl-1.9.4.jar:/nix/store/zw02np72fzsmga6s5mphhw7x8qlzf4sv-ycsb-0.17.0/share/lib/jackson-mapper-asl-1.9.4.jar:/nix/store/zw02np72fzsmga6s5mphhw7x8qlzf4sv-ycsb-0.17.0/share/redis-binding/lib/commons-pool2-2.4.2.jar:/nix/store/zw02np72fzsmga6s5mphhw7x8qlzf4sv-ycsb-0.17.0/share/redis-binding/lib/jedis-2.9.0.jar:/nix/store/zw02np72fzsmga6s5mphhw7x8qlzf4sv-ycsb-0.17.0/share/redis-binding/lib/redis-binding-0.17.0.jar site.ycsb.Client -t -db site.ycsb.db.RedisClient -s -P /home/host/vmuxIO/test/moonprogs//../../ycsb/share/workloads/workloada -p redis.host=10.1.0.2 -p redis.port=6385 -p operationcount=429496729 -p maxexecutiontime=61 -threads 1
Command line: -t -db site.ycsb.db.RedisClient -s -P /home/host/vmuxIO/test/moonprogs//../../ycsb/share/workloads/workloada -p redis.host=10.1.0.2 -p redis.port=6385 -p operationcount=429496729 -p maxexecutiontime=61 -threads 1
YCSB Client 0.17.0

Loading workload...
Starting test.
Maximum execution time specified as: 61 secs
DBWrapper: report latency for each error is false and specific error codes to track for latency are: []
2025-04-02 01:27:47:770 0 sec: 0 operations; est completion in 0 second 
2025-04-02 01:27:57:588 10 sec: 10780 operations; 1078 current ops/sec; est completion in 4 days 14 hours [READ: Count=5344, Max=71807, Min=89, Avg=925.01, 90=1896, 99=12007, 99.9=31695, 99.99=65663] [UPDATE: Count=5449, Max=202623, Min=88, Avg=870.55, 90=1577, 99=11223, 99.9=25023, 99.99=44767] 
2025-04-02 01:28:07:588 20 sec: 29220 operations; 1844 current ops/sec; est completion in 3 days 9 hours [READ: Count=9289, Max=19487, Min=78, Avg=532.06, 90=864, 99=8055, 99.9=12735, 99.99=17167] [UPDATE: Count=9139, Max=32991, Min=83, Avg=544.47, 90=823, 99=8151, 99.9=14775, 99.99=26207] 
2025-04-02 01:28:17:588 30 sec: 47865 operations; 1864.5 current ops/sec; est completion in 3 days 2 hours [READ: Count=9284, Max=22031, Min=88, Avg=533.77, 90=649, 99=8143, 99.9=15599, 99.99=21167] [UPDATE: Count=9360, Max=21263, Min=82, Avg=530.42, 90=615, 99=8199, 99.9=14295, 99.99=18239] 
2025-04-02 01:28:27:588 40 sec: 66935 operations; 1907 current ops/sec; est completion in 2 days 23 hours [READ: Count=9531, Max=23151, Min=85, Avg=512.04, 90=625, 99=8063, 99.9=13143, 99.99=20079] [UPDATE: Count=9539, Max=18255, Min=83, Avg=530.54, 90=595, 99=8367, 99.9=14079, 99.99=18159] 
2025-04-02 01:28:37:588 50 sec: 86859 operations; 1992.4 current ops/sec; est completion in 2 days 20 hours [READ: Count=10020, Max=209919, Min=81, Avg=503.97, 90=464, 99=8043, 99.9=13895, 99.99=18143] [UPDATE: Count=9904, Max=21855, Min=82, Avg=495.51, 90=445, 99=8223, 99.9=14679, 99.99=19199] 
2025-04-02 01:28:47:588 60 sec: 107702 operations; 2084.3 current ops/sec; est completion in 2 days 18 hours [READ: Count=10374, Max=47167, Min=82, Avg=515.59, 90=340, 99=8159, 99.9=11943, 99.99=16415] [UPDATE: Count=10469, Max=16303, Min=81, Avg=439.63, 90=312, 99=8131, 99.9=11327, 99.99=14183] 
Maximum time elapsed. Requesting stop for the workload.
Stop requested for workload. Now Joining!
2025-04-02 01:28:48:596 61 sec: 109889 operations; 2169.64 current ops/sec; est completion in 2 days 18 hours [READ: Count=1077, Max=11463, Min=81, Avg=469.95, 90=313, 99=8091, 99.9=8199, 99.99=11463] [CLEANUP: Count=1, Max=1351, Min=1351, Avg=1351, 90=1351, 99=1351, 99.9=1351, 99.99=1351] [UPDATE: Count=1110, Max=11127, Min=81, Avg=445.23, 90=273, 99=8127, 99.9=10415, 99.99=11127] 
[OVERALL], RunTime(ms), 61017
[OVERALL], Throughput(ops/sec), 1800.9571103135193
[TOTAL_GCS_Copy], Count, 10
[TOTAL_GC_TIME_Copy], Time(ms), 17
[TOTAL_GC_TIME_%_Copy], Time(%), 0.02786108789353787
[TOTAL_GCS_MarkSweepCompact], Count, 0
[TOTAL_GC_TIME_MarkSweepCompact], Time(ms), 0
[TOTAL_GC_TIME_%_MarkSweepCompact], Time(%), 0.0
[TOTAL_GCs], Count, 10
[TOTAL_GC_TIME], Time(ms), 17
[TOTAL_GC_TIME_%], Time(%), 0.02786108789353787
[READ], Operations, 54919
[READ], AverageLatency(us), 557.6557475554908
[READ], MinLatency(us), 78
[READ], MaxLatency(us), 209919
[READ], 95thPercentileLatency(us), 2995
[READ], 99thPercentileLatency(us), 8183
[READ], Return=OK, 54919
[CLEANUP], Operations, 1
[CLEANUP], AverageLatency(us), 1351.0
[CLEANUP], MinLatency(us), 1351
[CLEANUP], MaxLatency(us), 1351
[CLEANUP], 95thPercentileLatency(us), 1351
[CLEANUP], 99thPercentileLatency(us), 1351
[UPDATE], Operations, 54970
[UPDATE], AverageLatency(us), 541.1914134982718
[UPDATE], MinLatency(us), 81
[UPDATE], MaxLatency(us), 202623
[UPDATE], 95thPercentileLatency(us), 2721
[UPDATE], 99thPercentileLatency(us), 8247
[UPDATE], Return=OK, 54970
AUTOTEST_DONE
