/nix/store/2vwkssqpzykk37r996cafq7x63imf4sp-openjdk-21+35/bin/java  -classpath /nix/store/zw02np72fzsmga6s5mphhw7x8qlzf4sv-ycsb-0.17.0/share/conf:/nix/store/zw02np72fzsmga6s5mphhw7x8qlzf4sv-ycsb-0.17.0/share/lib/core-0.17.0.jar:/nix/store/zw02np72fzsmga6s5mphhw7x8qlzf4sv-ycsb-0.17.0/share/lib/HdrHistogram-2.1.4.jar:/nix/store/zw02np72fzsmga6s5mphhw7x8qlzf4sv-ycsb-0.17.0/share/lib/htrace-core4-4.1.0-incubating.jar:/nix/store/zw02np72fzsmga6s5mphhw7x8qlzf4sv-ycsb-0.17.0/share/lib/jackson-core-asl-1.9.4.jar:/nix/store/zw02np72fzsmga6s5mphhw7x8qlzf4sv-ycsb-0.17.0/share/lib/jackson-mapper-asl-1.9.4.jar:/nix/store/zw02np72fzsmga6s5mphhw7x8qlzf4sv-ycsb-0.17.0/share/redis-binding/lib/commons-pool2-2.4.2.jar:/nix/store/zw02np72fzsmga6s5mphhw7x8qlzf4sv-ycsb-0.17.0/share/redis-binding/lib/jedis-2.9.0.jar:/nix/store/zw02np72fzsmga6s5mphhw7x8qlzf4sv-ycsb-0.17.0/share/redis-binding/lib/redis-binding-0.17.0.jar site.ycsb.Client -t -db site.ycsb.db.RedisClient -s -P /home/host/vmuxIO/test/moonprogs//../../ycsb/share/workloads/workloada -p redis.host=10.1.0.2 -p redis.port=6386 -p operationcount=429496729 -p maxexecutiontime=61 -threads 1
Command line: -t -db site.ycsb.db.RedisClient -s -P /home/host/vmuxIO/test/moonprogs//../../ycsb/share/workloads/workloada -p redis.host=10.1.0.2 -p redis.port=6386 -p operationcount=429496729 -p maxexecutiontime=61 -threads 1
YCSB Client 0.17.0

Loading workload...
Starting test.
Maximum execution time specified as: 61 secs
DBWrapper: report latency for each error is false and specific error codes to track for latency are: []
2025-04-02 01:27:46:980 0 sec: 0 operations; est completion in 0 second 
2025-04-02 01:27:56:801 10 sec: 10563 operations; 1056.19 current ops/sec; est completion in 4 days 16 hours [READ: Count=5285, Max=133503, Min=82, Avg=878.19, 90=1677, 99=11711, 99.9=22831, 99.99=44031] [UPDATE: Count=5279, Max=129663, Min=84, Avg=952.56, 90=2005, 99=11751, 99.9=27471, 99.99=60159] 
2025-04-02 01:28:06:801 20 sec: 28524 operations; 1796.1 current ops/sec; est completion in 3 days 11 hours [READ: Count=8982, Max=215039, Min=85, Avg=548.76, 90=722, 99=8063, 99.9=13791, 99.99=18783] [UPDATE: Count=8978, Max=32175, Min=83, Avg=555.84, 90=797, 99=8083, 99.9=14423, 99.99=24015] 
2025-04-02 01:28:16:801 30 sec: 47024 operations; 1850 current ops/sec; est completion in 3 days 4 hours [READ: Count=9318, Max=27503, Min=84, Avg=532.59, 90=715, 99=8215, 99.9=14015, 99.99=20751] [UPDATE: Count=9182, Max=23903, Min=85, Avg=540.72, 90=721, 99=8115, 99.9=15263, 99.99=22079] 
2025-04-02 01:28:26:801 40 sec: 64161 operations; 1713.7 current ops/sec; est completion in 3 days 2 hours [READ: Count=8607, Max=206079, Min=84, Avg=567.36, 90=822, 99=8147, 99.9=14919, 99.99=19343] [UPDATE: Count=8530, Max=27423, Min=84, Avg=592.64, 90=1002, 99=8431, 99.9=14383, 99.99=20415] 
2025-04-02 01:28:36:801 50 sec: 81766 operations; 1760.5 current ops/sec; est completion in 3 days [READ: Count=8854, Max=25695, Min=86, Avg=550.8, 90=524, 99=8607, 99.9=15079, 99.99=17679] [UPDATE: Count=8751, Max=209791, Min=82, Avg=581.47, 90=521, 99=9119, 99.9=16183, 99.99=25359] 
2025-04-02 01:28:46:801 60 sec: 102831 operations; 2106.5 current ops/sec; est completion in 2 days 21 hours [READ: Count=10584, Max=19423, Min=83, Avg=481.45, 90=330, 99=8163, 99.9=12151, 99.99=18447] [UPDATE: Count=10481, Max=19407, Min=81, Avg=463.46, 90=328, 99=8155, 99.9=11495, 99.99=16847] 
Maximum time elapsed. Requesting stop for the workload.
Stop requested for workload. Now Joining!
2025-04-02 01:28:47:815 61 sec: 105179 operations; 2317.87 current ops/sec; est completion in 2 days 21 hours [READ: Count=1161, Max=14455, Min=87, Avg=461.85, 90=245, 99=8167, 99.9=8271, 99.99=14455] [CLEANUP: Count=1, Max=1194, Min=1194, Avg=1194, 90=1194, 99=1194, 99.9=1194, 99.99=1194] [UPDATE: Count=1187, Max=8631, Min=85, Avg=396.92, 90=227, 99=8163, 99.9=8463, 99.99=8631] 
[OVERALL], RunTime(ms), 61020
[OVERALL], Throughput(ops/sec), 1723.680760406424
[TOTAL_GCS_Copy], Count, 10
[TOTAL_GC_TIME_Copy], Time(ms), 17
[TOTAL_GC_TIME_%_Copy], Time(%), 0.027859718125204852
[TOTAL_GCS_MarkSweepCompact], Count, 0
[TOTAL_GC_TIME_MarkSweepCompact], Time(ms), 0
[TOTAL_GC_TIME_%_MarkSweepCompact], Time(%), 0.0
[TOTAL_GCs], Count, 10
[TOTAL_GC_TIME], Time(ms), 17
[TOTAL_GC_TIME_%], Time(%), 0.027859718125204852
[READ], Operations, 52791
[READ], AverageLatency(us), 566.8523801405543
[READ], MinLatency(us), 82
[READ], MaxLatency(us), 215039
[READ], 95thPercentileLatency(us), 2837
[READ], 99thPercentileLatency(us), 8239
[READ], Return=OK, 52791
[CLEANUP], Operations, 1
[CLEANUP], AverageLatency(us), 1194.0
[CLEANUP], MinLatency(us), 1194
[CLEANUP], MaxLatency(us), 1194
[CLEANUP], 95thPercentileLatency(us), 1194
[CLEANUP], 99thPercentileLatency(us), 1194
[UPDATE], Operations, 52388
[UPDATE], AverageLatency(us), 581.3543368710392
[UPDATE], MinLatency(us), 81
[UPDATE], MaxLatency(us), 209791
[UPDATE], 95thPercentileLatency(us), 3035
[UPDATE], 99thPercentileLatency(us), 8263
[UPDATE], Return=OK, 52388
AUTOTEST_DONE
