/nix/store/2vwkssqpzykk37r996cafq7x63imf4sp-openjdk-21+35/bin/java  -classpath /nix/store/zw02np72fzsmga6s5mphhw7x8qlzf4sv-ycsb-0.17.0/share/conf:/nix/store/zw02np72fzsmga6s5mphhw7x8qlzf4sv-ycsb-0.17.0/share/lib/core-0.17.0.jar:/nix/store/zw02np72fzsmga6s5mphhw7x8qlzf4sv-ycsb-0.17.0/share/lib/HdrHistogram-2.1.4.jar:/nix/store/zw02np72fzsmga6s5mphhw7x8qlzf4sv-ycsb-0.17.0/share/lib/htrace-core4-4.1.0-incubating.jar:/nix/store/zw02np72fzsmga6s5mphhw7x8qlzf4sv-ycsb-0.17.0/share/lib/jackson-core-asl-1.9.4.jar:/nix/store/zw02np72fzsmga6s5mphhw7x8qlzf4sv-ycsb-0.17.0/share/lib/jackson-mapper-asl-1.9.4.jar:/nix/store/zw02np72fzsmga6s5mphhw7x8qlzf4sv-ycsb-0.17.0/share/redis-binding/lib/commons-pool2-2.4.2.jar:/nix/store/zw02np72fzsmga6s5mphhw7x8qlzf4sv-ycsb-0.17.0/share/redis-binding/lib/jedis-2.9.0.jar:/nix/store/zw02np72fzsmga6s5mphhw7x8qlzf4sv-ycsb-0.17.0/share/redis-binding/lib/redis-binding-0.17.0.jar site.ycsb.Client -t -db site.ycsb.db.RedisClient -s -P /home/host/vmuxIO/test/moonprogs//../../ycsb/share/workloads/workloada -p redis.host=10.1.0.2 -p redis.port=6383 -p operationcount=429496729 -p maxexecutiontime=61 -threads 1
Command line: -t -db site.ycsb.db.RedisClient -s -P /home/host/vmuxIO/test/moonprogs//../../ycsb/share/workloads/workloada -p redis.host=10.1.0.2 -p redis.port=6383 -p operationcount=429496729 -p maxexecutiontime=61 -threads 1
YCSB Client 0.17.0

Loading workload...
Starting test.
Maximum execution time specified as: 61 secs
2025-02-01 17:26:13:789 0 sec: 0 operations; est completion in 0 second 
DBWrapper: report latency for each error is false and specific error codes to track for latency are: []
2025-02-01 17:26:23:636 10 sec: 127290 operations; 12729 current ops/sec; est completion in 9 hours 22 minutes [READ: Count=64042, Max=50143, Min=43, Avg=75.43, 90=77, 99=197, 99.9=2901, 99.99=7767] [UPDATE: Count=63342, Max=19455, Min=42, Avg=73.91, 90=74, 99=212, 99.9=3145, 99.99=13711] 
2025-02-01 17:26:33:636 20 sec: 290758 operations; 16346.8 current ops/sec; est completion in 8 hours 12 minutes [READ: Count=81876, Max=7023, Min=43, Avg=61.23, 90=66, 99=97, 99.9=150, 99.99=3831] [UPDATE: Count=81498, Max=7211, Min=41, Avg=58.69, 90=64, 99=95, 99.9=150, 99.99=3867] 
2025-02-01 17:26:43:636 30 sec: 443010 operations; 15225.2 current ops/sec; est completion in 8 hours 4 minutes [READ: Count=76258, Max=11631, Min=44, Avg=65.83, 90=69, 99=147, 99.9=1245, 99.99=3907] [UPDATE: Count=75996, Max=15359, Min=40, Avg=63.11, 90=67, 99=148, 99.9=1111, 99.99=3971] 
2025-02-01 17:26:53:636 40 sec: 580769 operations; 13775.9 current ops/sec; est completion in 8 hours 12 minutes [READ: Count=68951, Max=8391, Min=44, Avg=72.49, 90=73, 99=252, 99.9=2249, 99.99=4743] [UPDATE: Count=68810, Max=10727, Min=41, Avg=70.21, 90=70, 99=245, 99.9=2279, 99.99=4951] 
2025-02-01 17:27:03:636 50 sec: 744970 operations; 16420.1 current ops/sec; est completion in 7 hours 59 minutes [READ: Count=81759, Max=6087, Min=43, Avg=60.96, 90=66, 99=100, 99.9=164, 99.99=2519] [UPDATE: Count=82438, Max=5079, Min=41, Avg=58.58, 90=63, 99=97, 99.9=172, 99.99=3101] 
2025-02-01 17:27:13:636 60 sec: 898000 operations; 15303 current ops/sec; est completion in 7 hours 57 minutes [READ: Count=76259, Max=9463, Min=39, Avg=65.65, 90=69, 99=169, 99.9=705, 99.99=4005] [UPDATE: Count=76771, Max=7587, Min=38, Avg=62.66, 90=66, 99=169, 99.9=648, 99.99=3847] 
Maximum time elapsed. Requesting stop for the workload.
Stop requested for workload. Now Joining!
2025-02-01 17:27:14:648 61 sec: 912431 operations; 14245.8 current ops/sec; est completion in 7 hours 57 minutes [READ: Count=7233, Max=4119, Min=43, Avg=67.13, 90=73, 99=181, 99.9=1176, 99.99=2781] [CLEANUP: Count=1, Max=7343, Min=7340, Avg=7342, 90=7343, 99=7343, 99.9=7343, 99.99=7343] [UPDATE: Count=7198, Max=4083, Min=42, Avg=65.2, 90=73, 99=183, 99.9=1108, 99.99=3849] 
[OVERALL], RunTime(ms), 61017
[OVERALL], Throughput(ops/sec), 14953.717816346265
[TOTAL_GCS_G1_Young_Generation], Count, 40
[TOTAL_GC_TIME_G1_Young_Generation], Time(ms), 203
[TOTAL_GC_TIME_%_G1_Young_Generation], Time(%), 0.3326941671993051
[TOTAL_GCS_G1_Concurrent_GC], Count, 0
[TOTAL_GC_TIME_G1_Concurrent_GC], Time(ms), 0
[TOTAL_GC_TIME_%_G1_Concurrent_GC], Time(%), 0.0
[TOTAL_GCS_G1_Old_Generation], Count, 0
[TOTAL_GC_TIME_G1_Old_Generation], Time(ms), 0
[TOTAL_GC_TIME_%_G1_Old_Generation], Time(%), 0.0
[TOTAL_GCs], Count, 40
[TOTAL_GC_TIME], Time(ms), 203
[TOTAL_GC_TIME_%], Time(%), 0.3326941671993051
[READ], Operations, 456378
[READ], AverageLatency(us), 66.47633321501037
[READ], MinLatency(us), 39
[READ], MaxLatency(us), 50143
[READ], 95thPercentileLatency(us), 82
[READ], 99thPercentileLatency(us), 154
[READ], Return=OK, 456378
[CLEANUP], Operations, 1
[CLEANUP], AverageLatency(us), 7342.0
[CLEANUP], MinLatency(us), 7340
[CLEANUP], MaxLatency(us), 7343
[CLEANUP], 95thPercentileLatency(us), 7343
[CLEANUP], 99thPercentileLatency(us), 7343
[UPDATE], Operations, 456053
[UPDATE], AverageLatency(us), 64.03052276818703
[UPDATE], MinLatency(us), 38
[UPDATE], MaxLatency(us), 19455
[UPDATE], 95thPercentileLatency(us), 80
[UPDATE], 99thPercentileLatency(us), 156
[UPDATE], Return=OK, 456053
AUTOTEST_DONE
