/nix/store/2vwkssqpzykk37r996cafq7x63imf4sp-openjdk-21+35/bin/java  -classpath /nix/store/zw02np72fzsmga6s5mphhw7x8qlzf4sv-ycsb-0.17.0/share/conf:/nix/store/zw02np72fzsmga6s5mphhw7x8qlzf4sv-ycsb-0.17.0/share/lib/core-0.17.0.jar:/nix/store/zw02np72fzsmga6s5mphhw7x8qlzf4sv-ycsb-0.17.0/share/lib/HdrHistogram-2.1.4.jar:/nix/store/zw02np72fzsmga6s5mphhw7x8qlzf4sv-ycsb-0.17.0/share/lib/htrace-core4-4.1.0-incubating.jar:/nix/store/zw02np72fzsmga6s5mphhw7x8qlzf4sv-ycsb-0.17.0/share/lib/jackson-core-asl-1.9.4.jar:/nix/store/zw02np72fzsmga6s5mphhw7x8qlzf4sv-ycsb-0.17.0/share/lib/jackson-mapper-asl-1.9.4.jar:/nix/store/zw02np72fzsmga6s5mphhw7x8qlzf4sv-ycsb-0.17.0/share/redis-binding/lib/commons-pool2-2.4.2.jar:/nix/store/zw02np72fzsmga6s5mphhw7x8qlzf4sv-ycsb-0.17.0/share/redis-binding/lib/jedis-2.9.0.jar:/nix/store/zw02np72fzsmga6s5mphhw7x8qlzf4sv-ycsb-0.17.0/share/redis-binding/lib/redis-binding-0.17.0.jar site.ycsb.Client -t -db site.ycsb.db.RedisClient -s -P /home/host/vmuxIO/test/moonprogs//../../ycsb/share/workloads/workloada -p redis.host=10.1.0.2 -p redis.port=6381 -p operationcount=429496729 -p maxexecutiontime=61 -threads 1
Command line: -t -db site.ycsb.db.RedisClient -s -P /home/host/vmuxIO/test/moonprogs//../../ycsb/share/workloads/workloada -p redis.host=10.1.0.2 -p redis.port=6381 -p operationcount=429496729 -p maxexecutiontime=61 -threads 1
YCSB Client 0.17.0

Loading workload...
Starting test.
Maximum execution time specified as: 61 secs
DBWrapper: report latency for each error is false and specific error codes to track for latency are: []
2024-10-03 14:29:24:343 0 sec: 0 operations; est completion in 0 second 
2024-10-03 14:29:34:135 10 sec: 10146 operations; 1014.5 current ops/sec; est completion in 4 days 21 hours [READ: Count=5121, Max=58495, Min=270, Avg=961.41, 90=1521, 99=4463, 99.9=5831, 99.99=10935] [UPDATE: Count=5036, Max=7711, Min=289, Avg=943.55, 90=1508, 99=4599, 99.9=6595, 99.99=7703] 
2024-10-03 14:29:44:135 20 sec: 18177 operations; 803.1 current ops/sec; est completion in 5 days 11 hours [READ: Count=4055, Max=9023, Min=260, Avg=1237.46, 90=1758, 99=4779, 99.9=7607, 99.99=9023] [UPDATE: Count=3966, Max=11607, Min=254, Avg=1240.59, 90=1806, 99=4639, 99.9=7159, 99.99=11607] 
2024-10-03 14:29:54:135 30 sec: 26616 operations; 843.98 current ops/sec; est completion in 5 days 14 hours [READ: Count=4336, Max=7815, Min=247, Avg=1189.38, 90=1764, 99=2481, 99.9=4887, 99.99=7815] [UPDATE: Count=4102, Max=9007, Min=255, Avg=1167.16, 90=1710, 99=2367, 99.9=4495, 99.99=9007] 
2024-10-03 14:30:04:135 40 sec: 34972 operations; 835.6 current ops/sec; est completion in 5 days 16 hours [READ: Count=4214, Max=11639, Min=239, Avg=1190.94, 90=1780, 99=2461, 99.9=4615, 99.99=11639] [UPDATE: Count=4142, Max=7091, Min=225, Avg=1192.92, 90=1784, 99=2369, 99.9=3081, 99.99=7091] 
2024-10-03 14:30:14:135 50 sec: 43187 operations; 821.5 current ops/sec; est completion in 5 days 18 hours [READ: Count=4138, Max=6659, Min=251, Avg=1217.25, 90=1816, 99=2479, 99.9=4399, 99.99=6659] [UPDATE: Count=4077, Max=10279, Min=250, Avg=1207.84, 90=1804, 99=2417, 99.9=4647, 99.99=10279] 
2024-10-03 14:30:24:135 60 sec: 51760 operations; 857.21 current ops/sec; est completion in 5 days 18 hours [READ: Count=4239, Max=5995, Min=259, Avg=1164, 90=1735, 99=2365, 99.9=3307, 99.99=5995] [UPDATE: Count=4334, Max=8503, Min=234, Avg=1159.29, 90=1757, 99=2379, 99.9=4879, 99.99=8503] 
Maximum time elapsed. Requesting stop for the workload.
Stop requested for workload. Now Joining!
2024-10-03 14:30:25:151 61 sec: 52682 operations; 907.48 current ops/sec; est completion in 5 days 18 hours [READ: Count=479, Max=10759, Min=251, Avg=1074.79, 90=1552, 99=2046, 99.9=10759, 99.99=10759] [CLEANUP: Count=1, Max=1309, Min=1309, Avg=1309, 90=1309, 99=1309, 99.9=1309, 99.99=1309] [UPDATE: Count=443, Max=5055, Min=298, Avg=1118.36, 90=1612, 99=2147, 99.9=5055, 99.99=5055] 
[OVERALL], RunTime(ms), 61022
[OVERALL], Throughput(ops/sec), 863.3279800727606
[TOTAL_GCS_Copy], Count, 5
[TOTAL_GC_TIME_Copy], Time(ms), 16
[TOTAL_GC_TIME_%_Copy], Time(%), 0.026220051784602277
[TOTAL_GCS_MarkSweepCompact], Count, 0
[TOTAL_GC_TIME_MarkSweepCompact], Time(ms), 0
[TOTAL_GC_TIME_%_MarkSweepCompact], Time(%), 0.0
[TOTAL_GCs], Count, 5
[TOTAL_GC_TIME], Time(ms), 16
[TOTAL_GC_TIME_%], Time(%), 0.026220051784602277
[READ], Operations, 26582
[READ], AverageLatency(us), 1151.2681513806335
[READ], MinLatency(us), 239
[READ], MaxLatency(us), 58495
[READ], 95thPercentileLatency(us), 2002
[READ], 99thPercentileLatency(us), 3837
[READ], Return=OK, 26582
[CLEANUP], Operations, 1
[CLEANUP], AverageLatency(us), 1309.0
[CLEANUP], MinLatency(us), 1309
[CLEANUP], MaxLatency(us), 1309
[CLEANUP], 95thPercentileLatency(us), 1309
[CLEANUP], 99thPercentileLatency(us), 1309
[UPDATE], Operations, 26100
[UPDATE], AverageLatency(us), 1143.480459770115
[UPDATE], MinLatency(us), 225
[UPDATE], MaxLatency(us), 11607
[UPDATE], 95thPercentileLatency(us), 2010
[UPDATE], 99thPercentileLatency(us), 3823
[UPDATE], Return=OK, 26100
AUTOTEST_DONE
