/nix/store/2vwkssqpzykk37r996cafq7x63imf4sp-openjdk-21+35/bin/java  -classpath /nix/store/zw02np72fzsmga6s5mphhw7x8qlzf4sv-ycsb-0.17.0/share/conf:/nix/store/zw02np72fzsmga6s5mphhw7x8qlzf4sv-ycsb-0.17.0/share/lib/core-0.17.0.jar:/nix/store/zw02np72fzsmga6s5mphhw7x8qlzf4sv-ycsb-0.17.0/share/lib/HdrHistogram-2.1.4.jar:/nix/store/zw02np72fzsmga6s5mphhw7x8qlzf4sv-ycsb-0.17.0/share/lib/htrace-core4-4.1.0-incubating.jar:/nix/store/zw02np72fzsmga6s5mphhw7x8qlzf4sv-ycsb-0.17.0/share/lib/jackson-core-asl-1.9.4.jar:/nix/store/zw02np72fzsmga6s5mphhw7x8qlzf4sv-ycsb-0.17.0/share/lib/jackson-mapper-asl-1.9.4.jar:/nix/store/zw02np72fzsmga6s5mphhw7x8qlzf4sv-ycsb-0.17.0/share/redis-binding/lib/commons-pool2-2.4.2.jar:/nix/store/zw02np72fzsmga6s5mphhw7x8qlzf4sv-ycsb-0.17.0/share/redis-binding/lib/jedis-2.9.0.jar:/nix/store/zw02np72fzsmga6s5mphhw7x8qlzf4sv-ycsb-0.17.0/share/redis-binding/lib/redis-binding-0.17.0.jar site.ycsb.Client -t -db site.ycsb.db.RedisClient -s -P /home/host/vmuxIO/test/moonprogs//../../ycsb/share/workloads/workloada -p redis.host=10.1.0.2 -p redis.port=6384 -p operationcount=429496729 -p maxexecutiontime=61 -threads 1
Command line: -t -db site.ycsb.db.RedisClient -s -P /home/host/vmuxIO/test/moonprogs//../../ycsb/share/workloads/workloada -p redis.host=10.1.0.2 -p redis.port=6384 -p operationcount=429496729 -p maxexecutiontime=61 -threads 1
YCSB Client 0.17.0

Loading workload...
Starting test.
Maximum execution time specified as: 61 secs
DBWrapper: report latency for each error is false and specific error codes to track for latency are: []
2024-10-03 14:29:25:366 0 sec: 0 operations; est completion in 0 second 
2024-10-03 14:29:35:108 10 sec: 8205 operations; 820.5 current ops/sec; est completion in 6 days 1 hour [READ: Count=4067, Max=66175, Min=283, Avg=1166.99, 90=1712, 99=5015, 99.9=6079, 99.99=66175] [UPDATE: Count=4148, Max=11439, Min=246, Avg=1182.39, 90=1753, 99=5103, 99.9=7159, 99.99=11439] 
2024-10-03 14:29:45:107 20 sec: 16628 operations; 842.3 current ops/sec; est completion in 5 days 23 hours [READ: Count=4242, Max=16239, Min=253, Avg=1176.63, 90=1726, 99=2815, 99.9=5979, 99.99=16239] [UPDATE: Count=4171, Max=8055, Min=293, Avg=1180.77, 90=1718, 99=3033, 99.9=5479, 99.99=8055] 
2024-10-03 14:29:55:107 30 sec: 25067 operations; 843.9 current ops/sec; est completion in 5 days 22 hours [READ: Count=4276, Max=11119, Min=238, Avg=1180.68, 90=1752, 99=2343, 99.9=4895, 99.99=11119] [UPDATE: Count=4163, Max=6015, Min=271, Avg=1178.93, 90=1756, 99=2403, 99.9=5123, 99.99=6015] 
2024-10-03 14:30:05:107 40 sec: 33496 operations; 842.9 current ops/sec; est completion in 5 days 22 hours [READ: Count=4228, Max=6415, Min=249, Avg=1180.61, 90=1801, 99=2419, 99.9=4139, 99.99=6415] [UPDATE: Count=4201, Max=7427, Min=242, Avg=1181.59, 90=1811, 99=2409, 99.9=4335, 99.99=7427] 
2024-10-03 14:30:15:108 50 sec: 41773 operations; 827.7 current ops/sec; est completion in 5 days 22 hours [READ: Count=4225, Max=7119, Min=307, Avg=1202.76, 90=1840, 99=2449, 99.9=3583, 99.99=7119] [UPDATE: Count=4052, Max=4955, Min=250, Avg=1203.93, 90=1866, 99=2455, 99.9=3303, 99.99=4955] 
2024-10-03 14:30:25:107 60 sec: 50640 operations; 886.7 current ops/sec; est completion in 5 days 21 hours [READ: Count=4495, Max=5223, Min=248, Avg=1123.86, 90=1670, 99=2305, 99.9=4459, 99.99=5223] [UPDATE: Count=4372, Max=5279, Min=224, Avg=1121.4, 90=1698, 99=2299, 99.9=4423, 99.99=5279] 
Maximum time elapsed. Requesting stop for the workload.
Stop requested for workload. Now Joining!
2024-10-03 14:30:26:117 61 sec: 52006 operations; 1352.48 current ops/sec; est completion in 5 days 19 hours [READ: Count=695, Max=10079, Min=278, Avg=741.72, 90=922, 99=1272, 99.9=4579, 99.99=10079] [CLEANUP: Count=1, Max=1257, Min=1257, Avg=1257, 90=1257, 99=1257, 99.9=1257, 99.99=1257] [UPDATE: Count=671, Max=3413, Min=267, Avg=725.14, 90=907, 99=1292, 99.9=1702, 99.99=3413] 
[OVERALL], RunTime(ms), 61015
[OVERALL], Throughput(ops/sec), 852.3477833319675
[TOTAL_GCS_Copy], Count, 5
[TOTAL_GC_TIME_Copy], Time(ms), 14
[TOTAL_GC_TIME_%_Copy], Time(%), 0.02294517741538966
[TOTAL_GCS_MarkSweepCompact], Count, 0
[TOTAL_GC_TIME_MarkSweepCompact], Time(ms), 0
[TOTAL_GC_TIME_%_MarkSweepCompact], Time(%), 0.0
[TOTAL_GCs], Count, 5
[TOTAL_GC_TIME], Time(ms), 14
[TOTAL_GC_TIME_%], Time(%), 0.02294517741538966
[READ], Operations, 26228
[READ], AverageLatency(us), 1160.078542016166
[READ], MinLatency(us), 238
[READ], MaxLatency(us), 66175
[READ], 95thPercentileLatency(us), 1999
[READ], 99thPercentileLatency(us), 2705
[READ], Return=OK, 26228
[CLEANUP], Operations, 1
[CLEANUP], AverageLatency(us), 1257.0
[CLEANUP], MinLatency(us), 1257
[CLEANUP], MaxLatency(us), 1257
[CLEANUP], 95thPercentileLatency(us), 1257
[CLEANUP], 99thPercentileLatency(us), 1257
[UPDATE], Operations, 25778
[UPDATE], AverageLatency(us), 1162.5762665839088
[UPDATE], MinLatency(us), 224
[UPDATE], MaxLatency(us), 11439
[UPDATE], 95thPercentileLatency(us), 2011
[UPDATE], 99thPercentileLatency(us), 2971
[UPDATE], Return=OK, 25778
AUTOTEST_DONE
