/nix/store/2vwkssqpzykk37r996cafq7x63imf4sp-openjdk-21+35/bin/java  -classpath /nix/store/zw02np72fzsmga6s5mphhw7x8qlzf4sv-ycsb-0.17.0/share/conf:/nix/store/zw02np72fzsmga6s5mphhw7x8qlzf4sv-ycsb-0.17.0/share/lib/core-0.17.0.jar:/nix/store/zw02np72fzsmga6s5mphhw7x8qlzf4sv-ycsb-0.17.0/share/lib/HdrHistogram-2.1.4.jar:/nix/store/zw02np72fzsmga6s5mphhw7x8qlzf4sv-ycsb-0.17.0/share/lib/htrace-core4-4.1.0-incubating.jar:/nix/store/zw02np72fzsmga6s5mphhw7x8qlzf4sv-ycsb-0.17.0/share/lib/jackson-core-asl-1.9.4.jar:/nix/store/zw02np72fzsmga6s5mphhw7x8qlzf4sv-ycsb-0.17.0/share/lib/jackson-mapper-asl-1.9.4.jar:/nix/store/zw02np72fzsmga6s5mphhw7x8qlzf4sv-ycsb-0.17.0/share/redis-binding/lib/commons-pool2-2.4.2.jar:/nix/store/zw02np72fzsmga6s5mphhw7x8qlzf4sv-ycsb-0.17.0/share/redis-binding/lib/jedis-2.9.0.jar:/nix/store/zw02np72fzsmga6s5mphhw7x8qlzf4sv-ycsb-0.17.0/share/redis-binding/lib/redis-binding-0.17.0.jar site.ycsb.Client -t -db site.ycsb.db.RedisClient -s -P /home/host/vmuxIO/test/moonprogs//../../ycsb/share/workloads/workloada -p redis.host=10.1.0.2 -p redis.port=6384 -p operationcount=429496729 -p maxexecutiontime=61 -threads 1
Command line: -t -db site.ycsb.db.RedisClient -s -P /home/host/vmuxIO/test/moonprogs//../../ycsb/share/workloads/workloada -p redis.host=10.1.0.2 -p redis.port=6384 -p operationcount=429496729 -p maxexecutiontime=61 -threads 1
YCSB Client 0.17.0

Loading workload...
Starting test.
Maximum execution time specified as: 61 secs
DBWrapper: report latency for each error is false and specific error codes to track for latency are: []
2024-10-03 14:29:28:162 0 sec: 0 operations; est completion in 0 second [UPDATE: Count=1, Max=37311, Min=37280, Avg=37296, 90=37311, 99=37311, 99.9=37311, 99.99=37311] 
2024-10-03 14:29:37:910 10 sec: 6902 operations; 690.2 current ops/sec; est completion in 7 days 4 hours [READ: Count=3495, Max=36415, Min=314, Avg=1386.21, 90=1907, 99=5015, 99.9=9063, 99.99=36415] [UPDATE: Count=3408, Max=11615, Min=288, Avg=1394.51, 90=1979, 99=5099, 99.9=9103, 99.99=11615] 
2024-10-03 14:29:47:911 20 sec: 14997 operations; 809.5 current ops/sec; est completion in 6 days 15 hours [READ: Count=4061, Max=9207, Min=252, Avg=1225.4, 90=1744, 99=4503, 99.9=6367, 99.99=9207] [UPDATE: Count=4032, Max=15159, Min=244, Avg=1226.22, 90=1716, 99=4607, 99.9=6067, 99.99=15159] 
2024-10-03 14:29:57:911 30 sec: 23174 operations; 817.7 current ops/sec; est completion in 6 days 10 hours [READ: Count=4071, Max=5659, Min=258, Avg=1218.51, 90=1821, 99=2407, 99.9=4099, 99.99=5659] [UPDATE: Count=4106, Max=13367, Min=238, Avg=1217.79, 90=1817, 99=2411, 99.9=5179, 99.99=13367] 
2024-10-03 14:30:07:910 40 sec: 31311 operations; 813.7 current ops/sec; est completion in 6 days 8 hours [READ: Count=4015, Max=7331, Min=241, Avg=1227.42, 90=1845, 99=2451, 99.9=5075, 99.99=7331] [UPDATE: Count=4122, Max=5267, Min=244, Avg=1220.56, 90=1837, 99=2479, 99.9=4655, 99.99=5267] 
2024-10-03 14:30:17:911 50 sec: 39300 operations; 798.9 current ops/sec; est completion in 6 days 7 hours [READ: Count=3944, Max=10007, Min=281, Avg=1247.4, 90=1889, 99=2527, 99.9=4647, 99.99=10007] [UPDATE: Count=4045, Max=5527, Min=252, Avg=1246.28, 90=1889, 99=2547, 99.9=4715, 99.99=5527] 
2024-10-03 14:30:27:910 60 sec: 50737 operations; 1143.7 current ops/sec; est completion in 5 days 21 hours [READ: Count=5684, Max=5359, Min=224, Avg=876.1, 90=1439, 99=2131, 99.9=4539, 99.99=5263] [UPDATE: Count=5753, Max=10783, Min=234, Avg=863.92, 90=1441, 99=2047, 99.9=3029, 99.99=4759] 
Maximum time elapsed. Requesting stop for the workload.
Stop requested for workload. Now Joining!
2024-10-03 14:30:28:926 61 sec: 53848 operations; 3062.01 current ops/sec; est completion in 5 days 15 hours [READ: Count=1524, Max=3681, Min=202, Avg=320.78, 90=434, 99=535, 99.9=947, 99.99=3681] [CLEANUP: Count=1, Max=1106, Min=1106, Avg=1106, 90=1106, 99=1106, 99.9=1106, 99.99=1106] [UPDATE: Count=1587, Max=5083, Min=207, Avg=320.91, 90=428, 99=497, 99.9=3935, 99.99=5083] 
[OVERALL], RunTime(ms), 61021
[OVERALL], Throughput(ops/sec), 882.450303993707
[TOTAL_GCS_Copy], Count, 5
[TOTAL_GC_TIME_Copy], Time(ms), 15
[TOTAL_GC_TIME_%_Copy], Time(%), 0.024581701381491617
[TOTAL_GCS_MarkSweepCompact], Count, 0
[TOTAL_GC_TIME_MarkSweepCompact], Time(ms), 0
[TOTAL_GC_TIME_%_MarkSweepCompact], Time(%), 0.0
[TOTAL_GCs], Count, 5
[TOTAL_GC_TIME], Time(ms), 15
[TOTAL_GC_TIME_%], Time(%), 0.024581701381491617
[READ], Operations, 26794
[READ], AverageLatency(us), 1123.3163021571993
[READ], MinLatency(us), 202
[READ], MaxLatency(us), 36415
[READ], 95thPercentileLatency(us), 2016
[READ], 99thPercentileLatency(us), 2889
[READ], Return=OK, 26794
[CLEANUP], Operations, 1
[CLEANUP], AverageLatency(us), 1106.0
[CLEANUP], MinLatency(us), 1106
[CLEANUP], MaxLatency(us), 1106
[CLEANUP], 95thPercentileLatency(us), 1106
[CLEANUP], 99thPercentileLatency(us), 1106
[UPDATE], Operations, 27054
[UPDATE], AverageLatency(us), 1119.46056036076
[UPDATE], MinLatency(us), 207
[UPDATE], MaxLatency(us), 37311
[UPDATE], 95thPercentileLatency(us), 2006
[UPDATE], 99thPercentileLatency(us), 2895
[UPDATE], Return=OK, 27054
AUTOTEST_DONE
