/nix/store/2vwkssqpzykk37r996cafq7x63imf4sp-openjdk-21+35/bin/java  -classpath /nix/store/zw02np72fzsmga6s5mphhw7x8qlzf4sv-ycsb-0.17.0/share/conf:/nix/store/zw02np72fzsmga6s5mphhw7x8qlzf4sv-ycsb-0.17.0/share/lib/core-0.17.0.jar:/nix/store/zw02np72fzsmga6s5mphhw7x8qlzf4sv-ycsb-0.17.0/share/lib/HdrHistogram-2.1.4.jar:/nix/store/zw02np72fzsmga6s5mphhw7x8qlzf4sv-ycsb-0.17.0/share/lib/htrace-core4-4.1.0-incubating.jar:/nix/store/zw02np72fzsmga6s5mphhw7x8qlzf4sv-ycsb-0.17.0/share/lib/jackson-core-asl-1.9.4.jar:/nix/store/zw02np72fzsmga6s5mphhw7x8qlzf4sv-ycsb-0.17.0/share/lib/jackson-mapper-asl-1.9.4.jar:/nix/store/zw02np72fzsmga6s5mphhw7x8qlzf4sv-ycsb-0.17.0/share/redis-binding/lib/commons-pool2-2.4.2.jar:/nix/store/zw02np72fzsmga6s5mphhw7x8qlzf4sv-ycsb-0.17.0/share/redis-binding/lib/jedis-2.9.0.jar:/nix/store/zw02np72fzsmga6s5mphhw7x8qlzf4sv-ycsb-0.17.0/share/redis-binding/lib/redis-binding-0.17.0.jar site.ycsb.Client -t -db site.ycsb.db.RedisClient -s -P /home/host/vmuxIO/test/moonprogs//../../ycsb/share/workloads/workloada -p redis.host=10.1.0.2 -p redis.port=6386 -p operationcount=429496729 -p maxexecutiontime=61 -threads 1
Command line: -t -db site.ycsb.db.RedisClient -s -P /home/host/vmuxIO/test/moonprogs//../../ycsb/share/workloads/workloada -p redis.host=10.1.0.2 -p redis.port=6386 -p operationcount=429496729 -p maxexecutiontime=61 -threads 1
YCSB Client 0.17.0

Loading workload...
Starting test.
Maximum execution time specified as: 61 secs
DBWrapper: report latency for each error is false and specific error codes to track for latency are: []
2024-08-21 19:18:07:881 0 sec: 0 operations; est completion in 0 second 
2024-08-21 19:18:17:676 10 sec: 9383 operations; 938.21 current ops/sec; est completion in 5 days 7 hours [READ: Count=4707, Max=19871, Min=279, Avg=1041.74, 90=1445, 99=4759, 99.9=7999, 99.99=19871] [UPDATE: Count=4686, Max=32735, Min=286, Avg=1018.14, 90=1440, 99=4639, 99.9=6619, 99.99=32735] 
2024-08-21 19:18:27:676 20 sec: 16863 operations; 748 current ops/sec; est completion in 5 days 21 hours [READ: Count=3769, Max=7843, Min=262, Avg=1330.1, 90=1766, 99=4883, 99.9=6127, 99.99=7843] [UPDATE: Count=3701, Max=9207, Min=257, Avg=1326.79, 90=1759, 99=4835, 99.9=6051, 99.99=9207] 
2024-08-21 19:18:37:676 30 sec: 24761 operations; 789.8 current ops/sec; est completion in 6 days [READ: Count=3931, Max=9839, Min=306, Avg=1275.96, 90=1687, 99=2221, 99.9=6151, 99.99=9839] [UPDATE: Count=3967, Max=7311, Min=320, Avg=1244.88, 90=1648, 99=2213, 99.9=5287, 99.99=7311] 
2024-08-21 19:18:47:676 40 sec: 32760 operations; 799.98 current ops/sec; est completion in 6 days 1 hour [READ: Count=3958, Max=6515, Min=376, Avg=1247.08, 90=1676, 99=2169, 99.9=2621, 99.99=6515] [UPDATE: Count=4041, Max=9695, Min=268, Avg=1243, 90=1668, 99=2185, 99.9=4355, 99.99=9695] 
2024-08-21 19:18:57:676 50 sec: 40876 operations; 811.6 current ops/sec; est completion in 6 days 1 hour [READ: Count=3994, Max=9231, Min=305, Avg=1238.65, 90=1632, 99=2161, 99.9=4851, 99.99=9231] [UPDATE: Count=4122, Max=5159, Min=325, Avg=1215.7, 90=1629, 99=2141, 99.9=4627, 99.99=5159] 
2024-08-21 19:19:07:676 60 sec: 48914 operations; 803.72 current ops/sec; est completion in 6 days 2 hours [READ: Count=4005, Max=5763, Min=282, Avg=1251.4, 90=1663, 99=2177, 99.9=4855, 99.99=5763] [UPDATE: Count=4033, Max=9023, Min=264, Avg=1224.04, 90=1624, 99=2163, 99.9=2705, 99.99=9023] 
Maximum time elapsed. Requesting stop for the workload.
Stop requested for workload. Now Joining!
2024-08-21 19:19:08:692 61 sec: 49706 operations; 779.53 current ops/sec; est completion in 6 days 2 hours [READ: Count=402, Max=11511, Min=358, Avg=1301.71, 90=1694, 99=2549, 99.9=11511, 99.99=11511] [CLEANUP: Count=1, Max=1343, Min=1343, Avg=1343, 90=1343, 99=1343, 99.9=1343, 99.99=1343] [UPDATE: Count=390, Max=3371, Min=409, Avg=1248.53, 90=1627, 99=2165, 99.9=3371, 99.99=3371] 
[OVERALL], RunTime(ms), 61022
[OVERALL], Throughput(ops/sec), 814.5586837534004
[TOTAL_GCS_Copy], Count, 5
[TOTAL_GC_TIME_Copy], Time(ms), 14
[TOTAL_GC_TIME_%_Copy], Time(%), 0.02294254531152699
[TOTAL_GCS_MarkSweepCompact], Count, 0
[TOTAL_GC_TIME_MarkSweepCompact], Time(ms), 0
[TOTAL_GC_TIME_%_MarkSweepCompact], Time(%), 0.0
[TOTAL_GCs], Count, 5
[TOTAL_GC_TIME], Time(ms), 14
[TOTAL_GC_TIME_%], Time(%), 0.02294254531152699
[READ], Operations, 24766
[READ], AverageLatency(us), 1225.4971331664378
[READ], MinLatency(us), 262
[READ], MaxLatency(us), 19871
[READ], 95thPercentileLatency(us), 1858
[READ], 99thPercentileLatency(us), 4043
[READ], Return=OK, 24766
[CLEANUP], Operations, 1
[CLEANUP], AverageLatency(us), 1343.0
[CLEANUP], MinLatency(us), 1343
[CLEANUP], MaxLatency(us), 1343
[CLEANUP], 95thPercentileLatency(us), 1343
[CLEANUP], 99thPercentileLatency(us), 1343
[UPDATE], Operations, 24940
[UPDATE], AverageLatency(us), 1205.9925821972734
[UPDATE], MinLatency(us), 257
[UPDATE], MaxLatency(us), 32735
[UPDATE], 95thPercentileLatency(us), 1837
[UPDATE], 99thPercentileLatency(us), 3547
[UPDATE], Return=OK, 24940
AUTOTEST_DONE
