/nix/store/2vwkssqpzykk37r996cafq7x63imf4sp-openjdk-21+35/bin/java  -classpath /nix/store/zw02np72fzsmga6s5mphhw7x8qlzf4sv-ycsb-0.17.0/share/conf:/nix/store/zw02np72fzsmga6s5mphhw7x8qlzf4sv-ycsb-0.17.0/share/lib/core-0.17.0.jar:/nix/store/zw02np72fzsmga6s5mphhw7x8qlzf4sv-ycsb-0.17.0/share/lib/HdrHistogram-2.1.4.jar:/nix/store/zw02np72fzsmga6s5mphhw7x8qlzf4sv-ycsb-0.17.0/share/lib/htrace-core4-4.1.0-incubating.jar:/nix/store/zw02np72fzsmga6s5mphhw7x8qlzf4sv-ycsb-0.17.0/share/lib/jackson-core-asl-1.9.4.jar:/nix/store/zw02np72fzsmga6s5mphhw7x8qlzf4sv-ycsb-0.17.0/share/lib/jackson-mapper-asl-1.9.4.jar:/nix/store/zw02np72fzsmga6s5mphhw7x8qlzf4sv-ycsb-0.17.0/share/redis-binding/lib/commons-pool2-2.4.2.jar:/nix/store/zw02np72fzsmga6s5mphhw7x8qlzf4sv-ycsb-0.17.0/share/redis-binding/lib/jedis-2.9.0.jar:/nix/store/zw02np72fzsmga6s5mphhw7x8qlzf4sv-ycsb-0.17.0/share/redis-binding/lib/redis-binding-0.17.0.jar site.ycsb.Client -t -db site.ycsb.db.RedisClient -s -P /home/host/vmuxIO/test/moonprogs//../../ycsb/share/workloads/workloada -p redis.host=10.1.0.2 -p redis.port=6379 -p operationcount=610 -threads 1 -target 10
Command line: -t -db site.ycsb.db.RedisClient -s -P /home/host/vmuxIO/test/moonprogs//../../ycsb/share/workloads/workloada -p redis.host=10.1.0.2 -p redis.port=6379 -p operationcount=610 -threads 1 -target 10
YCSB Client 0.17.0

Loading workload...
Starting test.
DBWrapper: report latency for each error is false and specific error codes to track for latency are: []
2024-06-13 18:22:13:930 0 sec: 0 operations; est completion in 0 second 
2024-06-13 18:22:23:803 10 sec: 99 operations; 9.9 current ops/sec; est completion in 52 seconds [READ: Count=51, Max=13999, Min=575, Avg=1459.9, 90=1883, 99=3969, 99.9=13999, 99.99=13999] [UPDATE: Count=48, Max=14007, Min=579, Avg=1361.02, 90=1533, 99=14007, 99.9=14007, 99.99=14007] 
2024-06-13 18:22:33:803 20 sec: 199 operations; 10 current ops/sec; est completion in 42 seconds [READ: Count=53, Max=2379, Min=564, Avg=1009.26, 90=1390, 99=1882, 99.9=2379, 99.99=2379] [UPDATE: Count=47, Max=1918, Min=486, Avg=926.34, 90=1308, 99=1918, 99.9=1918, 99.99=1918] 
2024-06-13 18:22:43:804 30 sec: 299 operations; 10 current ops/sec; est completion in 32 seconds [READ: Count=45, Max=5707, Min=670, Avg=1207.44, 90=1569, 99=5707, 99.9=5707, 99.99=5707] [UPDATE: Count=55, Max=1912, Min=569, Avg=875.51, 90=1144, 99=1800, 99.9=1912, 99.99=1912] 
2024-06-13 18:22:53:804 40 sec: 399 operations; 10 current ops/sec; est completion in 22 seconds [READ: Count=52, Max=7695, Min=565, Avg=1099.12, 90=1134, 99=2773, 99.9=7695, 99.99=7695] [UPDATE: Count=48, Max=2353, Min=564, Avg=798.15, 90=850, 99=2353, 99.9=2353, 99.99=2353] 
2024-06-13 18:23:03:803 50 sec: 499 operations; 10 current ops/sec; est completion in 12 seconds [READ: Count=47, Max=4859, Min=430, Avg=964.7, 90=1098, 99=4859, 99.9=4859, 99.99=4859] [UPDATE: Count=53, Max=2293, Min=496, Avg=848.77, 90=954, 99=1486, 99.9=2293, 99.99=2293] 
2024-06-13 18:23:13:804 60 sec: 599 operations; 10 current ops/sec; est completion in 2 second [READ: Count=54, Max=1718, Min=608, Avg=822.91, 90=927, 99=1243, 99.9=1718, 99.99=1718] [UPDATE: Count=46, Max=1589, Min=641, Avg=866.09, 90=987, 99=1589, 99.9=1589, 99.99=1589] 
2024-06-13 18:23:14:956 61 sec: 610 operations; 9.54 current ops/sec; [READ: Count=4, Max=1138, Min=760, Avg=1012.25, 90=1138, 99=1138, 99.9=1138, 99.99=1138] [CLEANUP: Count=1, Max=1301, Min=1301, Avg=1301, 90=1301, 99=1301, 99.9=1301, 99.99=1301] [UPDATE: Count=7, Max=1049, Min=653, Avg=854, 90=1027, 99=1049, 99.9=1049, 99.99=1049] 
[OVERALL], RunTime(ms), 61153
[OVERALL], Throughput(ops/sec), 9.974980785897667
[TOTAL_GCS_Copy], Count, 0
[TOTAL_GC_TIME_Copy], Time(ms), 0
[TOTAL_GC_TIME_%_Copy], Time(%), 0.0
[TOTAL_GCS_MarkSweepCompact], Count, 0
[TOTAL_GC_TIME_MarkSweepCompact], Time(ms), 0
[TOTAL_GC_TIME_%_MarkSweepCompact], Time(%), 0.0
[TOTAL_GCs], Count, 0
[TOTAL_GC_TIME], Time(ms), 0
[TOTAL_GC_TIME_%], Time(%), 0.0
[READ], Operations, 306
[READ], AverageLatency(us), 1089.0915032679738
[READ], MinLatency(us), 430
[READ], MaxLatency(us), 13999
[READ], 95thPercentileLatency(us), 1791
[READ], 99thPercentileLatency(us), 4859
[READ], Return=OK, 306
[CLEANUP], Operations, 1
[CLEANUP], AverageLatency(us), 1301.0
[CLEANUP], MinLatency(us), 1301
[CLEANUP], MaxLatency(us), 1301
[CLEANUP], 95thPercentileLatency(us), 1301
[CLEANUP], 99thPercentileLatency(us), 1301
[UPDATE], Operations, 304
[UPDATE], AverageLatency(us), 941.2302631578947
[UPDATE], MinLatency(us), 486
[UPDATE], MaxLatency(us), 14007
[UPDATE], 95thPercentileLatency(us), 1486
[UPDATE], 99thPercentileLatency(us), 2353
[UPDATE], Return=OK, 304
AUTOTEST_DONE
