/nix/store/2vwkssqpzykk37r996cafq7x63imf4sp-openjdk-21+35/bin/java  -classpath /nix/store/zw02np72fzsmga6s5mphhw7x8qlzf4sv-ycsb-0.17.0/share/conf:/nix/store/zw02np72fzsmga6s5mphhw7x8qlzf4sv-ycsb-0.17.0/share/lib/core-0.17.0.jar:/nix/store/zw02np72fzsmga6s5mphhw7x8qlzf4sv-ycsb-0.17.0/share/lib/HdrHistogram-2.1.4.jar:/nix/store/zw02np72fzsmga6s5mphhw7x8qlzf4sv-ycsb-0.17.0/share/lib/htrace-core4-4.1.0-incubating.jar:/nix/store/zw02np72fzsmga6s5mphhw7x8qlzf4sv-ycsb-0.17.0/share/lib/jackson-core-asl-1.9.4.jar:/nix/store/zw02np72fzsmga6s5mphhw7x8qlzf4sv-ycsb-0.17.0/share/lib/jackson-mapper-asl-1.9.4.jar:/nix/store/zw02np72fzsmga6s5mphhw7x8qlzf4sv-ycsb-0.17.0/share/redis-binding/lib/commons-pool2-2.4.2.jar:/nix/store/zw02np72fzsmga6s5mphhw7x8qlzf4sv-ycsb-0.17.0/share/redis-binding/lib/jedis-2.9.0.jar:/nix/store/zw02np72fzsmga6s5mphhw7x8qlzf4sv-ycsb-0.17.0/share/redis-binding/lib/redis-binding-0.17.0.jar site.ycsb.Client -t -db site.ycsb.db.RedisClient -s -P /home/host/vmuxIO/test/moonprogs//../../ycsb/share/workloads/workloada -p redis.host=10.1.0.2 -p redis.port=6379 -p operationcount=429496729 -p maxexecutiontime=61 -threads 1
Command line: -t -db site.ycsb.db.RedisClient -s -P /home/host/vmuxIO/test/moonprogs//../../ycsb/share/workloads/workloada -p redis.host=10.1.0.2 -p redis.port=6379 -p operationcount=429496729 -p maxexecutiontime=61 -threads 1
YCSB Client 0.17.0

Loading workload...
Starting test.
Maximum execution time specified as: 61 secs
DBWrapper: report latency for each error is false and specific error codes to track for latency are: []
2024-10-03 02:14:57:443 0 sec: 0 operations; est completion in 0 second 
2024-10-03 02:15:07:278 10 sec: 29387 operations; 2938.41 current ops/sec; est completion in 1 day 16 hours [READ: Count=14536, Max=53055, Min=192, Avg=328.83, 90=433, 99=525, 99.9=3687, 99.99=10455] [UPDATE: Count=14954, Max=7751, Min=201, Avg=325.67, 90=436, 99=554, 99.9=3411, 99.99=5519] 
2024-10-03 02:15:17:279 20 sec: 59439 operations; 3004.9 current ops/sec; est completion in 1 day 16 hours [READ: Count=14964, Max=4427, Min=195, Avg=324.91, 90=425, 99=498, 99.9=3843, 99.99=4275] [UPDATE: Count=15058, Max=4315, Min=198, Avg=325.19, 90=429, 99=505, 99.9=3757, 99.99=4183] 
2024-10-03 02:15:27:278 30 sec: 89099 operations; 2966.59 current ops/sec; est completion in 1 day 16 hours [READ: Count=14801, Max=4475, Min=193, Avg=335.8, 90=444, 99=570, 99.9=3563, 99.99=4343] [UPDATE: Count=14786, Max=4367, Min=191, Avg=332.55, 90=442, 99=565, 99.9=3675, 99.99=4283] 
2024-10-03 02:15:37:279 40 sec: 120476 operations; 3137.39 current ops/sec; est completion in 1 day 15 hours [READ: Count=15681, Max=8935, Min=190, Avg=319.16, 90=416, 99=482, 99.9=700, 99.99=2801] [UPDATE: Count=15696, Max=2889, Min=194, Avg=313.92, 90=414, 99=476, 99.9=555, 99.99=908] 
2024-10-03 02:15:47:278 50 sec: 152384 operations; 3191.12 current ops/sec; est completion in 1 day 15 hours [READ: Count=16003, Max=2719, Min=191, Avg=312.73, 90=411, 99=482, 99.9=583, 99.99=2567] [UPDATE: Count=15905, Max=5203, Min=194, Avg=309.98, 90=410, 99=474, 99.9=563, 99.99=1870] 
2024-10-03 02:15:57:278 60 sec: 182698 operations; 3031.4 current ops/sec; est completion in 1 day 15 hours [READ: Count=15037, Max=8527, Min=192, Avg=329.72, 90=440, 99=546, 99.9=714, 99.99=2927] [UPDATE: Count=15277, Max=3249, Min=193, Avg=325.82, 90=439, 99=541, 99.9=679, 99.99=2967] 
Maximum time elapsed. Requesting stop for the workload.
Stop requested for workload. Now Joining!
2024-10-03 02:15:58:290 61 sec: 185747 operations; 3012.85 current ops/sec; est completion in 1 day 15 hours [READ: Count=1500, Max=6519, Min=201, Avg=332.32, 90=442, 99=528, 99.9=636, 99.99=6519] [CLEANUP: Count=1, Max=1061, Min=1061, Avg=1061, 90=1061, 99=1061, 99.9=1061, 99.99=1061] [UPDATE: Count=1549, Max=757, Min=205, Avg=326.15, 90=444, 99=527, 99.9=630, 99.99=757] 
[OVERALL], RunTime(ms), 61017
[OVERALL], Throughput(ops/sec), 3044.1844076241046
[TOTAL_GCS_Copy], Count, 17
[TOTAL_GC_TIME_Copy], Time(ms), 18
[TOTAL_GC_TIME_%_Copy], Time(%), 0.029499975416687155
[TOTAL_GCS_MarkSweepCompact], Count, 0
[TOTAL_GC_TIME_MarkSweepCompact], Time(ms), 0
[TOTAL_GC_TIME_%_MarkSweepCompact], Time(%), 0.0
[TOTAL_GCs], Count, 17
[TOTAL_GC_TIME], Time(ms), 18
[TOTAL_GC_TIME_%], Time(%), 0.029499975416687155
[READ], Operations, 92522
[READ], AverageLatency(us), 325.08651996281964
[READ], MinLatency(us), 190
[READ], MaxLatency(us), 53055
[READ], 95thPercentileLatency(us), 452
[READ], 99thPercentileLatency(us), 523
[READ], Return=OK, 92522
[CLEANUP], Operations, 1
[CLEANUP], AverageLatency(us), 1061.0
[CLEANUP], MinLatency(us), 1061
[CLEANUP], MaxLatency(us), 1061
[CLEANUP], 95thPercentileLatency(us), 1061
[CLEANUP], 99thPercentileLatency(us), 1061
[UPDATE], Operations, 93225
[UPDATE], AverageLatency(us), 322.0614749262537
[UPDATE], MinLatency(us), 191
[UPDATE], MaxLatency(us), 7751
[UPDATE], 95thPercentileLatency(us), 452
[UPDATE], 99thPercentileLatency(us), 521
[UPDATE], Return=OK, 93225
AUTOTEST_DONE
