/nix/store/2vwkssqpzykk37r996cafq7x63imf4sp-openjdk-21+35/bin/java  -classpath /nix/store/zw02np72fzsmga6s5mphhw7x8qlzf4sv-ycsb-0.17.0/share/conf:/nix/store/zw02np72fzsmga6s5mphhw7x8qlzf4sv-ycsb-0.17.0/share/lib/core-0.17.0.jar:/nix/store/zw02np72fzsmga6s5mphhw7x8qlzf4sv-ycsb-0.17.0/share/lib/HdrHistogram-2.1.4.jar:/nix/store/zw02np72fzsmga6s5mphhw7x8qlzf4sv-ycsb-0.17.0/share/lib/htrace-core4-4.1.0-incubating.jar:/nix/store/zw02np72fzsmga6s5mphhw7x8qlzf4sv-ycsb-0.17.0/share/lib/jackson-core-asl-1.9.4.jar:/nix/store/zw02np72fzsmga6s5mphhw7x8qlzf4sv-ycsb-0.17.0/share/lib/jackson-mapper-asl-1.9.4.jar:/nix/store/zw02np72fzsmga6s5mphhw7x8qlzf4sv-ycsb-0.17.0/share/redis-binding/lib/commons-pool2-2.4.2.jar:/nix/store/zw02np72fzsmga6s5mphhw7x8qlzf4sv-ycsb-0.17.0/share/redis-binding/lib/jedis-2.9.0.jar:/nix/store/zw02np72fzsmga6s5mphhw7x8qlzf4sv-ycsb-0.17.0/share/redis-binding/lib/redis-binding-0.17.0.jar site.ycsb.Client -t -db site.ycsb.db.RedisClient -s -P /home/host/vmuxIO/test/moonprogs//../../ycsb/share/workloads/workloada -p redis.host=10.1.0.2 -p redis.port=6379 -p operationcount=429496729 -p maxexecutiontime=61 -threads 1
Command line: -t -db site.ycsb.db.RedisClient -s -P /home/host/vmuxIO/test/moonprogs//../../ycsb/share/workloads/workloada -p redis.host=10.1.0.2 -p redis.port=6379 -p operationcount=429496729 -p maxexecutiontime=61 -threads 1
YCSB Client 0.17.0

Loading workload...
Starting test.
Maximum execution time specified as: 61 secs
DBWrapper: report latency for each error is false and specific error codes to track for latency are: []
2024-10-03 02:14:56:618 0 sec: 0 operations; est completion in 0 second 
2024-10-03 02:15:06:459 10 sec: 28788 operations; 2878.8 current ops/sec; est completion in 1 day 17 hours [READ: Count=14387, Max=47263, Min=192, Avg=333.8, 90=437, 99=556, 99.9=3989, 99.99=6527] [UPDATE: Count=14466, Max=5443, Min=199, Avg=333.64, 90=440, 99=603, 99.9=3887, 99.99=4439] 
2024-10-03 02:15:16:462 20 sec: 58334 operations; 2953.71 current ops/sec; est completion in 1 day 16 hours [READ: Count=14679, Max=6007, Min=196, Avg=331.84, 90=434, 99=528, 99.9=4003, 99.99=4563] [UPDATE: Count=14879, Max=4347, Min=193, Avg=332.81, 90=436, 99=532, 99.9=4095, 99.99=4347] 
2024-10-03 02:15:26:461 30 sec: 87433 operations; 2910.48 current ops/sec; est completion in 1 day 16 hours [READ: Count=14572, Max=4435, Min=194, Avg=341.76, 90=456, 99=601, 99.9=1567, 99.99=4287] [UPDATE: Count=14450, Max=4739, Min=192, Avg=337.26, 90=453, 99=610, 99.9=984, 99.99=4379] 
2024-10-03 02:15:36:459 40 sec: 118700 operations; 3127.01 current ops/sec; est completion in 1 day 16 hours [READ: Count=15613, Max=2997, Min=193, Avg=318.97, 90=422, 99=494, 99.9=619, 99.99=1747] [UPDATE: Count=15654, Max=8943, Min=196, Avg=316.29, 90=421, 99=488, 99.9=625, 99.99=3017] 
2024-10-03 02:15:46:459 50 sec: 149606 operations; 3090.6 current ops/sec; est completion in 1 day 15 hours [READ: Count=15518, Max=7315, Min=198, Avg=323.56, 90=428, 99=498, 99.9=621, 99.99=3201] [UPDATE: Count=15388, Max=3131, Min=197, Avg=319.65, 90=427, 99=491, 99.9=582, 99.99=1314] 
2024-10-03 02:15:56:459 60 sec: 179208 operations; 2960.2 current ops/sec; est completion in 1 day 15 hours [READ: Count=14864, Max=4087, Min=203, Avg=337.89, 90=452, 99=536, 99.9=649, 99.99=3405] [UPDATE: Count=14738, Max=5711, Min=208, Avg=333.39, 90=447, 99=535, 99.9=650, 99.99=3217] 
Maximum time elapsed. Requesting stop for the workload.
Stop requested for workload. Now Joining!
2024-10-03 02:15:57:474 61 sec: 182085 operations; 2837.28 current ops/sec; est completion in 1 day 15 hours [READ: Count=1401, Max=10231, Min=209, Avg=356.66, 90=473, 99=559, 99.9=994, 99.99=10231] [CLEANUP: Count=1, Max=1159, Min=1159, Avg=1159, 90=1159, 99=1159, 99.9=1159, 99.99=1159] [UPDATE: Count=1476, Max=663, Min=211, Avg=342.96, 90=470, 99=550, 99.9=663, 99.99=663] 
[OVERALL], RunTime(ms), 61018
[OVERALL], Throughput(ops/sec), 2984.1194401651974
[TOTAL_GCS_Copy], Count, 17
[TOTAL_GC_TIME_Copy], Time(ms), 17
[TOTAL_GC_TIME_%_Copy], Time(%), 0.0278606312891278
[TOTAL_GCS_MarkSweepCompact], Count, 0
[TOTAL_GC_TIME_MarkSweepCompact], Time(ms), 0
[TOTAL_GC_TIME_%_MarkSweepCompact], Time(%), 0.0
[TOTAL_GCs], Count, 17
[TOTAL_GC_TIME], Time(ms), 17
[TOTAL_GC_TIME_%], Time(%), 0.0278606312891278
[READ], Operations, 91034
[READ], AverageLatency(us), 331.4883010743239
[READ], MinLatency(us), 192
[READ], MaxLatency(us), 47263
[READ], 95thPercentileLatency(us), 465
[READ], 99thPercentileLatency(us), 539
[READ], Return=OK, 91034
[CLEANUP], Operations, 1
[CLEANUP], AverageLatency(us), 1159.0
[CLEANUP], MinLatency(us), 1159
[CLEANUP], MaxLatency(us), 1159
[CLEANUP], 95thPercentileLatency(us), 1159
[CLEANUP], 99thPercentileLatency(us), 1159
[UPDATE], Operations, 91051
[UPDATE], AverageLatency(us), 328.8440434481774
[UPDATE], MinLatency(us), 192
[UPDATE], MaxLatency(us), 8943
[UPDATE], 95thPercentileLatency(us), 464
[UPDATE], 99thPercentileLatency(us), 541
[UPDATE], Return=OK, 91051
AUTOTEST_DONE
