/nix/store/2vwkssqpzykk37r996cafq7x63imf4sp-openjdk-21+35/bin/java  -classpath /nix/store/zw02np72fzsmga6s5mphhw7x8qlzf4sv-ycsb-0.17.0/share/conf:/nix/store/zw02np72fzsmga6s5mphhw7x8qlzf4sv-ycsb-0.17.0/share/lib/core-0.17.0.jar:/nix/store/zw02np72fzsmga6s5mphhw7x8qlzf4sv-ycsb-0.17.0/share/lib/HdrHistogram-2.1.4.jar:/nix/store/zw02np72fzsmga6s5mphhw7x8qlzf4sv-ycsb-0.17.0/share/lib/htrace-core4-4.1.0-incubating.jar:/nix/store/zw02np72fzsmga6s5mphhw7x8qlzf4sv-ycsb-0.17.0/share/lib/jackson-core-asl-1.9.4.jar:/nix/store/zw02np72fzsmga6s5mphhw7x8qlzf4sv-ycsb-0.17.0/share/lib/jackson-mapper-asl-1.9.4.jar:/nix/store/zw02np72fzsmga6s5mphhw7x8qlzf4sv-ycsb-0.17.0/share/redis-binding/lib/commons-pool2-2.4.2.jar:/nix/store/zw02np72fzsmga6s5mphhw7x8qlzf4sv-ycsb-0.17.0/share/redis-binding/lib/jedis-2.9.0.jar:/nix/store/zw02np72fzsmga6s5mphhw7x8qlzf4sv-ycsb-0.17.0/share/redis-binding/lib/redis-binding-0.17.0.jar site.ycsb.Client -t -db site.ycsb.db.RedisClient -s -P /home/host/vmuxIO/test/moonprogs//../../ycsb/share/workloads/workloada -p redis.host=10.1.0.2 -p redis.port=6379 -p operationcount=429496729 -p maxexecutiontime=61 -threads 1
Command line: -t -db site.ycsb.db.RedisClient -s -P /home/host/vmuxIO/test/moonprogs//../../ycsb/share/workloads/workloada -p redis.host=10.1.0.2 -p redis.port=6379 -p operationcount=429496729 -p maxexecutiontime=61 -threads 1
YCSB Client 0.17.0

Loading workload...
Starting test.
Maximum execution time specified as: 61 secs
DBWrapper: report latency for each error is false and specific error codes to track for latency are: []
2024-06-30 01:28:49:060 0 sec: 0 operations; est completion in 0 second 
2024-06-30 01:28:58:875 10 sec: 73922 operations; 7392.2 current ops/sec; est completion in 16 hours 8 minutes [READ: Count=36934, Max=17487, Min=96, Avg=130.44, 90=146, 99=206, 99.9=828, 99.99=5655] [UPDATE: Count=36991, Max=26063, Min=93, Avg=128.36, 90=143, 99=216, 99.9=1008, 99.99=4515] 
2024-06-30 01:29:08:875 20 sec: 154904 operations; 8098.2 current ops/sec; est completion in 15 hours 23 minutes [READ: Count=40552, Max=8087, Min=94, Avg=123.62, 90=142, 99=177, 99.9=272, 99.99=859] [UPDATE: Count=40427, Max=715, Min=89, Avg=120.11, 90=139, 99=181, 99.9=282, 99.99=490] 
2024-06-30 01:29:18:875 30 sec: 233030 operations; 7812.6 current ops/sec; est completion in 15 hours 21 minutes [READ: Count=39246, Max=1600, Min=89, Avg=127.63, 90=153, 99=202, 99.9=304, 99.99=575] [UPDATE: Count=38880, Max=7587, Min=84, Avg=125.15, 90=150, 99=198, 99.9=283, 99.99=511] 
2024-06-30 01:29:28:875 40 sec: 316127 operations; 8309.7 current ops/sec; est completion in 15 hours 5 minutes [READ: Count=41379, Max=7323, Min=91, Avg=120.23, 90=137, 99=170, 99.9=249, 99.99=442] [UPDATE: Count=41718, Max=822, Min=88, Avg=117.59, 90=134, 99=169, 99.9=245, 99.99=422] 
2024-06-30 01:29:38:875 50 sec: 396324 operations; 8019.7 current ops/sec; est completion in 15 hours 2 minutes [READ: Count=40166, Max=1184, Min=92, Avg=125.1, 90=141, 99=174, 99.9=258, 99.99=431] [UPDATE: Count=40031, Max=3333, Min=86, Avg=121.43, 90=137, 99=171, 99.9=240, 99.99=427] 
2024-06-30 01:29:48:875 60 sec: 472636 operations; 7631.2 current ops/sec; est completion in 15 hours 7 minutes [READ: Count=38135, Max=3547, Min=90, Avg=131.66, 90=149, 99=195, 99.9=278, 99.99=563] [UPDATE: Count=38177, Max=1394, Min=87, Avg=127.32, 90=145, 99=191, 99.9=267, 99.99=531] 
Maximum time elapsed. Requesting stop for the workload.
Stop requested for workload. Now Joining!
2024-06-30 01:29:49:894 61 sec: 481105 operations; 8335.63 current ops/sec; est completion in 15 hours 6 minutes [READ: Count=4250, Max=4575, Min=96, Avg=121.05, 90=134, 99=156, 99.9=249, 99.99=4575] [CLEANUP: Count=1, Max=1660, Min=1660, Avg=1660, 90=1660, 99=1660, 99.9=1660, 99.99=1660] [UPDATE: Count=4219, Max=918, Min=93, Avg=115.1, 90=128, 99=148, 99.9=242, 99.99=918] 
[OVERALL], RunTime(ms), 61023
[OVERALL], Throughput(ops/sec), 7883.994559428413
[TOTAL_GCS_Copy], Count, 45
[TOTAL_GC_TIME_Copy], Time(ms), 30
[TOTAL_GC_TIME_%_Copy], Time(%), 0.04916179145568064
[TOTAL_GCS_MarkSweepCompact], Count, 0
[TOTAL_GC_TIME_MarkSweepCompact], Time(ms), 0
[TOTAL_GC_TIME_%_MarkSweepCompact], Time(%), 0.0
[TOTAL_GCs], Count, 45
[TOTAL_GC_TIME], Time(ms), 30
[TOTAL_GC_TIME_%], Time(%), 0.04916179145568064
[READ], Operations, 240662
[READ], AverageLatency(us), 126.21187806965786
[READ], MinLatency(us), 89
[READ], MaxLatency(us), 17487
[READ], 95thPercentileLatency(us), 154
[READ], 99thPercentileLatency(us), 188
[READ], Return=OK, 240662
[CLEANUP], Operations, 1
[CLEANUP], AverageLatency(us), 1660.0
[CLEANUP], MinLatency(us), 1660
[CLEANUP], MaxLatency(us), 1660
[CLEANUP], 95thPercentileLatency(us), 1660
[CLEANUP], 99thPercentileLatency(us), 1660
[UPDATE], Operations, 240443
[UPDATE], AverageLatency(us), 123.03182459044348
[UPDATE], MinLatency(us), 84
[UPDATE], MaxLatency(us), 26063
[UPDATE], 95thPercentileLatency(us), 151
[UPDATE], 99thPercentileLatency(us), 186
[UPDATE], Return=OK, 240443
AUTOTEST_DONE
