/nix/store/2vwkssqpzykk37r996cafq7x63imf4sp-openjdk-21+35/bin/java  -classpath /nix/store/zw02np72fzsmga6s5mphhw7x8qlzf4sv-ycsb-0.17.0/share/conf:/nix/store/zw02np72fzsmga6s5mphhw7x8qlzf4sv-ycsb-0.17.0/share/lib/core-0.17.0.jar:/nix/store/zw02np72fzsmga6s5mphhw7x8qlzf4sv-ycsb-0.17.0/share/lib/HdrHistogram-2.1.4.jar:/nix/store/zw02np72fzsmga6s5mphhw7x8qlzf4sv-ycsb-0.17.0/share/lib/htrace-core4-4.1.0-incubating.jar:/nix/store/zw02np72fzsmga6s5mphhw7x8qlzf4sv-ycsb-0.17.0/share/lib/jackson-core-asl-1.9.4.jar:/nix/store/zw02np72fzsmga6s5mphhw7x8qlzf4sv-ycsb-0.17.0/share/lib/jackson-mapper-asl-1.9.4.jar:/nix/store/zw02np72fzsmga6s5mphhw7x8qlzf4sv-ycsb-0.17.0/share/redis-binding/lib/commons-pool2-2.4.2.jar:/nix/store/zw02np72fzsmga6s5mphhw7x8qlzf4sv-ycsb-0.17.0/share/redis-binding/lib/jedis-2.9.0.jar:/nix/store/zw02np72fzsmga6s5mphhw7x8qlzf4sv-ycsb-0.17.0/share/redis-binding/lib/redis-binding-0.17.0.jar site.ycsb.Client -t -db site.ycsb.db.RedisClient -s -P /home/host/vmuxIO/test/moonprogs//../../ycsb/share/workloads/workloada -p redis.host=10.1.0.2 -p redis.port=6379 -p operationcount=429496729 -p maxexecutiontime=61 -threads 1
Command line: -t -db site.ycsb.db.RedisClient -s -P /home/host/vmuxIO/test/moonprogs//../../ycsb/share/workloads/workloada -p redis.host=10.1.0.2 -p redis.port=6379 -p operationcount=429496729 -p maxexecutiontime=61 -threads 1
YCSB Client 0.17.0

Loading workload...
Starting test.
Maximum execution time specified as: 61 secs
DBWrapper: report latency for each error is false and specific error codes to track for latency are: []
2024-07-07 17:01:33:612 0 sec: 0 operations; est completion in 0 second 
2024-07-07 17:01:42:943 10 sec: 8463 operations; 845.88 current ops/sec; est completion in 5 days 21 hours [READ: Count=4187, Max=111167, Min=89, Avg=1051.22, 90=3503, 99=7727, 99.9=19231, 99.99=111167] [UPDATE: Count=4366, Max=141567, Min=89, Avg=1048.66, 90=3621, 99=7139, 99.9=13935, 99.99=141567] 
2024-07-07 17:01:52:937 20 sec: 23632 operations; 1517.51 current ops/sec; est completion in 4 days 4 hours [READ: Count=7600, Max=19935, Min=85, Avg=656.9, 90=2625, 99=5947, 99.9=9335, 99.99=14983] [UPDATE: Count=7479, Max=19519, Min=83, Avg=641.47, 90=2273, 99=5803, 99.9=10335, 99.99=16527] 
2024-07-07 17:02:02:937 30 sec: 41700 operations; 1806.8 current ops/sec; est completion in 3 days 13 hours [READ: Count=9021, Max=212351, Min=87, Avg=581.08, 90=743, 99=4037, 99.9=6351, 99.99=209151] [UPDATE: Count=9047, Max=203647, Min=84, Avg=515.46, 90=771, 99=4111, 99.9=6399, 99.99=9903] 
2024-07-07 17:02:12:937 40 sec: 59357 operations; 1765.7 current ops/sec; est completion in 3 days 8 hours [READ: Count=8869, Max=12399, Min=87, Avg=554.91, 90=681, 99=4403, 99.9=6355, 99.99=9719] [UPDATE: Count=8788, Max=25631, Min=85, Avg=566.61, 90=707, 99=4443, 99.9=7015, 99.99=8295] 
2024-07-07 17:02:22:937 50 sec: 82242 operations; 2288.5 current ops/sec; est completion in 3 days [READ: Count=11479, Max=15335, Min=84, Avg=437.76, 90=495, 99=3851, 99.9=6303, 99.99=14031] [UPDATE: Count=11406, Max=9151, Min=81, Avg=430.57, 90=499, 99=3661, 99.9=6255, 99.99=7295] 
2024-07-07 17:02:32:937 60 sec: 102092 operations; 1985 current ops/sec; est completion in 2 days 22 hours [READ: Count=9975, Max=209151, Min=85, Avg=538.74, 90=644, 99=3739, 99.9=6375, 99.99=207231] [UPDATE: Count=9875, Max=7423, Min=84, Avg=462.67, 90=658, 99=3755, 99.9=6267, 99.99=6643] 
Maximum time elapsed. Requesting stop for the workload.
Stop requested for workload. Now Joining!
2024-07-07 17:02:33:945 61 sec: 104127 operations; 2018.85 current ops/sec; est completion in 2 days 21 hours [READ: Count=998, Max=21023, Min=83, Avg=491.73, 90=556, 99=4041, 99.9=6555, 99.99=21023] [CLEANUP: Count=1, Max=2371, Min=2370, Avg=2371, 90=2371, 99=2371, 99.9=2371, 99.99=2371] [UPDATE: Count=1037, Max=8423, Min=89, Avg=488.23, 90=611, 99=3965, 99.9=6419, 99.99=8423] 
[OVERALL], RunTime(ms), 61030
[OVERALL], Throughput(ops/sec), 1706.16090447321
[TOTAL_GCS_Copy], Count, 10
[TOTAL_GC_TIME_Copy], Time(ms), 37
[TOTAL_GC_TIME_%_Copy], Time(%), 0.06062592167786335
[TOTAL_GCS_MarkSweepCompact], Count, 0
[TOTAL_GC_TIME_MarkSweepCompact], Time(ms), 0
[TOTAL_GC_TIME_%_MarkSweepCompact], Time(%), 0.0
[TOTAL_GCs], Count, 10
[TOTAL_GC_TIME], Time(ms), 37
[TOTAL_GC_TIME_%], Time(%), 0.06062592167786335
[READ], Operations, 52129
[READ], AverageLatency(us), 584.0713230639375
[READ], MinLatency(us), 83
[READ], MaxLatency(us), 212351
[READ], 95thPercentileLatency(us), 3233
[READ], 99thPercentileLatency(us), 4607
[READ], Return=OK, 52129
[CLEANUP], Operations, 1
[CLEANUP], AverageLatency(us), 2371.0
[CLEANUP], MinLatency(us), 2370
[CLEANUP], MaxLatency(us), 2371
[CLEANUP], 95thPercentileLatency(us), 2371
[CLEANUP], 99thPercentileLatency(us), 2371
[UPDATE], Operations, 51998
[UPDATE], AverageLatency(us), 557.810511942767
[UPDATE], MinLatency(us), 81
[UPDATE], MaxLatency(us), 203647
[UPDATE], 95thPercentileLatency(us), 3233
[UPDATE], 99thPercentileLatency(us), 4607
[UPDATE], Return=OK, 51998
AUTOTEST_DONE
