/nix/store/2vwkssqpzykk37r996cafq7x63imf4sp-openjdk-21+35/bin/java  -classpath /nix/store/zw02np72fzsmga6s5mphhw7x8qlzf4sv-ycsb-0.17.0/share/conf:/nix/store/zw02np72fzsmga6s5mphhw7x8qlzf4sv-ycsb-0.17.0/share/lib/core-0.17.0.jar:/nix/store/zw02np72fzsmga6s5mphhw7x8qlzf4sv-ycsb-0.17.0/share/lib/HdrHistogram-2.1.4.jar:/nix/store/zw02np72fzsmga6s5mphhw7x8qlzf4sv-ycsb-0.17.0/share/lib/htrace-core4-4.1.0-incubating.jar:/nix/store/zw02np72fzsmga6s5mphhw7x8qlzf4sv-ycsb-0.17.0/share/lib/jackson-core-asl-1.9.4.jar:/nix/store/zw02np72fzsmga6s5mphhw7x8qlzf4sv-ycsb-0.17.0/share/lib/jackson-mapper-asl-1.9.4.jar:/nix/store/zw02np72fzsmga6s5mphhw7x8qlzf4sv-ycsb-0.17.0/share/redis-binding/lib/commons-pool2-2.4.2.jar:/nix/store/zw02np72fzsmga6s5mphhw7x8qlzf4sv-ycsb-0.17.0/share/redis-binding/lib/jedis-2.9.0.jar:/nix/store/zw02np72fzsmga6s5mphhw7x8qlzf4sv-ycsb-0.17.0/share/redis-binding/lib/redis-binding-0.17.0.jar site.ycsb.Client -t -db site.ycsb.db.RedisClient -s -P /home/host/vmuxIO/test/moonprogs//../../ycsb/share/workloads/workloada -p redis.host=10.1.0.2 -p redis.port=6379 -p operationcount=429496729 -p maxexecutiontime=61 -threads 1
Command line: -t -db site.ycsb.db.RedisClient -s -P /home/host/vmuxIO/test/moonprogs//../../ycsb/share/workloads/workloada -p redis.host=10.1.0.2 -p redis.port=6379 -p operationcount=429496729 -p maxexecutiontime=61 -threads 1
YCSB Client 0.17.0

Loading workload...
Starting test.
Maximum execution time specified as: 61 secs
DBWrapper: report latency for each error is false and specific error codes to track for latency are: []
2024-10-03 12:39:01:393 0 sec: 0 operations; est completion in 0 second 
2024-10-03 12:39:11:248 10 sec: 35974 operations; 3597.04 current ops/sec; est completion in 1 day 9 hours [READ: Count=18017, Max=46271, Min=195, Avg=267.83, 90=348, 99=518, 99.9=3483, 99.99=7623] [UPDATE: Count=18036, Max=4199, Min=200, Avg=266.09, 90=337, 99=541, 99.9=2849, 99.99=3981] 
2024-10-03 12:39:21:249 20 sec: 76766 operations; 4078.79 current ops/sec; est completion in 1 day 7 hours [READ: Count=20371, Max=4103, Min=196, Avg=240.56, 90=259, 99=384, 99.9=488, 99.99=3501] [UPDATE: Count=20342, Max=4043, Min=202, Avg=240.52, 90=258, 99=385, 99.9=475, 99.99=3919] 
2024-10-03 12:39:31:248 30 sec: 118790 operations; 4202.82 current ops/sec; est completion in 1 day 6 hours [READ: Count=20957, Max=4303, Min=189, Avg=238.39, 90=324, 99=376, 99.9=503, 99.99=3935] [UPDATE: Count=21067, Max=9815, Min=189, Avg=233.76, 90=254, 99=371, 99.9=412, 99.99=3823] 
2024-10-03 12:39:41:248 40 sec: 160777 operations; 4198.7 current ops/sec; est completion in 1 day 5 hours [READ: Count=20839, Max=8063, Min=190, Avg=238.09, 90=282, 99=371, 99.9=429, 99.99=2509] [UPDATE: Count=21148, Max=2635, Min=189, Avg=234.9, 90=270, 99=368, 99.9=435, 99.99=845] 
2024-10-03 12:39:51:248 50 sec: 202499 operations; 4172.2 current ops/sec; est completion in 1 day 5 hours [READ: Count=20871, Max=3969, Min=197, Avg=239.24, 90=256, 99=378, 99.9=422, 99.99=2481] [UPDATE: Count=20851, Max=2647, Min=194, Avg=236.63, 90=250, 99=376, 99.9=418, 99.99=2451] 
2024-10-03 12:40:01:248 60 sec: 244195 operations; 4169.6 current ops/sec; est completion in 1 day 5 hours [READ: Count=20894, Max=7931, Min=203, Avg=239.56, 90=256, 99=379, 99.9=437, 99.99=1487] [UPDATE: Count=20802, Max=2667, Min=204, Avg=236.83, 90=250, 99=376, 99.9=423, 99.99=2481] 
Maximum time elapsed. Requesting stop for the workload.
Stop requested for workload. Now Joining!
2024-10-03 12:40:02:259 61 sec: 248408 operations; 4167.16 current ops/sec; est completion in 1 day 5 hours [READ: Count=2023, Max=524, Min=203, Avg=236.55, 90=252, 99=378, 99.9=415, 99.99=524] [CLEANUP: Count=1, Max=1078, Min=1078, Avg=1078, 90=1078, 99=1078, 99.9=1078, 99.99=1078] [UPDATE: Count=2190, Max=6183, Min=203, Avg=239.53, 90=248, 99=377, 99.9=2453, 99.99=6183] 
[OVERALL], RunTime(ms), 61016
[OVERALL], Throughput(ops/sec), 4071.1944408024124
[TOTAL_GCS_Copy], Count, 23
[TOTAL_GC_TIME_Copy], Time(ms), 19
[TOTAL_GC_TIME_%_Copy], Time(%), 0.0311393732791399
[TOTAL_GCS_MarkSweepCompact], Count, 0
[TOTAL_GC_TIME_MarkSweepCompact], Time(ms), 0
[TOTAL_GC_TIME_%_MarkSweepCompact], Time(%), 0.0
[TOTAL_GCs], Count, 23
[TOTAL_GC_TIME], Time(ms), 19
[TOTAL_GC_TIME_%], Time(%), 0.0311393732791399
[READ], Operations, 123972
[READ], AverageLatency(us), 243.28312844835932
[READ], MinLatency(us), 189
[READ], MaxLatency(us), 46271
[READ], 95thPercentileLatency(us), 354
[READ], 99thPercentileLatency(us), 391
[READ], Return=OK, 123972
[CLEANUP], Operations, 1
[CLEANUP], AverageLatency(us), 1078.0
[CLEANUP], MinLatency(us), 1078
[CLEANUP], MaxLatency(us), 1078
[CLEANUP], 95thPercentileLatency(us), 1078
[CLEANUP], 99thPercentileLatency(us), 1078
[UPDATE], Operations, 124436
[UPDATE], AverageLatency(us), 240.83908997396253
[UPDATE], MinLatency(us), 189
[UPDATE], MaxLatency(us), 9815
[UPDATE], 95thPercentileLatency(us), 350
[UPDATE], 99thPercentileLatency(us), 390
[UPDATE], Return=OK, 124436
AUTOTEST_DONE
