/nix/store/2vwkssqpzykk37r996cafq7x63imf4sp-openjdk-21+35/bin/java  -classpath /nix/store/zw02np72fzsmga6s5mphhw7x8qlzf4sv-ycsb-0.17.0/share/conf:/nix/store/zw02np72fzsmga6s5mphhw7x8qlzf4sv-ycsb-0.17.0/share/lib/core-0.17.0.jar:/nix/store/zw02np72fzsmga6s5mphhw7x8qlzf4sv-ycsb-0.17.0/share/lib/HdrHistogram-2.1.4.jar:/nix/store/zw02np72fzsmga6s5mphhw7x8qlzf4sv-ycsb-0.17.0/share/lib/htrace-core4-4.1.0-incubating.jar:/nix/store/zw02np72fzsmga6s5mphhw7x8qlzf4sv-ycsb-0.17.0/share/lib/jackson-core-asl-1.9.4.jar:/nix/store/zw02np72fzsmga6s5mphhw7x8qlzf4sv-ycsb-0.17.0/share/lib/jackson-mapper-asl-1.9.4.jar:/nix/store/zw02np72fzsmga6s5mphhw7x8qlzf4sv-ycsb-0.17.0/share/redis-binding/lib/commons-pool2-2.4.2.jar:/nix/store/zw02np72fzsmga6s5mphhw7x8qlzf4sv-ycsb-0.17.0/share/redis-binding/lib/jedis-2.9.0.jar:/nix/store/zw02np72fzsmga6s5mphhw7x8qlzf4sv-ycsb-0.17.0/share/redis-binding/lib/redis-binding-0.17.0.jar site.ycsb.Client -t -db site.ycsb.db.RedisClient -s -P /home/host/vmuxIO/test/moonprogs//../../ycsb/share/workloads/workloada -p redis.host=10.1.0.2 -p redis.port=6384 -p operationcount=429496729 -p maxexecutiontime=61 -threads 1
Command line: -t -db site.ycsb.db.RedisClient -s -P /home/host/vmuxIO/test/moonprogs//../../ycsb/share/workloads/workloada -p redis.host=10.1.0.2 -p redis.port=6384 -p operationcount=429496729 -p maxexecutiontime=61 -threads 1
YCSB Client 0.17.0

Loading workload...
Starting test.
Maximum execution time specified as: 61 secs
DBWrapper: report latency for each error is false and specific error codes to track for latency are: []
2025-02-10 02:26:54:904 0 sec: 0 operations; est completion in 0 second 
2025-02-10 02:27:04:752 10 sec: 15827 operations; 1582.7 current ops/sec; est completion in 3 days 3 hours [READ: Count=7915, Max=24015, Min=204, Avg=610.88, 90=749, 99=4029, 99.9=5127, 99.99=9399] [UPDATE: Count=7919, Max=30447, Min=203, Avg=610.05, 90=749, 99=4019, 99.9=6335, 99.99=7143] 
2025-02-10 02:27:14:751 20 sec: 32468 operations; 1664.1 current ops/sec; est completion in 3 days 1 hour [READ: Count=8255, Max=6911, Min=213, Avg=598.67, 90=777, 99=955, 99.9=3915, 99.99=5291] [UPDATE: Count=8379, Max=4527, Min=204, Avg=591.23, 90=769, 99=960, 99.9=3859, 99.99=4263] 
2025-02-10 02:27:24:752 30 sec: 49446 operations; 1697.8 current ops/sec; est completion in 3 days [READ: Count=8436, Max=5055, Min=230, Avg=586.86, 90=755, 99=929, 99.9=1769, 99.99=4883] [UPDATE: Count=8542, Max=11759, Min=230, Avg=581.75, 90=751, 99=919, 99.9=1312, 99.99=6543] 
2025-02-10 02:27:34:751 40 sec: 66540 operations; 1709.4 current ops/sec; est completion in 2 days 23 hours [READ: Count=8467, Max=4331, Min=227, Avg=581.34, 90=747, 99=916, 99.9=1267, 99.99=4019] [UPDATE: Count=8627, Max=8639, Min=229, Avg=580.2, 90=751, 99=908, 99.9=1174, 99.99=4539] 
2025-02-10 02:27:44:752 50 sec: 83438 operations; 1689.8 current ops/sec; est completion in 2 days 23 hours [READ: Count=8435, Max=7883, Min=215, Avg=593.05, 90=758, 99=921, 99.9=1354, 99.99=4475] [UPDATE: Count=8463, Max=4435, Min=218, Avg=584.76, 90=750, 99=907, 99.9=1115, 99.99=4395] 
2025-02-10 02:27:54:751 60 sec: 101046 operations; 1760.8 current ops/sec; est completion in 2 days 22 hours [READ: Count=8840, Max=4315, Min=201, Avg=565.62, 90=767, 99=953, 99.9=1232, 99.99=3601] [UPDATE: Count=8768, Max=12463, Min=203, Avg=563.17, 90=761, 99=944, 99.9=1240, 99.99=7611] 
Maximum time elapsed. Requesting stop for the workload.
Stop requested for workload. Now Joining!
2025-02-10 02:27:55:759 61 sec: 104277 operations; 3208.54 current ops/sec; est completion in 2 days 21 hours [READ: Count=1661, Max=3515, Min=200, Avg=309.8, 90=390, 99=525, 99.9=3149, 99.99=3515] [CLEANUP: Count=1, Max=1135, Min=1135, Avg=1135, 90=1135, 99=1135, 99.9=1135, 99.99=1135] [UPDATE: Count=1570, Max=7983, Min=199, Avg=306.66, 90=389, 99=536, 99.9=1089, 99.99=7983] 
[OVERALL], RunTime(ms), 61016
[OVERALL], Throughput(ops/sec), 1709.0107512783532
[TOTAL_GCS_Copy], Count, 10
[TOTAL_GC_TIME_Copy], Time(ms), 15
[TOTAL_GC_TIME_%_Copy], Time(%), 0.02458371574668939
[TOTAL_GCS_MarkSweepCompact], Count, 0
[TOTAL_GC_TIME_MarkSweepCompact], Time(ms), 0
[TOTAL_GC_TIME_%_MarkSweepCompact], Time(%), 0.0
[TOTAL_GCs], Count, 10
[TOTAL_GC_TIME], Time(ms), 15
[TOTAL_GC_TIME_%], Time(%), 0.02458371574668939
[READ], Operations, 52009
[READ], AverageLatency(us), 580.0361091349574
[READ], MinLatency(us), 200
[READ], MaxLatency(us), 24015
[READ], 95thPercentileLatency(us), 816
[READ], 99thPercentileLatency(us), 989
[READ], Return=OK, 52009
[CLEANUP], Operations, 1
[CLEANUP], AverageLatency(us), 1135.0
[CLEANUP], MinLatency(us), 1135
[CLEANUP], MaxLatency(us), 1135
[CLEANUP], 95thPercentileLatency(us), 1135
[CLEANUP], 99thPercentileLatency(us), 1135
[UPDATE], Operations, 52268
[UPDATE], AverageLatency(us), 576.4110928292646
[UPDATE], MinLatency(us), 199
[UPDATE], MaxLatency(us), 30447
[UPDATE], 95thPercentileLatency(us), 811
[UPDATE], 99thPercentileLatency(us), 984
[UPDATE], Return=OK, 52268
AUTOTEST_DONE
