/nix/store/2vwkssqpzykk37r996cafq7x63imf4sp-openjdk-21+35/bin/java  -classpath /nix/store/zw02np72fzsmga6s5mphhw7x8qlzf4sv-ycsb-0.17.0/share/conf:/nix/store/zw02np72fzsmga6s5mphhw7x8qlzf4sv-ycsb-0.17.0/share/lib/core-0.17.0.jar:/nix/store/zw02np72fzsmga6s5mphhw7x8qlzf4sv-ycsb-0.17.0/share/lib/HdrHistogram-2.1.4.jar:/nix/store/zw02np72fzsmga6s5mphhw7x8qlzf4sv-ycsb-0.17.0/share/lib/htrace-core4-4.1.0-incubating.jar:/nix/store/zw02np72fzsmga6s5mphhw7x8qlzf4sv-ycsb-0.17.0/share/lib/jackson-core-asl-1.9.4.jar:/nix/store/zw02np72fzsmga6s5mphhw7x8qlzf4sv-ycsb-0.17.0/share/lib/jackson-mapper-asl-1.9.4.jar:/nix/store/zw02np72fzsmga6s5mphhw7x8qlzf4sv-ycsb-0.17.0/share/redis-binding/lib/commons-pool2-2.4.2.jar:/nix/store/zw02np72fzsmga6s5mphhw7x8qlzf4sv-ycsb-0.17.0/share/redis-binding/lib/jedis-2.9.0.jar:/nix/store/zw02np72fzsmga6s5mphhw7x8qlzf4sv-ycsb-0.17.0/share/redis-binding/lib/redis-binding-0.17.0.jar site.ycsb.Client -t -db site.ycsb.db.RedisClient -s -P /home/host/vmuxIO/test/moonprogs//../../ycsb/share/workloads/workloada -p redis.host=10.1.0.2 -p redis.port=6386 -p operationcount=429496729 -p maxexecutiontime=61 -threads 1
Command line: -t -db site.ycsb.db.RedisClient -s -P /home/host/vmuxIO/test/moonprogs//../../ycsb/share/workloads/workloada -p redis.host=10.1.0.2 -p redis.port=6386 -p operationcount=429496729 -p maxexecutiontime=61 -threads 1
YCSB Client 0.17.0

Loading workload...
Starting test.
Maximum execution time specified as: 61 secs
2025-02-01 18:07:06:291 0 sec: 0 operations; est completion in 0 second 
DBWrapper: report latency for each error is false and specific error codes to track for latency are: []
2025-02-01 18:07:16:233 10 sec: 12100 operations; 1210 current ops/sec; est completion in 4 days 2 hours [READ: Count=6044, Max=36639, Min=201, Avg=807.98, 90=1216, 99=3687, 99.9=5283, 99.99=15119] [UPDATE: Count=6059, Max=14719, Min=211, Avg=806.39, 90=1211, 99=3767, 99.9=4879, 99.99=6983] 
2025-02-01 18:07:26:233 20 sec: 24641 operations; 1253.97 current ops/sec; est completion in 4 days [READ: Count=6196, Max=4887, Min=206, Avg=794.81, 90=1028, 99=2821, 99.9=4591, 99.99=4867] [UPDATE: Count=6342, Max=11535, Min=218, Avg=790.71, 90=1034, 99=3249, 99.9=4859, 99.99=5235] 
2025-02-01 18:07:36:233 30 sec: 36853 operations; 1221.32 current ops/sec; est completion in 4 days 1 hour [READ: Count=6096, Max=4967, Min=217, Avg=817.21, 90=1122, 99=1783, 99.9=3703, 99.99=4391] [UPDATE: Count=6118, Max=3773, Min=215, Avg=811.2, 90=1116, 99=1720, 99.9=2469, 99.99=3577] 
2025-02-01 18:07:46:233 40 sec: 49854 operations; 1300.1 current ops/sec; est completion in 3 days 23 hours [READ: Count=6457, Max=4567, Min=226, Avg=766.2, 90=1017, 99=1751, 99.9=3901, 99.99=4399] [UPDATE: Count=6543, Max=18511, Min=218, Avg=763.01, 90=1005, 99=1688, 99.9=3581, 99.99=6327] 
2025-02-01 18:07:56:233 50 sec: 63685 operations; 1383.1 current ops/sec; est completion in 3 days 21 hours [READ: Count=6961, Max=4571, Min=236, Avg=716.66, 90=923, 99=1335, 99.9=2747, 99.99=4235] [UPDATE: Count=6870, Max=40863, Min=233, Avg=721.23, 90=922, 99=1393, 99.9=3645, 99.99=4695] 
2025-02-01 18:08:06:233 60 sec: 76493 operations; 1280.8 current ops/sec; est completion in 3 days 21 hours [READ: Count=6357, Max=6795, Min=228, Avg=783.05, 90=1039, 99=1582, 99.9=4003, 99.99=6731] [UPDATE: Count=6451, Max=4675, Min=220, Avg=773.27, 90=1032, 99=1553, 99.9=3981, 99.99=4663] 
Maximum time elapsed. Requesting stop for the workload.
Stop requested for workload. Now Joining!
2025-02-01 18:08:07:236 61 sec: 77698 operations; 1201.4 current ops/sec; est completion in 3 days 21 hours [READ: Count=587, Max=1825, Min=270, Avg=829.16, 90=1123, 99=1533, 99.9=1744, 99.99=1825] [CLEANUP: Count=1, Max=1457, Min=1457, Avg=1457, 90=1457, 99=1457, 99.9=1457, 99.99=1457] [UPDATE: Count=617, Max=2757, Min=266, Avg=827.49, 90=1116, 99=1527, 99.9=1998, 99.99=2757] 
[OVERALL], RunTime(ms), 61004
[OVERALL], Throughput(ops/sec), 1273.654186610714
[TOTAL_GCS_G1_Young_Generation], Count, 4
[TOTAL_GC_TIME_G1_Young_Generation], Time(ms), 38
[TOTAL_GC_TIME_%_G1_Young_Generation], Time(%), 0.0622909973116517
[TOTAL_GCS_G1_Concurrent_GC], Count, 0
[TOTAL_GC_TIME_G1_Concurrent_GC], Time(ms), 0
[TOTAL_GC_TIME_%_G1_Concurrent_GC], Time(%), 0.0
[TOTAL_GCS_G1_Old_Generation], Count, 0
[TOTAL_GC_TIME_G1_Old_Generation], Time(ms), 0
[TOTAL_GC_TIME_%_G1_Old_Generation], Time(%), 0.0
[TOTAL_GCs], Count, 4
[TOTAL_GC_TIME], Time(ms), 38
[TOTAL_GC_TIME_%], Time(%), 0.0622909973116517
[READ], Operations, 38698
[READ], AverageLatency(us), 780.1543749030958
[READ], MinLatency(us), 201
[READ], MaxLatency(us), 36639
[READ], 95thPercentileLatency(us), 1230
[READ], 99thPercentileLatency(us), 2113
[READ], Return=OK, 38698
[CLEANUP], Operations, 1
[CLEANUP], AverageLatency(us), 1457.0
[CLEANUP], MinLatency(us), 1457
[CLEANUP], MaxLatency(us), 1457
[CLEANUP], 95thPercentileLatency(us), 1457
[CLEANUP], 99thPercentileLatency(us), 1457
[UPDATE], Operations, 39000
[UPDATE], AverageLatency(us), 777.1687692307693
[UPDATE], MinLatency(us), 211
[UPDATE], MaxLatency(us), 40863
[UPDATE], 95thPercentileLatency(us), 1229
[UPDATE], 99thPercentileLatency(us), 2099
[UPDATE], Return=OK, 39000
AUTOTEST_DONE
