/nix/store/2vwkssqpzykk37r996cafq7x63imf4sp-openjdk-21+35/bin/java  -classpath /nix/store/zw02np72fzsmga6s5mphhw7x8qlzf4sv-ycsb-0.17.0/share/conf:/nix/store/zw02np72fzsmga6s5mphhw7x8qlzf4sv-ycsb-0.17.0/share/lib/core-0.17.0.jar:/nix/store/zw02np72fzsmga6s5mphhw7x8qlzf4sv-ycsb-0.17.0/share/lib/HdrHistogram-2.1.4.jar:/nix/store/zw02np72fzsmga6s5mphhw7x8qlzf4sv-ycsb-0.17.0/share/lib/htrace-core4-4.1.0-incubating.jar:/nix/store/zw02np72fzsmga6s5mphhw7x8qlzf4sv-ycsb-0.17.0/share/lib/jackson-core-asl-1.9.4.jar:/nix/store/zw02np72fzsmga6s5mphhw7x8qlzf4sv-ycsb-0.17.0/share/lib/jackson-mapper-asl-1.9.4.jar:/nix/store/zw02np72fzsmga6s5mphhw7x8qlzf4sv-ycsb-0.17.0/share/redis-binding/lib/commons-pool2-2.4.2.jar:/nix/store/zw02np72fzsmga6s5mphhw7x8qlzf4sv-ycsb-0.17.0/share/redis-binding/lib/jedis-2.9.0.jar:/nix/store/zw02np72fzsmga6s5mphhw7x8qlzf4sv-ycsb-0.17.0/share/redis-binding/lib/redis-binding-0.17.0.jar site.ycsb.Client -t -db site.ycsb.db.RedisClient -s -P /home/host/vmuxIO/test/moonprogs//../../ycsb/share/workloads/workloada -p redis.host=10.1.0.2 -p redis.port=6379 -p operationcount=429496729 -p maxexecutiontime=61 -threads 1
Command line: -t -db site.ycsb.db.RedisClient -s -P /home/host/vmuxIO/test/moonprogs//../../ycsb/share/workloads/workloada -p redis.host=10.1.0.2 -p redis.port=6379 -p operationcount=429496729 -p maxexecutiontime=61 -threads 1
YCSB Client 0.17.0

Loading workload...
Starting test.
Maximum execution time specified as: 61 secs
DBWrapper: report latency for each error is false and specific error codes to track for latency are: []
2024-07-07 15:29:00:998 0 sec: 0 operations; est completion in 0 second 
2024-07-07 15:29:10:841 10 sec: 85114 operations; 8511.4 current ops/sec; est completion in 14 hours [READ: Count=42544, Max=48095, Min=83, Avg=112.1, 90=125, 99=232, 99.9=1024, 99.99=3923] [UPDATE: Count=42576, Max=5199, Min=81, Avg=112.38, 90=125, 99=242, 99.9=1428, 99.99=4247] 
2024-07-07 15:29:20:841 20 sec: 179505 operations; 9439.1 current ops/sec; est completion in 13 hours 17 minutes [READ: Count=47332, Max=10535, Min=81, Avg=104.91, 90=115, 99=159, 99.9=300, 99.99=1562] [UPDATE: Count=47053, Max=4639, Min=78, Avg=103.33, 90=114, 99=157, 99.9=292, 99.99=1610] 
2024-07-07 15:29:30:841 30 sec: 272718 operations; 9321.3 current ops/sec; est completion in 13 hours 6 minutes [READ: Count=46606, Max=5511, Min=82, Avg=106.17, 90=120, 99=185, 99.9=305, 99.99=1318] [UPDATE: Count=46607, Max=7075, Min=80, Avg=104.96, 90=118, 99=184, 99.9=310, 99.99=1317] 
2024-07-07 15:29:40:841 40 sec: 367444 operations; 9472.6 current ops/sec; est completion in 12 hours 58 minutes [READ: Count=47427, Max=4455, Min=83, Avg=104.67, 90=115, 99=157, 99.9=297, 99.99=2201] [UPDATE: Count=47299, Max=7847, Min=80, Avg=103.24, 90=114, 99=156, 99.9=294, 99.99=554] 
2024-07-07 15:29:50:841 50 sec: 463325 operations; 9588.1 current ops/sec; est completion in 12 hours 51 minutes [READ: Count=47885, Max=8663, Min=84, Avg=103.52, 90=114, 99=149, 99.9=301, 99.99=455] [UPDATE: Count=47996, Max=4559, Min=81, Avg=101.84, 90=113, 99=144, 99.9=296, 99.99=508] 
2024-07-07 15:30:00:841 60 sec: 555529 operations; 9220.4 current ops/sec; est completion in 12 hours 52 minutes [READ: Count=46221, Max=4583, Min=82, Avg=107.48, 90=124, 99=199, 99.9=311, 99.99=2093] [UPDATE: Count=45983, Max=4611, Min=78, Avg=105.88, 90=121, 99=199, 99.9=306, 99.99=661] 
Maximum time elapsed. Requesting stop for the workload.
Stop requested for workload. Now Joining!
2024-07-07 15:30:01:852 61 sec: 565075 operations; 9432.81 current ops/sec; est completion in 12 hours 51 minutes [READ: Count=4702, Max=1758, Min=84, Avg=103.77, 90=114, 99=137, 99.9=285, 99.99=1758] [CLEANUP: Count=1, Max=972, Min=972, Avg=972, 90=972, 99=972, 99.9=972, 99.99=972] [UPDATE: Count=4844, Max=5115, Min=84, Avg=104.53, 90=113, 99=152, 99.9=305, 99.99=5115] 
[OVERALL], RunTime(ms), 61016
[OVERALL], Throughput(ops/sec), 9261.095450373672
[TOTAL_GCS_Copy], Count, 52
[TOTAL_GC_TIME_Copy], Time(ms), 23
[TOTAL_GC_TIME_%_Copy], Time(%), 0.0376950308115904
[TOTAL_GCS_MarkSweepCompact], Count, 0
[TOTAL_GC_TIME_MarkSweepCompact], Time(ms), 0
[TOTAL_GC_TIME_%_MarkSweepCompact], Time(%), 0.0
[TOTAL_GCs], Count, 52
[TOTAL_GC_TIME], Time(ms), 23
[TOTAL_GC_TIME_%], Time(%), 0.0376950308115904
[READ], Operations, 282717
[READ], AverageLatency(us), 106.32391048292108
[READ], MinLatency(us), 81
[READ], MaxLatency(us), 48095
[READ], 95thPercentileLatency(us), 129
[READ], 99thPercentileLatency(us), 176
[READ], Return=OK, 282717
[CLEANUP], Operations, 1
[CLEANUP], AverageLatency(us), 972.0
[CLEANUP], MinLatency(us), 972
[CLEANUP], MaxLatency(us), 972
[CLEANUP], 95thPercentileLatency(us), 972
[CLEANUP], 99thPercentileLatency(us), 972
[UPDATE], Operations, 282358
[UPDATE], AverageLatency(us), 105.13027787418808
[UPDATE], MinLatency(us), 78
[UPDATE], MaxLatency(us), 7847
[UPDATE], 95thPercentileLatency(us), 127
[UPDATE], 99thPercentileLatency(us), 177
[UPDATE], Return=OK, 282358
AUTOTEST_DONE
