/nix/store/2vwkssqpzykk37r996cafq7x63imf4sp-openjdk-21+35/bin/java  -classpath /nix/store/zw02np72fzsmga6s5mphhw7x8qlzf4sv-ycsb-0.17.0/share/conf:/nix/store/zw02np72fzsmga6s5mphhw7x8qlzf4sv-ycsb-0.17.0/share/lib/core-0.17.0.jar:/nix/store/zw02np72fzsmga6s5mphhw7x8qlzf4sv-ycsb-0.17.0/share/lib/HdrHistogram-2.1.4.jar:/nix/store/zw02np72fzsmga6s5mphhw7x8qlzf4sv-ycsb-0.17.0/share/lib/htrace-core4-4.1.0-incubating.jar:/nix/store/zw02np72fzsmga6s5mphhw7x8qlzf4sv-ycsb-0.17.0/share/lib/jackson-core-asl-1.9.4.jar:/nix/store/zw02np72fzsmga6s5mphhw7x8qlzf4sv-ycsb-0.17.0/share/lib/jackson-mapper-asl-1.9.4.jar:/nix/store/zw02np72fzsmga6s5mphhw7x8qlzf4sv-ycsb-0.17.0/share/redis-binding/lib/commons-pool2-2.4.2.jar:/nix/store/zw02np72fzsmga6s5mphhw7x8qlzf4sv-ycsb-0.17.0/share/redis-binding/lib/jedis-2.9.0.jar:/nix/store/zw02np72fzsmga6s5mphhw7x8qlzf4sv-ycsb-0.17.0/share/redis-binding/lib/redis-binding-0.17.0.jar site.ycsb.Client -t -db site.ycsb.db.RedisClient -s -P /home/host/vmuxIO/test/moonprogs//../../ycsb/share/workloads/workloada -p redis.host=10.1.0.2 -p redis.port=6385 -p operationcount=429496729 -p maxexecutiontime=61 -threads 1
Command line: -t -db site.ycsb.db.RedisClient -s -P /home/host/vmuxIO/test/moonprogs//../../ycsb/share/workloads/workloada -p redis.host=10.1.0.2 -p redis.port=6385 -p operationcount=429496729 -p maxexecutiontime=61 -threads 1
YCSB Client 0.17.0

Loading workload...
Starting test.
Maximum execution time specified as: 61 secs
DBWrapper: report latency for each error is false and specific error codes to track for latency are: []
2025-02-10 03:29:54:861 0 sec: 0 operations; est completion in 0 second 
2025-02-10 03:30:04:647 10 sec: 37247 operations; 3724.7 current ops/sec; est completion in 1 day 8 hours [READ: Count=18657, Max=31759, Min=90, Avg=254.15, 90=352, 99=2089, 99.9=5071, 99.99=11807] [UPDATE: Count=18613, Max=38911, Min=94, Avg=253.82, 90=360, 99=1791, 99.9=5467, 99.99=9831] 
2025-02-10 03:30:14:646 20 sec: 71791 operations; 3454.4 current ops/sec; est completion in 1 day 9 hours [READ: Count=17263, Max=23119, Min=121, Avg=286.97, 90=442, 99=617, 99.9=3435, 99.99=6347] [UPDATE: Count=17258, Max=6079, Min=98, Avg=282.98, 90=442, 99=616, 99.9=2869, 99.99=4879] 
2025-02-10 03:30:24:646 30 sec: 104649 operations; 3285.8 current ops/sec; est completion in 1 day 10 hours [READ: Count=16404, Max=3851, Min=124, Avg=301, 90=448, 99=646, 99.9=977, 99.99=3319] [UPDATE: Count=16454, Max=9271, Min=122, Avg=302.47, 90=448, 99=660, 99.9=1072, 99.99=3299] 
2025-02-10 03:30:34:646 40 sec: 139463 operations; 3481.4 current ops/sec; est completion in 1 day 10 hours [READ: Count=17407, Max=2415, Min=113, Avg=284.23, 90=506, 99=811, 99.9=1160, 99.99=1629] [UPDATE: Count=17407, Max=8959, Min=94, Avg=285.88, 90=511, 99=813, 99.9=1172, 99.99=2775] 
2025-02-10 03:30:44:646 50 sec: 169594 operations; 3013.1 current ops/sec; est completion in 1 day 11 hours [READ: Count=15076, Max=6915, Min=102, Avg=329.35, 90=469, 99=630, 99.9=868, 99.99=3499] [UPDATE: Count=15055, Max=3815, Min=104, Avg=329.87, 90=472, 99=629, 99.9=859, 99.99=2215] 
2025-02-10 03:30:54:646 60 sec: 200739 operations; 3114.5 current ops/sec; est completion in 1 day 11 hours [READ: Count=15490, Max=3965, Min=122, Avg=319.14, 90=449, 99=569, 99.9=706, 99.99=2667] [UPDATE: Count=15655, Max=9047, Min=119, Avg=318.43, 90=449, 99=570, 99.9=825, 99.99=3931] 
Maximum time elapsed. Requesting stop for the workload.
Stop requested for workload. Now Joining!
2025-02-10 03:30:55:667 61 sec: 206687 operations; 5825.66 current ops/sec; est completion in 1 day 11 hours [READ: Count=3038, Max=661, Min=119, Avg=169.2, 90=205, 99=266, 99.9=353, 99.99=661] [CLEANUP: Count=1, Max=1054, Min=1054, Avg=1054, 90=1054, 99=1054, 99.9=1054, 99.99=1054] [UPDATE: Count=2910, Max=7039, Min=118, Avg=169.72, 90=199, 99=261, 99.9=599, 99.99=7039] 
[OVERALL], RunTime(ms), 61025
[OVERALL], Throughput(ops/sec), 3386.9233920524375
[TOTAL_GCS_Copy], Count, 19
[TOTAL_GC_TIME_Copy], Time(ms), 19
[TOTAL_GC_TIME_%_Copy], Time(%), 0.031134780827529702
[TOTAL_GCS_MarkSweepCompact], Count, 0
[TOTAL_GC_TIME_MarkSweepCompact], Time(ms), 0
[TOTAL_GC_TIME_%_MarkSweepCompact], Time(%), 0.0
[TOTAL_GCs], Count, 19
[TOTAL_GC_TIME], Time(ms), 19
[TOTAL_GC_TIME_%], Time(%), 0.031134780827529702
[READ], Operations, 103335
[READ], AverageLatency(us), 290.35181690617895
[READ], MinLatency(us), 90
[READ], MaxLatency(us), 31759
[READ], 95thPercentileLatency(us), 512
[READ], 99thPercentileLatency(us), 728
[READ], Return=OK, 103335
[CLEANUP], Operations, 1
[CLEANUP], AverageLatency(us), 1054.0
[CLEANUP], MinLatency(us), 1054
[CLEANUP], MaxLatency(us), 1054
[CLEANUP], 95thPercentileLatency(us), 1054
[CLEANUP], 99thPercentileLatency(us), 1054
[UPDATE], Operations, 103352
[UPDATE], AverageLatency(us), 290.3281020202802
[UPDATE], MinLatency(us), 94
[UPDATE], MaxLatency(us), 38911
[UPDATE], 95thPercentileLatency(us), 515
[UPDATE], 99thPercentileLatency(us), 739
[UPDATE], Return=OK, 103352
AUTOTEST_DONE
