/nix/store/2vwkssqpzykk37r996cafq7x63imf4sp-openjdk-21+35/bin/java  -classpath /nix/store/zw02np72fzsmga6s5mphhw7x8qlzf4sv-ycsb-0.17.0/share/conf:/nix/store/zw02np72fzsmga6s5mphhw7x8qlzf4sv-ycsb-0.17.0/share/lib/core-0.17.0.jar:/nix/store/zw02np72fzsmga6s5mphhw7x8qlzf4sv-ycsb-0.17.0/share/lib/HdrHistogram-2.1.4.jar:/nix/store/zw02np72fzsmga6s5mphhw7x8qlzf4sv-ycsb-0.17.0/share/lib/htrace-core4-4.1.0-incubating.jar:/nix/store/zw02np72fzsmga6s5mphhw7x8qlzf4sv-ycsb-0.17.0/share/lib/jackson-core-asl-1.9.4.jar:/nix/store/zw02np72fzsmga6s5mphhw7x8qlzf4sv-ycsb-0.17.0/share/lib/jackson-mapper-asl-1.9.4.jar:/nix/store/zw02np72fzsmga6s5mphhw7x8qlzf4sv-ycsb-0.17.0/share/redis-binding/lib/commons-pool2-2.4.2.jar:/nix/store/zw02np72fzsmga6s5mphhw7x8qlzf4sv-ycsb-0.17.0/share/redis-binding/lib/jedis-2.9.0.jar:/nix/store/zw02np72fzsmga6s5mphhw7x8qlzf4sv-ycsb-0.17.0/share/redis-binding/lib/redis-binding-0.17.0.jar site.ycsb.Client -t -db site.ycsb.db.RedisClient -s -P /home/host/vmuxIO/test/moonprogs//../../ycsb/share/workloads/workloada -p redis.host=10.1.0.2 -p redis.port=6382 -p operationcount=429496729 -p maxexecutiontime=61 -threads 1
Command line: -t -db site.ycsb.db.RedisClient -s -P /home/host/vmuxIO/test/moonprogs//../../ycsb/share/workloads/workloada -p redis.host=10.1.0.2 -p redis.port=6382 -p operationcount=429496729 -p maxexecutiontime=61 -threads 1
YCSB Client 0.17.0

Loading workload...
Starting test.
Maximum execution time specified as: 61 secs
DBWrapper: report latency for each error is false and specific error codes to track for latency are: []
2025-02-10 03:30:00:181 0 sec: 0 operations; est completion in 0 second 
2025-02-10 03:30:09:977 10 sec: 26650 operations; 2665 current ops/sec; est completion in 1 day 20 hours [READ: Count=13467, Max=38911, Min=128, Avg=358.12, 90=522, 99=1762, 99.9=4799, 99.99=14607] [UPDATE: Count=13194, Max=36223, Min=125, Avg=356.67, 90=522, 99=1826, 99.9=4803, 99.99=7887] 
2025-02-10 03:30:19:977 20 sec: 54269 operations; 2761.9 current ops/sec; est completion in 1 day 19 hours [READ: Count=13852, Max=15431, Min=112, Avg=357.79, 90=501, 99=666, 99.9=1018, 99.99=7063] [UPDATE: Count=13756, Max=4451, Min=102, Avg=356.35, 90=505, 99=668, 99.9=1002, 99.99=4211] 
2025-02-10 03:30:29:977 30 sec: 79917 operations; 2564.8 current ops/sec; est completion in 1 day 20 hours [READ: Count=12832, Max=2727, Min=149, Avg=386.51, 90=502, 99=635, 99.9=920, 99.99=2613] [UPDATE: Count=12816, Max=8327, Min=146, Avg=387.61, 90=502, 99=640, 99.9=899, 99.99=4049] 
2025-02-10 03:30:39:977 40 sec: 115062 operations; 3514.5 current ops/sec; est completion in 1 day 17 hours [READ: Count=17581, Max=7607, Min=132, Avg=283.04, 90=421, 99=646, 99.9=1094, 99.99=3987] [UPDATE: Count=17564, Max=15919, Min=129, Avg=281.43, 90=422, 99=646, 99.9=1006, 99.99=1773] 
2025-02-10 03:30:49:977 50 sec: 148701 operations; 3363.9 current ops/sec; est completion in 1 day 16 hours [READ: Count=16578, Max=11679, Min=132, Avg=296.96, 90=455, 99=601, 99.9=740, 99.99=2119] [UPDATE: Count=17061, Max=2601, Min=129, Avg=293.56, 90=454, 99=600, 99.9=795, 99.99=1185] 
2025-02-10 03:30:59:977 60 sec: 190088 operations; 4138.7 current ops/sec; est completion in 1 day 13 hours [READ: Count=20793, Max=3339, Min=101, Avg=240.14, 90=390, 99=539, 99.9=646, 99.99=904] [UPDATE: Count=20594, Max=2399, Min=96, Avg=239.36, 90=393, 99=536, 99.9=651, 99.99=1160] 
Maximum time elapsed. Requesting stop for the workload.
Stop requested for workload. Now Joining!
2025-02-10 03:31:00:986 61 sec: 196366 operations; 6222 current ops/sec; est completion in 1 day 13 hours [READ: Count=3160, Max=8019, Min=110, Avg=161.11, 90=186, 99=253, 99.9=384, 99.99=8019] [CLEANUP: Count=1, Max=1057, Min=1057, Avg=1057, 90=1057, 99=1057, 99.9=1057, 99.99=1057] [UPDATE: Count=3118, Max=546, Min=99, Avg=156.82, 90=186, 99=255, 99.9=371, 99.99=546] 
[OVERALL], RunTime(ms), 61012
[OVERALL], Throughput(ops/sec), 3218.4816101750475
[TOTAL_GCS_Copy], Count, 18
[TOTAL_GC_TIME_Copy], Time(ms), 21
[TOTAL_GC_TIME_%_Copy], Time(%), 0.03441945846718678
[TOTAL_GCS_MarkSweepCompact], Count, 0
[TOTAL_GC_TIME_MarkSweepCompact], Time(ms), 0
[TOTAL_GC_TIME_%_MarkSweepCompact], Time(%), 0.0
[TOTAL_GCs], Count, 18
[TOTAL_GC_TIME], Time(ms), 21
[TOTAL_GC_TIME_%], Time(%), 0.03441945846718678
[READ], Operations, 98263
[READ], AverageLatency(us), 306.7285448235857
[READ], MinLatency(us), 101
[READ], MaxLatency(us), 38911
[READ], 95thPercentileLatency(us), 521
[READ], 99thPercentileLatency(us), 677
[READ], Return=OK, 98263
[CLEANUP], Operations, 1
[CLEANUP], AverageLatency(us), 1057.0
[CLEANUP], MinLatency(us), 1057
[CLEANUP], MaxLatency(us), 1057
[CLEANUP], 95thPercentileLatency(us), 1057
[CLEANUP], 99thPercentileLatency(us), 1057
[UPDATE], Operations, 98103
[UPDATE], AverageLatency(us), 305.243611306484
[UPDATE], MinLatency(us), 96
[UPDATE], MaxLatency(us), 36223
[UPDATE], 95thPercentileLatency(us), 521
[UPDATE], 99thPercentileLatency(us), 686
[UPDATE], Return=OK, 98103
AUTOTEST_DONE
