/nix/store/2vwkssqpzykk37r996cafq7x63imf4sp-openjdk-21+35/bin/java  -classpath /nix/store/zw02np72fzsmga6s5mphhw7x8qlzf4sv-ycsb-0.17.0/share/conf:/nix/store/zw02np72fzsmga6s5mphhw7x8qlzf4sv-ycsb-0.17.0/share/lib/core-0.17.0.jar:/nix/store/zw02np72fzsmga6s5mphhw7x8qlzf4sv-ycsb-0.17.0/share/lib/HdrHistogram-2.1.4.jar:/nix/store/zw02np72fzsmga6s5mphhw7x8qlzf4sv-ycsb-0.17.0/share/lib/htrace-core4-4.1.0-incubating.jar:/nix/store/zw02np72fzsmga6s5mphhw7x8qlzf4sv-ycsb-0.17.0/share/lib/jackson-core-asl-1.9.4.jar:/nix/store/zw02np72fzsmga6s5mphhw7x8qlzf4sv-ycsb-0.17.0/share/lib/jackson-mapper-asl-1.9.4.jar:/nix/store/zw02np72fzsmga6s5mphhw7x8qlzf4sv-ycsb-0.17.0/share/redis-binding/lib/commons-pool2-2.4.2.jar:/nix/store/zw02np72fzsmga6s5mphhw7x8qlzf4sv-ycsb-0.17.0/share/redis-binding/lib/jedis-2.9.0.jar:/nix/store/zw02np72fzsmga6s5mphhw7x8qlzf4sv-ycsb-0.17.0/share/redis-binding/lib/redis-binding-0.17.0.jar site.ycsb.Client -t -db site.ycsb.db.RedisClient -s -P /home/host/vmuxIO/test/moonprogs//../../ycsb/share/workloads/workloada -p redis.host=10.1.0.2 -p redis.port=6380 -p operationcount=429496729 -p maxexecutiontime=61 -threads 1
Command line: -t -db site.ycsb.db.RedisClient -s -P /home/host/vmuxIO/test/moonprogs//../../ycsb/share/workloads/workloada -p redis.host=10.1.0.2 -p redis.port=6380 -p operationcount=429496729 -p maxexecutiontime=61 -threads 1
YCSB Client 0.17.0

Loading workload...
Starting test.
Maximum execution time specified as: 61 secs
DBWrapper: report latency for each error is false and specific error codes to track for latency are: []
2024-10-15 13:44:42:378 0 sec: 0 operations; est completion in 0 second [UPDATE: Count=1, Max=28543, Min=28528, Avg=28536, 90=28543, 99=28543, 99.9=28543, 99.99=28543] 
2024-10-15 13:44:52:168 10 sec: 27364 operations; 2736.4 current ops/sec; est completion in 1 day 19 hours [READ: Count=13755, Max=27679, Min=118, Avg=346.54, 90=411, 99=2243, 99.9=4045, 99.99=7027] [UPDATE: Count=13611, Max=21871, Min=123, Avg=344.5, 90=426, 99=2173, 99.9=4055, 99.99=10655] 
2024-10-15 13:45:02:168 20 sec: 62410 operations; 3504.25 current ops/sec; est completion in 1 day 14 hours [READ: Count=17402, Max=4559, Min=123, Avg=283.86, 90=355, 99=526, 99.9=876, 99.99=4095] [UPDATE: Count=17641, Max=1933, Min=125, Avg=276.83, 90=352, 99=511, 99.9=728, 99.99=1471] 
2024-10-15 13:45:12:167 30 sec: 97853 operations; 3544.65 current ops/sec; est completion in 1 day 12 hours [READ: Count=17672, Max=4431, Min=124, Avg=281.03, 90=351, 99=509, 99.9=693, 99.99=1906] [UPDATE: Count=17771, Max=6515, Min=126, Avg=276.97, 90=350, 99=509, 99.9=745, 99.99=1327] 
2024-10-15 13:45:22:167 40 sec: 131360 operations; 3350.7 current ops/sec; est completion in 1 day 12 hours [READ: Count=16867, Max=8479, Min=124, Avg=297.16, 90=382, 99=568, 99.9=856, 99.99=2859] [UPDATE: Count=16640, Max=4875, Min=128, Avg=292.44, 90=380, 99=568, 99.9=923, 99.99=2945] 
2024-10-15 13:45:32:167 50 sec: 166398 operations; 3503.8 current ops/sec; est completion in 1 day 11 hours [READ: Count=17526, Max=2525, Min=123, Avg=284.57, 90=359, 99=534, 99.9=704, 99.99=1237] [UPDATE: Count=17512, Max=7463, Min=129, Avg=280.41, 90=355, 99=518, 99.9=721, 99.99=1340] 
2024-10-15 13:45:42:167 60 sec: 201843 operations; 3544.5 current ops/sec; est completion in 1 day 11 hours [READ: Count=17602, Max=9039, Min=123, Avg=282.58, 90=354, 99=515, 99.9=691, 99.99=2985] [UPDATE: Count=17843, Max=4379, Min=124, Avg=276.11, 90=351, 99=507, 99.9=701, 99.99=1337] 
Maximum time elapsed. Requesting stop for the workload.
Stop requested for workload. Now Joining!
2024-10-15 13:45:43:180 61 sec: 205502 operations; 3615.61 current ops/sec; est completion in 1 day 11 hours [READ: Count=1823, Max=6595, Min=119, Avg=277.81, 90=345, 99=519, 99.9=733, 99.99=6595] [CLEANUP: Count=1, Max=1397, Min=1397, Avg=1397, 90=1397, 99=1397, 99.9=1397, 99.99=1397] [UPDATE: Count=1836, Max=752, Min=128, Avg=268.53, 90=342, 99=473, 99.9=576, 99.99=752] 
[OVERALL], RunTime(ms), 61020
[OVERALL], Throughput(ops/sec), 3367.7810553916747
[TOTAL_GCS_Copy], Count, 19
[TOTAL_GC_TIME_Copy], Time(ms), 26
[TOTAL_GC_TIME_%_Copy], Time(%), 0.04260898066207801
[TOTAL_GCS_MarkSweepCompact], Count, 0
[TOTAL_GC_TIME_MarkSweepCompact], Time(ms), 0
[TOTAL_GC_TIME_%_MarkSweepCompact], Time(%), 0.0
[TOTAL_GCs], Count, 19
[TOTAL_GC_TIME], Time(ms), 26
[TOTAL_GC_TIME_%], Time(%), 0.04260898066207801
[READ], Operations, 102647
[READ], AverageLatency(us), 293.75259871209096
[READ], MinLatency(us), 118
[READ], MaxLatency(us), 27679
[READ], 95thPercentileLatency(us), 404
[READ], 99thPercentileLatency(us), 595
[READ], Return=OK, 102647
[CLEANUP], Operations, 1
[CLEANUP], AverageLatency(us), 1397.0
[CLEANUP], MinLatency(us), 1397
[CLEANUP], MaxLatency(us), 1397
[CLEANUP], 95thPercentileLatency(us), 1397
[CLEANUP], 99thPercentileLatency(us), 1397
[UPDATE], Operations, 102855
[UPDATE], AverageLatency(us), 288.9443196733265
[UPDATE], MinLatency(us), 123
[UPDATE], MaxLatency(us), 28543
[UPDATE], 95thPercentileLatency(us), 403
[UPDATE], 99thPercentileLatency(us), 592
[UPDATE], Return=OK, 102855
AUTOTEST_DONE
