/nix/store/2vwkssqpzykk37r996cafq7x63imf4sp-openjdk-21+35/bin/java  -classpath /nix/store/zw02np72fzsmga6s5mphhw7x8qlzf4sv-ycsb-0.17.0/share/conf:/nix/store/zw02np72fzsmga6s5mphhw7x8qlzf4sv-ycsb-0.17.0/share/lib/core-0.17.0.jar:/nix/store/zw02np72fzsmga6s5mphhw7x8qlzf4sv-ycsb-0.17.0/share/lib/HdrHistogram-2.1.4.jar:/nix/store/zw02np72fzsmga6s5mphhw7x8qlzf4sv-ycsb-0.17.0/share/lib/htrace-core4-4.1.0-incubating.jar:/nix/store/zw02np72fzsmga6s5mphhw7x8qlzf4sv-ycsb-0.17.0/share/lib/jackson-core-asl-1.9.4.jar:/nix/store/zw02np72fzsmga6s5mphhw7x8qlzf4sv-ycsb-0.17.0/share/lib/jackson-mapper-asl-1.9.4.jar:/nix/store/zw02np72fzsmga6s5mphhw7x8qlzf4sv-ycsb-0.17.0/share/redis-binding/lib/commons-pool2-2.4.2.jar:/nix/store/zw02np72fzsmga6s5mphhw7x8qlzf4sv-ycsb-0.17.0/share/redis-binding/lib/jedis-2.9.0.jar:/nix/store/zw02np72fzsmga6s5mphhw7x8qlzf4sv-ycsb-0.17.0/share/redis-binding/lib/redis-binding-0.17.0.jar site.ycsb.Client -t -db site.ycsb.db.RedisClient -s -P /home/host/vmuxIO/test/moonprogs//../../ycsb/share/workloads/workloada -p redis.host=10.1.0.2 -p redis.port=6388 -p operationcount=429496729 -p maxexecutiontime=61 -threads 1
Command line: -t -db site.ycsb.db.RedisClient -s -P /home/host/vmuxIO/test/moonprogs//../../ycsb/share/workloads/workloada -p redis.host=10.1.0.2 -p redis.port=6388 -p operationcount=429496729 -p maxexecutiontime=61 -threads 1
YCSB Client 0.17.0

Loading workload...
Starting test.
Maximum execution time specified as: 61 secs
DBWrapper: report latency for each error is false and specific error codes to track for latency are: []
2025-04-18 13:06:39:006 0 sec: 0 operations; est completion in 0 second 
2025-04-18 13:06:48:843 10 sec: 10753 operations; 1075.19 current ops/sec; est completion in 4 days 14 hours [READ: Count=5448, Max=19023, Min=429, Avg=895.32, 90=990, 99=4767, 99.9=7667, 99.99=8279] [UPDATE: Count=5309, Max=24783, Min=403, Avg=905.65, 90=1025, 99=4619, 99.9=7391, 99.99=12567] 
2025-04-18 13:06:58:843 20 sec: 24260 operations; 1350.84 current ops/sec; est completion in 4 days 2 hours [READ: Count=6825, Max=9175, Min=384, Avg=735.89, 90=905, 99=1156, 99.9=3989, 99.99=4839] [UPDATE: Count=6678, Max=6795, Min=378, Avg=734.08, 90=902, 99=1153, 99.9=4019, 99.99=4811] 
2025-04-18 13:07:08:844 30 sec: 38078 operations; 1381.66 current ops/sec; est completion in 3 days 21 hours [READ: Count=6939, Max=7999, Min=387, Avg=721.85, 90=871, 99=1079, 99.9=3945, 99.99=5355] [UPDATE: Count=6879, Max=4511, Min=411, Avg=716.74, 90=861, 99=1082, 99.9=2835, 99.99=4467] 
2025-04-18 13:07:18:843 40 sec: 52032 operations; 1395.4 current ops/sec; est completion in 3 days 19 hours [READ: Count=6884, Max=5191, Min=412, Avg=711.81, 90=870, 99=1082, 99.9=1478, 99.99=4635] [UPDATE: Count=7070, Max=4679, Min=363, Avg=712.62, 90=879, 99=1101, 99.9=2605, 99.99=4519] 
2025-04-18 13:07:28:843 50 sec: 65562 operations; 1353 current ops/sec; est completion in 3 days 18 hours [READ: Count=6855, Max=8751, Min=418, Avg=736.27, 90=888, 99=1112, 99.9=1547, 99.99=4735] [UPDATE: Count=6675, Max=4855, Min=429, Avg=733.56, 90=894, 99=1107, 99.9=1296, 99.99=4263] 
2025-04-18 13:07:38:843 60 sec: 80804 operations; 1524.35 current ops/sec; est completion in 3 days 16 hours [READ: Count=7765, Max=4383, Min=364, Avg=654.06, 90=835, 99=1066, 99.9=1489, 99.99=4263] [UPDATE: Count=7477, Max=10391, Min=365, Avg=651.41, 90=824, 99=1055, 99.9=2635, 99.99=5223] 
Maximum time elapsed. Requesting stop for the workload.
Stop requested for workload. Now Joining!
2025-04-18 13:07:39:848 61 sec: 82838 operations; 2023.88 current ops/sec; est completion in 3 days 15 hours [READ: Count=1066, Max=7427, Min=307, Avg=497.26, 90=585, 99=788, 99.9=3981, 99.99=7427] [CLEANUP: Count=1, Max=1210, Min=1210, Avg=1210, 90=1210, 99=1210, 99.9=1210, 99.99=1210] [UPDATE: Count=968, Max=6123, Min=299, Avg=484.24, 90=581, 99=682, 99.9=734, 99.99=6123] 
[OVERALL], RunTime(ms), 61016
[OVERALL], Throughput(ops/sec), 1357.6438966828373
[TOTAL_GCS_Copy], Count, 8
[TOTAL_GC_TIME_Copy], Time(ms), 19
[TOTAL_GC_TIME_%_Copy], Time(%), 0.0311393732791399
[TOTAL_GCS_MarkSweepCompact], Count, 0
[TOTAL_GC_TIME_MarkSweepCompact], Time(ms), 0
[TOTAL_GC_TIME_%_MarkSweepCompact], Time(%), 0.0
[TOTAL_GCs], Count, 8
[TOTAL_GC_TIME], Time(ms), 19
[TOTAL_GC_TIME_%], Time(%), 0.0311393732791399
[READ], Operations, 41782
[READ], AverageLatency(us), 729.1429802307214
[READ], MinLatency(us), 307
[READ], MaxLatency(us), 19023
[READ], 95thPercentileLatency(us), 960
[READ], 99thPercentileLatency(us), 1331
[READ], Return=OK, 41782
[CLEANUP], Operations, 1
[CLEANUP], AverageLatency(us), 1210.0
[CLEANUP], MinLatency(us), 1210
[CLEANUP], MaxLatency(us), 1210
[CLEANUP], 95thPercentileLatency(us), 1210
[CLEANUP], 99thPercentileLatency(us), 1210
[UPDATE], Operations, 41056
[UPDATE], AverageLatency(us), 728.6306751753702
[UPDATE], MinLatency(us), 299
[UPDATE], MaxLatency(us), 24783
[UPDATE], 95thPercentileLatency(us), 960
[UPDATE], 99thPercentileLatency(us), 1441
[UPDATE], Return=OK, 41056
AUTOTEST_DONE
