/nix/store/2vwkssqpzykk37r996cafq7x63imf4sp-openjdk-21+35/bin/java  -classpath /nix/store/zw02np72fzsmga6s5mphhw7x8qlzf4sv-ycsb-0.17.0/share/conf:/nix/store/zw02np72fzsmga6s5mphhw7x8qlzf4sv-ycsb-0.17.0/share/lib/core-0.17.0.jar:/nix/store/zw02np72fzsmga6s5mphhw7x8qlzf4sv-ycsb-0.17.0/share/lib/HdrHistogram-2.1.4.jar:/nix/store/zw02np72fzsmga6s5mphhw7x8qlzf4sv-ycsb-0.17.0/share/lib/htrace-core4-4.1.0-incubating.jar:/nix/store/zw02np72fzsmga6s5mphhw7x8qlzf4sv-ycsb-0.17.0/share/lib/jackson-core-asl-1.9.4.jar:/nix/store/zw02np72fzsmga6s5mphhw7x8qlzf4sv-ycsb-0.17.0/share/lib/jackson-mapper-asl-1.9.4.jar:/nix/store/zw02np72fzsmga6s5mphhw7x8qlzf4sv-ycsb-0.17.0/share/redis-binding/lib/commons-pool2-2.4.2.jar:/nix/store/zw02np72fzsmga6s5mphhw7x8qlzf4sv-ycsb-0.17.0/share/redis-binding/lib/jedis-2.9.0.jar:/nix/store/zw02np72fzsmga6s5mphhw7x8qlzf4sv-ycsb-0.17.0/share/redis-binding/lib/redis-binding-0.17.0.jar site.ycsb.Client -t -db site.ycsb.db.RedisClient -s -P /home/host/vmuxIO/test/moonprogs//../../ycsb/share/workloads/workloada -p redis.host=10.1.0.2 -p redis.port=6383 -p operationcount=429496729 -p maxexecutiontime=61 -threads 1
Command line: -t -db site.ycsb.db.RedisClient -s -P /home/host/vmuxIO/test/moonprogs//../../ycsb/share/workloads/workloada -p redis.host=10.1.0.2 -p redis.port=6383 -p operationcount=429496729 -p maxexecutiontime=61 -threads 1
YCSB Client 0.17.0

Loading workload...
Starting test.
Maximum execution time specified as: 61 secs
DBWrapper: report latency for each error is false and specific error codes to track for latency are: []
2025-04-18 13:06:39:270 0 sec: 0 operations; est completion in 0 second 
2025-04-18 13:06:49:103 10 sec: 8868 operations; 886.8 current ops/sec; est completion in 5 days 14 hours [READ: Count=4455, Max=62143, Min=393, Avg=1095.47, 90=1277, 99=5087, 99.9=8431, 99.99=62143] [UPDATE: Count=4427, Max=10183, Min=351, Avg=1096.53, 90=1353, 99=5183, 99.9=7859, 99.99=10183] 
2025-04-18 13:06:59:103 20 sec: 21656 operations; 1278.8 current ops/sec; est completion in 4 days 14 hours [READ: Count=6295, Max=6035, Min=397, Avg=770.67, 90=926, 99=1179, 99.9=4323, 99.99=4747] [UPDATE: Count=6479, Max=7571, Min=338, Avg=778.35, 90=924, 99=1231, 99.9=4895, 99.99=6103] 
2025-04-18 13:07:09:104 30 sec: 34927 operations; 1326.97 current ops/sec; est completion in 4 days 6 hours [READ: Count=6578, Max=4591, Min=427, Avg=747.1, 90=873, 99=1026, 99.9=3837, 99.99=4499] [UPDATE: Count=6693, Max=11223, Min=425, Avg=750.65, 90=878, 99=1024, 99.9=3335, 99.99=5599] 
2025-04-18 13:07:19:103 40 sec: 47865 operations; 1293.8 current ops/sec; est completion in 4 days 3 hours [READ: Count=6483, Max=9263, Min=441, Avg=771.66, 90=910, 99=1097, 99.9=4211, 99.99=5423] [UPDATE: Count=6455, Max=5327, Min=402, Avg=764.8, 90=901, 99=1071, 99.9=3031, 99.99=5291] 
2025-04-18 13:07:29:103 50 sec: 60682 operations; 1281.83 current ops/sec; est completion in 4 days 2 hours [READ: Count=6386, Max=5115, Min=384, Avg=771.76, 90=936, 99=1130, 99.9=1383, 99.99=4523] [UPDATE: Count=6431, Max=7303, Min=387, Avg=776.75, 90=945, 99=1175, 99.9=4339, 99.99=5367] 
2025-04-18 13:07:39:102 60 sec: 74960 operations; 1427.8 current ops/sec; est completion in 3 days 23 hours [READ: Count=7138, Max=5579, Min=316, Avg=699.27, 90=852, 99=1009, 99.9=3967, 99.99=5071] [UPDATE: Count=7140, Max=5119, Min=291, Avg=696.07, 90=849, 99=1006, 99.9=2497, 99.99=4527] 
Maximum time elapsed. Requesting stop for the workload.
Stop requested for workload. Now Joining!
2025-04-18 13:07:40:108 61 sec: 76864 operations; 1894.53 current ops/sec; est completion in 3 days 22 hours [READ: Count=953, Max=6915, Min=420, Avg=528.62, 90=641, 99=778, 99.9=4327, 99.99=6915] [CLEANUP: Count=1, Max=1249, Min=1249, Avg=1249, 90=1249, 99=1249, 99.9=1249, 99.99=1249] [UPDATE: Count=951, Max=1327, Min=411, Avg=520.76, 90=647, 99=792, 99.9=1027, 99.99=1327] 
[OVERALL], RunTime(ms), 61013
[OVERALL], Throughput(ops/sec), 1259.7970924229262
[TOTAL_GCS_Copy], Count, 7
[TOTAL_GC_TIME_Copy], Time(ms), 15
[TOTAL_GC_TIME_%_Copy], Time(%), 0.024584924524281713
[TOTAL_GCS_MarkSweepCompact], Count, 0
[TOTAL_GC_TIME_MarkSweepCompact], Time(ms), 0
[TOTAL_GC_TIME_%_MarkSweepCompact], Time(%), 0.0
[TOTAL_GCs], Count, 7
[TOTAL_GC_TIME], Time(ms), 15
[TOTAL_GC_TIME_%], Time(%), 0.024584924524281713
[READ], Operations, 38288
[READ], AverageLatency(us), 785.4280714584204
[READ], MinLatency(us), 316
[READ], MaxLatency(us), 62143
[READ], 95thPercentileLatency(us), 989
[READ], 99thPercentileLatency(us), 2869
[READ], Return=OK, 38288
[CLEANUP], Operations, 1
[CLEANUP], AverageLatency(us), 1249.0
[CLEANUP], MinLatency(us), 1249
[CLEANUP], MaxLatency(us), 1249
[CLEANUP], 95thPercentileLatency(us), 1249
[CLEANUP], 99thPercentileLatency(us), 1249
[UPDATE], Operations, 38576
[UPDATE], AverageLatency(us), 785.9444473247615
[UPDATE], MinLatency(us), 291
[UPDATE], MaxLatency(us), 11223
[UPDATE], 95thPercentileLatency(us), 990
[UPDATE], 99thPercentileLatency(us), 3357
[UPDATE], Return=OK, 38576
AUTOTEST_DONE
