/nix/store/2vwkssqpzykk37r996cafq7x63imf4sp-openjdk-21+35/bin/java  -classpath /nix/store/zw02np72fzsmga6s5mphhw7x8qlzf4sv-ycsb-0.17.0/share/conf:/nix/store/zw02np72fzsmga6s5mphhw7x8qlzf4sv-ycsb-0.17.0/share/lib/core-0.17.0.jar:/nix/store/zw02np72fzsmga6s5mphhw7x8qlzf4sv-ycsb-0.17.0/share/lib/HdrHistogram-2.1.4.jar:/nix/store/zw02np72fzsmga6s5mphhw7x8qlzf4sv-ycsb-0.17.0/share/lib/htrace-core4-4.1.0-incubating.jar:/nix/store/zw02np72fzsmga6s5mphhw7x8qlzf4sv-ycsb-0.17.0/share/lib/jackson-core-asl-1.9.4.jar:/nix/store/zw02np72fzsmga6s5mphhw7x8qlzf4sv-ycsb-0.17.0/share/lib/jackson-mapper-asl-1.9.4.jar:/nix/store/zw02np72fzsmga6s5mphhw7x8qlzf4sv-ycsb-0.17.0/share/redis-binding/lib/commons-pool2-2.4.2.jar:/nix/store/zw02np72fzsmga6s5mphhw7x8qlzf4sv-ycsb-0.17.0/share/redis-binding/lib/jedis-2.9.0.jar:/nix/store/zw02np72fzsmga6s5mphhw7x8qlzf4sv-ycsb-0.17.0/share/redis-binding/lib/redis-binding-0.17.0.jar site.ycsb.Client -t -db site.ycsb.db.RedisClient -s -P /home/host/vmuxIO/test/moonprogs//../../ycsb/share/workloads/workloada -p redis.host=10.1.0.2 -p redis.port=6385 -p operationcount=429496729 -p maxexecutiontime=61 -threads 1
Command line: -t -db site.ycsb.db.RedisClient -s -P /home/host/vmuxIO/test/moonprogs//../../ycsb/share/workloads/workloada -p redis.host=10.1.0.2 -p redis.port=6385 -p operationcount=429496729 -p maxexecutiontime=61 -threads 1
YCSB Client 0.17.0

Loading workload...
Starting test.
Maximum execution time specified as: 61 secs
DBWrapper: report latency for each error is false and specific error codes to track for latency are: []
2025-04-18 13:06:36:827 0 sec: 0 operations; est completion in 0 second 
2025-04-18 13:06:46:661 10 sec: 8766 operations; 876.51 current ops/sec; est completion in 5 days 16 hours [READ: Count=4391, Max=23487, Min=434, Avg=1108.56, 90=1407, 99=4859, 99.9=7035, 99.99=23487] [UPDATE: Count=4396, Max=26783, Min=432, Avg=1101.44, 90=1405, 99=4859, 99.9=7807, 99.99=26783] 
2025-04-18 13:06:56:660 20 sec: 20033 operations; 1126.81 current ops/sec; est completion in 4 days 23 hours [READ: Count=5670, Max=15575, Min=399, Avg=874.27, 90=915, 99=4559, 99.9=5503, 99.99=7683] [UPDATE: Count=5576, Max=8991, Min=338, Avg=886.63, 90=924, 99=4643, 99.9=6335, 99.99=8903] 
2025-04-18 13:07:06:661 30 sec: 33212 operations; 1317.9 current ops/sec; est completion in 4 days 11 hours [READ: Count=6560, Max=6115, Min=396, Avg=752.26, 90=886, 99=1029, 99.9=3063, 99.99=4919] [UPDATE: Count=6619, Max=8983, Min=356, Avg=755.34, 90=890, 99=1048, 99.9=4547, 99.99=6999] 
2025-04-18 13:07:16:661 40 sec: 45522 operations; 1231 current ops/sec; est completion in 4 days 8 hours [READ: Count=6033, Max=5923, Min=460, Avg=806.33, 90=975, 99=1181, 99.9=1847, 99.99=5047] [UPDATE: Count=6277, Max=6879, Min=398, Avg=806.64, 90=969, 99=1190, 99.9=4563, 99.99=5355] 
2025-04-18 13:07:26:661 50 sec: 57811 operations; 1228.9 current ops/sec; est completion in 4 days 7 hours [READ: Count=6181, Max=11631, Min=443, Avg=809.53, 90=967, 99=1169, 99.9=1542, 99.99=5647] [UPDATE: Count=6108, Max=5767, Min=404, Avg=806.93, 90=969, 99=1160, 99.9=1320, 99.99=5383] 
2025-04-18 13:07:36:661 60 sec: 71661 operations; 1385 current ops/sec; est completion in 4 days 3 hours [READ: Count=6901, Max=8091, Min=367, Avg=719.12, 90=851, 99=1018, 99.9=1577, 99.99=4963] [UPDATE: Count=6949, Max=9431, Min=353, Avg=717.65, 90=855, 99=996, 99.9=1666, 99.99=5307] 
Maximum time elapsed. Requesting stop for the workload.
Stop requested for workload. Now Joining!
2025-04-18 13:07:37:668 61 sec: 72916 operations; 1245.04 current ops/sec; est completion in 4 days 3 hours [READ: Count=607, Max=9319, Min=540, Avg=812.79, 90=903, 99=1330, 99.9=4615, 99.99=9319] [CLEANUP: Count=1, Max=1404, Min=1404, Avg=1404, 90=1404, 99=1404, 99.9=1404, 99.99=1404] [UPDATE: Count=648, Max=4391, Min=525, Avg=784.8, 90=899, 99=1049, 99.9=4387, 99.99=4391] 
[OVERALL], RunTime(ms), 61016
[OVERALL], Throughput(ops/sec), 1195.0308115904024
[TOTAL_GCS_Copy], Count, 7
[TOTAL_GC_TIME_Copy], Time(ms), 23
[TOTAL_GC_TIME_%_Copy], Time(%), 0.0376950308115904
[TOTAL_GCS_MarkSweepCompact], Count, 0
[TOTAL_GC_TIME_MarkSweepCompact], Time(ms), 0
[TOTAL_GC_TIME_%_MarkSweepCompact], Time(%), 0.0
[TOTAL_GCs], Count, 7
[TOTAL_GC_TIME], Time(ms), 23
[TOTAL_GC_TIME_%], Time(%), 0.0376950308115904
[READ], Operations, 36343
[READ], AverageLatency(us), 827.7773436425172
[READ], MinLatency(us), 367
[READ], MaxLatency(us), 23487
[READ], 95thPercentileLatency(us), 1052
[READ], 99thPercentileLatency(us), 4083
[READ], Return=OK, 36343
[CLEANUP], Operations, 1
[CLEANUP], AverageLatency(us), 1404.0
[CLEANUP], MinLatency(us), 1404
[CLEANUP], MaxLatency(us), 1404
[CLEANUP], 95thPercentileLatency(us), 1404
[CLEANUP], 99thPercentileLatency(us), 1404
[UPDATE], Operations, 36573
[UPDATE], AverageLatency(us), 827.7382768709157
[UPDATE], MinLatency(us), 338
[UPDATE], MaxLatency(us), 26783
[UPDATE], 95thPercentileLatency(us), 1051
[UPDATE], 99thPercentileLatency(us), 4077
[UPDATE], Return=OK, 36573
AUTOTEST_DONE
