/nix/store/2vwkssqpzykk37r996cafq7x63imf4sp-openjdk-21+35/bin/java  -classpath /nix/store/zw02np72fzsmga6s5mphhw7x8qlzf4sv-ycsb-0.17.0/share/conf:/nix/store/zw02np72fzsmga6s5mphhw7x8qlzf4sv-ycsb-0.17.0/share/lib/core-0.17.0.jar:/nix/store/zw02np72fzsmga6s5mphhw7x8qlzf4sv-ycsb-0.17.0/share/lib/HdrHistogram-2.1.4.jar:/nix/store/zw02np72fzsmga6s5mphhw7x8qlzf4sv-ycsb-0.17.0/share/lib/htrace-core4-4.1.0-incubating.jar:/nix/store/zw02np72fzsmga6s5mphhw7x8qlzf4sv-ycsb-0.17.0/share/lib/jackson-core-asl-1.9.4.jar:/nix/store/zw02np72fzsmga6s5mphhw7x8qlzf4sv-ycsb-0.17.0/share/lib/jackson-mapper-asl-1.9.4.jar:/nix/store/zw02np72fzsmga6s5mphhw7x8qlzf4sv-ycsb-0.17.0/share/redis-binding/lib/commons-pool2-2.4.2.jar:/nix/store/zw02np72fzsmga6s5mphhw7x8qlzf4sv-ycsb-0.17.0/share/redis-binding/lib/jedis-2.9.0.jar:/nix/store/zw02np72fzsmga6s5mphhw7x8qlzf4sv-ycsb-0.17.0/share/redis-binding/lib/redis-binding-0.17.0.jar site.ycsb.Client -t -db site.ycsb.db.RedisClient -s -P /home/host/vmuxIO/test/moonprogs//../../ycsb/share/workloads/workloada -p redis.host=10.1.0.2 -p redis.port=6388 -p operationcount=429496729 -p maxexecutiontime=61 -threads 1
Command line: -t -db site.ycsb.db.RedisClient -s -P /home/host/vmuxIO/test/moonprogs//../../ycsb/share/workloads/workloada -p redis.host=10.1.0.2 -p redis.port=6388 -p operationcount=429496729 -p maxexecutiontime=61 -threads 1
YCSB Client 0.17.0

Loading workload...
Starting test.
Maximum execution time specified as: 61 secs
DBWrapper: report latency for each error is false and specific error codes to track for latency are: []
2024-07-19 22:56:53:577 0 sec: 0 operations; est completion in 0 second 
2024-07-19 22:57:03:320 10 sec: 65964 operations; 6596.4 current ops/sec; est completion in 18 hours 5 minutes [READ: Count=32878, Max=66751, Min=82, Avg=142.57, 90=162, 99=276, 99.9=1799, 99.99=5679] [UPDATE: Count=33115, Max=7875, Min=84, Avg=142.51, 90=164, 99=281, 99.9=2197, 99.99=3877] 
2024-07-19 22:57:13:320 20 sec: 136018 operations; 7005.4 current ops/sec; est completion in 17 hours 32 minutes [READ: Count=34836, Max=3979, Min=84, Avg=141.27, 90=186, 99=269, 99.9=474, 99.99=2637] [UPDATE: Count=35189, Max=3239, Min=81, Avg=138.59, 90=183, 99=264, 99.9=432, 99.99=2707] 
2024-07-19 22:57:23:320 30 sec: 213460 operations; 7744.2 current ops/sec; est completion in 16 hours 45 minutes [READ: Count=38649, Max=4255, Min=87, Avg=127.94, 90=145, 99=222, 99.9=295, 99.99=2667] [UPDATE: Count=38793, Max=6923, Min=89, Avg=126.23, 90=143, 99=227, 99.9=291, 99.99=2683] 
2024-07-19 22:57:33:319 40 sec: 292068 operations; 7860.8 current ops/sec; est completion in 16 hours 19 minutes [READ: Count=39485, Max=2931, Min=89, Avg=126.05, 90=144, 99=227, 99.9=279, 99.99=507] [UPDATE: Count=39123, Max=4459, Min=86, Avg=124.3, 90=142, 99=231, 99.9=281, 99.99=2373] 
2024-07-19 22:57:43:320 50 sec: 367192 operations; 7512.4 current ops/sec; est completion in 16 hours 13 minutes [READ: Count=37581, Max=7515, Min=84, Avg=132.08, 90=176, 99=265, 99.9=456, 99.99=3153] [UPDATE: Count=37543, Max=3585, Min=87, Avg=129.74, 90=174, 99=262, 99.9=405, 99.99=2805] 
2024-07-19 22:57:53:320 60 sec: 444932 operations; 7774 current ops/sec; est completion in 16 hours 4 minutes [READ: Count=38917, Max=5495, Min=89, Avg=127.78, 90=146, 99=198, 99.9=263, 99.99=2253] [UPDATE: Count=38823, Max=2763, Min=87, Avg=125.26, 90=144, 99=195, 99.9=252, 99.99=925] 
Maximum time elapsed. Requesting stop for the workload.
Stop requested for workload. Now Joining!
2024-07-19 22:57:54:331 61 sec: 453167 operations; 8137.35 current ops/sec; est completion in 16 hours 2 minutes [READ: Count=4094, Max=3487, Min=93, Avg=122.21, 90=150, 99=194, 99.9=333, 99.99=3487] [CLEANUP: Count=1, Max=1093, Min=1093, Avg=1093, 90=1093, 99=1093, 99.9=1093, 99.99=1093] [UPDATE: Count=4141, Max=484, Min=90, Avg=119.07, 90=153, 99=188, 99.9=209, 99.99=484] 
[OVERALL], RunTime(ms), 61020
[OVERALL], Throughput(ops/sec), 7426.532284496886
[TOTAL_GCS_Copy], Count, 42
[TOTAL_GC_TIME_Copy], Time(ms), 27
[TOTAL_GC_TIME_%_Copy], Time(%), 0.04424778761061947
[TOTAL_GCS_MarkSweepCompact], Count, 0
[TOTAL_GC_TIME_MarkSweepCompact], Time(ms), 0
[TOTAL_GC_TIME_%_MarkSweepCompact], Time(%), 0.0
[TOTAL_GCs], Count, 42
[TOTAL_GC_TIME], Time(ms), 27
[TOTAL_GC_TIME_%], Time(%), 0.04424778761061947
[READ], Operations, 226440
[READ], AverageLatency(us), 132.34117647058824
[READ], MinLatency(us), 82
[READ], MaxLatency(us), 66751
[READ], 95thPercentileLatency(us), 186
[READ], 99thPercentileLatency(us), 245
[READ], Return=OK, 226440
[CLEANUP], Operations, 1
[CLEANUP], AverageLatency(us), 1093.0
[CLEANUP], MinLatency(us), 1093
[CLEANUP], MaxLatency(us), 1093
[CLEANUP], 95thPercentileLatency(us), 1093
[CLEANUP], 99thPercentileLatency(us), 1093
[UPDATE], Operations, 226727
[UPDATE], AverageLatency(us), 130.4764275979482
[UPDATE], MinLatency(us), 81
[UPDATE], MaxLatency(us), 7875
[UPDATE], 95thPercentileLatency(us), 184
[UPDATE], 99thPercentileLatency(us), 243
[UPDATE], Return=OK, 226727
AUTOTEST_DONE
