/nix/store/2vwkssqpzykk37r996cafq7x63imf4sp-openjdk-21+35/bin/java  -classpath /nix/store/zw02np72fzsmga6s5mphhw7x8qlzf4sv-ycsb-0.17.0/share/conf:/nix/store/zw02np72fzsmga6s5mphhw7x8qlzf4sv-ycsb-0.17.0/share/lib/core-0.17.0.jar:/nix/store/zw02np72fzsmga6s5mphhw7x8qlzf4sv-ycsb-0.17.0/share/lib/HdrHistogram-2.1.4.jar:/nix/store/zw02np72fzsmga6s5mphhw7x8qlzf4sv-ycsb-0.17.0/share/lib/htrace-core4-4.1.0-incubating.jar:/nix/store/zw02np72fzsmga6s5mphhw7x8qlzf4sv-ycsb-0.17.0/share/lib/jackson-core-asl-1.9.4.jar:/nix/store/zw02np72fzsmga6s5mphhw7x8qlzf4sv-ycsb-0.17.0/share/lib/jackson-mapper-asl-1.9.4.jar:/nix/store/zw02np72fzsmga6s5mphhw7x8qlzf4sv-ycsb-0.17.0/share/redis-binding/lib/commons-pool2-2.4.2.jar:/nix/store/zw02np72fzsmga6s5mphhw7x8qlzf4sv-ycsb-0.17.0/share/redis-binding/lib/jedis-2.9.0.jar:/nix/store/zw02np72fzsmga6s5mphhw7x8qlzf4sv-ycsb-0.17.0/share/redis-binding/lib/redis-binding-0.17.0.jar site.ycsb.Client -t -db site.ycsb.db.RedisClient -s -P /home/host/vmuxIO/test/moonprogs//../../ycsb/share/workloads/workloada -p redis.host=10.1.0.2 -p redis.port=6386 -p operationcount=429496729 -p maxexecutiontime=61 -threads 1
Command line: -t -db site.ycsb.db.RedisClient -s -P /home/host/vmuxIO/test/moonprogs//../../ycsb/share/workloads/workloada -p redis.host=10.1.0.2 -p redis.port=6386 -p operationcount=429496729 -p maxexecutiontime=61 -threads 1
YCSB Client 0.17.0

Loading workload...
Starting test.
Maximum execution time specified as: 61 secs
DBWrapper: report latency for each error is false and specific error codes to track for latency are: []
2024-07-19 22:56:55:174 0 sec: 0 operations; est completion in 0 second 
2024-07-19 22:57:04:965 10 sec: 64029 operations; 6402.9 current ops/sec; est completion in 18 hours 37 minutes [READ: Count=32090, Max=57791, Min=87, Avg=147.47, 90=183, 99=267, 99.9=2197, 99.99=4303] [UPDATE: Count=31983, Max=8983, Min=85, Avg=147.3, 90=183, 99=270, 99.9=2559, 99.99=5699] 
2024-07-19 22:57:14:965 20 sec: 137435 operations; 7340.6 current ops/sec; est completion in 17 hours 21 minutes [READ: Count=36757, Max=12887, Min=93, Avg=134.78, 90=174, 99=268, 99.9=461, 99.99=2717] [UPDATE: Count=36605, Max=2817, Min=89, Avg=132.78, 90=173, 99=269, 99.9=436, 99.99=2439] 
2024-07-19 22:57:24:965 30 sec: 216228 operations; 7879.3 current ops/sec; est completion in 16 hours 32 minutes [READ: Count=39512, Max=3663, Min=87, Avg=126.04, 90=158, 99=217, 99.9=338, 99.99=2671] [UPDATE: Count=39281, Max=6687, Min=86, Avg=123.94, 90=156, 99=214, 99.9=302, 99.99=2885] 
2024-07-19 22:57:34:965 40 sec: 294799 operations; 7857.1 current ops/sec; est completion in 16 hours 10 minutes [READ: Count=39497, Max=3743, Min=92, Avg=126.5, 90=155, 99=208, 99.9=310, 99.99=2371] [UPDATE: Count=39074, Max=3769, Min=88, Avg=124.1, 90=154, 99=204, 99.9=272, 99.99=2367] 
2024-07-19 22:57:44:965 50 sec: 368618 operations; 7381.9 current ops/sec; est completion in 16 hours 10 minutes [READ: Count=36806, Max=5231, Min=86, Avg=134.29, 90=182, 99=261, 99.9=408, 99.99=1912] [UPDATE: Count=37013, Max=2949, Min=84, Avg=132.34, 90=180, 99=258, 99.9=427, 99.99=1623] 
2024-07-19 22:57:54:965 60 sec: 446934 operations; 7831.6 current ops/sec; est completion in 16 hours [READ: Count=39231, Max=3637, Min=81, Avg=126.86, 90=147, 99=204, 99.9=284, 99.99=2697] [UPDATE: Count=39085, Max=2851, Min=80, Avg=124.54, 90=145, 99=207, 99.9=260, 99.99=1066] 
Maximum time elapsed. Requesting stop for the workload.
Stop requested for workload. Now Joining!
2024-07-19 22:57:55:977 61 sec: 456150 operations; 9106.72 current ops/sec; est completion in 15 hours 56 minutes [READ: Count=4617, Max=1018, Min=81, Avg=108, 90=128, 99=161, 99.9=274, 99.99=1018] [CLEANUP: Count=1, Max=891, Min=891, Avg=891, 90=891, 99=891, 99.9=891, 99.99=891] [UPDATE: Count=4599, Max=3459, Min=79, Avg=106.57, 90=126, 99=164, 99.9=247, 99.99=3459] 
[OVERALL], RunTime(ms), 61016
[OVERALL], Throughput(ops/sec), 7475.907958568245
[TOTAL_GCS_Copy], Count, 42
[TOTAL_GC_TIME_Copy], Time(ms), 28
[TOTAL_GC_TIME_%_Copy], Time(%), 0.04588960272715353
[TOTAL_GCS_MarkSweepCompact], Count, 0
[TOTAL_GC_TIME_MarkSweepCompact], Time(ms), 0
[TOTAL_GC_TIME_%_MarkSweepCompact], Time(%), 0.0
[TOTAL_GCs], Count, 42
[TOTAL_GC_TIME], Time(ms), 28
[TOTAL_GC_TIME_%], Time(%), 0.04588960272715353
[READ], Operations, 228510
[READ], AverageLatency(us), 131.64061529035928
[READ], MinLatency(us), 81
[READ], MaxLatency(us), 57791
[READ], 95thPercentileLatency(us), 188
[READ], 99thPercentileLatency(us), 246
[READ], Return=OK, 228510
[CLEANUP], Operations, 1
[CLEANUP], AverageLatency(us), 891.0
[CLEANUP], MinLatency(us), 891
[CLEANUP], MaxLatency(us), 891
[CLEANUP], 95thPercentileLatency(us), 891
[CLEANUP], 99thPercentileLatency(us), 891
[UPDATE], Operations, 227640
[UPDATE], AverageLatency(us), 129.78907924793535
[UPDATE], MinLatency(us), 79
[UPDATE], MaxLatency(us), 8983
[UPDATE], 95thPercentileLatency(us), 187
[UPDATE], 99thPercentileLatency(us), 243
[UPDATE], Return=OK, 227640
AUTOTEST_DONE
