Running 1m test @ http://10.1.0.21:5000
  8 threads and 16 connections

  Thread calibration: mean lat.: 9.273ms, rate sampling interval: 36ms
  Thread calibration: mean lat.: 9.019ms, rate sampling interval: 34ms
  Thread calibration: mean lat.: 8.664ms, rate sampling interval: 33ms
  Thread calibration: mean lat.: 8.921ms, rate sampling interval: 33ms
  Thread calibration: mean lat.: 9.503ms, rate sampling interval: 34ms
  Thread calibration: mean lat.: 8.333ms, rate sampling interval: 33ms
  Thread calibration: mean lat.: 9.084ms, rate sampling interval: 35ms
  Thread calibration: mean lat.: 8.887ms, rate sampling interval: 36ms

-----------------------------------------------------------------------
Test Results @ http://10.1.0.21:5000 
  Thread Stats   Avg      Stdev     99%   +/- Stdev
    Latency     8.68ms    8.02ms  31.12ms   89.81%
    Req/Sec    31.94     30.35   121.00     57.61%
  Latency Distribution (HdrHistogram - Recorded Latency)
 50.000%    5.93ms
 75.000%   12.58ms
 90.000%   16.78ms
 99.000%   31.12ms
 99.900%   63.87ms
 99.990%  244.99ms
 99.999%  260.73ms
100.000%  260.73ms

  Detailed Percentile spectrum:
       Value   Percentile   TotalCount 1/(1-Percentile)

       0.947     0.000000            1         1.00
       2.697     0.100000         1306         1.11
       3.215     0.200000         2592         1.25
       4.065     0.300000         3891         1.43
       4.911     0.400000         5185         1.67
       5.935     0.500000         6486         2.00
       6.719     0.550000         7128         2.22
       7.967     0.600000         7776         2.50
      10.015     0.650000         8424         2.86
      11.503     0.700000         9075         3.33
      12.583     0.750000         9727         4.00
      13.159     0.775000        10046         4.44
      13.719     0.800000        10368         5.00
      14.343     0.825000        10692         5.71
      15.087     0.850000        11017         6.67
      15.863     0.875000        11340         8.00
      16.303     0.887500        11504         8.89
      16.783     0.900000        11664        10.00
      17.391     0.912500        11826        11.43
      18.111     0.925000        11992        13.33
      18.943     0.937500        12150        16.00
      19.391     0.943750        12232        17.78
      19.967     0.950000        12312        20.00
      20.767     0.956250        12393        22.86
      21.487     0.962500        12475        26.67
      22.527     0.968750        12555        32.00
      23.087     0.971875        12596        35.56
      23.807     0.975000        12636        40.00
      24.719     0.978125        12677        45.71
      26.047     0.981250        12718        53.33
      27.711     0.984375        12759        64.00
      28.239     0.985938        12778        71.11
      29.119     0.987500        12798        80.00
      30.543     0.989062        12819        91.43
      31.903     0.990625        12839       106.67
      34.815     0.992188        12859       128.00
      37.023     0.992969        12869       142.22
      38.175     0.993750        12879       160.00
      39.487     0.994531        12890       182.86
      41.951     0.995313        12900       213.33
      44.351     0.996094        12910       256.00
      45.663     0.996484        12915       284.44
      47.359     0.996875        12920       320.00
      48.095     0.997266        12925       365.71
      49.759     0.997656        12930       426.67
      51.263     0.998047        12935       512.00
      51.871     0.998242        12938       568.89
      56.575     0.998437        12940       640.00
      58.335     0.998633        12943       731.43
      61.215     0.998828        12945       853.33
      65.183     0.999023        12948      1024.00
      66.751     0.999121        12949      1137.78
      67.967     0.999219        12950      1280.00
      95.999     0.999316        12952      1462.86
      96.511     0.999414        12953      1706.67
     100.991     0.999512        12954      2048.00
     124.991     0.999561        12955      2275.56
     124.991     0.999609        12955      2560.00
     163.455     0.999658        12956      2925.71
     182.527     0.999707        12957      3413.33
     182.527     0.999756        12957      4096.00
     227.583     0.999780        12958      4551.11
     227.583     0.999805        12958      5120.00
     227.583     0.999829        12958      5851.43
     244.991     0.999854        12959      6826.67
     244.991     0.999878        12959      8192.00
     244.991     0.999890        12959      9102.22
     244.991     0.999902        12959     10240.00
     244.991     0.999915        12959     11702.86
     260.735     0.999927        12960     13653.33
     260.735     1.000000        12960          inf
#[Mean    =        8.682, StdDeviation   =        8.024]
#[Max     =      260.608, Total count    =        12960]
#[Buckets =           27, SubBuckets     =         2048]
-----------------------------------------------------------------------
  15552 requests in 1.02m, 22.49MB read
Requests/sec:    254.76  
Transfer/sec:    377.30KB
AUTOTEST_DONE
