Running 1m test @ http://10.1.0.21:5000
  8 threads and 16 connections

  Thread calibration: mean lat.: 6.809ms, rate sampling interval: 25ms
  Thread calibration: mean lat.: 6.753ms, rate sampling interval: 27ms
  Thread calibration: mean lat.: 7.087ms, rate sampling interval: 26ms
  Thread calibration: mean lat.: 6.107ms, rate sampling interval: 21ms
  Thread calibration: mean lat.: 6.554ms, rate sampling interval: 26ms
  Thread calibration: mean lat.: 6.751ms, rate sampling interval: 28ms
  Thread calibration: mean lat.: 8.461ms, rate sampling interval: 29ms
  Thread calibration: mean lat.: 8.623ms, rate sampling interval: 25ms

-----------------------------------------------------------------------
Test Results @ http://10.1.0.21:5000 
  Thread Stats   Avg      Stdev     99%   +/- Stdev
    Latency     7.25ms    4.68ms  18.40ms   72.24%
    Req/Sec     2.07      9.06    41.00     94.84%
  Latency Distribution (HdrHistogram - Recorded Latency)
 50.000%    5.51ms
 75.000%   12.02ms
 90.000%   14.41ms
 99.000%   18.40ms
 99.900%   20.09ms
 99.990%   21.71ms
 99.999%   21.71ms
100.000%   21.71ms

  Detailed Percentile spectrum:
       Value   Percentile   TotalCount 1/(1-Percentile)

       0.818     0.000000            1         1.00
       3.053     0.100000           85         1.11
       3.309     0.200000          169         1.25
       3.549     0.300000          253         1.43
       4.563     0.400000          338         1.67
       5.507     0.500000          423         2.00
       5.787     0.550000          464         2.22
       6.003     0.600000          506         2.50
       6.331     0.650000          549         2.86
      10.039     0.700000          591         3.33
      12.087     0.750000          634         4.00
      12.471     0.775000          654         4.44
      12.863     0.800000          676         5.00
      13.239     0.825000          696         5.71
      13.583     0.850000          717         6.67
      13.823     0.875000          738         8.00
      14.119     0.887500          750         8.89
      14.407     0.900000          759        10.00
      14.655     0.912500          770        11.43
      15.087     0.925000          780        13.33
      15.719     0.937500          791        16.00
      15.879     0.943750          796        17.78
      16.047     0.950000          801        20.00
      16.399     0.956250          807        22.86
      16.639     0.962500          812        26.67
      16.799     0.968750          817        32.00
      16.943     0.971875          820        35.56
      17.567     0.975000          823        40.00
      17.711     0.978125          825        45.71
      17.839     0.981250          829        53.33
      17.935     0.984375          830        64.00
      17.999     0.985938          832        71.11
      18.015     0.987500          833        80.00
      18.047     0.989062          834        91.43
      18.399     0.990625          836       106.67
      18.655     0.992188          837       128.00
      18.991     0.992969          838       142.22
      18.991     0.993750          838       160.00
      19.007     0.994531          839       182.86
      19.023     0.995313          840       213.33
      19.023     0.996094          840       256.00
      19.791     0.996484          841       284.44
      19.791     0.996875          841       320.00
      19.791     0.997266          841       365.71
      20.095     0.997656          842       426.67
      20.095     0.998047          842       512.00
      20.095     0.998242          842       568.89
      20.095     0.998437          842       640.00
      20.095     0.998633          842       731.43
      21.711     0.998828          843       853.33
      21.711     1.000000          843          inf
#[Mean    =        7.249, StdDeviation   =        4.685]
#[Max     =       21.696, Total count    =          843]
#[Buckets =           27, SubBuckets     =         2048]
-----------------------------------------------------------------------
  1019 requests in 1.03m, 1.67MB read
  Socket errors: connect 0, read 0, write 0, timeout 52
Requests/sec:     16.43  
Transfer/sec:     27.53KB
AUTOTEST_DONE
