Running 1m test @ http://10.1.0.21:5000
  8 threads and 16 connections

  Thread calibration: mean lat.: 5.236ms, rate sampling interval: 19ms
  Thread calibration: mean lat.: 4.959ms, rate sampling interval: 19ms
  Thread calibration: mean lat.: 6.025ms, rate sampling interval: 22ms
  Thread calibration: mean lat.: 5.935ms, rate sampling interval: 20ms
  Thread calibration: mean lat.: 3.291ms, rate sampling interval: 10ms
  Thread calibration: mean lat.: 4.530ms, rate sampling interval: 20ms
  Thread calibration: mean lat.: 5.661ms, rate sampling interval: 21ms
  Thread calibration: mean lat.: 6.516ms, rate sampling interval: 23ms

-----------------------------------------------------------------------
Test Results @ http://10.1.0.21:5000 
  Thread Stats   Avg      Stdev     99%   +/- Stdev
    Latency     4.86ms    3.17ms  12.52ms   71.65%
    Req/Sec     2.08     11.31    52.00     96.34%
  Latency Distribution (HdrHistogram - Recorded Latency)
 50.000%    3.64ms
 75.000%    8.18ms
 90.000%    9.69ms
 99.000%   12.52ms
 99.900%   13.88ms
 99.990%   14.32ms
 99.999%   14.32ms
100.000%   14.32ms

  Detailed Percentile spectrum:
       Value   Percentile   TotalCount 1/(1-Percentile)

       0.968     0.000000            1         1.00
       1.951     0.100000           85         1.11
       2.139     0.200000          170         1.25
       2.311     0.300000          254         1.43
       3.079     0.400000          339         1.67
       3.637     0.500000          423         2.00
       3.785     0.550000          464         2.22
       3.943     0.600000          506         2.50
       4.135     0.650000          548         2.86
       7.535     0.700000          591         3.33
       8.191     0.750000          633         4.00
       8.375     0.775000          655         4.44
       8.663     0.800000          675         5.00
       8.999     0.825000          696         5.71
       9.231     0.850000          717         6.67
       9.487     0.875000          738         8.00
       9.599     0.887500          750         8.89
       9.695     0.900000          760        10.00
       9.791     0.912500          770        11.43
      10.015     0.925000          780        13.33
      10.159     0.937500          791        16.00
      10.295     0.943750          796        17.78
      10.495     0.950000          801        20.00
      10.623     0.956250          807        22.86
      10.767     0.962500          812        26.67
      10.983     0.968750          817        32.00
      11.047     0.971875          820        35.56
      11.095     0.975000          822        40.00
      11.383     0.978125          825        45.71
      11.511     0.981250          828        53.33
      11.879     0.984375          830        64.00
      12.007     0.985938          832        71.11
      12.239     0.987500          833        80.00
      12.479     0.989062          834        91.43
      12.527     0.990625          836       106.67
      12.623     0.992188          837       128.00
      12.719     0.992969          838       142.22
      12.719     0.993750          838       160.00
      12.863     0.994531          839       182.86
      13.047     0.995313          840       213.33
      13.047     0.996094          840       256.00
      13.071     0.996484          841       284.44
      13.071     0.996875          841       320.00
      13.071     0.997266          841       365.71
      13.879     0.997656          842       426.67
      13.879     0.998047          842       512.00
      13.879     0.998242          842       568.89
      13.879     0.998437          842       640.00
      13.879     0.998633          842       731.43
      14.319     0.998828          843       853.33
      14.319     1.000000          843          inf
#[Mean    =        4.864, StdDeviation   =        3.167]
#[Max     =       14.312, Total count    =          843]
#[Buckets =           27, SubBuckets     =         2048]
-----------------------------------------------------------------------
  1019 requests in 1.03m, 1.73MB read
  Socket errors: connect 0, read 0, write 0, timeout 51
Requests/sec:     16.43  
Transfer/sec:     28.51KB
AUTOTEST_DONE
