Running 1m test @ http://10.1.0.21:5000
  8 threads and 16 connections

  Thread calibration: mean lat.: 7.013ms, rate sampling interval: 27ms
  Thread calibration: mean lat.: 7.798ms, rate sampling interval: 30ms
  Thread calibration: mean lat.: 6.031ms, rate sampling interval: 20ms
  Thread calibration: mean lat.: 6.359ms, rate sampling interval: 28ms
  Thread calibration: mean lat.: 8.024ms, rate sampling interval: 36ms
  Thread calibration: mean lat.: 7.912ms, rate sampling interval: 27ms
  Thread calibration: mean lat.: 6.007ms, rate sampling interval: 25ms
  Thread calibration: mean lat.: 6.837ms, rate sampling interval: 28ms

-----------------------------------------------------------------------
Test Results @ http://10.1.0.21:5000 
  Thread Stats   Avg      Stdev     99%   +/- Stdev
    Latency     6.90ms    4.72ms  19.61ms   74.85%
    Req/Sec     2.10      8.99    41.00     94.56%
  Latency Distribution (HdrHistogram - Recorded Latency)
 50.000%    5.02ms
 75.000%   11.13ms
 90.000%   14.30ms
 99.000%   19.61ms
 99.900%   22.16ms
 99.990%   23.63ms
 99.999%   23.63ms
100.000%   23.63ms

  Detailed Percentile spectrum:
       Value   Percentile   TotalCount 1/(1-Percentile)

       1.218     0.000000            1         1.00
       2.867     0.100000           85         1.11
       3.133     0.200000          169         1.25
       3.383     0.300000          254         1.43
       3.773     0.400000          338         1.67
       5.019     0.500000          422         2.00
       5.475     0.550000          464         2.22
       5.739     0.600000          506         2.50
       6.023     0.650000          548         2.86
       6.971     0.700000          591         3.33
      11.151     0.750000          633         4.00
      11.951     0.775000          654         4.44
      12.407     0.800000          676         5.00
      12.751     0.825000          696         5.71
      13.175     0.850000          717         6.67
      13.623     0.875000          738         8.00
      13.999     0.887500          750         8.89
      14.295     0.900000          759        10.00
      14.775     0.912500          771        11.43
      15.135     0.925000          780        13.33
      15.775     0.937500          791        16.00
      15.911     0.943750          796        17.78
      15.983     0.950000          801        20.00
      16.143     0.956250          808        22.86
      16.415     0.962500          812        26.67
      16.911     0.968750          817        32.00
      17.087     0.971875          820        35.56
      17.231     0.975000          822        40.00
      17.503     0.978125          825        45.71
      17.983     0.981250          828        53.33
      18.447     0.984375          830        64.00
      19.071     0.985938          832        71.11
      19.215     0.987500          833        80.00
      19.343     0.989062          834        91.43
      19.807     0.990625          836       106.67
      19.967     0.992188          837       128.00
      20.015     0.992969          838       142.22
      20.015     0.993750          838       160.00
      20.447     0.994531          839       182.86
      20.495     0.995313          840       213.33
      20.495     0.996094          840       256.00
      21.919     0.996484          841       284.44
      21.919     0.996875          841       320.00
      21.919     0.997266          841       365.71
      22.159     0.997656          842       426.67
      22.159     0.998047          842       512.00
      22.159     0.998242          842       568.89
      22.159     0.998437          842       640.00
      22.159     0.998633          842       731.43
      23.631     0.998828          843       853.33
      23.631     1.000000          843          inf
#[Mean    =        6.896, StdDeviation   =        4.723]
#[Max     =       23.616, Total count    =          843]
#[Buckets =           27, SubBuckets     =         2048]
-----------------------------------------------------------------------
  1020 requests in 1.03m, 1.54MB read
  Socket errors: connect 0, read 0, write 0, timeout 51
Requests/sec:     16.48  
Transfer/sec:     25.50KB
AUTOTEST_DONE
