   repetitions  num_vms direction     interface  length proto  repetition  vm_num    GBit/s
0            3       32   forward  bridge-e1000      -1   tcp           0       1  1.842724
0            3       32   forward  bridge-e1000      -1   tcp           0       2  1.884513
0            3       32   forward  bridge-e1000      -1   tcp           0       3  2.053491
0            3       32   forward  bridge-e1000      -1   tcp           0       4  2.001784
0            3       32   forward  bridge-e1000      -1   tcp           0       5  2.001300
0            3       32   forward  bridge-e1000      -1   tcp           0       6  2.140946
0            3       32   forward  bridge-e1000      -1   tcp           0       7  1.927475
0            3       32   forward  bridge-e1000      -1   tcp           0       8  1.777972
0            3       32   forward  bridge-e1000      -1   tcp           0       9  1.964592
0            3       32   forward  bridge-e1000      -1   tcp           0      10  1.820565
0            3       32   forward  bridge-e1000      -1   tcp           0      11  2.043444
0            3       32   forward  bridge-e1000      -1   tcp           0      12  1.977523
0            3       32   forward  bridge-e1000      -1   tcp           0      13  2.147105
0            3       32   forward  bridge-e1000      -1   tcp           0      14  1.579026
0            3       32   forward  bridge-e1000      -1   tcp           0      15  2.161030
0            3       32   forward  bridge-e1000      -1   tcp           0      16  2.011378
0            3       32   forward  bridge-e1000      -1   tcp           0      17  1.921408
0            3       32   forward  bridge-e1000      -1   tcp           0      18  2.041473
0            3       32   forward  bridge-e1000      -1   tcp           0      19  2.006634
0            3       32   forward  bridge-e1000      -1   tcp           0      20  1.833463
0            3       32   forward  bridge-e1000      -1   tcp           0      21  2.252808
0            3       32   forward  bridge-e1000      -1   tcp           0      22  1.928955
0            3       32   forward  bridge-e1000      -1   tcp           0      23  2.021662
0            3       32   forward  bridge-e1000      -1   tcp           0      24  1.495967
0            3       32   forward  bridge-e1000      -1   tcp           0      25  2.141110
0            3       32   forward  bridge-e1000      -1   tcp           0      26  2.007488
0            3       32   forward  bridge-e1000      -1   tcp           0      27  1.917924
0            3       32   forward  bridge-e1000      -1   tcp           0      28  1.928303
0            3       32   forward  bridge-e1000      -1   tcp           0      29  1.920903
0            3       32   forward  bridge-e1000      -1   tcp           0      30  1.182176
0            3       32   forward  bridge-e1000      -1   tcp           0      31  2.221741
0            3       32   forward  bridge-e1000      -1   tcp           0      32  2.260690