Running 1m test @ http://10.1.0.42:8080/wrk2-api/review/compose
  8 threads and 16 connections

  Thread calibration: mean lat.: 16.587ms, rate sampling interval: 58ms
  Thread calibration: mean lat.: 17.020ms, rate sampling interval: 54ms
  Thread calibration: mean lat.: 16.393ms, rate sampling interval: 48ms
  Thread calibration: mean lat.: 17.401ms, rate sampling interval: 55ms
  Thread calibration: mean lat.: 17.640ms, rate sampling interval: 56ms
  Thread calibration: mean lat.: 17.301ms, rate sampling interval: 54ms
  Thread calibration: mean lat.: 17.181ms, rate sampling interval: 55ms
  Thread calibration: mean lat.: 17.180ms, rate sampling interval: 58ms
reconnect_socket

-----------------------------------------------------------------------
Test Results @ http://10.1.0.42:8080/wrk2-api/review/compose 
  Thread Stats   Avg      Stdev     99%   +/- Stdev
    Latency    16.59ms    7.64ms  42.75ms   78.75%
    Req/Sec     7.78     12.13    51.00     91.35%
  Latency Distribution (HdrHistogram - Recorded Latency)
 50.000%   14.46ms
 75.000%   20.06ms
 90.000%   27.47ms
 99.000%   42.75ms
 99.900%   55.81ms
 99.990%   68.29ms
 99.999%   68.29ms
100.000%   68.29ms

  Detailed Percentile spectrum:
       Value   Percentile   TotalCount 1/(1-Percentile)

       5.491     0.000000            1         1.00
       9.839     0.100000          325         1.11
      10.719     0.200000          645         1.25
      11.351     0.300000          973         1.43
      12.143     0.400000         1293         1.67
      14.463     0.500000         1613         2.00
      15.623     0.550000         1773         2.22
      16.687     0.600000         1936         2.50
      17.407     0.650000         2095         2.86
      18.367     0.700000         2257         3.33
      20.143     0.750000         2419         4.00
      21.439     0.775000         2498         4.44
      22.351     0.800000         2580         5.00
      23.151     0.825000         2660         5.71
      24.015     0.850000         2740         6.67
      25.663     0.875000         2821         8.00
      26.511     0.887500         2861         8.89
      27.471     0.900000         2901        10.00
      28.367     0.912500         2941        11.43
      29.199     0.925000         2982        13.33
      30.223     0.937500         3022        16.00
      30.831     0.943750         3042        17.78
      31.647     0.950000         3062        20.00
      32.383     0.956250         3083        22.86
      33.215     0.962500         3103        26.67
      34.303     0.968750         3124        32.00
      35.135     0.971875         3134        35.56
      35.487     0.975000         3143        40.00
      36.255     0.978125         3153        45.71
      37.343     0.981250         3163        53.33
      37.983     0.984375         3173        64.00
      39.423     0.985938         3178        71.11
      40.159     0.987500         3183        80.00
      41.055     0.989062         3188        91.43
      43.231     0.990625         3194       106.67
      43.839     0.992188         3198       128.00
      44.319     0.992969         3201       142.22
      45.855     0.993750         3203       160.00
      46.399     0.994531         3206       182.86
      47.135     0.995313         3208       213.33
      48.543     0.996094         3211       256.00
      49.407     0.996484         3212       284.44
      50.047     0.996875         3213       320.00
      50.911     0.997266         3215       365.71
      51.423     0.997656         3216       426.67
      52.159     0.998047         3217       512.00
      54.335     0.998242         3218       568.89
      54.335     0.998437         3218       640.00
      55.551     0.998633         3219       731.43
      55.807     0.998828         3220       853.33
      55.807     0.999023         3220      1024.00
      56.095     0.999121         3221      1137.78
      56.095     0.999219         3221      1280.00
      56.095     0.999316         3221      1462.86
      60.543     0.999414         3222      1706.67
      60.543     0.999512         3222      2048.00
      60.543     0.999561         3222      2275.56
      60.543     0.999609         3222      2560.00
      60.543     0.999658         3222      2925.71
      68.287     0.999707         3223      3413.33
      68.287     1.000000         3223          inf
#[Mean    =       16.589, StdDeviation   =        7.636]
#[Max     =       68.224, Total count    =         3223]
#[Buckets =           27, SubBuckets     =         2048]
-----------------------------------------------------------------------
  3914 requests in 1.02m, 703.47KB read
  Non-2xx or 3xx responses: 1
Requests/sec:     63.68  
Transfer/sec:     11.44KB
AUTOTEST_DONE
