Running 1m test @ http://10.1.0.42:8080/wrk2-api/review/compose
  8 threads and 16 connections

reconnect_socket
  Thread calibration: mean lat.: 17.578ms, rate sampling interval: 64ms
  Thread calibration: mean lat.: 17.636ms, rate sampling interval: 68ms
  Thread calibration: mean lat.: 16.627ms, rate sampling interval: 56ms
  Thread calibration: mean lat.: 22.566ms, rate sampling interval: 71ms
  Thread calibration: mean lat.: 19.388ms, rate sampling interval: 68ms
  Thread calibration: mean lat.: 17.867ms, rate sampling interval: 63ms
  Thread calibration: mean lat.: 21.103ms, rate sampling interval: 71ms
  Thread calibration: mean lat.: 22.073ms, rate sampling interval: 68ms

-----------------------------------------------------------------------
Test Results @ http://10.1.0.42:8080/wrk2-api/review/compose 
  Thread Stats   Avg      Stdev     99%   +/- Stdev
    Latency    16.36ms    8.75ms  45.63ms   77.76%
    Req/Sec    15.64     15.75    63.00     88.13%
  Latency Distribution (HdrHistogram - Recorded Latency)
 50.000%   13.88ms
 75.000%   20.50ms
 90.000%   28.40ms
 99.000%   45.63ms
 99.900%   61.98ms
 99.990%   70.40ms
 99.999%   75.39ms
100.000%   75.39ms

  Detailed Percentile spectrum:
       Value   Percentile   TotalCount 1/(1-Percentile)

       5.815     0.000000            1         1.00
       7.855     0.100000          648         1.11
       9.031     0.200000         1295         1.25
      10.455     0.300000         1944         1.43
      12.063     0.400000         2590         1.67
      13.879     0.500000         3237         2.00
      14.983     0.550000         3561         2.22
      16.151     0.600000         3885         2.50
      17.471     0.650000         4209         2.86
      18.831     0.700000         4533         3.33
      20.495     0.750000         4860         4.00
      21.375     0.775000         5020         4.44
      22.447     0.800000         5180         5.00
      23.567     0.825000         5343         5.71
      24.767     0.850000         5503         6.67
      26.495     0.875000         5665         8.00
      27.423     0.887500         5746         8.89
      28.399     0.900000         5828        10.00
      29.535     0.912500         5908        11.43
      30.719     0.925000         5989        13.33
      32.111     0.937500         6070        16.00
      32.799     0.943750         6110        17.78
      33.439     0.950000         6154        20.00
      34.527     0.956250         6191        22.86
      35.647     0.962500         6232        26.67
      37.151     0.968750         6272        32.00
      38.207     0.971875         6293        35.56
      38.815     0.975000         6313        40.00
      39.871     0.978125         6333        45.71
      41.311     0.981250         6353        53.33
      42.495     0.984375         6373        64.00
      43.071     0.985938         6384        71.11
      43.807     0.987500         6394        80.00
      44.991     0.989062         6404        91.43
      45.855     0.990625         6414       106.67
      46.879     0.992188         6425       128.00
      47.871     0.992969         6429       142.22
      49.215     0.993750         6434       160.00
      50.495     0.994531         6439       182.86
      51.807     0.995313         6444       213.33
      53.407     0.996094         6449       256.00
      54.335     0.996484         6452       284.44
      54.527     0.996875         6454       320.00
      55.615     0.997266         6457       365.71
      56.767     0.997656         6459       426.67
      58.207     0.998047         6462       512.00
      58.815     0.998242         6463       568.89
      60.383     0.998437         6464       640.00
      60.479     0.998633         6466       731.43
      61.151     0.998828         6467       853.33
      61.983     0.999023         6468      1024.00
      64.607     0.999121         6469      1137.78
      64.607     0.999219         6469      1280.00
      64.735     0.999316         6470      1462.86
      65.151     0.999414         6471      1706.67
      65.151     0.999512         6471      2048.00
      65.343     0.999561         6472      2275.56
      65.343     0.999609         6472      2560.00
      65.343     0.999658         6472      2925.71
      70.399     0.999707         6473      3413.33
      70.399     0.999756         6473      4096.00
      70.399     0.999780         6473      4551.11
      70.399     0.999805         6473      5120.00
      70.399     0.999829         6473      5851.43
      75.391     0.999854         6474      6826.67
      75.391     1.000000         6474          inf
#[Mean    =       16.362, StdDeviation   =        8.753]
#[Max     =       75.328, Total count    =         6474]
#[Buckets =           27, SubBuckets     =         2048]
-----------------------------------------------------------------------
  7778 requests in 1.02m, 1.37MB read
  Non-2xx or 3xx responses: 1
Requests/sec:    127.22  
Transfer/sec:     22.86KB
AUTOTEST_DONE
