Running 1m test @ http://10.1.0.42:8080/wrk2-api/review/compose
  8 threads and 16 connections

  Thread calibration: mean lat.: 14.349ms, rate sampling interval: 33ms
  Thread calibration: mean lat.: 12.611ms, rate sampling interval: 25ms
  Thread calibration: mean lat.: 12.666ms, rate sampling interval: 26ms
  Thread calibration: mean lat.: 12.108ms, rate sampling interval: 26ms
  Thread calibration: mean lat.: 14.412ms, rate sampling interval: 37ms
  Thread calibration: mean lat.: 12.717ms, rate sampling interval: 26ms
  Thread calibration: mean lat.: 13.439ms, rate sampling interval: 28ms
  Thread calibration: mean lat.: 13.069ms, rate sampling interval: 31ms

-----------------------------------------------------------------------
Test Results @ http://10.1.0.42:8080/wrk2-api/review/compose 
  Thread Stats   Avg      Stdev     99%   +/- Stdev
    Latency    12.82ms    2.35ms  19.52ms   77.78%
    Req/Sec     1.05      6.05    38.00     97.02%
  Latency Distribution (HdrHistogram - Recorded Latency)
 50.000%   12.68ms
 75.000%   13.30ms
 90.000%   15.47ms
 99.000%   19.52ms
 99.900%   23.82ms
 99.990%   23.82ms
 99.999%   23.82ms
100.000%   23.82ms

  Detailed Percentile spectrum:
       Value   Percentile   TotalCount 1/(1-Percentile)

       6.435     0.000000            1         1.00
      10.303     0.100000           44         1.11
      11.623     0.200000           87         1.25
      12.183     0.300000          131         1.43
      12.399     0.400000          174         1.67
      12.679     0.500000          216         2.00
      12.807     0.550000          238         2.22
      12.903     0.600000          260         2.50
      12.999     0.650000          281         2.86
      13.191     0.700000          305         3.33
      13.303     0.750000          324         4.00
      13.391     0.775000          335         4.44
      13.551     0.800000          346         5.00
      13.767     0.825000          357         5.71
      14.119     0.850000          368         6.67
      14.759     0.875000          378         8.00
      15.143     0.887500          384         8.89
      15.471     0.900000          389        10.00
      16.271     0.912500          395        11.43
      16.767     0.925000          400        13.33
      17.023     0.937500          405        16.00
      17.327     0.943750          408        17.78
      17.855     0.950000          411        20.00
      18.031     0.956250          414        22.86
      18.287     0.962500          416        26.67
      18.879     0.968750          419        32.00
      19.055     0.971875          420        35.56
      19.167     0.975000          422        40.00
      19.215     0.978125          423        45.71
      19.231     0.981250          424        53.33
      19.279     0.984375          426        64.00
      19.279     0.985938          426        71.11
      19.327     0.987500          427        80.00
      19.519     0.989062          428        91.43
      19.519     0.990625          428       106.67
      21.743     0.992188          429       128.00
      21.743     0.992969          429       142.22
      22.559     0.993750          430       160.00
      22.559     0.994531          430       182.86
      22.559     0.995313          430       213.33
      22.831     0.996094          431       256.00
      22.831     0.996484          431       284.44
      22.831     0.996875          431       320.00
      22.831     0.997266          431       365.71
      22.831     0.997656          431       426.67
      23.823     0.998047          432       512.00
      23.823     1.000000          432          inf
#[Mean    =       12.823, StdDeviation   =        2.352]
#[Max     =       23.808, Total count    =          432]
#[Buckets =           27, SubBuckets     =         2048]
-----------------------------------------------------------------------
  530 requests in 1.03m, 95.23KB read
  Socket errors: connect 0, read 0, write 0, timeout 157
Requests/sec:      8.55  
Transfer/sec:      1.54KB
AUTOTEST_DONE
