Running 1m test @ http://10.1.0.42:8080/wrk2-api/review/compose
  8 threads and 16 connections

reconnect_socket
reconnect_socket
reconnect_socket
reconnect_socket
reconnect_socket
  Thread calibration: mean lat.: 16.639ms, rate sampling interval: 59ms
  Thread calibration: mean lat.: 15.443ms, rate sampling interval: 49ms
  Thread calibration: mean lat.: 16.558ms, rate sampling interval: 53ms
  Thread calibration: mean lat.: 15.347ms, rate sampling interval: 52ms
  Thread calibration: mean lat.: 15.841ms, rate sampling interval: 54ms
  Thread calibration: mean lat.: 68.700ms, rate sampling interval: 383ms
  Thread calibration: mean lat.: 17.333ms, rate sampling interval: 58ms
  Thread calibration: mean lat.: 15.237ms, rate sampling interval: 51ms
reconnect_socket
reconnect_socket
reconnect_socket
reconnect_socket
reconnect_socket
reconnect_socket

-----------------------------------------------------------------------
Test Results @ http://10.1.0.42:8080/wrk2-api/review/compose 
  Thread Stats   Avg      Stdev     99%   +/- Stdev
    Latency    31.09ms   58.80ms 303.87ms   93.53%
    Req/Sec    15.75     17.15    68.00     80.01%
  Latency Distribution (HdrHistogram - Recorded Latency)
 50.000%   15.48ms
 75.000%   25.74ms
 90.000%   48.67ms
 99.000%  303.87ms
 99.900%  587.26ms
 99.990%  934.91ms
 99.999%    1.20s 
100.000%    1.20s 

  Detailed Percentile spectrum:
       Value   Percentile   TotalCount 1/(1-Percentile)

       5.563     0.000000            1         1.00
       8.015     0.100000          652         1.11
       9.391     0.200000         1301         1.25
      11.199     0.300000         1946         1.43
      13.103     0.400000         2591         1.67
      15.479     0.500000         3238         2.00
      16.959     0.550000         3563         2.22
      18.511     0.600000         3884         2.50
      20.303     0.650000         4209         2.86
      22.655     0.700000         4533         3.33
      25.743     0.750000         4856         4.00
      27.551     0.775000         5017         4.44
      29.487     0.800000         5179         5.00
      31.967     0.825000         5342         5.71
      35.039     0.850000         5504         6.67
      39.199     0.875000         5664         8.00
      43.007     0.887500         5746         8.89
      48.671     0.900000         5826        10.00
      55.935     0.912500         5907        11.43
      74.175     0.925000         5988        13.33
      94.911     0.937500         6069        16.00
     107.583     0.943750         6109        17.78
     122.815     0.950000         6150        20.00
     135.423     0.956250         6190        22.86
     155.775     0.962500         6232        26.67
     173.183     0.968750         6271        32.00
     189.951     0.971875         6291        35.56
     207.487     0.975000         6312        40.00
     223.231     0.978125         6332        45.71
     236.031     0.981250         6352        53.33
     254.079     0.984375         6372        64.00
     264.191     0.985938         6382        71.11
     277.503     0.987500         6393        80.00
     293.631     0.989062         6403        91.43
     316.159     0.990625         6413       106.67
     328.959     0.992188         6423       128.00
     339.711     0.992969         6428       142.22
     352.511     0.993750         6433       160.00
     383.487     0.994531         6438       182.86
     398.079     0.995313         6443       213.33
     424.447     0.996094         6448       256.00
     442.367     0.996484         6451       284.44
     447.231     0.996875         6453       320.00
     473.343     0.997266         6456       365.71
     494.079     0.997656         6458       426.67
     503.551     0.998047         6461       512.00
     515.327     0.998242         6462       568.89
     515.839     0.998437         6463       640.00
     545.279     0.998633         6465       731.43
     585.727     0.998828         6466       853.33
     587.263     0.999023         6467      1024.00
     651.775     0.999121         6468      1137.78
     651.775     0.999219         6468      1280.00
     775.167     0.999316         6469      1462.86
     779.775     0.999414         6470      1706.67
     779.775     0.999512         6470      2048.00
     898.559     0.999561         6471      2275.56
     898.559     0.999609         6471      2560.00
     898.559     0.999658         6471      2925.71
     934.911     0.999707         6472      3413.33
     934.911     0.999756         6472      4096.00
     934.911     0.999780         6472      4551.11
     934.911     0.999805         6472      5120.00
     934.911     0.999829         6472      5851.43
    1202.175     0.999854         6473      6826.67
    1202.175     1.000000         6473          inf
#[Mean    =       31.091, StdDeviation   =       58.799]
#[Max     =     1201.152, Total count    =         6473]
#[Buckets =           27, SubBuckets     =         2048]
-----------------------------------------------------------------------
  7776 requests in 1.02m, 1.37MB read
  Non-2xx or 3xx responses: 11
Requests/sec:    127.18  
Transfer/sec:     22.88KB
AUTOTEST_DONE
