Running 1m test @ http://10.1.0.42:8080/wrk2-api/review/compose
  8 threads and 16 connections

  Thread calibration: mean lat.: 7.818ms, rate sampling interval: 20ms
  Thread calibration: mean lat.: 8.328ms, rate sampling interval: 22ms
  Thread calibration: mean lat.: 8.613ms, rate sampling interval: 22ms
  Thread calibration: mean lat.: 7.848ms, rate sampling interval: 19ms
  Thread calibration: mean lat.: 8.240ms, rate sampling interval: 22ms
  Thread calibration: mean lat.: 7.924ms, rate sampling interval: 21ms
  Thread calibration: mean lat.: 7.951ms, rate sampling interval: 21ms
  Thread calibration: mean lat.: 8.421ms, rate sampling interval: 24ms

-----------------------------------------------------------------------
Test Results @ http://10.1.0.42:8080/wrk2-api/review/compose 
  Thread Stats   Avg      Stdev     99%   +/- Stdev
    Latency     8.27ms    2.26ms  16.45ms   83.97%
    Req/Sec     3.96     13.72    52.00     91.97%
  Latency Distribution (HdrHistogram - Recorded Latency)
 50.000%    7.41ms
 75.000%    8.60ms
 90.000%   11.22ms
 99.000%   16.45ms
 99.900%   20.69ms
 99.990%   26.13ms
 99.999%   26.13ms
100.000%   26.13ms

  Detailed Percentile spectrum:
       Value   Percentile   TotalCount 1/(1-Percentile)

       4.839     0.000000            1         1.00
       6.659     0.100000          163         1.11
       6.911     0.200000          324         1.25
       7.107     0.300000          484         1.43
       7.243     0.400000          645         1.67
       7.411     0.500000          809         2.00
       7.491     0.550000          888         2.22
       7.615     0.600000          966         2.50
       7.751     0.650000         1046         2.86
       7.947     0.700000         1128         3.33
       8.599     0.750000         1207         4.00
       9.207     0.775000         1247         4.44
       9.743     0.800000         1288         5.00
      10.151     0.825000         1328         5.71
      10.487     0.850000         1370         6.67
      10.823     0.875000         1409         8.00
      11.023     0.887500         1428         8.89
      11.223     0.900000         1449        10.00
      11.447     0.912500         1470        11.43
      11.711     0.925000         1489        13.33
      12.103     0.937500         1509        16.00
      12.439     0.943750         1519        17.78
      12.727     0.950000         1529        20.00
      13.247     0.956250         1539        22.86
      13.655     0.962500         1549        26.67
      14.479     0.968750         1559        32.00
      14.919     0.971875         1564        35.56
      15.183     0.975000         1569        40.00
      15.311     0.978125         1574        45.71
      15.671     0.981250         1579        53.33
      15.855     0.984375         1584        64.00
      15.943     0.985938         1587        71.11
      16.079     0.987500         1589        80.00
      16.359     0.989062         1592        91.43
      16.879     0.990625         1594       106.67
      17.567     0.992188         1597       128.00
      17.775     0.992969         1598       142.22
      17.807     0.993750         1599       160.00
      17.951     0.994531         1601       182.86
      18.623     0.995313         1602       213.33
      18.639     0.996094         1603       256.00
      18.719     0.996484         1604       284.44
      18.719     0.996875         1604       320.00
      19.855     0.997266         1605       365.71
      20.207     0.997656         1606       426.67
      20.207     0.998047         1606       512.00
      20.687     0.998242         1607       568.89
      20.687     0.998437         1607       640.00
      20.687     0.998633         1607       731.43
      22.159     0.998828         1608       853.33
      22.159     0.999023         1608      1024.00
      22.159     0.999121         1608      1137.78
      22.159     0.999219         1608      1280.00
      22.159     0.999316         1608      1462.86
      26.127     0.999414         1609      1706.67
      26.127     1.000000         1609          inf
#[Mean    =        8.269, StdDeviation   =        2.262]
#[Max     =       26.112, Total count    =         1609]
#[Buckets =           27, SubBuckets     =         2048]
-----------------------------------------------------------------------
  1964 requests in 1.03m, 352.91KB read
  Socket errors: connect 0, read 0, write 0, timeout 11
Requests/sec:     31.75  
Transfer/sec:      5.71KB
AUTOTEST_DONE
