Running 1m test @ http://10.1.0.42:8080/wrk2-api/review/compose
  8 threads and 16 connections

reconnect_socket
  Thread calibration: mean lat.: 16.126ms, rate sampling interval: 58ms
  Thread calibration: mean lat.: 14.159ms, rate sampling interval: 50ms
  Thread calibration: mean lat.: 15.374ms, rate sampling interval: 51ms
  Thread calibration: mean lat.: 15.572ms, rate sampling interval: 52ms
  Thread calibration: mean lat.: 16.284ms, rate sampling interval: 61ms
  Thread calibration: mean lat.: 14.950ms, rate sampling interval: 51ms
  Thread calibration: mean lat.: 14.548ms, rate sampling interval: 49ms
  Thread calibration: mean lat.: 15.972ms, rate sampling interval: 54ms

-----------------------------------------------------------------------
Test Results @ http://10.1.0.42:8080/wrk2-api/review/compose 
  Thread Stats   Avg      Stdev     99%   +/- Stdev
    Latency    16.94ms   11.25ms  55.78ms   88.51%
    Req/Sec    15.77     17.43    62.00     82.01%
  Latency Distribution (HdrHistogram - Recorded Latency)
 50.000%   13.90ms
 75.000%   20.59ms
 90.000%   29.58ms
 99.000%   55.78ms
 99.900%  121.98ms
 99.990%  144.77ms
 99.999%  155.39ms
100.000%  155.39ms

  Detailed Percentile spectrum:
       Value   Percentile   TotalCount 1/(1-Percentile)

       5.751     0.000000            1         1.00
       7.775     0.100000          650         1.11
       8.927     0.200000         1299         1.25
      10.415     0.300000         1944         1.43
      11.871     0.400000         2590         1.67
      13.895     0.500000         3238         2.00
      14.959     0.550000         3561         2.22
      16.103     0.600000         3885         2.50
      17.439     0.650000         4211         2.86
      18.911     0.700000         4533         3.33
      20.591     0.750000         4857         4.00
      21.647     0.775000         5018         4.44
      22.911     0.800000         5180         5.00
      24.191     0.825000         5343         5.71
      25.679     0.850000         5505         6.67
      27.263     0.875000         5666         8.00
      28.415     0.887500         5747         8.89
      29.583     0.900000         5827        10.00
      30.591     0.912500         5908        11.43
      32.223     0.925000         5989        13.33
      33.695     0.937500         6072        16.00
      34.623     0.943750         6110        17.78
      35.711     0.950000         6151        20.00
      37.215     0.956250         6191        22.86
      38.527     0.962500         6233        26.67
      40.991     0.968750         6272        32.00
      41.951     0.971875         6292        35.56
      42.751     0.975000         6313        40.00
      43.935     0.978125         6333        45.71
      45.919     0.981250         6353        53.33
      47.647     0.984375         6373        64.00
      49.631     0.985938         6383        71.11
      51.711     0.987500         6394        80.00
      54.111     0.989062         6404        91.43
      57.343     0.990625         6414       106.67
      58.943     0.992188         6424       128.00
      65.439     0.992969         6429       142.22
      67.903     0.993750         6434       160.00
      74.559     0.994531         6440       182.86
      77.631     0.995313         6444       213.33
      81.087     0.996094         6449       256.00
      82.239     0.996484         6452       284.44
      85.375     0.996875         6454       320.00
      93.759     0.997266         6457       365.71
     100.607     0.997656         6459       426.67
     104.703     0.998047         6462       512.00
     111.999     0.998242         6463       568.89
     114.495     0.998437         6464       640.00
     117.695     0.998633         6466       731.43
     119.615     0.998828         6467       853.33
     121.983     0.999023         6468      1024.00
     129.215     0.999121         6469      1137.78
     129.215     0.999219         6469      1280.00
     133.247     0.999316         6470      1462.86
     140.543     0.999414         6471      1706.67
     140.543     0.999512         6471      2048.00
     144.127     0.999561         6472      2275.56
     144.127     0.999609         6472      2560.00
     144.127     0.999658         6472      2925.71
     144.767     0.999707         6473      3413.33
     144.767     0.999756         6473      4096.00
     144.767     0.999780         6473      4551.11
     144.767     0.999805         6473      5120.00
     144.767     0.999829         6473      5851.43
     155.391     0.999854         6474      6826.67
     155.391     1.000000         6474          inf
#[Mean    =       16.938, StdDeviation   =       11.245]
#[Max     =      155.264, Total count    =         6474]
#[Buckets =           27, SubBuckets     =         2048]
-----------------------------------------------------------------------
  7778 requests in 1.02m, 1.37MB read
  Non-2xx or 3xx responses: 1
Requests/sec:    127.21  
Transfer/sec:     22.86KB
AUTOTEST_DONE
