Running 1m test @ http://10.1.0.42:8080/wrk2-api/review/compose
  8 threads and 16 connections

  Thread calibration: mean lat.: 14.935ms, rate sampling interval: 46ms
  Thread calibration: mean lat.: 13.160ms, rate sampling interval: 34ms
  Thread calibration: mean lat.: 15.632ms, rate sampling interval: 48ms
  Thread calibration: mean lat.: 13.432ms, rate sampling interval: 37ms
  Thread calibration: mean lat.: 14.324ms, rate sampling interval: 36ms
  Thread calibration: mean lat.: 13.801ms, rate sampling interval: 35ms
  Thread calibration: mean lat.: 13.745ms, rate sampling interval: 38ms
  Thread calibration: mean lat.: 13.889ms, rate sampling interval: 41ms

-----------------------------------------------------------------------
Test Results @ http://10.1.0.42:8080/wrk2-api/review/compose 
  Thread Stats   Avg      Stdev     99%   +/- Stdev
    Latency    13.91ms    5.17ms  31.66ms   81.60%
    Req/Sec     3.91      9.99    30.00     85.69%
  Latency Distribution (HdrHistogram - Recorded Latency)
 50.000%   12.05ms
 75.000%   16.29ms
 90.000%   19.92ms
 99.000%   31.66ms
 99.900%   46.94ms
 99.990%   57.95ms
 99.999%   57.95ms
100.000%   57.95ms

  Detailed Percentile spectrum:
       Value   Percentile   TotalCount 1/(1-Percentile)

       5.271     0.000000            1         1.00
       9.719     0.100000          161         1.11
      10.743     0.200000          323         1.25
      11.207     0.300000          483         1.43
      11.615     0.400000          646         1.67
      12.047     0.500000          806         2.00
      12.247     0.550000          886         2.22
      12.591     0.600000          968         2.50
      13.263     0.650000         1046         2.86
      15.079     0.700000         1127         3.33
      16.287     0.750000         1209         4.00
      16.879     0.775000         1249         4.44
      17.407     0.800000         1288         5.00
      17.903     0.825000         1329         5.71
      18.271     0.850000         1369         6.67
      18.831     0.875000         1408         8.00
      19.439     0.887500         1428         8.89
      19.951     0.900000         1449        10.00
      21.471     0.912500         1471        11.43
      22.415     0.925000         1489        13.33
      23.183     0.937500         1509        16.00
      23.647     0.943750         1520        17.78
      23.983     0.950000         1530        20.00
      24.367     0.956250         1539        22.86
      25.023     0.962500         1549        26.67
      25.839     0.968750         1559        32.00
      27.279     0.971875         1564        35.56
      27.935     0.975000         1569        40.00
      28.447     0.978125         1574        45.71
      29.215     0.981250         1580        53.33
      30.191     0.984375         1584        64.00
      30.591     0.985938         1587        71.11
      31.119     0.987500         1589        80.00
      31.439     0.989062         1592        91.43
      31.887     0.990625         1594       106.67
      33.439     0.992188         1597       128.00
      33.823     0.992969         1598       142.22
      34.239     0.993750         1599       160.00
      35.743     0.994531         1601       182.86
      35.935     0.995313         1602       213.33
      36.415     0.996094         1603       256.00
      37.055     0.996484         1604       284.44
      37.055     0.996875         1604       320.00
      38.111     0.997266         1605       365.71
      40.287     0.997656         1606       426.67
      40.287     0.998047         1606       512.00
      46.943     0.998242         1607       568.89
      46.943     0.998437         1607       640.00
      46.943     0.998633         1607       731.43
      52.799     0.998828         1608       853.33
      52.799     0.999023         1608      1024.00
      52.799     0.999121         1608      1137.78
      52.799     0.999219         1608      1280.00
      52.799     0.999316         1608      1462.86
      57.951     0.999414         1609      1706.67
      57.951     1.000000         1609          inf
#[Mean    =       13.906, StdDeviation   =        5.169]
#[Max     =       57.920, Total count    =         1609]
#[Buckets =           27, SubBuckets     =         2048]
-----------------------------------------------------------------------
  1964 requests in 1.03m, 352.91KB read
  Socket errors: connect 0, read 0, write 0, timeout 11
Requests/sec:     31.82  
Transfer/sec:      5.72KB
AUTOTEST_DONE
