Running 1m test @ http://10.1.0.44:8080
  8 threads and 16 connections

  Thread calibration: mean lat.: 2.664ms, rate sampling interval: 12ms
  Thread calibration: mean lat.: 2.751ms, rate sampling interval: 13ms
  Thread calibration: mean lat.: 2.676ms, rate sampling interval: 13ms
  Thread calibration: mean lat.: 2.580ms, rate sampling interval: 12ms
  Thread calibration: mean lat.: 2.640ms, rate sampling interval: 13ms
  Thread calibration: mean lat.: 2.667ms, rate sampling interval: 13ms
  Thread calibration: mean lat.: 2.687ms, rate sampling interval: 12ms
  Thread calibration: mean lat.: 2.793ms, rate sampling interval: 14ms

-----------------------------------------------------------------------
Test Results @ http://10.1.0.44:8080 
  Thread Stats   Avg      Stdev     99%   +/- Stdev
    Latency     2.66ms    2.54ms  12.41ms   87.09%
    Req/Sec   136.05    105.84   428.00     63.58%
  Latency Distribution (HdrHistogram - Recorded Latency)
 50.000%    1.74ms
 75.000%    2.45ms
 90.000%    6.63ms
 99.000%   12.41ms
 99.900%   19.57ms
 99.990%   30.98ms
 99.999%   36.19ms
100.000%   40.38ms

  Detailed Percentile spectrum:
       Value   Percentile   TotalCount 1/(1-Percentile)

       0.738     0.000000            1         1.00
       1.157     0.100000         5402         1.11
       1.262     0.200000        10731         1.25
       1.381     0.300000        16053         1.43
       1.558     0.400000        21426         1.67
       1.744     0.500000        26749         2.00
       1.836     0.550000        29434         2.22
       1.934     0.600000        32134         2.50
       2.053     0.650000        34792         2.86
       2.213     0.700000        37457         3.33
       2.451     0.750000        40130         4.00
       2.623     0.775000        41462         4.44
       2.873     0.800000        42800         5.00
       3.247     0.825000        44137         5.71
       3.963     0.850000        45473         6.67
       5.447     0.875000        46813         8.00
       6.087     0.887500        47484         8.89
       6.627     0.900000        48147        10.00
       7.071     0.912500        48826        11.43
       7.439     0.925000        49487        13.33
       7.819     0.937500        50156        16.00
       8.039     0.943750        50490        17.78
       8.311     0.950000        50827        20.00
       8.663     0.956250        51163        22.86
       9.047     0.962500        51491        26.67
       9.623     0.968750        51827        32.00
       9.871     0.971875        51994        35.56
      10.151     0.975000        52159        40.00
      10.431     0.978125        52327        45.71
      10.791     0.981250        52497        53.33
      11.199     0.984375        52661        64.00
      11.431     0.985938        52744        71.11
      11.759     0.987500        52829        80.00
      12.119     0.989062        52915        91.43
      12.583     0.990625        52996       106.67
      13.047     0.992188        53080       128.00
      13.263     0.992969        53121       142.22
      13.583     0.993750        53162       160.00
      13.919     0.994531        53204       182.86
      14.391     0.995313        53246       213.33
      14.887     0.996094        53288       256.00
      15.207     0.996484        53310       284.44
      15.655     0.996875        53329       320.00
      16.143     0.997266        53350       365.71
      16.703     0.997656        53371       426.67
      17.279     0.998047        53392       512.00
      17.487     0.998242        53402       568.89
      17.951     0.998437        53413       640.00
      18.495     0.998633        53423       731.43
      18.703     0.998828        53435       853.33
      19.695     0.999023        53444      1024.00
      20.255     0.999121        53449      1137.78
      20.879     0.999219        53455      1280.00
      21.727     0.999316        53461      1462.86
      22.847     0.999414        53465      1706.67
      23.183     0.999512        53470      2048.00
      23.295     0.999561        53473      2275.56
      23.679     0.999609        53476      2560.00
      24.255     0.999658        53478      2925.71
      25.583     0.999707        53481      3413.33
      26.015     0.999756        53483      4096.00
      27.055     0.999780        53485      4551.11
      27.231     0.999805        53486      5120.00
      28.383     0.999829        53487      5851.43
      28.719     0.999854        53489      6826.67
      30.863     0.999878        53490      8192.00
      30.975     0.999890        53491      9102.22
      30.975     0.999902        53491     10240.00
      31.343     0.999915        53492     11702.86
      34.335     0.999927        53493     13653.33
      34.335     0.999939        53493     16384.00
      35.967     0.999945        53494     18204.44
      35.967     0.999951        53494     20480.00
      35.967     0.999957        53494     23405.71
      36.191     0.999963        53495     27306.67
      36.191     0.999969        53495     32768.00
      36.191     0.999973        53495     36408.89
      36.191     0.999976        53495     40960.00
      36.191     0.999979        53495     46811.43
      40.383     0.999982        53496     54613.33
      40.383     1.000000        53496          inf
#[Mean    =        2.663, StdDeviation   =        2.545]
#[Max     =       40.352, Total count    =        53496]
#[Buckets =           27, SubBuckets     =         2048]
-----------------------------------------------------------------------
  63880 requests in 1.02m, 12.54MB read
  Non-2xx or 3xx responses: 6361
Requests/sec:   1046.79  
Transfer/sec:    210.45KB
AUTOTEST_DONE
