Running 1m test @ http://10.1.0.44:8080
  8 threads and 16 connections

  Thread calibration: mean lat.: 2.674ms, rate sampling interval: 11ms
  Thread calibration: mean lat.: 2.810ms, rate sampling interval: 13ms
  Thread calibration: mean lat.: 2.834ms, rate sampling interval: 12ms
  Thread calibration: mean lat.: 2.553ms, rate sampling interval: 11ms
  Thread calibration: mean lat.: 2.605ms, rate sampling interval: 12ms
  Thread calibration: mean lat.: 2.728ms, rate sampling interval: 13ms
  Thread calibration: mean lat.: 2.674ms, rate sampling interval: 11ms
  Thread calibration: mean lat.: 2.690ms, rate sampling interval: 12ms

-----------------------------------------------------------------------
Test Results @ http://10.1.0.44:8080 
  Thread Stats   Avg      Stdev     99%   +/- Stdev
    Latency     2.65ms    2.51ms  12.34ms   86.92%
    Req/Sec   136.68    110.28   454.00     60.40%
  Latency Distribution (HdrHistogram - Recorded Latency)
 50.000%    1.70ms
 75.000%    2.45ms
 90.000%    6.55ms
 99.000%   12.34ms
 99.900%   18.22ms
 99.990%   25.30ms
 99.999%   33.12ms
100.000%   37.25ms

  Detailed Percentile spectrum:
       Value   Percentile   TotalCount 1/(1-Percentile)

       0.784     0.000000            1         1.00
       1.158     0.100000         5367         1.11
       1.278     0.200000        10710         1.25
       1.407     0.300000        16056         1.43
       1.537     0.400000        21427         1.67
       1.698     0.500000        26770         2.00
       1.788     0.550000        29453         2.22
       1.891     0.600000        32124         2.50
       2.018     0.650000        34781         2.86
       2.191     0.700000        37468         3.33
       2.449     0.750000        40131         4.00
       2.629     0.775000        41467         4.44
       2.879     0.800000        42804         5.00
       3.279     0.825000        44148         5.71
       4.003     0.850000        45480         6.67
       5.499     0.875000        46816         8.00
       6.083     0.887500        47488         8.89
       6.551     0.900000        48156        10.00
       6.935     0.912500        48831        11.43
       7.323     0.925000        49498        13.33
       7.747     0.937500        50160        16.00
       8.035     0.943750        50497        17.78
       8.367     0.950000        50832        20.00
       8.719     0.956250        51170        22.86
       9.127     0.962500        51502        26.67
       9.607     0.968750        51833        32.00
       9.879     0.971875        52001        35.56
      10.175     0.975000        52170        40.00
      10.543     0.978125        52335        45.71
      10.887     0.981250        52502        53.33
      11.287     0.984375        52672        64.00
      11.543     0.985938        52752        71.11
      11.815     0.987500        52839        80.00
      12.127     0.989062        52920        91.43
      12.527     0.990625        53003       106.67
      12.951     0.992188        53086       128.00
      13.199     0.992969        53128       142.22
      13.495     0.993750        53170       160.00
      13.767     0.994531        53212       182.86
      14.215     0.995313        53255       213.33
      14.583     0.996094        53295       256.00
      14.831     0.996484        53316       284.44
      15.159     0.996875        53337       320.00
      15.583     0.997266        53358       365.71
      15.903     0.997656        53380       426.67
      16.351     0.998047        53400       512.00
      16.559     0.998242        53410       568.89
      17.055     0.998437        53421       640.00
      17.471     0.998633        53432       731.43
      17.935     0.998828        53442       853.33
      18.319     0.999023        53452      1024.00
      18.687     0.999121        53457      1137.78
      19.599     0.999219        53463      1280.00
      20.031     0.999316        53468      1462.86
      20.751     0.999414        53473      1706.67
      21.071     0.999512        53478      2048.00
      21.231     0.999561        53481      2275.56
      21.535     0.999609        53484      2560.00
      21.711     0.999658        53486      2925.71
      22.111     0.999707        53489      3413.33
      22.543     0.999756        53491      4096.00
      23.279     0.999780        53493      4551.11
      23.327     0.999805        53494      5120.00
      23.647     0.999829        53495      5851.43
      23.903     0.999854        53497      6826.67
      23.983     0.999878        53498      8192.00
      25.295     0.999890        53499      9102.22
      25.295     0.999902        53499     10240.00
      25.983     0.999915        53500     11702.86
      26.175     0.999927        53501     13653.33
      26.175     0.999939        53501     16384.00
      32.623     0.999945        53502     18204.44
      32.623     0.999951        53502     20480.00
      32.623     0.999957        53502     23405.71
      33.119     0.999963        53503     27306.67
      33.119     0.999969        53503     32768.00
      33.119     0.999973        53503     36408.89
      33.119     0.999976        53503     40960.00
      33.119     0.999979        53503     46811.43
      37.247     0.999982        53504     54613.33
      37.247     1.000000        53504          inf
#[Mean    =        2.651, StdDeviation   =        2.509]
#[Max     =       37.216, Total count    =        53504]
#[Buckets =           27, SubBuckets     =         2048]
-----------------------------------------------------------------------
  63885 requests in 1.02m, 12.54MB read
  Non-2xx or 3xx responses: 6336
Requests/sec:   1046.73  
Transfer/sec:    210.41KB
AUTOTEST_DONE
