Running 1m test @ http://10.1.0.44:8080
  8 threads and 16 connections

  Thread calibration: mean lat.: 2.724ms, rate sampling interval: 10ms
  Thread calibration: mean lat.: 2.741ms, rate sampling interval: 10ms
  Thread calibration: mean lat.: 2.701ms, rate sampling interval: 10ms
  Thread calibration: mean lat.: 2.852ms, rate sampling interval: 11ms
  Thread calibration: mean lat.: 2.817ms, rate sampling interval: 10ms
  Thread calibration: mean lat.: 2.633ms, rate sampling interval: 10ms
  Thread calibration: mean lat.: 2.785ms, rate sampling interval: 10ms
  Thread calibration: mean lat.: 2.778ms, rate sampling interval: 10ms

-----------------------------------------------------------------------
Test Results @ http://10.1.0.44:8080 
  Thread Stats   Avg      Stdev     99%   +/- Stdev
    Latency     2.91ms    2.06ms  10.37ms   88.29%
    Req/Sec    33.51     59.22   222.00     74.02%
  Latency Distribution (HdrHistogram - Recorded Latency)
 50.000%    2.22ms
 75.000%    2.86ms
 90.000%    6.08ms
 99.000%   10.37ms
 99.900%   14.11ms
 99.990%   16.94ms
 99.999%   18.24ms
100.000%   18.24ms

  Detailed Percentile spectrum:
       Value   Percentile   TotalCount 1/(1-Percentile)

       0.983     0.000000            1         1.00
       1.601     0.100000         1299         1.11
       1.718     0.200000         2593         1.25
       1.848     0.300000         3889         1.43
       2.007     0.400000         5186         1.67
       2.225     0.500000         6491         2.00
       2.341     0.550000         7137         2.22
       2.455     0.600000         7785         2.50
       2.569     0.650000         8436         2.86
       2.697     0.700000         9089         3.33
       2.855     0.750000         9722         4.00
       2.957     0.775000        10048         4.44
       3.081     0.800000        10374         5.00
       3.259     0.825000        10697         5.71
       3.597     0.850000        11019         6.67
       4.439     0.875000        11343         8.00
       5.275     0.887500        11504         8.89
       6.083     0.900000        11666        10.00
       6.627     0.912500        11829        11.43
       7.211     0.925000        11990        13.33
       7.823     0.937500        12153        16.00
       8.043     0.943750        12233        17.78
       8.311     0.950000        12317        20.00
       8.559     0.956250        12396        22.86
       8.799     0.962500        12478        26.67
       8.999     0.968750        12557        32.00
       9.119     0.971875        12598        35.56
       9.255     0.975000        12638        40.00
       9.423     0.978125        12682        45.71
       9.575     0.981250        12720        53.33
       9.815     0.984375        12760        64.00
       9.943     0.985938        12780        71.11
      10.039     0.987500        12801        80.00
      10.247     0.989062        12821        91.43
      10.447     0.990625        12841       106.67
      10.655     0.992188        12861       128.00
      10.863     0.992969        12871       142.22
      11.143     0.993750        12881       160.00
      11.431     0.994531        12892       182.86
      11.647     0.995313        12902       213.33
      11.991     0.996094        12912       256.00
      12.071     0.996484        12917       284.44
      12.159     0.996875        12922       320.00
      12.591     0.997266        12927       365.71
      12.863     0.997656        12933       426.67
      13.055     0.998047        12937       512.00
      13.135     0.998242        12940       568.89
      13.383     0.998437        12942       640.00
      13.815     0.998633        12945       731.43
      13.927     0.998828        12947       853.33
      14.343     0.999023        12950      1024.00
      14.535     0.999121        12951      1137.78
      14.639     0.999219        12952      1280.00
      15.119     0.999316        12954      1462.86
      15.439     0.999414        12955      1706.67
      15.535     0.999512        12956      2048.00
      15.671     0.999561        12957      2275.56
      15.671     0.999609        12957      2560.00
      15.679     0.999658        12958      2925.71
      15.799     0.999707        12959      3413.33
      15.799     0.999756        12959      4096.00
      15.959     0.999780        12960      4551.11
      15.959     0.999805        12960      5120.00
      15.959     0.999829        12960      5851.43
      16.943     0.999854        12961      6826.67
      16.943     0.999878        12961      8192.00
      16.943     0.999890        12961      9102.22
      16.943     0.999902        12961     10240.00
      16.943     0.999915        12961     11702.86
      18.239     0.999927        12962     13653.33
      18.239     1.000000        12962          inf
#[Mean    =        2.914, StdDeviation   =        2.060]
#[Max     =       18.224, Total count    =        12962]
#[Buckets =           27, SubBuckets     =         2048]
-----------------------------------------------------------------------
  15554 requests in 1.02m, 3.05MB read
  Non-2xx or 3xx responses: 1506
Requests/sec:    254.79  
Transfer/sec:     51.18KB
AUTOTEST_DONE
