Running 1m test @ http://10.1.0.44:8080
  8 threads and 16 connections

  Thread calibration: mean lat.: 1.643ms, rate sampling interval: 10ms
  Thread calibration: mean lat.: 1.637ms, rate sampling interval: 10ms
  Thread calibration: mean lat.: 1.623ms, rate sampling interval: 10ms
  Thread calibration: mean lat.: 1.481ms, rate sampling interval: 10ms
  Thread calibration: mean lat.: 1.597ms, rate sampling interval: 10ms
  Thread calibration: mean lat.: 1.629ms, rate sampling interval: 10ms
  Thread calibration: mean lat.: 1.670ms, rate sampling interval: 10ms
  Thread calibration: mean lat.: 1.474ms, rate sampling interval: 10ms

-----------------------------------------------------------------------
Test Results @ http://10.1.0.44:8080 
  Thread Stats   Avg      Stdev     99%   +/- Stdev
    Latency     1.66ms    1.36ms   6.24ms   88.83%
    Req/Sec    33.16     58.69   222.00     72.66%
  Latency Distribution (HdrHistogram - Recorded Latency)
 50.000%    1.14ms
 75.000%    1.55ms
 90.000%    4.32ms
 99.000%    6.24ms
 99.900%    8.69ms
 99.990%   12.45ms
 99.999%   12.83ms
100.000%   12.83ms

  Detailed Percentile spectrum:
       Value   Percentile   TotalCount 1/(1-Percentile)

       0.740     0.000000            1         1.00
       0.897     0.100000         1325         1.11
       0.942     0.200000         2601         1.25
       0.987     0.300000         3898         1.43
       1.043     0.400000         5208         1.67
       1.141     0.500000         6485         2.00
       1.250     0.550000         7130         2.22
       1.375     0.600000         7782         2.50
       1.440     0.650000         8425         2.86
       1.497     0.700000         9079         3.33
       1.552     0.750000         9725         4.00
       1.586     0.775000        10053         4.44
       1.626     0.800000        10371         5.00
       1.687     0.825000        10694         5.71
       1.786     0.850000        11018         6.67
       2.141     0.875000        11342         8.00
       2.919     0.887500        11504         8.89
       4.319     0.900000        11666        10.00
       4.787     0.912500        11827        11.43
       4.987     0.925000        11990        13.33
       5.151     0.937500        12157        16.00
       5.235     0.943750        12234        17.78
       5.315     0.950000        12318        20.00
       5.383     0.956250        12395        22.86
       5.471     0.962500        12476        26.67
       5.567     0.968750        12561        32.00
       5.627     0.971875        12597        35.56
       5.715     0.975000        12639        40.00
       5.763     0.978125        12680        45.71
       5.847     0.981250        12718        53.33
       5.951     0.984375        12761        64.00
       6.019     0.985938        12779        71.11
       6.119     0.987500        12799        80.00
       6.199     0.989062        12820        91.43
       6.271     0.990625        12840       106.67
       6.431     0.992188        12860       128.00
       6.499     0.992969        12871       142.22
       6.619     0.993750        12880       160.00
       6.747     0.994531        12891       182.86
       6.835     0.995313        12901       213.33
       6.947     0.996094        12911       256.00
       7.043     0.996484        12916       284.44
       7.235     0.996875        12921       320.00
       7.403     0.997266        12926       365.71
       7.635     0.997656        12931       426.67
       7.859     0.998047        12936       512.00
       7.955     0.998242        12939       568.89
       8.231     0.998437        12941       640.00
       8.447     0.998633        12944       731.43
       8.487     0.998828        12946       853.33
       8.719     0.999023        12949      1024.00
       9.079     0.999121        12950      1137.78
       9.103     0.999219        12951      1280.00
       9.399     0.999316        12953      1462.86
       9.567     0.999414        12954      1706.67
       9.687     0.999512        12955      2048.00
       9.839     0.999561        12956      2275.56
       9.839     0.999609        12956      2560.00
       9.871     0.999658        12957      2925.71
      10.575     0.999707        12958      3413.33
      10.575     0.999756        12958      4096.00
      10.927     0.999780        12959      4551.11
      10.927     0.999805        12959      5120.00
      10.927     0.999829        12959      5851.43
      12.455     0.999854        12960      6826.67
      12.455     0.999878        12960      8192.00
      12.455     0.999890        12960      9102.22
      12.455     0.999902        12960     10240.00
      12.455     0.999915        12960     11702.86
      12.831     0.999927        12961     13653.33
      12.831     1.000000        12961          inf
#[Mean    =        1.665, StdDeviation   =        1.355]
#[Max     =       12.824, Total count    =        12961]
#[Buckets =           27, SubBuckets     =         2048]
-----------------------------------------------------------------------
  15554 requests in 1.02m, 3.05MB read
  Non-2xx or 3xx responses: 1563
Requests/sec:    254.67  
Transfer/sec:     51.22KB
AUTOTEST_DONE
