Running 1m test @ http://10.1.0.44:8080
  8 threads and 16 connections

  Thread calibration: mean lat.: 2.569ms, rate sampling interval: 10ms
  Thread calibration: mean lat.: 2.558ms, rate sampling interval: 10ms
  Thread calibration: mean lat.: 2.429ms, rate sampling interval: 10ms
  Thread calibration: mean lat.: 2.722ms, rate sampling interval: 12ms
  Thread calibration: mean lat.: 2.545ms, rate sampling interval: 12ms
  Thread calibration: mean lat.: 2.394ms, rate sampling interval: 10ms
  Thread calibration: mean lat.: 2.380ms, rate sampling interval: 10ms
  Thread calibration: mean lat.: 2.553ms, rate sampling interval: 11ms

-----------------------------------------------------------------------
Test Results @ http://10.1.0.44:8080 
  Thread Stats   Avg      Stdev     99%   +/- Stdev
    Latency     2.60ms    1.87ms   9.37ms   89.07%
    Req/Sec    16.64     40.91   181.00     84.55%
  Latency Distribution (HdrHistogram - Recorded Latency)
 50.000%    1.98ms
 75.000%    2.58ms
 90.000%    5.40ms
 99.000%    9.37ms
 99.900%   12.59ms
 99.990%   15.09ms
 99.999%   15.77ms
100.000%   15.77ms

  Detailed Percentile spectrum:
       Value   Percentile   TotalCount 1/(1-Percentile)

       0.822     0.000000            1         1.00
       1.444     0.100000          647         1.11
       1.574     0.200000         1294         1.25
       1.690     0.300000         1946         1.43
       1.812     0.400000         2587         1.67
       1.976     0.500000         3233         2.00
       2.075     0.550000         3559         2.22
       2.197     0.600000         3880         2.50
       2.315     0.650000         4206         2.86
       2.441     0.700000         4532         3.33
       2.581     0.750000         4850         4.00
       2.673     0.775000         5015         4.44
       2.749     0.800000         5177         5.00
       2.841     0.825000         5337         5.71
       2.955     0.850000         5498         6.67
       3.177     0.875000         5658         8.00
       3.915     0.887500         5739         8.89
       5.407     0.900000         5820        10.00
       6.095     0.912500         5901        11.43
       6.539     0.925000         5982        13.33
       7.143     0.937500         6062        16.00
       7.435     0.943750         6103        17.78
       7.739     0.950000         6143        20.00
       8.039     0.956250         6184        22.86
       8.263     0.962500         6224        26.67
       8.503     0.968750         6264        32.00
       8.639     0.971875         6285        35.56
       8.751     0.975000         6305        40.00
       8.823     0.978125         6326        45.71
       8.919     0.981250         6346        53.33
       9.023     0.984375         6366        64.00
       9.079     0.985938         6377        71.11
       9.167     0.987500         6386        80.00
       9.303     0.989062         6396        91.43
       9.407     0.990625         6406       106.67
       9.503     0.992188         6416       128.00
       9.567     0.992969         6421       142.22
       9.623     0.993750         6426       160.00
       9.751     0.994531         6431       182.86
       9.895     0.995313         6436       213.33
      10.095     0.996094         6441       256.00
      10.287     0.996484         6444       284.44
      10.495     0.996875         6446       320.00
      10.599     0.997266         6449       365.71
      10.631     0.997656         6451       426.67
      10.855     0.998047         6454       512.00
      10.927     0.998242         6455       568.89
      11.159     0.998437         6456       640.00
      11.343     0.998633         6458       731.43
      11.351     0.998828         6459       853.33
      12.591     0.999023         6460      1024.00
      12.903     0.999121         6461      1137.78
      12.903     0.999219         6461      1280.00
      13.215     0.999316         6462      1462.86
      13.399     0.999414         6463      1706.67
      13.399     0.999512         6463      2048.00
      13.631     0.999561         6464      2275.56
      13.631     0.999609         6464      2560.00
      13.631     0.999658         6464      2925.71
      15.087     0.999707         6465      3413.33
      15.087     0.999756         6465      4096.00
      15.087     0.999780         6465      4551.11
      15.087     0.999805         6465      5120.00
      15.087     0.999829         6465      5851.43
      15.767     0.999854         6466      6826.67
      15.767     1.000000         6466          inf
#[Mean    =        2.600, StdDeviation   =        1.866]
#[Max     =       15.760, Total count    =         6466]
#[Buckets =           27, SubBuckets     =         2048]
-----------------------------------------------------------------------
  7779 requests in 1.02m, 1.53MB read
  Non-2xx or 3xx responses: 802
Requests/sec:    127.28  
Transfer/sec:     25.62KB
AUTOTEST_DONE
