/nix/store/2vwkssqpzykk37r996cafq7x63imf4sp-openjdk-21+35/bin/java  -classpath /nix/store/zw02np72fzsmga6s5mphhw7x8qlzf4sv-ycsb-0.17.0/share/conf:/nix/store/zw02np72fzsmga6s5mphhw7x8qlzf4sv-ycsb-0.17.0/share/lib/core-0.17.0.jar:/nix/store/zw02np72fzsmga6s5mphhw7x8qlzf4sv-ycsb-0.17.0/share/lib/HdrHistogram-2.1.4.jar:/nix/store/zw02np72fzsmga6s5mphhw7x8qlzf4sv-ycsb-0.17.0/share/lib/htrace-core4-4.1.0-incubating.jar:/nix/store/zw02np72fzsmga6s5mphhw7x8qlzf4sv-ycsb-0.17.0/share/lib/jackson-core-asl-1.9.4.jar:/nix/store/zw02np72fzsmga6s5mphhw7x8qlzf4sv-ycsb-0.17.0/share/lib/jackson-mapper-asl-1.9.4.jar:/nix/store/zw02np72fzsmga6s5mphhw7x8qlzf4sv-ycsb-0.17.0/share/redis-binding/lib/commons-pool2-2.4.2.jar:/nix/store/zw02np72fzsmga6s5mphhw7x8qlzf4sv-ycsb-0.17.0/share/redis-binding/lib/jedis-2.9.0.jar:/nix/store/zw02np72fzsmga6s5mphhw7x8qlzf4sv-ycsb-0.17.0/share/redis-binding/lib/redis-binding-0.17.0.jar site.ycsb.Client -t -db site.ycsb.db.RedisClient -s -P /home/host/vmuxIO/test/moonprogs//../../ycsb/share/workloads/workloada -p redis.host=10.1.0.2 -p redis.port=6379 -p operationcount=429496729 -p maxexecutiontime=61 -threads 1
Command line: -t -db site.ycsb.db.RedisClient -s -P /home/host/vmuxIO/test/moonprogs//../../ycsb/share/workloads/workloada -p redis.host=10.1.0.2 -p redis.port=6379 -p operationcount=429496729 -p maxexecutiontime=61 -threads 1
YCSB Client 0.17.0

Loading workload...
Starting test.
Maximum execution time specified as: 61 secs
DBWrapper: report latency for each error is false and specific error codes to track for latency are: []
2024-06-26 10:57:40:736 0 sec: 0 operations; est completion in 0 second 
2024-06-26 10:57:50:585 10 sec: 60326 operations; 6032.6 current ops/sec; est completion in 19 hours 46 minutes [READ: Count=30043, Max=19391, Min=98, Avg=157.32, 90=205, 99=282, 99.9=2643, 99.99=6291] [UPDATE: Count=30292, Max=25727, Min=94, Avg=159.22, 90=247, 99=289, 99.9=2877, 99.99=4875] 
2024-06-26 10:58:00:585 20 sec: 127100 operations; 6676.73 current ops/sec; est completion in 18 hours 46 minutes [READ: Count=33376, Max=7831, Min=96, Avg=148.78, 90=159, 99=268, 99.9=302, 99.99=2295] [UPDATE: Count=33389, Max=1867, Min=97, Avg=146.59, 90=158, 99=267, 99.9=293, 99.99=1490] 
2024-06-26 10:58:10:585 30 sec: 183936 operations; 5684.17 current ops/sec; est completion in 19 hours 27 minutes [READ: Count=28405, Max=7703, Min=105, Avg=177.55, 90=256, 99=337, 99.9=462, 99.99=1138] [UPDATE: Count=28431, Max=7107, Min=100, Avg=169.92, 90=251, 99=331, 99.9=445, 99.99=869] 
2024-06-26 10:58:20:585 40 sec: 243302 operations; 5936.01 current ops/sec; est completion in 19 hours 36 minutes [READ: Count=29665, Max=5543, Min=103, Avg=170.42, 90=256, 99=273, 99.9=303, 99.99=1061] [UPDATE: Count=29701, Max=1072, Min=101, Avg=162.99, 90=251, 99=269, 99.9=287, 99.99=576] 
2024-06-26 10:58:30:585 50 sec: 304625 operations; 6132.3 current ops/sec; est completion in 19 hours 34 minutes [READ: Count=30574, Max=2323, Min=104, Avg=164.93, 90=254, 99=272, 99.9=316, 99.99=947] [UPDATE: Count=30749, Max=9263, Min=101, Avg=157.78, 90=247, 99=268, 99.9=283, 99.99=1815] 
2024-06-26 10:58:40:585 60 sec: 364407 operations; 5978.2 current ops/sec; est completion in 19 hours 37 minutes [READ: Count=29793, Max=4643, Min=103, Avg=169.05, 90=253, 99=306, 99.9=442, 99.99=930] [UPDATE: Count=29989, Max=1132, Min=102, Avg=161.68, 90=242, 99=305, 99.9=435, 99.99=787] 
Maximum time elapsed. Requesting stop for the workload.
Stop requested for workload. Now Joining!
2024-06-26 10:58:41:599 61 sec: 370586 operations; 6099.7 current ops/sec; est completion in 19 hours 37 minutes [READ: Count=3156, Max=7119, Min=100, Avg=167.18, 90=246, 99=277, 99.9=941, 99.99=7119] [CLEANUP: Count=1, Max=1756, Min=1756, Avg=1756, 90=1756, 99=1756, 99.9=1756, 99.99=1756] [UPDATE: Count=3023, Max=1653, Min=101, Avg=156.08, 90=190, 99=270, 99.9=701, 99.99=1653] 
[OVERALL], RunTime(ms), 61025
[OVERALL], Throughput(ops/sec), 6072.691519868906
[TOTAL_GCS_Copy], Count, 34
[TOTAL_GC_TIME_Copy], Time(ms), 29
[TOTAL_GC_TIME_%_Copy], Time(%), 0.04752150757886112
[TOTAL_GCS_MarkSweepCompact], Count, 0
[TOTAL_GC_TIME_MarkSweepCompact], Time(ms), 0
[TOTAL_GC_TIME_%_MarkSweepCompact], Time(%), 0.0
[TOTAL_GCs], Count, 34
[TOTAL_GC_TIME], Time(ms), 29
[TOTAL_GC_TIME_%], Time(%), 0.04752150757886112
[READ], Operations, 185012
[READ], AverageLatency(us), 164.300953451668
[READ], MinLatency(us), 96
[READ], MaxLatency(us), 19391
[READ], 95thPercentileLatency(us), 259
[READ], 99thPercentileLatency(us), 282
[READ], Return=OK, 185012
[CLEANUP], Operations, 1
[CLEANUP], AverageLatency(us), 1756.0
[CLEANUP], MinLatency(us), 1756
[CLEANUP], MaxLatency(us), 1756
[CLEANUP], 95thPercentileLatency(us), 1756
[CLEANUP], 99thPercentileLatency(us), 1756
[UPDATE], Operations, 185574
[UPDATE], AverageLatency(us), 159.29886729822064
[UPDATE], MinLatency(us), 94
[UPDATE], MaxLatency(us), 25727
[UPDATE], 95thPercentileLatency(us), 256
[UPDATE], 99thPercentileLatency(us), 278
[UPDATE], Return=OK, 185574
AUTOTEST_DONE
