/nix/store/2vwkssqpzykk37r996cafq7x63imf4sp-openjdk-21+35/bin/java  -classpath /nix/store/zw02np72fzsmga6s5mphhw7x8qlzf4sv-ycsb-0.17.0/share/conf:/nix/store/zw02np72fzsmga6s5mphhw7x8qlzf4sv-ycsb-0.17.0/share/lib/core-0.17.0.jar:/nix/store/zw02np72fzsmga6s5mphhw7x8qlzf4sv-ycsb-0.17.0/share/lib/HdrHistogram-2.1.4.jar:/nix/store/zw02np72fzsmga6s5mphhw7x8qlzf4sv-ycsb-0.17.0/share/lib/htrace-core4-4.1.0-incubating.jar:/nix/store/zw02np72fzsmga6s5mphhw7x8qlzf4sv-ycsb-0.17.0/share/lib/jackson-core-asl-1.9.4.jar:/nix/store/zw02np72fzsmga6s5mphhw7x8qlzf4sv-ycsb-0.17.0/share/lib/jackson-mapper-asl-1.9.4.jar:/nix/store/zw02np72fzsmga6s5mphhw7x8qlzf4sv-ycsb-0.17.0/share/redis-binding/lib/commons-pool2-2.4.2.jar:/nix/store/zw02np72fzsmga6s5mphhw7x8qlzf4sv-ycsb-0.17.0/share/redis-binding/lib/jedis-2.9.0.jar:/nix/store/zw02np72fzsmga6s5mphhw7x8qlzf4sv-ycsb-0.17.0/share/redis-binding/lib/redis-binding-0.17.0.jar site.ycsb.Client -t -db site.ycsb.db.RedisClient -s -P /home/host/vmuxIO/test/moonprogs//../../ycsb/share/workloads/workloada -p redis.host=10.1.0.2 -p redis.port=6379 -p operationcount=429496729 -p maxexecutiontime=61 -threads 1
Command line: -t -db site.ycsb.db.RedisClient -s -P /home/host/vmuxIO/test/moonprogs//../../ycsb/share/workloads/workloada -p redis.host=10.1.0.2 -p redis.port=6379 -p operationcount=429496729 -p maxexecutiontime=61 -threads 1
YCSB Client 0.17.0

Loading workload...
Starting test.
Maximum execution time specified as: 61 secs
DBWrapper: report latency for each error is false and specific error codes to track for latency are: []
2024-07-07 16:54:17:482 0 sec: 0 operations; est completion in 0 second 
2024-07-07 16:54:26:925 10 sec: 8703 operations; 869.78 current ops/sec; est completion in 5 days 17 hours [READ: Count=4432, Max=99583, Min=99, Avg=1013.12, 90=3249, 99=6207, 99.9=15455, 99.99=99583] [UPDATE: Count=4295, Max=86911, Min=101, Avg=1076.5, 90=3285, 99=6751, 99.9=15319, 99.99=86911] 
2024-07-07 16:54:36:913 20 sec: 23704 operations; 1501 current ops/sec; est completion in 4 days 4 hours [READ: Count=7419, Max=19663, Min=96, Avg=640.13, 90=1500, 99=6355, 99.9=12135, 99.99=14807] [UPDATE: Count=7558, Max=25791, Min=93, Avg=659.29, 90=1867, 99=6287, 99.9=12295, 99.99=21903] 
2024-07-07 16:54:46:913 30 sec: 40148 operations; 1644.4 current ops/sec; est completion in 3 days 17 hours [READ: Count=8225, Max=205311, Min=97, Avg=583.38, 90=710, 99=4263, 99.9=6223, 99.99=201215] [UPDATE: Count=8219, Max=201727, Min=96, Avg=622.63, 90=754, 99=4299, 99.9=6971, 99.99=199679] 
2024-07-07 16:54:56:913 40 sec: 56469 operations; 1631.94 current ops/sec; est completion in 3 days 12 hours [READ: Count=8147, Max=11863, Min=95, Avg=611.26, 90=1569, 99=3677, 99.9=6323, 99.99=10095] [UPDATE: Count=8174, Max=22367, Min=92, Avg=603.84, 90=1123, 99=3621, 99.9=6427, 99.99=13807] 
2024-07-07 16:55:06:913 50 sec: 79512 operations; 2304.53 current ops/sec; est completion in 3 days 3 hours [READ: Count=11699, Max=13783, Min=95, Avg=432.35, 90=454, 99=4183, 99.9=5923, 99.99=8207] [UPDATE: Count=11344, Max=9927, Min=93, Avg=429.95, 90=440, 99=4187, 99.9=6107, 99.99=8631] 
2024-07-07 16:55:16:913 60 sec: 95819 operations; 1630.7 current ops/sec; est completion in 3 days 2 hours [READ: Count=8096, Max=206591, Min=97, Avg=627.06, 90=592, 99=4299, 99.9=7467, 99.99=201215] [UPDATE: Count=8211, Max=204543, Min=93, Avg=594.46, 90=555, 99=4303, 99.9=7259, 99.99=203519] 
Maximum time elapsed. Requesting stop for the workload.
Stop requested for workload. Now Joining!
2024-07-07 16:55:17:941 61 sec: 97499 operations; 1634.24 current ops/sec; est completion in 3 days 2 hours [READ: Count=853, Max=13383, Min=98, Avg=588.61, 90=1150, 99=4023, 99.9=6339, 99.99=13383] [CLEANUP: Count=1, Max=1428, Min=1428, Avg=1428, 90=1428, 99=1428, 99.9=1428, 99.99=1428] [UPDATE: Count=827, Max=9303, Min=95, Avg=624.27, 90=2417, 99=4011, 99.9=6827, 99.99=9303] 
[OVERALL], RunTime(ms), 61032
[OVERALL], Throughput(ops/sec), 1597.5062262419715
[TOTAL_GCS_Copy], Count, 9
[TOTAL_GC_TIME_Copy], Time(ms), 40
[TOTAL_GC_TIME_%_Copy], Time(%), 0.06553938917289291
[TOTAL_GCS_MarkSweepCompact], Count, 0
[TOTAL_GC_TIME_MarkSweepCompact], Time(ms), 0
[TOTAL_GC_TIME_%_MarkSweepCompact], Time(%), 0.0
[TOTAL_GCs], Count, 9
[TOTAL_GC_TIME], Time(ms), 40
[TOTAL_GC_TIME_%], Time(%), 0.06553938917289291
[READ], Operations, 48871
[READ], AverageLatency(us), 606.7887704364551
[READ], MinLatency(us), 95
[READ], MaxLatency(us), 206591
[READ], 95thPercentileLatency(us), 3321
[READ], 99thPercentileLatency(us), 4439
[READ], Return=OK, 48871
[CLEANUP], Operations, 1
[CLEANUP], AverageLatency(us), 1428.0
[CLEANUP], MinLatency(us), 1428
[CLEANUP], MaxLatency(us), 1428
[CLEANUP], 95thPercentileLatency(us), 1428
[CLEANUP], 99thPercentileLatency(us), 1428
[UPDATE], Operations, 48628
[UPDATE], AverageLatency(us), 615.5788023361026
[UPDATE], MinLatency(us), 92
[UPDATE], MaxLatency(us), 204543
[UPDATE], 95thPercentileLatency(us), 3329
[UPDATE], 99thPercentileLatency(us), 4571
[UPDATE], Return=OK, 48628
AUTOTEST_DONE
