/nix/store/2vwkssqpzykk37r996cafq7x63imf4sp-openjdk-21+35/bin/java  -classpath /nix/store/zw02np72fzsmga6s5mphhw7x8qlzf4sv-ycsb-0.17.0/share/conf:/nix/store/zw02np72fzsmga6s5mphhw7x8qlzf4sv-ycsb-0.17.0/share/lib/core-0.17.0.jar:/nix/store/zw02np72fzsmga6s5mphhw7x8qlzf4sv-ycsb-0.17.0/share/lib/HdrHistogram-2.1.4.jar:/nix/store/zw02np72fzsmga6s5mphhw7x8qlzf4sv-ycsb-0.17.0/share/lib/htrace-core4-4.1.0-incubating.jar:/nix/store/zw02np72fzsmga6s5mphhw7x8qlzf4sv-ycsb-0.17.0/share/lib/jackson-core-asl-1.9.4.jar:/nix/store/zw02np72fzsmga6s5mphhw7x8qlzf4sv-ycsb-0.17.0/share/lib/jackson-mapper-asl-1.9.4.jar:/nix/store/zw02np72fzsmga6s5mphhw7x8qlzf4sv-ycsb-0.17.0/share/redis-binding/lib/commons-pool2-2.4.2.jar:/nix/store/zw02np72fzsmga6s5mphhw7x8qlzf4sv-ycsb-0.17.0/share/redis-binding/lib/jedis-2.9.0.jar:/nix/store/zw02np72fzsmga6s5mphhw7x8qlzf4sv-ycsb-0.17.0/share/redis-binding/lib/redis-binding-0.17.0.jar site.ycsb.Client -t -db site.ycsb.db.RedisClient -s -P /home/host/vmuxIO/test/moonprogs//../../ycsb/share/workloads/workloada -p redis.host=10.1.0.2 -p redis.port=6380 -p operationcount=429496729 -p maxexecutiontime=61 -threads 1
Command line: -t -db site.ycsb.db.RedisClient -s -P /home/host/vmuxIO/test/moonprogs//../../ycsb/share/workloads/workloada -p redis.host=10.1.0.2 -p redis.port=6380 -p operationcount=429496729 -p maxexecutiontime=61 -threads 1
YCSB Client 0.17.0

Loading workload...
Starting test.
Maximum execution time specified as: 61 secs
DBWrapper: report latency for each error is false and specific error codes to track for latency are: []
2025-04-18 12:09:00:598 0 sec: 0 operations; est completion in 0 second 
2025-04-18 12:09:10:443 10 sec: 84239 operations; 8423.9 current ops/sec; est completion in 14 hours 9 minutes [READ: Count=42120, Max=15935, Min=92, Avg=115, 90=124, 99=166, 99.9=651, 99.99=4731] [UPDATE: Count=42130, Max=22719, Min=86, Avg=113.1, 90=122, 99=173, 99.9=552, 99.99=3415] 
2025-04-18 12:09:20:443 20 sec: 174627 operations; 9038.8 current ops/sec; est completion in 13 hours 39 minutes [READ: Count=44780, Max=3003, Min=94, Avg=109.96, 90=119, 99=135, 99.9=218, 99.99=416] [UPDATE: Count=45597, Max=732, Min=86, Avg=107.88, 90=117, 99=134, 99.9=219, 99.99=383] 
2025-04-18 12:09:30:443 30 sec: 266000 operations; 9137.3 current ops/sec; est completion in 13 hours 26 minutes [READ: Count=45578, Max=4855, Min=84, Avg=109.1, 90=118, 99=140, 99.9=223, 99.99=405] [UPDATE: Count=45795, Max=902, Min=82, Avg=106.89, 90=116, 99=140, 99.9=218, 99.99=383] 
2025-04-18 12:09:40:443 40 sec: 356515 operations; 9051.5 current ops/sec; est completion in 13 hours 22 minutes [READ: Count=45649, Max=7795, Min=95, Avg=110.16, 90=119, 99=136, 99.9=220, 99.99=388] [UPDATE: Count=44866, Max=4063, Min=88, Avg=107.93, 90=116, 99=135, 99.9=219, 99.99=328] 
2025-04-18 12:09:50:443 50 sec: 446899 operations; 9038.4 current ops/sec; est completion in 13 hours 20 minutes [READ: Count=45051, Max=750, Min=94, Avg=110.3, 90=120, 99=135, 99.9=218, 99.99=327] [UPDATE: Count=45333, Max=9223, Min=88, Avg=108.16, 90=118, 99=133, 99.9=214, 99.99=285] 
2025-04-18 12:10:00:443 60 sec: 537486 operations; 9058.7 current ops/sec; est completion in 13 hours 18 minutes [READ: Count=45467, Max=2775, Min=84, Avg=110.09, 90=120, 99=141, 99.9=223, 99.99=478] [UPDATE: Count=45120, Max=828, Min=85, Avg=107.8, 90=117, 99=142, 99.9=219, 99.99=320] 
Maximum time elapsed. Requesting stop for the workload.
Stop requested for workload. Now Joining!
2025-04-18 12:10:01:457 61 sec: 546568 operations; 8956.61 current ops/sec; est completion in 13 hours 18 minutes [READ: Count=4455, Max=2407, Min=89, Avg=111.4, 90=120, 99=208, 99.9=338, 99.99=2407] [CLEANUP: Count=1, Max=848, Min=848, Avg=848, 90=848, 99=848, 99.9=848, 99.99=848] [UPDATE: Count=4627, Max=1248, Min=88, Avg=108.67, 90=118, 99=211, 99.9=283, 99.99=1248] 
[OVERALL], RunTime(ms), 61018
[OVERALL], Throughput(ops/sec), 8957.487954374119
[TOTAL_GCS_Copy], Count, 50
[TOTAL_GC_TIME_Copy], Time(ms), 17
[TOTAL_GC_TIME_%_Copy], Time(%), 0.0278606312891278
[TOTAL_GCS_MarkSweepCompact], Count, 0
[TOTAL_GC_TIME_MarkSweepCompact], Time(ms), 0
[TOTAL_GC_TIME_%_MarkSweepCompact], Time(%), 0.0
[TOTAL_GCs], Count, 50
[TOTAL_GC_TIME], Time(ms), 17
[TOTAL_GC_TIME_%], Time(%), 0.0278606312891278
[READ], Operations, 273100
[READ], AverageLatency(us), 110.72921274258513
[READ], MinLatency(us), 84
[READ], MaxLatency(us), 15935
[READ], 95thPercentileLatency(us), 126
[READ], 99thPercentileLatency(us), 142
[READ], Return=OK, 273100
[CLEANUP], Operations, 1
[CLEANUP], AverageLatency(us), 848.0
[CLEANUP], MinLatency(us), 848
[CLEANUP], MaxLatency(us), 848
[CLEANUP], 95thPercentileLatency(us), 848
[CLEANUP], 99thPercentileLatency(us), 848
[UPDATE], Operations, 273468
[UPDATE], AverageLatency(us), 108.57365029912093
[UPDATE], MinLatency(us), 82
[UPDATE], MaxLatency(us), 22719
[UPDATE], 95thPercentileLatency(us), 124
[UPDATE], 99thPercentileLatency(us), 144
[UPDATE], Return=OK, 273468
AUTOTEST_DONE
