/nix/store/2vwkssqpzykk37r996cafq7x63imf4sp-openjdk-21+35/bin/java  -classpath /nix/store/zw02np72fzsmga6s5mphhw7x8qlzf4sv-ycsb-0.17.0/share/conf:/nix/store/zw02np72fzsmga6s5mphhw7x8qlzf4sv-ycsb-0.17.0/share/lib/core-0.17.0.jar:/nix/store/zw02np72fzsmga6s5mphhw7x8qlzf4sv-ycsb-0.17.0/share/lib/HdrHistogram-2.1.4.jar:/nix/store/zw02np72fzsmga6s5mphhw7x8qlzf4sv-ycsb-0.17.0/share/lib/htrace-core4-4.1.0-incubating.jar:/nix/store/zw02np72fzsmga6s5mphhw7x8qlzf4sv-ycsb-0.17.0/share/lib/jackson-core-asl-1.9.4.jar:/nix/store/zw02np72fzsmga6s5mphhw7x8qlzf4sv-ycsb-0.17.0/share/lib/jackson-mapper-asl-1.9.4.jar:/nix/store/zw02np72fzsmga6s5mphhw7x8qlzf4sv-ycsb-0.17.0/share/redis-binding/lib/commons-pool2-2.4.2.jar:/nix/store/zw02np72fzsmga6s5mphhw7x8qlzf4sv-ycsb-0.17.0/share/redis-binding/lib/jedis-2.9.0.jar:/nix/store/zw02np72fzsmga6s5mphhw7x8qlzf4sv-ycsb-0.17.0/share/redis-binding/lib/redis-binding-0.17.0.jar site.ycsb.Client -t -db site.ycsb.db.RedisClient -s -P /home/host/vmuxIO/test/moonprogs//../../ycsb/share/workloads/workloada -p redis.host=10.1.0.2 -p redis.port=6385 -p operationcount=429496729 -p maxexecutiontime=61 -threads 1
Command line: -t -db site.ycsb.db.RedisClient -s -P /home/host/vmuxIO/test/moonprogs//../../ycsb/share/workloads/workloada -p redis.host=10.1.0.2 -p redis.port=6385 -p operationcount=429496729 -p maxexecutiontime=61 -threads 1
YCSB Client 0.17.0

Loading workload...
Starting test.
Maximum execution time specified as: 61 secs
DBWrapper: report latency for each error is false and specific error codes to track for latency are: []
2025-04-18 12:09:00:111 0 sec: 0 operations; est completion in 0 second 
2025-04-18 12:09:09:968 10 sec: 83761 operations; 8376.1 current ops/sec; est completion in 14 hours 14 minutes [READ: Count=41806, Max=13679, Min=92, Avg=114.77, 90=126, 99=166, 99.9=628, 99.99=4319] [UPDATE: Count=41963, Max=27327, Min=89, Avg=114.44, 90=124, 99=165, 99.9=892, 99.99=7191] 
2025-04-18 12:09:19:968 20 sec: 175350 operations; 9158.9 current ops/sec; est completion in 13 hours 36 minutes [READ: Count=46138, Max=6827, Min=90, Avg=108.89, 90=121, 99=138, 99.9=182, 99.99=496] [UPDATE: Count=45443, Max=784, Min=89, Avg=106.19, 90=118, 99=134, 99.9=175, 99.99=454] 
2025-04-18 12:09:29:968 30 sec: 268362 operations; 9301.2 current ops/sec; est completion in 13 hours 19 minutes [READ: Count=46564, Max=5127, Min=85, Avg=107.29, 90=117, 99=140, 99.9=188, 99.99=434] [UPDATE: Count=46448, Max=436, Min=80, Avg=104.85, 90=115, 99=138, 99.9=188, 99.99=313] 
2025-04-18 12:09:39:968 40 sec: 362754 operations; 9439.2 current ops/sec; est completion in 13 hours 8 minutes [READ: Count=47334, Max=3695, Min=94, Avg=105.74, 90=113, 99=129, 99.9=158, 99.99=326] [UPDATE: Count=47058, Max=390, Min=86, Avg=103.36, 90=111, 99=126, 99.9=160, 99.99=313] 
2025-04-18 12:09:49:968 50 sec: 455353 operations; 9259.9 current ops/sec; est completion in 13 hours 5 minutes [READ: Count=46383, Max=5723, Min=94, Avg=107.85, 90=120, 99=142, 99.9=173, 99.99=354] [UPDATE: Count=46216, Max=3557, Min=90, Avg=105.36, 90=117, 99=139, 99.9=167, 99.99=313] 
2025-04-18 12:09:59:968 60 sec: 546659 operations; 9130.6 current ops/sec; est completion in 13 hours 4 minutes [READ: Count=45670, Max=1151, Min=81, Avg=109.13, 90=124, 99=151, 99.9=215, 99.99=343] [UPDATE: Count=45636, Max=7447, Min=82, Avg=107.08, 90=122, 99=149, 99.9=226, 99.99=330] 
Maximum time elapsed. Requesting stop for the workload.
Stop requested for workload. Now Joining!
2025-04-18 12:10:00:978 61 sec: 555985 operations; 9233.66 current ops/sec; est completion in 13 hours 4 minutes [READ: Count=4784, Max=3225, Min=87, Avg=107.97, 90=116, 99=133, 99.9=293, 99.99=3225] [CLEANUP: Count=1, Max=901, Min=901, Avg=901, 90=901, 99=901, 99.9=901, 99.99=901] [UPDATE: Count=4542, Max=1304, Min=84, Avg=105.39, 90=113, 99=133, 99.9=301, 99.99=1304] 
[OVERALL], RunTime(ms), 61014
[OVERALL], Throughput(ops/sec), 9112.416822368637
[TOTAL_GCS_Copy], Count, 51
[TOTAL_GC_TIME_Copy], Time(ms), 21
[TOTAL_GC_TIME_%_Copy], Time(%), 0.034418330219293934
[TOTAL_GCS_MarkSweepCompact], Count, 0
[TOTAL_GC_TIME_MarkSweepCompact], Time(ms), 0
[TOTAL_GC_TIME_%_MarkSweepCompact], Time(%), 0.0
[TOTAL_GCs], Count, 51
[TOTAL_GC_TIME], Time(ms), 21
[TOTAL_GC_TIME_%], Time(%), 0.034418330219293934
[READ], Operations, 278679
[READ], AverageLatency(us), 108.82042062731674
[READ], MinLatency(us), 81
[READ], MaxLatency(us), 13679
[READ], 95thPercentileLatency(us), 127
[READ], 99thPercentileLatency(us), 146
[READ], Return=OK, 278679
[CLEANUP], Operations, 1
[CLEANUP], AverageLatency(us), 901.0
[CLEANUP], MinLatency(us), 901
[CLEANUP], MaxLatency(us), 901
[CLEANUP], 95thPercentileLatency(us), 901
[CLEANUP], 99thPercentileLatency(us), 901
[UPDATE], Operations, 277306
[UPDATE], AverageLatency(us), 106.72746713017389
[UPDATE], MinLatency(us), 80
[UPDATE], MaxLatency(us), 27327
[UPDATE], 95thPercentileLatency(us), 124
[UPDATE], 99thPercentileLatency(us), 143
[UPDATE], Return=OK, 277306
AUTOTEST_DONE
