/nix/store/2vwkssqpzykk37r996cafq7x63imf4sp-openjdk-21+35/bin/java  -classpath /nix/store/zw02np72fzsmga6s5mphhw7x8qlzf4sv-ycsb-0.17.0/share/conf:/nix/store/zw02np72fzsmga6s5mphhw7x8qlzf4sv-ycsb-0.17.0/share/lib/core-0.17.0.jar:/nix/store/zw02np72fzsmga6s5mphhw7x8qlzf4sv-ycsb-0.17.0/share/lib/HdrHistogram-2.1.4.jar:/nix/store/zw02np72fzsmga6s5mphhw7x8qlzf4sv-ycsb-0.17.0/share/lib/htrace-core4-4.1.0-incubating.jar:/nix/store/zw02np72fzsmga6s5mphhw7x8qlzf4sv-ycsb-0.17.0/share/lib/jackson-core-asl-1.9.4.jar:/nix/store/zw02np72fzsmga6s5mphhw7x8qlzf4sv-ycsb-0.17.0/share/lib/jackson-mapper-asl-1.9.4.jar:/nix/store/zw02np72fzsmga6s5mphhw7x8qlzf4sv-ycsb-0.17.0/share/redis-binding/lib/commons-pool2-2.4.2.jar:/nix/store/zw02np72fzsmga6s5mphhw7x8qlzf4sv-ycsb-0.17.0/share/redis-binding/lib/jedis-2.9.0.jar:/nix/store/zw02np72fzsmga6s5mphhw7x8qlzf4sv-ycsb-0.17.0/share/redis-binding/lib/redis-binding-0.17.0.jar site.ycsb.Client -t -db site.ycsb.db.RedisClient -s -P /home/host/vmuxIO/test/moonprogs//../../ycsb/share/workloads/workloada -p redis.host=10.1.0.2 -p redis.port=6379 -p operationcount=429496729 -p maxexecutiontime=61 -threads 1
Command line: -t -db site.ycsb.db.RedisClient -s -P /home/host/vmuxIO/test/moonprogs//../../ycsb/share/workloads/workloada -p redis.host=10.1.0.2 -p redis.port=6379 -p operationcount=429496729 -p maxexecutiontime=61 -threads 1
YCSB Client 0.17.0

Loading workload...
Starting test.
Maximum execution time specified as: 61 secs
DBWrapper: report latency for each error is false and specific error codes to track for latency are: []
2025-04-18 12:30:42:929 0 sec: 0 operations; est completion in 0 second 
2025-04-18 12:30:52:777 10 sec: 17062 operations; 1706.03 current ops/sec; est completion in 2 days 21 hours [READ: Count=8362, Max=45247, Min=382, Avg=568.13, 90=625, 99=3795, 99.9=4567, 99.99=14439] [UPDATE: Count=8716, Max=12543, Min=388, Avg=569.57, 90=632, 99=3871, 99.9=4907, 99.99=7019] 
2025-04-18 12:31:02:779 20 sec: 36455 operations; 1939.11 current ops/sec; est completion in 2 days 17 hours [READ: Count=9753, Max=6855, Min=284, Avg=511.81, 90=604, 99=868, 99.9=4403, 99.99=4847] [UPDATE: Count=9625, Max=14959, Min=281, Avg=511.13, 90=602, 99=844, 99.9=4399, 99.99=4755] 
2025-04-18 12:31:12:777 30 sec: 55456 operations; 1900.29 current ops/sec; est completion in 2 days 16 hours [READ: Count=9547, Max=4783, Min=365, Avg=522.44, 90=635, 99=780, 99.9=4075, 99.99=4579] [UPDATE: Count=9453, Max=4511, Min=365, Avg=519.96, 90=633, 99=769, 99.9=4011, 99.99=4507] 
2025-04-18 12:31:22:777 40 sec: 77077 operations; 2162.1 current ops/sec; est completion in 2 days 13 hours [READ: Count=10831, Max=3135, Min=280, Avg=460.55, 90=557, 99=649, 99.9=751, 99.99=3015] [UPDATE: Count=10790, Max=5963, Min=271, Avg=458.83, 90=556, 99=647, 99.9=745, 99.99=4283] 
2025-04-18 12:31:32:777 50 sec: 98269 operations; 2119.2 current ops/sec; est completion in 2 days 12 hours [READ: Count=10662, Max=5851, Min=337, Avg=470.39, 90=551, 99=640, 99.9=709, 99.99=3195] [UPDATE: Count=10530, Max=3001, Min=318, Avg=469.17, 90=549, 99=645, 99.9=730, 99.99=2931] 
2025-04-18 12:31:42:777 60 sec: 116441 operations; 1817.2 current ops/sec; est completion in 2 days 13 hours [READ: Count=9159, Max=3907, Min=384, Avg=547.55, 90=666, 99=800, 99.9=1160, 99.99=3801] [UPDATE: Count=9013, Max=4323, Min=379, Avg=546.67, 90=667, 99=821, 99.9=1146, 99.99=3783] 
Maximum time elapsed. Requesting stop for the workload.
Stop requested for workload. Now Joining!
2025-04-18 12:31:43:791 61 sec: 118419 operations; 1950.69 current ops/sec; est completion in 2 days 13 hours [READ: Count=1001, Max=817, Min=396, Avg=507.36, 90=620, 99=663, 99.9=713, 99.99=817] [CLEANUP: Count=1, Max=1177, Min=1177, Avg=1177, 90=1177, 99=1177, 99.9=1177, 99.99=1177] [UPDATE: Count=977, Max=7287, Min=373, Avg=511.75, 90=618, 99=682, 99.9=818, 99.99=7287] 
[OVERALL], RunTime(ms), 61018
[OVERALL], Throughput(ops/sec), 1940.7224097807205
[TOTAL_GCS_Copy], Count, 11
[TOTAL_GC_TIME_Copy], Time(ms), 14
[TOTAL_GC_TIME_%_Copy], Time(%), 0.022944049296928774
[TOTAL_GCS_MarkSweepCompact], Count, 0
[TOTAL_GC_TIME_MarkSweepCompact], Time(ms), 0
[TOTAL_GC_TIME_%_MarkSweepCompact], Time(%), 0.0
[TOTAL_GCs], Count, 11
[TOTAL_GC_TIME], Time(ms), 14
[TOTAL_GC_TIME_%], Time(%), 0.022944049296928774
[READ], Operations, 59315
[READ], AverageLatency(us), 510.1000252887128
[READ], MinLatency(us), 280
[READ], MaxLatency(us), 45247
[READ], 95thPercentileLatency(us), 653
[READ], 99thPercentileLatency(us), 779
[READ], Return=OK, 59315
[CLEANUP], Operations, 1
[CLEANUP], AverageLatency(us), 1177.0
[CLEANUP], MinLatency(us), 1177
[CLEANUP], MaxLatency(us), 1177
[CLEANUP], 95thPercentileLatency(us), 1177
[CLEANUP], 99thPercentileLatency(us), 1177
[UPDATE], Operations, 59104
[UPDATE], AverageLatency(us), 509.56573159177043
[UPDATE], MinLatency(us), 271
[UPDATE], MaxLatency(us), 14959
[UPDATE], 95thPercentileLatency(us), 655
[UPDATE], 99thPercentileLatency(us), 798
[UPDATE], Return=OK, 59104
AUTOTEST_DONE
