/nix/store/2vwkssqpzykk37r996cafq7x63imf4sp-openjdk-21+35/bin/java  -classpath /nix/store/zw02np72fzsmga6s5mphhw7x8qlzf4sv-ycsb-0.17.0/share/conf:/nix/store/zw02np72fzsmga6s5mphhw7x8qlzf4sv-ycsb-0.17.0/share/lib/core-0.17.0.jar:/nix/store/zw02np72fzsmga6s5mphhw7x8qlzf4sv-ycsb-0.17.0/share/lib/HdrHistogram-2.1.4.jar:/nix/store/zw02np72fzsmga6s5mphhw7x8qlzf4sv-ycsb-0.17.0/share/lib/htrace-core4-4.1.0-incubating.jar:/nix/store/zw02np72fzsmga6s5mphhw7x8qlzf4sv-ycsb-0.17.0/share/lib/jackson-core-asl-1.9.4.jar:/nix/store/zw02np72fzsmga6s5mphhw7x8qlzf4sv-ycsb-0.17.0/share/lib/jackson-mapper-asl-1.9.4.jar:/nix/store/zw02np72fzsmga6s5mphhw7x8qlzf4sv-ycsb-0.17.0/share/redis-binding/lib/commons-pool2-2.4.2.jar:/nix/store/zw02np72fzsmga6s5mphhw7x8qlzf4sv-ycsb-0.17.0/share/redis-binding/lib/jedis-2.9.0.jar:/nix/store/zw02np72fzsmga6s5mphhw7x8qlzf4sv-ycsb-0.17.0/share/redis-binding/lib/redis-binding-0.17.0.jar site.ycsb.Client -t -db site.ycsb.db.RedisClient -s -P /home/host/vmuxIO/test/moonprogs//../../ycsb/share/workloads/workloada -p redis.host=10.1.0.2 -p redis.port=6384 -p operationcount=429496729 -p maxexecutiontime=61 -threads 1
Command line: -t -db site.ycsb.db.RedisClient -s -P /home/host/vmuxIO/test/moonprogs//../../ycsb/share/workloads/workloada -p redis.host=10.1.0.2 -p redis.port=6384 -p operationcount=429496729 -p maxexecutiontime=61 -threads 1
YCSB Client 0.17.0

Loading workload...
Starting test.
Maximum execution time specified as: 61 secs
DBWrapper: report latency for each error is false and specific error codes to track for latency are: []
2024-10-15 13:12:30:042 0 sec: 0 operations; est completion in 0 second 
2024-10-15 13:12:39:873 10 sec: 65738 operations; 6573.8 current ops/sec; est completion in 18 hours 8 minutes [READ: Count=32812, Max=51167, Min=93, Avg=146.93, 90=177, 99=258, 99.9=1048, 99.99=3675] [UPDATE: Count=32938, Max=12919, Min=86, Avg=145.41, 90=177, 99=262, 99.9=1270, 99.99=5363] 
2024-10-15 13:12:49:873 20 sec: 140607 operations; 7486.9 current ops/sec; est completion in 16 hours 57 minutes [READ: Count=37484, Max=2983, Min=91, Avg=132.91, 90=160, 99=214, 99.9=330, 99.99=1091] [UPDATE: Count=37373, Max=2020, Min=87, Avg=130.26, 90=158, 99=213, 99.9=336, 99.99=1007] 
2024-10-15 13:12:59:873 30 sec: 216863 operations; 7625.6 current ops/sec; est completion in 16 hours 29 minutes [READ: Count=38203, Max=1815, Min=88, Avg=130.59, 90=156, 99=214, 99.9=306, 99.99=712] [UPDATE: Count=38053, Max=8463, Min=88, Avg=128.61, 90=154, 99=215, 99.9=318, 99.99=616] 
2024-10-15 13:13:09:873 40 sec: 292831 operations; 7596.8 current ops/sec; est completion in 16 hours 17 minutes [READ: Count=38183, Max=6487, Min=87, Avg=131.37, 90=156, 99=197, 99.9=284, 99.99=400] [UPDATE: Count=37785, Max=2879, Min=83, Avg=128.57, 90=153, 99=196, 99.9=275, 99.99=482] 
2024-10-15 13:13:19:873 50 sec: 366839 operations; 7400.8 current ops/sec; est completion in 16 hours 14 minutes [READ: Count=37043, Max=702, Min=89, Avg=134.86, 90=162, 99=217, 99.9=268, 99.99=413] [UPDATE: Count=36965, Max=3149, Min=87, Avg=132.23, 90=160, 99=211, 99.9=275, 99.99=440] 
2024-10-15 13:13:29:873 60 sec: 441935 operations; 7509.6 current ops/sec; est completion in 16 hours 10 minutes [READ: Count=37575, Max=1346, Min=88, Avg=132.97, 90=158, 99=200, 99.9=270, 99.99=421] [UPDATE: Count=37521, Max=2921, Min=86, Avg=130.09, 90=156, 99=195, 99.9=273, 99.99=398] 
Maximum time elapsed. Requesting stop for the workload.
Stop requested for workload. Now Joining!
2024-10-15 13:13:30:878 61 sec: 450759 operations; 8788.84 current ops/sec; est completion in 16 hours 7 minutes [READ: Count=4336, Max=490, Min=88, Avg=113.23, 90=131, 99=150, 99.9=196, 99.99=490] [CLEANUP: Count=1, Max=821, Min=821, Avg=821, 90=821, 99=821, 99.9=821, 99.99=821] [UPDATE: Count=4488, Max=2687, Min=86, Avg=111.11, 90=128, 99=146, 99.9=200, 99.99=2687] 
[OVERALL], RunTime(ms), 61008
[OVERALL], Throughput(ops/sec), 7388.52281667978
[TOTAL_GCS_Copy], Count, 42
[TOTAL_GC_TIME_Copy], Time(ms), 26
[TOTAL_GC_TIME_%_Copy], Time(%), 0.04261736165748754
[TOTAL_GCS_MarkSweepCompact], Count, 0
[TOTAL_GC_TIME_MarkSweepCompact], Time(ms), 0
[TOTAL_GC_TIME_%_MarkSweepCompact], Time(%), 0.0
[TOTAL_GCs], Count, 42
[TOTAL_GC_TIME], Time(ms), 26
[TOTAL_GC_TIME_%], Time(%), 0.04261736165748754
[READ], Operations, 225636
[READ], AverageLatency(us), 134.24701731993122
[READ], MinLatency(us), 87
[READ], MaxLatency(us), 51167
[READ], 95thPercentileLatency(us), 180
[READ], 99thPercentileLatency(us), 217
[READ], Return=OK, 225636
[CLEANUP], Operations, 1
[CLEANUP], AverageLatency(us), 821.0
[CLEANUP], MinLatency(us), 821
[CLEANUP], MaxLatency(us), 821
[CLEANUP], 95thPercentileLatency(us), 821
[CLEANUP], 99thPercentileLatency(us), 821
[UPDATE], Operations, 225123
[UPDATE], AverageLatency(us), 131.82974640529844
[UPDATE], MinLatency(us), 83
[UPDATE], MaxLatency(us), 12919
[UPDATE], 95thPercentileLatency(us), 178
[UPDATE], 99thPercentileLatency(us), 220
[UPDATE], Return=OK, 225123
AUTOTEST_DONE
