/nix/store/2vwkssqpzykk37r996cafq7x63imf4sp-openjdk-21+35/bin/java  -classpath /nix/store/zw02np72fzsmga6s5mphhw7x8qlzf4sv-ycsb-0.17.0/share/conf:/nix/store/zw02np72fzsmga6s5mphhw7x8qlzf4sv-ycsb-0.17.0/share/lib/core-0.17.0.jar:/nix/store/zw02np72fzsmga6s5mphhw7x8qlzf4sv-ycsb-0.17.0/share/lib/HdrHistogram-2.1.4.jar:/nix/store/zw02np72fzsmga6s5mphhw7x8qlzf4sv-ycsb-0.17.0/share/lib/htrace-core4-4.1.0-incubating.jar:/nix/store/zw02np72fzsmga6s5mphhw7x8qlzf4sv-ycsb-0.17.0/share/lib/jackson-core-asl-1.9.4.jar:/nix/store/zw02np72fzsmga6s5mphhw7x8qlzf4sv-ycsb-0.17.0/share/lib/jackson-mapper-asl-1.9.4.jar:/nix/store/zw02np72fzsmga6s5mphhw7x8qlzf4sv-ycsb-0.17.0/share/redis-binding/lib/commons-pool2-2.4.2.jar:/nix/store/zw02np72fzsmga6s5mphhw7x8qlzf4sv-ycsb-0.17.0/share/redis-binding/lib/jedis-2.9.0.jar:/nix/store/zw02np72fzsmga6s5mphhw7x8qlzf4sv-ycsb-0.17.0/share/redis-binding/lib/redis-binding-0.17.0.jar site.ycsb.Client -t -db site.ycsb.db.RedisClient -s -P /home/host/vmuxIO/test/moonprogs//../../ycsb/share/workloads/workloada -p redis.host=10.1.0.2 -p redis.port=6383 -p operationcount=429496729 -p maxexecutiontime=61 -threads 1
Command line: -t -db site.ycsb.db.RedisClient -s -P /home/host/vmuxIO/test/moonprogs//../../ycsb/share/workloads/workloada -p redis.host=10.1.0.2 -p redis.port=6383 -p operationcount=429496729 -p maxexecutiontime=61 -threads 1
YCSB Client 0.17.0

Loading workload...
 (might take a few minutes for large data sets)
Starting test.
Maximum execution time specified as: 61 secs
DBWrapper: report latency for each error is false and specific error codes to track for latency are: []
2025-01-14 22:41:08:982 0 sec: 0 operations; est completion in 0 second 
2025-01-14 22:41:16:737 10 sec: 751 operations; 75.08 current ops/sec; est completion in 66 days 5 hours [READ: Count=362, Max=568319, Min=73, Avg=11031.22, 90=24863, 99=55103, 99.9=568319, 99.99=568319] [UPDATE: Count=395, Max=72703, Min=75, Avg=9233.39, 90=28911, 99=52255, 99.9=72703, 99.99=72703] 
2025-01-14 22:41:26:735 20 sec: 2732 operations; 198.12 current ops/sec; est completion in 36 days 9 hours [READ: Count=997, Max=73599, Min=64, Avg=5031, 90=19167, 99=36191, 99.9=70655, 99.99=73599] [UPDATE: Count=978, Max=68351, Min=59, Avg=4785.16, 90=19087, 99=34303, 99.9=67647, 99.99=68351] 
2025-01-14 22:41:36:733 30 sec: 5252 operations; 252.05 current ops/sec; est completion in 28 days 9 hours [READ: Count=1233, Max=94143, Min=57, Avg=3843.43, 90=15039, 99=33279, 99.9=79487, 99.99=94143] [UPDATE: Count=1287, Max=71103, Min=56, Avg=4029.54, 90=15927, 99=36287, 99.9=67071, 99.99=71103] 
2025-01-14 22:41:46:733 40 sec: 6492 operations; 124 current ops/sec; est completion in 30 days 15 hours [READ: Count=593, Max=95615, Min=57, Avg=8197.03, 90=24991, 99=51327, 99.9=87359, 99.99=95615] [UPDATE: Count=647, Max=69695, Min=51, Avg=7899.51, 90=22079, 99=51999, 99.9=63967, 99.99=69695] 
2025-01-14 22:41:56:733 50 sec: 10648 operations; 415.6 current ops/sec; est completion in 23 days 8 hours [READ: Count=2050, Max=42943, Min=50, Avg=2221.69, 90=11031, 99=25967, 99.9=41855, 99.99=42943] [UPDATE: Count=2106, Max=42943, Min=48, Avg=2540.76, 90=12015, 99=28735, 99.9=40287, 99.99=42943] 
2025-01-14 22:42:06:746 60 sec: 15712 operations; 505.79 current ops/sec; est completion in 18 days 23 hours [READ: Count=2542, Max=42751, Min=49, Avg=1981.97, 90=11143, 99=22063, 99.9=35007, 99.99=42751] [UPDATE: Count=2522, Max=44351, Min=47, Avg=1952.03, 90=10855, 99=24095, 99.9=36191, 99.99=44351] 
Maximum time elapsed. Requesting stop for the workload.
Stop requested for workload. Now Joining!
2025-01-14 22:42:07:808 61 sec: 16393 operations; 640.64 current ops/sec; est completion in 18 days 12 hours [READ: Count=331, Max=36351, Min=50, Avg=1720.73, 90=5971, 99=27999, 99.9=36351, 99.99=36351] [CLEANUP: Count=1, Max=935, Min=935, Avg=935, 90=935, 99=935, 99.9=935, 99.99=935] [UPDATE: Count=350, Max=30063, Min=46, Avg=1434.26, 90=5407, 99=19023, 99.9=30063, 99.99=30063] 
[OVERALL], RunTime(ms), 61096
[OVERALL], Throughput(ops/sec), 268.31543799921434
[TOTAL_GCS_Copy], Count, 2
[TOTAL_GC_TIME_Copy], Time(ms), 59
[TOTAL_GC_TIME_%_Copy], Time(%), 0.09656933350792196
[TOTAL_GCS_MarkSweepCompact], Count, 0
[TOTAL_GC_TIME_MarkSweepCompact], Time(ms), 0
[TOTAL_GC_TIME_%_MarkSweepCompact], Time(%), 0.0
[TOTAL_GCs], Count, 2
[TOTAL_GC_TIME], Time(ms), 59
[TOTAL_GC_TIME_%], Time(%), 0.09656933350792196
[READ], Operations, 8108
[READ], AverageLatency(us), 3548.497533300444
[READ], MinLatency(us), 49
[READ], MaxLatency(us), 568319
[READ], 95thPercentileLatency(us), 19983
[READ], 99thPercentileLatency(us), 34239
[READ], Return=OK, 8108
[CLEANUP], Operations, 1
[CLEANUP], AverageLatency(us), 935.0
[CLEANUP], MinLatency(us), 935
[CLEANUP], MaxLatency(us), 935
[CLEANUP], 95thPercentileLatency(us), 935
[CLEANUP], 99thPercentileLatency(us), 935
[UPDATE], Operations, 8285
[UPDATE], AverageLatency(us), 3548.5732045866025
[UPDATE], MinLatency(us), 46
[UPDATE], MaxLatency(us), 72703
[UPDATE], 95thPercentileLatency(us), 20079
[UPDATE], 99thPercentileLatency(us), 34719
[UPDATE], Return=OK, 8285
AUTOTEST_DONE
