/nix/store/2vwkssqpzykk37r996cafq7x63imf4sp-openjdk-21+35/bin/java  -classpath /nix/store/zw02np72fzsmga6s5mphhw7x8qlzf4sv-ycsb-0.17.0/share/conf:/nix/store/zw02np72fzsmga6s5mphhw7x8qlzf4sv-ycsb-0.17.0/share/lib/core-0.17.0.jar:/nix/store/zw02np72fzsmga6s5mphhw7x8qlzf4sv-ycsb-0.17.0/share/lib/HdrHistogram-2.1.4.jar:/nix/store/zw02np72fzsmga6s5mphhw7x8qlzf4sv-ycsb-0.17.0/share/lib/htrace-core4-4.1.0-incubating.jar:/nix/store/zw02np72fzsmga6s5mphhw7x8qlzf4sv-ycsb-0.17.0/share/lib/jackson-core-asl-1.9.4.jar:/nix/store/zw02np72fzsmga6s5mphhw7x8qlzf4sv-ycsb-0.17.0/share/lib/jackson-mapper-asl-1.9.4.jar:/nix/store/zw02np72fzsmga6s5mphhw7x8qlzf4sv-ycsb-0.17.0/share/redis-binding/lib/commons-pool2-2.4.2.jar:/nix/store/zw02np72fzsmga6s5mphhw7x8qlzf4sv-ycsb-0.17.0/share/redis-binding/lib/jedis-2.9.0.jar:/nix/store/zw02np72fzsmga6s5mphhw7x8qlzf4sv-ycsb-0.17.0/share/redis-binding/lib/redis-binding-0.17.0.jar site.ycsb.Client -t -db site.ycsb.db.RedisClient -s -P /home/host/vmuxIO/test/moonprogs//../../ycsb/share/workloads/workloada -p redis.host=10.1.0.2 -p redis.port=6387 -p operationcount=429496729 -p maxexecutiontime=61 -threads 1
Command line: -t -db site.ycsb.db.RedisClient -s -P /home/host/vmuxIO/test/moonprogs//../../ycsb/share/workloads/workloada -p redis.host=10.1.0.2 -p redis.port=6387 -p operationcount=429496729 -p maxexecutiontime=61 -threads 1
YCSB Client 0.17.0

Loading workload...
Starting test.
Maximum execution time specified as: 61 secs
DBWrapper: report latency for each error is false and specific error codes to track for latency are: []
2025-04-18 13:42:28:621 0 sec: 0 operations; est completion in 0 second 
2025-04-18 13:42:38:450 10 sec: 92659 operations; 9265.9 current ops/sec; est completion in 12 hours 52 minutes [READ: Count=46251, Max=51519, Min=60, Avg=103.3, 90=133, 99=262, 99.9=771, 99.99=3333] [UPDATE: Count=46455, Max=16375, Min=59, Avg=102.95, 90=130, 99=272, 99.9=1121, 99.99=4111] 
2025-04-18 13:42:48:450 20 sec: 186506 operations; 9384.7 current ops/sec; est completion in 12 hours 47 minutes [READ: Count=47057, Max=3903, Min=59, Avg=106.33, 90=137, 99=274, 99.9=387, 99.99=1630] [UPDATE: Count=46743, Max=3057, Min=58, Avg=103.23, 90=133, 99=273, 99.9=374, 99.99=1682] 
2025-04-18 13:42:58:450 30 sec: 285768 operations; 9926.2 current ops/sec; est completion in 12 hours 30 minutes [READ: Count=49586, Max=3449, Min=60, Avg=100.66, 90=133, 99=188, 99.9=353, 99.99=1714] [UPDATE: Count=49676, Max=18351, Min=57, Avg=98.09, 90=129, 99=189, 99.9=312, 99.99=1674] 
2025-04-18 13:43:08:452 40 sec: 386486 operations; 10069.79 current ops/sec; est completion in 12 hours 20 minutes [READ: Count=50468, Max=2425, Min=59, Avg=99.12, 90=133, 99=270, 99.9=411, 99.99=752] [UPDATE: Count=50250, Max=3639, Min=56, Avg=96.68, 90=129, 99=273, 99.9=398, 99.99=1563] 
2025-04-18 13:43:18:450 50 sec: 480824 operations; 9435.69 current ops/sec; est completion in 12 hours 23 minutes [READ: Count=47017, Max=11911, Min=60, Avg=105.63, 90=136, 99=256, 99.9=408, 99.99=1448] [UPDATE: Count=47321, Max=4555, Min=58, Avg=103.29, 90=132, 99=264, 99.9=462, 99.99=1557] 
2025-04-18 13:43:28:450 60 sec: 582486 operations; 10166.2 current ops/sec; est completion in 12 hours 16 minutes [READ: Count=50826, Max=1026, Min=58, Avg=98.52, 90=132, 99=147, 99.9=257, 99.99=577] [UPDATE: Count=50836, Max=4071, Min=58, Avg=95.54, 90=128, 99=142, 99.9=250, 99.99=663] 
Maximum time elapsed. Requesting stop for the workload.
Stop requested for workload. Now Joining!
2025-04-18 13:43:29:458 61 sec: 595387 operations; 12798.61 current ops/sec; est completion in 12 hours 12 minutes [READ: Count=6396, Max=3853, Min=58, Avg=77.88, 90=94, 99=134, 99.9=147, 99.99=195] [CLEANUP: Count=1, Max=1849, Min=1849, Avg=1849, 90=1849, 99=1849, 99.9=1849, 99.99=1849] [UPDATE: Count=6505, Max=653, Min=57, Avg=75.32, 90=95, 99=131, 99.9=164, 99.99=337] 
[OVERALL], RunTime(ms), 61013
[OVERALL], Throughput(ops/sec), 9758.362971825676
[TOTAL_GCS_Copy], Count, 55
[TOTAL_GC_TIME_Copy], Time(ms), 24
[TOTAL_GC_TIME_%_Copy], Time(%), 0.039335879238850735
[TOTAL_GCS_MarkSweepCompact], Count, 0
[TOTAL_GC_TIME_MarkSweepCompact], Time(ms), 0
[TOTAL_GC_TIME_%_MarkSweepCompact], Time(%), 0.0
[TOTAL_GCs], Count, 55
[TOTAL_GC_TIME], Time(ms), 24
[TOTAL_GC_TIME_%], Time(%), 0.039335879238850735
[READ], Operations, 297601
[READ], AverageLatency(us), 101.63890914345046
[READ], MinLatency(us), 58
[READ], MaxLatency(us), 51519
[READ], 95thPercentileLatency(us), 142
[READ], 99thPercentileLatency(us), 245
[READ], Return=OK, 297601
[CLEANUP], Operations, 1
[CLEANUP], AverageLatency(us), 1849.0
[CLEANUP], MinLatency(us), 1849
[CLEANUP], MaxLatency(us), 1849
[CLEANUP], 95thPercentileLatency(us), 1849
[CLEANUP], 99thPercentileLatency(us), 1849
[UPDATE], Operations, 297786
[UPDATE], AverageLatency(us), 99.30929929546721
[UPDATE], MinLatency(us), 56
[UPDATE], MaxLatency(us), 18351
[UPDATE], 95thPercentileLatency(us), 139
[UPDATE], 99thPercentileLatency(us), 247
[UPDATE], Return=OK, 297786
AUTOTEST_DONE
