/nix/store/2vwkssqpzykk37r996cafq7x63imf4sp-openjdk-21+35/bin/java  -classpath /nix/store/zw02np72fzsmga6s5mphhw7x8qlzf4sv-ycsb-0.17.0/share/conf:/nix/store/zw02np72fzsmga6s5mphhw7x8qlzf4sv-ycsb-0.17.0/share/lib/core-0.17.0.jar:/nix/store/zw02np72fzsmga6s5mphhw7x8qlzf4sv-ycsb-0.17.0/share/lib/HdrHistogram-2.1.4.jar:/nix/store/zw02np72fzsmga6s5mphhw7x8qlzf4sv-ycsb-0.17.0/share/lib/htrace-core4-4.1.0-incubating.jar:/nix/store/zw02np72fzsmga6s5mphhw7x8qlzf4sv-ycsb-0.17.0/share/lib/jackson-core-asl-1.9.4.jar:/nix/store/zw02np72fzsmga6s5mphhw7x8qlzf4sv-ycsb-0.17.0/share/lib/jackson-mapper-asl-1.9.4.jar:/nix/store/zw02np72fzsmga6s5mphhw7x8qlzf4sv-ycsb-0.17.0/share/redis-binding/lib/commons-pool2-2.4.2.jar:/nix/store/zw02np72fzsmga6s5mphhw7x8qlzf4sv-ycsb-0.17.0/share/redis-binding/lib/jedis-2.9.0.jar:/nix/store/zw02np72fzsmga6s5mphhw7x8qlzf4sv-ycsb-0.17.0/share/redis-binding/lib/redis-binding-0.17.0.jar site.ycsb.Client -t -db site.ycsb.db.RedisClient -s -P /home/host/vmuxIO/test/moonprogs//../../ycsb/share/workloads/workloada -p redis.host=10.1.0.2 -p redis.port=6390 -p operationcount=429496729 -p maxexecutiontime=61 -threads 1
Command line: -t -db site.ycsb.db.RedisClient -s -P /home/host/vmuxIO/test/moonprogs//../../ycsb/share/workloads/workloada -p redis.host=10.1.0.2 -p redis.port=6390 -p operationcount=429496729 -p maxexecutiontime=61 -threads 1
YCSB Client 0.17.0

Loading workload...
Starting test.
Maximum execution time specified as: 61 secs
DBWrapper: report latency for each error is false and specific error codes to track for latency are: []
2025-04-18 13:42:28:257 0 sec: 0 operations; est completion in 0 second 
2025-04-18 13:42:38:086 10 sec: 113870 operations; 11387 current ops/sec; est completion in 10 hours 28 minutes [READ: Count=57217, Max=17807, Min=60, Avg=82.33, 90=93, 99=170, 99.9=489, 99.99=2917] [UPDATE: Count=56673, Max=33151, Min=57, Avg=83.73, 90=94, 99=176, 99.9=653, 99.99=4049] 
2025-04-18 13:42:48:087 20 sec: 242842 operations; 12897.2 current ops/sec; est completion in 9 hours 49 minutes [READ: Count=64272, Max=6267, Min=58, Avg=76.88, 90=86, 99=126, 99.9=194, 99.99=2119] [UPDATE: Count=64680, Max=4347, Min=56, Avg=74.99, 90=84, 99=122, 99.9=194, 99.99=2849] 
2025-04-18 13:42:58:086 30 sec: 371382 operations; 12854 current ops/sec; est completion in 9 hours 37 minutes [READ: Count=64458, Max=5303, Min=60, Avg=77.62, 90=86, 99=138, 99.9=284, 99.99=631] [UPDATE: Count=64082, Max=1539, Min=57, Avg=75.31, 90=83, 99=133, 99.9=278, 99.99=499] 
2025-04-18 13:43:08:086 40 sec: 497450 operations; 12606.8 current ops/sec; est completion in 9 hours 34 minutes [READ: Count=63060, Max=7851, Min=59, Avg=79.08, 90=87, 99=210, 99.9=374, 99.99=2721] [UPDATE: Count=63008, Max=7043, Min=55, Avg=76.8, 90=84, 99=208, 99.9=374, 99.99=2739] 
2025-04-18 13:43:18:086 50 sec: 628718 operations; 13126.8 current ops/sec; est completion in 9 hours 28 minutes [READ: Count=65536, Max=2034, Min=57, Avg=75.7, 90=85, 99=131, 99.9=214, 99.99=397] [UPDATE: Count=65732, Max=9335, Min=55, Avg=73.99, 90=83, 99=127, 99.9=242, 99.99=451] 
2025-04-18 13:43:28:086 60 sec: 758608 operations; 12989 current ops/sec; est completion in 9 hours 25 minutes [READ: Count=64687, Max=3157, Min=58, Avg=76.66, 90=87, 99=131, 99.9=219, 99.99=2645] [UPDATE: Count=65203, Max=4123, Min=56, Avg=74.59, 90=85, 99=128, 99.9=189, 99.99=2217] 
Maximum time elapsed. Requesting stop for the workload.
Stop requested for workload. Now Joining!
2025-04-18 13:43:29:093 61 sec: 770997 operations; 12302.88 current ops/sec; est completion in 9 hours 25 minutes [READ: Count=6335, Max=3521, Min=57, Avg=81.13, 90=92, 99=208, 99.9=1530, 99.99=3013] [CLEANUP: Count=1, Max=879, Min=879, Avg=879, 90=879, 99=879, 99.9=879, 99.99=879] [UPDATE: Count=6054, Max=1131, Min=57, Avg=77.64, 90=93, 99=204, 99.9=397, 99.99=801] 
[OVERALL], RunTime(ms), 61012
[OVERALL], Throughput(ops/sec), 12636.809152297908
[TOTAL_GCS_Copy], Count, 71
[TOTAL_GC_TIME_Copy], Time(ms), 29
[TOTAL_GC_TIME_%_Copy], Time(%), 0.047531633121353174
[TOTAL_GCS_MarkSweepCompact], Count, 0
[TOTAL_GC_TIME_MarkSweepCompact], Time(ms), 0
[TOTAL_GC_TIME_%_MarkSweepCompact], Time(%), 0.0
[TOTAL_GCs], Count, 71
[TOTAL_GC_TIME], Time(ms), 29
[TOTAL_GC_TIME_%], Time(%), 0.047531633121353174
[READ], Operations, 385565
[READ], AverageLatency(us), 78.00489152283014
[READ], MinLatency(us), 57
[READ], MaxLatency(us), 17807
[READ], 95thPercentileLatency(us), 97
[READ], 99thPercentileLatency(us), 143
[READ], Return=OK, 385565
[CLEANUP], Operations, 1
[CLEANUP], AverageLatency(us), 879.0
[CLEANUP], MinLatency(us), 879
[CLEANUP], MaxLatency(us), 879
[CLEANUP], 95thPercentileLatency(us), 879
[CLEANUP], 99thPercentileLatency(us), 879
[UPDATE], Operations, 385432
[UPDATE], AverageLatency(us), 76.42706106394903
[UPDATE], MinLatency(us), 55
[UPDATE], MaxLatency(us), 33151
[UPDATE], 95thPercentileLatency(us), 95
[UPDATE], 99thPercentileLatency(us), 139
[UPDATE], Return=OK, 385432
AUTOTEST_DONE
