/nix/store/2vwkssqpzykk37r996cafq7x63imf4sp-openjdk-21+35/bin/java  -classpath /nix/store/zw02np72fzsmga6s5mphhw7x8qlzf4sv-ycsb-0.17.0/share/conf:/nix/store/zw02np72fzsmga6s5mphhw7x8qlzf4sv-ycsb-0.17.0/share/lib/core-0.17.0.jar:/nix/store/zw02np72fzsmga6s5mphhw7x8qlzf4sv-ycsb-0.17.0/share/lib/HdrHistogram-2.1.4.jar:/nix/store/zw02np72fzsmga6s5mphhw7x8qlzf4sv-ycsb-0.17.0/share/lib/htrace-core4-4.1.0-incubating.jar:/nix/store/zw02np72fzsmga6s5mphhw7x8qlzf4sv-ycsb-0.17.0/share/lib/jackson-core-asl-1.9.4.jar:/nix/store/zw02np72fzsmga6s5mphhw7x8qlzf4sv-ycsb-0.17.0/share/lib/jackson-mapper-asl-1.9.4.jar:/nix/store/zw02np72fzsmga6s5mphhw7x8qlzf4sv-ycsb-0.17.0/share/redis-binding/lib/commons-pool2-2.4.2.jar:/nix/store/zw02np72fzsmga6s5mphhw7x8qlzf4sv-ycsb-0.17.0/share/redis-binding/lib/jedis-2.9.0.jar:/nix/store/zw02np72fzsmga6s5mphhw7x8qlzf4sv-ycsb-0.17.0/share/redis-binding/lib/redis-binding-0.17.0.jar site.ycsb.Client -t -db site.ycsb.db.RedisClient -s -P /home/host/vmuxIO/test/moonprogs//../../ycsb/share/workloads/workloada -p redis.host=10.1.0.2 -p redis.port=6382 -p operationcount=429496729 -p maxexecutiontime=61 -threads 1
Command line: -t -db site.ycsb.db.RedisClient -s -P /home/host/vmuxIO/test/moonprogs//../../ycsb/share/workloads/workloada -p redis.host=10.1.0.2 -p redis.port=6382 -p operationcount=429496729 -p maxexecutiontime=61 -threads 1
YCSB Client 0.17.0

Loading workload...
Starting test.
Maximum execution time specified as: 61 secs
DBWrapper: report latency for each error is false and specific error codes to track for latency are: []
2025-04-18 13:42:26:755 0 sec: 0 operations; est completion in 0 second 
2025-04-18 13:42:36:604 10 sec: 116100 operations; 11610 current ops/sec; est completion in 10 hours 16 minutes [READ: Count=58140, Max=41215, Min=58, Avg=82.17, 90=92, 99=135, 99.9=507, 99.99=4045] [UPDATE: Count=57999, Max=9615, Min=58, Avg=81.6, 90=92, 99=135, 99.9=1057, 99.99=4025] 
2025-04-18 13:42:46:604 20 sec: 241737 operations; 12563.7 current ops/sec; est completion in 9 hours 51 minutes [READ: Count=62633, Max=3219, Min=57, Avg=79.18, 90=93, 99=138, 99.9=252, 99.99=759] [UPDATE: Count=62965, Max=2167, Min=56, Avg=76.82, 90=92, 99=134, 99.9=193, 99.99=873] 
2025-04-18 13:42:56:604 30 sec: 355889 operations; 11415.2 current ops/sec; est completion in 10 hours 2 minutes [READ: Count=57021, Max=3839, Min=56, Avg=86.9, 90=124, 99=271, 99.9=409, 99.99=1026] [UPDATE: Count=57131, Max=6375, Min=54, Avg=85.34, 90=121, 99=278, 99.9=409, 99.99=1615] 
2025-04-18 13:43:06:604 40 sec: 485605 operations; 12971.6 current ops/sec; est completion in 9 hours 48 minutes [READ: Count=65319, Max=7555, Min=57, Avg=76.72, 90=87, 99=137, 99.9=273, 99.99=425] [UPDATE: Count=64397, Max=1365, Min=55, Avg=74.6, 90=85, 99=134, 99.9=272, 99.99=485] 
2025-04-18 13:43:16:604 50 sec: 616838 operations; 13123.3 current ops/sec; est completion in 9 hours 39 minutes [READ: Count=65694, Max=3219, Min=57, Avg=76, 90=86, 99=130, 99.9=170, 99.99=394] [UPDATE: Count=65539, Max=514, Min=56, Avg=73.58, 90=84, 99=127, 99.9=158, 99.99=358] 
2025-04-18 13:43:26:604 60 sec: 730723 operations; 11388.5 current ops/sec; est completion in 9 hours 46 minutes [READ: Count=56779, Max=3905, Min=58, Avg=87.32, 90=127, 99=257, 99.9=392, 99.99=1363] [UPDATE: Count=57106, Max=4119, Min=56, Avg=85.3, 90=124, 99=257, 99.9=391, 99.99=641] 
Maximum time elapsed. Requesting stop for the workload.
Stop requested for workload. Now Joining!
2025-04-18 13:43:27:612 61 sec: 744239 operations; 13422.05 current ops/sec; est completion in 9 hours 45 minutes [READ: Count=6742, Max=517, Min=59, Avg=73.89, 90=83, 99=125, 99.9=235, 99.99=471] [CLEANUP: Count=1, Max=1215, Min=1215, Avg=1215, 90=1215, 99=1215, 99.9=1215, 99.99=1215] [UPDATE: Count=6774, Max=3037, Min=56, Avg=72.04, 90=81, 99=121, 99.9=138, 99.99=274] 
[OVERALL], RunTime(ms), 61012
[OVERALL], Throughput(ops/sec), 12198.239690552678
[TOTAL_GCS_Copy], Count, 69
[TOTAL_GC_TIME_Copy], Time(ms), 32
[TOTAL_GC_TIME_%_Copy], Time(%), 0.052448698616665575
[TOTAL_GCS_MarkSweepCompact], Count, 0
[TOTAL_GC_TIME_MarkSweepCompact], Time(ms), 0
[TOTAL_GC_TIME_%_MarkSweepCompact], Time(%), 0.0
[TOTAL_GCs], Count, 69
[TOTAL_GC_TIME], Time(ms), 32
[TOTAL_GC_TIME_%], Time(%), 0.052448698616665575
[READ], Operations, 372328
[READ], AverageLatency(us), 80.9825583893771
[READ], MinLatency(us), 56
[READ], MaxLatency(us), 41215
[READ], 95thPercentileLatency(us), 125
[READ], 99thPercentileLatency(us), 200
[READ], Return=OK, 372328
[CLEANUP], Operations, 1
[CLEANUP], AverageLatency(us), 1215.0
[CLEANUP], MinLatency(us), 1215
[CLEANUP], MaxLatency(us), 1215
[CLEANUP], 95thPercentileLatency(us), 1215
[CLEANUP], 99thPercentileLatency(us), 1215
[UPDATE], Operations, 371911
[UPDATE], AverageLatency(us), 79.13569913231929
[UPDATE], MinLatency(us), 54
[UPDATE], MaxLatency(us), 9615
[UPDATE], 95thPercentileLatency(us), 122
[UPDATE], 99thPercentileLatency(us), 203
[UPDATE], Return=OK, 371911
AUTOTEST_DONE
