/nix/store/2vwkssqpzykk37r996cafq7x63imf4sp-openjdk-21+35/bin/java  -classpath /nix/store/zw02np72fzsmga6s5mphhw7x8qlzf4sv-ycsb-0.17.0/share/conf:/nix/store/zw02np72fzsmga6s5mphhw7x8qlzf4sv-ycsb-0.17.0/share/lib/core-0.17.0.jar:/nix/store/zw02np72fzsmga6s5mphhw7x8qlzf4sv-ycsb-0.17.0/share/lib/HdrHistogram-2.1.4.jar:/nix/store/zw02np72fzsmga6s5mphhw7x8qlzf4sv-ycsb-0.17.0/share/lib/htrace-core4-4.1.0-incubating.jar:/nix/store/zw02np72fzsmga6s5mphhw7x8qlzf4sv-ycsb-0.17.0/share/lib/jackson-core-asl-1.9.4.jar:/nix/store/zw02np72fzsmga6s5mphhw7x8qlzf4sv-ycsb-0.17.0/share/lib/jackson-mapper-asl-1.9.4.jar:/nix/store/zw02np72fzsmga6s5mphhw7x8qlzf4sv-ycsb-0.17.0/share/redis-binding/lib/commons-pool2-2.4.2.jar:/nix/store/zw02np72fzsmga6s5mphhw7x8qlzf4sv-ycsb-0.17.0/share/redis-binding/lib/jedis-2.9.0.jar:/nix/store/zw02np72fzsmga6s5mphhw7x8qlzf4sv-ycsb-0.17.0/share/redis-binding/lib/redis-binding-0.17.0.jar site.ycsb.Client -t -db site.ycsb.db.RedisClient -s -P /home/host/vmuxIO/test/moonprogs//../../ycsb/share/workloads/workloada -p redis.host=10.1.0.2 -p redis.port=6379 -p operationcount=429496729 -p maxexecutiontime=61 -threads 1
Command line: -t -db site.ycsb.db.RedisClient -s -P /home/host/vmuxIO/test/moonprogs//../../ycsb/share/workloads/workloada -p redis.host=10.1.0.2 -p redis.port=6379 -p operationcount=429496729 -p maxexecutiontime=61 -threads 1
YCSB Client 0.17.0

Loading workload...
Starting test.
Maximum execution time specified as: 61 secs
DBWrapper: report latency for each error is false and specific error codes to track for latency are: []
2024-06-19 17:06:14:386 0 sec: 0 operations; est completion in 0 second 
2024-06-19 17:06:24:215 10 sec: 49503 operations; 4949.81 current ops/sec; est completion in 1 day [READ: Count=24783, Max=49919, Min=99, Avg=193.17, 90=265, 99=360, 99.9=3053, 99.99=8163] [UPDATE: Count=24743, Max=6175, Min=95, Avg=192.53, 90=264, 99=452, 99.9=3209, 99.99=4371] 
2024-06-19 17:06:34:217 20 sec: 104773 operations; 5525.89 current ops/sec; est completion in 22 hours 46 minutes [READ: Count=27442, Max=4491, Min=99, Avg=180.14, 90=265, 99=371, 99.9=652, 99.99=2335] [UPDATE: Count=27805, Max=3257, Min=94, Avg=175.91, 90=262, 99=365, 99.9=491, 99.99=1603] 
2024-06-19 17:06:44:215 30 sec: 162900 operations; 5813.86 current ops/sec; est completion in 21 hours 57 minutes [READ: Count=28989, Max=9215, Min=98, Avg=172.65, 90=258, 99=285, 99.9=389, 99.99=703] [UPDATE: Count=29138, Max=6599, Min=96, Avg=167.49, 90=254, 99=283, 99.9=391, 99.99=972] 
2024-06-19 17:06:54:215 40 sec: 218571 operations; 5567.1 current ops/sec; est completion in 21 hours 49 minutes [READ: Count=27719, Max=856, Min=100, Avg=181.93, 90=263, 99=293, 99.9=363, 99.99=728] [UPDATE: Count=27952, Max=4915, Min=97, Avg=173.91, 90=258, 99=291, 99.9=415, 99.99=745] 
2024-06-19 17:07:04:216 50 sec: 274241 operations; 5567 current ops/sec; est completion in 21 hours 44 minutes [READ: Count=27629, Max=4069, Min=99, Avg=181.24, 90=263, 99=299, 99.9=407, 99.99=715] [UPDATE: Count=28041, Max=1562, Min=96, Avg=174.17, 90=259, 99=294, 99.9=455, 99.99=936] 
2024-06-19 17:07:14:215 60 sec: 330876 operations; 5663.5 current ops/sec; est completion in 21 hours 37 minutes [READ: Count=28199, Max=7223, Min=99, Avg=178.57, 90=261, 99=310, 99.9=476, 99.99=1064] [UPDATE: Count=28436, Max=2781, Min=98, Avg=170.3, 90=255, 99=304, 99.9=423, 99.99=671] 
Maximum time elapsed. Requesting stop for the workload.
Stop requested for workload. Now Joining!
2024-06-19 17:07:15:225 61 sec: 336832 operations; 5897.03 current ops/sec; est completion in 21 hours 35 minutes [READ: Count=3051, Max=2311, Min=104, Avg=167.15, 90=262, 99=289, 99.9=746, 99.99=2311] [CLEANUP: Count=1, Max=1548, Min=1548, Avg=1548, 90=1548, 99=1548, 99.9=1548, 99.99=1548] [UPDATE: Count=2905, Max=9079, Min=98, Avg=166.85, 90=250, 99=285, 99.9=2927, 99.99=9079] 
[OVERALL], RunTime(ms), 61017
[OVERALL], Throughput(ops/sec), 5520.297621974204
[TOTAL_GCS_Copy], Count, 31
[TOTAL_GC_TIME_Copy], Time(ms), 24
[TOTAL_GC_TIME_%_Copy], Time(%), 0.039333300555582866
[TOTAL_GCS_MarkSweepCompact], Count, 0
[TOTAL_GC_TIME_MarkSweepCompact], Time(ms), 0
[TOTAL_GC_TIME_%_MarkSweepCompact], Time(%), 0.0
[TOTAL_GCs], Count, 31
[TOTAL_GC_TIME], Time(ms), 24
[TOTAL_GC_TIME_%], Time(%), 0.039333300555582866
[READ], Operations, 167812
[READ], AverageLatency(us), 180.74548304054537
[READ], MinLatency(us), 98
[READ], MaxLatency(us), 49919
[READ], 95thPercentileLatency(us), 274
[READ], 99thPercentileLatency(us), 309
[READ], Return=OK, 167812
[CLEANUP], Operations, 1
[CLEANUP], AverageLatency(us), 1548.0
[CLEANUP], MinLatency(us), 1548
[CLEANUP], MaxLatency(us), 1548
[CLEANUP], 95thPercentileLatency(us), 1548
[CLEANUP], 99thPercentileLatency(us), 1548
[UPDATE], Operations, 169020
[UPDATE], AverageLatency(us), 175.17152999645012
[UPDATE], MinLatency(us), 94
[UPDATE], MaxLatency(us), 9079
[UPDATE], 95thPercentileLatency(us), 270
[UPDATE], 99thPercentileLatency(us), 306
[UPDATE], Return=OK, 169020
AUTOTEST_DONE
