/nix/store/2vwkssqpzykk37r996cafq7x63imf4sp-openjdk-21+35/bin/java  -classpath /nix/store/zw02np72fzsmga6s5mphhw7x8qlzf4sv-ycsb-0.17.0/share/conf:/nix/store/zw02np72fzsmga6s5mphhw7x8qlzf4sv-ycsb-0.17.0/share/lib/core-0.17.0.jar:/nix/store/zw02np72fzsmga6s5mphhw7x8qlzf4sv-ycsb-0.17.0/share/lib/HdrHistogram-2.1.4.jar:/nix/store/zw02np72fzsmga6s5mphhw7x8qlzf4sv-ycsb-0.17.0/share/lib/htrace-core4-4.1.0-incubating.jar:/nix/store/zw02np72fzsmga6s5mphhw7x8qlzf4sv-ycsb-0.17.0/share/lib/jackson-core-asl-1.9.4.jar:/nix/store/zw02np72fzsmga6s5mphhw7x8qlzf4sv-ycsb-0.17.0/share/lib/jackson-mapper-asl-1.9.4.jar:/nix/store/zw02np72fzsmga6s5mphhw7x8qlzf4sv-ycsb-0.17.0/share/redis-binding/lib/commons-pool2-2.4.2.jar:/nix/store/zw02np72fzsmga6s5mphhw7x8qlzf4sv-ycsb-0.17.0/share/redis-binding/lib/jedis-2.9.0.jar:/nix/store/zw02np72fzsmga6s5mphhw7x8qlzf4sv-ycsb-0.17.0/share/redis-binding/lib/redis-binding-0.17.0.jar site.ycsb.Client -t -db site.ycsb.db.RedisClient -s -P /home/host/vmuxIO/test/moonprogs//../../ycsb/share/workloads/workloada -p redis.host=10.1.0.2 -p redis.port=6381 -p operationcount=429496729 -p maxexecutiontime=61 -threads 1
Command line: -t -db site.ycsb.db.RedisClient -s -P /home/host/vmuxIO/test/moonprogs//../../ycsb/share/workloads/workloada -p redis.host=10.1.0.2 -p redis.port=6381 -p operationcount=429496729 -p maxexecutiontime=61 -threads 1
YCSB Client 0.17.0

Loading workload...
Starting test.
Maximum execution time specified as: 61 secs
DBWrapper: report latency for each error is false and specific error codes to track for latency are: []
2025-04-18 13:24:51:966 0 sec: 0 operations; est completion in 0 second 
2025-04-18 13:25:01:802 10 sec: 70349 operations; 7034.9 current ops/sec; est completion in 16 hours 57 minutes [READ: Count=35062, Max=49087, Min=78, Avg=136.9, 90=170, 99=313, 99.9=1947, 99.99=3829] [UPDATE: Count=35298, Max=12167, Min=78, Avg=136.25, 90=170, 99=332, 99.9=2711, 99.99=5155] 
2025-04-18 13:25:11:802 20 sec: 145963 operations; 7561.4 current ops/sec; est completion in 16 hours 20 minutes [READ: Count=37845, Max=3689, Min=76, Avg=131.81, 90=179, 99=270, 99.9=357, 99.99=1110] [UPDATE: Count=37758, Max=1412, Min=77, Avg=129.02, 90=175, 99=266, 99.9=351, 99.99=554] 
2025-04-18 13:25:21:802 30 sec: 220231 operations; 7426.8 current ops/sec; est completion in 16 hours 14 minutes [READ: Count=37233, Max=8551, Min=79, Avg=134.43, 90=189, 99=288, 99.9=424, 99.99=843] [UPDATE: Count=37035, Max=1524, Min=75, Avg=131.67, 90=186, 99=286, 99.9=420, 99.99=642] 
2025-04-18 13:25:31:802 40 sec: 300433 operations; 8020.2 current ops/sec; est completion in 15 hours 52 minutes [READ: Count=40048, Max=1268, Min=77, Avg=124, 90=162, 99=256, 99.9=346, 99.99=618] [UPDATE: Count=40154, Max=8343, Min=75, Avg=122.32, 90=160, 99=254, 99.9=350, 99.99=606] 
2025-04-18 13:25:41:802 50 sec: 387813 operations; 8738 current ops/sec; est completion in 15 hours 22 minutes [READ: Count=43628, Max=3655, Min=76, Avg=114.08, 90=140, 99=197, 99.9=294, 99.99=390] [UPDATE: Count=43752, Max=482, Min=74, Avg=111.92, 90=138, 99=196, 99.9=300, 99.99=366] 
2025-04-18 13:25:51:802 60 sec: 472445 operations; 8463.2 current ops/sec; est completion in 15 hours 8 minutes [READ: Count=42136, Max=2995, Min=79, Avg=117.8, 90=144, 99=205, 99.9=289, 99.99=443] [UPDATE: Count=42496, Max=4935, Min=77, Avg=115.48, 90=142, 99=204, 99.9=292, 99.99=473] 
Maximum time elapsed. Requesting stop for the workload.
Stop requested for workload. Now Joining!
2025-04-18 13:25:52:810 61 sec: 480644 operations; 8133.93 current ops/sec; est completion in 15 hours 7 minutes [READ: Count=4057, Max=3101, Min=75, Avg=122.32, 90=156, 99=215, 99.9=309, 99.99=3101] [CLEANUP: Count=1, Max=1522, Min=1522, Avg=1522, 90=1522, 99=1522, 99.9=1522, 99.99=1522] [UPDATE: Count=4142, Max=563, Min=76, Avg=119.71, 90=154, 99=218, 99.9=302, 99.99=563] 
[OVERALL], RunTime(ms), 61013
[OVERALL], Throughput(ops/sec), 7877.730975365906
[TOTAL_GCS_Copy], Count, 44
[TOTAL_GC_TIME_Copy], Time(ms), 26
[TOTAL_GC_TIME_%_Copy], Time(%), 0.04261386917542163
[TOTAL_GCS_MarkSweepCompact], Count, 0
[TOTAL_GC_TIME_MarkSweepCompact], Time(ms), 0
[TOTAL_GC_TIME_%_MarkSweepCompact], Time(%), 0.0
[TOTAL_GCs], Count, 44
[TOTAL_GC_TIME], Time(ms), 26
[TOTAL_GC_TIME_%], Time(%), 0.04261386917542163
[READ], Operations, 240009
[READ], AverageLatency(us), 125.81512776604211
[READ], MinLatency(us), 75
[READ], MaxLatency(us), 49087
[READ], 95thPercentileLatency(us), 191
[READ], 99thPercentileLatency(us), 263
[READ], Return=OK, 240009
[CLEANUP], Operations, 1
[CLEANUP], AverageLatency(us), 1522.0
[CLEANUP], MinLatency(us), 1522
[CLEANUP], MaxLatency(us), 1522
[CLEANUP], 95thPercentileLatency(us), 1522
[CLEANUP], 99thPercentileLatency(us), 1522
[UPDATE], Operations, 240635
[UPDATE], AverageLatency(us), 123.71099798449934
[UPDATE], MinLatency(us), 74
[UPDATE], MaxLatency(us), 12167
[UPDATE], 95thPercentileLatency(us), 189
[UPDATE], 99thPercentileLatency(us), 260
[UPDATE], Return=OK, 240635
AUTOTEST_DONE
