/nix/store/2vwkssqpzykk37r996cafq7x63imf4sp-openjdk-21+35/bin/java  -classpath /nix/store/zw02np72fzsmga6s5mphhw7x8qlzf4sv-ycsb-0.17.0/share/conf:/nix/store/zw02np72fzsmga6s5mphhw7x8qlzf4sv-ycsb-0.17.0/share/lib/core-0.17.0.jar:/nix/store/zw02np72fzsmga6s5mphhw7x8qlzf4sv-ycsb-0.17.0/share/lib/HdrHistogram-2.1.4.jar:/nix/store/zw02np72fzsmga6s5mphhw7x8qlzf4sv-ycsb-0.17.0/share/lib/htrace-core4-4.1.0-incubating.jar:/nix/store/zw02np72fzsmga6s5mphhw7x8qlzf4sv-ycsb-0.17.0/share/lib/jackson-core-asl-1.9.4.jar:/nix/store/zw02np72fzsmga6s5mphhw7x8qlzf4sv-ycsb-0.17.0/share/lib/jackson-mapper-asl-1.9.4.jar:/nix/store/zw02np72fzsmga6s5mphhw7x8qlzf4sv-ycsb-0.17.0/share/redis-binding/lib/commons-pool2-2.4.2.jar:/nix/store/zw02np72fzsmga6s5mphhw7x8qlzf4sv-ycsb-0.17.0/share/redis-binding/lib/jedis-2.9.0.jar:/nix/store/zw02np72fzsmga6s5mphhw7x8qlzf4sv-ycsb-0.17.0/share/redis-binding/lib/redis-binding-0.17.0.jar site.ycsb.Client -t -db site.ycsb.db.RedisClient -s -P /home/host/vmuxIO/test/moonprogs//../../ycsb/share/workloads/workloada -p redis.host=10.1.0.2 -p redis.port=6379 -p operationcount=429496729 -p maxexecutiontime=61 -threads 1
Command line: -t -db site.ycsb.db.RedisClient -s -P /home/host/vmuxIO/test/moonprogs//../../ycsb/share/workloads/workloada -p redis.host=10.1.0.2 -p redis.port=6379 -p operationcount=429496729 -p maxexecutiontime=61 -threads 1
YCSB Client 0.17.0

Loading workload...
Starting test.
Maximum execution time specified as: 61 secs
DBWrapper: report latency for each error is false and specific error codes to track for latency are: []
2024-07-07 15:50:56:315 0 sec: 0 operations; est completion in 0 second 
2024-07-07 15:51:06:147 10 sec: 80377 operations; 8036.9 current ops/sec; est completion in 14 hours 50 minutes [READ: Count=40404, Max=16703, Min=78, Avg=116.72, 90=142, 99=239, 99.9=977, 99.99=3063] [UPDATE: Count=39982, Max=29247, Min=76, Avg=119.53, 90=143, 99=247, 99.9=1515, 99.99=4045] 
2024-07-07 15:51:16:147 20 sec: 173712 operations; 9334.43 current ops/sec; est completion in 13 hours 43 minutes [READ: Count=46570, Max=3003, Min=74, Avg=105.89, 90=125, 99=173, 99.9=249, 99.99=1767] [UPDATE: Count=46756, Max=4065, Min=75, Avg=104.63, 90=124, 99=172, 99.9=251, 99.99=599] 
2024-07-07 15:51:26:147 30 sec: 263768 operations; 9005.6 current ops/sec; est completion in 13 hours 33 minutes [READ: Count=45034, Max=4551, Min=72, Avg=109.93, 90=132, 99=222, 99.9=328, 99.99=652] [UPDATE: Count=45022, Max=4511, Min=72, Avg=108.82, 90=130, 99=223, 99.9=336, 99.99=697] 
2024-07-07 15:51:36:147 40 sec: 360443 operations; 9667.5 current ops/sec; est completion in 13 hours 13 minutes [READ: Count=48143, Max=3811, Min=78, Avg=102.54, 90=116, 99=154, 99.9=219, 99.99=442] [UPDATE: Count=48532, Max=2075, Min=73, Avg=101.35, 90=115, 99=152, 99.9=216, 99.99=451] 
2024-07-07 15:51:46:147 50 sec: 453585 operations; 9314.2 current ops/sec; est completion in 13 hours 8 minutes [READ: Count=46521, Max=7855, Min=77, Avg=106.6, 90=124, 99=165, 99.9=230, 99.99=1872] [UPDATE: Count=46621, Max=1920, Min=75, Avg=105.02, 90=123, 99=163, 99.9=221, 99.99=424] 
2024-07-07 15:51:56:147 60 sec: 543878 operations; 9029.3 current ops/sec; est completion in 13 hours 8 minutes [READ: Count=45327, Max=6787, Min=77, Avg=109.59, 90=131, 99=219, 99.9=315, 99.99=561] [UPDATE: Count=44966, Max=2941, Min=74, Avg=108.58, 90=130, 99=220, 99.9=335, 99.99=1671] 
Maximum time elapsed. Requesting stop for the workload.
Stop requested for workload. Now Joining!
2024-07-07 15:51:57:154 61 sec: 551258 operations; 7321.43 current ops/sec; est completion in 13 hours 11 minutes [READ: Count=3691, Max=2989, Min=80, Avg=133.56, 90=167, 99=298, 99.9=1520, 99.99=2989] [CLEANUP: Count=1, Max=1055, Min=1055, Avg=1055, 90=1055, 99=1055, 99.9=1055, 99.99=1055] [UPDATE: Count=3689, Max=3405, Min=78, Avg=134.9, 90=170, 99=321, 99.9=1866, 99.99=3405] 
[OVERALL], RunTime(ms), 61013
[OVERALL], Throughput(ops/sec), 9035.090882270992
[TOTAL_GCS_Copy], Count, 51
[TOTAL_GC_TIME_Copy], Time(ms), 27
[TOTAL_GC_TIME_%_Copy], Time(%), 0.044252864143707084
[TOTAL_GCS_MarkSweepCompact], Count, 0
[TOTAL_GC_TIME_MarkSweepCompact], Time(ms), 0
[TOTAL_GC_TIME_%_MarkSweepCompact], Time(%), 0.0
[TOTAL_GCs], Count, 51
[TOTAL_GC_TIME], Time(ms), 27
[TOTAL_GC_TIME_%], Time(%), 0.044252864143707084
[READ], Operations, 275690
[READ], AverageLatency(us), 108.65029199463166
[READ], MinLatency(us), 72
[READ], MaxLatency(us), 16703
[READ], 95thPercentileLatency(us), 142
[READ], 99thPercentileLatency(us), 200
[READ], Return=OK, 275690
[CLEANUP], Operations, 1
[CLEANUP], AverageLatency(us), 1055.0
[CLEANUP], MinLatency(us), 1055
[CLEANUP], MaxLatency(us), 1055
[CLEANUP], 95thPercentileLatency(us), 1055
[CLEANUP], 99thPercentileLatency(us), 1055
[UPDATE], Operations, 275568
[UPDATE], AverageLatency(us), 108.01456264878361
[UPDATE], MinLatency(us), 72
[UPDATE], MaxLatency(us), 29247
[UPDATE], 95thPercentileLatency(us), 142
[UPDATE], 99thPercentileLatency(us), 203
[UPDATE], Return=OK, 275568
AUTOTEST_DONE
