/nix/store/2vwkssqpzykk37r996cafq7x63imf4sp-openjdk-21+35/bin/java  -classpath /nix/store/zw02np72fzsmga6s5mphhw7x8qlzf4sv-ycsb-0.17.0/share/conf:/nix/store/zw02np72fzsmga6s5mphhw7x8qlzf4sv-ycsb-0.17.0/share/lib/core-0.17.0.jar:/nix/store/zw02np72fzsmga6s5mphhw7x8qlzf4sv-ycsb-0.17.0/share/lib/HdrHistogram-2.1.4.jar:/nix/store/zw02np72fzsmga6s5mphhw7x8qlzf4sv-ycsb-0.17.0/share/lib/htrace-core4-4.1.0-incubating.jar:/nix/store/zw02np72fzsmga6s5mphhw7x8qlzf4sv-ycsb-0.17.0/share/lib/jackson-core-asl-1.9.4.jar:/nix/store/zw02np72fzsmga6s5mphhw7x8qlzf4sv-ycsb-0.17.0/share/lib/jackson-mapper-asl-1.9.4.jar:/nix/store/zw02np72fzsmga6s5mphhw7x8qlzf4sv-ycsb-0.17.0/share/redis-binding/lib/commons-pool2-2.4.2.jar:/nix/store/zw02np72fzsmga6s5mphhw7x8qlzf4sv-ycsb-0.17.0/share/redis-binding/lib/jedis-2.9.0.jar:/nix/store/zw02np72fzsmga6s5mphhw7x8qlzf4sv-ycsb-0.17.0/share/redis-binding/lib/redis-binding-0.17.0.jar site.ycsb.Client -t -db site.ycsb.db.RedisClient -s -P /home/host/vmuxIO/test/moonprogs//../../ycsb/share/workloads/workloada -p redis.host=10.1.0.2 -p redis.port=6379 -p operationcount=429496729 -p maxexecutiontime=61 -threads 1
Command line: -t -db site.ycsb.db.RedisClient -s -P /home/host/vmuxIO/test/moonprogs//../../ycsb/share/workloads/workloada -p redis.host=10.1.0.2 -p redis.port=6379 -p operationcount=429496729 -p maxexecutiontime=61 -threads 1
YCSB Client 0.17.0

Loading workload...
Starting test.
Maximum execution time specified as: 61 secs
DBWrapper: report latency for each error is false and specific error codes to track for latency are: []
2024-08-21 17:00:40:865 0 sec: 0 operations; est completion in 0 second 
2024-08-21 17:00:50:721 10 sec: 34399 operations; 3439.9 current ops/sec; est completion in 1 day 10 hours [READ: Count=17262, Max=45535, Min=140, Avg=283.31, 90=290, 99=358, 99.9=1838, 99.99=7003] [UPDATE: Count=17155, Max=5515, Min=136, Avg=278.53, 90=288, 99=412, 99.9=2995, 99.99=4887] 
2024-08-21 17:01:00:721 20 sec: 71025 operations; 3662.23 current ops/sec; est completion in 1 day 9 hours [READ: Count=18407, Max=13215, Min=132, Avg=273.68, 90=288, 99=302, 99.9=429, 99.99=685] [UPDATE: Count=18201, Max=2059, Min=127, Avg=265.8, 90=286, 99=301, 99.9=395, 99.99=695] 
2024-08-21 17:01:10:721 30 sec: 107932 operations; 3691.07 current ops/sec; est completion in 1 day 9 hours [READ: Count=18448, Max=1111, Min=140, Avg=273.78, 90=289, 99=303, 99.9=344, 99.99=703] [UPDATE: Count=18459, Max=5759, Min=133, Avg=264.36, 90=287, 99=299, 99.9=328, 99.99=630] 
2024-08-21 17:01:20:720 40 sec: 139985 operations; 3205.3 current ops/sec; est completion in 1 day 10 hours [READ: Count=15970, Max=9551, Min=137, Avg=313.41, 90=422, 99=446, 99.9=473, 99.99=836] [UPDATE: Count=16083, Max=4065, Min=133, Avg=307.04, 90=418, 99=441, 99.9=476, 99.99=845] 
2024-08-21 17:01:30:720 50 sec: 169819 operations; 2983.4 current ops/sec; est completion in 1 day 11 hours [READ: Count=15170, Max=3923, Min=147, Avg=334.78, 90=420, 99=461, 99.9=497, 99.99=743] [UPDATE: Count=14664, Max=834, Min=131, Avg=332.08, 90=418, 99=456, 99.9=505, 99.99=807] 
2024-08-21 17:01:40:721 60 sec: 194129 operations; 2431 current ops/sec; est completion in 1 day 12 hours [READ: Count=12108, Max=790, Min=249, Avg=410.17, 90=478, 99=508, 99.9=548, 99.99=789] [UPDATE: Count=12202, Max=3059, Min=154, Avg=408.37, 90=475, 99=506, 99.9=547, 99.99=982] 
Maximum time elapsed. Requesting stop for the workload.
Stop requested for workload. Now Joining!
2024-08-21 17:01:41:733 61 sec: 196557 operations; 2399.21 current ops/sec; est completion in 1 day 13 hours [READ: Count=1194, Max=939, Min=266, Avg=413.61, 90=476, 99=504, 99.9=545, 99.99=939] [CLEANUP: Count=1, Max=1209, Min=1209, Avg=1209, 90=1209, 99=1209, 99.9=1209, 99.99=1209] [UPDATE: Count=1234, Max=4049, Min=268, Avg=413.8, 90=472, 99=499, 99.9=959, 99.99=4049] 
[OVERALL], RunTime(ms), 61017
[OVERALL], Throughput(ops/sec), 3221.3481488765424
[TOTAL_GCS_Copy], Count, 18
[TOTAL_GC_TIME_Copy], Time(ms), 17
[TOTAL_GC_TIME_%_Copy], Time(%), 0.02786108789353787
[TOTAL_GCS_MarkSweepCompact], Count, 0
[TOTAL_GC_TIME_MarkSweepCompact], Time(ms), 0
[TOTAL_GC_TIME_%_MarkSweepCompact], Time(%), 0.0
[TOTAL_GCs], Count, 18
[TOTAL_GC_TIME], Time(ms), 17
[TOTAL_GC_TIME_%], Time(%), 0.02786108789353787
[READ], Operations, 98559
[READ], AverageLatency(us), 309.69030732860523
[READ], MinLatency(us), 132
[READ], MaxLatency(us), 45535
[READ], 95thPercentileLatency(us), 459
[READ], 99thPercentileLatency(us), 484
[READ], Return=OK, 98559
[CLEANUP], Operations, 1
[CLEANUP], AverageLatency(us), 1209.0
[CLEANUP], MinLatency(us), 1209
[CLEANUP], MaxLatency(us), 1209
[CLEANUP], 95thPercentileLatency(us), 1209
[CLEANUP], 99thPercentileLatency(us), 1209
[UPDATE], Operations, 97998
[UPDATE], AverageLatency(us), 304.0560317557501
[UPDATE], MinLatency(us), 127
[UPDATE], MaxLatency(us), 5759
[UPDATE], 95thPercentileLatency(us), 456
[UPDATE], 99thPercentileLatency(us), 482
[UPDATE], Return=OK, 97998
AUTOTEST_DONE
