[1;37m[INFO]  Initializing DPDK. This will take a few seconds...[0m
EAL: Probing VFIO support...
EAL: PCI device 0000:20:00.0 on NUMA socket 0
EAL:   probe driver: 8086:1521 net_e1000_igb
EAL: PCI device 0000:20:00.1 on NUMA socket 0
EAL:   probe driver: 8086:1521 net_e1000_igb
EAL: PCI device 0000:b0:00.0 on NUMA socket 1
EAL:   probe driver: 8086:10fb net_ixgbe
[1;37m[INFO]  Found 2 usable devices:[0m
   Device 0: 08:9E:01:9B:21:1F ([0;32mIntel Corporation I350 Gigabit Network Connection[0m)
   Device 1: 64:9D:99:B1:0B:62 ([0;32mIntel Corporation 82599ES 10-Gigabit SFI/SFP+ Network Connection[0m)
PMD: ixgbe_dev_link_status_print(): Port 1: Link Up - speed 0 Mbps - half-duplex
[1;37m[INFO]  Waiting for devices to come up...[0m
[1;37m[INFO]  Device 1 (64:9D:99:B1:0B:62) is up: 10000 MBit/s[0m
[1;37m[INFO]  [0;32m1 device is up.[0m[0m
[1;36m[Device: id=1] RX[0m: 0.00 Mpps, 0 Mbit/s (0 Mbit/s with framing)
[0;34m[Device: id=1] TX[0m: 0.02 Mpps, 11 Mbit/s (14 Mbit/s with framing)
[1;36m[Device: id=1] RX[0m: 0.01 Mpps, 3 Mbit/s (4 Mbit/s with framing)
[0;34m[Device: id=1] TX[0m: 0.02 Mpps, 11 Mbit/s (15 Mbit/s with framing)
[1;36m[Device: id=1] RX[0m: 0.01 Mpps, 5 Mbit/s (6 Mbit/s with framing)
[0;34m[Device: id=1] TX[0m: 0.02 Mpps, 11 Mbit/s (15 Mbit/s with framing)
[1;36m[Device: id=1] RX[0m: 0.01 Mpps, 5 Mbit/s (6 Mbit/s with framing)
[0;34m[Device: id=1] TX[0m: 0.02 Mpps, 11 Mbit/s (15 Mbit/s with framing)
[1;36m[Device: id=1] RX[0m: 0.01 Mpps, 5 Mbit/s (6 Mbit/s with framing)
[0;34m[Device: id=1] TX[0m: 0.02 Mpps, 11 Mbit/s (15 Mbit/s with framing)
[1;36m[Device: id=1] RX[0m: 0.01 Mpps, 5 Mbit/s (7 Mbit/s with framing)
[0;34m[Device: id=1] TX[0m: 0.02 Mpps, 11 Mbit/s (15 Mbit/s with framing)
[1;36m[Device: id=1] RX[0m: 0.01 Mpps, 6 Mbit/s (8 Mbit/s with framing)
[0;34m[Device: id=1] TX[0m: 0.02 Mpps, 11 Mbit/s (15 Mbit/s with framing)
[1;36m[Device: id=1] RX[0m: 0.01 Mpps, 6 Mbit/s (8 Mbit/s with framing)
[0;34m[Device: id=1] TX[0m: 0.02 Mpps, 11 Mbit/s (15 Mbit/s with framing)
[1;36m[Device: id=1] RX[0m: 0.01 Mpps, 6 Mbit/s (8 Mbit/s with framing)
[0;34m[Device: id=1] TX[0m: 0.02 Mpps, 11 Mbit/s (15 Mbit/s with framing)
[1;36m[Device: id=1] RX[0m: 0.01 Mpps, 6 Mbit/s (7 Mbit/s with framing)
[0;34m[Device: id=1] TX[0m: 0.02 Mpps, 11 Mbit/s (15 Mbit/s with framing)
[1;36m[Device: id=1] RX[0m: 0.01 Mpps, 5 Mbit/s (7 Mbit/s with framing)
[0;34m[Device: id=1] TX[0m: 0.02 Mpps, 11 Mbit/s (15 Mbit/s with framing)
[1;36m[Device: id=1] RX[0m: 0.01 Mpps, 6 Mbit/s (8 Mbit/s with framing)
[0;34m[Device: id=1] TX[0m: 0.02 Mpps, 11 Mbit/s (15 Mbit/s with framing)
[1;36m[Device: id=1] RX[0m: 0.01 Mpps, 6 Mbit/s (8 Mbit/s with framing)
[0;34m[Device: id=1] TX[0m: 0.02 Mpps, 11 Mbit/s (15 Mbit/s with framing)
[1;36m[Device: id=1] RX[0m: 0.01 Mpps, 5 Mbit/s (7 Mbit/s with framing)
[0;34m[Device: id=1] TX[0m: 0.02 Mpps, 11 Mbit/s (15 Mbit/s with framing)
[1;36m[Device: id=1] RX[0m: 0.01 Mpps, 6 Mbit/s (8 Mbit/s with framing)
[0;34m[Device: id=1] TX[0m: 0.02 Mpps, 11 Mbit/s (15 Mbit/s with framing)
[1;36m[Device: id=1] RX[0m: 0.01 Mpps, 6 Mbit/s (7 Mbit/s with framing)
[0;34m[Device: id=1] TX[0m: 0.02 Mpps, 11 Mbit/s (15 Mbit/s with framing)
[1;36m[Device: id=1] RX[0m: 0.01 Mpps, 6 Mbit/s (8 Mbit/s with framing)
[0;34m[Device: id=1] TX[0m: 0.02 Mpps, 11 Mbit/s (15 Mbit/s with framing)
[1;36m[Device: id=1] RX[0m: 0.01 Mpps, 5 Mbit/s (7 Mbit/s with framing)
[0;34m[Device: id=1] TX[0m: 0.02 Mpps, 11 Mbit/s (15 Mbit/s with framing)
[1;36m[Device: id=1] RX[0m: 0.01 Mpps, 6 Mbit/s (8 Mbit/s with framing)
[0;34m[Device: id=1] TX[0m: 0.02 Mpps, 11 Mbit/s (15 Mbit/s with framing)
[1;36m[Device: id=1] RX[0m: 0.01 Mpps, 6 Mbit/s (8 Mbit/s with framing)
[0;34m[Device: id=1] TX[0m: 0.02 Mpps, 11 Mbit/s (15 Mbit/s with framing)
[1;36m[Device: id=1] RX[0m: 0.01 Mpps, 5 Mbit/s (7 Mbit/s with framing)
[0;34m[Device: id=1] TX[0m: 0.02 Mpps, 11 Mbit/s (15 Mbit/s with framing)
[1;36m[Device: id=1] RX[0m: 0.01 Mpps, 5 Mbit/s (6 Mbit/s with framing)
[0;34m[Device: id=1] TX[0m: 0.02 Mpps, 11 Mbit/s (15 Mbit/s with framing)
[1;36m[Device: id=1] RX[0m: 0.01 Mpps, 5 Mbit/s (6 Mbit/s with framing)
[0;34m[Device: id=1] TX[0m: 0.02 Mpps, 11 Mbit/s (15 Mbit/s with framing)
[1;36m[Device: id=1] RX[0m: 0.01 Mpps, 5 Mbit/s (6 Mbit/s with framing)
[0;34m[Device: id=1] TX[0m: 0.02 Mpps, 11 Mbit/s (15 Mbit/s with framing)
[1;36m[Device: id=1] RX[0m: 0.01 Mpps, 5 Mbit/s (6 Mbit/s with framing)
[0;34m[Device: id=1] TX[0m: 0.02 Mpps, 11 Mbit/s (15 Mbit/s with framing)
[1;36m[Device: id=1] RX[0m: 0.01 Mpps, 6 Mbit/s (8 Mbit/s with framing)
[0;34m[Device: id=1] TX[0m: 0.02 Mpps, 11 Mbit/s (15 Mbit/s with framing)
[1;36m[Device: id=1] RX[0m: 0.01 Mpps, 6 Mbit/s (8 Mbit/s with framing)
[0;34m[Device: id=1] TX[0m: 0.02 Mpps, 11 Mbit/s (15 Mbit/s with framing)
[1;36m[Device: id=1] RX[0m: 0.01 Mpps, 6 Mbit/s (8 Mbit/s with framing)
[0;34m[Device: id=1] TX[0m: 0.02 Mpps, 11 Mbit/s (15 Mbit/s with framing)
[1;36m[Device: id=1] RX[0m: 0.01 Mpps, 6 Mbit/s (8 Mbit/s with framing)
[0;34m[Device: id=1] TX[0m: 0.02 Mpps, 11 Mbit/s (15 Mbit/s with framing)
Samples: 670, Average: 6196206.5 ns, StdDev: 917208.0 ns, Quartiles: 5534535.0/5691372.0/7078009.0 ns
[1;37m[INFO]  Saving histogram to 'histogram.csv'[0m
[1;36m[Device: id=1] RX[0m: 0.01 (StdDev 0.00) Mpps, 5 (StdDev 1) Mbit/s (7 Mbit/s with framing), total 305883 packets with 19576572 bytes (incl. CRC)
[0;34m[Device: id=1] TX[0m: 0.02 (StdDev 0.00) Mpps, 11 (StdDev 0) Mbit/s (15 Mbit/s with framing), total 649170 packets with 41546880 bytes (incl. CRC)
