/nix/store/2vwkssqpzykk37r996cafq7x63imf4sp-openjdk-21+35/bin/java  -classpath /nix/store/zw02np72fzsmga6s5mphhw7x8qlzf4sv-ycsb-0.17.0/share/conf:/nix/store/zw02np72fzsmga6s5mphhw7x8qlzf4sv-ycsb-0.17.0/share/lib/core-0.17.0.jar:/nix/store/zw02np72fzsmga6s5mphhw7x8qlzf4sv-ycsb-0.17.0/share/lib/HdrHistogram-2.1.4.jar:/nix/store/zw02np72fzsmga6s5mphhw7x8qlzf4sv-ycsb-0.17.0/share/lib/htrace-core4-4.1.0-incubating.jar:/nix/store/zw02np72fzsmga6s5mphhw7x8qlzf4sv-ycsb-0.17.0/share/lib/jackson-core-asl-1.9.4.jar:/nix/store/zw02np72fzsmga6s5mphhw7x8qlzf4sv-ycsb-0.17.0/share/lib/jackson-mapper-asl-1.9.4.jar:/nix/store/zw02np72fzsmga6s5mphhw7x8qlzf4sv-ycsb-0.17.0/share/redis-binding/lib/commons-pool2-2.4.2.jar:/nix/store/zw02np72fzsmga6s5mphhw7x8qlzf4sv-ycsb-0.17.0/share/redis-binding/lib/jedis-2.9.0.jar:/nix/store/zw02np72fzsmga6s5mphhw7x8qlzf4sv-ycsb-0.17.0/share/redis-binding/lib/redis-binding-0.17.0.jar site.ycsb.Client -t -db site.ycsb.db.RedisClient -s -P /home/host/vmuxIO/test/moonprogs//../../ycsb/share/workloads/workloada -p redis.host=10.1.0.2 -p redis.port=6379 -p operationcount=429496729 -p maxexecutiontime=61 -threads 1
Command line: -t -db site.ycsb.db.RedisClient -s -P /home/host/vmuxIO/test/moonprogs//../../ycsb/share/workloads/workloada -p redis.host=10.1.0.2 -p redis.port=6379 -p operationcount=429496729 -p maxexecutiontime=61 -threads 1
YCSB Client 0.17.0

Loading workload...
Starting test.
Maximum execution time specified as: 61 secs
DBWrapper: report latency for each error is false and specific error codes to track for latency are: []
2025-02-08 07:52:39:986 0 sec: 0 operations; est completion in 0 second 
2025-02-08 07:52:49:831 10 sec: 38813 operations; 3881.3 current ops/sec; est completion in 1 day 6 hours [READ: Count=19445, Max=44351, Min=194, Avg=245.65, 90=260, 99=395, 99.9=2843, 99.99=5215] [UPDATE: Count=19462, Max=4275, Min=198, Avg=248.29, 90=263, 99=400, 99.9=2975, 99.99=4099] 
2025-02-08 07:52:59:832 20 sec: 80385 operations; 4156.78 current ops/sec; est completion in 1 day 5 hours [READ: Count=20752, Max=4335, Min=194, Avg=236.11, 90=242, 99=352, 99.9=3909, 99.99=4243] [UPDATE: Count=20726, Max=4511, Min=195, Avg=236.99, 90=248, 99=351, 99.9=3859, 99.99=4263] 
2025-02-08 07:53:09:831 30 sec: 124031 operations; 4365.04 current ops/sec; est completion in 1 day 4 hours [READ: Count=21831, Max=8727, Min=196, Avg=226.86, 90=247, 99=388, 99.9=581, 99.99=2437] [UPDATE: Count=21816, Max=3251, Min=197, Avg=226.62, 90=246, 99=384, 99.9=597, 99.99=2597] 
2025-02-08 07:53:19:831 40 sec: 168861 operations; 4483 current ops/sec; est completion in 1 day 4 hours [READ: Count=22346, Max=2439, Min=198, Avg=221.59, 90=232, 99=348, 99.9=378, 99.99=606] [UPDATE: Count=22483, Max=2451, Min=191, Avg=220.83, 90=231, 99=345, 99.9=366, 99.99=2449] 
2025-02-08 07:53:29:831 50 sec: 215031 operations; 4617 current ops/sec; est completion in 1 day 3 hours [READ: Count=23007, Max=2463, Min=200, Avg=214.32, 90=221, 99=239, 99.9=349, 99.99=546] [UPDATE: Count=23163, Max=4231, Min=199, Avg=215.32, 90=222, 99=242, 99.9=348, 99.99=2445] 
2025-02-08 07:53:39:831 60 sec: 259672 operations; 4464.1 current ops/sec; est completion in 1 day 3 hours [READ: Count=22219, Max=3837, Min=198, Avg=222.24, 90=240, 99=357, 99.9=504, 99.99=2683] [UPDATE: Count=22422, Max=3325, Min=197, Avg=221.75, 90=238, 99=349, 99.9=455, 99.99=801] 
Maximum time elapsed. Requesting stop for the workload.
Stop requested for workload. Now Joining!
2025-02-08 07:53:40:843 61 sec: 264308 operations; 4581.03 current ops/sec; est completion in 1 day 3 hours [READ: Count=2297, Max=3741, Min=196, Avg=216.07, 90=222, 99=252, 99.9=453, 99.99=3741] [CLEANUP: Count=1, Max=1098, Min=1098, Avg=1098, 90=1098, 99=1098, 99.9=1098, 99.99=1098] [UPDATE: Count=2339, Max=2583, Min=198, Avg=216.18, 90=223, 99=242, 99.9=378, 99.99=2583] 
[OVERALL], RunTime(ms), 61019
[OVERALL], Throughput(ops/sec), 4331.568855602353
[TOTAL_GCS_Copy], Count, 25
[TOTAL_GC_TIME_Copy], Time(ms), 19
[TOTAL_GC_TIME_%_Copy], Time(%), 0.0311378423114112
[TOTAL_GCS_MarkSweepCompact], Count, 0
[TOTAL_GC_TIME_MarkSweepCompact], Time(ms), 0
[TOTAL_GC_TIME_%_MarkSweepCompact], Time(%), 0.0
[TOTAL_GCs], Count, 25
[TOTAL_GC_TIME], Time(ms), 19
[TOTAL_GC_TIME_%], Time(%), 0.0311378423114112
[READ], Operations, 131897
[READ], AverageLatency(us), 227.03913659901286
[READ], MinLatency(us), 194
[READ], MaxLatency(us), 44351
[READ], 95thPercentileLatency(us), 261
[READ], 99thPercentileLatency(us), 362
[READ], Return=OK, 131897
[CLEANUP], Operations, 1
[CLEANUP], AverageLatency(us), 1098.0
[CLEANUP], MinLatency(us), 1098
[CLEANUP], MaxLatency(us), 1098
[CLEANUP], 95thPercentileLatency(us), 1098
[CLEANUP], 99thPercentileLatency(us), 1098
[UPDATE], Operations, 132411
[UPDATE], AverageLatency(us), 227.45939536745436
[UPDATE], MinLatency(us), 191
[UPDATE], MaxLatency(us), 4511
[UPDATE], 95thPercentileLatency(us), 261
[UPDATE], 99thPercentileLatency(us), 355
[UPDATE], Return=OK, 132411
AUTOTEST_DONE
