/nix/store/2vwkssqpzykk37r996cafq7x63imf4sp-openjdk-21+35/bin/java  -classpath /nix/store/zw02np72fzsmga6s5mphhw7x8qlzf4sv-ycsb-0.17.0/share/conf:/nix/store/zw02np72fzsmga6s5mphhw7x8qlzf4sv-ycsb-0.17.0/share/lib/core-0.17.0.jar:/nix/store/zw02np72fzsmga6s5mphhw7x8qlzf4sv-ycsb-0.17.0/share/lib/HdrHistogram-2.1.4.jar:/nix/store/zw02np72fzsmga6s5mphhw7x8qlzf4sv-ycsb-0.17.0/share/lib/htrace-core4-4.1.0-incubating.jar:/nix/store/zw02np72fzsmga6s5mphhw7x8qlzf4sv-ycsb-0.17.0/share/lib/jackson-core-asl-1.9.4.jar:/nix/store/zw02np72fzsmga6s5mphhw7x8qlzf4sv-ycsb-0.17.0/share/lib/jackson-mapper-asl-1.9.4.jar:/nix/store/zw02np72fzsmga6s5mphhw7x8qlzf4sv-ycsb-0.17.0/share/redis-binding/lib/commons-pool2-2.4.2.jar:/nix/store/zw02np72fzsmga6s5mphhw7x8qlzf4sv-ycsb-0.17.0/share/redis-binding/lib/jedis-2.9.0.jar:/nix/store/zw02np72fzsmga6s5mphhw7x8qlzf4sv-ycsb-0.17.0/share/redis-binding/lib/redis-binding-0.17.0.jar site.ycsb.Client -t -db site.ycsb.db.RedisClient -s -P /home/host/vmuxIO/test/moonprogs//../../ycsb/share/workloads/workloada -p redis.host=10.1.0.2 -p redis.port=6382 -p operationcount=429496729 -p maxexecutiontime=61 -threads 1
Command line: -t -db site.ycsb.db.RedisClient -s -P /home/host/vmuxIO/test/moonprogs//../../ycsb/share/workloads/workloada -p redis.host=10.1.0.2 -p redis.port=6382 -p operationcount=429496729 -p maxexecutiontime=61 -threads 1
YCSB Client 0.17.0

Loading workload...
Starting test.
Maximum execution time specified as: 61 secs
DBWrapper: report latency for each error is false and specific error codes to track for latency are: []
2024-10-15 13:51:13:586 0 sec: 0 operations; est completion in 0 second [UPDATE: Count=1, Max=28319, Min=28304, Avg=28312, 90=28319, 99=28319, 99.9=28319, 99.99=28319] 
2024-10-15 13:51:23:392 10 sec: 46272 operations; 4627.2 current ops/sec; est completion in 1 day 1 hour [READ: Count=23157, Max=38527, Min=108, Avg=205.5, 90=260, 99=403, 99.9=2943, 99.99=6507] [UPDATE: Count=23114, Max=14823, Min=103, Avg=204.03, 90=257, 99=422, 99.9=3065, 99.99=6319] 
2024-10-15 13:51:33:392 20 sec: 89093 operations; 4282.1 current ops/sec; est completion in 1 day 2 hours [READ: Count=21325, Max=10335, Min=116, Avg=232.62, 90=305, 99=436, 99.9=652, 99.99=4467] [UPDATE: Count=21496, Max=3419, Min=115, Avg=227.82, 90=300, 99=430, 99.9=648, 99.99=2631] 
2024-10-15 13:51:43:392 30 sec: 131998 operations; 4290.5 current ops/sec; est completion in 1 day 3 hours [READ: Count=21423, Max=4439, Min=119, Avg=231.99, 90=301, 99=430, 99.9=692, 99.99=3001] [UPDATE: Count=21482, Max=6939, Min=126, Avg=228.8, 90=295, 99=432, 99.9=757, 99.99=3905] 
2024-10-15 13:51:53:392 40 sec: 176771 operations; 4477.3 current ops/sec; est completion in 1 day 2 hours [READ: Count=22468, Max=6231, Min=126, Avg=223.15, 90=280, 99=420, 99.9=542, 99.99=3069] [UPDATE: Count=22305, Max=954, Min=119, Avg=218.72, 90=276, 99=406, 99.9=524, 99.99=685] 
2024-10-15 13:52:03:392 50 sec: 219765 operations; 4299.4 current ops/sec; est completion in 1 day 3 hours [READ: Count=21396, Max=2435, Min=116, Avg=231.53, 90=304, 99=436, 99.9=572, 99.99=842] [UPDATE: Count=21598, Max=5347, Min=109, Avg=228.7, 90=302, 99=433, 99.9=567, 99.99=752] 
2024-10-15 13:52:13:392 60 sec: 263040 operations; 4327.5 current ops/sec; est completion in 1 day 3 hours [READ: Count=21551, Max=4055, Min=124, Avg=230.04, 90=297, 99=429, 99.9=540, 99.99=661] [UPDATE: Count=21724, Max=7119, Min=120, Avg=226.89, 90=293, 99=423, 99.9=542, 99.99=1352] 
Maximum time elapsed. Requesting stop for the workload.
Stop requested for workload. Now Joining!
2024-10-15 13:52:14:404 61 sec: 267488 operations; 4390.92 current ops/sec; est completion in 1 day 3 hours [READ: Count=2220, Max=526, Min=124, Avg=223.33, 90=288, 99=385, 99.9=488, 99.99=526] [CLEANUP: Count=1, Max=1333, Min=1333, Avg=1333, 90=1333, 99=1333, 99.9=1333, 99.99=1333] [UPDATE: Count=2228, Max=5599, Min=124, Avg=224.33, 90=291, 99=419, 99.9=501, 99.99=5599] 
[OVERALL], RunTime(ms), 61021
[OVERALL], Throughput(ops/sec), 4383.540092754954
[TOTAL_GCS_Copy], Count, 25
[TOTAL_GC_TIME_Copy], Time(ms), 21
[TOTAL_GC_TIME_%_Copy], Time(%), 0.034414381934088266
[TOTAL_GCS_MarkSweepCompact], Count, 0
[TOTAL_GC_TIME_MarkSweepCompact], Time(ms), 0
[TOTAL_GC_TIME_%_MarkSweepCompact], Time(%), 0.0
[TOTAL_GCs], Count, 25
[TOTAL_GC_TIME], Time(ms), 21
[TOTAL_GC_TIME_%], Time(%), 0.034414381934088266
[READ], Operations, 133540
[READ], AverageLatency(us), 225.47859068443913
[READ], MinLatency(us), 108
[READ], MaxLatency(us), 38527
[READ], 95thPercentileLatency(us), 332
[READ], 99thPercentileLatency(us), 427
[READ], Return=OK, 133540
[CLEANUP], Operations, 1
[CLEANUP], AverageLatency(us), 1333.0
[CLEANUP], MinLatency(us), 1333
[CLEANUP], MaxLatency(us), 1333
[CLEANUP], 95thPercentileLatency(us), 1333
[CLEANUP], 99thPercentileLatency(us), 1333
[UPDATE], Operations, 133948
[UPDATE], AverageLatency(us), 222.50194105175143
[UPDATE], MinLatency(us), 103
[UPDATE], MaxLatency(us), 28319
[UPDATE], 95thPercentileLatency(us), 328
[UPDATE], 99thPercentileLatency(us), 425
[UPDATE], Return=OK, 133948
AUTOTEST_DONE
