/nix/store/2vwkssqpzykk37r996cafq7x63imf4sp-openjdk-21+35/bin/java  -classpath /nix/store/zw02np72fzsmga6s5mphhw7x8qlzf4sv-ycsb-0.17.0/share/conf:/nix/store/zw02np72fzsmga6s5mphhw7x8qlzf4sv-ycsb-0.17.0/share/lib/core-0.17.0.jar:/nix/store/zw02np72fzsmga6s5mphhw7x8qlzf4sv-ycsb-0.17.0/share/lib/HdrHistogram-2.1.4.jar:/nix/store/zw02np72fzsmga6s5mphhw7x8qlzf4sv-ycsb-0.17.0/share/lib/htrace-core4-4.1.0-incubating.jar:/nix/store/zw02np72fzsmga6s5mphhw7x8qlzf4sv-ycsb-0.17.0/share/lib/jackson-core-asl-1.9.4.jar:/nix/store/zw02np72fzsmga6s5mphhw7x8qlzf4sv-ycsb-0.17.0/share/lib/jackson-mapper-asl-1.9.4.jar:/nix/store/zw02np72fzsmga6s5mphhw7x8qlzf4sv-ycsb-0.17.0/share/redis-binding/lib/commons-pool2-2.4.2.jar:/nix/store/zw02np72fzsmga6s5mphhw7x8qlzf4sv-ycsb-0.17.0/share/redis-binding/lib/jedis-2.9.0.jar:/nix/store/zw02np72fzsmga6s5mphhw7x8qlzf4sv-ycsb-0.17.0/share/redis-binding/lib/redis-binding-0.17.0.jar site.ycsb.Client -t -db site.ycsb.db.RedisClient -s -P /home/host/vmuxIO/test/moonprogs//../../ycsb/share/workloads/workloada -p redis.host=10.1.0.2 -p redis.port=6387 -p operationcount=429496729 -p maxexecutiontime=61 -threads 1
Command line: -t -db site.ycsb.db.RedisClient -s -P /home/host/vmuxIO/test/moonprogs//../../ycsb/share/workloads/workloada -p redis.host=10.1.0.2 -p redis.port=6387 -p operationcount=429496729 -p maxexecutiontime=61 -threads 1
YCSB Client 0.17.0

Loading workload...
Starting test.
Maximum execution time specified as: 61 secs
DBWrapper: report latency for each error is false and specific error codes to track for latency are: []
2024-10-15 13:51:14:381 0 sec: 0 operations; est completion in 0 second 
2024-10-15 13:51:24:169 10 sec: 39207 operations; 3920.7 current ops/sec; est completion in 1 day 6 hours [READ: Count=19733, Max=29663, Min=122, Avg=245.76, 90=296, 99=1008, 99.9=3715, 99.99=7003] [UPDATE: Count=19488, Max=29695, Min=122, Avg=241.33, 90=294, 99=825, 99.9=3743, 99.99=7151] 
2024-10-15 13:51:34:169 20 sec: 80180 operations; 4097.3 current ops/sec; est completion in 1 day 5 hours [READ: Count=20515, Max=6375, Min=123, Avg=241.52, 90=315, 99=458, 99.9=688, 99.99=3017] [UPDATE: Count=20444, Max=4041, Min=117, Avg=238.2, 90=313, 99=459, 99.9=658, 99.99=1968] 
2024-10-15 13:51:44:169 30 sec: 121394 operations; 4121.4 current ops/sec; est completion in 1 day 5 hours [READ: Count=20829, Max=4931, Min=121, Avg=240.73, 90=309, 99=454, 99.9=622, 99.99=2181] [UPDATE: Count=20385, Max=16511, Min=131, Avg=238.41, 90=307, 99=444, 99.9=597, 99.99=4499] 
2024-10-15 13:51:54:169 40 sec: 162126 operations; 4073.2 current ops/sec; est completion in 1 day 5 hours [READ: Count=20307, Max=9031, Min=127, Avg=245.3, 90=319, 99=469, 99.9=645, 99.99=3083] [UPDATE: Count=20425, Max=2823, Min=118, Avg=240.54, 90=317, 99=459, 99.9=592, 99.99=823] 
2024-10-15 13:52:04:169 50 sec: 203261 operations; 4113.5 current ops/sec; est completion in 1 day 5 hours [READ: Count=20435, Max=4215, Min=125, Avg=242.6, 90=318, 99=465, 99.9=632, 99.99=1781] [UPDATE: Count=20700, Max=5191, Min=122, Avg=238.59, 90=314, 99=455, 99.9=601, 99.99=2647] 
2024-10-15 13:52:14:169 60 sec: 245118 operations; 4185.7 current ops/sec; est completion in 1 day 5 hours [READ: Count=20914, Max=4087, Min=119, Avg=238.28, 90=310, 99=457, 99.9=609, 99.99=741] [UPDATE: Count=20943, Max=2215, Min=123, Avg=234.57, 90=306, 99=445, 99.9=586, 99.99=806] 
Maximum time elapsed. Requesting stop for the workload.
Stop requested for workload. Now Joining!
2024-10-15 13:52:15:178 61 sec: 250748 operations; 5579.78 current ops/sec; est completion in 1 day 5 hours [READ: Count=2779, Max=692, Min=122, Avg=177.46, 90=212, 99=297, 99.9=380, 99.99=692] [CLEANUP: Count=1, Max=1220, Min=1220, Avg=1220, 90=1220, 99=1220, 99.9=1220, 99.99=1220] [UPDATE: Count=2851, Max=7715, Min=111, Avg=175.35, 90=206, 99=274, 99.9=375, 99.99=7715] 
[OVERALL], RunTime(ms), 61014
[OVERALL], Throughput(ops/sec), 4109.67974563215
[TOTAL_GCS_Copy], Count, 23
[TOTAL_GC_TIME_Copy], Time(ms), 35
[TOTAL_GC_TIME_%_Copy], Time(%), 0.05736388369882322
[TOTAL_GCS_MarkSweepCompact], Count, 0
[TOTAL_GC_TIME_MarkSweepCompact], Time(ms), 0
[TOTAL_GC_TIME_%_MarkSweepCompact], Time(%), 0.0
[TOTAL_GCs], Count, 23
[TOTAL_GC_TIME], Time(ms), 35
[TOTAL_GC_TIME_%], Time(%), 0.05736388369882322
[READ], Operations, 125512
[READ], AverageLatency(us), 240.8853257059086
[READ], MinLatency(us), 119
[READ], MaxLatency(us), 29663
[READ], 95thPercentileLatency(us), 355
[READ], 99thPercentileLatency(us), 469
[READ], Return=OK, 125512
[CLEANUP], Operations, 1
[CLEANUP], AverageLatency(us), 1220.0
[CLEANUP], MinLatency(us), 1220
[CLEANUP], MaxLatency(us), 1220
[CLEANUP], 95thPercentileLatency(us), 1220
[CLEANUP], 99thPercentileLatency(us), 1220
[UPDATE], Operations, 125236
[UPDATE], AverageLatency(us), 237.12874093711073
[UPDATE], MinLatency(us), 111
[UPDATE], MaxLatency(us), 29695
[UPDATE], 95thPercentileLatency(us), 352
[UPDATE], 99thPercentileLatency(us), 459
[UPDATE], Return=OK, 125236
AUTOTEST_DONE
