/nix/store/2vwkssqpzykk37r996cafq7x63imf4sp-openjdk-21+35/bin/java  -classpath /nix/store/zw02np72fzsmga6s5mphhw7x8qlzf4sv-ycsb-0.17.0/share/conf:/nix/store/zw02np72fzsmga6s5mphhw7x8qlzf4sv-ycsb-0.17.0/share/lib/core-0.17.0.jar:/nix/store/zw02np72fzsmga6s5mphhw7x8qlzf4sv-ycsb-0.17.0/share/lib/HdrHistogram-2.1.4.jar:/nix/store/zw02np72fzsmga6s5mphhw7x8qlzf4sv-ycsb-0.17.0/share/lib/htrace-core4-4.1.0-incubating.jar:/nix/store/zw02np72fzsmga6s5mphhw7x8qlzf4sv-ycsb-0.17.0/share/lib/jackson-core-asl-1.9.4.jar:/nix/store/zw02np72fzsmga6s5mphhw7x8qlzf4sv-ycsb-0.17.0/share/lib/jackson-mapper-asl-1.9.4.jar:/nix/store/zw02np72fzsmga6s5mphhw7x8qlzf4sv-ycsb-0.17.0/share/redis-binding/lib/commons-pool2-2.4.2.jar:/nix/store/zw02np72fzsmga6s5mphhw7x8qlzf4sv-ycsb-0.17.0/share/redis-binding/lib/jedis-2.9.0.jar:/nix/store/zw02np72fzsmga6s5mphhw7x8qlzf4sv-ycsb-0.17.0/share/redis-binding/lib/redis-binding-0.17.0.jar site.ycsb.Client -t -db site.ycsb.db.RedisClient -s -P /home/host/vmuxIO/test/moonprogs//../../ycsb/share/workloads/workloada -p redis.host=10.1.0.2 -p redis.port=6379 -p operationcount=429496729 -p maxexecutiontime=61 -threads 1
Command line: -t -db site.ycsb.db.RedisClient -s -P /home/host/vmuxIO/test/moonprogs//../../ycsb/share/workloads/workloada -p redis.host=10.1.0.2 -p redis.port=6379 -p operationcount=429496729 -p maxexecutiontime=61 -threads 1
YCSB Client 0.17.0

Loading workload...
Starting test.
Maximum execution time specified as: 61 secs
DBWrapper: report latency for each error is false and specific error codes to track for latency are: []
2024-10-15 13:52:45:232 0 sec: 0 operations; est completion in 0 second 
2024-10-15 13:52:55:084 10 sec: 42123 operations; 4211.88 current ops/sec; est completion in 1 day 4 hours [READ: Count=20942, Max=16007, Min=117, Avg=227.12, 90=295, 99=474, 99.9=1731, 99.99=6143] [UPDATE: Count=21186, Max=23983, Min=117, Avg=226.84, 90=292, 99=504, 99.9=2569, 99.99=6115] 
2024-10-15 13:53:05:084 20 sec: 80795 operations; 3867.59 current ops/sec; est completion in 1 day 5 hours [READ: Count=19276, Max=10535, Min=122, Avg=256.87, 90=353, 99=527, 99.9=870, 99.99=3117] [UPDATE: Count=19391, Max=3833, Min=125, Avg=252.68, 90=349, 99=532, 99.9=863, 99.99=3065] 
2024-10-15 13:53:15:084 30 sec: 119976 operations; 3918.1 current ops/sec; est completion in 1 day 5 hours [READ: Count=19766, Max=3509, Min=129, Avg=253.9, 90=350, 99=520, 99.9=726, 99.99=2479] [UPDATE: Count=19415, Max=9191, Min=130, Avg=250.55, 90=347, 99=521, 99.9=718, 99.99=2189] 
2024-10-15 13:53:25:084 40 sec: 159172 operations; 3919.6 current ops/sec; est completion in 1 day 5 hours [READ: Count=19407, Max=4435, Min=131, Avg=254.28, 90=351, 99=528, 99.9=703, 99.99=1055] [UPDATE: Count=19789, Max=4077, Min=124, Avg=250.4, 90=348, 99=525, 99.9=712, 99.99=1173] 
2024-10-15 13:53:35:084 50 sec: 198680 operations; 3950.8 current ops/sec; est completion in 1 day 6 hours [READ: Count=19692, Max=2041, Min=129, Avg=251.77, 90=349, 99=524, 99.9=711, 99.99=953] [UPDATE: Count=19816, Max=5347, Min=118, Avg=249.14, 90=347, 99=515, 99.9=698, 99.99=2987] 
2024-10-15 13:53:45:084 60 sec: 237820 operations; 3914 current ops/sec; est completion in 1 day 6 hours [READ: Count=19553, Max=1930, Min=128, Avg=255.04, 90=351, 99=523, 99.9=700, 99.99=1134] [UPDATE: Count=19587, Max=6431, Min=131, Avg=250.53, 90=345, 99=517, 99.9=720, 99.99=982] 
Maximum time elapsed. Requesting stop for the workload.
Stop requested for workload. Now Joining!
2024-10-15 13:53:46:096 61 sec: 241817 operations; 3945.71 current ops/sec; est completion in 1 day 6 hours [READ: Count=2026, Max=864, Min=138, Avg=249.35, 90=338, 99=543, 99.9=647, 99.99=864] [CLEANUP: Count=1, Max=1217, Min=1217, Avg=1217, 90=1217, 99=1217, 99.9=1217, 99.99=1217] [UPDATE: Count=1971, Max=2333, Min=126, Avg=246.73, 90=337, 99=487, 99.9=871, 99.99=2333] 
[OVERALL], RunTime(ms), 61021
[OVERALL], Throughput(ops/sec), 3962.8488553121056
[TOTAL_GCS_Copy], Count, 22
[TOTAL_GC_TIME_Copy], Time(ms), 25
[TOTAL_GC_TIME_%_Copy], Time(%), 0.04096950230248603
[TOTAL_GCS_MarkSweepCompact], Count, 0
[TOTAL_GC_TIME_MarkSweepCompact], Time(ms), 0
[TOTAL_GC_TIME_%_MarkSweepCompact], Time(%), 0.0
[TOTAL_GCs], Count, 22
[TOTAL_GC_TIME], Time(ms), 25
[TOTAL_GC_TIME_%], Time(%), 0.04096950230248603
[READ], Operations, 120662
[READ], AverageLatency(us), 249.54930301171868
[READ], MinLatency(us), 117
[READ], MaxLatency(us), 16007
[READ], 95thPercentileLatency(us), 393
[READ], 99thPercentileLatency(us), 521
[READ], Return=OK, 120662
[CLEANUP], Operations, 1
[CLEANUP], AverageLatency(us), 1217.0
[CLEANUP], MinLatency(us), 1217
[CLEANUP], MaxLatency(us), 1217
[CLEANUP], 95thPercentileLatency(us), 1217
[CLEANUP], 99thPercentileLatency(us), 1217
[UPDATE], Operations, 121155
[UPDATE], AverageLatency(us), 246.4244562750196
[UPDATE], MinLatency(us), 117
[UPDATE], MaxLatency(us), 23983
[UPDATE], 95thPercentileLatency(us), 390
[UPDATE], 99thPercentileLatency(us), 519
[UPDATE], Return=OK, 121155
AUTOTEST_DONE
