/nix/store/2vwkssqpzykk37r996cafq7x63imf4sp-openjdk-21+35/bin/java  -classpath /nix/store/zw02np72fzsmga6s5mphhw7x8qlzf4sv-ycsb-0.17.0/share/conf:/nix/store/zw02np72fzsmga6s5mphhw7x8qlzf4sv-ycsb-0.17.0/share/lib/core-0.17.0.jar:/nix/store/zw02np72fzsmga6s5mphhw7x8qlzf4sv-ycsb-0.17.0/share/lib/HdrHistogram-2.1.4.jar:/nix/store/zw02np72fzsmga6s5mphhw7x8qlzf4sv-ycsb-0.17.0/share/lib/htrace-core4-4.1.0-incubating.jar:/nix/store/zw02np72fzsmga6s5mphhw7x8qlzf4sv-ycsb-0.17.0/share/lib/jackson-core-asl-1.9.4.jar:/nix/store/zw02np72fzsmga6s5mphhw7x8qlzf4sv-ycsb-0.17.0/share/lib/jackson-mapper-asl-1.9.4.jar:/nix/store/zw02np72fzsmga6s5mphhw7x8qlzf4sv-ycsb-0.17.0/share/redis-binding/lib/commons-pool2-2.4.2.jar:/nix/store/zw02np72fzsmga6s5mphhw7x8qlzf4sv-ycsb-0.17.0/share/redis-binding/lib/jedis-2.9.0.jar:/nix/store/zw02np72fzsmga6s5mphhw7x8qlzf4sv-ycsb-0.17.0/share/redis-binding/lib/redis-binding-0.17.0.jar site.ycsb.Client -t -db site.ycsb.db.RedisClient -s -P /home/host/vmuxIO/test/moonprogs//../../ycsb/share/workloads/workloada -p redis.host=10.1.0.2 -p redis.port=6384 -p operationcount=429496729 -p maxexecutiontime=61 -threads 1
Command line: -t -db site.ycsb.db.RedisClient -s -P /home/host/vmuxIO/test/moonprogs//../../ycsb/share/workloads/workloada -p redis.host=10.1.0.2 -p redis.port=6384 -p operationcount=429496729 -p maxexecutiontime=61 -threads 1
YCSB Client 0.17.0

Loading workload...
Starting test.
Maximum execution time specified as: 61 secs
DBWrapper: report latency for each error is false and specific error codes to track for latency are: []
2025-04-18 14:46:53:553 0 sec: 0 operations; est completion in 0 second 
2025-04-18 14:47:03:391 10 sec: 63187 operations; 6318.07 current ops/sec; est completion in 18 hours 52 minutes [READ: Count=31622, Max=21327, Min=62, Avg=148.08, 90=225, 99=1209, 99.9=3913, 99.99=6867] [UPDATE: Count=31568, Max=25983, Min=63, Avg=153.78, 90=235, 99=1344, 99.9=3849, 99.99=6083] 
2025-04-18 14:47:13:389 20 sec: 133497 operations; 7031.7 current ops/sec; est completion in 17 hours 52 minutes [READ: Count=35148, Max=4631, Min=60, Avg=141.6, 90=266, 99=503, 99.9=1625, 99.99=4151] [UPDATE: Count=35159, Max=41855, Min=57, Avg=138.75, 90=260, 99=501, 99.9=1675, 99.99=4755] 
2025-04-18 14:47:23:389 30 sec: 192908 operations; 5941.1 current ops/sec; est completion in 18 hours 32 minutes [READ: Count=29753, Max=7627, Min=61, Avg=167.25, 90=273, 99=363, 99.9=1944, 99.99=3917] [UPDATE: Count=29658, Max=19839, Min=57, Avg=165.22, 90=272, 99=355, 99.9=1852, 99.99=3451] 
2025-04-18 14:47:33:389 40 sec: 270339 operations; 7743.1 current ops/sec; est completion in 17 hours 38 minutes [READ: Count=38474, Max=7895, Min=60, Avg=128.58, 90=224, 99=310, 99.9=528, 99.99=2907] [UPDATE: Count=38957, Max=4139, Min=57, Avg=126.37, 90=221, 99=310, 99.9=481, 99.99=3323] 
2025-04-18 14:47:43:389 50 sec: 331500 operations; 6116.1 current ops/sec; est completion in 17 hours 58 minutes [READ: Count=30598, Max=3403, Min=61, Avg=162.72, 90=286, 99=435, 99.9=677, 99.99=1959] [UPDATE: Count=30563, Max=4643, Min=58, Avg=160.35, 90=285, 99=444, 99.9=729, 99.99=4207] 
2025-04-18 14:47:53:389 60 sec: 384595 operations; 5309.5 current ops/sec; est completion in 18 hours 35 minutes [READ: Count=26590, Max=7255, Min=61, Avg=185.85, 90=288, 99=387, 99.9=738, 99.99=2705] [UPDATE: Count=26505, Max=6291, Min=59, Avg=186.37, 90=290, 99=392, 99.9=914, 99.99=3457] 
Maximum time elapsed. Requesting stop for the workload.
Stop requested for workload. Now Joining!
2025-04-18 14:47:54:397 61 sec: 389529 operations; 4899.7 current ops/sec; est completion in 18 hours 40 minutes [READ: Count=2404, Max=10119, Min=73, Avg=205.57, 90=274, 99=357, 99.9=710, 99.99=10119] [CLEANUP: Count=1, Max=1055, Min=1055, Avg=1055, 90=1055, 99=1055, 99.9=1055, 99.99=1055] [UPDATE: Count=2530, Max=1579, Min=75, Avg=198.13, 90=271, 99=363, 99.9=726, 99.99=1579] 
[OVERALL], RunTime(ms), 61022
[OVERALL], Throughput(ops/sec), 6383.419094752712
[TOTAL_GCS_Copy], Count, 36
[TOTAL_GC_TIME_Copy], Time(ms), 28
[TOTAL_GC_TIME_%_Copy], Time(%), 0.04588509062305398
[TOTAL_GCS_MarkSweepCompact], Count, 0
[TOTAL_GC_TIME_MarkSweepCompact], Time(ms), 0
[TOTAL_GC_TIME_%_MarkSweepCompact], Time(%), 0.0
[TOTAL_GCs], Count, 36
[TOTAL_GC_TIME], Time(ms), 28
[TOTAL_GC_TIME_%], Time(%), 0.04588509062305398
[READ], Operations, 194589
[READ], AverageLatency(us), 154.1592022159526
[READ], MinLatency(us), 60
[READ], MaxLatency(us), 21327
[READ], 95thPercentileLatency(us), 299
[READ], 99thPercentileLatency(us), 455
[READ], Return=OK, 194589
[CLEANUP], Operations, 1
[CLEANUP], AverageLatency(us), 1055.0
[CLEANUP], MinLatency(us), 1055
[CLEANUP], MaxLatency(us), 1055
[CLEANUP], 95thPercentileLatency(us), 1055
[CLEANUP], 99thPercentileLatency(us), 1055
[UPDATE], Operations, 194940
[UPDATE], AverageLatency(us), 153.36965733046065
[UPDATE], MinLatency(us), 57
[UPDATE], MaxLatency(us), 41855
[UPDATE], 95thPercentileLatency(us), 299
[UPDATE], 99thPercentileLatency(us), 465
[UPDATE], Return=OK, 194940
AUTOTEST_DONE
