/nix/store/2vwkssqpzykk37r996cafq7x63imf4sp-openjdk-21+35/bin/java  -classpath /nix/store/zw02np72fzsmga6s5mphhw7x8qlzf4sv-ycsb-0.17.0/share/conf:/nix/store/zw02np72fzsmga6s5mphhw7x8qlzf4sv-ycsb-0.17.0/share/lib/core-0.17.0.jar:/nix/store/zw02np72fzsmga6s5mphhw7x8qlzf4sv-ycsb-0.17.0/share/lib/HdrHistogram-2.1.4.jar:/nix/store/zw02np72fzsmga6s5mphhw7x8qlzf4sv-ycsb-0.17.0/share/lib/htrace-core4-4.1.0-incubating.jar:/nix/store/zw02np72fzsmga6s5mphhw7x8qlzf4sv-ycsb-0.17.0/share/lib/jackson-core-asl-1.9.4.jar:/nix/store/zw02np72fzsmga6s5mphhw7x8qlzf4sv-ycsb-0.17.0/share/lib/jackson-mapper-asl-1.9.4.jar:/nix/store/zw02np72fzsmga6s5mphhw7x8qlzf4sv-ycsb-0.17.0/share/redis-binding/lib/commons-pool2-2.4.2.jar:/nix/store/zw02np72fzsmga6s5mphhw7x8qlzf4sv-ycsb-0.17.0/share/redis-binding/lib/jedis-2.9.0.jar:/nix/store/zw02np72fzsmga6s5mphhw7x8qlzf4sv-ycsb-0.17.0/share/redis-binding/lib/redis-binding-0.17.0.jar site.ycsb.Client -t -db site.ycsb.db.RedisClient -s -P /home/host/vmuxIO/test/moonprogs//../../ycsb/share/workloads/workloada -p redis.host=10.1.0.2 -p redis.port=6379 -p operationcount=429496729 -p maxexecutiontime=61 -threads 1
Command line: -t -db site.ycsb.db.RedisClient -s -P /home/host/vmuxIO/test/moonprogs//../../ycsb/share/workloads/workloada -p redis.host=10.1.0.2 -p redis.port=6379 -p operationcount=429496729 -p maxexecutiontime=61 -threads 1
YCSB Client 0.17.0

Loading workload...
Starting test.
Maximum execution time specified as: 61 secs
DBWrapper: report latency for each error is false and specific error codes to track for latency are: []
2024-06-30 01:54:46:652 0 sec: 0 operations; est completion in 0 second 
2024-06-30 01:54:56:439 10 sec: 55609 operations; 5560.34 current ops/sec; est completion in 21 hours 27 minutes [READ: Count=27844, Max=63263, Min=100, Avg=173.23, 90=204, 99=278, 99.9=1256, 99.99=5875] [UPDATE: Count=27775, Max=9215, Min=97, Avg=169.59, 90=204, 99=279, 99.9=1184, 99.99=4231] 
2024-06-30 01:55:06:439 20 sec: 112621 operations; 5701.77 current ops/sec; est completion in 21 hours 10 minutes [READ: Count=28550, Max=3963, Min=96, Avg=174.18, 90=216, 99=282, 99.9=387, 99.99=1043] [UPDATE: Count=28452, Max=1423, Min=95, Avg=171.61, 90=214, 99=277, 99.9=359, 99.99=908] 
2024-06-30 01:55:16:439 30 sec: 169672 operations; 5705.1 current ops/sec; est completion in 21 hours 5 minutes [READ: Count=28489, Max=9039, Min=102, Avg=175.16, 90=213, 99=274, 99.9=375, 99.99=911] [UPDATE: Count=28562, Max=992, Min=102, Avg=171.86, 90=211, 99=271, 99.9=341, 99.99=793] 
2024-06-30 01:55:26:439 40 sec: 228302 operations; 5863 current ops/sec; est completion in 20 hours 53 minutes [READ: Count=29212, Max=8511, Min=101, Avg=170.64, 90=205, 99=254, 99.9=326, 99.99=623] [UPDATE: Count=29418, Max=796, Min=97, Avg=167.2, 90=202, 99=246, 99.9=314, 99.99=562] 
2024-06-30 01:55:36:439 50 sec: 286953 operations; 5865.1 current ops/sec; est completion in 20 hours 46 minutes [READ: Count=29520, Max=711, Min=101, Avg=169.81, 90=205, 99=257, 99.9=332, 99.99=591] [UPDATE: Count=29131, Max=5271, Min=100, Avg=167.64, 90=203, 99=253, 99.9=331, 99.99=575] 
2024-06-30 01:55:46:439 60 sec: 346422 operations; 5946.9 current ops/sec; est completion in 20 hours 38 minutes [READ: Count=29770, Max=2737, Min=90, Avg=167.63, 90=210, 99=265, 99.9=323, 99.99=526] [UPDATE: Count=29699, Max=828, Min=87, Avg=165.31, 90=207, 99=263, 99.9=314, 99.99=491] 
Maximum time elapsed. Requesting stop for the workload.
Stop requested for workload. Now Joining!
2024-06-30 01:55:47:447 61 sec: 352039 operations; 5566.9 current ops/sec; est completion in 20 hours 39 minutes [READ: Count=2776, Max=2861, Min=106, Avg=178.91, 90=214, 99=247, 99.9=311, 99.99=2861] [CLEANUP: Count=1, Max=916, Min=916, Avg=916, 90=916, 99=916, 99.9=916, 99.99=916] [UPDATE: Count=2841, Max=302, Min=107, Avg=176.05, 90=211, 99=240, 99.9=268, 99.99=302] 
[OVERALL], RunTime(ms), 61014
[OVERALL], Throughput(ops/sec), 5769.80692955715
[TOTAL_GCS_Copy], Count, 32
[TOTAL_GC_TIME_Copy], Time(ms), 31
[TOTAL_GC_TIME_%_Copy], Time(%), 0.050808011276100566
[TOTAL_GCS_MarkSweepCompact], Count, 0
[TOTAL_GC_TIME_MarkSweepCompact], Time(ms), 0
[TOTAL_GC_TIME_%_MarkSweepCompact], Time(%), 0.0
[TOTAL_GCs], Count, 32
[TOTAL_GC_TIME], Time(ms), 31
[TOTAL_GC_TIME_%], Time(%), 0.050808011276100566
[READ], Operations, 176161
[READ], AverageLatency(us), 171.83528136193596
[READ], MinLatency(us), 90
[READ], MaxLatency(us), 63263
[READ], 95thPercentileLatency(us), 225
[READ], 99thPercentileLatency(us), 270
[READ], Return=OK, 176161
[CLEANUP], Operations, 1
[CLEANUP], AverageLatency(us), 916.0
[CLEANUP], MinLatency(us), 916
[CLEANUP], MaxLatency(us), 916
[CLEANUP], 95thPercentileLatency(us), 916
[CLEANUP], 99thPercentileLatency(us), 916
[UPDATE], Operations, 175878
[UPDATE], AverageLatency(us), 168.9418289950989
[UPDATE], MinLatency(us), 87
[UPDATE], MaxLatency(us), 9215
[UPDATE], 95thPercentileLatency(us), 222
[UPDATE], 99thPercentileLatency(us), 266
[UPDATE], Return=OK, 175878
AUTOTEST_DONE
