Running 1m test @ http://10.1.0.21:5000
  8 threads and 16 connections

  Thread calibration: mean lat.: 161.500ms, rate sampling interval: 631ms
  Thread calibration: mean lat.: 176.915ms, rate sampling interval: 708ms
  Thread calibration: mean lat.: 214.126ms, rate sampling interval: 1171ms
  Thread calibration: mean lat.: 206.637ms, rate sampling interval: 1065ms
  Thread calibration: mean lat.: 158.344ms, rate sampling interval: 813ms
  Thread calibration: mean lat.: 124.712ms, rate sampling interval: 592ms
  Thread calibration: mean lat.: 148.172ms, rate sampling interval: 651ms
  Thread calibration: mean lat.: 133.035ms, rate sampling interval: 543ms

-----------------------------------------------------------------------
Test Results @ http://10.1.0.21:5000 
  Thread Stats   Avg      Stdev     99%   +/- Stdev
    Latency     1.33s     1.05s    4.08s    64.65%
    Req/Sec   123.42     16.81   158.00     72.91%
  Latency Distribution (HdrHistogram - Recorded Latency)
 50.000%    1.09s 
 75.000%    2.02s 
 90.000%    2.94s 
 99.000%    4.08s 
 99.900%    4.87s 
 99.990%    4.94s 
 99.999%    4.95s 
100.000%    4.95s 

  Detailed Percentile spectrum:
       Value   Percentile   TotalCount 1/(1-Percentile)

       0.912     0.000000            1         1.00
     181.759     0.100000         5058         1.11
     353.279     0.200000        10120         1.25
     553.983     0.300000        15176         1.43
     863.231     0.400000        20232         1.67
    1094.655     0.500000        25290         2.00
    1188.863     0.550000        27835         2.22
    1288.191     0.600000        30349         2.50
    1475.583     0.650000        32874         2.86
    1719.295     0.700000        35404         3.33
    2024.447     0.750000        37933         4.00
    2209.791     0.775000        39198         4.44
    2363.391     0.800000        40463         5.00
    2504.703     0.825000        41735         5.71
    2686.975     0.850000        43009         6.67
    2807.807     0.875000        44279         8.00
    2863.103     0.887500        44900         8.89
    2942.975     0.900000        45513        10.00
    3041.279     0.912500        46150        11.43
    3133.439     0.925000        46784        13.33
    3225.599     0.937500        47415        16.00
    3272.703     0.943750        47733        17.78
    3334.143     0.950000        48045        20.00
    3416.063     0.956250        48366        22.86
    3504.127     0.962500        48676        26.67
    3565.567     0.968750        49000        32.00
    3594.239     0.971875        49152        35.56
    3639.295     0.975000        49309        40.00
    3684.351     0.978125        49466        45.71
    3753.983     0.981250        49625        53.33
    3854.335     0.984375        49780        64.00
    3889.151     0.985938        49860        71.11
    3926.015     0.987500        49941        80.00
    3989.503     0.989062        50017        91.43
    4163.583     0.990625        50096       106.67
    4317.183     0.992188        50178       128.00
    4358.143     0.992969        50216       142.22
    4403.199     0.993750        50256       160.00
    4448.255     0.994531        50300       182.86
    4493.311     0.995313        50333       213.33
    4550.655     0.996094        50376       256.00
    4567.039     0.996484        50395       284.44
    4579.327     0.996875        50412       320.00
    4599.807     0.997266        50433       365.71
    4648.959     0.997656        50452       426.67
    4747.263     0.998047        50473       512.00
    4808.703     0.998242        50482       568.89
    4833.279     0.998437        50494       640.00
    4845.567     0.998633        50508       731.43
    4849.663     0.998828        50511       853.33
    4866.047     0.999023        50521      1024.00
    4878.335     0.999121        50527      1137.78
    4886.527     0.999219        50531      1280.00
    4898.815     0.999316        50536      1462.86
    4902.911     0.999414        50543      1706.67
    4911.103     0.999512        50546      2048.00
    4915.199     0.999561        50550      2275.56
    4919.295     0.999609        50556      2560.00
    4919.295     0.999658        50556      2925.71
    4919.295     0.999707        50556      3413.33
    4927.487     0.999756        50559      4096.00
    4927.487     0.999780        50559      4551.11
    4931.583     0.999805        50562      5120.00
    4931.583     0.999829        50562      5851.43
    4939.775     0.999854        50564      6826.67
    4939.775     0.999878        50564      8192.00
    4943.871     0.999890        50566      9102.22
    4943.871     0.999902        50566     10240.00
    4943.871     0.999915        50566     11702.86
    4952.063     0.999927        50570     13653.33
    4952.063     1.000000        50570          inf
#[Mean    =     1333.272, StdDeviation   =     1052.603]
#[Max     =     4947.968, Total count    =        50570]
#[Buckets =           27, SubBuckets     =         2048]
-----------------------------------------------------------------------
  60745 requests in 1.02m, 21.39MB read
Requests/sec:    995.71  
Transfer/sec:    359.10KB
AUTOTEST_DONE
