Running 1m test @ http://10.1.0.21:5000
  8 threads and 16 connections

  Thread calibration: mean lat.: 270.382ms, rate sampling interval: 1277ms
  Thread calibration: mean lat.: 54.892ms, rate sampling interval: 244ms
  Thread calibration: mean lat.: 170.545ms, rate sampling interval: 795ms
  Thread calibration: mean lat.: 130.334ms, rate sampling interval: 619ms
  Thread calibration: mean lat.: 101.961ms, rate sampling interval: 554ms
  Thread calibration: mean lat.: 135.096ms, rate sampling interval: 627ms
  Thread calibration: mean lat.: 105.828ms, rate sampling interval: 715ms
  Thread calibration: mean lat.: 105.477ms, rate sampling interval: 587ms

-----------------------------------------------------------------------
Test Results @ http://10.1.0.21:5000 
  Thread Stats   Avg      Stdev     99%   +/- Stdev
    Latency   140.38ms  188.88ms 826.37ms   86.38%
    Req/Sec   129.11     19.59   180.00     75.66%
  Latency Distribution (HdrHistogram - Recorded Latency)
 50.000%   60.51ms
 75.000%  185.09ms
 90.000%  403.71ms
 99.000%  826.37ms
 99.900%    1.20s 
 99.990%    1.28s 
 99.999%    1.30s 
100.000%    1.32s 

  Detailed Percentile spectrum:
       Value   Percentile   TotalCount 1/(1-Percentile)

       0.550     0.000000            1         1.00
       3.925     0.100000         5292         1.11
      11.935     0.200000        10588         1.25
      22.959     0.300000        15875         1.43
      37.887     0.400000        21172         1.67
      60.511     0.500000        26457         2.00
      75.391     0.550000        29111         2.22
      94.719     0.600000        31748         2.50
     117.375     0.650000        34398         2.86
     147.071     0.700000        37044         3.33
     185.087     0.750000        39691         4.00
     208.895     0.775000        41007         4.44
     235.903     0.800000        42330         5.00
     266.239     0.825000        43655         5.71
     304.639     0.850000        44980         6.67
     349.951     0.875000        46301         8.00
     374.783     0.887500        46961         8.89
     403.711     0.900000        47624        10.00
     438.527     0.912500        48282        11.43
     474.367     0.925000        48944        13.33
     519.167     0.937500        49605        16.00
     545.279     0.943750        49939        17.78
     574.463     0.950000        50270        20.00
     602.623     0.956250        50601        22.86
     632.319     0.962500        50930        26.67
     662.015     0.968750        51258        32.00
     679.423     0.971875        51423        35.56
     698.367     0.975000        51589        40.00
     722.943     0.978125        51755        45.71
     752.639     0.981250        51921        53.33
     776.703     0.984375        52086        64.00
     788.991     0.985938        52168        71.11
     800.255     0.987500        52250        80.00
     814.591     0.989062        52335        91.43
     832.511     0.990625        52415       106.67
     854.015     0.992188        52500       128.00
     862.719     0.992969        52539       142.22
     873.471     0.993750        52581       160.00
     891.903     0.994531        52622       182.86
     912.895     0.995313        52665       213.33
     932.351     0.996094        52705       256.00
     943.103     0.996484        52725       284.44
     959.999     0.996875        52747       320.00
     975.871     0.997266        52767       365.71
    1000.959     0.997656        52787       426.67
    1101.823     0.998047        52808       512.00
    1127.423     0.998242        52818       568.89
    1156.095     0.998437        52829       640.00
    1173.503     0.998633        52839       731.43
    1183.743     0.998828        52849       853.33
    1198.079     0.999023        52860      1024.00
    1202.175     0.999121        52866      1137.78
    1212.415     0.999219        52870      1280.00
    1219.583     0.999316        52875      1462.86
    1224.703     0.999414        52880      1706.67
    1229.823     0.999512        52886      2048.00
    1233.919     0.999561        52888      2275.56
    1241.087     0.999609        52892      2560.00
    1242.111     0.999658        52893      2925.71
    1244.159     0.999707        52896      3413.33
    1249.279     0.999756        52899      4096.00
    1250.303     0.999780        52900      4551.11
    1251.327     0.999805        52901      5120.00
    1260.543     0.999829        52902      5851.43
    1266.687     0.999854        52904      6826.67
    1274.879     0.999878        52905      8192.00
    1277.951     0.999890        52906      9102.22
    1277.951     0.999902        52906     10240.00
    1279.999     0.999915        52907     11702.86
    1299.455     0.999927        52908     13653.33
    1299.455     0.999939        52908     16384.00
    1300.479     0.999945        52909     18204.44
    1300.479     0.999951        52909     20480.00
    1300.479     0.999957        52909     23405.71
    1304.575     0.999963        52910     27306.67
    1304.575     0.999969        52910     32768.00
    1304.575     0.999973        52910     36408.89
    1304.575     0.999976        52910     40960.00
    1304.575     0.999979        52910     46811.43
    1317.887     0.999982        52911     54613.33
    1317.887     1.000000        52911          inf
#[Mean    =      140.381, StdDeviation   =      188.885]
#[Max     =     1316.864, Total count    =        52911]
#[Buckets =           27, SubBuckets     =         2048]
-----------------------------------------------------------------------
  63287 requests in 1.02m, 26.57MB read
Requests/sec:   1037.09  
Transfer/sec:    445.93KB
AUTOTEST_DONE
