Running 1m test @ http://10.1.0.21:5000
  8 threads and 16 connections

  Thread calibration: mean lat.: 4.875ms, rate sampling interval: 21ms
  Thread calibration: mean lat.: 5.559ms, rate sampling interval: 20ms
  Thread calibration: mean lat.: 4.493ms, rate sampling interval: 18ms
  Thread calibration: mean lat.: 5.549ms, rate sampling interval: 19ms
  Thread calibration: mean lat.: 6.009ms, rate sampling interval: 19ms
  Thread calibration: mean lat.: 4.884ms, rate sampling interval: 19ms
  Thread calibration: mean lat.: 4.157ms, rate sampling interval: 11ms
  Thread calibration: mean lat.: 5.530ms, rate sampling interval: 19ms

-----------------------------------------------------------------------
Test Results @ http://10.1.0.21:5000 
  Thread Stats   Avg      Stdev     99%   +/- Stdev
    Latency     5.18ms    3.04ms  12.32ms   70.23%
    Req/Sec     2.12     11.43    55.00     96.40%
  Latency Distribution (HdrHistogram - Recorded Latency)
 50.000%    3.98ms
 75.000%    8.17ms
 90.000%    9.93ms
 99.000%   12.32ms
 99.900%   14.27ms
 99.990%   14.99ms
 99.999%   14.99ms
100.000%   14.99ms

  Detailed Percentile spectrum:
       Value   Percentile   TotalCount 1/(1-Percentile)

       1.135     0.000000            1         1.00
       2.343     0.100000           85         1.11
       2.693     0.200000          169         1.25
       2.941     0.300000          253         1.43
       3.281     0.400000          338         1.67
       3.979     0.500000          423         2.00
       4.247     0.550000          464         2.22
       4.419     0.600000          506         2.50
       4.707     0.650000          548         2.86
       7.191     0.700000          591         3.33
       8.231     0.750000          633         4.00
       8.527     0.775000          655         4.44
       8.863     0.800000          675         5.00
       9.039     0.825000          698         5.71
       9.159     0.850000          717         6.67
       9.575     0.875000          739         8.00
       9.799     0.887500          749         8.89
       9.927     0.900000          760        10.00
      10.055     0.912500          771        11.43
      10.231     0.925000          780        13.33
      10.551     0.937500          791        16.00
      10.679     0.943750          797        17.78
      10.831     0.950000          801        20.00
      11.103     0.956250          807        22.86
      11.199     0.962500          812        26.67
      11.367     0.968750          817        32.00
      11.479     0.971875          820        35.56
      11.519     0.975000          822        40.00
      11.759     0.978125          825        45.71
      11.895     0.981250          828        53.33
      11.927     0.984375          830        64.00
      12.015     0.985938          833        71.11
      12.015     0.987500          833        80.00
      12.039     0.989062          834        91.43
      12.647     0.990625          836       106.67
      12.983     0.992188          837       128.00
      13.231     0.992969          838       142.22
      13.231     0.993750          838       160.00
      13.815     0.994531          839       182.86
      13.975     0.995313          840       213.33
      13.975     0.996094          840       256.00
      14.095     0.996484          841       284.44
      14.095     0.996875          841       320.00
      14.095     0.997266          841       365.71
      14.271     0.997656          842       426.67
      14.271     0.998047          842       512.00
      14.271     0.998242          842       568.89
      14.271     0.998437          842       640.00
      14.271     0.998633          842       731.43
      14.991     0.998828          843       853.33
      14.991     1.000000          843          inf
#[Mean    =        5.185, StdDeviation   =        3.043]
#[Max     =       14.984, Total count    =          843]
#[Buckets =           27, SubBuckets     =         2048]
-----------------------------------------------------------------------
  1020 requests in 1.03m, 1.62MB read
  Socket errors: connect 0, read 0, write 0, timeout 51
Requests/sec:     16.52  
Transfer/sec:     26.83KB
AUTOTEST_DONE
