/nix/store/2vwkssqpzykk37r996cafq7x63imf4sp-openjdk-21+35/bin/java  -classpath /nix/store/zw02np72fzsmga6s5mphhw7x8qlzf4sv-ycsb-0.17.0/share/conf:/nix/store/zw02np72fzsmga6s5mphhw7x8qlzf4sv-ycsb-0.17.0/share/lib/core-0.17.0.jar:/nix/store/zw02np72fzsmga6s5mphhw7x8qlzf4sv-ycsb-0.17.0/share/lib/HdrHistogram-2.1.4.jar:/nix/store/zw02np72fzsmga6s5mphhw7x8qlzf4sv-ycsb-0.17.0/share/lib/htrace-core4-4.1.0-incubating.jar:/nix/store/zw02np72fzsmga6s5mphhw7x8qlzf4sv-ycsb-0.17.0/share/lib/jackson-core-asl-1.9.4.jar:/nix/store/zw02np72fzsmga6s5mphhw7x8qlzf4sv-ycsb-0.17.0/share/lib/jackson-mapper-asl-1.9.4.jar:/nix/store/zw02np72fzsmga6s5mphhw7x8qlzf4sv-ycsb-0.17.0/share/redis-binding/lib/commons-pool2-2.4.2.jar:/nix/store/zw02np72fzsmga6s5mphhw7x8qlzf4sv-ycsb-0.17.0/share/redis-binding/lib/jedis-2.9.0.jar:/nix/store/zw02np72fzsmga6s5mphhw7x8qlzf4sv-ycsb-0.17.0/share/redis-binding/lib/redis-binding-0.17.0.jar site.ycsb.Client -t -db site.ycsb.db.RedisClient -s -P /home/host/vmuxIO/test/moonprogs//../../ycsb/share/workloads/workloada -p redis.host=10.1.0.2 -p redis.port=6386 -p operationcount=429496729 -p maxexecutiontime=61 -threads 1
Command line: -t -db site.ycsb.db.RedisClient -s -P /home/host/vmuxIO/test/moonprogs//../../ycsb/share/workloads/workloada -p redis.host=10.1.0.2 -p redis.port=6386 -p operationcount=429496729 -p maxexecutiontime=61 -threads 1
YCSB Client 0.17.0

Loading workload...
Starting test.
Maximum execution time specified as: 61 secs
DBWrapper: report latency for each error is false and specific error codes to track for latency are: []
2025-04-02 01:18:19:734 0 sec: 0 operations; est completion in 0 second 
2025-04-02 01:18:29:540 10 sec: 11662 operations; 1166.2 current ops/sec; est completion in 4 days 6 hours [READ: Count=5917, Max=39135, Min=83, Avg=790.31, 90=2016, 99=6567, 99.9=17055, 99.99=37759] [UPDATE: Count=5746, Max=123519, Min=85, Avg=861.31, 90=2115, 99=7015, 99.9=21695, 99.99=76351] 
2025-04-02 01:18:39:540 20 sec: 40076 operations; 2841.4 current ops/sec; est completion in 2 days 11 hours [READ: Count=14216, Max=62623, Min=81, Avg=355.29, 90=472, 99=4147, 99.9=9687, 99.99=38111] [UPDATE: Count=14197, Max=51487, Min=73, Avg=340.01, 90=445, 99=4065, 99.9=8199, 99.99=33471] 
2025-04-02 01:18:49:540 30 sec: 71239 operations; 3116.3 current ops/sec; est completion in 2 days 2 hours [READ: Count=15509, Max=14223, Min=78, Avg=318.86, 90=385, 99=4119, 99.9=7279, 99.99=11871] [UPDATE: Count=15654, Max=20943, Min=77, Avg=316.78, 90=384, 99=4063, 99.9=8631, 99.99=10975] 
2025-04-02 01:18:59:540 40 sec: 100473 operations; 2923.4 current ops/sec; est completion in 1 day 23 hours [READ: Count=14468, Max=209663, Min=81, Avg=350.87, 90=458, 99=4061, 99.9=8471, 99.99=16943] [UPDATE: Count=14766, Max=12487, Min=71, Avg=328.76, 90=441, 99=4055, 99.9=8751, 99.99=11727] 
2025-04-02 01:19:09:540 50 sec: 131773 operations; 3130 current ops/sec; est completion in 1 day 21 hours [READ: Count=15645, Max=14255, Min=80, Avg=322.55, 90=412, 99=4123, 99.9=7335, 99.99=12159] [UPDATE: Count=15655, Max=14047, Min=76, Avg=312.25, 90=399, 99=3969, 99.9=7199, 99.99=10239] 
2025-04-02 01:19:19:540 60 sec: 162105 operations; 3033.2 current ops/sec; est completion in 1 day 20 hours [READ: Count=15238, Max=14311, Min=78, Avg=327.9, 90=403, 99=4179, 99.9=8375, 99.99=10927] [UPDATE: Count=15094, Max=23999, Min=76, Avg=327.46, 90=397, 99=4135, 99.9=8127, 99.99=14575] 
Maximum time elapsed. Requesting stop for the workload.
Stop requested for workload. Now Joining!
2025-04-02 01:19:20:549 61 sec: 165472 operations; 3336.97 current ops/sec; est completion in 1 day 19 hours [READ: Count=1668, Max=15047, Min=84, Avg=282.51, 90=218, 99=4159, 99.9=6339, 99.99=15047] [CLEANUP: Count=1, Max=1082, Min=1082, Avg=1082, 90=1082, 99=1082, 99.9=1082, 99.99=1082] [UPDATE: Count=1699, Max=10191, Min=81, Avg=313.03, 90=222, 99=4195, 99.9=7251, 99.99=10191] 
[OVERALL], RunTime(ms), 61013
[OVERALL], Throughput(ops/sec), 2712.0777539212954
[TOTAL_GCS_Copy], Count, 15
[TOTAL_GC_TIME_Copy], Time(ms), 21
[TOTAL_GC_TIME_%_Copy], Time(%), 0.03441889433399439
[TOTAL_GCS_MarkSweepCompact], Count, 0
[TOTAL_GC_TIME_MarkSweepCompact], Time(ms), 0
[TOTAL_GC_TIME_%_MarkSweepCompact], Time(%), 0.0
[TOTAL_GCs], Count, 15
[TOTAL_GC_TIME], Time(ms), 21
[TOTAL_GC_TIME_%], Time(%), 0.03441889433399439
[READ], Operations, 82661
[READ], AverageLatency(us), 366.10510397890175
[READ], MinLatency(us), 78
[READ], MaxLatency(us), 209663
[READ], 95thPercentileLatency(us), 1294
[READ], 99thPercentileLatency(us), 4191
[READ], Return=OK, 82661
[CLEANUP], Operations, 1
[CLEANUP], AverageLatency(us), 1082.0
[CLEANUP], MinLatency(us), 1082
[CLEANUP], MaxLatency(us), 1082
[CLEANUP], 95thPercentileLatency(us), 1082
[CLEANUP], 99thPercentileLatency(us), 1082
[UPDATE], Operations, 82811
[UPDATE], AverageLatency(us), 361.69359143109006
[UPDATE], MinLatency(us), 71
[UPDATE], MaxLatency(us), 123519
[UPDATE], 95thPercentileLatency(us), 1304
[UPDATE], 99thPercentileLatency(us), 4171
[UPDATE], Return=OK, 82811
AUTOTEST_DONE
