/nix/store/2vwkssqpzykk37r996cafq7x63imf4sp-openjdk-21+35/bin/java  -classpath /nix/store/zw02np72fzsmga6s5mphhw7x8qlzf4sv-ycsb-0.17.0/share/conf:/nix/store/zw02np72fzsmga6s5mphhw7x8qlzf4sv-ycsb-0.17.0/share/lib/core-0.17.0.jar:/nix/store/zw02np72fzsmga6s5mphhw7x8qlzf4sv-ycsb-0.17.0/share/lib/HdrHistogram-2.1.4.jar:/nix/store/zw02np72fzsmga6s5mphhw7x8qlzf4sv-ycsb-0.17.0/share/lib/htrace-core4-4.1.0-incubating.jar:/nix/store/zw02np72fzsmga6s5mphhw7x8qlzf4sv-ycsb-0.17.0/share/lib/jackson-core-asl-1.9.4.jar:/nix/store/zw02np72fzsmga6s5mphhw7x8qlzf4sv-ycsb-0.17.0/share/lib/jackson-mapper-asl-1.9.4.jar:/nix/store/zw02np72fzsmga6s5mphhw7x8qlzf4sv-ycsb-0.17.0/share/redis-binding/lib/commons-pool2-2.4.2.jar:/nix/store/zw02np72fzsmga6s5mphhw7x8qlzf4sv-ycsb-0.17.0/share/redis-binding/lib/jedis-2.9.0.jar:/nix/store/zw02np72fzsmga6s5mphhw7x8qlzf4sv-ycsb-0.17.0/share/redis-binding/lib/redis-binding-0.17.0.jar site.ycsb.Client -t -db site.ycsb.db.RedisClient -s -P /home/host/vmuxIO/test/moonprogs//../../ycsb/share/workloads/workloada -p redis.host=10.1.0.2 -p redis.port=6379 -p operationcount=429496729 -p maxexecutiontime=61 -threads 1
Command line: -t -db site.ycsb.db.RedisClient -s -P /home/host/vmuxIO/test/moonprogs//../../ycsb/share/workloads/workloada -p redis.host=10.1.0.2 -p redis.port=6379 -p operationcount=429496729 -p maxexecutiontime=61 -threads 1
YCSB Client 0.17.0

Loading workload...
Starting test.
Maximum execution time specified as: 61 secs
DBWrapper: report latency for each error is false and specific error codes to track for latency are: []
2025-04-02 01:18:25:519 0 sec: 0 operations; est completion in 0 second 
2025-04-02 01:18:35:305 10 sec: 9027 operations; 902.7 current ops/sec; est completion in 5 days 12 hours [READ: Count=4513, Max=79679, Min=87, Avg=1059.76, 90=2645, 99=12687, 99.9=35359, 99.99=79679] [UPDATE: Count=4519, Max=207103, Min=78, Avg=1077.26, 90=2447, 99=11919, 99.9=28015, 99.99=207103] 
2025-04-02 01:18:45:305 20 sec: 25554 operations; 1652.7 current ops/sec; est completion in 3 days 21 hours [READ: Count=8128, Max=61663, Min=76, Avg=602.96, 90=1170, 99=7839, 99.9=15031, 99.99=25519] [UPDATE: Count=8394, Max=37695, Min=84, Avg=597.32, 90=1032, 99=8115, 99.9=16511, 99.99=25823] 
2025-04-02 01:18:55:305 30 sec: 44188 operations; 1863.4 current ops/sec; est completion in 3 days 8 hours [READ: Count=9326, Max=23439, Min=87, Avg=530.25, 90=748, 99=7467, 99.9=13799, 99.99=20015] [UPDATE: Count=9308, Max=20447, Min=86, Avg=535.71, 90=752, 99=7895, 99.9=13407, 99.99=17871] 
2025-04-02 01:19:05:305 40 sec: 59432 operations; 1524.4 current ops/sec; est completion in 3 days 8 hours [READ: Count=7584, Max=213119, Min=87, Avg=698.32, 90=1180, 99=8543, 99.9=15207, 99.99=212223] [UPDATE: Count=7660, Max=20575, Min=88, Avg=606.71, 90=1116, 99=8075, 99.9=14135, 99.99=18879] 
2025-04-02 01:19:15:305 50 sec: 78192 operations; 1876 current ops/sec; est completion in 3 days 4 hours [READ: Count=9315, Max=21167, Min=82, Avg=524.12, 90=865, 99=7231, 99.9=12335, 99.99=17103] [UPDATE: Count=9445, Max=25455, Min=83, Avg=537.44, 90=892, 99=7495, 99.9=14943, 99.99=23311] 
2025-04-02 01:19:25:305 60 sec: 98916 operations; 2072.4 current ops/sec; est completion in 3 days [READ: Count=10394, Max=20447, Min=82, Avg=485.92, 90=389, 99=8139, 99.9=12071, 99.99=20399] [UPDATE: Count=10330, Max=17647, Min=79, Avg=474.56, 90=364, 99=8123, 99.9=12551, 99.99=16783] 
Maximum time elapsed. Requesting stop for the workload.
Stop requested for workload. Now Joining!
2025-04-02 01:19:26:314 61 sec: 101227 operations; 2288.12 current ops/sec; est completion in 2 days 23 hours [READ: Count=1148, Max=11807, Min=82, Avg=466.79, 90=385, 99=8111, 99.9=10167, 99.99=11807] [CLEANUP: Count=1, Max=1195, Min=1195, Avg=1195, 90=1195, 99=1195, 99.9=1195, 99.99=1195] [UPDATE: Count=1163, Max=9007, Min=85, Avg=402.65, 90=332, 99=8135, 99.9=8767, 99.99=9007] 
[OVERALL], RunTime(ms), 61014
[OVERALL], Throughput(ops/sec), 1659.0782443373653
[TOTAL_GCS_Copy], Count, 9
[TOTAL_GC_TIME_Copy], Time(ms), 17
[TOTAL_GC_TIME_%_Copy], Time(%), 0.027862457796571278
[TOTAL_GCS_MarkSweepCompact], Count, 0
[TOTAL_GC_TIME_MarkSweepCompact], Time(ms), 0
[TOTAL_GC_TIME_%_MarkSweepCompact], Time(%), 0.0
[TOTAL_GCs], Count, 9
[TOTAL_GC_TIME], Time(ms), 17
[TOTAL_GC_TIME_%], Time(%), 0.027862457796571278
[READ], Operations, 50408
[READ], AverageLatency(us), 602.9502063164578
[READ], MinLatency(us), 76
[READ], MaxLatency(us), 213119
[READ], 95thPercentileLatency(us), 3043
[READ], 99thPercentileLatency(us), 8207
[READ], Return=OK, 50408
[CLEANUP], Operations, 1
[CLEANUP], AverageLatency(us), 1195.0
[CLEANUP], MinLatency(us), 1195
[CLEANUP], MaxLatency(us), 1195
[CLEANUP], 95thPercentileLatency(us), 1195
[CLEANUP], 99thPercentileLatency(us), 1195
[UPDATE], Operations, 50819
[UPDATE], AverageLatency(us), 589.5928294535508
[UPDATE], MinLatency(us), 78
[UPDATE], MaxLatency(us), 207103
[UPDATE], 95thPercentileLatency(us), 2859
[UPDATE], 99thPercentileLatency(us), 8207
[UPDATE], Return=OK, 50819
AUTOTEST_DONE
