/nix/store/2vwkssqpzykk37r996cafq7x63imf4sp-openjdk-21+35/bin/java  -classpath /nix/store/zw02np72fzsmga6s5mphhw7x8qlzf4sv-ycsb-0.17.0/share/conf:/nix/store/zw02np72fzsmga6s5mphhw7x8qlzf4sv-ycsb-0.17.0/share/lib/core-0.17.0.jar:/nix/store/zw02np72fzsmga6s5mphhw7x8qlzf4sv-ycsb-0.17.0/share/lib/HdrHistogram-2.1.4.jar:/nix/store/zw02np72fzsmga6s5mphhw7x8qlzf4sv-ycsb-0.17.0/share/lib/htrace-core4-4.1.0-incubating.jar:/nix/store/zw02np72fzsmga6s5mphhw7x8qlzf4sv-ycsb-0.17.0/share/lib/jackson-core-asl-1.9.4.jar:/nix/store/zw02np72fzsmga6s5mphhw7x8qlzf4sv-ycsb-0.17.0/share/lib/jackson-mapper-asl-1.9.4.jar:/nix/store/zw02np72fzsmga6s5mphhw7x8qlzf4sv-ycsb-0.17.0/share/redis-binding/lib/commons-pool2-2.4.2.jar:/nix/store/zw02np72fzsmga6s5mphhw7x8qlzf4sv-ycsb-0.17.0/share/redis-binding/lib/jedis-2.9.0.jar:/nix/store/zw02np72fzsmga6s5mphhw7x8qlzf4sv-ycsb-0.17.0/share/redis-binding/lib/redis-binding-0.17.0.jar site.ycsb.Client -t -db site.ycsb.db.RedisClient -s -P /home/host/vmuxIO/test/moonprogs//../../ycsb/share/workloads/workloada -p redis.host=10.1.0.2 -p redis.port=6384 -p operationcount=429496729 -p maxexecutiontime=61 -threads 1
Command line: -t -db site.ycsb.db.RedisClient -s -P /home/host/vmuxIO/test/moonprogs//../../ycsb/share/workloads/workloada -p redis.host=10.1.0.2 -p redis.port=6384 -p operationcount=429496729 -p maxexecutiontime=61 -threads 1
YCSB Client 0.17.0

Loading workload...
Starting test.
Maximum execution time specified as: 61 secs
DBWrapper: report latency for each error is false and specific error codes to track for latency are: []
2025-04-02 01:18:25:432 0 sec: 0 operations; est completion in 0 second 
2025-04-02 01:18:35:193 10 sec: 18525 operations; 1852.5 current ops/sec; est completion in 2 days 16 hours [READ: Count=9305, Max=209535, Min=81, Avg=514, 90=778, 99=5991, 99.9=21519, 99.99=39647] [UPDATE: Count=9220, Max=205439, Min=77, Avg=520.67, 90=860, 99=6423, 99.9=11951, 99.99=50271] 
2025-04-02 01:18:45:193 20 sec: 47507 operations; 2898.2 current ops/sec; est completion in 2 days 2 hours [READ: Count=14594, Max=55903, Min=80, Avg=346.27, 90=461, 99=4151, 99.9=8319, 99.99=36095] [UPDATE: Count=14389, Max=13399, Min=77, Avg=336.98, 90=473, 99=4127, 99.9=8407, 99.99=11255] 
2025-04-02 01:18:55:193 30 sec: 78068 operations; 3056.1 current ops/sec; est completion in 1 day 21 hours [READ: Count=15231, Max=12191, Min=81, Avg=328.3, 90=362, 99=4159, 99.9=7599, 99.99=10231] [UPDATE: Count=15329, Max=23775, Min=79, Avg=319.28, 90=355, 99=4143, 99.9=7139, 99.99=11039] 
2025-04-02 01:19:05:193 40 sec: 105948 operations; 2788 current ops/sec; est completion in 1 day 21 hours [READ: Count=14029, Max=12255, Min=75, Avg=343.69, 90=408, 99=4179, 99.9=8559, 99.99=12199] [UPDATE: Count=13851, Max=15039, Min=75, Avg=356.41, 90=428, 99=4215, 99.9=9647, 99.99=14527] 
2025-04-02 01:19:15:193 50 sec: 136623 operations; 3067.5 current ops/sec; est completion in 1 day 19 hours [READ: Count=15248, Max=209919, Min=75, Avg=337.02, 90=348, 99=4167, 99.9=8011, 99.99=12239] [UPDATE: Count=15427, Max=26127, Min=74, Avg=322.78, 90=353, 99=4147, 99.9=7139, 99.99=12015] 
2025-04-02 01:19:25:193 60 sec: 168609 operations; 3198.6 current ops/sec; est completion in 1 day 18 hours [READ: Count=15991, Max=18831, Min=79, Avg=309.06, 90=263, 99=4167, 99.9=7187, 99.99=10751] [UPDATE: Count=15995, Max=14695, Min=76, Avg=312.84, 90=262, 99=4171, 99.9=7355, 99.99=12103] 
Maximum time elapsed. Requesting stop for the workload.
Stop requested for workload. Now Joining!
2025-04-02 01:19:26:200 61 sec: 172001 operations; 3365.08 current ops/sec; est completion in 1 day 18 hours [READ: Count=1711, Max=5279, Min=83, Avg=294.65, 90=225, 99=4167, 99.9=4375, 99.99=5279] [CLEANUP: Count=1, Max=1052, Min=1052, Avg=1052, 90=1052, 99=1052, 99.9=1052, 99.99=1052] [UPDATE: Count=1681, Max=11159, Min=81, Avg=294.68, 90=220, 99=4159, 99.9=4323, 99.99=11159] 
[OVERALL], RunTime(ms), 61011
[OVERALL], Throughput(ops/sec), 2819.1801478421926
[TOTAL_GCS_Copy], Count, 16
[TOTAL_GC_TIME_Copy], Time(ms), 20
[TOTAL_GC_TIME_%_Copy], Time(%), 0.03278097392273524
[TOTAL_GCS_MarkSweepCompact], Count, 0
[TOTAL_GC_TIME_MarkSweepCompact], Time(ms), 0
[TOTAL_GC_TIME_%_MarkSweepCompact], Time(%), 0.0
[TOTAL_GCs], Count, 16
[TOTAL_GC_TIME], Time(ms), 20
[TOTAL_GC_TIME_%], Time(%), 0.03278097392273524
[READ], Operations, 86109
[READ], AverageLatency(us), 351.22479647888144
[READ], MinLatency(us), 75
[READ], MaxLatency(us), 209919
[READ], 95thPercentileLatency(us), 1078
[READ], 99thPercentileLatency(us), 4191
[READ], Return=OK, 86109
[CLEANUP], Operations, 1
[CLEANUP], AverageLatency(us), 1052.0
[CLEANUP], MinLatency(us), 1052
[CLEANUP], MaxLatency(us), 1052
[CLEANUP], 95thPercentileLatency(us), 1052
[CLEANUP], 99thPercentileLatency(us), 1052
[UPDATE], Operations, 85892
[UPDATE], AverageLatency(us), 348.799143109952
[UPDATE], MinLatency(us), 74
[UPDATE], MaxLatency(us), 205439
[UPDATE], 95thPercentileLatency(us), 1121
[UPDATE], 99thPercentileLatency(us), 4183
[UPDATE], Return=OK, 85892
AUTOTEST_DONE
