/nix/store/2vwkssqpzykk37r996cafq7x63imf4sp-openjdk-21+35/bin/java  -classpath /nix/store/zw02np72fzsmga6s5mphhw7x8qlzf4sv-ycsb-0.17.0/share/conf:/nix/store/zw02np72fzsmga6s5mphhw7x8qlzf4sv-ycsb-0.17.0/share/lib/core-0.17.0.jar:/nix/store/zw02np72fzsmga6s5mphhw7x8qlzf4sv-ycsb-0.17.0/share/lib/HdrHistogram-2.1.4.jar:/nix/store/zw02np72fzsmga6s5mphhw7x8qlzf4sv-ycsb-0.17.0/share/lib/htrace-core4-4.1.0-incubating.jar:/nix/store/zw02np72fzsmga6s5mphhw7x8qlzf4sv-ycsb-0.17.0/share/lib/jackson-core-asl-1.9.4.jar:/nix/store/zw02np72fzsmga6s5mphhw7x8qlzf4sv-ycsb-0.17.0/share/lib/jackson-mapper-asl-1.9.4.jar:/nix/store/zw02np72fzsmga6s5mphhw7x8qlzf4sv-ycsb-0.17.0/share/redis-binding/lib/commons-pool2-2.4.2.jar:/nix/store/zw02np72fzsmga6s5mphhw7x8qlzf4sv-ycsb-0.17.0/share/redis-binding/lib/jedis-2.9.0.jar:/nix/store/zw02np72fzsmga6s5mphhw7x8qlzf4sv-ycsb-0.17.0/share/redis-binding/lib/redis-binding-0.17.0.jar site.ycsb.Client -t -db site.ycsb.db.RedisClient -s -P /home/host/vmuxIO/test/moonprogs//../../ycsb/share/workloads/workloada -p redis.host=10.1.0.2 -p redis.port=6388 -p operationcount=429496729 -p maxexecutiontime=61 -threads 1
Command line: -t -db site.ycsb.db.RedisClient -s -P /home/host/vmuxIO/test/moonprogs//../../ycsb/share/workloads/workloada -p redis.host=10.1.0.2 -p redis.port=6388 -p operationcount=429496729 -p maxexecutiontime=61 -threads 1
YCSB Client 0.17.0

Loading workload...
Starting test.
Maximum execution time specified as: 61 secs
DBWrapper: report latency for each error is false and specific error codes to track for latency are: []
2024-07-19 22:34:10:256 0 sec: 0 operations; est completion in 0 second 
2024-07-19 22:34:20:064 10 sec: 42763 operations; 4276.3 current ops/sec; est completion in 1 day 3 hours [READ: Count=21471, Max=15671, Min=107, Avg=219.77, 90=293, 99=346, 99.9=2065, 99.99=6567] [UPDATE: Count=21302, Max=29759, Min=104, Avg=228, 90=294, 99=374, 99.9=2853, 99.99=12735] 
2024-07-19 22:34:30:064 20 sec: 91357 operations; 4859.4 current ops/sec; est completion in 1 day 2 hours [READ: Count=24595, Max=4275, Min=102, Avg=204.86, 90=286, 99=317, 99.9=455, 99.99=1570] [UPDATE: Count=23989, Max=1938, Min=101, Avg=200.26, 90=284, 99=313, 99.9=361, 99.99=781] 
2024-07-19 22:34:40:064 30 sec: 137205 operations; 4584.8 current ops/sec; est completion in 1 day 2 hours [READ: Count=22985, Max=5695, Min=104, Avg=217.84, 90=294, 99=372, 99.9=613, 99.99=2107] [UPDATE: Count=22863, Max=2359, Min=106, Avg=213.54, 90=292, 99=375, 99.9=593, 99.99=1454] 
2024-07-19 22:34:50:064 40 sec: 186726 operations; 4952.1 current ops/sec; est completion in 1 day 1 hour [READ: Count=24584, Max=4069, Min=104, Avg=202.4, 90=285, 99=311, 99.9=353, 99.99=863] [UPDATE: Count=24937, Max=7775, Min=103, Avg=197.77, 90=283, 99=306, 99.9=343, 99.99=1726] 
2024-07-19 22:35:00:064 50 sec: 235230 operations; 4850.4 current ops/sec; est completion in 1 day 1 hour [READ: Count=24248, Max=6127, Min=108, Avg=206.6, 90=287, 99=316, 99.9=368, 99.99=879] [UPDATE: Count=24256, Max=4531, Min=102, Avg=201.81, 90=285, 99=314, 99.9=367, 99.99=801] 
2024-07-19 22:35:10:064 60 sec: 282525 operations; 4729.5 current ops/sec; est completion in 1 day 1 hour [READ: Count=23698, Max=1003, Min=106, Avg=211.66, 90=291, 99=376, 99.9=515, 99.99=876] [UPDATE: Count=23597, Max=5479, Min=104, Avg=206.5, 90=288, 99=363, 99.9=512, 99.99=1724] 
Maximum time elapsed. Requesting stop for the workload.
Stop requested for workload. Now Joining!
2024-07-19 22:35:11:071 61 sec: 288438 operations; 5871.9 current ops/sec; est completion in 1 day 1 hour [READ: Count=2987, Max=833, Min=108, Avg=167.94, 90=273, 99=296, 99.9=320, 99.99=833] [CLEANUP: Count=1, Max=919, Min=919, Avg=919, 90=919, 99=919, 99.9=919, 99.99=919] [UPDATE: Count=2926, Max=550, Min=108, Avg=166.13, 90=270, 99=295, 99.9=318, 99.99=550] 
[OVERALL], RunTime(ms), 61011
[OVERALL], Throughput(ops/sec), 4727.639278162954
[TOTAL_GCS_Copy], Count, 27
[TOTAL_GC_TIME_Copy], Time(ms), 20
[TOTAL_GC_TIME_%_Copy], Time(%), 0.03278097392273524
[TOTAL_GCS_MarkSweepCompact], Count, 0
[TOTAL_GC_TIME_MarkSweepCompact], Time(ms), 0
[TOTAL_GC_TIME_%_MarkSweepCompact], Time(%), 0.0
[TOTAL_GCs], Count, 27
[TOTAL_GC_TIME], Time(ms), 20
[TOTAL_GC_TIME_%], Time(%), 0.03278097392273524
[READ], Operations, 144568
[READ], AverageLatency(us), 209.36538514747386
[READ], MinLatency(us), 102
[READ], MaxLatency(us), 15671
[READ], 95thPercentileLatency(us), 299
[READ], 99thPercentileLatency(us), 335
[READ], Return=OK, 144568
[CLEANUP], Operations, 1
[CLEANUP], AverageLatency(us), 919.0
[CLEANUP], MinLatency(us), 919
[CLEANUP], MaxLatency(us), 919
[CLEANUP], 95thPercentileLatency(us), 919
[CLEANUP], 99thPercentileLatency(us), 919
[UPDATE], Operations, 143870
[UPDATE], AverageLatency(us), 206.63565023979982
[UPDATE], MinLatency(us), 101
[UPDATE], MaxLatency(us), 29759
[UPDATE], 95thPercentileLatency(us), 297
[UPDATE], 99thPercentileLatency(us), 334
[UPDATE], Return=OK, 143870
AUTOTEST_DONE
