/nix/store/2vwkssqpzykk37r996cafq7x63imf4sp-openjdk-21+35/bin/java  -classpath /nix/store/zw02np72fzsmga6s5mphhw7x8qlzf4sv-ycsb-0.17.0/share/conf:/nix/store/zw02np72fzsmga6s5mphhw7x8qlzf4sv-ycsb-0.17.0/share/lib/core-0.17.0.jar:/nix/store/zw02np72fzsmga6s5mphhw7x8qlzf4sv-ycsb-0.17.0/share/lib/HdrHistogram-2.1.4.jar:/nix/store/zw02np72fzsmga6s5mphhw7x8qlzf4sv-ycsb-0.17.0/share/lib/htrace-core4-4.1.0-incubating.jar:/nix/store/zw02np72fzsmga6s5mphhw7x8qlzf4sv-ycsb-0.17.0/share/lib/jackson-core-asl-1.9.4.jar:/nix/store/zw02np72fzsmga6s5mphhw7x8qlzf4sv-ycsb-0.17.0/share/lib/jackson-mapper-asl-1.9.4.jar:/nix/store/zw02np72fzsmga6s5mphhw7x8qlzf4sv-ycsb-0.17.0/share/redis-binding/lib/commons-pool2-2.4.2.jar:/nix/store/zw02np72fzsmga6s5mphhw7x8qlzf4sv-ycsb-0.17.0/share/redis-binding/lib/jedis-2.9.0.jar:/nix/store/zw02np72fzsmga6s5mphhw7x8qlzf4sv-ycsb-0.17.0/share/redis-binding/lib/redis-binding-0.17.0.jar site.ycsb.Client -t -db site.ycsb.db.RedisClient -s -P /home/host/vmuxIO/test/moonprogs//../../ycsb/share/workloads/workloada -p redis.host=10.1.0.2 -p redis.port=6379 -p operationcount=429496729 -p maxexecutiontime=61 -threads 1
Command line: -t -db site.ycsb.db.RedisClient -s -P /home/host/vmuxIO/test/moonprogs//../../ycsb/share/workloads/workloada -p redis.host=10.1.0.2 -p redis.port=6379 -p operationcount=429496729 -p maxexecutiontime=61 -threads 1
YCSB Client 0.17.0

Loading workload...
Starting test.
Maximum execution time specified as: 61 secs
DBWrapper: report latency for each error is false and specific error codes to track for latency are: []
2024-07-19 22:34:11:081 0 sec: 0 operations; est completion in 0 second 
2024-07-19 22:34:20:896 10 sec: 34226 operations; 3422.6 current ops/sec; est completion in 1 day 10 hours [READ: Count=17085, Max=14391, Min=111, Avg=280.89, 90=305, 99=390, 99.9=2589, 99.99=6427] [UPDATE: Count=17156, Max=25263, Min=109, Avg=280.76, 90=303, 99=399, 99.9=2357, 99.99=8679] 
2024-07-19 22:34:30:895 20 sec: 71652 operations; 3742.6 current ops/sec; est completion in 1 day 9 hours [READ: Count=18840, Max=1953, Min=113, Avg=264.65, 90=304, 99=352, 99.9=424, 99.99=905] [UPDATE: Count=18571, Max=3439, Min=107, Avg=262.8, 90=302, 99=358, 99.9=460, 99.99=1021] 
2024-07-19 22:34:40:897 30 sec: 108772 operations; 3712 current ops/sec; est completion in 1 day 8 hours [READ: Count=18560, Max=2145, Min=112, Avg=268.38, 90=303, 99=377, 99.9=495, 99.99=1396] [UPDATE: Count=18564, Max=7719, Min=105, Avg=266.21, 90=301, 99=373, 99.9=520, 99.99=3773] 
2024-07-19 22:34:50:896 40 sec: 145493 operations; 3672.1 current ops/sec; est completion in 1 day 8 hours [READ: Count=18519, Max=1088, Min=112, Avg=271.11, 90=306, 99=403, 99.9=627, 99.99=751] [UPDATE: Count=18198, Max=5667, Min=108, Avg=268.83, 90=303, 99=398, 99.9=582, 99.99=896] 
2024-07-19 22:35:00:895 50 sec: 182615 operations; 3712.2 current ops/sec; est completion in 1 day 8 hours [READ: Count=18508, Max=4187, Min=114, Avg=268.74, 90=300, 99=343, 99.9=410, 99.99=2551] [UPDATE: Count=18614, Max=1248, Min=113, Avg=266.28, 90=298, 99=344, 99.9=416, 99.99=1007] 
2024-07-19 22:35:10:895 60 sec: 221376 operations; 3876.1 current ops/sec; est completion in 1 day 8 hours [READ: Count=19288, Max=5547, Min=105, Avg=257.5, 90=302, 99=343, 99.9=427, 99.99=1066] [UPDATE: Count=19473, Max=4755, Min=105, Avg=254.42, 90=301, 99=341, 99.9=415, 99.99=840] 
Maximum time elapsed. Requesting stop for the workload.
Stop requested for workload. Now Joining!
2024-07-19 22:35:11:910 61 sec: 227257 operations; 5794.09 current ops/sec; est completion in 1 day 8 hours [READ: Count=2959, Max=3433, Min=108, Avg=171.1, 90=271, 99=317, 99.9=469, 99.99=3433] [CLEANUP: Count=1, Max=925, Min=925, Avg=925, 90=925, 99=925, 99.9=925, 99.99=925] [UPDATE: Count=2922, Max=609, Min=104, Avg=170.28, 90=271, 99=307, 99.9=401, 99.99=609] 
[OVERALL], RunTime(ms), 61023
[OVERALL], Throughput(ops/sec), 3724.120413614539
[TOTAL_GCS_Copy], Count, 21
[TOTAL_GC_TIME_Copy], Time(ms), 16
[TOTAL_GC_TIME_%_Copy], Time(%), 0.026219622109696347
[TOTAL_GCS_MarkSweepCompact], Count, 0
[TOTAL_GC_TIME_MarkSweepCompact], Time(ms), 0
[TOTAL_GC_TIME_%_MarkSweepCompact], Time(%), 0.0
[TOTAL_GCs], Count, 21
[TOTAL_GC_TIME], Time(ms), 16
[TOTAL_GC_TIME_%], Time(%), 0.026219622109696347
[READ], Operations, 113759
[READ], AverageLatency(us), 265.7701017062386
[READ], MinLatency(us), 105
[READ], MaxLatency(us), 14391
[READ], 95thPercentileLatency(us), 315
[READ], 99thPercentileLatency(us), 366
[READ], Return=OK, 113759
[CLEANUP], Operations, 1
[CLEANUP], AverageLatency(us), 925.0
[CLEANUP], MinLatency(us), 925
[CLEANUP], MaxLatency(us), 925
[CLEANUP], 95thPercentileLatency(us), 925
[CLEANUP], 99thPercentileLatency(us), 925
[UPDATE], Operations, 113498
[UPDATE], AverageLatency(us), 263.79147650178857
[UPDATE], MinLatency(us), 104
[UPDATE], MaxLatency(us), 25263
[UPDATE], 95thPercentileLatency(us), 313
[UPDATE], 99thPercentileLatency(us), 365
[UPDATE], Return=OK, 113498
AUTOTEST_DONE
