/nix/store/2vwkssqpzykk37r996cafq7x63imf4sp-openjdk-21+35/bin/java  -classpath /nix/store/zw02np72fzsmga6s5mphhw7x8qlzf4sv-ycsb-0.17.0/share/conf:/nix/store/zw02np72fzsmga6s5mphhw7x8qlzf4sv-ycsb-0.17.0/share/lib/core-0.17.0.jar:/nix/store/zw02np72fzsmga6s5mphhw7x8qlzf4sv-ycsb-0.17.0/share/lib/HdrHistogram-2.1.4.jar:/nix/store/zw02np72fzsmga6s5mphhw7x8qlzf4sv-ycsb-0.17.0/share/lib/htrace-core4-4.1.0-incubating.jar:/nix/store/zw02np72fzsmga6s5mphhw7x8qlzf4sv-ycsb-0.17.0/share/lib/jackson-core-asl-1.9.4.jar:/nix/store/zw02np72fzsmga6s5mphhw7x8qlzf4sv-ycsb-0.17.0/share/lib/jackson-mapper-asl-1.9.4.jar:/nix/store/zw02np72fzsmga6s5mphhw7x8qlzf4sv-ycsb-0.17.0/share/redis-binding/lib/commons-pool2-2.4.2.jar:/nix/store/zw02np72fzsmga6s5mphhw7x8qlzf4sv-ycsb-0.17.0/share/redis-binding/lib/jedis-2.9.0.jar:/nix/store/zw02np72fzsmga6s5mphhw7x8qlzf4sv-ycsb-0.17.0/share/redis-binding/lib/redis-binding-0.17.0.jar site.ycsb.Client -t -db site.ycsb.db.RedisClient -s -P /home/host/vmuxIO/test/moonprogs//../../ycsb/share/workloads/workloada -p redis.host=10.1.0.2 -p redis.port=6389 -p operationcount=429496729 -p maxexecutiontime=61 -threads 1
Command line: -t -db site.ycsb.db.RedisClient -s -P /home/host/vmuxIO/test/moonprogs//../../ycsb/share/workloads/workloada -p redis.host=10.1.0.2 -p redis.port=6389 -p operationcount=429496729 -p maxexecutiontime=61 -threads 1
YCSB Client 0.17.0

Loading workload...
Starting test.
Maximum execution time specified as: 61 secs
DBWrapper: report latency for each error is false and specific error codes to track for latency are: []
2025-04-02 00:41:30:625 0 sec: 0 operations; est completion in 0 second 
2025-04-02 00:41:40:455 10 sec: 4860 operations; 486 current ops/sec; est completion in 10 days 5 hours [READ: Count=2478, Max=30063, Min=570, Avg=1987.73, 90=4135, 99=6615, 99.9=9647, 99.99=30063] [UPDATE: Count=2389, Max=31711, Min=519, Avg=2017.56, 90=4279, 99=7087, 99.9=11639, 99.99=31711] 
2025-04-02 00:41:50:454 20 sec: 9654 operations; 479.4 current ops/sec; est completion in 10 days 7 hours [READ: Count=2397, Max=20895, Min=550, Avg=2052.55, 90=4455, 99=7191, 99.9=10607, 99.99=20895] [UPDATE: Count=2390, Max=15471, Min=522, Avg=2086.77, 90=4563, 99=7219, 99.9=10575, 99.99=15471] 
2025-04-02 00:42:00:454 30 sec: 15958 operations; 630.4 current ops/sec; est completion in 9 days 8 hours [READ: Count=3108, Max=20607, Min=491, Avg=1587.42, 90=2137, 99=5035, 99.9=9495, 99.99=20607] [UPDATE: Count=3196, Max=16447, Min=503, Avg=1573.98, 90=2121, 99=5035, 99.9=8095, 99.99=16447] 
2025-04-02 00:42:10:454 40 sec: 23076 operations; 711.8 current ops/sec; est completion in 8 days 14 hours [READ: Count=3625, Max=11671, Min=476, Avg=1403.39, 90=1884, 99=3571, 99.9=5707, 99.99=11671] [UPDATE: Count=3493, Max=9751, Min=491, Avg=1397.76, 90=1901, 99=3389, 99.9=7763, 99.99=9751] 
2025-04-02 00:42:20:454 50 sec: 29995 operations; 691.9 current ops/sec; est completion in 8 days 6 hours [READ: Count=3502, Max=11903, Min=513, Avg=1447.63, 90=2013, 99=3827, 99.9=6163, 99.99=11903] [UPDATE: Count=3417, Max=9943, Min=480, Avg=1433.91, 90=1972, 99=3913, 99.9=5499, 99.99=9943] 
2025-04-02 00:42:30:455 60 sec: 38655 operations; 866 current ops/sec; est completion in 7 days 17 hours [READ: Count=4375, Max=8623, Min=358, Avg=1145.5, 90=1743, 99=2815, 99.9=5363, 99.99=8623] [UPDATE: Count=4285, Max=8319, Min=377, Avg=1153.77, 90=1765, 99=2881, 99.9=5011, 99.99=8319] 
Maximum time elapsed. Requesting stop for the workload.
Stop requested for workload. Now Joining!
2025-04-02 00:42:31:465 61 sec: 40012 operations; 1343.56 current ops/sec; est completion in 7 days 13 hours [READ: Count=698, Max=9223, Min=455, Avg=749.72, 90=901, 99=1294, 99.9=4175, 99.99=9223] [CLEANUP: Count=1, Max=1370, Min=1370, Avg=1370, 90=1370, 99=1370, 99.9=1370, 99.99=1370] [UPDATE: Count=659, Max=4191, Min=386, Avg=726.97, 90=908, 99=1199, 99.9=3487, 99.99=4191] 
[OVERALL], RunTime(ms), 61019
[OVERALL], Throughput(ops/sec), 655.7301824022026
[TOTAL_GCS_Copy], Count, 4
[TOTAL_GC_TIME_Copy], Time(ms), 13
[TOTAL_GC_TIME_%_Copy], Time(%), 0.021304839476228715
[TOTAL_GCS_MarkSweepCompact], Count, 0
[TOTAL_GC_TIME_MarkSweepCompact], Time(ms), 0
[TOTAL_GC_TIME_%_MarkSweepCompact], Time(%), 0.0
[TOTAL_GCs], Count, 4
[TOTAL_GC_TIME], Time(ms), 13
[TOTAL_GC_TIME_%], Time(%), 0.021304839476228715
[READ], Operations, 20183
[READ], AverageLatency(us), 1509.735074072239
[READ], MinLatency(us), 358
[READ], MaxLatency(us), 30063
[READ], 95thPercentileLatency(us), 3505
[READ], 99thPercentileLatency(us), 5215
[READ], Return=OK, 20183
[CLEANUP], Operations, 1
[CLEANUP], AverageLatency(us), 1370.0
[CLEANUP], MinLatency(us), 1370
[CLEANUP], MaxLatency(us), 1370
[CLEANUP], 95thPercentileLatency(us), 1370
[CLEANUP], 99thPercentileLatency(us), 1370
[UPDATE], Operations, 19829
[UPDATE], AverageLatency(us), 1515.092843814615
[UPDATE], MinLatency(us), 377
[UPDATE], MaxLatency(us), 31711
[UPDATE], 95thPercentileLatency(us), 3583
[UPDATE], 99thPercentileLatency(us), 5195
[UPDATE], Return=OK, 19829
AUTOTEST_DONE
