/nix/store/2vwkssqpzykk37r996cafq7x63imf4sp-openjdk-21+35/bin/java  -classpath /nix/store/zw02np72fzsmga6s5mphhw7x8qlzf4sv-ycsb-0.17.0/share/conf:/nix/store/zw02np72fzsmga6s5mphhw7x8qlzf4sv-ycsb-0.17.0/share/lib/core-0.17.0.jar:/nix/store/zw02np72fzsmga6s5mphhw7x8qlzf4sv-ycsb-0.17.0/share/lib/HdrHistogram-2.1.4.jar:/nix/store/zw02np72fzsmga6s5mphhw7x8qlzf4sv-ycsb-0.17.0/share/lib/htrace-core4-4.1.0-incubating.jar:/nix/store/zw02np72fzsmga6s5mphhw7x8qlzf4sv-ycsb-0.17.0/share/lib/jackson-core-asl-1.9.4.jar:/nix/store/zw02np72fzsmga6s5mphhw7x8qlzf4sv-ycsb-0.17.0/share/lib/jackson-mapper-asl-1.9.4.jar:/nix/store/zw02np72fzsmga6s5mphhw7x8qlzf4sv-ycsb-0.17.0/share/redis-binding/lib/commons-pool2-2.4.2.jar:/nix/store/zw02np72fzsmga6s5mphhw7x8qlzf4sv-ycsb-0.17.0/share/redis-binding/lib/jedis-2.9.0.jar:/nix/store/zw02np72fzsmga6s5mphhw7x8qlzf4sv-ycsb-0.17.0/share/redis-binding/lib/redis-binding-0.17.0.jar site.ycsb.Client -t -db site.ycsb.db.RedisClient -s -P /home/host/vmuxIO/test/moonprogs//../../ycsb/share/workloads/workloada -p redis.host=10.1.0.2 -p redis.port=6388 -p operationcount=429496729 -p maxexecutiontime=61 -threads 1
Command line: -t -db site.ycsb.db.RedisClient -s -P /home/host/vmuxIO/test/moonprogs//../../ycsb/share/workloads/workloada -p redis.host=10.1.0.2 -p redis.port=6388 -p operationcount=429496729 -p maxexecutiontime=61 -threads 1
YCSB Client 0.17.0

Loading workload...
Starting test.
Maximum execution time specified as: 61 secs
DBWrapper: report latency for each error is false and specific error codes to track for latency are: []
2025-04-02 00:41:32:462 0 sec: 0 operations; est completion in 0 second 
2025-04-02 00:41:42:264 10 sec: 4568 operations; 456.8 current ops/sec; est completion in 10 days 21 hours [READ: Count=2358, Max=33215, Min=578, Avg=2119.07, 90=4435, 99=6775, 99.9=8919, 99.99=33215] [UPDATE: Count=2212, Max=31327, Min=499, Avg=2131.63, 90=4515, 99=7279, 99.9=9023, 99.99=31327] 
2025-04-02 00:41:52:265 20 sec: 9005 operations; 443.66 current ops/sec; est completion in 11 days [READ: Count=2197, Max=22047, Min=569, Avg=2207.36, 90=4659, 99=7771, 99.9=14463, 99.99=22047] [UPDATE: Count=2238, Max=12031, Min=570, Avg=2271.63, 90=4747, 99=6923, 99.9=9911, 99.99=12031] 
2025-04-02 00:42:02:264 30 sec: 15525 operations; 652.07 current ops/sec; est completion in 9 days 14 hours [READ: Count=3341, Max=13335, Min=498, Avg=1533.53, 90=2101, 99=4839, 99.9=7927, 99.99=13335] [UPDATE: Count=3179, Max=17823, Min=494, Avg=1522.4, 90=2055, 99=4619, 99.9=9415, 99.99=17823] 
2025-04-02 00:42:12:264 40 sec: 21940 operations; 641.44 current ops/sec; est completion in 9 days 1 hour [READ: Count=3201, Max=10319, Min=489, Avg=1551.83, 90=2057, 99=3501, 99.9=8855, 99.99=10319] [UPDATE: Count=3214, Max=12327, Min=504, Avg=1555.58, 90=2121, 99=3915, 99.9=5639, 99.99=12327] 
2025-04-02 00:42:22:265 50 sec: 27756 operations; 581.66 current ops/sec; est completion in 8 days 22 hours [READ: Count=2930, Max=9503, Min=513, Avg=1713.03, 90=2283, 99=4599, 99.9=6855, 99.99=9503] [UPDATE: Count=2886, Max=13455, Min=526, Avg=1716.7, 90=2285, 99=4691, 99.9=10143, 99.99=13455] 
2025-04-02 00:42:32:264 60 sec: 37368 operations; 961.2 current ops/sec; est completion in 7 days 23 hours [READ: Count=4844, Max=7811, Min=437, Avg=1035.04, 90=1623, 99=2475, 99.9=4947, 99.99=7811] [UPDATE: Count=4768, Max=11375, Min=408, Avg=1035.82, 90=1636, 99=2535, 99.9=5483, 99.99=11375] 
Maximum time elapsed. Requesting stop for the workload.
Stop requested for workload. Now Joining!
2025-04-02 00:42:33:275 61 sec: 38763 operations; 1381.19 current ops/sec; est completion in 7 days 19 hours [READ: Count=691, Max=8671, Min=447, Avg=716.4, 90=864, 99=1296, 99.9=2967, 99.99=8671] [CLEANUP: Count=1, Max=1701, Min=1701, Avg=1701, 90=1701, 99=1701, 99.9=1701, 99.99=1701] [UPDATE: Count=704, Max=2465, Min=414, Avg=711.61, 90=872, 99=1489, 99.9=2333, 99.99=2465] 
[OVERALL], RunTime(ms), 61024
[OVERALL], Throughput(ops/sec), 635.2090980597798
[TOTAL_GCS_Copy], Count, 4
[TOTAL_GC_TIME_Copy], Time(ms), 16
[TOTAL_GC_TIME_%_Copy], Time(%), 0.026219192448872573
[TOTAL_GCS_MarkSweepCompact], Count, 0
[TOTAL_GC_TIME_MarkSweepCompact], Time(ms), 0
[TOTAL_GC_TIME_%_MarkSweepCompact], Time(%), 0.0
[TOTAL_GCs], Count, 4
[TOTAL_GC_TIME], Time(ms), 16
[TOTAL_GC_TIME_%], Time(%), 0.026219192448872573
[READ], Operations, 19562
[READ], AverageLatency(us), 1557.3693385134445
[READ], MinLatency(us), 437
[READ], MaxLatency(us), 33215
[READ], 95thPercentileLatency(us), 3567
[READ], 99thPercentileLatency(us), 5187
[READ], Return=OK, 19562
[CLEANUP], Operations, 1
[CLEANUP], AverageLatency(us), 1701.0
[CLEANUP], MinLatency(us), 1701
[CLEANUP], MaxLatency(us), 1701
[CLEANUP], 95thPercentileLatency(us), 1701
[CLEANUP], 99thPercentileLatency(us), 1701
[UPDATE], Operations, 19201
[UPDATE], AverageLatency(us), 1564.1162960262486
[UPDATE], MinLatency(us), 408
[UPDATE], MaxLatency(us), 31327
[UPDATE], 95thPercentileLatency(us), 3847
[UPDATE], 99thPercentileLatency(us), 5287
[UPDATE], Return=OK, 19201
AUTOTEST_DONE
