/nix/store/2vwkssqpzykk37r996cafq7x63imf4sp-openjdk-21+35/bin/java  -classpath /nix/store/zw02np72fzsmga6s5mphhw7x8qlzf4sv-ycsb-0.17.0/share/conf:/nix/store/zw02np72fzsmga6s5mphhw7x8qlzf4sv-ycsb-0.17.0/share/lib/core-0.17.0.jar:/nix/store/zw02np72fzsmga6s5mphhw7x8qlzf4sv-ycsb-0.17.0/share/lib/HdrHistogram-2.1.4.jar:/nix/store/zw02np72fzsmga6s5mphhw7x8qlzf4sv-ycsb-0.17.0/share/lib/htrace-core4-4.1.0-incubating.jar:/nix/store/zw02np72fzsmga6s5mphhw7x8qlzf4sv-ycsb-0.17.0/share/lib/jackson-core-asl-1.9.4.jar:/nix/store/zw02np72fzsmga6s5mphhw7x8qlzf4sv-ycsb-0.17.0/share/lib/jackson-mapper-asl-1.9.4.jar:/nix/store/zw02np72fzsmga6s5mphhw7x8qlzf4sv-ycsb-0.17.0/share/redis-binding/lib/commons-pool2-2.4.2.jar:/nix/store/zw02np72fzsmga6s5mphhw7x8qlzf4sv-ycsb-0.17.0/share/redis-binding/lib/jedis-2.9.0.jar:/nix/store/zw02np72fzsmga6s5mphhw7x8qlzf4sv-ycsb-0.17.0/share/redis-binding/lib/redis-binding-0.17.0.jar site.ycsb.Client -t -db site.ycsb.db.RedisClient -s -P /home/host/vmuxIO/test/moonprogs//../../ycsb/share/workloads/workloada -p redis.host=10.1.0.2 -p redis.port=6379 -p operationcount=429496729 -p maxexecutiontime=61 -threads 1
Command line: -t -db site.ycsb.db.RedisClient -s -P /home/host/vmuxIO/test/moonprogs//../../ycsb/share/workloads/workloada -p redis.host=10.1.0.2 -p redis.port=6379 -p operationcount=429496729 -p maxexecutiontime=61 -threads 1
YCSB Client 0.17.0

Loading workload...
Starting test.
Maximum execution time specified as: 61 secs
DBWrapper: report latency for each error is false and specific error codes to track for latency are: []
2024-06-30 01:50:05:685 0 sec: 0 operations; est completion in 0 second 
2024-06-30 01:50:15:493 10 sec: 39275 operations; 3927.5 current ops/sec; est completion in 1 day 6 hours [READ: Count=19574, Max=20303, Min=102, Avg=240.59, 90=294, 99=332, 99.9=2477, 99.99=10503] [UPDATE: Count=19711, Max=28175, Min=104, Avg=244.86, 90=294, 99=365, 99.9=2833, 99.99=6395] 
2024-06-30 01:50:25:493 20 sec: 81839 operations; 4256.4 current ops/sec; est completion in 1 day 5 hours [READ: Count=21058, Max=11063, Min=102, Avg=233.74, 90=294, 99=331, 99.9=585, 99.99=1216] [UPDATE: Count=21496, Max=2293, Min=101, Avg=229.96, 90=292, 99=331, 99.9=539, 99.99=1201] 
2024-06-30 01:50:35:493 30 sec: 122521 operations; 4068.2 current ops/sec; est completion in 1 day 5 hours [READ: Count=20275, Max=9719, Min=101, Avg=244.66, 90=305, 99=439, 99.9=708, 99.99=1615] [UPDATE: Count=20407, Max=1041, Min=103, Avg=241.2, 90=304, 99=440, 99.9=615, 99.99=1011] 
2024-06-30 01:50:45:493 40 sec: 166965 operations; 4444.4 current ops/sec; est completion in 1 day 4 hours [READ: Count=22324, Max=3903, Min=102, Avg=224.23, 90=288, 99=314, 99.9=383, 99.99=1097] [UPDATE: Count=22120, Max=2813, Min=102, Avg=221.8, 90=286, 99=310, 99.9=362, 99.99=938] 
2024-06-30 01:50:55:493 50 sec: 211681 operations; 4471.6 current ops/sec; est completion in 1 day 4 hours [READ: Count=22339, Max=919, Min=100, Avg=222.42, 90=289, 99=313, 99.9=365, 99.99=844] [UPDATE: Count=22377, Max=4587, Min=98, Avg=220.99, 90=288, 99=311, 99.9=363, 99.99=1136] 
2024-06-30 01:51:05:493 60 sec: 254121 operations; 4244 current ops/sec; est completion in 1 day 4 hours [READ: Count=21370, Max=3905, Min=106, Avg=234.73, 90=304, 99=410, 99.9=579, 99.99=954] [UPDATE: Count=21070, Max=1121, Min=99, Avg=231.42, 90=301, 99=410, 99.9=575, 99.99=922] 
Maximum time elapsed. Requesting stop for the workload.
Stop requested for workload. Now Joining!
2024-06-30 01:51:06:505 61 sec: 260628 operations; 6436.2 current ops/sec; est completion in 1 day 3 hours [READ: Count=3282, Max=5839, Min=101, Avg=155.43, 90=246, 99=299, 99.9=343, 99.99=5839] [CLEANUP: Count=1, Max=1270, Min=1270, Avg=1270, 90=1270, 99=1270, 99.9=1270, 99.99=1270] [UPDATE: Count=3225, Max=808, Min=94, Avg=150.76, 90=174, 99=293, 99.9=430, 99.99=808] 
[OVERALL], RunTime(ms), 61017
[OVERALL], Throughput(ops/sec), 4271.399773833522
[TOTAL_GCS_Copy], Count, 24
[TOTAL_GC_TIME_Copy], Time(ms), 30
[TOTAL_GC_TIME_%_Copy], Time(%), 0.049166625694478584
[TOTAL_GCS_MarkSweepCompact], Count, 0
[TOTAL_GC_TIME_MarkSweepCompact], Time(ms), 0
[TOTAL_GC_TIME_%_MarkSweepCompact], Time(%), 0.0
[TOTAL_GCs], Count, 24
[TOTAL_GC_TIME], Time(ms), 30
[TOTAL_GC_TIME_%], Time(%), 0.049166625694478584
[READ], Operations, 130222
[READ], AverageLatency(us), 231.08652915789958
[READ], MinLatency(us), 100
[READ], MaxLatency(us), 20303
[READ], 95thPercentileLatency(us), 305
[READ], 99thPercentileLatency(us), 366
[READ], Return=OK, 130222
[CLEANUP], Operations, 1
[CLEANUP], AverageLatency(us), 1270.0
[CLEANUP], MinLatency(us), 1270
[CLEANUP], MaxLatency(us), 1270
[CLEANUP], 95thPercentileLatency(us), 1270
[CLEANUP], 99thPercentileLatency(us), 1270
[UPDATE], Operations, 130406
[UPDATE], AverageLatency(us), 229.32510774044138
[UPDATE], MinLatency(us), 94
[UPDATE], MaxLatency(us), 28175
[UPDATE], 95thPercentileLatency(us), 304
[UPDATE], 99thPercentileLatency(us), 370
[UPDATE], Return=OK, 130406
AUTOTEST_DONE
