/nix/store/2vwkssqpzykk37r996cafq7x63imf4sp-openjdk-21+35/bin/java  -classpath /nix/store/zw02np72fzsmga6s5mphhw7x8qlzf4sv-ycsb-0.17.0/share/conf:/nix/store/zw02np72fzsmga6s5mphhw7x8qlzf4sv-ycsb-0.17.0/share/lib/core-0.17.0.jar:/nix/store/zw02np72fzsmga6s5mphhw7x8qlzf4sv-ycsb-0.17.0/share/lib/HdrHistogram-2.1.4.jar:/nix/store/zw02np72fzsmga6s5mphhw7x8qlzf4sv-ycsb-0.17.0/share/lib/htrace-core4-4.1.0-incubating.jar:/nix/store/zw02np72fzsmga6s5mphhw7x8qlzf4sv-ycsb-0.17.0/share/lib/jackson-core-asl-1.9.4.jar:/nix/store/zw02np72fzsmga6s5mphhw7x8qlzf4sv-ycsb-0.17.0/share/lib/jackson-mapper-asl-1.9.4.jar:/nix/store/zw02np72fzsmga6s5mphhw7x8qlzf4sv-ycsb-0.17.0/share/redis-binding/lib/commons-pool2-2.4.2.jar:/nix/store/zw02np72fzsmga6s5mphhw7x8qlzf4sv-ycsb-0.17.0/share/redis-binding/lib/jedis-2.9.0.jar:/nix/store/zw02np72fzsmga6s5mphhw7x8qlzf4sv-ycsb-0.17.0/share/redis-binding/lib/redis-binding-0.17.0.jar site.ycsb.Client -t -db site.ycsb.db.RedisClient -s -P /home/host/vmuxIO/test/moonprogs//../../ycsb/share/workloads/workloada -p redis.host=10.1.0.2 -p redis.port=6379 -p operationcount=305000 -threads 1 -target 5000
Command line: -t -db site.ycsb.db.RedisClient -s -P /home/host/vmuxIO/test/moonprogs//../../ycsb/share/workloads/workloada -p redis.host=10.1.0.2 -p redis.port=6379 -p operationcount=305000 -threads 1 -target 5000
YCSB Client 0.17.0

Loading workload...
Starting test.
DBWrapper: report latency for each error is false and specific error codes to track for latency are: []
2024-06-13 19:05:23:043 0 sec: 0 operations; est completion in 0 second 
2024-06-13 19:05:32:903 10 sec: 49553 operations; 4954.8 current ops/sec; est completion in 52 seconds [READ: Count=24896, Max=45983, Min=103, Avg=188.28, 90=265, 99=306, 99.9=2775, 99.99=4523] [UPDATE: Count=24665, Max=5711, Min=100, Avg=185.05, 90=263, 99=341, 99.9=2915, 99.99=4135] 
2024-06-13 19:05:42:903 20 sec: 99553 operations; 5000 current ops/sec; est completion in 42 seconds [READ: Count=24974, Max=11207, Min=101, Avg=160.05, 90=173, 99=262, 99.9=344, 99.99=1446] [UPDATE: Count=25018, Max=2957, Min=100, Avg=154.57, 90=167, 99=259, 99.9=349, 99.99=965] 
2024-06-13 19:05:52:903 30 sec: 149553 operations; 5000 current ops/sec; est completion in 32 seconds [READ: Count=25135, Max=9007, Min=101, Avg=165.49, 90=203, 99=309, 99.9=432, 99.99=704] [UPDATE: Count=24865, Max=3457, Min=98, Avg=159.8, 90=190, 99=304, 99.9=422, 99.99=799] 
2024-06-13 19:06:02:903 40 sec: 199553 operations; 5000 current ops/sec; est completion in 22 seconds [READ: Count=25024, Max=696, Min=101, Avg=157.83, 90=165, 99=257, 99.9=356, 99.99=563] [UPDATE: Count=24976, Max=4591, Min=99, Avg=152.15, 90=161, 99=252, 99.9=353, 99.99=985] 
2024-06-13 19:06:12:903 50 sec: 249553 operations; 5000 current ops/sec; est completion in 12 seconds [READ: Count=24900, Max=3733, Min=102, Avg=158.48, 90=166, 99=256, 99.9=358, 99.99=707] [UPDATE: Count=25100, Max=1112, Min=98, Avg=152.89, 90=162, 99=254, 99.9=291, 99.99=647] 
2024-06-13 19:06:22:903 60 sec: 299291 operations; 4973.8 current ops/sec; est completion in 2 second [READ: Count=25096, Max=3363, Min=101, Avg=165.14, 90=203, 99=283, 99.9=402, 99.99=613] [UPDATE: Count=24642, Max=6355, Min=99, Avg=161.78, 90=195, 99=281, 99.9=401, 99.99=740] 
2024-06-13 19:06:23:994 61 sec: 305000 operations; 5232.81 current ops/sec; [READ: Count=2873, Max=776, Min=103, Avg=185.24, 90=251, 99=372, 99.9=430, 99.99=776] [CLEANUP: Count=1, Max=1377, Min=1377, Avg=1377, 90=1377, 99=1377, 99.9=1377, 99.99=1377] [UPDATE: Count=2836, Max=8527, Min=100, Avg=184.76, 90=247, 99=393, 99.9=631, 99.99=8527] 
[OVERALL], RunTime(ms), 61097
[OVERALL], Throughput(ops/sec), 4992.0618033618675
[TOTAL_GCS_Copy], Count, 28
[TOTAL_GC_TIME_Copy], Time(ms), 18
[TOTAL_GC_TIME_%_Copy], Time(%), 0.02946134834770938
[TOTAL_GCS_MarkSweepCompact], Count, 0
[TOTAL_GC_TIME_MarkSweepCompact], Time(ms), 0
[TOTAL_GC_TIME_%_MarkSweepCompact], Time(%), 0.0
[TOTAL_GCs], Count, 28
[TOTAL_GC_TIME], Time(ms), 18
[TOTAL_GC_TIME_%], Time(%), 0.02946134834770938
[READ], Operations, 152898
[READ], AverageLatency(us), 166.22909390574108
[READ], MinLatency(us), 101
[READ], MaxLatency(us), 45983
[READ], 95thPercentileLatency(us), 255
[READ], 99thPercentileLatency(us), 284
[READ], Return=OK, 152898
[CLEANUP], Operations, 1
[CLEANUP], AverageLatency(us), 1377.0
[CLEANUP], MinLatency(us), 1377
[CLEANUP], MaxLatency(us), 1377
[CLEANUP], 95thPercentileLatency(us), 1377
[CLEANUP], 99thPercentileLatency(us), 1377
[UPDATE], Operations, 152102
[UPDATE], AverageLatency(us), 161.4265295656862
[UPDATE], MinLatency(us), 98
[UPDATE], MaxLatency(us), 8527
[UPDATE], 95thPercentileLatency(us), 251
[UPDATE], 99thPercentileLatency(us), 283
[UPDATE], Return=OK, 152102
AUTOTEST_DONE
