/nix/store/2vwkssqpzykk37r996cafq7x63imf4sp-openjdk-21+35/bin/java  -classpath /nix/store/zw02np72fzsmga6s5mphhw7x8qlzf4sv-ycsb-0.17.0/share/conf:/nix/store/zw02np72fzsmga6s5mphhw7x8qlzf4sv-ycsb-0.17.0/share/lib/core-0.17.0.jar:/nix/store/zw02np72fzsmga6s5mphhw7x8qlzf4sv-ycsb-0.17.0/share/lib/HdrHistogram-2.1.4.jar:/nix/store/zw02np72fzsmga6s5mphhw7x8qlzf4sv-ycsb-0.17.0/share/lib/htrace-core4-4.1.0-incubating.jar:/nix/store/zw02np72fzsmga6s5mphhw7x8qlzf4sv-ycsb-0.17.0/share/lib/jackson-core-asl-1.9.4.jar:/nix/store/zw02np72fzsmga6s5mphhw7x8qlzf4sv-ycsb-0.17.0/share/lib/jackson-mapper-asl-1.9.4.jar:/nix/store/zw02np72fzsmga6s5mphhw7x8qlzf4sv-ycsb-0.17.0/share/redis-binding/lib/commons-pool2-2.4.2.jar:/nix/store/zw02np72fzsmga6s5mphhw7x8qlzf4sv-ycsb-0.17.0/share/redis-binding/lib/jedis-2.9.0.jar:/nix/store/zw02np72fzsmga6s5mphhw7x8qlzf4sv-ycsb-0.17.0/share/redis-binding/lib/redis-binding-0.17.0.jar site.ycsb.Client -t -db site.ycsb.db.RedisClient -s -P /home/host/vmuxIO/test/moonprogs//../../ycsb/share/workloads/workloada -p redis.host=10.1.0.2 -p redis.port=6379 -p operationcount=429496729 -p maxexecutiontime=61 -threads 1
Command line: -t -db site.ycsb.db.RedisClient -s -P /home/host/vmuxIO/test/moonprogs//../../ycsb/share/workloads/workloada -p redis.host=10.1.0.2 -p redis.port=6379 -p operationcount=429496729 -p maxexecutiontime=61 -threads 1
YCSB Client 0.17.0

Loading workload...
Starting test.
Maximum execution time specified as: 61 secs
2025-02-01 19:12:59:319 0 sec: 0 operations; est completion in 0 second 
DBWrapper: report latency for each error is false and specific error codes to track for latency are: []
2025-02-01 19:13:09:114 10 sec: 11582 operations; 1158.08 current ops/sec; est completion in 4 days 7 hours [READ: Count=5842, Max=73791, Min=149, Avg=801.24, 90=1332, 99=4983, 99.9=10903, 99.99=38367] [UPDATE: Count=5761, Max=41247, Min=150, Avg=836.25, 90=1455, 99=5159, 99.9=9575, 99.99=16479] 
2025-02-01 19:13:19:110 20 sec: 24898 operations; 1331.73 current ops/sec; est completion in 3 days 23 hours [READ: Count=6746, Max=13039, Min=112, Avg=738.12, 90=1367, 99=3927, 99.9=7743, 99.99=10031] [UPDATE: Count=6551, Max=16343, Min=148, Avg=749.3, 90=1327, 99=4107, 99.9=12015, 99.99=15751] 
2025-02-01 19:13:29:111 30 sec: 41087 operations; 1618.74 current ops/sec; est completion in 3 days 15 hours [READ: Count=8073, Max=13351, Min=128, Avg=609.26, 90=987, 99=1726, 99.9=4767, 99.99=5551] [UPDATE: Count=8114, Max=10167, Min=133, Avg=615.9, 90=997, 99=1716, 99.9=4203, 99.99=8855] 
2025-02-01 19:13:39:110 40 sec: 57277 operations; 1619.16 current ops/sec; est completion in 3 days 11 hours [READ: Count=8027, Max=10903, Min=141, Avg=611.48, 90=936, 99=1710, 99.9=3797, 99.99=5711] [UPDATE: Count=8163, Max=10671, Min=128, Avg=613.1, 90=935, 99=1759, 99.9=4675, 99.99=9623] 
2025-02-01 19:13:49:110 50 sec: 77146 operations; 1986.9 current ops/sec; est completion in 3 days 5 hours [READ: Count=9975, Max=8055, Min=118, Avg=496.72, 90=776, 99=1655, 99.9=4823, 99.99=7863] [UPDATE: Count=9894, Max=6875, Min=108, Avg=503.2, 90=806, 99=1657, 99.9=4635, 99.99=6647] 
2025-02-01 19:13:59:110 60 sec: 101632 operations; 2448.6 current ops/sec; est completion in 2 days 22 hours [READ: Count=12293, Max=7079, Min=92, Avg=408.41, 90=627, 99=1127, 99.9=4651, 99.99=6991] [UPDATE: Count=12199, Max=7951, Min=107, Avg=402.58, 90=622, 99=1062, 99.9=4155, 99.99=6867] 
Maximum time elapsed. Requesting stop for the workload.
Stop requested for workload. Now Joining!
2025-02-01 19:14:00:114 61 sec: 105959 operations; 4309.76 current ops/sec; est completion in 2 days 20 hours [READ: Count=2143, Max=2437, Min=90, Avg=232.97, 90=337, 99=623, 99.9=2037, 99.99=2437] [CLEANUP: Count=1, Max=1450, Min=1450, Avg=1450, 90=1450, 99=1450, 99.9=1450, 99.99=1450] [UPDATE: Count=2178, Max=1529, Min=100, Avg=225.95, 90=334, 99=552, 99.9=1215, 99.99=1529] 
[OVERALL], RunTime(ms), 61004
[OVERALL], Throughput(ops/sec), 1736.918890564553
[TOTAL_GCS_G1_Young_Generation], Count, 6
[TOTAL_GC_TIME_G1_Young_Generation], Time(ms), 104
[TOTAL_GC_TIME_%_G1_Young_Generation], Time(%), 0.17048062422136254
[TOTAL_GCS_G1_Concurrent_GC], Count, 0
[TOTAL_GC_TIME_G1_Concurrent_GC], Time(ms), 0
[TOTAL_GC_TIME_%_G1_Concurrent_GC], Time(%), 0.0
[TOTAL_GCS_G1_Old_Generation], Count, 0
[TOTAL_GC_TIME_G1_Old_Generation], Time(ms), 0
[TOTAL_GC_TIME_%_G1_Old_Generation], Time(%), 0.0
[TOTAL_GCs], Count, 6
[TOTAL_GC_TIME], Time(ms), 104
[TOTAL_GC_TIME_%], Time(%), 0.17048062422136254
[READ], Operations, 53099
[READ], AverageLatency(us), 564.2619258366448
[READ], MinLatency(us), 90
[READ], MaxLatency(us), 73791
[READ], 95thPercentileLatency(us), 1165
[READ], 99thPercentileLatency(us), 2595
[READ], Return=OK, 53099
[CLEANUP], Operations, 1
[CLEANUP], AverageLatency(us), 1450.0
[CLEANUP], MinLatency(us), 1450
[CLEANUP], MaxLatency(us), 1450
[CLEANUP], 95thPercentileLatency(us), 1450
[CLEANUP], 99thPercentileLatency(us), 1450
[UPDATE], Operations, 52860
[UPDATE], AverageLatency(us), 569.6213204691638
[UPDATE], MinLatency(us), 100
[UPDATE], MaxLatency(us), 41247
[UPDATE], 95thPercentileLatency(us), 1182
[UPDATE], 99thPercentileLatency(us), 2647
[UPDATE], Return=OK, 52860
AUTOTEST_DONE
