/nix/store/2vwkssqpzykk37r996cafq7x63imf4sp-openjdk-21+35/bin/java  -classpath /nix/store/zw02np72fzsmga6s5mphhw7x8qlzf4sv-ycsb-0.17.0/share/conf:/nix/store/zw02np72fzsmga6s5mphhw7x8qlzf4sv-ycsb-0.17.0/share/lib/core-0.17.0.jar:/nix/store/zw02np72fzsmga6s5mphhw7x8qlzf4sv-ycsb-0.17.0/share/lib/HdrHistogram-2.1.4.jar:/nix/store/zw02np72fzsmga6s5mphhw7x8qlzf4sv-ycsb-0.17.0/share/lib/htrace-core4-4.1.0-incubating.jar:/nix/store/zw02np72fzsmga6s5mphhw7x8qlzf4sv-ycsb-0.17.0/share/lib/jackson-core-asl-1.9.4.jar:/nix/store/zw02np72fzsmga6s5mphhw7x8qlzf4sv-ycsb-0.17.0/share/lib/jackson-mapper-asl-1.9.4.jar:/nix/store/zw02np72fzsmga6s5mphhw7x8qlzf4sv-ycsb-0.17.0/share/redis-binding/lib/commons-pool2-2.4.2.jar:/nix/store/zw02np72fzsmga6s5mphhw7x8qlzf4sv-ycsb-0.17.0/share/redis-binding/lib/jedis-2.9.0.jar:/nix/store/zw02np72fzsmga6s5mphhw7x8qlzf4sv-ycsb-0.17.0/share/redis-binding/lib/redis-binding-0.17.0.jar site.ycsb.Client -t -db site.ycsb.db.RedisClient -s -P /home/host/vmuxIO/test/moonprogs//../../ycsb/share/workloads/workloada -p redis.host=10.1.0.2 -p redis.port=6386 -p operationcount=429496729 -p maxexecutiontime=61 -threads 1
Command line: -t -db site.ycsb.db.RedisClient -s -P /home/host/vmuxIO/test/moonprogs//../../ycsb/share/workloads/workloada -p redis.host=10.1.0.2 -p redis.port=6386 -p operationcount=429496729 -p maxexecutiontime=61 -threads 1
YCSB Client 0.17.0

Loading workload...
Starting test.
Maximum execution time specified as: 61 secs
DBWrapper: report latency for each error is false and specific error codes to track for latency are: []
2025-02-05 03:03:44:058 0 sec: 0 operations; est completion in 0 second 
2025-02-05 03:03:53:832 10 sec: 27455 operations; 2745.23 current ops/sec; est completion in 1 day 19 hours [READ: Count=13859, Max=58591, Min=119, Avg=345.24, 90=504, 99=2265, 99.9=4191, 99.99=14143] [UPDATE: Count=13602, Max=21135, Min=121, Avg=352.19, 90=549, 99=2541, 99.9=4735, 99.99=8351] 
2025-02-05 03:04:03:833 20 sec: 58490 operations; 3103.5 current ops/sec; est completion in 1 day 16 hours [READ: Count=15431, Max=9463, Min=112, Avg=317.89, 90=416, 99=905, 99.9=2151, 99.99=7879] [UPDATE: Count=15598, Max=8655, Min=119, Avg=314.44, 90=420, 99=905, 99.9=1325, 99.99=6107] 
2025-02-05 03:04:13:832 30 sec: 82892 operations; 2440.2 current ops/sec; est completion in 1 day 19 hours [READ: Count=12259, Max=9647, Min=145, Avg=404.2, 90=723, 99=1190, 99.9=2219, 99.99=7003] [UPDATE: Count=12143, Max=22399, Min=134, Avg=409.01, 90=734, 99=1214, 99.9=2575, 99.99=19631] 
2025-02-05 03:04:23:832 40 sec: 106966 operations; 2407.4 current ops/sec; est completion in 1 day 20 hours [READ: Count=12204, Max=4947, Min=146, Avg=411.94, 90=729, 99=987, 99.9=1287, 99.99=4127] [UPDATE: Count=11870, Max=4215, Min=115, Avg=411.33, 90=739, 99=982, 99.9=1153, 99.99=4059] 
2025-02-05 03:04:33:832 50 sec: 135627 operations; 2866.1 current ops/sec; est completion in 1 day 19 hours [READ: Count=14338, Max=18463, Min=145, Avg=346.01, 90=608, 99=886, 99.9=1071, 99.99=4051] [UPDATE: Count=14323, Max=1815, Min=142, Avg=346.32, 90=611, 99=903, 99.9=1070, 99.99=1696] 
2025-02-05 03:04:43:832 60 sec: 167649 operations; 3202.2 current ops/sec; est completion in 1 day 18 hours [READ: Count=15935, Max=9015, Min=109, Avg=311.15, 90=514, 99=864, 99.9=1057, 99.99=1654] [UPDATE: Count=16087, Max=2775, Min=107, Avg=308.12, 90=516, 99=861, 99.9=1016, 99.99=1600] 
Maximum time elapsed. Requesting stop for the workload.
Stop requested for workload. Now Joining!
2025-02-05 03:04:44:849 61 sec: 173095 operations; 5354.97 current ops/sec; est completion in 1 day 18 hours [READ: Count=2701, Max=3207, Min=113, Avg=189.26, 90=276, 99=315, 99.9=713, 99.99=3207] [CLEANUP: Count=1, Max=928, Min=928, Avg=928, 90=928, 99=928, 99.9=928, 99.99=928] [UPDATE: Count=2745, Max=1059, Min=109, Avg=180.04, 90=273, 99=304, 99.9=540, 99.99=1059] 
[OVERALL], RunTime(ms), 61025
[OVERALL], Throughput(ops/sec), 2836.4604670217122
[TOTAL_GCS_Copy], Count, 16
[TOTAL_GC_TIME_Copy], Time(ms), 19
[TOTAL_GC_TIME_%_Copy], Time(%), 0.031134780827529702
[TOTAL_GCS_MarkSweepCompact], Count, 0
[TOTAL_GC_TIME_MarkSweepCompact], Time(ms), 0
[TOTAL_GC_TIME_%_MarkSweepCompact], Time(%), 0.0
[TOTAL_GCs], Count, 16
[TOTAL_GC_TIME], Time(ms), 19
[TOTAL_GC_TIME_%], Time(%), 0.031134780827529702
[READ], Operations, 86727
[READ], AverageLatency(us), 347.09842378959263
[READ], MinLatency(us), 109
[READ], MaxLatency(us), 58591
[READ], 95thPercentileLatency(us), 753
[READ], 99thPercentileLatency(us), 1015
[READ], Return=OK, 86727
[CLEANUP], Operations, 1
[CLEANUP], AverageLatency(us), 928.0
[CLEANUP], MinLatency(us), 928
[CLEANUP], MaxLatency(us), 928
[CLEANUP], 95thPercentileLatency(us), 928
[CLEANUP], 99thPercentileLatency(us), 928
[UPDATE], Operations, 86368
[UPDATE], AverageLatency(us), 346.8363051130048
[UPDATE], MinLatency(us), 107
[UPDATE], MaxLatency(us), 22399
[UPDATE], 95thPercentileLatency(us), 758
[UPDATE], 99thPercentileLatency(us), 1021
[UPDATE], Return=OK, 86368
AUTOTEST_DONE
