/nix/store/2vwkssqpzykk37r996cafq7x63imf4sp-openjdk-21+35/bin/java  -classpath /nix/store/zw02np72fzsmga6s5mphhw7x8qlzf4sv-ycsb-0.17.0/share/conf:/nix/store/zw02np72fzsmga6s5mphhw7x8qlzf4sv-ycsb-0.17.0/share/lib/core-0.17.0.jar:/nix/store/zw02np72fzsmga6s5mphhw7x8qlzf4sv-ycsb-0.17.0/share/lib/HdrHistogram-2.1.4.jar:/nix/store/zw02np72fzsmga6s5mphhw7x8qlzf4sv-ycsb-0.17.0/share/lib/htrace-core4-4.1.0-incubating.jar:/nix/store/zw02np72fzsmga6s5mphhw7x8qlzf4sv-ycsb-0.17.0/share/lib/jackson-core-asl-1.9.4.jar:/nix/store/zw02np72fzsmga6s5mphhw7x8qlzf4sv-ycsb-0.17.0/share/lib/jackson-mapper-asl-1.9.4.jar:/nix/store/zw02np72fzsmga6s5mphhw7x8qlzf4sv-ycsb-0.17.0/share/redis-binding/lib/commons-pool2-2.4.2.jar:/nix/store/zw02np72fzsmga6s5mphhw7x8qlzf4sv-ycsb-0.17.0/share/redis-binding/lib/jedis-2.9.0.jar:/nix/store/zw02np72fzsmga6s5mphhw7x8qlzf4sv-ycsb-0.17.0/share/redis-binding/lib/redis-binding-0.17.0.jar site.ycsb.Client -t -db site.ycsb.db.RedisClient -s -P /home/host/vmuxIO/test/moonprogs//../../ycsb/share/workloads/workloada -p redis.host=10.1.0.2 -p redis.port=6380 -p operationcount=429496729 -p maxexecutiontime=61 -threads 1
Command line: -t -db site.ycsb.db.RedisClient -s -P /home/host/vmuxIO/test/moonprogs//../../ycsb/share/workloads/workloada -p redis.host=10.1.0.2 -p redis.port=6380 -p operationcount=429496729 -p maxexecutiontime=61 -threads 1
YCSB Client 0.17.0

Loading workload...
Starting test.
Maximum execution time specified as: 61 secs
DBWrapper: report latency for each error is false and specific error codes to track for latency are: []
2025-02-10 03:22:43:901 0 sec: 0 operations; est completion in 0 second 
2025-02-10 03:22:53:694 10 sec: 21594 operations; 2159.18 current ops/sec; est completion in 2 days 7 hours [READ: Count=10838, Max=57599, Min=121, Avg=444.01, 90=680, 99=3129, 99.9=7115, 99.99=11335] [UPDATE: Count=10762, Max=10847, Min=126, Avg=443.24, 90=698, 99=2983, 99.9=7519, 99.99=10775] 
2025-02-10 03:23:03:694 20 sec: 40684 operations; 1909 current ops/sec; est completion in 2 days 10 hours [READ: Count=9562, Max=25375, Min=141, Avg=519.24, 90=856, 99=1322, 99.9=4063, 99.99=8439] [UPDATE: Count=9525, Max=21839, Min=142, Avg=518.29, 90=860, 99=1322, 99.9=3243, 99.99=11879] 
2025-02-10 03:23:13:694 30 sec: 65145 operations; 2446.1 current ops/sec; est completion in 2 days 6 hours [READ: Count=12138, Max=8019, Min=131, Avg=404.2, 90=709, 99=1006, 99.9=1350, 99.99=6171] [UPDATE: Count=12320, Max=15903, Min=130, Avg=402.52, 90=707, 99=997, 99.9=1321, 99.99=8519] 
2025-02-10 03:23:23:694 40 sec: 96657 operations; 3151.2 current ops/sec; est completion in 2 days 1 hour [READ: Count=15818, Max=3709, Min=132, Avg=315.09, 90=384, 99=863, 99.9=1127, 99.99=1349] [UPDATE: Count=15694, Max=6287, Min=135, Avg=314.5, 90=385, 99=878, 99.9=1239, 99.99=1590] 
2025-02-10 03:23:33:694 50 sec: 127907 operations; 3125 current ops/sec; est completion in 1 day 22 hours [READ: Count=15571, Max=11335, Min=141, Avg=317.83, 90=419, 99=827, 99.9=1290, 99.99=3769] [UPDATE: Count=15679, Max=1783, Min=140, Avg=316.65, 90=422, 99=817, 99.9=1300, 99.99=1492] 
2025-02-10 03:23:43:694 60 sec: 168151 operations; 4024.4 current ops/sec; est completion in 1 day 18 hours [READ: Count=20173, Max=13615, Min=103, Avg=247.65, 90=355, 99=558, 99.9=904, 99.99=2821] [UPDATE: Count=20071, Max=3287, Min=105, Avg=244.69, 90=356, 99=559, 99.9=990, 99.99=2309] 
Maximum time elapsed. Requesting stop for the workload.
Stop requested for workload. Now Joining!
2025-02-10 03:23:44:710 61 sec: 174578 operations; 6325.79 current ops/sec; est completion in 1 day 17 hours [READ: Count=3245, Max=3537, Min=113, Avg=158.16, 90=241, 99=285, 99.9=346, 99.99=3537] [CLEANUP: Count=1, Max=977, Min=977, Avg=977, 90=977, 99=977, 99.9=977, 99.99=977] [UPDATE: Count=3182, Max=639, Min=107, Avg=154.12, 90=176, 99=281, 99.9=452, 99.99=639] 
[OVERALL], RunTime(ms), 61020
[OVERALL], Throughput(ops/sec), 2860.996394624713
[TOTAL_GCS_Copy], Count, 16
[TOTAL_GC_TIME_Copy], Time(ms), 19
[TOTAL_GC_TIME_%_Copy], Time(%), 0.031137332022287776
[TOTAL_GCS_MarkSweepCompact], Count, 0
[TOTAL_GC_TIME_MarkSweepCompact], Time(ms), 0
[TOTAL_GC_TIME_%_MarkSweepCompact], Time(%), 0.0
[TOTAL_GCs], Count, 16
[TOTAL_GC_TIME], Time(ms), 19
[TOTAL_GC_TIME_%], Time(%), 0.031137332022287776
[READ], Operations, 87345
[READ], AverageLatency(us), 344.9013452401397
[READ], MinLatency(us), 103
[READ], MaxLatency(us), 57599
[READ], 95thPercentileLatency(us), 731
[READ], 99thPercentileLatency(us), 1056
[READ], Return=OK, 87345
[CLEANUP], Operations, 1
[CLEANUP], AverageLatency(us), 977.0
[CLEANUP], MinLatency(us), 977
[CLEANUP], MaxLatency(us), 977
[CLEANUP], 95thPercentileLatency(us), 977
[CLEANUP], 99thPercentileLatency(us), 977
[UPDATE], Operations, 87233
[UPDATE], AverageLatency(us), 343.53898180734353
[UPDATE], MinLatency(us), 105
[UPDATE], MaxLatency(us), 21839
[UPDATE], 95thPercentileLatency(us), 736
[UPDATE], 99thPercentileLatency(us), 1052
[UPDATE], Return=OK, 87233
AUTOTEST_DONE
