/nix/store/2vwkssqpzykk37r996cafq7x63imf4sp-openjdk-21+35/bin/java  -classpath /nix/store/zw02np72fzsmga6s5mphhw7x8qlzf4sv-ycsb-0.17.0/share/conf:/nix/store/zw02np72fzsmga6s5mphhw7x8qlzf4sv-ycsb-0.17.0/share/lib/core-0.17.0.jar:/nix/store/zw02np72fzsmga6s5mphhw7x8qlzf4sv-ycsb-0.17.0/share/lib/HdrHistogram-2.1.4.jar:/nix/store/zw02np72fzsmga6s5mphhw7x8qlzf4sv-ycsb-0.17.0/share/lib/htrace-core4-4.1.0-incubating.jar:/nix/store/zw02np72fzsmga6s5mphhw7x8qlzf4sv-ycsb-0.17.0/share/lib/jackson-core-asl-1.9.4.jar:/nix/store/zw02np72fzsmga6s5mphhw7x8qlzf4sv-ycsb-0.17.0/share/lib/jackson-mapper-asl-1.9.4.jar:/nix/store/zw02np72fzsmga6s5mphhw7x8qlzf4sv-ycsb-0.17.0/share/redis-binding/lib/commons-pool2-2.4.2.jar:/nix/store/zw02np72fzsmga6s5mphhw7x8qlzf4sv-ycsb-0.17.0/share/redis-binding/lib/jedis-2.9.0.jar:/nix/store/zw02np72fzsmga6s5mphhw7x8qlzf4sv-ycsb-0.17.0/share/redis-binding/lib/redis-binding-0.17.0.jar site.ycsb.Client -t -db site.ycsb.db.RedisClient -s -P /home/host/vmuxIO/test/moonprogs//../../ycsb/share/workloads/workloada -p redis.host=10.1.0.2 -p redis.port=6381 -p operationcount=429496729 -p maxexecutiontime=61 -threads 1
Command line: -t -db site.ycsb.db.RedisClient -s -P /home/host/vmuxIO/test/moonprogs//../../ycsb/share/workloads/workloada -p redis.host=10.1.0.2 -p redis.port=6381 -p operationcount=429496729 -p maxexecutiontime=61 -threads 1
YCSB Client 0.17.0

Loading workload...
Starting test.
Maximum execution time specified as: 61 secs
DBWrapper: report latency for each error is false and specific error codes to track for latency are: []
2025-02-05 03:03:43:698 0 sec: 0 operations; est completion in 0 second 
2025-02-05 03:03:53:508 10 sec: 15708 operations; 1570.01 current ops/sec; est completion in 3 days 3 hours [READ: Count=7794, Max=25359, Min=135, Avg=584.69, 90=887, 99=3883, 99.9=8155, 99.99=21183] [UPDATE: Count=7930, Max=26895, Min=121, Avg=633.2, 90=915, 99=4847, 99.9=9767, 99.99=16639] 
2025-02-05 03:04:03:505 20 sec: 38567 operations; 2286.81 current ops/sec; est completion in 2 days 13 hours [READ: Count=11530, Max=7963, Min=125, Avg=433.8, 90=796, 99=1426, 99.9=3543, 99.99=7603] [UPDATE: Count=11313, Max=4683, Min=117, Avg=428.48, 90=798, 99=1370, 99.9=3081, 99.99=4051] 
2025-02-05 03:04:13:504 30 sec: 58037 operations; 1947 current ops/sec; est completion in 2 days 13 hours [READ: Count=9792, Max=24415, Min=127, Avg=508.19, 90=925, 99=1327, 99.9=2419, 99.99=9479] [UPDATE: Count=9678, Max=9335, Min=130, Avg=509.22, 90=927, 99=1364, 99.9=2511, 99.99=8343] 
2025-02-05 03:04:23:504 40 sec: 79739 operations; 2170.42 current ops/sec; est completion in 2 days 11 hours [READ: Count=10906, Max=14591, Min=131, Avg=452.64, 90=777, 99=1227, 99.9=2415, 99.99=13527] [UPDATE: Count=10796, Max=41631, Min=128, Avg=458.72, 90=787, 99=1245, 99.9=1925, 99.99=10519] 
2025-02-05 03:04:33:504 50 sec: 102159 operations; 2241.78 current ops/sec; est completion in 2 days 10 hours [READ: Count=11238, Max=2795, Min=116, Avg=440.21, 90=768, 99=1174, 99.9=1669, 99.99=2571] [UPDATE: Count=11182, Max=11191, Min=131, Avg=445.16, 90=779, 99=1199, 99.9=1925, 99.99=4527] 
2025-02-05 03:04:43:504 60 sec: 135241 operations; 3308.2 current ops/sec; est completion in 2 days 4 hours [READ: Count=16471, Max=10567, Min=108, Avg=298.89, 90=489, 99=903, 99.9=1247, 99.99=3975] [UPDATE: Count=16611, Max=11615, Min=107, Avg=300.61, 90=498, 99=919, 99.9=1797, 99.99=7363] 
Maximum time elapsed. Requesting stop for the workload.
Stop requested for workload. Now Joining!
2025-02-05 03:04:44:511 61 sec: 140231 operations; 4955.31 current ops/sec; est completion in 2 days 3 hours [READ: Count=2491, Max=4087, Min=112, Avg=199.54, 90=282, 99=386, 99.9=2141, 99.99=4087] [CLEANUP: Count=1, Max=1105, Min=1105, Avg=1105, 90=1105, 99=1105, 99.9=1105, 99.99=1105] [UPDATE: Count=2499, Max=7363, Min=114, Avg=198.21, 90=281, 99=424, 99.9=1192, 99.99=7363] 
[OVERALL], RunTime(ms), 61016
[OVERALL], Throughput(ops/sec), 2298.266028582667
[TOTAL_GCS_Copy], Count, 13
[TOTAL_GC_TIME_Copy], Time(ms), 23
[TOTAL_GC_TIME_%_Copy], Time(%), 0.0376950308115904
[TOTAL_GCS_MarkSweepCompact], Count, 0
[TOTAL_GC_TIME_MarkSweepCompact], Time(ms), 0
[TOTAL_GC_TIME_%_MarkSweepCompact], Time(%), 0.0
[TOTAL_GCs], Count, 13
[TOTAL_GC_TIME], Time(ms), 23
[TOTAL_GC_TIME_%], Time(%), 0.0376950308115904
[READ], Operations, 70222
[READ], AverageLatency(us), 424.9196405684828
[READ], MinLatency(us), 108
[READ], MaxLatency(us), 25359
[READ], 95thPercentileLatency(us), 920
[READ], 99thPercentileLatency(us), 1389
[READ], Return=OK, 70222
[CLEANUP], Operations, 1
[CLEANUP], AverageLatency(us), 1105.0
[CLEANUP], MinLatency(us), 1105
[CLEANUP], MaxLatency(us), 1105
[CLEANUP], 95thPercentileLatency(us), 1105
[CLEANUP], 99thPercentileLatency(us), 1105
[UPDATE], Operations, 70009
[UPDATE], AverageLatency(us), 431.59992286705995
[UPDATE], MinLatency(us), 107
[UPDATE], MaxLatency(us), 41631
[UPDATE], 95thPercentileLatency(us), 931
[UPDATE], 99thPercentileLatency(us), 1419
[UPDATE], Return=OK, 70009
AUTOTEST_DONE
