/nix/store/2vwkssqpzykk37r996cafq7x63imf4sp-openjdk-21+35/bin/java  -classpath /nix/store/zw02np72fzsmga6s5mphhw7x8qlzf4sv-ycsb-0.17.0/share/conf:/nix/store/zw02np72fzsmga6s5mphhw7x8qlzf4sv-ycsb-0.17.0/share/lib/core-0.17.0.jar:/nix/store/zw02np72fzsmga6s5mphhw7x8qlzf4sv-ycsb-0.17.0/share/lib/HdrHistogram-2.1.4.jar:/nix/store/zw02np72fzsmga6s5mphhw7x8qlzf4sv-ycsb-0.17.0/share/lib/htrace-core4-4.1.0-incubating.jar:/nix/store/zw02np72fzsmga6s5mphhw7x8qlzf4sv-ycsb-0.17.0/share/lib/jackson-core-asl-1.9.4.jar:/nix/store/zw02np72fzsmga6s5mphhw7x8qlzf4sv-ycsb-0.17.0/share/lib/jackson-mapper-asl-1.9.4.jar:/nix/store/zw02np72fzsmga6s5mphhw7x8qlzf4sv-ycsb-0.17.0/share/redis-binding/lib/commons-pool2-2.4.2.jar:/nix/store/zw02np72fzsmga6s5mphhw7x8qlzf4sv-ycsb-0.17.0/share/redis-binding/lib/jedis-2.9.0.jar:/nix/store/zw02np72fzsmga6s5mphhw7x8qlzf4sv-ycsb-0.17.0/share/redis-binding/lib/redis-binding-0.17.0.jar site.ycsb.Client -t -db site.ycsb.db.RedisClient -s -P /home/host/vmuxIO/test/moonprogs//../../ycsb/share/workloads/workloada -p redis.host=10.1.0.2 -p redis.port=6386 -p operationcount=429496729 -p maxexecutiontime=61 -threads 1
Command line: -t -db site.ycsb.db.RedisClient -s -P /home/host/vmuxIO/test/moonprogs//../../ycsb/share/workloads/workloada -p redis.host=10.1.0.2 -p redis.port=6386 -p operationcount=429496729 -p maxexecutiontime=61 -threads 1
YCSB Client 0.17.0

Loading workload...
Starting test.
Maximum execution time specified as: 61 secs
DBWrapper: report latency for each error is false and specific error codes to track for latency are: []
2024-10-15 12:17:49:071 0 sec: 2 operations; ∞ current ops/sec; est completion in 0 second [UPDATE: Count=3, Max=51359, Min=1249, Avg=18030.33, 90=51359, 99=51359, 99.9=51359, 99.99=51359] 
2024-10-15 12:17:58:738 10 sec: 78345 operations; 7834.3 current ops/sec; est completion in 15 hours 13 minutes [READ: Count=39172, Max=50079, Min=95, Avg=121.1, 90=129, 99=164, 99.9=828, 99.99=4375] [UPDATE: Count=39170, Max=5267, Min=95, Avg=117.73, 90=126, 99=167, 99.9=961, 99.99=3763] 
2024-10-15 12:18:08:737 20 sec: 167482 operations; 8913.7 current ops/sec; est completion in 14 hours 14 minutes [READ: Count=44658, Max=5003, Min=94, Avg=112.05, 90=121, 99=133, 99.9=174, 99.99=705] [UPDATE: Count=44479, Max=8199, Min=91, Avg=109.26, 90=118, 99=130, 99.9=181, 99.99=598] 
2024-10-15 12:18:18:737 30 sec: 257681 operations; 9019.9 current ops/sec; est completion in 13 hours 52 minutes [READ: Count=45237, Max=6955, Min=92, Avg=111.04, 90=118, 99=132, 99.9=186, 99.99=365] [UPDATE: Count=44962, Max=607, Min=89, Avg=107.94, 90=115, 99=129, 99.9=178, 99.99=344] 
2024-10-15 12:18:28:737 40 sec: 348283 operations; 9060.2 current ops/sec; est completion in 13 hours 41 minutes [READ: Count=45359, Max=2699, Min=87, Avg=110.46, 90=119, 99=135, 99.9=214, 99.99=369] [UPDATE: Count=45243, Max=381, Min=86, Avg=107.48, 90=116, 99=132, 99.9=170, 99.99=324] 
2024-10-15 12:18:38:737 50 sec: 439144 operations; 9086.1 current ops/sec; est completion in 13 hours 34 minutes [READ: Count=45479, Max=391, Min=90, Avg=110.03, 90=119, 99=136, 99.9=195, 99.99=326] [UPDATE: Count=45382, Max=3679, Min=90, Avg=107.33, 90=116, 99=133, 99.9=191, 99.99=335] 
2024-10-15 12:18:48:737 60 sec: 528900 operations; 8975.6 current ops/sec; est completion in 13 hours 31 minutes [READ: Count=44785, Max=2257, Min=96, Avg=111.5, 90=120, 99=134, 99.9=262, 99.99=358] [UPDATE: Count=44971, Max=546, Min=89, Avg=108.58, 90=118, 99=131, 99.9=266, 99.99=320] 
Maximum time elapsed. Requesting stop for the workload.
Stop requested for workload. Now Joining!
2024-10-15 12:18:49:748 61 sec: 538024 operations; 9024.73 current ops/sec; est completion in 13 hours 30 minutes [READ: Count=4635, Max=453, Min=95, Avg=109.9, 90=119, 99=136, 99.9=195, 99.99=453] [CLEANUP: Count=1, Max=837, Min=837, Avg=837, 90=837, 99=837, 99.9=837, 99.99=837] [UPDATE: Count=4489, Max=7139, Min=90, Avg=108.48, 90=116, 99=132, 99.9=196, 99.99=7139] 
[OVERALL], RunTime(ms), 61014
[OVERALL], Throughput(ops/sec), 8818.041760907332
[TOTAL_GCS_Copy], Count, 50
[TOTAL_GC_TIME_Copy], Time(ms), 19
[TOTAL_GC_TIME_%_Copy], Time(%), 0.031140394007932604
[TOTAL_GCS_MarkSweepCompact], Count, 0
[TOTAL_GC_TIME_MarkSweepCompact], Time(ms), 0
[TOTAL_GC_TIME_%_MarkSweepCompact], Time(%), 0.0
[TOTAL_GCs], Count, 50
[TOTAL_GC_TIME], Time(ms), 19
[TOTAL_GC_TIME_%], Time(%), 0.031140394007932604
[READ], Operations, 269325
[READ], AverageLatency(us), 112.45950060336025
[READ], MinLatency(us), 87
[READ], MaxLatency(us), 50079
[READ], 95thPercentileLatency(us), 127
[READ], 99thPercentileLatency(us), 139
[READ], Return=OK, 269325
[CLEANUP], Operations, 1
[CLEANUP], AverageLatency(us), 837.0
[CLEANUP], MinLatency(us), 837
[CLEANUP], MaxLatency(us), 837
[CLEANUP], 95thPercentileLatency(us), 837
[CLEANUP], 99thPercentileLatency(us), 837
[UPDATE], Operations, 268699
[UPDATE], AverageLatency(us), 109.72038600813549
[UPDATE], MinLatency(us), 86
[UPDATE], MaxLatency(us), 51359
[UPDATE], 95thPercentileLatency(us), 124
[UPDATE], 99thPercentileLatency(us), 136
[UPDATE], Return=OK, 268699
AUTOTEST_DONE
