/nix/store/2vwkssqpzykk37r996cafq7x63imf4sp-openjdk-21+35/bin/java  -classpath /nix/store/zw02np72fzsmga6s5mphhw7x8qlzf4sv-ycsb-0.17.0/share/conf:/nix/store/zw02np72fzsmga6s5mphhw7x8qlzf4sv-ycsb-0.17.0/share/lib/core-0.17.0.jar:/nix/store/zw02np72fzsmga6s5mphhw7x8qlzf4sv-ycsb-0.17.0/share/lib/HdrHistogram-2.1.4.jar:/nix/store/zw02np72fzsmga6s5mphhw7x8qlzf4sv-ycsb-0.17.0/share/lib/htrace-core4-4.1.0-incubating.jar:/nix/store/zw02np72fzsmga6s5mphhw7x8qlzf4sv-ycsb-0.17.0/share/lib/jackson-core-asl-1.9.4.jar:/nix/store/zw02np72fzsmga6s5mphhw7x8qlzf4sv-ycsb-0.17.0/share/lib/jackson-mapper-asl-1.9.4.jar:/nix/store/zw02np72fzsmga6s5mphhw7x8qlzf4sv-ycsb-0.17.0/share/redis-binding/lib/commons-pool2-2.4.2.jar:/nix/store/zw02np72fzsmga6s5mphhw7x8qlzf4sv-ycsb-0.17.0/share/redis-binding/lib/jedis-2.9.0.jar:/nix/store/zw02np72fzsmga6s5mphhw7x8qlzf4sv-ycsb-0.17.0/share/redis-binding/lib/redis-binding-0.17.0.jar site.ycsb.Client -t -db site.ycsb.db.RedisClient -s -P /home/host/vmuxIO/test/moonprogs//../../ycsb/share/workloads/workloada -p redis.host=10.1.0.2 -p redis.port=6380 -p operationcount=429496729 -p maxexecutiontime=61 -threads 1
Command line: -t -db site.ycsb.db.RedisClient -s -P /home/host/vmuxIO/test/moonprogs//../../ycsb/share/workloads/workloada -p redis.host=10.1.0.2 -p redis.port=6380 -p operationcount=429496729 -p maxexecutiontime=61 -threads 1
YCSB Client 0.17.0

Loading workload...
Starting test.
Maximum execution time specified as: 61 secs
DBWrapper: report latency for each error is false and specific error codes to track for latency are: []
2025-04-02 00:49:36:464 0 sec: 0 operations; est completion in 0 second 
2025-04-02 00:49:46:290 10 sec: 22750 operations; 2275 current ops/sec; est completion in 2 days 4 hours [READ: Count=11396, Max=52095, Min=164, Avg=417.4, 90=582, 99=2091, 99.9=4431, 99.99=7523] [UPDATE: Count=11364, Max=11567, Min=168, Avg=425.73, 90=615, 99=2361, 99.9=4483, 99.99=7319] 
2025-04-02 00:49:56:290 20 sec: 49103 operations; 2635.3 current ops/sec; est completion in 2 days [READ: Count=13274, Max=9991, Min=154, Avg=374.92, 90=592, 99=953, 99.9=3423, 99.99=4751] [UPDATE: Count=13069, Max=4615, Min=169, Avg=373.08, 90=594, 99=929, 99.9=3381, 99.99=4491] 
2025-04-02 00:50:06:290 30 sec: 72064 operations; 2296.1 current ops/sec; est completion in 2 days 1 hour [READ: Count=11508, Max=13895, Min=159, Avg=433, 90=727, 99=935, 99.9=1282, 99.99=3891] [UPDATE: Count=11453, Max=4295, Min=162, Avg=431.23, 90=730, 99=923, 99.9=1181, 99.99=4131] 
2025-04-02 00:50:16:290 40 sec: 94107 operations; 2204.3 current ops/sec; est completion in 2 days 2 hours [READ: Count=11023, Max=6207, Min=174, Avg=449.19, 90=710, 99=1089, 99.9=1482, 99.99=2649] [UPDATE: Count=11020, Max=13255, Min=176, Avg=452.21, 90=717, 99=1097, 99.9=1505, 99.99=3703] 
2025-04-02 00:50:26:291 50 sec: 118674 operations; 2456.45 current ops/sec; est completion in 2 days 2 hours [READ: Count=12311, Max=29615, Min=164, Avg=405.19, 90=709, 99=928, 99.9=1139, 99.99=2827] [UPDATE: Count=12256, Max=4139, Min=171, Avg=403.8, 90=707, 99=942, 99.9=1136, 99.99=2831] 
2025-04-02 00:50:36:290 60 sec: 142972 operations; 2430.04 current ops/sec; est completion in 2 days 2 hours [READ: Count=12113, Max=20223, Min=166, Avg=408.77, 90=691, 99=923, 99.9=1104, 99.99=4655] [UPDATE: Count=12185, Max=2777, Min=168, Avg=409.86, 90=694, 99=925, 99.9=1174, 99.99=1557] 
Maximum time elapsed. Requesting stop for the workload.
Stop requested for workload. Now Joining!
2025-04-02 00:50:37:301 61 sec: 145848 operations; 2850.35 current ops/sec; est completion in 2 days 1 hour [READ: Count=1486, Max=10895, Min=175, Avg=352.04, 90=444, 99=812, 99.9=1727, 99.99=10895] [CLEANUP: Count=1, Max=2173, Min=2172, Avg=2173, 90=2173, 99=2173, 99.9=2173, 99.99=2173] [UPDATE: Count=1390, Max=1886, Min=180, Avg=342.45, 90=442, 99=823, 99.9=1686, 99.99=1886] 
[OVERALL], RunTime(ms), 61016
[OVERALL], Throughput(ops/sec), 2390.323849482103
[TOTAL_GCS_Copy], Count, 14
[TOTAL_GC_TIME_Copy], Time(ms), 19
[TOTAL_GC_TIME_%_Copy], Time(%), 0.0311393732791399
[TOTAL_GCS_MarkSweepCompact], Count, 0
[TOTAL_GC_TIME_MarkSweepCompact], Time(ms), 0
[TOTAL_GC_TIME_%_MarkSweepCompact], Time(%), 0.0
[TOTAL_GCs], Count, 14
[TOTAL_GC_TIME], Time(ms), 19
[TOTAL_GC_TIME_%], Time(%), 0.0311393732791399
[READ], Operations, 73111
[READ], AverageLatency(us), 412.1210488161836
[READ], MinLatency(us), 154
[READ], MaxLatency(us), 52095
[READ], 95thPercentileLatency(us), 789
[READ], 99thPercentileLatency(us), 1012
[READ], Return=OK, 73111
[CLEANUP], Operations, 1
[CLEANUP], AverageLatency(us), 2173.0
[CLEANUP], MinLatency(us), 2172
[CLEANUP], MaxLatency(us), 2173
[CLEANUP], 95thPercentileLatency(us), 2173
[CLEANUP], 99thPercentileLatency(us), 2173
[UPDATE], Operations, 72737
[UPDATE], AverageLatency(us), 413.2034727855149
[UPDATE], MinLatency(us), 162
[UPDATE], MaxLatency(us), 13255
[UPDATE], 95thPercentileLatency(us), 793
[UPDATE], 99thPercentileLatency(us), 1036
[UPDATE], Return=OK, 72737
AUTOTEST_DONE
