/nix/store/2vwkssqpzykk37r996cafq7x63imf4sp-openjdk-21+35/bin/java  -classpath /nix/store/zw02np72fzsmga6s5mphhw7x8qlzf4sv-ycsb-0.17.0/share/conf:/nix/store/zw02np72fzsmga6s5mphhw7x8qlzf4sv-ycsb-0.17.0/share/lib/core-0.17.0.jar:/nix/store/zw02np72fzsmga6s5mphhw7x8qlzf4sv-ycsb-0.17.0/share/lib/HdrHistogram-2.1.4.jar:/nix/store/zw02np72fzsmga6s5mphhw7x8qlzf4sv-ycsb-0.17.0/share/lib/htrace-core4-4.1.0-incubating.jar:/nix/store/zw02np72fzsmga6s5mphhw7x8qlzf4sv-ycsb-0.17.0/share/lib/jackson-core-asl-1.9.4.jar:/nix/store/zw02np72fzsmga6s5mphhw7x8qlzf4sv-ycsb-0.17.0/share/lib/jackson-mapper-asl-1.9.4.jar:/nix/store/zw02np72fzsmga6s5mphhw7x8qlzf4sv-ycsb-0.17.0/share/redis-binding/lib/commons-pool2-2.4.2.jar:/nix/store/zw02np72fzsmga6s5mphhw7x8qlzf4sv-ycsb-0.17.0/share/redis-binding/lib/jedis-2.9.0.jar:/nix/store/zw02np72fzsmga6s5mphhw7x8qlzf4sv-ycsb-0.17.0/share/redis-binding/lib/redis-binding-0.17.0.jar site.ycsb.Client -t -db site.ycsb.db.RedisClient -s -P /home/host/vmuxIO/test/moonprogs//../../ycsb/share/workloads/workloada -p redis.host=10.1.0.2 -p redis.port=6381 -p operationcount=429496729 -p maxexecutiontime=61 -threads 1
Command line: -t -db site.ycsb.db.RedisClient -s -P /home/host/vmuxIO/test/moonprogs//../../ycsb/share/workloads/workloada -p redis.host=10.1.0.2 -p redis.port=6381 -p operationcount=429496729 -p maxexecutiontime=61 -threads 1
YCSB Client 0.17.0

Loading workload...
Starting test.
Maximum execution time specified as: 61 secs
DBWrapper: report latency for each error is false and specific error codes to track for latency are: []
2025-04-02 00:49:40:138 0 sec: 0 operations; est completion in 0 second 
2025-04-02 00:49:49:859 10 sec: 10547 operations; 1054.49 current ops/sec; est completion in 4 days 17 hours [READ: Count=5275, Max=90943, Min=190, Avg=890.88, 90=1311, 99=4415, 99.9=12167, 99.99=29279] [UPDATE: Count=5293, Max=18159, Min=188, Avg=918.08, 90=1389, 99=4571, 99.9=9111, 99.99=10535] 
2025-04-02 00:49:59:858 20 sec: 27660 operations; 1711.47 current ops/sec; est completion in 3 days 14 hours [READ: Count=8595, Max=12695, Min=155, Avg=579.56, 90=882, 99=3909, 99.9=8207, 99.99=10471] [UPDATE: Count=8498, Max=17807, Min=162, Avg=577.96, 90=871, 99=3809, 99.9=8191, 99.99=10247] 
2025-04-02 00:50:09:864 30 sec: 50244 operations; 2257.27 current ops/sec; est completion in 2 days 23 hours [READ: Count=11382, Max=3207, Min=164, Avg=441.37, 90=849, 99=1181, 99.9=1580, 99.99=2907] [UPDATE: Count=11201, Max=7291, Min=163, Avg=436.31, 90=845, 99=1170, 99.9=1360, 99.99=3757] 
2025-04-02 00:50:19:858 40 sec: 65925 operations; 1568.88 current ops/sec; est completion in 3 days [READ: Count=7829, Max=8223, Min=172, Avg=634.55, 90=1001, 99=1564, 99.9=4543, 99.99=7463] [UPDATE: Count=7852, Max=13183, Min=169, Avg=631.94, 90=1003, 99=1552, 99.9=2725, 99.99=8439] 
2025-04-02 00:50:29:858 50 sec: 85584 operations; 1965.9 current ops/sec; est completion in 2 days 21 hours [READ: Count=9828, Max=4083, Min=169, Avg=502.13, 90=995, 99=1627, 99.9=2287, 99.99=3217] [UPDATE: Count=9831, Max=7907, Min=174, Avg=510.21, 90=1008, 99=1645, 99.9=2163, 99.99=4183] 
2025-04-02 00:50:39:858 60 sec: 109479 operations; 2389.74 current ops/sec; est completion in 2 days 17 hours [READ: Count=11803, Max=4351, Min=173, Avg=418.79, 90=795, 99=1117, 99.9=1406, 99.99=4247] [UPDATE: Count=12092, Max=8367, Min=150, Avg=413.31, 90=772, 99=1120, 99.9=1561, 99.99=4783] 
Maximum time elapsed. Requesting stop for the workload.
Stop requested for workload. Now Joining!
2025-04-02 00:50:40:870 61 sec: 112589 operations; 3073.12 current ops/sec; est completion in 2 days 16 hours [READ: Count=1525, Max=853, Min=156, Avg=319.45, 90=410, 99=589, 99.9=768, 99.99=853] [CLEANUP: Count=1, Max=1667, Min=1667, Avg=1667, 90=1667, 99=1667, 99.9=1667, 99.99=1667] [UPDATE: Count=1585, Max=3689, Min=157, Avg=323.63, 90=415, 99=667, 99.9=911, 99.99=3689] 
[OVERALL], RunTime(ms), 61012
[OVERALL], Throughput(ops/sec), 1845.358290172425
[TOTAL_GCS_Copy], Count, 10
[TOTAL_GC_TIME_Copy], Time(ms), 33
[TOTAL_GC_TIME_%_Copy], Time(%), 0.05408772044843637
[TOTAL_GCS_MarkSweepCompact], Count, 0
[TOTAL_GC_TIME_MarkSweepCompact], Time(ms), 0
[TOTAL_GC_TIME_%_MarkSweepCompact], Time(%), 0.0
[TOTAL_GCs], Count, 10
[TOTAL_GC_TIME], Time(ms), 33
[TOTAL_GC_TIME_%], Time(%), 0.05408772044843637
[READ], Operations, 56237
[READ], AverageLatency(us), 534.119725447659
[READ], MinLatency(us), 155
[READ], MaxLatency(us), 90943
[READ], 95thPercentileLatency(us), 1106
[READ], 99thPercentileLatency(us), 1726
[READ], Return=OK, 56237
[CLEANUP], Operations, 1
[CLEANUP], AverageLatency(us), 1667.0
[CLEANUP], MinLatency(us), 1667
[CLEANUP], MaxLatency(us), 1667
[CLEANUP], 95thPercentileLatency(us), 1667
[CLEANUP], 99thPercentileLatency(us), 1667
[UPDATE], Operations, 56352
[UPDATE], AverageLatency(us), 534.96972600795
[UPDATE], MinLatency(us), 150
[UPDATE], MaxLatency(us), 18159
[UPDATE], 95thPercentileLatency(us), 1115
[UPDATE], 99thPercentileLatency(us), 1774
[UPDATE], Return=OK, 56352
AUTOTEST_DONE
