/nix/store/2vwkssqpzykk37r996cafq7x63imf4sp-openjdk-21+35/bin/java  -classpath /nix/store/zw02np72fzsmga6s5mphhw7x8qlzf4sv-ycsb-0.17.0/share/conf:/nix/store/zw02np72fzsmga6s5mphhw7x8qlzf4sv-ycsb-0.17.0/share/lib/core-0.17.0.jar:/nix/store/zw02np72fzsmga6s5mphhw7x8qlzf4sv-ycsb-0.17.0/share/lib/HdrHistogram-2.1.4.jar:/nix/store/zw02np72fzsmga6s5mphhw7x8qlzf4sv-ycsb-0.17.0/share/lib/htrace-core4-4.1.0-incubating.jar:/nix/store/zw02np72fzsmga6s5mphhw7x8qlzf4sv-ycsb-0.17.0/share/lib/jackson-core-asl-1.9.4.jar:/nix/store/zw02np72fzsmga6s5mphhw7x8qlzf4sv-ycsb-0.17.0/share/lib/jackson-mapper-asl-1.9.4.jar:/nix/store/zw02np72fzsmga6s5mphhw7x8qlzf4sv-ycsb-0.17.0/share/redis-binding/lib/commons-pool2-2.4.2.jar:/nix/store/zw02np72fzsmga6s5mphhw7x8qlzf4sv-ycsb-0.17.0/share/redis-binding/lib/jedis-2.9.0.jar:/nix/store/zw02np72fzsmga6s5mphhw7x8qlzf4sv-ycsb-0.17.0/share/redis-binding/lib/redis-binding-0.17.0.jar site.ycsb.Client -t -db site.ycsb.db.RedisClient -s -P /home/host/vmuxIO/test/moonprogs//../../ycsb/share/workloads/workloada -p redis.host=10.1.0.2 -p redis.port=6382 -p operationcount=429496729 -p maxexecutiontime=61 -threads 1
Command line: -t -db site.ycsb.db.RedisClient -s -P /home/host/vmuxIO/test/moonprogs//../../ycsb/share/workloads/workloada -p redis.host=10.1.0.2 -p redis.port=6382 -p operationcount=429496729 -p maxexecutiontime=61 -threads 1
YCSB Client 0.17.0

Loading workload...
Starting test.
Maximum execution time specified as: 61 secs
DBWrapper: report latency for each error is false and specific error codes to track for latency are: []
2025-04-02 00:49:35:492 0 sec: 0 operations; est completion in 0 second 
2025-04-02 00:49:45:328 10 sec: 18141 operations; 1813.92 current ops/sec; est completion in 2 days 17 hours [READ: Count=9128, Max=18783, Min=147, Avg=541.57, 90=827, 99=3737, 99.9=6887, 99.99=14303] [UPDATE: Count=9027, Max=30303, Min=161, Avg=527.88, 90=822, 99=3615, 99.9=4527, 99.99=22767] 
2025-04-02 00:49:55:327 20 sec: 36821 operations; 1868 current ops/sec; est completion in 2 days 16 hours [READ: Count=9461, Max=9247, Min=179, Avg=521.22, 90=894, 99=1339, 99.9=4103, 99.99=8447] [UPDATE: Count=9205, Max=7951, Min=177, Avg=536.09, 90=928, 99=1337, 99.9=4347, 99.99=7423] 
2025-04-02 00:50:05:326 30 sec: 55468 operations; 1864.89 current ops/sec; est completion in 2 days 16 hours [READ: Count=9371, Max=15687, Min=155, Avg=531.34, 90=997, 99=1576, 99.9=3113, 99.99=9471] [UPDATE: Count=9290, Max=10335, Min=163, Avg=534.9, 90=1001, 99=1653, 99.9=2893, 99.99=9191] 
2025-04-02 00:50:15:326 40 sec: 71250 operations; 1578.2 current ops/sec; est completion in 2 days 18 hours [READ: Count=7975, Max=5771, Min=160, Avg=627.29, 90=1196, 99=1692, 99.9=2785, 99.99=5515] [UPDATE: Count=7793, Max=6675, Min=172, Avg=629.79, 90=1203, 99=1752, 99.9=3469, 99.99=4363] 
2025-04-02 00:50:25:326 50 sec: 93838 operations; 2258.8 current ops/sec; est completion in 2 days 15 hours [READ: Count=11222, Max=7447, Min=153, Avg=441.27, 90=807, 99=1136, 99.9=1471, 99.99=4815] [UPDATE: Count=11366, Max=3967, Min=160, Avg=439.37, 90=808, 99=1149, 99.9=1347, 99.99=3929] 
2025-04-02 00:50:35:330 60 sec: 114549 operations; 2070.27 current ops/sec; est completion in 2 days 14 hours [READ: Count=10453, Max=19583, Min=169, Avg=482.64, 90=865, 99=1150, 99.9=2115, 99.99=18063] [UPDATE: Count=10258, Max=5939, Min=168, Avg=478.18, 90=864, 99=1132, 99.9=1620, 99.99=4073] 
Maximum time elapsed. Requesting stop for the workload.
Stop requested for workload. Now Joining!
2025-04-02 00:50:36:336 61 sec: 116613 operations; 2053.73 current ops/sec; est completion in 2 days 14 hours [READ: Count=1031, Max=4391, Min=199, Avg=483.47, 90=891, 99=1206, 99.9=1938, 99.99=4391] [CLEANUP: Count=1, Max=2785, Min=2784, Avg=2785, 90=2785, 99=2785, 99.9=2785, 99.99=2785] [UPDATE: Count=1033, Max=8943, Min=187, Avg=481.58, 90=888, 99=1177, 99.9=1347, 99.99=8943] 
[OVERALL], RunTime(ms), 61010
[OVERALL], Throughput(ops/sec), 1911.3751843960006
[TOTAL_GCS_Copy], Count, 11
[TOTAL_GC_TIME_Copy], Time(ms), 24
[TOTAL_GC_TIME_%_Copy], Time(%), 0.039337813473201116
[TOTAL_GCS_MarkSweepCompact], Count, 0
[TOTAL_GC_TIME_MarkSweepCompact], Time(ms), 0
[TOTAL_GC_TIME_%_MarkSweepCompact], Time(%), 0.0
[TOTAL_GCs], Count, 11
[TOTAL_GC_TIME], Time(ms), 24
[TOTAL_GC_TIME_%], Time(%), 0.039337813473201116
[READ], Operations, 58641
[READ], AverageLatency(us), 517.5889224262887
[READ], MinLatency(us), 147
[READ], MaxLatency(us), 19583
[READ], 95thPercentileLatency(us), 1085
[READ], 99thPercentileLatency(us), 1613
[READ], Return=OK, 58641
[CLEANUP], Operations, 1
[CLEANUP], AverageLatency(us), 2785.0
[CLEANUP], MinLatency(us), 2784
[CLEANUP], MaxLatency(us), 2785
[CLEANUP], 95thPercentileLatency(us), 2785
[CLEANUP], 99thPercentileLatency(us), 2785
[UPDATE], Operations, 57972
[UPDATE], AverageLatency(us), 517.037173118057
[UPDATE], MinLatency(us), 160
[UPDATE], MaxLatency(us), 30303
[UPDATE], 95thPercentileLatency(us), 1086
[UPDATE], 99thPercentileLatency(us), 1611
[UPDATE], Return=OK, 57972
AUTOTEST_DONE
