/nix/store/2vwkssqpzykk37r996cafq7x63imf4sp-openjdk-21+35/bin/java  -classpath /nix/store/zw02np72fzsmga6s5mphhw7x8qlzf4sv-ycsb-0.17.0/share/conf:/nix/store/zw02np72fzsmga6s5mphhw7x8qlzf4sv-ycsb-0.17.0/share/lib/core-0.17.0.jar:/nix/store/zw02np72fzsmga6s5mphhw7x8qlzf4sv-ycsb-0.17.0/share/lib/HdrHistogram-2.1.4.jar:/nix/store/zw02np72fzsmga6s5mphhw7x8qlzf4sv-ycsb-0.17.0/share/lib/htrace-core4-4.1.0-incubating.jar:/nix/store/zw02np72fzsmga6s5mphhw7x8qlzf4sv-ycsb-0.17.0/share/lib/jackson-core-asl-1.9.4.jar:/nix/store/zw02np72fzsmga6s5mphhw7x8qlzf4sv-ycsb-0.17.0/share/lib/jackson-mapper-asl-1.9.4.jar:/nix/store/zw02np72fzsmga6s5mphhw7x8qlzf4sv-ycsb-0.17.0/share/redis-binding/lib/commons-pool2-2.4.2.jar:/nix/store/zw02np72fzsmga6s5mphhw7x8qlzf4sv-ycsb-0.17.0/share/redis-binding/lib/jedis-2.9.0.jar:/nix/store/zw02np72fzsmga6s5mphhw7x8qlzf4sv-ycsb-0.17.0/share/redis-binding/lib/redis-binding-0.17.0.jar site.ycsb.Client -t -db site.ycsb.db.RedisClient -s -P /home/host/vmuxIO/test/moonprogs//../../ycsb/share/workloads/workloada -p redis.host=10.1.0.2 -p redis.port=6379 -p operationcount=429496729 -p maxexecutiontime=61 -threads 1
Command line: -t -db site.ycsb.db.RedisClient -s -P /home/host/vmuxIO/test/moonprogs//../../ycsb/share/workloads/workloada -p redis.host=10.1.0.2 -p redis.port=6379 -p operationcount=429496729 -p maxexecutiontime=61 -threads 1
YCSB Client 0.17.0

Loading workload...
Starting test.
Maximum execution time specified as: 61 secs
DBWrapper: report latency for each error is false and specific error codes to track for latency are: []
2025-04-02 00:49:50:492 0 sec: 0 operations; est completion in 0 second 
2025-04-02 00:50:00:073 10 sec: 9861 operations; 986 current ops/sec; est completion in 5 days [READ: Count=4936, Max=65215, Min=192, Avg=851.54, 90=1268, 99=3583, 99.9=33375, 99.99=65215] [UPDATE: Count=4927, Max=978431, Min=195, Avg=1065.04, 90=1255, 99=3003, 99.9=27711, 99.99=978431] 
2025-04-02 00:50:10:073 20 sec: 29700 operations; 1983.9 current ops/sec; est completion in 3 days 8 hours [READ: Count=9919, Max=105343, Min=178, Avg=502.66, 90=946, 99=1191, 99.9=2623, 99.99=34911] [UPDATE: Count=9918, Max=90943, Min=176, Avg=495.84, 90=937, 99=1195, 99.9=2765, 99.99=31615] 
2025-04-02 00:50:20:073 30 sec: 43142 operations; 1344.2 current ops/sec; est completion in 3 days 10 hours [READ: Count=6807, Max=9639, Min=187, Avg=728.47, 90=1054, 99=1294, 99.9=3367, 99.99=4547] [UPDATE: Count=6635, Max=139135, Min=190, Avg=750.84, 90=1057, 99=1298, 99.9=1910, 99.99=3067] 
2025-04-02 00:50:30:073 40 sec: 58860 operations; 1571.8 current ops/sec; est completion in 3 days 9 hours [READ: Count=7834, Max=3505, Min=179, Avg=636.4, 90=1036, 99=1244, 99.9=1552, 99.99=2637] [UPDATE: Count=7884, Max=22255, Min=193, Avg=627.62, 90=1024, 99=1246, 99.9=1479, 99.99=4239] 
2025-04-02 00:50:40:073 50 sec: 74706 operations; 1584.76 current ops/sec; est completion in 3 days 7 hours [READ: Count=8004, Max=12863, Min=177, Avg=619.09, 90=1340, 99=1916, 99.9=3223, 99.99=10943] [UPDATE: Count=7842, Max=24431, Min=172, Avg=637.14, 90=1360, 99=1977, 99.9=3907, 99.99=8495] 
2025-04-02 00:50:50:073 60 sec: 107379 operations; 3266.97 current ops/sec; est completion in 2 days 18 hours [READ: Count=16522, Max=18127, Min=155, Avg=305.53, 90=347, 99=485, 99.9=1016, 99.99=2237] [UPDATE: Count=16151, Max=10023, Min=140, Avg=301.92, 90=345, 99=474, 99.9=1032, 99.99=3723] 
Maximum time elapsed. Requesting stop for the workload.
Stop requested for workload. Now Joining!
2025-04-02 00:50:51:084 61 sec: 110718 operations; 3302.67 current ops/sec; est completion in 2 days 17 hours [READ: Count=1683, Max=2141, Min=166, Avg=297, 90=317, 99=399, 99.9=628, 99.99=2141] [CLEANUP: Count=1, Max=1068, Min=1068, Avg=1068, 90=1068, 99=1068, 99.9=1068, 99.99=1068] [UPDATE: Count=1656, Max=8679, Min=168, Avg=302.62, 90=316, 99=426, 99.9=1514, 99.99=8679] 
[OVERALL], RunTime(ms), 61026
[OVERALL], Throughput(ops/sec), 1814.2758824107757
[TOTAL_GCS_Copy], Count, 10
[TOTAL_GC_TIME_Copy], Time(ms), 34
[TOTAL_GC_TIME_%_Copy], Time(%), 0.0557139579851211
[TOTAL_GCS_MarkSweepCompact], Count, 0
[TOTAL_GC_TIME_MarkSweepCompact], Time(ms), 0
[TOTAL_GC_TIME_%_MarkSweepCompact], Time(%), 0.0
[TOTAL_GCs], Count, 10
[TOTAL_GC_TIME], Time(ms), 34
[TOTAL_GC_TIME_%], Time(%), 0.0557139579851211
[READ], Operations, 55705
[READ], AverageLatency(us), 532.0217215689795
[READ], MinLatency(us), 155
[READ], MaxLatency(us), 105343
[READ], 95thPercentileLatency(us), 1125
[READ], 99thPercentileLatency(us), 1658
[READ], Return=OK, 55705
[CLEANUP], Operations, 1
[CLEANUP], AverageLatency(us), 1068.0
[CLEANUP], MinLatency(us), 1068
[CLEANUP], MaxLatency(us), 1068
[CLEANUP], 95thPercentileLatency(us), 1068
[CLEANUP], 99thPercentileLatency(us), 1068
[UPDATE], Operations, 55013
[UPDATE], AverageLatency(us), 553.8541435660662
[UPDATE], MinLatency(us), 140
[UPDATE], MaxLatency(us), 978431
[UPDATE], 95thPercentileLatency(us), 1128
[UPDATE], 99thPercentileLatency(us), 1643
[UPDATE], Return=OK, 55013
AUTOTEST_DONE
