/nix/store/2vwkssqpzykk37r996cafq7x63imf4sp-openjdk-21+35/bin/java  -classpath /nix/store/zw02np72fzsmga6s5mphhw7x8qlzf4sv-ycsb-0.17.0/share/conf:/nix/store/zw02np72fzsmga6s5mphhw7x8qlzf4sv-ycsb-0.17.0/share/lib/core-0.17.0.jar:/nix/store/zw02np72fzsmga6s5mphhw7x8qlzf4sv-ycsb-0.17.0/share/lib/HdrHistogram-2.1.4.jar:/nix/store/zw02np72fzsmga6s5mphhw7x8qlzf4sv-ycsb-0.17.0/share/lib/htrace-core4-4.1.0-incubating.jar:/nix/store/zw02np72fzsmga6s5mphhw7x8qlzf4sv-ycsb-0.17.0/share/lib/jackson-core-asl-1.9.4.jar:/nix/store/zw02np72fzsmga6s5mphhw7x8qlzf4sv-ycsb-0.17.0/share/lib/jackson-mapper-asl-1.9.4.jar:/nix/store/zw02np72fzsmga6s5mphhw7x8qlzf4sv-ycsb-0.17.0/share/redis-binding/lib/commons-pool2-2.4.2.jar:/nix/store/zw02np72fzsmga6s5mphhw7x8qlzf4sv-ycsb-0.17.0/share/redis-binding/lib/jedis-2.9.0.jar:/nix/store/zw02np72fzsmga6s5mphhw7x8qlzf4sv-ycsb-0.17.0/share/redis-binding/lib/redis-binding-0.17.0.jar site.ycsb.Client -t -db site.ycsb.db.RedisClient -s -P /home/host/vmuxIO/test/moonprogs//../../ycsb/share/workloads/workloada -p redis.host=10.1.0.2 -p redis.port=6386 -p operationcount=429496729 -p maxexecutiontime=61 -threads 1
Command line: -t -db site.ycsb.db.RedisClient -s -P /home/host/vmuxIO/test/moonprogs//../../ycsb/share/workloads/workloada -p redis.host=10.1.0.2 -p redis.port=6386 -p operationcount=429496729 -p maxexecutiontime=61 -threads 1
YCSB Client 0.17.0

Loading workload...
Starting test.
Maximum execution time specified as: 61 secs
DBWrapper: report latency for each error is false and specific error codes to track for latency are: []
2024-07-11 00:31:31:824 0 sec: 0 operations; est completion in 0 second 
2024-07-11 00:31:41:648 10 sec: 39688 operations; 3968.8 current ops/sec; est completion in 1 day 6 hours [READ: Count=19931, Max=51935, Min=111, Avg=242.56, 90=301, 99=575, 99.9=2891, 99.99=7991] [UPDATE: Count=19769, Max=5279, Min=109, Avg=238.21, 90=301, 99=553, 99.9=2563, 99.99=4939] 
2024-07-11 00:31:51:649 20 sec: 88327 operations; 4863.9 current ops/sec; est completion in 1 day 3 hours [READ: Count=24537, Max=9311, Min=103, Avg=205.33, 90=283, 99=308, 99.9=469, 99.99=3739] [UPDATE: Count=24090, Max=2285, Min=96, Avg=200.21, 90=282, 99=305, 99.9=381, 99.99=802] 
2024-07-11 00:32:01:648 30 sec: 138036 operations; 4970.9 current ops/sec; est completion in 1 day 1 hour [READ: Count=24903, Max=5971, Min=104, Avg=201.44, 90=287, 99=314, 99.9=473, 99.99=1302] [UPDATE: Count=24806, Max=4431, Min=106, Avg=196.6, 90=285, 99=311, 99.9=475, 99.99=1184] 
2024-07-11 00:32:11:648 40 sec: 184965 operations; 4692.9 current ops/sec; est completion in 1 day 1 hour [READ: Count=23419, Max=8807, Min=101, Avg=213.21, 90=292, 99=369, 99.9=527, 99.99=1026] [UPDATE: Count=23510, Max=906, Min=102, Avg=208.19, 90=289, 99=356, 99.9=507, 99.99=769] 
2024-07-11 00:32:21:648 50 sec: 233334 operations; 4836.9 current ops/sec; est completion in 1 day 1 hour [READ: Count=24212, Max=832, Min=105, Avg=206.07, 90=284, 99=304, 99.9=436, 99.99=677] [UPDATE: Count=24157, Max=4431, Min=104, Avg=203.37, 90=283, 99=304, 99.9=404, 99.99=763] 
2024-07-11 00:32:31:648 60 sec: 282532 operations; 4919.8 current ops/sec; est completion in 1 day 1 hour [READ: Count=24490, Max=3925, Min=108, Avg=203.61, 90=286, 99=312, 99.9=436, 99.99=878] [UPDATE: Count=24708, Max=5999, Min=104, Avg=198.92, 90=285, 99=308, 99.9=366, 99.99=827] 
Maximum time elapsed. Requesting stop for the workload.
Stop requested for workload. Now Joining!
2024-07-11 00:32:32:655 61 sec: 287680 operations; 5117.3 current ops/sec; est completion in 1 day 1 hour [READ: Count=2526, Max=3243, Min=110, Avg=194.77, 90=277, 99=298, 99.9=316, 99.99=3243] [CLEANUP: Count=1, Max=983, Min=983, Avg=983, 90=983, 99=983, 99.9=983, 99.99=983] [UPDATE: Count=2622, Max=3369, Min=109, Avg=189.89, 90=275, 99=293, 99.9=720, 99.99=3369] 
[OVERALL], RunTime(ms), 61012
[OVERALL], Throughput(ops/sec), 4715.138005638235
[TOTAL_GCS_Copy], Count, 27
[TOTAL_GC_TIME_Copy], Time(ms), 19
[TOTAL_GC_TIME_%_Copy], Time(%), 0.031141414803645184
[TOTAL_GCS_MarkSweepCompact], Count, 0
[TOTAL_GC_TIME_MarkSweepCompact], Time(ms), 0
[TOTAL_GC_TIME_%_MarkSweepCompact], Time(%), 0.0
[TOTAL_GCs], Count, 27
[TOTAL_GC_TIME], Time(ms), 19
[TOTAL_GC_TIME_%], Time(%), 0.031141414803645184
[READ], Operations, 144018
[READ], AverageLatency(us), 210.73691483009068
[READ], MinLatency(us), 101
[READ], MaxLatency(us), 51935
[READ], 95thPercentileLatency(us), 297
[READ], 99thPercentileLatency(us), 344
[READ], Return=OK, 144018
[CLEANUP], Operations, 1
[CLEANUP], AverageLatency(us), 983.0
[CLEANUP], MinLatency(us), 983
[CLEANUP], MaxLatency(us), 983
[CLEANUP], 95thPercentileLatency(us), 983
[CLEANUP], 99thPercentileLatency(us), 983
[UPDATE], Operations, 143662
[UPDATE], AverageLatency(us), 206.24453230499367
[UPDATE], MinLatency(us), 96
[UPDATE], MaxLatency(us), 5999
[UPDATE], 95thPercentileLatency(us), 296
[UPDATE], 99thPercentileLatency(us), 336
[UPDATE], Return=OK, 143662
AUTOTEST_DONE
