/nix/store/2vwkssqpzykk37r996cafq7x63imf4sp-openjdk-21+35/bin/java  -classpath /nix/store/zw02np72fzsmga6s5mphhw7x8qlzf4sv-ycsb-0.17.0/share/conf:/nix/store/zw02np72fzsmga6s5mphhw7x8qlzf4sv-ycsb-0.17.0/share/lib/core-0.17.0.jar:/nix/store/zw02np72fzsmga6s5mphhw7x8qlzf4sv-ycsb-0.17.0/share/lib/HdrHistogram-2.1.4.jar:/nix/store/zw02np72fzsmga6s5mphhw7x8qlzf4sv-ycsb-0.17.0/share/lib/htrace-core4-4.1.0-incubating.jar:/nix/store/zw02np72fzsmga6s5mphhw7x8qlzf4sv-ycsb-0.17.0/share/lib/jackson-core-asl-1.9.4.jar:/nix/store/zw02np72fzsmga6s5mphhw7x8qlzf4sv-ycsb-0.17.0/share/lib/jackson-mapper-asl-1.9.4.jar:/nix/store/zw02np72fzsmga6s5mphhw7x8qlzf4sv-ycsb-0.17.0/share/redis-binding/lib/commons-pool2-2.4.2.jar:/nix/store/zw02np72fzsmga6s5mphhw7x8qlzf4sv-ycsb-0.17.0/share/redis-binding/lib/jedis-2.9.0.jar:/nix/store/zw02np72fzsmga6s5mphhw7x8qlzf4sv-ycsb-0.17.0/share/redis-binding/lib/redis-binding-0.17.0.jar site.ycsb.Client -t -db site.ycsb.db.RedisClient -s -P /home/host/vmuxIO/test/moonprogs//../../ycsb/share/workloads/workloada -p redis.host=10.1.0.2 -p redis.port=6389 -p operationcount=429496729 -p maxexecutiontime=61 -threads 1
Command line: -t -db site.ycsb.db.RedisClient -s -P /home/host/vmuxIO/test/moonprogs//../../ycsb/share/workloads/workloada -p redis.host=10.1.0.2 -p redis.port=6389 -p operationcount=429496729 -p maxexecutiontime=61 -threads 1
YCSB Client 0.17.0

Loading workload...
Starting test.
Maximum execution time specified as: 61 secs
DBWrapper: report latency for each error is false and specific error codes to track for latency are: []
2024-07-11 19:00:24:806 0 sec: 0 operations; est completion in 0 second 
2024-07-11 19:00:34:616 10 sec: 37571 operations; 3757.1 current ops/sec; est completion in 1 day 7 hours [READ: Count=18792, Max=52095, Min=110, Avg=256.46, 90=299, 99=364, 99.9=3007, 99.99=9111] [UPDATE: Count=18787, Max=9727, Min=107, Avg=253, 90=299, 99=385, 99.9=2819, 99.99=5899] 
2024-07-11 19:00:44:616 20 sec: 82718 operations; 4514.7 current ops/sec; est completion in 1 day 4 hours [READ: Count=22630, Max=7103, Min=103, Avg=221.22, 90=290, 99=319, 99.9=506, 99.99=2303] [UPDATE: Count=22509, Max=3809, Min=103, Avg=214.86, 90=288, 99=316, 99.9=404, 99.99=931] 
2024-07-11 19:00:54:616 30 sec: 126511 operations; 4379.3 current ops/sec; est completion in 1 day 4 hours [READ: Count=22121, Max=2165, Min=105, Avg=228.71, 90=295, 99=369, 99.9=543, 99.99=1214] [UPDATE: Count=21672, Max=5551, Min=103, Avg=222.92, 90=292, 99=358, 99.9=510, 99.99=1649] 
2024-07-11 19:01:04:616 40 sec: 170759 operations; 4424.8 current ops/sec; est completion in 1 day 3 hours [READ: Count=22129, Max=2617, Min=106, Avg=226.26, 90=293, 99=319, 99.9=368, 99.99=850] [UPDATE: Count=22119, Max=7815, Min=103, Avg=221.7, 90=290, 99=318, 99.9=370, 99.99=1382] 
2024-07-11 19:01:14:616 50 sec: 219222 operations; 4846.3 current ops/sec; est completion in 1 day 3 hours [READ: Count=24452, Max=4139, Min=106, Avg=206.36, 90=286, 99=313, 99.9=370, 99.99=728] [UPDATE: Count=24011, Max=3355, Min=104, Avg=202.44, 90=284, 99=311, 99.9=362, 99.99=1737] 
2024-07-11 19:01:24:616 60 sec: 261889 operations; 4266.7 current ops/sec; est completion in 1 day 3 hours [READ: Count=21113, Max=5103, Min=105, Avg=234.57, 90=299, 99=379, 99.9=581, 99.99=1774] [UPDATE: Count=21554, Max=3591, Min=105, Avg=228.98, 90=297, 99=383, 99.9=548, 99.99=1936] 
Maximum time elapsed. Requesting stop for the workload.
Stop requested for workload. Now Joining!
2024-07-11 19:01:25:627 61 sec: 267204 operations; 5257.17 current ops/sec; est completion in 1 day 3 hours [READ: Count=2648, Max=529, Min=105, Avg=189.01, 90=277, 99=302, 99.9=345, 99.99=529] [CLEANUP: Count=1, Max=981, Min=981, Avg=981, 90=981, 99=981, 99.9=981, 99.99=981] [UPDATE: Count=2667, Max=4743, Min=100, Avg=186.9, 90=276, 99=303, 99.9=452, 99.99=4743] 
[OVERALL], RunTime(ms), 61015
[OVERALL], Throughput(ops/sec), 4379.31656150127
[TOTAL_GCS_Copy], Count, 25
[TOTAL_GC_TIME_Copy], Time(ms), 21
[TOTAL_GC_TIME_%_Copy], Time(%), 0.03441776612308448
[TOTAL_GCS_MarkSweepCompact], Count, 0
[TOTAL_GC_TIME_MarkSweepCompact], Time(ms), 0
[TOTAL_GC_TIME_%_MarkSweepCompact], Time(%), 0.0
[TOTAL_GCs], Count, 25
[TOTAL_GC_TIME], Time(ms), 21
[TOTAL_GC_TIME_%], Time(%), 0.03441776612308448
[READ], Operations, 133885
[READ], AverageLatency(us), 226.99153004444113
[READ], MinLatency(us), 103
[READ], MaxLatency(us), 52095
[READ], 95thPercentileLatency(us), 304
[READ], 99thPercentileLatency(us), 340
[READ], Return=OK, 133885
[CLEANUP], Operations, 1
[CLEANUP], AverageLatency(us), 981.0
[CLEANUP], MinLatency(us), 981
[CLEANUP], MaxLatency(us), 981
[CLEANUP], 95thPercentileLatency(us), 981
[CLEANUP], 99thPercentileLatency(us), 981
[UPDATE], Operations, 133319
[UPDATE], AverageLatency(us), 222.16492022892461
[UPDATE], MinLatency(us), 100
[UPDATE], MaxLatency(us), 9727
[UPDATE], 95thPercentileLatency(us), 302
[UPDATE], 99thPercentileLatency(us), 336
[UPDATE], Return=OK, 133319
AUTOTEST_DONE
