/nix/store/2vwkssqpzykk37r996cafq7x63imf4sp-openjdk-21+35/bin/java  -classpath /nix/store/zw02np72fzsmga6s5mphhw7x8qlzf4sv-ycsb-0.17.0/share/conf:/nix/store/zw02np72fzsmga6s5mphhw7x8qlzf4sv-ycsb-0.17.0/share/lib/core-0.17.0.jar:/nix/store/zw02np72fzsmga6s5mphhw7x8qlzf4sv-ycsb-0.17.0/share/lib/HdrHistogram-2.1.4.jar:/nix/store/zw02np72fzsmga6s5mphhw7x8qlzf4sv-ycsb-0.17.0/share/lib/htrace-core4-4.1.0-incubating.jar:/nix/store/zw02np72fzsmga6s5mphhw7x8qlzf4sv-ycsb-0.17.0/share/lib/jackson-core-asl-1.9.4.jar:/nix/store/zw02np72fzsmga6s5mphhw7x8qlzf4sv-ycsb-0.17.0/share/lib/jackson-mapper-asl-1.9.4.jar:/nix/store/zw02np72fzsmga6s5mphhw7x8qlzf4sv-ycsb-0.17.0/share/redis-binding/lib/commons-pool2-2.4.2.jar:/nix/store/zw02np72fzsmga6s5mphhw7x8qlzf4sv-ycsb-0.17.0/share/redis-binding/lib/jedis-2.9.0.jar:/nix/store/zw02np72fzsmga6s5mphhw7x8qlzf4sv-ycsb-0.17.0/share/redis-binding/lib/redis-binding-0.17.0.jar site.ycsb.Client -t -db site.ycsb.db.RedisClient -s -P /home/host/vmuxIO/test/moonprogs//../../ycsb/share/workloads/workloada -p redis.host=10.1.0.2 -p redis.port=6379 -p operationcount=429496729 -p maxexecutiontime=61 -threads 1
Command line: -t -db site.ycsb.db.RedisClient -s -P /home/host/vmuxIO/test/moonprogs//../../ycsb/share/workloads/workloada -p redis.host=10.1.0.2 -p redis.port=6379 -p operationcount=429496729 -p maxexecutiontime=61 -threads 1
YCSB Client 0.17.0

Loading workload...
Starting test.
Maximum execution time specified as: 61 secs
DBWrapper: report latency for each error is false and specific error codes to track for latency are: []
2024-06-30 01:00:57:179 0 sec: 0 operations; est completion in 0 second 
2024-06-30 01:01:07:029 10 sec: 39011 operations; 3901.1 current ops/sec; est completion in 1 day 6 hours [READ: Count=19438, Max=13759, Min=199, Avg=243.2, 90=269, 99=390, 99.9=1664, 99.99=6307] [UPDATE: Count=19648, Max=24607, Min=202, Avg=247.81, 90=268, 99=395, 99.9=1906, 99.99=3531] 
2024-06-30 01:01:17:030 20 sec: 80715 operations; 4169.57 current ops/sec; est completion in 1 day 5 hours [READ: Count=20886, Max=2607, Min=190, Avg=235.66, 90=284, 99=367, 99.9=564, 99.99=2453] [UPDATE: Count=20743, Max=8095, Min=195, Avg=236.37, 90=281, 99=369, 99.9=485, 99.99=2385] 
2024-06-30 01:01:27:029 30 sec: 122825 operations; 4211.84 current ops/sec; est completion in 1 day 5 hours [READ: Count=20948, Max=3119, Min=193, Avg=235.54, 90=280, 99=368, 99.9=527, 99.99=2557] [UPDATE: Count=21162, Max=9799, Min=193, Avg=235.26, 90=277, 99=367, 99.9=489, 99.99=2499] 
2024-06-30 01:01:37:029 40 sec: 162296 operations; 3947.1 current ops/sec; est completion in 1 day 5 hours [READ: Count=19727, Max=3349, Min=195, Avg=251.99, 90=278, 99=397, 99.9=457, 99.99=2729] [UPDATE: Count=19744, Max=5919, Min=197, Avg=250.94, 90=277, 99=392, 99.9=450, 99.99=2533] 
2024-06-30 01:01:47:029 50 sec: 203879 operations; 4157.88 current ops/sec; est completion in 1 day 5 hours [READ: Count=20891, Max=2661, Min=195, Avg=239.04, 90=254, 99=378, 99.9=412, 99.99=2575] [UPDATE: Count=20692, Max=8083, Min=192, Avg=237.87, 90=253, 99=374, 99.9=406, 99.99=2415] 
2024-06-30 01:01:57:030 60 sec: 243735 operations; 3985.6 current ops/sec; est completion in 1 day 5 hours [READ: Count=20055, Max=8735, Min=196, Avg=249.59, 90=302, 99=399, 99.9=520, 99.99=2477] [UPDATE: Count=19802, Max=6127, Min=194, Avg=248.41, 90=297, 99=398, 99.9=542, 99.99=2577] 
Maximum time elapsed. Requesting stop for the workload.
Stop requested for workload. Now Joining!
2024-06-30 01:01:58:051 61 sec: 246987 operations; 3185.11 current ops/sec; est completion in 1 day 5 hours [READ: Count=1639, Max=1560, Min=233, Avg=307.5, 90=376, 99=508, 99.9=1242, 99.99=1560] [CLEANUP: Count=1, Max=3071, Min=3070, Avg=3071, 90=3071, 99=3071, 99.9=3071, 99.99=3071] [UPDATE: Count=1612, Max=1181, Min=223, Avg=302.09, 90=375, 99=500, 99.9=795, 99.99=1181] 
[OVERALL], RunTime(ms), 61033
[OVERALL], Throughput(ops/sec), 4046.777972572215
[TOTAL_GCS_Copy], Count, 23
[TOTAL_GC_TIME_Copy], Time(ms), 26
[TOTAL_GC_TIME_%_Copy], Time(%), 0.042599904969442756
[TOTAL_GCS_MarkSweepCompact], Count, 0
[TOTAL_GC_TIME_MarkSweepCompact], Time(ms), 0
[TOTAL_GC_TIME_%_MarkSweepCompact], Time(%), 0.0
[TOTAL_GCs], Count, 23
[TOTAL_GC_TIME], Time(ms), 26
[TOTAL_GC_TIME_%], Time(%), 0.042599904969442756
[READ], Operations, 123584
[READ], AverageLatency(us), 243.21934069135162
[READ], MinLatency(us), 190
[READ], MaxLatency(us), 13759
[READ], 95thPercentileLatency(us), 334
[READ], 99thPercentileLatency(us), 387
[READ], Return=OK, 123584
[CLEANUP], Operations, 1
[CLEANUP], AverageLatency(us), 3071.0
[CLEANUP], MinLatency(us), 3070
[CLEANUP], MaxLatency(us), 3071
[CLEANUP], 95thPercentileLatency(us), 3071
[CLEANUP], 99thPercentileLatency(us), 3071
[UPDATE], Operations, 123403
[UPDATE], AverageLatency(us), 243.37534743887912
[UPDATE], MinLatency(us), 192
[UPDATE], MaxLatency(us), 24607
[UPDATE], 95thPercentileLatency(us), 327
[UPDATE], 99thPercentileLatency(us), 386
[UPDATE], Return=OK, 123403
AUTOTEST_DONE
