/nix/store/2vwkssqpzykk37r996cafq7x63imf4sp-openjdk-21+35/bin/java  -classpath /nix/store/zw02np72fzsmga6s5mphhw7x8qlzf4sv-ycsb-0.17.0/share/conf:/nix/store/zw02np72fzsmga6s5mphhw7x8qlzf4sv-ycsb-0.17.0/share/lib/core-0.17.0.jar:/nix/store/zw02np72fzsmga6s5mphhw7x8qlzf4sv-ycsb-0.17.0/share/lib/HdrHistogram-2.1.4.jar:/nix/store/zw02np72fzsmga6s5mphhw7x8qlzf4sv-ycsb-0.17.0/share/lib/htrace-core4-4.1.0-incubating.jar:/nix/store/zw02np72fzsmga6s5mphhw7x8qlzf4sv-ycsb-0.17.0/share/lib/jackson-core-asl-1.9.4.jar:/nix/store/zw02np72fzsmga6s5mphhw7x8qlzf4sv-ycsb-0.17.0/share/lib/jackson-mapper-asl-1.9.4.jar:/nix/store/zw02np72fzsmga6s5mphhw7x8qlzf4sv-ycsb-0.17.0/share/redis-binding/lib/commons-pool2-2.4.2.jar:/nix/store/zw02np72fzsmga6s5mphhw7x8qlzf4sv-ycsb-0.17.0/share/redis-binding/lib/jedis-2.9.0.jar:/nix/store/zw02np72fzsmga6s5mphhw7x8qlzf4sv-ycsb-0.17.0/share/redis-binding/lib/redis-binding-0.17.0.jar site.ycsb.Client -t -db site.ycsb.db.RedisClient -s -P /home/host/vmuxIO/test/moonprogs//../../ycsb/share/workloads/workloada -p redis.host=10.1.0.2 -p redis.port=6379 -p operationcount=429496729 -p maxexecutiontime=61 -threads 1
Command line: -t -db site.ycsb.db.RedisClient -s -P /home/host/vmuxIO/test/moonprogs//../../ycsb/share/workloads/workloada -p redis.host=10.1.0.2 -p redis.port=6379 -p operationcount=429496729 -p maxexecutiontime=61 -threads 1
YCSB Client 0.17.0

Loading workload...
Starting test.
Maximum execution time specified as: 61 secs
DBWrapper: report latency for each error is false and specific error codes to track for latency are: []
2024-10-03 03:04:39:244 0 sec: 0 operations; est completion in 0 second 
2024-10-03 03:04:49:042 10 sec: 53451 operations; 5344.57 current ops/sec; est completion in 22 hours 19 minutes [READ: Count=26616, Max=53215, Min=94, Avg=178.93, 90=218, 99=304, 99.9=2253, 99.99=6719] [UPDATE: Count=26864, Max=9351, Min=92, Avg=177.41, 90=219, 99=308, 99.9=2691, 99.99=4435] 
2024-10-03 03:04:59:042 20 sec: 107381 operations; 5393 current ops/sec; est completion in 22 hours 12 minutes [READ: Count=27198, Max=9391, Min=102, Avg=183.33, 90=232, 99=329, 99.9=662, 99.99=2467] [UPDATE: Count=26703, Max=4123, Min=98, Avg=182.27, 90=229, 99=336, 99.9=857, 99.99=3489] 
2024-10-03 03:05:09:042 30 sec: 162863 operations; 5548.2 current ops/sec; est completion in 21 hours 58 minutes [READ: Count=27746, Max=3859, Min=100, Avg=179.45, 90=220, 99=308, 99.9=590, 99.99=2927] [UPDATE: Count=27736, Max=7263, Min=101, Avg=177.16, 90=218, 99=305, 99.9=629, 99.99=3811] 
2024-10-03 03:05:19:042 40 sec: 218531 operations; 5566.8 current ops/sec; est completion in 21 hours 49 minutes [READ: Count=27891, Max=2525, Min=106, Avg=179.06, 90=222, 99=285, 99.9=381, 99.99=1767] [UPDATE: Count=27777, Max=8519, Min=96, Avg=176.46, 90=219, 99=282, 99.9=365, 99.99=2387] 
2024-10-03 03:05:29:042 50 sec: 272715 operations; 5418.4 current ops/sec; est completion in 21 hours 51 minutes [READ: Count=27175, Max=4771, Min=100, Avg=184.17, 90=229, 99=304, 99.9=478, 99.99=3377] [UPDATE: Count=27009, Max=3371, Min=104, Avg=181.08, 90=227, 99=297, 99.9=443, 99.99=1827] 
2024-10-03 03:05:39:042 60 sec: 325698 operations; 5298.3 current ops/sec; est completion in 21 hours 57 minutes [READ: Count=26567, Max=5083, Min=100, Avg=187.48, 90=235, 99=298, 99.9=441, 99.99=1711] [UPDATE: Count=26416, Max=3249, Min=98, Avg=185.58, 90=233, 99=298, 99.9=424, 99.99=2593] 
Maximum time elapsed. Requesting stop for the workload.
Stop requested for workload. Now Joining!
2024-10-03 03:05:40:047 61 sec: 332970 operations; 7235.82 current ops/sec; est completion in 21 hours 50 minutes [READ: Count=3602, Max=3787, Min=92, Avg=137.63, 90=166, 99=204, 99.9=246, 99.99=3787] [CLEANUP: Count=1, Max=1007, Min=1007, Avg=1007, 90=1007, 99=1007, 99.9=1007, 99.99=1007] [UPDATE: Count=3670, Max=491, Min=90, Avg=134.59, 90=166, 99=208, 99.9=233, 99.99=491] 
[OVERALL], RunTime(ms), 61010
[OVERALL], Throughput(ops/sec), 5457.62989673824
[TOTAL_GCS_Copy], Count, 31
[TOTAL_GC_TIME_Copy], Time(ms), 21
[TOTAL_GC_TIME_%_Copy], Time(%), 0.03442058678905098
[TOTAL_GCS_MarkSweepCompact], Count, 0
[TOTAL_GC_TIME_MarkSweepCompact], Time(ms), 0
[TOTAL_GC_TIME_%_MarkSweepCompact], Time(%), 0.0
[TOTAL_GCs], Count, 31
[TOTAL_GC_TIME], Time(ms), 21
[TOTAL_GC_TIME_%], Time(%), 0.03442058678905098
[READ], Operations, 166795
[READ], AverageLatency(us), 181.07670493719834
[READ], MinLatency(us), 92
[READ], MaxLatency(us), 53215
[READ], 95thPercentileLatency(us), 246
[READ], 99thPercentileLatency(us), 303
[READ], Return=OK, 166795
[CLEANUP], Operations, 1
[CLEANUP], AverageLatency(us), 1007.0
[CLEANUP], MinLatency(us), 1007
[CLEANUP], MaxLatency(us), 1007
[CLEANUP], 95thPercentileLatency(us), 1007
[CLEANUP], 99thPercentileLatency(us), 1007
[UPDATE], Operations, 166175
[UPDATE], AverageLatency(us), 178.93855273055513
[UPDATE], MinLatency(us), 90
[UPDATE], MaxLatency(us), 9351
[UPDATE], 95thPercentileLatency(us), 245
[UPDATE], 99thPercentileLatency(us), 302
[UPDATE], Return=OK, 166175
AUTOTEST_DONE
