/nix/store/2vwkssqpzykk37r996cafq7x63imf4sp-openjdk-21+35/bin/java  -classpath /nix/store/zw02np72fzsmga6s5mphhw7x8qlzf4sv-ycsb-0.17.0/share/conf:/nix/store/zw02np72fzsmga6s5mphhw7x8qlzf4sv-ycsb-0.17.0/share/lib/core-0.17.0.jar:/nix/store/zw02np72fzsmga6s5mphhw7x8qlzf4sv-ycsb-0.17.0/share/lib/HdrHistogram-2.1.4.jar:/nix/store/zw02np72fzsmga6s5mphhw7x8qlzf4sv-ycsb-0.17.0/share/lib/htrace-core4-4.1.0-incubating.jar:/nix/store/zw02np72fzsmga6s5mphhw7x8qlzf4sv-ycsb-0.17.0/share/lib/jackson-core-asl-1.9.4.jar:/nix/store/zw02np72fzsmga6s5mphhw7x8qlzf4sv-ycsb-0.17.0/share/lib/jackson-mapper-asl-1.9.4.jar:/nix/store/zw02np72fzsmga6s5mphhw7x8qlzf4sv-ycsb-0.17.0/share/redis-binding/lib/commons-pool2-2.4.2.jar:/nix/store/zw02np72fzsmga6s5mphhw7x8qlzf4sv-ycsb-0.17.0/share/redis-binding/lib/jedis-2.9.0.jar:/nix/store/zw02np72fzsmga6s5mphhw7x8qlzf4sv-ycsb-0.17.0/share/redis-binding/lib/redis-binding-0.17.0.jar site.ycsb.Client -t -db site.ycsb.db.RedisClient -s -P /home/host/vmuxIO/test/moonprogs//../../ycsb/share/workloads/workloada -p redis.host=10.1.0.2 -p redis.port=6379 -p operationcount=429496729 -p maxexecutiontime=61 -threads 1
Command line: -t -db site.ycsb.db.RedisClient -s -P /home/host/vmuxIO/test/moonprogs//../../ycsb/share/workloads/workloada -p redis.host=10.1.0.2 -p redis.port=6379 -p operationcount=429496729 -p maxexecutiontime=61 -threads 1
YCSB Client 0.17.0

Loading workload...
Starting test.
Maximum execution time specified as: 61 secs
DBWrapper: report latency for each error is false and specific error codes to track for latency are: []
2024-10-03 03:04:39:908 0 sec: 0 operations; est completion in 0 second 
2024-10-03 03:04:49:682 10 sec: 53246 operations; 5324.6 current ops/sec; est completion in 22 hours 24 minutes [READ: Count=26411, Max=59871, Min=99, Avg=180.77, 90=214, 99=318, 99.9=2635, 99.99=6747] [UPDATE: Count=26856, Max=7199, Min=101, Avg=176.75, 90=212, 99=322, 99.9=2537, 99.99=4075] 
2024-10-03 03:04:59:682 20 sec: 107156 operations; 5391 current ops/sec; est completion in 22 hours 15 minutes [READ: Count=27007, Max=11831, Min=97, Avg=184.27, 90=230, 99=312, 99.9=708, 99.99=3987] [UPDATE: Count=26883, Max=10159, Min=96, Avg=181.7, 90=228, 99=297, 99.9=526, 99.99=4005] 
2024-10-03 03:05:09:682 30 sec: 162336 operations; 5518 current ops/sec; est completion in 22 hours 2 minutes [READ: Count=27682, Max=3759, Min=105, Avg=180.02, 90=222, 99=297, 99.9=484, 99.99=3209] [UPDATE: Count=27497, Max=4623, Min=100, Avg=177.74, 90=220, 99=289, 99.9=447, 99.99=3329] 
2024-10-03 03:05:19:682 40 sec: 218345 operations; 5600.9 current ops/sec; est completion in 21 hours 50 minutes [READ: Count=27824, Max=7735, Min=96, Avg=178.05, 90=217, 99=296, 99.9=365, 99.99=2565] [UPDATE: Count=28185, Max=3989, Min=94, Avg=174.76, 90=216, 99=291, 99.9=355, 99.99=823] 
2024-10-03 03:05:29:682 50 sec: 271573 operations; 5322.8 current ops/sec; est completion in 21 hours 57 minutes [READ: Count=26814, Max=7099, Min=104, Avg=186.7, 90=233, 99=287, 99.9=357, 99.99=2541] [UPDATE: Count=26414, Max=4059, Min=101, Avg=184.87, 90=232, 99=286, 99.9=401, 99.99=2065] 
2024-10-03 03:05:39:682 60 sec: 325589 operations; 5401.6 current ops/sec; est completion in 21 hours 58 minutes [READ: Count=27146, Max=3867, Min=100, Avg=184.51, 90=237, 99=325, 99.9=532, 99.99=2989] [UPDATE: Count=26870, Max=4163, Min=99, Avg=181.44, 90=233, 99=320, 99.9=462, 99.99=2647] 
Maximum time elapsed. Requesting stop for the workload.
Stop requested for workload. Now Joining!
2024-10-03 03:05:40:689 61 sec: 333795 operations; 8157.06 current ops/sec; est completion in 21 hours 47 minutes [READ: Count=4018, Max=2315, Min=84, Avg=121.26, 90=151, 99=185, 99.9=327, 99.99=2315] [CLEANUP: Count=1, Max=904, Min=904, Avg=904, 90=904, 99=904, 99.9=904, 99.99=904] [UPDATE: Count=4188, Max=3789, Min=83, Avg=120.2, 90=148, 99=182, 99.9=231, 99.99=3789] 
[OVERALL], RunTime(ms), 61010
[OVERALL], Throughput(ops/sec), 5471.152270119653
[TOTAL_GCS_Copy], Count, 31
[TOTAL_GC_TIME_Copy], Time(ms), 20
[TOTAL_GC_TIME_%_Copy], Time(%), 0.03278151122766759
[TOTAL_GCS_MarkSweepCompact], Count, 0
[TOTAL_GC_TIME_MarkSweepCompact], Time(ms), 0
[TOTAL_GC_TIME_%_MarkSweepCompact], Time(%), 0.0
[TOTAL_GCs], Count, 31
[TOTAL_GC_TIME], Time(ms), 20
[TOTAL_GC_TIME_%], Time(%), 0.03278151122766759
[READ], Operations, 166902
[READ], AverageLatency(us), 180.88567542629806
[READ], MinLatency(us), 84
[READ], MaxLatency(us), 59871
[READ], 95thPercentileLatency(us), 247
[READ], 99thPercentileLatency(us), 304
[READ], Return=OK, 166902
[CLEANUP], Operations, 1
[CLEANUP], AverageLatency(us), 904.0
[CLEANUP], MinLatency(us), 904
[CLEANUP], MaxLatency(us), 904
[CLEANUP], 95thPercentileLatency(us), 904
[CLEANUP], 99thPercentileLatency(us), 904
[UPDATE], Operations, 166893
[UPDATE], AverageLatency(us), 177.99589557381077
[UPDATE], MinLatency(us), 83
[UPDATE], MaxLatency(us), 10159
[UPDATE], 95thPercentileLatency(us), 245
[UPDATE], 99thPercentileLatency(us), 299
[UPDATE], Return=OK, 166893
AUTOTEST_DONE
