/nix/store/2vwkssqpzykk37r996cafq7x63imf4sp-openjdk-21+35/bin/java  -classpath /nix/store/zw02np72fzsmga6s5mphhw7x8qlzf4sv-ycsb-0.17.0/share/conf:/nix/store/zw02np72fzsmga6s5mphhw7x8qlzf4sv-ycsb-0.17.0/share/lib/core-0.17.0.jar:/nix/store/zw02np72fzsmga6s5mphhw7x8qlzf4sv-ycsb-0.17.0/share/lib/HdrHistogram-2.1.4.jar:/nix/store/zw02np72fzsmga6s5mphhw7x8qlzf4sv-ycsb-0.17.0/share/lib/htrace-core4-4.1.0-incubating.jar:/nix/store/zw02np72fzsmga6s5mphhw7x8qlzf4sv-ycsb-0.17.0/share/lib/jackson-core-asl-1.9.4.jar:/nix/store/zw02np72fzsmga6s5mphhw7x8qlzf4sv-ycsb-0.17.0/share/lib/jackson-mapper-asl-1.9.4.jar:/nix/store/zw02np72fzsmga6s5mphhw7x8qlzf4sv-ycsb-0.17.0/share/redis-binding/lib/commons-pool2-2.4.2.jar:/nix/store/zw02np72fzsmga6s5mphhw7x8qlzf4sv-ycsb-0.17.0/share/redis-binding/lib/jedis-2.9.0.jar:/nix/store/zw02np72fzsmga6s5mphhw7x8qlzf4sv-ycsb-0.17.0/share/redis-binding/lib/redis-binding-0.17.0.jar site.ycsb.Client -t -db site.ycsb.db.RedisClient -s -P /home/host/vmuxIO/test/moonprogs//../../ycsb/share/workloads/workloada -p redis.host=10.1.0.2 -p redis.port=6379 -p operationcount=429496729 -p maxexecutiontime=61 -threads 1
Command line: -t -db site.ycsb.db.RedisClient -s -P /home/host/vmuxIO/test/moonprogs//../../ycsb/share/workloads/workloada -p redis.host=10.1.0.2 -p redis.port=6379 -p operationcount=429496729 -p maxexecutiontime=61 -threads 1
YCSB Client 0.17.0

Loading workload...
Starting test.
Maximum execution time specified as: 61 secs
DBWrapper: report latency for each error is false and specific error codes to track for latency are: []
2024-08-21 19:08:53:192 0 sec: 0 operations; est completion in 0 second 
2024-08-21 19:09:03:003 10 sec: 42378 operations; 4237.8 current ops/sec; est completion in 1 day 4 hours [READ: Count=21293, Max=18847, Min=98, Avg=227.1, 90=341, 99=518, 99.9=3219, 99.99=4563] [UPDATE: Count=21096, Max=29663, Min=101, Avg=224.78, 90=339, 99=537, 99.9=3141, 99.99=8311] 
2024-08-21 19:09:13:003 20 sec: 95223 operations; 5284.5 current ops/sec; est completion in 1 day 1 hour [READ: Count=26375, Max=3975, Min=101, Avg=189.41, 90=265, 99=412, 99.9=589, 99.99=2585] [UPDATE: Count=26460, Max=3293, Min=99, Avg=182.97, 90=260, 99=405, 99.9=516, 99.99=2351] 
2024-08-21 19:09:23:003 30 sec: 149066 operations; 5384.3 current ops/sec; est completion in 1 day [READ: Count=26860, Max=3135, Min=100, Avg=185.51, 90=271, 99=411, 99.9=543, 99.99=1988] [UPDATE: Count=26982, Max=2927, Min=96, Avg=181.47, 90=268, 99=408, 99.9=561, 99.99=2507] 
2024-08-21 19:09:33:003 40 sec: 201768 operations; 5270.2 current ops/sec; est completion in 23 hours 38 minutes [READ: Count=26553, Max=8051, Min=99, Avg=190.38, 90=266, 99=416, 99.9=538, 99.99=2325] [UPDATE: Count=26149, Max=3935, Min=87, Avg=184.95, 90=260, 99=412, 99.9=571, 99.99=2575] 
2024-08-21 19:09:43:003 50 sec: 257126 operations; 5535.8 current ops/sec; est completion in 23 hours 11 minutes [READ: Count=27739, Max=6735, Min=98, Avg=181.45, 90=255, 99=412, 99.9=530, 99.99=3023] [UPDATE: Count=27619, Max=4123, Min=95, Avg=175.77, 90=251, 99=404, 99.9=525, 99.99=2211] 
2024-08-21 19:09:53:003 60 sec: 308505 operations; 5137.9 current ops/sec; est completion in 23 hours 11 minutes [READ: Count=25950, Max=2419, Min=101, Avg=195.34, 90=296, 99=442, 99.9=552, 99.99=2251] [UPDATE: Count=25429, Max=4311, Min=100, Avg=189.91, 90=292, 99=427, 99.9=540, 99.99=1768] 
Maximum time elapsed. Requesting stop for the workload.
Stop requested for workload. Now Joining!
2024-08-21 19:09:54:013 61 sec: 312966 operations; 4421.21 current ops/sec; est completion in 23 hours 14 minutes [READ: Count=2212, Max=3459, Min=117, Avg=226.16, 90=358, 99=448, 99.9=1643, 99.99=3459] [CLEANUP: Count=1, Max=1045, Min=1045, Avg=1045, 90=1045, 99=1045, 99.9=1045, 99.99=1045] [UPDATE: Count=2249, Max=1130, Min=110, Avg=222.08, 90=351, 99=450, 99.9=835, 99.99=1130] 
[OVERALL], RunTime(ms), 61016
[OVERALL], Throughput(ops/sec), 5129.244788252262
[TOTAL_GCS_Copy], Count, 29
[TOTAL_GC_TIME_Copy], Time(ms), 25
[TOTAL_GC_TIME_%_Copy], Time(%), 0.04097285957781566
[TOTAL_GCS_MarkSweepCompact], Count, 0
[TOTAL_GC_TIME_MarkSweepCompact], Time(ms), 0
[TOTAL_GC_TIME_%_MarkSweepCompact], Time(%), 0.0
[TOTAL_GCs], Count, 29
[TOTAL_GC_TIME], Time(ms), 25
[TOTAL_GC_TIME_%], Time(%), 0.04097285957781566
[READ], Operations, 156982
[READ], AverageLatency(us), 194.10895516683442
[READ], MinLatency(us), 98
[READ], MaxLatency(us), 18847
[READ], 95thPercentileLatency(us), 346
[READ], 99thPercentileLatency(us), 439
[READ], Return=OK, 156982
[CLEANUP], Operations, 1
[CLEANUP], AverageLatency(us), 1045.0
[CLEANUP], MinLatency(us), 1045
[CLEANUP], MaxLatency(us), 1045
[CLEANUP], 95thPercentileLatency(us), 1045
[CLEANUP], 99thPercentileLatency(us), 1045
[UPDATE], Operations, 155984
[UPDATE], AverageLatency(us), 189.11728125961636
[UPDATE], MinLatency(us), 87
[UPDATE], MaxLatency(us), 29663
[UPDATE], 95thPercentileLatency(us), 340
[UPDATE], 99thPercentileLatency(us), 431
[UPDATE], Return=OK, 155984
AUTOTEST_DONE
