/nix/store/2vwkssqpzykk37r996cafq7x63imf4sp-openjdk-21+35/bin/java  -classpath /nix/store/zw02np72fzsmga6s5mphhw7x8qlzf4sv-ycsb-0.17.0/share/conf:/nix/store/zw02np72fzsmga6s5mphhw7x8qlzf4sv-ycsb-0.17.0/share/lib/core-0.17.0.jar:/nix/store/zw02np72fzsmga6s5mphhw7x8qlzf4sv-ycsb-0.17.0/share/lib/HdrHistogram-2.1.4.jar:/nix/store/zw02np72fzsmga6s5mphhw7x8qlzf4sv-ycsb-0.17.0/share/lib/htrace-core4-4.1.0-incubating.jar:/nix/store/zw02np72fzsmga6s5mphhw7x8qlzf4sv-ycsb-0.17.0/share/lib/jackson-core-asl-1.9.4.jar:/nix/store/zw02np72fzsmga6s5mphhw7x8qlzf4sv-ycsb-0.17.0/share/lib/jackson-mapper-asl-1.9.4.jar:/nix/store/zw02np72fzsmga6s5mphhw7x8qlzf4sv-ycsb-0.17.0/share/redis-binding/lib/commons-pool2-2.4.2.jar:/nix/store/zw02np72fzsmga6s5mphhw7x8qlzf4sv-ycsb-0.17.0/share/redis-binding/lib/jedis-2.9.0.jar:/nix/store/zw02np72fzsmga6s5mphhw7x8qlzf4sv-ycsb-0.17.0/share/redis-binding/lib/redis-binding-0.17.0.jar site.ycsb.Client -t -db site.ycsb.db.RedisClient -s -P /home/host/vmuxIO/test/moonprogs//../../ycsb/share/workloads/workloada -p redis.host=10.1.0.2 -p redis.port=6385 -p operationcount=429496729 -p maxexecutiontime=61 -threads 1
Command line: -t -db site.ycsb.db.RedisClient -s -P /home/host/vmuxIO/test/moonprogs//../../ycsb/share/workloads/workloada -p redis.host=10.1.0.2 -p redis.port=6385 -p operationcount=429496729 -p maxexecutiontime=61 -threads 1
YCSB Client 0.17.0

Loading workload...
Starting test.
Maximum execution time specified as: 61 secs
DBWrapper: report latency for each error is false and specific error codes to track for latency are: []
2024-10-03 14:20:12:786 0 sec: 0 operations; est completion in 0 second 
2024-10-03 14:20:22:605 10 sec: 66281 operations; 6628.1 current ops/sec; est completion in 17 hours 59 minutes [READ: Count=33194, Max=54559, Min=87, Avg=143.04, 90=172, 99=298, 99.9=3269, 99.99=5699] [UPDATE: Count=33110, Max=13647, Min=83, Avg=143.01, 90=170, 99=322, 99.9=3287, 99.99=5611] 
2024-10-03 14:20:32:605 20 sec: 146142 operations; 7986.1 current ops/sec; est completion in 16 hours 19 minutes [READ: Count=39952, Max=9927, Min=89, Avg=124.27, 90=146, 99=223, 99.9=422, 99.99=3287] [UPDATE: Count=39886, Max=3909, Min=82, Avg=121.71, 90=144, 99=221, 99.9=350, 99.99=2929] 
2024-10-03 14:20:42:605 30 sec: 221968 operations; 7582.6 current ops/sec; est completion in 16 hours 6 minutes [READ: Count=37814, Max=5143, Min=84, Avg=131.05, 90=165, 99=266, 99.9=494, 99.99=2899] [UPDATE: Count=38012, Max=5983, Min=85, Avg=128.45, 90=162, 99=256, 99.9=456, 99.99=2237] 
2024-10-03 14:20:52:605 40 sec: 301656 operations; 7968.8 current ops/sec; est completion in 15 hours 48 minutes [READ: Count=39583, Max=3477, Min=86, Avg=124.35, 90=151, 99=218, 99.9=334, 99.99=1883] [UPDATE: Count=40105, Max=8767, Min=87, Avg=122.62, 90=149, 99=222, 99.9=329, 99.99=2111] 
2024-10-03 14:21:02:605 50 sec: 380380 operations; 7872.4 current ops/sec; est completion in 15 hours 40 minutes [READ: Count=39398, Max=3049, Min=88, Avg=126.09, 90=152, 99=229, 99.9=325, 99.99=2323] [UPDATE: Count=39326, Max=4219, Min=87, Avg=123.93, 90=150, 99=226, 99.9=322, 99.99=1064] 
2024-10-03 14:21:12:605 60 sec: 458093 operations; 7771.3 current ops/sec; est completion in 15 hours 36 minutes [READ: Count=38926, Max=4111, Min=90, Avg=127.54, 90=158, 99=263, 99.9=407, 99.99=2291] [UPDATE: Count=38787, Max=4383, Min=85, Avg=125.47, 90=156, 99=263, 99.9=386, 99.99=2125] 
Maximum time elapsed. Requesting stop for the workload.
Stop requested for workload. Now Joining!
2024-10-03 14:21:13:611 61 sec: 465761 operations; 7622.27 current ops/sec; est completion in 15 hours 36 minutes [READ: Count=3818, Max=4303, Min=90, Avg=130.97, 90=159, 99=256, 99.9=420, 99.99=4303] [CLEANUP: Count=1, Max=1246, Min=1246, Avg=1246, 90=1246, 99=1246, 99.9=1246, 99.99=1246] [UPDATE: Count=3850, Max=609, Min=89, Avg=126.87, 90=156, 99=254, 99.9=433, 99.99=609] 
[OVERALL], RunTime(ms), 61014
[OVERALL], Throughput(ops/sec), 7633.674238699315
[TOTAL_GCS_Copy], Count, 43
[TOTAL_GC_TIME_Copy], Time(ms), 28
[TOTAL_GC_TIME_%_Copy], Time(%), 0.04589110695905858
[TOTAL_GCS_MarkSweepCompact], Count, 0
[TOTAL_GC_TIME_MarkSweepCompact], Time(ms), 0
[TOTAL_GC_TIME_%_MarkSweepCompact], Time(%), 0.0
[TOTAL_GCs], Count, 43
[TOTAL_GC_TIME], Time(ms), 28
[TOTAL_GC_TIME_%], Time(%), 0.04589110695905858
[READ], Operations, 232685
[READ], AverageLatency(us), 129.02845048026302
[READ], MinLatency(us), 84
[READ], MaxLatency(us), 54559
[READ], 95thPercentileLatency(us), 177
[READ], 99thPercentileLatency(us), 251
[READ], Return=OK, 232685
[CLEANUP], Operations, 1
[CLEANUP], AverageLatency(us), 1246.0
[CLEANUP], MinLatency(us), 1246
[CLEANUP], MaxLatency(us), 1246
[CLEANUP], 95thPercentileLatency(us), 1246
[CLEANUP], 99thPercentileLatency(us), 1246
[UPDATE], Operations, 233076
[UPDATE], AverageLatency(us), 127.07736532289897
[UPDATE], MinLatency(us), 82
[UPDATE], MaxLatency(us), 13647
[UPDATE], 95thPercentileLatency(us), 175
[UPDATE], 99thPercentileLatency(us), 249
[UPDATE], Return=OK, 233076
AUTOTEST_DONE
