/nix/store/2vwkssqpzykk37r996cafq7x63imf4sp-openjdk-21+35/bin/java  -classpath /nix/store/zw02np72fzsmga6s5mphhw7x8qlzf4sv-ycsb-0.17.0/share/conf:/nix/store/zw02np72fzsmga6s5mphhw7x8qlzf4sv-ycsb-0.17.0/share/lib/core-0.17.0.jar:/nix/store/zw02np72fzsmga6s5mphhw7x8qlzf4sv-ycsb-0.17.0/share/lib/HdrHistogram-2.1.4.jar:/nix/store/zw02np72fzsmga6s5mphhw7x8qlzf4sv-ycsb-0.17.0/share/lib/htrace-core4-4.1.0-incubating.jar:/nix/store/zw02np72fzsmga6s5mphhw7x8qlzf4sv-ycsb-0.17.0/share/lib/jackson-core-asl-1.9.4.jar:/nix/store/zw02np72fzsmga6s5mphhw7x8qlzf4sv-ycsb-0.17.0/share/lib/jackson-mapper-asl-1.9.4.jar:/nix/store/zw02np72fzsmga6s5mphhw7x8qlzf4sv-ycsb-0.17.0/share/redis-binding/lib/commons-pool2-2.4.2.jar:/nix/store/zw02np72fzsmga6s5mphhw7x8qlzf4sv-ycsb-0.17.0/share/redis-binding/lib/jedis-2.9.0.jar:/nix/store/zw02np72fzsmga6s5mphhw7x8qlzf4sv-ycsb-0.17.0/share/redis-binding/lib/redis-binding-0.17.0.jar site.ycsb.Client -t -db site.ycsb.db.RedisClient -s -P /home/host/vmuxIO/test/moonprogs//../../ycsb/share/workloads/workloada -p redis.host=10.1.0.2 -p redis.port=6386 -p operationcount=429496729 -p maxexecutiontime=61 -threads 1
Command line: -t -db site.ycsb.db.RedisClient -s -P /home/host/vmuxIO/test/moonprogs//../../ycsb/share/workloads/workloada -p redis.host=10.1.0.2 -p redis.port=6386 -p operationcount=429496729 -p maxexecutiontime=61 -threads 1
YCSB Client 0.17.0

Loading workload...
Starting test.
Maximum execution time specified as: 61 secs
DBWrapper: report latency for each error is false and specific error codes to track for latency are: []
2024-07-19 22:11:19:265 0 sec: 0 operations; est completion in 0 second 
2024-07-19 22:11:29:116 10 sec: 84789 operations; 8478.05 current ops/sec; est completion in 14 hours 4 minutes [READ: Count=42401, Max=21263, Min=88, Avg=114.04, 90=127, 99=156, 99.9=683, 99.99=5507] [UPDATE: Count=42395, Max=22719, Min=84, Avg=112.54, 90=124, 99=160, 99.9=779, 99.99=4623] 
2024-07-19 22:11:39:116 20 sec: 176949 operations; 9216 current ops/sec; est completion in 13 hours 28 minutes [READ: Count=46108, Max=3207, Min=86, Avg=108.24, 90=120, 99=134, 99.9=164, 99.99=481] [UPDATE: Count=46045, Max=2201, Min=82, Avg=105.36, 90=117, 99=131, 99.9=161, 99.99=469] 
2024-07-19 22:11:49:116 30 sec: 266504 operations; 8955.5 current ops/sec; est completion in 13 hours 25 minutes [READ: Count=45204, Max=7635, Min=84, Avg=111.69, 90=127, 99=144, 99.9=216, 99.99=544] [UPDATE: Count=44351, Max=4175, Min=80, Avg=108.54, 90=124, 99=140, 99.9=182, 99.99=592] 
2024-07-19 22:11:59:116 40 sec: 357149 operations; 9064.5 current ops/sec; est completion in 13 hours 21 minutes [READ: Count=45147, Max=9759, Min=83, Avg=110.5, 90=128, 99=146, 99.9=184, 99.99=455] [UPDATE: Count=45498, Max=904, Min=82, Avg=107.45, 90=125, 99=143, 99.9=164, 99.99=325] 
2024-07-19 22:12:09:116 50 sec: 445066 operations; 8791.7 current ops/sec; est completion in 13 hours 23 minutes [READ: Count=43767, Max=3175, Min=85, Avg=113.66, 90=126, 99=141, 99.9=173, 99.99=454] [UPDATE: Count=44150, Max=3365, Min=82, Avg=110.83, 90=123, 99=138, 99.9=168, 99.99=468] 
2024-07-19 22:12:19:116 60 sec: 533125 operations; 8805.9 current ops/sec; est completion in 13 hours 24 minutes [READ: Count=43988, Max=3023, Min=83, Avg=113.48, 90=130, 99=149, 99.9=187, 99.99=425] [UPDATE: Count=44071, Max=2587, Min=80, Avg=110.51, 90=126, 99=146, 99.9=179, 99.99=367] 
Maximum time elapsed. Requesting stop for the workload.
Stop requested for workload. Now Joining!
2024-07-19 22:12:20:128 61 sec: 542422 operations; 9186.76 current ops/sec; est completion in 13 hours 24 minutes [READ: Count=4625, Max=539, Min=91, Avg=108.57, 90=118, 99=133, 99.9=163, 99.99=539] [CLEANUP: Count=1, Max=931, Min=931, Avg=931, 90=931, 99=931, 99.9=931, 99.99=931] [UPDATE: Count=4672, Max=2827, Min=88, Avg=106.12, 90=115, 99=130, 99.9=156, 99.99=2827] 
[OVERALL], RunTime(ms), 61017
[OVERALL], Throughput(ops/sec), 8889.686480816821
[TOTAL_GCS_Copy], Count, 50
[TOTAL_GC_TIME_Copy], Time(ms), 20
[TOTAL_GC_TIME_%_Copy], Time(%), 0.03277775046298572
[TOTAL_GCS_MarkSweepCompact], Count, 0
[TOTAL_GC_TIME_MarkSweepCompact], Time(ms), 0
[TOTAL_GC_TIME_%_MarkSweepCompact], Time(%), 0.0
[TOTAL_GCs], Count, 50
[TOTAL_GC_TIME], Time(ms), 20
[TOTAL_GC_TIME_%], Time(%), 0.03277775046298572
[READ], Operations, 271240
[READ], AverageLatency(us), 111.83078085828049
[READ], MinLatency(us), 83
[READ], MaxLatency(us), 21263
[READ], 95thPercentileLatency(us), 132
[READ], 99thPercentileLatency(us), 145
[READ], Return=OK, 271240
[CLEANUP], Operations, 1
[CLEANUP], AverageLatency(us), 931.0
[CLEANUP], MinLatency(us), 931
[CLEANUP], MaxLatency(us), 931
[CLEANUP], 95thPercentileLatency(us), 931
[CLEANUP], 99thPercentileLatency(us), 931
[UPDATE], Operations, 271182
[UPDATE], AverageLatency(us), 109.09470392577678
[UPDATE], MinLatency(us), 80
[UPDATE], MaxLatency(us), 22719
[UPDATE], 95thPercentileLatency(us), 129
[UPDATE], 99thPercentileLatency(us), 143
[UPDATE], Return=OK, 271182
AUTOTEST_DONE
