/nix/store/2vwkssqpzykk37r996cafq7x63imf4sp-openjdk-21+35/bin/java  -classpath /nix/store/zw02np72fzsmga6s5mphhw7x8qlzf4sv-ycsb-0.17.0/share/conf:/nix/store/zw02np72fzsmga6s5mphhw7x8qlzf4sv-ycsb-0.17.0/share/lib/core-0.17.0.jar:/nix/store/zw02np72fzsmga6s5mphhw7x8qlzf4sv-ycsb-0.17.0/share/lib/HdrHistogram-2.1.4.jar:/nix/store/zw02np72fzsmga6s5mphhw7x8qlzf4sv-ycsb-0.17.0/share/lib/htrace-core4-4.1.0-incubating.jar:/nix/store/zw02np72fzsmga6s5mphhw7x8qlzf4sv-ycsb-0.17.0/share/lib/jackson-core-asl-1.9.4.jar:/nix/store/zw02np72fzsmga6s5mphhw7x8qlzf4sv-ycsb-0.17.0/share/lib/jackson-mapper-asl-1.9.4.jar:/nix/store/zw02np72fzsmga6s5mphhw7x8qlzf4sv-ycsb-0.17.0/share/redis-binding/lib/commons-pool2-2.4.2.jar:/nix/store/zw02np72fzsmga6s5mphhw7x8qlzf4sv-ycsb-0.17.0/share/redis-binding/lib/jedis-2.9.0.jar:/nix/store/zw02np72fzsmga6s5mphhw7x8qlzf4sv-ycsb-0.17.0/share/redis-binding/lib/redis-binding-0.17.0.jar site.ycsb.Client -t -db site.ycsb.db.RedisClient -s -P /home/host/vmuxIO/test/moonprogs//../../ycsb/share/workloads/workloada -p redis.host=10.1.0.2 -p redis.port=6382 -p operationcount=429496729 -p maxexecutiontime=61 -threads 1
Command line: -t -db site.ycsb.db.RedisClient -s -P /home/host/vmuxIO/test/moonprogs//../../ycsb/share/workloads/workloada -p redis.host=10.1.0.2 -p redis.port=6382 -p operationcount=429496729 -p maxexecutiontime=61 -threads 1
YCSB Client 0.17.0

Loading workload...
Starting test.
Maximum execution time specified as: 61 secs
DBWrapper: report latency for each error is false and specific error codes to track for latency are: []
2025-04-18 12:18:26:887 0 sec: 0 operations; est completion in 0 second 
2025-04-18 12:18:36:740 10 sec: 90272 operations; 9026.3 current ops/sec; est completion in 13 hours 12 minutes [READ: Count=45059, Max=42847, Min=80, Avg=105.22, 90=121, 99=169, 99.9=488, 99.99=3763] [UPDATE: Count=45225, Max=6567, Min=75, Avg=105.24, 90=120, 99=179, 99.9=899, 99.99=2961] 
2025-04-18 12:18:46:741 20 sec: 187499 operations; 9721.73 current ops/sec; est completion in 12 hours 43 minutes [READ: Count=48351, Max=12223, Min=79, Avg=102, 90=115, 99=184, 99.9=275, 99.99=1516] [UPDATE: Count=48864, Max=2741, Min=76, Avg=100.04, 90=114, 99=180, 99.9=269, 99.99=736] 
2025-04-18 12:18:56:740 30 sec: 287134 operations; 9964.5 current ops/sec; est completion in 12 hours 27 minutes [READ: Count=49986, Max=8139, Min=80, Avg=99.55, 90=110, 99=152, 99.9=244, 99.99=485] [UPDATE: Count=49649, Max=2049, Min=77, Avg=98.02, 90=109, 99=150, 99.9=239, 99.99=613] 
2025-04-18 12:19:06:740 40 sec: 386847 operations; 9971.3 current ops/sec; est completion in 12 hours 19 minutes [READ: Count=49749, Max=1940, Min=79, Avg=99.35, 90=110, 99=151, 99.9=218, 99.99=484] [UPDATE: Count=49964, Max=7595, Min=78, Avg=98.04, 90=109, 99=150, 99.9=214, 99.99=485] 
2025-04-18 12:19:16:740 50 sec: 485350 operations; 9850.3 current ops/sec; est completion in 12 hours 16 minutes [READ: Count=49211, Max=2139, Min=78, Avg=100.51, 90=112, 99=166, 99.9=266, 99.99=532] [UPDATE: Count=49292, Max=4093, Min=78, Avg=99.26, 90=111, 99=163, 99.9=264, 99.99=1868] 
2025-04-18 12:19:26:740 60 sec: 584846 operations; 9949.6 current ops/sec; est completion in 12 hours 13 minutes [READ: Count=49712, Max=4839, Min=78, Avg=99.62, 90=111, 99=149, 99.9=239, 99.99=334] [UPDATE: Count=49784, Max=1922, Min=78, Avg=98.15, 90=110, 99=149, 99.9=239, 99.99=470] 
Maximum time elapsed. Requesting stop for the workload.
Stop requested for workload. Now Joining!
2025-04-18 12:19:27:754 61 sec: 594709 operations; 9726.82 current ops/sec; est completion in 12 hours 13 minutes [READ: Count=4952, Max=3423, Min=80, Avg=102.41, 90=124, 99=153, 99.9=700, 99.99=3423] [CLEANUP: Count=1, Max=1206, Min=1206, Avg=1206, 90=1206, 99=1206, 99.9=1206, 99.99=1206] [UPDATE: Count=4911, Max=2203, Min=74, Avg=99.61, 90=121, 99=150, 99.9=281, 99.99=2203] 
[OVERALL], RunTime(ms), 61022
[OVERALL], Throughput(ops/sec), 9745.812985480647
[TOTAL_GCS_Copy], Count, 55
[TOTAL_GC_TIME_Copy], Time(ms), 19
[TOTAL_GC_TIME_%_Copy], Time(%), 0.031136311494215203
[TOTAL_GCS_MarkSweepCompact], Count, 0
[TOTAL_GC_TIME_MarkSweepCompact], Time(ms), 0
[TOTAL_GC_TIME_%_MarkSweepCompact], Time(%), 0.0
[TOTAL_GCs], Count, 55
[TOTAL_GC_TIME], Time(ms), 19
[TOTAL_GC_TIME_%], Time(%), 0.031136311494215203
[READ], Operations, 297020
[READ], AverageLatency(us), 100.99499023634772
[READ], MinLatency(us), 78
[READ], MaxLatency(us), 42847
[READ], 95thPercentileLatency(us), 125
[READ], 99thPercentileLatency(us), 160
[READ], Return=OK, 297020
[CLEANUP], Operations, 1
[CLEANUP], AverageLatency(us), 1206.0
[CLEANUP], MinLatency(us), 1206
[CLEANUP], MaxLatency(us), 1206
[CLEANUP], 95thPercentileLatency(us), 1206
[CLEANUP], 99thPercentileLatency(us), 1206
[UPDATE], Operations, 297689
[UPDATE], AverageLatency(us), 99.70645875393447
[UPDATE], MinLatency(us), 74
[UPDATE], MaxLatency(us), 7595
[UPDATE], 95thPercentileLatency(us), 123
[UPDATE], 99thPercentileLatency(us), 159
[UPDATE], Return=OK, 297689
AUTOTEST_DONE
