/nix/store/2vwkssqpzykk37r996cafq7x63imf4sp-openjdk-21+35/bin/java  -classpath /nix/store/zw02np72fzsmga6s5mphhw7x8qlzf4sv-ycsb-0.17.0/share/conf:/nix/store/zw02np72fzsmga6s5mphhw7x8qlzf4sv-ycsb-0.17.0/share/lib/core-0.17.0.jar:/nix/store/zw02np72fzsmga6s5mphhw7x8qlzf4sv-ycsb-0.17.0/share/lib/HdrHistogram-2.1.4.jar:/nix/store/zw02np72fzsmga6s5mphhw7x8qlzf4sv-ycsb-0.17.0/share/lib/htrace-core4-4.1.0-incubating.jar:/nix/store/zw02np72fzsmga6s5mphhw7x8qlzf4sv-ycsb-0.17.0/share/lib/jackson-core-asl-1.9.4.jar:/nix/store/zw02np72fzsmga6s5mphhw7x8qlzf4sv-ycsb-0.17.0/share/lib/jackson-mapper-asl-1.9.4.jar:/nix/store/zw02np72fzsmga6s5mphhw7x8qlzf4sv-ycsb-0.17.0/share/redis-binding/lib/commons-pool2-2.4.2.jar:/nix/store/zw02np72fzsmga6s5mphhw7x8qlzf4sv-ycsb-0.17.0/share/redis-binding/lib/jedis-2.9.0.jar:/nix/store/zw02np72fzsmga6s5mphhw7x8qlzf4sv-ycsb-0.17.0/share/redis-binding/lib/redis-binding-0.17.0.jar site.ycsb.Client -t -db site.ycsb.db.RedisClient -s -P /home/host/vmuxIO/test/moonprogs//../../ycsb/share/workloads/workloada -p redis.host=10.1.0.2 -p redis.port=6379 -p operationcount=429496729 -p maxexecutiontime=61 -threads 1
Command line: -t -db site.ycsb.db.RedisClient -s -P /home/host/vmuxIO/test/moonprogs//../../ycsb/share/workloads/workloada -p redis.host=10.1.0.2 -p redis.port=6379 -p operationcount=429496729 -p maxexecutiontime=61 -threads 1
YCSB Client 0.17.0

Loading workload...
Starting test.
Maximum execution time specified as: 61 secs
DBWrapper: report latency for each error is false and specific error codes to track for latency are: []
2024-06-26 10:46:18:867 0 sec: 0 operations; est completion in 0 second 
2024-06-26 10:46:28:693 10 sec: 45256 operations; 4525.6 current ops/sec; est completion in 1 day 2 hours [READ: Count=22543, Max=202111, Min=83, Avg=219.53, 90=223, 99=2521, 99.9=3783, 99.99=20767] [UPDATE: Count=22720, Max=7979, Min=79, Avg=206.66, 90=221, 99=2557, 99.9=3789, 99.99=6779] 
2024-06-26 10:46:38:693 20 sec: 80040 operations; 3478.4 current ops/sec; est completion in 1 day 5 hours [READ: Count=17299, Max=207615, Min=83, Avg=276.72, 90=205, 99=2563, 99.9=3881, 99.99=204031] [UPDATE: Count=17478, Max=208511, Min=83, Avg=291.78, 90=198, 99=2343, 99.9=3979, 99.99=207871] 
2024-06-26 10:46:48:693 30 sec: 115517 operations; 3547.7 current ops/sec; est completion in 1 day 6 hours [READ: Count=17753, Max=209023, Min=80, Avg=308.71, 90=193, 99=2267, 99.9=3923, 99.99=208383] [UPDATE: Count=17724, Max=209023, Min=80, Avg=252.52, 90=188, 99=2083, 99.9=3669, 99.99=204799] 
2024-06-26 10:46:58:693 40 sec: 153666 operations; 3814.9 current ops/sec; est completion in 1 day 7 hours [READ: Count=19036, Max=207871, Min=81, Avg=250.3, 90=163, 99=2171, 99.9=3849, 99.99=206335] [UPDATE: Count=19113, Max=209023, Min=77, Avg=265.78, 90=161, 99=2059, 99.9=3773, 99.99=206975] 
2024-06-26 10:47:08:693 50 sec: 191387 operations; 3772.1 current ops/sec; est completion in 1 day 7 hours [READ: Count=18916, Max=207743, Min=85, Avg=258.8, 90=174, 99=2013, 99.9=3723, 99.99=206847] [UPDATE: Count=18805, Max=208511, Min=80, Avg=273.42, 90=173, 99=2173, 99.9=3753, 99.99=208255] 
2024-06-26 10:47:18:693 60 sec: 229345 operations; 3795.8 current ops/sec; est completion in 1 day 7 hours [READ: Count=19179, Max=207615, Min=83, Avg=212.4, 90=163, 99=2069, 99.9=3675, 99.99=203519] [UPDATE: Count=18779, Max=208767, Min=82, Avg=301.7, 90=159, 99=2093, 99.9=3921, 99.99=207487] 
Maximum time elapsed. Requesting stop for the workload.
Stop requested for workload. Now Joining!
2024-06-26 10:47:19:795 61 sec: 233436 operations; 3712.34 current ops/sec; est completion in 1 day 7 hours [READ: Count=2049, Max=204799, Min=82, Avg=366.76, 90=178, 99=2281, 99.9=3735, 99.99=204799] [CLEANUP: Count=1, Max=3357, Min=3356, Avg=3357, 90=3357, 99=3357, 99.9=3357, 99.99=3357] [UPDATE: Count=2042, Max=207487, Min=84, Avg=265.1, 90=168, 99=2089, 99.9=3633, 99.99=207487] 
[OVERALL], RunTime(ms), 61109
[OVERALL], Throughput(ops/sec), 3819.9937816033644
[TOTAL_GCS_Copy], Count, 22
[TOTAL_GC_TIME_Copy], Time(ms), 33
[TOTAL_GC_TIME_%_Copy], Time(%), 0.05400186551899065
[TOTAL_GCS_MarkSweepCompact], Count, 0
[TOTAL_GC_TIME_MarkSweepCompact], Time(ms), 0
[TOTAL_GC_TIME_%_MarkSweepCompact], Time(%), 0.0
[TOTAL_GCs], Count, 22
[TOTAL_GC_TIME], Time(ms), 33
[TOTAL_GC_TIME_%], Time(%), 0.05400186551899065
[READ], Operations, 116775
[READ], AverageLatency(us), 254.35100834938984
[READ], MinLatency(us), 80
[READ], MaxLatency(us), 209023
[READ], 95thPercentileLatency(us), 236
[READ], 99thPercentileLatency(us), 2285
[READ], Return=OK, 116775
[CLEANUP], Operations, 1
[CLEANUP], AverageLatency(us), 3357.0
[CLEANUP], MinLatency(us), 3356
[CLEANUP], MaxLatency(us), 3357
[CLEANUP], 95thPercentileLatency(us), 3357
[CLEANUP], 99thPercentileLatency(us), 3357
[UPDATE], Operations, 116661
[UPDATE], AverageLatency(us), 263.1478986122183
[UPDATE], MinLatency(us), 77
[UPDATE], MaxLatency(us), 209023
[UPDATE], 95thPercentileLatency(us), 231
[UPDATE], 99thPercentileLatency(us), 2253
[UPDATE], Return=OK, 116661
AUTOTEST_DONE
