/nix/store/2vwkssqpzykk37r996cafq7x63imf4sp-openjdk-21+35/bin/java  -classpath /nix/store/zw02np72fzsmga6s5mphhw7x8qlzf4sv-ycsb-0.17.0/share/conf:/nix/store/zw02np72fzsmga6s5mphhw7x8qlzf4sv-ycsb-0.17.0/share/lib/core-0.17.0.jar:/nix/store/zw02np72fzsmga6s5mphhw7x8qlzf4sv-ycsb-0.17.0/share/lib/HdrHistogram-2.1.4.jar:/nix/store/zw02np72fzsmga6s5mphhw7x8qlzf4sv-ycsb-0.17.0/share/lib/htrace-core4-4.1.0-incubating.jar:/nix/store/zw02np72fzsmga6s5mphhw7x8qlzf4sv-ycsb-0.17.0/share/lib/jackson-core-asl-1.9.4.jar:/nix/store/zw02np72fzsmga6s5mphhw7x8qlzf4sv-ycsb-0.17.0/share/lib/jackson-mapper-asl-1.9.4.jar:/nix/store/zw02np72fzsmga6s5mphhw7x8qlzf4sv-ycsb-0.17.0/share/redis-binding/lib/commons-pool2-2.4.2.jar:/nix/store/zw02np72fzsmga6s5mphhw7x8qlzf4sv-ycsb-0.17.0/share/redis-binding/lib/jedis-2.9.0.jar:/nix/store/zw02np72fzsmga6s5mphhw7x8qlzf4sv-ycsb-0.17.0/share/redis-binding/lib/redis-binding-0.17.0.jar site.ycsb.Client -t -db site.ycsb.db.RedisClient -s -P /home/host/vmuxIO/test/moonprogs//../../ycsb/share/workloads/workloada -p redis.host=10.1.0.2 -p redis.port=6385 -p operationcount=429496729 -p maxexecutiontime=61 -threads 1
Command line: -t -db site.ycsb.db.RedisClient -s -P /home/host/vmuxIO/test/moonprogs//../../ycsb/share/workloads/workloada -p redis.host=10.1.0.2 -p redis.port=6385 -p operationcount=429496729 -p maxexecutiontime=61 -threads 1
YCSB Client 0.17.0

Loading workload...
Starting test.
Maximum execution time specified as: 61 secs
DBWrapper: report latency for each error is false and specific error codes to track for latency are: []
2025-04-02 00:17:48:190 0 sec: 0 operations; est completion in 0 second 
2025-04-02 00:17:58:009 10 sec: 20397 operations; 2039.7 current ops/sec; est completion in 2 days 10 hours [READ: Count=10298, Max=57023, Min=89, Avg=471.63, 90=565, 99=5819, 99.9=14151, 99.99=37855] [UPDATE: Count=10102, Max=42015, Min=85, Avg=477.03, 90=553, 99=5947, 99.9=13959, 99.99=39263] 
2025-04-02 00:18:08:009 20 sec: 47649 operations; 2725.2 current ops/sec; est completion in 2 days 2 hours [READ: Count=13583, Max=14071, Min=81, Avg=346.99, 90=478, 99=4195, 99.9=8191, 99.99=13103] [UPDATE: Count=13666, Max=204799, Min=80, Avg=378.37, 90=444, 99=4219, 99.9=9215, 99.99=202111] 
2025-04-02 00:18:18:009 30 sec: 74544 operations; 2689.5 current ops/sec; est completion in 2 days [READ: Count=13531, Max=32095, Min=82, Avg=374.03, 90=308, 99=5627, 99.9=10015, 99.99=15271] [UPDATE: Count=13364, Max=14551, Min=79, Avg=363.78, 90=299, 99=5315, 99.9=10799, 99.99=14143] 
2025-04-02 00:18:28:009 40 sec: 103970 operations; 2942.6 current ops/sec; est completion in 1 day 21 hours [READ: Count=14760, Max=14343, Min=82, Avg=345.81, 90=280, 99=5179, 99.9=9727, 99.99=14167] [UPDATE: Count=14666, Max=12167, Min=76, Avg=329.41, 90=274, 99=5063, 99.9=8831, 99.99=11319] 
2025-04-02 00:18:38:009 50 sec: 131781 operations; 2781.1 current ops/sec; est completion in 1 day 21 hours [READ: Count=13858, Max=207359, Min=85, Avg=363.17, 90=383, 99=4295, 99.9=9063, 99.99=13375] [UPDATE: Count=13953, Max=206719, Min=77, Avg=352.22, 90=384, 99=4243, 99.9=9271, 99.99=13263] 
2025-04-02 00:18:48:009 60 sec: 161055 operations; 2927.4 current ops/sec; est completion in 1 day 20 hours [READ: Count=14670, Max=13191, Min=85, Avg=338.07, 90=299, 99=4611, 99.9=8311, 99.99=12431] [UPDATE: Count=14604, Max=13367, Min=84, Avg=341.31, 90=310, 99=4675, 99.9=8991, 99.99=12935] 
Maximum time elapsed. Requesting stop for the workload.
Stop requested for workload. Now Joining!
2025-04-02 00:18:49:018 61 sec: 163841 operations; 2761.15 current ops/sec; est completion in 1 day 20 hours [READ: Count=1393, Max=12175, Min=89, Avg=369.61, 90=284, 99=4891, 99.9=8199, 99.99=12175] [CLEANUP: Count=1, Max=1291, Min=1291, Avg=1291, 90=1291, 99=1291, 99.9=1291, 99.99=1291] [UPDATE: Count=1393, Max=11255, Min=83, Avg=349.07, 90=281, 99=4883, 99.9=8303, 99.99=11255] 
[OVERALL], RunTime(ms), 61012
[OVERALL], Throughput(ops/sec), 2685.389759391595
[TOTAL_GCS_Copy], Count, 15
[TOTAL_GC_TIME_Copy], Time(ms), 23
[TOTAL_GC_TIME_%_Copy], Time(%), 0.03769750213072838
[TOTAL_GCS_MarkSweepCompact], Count, 0
[TOTAL_GC_TIME_MarkSweepCompact], Time(ms), 0
[TOTAL_GC_TIME_%_MarkSweepCompact], Time(%), 0.0
[TOTAL_GCs], Count, 15
[TOTAL_GC_TIME], Time(ms), 23
[TOTAL_GC_TIME_%], Time(%), 0.03769750213072838
[READ], Operations, 82093
[READ], AverageLatency(us), 368.38954600270426
[READ], MinLatency(us), 81
[READ], MaxLatency(us), 207359
[READ], 95thPercentileLatency(us), 1155
[READ], 99thPercentileLatency(us), 5043
[READ], Return=OK, 82093
[CLEANUP], Operations, 1
[CLEANUP], AverageLatency(us), 1291.0
[CLEANUP], MinLatency(us), 1291
[CLEANUP], MaxLatency(us), 1291
[CLEANUP], 95thPercentileLatency(us), 1291
[CLEANUP], 99thPercentileLatency(us), 1291
[UPDATE], Operations, 81748
[UPDATE], AverageLatency(us), 367.8085824729657
[UPDATE], MinLatency(us), 76
[UPDATE], MaxLatency(us), 206719
[UPDATE], 95thPercentileLatency(us), 1095
[UPDATE], 99thPercentileLatency(us), 4955
[UPDATE], Return=OK, 81748
AUTOTEST_DONE
