/nix/store/2vwkssqpzykk37r996cafq7x63imf4sp-openjdk-21+35/bin/java  -classpath /nix/store/zw02np72fzsmga6s5mphhw7x8qlzf4sv-ycsb-0.17.0/share/conf:/nix/store/zw02np72fzsmga6s5mphhw7x8qlzf4sv-ycsb-0.17.0/share/lib/core-0.17.0.jar:/nix/store/zw02np72fzsmga6s5mphhw7x8qlzf4sv-ycsb-0.17.0/share/lib/HdrHistogram-2.1.4.jar:/nix/store/zw02np72fzsmga6s5mphhw7x8qlzf4sv-ycsb-0.17.0/share/lib/htrace-core4-4.1.0-incubating.jar:/nix/store/zw02np72fzsmga6s5mphhw7x8qlzf4sv-ycsb-0.17.0/share/lib/jackson-core-asl-1.9.4.jar:/nix/store/zw02np72fzsmga6s5mphhw7x8qlzf4sv-ycsb-0.17.0/share/lib/jackson-mapper-asl-1.9.4.jar:/nix/store/zw02np72fzsmga6s5mphhw7x8qlzf4sv-ycsb-0.17.0/share/redis-binding/lib/commons-pool2-2.4.2.jar:/nix/store/zw02np72fzsmga6s5mphhw7x8qlzf4sv-ycsb-0.17.0/share/redis-binding/lib/jedis-2.9.0.jar:/nix/store/zw02np72fzsmga6s5mphhw7x8qlzf4sv-ycsb-0.17.0/share/redis-binding/lib/redis-binding-0.17.0.jar site.ycsb.Client -t -db site.ycsb.db.RedisClient -s -P /home/host/vmuxIO/test/moonprogs//../../ycsb/share/workloads/workloada -p redis.host=10.1.0.2 -p redis.port=6379 -p operationcount=429496729 -p maxexecutiontime=61 -threads 1
Command line: -t -db site.ycsb.db.RedisClient -s -P /home/host/vmuxIO/test/moonprogs//../../ycsb/share/workloads/workloada -p redis.host=10.1.0.2 -p redis.port=6379 -p operationcount=429496729 -p maxexecutiontime=61 -threads 1
YCSB Client 0.17.0

Loading workload...
Starting test.
Maximum execution time specified as: 61 secs
DBWrapper: report latency for each error is false and specific error codes to track for latency are: []
2024-06-30 01:46:35:387 0 sec: 0 operations; est completion in 0 second 
2024-06-30 01:46:45:147 10 sec: 16369 operations; 1636.9 current ops/sec; est completion in 3 days [READ: Count=8215, Max=19327, Min=237, Avg=577.1, 90=692, 99=1750, 99.9=4507, 99.99=8751] [UPDATE: Count=8251, Max=32639, Min=238, Avg=586.36, 90=717, 99=1718, 99.9=4031, 99.99=9911] 
2024-06-30 01:46:55:149 20 sec: 33702 operations; 1733.13 current ops/sec; est completion in 2 days 22 hours [READ: Count=8576, Max=8879, Min=234, Avg=568.79, 90=681, 99=1332, 99.9=3655, 99.99=6143] [UPDATE: Count=8660, Max=8223, Min=221, Avg=571.91, 90=685, 99=1297, 99.9=4073, 99.99=7631] 
2024-06-30 01:47:05:148 30 sec: 50865 operations; 1716.3 current ops/sec; est completion in 2 days 22 hours [READ: Count=8621, Max=13863, Min=210, Avg=580.03, 90=737, 99=984, 99.9=2519, 99.99=4831] [UPDATE: Count=8542, Max=4299, Min=221, Avg=573.81, 90=729, 99=944, 99.9=2285, 99.99=4009] 
2024-06-30 01:47:15:147 40 sec: 67550 operations; 1668.67 current ops/sec; est completion in 2 days 22 hours [READ: Count=8321, Max=9351, Min=223, Avg=596.52, 90=753, 99=990, 99.9=1820, 99.99=5491] [UPDATE: Count=8364, Max=5079, Min=220, Avg=592.21, 90=747, 99=978, 99.9=2299, 99.99=3977] 
2024-06-30 01:47:25:147 50 sec: 84503 operations; 1695.3 current ops/sec; est completion in 2 days 22 hours [READ: Count=8405, Max=5179, Min=208, Avg=586.19, 90=710, 99=913, 99.9=2149, 99.99=4707] [UPDATE: Count=8548, Max=6911, Min=219, Avg=586.92, 90=710, 99=916, 99.9=2157, 99.99=5463] 
2024-06-30 01:47:35:147 60 sec: 102436 operations; 1793.3 current ops/sec; est completion in 2 days 21 hours [READ: Count=8947, Max=3749, Min=220, Avg=554.59, 90=719, 99=926, 99.9=1605, 99.99=3517] [UPDATE: Count=8986, Max=8399, Min=215, Avg=554.42, 90=722, 99=932, 99.9=1369, 99.99=3537] 
Maximum time elapsed. Requesting stop for the workload.
Stop requested for workload. Now Joining!
2024-06-30 01:47:36:157 61 sec: 105822 operations; 3355.8 current ops/sec; est completion in 2 days 20 hours [READ: Count=1629, Max=4403, Min=211, Avg=292.62, 90=352, 99=714, 99.9=1763, 99.99=4403] [CLEANUP: Count=1, Max=1237, Min=1237, Avg=1237, 90=1237, 99=1237, 99.9=1237, 99.99=1237] [UPDATE: Count=1757, Max=10679, Min=211, Avg=297.49, 90=354, 99=607, 99.9=3145, 99.99=10679] 
[OVERALL], RunTime(ms), 61021
[OVERALL], Throughput(ops/sec), 1734.1898690614707
[TOTAL_GCS_Copy], Count, 10
[TOTAL_GC_TIME_Copy], Time(ms), 38
[TOTAL_GC_TIME_%_Copy], Time(%), 0.062273643499778764
[TOTAL_GCS_MarkSweepCompact], Count, 0
[TOTAL_GC_TIME_MarkSweepCompact], Time(ms), 0
[TOTAL_GC_TIME_%_MarkSweepCompact], Time(%), 0.0
[TOTAL_GCs], Count, 10
[TOTAL_GC_TIME], Time(ms), 38
[TOTAL_GC_TIME_%], Time(%), 0.062273643499778764
[READ], Operations, 52714
[READ], AverageLatency(us), 568.1290549000265
[READ], MinLatency(us), 208
[READ], MaxLatency(us), 19327
[READ], 95thPercentileLatency(us), 784
[READ], 99thPercentileLatency(us), 1018
[READ], Return=OK, 52714
[CLEANUP], Operations, 1
[CLEANUP], AverageLatency(us), 1237.0
[CLEANUP], MinLatency(us), 1237
[CLEANUP], MaxLatency(us), 1237
[CLEANUP], 95thPercentileLatency(us), 1237
[CLEANUP], 99thPercentileLatency(us), 1237
[UPDATE], Operations, 53108
[UPDATE], AverageLatency(us), 568.0351359493861
[UPDATE], MinLatency(us), 211
[UPDATE], MaxLatency(us), 32639
[UPDATE], 95thPercentileLatency(us), 784
[UPDATE], 99thPercentileLatency(us), 1016
[UPDATE], Return=OK, 53108
AUTOTEST_DONE
