/nix/store/2vwkssqpzykk37r996cafq7x63imf4sp-openjdk-21+35/bin/java  -classpath /nix/store/zw02np72fzsmga6s5mphhw7x8qlzf4sv-ycsb-0.17.0/share/conf:/nix/store/zw02np72fzsmga6s5mphhw7x8qlzf4sv-ycsb-0.17.0/share/lib/core-0.17.0.jar:/nix/store/zw02np72fzsmga6s5mphhw7x8qlzf4sv-ycsb-0.17.0/share/lib/HdrHistogram-2.1.4.jar:/nix/store/zw02np72fzsmga6s5mphhw7x8qlzf4sv-ycsb-0.17.0/share/lib/htrace-core4-4.1.0-incubating.jar:/nix/store/zw02np72fzsmga6s5mphhw7x8qlzf4sv-ycsb-0.17.0/share/lib/jackson-core-asl-1.9.4.jar:/nix/store/zw02np72fzsmga6s5mphhw7x8qlzf4sv-ycsb-0.17.0/share/lib/jackson-mapper-asl-1.9.4.jar:/nix/store/zw02np72fzsmga6s5mphhw7x8qlzf4sv-ycsb-0.17.0/share/redis-binding/lib/commons-pool2-2.4.2.jar:/nix/store/zw02np72fzsmga6s5mphhw7x8qlzf4sv-ycsb-0.17.0/share/redis-binding/lib/jedis-2.9.0.jar:/nix/store/zw02np72fzsmga6s5mphhw7x8qlzf4sv-ycsb-0.17.0/share/redis-binding/lib/redis-binding-0.17.0.jar site.ycsb.Client -t -db site.ycsb.db.RedisClient -s -P /home/host/vmuxIO/test/moonprogs//../../ycsb/share/workloads/workloada -p redis.host=10.1.0.2 -p redis.port=6380 -p operationcount=429496729 -p maxexecutiontime=61 -threads 1
Command line: -t -db site.ycsb.db.RedisClient -s -P /home/host/vmuxIO/test/moonprogs//../../ycsb/share/workloads/workloada -p redis.host=10.1.0.2 -p redis.port=6380 -p operationcount=429496729 -p maxexecutiontime=61 -threads 1
YCSB Client 0.17.0

Loading workload...
Starting test.
Maximum execution time specified as: 61 secs
DBWrapper: report latency for each error is false and specific error codes to track for latency are: []
2025-04-18 13:51:18:089 0 sec: 0 operations; est completion in 0 second 
2025-04-18 13:51:27:927 10 sec: 5387 operations; 538.7 current ops/sec; est completion in 9 days 5 hours [READ: Count=2699, Max=25151, Min=479, Avg=1778.46, 90=3235, 99=5983, 99.9=10583, 99.99=25151] [UPDATE: Count=2702, Max=30479, Min=503, Avg=1824.49, 90=3341, 99=6543, 99.9=9655, 99.99=30479] 
2025-04-18 13:51:37:927 20 sec: 11742 operations; 635.5 current ops/sec; est completion in 8 days 11 hours [READ: Count=3225, Max=10815, Min=443, Avg=1555.36, 90=3073, 99=5519, 99.9=9479, 99.99=10815] [UPDATE: Count=3116, Max=11615, Min=501, Avg=1563.04, 90=3215, 99=5503, 99.9=8647, 99.99=11615] 
2025-04-18 13:51:47:928 30 sec: 19668 operations; 792.6 current ops/sec; est completion in 7 days 13 hours [READ: Count=3955, Max=7891, Min=455, Avg=1251.03, 90=1698, 99=3821, 99.9=5367, 99.99=7891] [UPDATE: Count=3971, Max=18943, Min=433, Avg=1260.35, 90=1720, 99=3877, 99.9=5491, 99.99=18943] 
2025-04-18 13:51:57:928 40 sec: 28009 operations; 834.1 current ops/sec; est completion in 7 days 2 hours [READ: Count=4100, Max=9391, Min=473, Avg=1187.5, 90=1631, 99=2209, 99.9=5323, 99.99=9391] [UPDATE: Count=4241, Max=33247, Min=478, Avg=1198.32, 90=1640, 99=2267, 99.9=4731, 99.99=33247] 
2025-04-18 13:52:07:928 50 sec: 35759 operations; 774.92 current ops/sec; est completion in 6 days 22 hours [READ: Count=3824, Max=15863, Min=484, Avg=1281.58, 90=1745, 99=2403, 99.9=5087, 99.99=15863] [UPDATE: Count=3926, Max=8223, Min=479, Avg=1288.45, 90=1761, 99=2463, 99.9=5335, 99.99=8223] 
2025-04-18 13:52:17:927 60 sec: 45172 operations; 941.39 current ops/sec; est completion in 6 days 14 hours [READ: Count=4655, Max=29327, Min=452, Avg=1061.14, 90=1511, 99=2045, 99.9=5255, 99.99=29327] [UPDATE: Count=4758, Max=10799, Min=435, Avg=1054.07, 90=1484, 99=2097, 99.9=5019, 99.99=10799] 
Maximum time elapsed. Requesting stop for the workload.
Stop requested for workload. Now Joining!
2025-04-18 13:52:18:935 61 sec: 46362 operations; 1180.56 current ops/sec; est completion in 6 days 12 hours [READ: Count=567, Max=10255, Min=431, Avg=845.42, 90=1036, 99=2177, 99.9=4295, 99.99=10255] [CLEANUP: Count=1, Max=1583, Min=1583, Avg=1583, 90=1583, 99=1583, 99.9=1583, 99.99=1583] [UPDATE: Count=623, Max=8059, Min=423, Avg=831.72, 90=1042, 99=3479, 99.9=4935, 99.99=8059] 
[OVERALL], RunTime(ms), 61014
[OVERALL], Throughput(ops/sec), 759.8583931556692
[TOTAL_GCS_Copy], Count, 4
[TOTAL_GC_TIME_Copy], Time(ms), 17
[TOTAL_GC_TIME_%_Copy], Time(%), 0.027862457796571278
[TOTAL_GCS_MarkSweepCompact], Count, 0
[TOTAL_GC_TIME_MarkSweepCompact], Time(ms), 0
[TOTAL_GC_TIME_%_MarkSweepCompact], Time(%), 0.0
[TOTAL_GCs], Count, 4
[TOTAL_GC_TIME], Time(ms), 17
[TOTAL_GC_TIME_%], Time(%), 0.027862457796571278
[READ], Operations, 23025
[READ], AverageLatency(us), 1300.8630184581975
[READ], MinLatency(us), 431
[READ], MaxLatency(us), 29327
[READ], 95thPercentileLatency(us), 2195
[READ], 99thPercentileLatency(us), 4875
[READ], Return=OK, 23025
[CLEANUP], Operations, 1
[CLEANUP], AverageLatency(us), 1583.0
[CLEANUP], MinLatency(us), 1583
[CLEANUP], MaxLatency(us), 1583
[CLEANUP], 95thPercentileLatency(us), 1583
[CLEANUP], 99thPercentileLatency(us), 1583
[UPDATE], Operations, 23337
[UPDATE], AverageLatency(us), 1306.0372370056134
[UPDATE], MinLatency(us), 423
[UPDATE], MaxLatency(us), 33247
[UPDATE], 95thPercentileLatency(us), 2243
[UPDATE], 99thPercentileLatency(us), 4903
[UPDATE], Return=OK, 23337
AUTOTEST_DONE
