/nix/store/2vwkssqpzykk37r996cafq7x63imf4sp-openjdk-21+35/bin/java  -classpath /nix/store/zw02np72fzsmga6s5mphhw7x8qlzf4sv-ycsb-0.17.0/share/conf:/nix/store/zw02np72fzsmga6s5mphhw7x8qlzf4sv-ycsb-0.17.0/share/lib/core-0.17.0.jar:/nix/store/zw02np72fzsmga6s5mphhw7x8qlzf4sv-ycsb-0.17.0/share/lib/HdrHistogram-2.1.4.jar:/nix/store/zw02np72fzsmga6s5mphhw7x8qlzf4sv-ycsb-0.17.0/share/lib/htrace-core4-4.1.0-incubating.jar:/nix/store/zw02np72fzsmga6s5mphhw7x8qlzf4sv-ycsb-0.17.0/share/lib/jackson-core-asl-1.9.4.jar:/nix/store/zw02np72fzsmga6s5mphhw7x8qlzf4sv-ycsb-0.17.0/share/lib/jackson-mapper-asl-1.9.4.jar:/nix/store/zw02np72fzsmga6s5mphhw7x8qlzf4sv-ycsb-0.17.0/share/redis-binding/lib/commons-pool2-2.4.2.jar:/nix/store/zw02np72fzsmga6s5mphhw7x8qlzf4sv-ycsb-0.17.0/share/redis-binding/lib/jedis-2.9.0.jar:/nix/store/zw02np72fzsmga6s5mphhw7x8qlzf4sv-ycsb-0.17.0/share/redis-binding/lib/redis-binding-0.17.0.jar site.ycsb.Client -t -db site.ycsb.db.RedisClient -s -P /home/host/vmuxIO/test/moonprogs//../../ycsb/share/workloads/workloada -p redis.host=10.1.0.2 -p redis.port=6385 -p operationcount=429496729 -p maxexecutiontime=61 -threads 1
Command line: -t -db site.ycsb.db.RedisClient -s -P /home/host/vmuxIO/test/moonprogs//../../ycsb/share/workloads/workloada -p redis.host=10.1.0.2 -p redis.port=6385 -p operationcount=429496729 -p maxexecutiontime=61 -threads 1
YCSB Client 0.17.0

Loading workload...
Starting test.
Maximum execution time specified as: 61 secs
DBWrapper: report latency for each error is false and specific error codes to track for latency are: []
2025-04-18 13:51:12:706 0 sec: 0 operations; est completion in 0 second 
2025-04-18 13:51:22:545 10 sec: 7226 operations; 722.53 current ops/sec; est completion in 6 days 21 hours [READ: Count=3596, Max=45631, Min=460, Avg=1341.19, 90=2221, 99=5531, 99.9=9023, 99.99=45631] [UPDATE: Count=3638, Max=12639, Min=388, Avg=1348.11, 90=2301, 99=5115, 99.9=8551, 99.99=12639] 
2025-04-18 13:51:32:544 20 sec: 13674 operations; 644.86 current ops/sec; est completion in 7 days 6 hours [READ: Count=3195, Max=16431, Min=371, Avg=1563.17, 90=2843, 99=5491, 99.9=9583, 99.99=16431] [UPDATE: Count=3245, Max=13015, Min=391, Avg=1522.17, 90=2601, 99=5395, 99.9=7675, 99.99=13015] 
2025-04-18 13:51:42:544 30 sec: 20018 operations; 634.4 current ops/sec; est completion in 7 days 10 hours [READ: Count=3208, Max=16071, Min=338, Avg=1578.44, 90=2397, 99=5411, 99.9=10663, 99.99=16071] [UPDATE: Count=3136, Max=18799, Min=458, Avg=1560.42, 90=2359, 99=5175, 99.9=9031, 99.99=18799] 
2025-04-18 13:51:52:544 40 sec: 27992 operations; 797.32 current ops/sec; est completion in 7 days 2 hours [READ: Count=4043, Max=14319, Min=446, Avg=1231.86, 90=1740, 99=2459, 99.9=4959, 99.99=14319] [UPDATE: Count=3931, Max=15791, Min=363, Avg=1261.44, 90=1751, 99=2559, 99.9=5267, 99.99=15791] 
2025-04-18 13:52:02:543 50 sec: 36714 operations; 872.29 current ops/sec; est completion in 6 days 18 hours [READ: Count=4358, Max=11343, Min=434, Avg=1140.56, 90=1620, 99=2347, 99.9=4611, 99.99=11343] [UPDATE: Count=4364, Max=21087, Min=417, Avg=1138.81, 90=1635, 99=2313, 99.9=4391, 99.99=21087] 
2025-04-18 13:52:12:544 60 sec: 45271 operations; 855.61 current ops/sec; est completion in 6 days 14 hours [READ: Count=4318, Max=9087, Min=460, Avg=1163.77, 90=1656, 99=2295, 99.9=5727, 99.99=9087] [UPDATE: Count=4239, Max=10039, Min=457, Avg=1163.64, 90=1631, 99=2351, 99.9=5371, 99.99=10039] 
Maximum time elapsed. Requesting stop for the workload.
Stop requested for workload. Now Joining!
2025-04-18 13:52:13:551 61 sec: 46170 operations; 893.64 current ops/sec; est completion in 6 days 13 hours [READ: Count=427, Max=4663, Min=527, Avg=1101.56, 90=1577, 99=2083, 99.9=4663, 99.99=4663] [CLEANUP: Count=1, Max=2185, Min=2184, Avg=2185, 90=2185, 99=2185, 99.9=2185, 99.99=2185] [UPDATE: Count=472, Max=15087, Min=636, Avg=1120.54, 90=1490, 99=2893, 99.9=15087, 99.99=15087] 
[OVERALL], RunTime(ms), 61016
[OVERALL], Throughput(ops/sec), 756.6867706830996
[TOTAL_GCS_Copy], Count, 4
[TOTAL_GC_TIME_Copy], Time(ms), 21
[TOTAL_GC_TIME_%_Copy], Time(%), 0.03441720204536515
[TOTAL_GCS_MarkSweepCompact], Count, 0
[TOTAL_GC_TIME_MarkSweepCompact], Time(ms), 0
[TOTAL_GC_TIME_%_MarkSweepCompact], Time(%), 0.0
[TOTAL_GCs], Count, 4
[TOTAL_GC_TIME], Time(ms), 21
[TOTAL_GC_TIME_%], Time(%), 0.03441720204536515
[READ], Operations, 23145
[READ], AverageLatency(us), 1310.3182976884857
[READ], MinLatency(us), 338
[READ], MaxLatency(us), 45631
[READ], 95thPercentileLatency(us), 2381
[READ], 99thPercentileLatency(us), 4951
[READ], Return=OK, 23145
[CLEANUP], Operations, 1
[CLEANUP], AverageLatency(us), 2185.0
[CLEANUP], MinLatency(us), 2184
[CLEANUP], MaxLatency(us), 2185
[CLEANUP], 95thPercentileLatency(us), 2185
[CLEANUP], 99thPercentileLatency(us), 2185
[UPDATE], Operations, 23025
[UPDATE], AverageLatency(us), 1308.464625407166
[UPDATE], MinLatency(us), 363
[UPDATE], MaxLatency(us), 21087
[UPDATE], 95thPercentileLatency(us), 2385
[UPDATE], 99thPercentileLatency(us), 4867
[UPDATE], Return=OK, 23025
AUTOTEST_DONE
