/nix/store/2vwkssqpzykk37r996cafq7x63imf4sp-openjdk-21+35/bin/java  -classpath /nix/store/zw02np72fzsmga6s5mphhw7x8qlzf4sv-ycsb-0.17.0/share/conf:/nix/store/zw02np72fzsmga6s5mphhw7x8qlzf4sv-ycsb-0.17.0/share/lib/core-0.17.0.jar:/nix/store/zw02np72fzsmga6s5mphhw7x8qlzf4sv-ycsb-0.17.0/share/lib/HdrHistogram-2.1.4.jar:/nix/store/zw02np72fzsmga6s5mphhw7x8qlzf4sv-ycsb-0.17.0/share/lib/htrace-core4-4.1.0-incubating.jar:/nix/store/zw02np72fzsmga6s5mphhw7x8qlzf4sv-ycsb-0.17.0/share/lib/jackson-core-asl-1.9.4.jar:/nix/store/zw02np72fzsmga6s5mphhw7x8qlzf4sv-ycsb-0.17.0/share/lib/jackson-mapper-asl-1.9.4.jar:/nix/store/zw02np72fzsmga6s5mphhw7x8qlzf4sv-ycsb-0.17.0/share/redis-binding/lib/commons-pool2-2.4.2.jar:/nix/store/zw02np72fzsmga6s5mphhw7x8qlzf4sv-ycsb-0.17.0/share/redis-binding/lib/jedis-2.9.0.jar:/nix/store/zw02np72fzsmga6s5mphhw7x8qlzf4sv-ycsb-0.17.0/share/redis-binding/lib/redis-binding-0.17.0.jar site.ycsb.Client -t -db site.ycsb.db.RedisClient -s -P /home/host/vmuxIO/test/moonprogs//../../ycsb/share/workloads/workloada -p redis.host=10.1.0.2 -p redis.port=6379 -p operationcount=429496729 -p maxexecutiontime=61 -threads 1
Command line: -t -db site.ycsb.db.RedisClient -s -P /home/host/vmuxIO/test/moonprogs//../../ycsb/share/workloads/workloada -p redis.host=10.1.0.2 -p redis.port=6379 -p operationcount=429496729 -p maxexecutiontime=61 -threads 1
YCSB Client 0.17.0

Loading workload...
Starting test.
Maximum execution time specified as: 61 secs
2025-02-01 18:14:38:060 0 sec: 0 operations; est completion in 0 second 
DBWrapper: report latency for each error is false and specific error codes to track for latency are: []
2025-02-01 18:14:47:979 10 sec: 30228 operations; 3022.8 current ops/sec; est completion in 1 day 15 hours [READ: Count=15216, Max=35327, Min=103, Avg=320.22, 90=468, 99=984, 99.9=3827, 99.99=9495] [UPDATE: Count=15022, Max=39743, Min=101, Avg=318.74, 90=465, 99=963, 99.9=3873, 99.99=5843] 
2025-02-01 18:14:57:978 20 sec: 67350 operations; 3712.2 current ops/sec; est completion in 1 day 11 hours [READ: Count=18468, Max=4799, Min=103, Avg=266.67, 90=401, 99=608, 99.9=1537, 99.99=3931] [UPDATE: Count=18645, Max=4763, Min=95, Avg=264.95, 90=402, 99=614, 99.9=1265, 99.99=3983] 
2025-02-01 18:15:07:977 30 sec: 106848 operations; 3949.8 current ops/sec; est completion in 1 day 9 hours [READ: Count=19732, Max=3685, Min=90, Avg=252.34, 90=383, 99=606, 99.9=962, 99.99=2465] [UPDATE: Count=19770, Max=4009, Min=96, Avg=249.17, 90=381, 99=606, 99.9=935, 99.99=2499] 
2025-02-01 18:15:17:977 40 sec: 145254 operations; 3840.6 current ops/sec; est completion in 1 day 8 hours [READ: Count=19160, Max=4215, Min=101, Avg=260.25, 90=382, 99=565, 99.9=1013, 99.99=4053] [UPDATE: Count=19241, Max=3573, Min=97, Avg=256.13, 90=381, 99=551, 99.9=805, 99.99=1854] 
2025-02-01 18:15:27:977 50 sec: 178622 operations; 3336.8 current ops/sec; est completion in 1 day 9 hours [READ: Count=16780, Max=6287, Min=97, Avg=298.38, 90=448, 99=701, 99.9=1153, 99.99=3969] [UPDATE: Count=16600, Max=4443, Min=106, Avg=296.33, 90=448, 99=702, 99.9=1141, 99.99=3613] 
2025-02-01 18:15:37:977 60 sec: 219105 operations; 4048.3 current ops/sec; est completion in 1 day 8 hours [READ: Count=20351, Max=3185, Min=92, Avg=246.62, 90=382, 99=565, 99.9=869, 99.99=2647] [UPDATE: Count=20126, Max=3391, Min=95, Avg=243.25, 90=378, 99=567, 99.9=837, 99.99=1587] 
Maximum time elapsed. Requesting stop for the workload.
Stop requested for workload. Now Joining!
2025-02-01 18:15:38:980 61 sec: 224440 operations; 5324.35 current ops/sec; est completion in 1 day 8 hours [READ: Count=2663, Max=3611, Min=96, Avg=187.21, 90=284, 99=401, 99.9=778, 99.99=3611] [CLEANUP: Count=1, Max=1198, Min=1198, Avg=1198, 90=1198, 99=1198, 99.9=1198, 99.99=1198] [UPDATE: Count=2666, Max=1139, Min=98, Avg=184.29, 90=285, 99=414, 99.9=500, 99.99=1139] 
[OVERALL], RunTime(ms), 61003
[OVERALL], Throughput(ops/sec), 3679.1633198367294
[TOTAL_GCS_G1_Young_Generation], Count, 11
[TOTAL_GC_TIME_G1_Young_Generation], Time(ms), 73
[TOTAL_GC_TIME_%_G1_Young_Generation], Time(%), 0.1196662459223317
[TOTAL_GCS_G1_Concurrent_GC], Count, 0
[TOTAL_GC_TIME_G1_Concurrent_GC], Time(ms), 0
[TOTAL_GC_TIME_%_G1_Concurrent_GC], Time(%), 0.0
[TOTAL_GCS_G1_Old_Generation], Count, 0
[TOTAL_GC_TIME_G1_Old_Generation], Time(ms), 0
[TOTAL_GC_TIME_%_G1_Old_Generation], Time(%), 0.0
[TOTAL_GCs], Count, 11
[TOTAL_GC_TIME], Time(ms), 73
[TOTAL_GC_TIME_%], Time(%), 0.1196662459223317
[READ], Operations, 112370
[READ], AverageLatency(us), 269.52910919284506
[READ], MinLatency(us), 90
[READ], MaxLatency(us), 35327
[READ], 95thPercentileLatency(us), 469
[READ], 99thPercentileLatency(us), 651
[READ], Return=OK, 112370
[CLEANUP], Operations, 1
[CLEANUP], AverageLatency(us), 1198.0
[CLEANUP], MinLatency(us), 1198
[CLEANUP], MaxLatency(us), 1198
[CLEANUP], 95thPercentileLatency(us), 1198
[CLEANUP], 99thPercentileLatency(us), 1198
[UPDATE], Operations, 112070
[UPDATE], AverageLatency(us), 266.6965735700901
[UPDATE], MinLatency(us), 95
[UPDATE], MaxLatency(us), 39743
[UPDATE], 95thPercentileLatency(us), 468
[UPDATE], 99thPercentileLatency(us), 645
[UPDATE], Return=OK, 112070
AUTOTEST_DONE
