/nix/store/2vwkssqpzykk37r996cafq7x63imf4sp-openjdk-21+35/bin/java  -classpath /nix/store/zw02np72fzsmga6s5mphhw7x8qlzf4sv-ycsb-0.17.0/share/conf:/nix/store/zw02np72fzsmga6s5mphhw7x8qlzf4sv-ycsb-0.17.0/share/lib/core-0.17.0.jar:/nix/store/zw02np72fzsmga6s5mphhw7x8qlzf4sv-ycsb-0.17.0/share/lib/HdrHistogram-2.1.4.jar:/nix/store/zw02np72fzsmga6s5mphhw7x8qlzf4sv-ycsb-0.17.0/share/lib/htrace-core4-4.1.0-incubating.jar:/nix/store/zw02np72fzsmga6s5mphhw7x8qlzf4sv-ycsb-0.17.0/share/lib/jackson-core-asl-1.9.4.jar:/nix/store/zw02np72fzsmga6s5mphhw7x8qlzf4sv-ycsb-0.17.0/share/lib/jackson-mapper-asl-1.9.4.jar:/nix/store/zw02np72fzsmga6s5mphhw7x8qlzf4sv-ycsb-0.17.0/share/redis-binding/lib/commons-pool2-2.4.2.jar:/nix/store/zw02np72fzsmga6s5mphhw7x8qlzf4sv-ycsb-0.17.0/share/redis-binding/lib/jedis-2.9.0.jar:/nix/store/zw02np72fzsmga6s5mphhw7x8qlzf4sv-ycsb-0.17.0/share/redis-binding/lib/redis-binding-0.17.0.jar site.ycsb.Client -t -db site.ycsb.db.RedisClient -s -P /home/host/vmuxIO/test/moonprogs//../../ycsb/share/workloads/workloada -p redis.host=10.1.0.2 -p redis.port=6382 -p operationcount=429496729 -p maxexecutiontime=61 -threads 1
Command line: -t -db site.ycsb.db.RedisClient -s -P /home/host/vmuxIO/test/moonprogs//../../ycsb/share/workloads/workloada -p redis.host=10.1.0.2 -p redis.port=6382 -p operationcount=429496729 -p maxexecutiontime=61 -threads 1
YCSB Client 0.17.0

Loading workload...
Starting test.
Maximum execution time specified as: 61 secs
DBWrapper: report latency for each error is false and specific error codes to track for latency are: []
2025-02-05 02:14:35:786 0 sec: 0 operations; est completion in 0 second 
2025-02-05 02:14:45:626 10 sec: 38300 operations; 3829.62 current ops/sec; est completion in 1 day 7 hours [READ: Count=19104, Max=49919, Min=106, Avg=252.28, 90=329, 99=733, 99.9=3839, 99.99=6291] [UPDATE: Count=19224, Max=21615, Min=102, Avg=249.79, 90=329, 99=758, 99.9=3731, 99.99=4835] 
2025-02-05 02:14:55:626 20 sec: 84171 operations; 4587.1 current ops/sec; est completion in 1 day 4 hours [READ: Count=22886, Max=4151, Min=100, Avg=215.88, 90=307, 99=462, 99.9=913, 99.99=2987] [UPDATE: Count=22957, Max=4047, Min=100, Avg=212.23, 90=307, 99=447, 99.9=699, 99.99=2403] 
2025-02-05 02:15:05:626 30 sec: 130963 operations; 4679.2 current ops/sec; est completion in 1 day 3 hours [READ: Count=23460, Max=3987, Min=103, Avg=212.86, 90=305, 99=439, 99.9=682, 99.99=3349] [UPDATE: Count=23332, Max=8615, Min=98, Avg=210.21, 90=303, 99=430, 99.9=667, 99.99=4087] 
2025-02-05 02:15:15:626 40 sec: 178930 operations; 4796.7 current ops/sec; est completion in 1 day 2 hours [READ: Count=23936, Max=5347, Min=101, Avg=208.74, 90=299, 99=415, 99.9=603, 99.99=1097] [UPDATE: Count=24031, Max=840, Min=99, Avg=204.3, 90=298, 99=406, 99.9=577, 99.99=793] 
2025-02-05 02:15:25:626 50 sec: 223326 operations; 4439.6 current ops/sec; est completion in 1 day 2 hours [READ: Count=22125, Max=1075, Min=104, Avg=225, 90=324, 99=492, 99.9=716, 99.99=862] [UPDATE: Count=22271, Max=7459, Min=102, Avg=220.82, 90=319, 99=487, 99.9=693, 99.99=920] 
2025-02-05 02:15:35:626 60 sec: 270478 operations; 4715.2 current ops/sec; est completion in 1 day 2 hours [READ: Count=23654, Max=4073, Min=100, Avg=212.37, 90=301, 99=403, 99.9=603, 99.99=2995] [UPDATE: Count=23498, Max=774, Min=98, Avg=207.85, 90=299, 99=405, 99.9=591, 99.99=695] 
Maximum time elapsed. Requesting stop for the workload.
Stop requested for workload. Now Joining!
2025-02-05 02:15:36:630 61 sec: 275948 operations; 5448.21 current ops/sec; est completion in 1 day 2 hours [READ: Count=2774, Max=4031, Min=107, Avg=183.19, 90=276, 99=308, 99.9=439, 99.99=4031] [CLEANUP: Count=1, Max=1050, Min=1050, Avg=1050, 90=1050, 99=1050, 99.9=1050, 99.99=1050] [UPDATE: Count=2696, Max=1389, Min=106, Avg=178.55, 90=273, 99=305, 99.9=447, 99.99=1389] 
[OVERALL], RunTime(ms), 61009
[OVERALL], Throughput(ops/sec), 4523.070366667213
[TOTAL_GCS_Copy], Count, 25
[TOTAL_GC_TIME_Copy], Time(ms), 21
[TOTAL_GC_TIME_%_Copy], Time(%), 0.0344211509777246
[TOTAL_GCS_MarkSweepCompact], Count, 0
[TOTAL_GC_TIME_MarkSweepCompact], Time(ms), 0
[TOTAL_GC_TIME_%_MarkSweepCompact], Time(%), 0.0
[TOTAL_GCs], Count, 25
[TOTAL_GC_TIME], Time(ms), 21
[TOTAL_GC_TIME_%], Time(%), 0.0344211509777246
[READ], Operations, 137939
[READ], AverageLatency(us), 219.3713163064833
[READ], MinLatency(us), 100
[READ], MaxLatency(us), 49919
[READ], 95thPercentileLatency(us), 342
[READ], 99thPercentileLatency(us), 468
[READ], Return=OK, 137939
[CLEANUP], Operations, 1
[CLEANUP], AverageLatency(us), 1050.0
[CLEANUP], MinLatency(us), 1050
[CLEANUP], MaxLatency(us), 1050
[CLEANUP], 95thPercentileLatency(us), 1050
[CLEANUP], 99thPercentileLatency(us), 1050
[UPDATE], Operations, 138009
[UPDATE], AverageLatency(us), 215.72068488286996
[UPDATE], MinLatency(us), 98
[UPDATE], MaxLatency(us), 21615
[UPDATE], 95thPercentileLatency(us), 341
[UPDATE], 99thPercentileLatency(us), 463
[UPDATE], Return=OK, 138009
AUTOTEST_DONE
