/nix/store/2vwkssqpzykk37r996cafq7x63imf4sp-openjdk-21+35/bin/java  -classpath /nix/store/zw02np72fzsmga6s5mphhw7x8qlzf4sv-ycsb-0.17.0/share/conf:/nix/store/zw02np72fzsmga6s5mphhw7x8qlzf4sv-ycsb-0.17.0/share/lib/core-0.17.0.jar:/nix/store/zw02np72fzsmga6s5mphhw7x8qlzf4sv-ycsb-0.17.0/share/lib/HdrHistogram-2.1.4.jar:/nix/store/zw02np72fzsmga6s5mphhw7x8qlzf4sv-ycsb-0.17.0/share/lib/htrace-core4-4.1.0-incubating.jar:/nix/store/zw02np72fzsmga6s5mphhw7x8qlzf4sv-ycsb-0.17.0/share/lib/jackson-core-asl-1.9.4.jar:/nix/store/zw02np72fzsmga6s5mphhw7x8qlzf4sv-ycsb-0.17.0/share/lib/jackson-mapper-asl-1.9.4.jar:/nix/store/zw02np72fzsmga6s5mphhw7x8qlzf4sv-ycsb-0.17.0/share/redis-binding/lib/commons-pool2-2.4.2.jar:/nix/store/zw02np72fzsmga6s5mphhw7x8qlzf4sv-ycsb-0.17.0/share/redis-binding/lib/jedis-2.9.0.jar:/nix/store/zw02np72fzsmga6s5mphhw7x8qlzf4sv-ycsb-0.17.0/share/redis-binding/lib/redis-binding-0.17.0.jar site.ycsb.Client -t -db site.ycsb.db.RedisClient -s -P /home/host/vmuxIO/test/moonprogs//../../ycsb/share/workloads/workloada -p redis.host=10.1.0.2 -p redis.port=6383 -p operationcount=429496729 -p maxexecutiontime=61 -threads 1
Command line: -t -db site.ycsb.db.RedisClient -s -P /home/host/vmuxIO/test/moonprogs//../../ycsb/share/workloads/workloada -p redis.host=10.1.0.2 -p redis.port=6383 -p operationcount=429496729 -p maxexecutiontime=61 -threads 1
YCSB Client 0.17.0

Loading workload...
Starting test.
Maximum execution time specified as: 61 secs
DBWrapper: report latency for each error is false and specific error codes to track for latency are: []
2025-02-05 02:14:36:894 0 sec: 0 operations; est completion in 0 second 
2025-02-05 02:14:46:742 10 sec: 38500 operations; 3850 current ops/sec; est completion in 1 day 6 hours [READ: Count=19134, Max=21599, Min=105, Avg=247.33, 90=313, 99=776, 99.9=3709, 99.99=7099] [UPDATE: Count=19385, Max=26655, Min=100, Avg=251.52, 90=312, 99=979, 99.9=3871, 99.99=5359] 
2025-02-05 02:14:56:742 20 sec: 81712 operations; 4321.2 current ops/sec; est completion in 1 day 5 hours [READ: Count=21610, Max=10319, Min=99, Avg=229.69, 90=321, 99=488, 99.9=717, 99.99=2173] [UPDATE: Count=21583, Max=3701, Min=102, Avg=225.74, 90=320, 99=495, 99.9=704, 99.99=2435] 
2025-02-05 02:15:06:742 30 sec: 127254 operations; 4554.2 current ops/sec; est completion in 1 day 4 hours [READ: Count=22660, Max=3971, Min=108, Avg=219.65, 90=306, 99=429, 99.9=654, 99.99=1353] [UPDATE: Count=22882, Max=9911, Min=102, Avg=215.32, 90=305, 99=422, 99.9=627, 99.99=3711] 
2025-02-05 02:15:16:742 40 sec: 172816 operations; 4556.2 current ops/sec; est completion in 1 day 3 hours [READ: Count=22743, Max=4023, Min=101, Avg=220.12, 90=307, 99=418, 99.9=579, 99.99=843] [UPDATE: Count=22819, Max=5523, Min=96, Avg=214.96, 90=304, 99=405, 99.9=573, 99.99=787] 
2025-02-05 02:15:26:742 50 sec: 215741 operations; 4292.5 current ops/sec; est completion in 1 day 3 hours [READ: Count=21510, Max=1159, Min=108, Avg=233.02, 90=327, 99=512, 99.9=697, 99.99=980] [UPDATE: Count=21415, Max=3809, Min=100, Avg=228.39, 90=327, 99=506, 99.9=687, 99.99=886] 
2025-02-05 02:15:36:742 60 sec: 262848 operations; 4710.7 current ops/sec; est completion in 1 day 3 hours [READ: Count=23744, Max=3151, Min=107, Avg=213.17, 90=299, 99=401, 99.9=602, 99.99=922] [UPDATE: Count=23363, Max=1919, Min=102, Avg=207.61, 90=296, 99=394, 99.9=586, 99.99=807] 
Maximum time elapsed. Requesting stop for the workload.
Stop requested for workload. Now Joining!
2025-02-05 02:15:37:750 61 sec: 268917 operations; 6026.81 current ops/sec; est completion in 1 day 3 hours [READ: Count=3106, Max=3275, Min=115, Avg=166.07, 90=259, 99=283, 99.9=324, 99.99=3275] [CLEANUP: Count=1, Max=993, Min=993, Avg=993, 90=993, 99=993, 99.9=993, 99.99=993] [UPDATE: Count=2963, Max=7327, Min=109, Avg=161.72, 90=252, 99=278, 99.9=351, 99.99=7327] 
[OVERALL], RunTime(ms), 61012
[OVERALL], Throughput(ops/sec), 4407.60833934308
[TOTAL_GCS_Copy], Count, 25
[TOTAL_GC_TIME_Copy], Time(ms), 20
[TOTAL_GC_TIME_%_Copy], Time(%), 0.03278043663541599
[TOTAL_GCS_MarkSweepCompact], Count, 0
[TOTAL_GC_TIME_MarkSweepCompact], Time(ms), 0
[TOTAL_GC_TIME_%_MarkSweepCompact], Time(%), 0.0
[TOTAL_GCs], Count, 25
[TOTAL_GC_TIME], Time(ms), 20
[TOTAL_GC_TIME_%], Time(%), 0.03278043663541599
[READ], Operations, 134507
[READ], AverageLatency(us), 225.0381095407674
[READ], MinLatency(us), 99
[READ], MaxLatency(us), 21599
[READ], 95thPercentileLatency(us), 343
[READ], 99thPercentileLatency(us), 473
[READ], Return=OK, 134507
[CLEANUP], Operations, 1
[CLEANUP], AverageLatency(us), 993.0
[CLEANUP], MinLatency(us), 993
[CLEANUP], MaxLatency(us), 993
[CLEANUP], 95thPercentileLatency(us), 993
[CLEANUP], 99thPercentileLatency(us), 993
[UPDATE], Operations, 134410
[UPDATE], AverageLatency(us), 221.71324306227214
[UPDATE], MinLatency(us), 96
[UPDATE], MaxLatency(us), 26655
[UPDATE], 95thPercentileLatency(us), 341
[UPDATE], 99thPercentileLatency(us), 475
[UPDATE], Return=OK, 134410
AUTOTEST_DONE
