/nix/store/2vwkssqpzykk37r996cafq7x63imf4sp-openjdk-21+35/bin/java  -classpath /nix/store/zw02np72fzsmga6s5mphhw7x8qlzf4sv-ycsb-0.17.0/share/conf:/nix/store/zw02np72fzsmga6s5mphhw7x8qlzf4sv-ycsb-0.17.0/share/lib/core-0.17.0.jar:/nix/store/zw02np72fzsmga6s5mphhw7x8qlzf4sv-ycsb-0.17.0/share/lib/HdrHistogram-2.1.4.jar:/nix/store/zw02np72fzsmga6s5mphhw7x8qlzf4sv-ycsb-0.17.0/share/lib/htrace-core4-4.1.0-incubating.jar:/nix/store/zw02np72fzsmga6s5mphhw7x8qlzf4sv-ycsb-0.17.0/share/lib/jackson-core-asl-1.9.4.jar:/nix/store/zw02np72fzsmga6s5mphhw7x8qlzf4sv-ycsb-0.17.0/share/lib/jackson-mapper-asl-1.9.4.jar:/nix/store/zw02np72fzsmga6s5mphhw7x8qlzf4sv-ycsb-0.17.0/share/redis-binding/lib/commons-pool2-2.4.2.jar:/nix/store/zw02np72fzsmga6s5mphhw7x8qlzf4sv-ycsb-0.17.0/share/redis-binding/lib/jedis-2.9.0.jar:/nix/store/zw02np72fzsmga6s5mphhw7x8qlzf4sv-ycsb-0.17.0/share/redis-binding/lib/redis-binding-0.17.0.jar site.ycsb.Client -t -db site.ycsb.db.RedisClient -s -P /home/host/vmuxIO/test/moonprogs//../../ycsb/share/workloads/workloada -p redis.host=10.1.0.2 -p redis.port=6387 -p operationcount=429496729 -p maxexecutiontime=61 -threads 1
Command line: -t -db site.ycsb.db.RedisClient -s -P /home/host/vmuxIO/test/moonprogs//../../ycsb/share/workloads/workloada -p redis.host=10.1.0.2 -p redis.port=6387 -p operationcount=429496729 -p maxexecutiontime=61 -threads 1
YCSB Client 0.17.0

Loading workload...
Starting test.
Maximum execution time specified as: 61 secs
DBWrapper: report latency for each error is false and specific error codes to track for latency are: []
2025-02-10 02:34:03:874 0 sec: 0 operations; est completion in 0 second 
2025-02-10 02:34:13:699 10 sec: 32819 operations; 3281.57 current ops/sec; est completion in 1 day 12 hours [READ: Count=16459, Max=28815, Min=113, Avg=291.7, 90=362, 99=1528, 99.9=4053, 99.99=4755] [UPDATE: Count=16368, Max=27519, Min=110, Avg=291.55, 90=362, 99=1755, 99.9=4093, 99.99=7155] 
2025-02-10 02:34:23:699 20 sec: 75308 operations; 4248.9 current ops/sec; est completion in 1 day 7 hours [READ: Count=21197, Max=8815, Min=106, Avg=233.91, 90=322, 99=499, 99.9=851, 99.99=3685] [UPDATE: Count=21284, Max=3659, Min=97, Avg=229.7, 90=322, 99=485, 99.9=743, 99.99=3023] 
2025-02-10 02:34:33:699 30 sec: 118265 operations; 4295.7 current ops/sec; est completion in 1 day 6 hours [READ: Count=21404, Max=7635, Min=104, Avg=232.72, 90=323, 99=494, 99.9=810, 99.99=2781] [UPDATE: Count=21553, Max=3427, Min=94, Avg=228.17, 90=320, 99=478, 99.9=786, 99.99=1174] 
2025-02-10 02:34:43:699 40 sec: 158589 operations; 4032.4 current ops/sec; est completion in 1 day 6 hours [READ: Count=20116, Max=8207, Min=106, Avg=246.85, 90=339, 99=524, 99.9=817, 99.99=1617] [UPDATE: Count=20208, Max=1894, Min=106, Avg=244.22, 90=338, 99=526, 99.9=788, 99.99=1282] 
2025-02-10 02:34:53:699 50 sec: 202791 operations; 4420.2 current ops/sec; est completion in 1 day 5 hours [READ: Count=22073, Max=3995, Min=96, Avg=225.61, 90=316, 99=468, 99.9=703, 99.99=1099] [UPDATE: Count=22129, Max=4005, Min=100, Avg=222.74, 90=315, 99=465, 99.9=651, 99.99=956] 
2025-02-10 02:35:03:699 60 sec: 245024 operations; 4223.3 current ops/sec; est completion in 1 day 5 hours [READ: Count=21437, Max=6479, Min=106, Avg=236.75, 90=327, 99=480, 99.9=731, 99.99=3861] [UPDATE: Count=20796, Max=1418, Min=104, Avg=232.38, 90=326, 99=471, 99.9=700, 99.99=1128] 
Maximum time elapsed. Requesting stop for the workload.
Stop requested for workload. Now Joining!
2025-02-10 02:35:04:707 61 sec: 249818 operations; 4755.95 current ops/sec; est completion in 1 day 5 hours [READ: Count=2448, Max=776, Min=112, Avg=207.93, 90=297, 99=466, 99.9=669, 99.99=776] [CLEANUP: Count=1, Max=1300, Min=1300, Avg=1300, 90=1300, 99=1300, 99.9=1300, 99.99=1300] [UPDATE: Count=2346, Max=3665, Min=95, Avg=207.81, 90=298, 99=488, 99.9=787, 99.99=3665] 
[OVERALL], RunTime(ms), 61018
[OVERALL], Throughput(ops/sec), 4094.168933757252
[TOTAL_GCS_Copy], Count, 23
[TOTAL_GC_TIME_Copy], Time(ms), 27
[TOTAL_GC_TIME_%_Copy], Time(%), 0.044249237929791206
[TOTAL_GCS_MarkSweepCompact], Count, 0
[TOTAL_GC_TIME_MarkSweepCompact], Time(ms), 0
[TOTAL_GC_TIME_%_MarkSweepCompact], Time(%), 0.0
[TOTAL_GCs], Count, 23
[TOTAL_GC_TIME], Time(ms), 27
[TOTAL_GC_TIME_%], Time(%), 0.044249237929791206
[READ], Operations, 125134
[READ], AverageLatency(us), 241.89991529080825
[READ], MinLatency(us), 96
[READ], MaxLatency(us), 28815
[READ], 95thPercentileLatency(us), 371
[READ], 99thPercentileLatency(us), 528
[READ], Return=OK, 125134
[CLEANUP], Operations, 1
[CLEANUP], AverageLatency(us), 1300.0
[CLEANUP], MinLatency(us), 1300
[CLEANUP], MaxLatency(us), 1300
[CLEANUP], 95thPercentileLatency(us), 1300
[CLEANUP], 99thPercentileLatency(us), 1300
[UPDATE], Operations, 124684
[UPDATE], AverageLatency(us), 238.70790959545732
[UPDATE], MinLatency(us), 94
[UPDATE], MaxLatency(us), 27519
[UPDATE], 95thPercentileLatency(us), 369
[UPDATE], 99thPercentileLatency(us), 526
[UPDATE], Return=OK, 124684
AUTOTEST_DONE
