/nix/store/2vwkssqpzykk37r996cafq7x63imf4sp-openjdk-21+35/bin/java  -classpath /nix/store/zw02np72fzsmga6s5mphhw7x8qlzf4sv-ycsb-0.17.0/share/conf:/nix/store/zw02np72fzsmga6s5mphhw7x8qlzf4sv-ycsb-0.17.0/share/lib/core-0.17.0.jar:/nix/store/zw02np72fzsmga6s5mphhw7x8qlzf4sv-ycsb-0.17.0/share/lib/HdrHistogram-2.1.4.jar:/nix/store/zw02np72fzsmga6s5mphhw7x8qlzf4sv-ycsb-0.17.0/share/lib/htrace-core4-4.1.0-incubating.jar:/nix/store/zw02np72fzsmga6s5mphhw7x8qlzf4sv-ycsb-0.17.0/share/lib/jackson-core-asl-1.9.4.jar:/nix/store/zw02np72fzsmga6s5mphhw7x8qlzf4sv-ycsb-0.17.0/share/lib/jackson-mapper-asl-1.9.4.jar:/nix/store/zw02np72fzsmga6s5mphhw7x8qlzf4sv-ycsb-0.17.0/share/redis-binding/lib/commons-pool2-2.4.2.jar:/nix/store/zw02np72fzsmga6s5mphhw7x8qlzf4sv-ycsb-0.17.0/share/redis-binding/lib/jedis-2.9.0.jar:/nix/store/zw02np72fzsmga6s5mphhw7x8qlzf4sv-ycsb-0.17.0/share/redis-binding/lib/redis-binding-0.17.0.jar site.ycsb.Client -t -db site.ycsb.db.RedisClient -s -P /home/host/vmuxIO/test/moonprogs//../../ycsb/share/workloads/workloada -p redis.host=10.1.0.2 -p redis.port=6380 -p operationcount=429496729 -p maxexecutiontime=61 -threads 1
Command line: -t -db site.ycsb.db.RedisClient -s -P /home/host/vmuxIO/test/moonprogs//../../ycsb/share/workloads/workloada -p redis.host=10.1.0.2 -p redis.port=6380 -p operationcount=429496729 -p maxexecutiontime=61 -threads 1
YCSB Client 0.17.0

Loading workload...
Starting test.
Maximum execution time specified as: 61 secs
DBWrapper: report latency for each error is false and specific error codes to track for latency are: []
2025-04-01 23:27:35:715 0 sec: 0 operations; est completion in 0 second 
2025-04-01 23:27:45:560 10 sec: 80162 operations; 8016.2 current ops/sec; est completion in 14 hours 52 minutes [READ: Count=40148, Max=48959, Min=89, Avg=120.85, 90=131, 99=177, 99.9=507, 99.99=3325] [UPDATE: Count=40021, Max=13559, Min=89, Avg=118.85, 90=129, 99=190, 99.9=1058, 99.99=3077] 
2025-04-01 23:27:55:560 20 sec: 167368 operations; 8720.6 current ops/sec; est completion in 14 hours 15 minutes [READ: Count=43400, Max=9727, Min=83, Avg=114.42, 90=126, 99=151, 99.9=250, 99.99=831] [UPDATE: Count=43799, Max=4061, Min=82, Avg=111.53, 90=124, 99=152, 99.9=245, 99.99=530] 
2025-04-01 23:28:05:560 30 sec: 254661 operations; 8729.3 current ops/sec; est completion in 14 hours 2 minutes [READ: Count=43434, Max=2977, Min=86, Avg=114.5, 90=126, 99=155, 99.9=253, 99.99=573] [UPDATE: Count=43859, Max=7475, Min=86, Avg=111.86, 90=124, 99=151, 99.9=250, 99.99=671] 
2025-04-01 23:28:15:560 40 sec: 342209 operations; 8754.8 current ops/sec; est completion in 13 hours 56 minutes [READ: Count=43657, Max=844, Min=88, Avg=114.19, 90=126, 99=147, 99.9=196, 99.99=379] [UPDATE: Count=43891, Max=6119, Min=83, Avg=111.5, 90=123, 99=143, 99.9=223, 99.99=315] 
2025-04-01 23:28:25:560 50 sec: 429181 operations; 8697.2 current ops/sec; est completion in 13 hours 53 minutes [READ: Count=43618, Max=7527, Min=85, Avg=115.07, 90=127, 99=153, 99.9=242, 99.99=403] [UPDATE: Count=43354, Max=396, Min=79, Avg=112.09, 90=124, 99=149, 99.9=237, 99.99=336] 
2025-04-01 23:28:35:560 60 sec: 516951 operations; 8777 current ops/sec; est completion in 13 hours 49 minutes [READ: Count=43818, Max=1075, Min=89, Avg=113.81, 90=125, 99=147, 99.9=233, 99.99=387] [UPDATE: Count=43952, Max=2935, Min=87, Avg=111.3, 90=123, 99=145, 99.9=239, 99.99=419] 
Maximum time elapsed. Requesting stop for the workload.
Stop requested for workload. Now Joining!
2025-04-01 23:28:36:574 61 sec: 525677 operations; 8605.52 current ops/sec; est completion in 13 hours 49 minutes [READ: Count=4299, Max=267, Min=95, Avg=115.6, 90=128, 99=145, 99.9=175, 99.99=267] [CLEANUP: Count=1, Max=1006, Min=1006, Avg=1006, 90=1006, 99=1006, 99.9=1006, 99.99=1006] [UPDATE: Count=4427, Max=3063, Min=87, Avg=113.57, 90=125, 99=144, 99.9=179, 99.99=3063] 
[OVERALL], RunTime(ms), 61017
[OVERALL], Throughput(ops/sec), 8615.254765065474
[TOTAL_GCS_Copy], Count, 48
[TOTAL_GC_TIME_Copy], Time(ms), 25
[TOTAL_GC_TIME_%_Copy], Time(%), 0.04097218807873215
[TOTAL_GCS_MarkSweepCompact], Count, 0
[TOTAL_GC_TIME_MarkSweepCompact], Time(ms), 0
[TOTAL_GC_TIME_%_MarkSweepCompact], Time(%), 0.0
[TOTAL_GCs], Count, 48
[TOTAL_GC_TIME], Time(ms), 25
[TOTAL_GC_TIME_%], Time(%), 0.04097218807873215
[READ], Operations, 262374
[READ], AverageLatency(us), 115.40379763238735
[READ], MinLatency(us), 83
[READ], MaxLatency(us), 48959
[READ], 95thPercentileLatency(us), 133
[READ], 99thPercentileLatency(us), 156
[READ], Return=OK, 262374
[CLEANUP], Operations, 1
[CLEANUP], AverageLatency(us), 1006.0
[CLEANUP], MinLatency(us), 1006
[CLEANUP], MaxLatency(us), 1006
[CLEANUP], 95thPercentileLatency(us), 1006
[CLEANUP], 99thPercentileLatency(us), 1006
[UPDATE], Operations, 263303
[UPDATE], AverageLatency(us), 112.78021898725044
[UPDATE], MinLatency(us), 79
[UPDATE], MaxLatency(us), 13559
[UPDATE], 95thPercentileLatency(us), 130
[UPDATE], 99thPercentileLatency(us), 157
[UPDATE], Return=OK, 263303
AUTOTEST_DONE
