/nix/store/2vwkssqpzykk37r996cafq7x63imf4sp-openjdk-21+35/bin/java  -classpath /nix/store/zw02np72fzsmga6s5mphhw7x8qlzf4sv-ycsb-0.17.0/share/conf:/nix/store/zw02np72fzsmga6s5mphhw7x8qlzf4sv-ycsb-0.17.0/share/lib/core-0.17.0.jar:/nix/store/zw02np72fzsmga6s5mphhw7x8qlzf4sv-ycsb-0.17.0/share/lib/HdrHistogram-2.1.4.jar:/nix/store/zw02np72fzsmga6s5mphhw7x8qlzf4sv-ycsb-0.17.0/share/lib/htrace-core4-4.1.0-incubating.jar:/nix/store/zw02np72fzsmga6s5mphhw7x8qlzf4sv-ycsb-0.17.0/share/lib/jackson-core-asl-1.9.4.jar:/nix/store/zw02np72fzsmga6s5mphhw7x8qlzf4sv-ycsb-0.17.0/share/lib/jackson-mapper-asl-1.9.4.jar:/nix/store/zw02np72fzsmga6s5mphhw7x8qlzf4sv-ycsb-0.17.0/share/redis-binding/lib/commons-pool2-2.4.2.jar:/nix/store/zw02np72fzsmga6s5mphhw7x8qlzf4sv-ycsb-0.17.0/share/redis-binding/lib/jedis-2.9.0.jar:/nix/store/zw02np72fzsmga6s5mphhw7x8qlzf4sv-ycsb-0.17.0/share/redis-binding/lib/redis-binding-0.17.0.jar site.ycsb.Client -t -db site.ycsb.db.RedisClient -s -P /home/host/vmuxIO/test/moonprogs//../../ycsb/share/workloads/workloada -p redis.host=10.1.0.2 -p redis.port=6386 -p operationcount=429496729 -p maxexecutiontime=61 -threads 1
Command line: -t -db site.ycsb.db.RedisClient -s -P /home/host/vmuxIO/test/moonprogs//../../ycsb/share/workloads/workloada -p redis.host=10.1.0.2 -p redis.port=6386 -p operationcount=429496729 -p maxexecutiontime=61 -threads 1
YCSB Client 0.17.0

Loading workload...
Starting test.
Maximum execution time specified as: 61 secs
DBWrapper: report latency for each error is false and specific error codes to track for latency are: []
2025-04-01 23:04:26:100 0 sec: 0 operations; est completion in 0 second 
2025-04-01 23:04:35:942 10 sec: 90919 operations; 9091.9 current ops/sec; est completion in 13 hours 7 minutes [READ: Count=45372, Max=42143, Min=81, Avg=105.83, 90=118, 99=177, 99.9=541, 99.99=5111] [UPDATE: Count=45550, Max=6067, Min=78, Avg=104.12, 90=118, 99=185, 99.9=762, 99.99=3363] 
2025-04-01 23:04:45:942 20 sec: 190786 operations; 9985.7 current ops/sec; est completion in 12 hours 30 minutes [READ: Count=49733, Max=11119, Min=79, Avg=99.51, 90=110, 99=153, 99.9=215, 99.99=1326] [UPDATE: Count=50131, Max=3577, Min=79, Avg=97.43, 90=108, 99=151, 99.9=212, 99.99=1988] 
2025-04-01 23:04:55:942 30 sec: 289201 operations; 9842.48 current ops/sec; est completion in 12 hours 22 minutes [READ: Count=49116, Max=7915, Min=79, Avg=100.98, 90=112, 99=171, 99.9=267, 99.99=679] [UPDATE: Count=49299, Max=2273, Min=77, Avg=98.98, 90=111, 99=176, 99.9=290, 99.99=629] 
2025-04-01 23:05:05:942 40 sec: 389795 operations; 10059.4 current ops/sec; est completion in 12 hours 13 minutes [READ: Count=50124, Max=3995, Min=80, Avg=98.63, 90=109, 99=144, 99.9=219, 99.99=3873] [UPDATE: Count=50470, Max=7879, Min=78, Avg=97.07, 90=106, 99=139, 99.9=212, 99.99=3879] 
2025-04-01 23:05:15:942 50 sec: 490458 operations; 10066.3 current ops/sec; est completion in 12 hours 8 minutes [READ: Count=50145, Max=1981, Min=80, Avg=98.59, 90=110, 99=149, 99.9=214, 99.99=327] [UPDATE: Count=50518, Max=3777, Min=75, Avg=97, 90=108, 99=148, 99.9=215, 99.99=1972] 
2025-04-01 23:05:25:942 60 sec: 590420 operations; 9996.2 current ops/sec; est completion in 12 hours 6 minutes [READ: Count=49944, Max=3723, Min=79, Avg=99.38, 90=112, 99=168, 99.9=272, 99.99=2046] [UPDATE: Count=50018, Max=2621, Min=77, Avg=97.42, 90=110, 99=167, 99.9=273, 99.99=531] 
Maximum time elapsed. Requesting stop for the workload.
Stop requested for workload. Now Joining!
2025-04-01 23:05:26:953 61 sec: 600289 operations; 9751.98 current ops/sec; est completion in 12 hours 6 minutes [READ: Count=4852, Max=3883, Min=80, Avg=101.96, 90=111, 99=186, 99.9=336, 99.99=3883] [CLEANUP: Count=1, Max=1086, Min=1086, Avg=1086, 90=1086, 99=1086, 99.9=1086, 99.99=1086] [UPDATE: Count=5017, Max=1988, Min=79, Avg=99.5, 90=111, 99=190, 99.9=318, 99.99=956] 
[OVERALL], RunTime(ms), 61016
[OVERALL], Throughput(ops/sec), 9838.222761242952
[TOTAL_GCS_Copy], Count, 56
[TOTAL_GC_TIME_Copy], Time(ms), 21
[TOTAL_GC_TIME_%_Copy], Time(%), 0.03441720204536515
[TOTAL_GCS_MarkSweepCompact], Count, 0
[TOTAL_GC_TIME_MarkSweepCompact], Time(ms), 0
[TOTAL_GC_TIME_%_MarkSweepCompact], Time(%), 0.0
[TOTAL_GCs], Count, 56
[TOTAL_GC_TIME], Time(ms), 21
[TOTAL_GC_TIME_%], Time(%), 0.03441720204536515
[READ], Operations, 299286
[READ], AverageLatency(us), 100.42463396216328
[READ], MinLatency(us), 79
[READ], MaxLatency(us), 42143
[READ], 95thPercentileLatency(us), 121
[READ], 99thPercentileLatency(us), 160
[READ], Return=OK, 299286
[CLEANUP], Operations, 1
[CLEANUP], AverageLatency(us), 1086.0
[CLEANUP], MinLatency(us), 1086
[CLEANUP], MaxLatency(us), 1086
[CLEANUP], 95thPercentileLatency(us), 1086
[CLEANUP], 99thPercentileLatency(us), 1086
[UPDATE], Operations, 301003
[UPDATE], AverageLatency(us), 98.59708707222187
[UPDATE], MinLatency(us), 75
[UPDATE], MaxLatency(us), 7879
[UPDATE], 95thPercentileLatency(us), 119
[UPDATE], 99thPercentileLatency(us), 159
[UPDATE], Return=OK, 301003
AUTOTEST_DONE
