/nix/store/2vwkssqpzykk37r996cafq7x63imf4sp-openjdk-21+35/bin/java  -classpath /nix/store/zw02np72fzsmga6s5mphhw7x8qlzf4sv-ycsb-0.17.0/share/conf:/nix/store/zw02np72fzsmga6s5mphhw7x8qlzf4sv-ycsb-0.17.0/share/lib/core-0.17.0.jar:/nix/store/zw02np72fzsmga6s5mphhw7x8qlzf4sv-ycsb-0.17.0/share/lib/HdrHistogram-2.1.4.jar:/nix/store/zw02np72fzsmga6s5mphhw7x8qlzf4sv-ycsb-0.17.0/share/lib/htrace-core4-4.1.0-incubating.jar:/nix/store/zw02np72fzsmga6s5mphhw7x8qlzf4sv-ycsb-0.17.0/share/lib/jackson-core-asl-1.9.4.jar:/nix/store/zw02np72fzsmga6s5mphhw7x8qlzf4sv-ycsb-0.17.0/share/lib/jackson-mapper-asl-1.9.4.jar:/nix/store/zw02np72fzsmga6s5mphhw7x8qlzf4sv-ycsb-0.17.0/share/redis-binding/lib/commons-pool2-2.4.2.jar:/nix/store/zw02np72fzsmga6s5mphhw7x8qlzf4sv-ycsb-0.17.0/share/redis-binding/lib/jedis-2.9.0.jar:/nix/store/zw02np72fzsmga6s5mphhw7x8qlzf4sv-ycsb-0.17.0/share/redis-binding/lib/redis-binding-0.17.0.jar site.ycsb.Client -t -db site.ycsb.db.RedisClient -s -P /home/host/vmuxIO/test/moonprogs//../../ycsb/share/workloads/workloada -p redis.host=10.1.0.2 -p redis.port=6380 -p operationcount=429496729 -p maxexecutiontime=61 -threads 1
Command line: -t -db site.ycsb.db.RedisClient -s -P /home/host/vmuxIO/test/moonprogs//../../ycsb/share/workloads/workloada -p redis.host=10.1.0.2 -p redis.port=6380 -p operationcount=429496729 -p maxexecutiontime=61 -threads 1
YCSB Client 0.17.0

Loading workload...
Starting test.
Maximum execution time specified as: 61 secs
DBWrapper: report latency for each error is false and specific error codes to track for latency are: []
2025-04-02 00:12:42:598 0 sec: 0 operations; est completion in 0 second 
2025-04-02 00:12:52:432 10 sec: 70560 operations; 7056 current ops/sec; est completion in 16 hours 54 minutes [READ: Count=35424, Max=16159, Min=77, Avg=136.29, 90=181, 99=287, 99.9=962, 99.99=4799] [UPDATE: Count=35147, Max=26271, Min=74, Avg=135.74, 90=183, 99=297, 99.9=963, 99.99=4051] 
2025-04-02 00:13:02:432 20 sec: 154202 operations; 8364.2 current ops/sec; est completion in 15 hours 28 minutes [READ: Count=41779, Max=3507, Min=77, Avg=119.16, 90=149, 99=238, 99.9=322, 99.99=1492] [UPDATE: Count=41852, Max=3387, Min=73, Avg=116.27, 90=147, 99=230, 99.9=324, 99.99=671] 
2025-04-02 00:13:12:432 30 sec: 242599 operations; 8839.7 current ops/sec; est completion in 14 hours 44 minutes [READ: Count=44133, Max=3317, Min=77, Avg=112.83, 90=138, 99=192, 99.9=315, 99.99=536] [UPDATE: Count=44264, Max=6839, Min=73, Avg=110.54, 90=136, 99=193, 99.9=310, 99.99=424] 
2025-04-02 00:13:22:432 40 sec: 329017 operations; 8641.8 current ops/sec; est completion in 14 hours 29 minutes [READ: Count=43124, Max=1005, Min=77, Avg=115.48, 90=144, 99=255, 99.9=405, 99.99=542] [UPDATE: Count=43294, Max=7219, Min=73, Avg=113.1, 90=141, 99=252, 99.9=399, 99.99=759] 
2025-04-02 00:13:32:432 50 sec: 417865 operations; 8884.8 current ops/sec; est completion in 14 hours 15 minutes [READ: Count=44388, Max=3667, Min=75, Avg=112.38, 90=137, 99=194, 99.9=316, 99.99=473] [UPDATE: Count=44460, Max=696, Min=72, Avg=109.89, 90=135, 99=196, 99.9=301, 99.99=414] 
2025-04-02 00:13:42:432 60 sec: 507547 operations; 8968.2 current ops/sec; est completion in 14 hours 5 minutes [READ: Count=44949, Max=4135, Min=77, Avg=111.38, 90=137, 99=185, 99.9=305, 99.99=433] [UPDATE: Count=44733, Max=1588, Min=71, Avg=108.81, 90=134, 99=185, 99.9=298, 99.99=459] 
Maximum time elapsed. Requesting stop for the workload.
Stop requested for workload. Now Joining!
2025-04-02 00:13:43:440 61 sec: 515383 operations; 7781.53 current ops/sec; est completion in 14 hours 6 minutes [READ: Count=3999, Max=510, Min=76, Avg=126.38, 90=151, 99=252, 99.9=296, 99.99=510] [CLEANUP: Count=1, Max=1279, Min=1279, Avg=1279, 90=1279, 99=1279, 99.9=1279, 99.99=1279] [UPDATE: Count=3837, Max=8167, Min=77, Avg=126.84, 90=150, 99=252, 99.9=309, 99.99=8167] 
[OVERALL], RunTime(ms), 61012
[OVERALL], Throughput(ops/sec), 8447.239887235299
[TOTAL_GCS_Copy], Count, 47
[TOTAL_GC_TIME_Copy], Time(ms), 24
[TOTAL_GC_TIME_%_Copy], Time(%), 0.039336523962499176
[TOTAL_GCS_MarkSweepCompact], Count, 0
[TOTAL_GC_TIME_MarkSweepCompact], Time(ms), 0
[TOTAL_GC_TIME_%_MarkSweepCompact], Time(%), 0.0
[TOTAL_GCs], Count, 47
[TOTAL_GC_TIME], Time(ms), 24
[TOTAL_GC_TIME_%], Time(%), 0.039336523962499176
[READ], Operations, 257796
[READ], AverageLatency(us), 117.40420332355816
[READ], MinLatency(us), 75
[READ], MaxLatency(us), 16159
[READ], 95thPercentileLatency(us), 167
[READ], 99thPercentileLatency(us), 242
[READ], Return=OK, 257796
[CLEANUP], Operations, 1
[CLEANUP], AverageLatency(us), 1279.0
[CLEANUP], MinLatency(us), 1279
[CLEANUP], MaxLatency(us), 1279
[CLEANUP], 95thPercentileLatency(us), 1279
[CLEANUP], 99thPercentileLatency(us), 1279
[UPDATE], Operations, 257587
[UPDATE], AverageLatency(us), 115.1711033553712
[UPDATE], MinLatency(us), 71
[UPDATE], MaxLatency(us), 26271
[UPDATE], 95thPercentileLatency(us), 166
[UPDATE], 99thPercentileLatency(us), 242
[UPDATE], Return=OK, 257587
AUTOTEST_DONE
