/nix/store/2vwkssqpzykk37r996cafq7x63imf4sp-openjdk-21+35/bin/java  -classpath /nix/store/zw02np72fzsmga6s5mphhw7x8qlzf4sv-ycsb-0.17.0/share/conf:/nix/store/zw02np72fzsmga6s5mphhw7x8qlzf4sv-ycsb-0.17.0/share/lib/core-0.17.0.jar:/nix/store/zw02np72fzsmga6s5mphhw7x8qlzf4sv-ycsb-0.17.0/share/lib/HdrHistogram-2.1.4.jar:/nix/store/zw02np72fzsmga6s5mphhw7x8qlzf4sv-ycsb-0.17.0/share/lib/htrace-core4-4.1.0-incubating.jar:/nix/store/zw02np72fzsmga6s5mphhw7x8qlzf4sv-ycsb-0.17.0/share/lib/jackson-core-asl-1.9.4.jar:/nix/store/zw02np72fzsmga6s5mphhw7x8qlzf4sv-ycsb-0.17.0/share/lib/jackson-mapper-asl-1.9.4.jar:/nix/store/zw02np72fzsmga6s5mphhw7x8qlzf4sv-ycsb-0.17.0/share/redis-binding/lib/commons-pool2-2.4.2.jar:/nix/store/zw02np72fzsmga6s5mphhw7x8qlzf4sv-ycsb-0.17.0/share/redis-binding/lib/jedis-2.9.0.jar:/nix/store/zw02np72fzsmga6s5mphhw7x8qlzf4sv-ycsb-0.17.0/share/redis-binding/lib/redis-binding-0.17.0.jar site.ycsb.Client -t -db site.ycsb.db.RedisClient -s -P /home/host/vmuxIO/test/moonprogs//../../ycsb/share/workloads/workloada -p redis.host=10.1.0.2 -p redis.port=6385 -p operationcount=429496729 -p maxexecutiontime=61 -threads 1
Command line: -t -db site.ycsb.db.RedisClient -s -P /home/host/vmuxIO/test/moonprogs//../../ycsb/share/workloads/workloada -p redis.host=10.1.0.2 -p redis.port=6385 -p operationcount=429496729 -p maxexecutiontime=61 -threads 1
YCSB Client 0.17.0

Loading workload...
Starting test.
Maximum execution time specified as: 61 secs
DBWrapper: report latency for each error is false and specific error codes to track for latency are: []
2025-04-02 00:12:45:485 0 sec: 0 operations; est completion in 0 second 
2025-04-02 00:12:55:286 10 sec: 74887 operations; 7488.7 current ops/sec; est completion in 15 hours 55 minutes [READ: Count=37176, Max=21551, Min=76, Avg=127.95, 90=163, 99=261, 99.9=1009, 99.99=5259] [UPDATE: Count=37727, Max=27407, Min=75, Avg=126.69, 90=162, 99=264, 99.9=1156, 99.99=4355] 
2025-04-02 00:13:05:286 20 sec: 163356 operations; 8846.9 current ops/sec; est completion in 14 hours 36 minutes [READ: Count=44221, Max=3635, Min=77, Avg=112.15, 90=138, 99=214, 99.9=414, 99.99=2195] [UPDATE: Count=44232, Max=3383, Min=73, Avg=109.92, 90=136, 99=211, 99.9=392, 99.99=1355] 
2025-04-02 00:13:15:286 30 sec: 252924 operations; 8956.8 current ops/sec; est completion in 14 hours 8 minutes [READ: Count=44772, Max=1333, Min=74, Avg=111.24, 90=139, 99=208, 99.9=331, 99.99=611] [UPDATE: Count=44796, Max=7767, Min=73, Avg=109.11, 90=136, 99=204, 99.9=313, 99.99=718] 
2025-04-02 00:13:25:286 40 sec: 340866 operations; 8794.2 current ops/sec; est completion in 13 hours 59 minutes [READ: Count=43812, Max=7399, Min=75, Avg=113.38, 90=139, 99=203, 99.9=315, 99.99=498] [UPDATE: Count=44130, Max=1597, Min=69, Avg=110.92, 90=137, 99=196, 99.9=309, 99.99=410] 
2025-04-02 00:13:35:286 50 sec: 428378 operations; 8751.2 current ops/sec; est completion in 13 hours 54 minutes [READ: Count=43909, Max=3395, Min=76, Avg=113.9, 90=144, 99=226, 99.9=338, 99.99=533] [UPDATE: Count=43603, Max=768, Min=73, Avg=111.56, 90=142, 99=221, 99.9=322, 99.99=477] 
2025-04-02 00:13:45:286 60 sec: 520668 operations; 9229 current ops/sec; est completion in 13 hours 43 minutes [READ: Count=46143, Max=1588, Min=75, Avg=107.99, 90=132, 99=191, 99.9=327, 99.99=565] [UPDATE: Count=46147, Max=2605, Min=74, Avg=105.76, 90=129, 99=188, 99.9=315, 99.99=402] 
Maximum time elapsed. Requesting stop for the workload.
Stop requested for workload. Now Joining!
2025-04-02 00:13:46:293 61 sec: 531272 operations; 10530.29 current ops/sec; est completion in 13 hours 40 minutes [READ: Count=5173, Max=665, Min=76, Avg=94.18, 90=116, 99=134, 99.9=278, 99.99=515] [CLEANUP: Count=1, Max=930, Min=930, Avg=930, 90=930, 99=930, 99.9=930, 99.99=930] [UPDATE: Count=5431, Max=3163, Min=76, Avg=92.74, 90=115, 99=132, 99.9=293, 99.99=1136] 
[OVERALL], RunTime(ms), 61015
[OVERALL], Throughput(ops/sec), 8707.235925592067
[TOTAL_GCS_Copy], Count, 49
[TOTAL_GC_TIME_Copy], Time(ms), 26
[TOTAL_GC_TIME_%_Copy], Time(%), 0.042612472342866504
[TOTAL_GCS_MarkSweepCompact], Count, 0
[TOTAL_GC_TIME_MarkSweepCompact], Time(ms), 0
[TOTAL_GC_TIME_%_MarkSweepCompact], Time(%), 0.0
[TOTAL_GCs], Count, 49
[TOTAL_GC_TIME], Time(ms), 26
[TOTAL_GC_TIME_%], Time(%), 0.042612472342866504
[READ], Operations, 265206
[READ], AverageLatency(us), 113.63056265695346
[READ], MinLatency(us), 74
[READ], MaxLatency(us), 21551
[READ], 95thPercentileLatency(us), 160
[READ], 99thPercentileLatency(us), 220
[READ], Return=OK, 265206
[CLEANUP], Operations, 1
[CLEANUP], AverageLatency(us), 930.0
[CLEANUP], MinLatency(us), 930
[CLEANUP], MaxLatency(us), 930
[CLEANUP], 95thPercentileLatency(us), 930
[CLEANUP], 99thPercentileLatency(us), 930
[UPDATE], Operations, 266066
[UPDATE], AverageLatency(us), 111.52295295152331
[UPDATE], MinLatency(us), 69
[UPDATE], MaxLatency(us), 27407
[UPDATE], 95thPercentileLatency(us), 159
[UPDATE], 99thPercentileLatency(us), 216
[UPDATE], Return=OK, 266066
AUTOTEST_DONE
