/nix/store/2vwkssqpzykk37r996cafq7x63imf4sp-openjdk-21+35/bin/java  -classpath /nix/store/zw02np72fzsmga6s5mphhw7x8qlzf4sv-ycsb-0.17.0/share/conf:/nix/store/zw02np72fzsmga6s5mphhw7x8qlzf4sv-ycsb-0.17.0/share/lib/core-0.17.0.jar:/nix/store/zw02np72fzsmga6s5mphhw7x8qlzf4sv-ycsb-0.17.0/share/lib/HdrHistogram-2.1.4.jar:/nix/store/zw02np72fzsmga6s5mphhw7x8qlzf4sv-ycsb-0.17.0/share/lib/htrace-core4-4.1.0-incubating.jar:/nix/store/zw02np72fzsmga6s5mphhw7x8qlzf4sv-ycsb-0.17.0/share/lib/jackson-core-asl-1.9.4.jar:/nix/store/zw02np72fzsmga6s5mphhw7x8qlzf4sv-ycsb-0.17.0/share/lib/jackson-mapper-asl-1.9.4.jar:/nix/store/zw02np72fzsmga6s5mphhw7x8qlzf4sv-ycsb-0.17.0/share/redis-binding/lib/commons-pool2-2.4.2.jar:/nix/store/zw02np72fzsmga6s5mphhw7x8qlzf4sv-ycsb-0.17.0/share/redis-binding/lib/jedis-2.9.0.jar:/nix/store/zw02np72fzsmga6s5mphhw7x8qlzf4sv-ycsb-0.17.0/share/redis-binding/lib/redis-binding-0.17.0.jar site.ycsb.Client -t -db site.ycsb.db.RedisClient -s -P /home/host/vmuxIO/test/moonprogs//../../ycsb/share/workloads/workloada -p redis.host=10.1.0.2 -p redis.port=6383 -p operationcount=429496729 -p maxexecutiontime=61 -threads 1
Command line: -t -db site.ycsb.db.RedisClient -s -P /home/host/vmuxIO/test/moonprogs//../../ycsb/share/workloads/workloada -p redis.host=10.1.0.2 -p redis.port=6383 -p operationcount=429496729 -p maxexecutiontime=61 -threads 1
YCSB Client 0.17.0

Loading workload...
Starting test.
Maximum execution time specified as: 61 secs
DBWrapper: report latency for each error is false and specific error codes to track for latency are: []
2025-04-01 22:51:50:309 0 sec: 0 operations; est completion in 0 second 
2025-04-01 22:52:00:161 10 sec: 30179 operations; 3017.6 current ops/sec; est completion in 1 day 15 hours [READ: Count=15052, Max=18463, Min=155, Avg=314.71, 90=323, 99=833, 99.9=3471, 99.99=5183] [UPDATE: Count=15142, Max=22143, Min=155, Avg=323.1, 90=327, 99=1484, 99.9=3467, 99.99=5711] 
2025-04-01 22:52:10:161 20 sec: 65481 operations; 3530.2 current ops/sec; est completion in 1 day 12 hours [READ: Count=17672, Max=2933, Min=156, Avg=279.82, 90=311, 99=376, 99.9=497, 99.99=1011] [UPDATE: Count=17615, Max=2797, Min=154, Avg=278.35, 90=311, 99=383, 99.9=571, 99.99=1684] 
2025-04-01 22:52:20:162 30 sec: 99959 operations; 3447.8 current ops/sec; est completion in 1 day 11 hours [READ: Count=17250, Max=1611, Min=152, Avg=288.33, 90=326, 99=436, 99.9=554, 99.99=808] [UPDATE: Count=17228, Max=7467, Min=157, Avg=286.29, 90=324, 99=444, 99.9=556, 99.99=908] 
2025-04-01 22:52:30:161 40 sec: 135157 operations; 3519.8 current ops/sec; est completion in 1 day 11 hours [READ: Count=17605, Max=4543, Min=157, Avg=282.26, 90=313, 99=364, 99.9=574, 99.99=830] [UPDATE: Count=17593, Max=10151, Min=151, Avg=281, 90=313, 99=379, 99.9=543, 99.99=2891] 
2025-04-01 22:52:40:161 50 sec: 170290 operations; 3513.3 current ops/sec; est completion in 1 day 11 hours [READ: Count=17668, Max=4147, Min=152, Avg=283.86, 90=312, 99=340, 99.9=468, 99.99=995] [UPDATE: Count=17465, Max=4355, Min=151, Avg=280.81, 90=312, 99=358, 99.9=458, 99.99=815] 
2025-04-01 22:52:50:161 60 sec: 206398 operations; 3610.8 current ops/sec; est completion in 1 day 10 hours [READ: Count=18002, Max=5567, Min=153, Avg=276.94, 90=310, 99=350, 99.9=505, 99.99=810] [UPDATE: Count=18106, Max=784, Min=151, Avg=272.53, 90=309, 99=353, 99.9=442, 99.99=548] 
Maximum time elapsed. Requesting stop for the workload.
Stop requested for workload. Now Joining!
2025-04-01 22:52:51:178 61 sec: 209513 operations; 3065.94 current ops/sec; est completion in 1 day 10 hours [READ: Count=1564, Max=4091, Min=152, Avg=322.82, 90=385, 99=511, 99.9=718, 99.99=4091] [CLEANUP: Count=1, Max=1902, Min=1902, Avg=1902, 90=1902, 99=1902, 99.9=1902, 99.99=1902] [UPDATE: Count=1551, Max=3137, Min=159, Avg=318.1, 90=384, 99=508, 99.9=658, 99.99=3137] 
[OVERALL], RunTime(ms), 61029
[OVERALL], Throughput(ops/sec), 3433.0072588441562
[TOTAL_GCS_Copy], Count, 19
[TOTAL_GC_TIME_Copy], Time(ms), 16
[TOTAL_GC_TIME_%_Copy], Time(%), 0.02621704435596192
[TOTAL_GCS_MarkSweepCompact], Count, 0
[TOTAL_GC_TIME_MarkSweepCompact], Time(ms), 0
[TOTAL_GC_TIME_%_MarkSweepCompact], Time(%), 0.0
[TOTAL_GCs], Count, 19
[TOTAL_GC_TIME], Time(ms), 16
[TOTAL_GC_TIME_%], Time(%), 0.02621704435596192
[READ], Operations, 104813
[READ], AverageLatency(us), 287.4679381374448
[READ], MinLatency(us), 152
[READ], MaxLatency(us), 18463
[READ], 95thPercentileLatency(us), 325
[READ], 99thPercentileLatency(us), 405
[READ], Return=OK, 104813
[CLEANUP], Operations, 1
[CLEANUP], AverageLatency(us), 1902.0
[CLEANUP], MinLatency(us), 1902
[CLEANUP], MaxLatency(us), 1902
[CLEANUP], 95thPercentileLatency(us), 1902
[CLEANUP], 99thPercentileLatency(us), 1902
[UPDATE], Operations, 104700
[UPDATE], AverageLatency(us), 286.56595033428846
[UPDATE], MinLatency(us), 151
[UPDATE], MaxLatency(us), 22143
[UPDATE], 95thPercentileLatency(us), 327
[UPDATE], 99thPercentileLatency(us), 413
[UPDATE], Return=OK, 104700
AUTOTEST_DONE
