/nix/store/2vwkssqpzykk37r996cafq7x63imf4sp-openjdk-21+35/bin/java  -classpath /nix/store/zw02np72fzsmga6s5mphhw7x8qlzf4sv-ycsb-0.17.0/share/conf:/nix/store/zw02np72fzsmga6s5mphhw7x8qlzf4sv-ycsb-0.17.0/share/lib/core-0.17.0.jar:/nix/store/zw02np72fzsmga6s5mphhw7x8qlzf4sv-ycsb-0.17.0/share/lib/HdrHistogram-2.1.4.jar:/nix/store/zw02np72fzsmga6s5mphhw7x8qlzf4sv-ycsb-0.17.0/share/lib/htrace-core4-4.1.0-incubating.jar:/nix/store/zw02np72fzsmga6s5mphhw7x8qlzf4sv-ycsb-0.17.0/share/lib/jackson-core-asl-1.9.4.jar:/nix/store/zw02np72fzsmga6s5mphhw7x8qlzf4sv-ycsb-0.17.0/share/lib/jackson-mapper-asl-1.9.4.jar:/nix/store/zw02np72fzsmga6s5mphhw7x8qlzf4sv-ycsb-0.17.0/share/redis-binding/lib/commons-pool2-2.4.2.jar:/nix/store/zw02np72fzsmga6s5mphhw7x8qlzf4sv-ycsb-0.17.0/share/redis-binding/lib/jedis-2.9.0.jar:/nix/store/zw02np72fzsmga6s5mphhw7x8qlzf4sv-ycsb-0.17.0/share/redis-binding/lib/redis-binding-0.17.0.jar site.ycsb.Client -t -db site.ycsb.db.RedisClient -s -P /home/host/vmuxIO/test/moonprogs//../../ycsb/share/workloads/workloada -p redis.host=10.1.0.2 -p redis.port=6380 -p operationcount=429496729 -p maxexecutiontime=61 -threads 1
Command line: -t -db site.ycsb.db.RedisClient -s -P /home/host/vmuxIO/test/moonprogs//../../ycsb/share/workloads/workloada -p redis.host=10.1.0.2 -p redis.port=6380 -p operationcount=429496729 -p maxexecutiontime=61 -threads 1
YCSB Client 0.17.0

Loading workload...
Starting test.
Maximum execution time specified as: 61 secs
DBWrapper: report latency for each error is false and specific error codes to track for latency are: []
2025-02-10 02:21:09:069 0 sec: 0 operations; est completion in 0 second 
2025-02-10 02:21:18:778 10 sec: 112980 operations; 11298 current ops/sec; est completion in 10 hours 33 minutes [READ: Count=56498, Max=26783, Min=46, Avg=82.13, 90=77, 99=135, 99.9=7979, 99.99=10007] [UPDATE: Count=56521, Max=47135, Min=43, Avg=85.76, 90=76, 99=139, 99.9=7987, 99.99=10007] 
2025-02-10 02:21:28:778 20 sec: 264015 operations; 15103.5 current ops/sec; est completion in 9 hours 1 minute [READ: Count=75433, Max=13455, Min=45, Avg=66.08, 90=73, 99=125, 99.9=406, 99.99=706] [UPDATE: Count=75563, Max=806, Min=44, Avg=63.51, 90=71, 99=120, 99.9=416, 99.99=590] 
2025-02-10 02:21:38:777 30 sec: 419898 operations; 15588.3 current ops/sec; est completion in 8 hours 30 minutes [READ: Count=77660, Max=2991, Min=44, Avg=63.98, 90=72, 99=105, 99.9=136, 99.99=356] [UPDATE: Count=78223, Max=11503, Min=43, Avg=62.01, 90=69, 99=107, 99.9=132, 99.99=422] 
2025-02-10 02:21:48:777 40 sec: 572897 operations; 15299.9 current ops/sec; est completion in 8 hours 19 minutes [READ: Count=76258, Max=13343, Min=45, Avg=65.63, 90=73, 99=128, 99.9=142, 99.99=404] [UPDATE: Count=76741, Max=3417, Min=44, Avg=62.78, 90=70, 99=124, 99.9=137, 99.99=261] 
2025-02-10 02:21:58:777 50 sec: 723197 operations; 15030 current ops/sec; est completion in 8 hours 14 minutes [READ: Count=75106, Max=589, Min=45, Avg=66.44, 90=75, 99=133, 99.9=260, 99.99=439] [UPDATE: Count=75194, Max=7443, Min=43, Avg=64.21, 90=73, 99=128, 99.9=254, 99.99=423] 
2025-02-10 02:22:08:777 60 sec: 877489 operations; 15429.2 current ops/sec; est completion in 8 hours 8 minutes [READ: Count=76836, Max=3327, Min=45, Avg=64.82, 90=73, 99=127, 99.9=141, 99.99=403] [UPDATE: Count=77456, Max=477, Min=43, Avg=62.47, 90=70, 99=123, 99.9=136, 99.99=232] 
Maximum time elapsed. Requesting stop for the workload.
Stop requested for workload. Now Joining!
2025-02-10 02:22:09:786 61 sec: 893069 operations; 15456.35 current ops/sec; est completion in 8 hours 8 minutes [READ: Count=7759, Max=3349, Min=47, Avg=64.67, 90=73, 99=92, 99.9=137, 99.99=347] [CLEANUP: Count=1, Max=945, Min=945, Avg=945, 90=945, 99=945, 99.9=945, 99.99=945] [UPDATE: Count=7821, Max=576, Min=45, Avg=62.17, 90=70, 99=87, 99.9=129, 99.99=434] 
[OVERALL], RunTime(ms), 61015
[OVERALL], Throughput(ops/sec), 14636.87617798902
[TOTAL_GCS_Copy], Count, 82
[TOTAL_GC_TIME_Copy], Time(ms), 32
[TOTAL_GC_TIME_%_Copy], Time(%), 0.05244611980660493
[TOTAL_GCS_MarkSweepCompact], Count, 0
[TOTAL_GC_TIME_MarkSweepCompact], Time(ms), 0
[TOTAL_GC_TIME_%_MarkSweepCompact], Time(%), 0.0
[TOTAL_GCs], Count, 82
[TOTAL_GC_TIME], Time(ms), 32
[TOTAL_GC_TIME_%], Time(%), 0.05244611980660493
[READ], Operations, 445550
[READ], AverageLatency(us), 67.48898889013579
[READ], MinLatency(us), 44
[READ], MaxLatency(us), 26783
[READ], 95thPercentileLatency(us), 81
[READ], 99thPercentileLatency(us), 128
[READ], Return=OK, 445550
[CLEANUP], Operations, 1
[CLEANUP], AverageLatency(us), 945.0
[CLEANUP], MinLatency(us), 945
[CLEANUP], MaxLatency(us), 945
[CLEANUP], 95thPercentileLatency(us), 945
[CLEANUP], 99thPercentileLatency(us), 945
[UPDATE], Operations, 447519
[UPDATE], AverageLatency(us), 65.84763105030177
[UPDATE], MinLatency(us), 43
[UPDATE], MaxLatency(us), 47135
[UPDATE], 95thPercentileLatency(us), 79
[UPDATE], 99thPercentileLatency(us), 124
[UPDATE], Return=OK, 447519
AUTOTEST_DONE
