/nix/store/2vwkssqpzykk37r996cafq7x63imf4sp-openjdk-21+35/bin/java  -classpath /nix/store/zw02np72fzsmga6s5mphhw7x8qlzf4sv-ycsb-0.17.0/share/conf:/nix/store/zw02np72fzsmga6s5mphhw7x8qlzf4sv-ycsb-0.17.0/share/lib/core-0.17.0.jar:/nix/store/zw02np72fzsmga6s5mphhw7x8qlzf4sv-ycsb-0.17.0/share/lib/HdrHistogram-2.1.4.jar:/nix/store/zw02np72fzsmga6s5mphhw7x8qlzf4sv-ycsb-0.17.0/share/lib/htrace-core4-4.1.0-incubating.jar:/nix/store/zw02np72fzsmga6s5mphhw7x8qlzf4sv-ycsb-0.17.0/share/lib/jackson-core-asl-1.9.4.jar:/nix/store/zw02np72fzsmga6s5mphhw7x8qlzf4sv-ycsb-0.17.0/share/lib/jackson-mapper-asl-1.9.4.jar:/nix/store/zw02np72fzsmga6s5mphhw7x8qlzf4sv-ycsb-0.17.0/share/redis-binding/lib/commons-pool2-2.4.2.jar:/nix/store/zw02np72fzsmga6s5mphhw7x8qlzf4sv-ycsb-0.17.0/share/redis-binding/lib/jedis-2.9.0.jar:/nix/store/zw02np72fzsmga6s5mphhw7x8qlzf4sv-ycsb-0.17.0/share/redis-binding/lib/redis-binding-0.17.0.jar site.ycsb.Client -t -db site.ycsb.db.RedisClient -s -P /home/host/vmuxIO/test/moonprogs//../../ycsb/share/workloads/workloada -p redis.host=10.1.0.2 -p redis.port=6381 -p operationcount=429496729 -p maxexecutiontime=61 -threads 1
Command line: -t -db site.ycsb.db.RedisClient -s -P /home/host/vmuxIO/test/moonprogs//../../ycsb/share/workloads/workloada -p redis.host=10.1.0.2 -p redis.port=6381 -p operationcount=429496729 -p maxexecutiontime=61 -threads 1
YCSB Client 0.17.0

Loading workload...
Starting test.
Maximum execution time specified as: 61 secs
DBWrapper: report latency for each error is false and specific error codes to track for latency are: []
2024-07-10 23:53:38:373 0 sec: 0 operations; est completion in 0 second 
2024-07-10 23:53:48:218 10 sec: 86998 operations; 8699.8 current ops/sec; est completion in 13 hours 42 minutes [READ: Count=43592, Max=42751, Min=79, Avg=109.84, 90=128, 99=254, 99.9=602, 99.99=3749] [UPDATE: Count=43417, Max=4823, Min=76, Avg=109.52, 90=127, 99=253, 99.9=1194, 99.99=3947] 
2024-07-10 23:53:58:218 20 sec: 187004 operations; 9999.6 current ops/sec; est completion in 12 hours 45 minutes [READ: Count=49970, Max=10719, Min=79, Avg=99.41, 90=109, 99=139, 99.9=195, 99.99=2991] [UPDATE: Count=50025, Max=3093, Min=77, Avg=97.44, 90=108, 99=137, 99.9=204, 99.99=1153] 
2024-07-10 23:54:08:218 30 sec: 285162 operations; 9816.78 current ops/sec; est completion in 12 hours 32 minutes [READ: Count=49335, Max=7523, Min=79, Avg=101.18, 90=111, 99=158, 99.9=249, 99.99=1759] [UPDATE: Count=48823, Max=4025, Min=78, Avg=99.61, 90=110, 99=160, 99.9=260, 99.99=911] 
2024-07-10 23:54:18:217 40 sec: 382418 operations; 9725.6 current ops/sec; est completion in 12 hours 28 minutes [READ: Count=48811, Max=7955, Min=79, Avg=102.07, 90=113, 99=176, 99.9=286, 99.99=1791] [UPDATE: Count=48445, Max=3463, Min=76, Avg=100.44, 90=112, 99=170, 99.9=283, 99.99=1603] 
2024-07-10 23:54:28:218 50 sec: 482249 operations; 9983.1 current ops/sec; est completion in 12 hours 21 minutes [READ: Count=49807, Max=7347, Min=77, Avg=99.34, 90=109, 99=151, 99.9=209, 99.99=1667] [UPDATE: Count=50024, Max=3719, Min=75, Avg=98.07, 90=108, 99=151, 99.9=203, 99.99=1767] 
2024-07-10 23:54:38:217 60 sec: 580119 operations; 9787 current ops/sec; est completion in 12 hours 19 minutes [READ: Count=49199, Max=4103, Min=75, Avg=101.39, 90=111, 99=162, 99.9=224, 99.99=2077] [UPDATE: Count=48671, Max=4061, Min=78, Avg=99.87, 90=110, 99=164, 99.9=216, 99.99=1680] 
Maximum time elapsed. Requesting stop for the workload.
Stop requested for workload. Now Joining!
2024-07-10 23:54:39:231 61 sec: 589940 operations; 9694.97 current ops/sec; est completion in 12 hours 19 minutes [READ: Count=4953, Max=3301, Min=79, Avg=101.92, 90=111, 99=155, 99.9=377, 99.99=3301] [CLEANUP: Count=1, Max=1012, Min=1012, Avg=1012, 90=1012, 99=1012, 99.9=1012, 99.99=1012] [UPDATE: Count=4868, Max=3349, Min=78, Avg=101.1, 90=109, 99=154, 99.9=743, 99.99=3349] 
[OVERALL], RunTime(ms), 61017
[OVERALL], Throughput(ops/sec), 9668.4530540669
[TOTAL_GCS_Copy], Count, 54
[TOTAL_GC_TIME_Copy], Time(ms), 22
[TOTAL_GC_TIME_%_Copy], Time(%), 0.0360555255092843
[TOTAL_GCS_MarkSweepCompact], Count, 0
[TOTAL_GC_TIME_MarkSweepCompact], Time(ms), 0
[TOTAL_GC_TIME_%_MarkSweepCompact], Time(%), 0.0
[TOTAL_GCs], Count, 54
[TOTAL_GC_TIME], Time(ms), 22
[TOTAL_GC_TIME_%], Time(%), 0.0360555255092843
[READ], Operations, 295667
[READ], AverageLatency(us), 102.04348473113333
[READ], MinLatency(us), 75
[READ], MaxLatency(us), 42751
[READ], 95thPercentileLatency(us), 122
[READ], 99thPercentileLatency(us), 174
[READ], Return=OK, 295667
[CLEANUP], Operations, 1
[CLEANUP], AverageLatency(us), 1012.0
[CLEANUP], MinLatency(us), 1012
[CLEANUP], MaxLatency(us), 1012
[CLEANUP], 95thPercentileLatency(us), 1012
[CLEANUP], 99thPercentileLatency(us), 1012
[UPDATE], Operations, 294273
[UPDATE], AverageLatency(us), 100.64499971115256
[UPDATE], MinLatency(us), 75
[UPDATE], MaxLatency(us), 4823
[UPDATE], 95thPercentileLatency(us), 121
[UPDATE], 99thPercentileLatency(us), 176
[UPDATE], Return=OK, 294273
AUTOTEST_DONE
