/nix/store/2vwkssqpzykk37r996cafq7x63imf4sp-openjdk-21+35/bin/java  -classpath /nix/store/zw02np72fzsmga6s5mphhw7x8qlzf4sv-ycsb-0.17.0/share/conf:/nix/store/zw02np72fzsmga6s5mphhw7x8qlzf4sv-ycsb-0.17.0/share/lib/core-0.17.0.jar:/nix/store/zw02np72fzsmga6s5mphhw7x8qlzf4sv-ycsb-0.17.0/share/lib/HdrHistogram-2.1.4.jar:/nix/store/zw02np72fzsmga6s5mphhw7x8qlzf4sv-ycsb-0.17.0/share/lib/htrace-core4-4.1.0-incubating.jar:/nix/store/zw02np72fzsmga6s5mphhw7x8qlzf4sv-ycsb-0.17.0/share/lib/jackson-core-asl-1.9.4.jar:/nix/store/zw02np72fzsmga6s5mphhw7x8qlzf4sv-ycsb-0.17.0/share/lib/jackson-mapper-asl-1.9.4.jar:/nix/store/zw02np72fzsmga6s5mphhw7x8qlzf4sv-ycsb-0.17.0/share/redis-binding/lib/commons-pool2-2.4.2.jar:/nix/store/zw02np72fzsmga6s5mphhw7x8qlzf4sv-ycsb-0.17.0/share/redis-binding/lib/jedis-2.9.0.jar:/nix/store/zw02np72fzsmga6s5mphhw7x8qlzf4sv-ycsb-0.17.0/share/redis-binding/lib/redis-binding-0.17.0.jar site.ycsb.Client -t -db site.ycsb.db.RedisClient -s -P /home/host/vmuxIO/test/moonprogs//../../ycsb/share/workloads/workloada -p redis.host=10.1.0.2 -p redis.port=6380 -p operationcount=429496729 -p maxexecutiontime=61 -threads 1
Command line: -t -db site.ycsb.db.RedisClient -s -P /home/host/vmuxIO/test/moonprogs//../../ycsb/share/workloads/workloada -p redis.host=10.1.0.2 -p redis.port=6380 -p operationcount=429496729 -p maxexecutiontime=61 -threads 1
YCSB Client 0.17.0

Loading workload...
Starting test.
Maximum execution time specified as: 61 secs
DBWrapper: report latency for each error is false and specific error codes to track for latency are: []
2024-10-03 14:52:08:812 0 sec: 0 operations; est completion in 0 second 
2024-10-03 14:52:18:579 10 sec: 47119 operations; 4711.9 current ops/sec; est completion in 1 day 1 hour [READ: Count=23694, Max=66239, Min=103, Avg=203.55, 90=252, 99=449, 99.9=3009, 99.99=7255] [UPDATE: Count=23433, Max=14727, Min=103, Avg=199.16, 90=249, 99=466, 99.9=2991, 99.99=7871] 
2024-10-03 14:52:28:579 20 sec: 94419 operations; 4730 current ops/sec; est completion in 1 day 1 hour [READ: Count=23667, Max=3887, Min=110, Avg=209.36, 90=268, 99=443, 99.9=682, 99.99=2651] [UPDATE: Count=23626, Max=9423, Min=106, Avg=206.3, 90=264, 99=443, 99.9=640, 99.99=3829] 
2024-10-03 14:52:38:579 30 sec: 141013 operations; 4659.4 current ops/sec; est completion in 1 day 1 hour [READ: Count=23338, Max=4367, Min=112, Avg=213.71, 90=274, 99=453, 99.9=631, 99.99=2995] [UPDATE: Count=23255, Max=14127, Min=115, Avg=209.93, 90=269, 99=441, 99.9=596, 99.99=1682] 
2024-10-03 14:52:48:579 40 sec: 188575 operations; 4756.2 current ops/sec; est completion in 1 day 1 hour [READ: Count=23841, Max=4667, Min=118, Avg=209.72, 90=266, 99=437, 99.9=555, 99.99=4419] [UPDATE: Count=23721, Max=5535, Min=106, Avg=205.95, 90=264, 99=429, 99.9=564, 99.99=993] 
2024-10-03 14:52:58:579 50 sec: 235543 operations; 4696.8 current ops/sec; est completion in 1 day 1 hour [READ: Count=23562, Max=5559, Min=115, Avg=212.33, 90=276, 99=442, 99.9=593, 99.99=2895] [UPDATE: Count=23406, Max=1652, Min=114, Avg=208.51, 90=269, 99=443, 99.9=569, 99.99=1178] 
2024-10-03 14:53:08:579 60 sec: 284462 operations; 4891.9 current ops/sec; est completion in 1 day 1 hour [READ: Count=24582, Max=3717, Min=93, Avg=203.91, 90=263, 99=439, 99.9=546, 99.99=2853] [UPDATE: Count=24337, Max=2789, Min=103, Avg=200.16, 90=260, 99=435, 99.9=561, 99.99=1002] 
Maximum time elapsed. Requesting stop for the workload.
Stop requested for workload. Now Joining!
2024-10-03 14:53:09:585 61 sec: 291837 operations; 7331.01 current ops/sec; est completion in 1 day [READ: Count=3681, Max=444, Min=91, Avg=134.85, 90=154, 99=280, 99.9=337, 99.99=444] [CLEANUP: Count=1, Max=996, Min=996, Avg=996, 90=996, 99=996, 99.9=996, 99.99=996] [UPDATE: Count=3694, Max=7467, Min=85, Avg=133.96, 90=149, 99=280, 99.9=354, 99.99=7467] 
[OVERALL], RunTime(ms), 61012
[OVERALL], Throughput(ops/sec), 4783.272143184947
[TOTAL_GCS_Copy], Count, 27
[TOTAL_GC_TIME_Copy], Time(ms), 37
[TOTAL_GC_TIME_%_Copy], Time(%), 0.060643807775519566
[TOTAL_GCS_MarkSweepCompact], Count, 0
[TOTAL_GC_TIME_MarkSweepCompact], Time(ms), 0
[TOTAL_GC_TIME_%_MarkSweepCompact], Time(%), 0.0
[TOTAL_GCs], Count, 27
[TOTAL_GC_TIME], Time(ms), 37
[TOTAL_GC_TIME_%], Time(%), 0.060643807775519566
[READ], Operations, 146365
[READ], AverageLatency(us), 206.8596385747959
[READ], MinLatency(us), 91
[READ], MaxLatency(us), 66239
[READ], 95thPercentileLatency(us), 306
[READ], 99thPercentileLatency(us), 442
[READ], Return=OK, 146365
[CLEANUP], Operations, 1
[CLEANUP], AverageLatency(us), 996.0
[CLEANUP], MinLatency(us), 996
[CLEANUP], MaxLatency(us), 996
[CLEANUP], 95thPercentileLatency(us), 996
[CLEANUP], 99thPercentileLatency(us), 996
[UPDATE], Operations, 145472
[UPDATE], AverageLatency(us), 203.16548201715793
[UPDATE], MinLatency(us), 85
[UPDATE], MaxLatency(us), 14727
[UPDATE], 95thPercentileLatency(us), 304
[UPDATE], 99thPercentileLatency(us), 440
[UPDATE], Return=OK, 145472
AUTOTEST_DONE
