/nix/store/2vwkssqpzykk37r996cafq7x63imf4sp-openjdk-21+35/bin/java  -classpath /nix/store/zw02np72fzsmga6s5mphhw7x8qlzf4sv-ycsb-0.17.0/share/conf:/nix/store/zw02np72fzsmga6s5mphhw7x8qlzf4sv-ycsb-0.17.0/share/lib/core-0.17.0.jar:/nix/store/zw02np72fzsmga6s5mphhw7x8qlzf4sv-ycsb-0.17.0/share/lib/HdrHistogram-2.1.4.jar:/nix/store/zw02np72fzsmga6s5mphhw7x8qlzf4sv-ycsb-0.17.0/share/lib/htrace-core4-4.1.0-incubating.jar:/nix/store/zw02np72fzsmga6s5mphhw7x8qlzf4sv-ycsb-0.17.0/share/lib/jackson-core-asl-1.9.4.jar:/nix/store/zw02np72fzsmga6s5mphhw7x8qlzf4sv-ycsb-0.17.0/share/lib/jackson-mapper-asl-1.9.4.jar:/nix/store/zw02np72fzsmga6s5mphhw7x8qlzf4sv-ycsb-0.17.0/share/redis-binding/lib/commons-pool2-2.4.2.jar:/nix/store/zw02np72fzsmga6s5mphhw7x8qlzf4sv-ycsb-0.17.0/share/redis-binding/lib/jedis-2.9.0.jar:/nix/store/zw02np72fzsmga6s5mphhw7x8qlzf4sv-ycsb-0.17.0/share/redis-binding/lib/redis-binding-0.17.0.jar site.ycsb.Client -t -db site.ycsb.db.RedisClient -s -P /home/host/vmuxIO/test/moonprogs//../../ycsb/share/workloads/workloada -p redis.host=10.1.0.2 -p redis.port=6379 -p operationcount=429496729 -p maxexecutiontime=61 -threads 1
Command line: -t -db site.ycsb.db.RedisClient -s -P /home/host/vmuxIO/test/moonprogs//../../ycsb/share/workloads/workloada -p redis.host=10.1.0.2 -p redis.port=6379 -p operationcount=429496729 -p maxexecutiontime=61 -threads 1
YCSB Client 0.17.0

Loading workload...
Starting test.
Maximum execution time specified as: 61 secs
DBWrapper: report latency for each error is false and specific error codes to track for latency are: []
2024-06-19 17:30:24:196 0 sec: 0 operations; est completion in 0 second 
2024-06-19 17:30:33:992 10 sec: 53764 operations; 5376.4 current ops/sec; est completion in 22 hours 11 minutes [READ: Count=26968, Max=19327, Min=90, Avg=177.4, 90=219, 99=291, 99.9=1253, 99.99=4029] [UPDATE: Count=26797, Max=28495, Min=91, Avg=179.01, 90=218, 99=291, 99.9=2069, 99.99=6251] 
2024-06-19 17:30:43:992 20 sec: 110084 operations; 5632 current ops/sec; est completion in 21 hours 40 minutes [READ: Count=28119, Max=2837, Min=91, Avg=176.61, 90=214, 99=281, 99.9=381, 99.99=675] [UPDATE: Count=28200, Max=1505, Min=94, Avg=173.41, 90=212, 99=272, 99.9=375, 99.99=678] 
2024-06-19 17:30:53:992 30 sec: 165001 operations; 5491.7 current ops/sec; est completion in 21 hours 41 minutes [READ: Count=27323, Max=10615, Min=97, Avg=182, 90=226, 99=288, 99.9=441, 99.99=1119] [UPDATE: Count=27594, Max=1263, Min=94, Avg=178.51, 90=223, 99=284, 99.9=375, 99.99=553] 
2024-06-19 17:31:03:992 40 sec: 219301 operations; 5430 current ops/sec; est completion in 21 hours 45 minutes [READ: Count=27204, Max=1454, Min=97, Avg=184.19, 90=225, 99=289, 99.9=360, 99.99=771] [UPDATE: Count=27096, Max=7559, Min=96, Avg=180.77, 90=221, 99=280, 99.9=366, 99.99=1074] 
2024-06-19 17:31:13:992 50 sec: 274120 operations; 5481.9 current ops/sec; est completion in 21 hours 44 minutes [READ: Count=27316, Max=637, Min=100, Avg=182.29, 90=222, 99=275, 99.9=375, 99.99=577] [UPDATE: Count=27503, Max=4995, Min=100, Avg=179.38, 90=220, 99=276, 99.9=375, 99.99=591] 
2024-06-19 17:31:23:992 60 sec: 328144 operations; 5402.4 current ops/sec; est completion in 21 hours 47 minutes [READ: Count=26844, Max=1100, Min=101, Avg=184.84, 90=226, 99=287, 99.9=377, 99.99=637] [UPDATE: Count=27180, Max=5783, Min=101, Avg=181.73, 90=224, 99=282, 99.9=364, 99.99=748] 
Maximum time elapsed. Requesting stop for the workload.
Stop requested for workload. Now Joining!
2024-06-19 17:31:25:004 61 sec: 335624 operations; 7391.3 current ops/sec; est completion in 21 hours 40 minutes [READ: Count=3740, Max=3105, Min=86, Avg=134.81, 90=162, 99=202, 99.9=264, 99.99=3105] [CLEANUP: Count=1, Max=997, Min=997, Avg=997, 90=997, 99=997, 99.9=997, 99.99=997] [UPDATE: Count=3740, Max=599, Min=82, Avg=131.36, 90=158, 99=195, 99.9=264, 99.99=599] 
[OVERALL], RunTime(ms), 61016
[OVERALL], Throughput(ops/sec), 5500.59000917792
[TOTAL_GCS_Copy], Count, 31
[TOTAL_GC_TIME_Copy], Time(ms), 36
[TOTAL_GC_TIME_%_Copy], Time(%), 0.05900091779205455
[TOTAL_GCS_MarkSweepCompact], Count, 0
[TOTAL_GC_TIME_MarkSweepCompact], Time(ms), 0
[TOTAL_GC_TIME_%_MarkSweepCompact], Time(%), 0.0
[TOTAL_GCs], Count, 31
[TOTAL_GC_TIME], Time(ms), 36
[TOTAL_GC_TIME_%], Time(%), 0.05900091779205455
[READ], Operations, 167514
[READ], AverageLatency(us), 180.15913296799073
[READ], MinLatency(us), 86
[READ], MaxLatency(us), 19327
[READ], 95thPercentileLatency(us), 243
[READ], 99thPercentileLatency(us), 284
[READ], Return=OK, 167514
[CLEANUP], Operations, 1
[CLEANUP], AverageLatency(us), 997.0
[CLEANUP], MinLatency(us), 997
[CLEANUP], MaxLatency(us), 997
[CLEANUP], 95thPercentileLatency(us), 997
[CLEANUP], 99thPercentileLatency(us), 997
[UPDATE], Operations, 168110
[UPDATE], AverageLatency(us), 177.71482362738683
[UPDATE], MinLatency(us), 82
[UPDATE], MaxLatency(us), 28495
[UPDATE], 95thPercentileLatency(us), 240
[UPDATE], 99thPercentileLatency(us), 280
[UPDATE], Return=OK, 168110
AUTOTEST_DONE
