/nix/store/2vwkssqpzykk37r996cafq7x63imf4sp-openjdk-21+35/bin/java  -classpath /nix/store/zw02np72fzsmga6s5mphhw7x8qlzf4sv-ycsb-0.17.0/share/conf:/nix/store/zw02np72fzsmga6s5mphhw7x8qlzf4sv-ycsb-0.17.0/share/lib/core-0.17.0.jar:/nix/store/zw02np72fzsmga6s5mphhw7x8qlzf4sv-ycsb-0.17.0/share/lib/HdrHistogram-2.1.4.jar:/nix/store/zw02np72fzsmga6s5mphhw7x8qlzf4sv-ycsb-0.17.0/share/lib/htrace-core4-4.1.0-incubating.jar:/nix/store/zw02np72fzsmga6s5mphhw7x8qlzf4sv-ycsb-0.17.0/share/lib/jackson-core-asl-1.9.4.jar:/nix/store/zw02np72fzsmga6s5mphhw7x8qlzf4sv-ycsb-0.17.0/share/lib/jackson-mapper-asl-1.9.4.jar:/nix/store/zw02np72fzsmga6s5mphhw7x8qlzf4sv-ycsb-0.17.0/share/redis-binding/lib/commons-pool2-2.4.2.jar:/nix/store/zw02np72fzsmga6s5mphhw7x8qlzf4sv-ycsb-0.17.0/share/redis-binding/lib/jedis-2.9.0.jar:/nix/store/zw02np72fzsmga6s5mphhw7x8qlzf4sv-ycsb-0.17.0/share/redis-binding/lib/redis-binding-0.17.0.jar site.ycsb.Client -t -db site.ycsb.db.RedisClient -s -P /home/host/vmuxIO/test/moonprogs//../../ycsb/share/workloads/workloada -p redis.host=10.1.0.2 -p redis.port=6384 -p operationcount=429496729 -p maxexecutiontime=61 -threads 1
Command line: -t -db site.ycsb.db.RedisClient -s -P /home/host/vmuxIO/test/moonprogs//../../ycsb/share/workloads/workloada -p redis.host=10.1.0.2 -p redis.port=6384 -p operationcount=429496729 -p maxexecutiontime=61 -threads 1
YCSB Client 0.17.0

Loading workload...
Starting test.
Maximum execution time specified as: 61 secs
DBWrapper: report latency for each error is false and specific error codes to track for latency are: []
2025-04-02 00:51:13:403 0 sec: 0 operations; est completion in 0 second 
2025-04-02 00:51:23:197 10 sec: 15327 operations; 1532.55 current ops/sec; est completion in 3 days 5 hours [READ: Count=7619, Max=62911, Min=179, Avg=621.28, 90=905, 99=4103, 99.9=11239, 99.99=20911] [UPDATE: Count=7712, Max=195199, Min=166, Avg=622.01, 90=943, 99=4023, 99.9=8527, 99.99=12983] 
2025-04-02 00:51:33:199 20 sec: 29747 operations; 1441.86 current ops/sec; est completion in 3 days 8 hours [READ: Count=7218, Max=51039, Min=176, Avg=692.31, 90=1292, 99=1869, 99.9=4371, 99.99=22463] [UPDATE: Count=7199, Max=8271, Min=176, Avg=684.82, 90=1324, 99=1888, 99.9=3943, 99.99=7639] 
2025-04-02 00:51:43:200 30 sec: 48528 operations; 1877.72 current ops/sec; est completion in 3 days 1 hour [READ: Count=9399, Max=4551, Min=154, Avg=525.15, 90=868, 99=1181, 99.9=1699, 99.99=3545] [UPDATE: Count=9381, Max=14095, Min=160, Avg=530.26, 90=875, 99=1151, 99.9=2563, 99.99=8591] 
2025-04-02 00:51:53:197 40 sec: 70242 operations; 2172.05 current ops/sec; est completion in 2 days 19 hours [READ: Count=10783, Max=7323, Min=166, Avg=458.87, 90=892, 99=1138, 99.9=2167, 99.99=4983] [UPDATE: Count=10931, Max=4415, Min=172, Avg=455.68, 90=897, 99=1141, 99.9=1923, 99.99=3637] 
2025-04-02 00:52:03:198 50 sec: 89338 operations; 1909.6 current ops/sec; est completion in 2 days 18 hours [READ: Count=9590, Max=4049, Min=184, Avg=522.31, 90=940, 99=1217, 99.9=1814, 99.99=3203] [UPDATE: Count=9512, Max=8043, Min=189, Avg=520.96, 90=940, 99=1262, 99.9=1758, 99.99=4347] 
2025-04-02 00:52:13:198 60 sec: 107215 operations; 1787.52 current ops/sec; est completion in 2 days 18 hours [READ: Count=8937, Max=4647, Min=167, Avg=553.58, 90=1127, 99=1636, 99.9=2583, 99.99=3353] [UPDATE: Count=8934, Max=9407, Min=161, Avg=558.44, 90=1137, 99=1678, 99.9=2615, 99.99=8519] 
Maximum time elapsed. Requesting stop for the workload.
Stop requested for workload. Now Joining!
2025-04-02 00:52:14:208 61 sec: 110170 operations; 2925.74 current ops/sec; est completion in 2 days 18 hours [READ: Count=1457, Max=4021, Min=159, Avg=341.16, 90=434, 99=603, 99.9=3929, 99.99=4021] [CLEANUP: Count=1, Max=1289, Min=1289, Avg=1289, 90=1289, 99=1289, 99.9=1289, 99.99=1289] [UPDATE: Count=1498, Max=3219, Min=160, Avg=335.22, 90=437, 99=660, 99.9=2141, 99.99=3219] 
[OVERALL], RunTime(ms), 61013
[OVERALL], Throughput(ops/sec), 1805.6807565600773
[TOTAL_GCS_Copy], Count, 10
[TOTAL_GC_TIME_Copy], Time(ms), 23
[TOTAL_GC_TIME_%_Copy], Time(%), 0.03769688427056529
[TOTAL_GCS_MarkSweepCompact], Count, 0
[TOTAL_GC_TIME_MarkSweepCompact], Time(ms), 0
[TOTAL_GC_TIME_%_MarkSweepCompact], Time(%), 0.0
[TOTAL_GCs], Count, 10
[TOTAL_GC_TIME], Time(ms), 23
[TOTAL_GC_TIME_%], Time(%), 0.03769688427056529
[READ], Operations, 55003
[READ], AverageLatency(us), 546.6593458538625
[READ], MinLatency(us), 154
[READ], MaxLatency(us), 62911
[READ], 95thPercentileLatency(us), 1146
[READ], 99thPercentileLatency(us), 1687
[READ], Return=OK, 55003
[CLEANUP], Operations, 1
[CLEANUP], AverageLatency(us), 1289.0
[CLEANUP], MinLatency(us), 1289
[CLEANUP], MaxLatency(us), 1289
[CLEANUP], 95thPercentileLatency(us), 1289
[CLEANUP], 99thPercentileLatency(us), 1289
[UPDATE], Operations, 55167
[UPDATE], AverageLatency(us), 546.1425308608407
[UPDATE], MinLatency(us), 160
[UPDATE], MaxLatency(us), 195199
[UPDATE], 95thPercentileLatency(us), 1152
[UPDATE], 99thPercentileLatency(us), 1691
[UPDATE], Return=OK, 55167
AUTOTEST_DONE
