/nix/store/2vwkssqpzykk37r996cafq7x63imf4sp-openjdk-21+35/bin/java  -classpath /nix/store/zw02np72fzsmga6s5mphhw7x8qlzf4sv-ycsb-0.17.0/share/conf:/nix/store/zw02np72fzsmga6s5mphhw7x8qlzf4sv-ycsb-0.17.0/share/lib/core-0.17.0.jar:/nix/store/zw02np72fzsmga6s5mphhw7x8qlzf4sv-ycsb-0.17.0/share/lib/HdrHistogram-2.1.4.jar:/nix/store/zw02np72fzsmga6s5mphhw7x8qlzf4sv-ycsb-0.17.0/share/lib/htrace-core4-4.1.0-incubating.jar:/nix/store/zw02np72fzsmga6s5mphhw7x8qlzf4sv-ycsb-0.17.0/share/lib/jackson-core-asl-1.9.4.jar:/nix/store/zw02np72fzsmga6s5mphhw7x8qlzf4sv-ycsb-0.17.0/share/lib/jackson-mapper-asl-1.9.4.jar:/nix/store/zw02np72fzsmga6s5mphhw7x8qlzf4sv-ycsb-0.17.0/share/redis-binding/lib/commons-pool2-2.4.2.jar:/nix/store/zw02np72fzsmga6s5mphhw7x8qlzf4sv-ycsb-0.17.0/share/redis-binding/lib/jedis-2.9.0.jar:/nix/store/zw02np72fzsmga6s5mphhw7x8qlzf4sv-ycsb-0.17.0/share/redis-binding/lib/redis-binding-0.17.0.jar site.ycsb.Client -t -db site.ycsb.db.RedisClient -s -P /home/host/vmuxIO/test/moonprogs//../../ycsb/share/workloads/workloada -p redis.host=10.1.0.2 -p redis.port=6380 -p operationcount=429496729 -p maxexecutiontime=61 -threads 1
Command line: -t -db site.ycsb.db.RedisClient -s -P /home/host/vmuxIO/test/moonprogs//../../ycsb/share/workloads/workloada -p redis.host=10.1.0.2 -p redis.port=6380 -p operationcount=429496729 -p maxexecutiontime=61 -threads 1
YCSB Client 0.17.0

Loading workload...
Starting test.
Maximum execution time specified as: 61 secs
DBWrapper: report latency for each error is false and specific error codes to track for latency are: []
2024-07-19 22:23:24:834 0 sec: 0 operations; est completion in 0 second 
2024-07-19 22:23:34:663 10 sec: 82331 operations; 8233.1 current ops/sec; est completion in 14 hours 29 minutes [READ: Count=41205, Max=21871, Min=76, Avg=114.02, 90=135, 99=303, 99.9=1228, 99.99=6843] [UPDATE: Count=41155, Max=26335, Min=75, Avg=115.53, 90=136, 99=335, 99.9=2233, 99.99=4803] 
2024-07-19 22:23:44:663 20 sec: 170164 operations; 8782.42 current ops/sec; est completion in 14 hours 1 minute [READ: Count=43883, Max=4001, Min=78, Avg=112.62, 90=128, 99=162, 99.9=232, 99.99=604] [UPDATE: Count=43921, Max=2099, Min=74, Avg=110.44, 90=126, 99=158, 99.9=236, 99.99=1778] 
2024-07-19 22:23:54:663 30 sec: 256524 operations; 8636.86 current ops/sec; est completion in 13 hours 56 minutes [READ: Count=43306, Max=7283, Min=83, Avg=114.93, 90=128, 99=165, 99.9=242, 99.99=1852] [UPDATE: Count=43054, Max=2349, Min=80, Avg=112.63, 90=126, 99=164, 99.9=235, 99.99=1886] 
2024-07-19 22:24:04:663 40 sec: 351248 operations; 9472.4 current ops/sec; est completion in 13 hours 34 minutes [READ: Count=47436, Max=8027, Min=77, Avg=104.91, 90=123, 99=169, 99.9=269, 99.99=662] [UPDATE: Count=47288, Max=3753, Min=73, Avg=102.83, 90=121, 99=168, 99.9=290, 99.99=1835] 
2024-07-19 22:24:14:663 50 sec: 446281 operations; 9503.3 current ops/sec; est completion in 13 hours 21 minutes [READ: Count=47235, Max=7823, Min=76, Avg=104.89, 90=127, 99=156, 99.9=201, 99.99=707] [UPDATE: Count=47798, Max=1941, Min=73, Avg=102.29, 90=124, 99=154, 99.9=193, 99.99=1799] 
2024-07-19 22:24:24:663 60 sec: 532043 operations; 8576.2 current ops/sec; est completion in 13 hours 26 minutes [READ: Count=42854, Max=2719, Min=84, Avg=115.74, 90=130, 99=165, 99.9=243, 99.99=1963] [UPDATE: Count=42908, Max=7063, Min=81, Avg=113.37, 90=128, 99=162, 99.9=223, 99.99=1926] 
Maximum time elapsed. Requesting stop for the workload.
Stop requested for workload. Now Joining!
2024-07-19 22:24:25:675 61 sec: 541823 operations; 9664.03 current ops/sec; est completion in 13 hours 25 minutes [READ: Count=4860, Max=7559, Min=75, Avg=102.72, 90=118, 99=151, 99.9=405, 99.99=7559] [CLEANUP: Count=1, Max=1041, Min=1041, Avg=1041, 90=1041, 99=1041, 99.9=1041, 99.99=1041] [UPDATE: Count=4920, Max=3649, Min=75, Avg=100.43, 90=118, 99=148, 99.9=816, 99.99=3649] 
[OVERALL], RunTime(ms), 61016
[OVERALL], Throughput(ops/sec), 8880.015078012324
[TOTAL_GCS_Copy], Count, 50
[TOTAL_GC_TIME_Copy], Time(ms), 24
[TOTAL_GC_TIME_%_Copy], Time(%), 0.03933394519470303
[TOTAL_GCS_MarkSweepCompact], Count, 0
[TOTAL_GC_TIME_MarkSweepCompact], Time(ms), 0
[TOTAL_GC_TIME_%_MarkSweepCompact], Time(%), 0.0
[TOTAL_GCs], Count, 50
[TOTAL_GC_TIME], Time(ms), 24
[TOTAL_GC_TIME_%], Time(%), 0.03933394519470303
[READ], Operations, 270779
[READ], AverageLatency(us), 110.81973121992473
[READ], MinLatency(us), 75
[READ], MaxLatency(us), 21871
[READ], 95thPercentileLatency(us), 138
[READ], 99thPercentileLatency(us), 180
[READ], Return=OK, 270779
[CLEANUP], Operations, 1
[CLEANUP], AverageLatency(us), 1041.0
[CLEANUP], MinLatency(us), 1041
[CLEANUP], MaxLatency(us), 1041
[CLEANUP], 95thPercentileLatency(us), 1041
[CLEANUP], 99thPercentileLatency(us), 1041
[UPDATE], Operations, 271044
[UPDATE], AverageLatency(us), 109.07882484024734
[UPDATE], MinLatency(us), 73
[UPDATE], MaxLatency(us), 26335
[UPDATE], 95thPercentileLatency(us), 136
[UPDATE], 99thPercentileLatency(us), 180
[UPDATE], Return=OK, 271044
AUTOTEST_DONE
