/nix/store/2vwkssqpzykk37r996cafq7x63imf4sp-openjdk-21+35/bin/java  -classpath /nix/store/zw02np72fzsmga6s5mphhw7x8qlzf4sv-ycsb-0.17.0/share/conf:/nix/store/zw02np72fzsmga6s5mphhw7x8qlzf4sv-ycsb-0.17.0/share/lib/core-0.17.0.jar:/nix/store/zw02np72fzsmga6s5mphhw7x8qlzf4sv-ycsb-0.17.0/share/lib/HdrHistogram-2.1.4.jar:/nix/store/zw02np72fzsmga6s5mphhw7x8qlzf4sv-ycsb-0.17.0/share/lib/htrace-core4-4.1.0-incubating.jar:/nix/store/zw02np72fzsmga6s5mphhw7x8qlzf4sv-ycsb-0.17.0/share/lib/jackson-core-asl-1.9.4.jar:/nix/store/zw02np72fzsmga6s5mphhw7x8qlzf4sv-ycsb-0.17.0/share/lib/jackson-mapper-asl-1.9.4.jar:/nix/store/zw02np72fzsmga6s5mphhw7x8qlzf4sv-ycsb-0.17.0/share/redis-binding/lib/commons-pool2-2.4.2.jar:/nix/store/zw02np72fzsmga6s5mphhw7x8qlzf4sv-ycsb-0.17.0/share/redis-binding/lib/jedis-2.9.0.jar:/nix/store/zw02np72fzsmga6s5mphhw7x8qlzf4sv-ycsb-0.17.0/share/redis-binding/lib/redis-binding-0.17.0.jar site.ycsb.Client -t -db site.ycsb.db.RedisClient -s -P /home/host/vmuxIO/test/moonprogs//../../ycsb/share/workloads/workloada -p redis.host=10.1.0.2 -p redis.port=6381 -p operationcount=429496729 -p maxexecutiontime=61 -threads 1
Command line: -t -db site.ycsb.db.RedisClient -s -P /home/host/vmuxIO/test/moonprogs//../../ycsb/share/workloads/workloada -p redis.host=10.1.0.2 -p redis.port=6381 -p operationcount=429496729 -p maxexecutiontime=61 -threads 1
YCSB Client 0.17.0

Loading workload...
Starting test.
Maximum execution time specified as: 61 secs
DBWrapper: report latency for each error is false and specific error codes to track for latency are: []
2025-04-18 13:29:47:661 0 sec: 0 operations; est completion in 0 second 
2025-04-18 13:29:57:443 10 sec: 16833 operations; 1683.13 current ops/sec; est completion in 2 days 22 hours [READ: Count=8439, Max=64479, Min=82, Avg=575.85, 90=816, 99=7503, 99.9=10711, 99.99=19455] [UPDATE: Count=8428, Max=19647, Min=82, Avg=569.79, 90=815, 99=7031, 99.9=11263, 99.99=18271] 
2025-04-18 13:30:07:442 20 sec: 41610 operations; 2477.95 current ops/sec; est completion in 2 days 9 hours [READ: Count=12412, Max=10031, Min=78, Avg=397.94, 90=322, 99=4259, 99.9=7975, 99.99=8463] [UPDATE: Count=12331, Max=204927, Min=80, Avg=401.4, 90=314, 99=4255, 99.9=8039, 99.99=9383] 
2025-04-18 13:30:17:443 30 sec: 69516 operations; 2790.6 current ops/sec; est completion in 2 days 3 hours [READ: Count=14015, Max=205439, Min=79, Avg=369.68, 90=262, 99=4219, 99.9=7351, 99.99=12439] [UPDATE: Count=13891, Max=12503, Min=75, Avg=340.54, 90=255, 99=4207, 99.9=7471, 99.99=8239] 
2025-04-18 13:30:27:443 40 sec: 96407 operations; 2688.83 current ops/sec; est completion in 2 days 1 hour [READ: Count=13471, Max=206975, Min=77, Avg=379.09, 90=258, 99=4227, 99.9=7983, 99.99=13143] [UPDATE: Count=13420, Max=8179, Min=76, Avg=360.71, 90=256, 99=4219, 99.9=7527, 99.99=8139] 
2025-04-18 13:30:37:443 50 sec: 119732 operations; 2332.73 current ops/sec; est completion in 2 days 1 hour [READ: Count=11681, Max=207999, Min=75, Avg=448.76, 90=318, 99=4255, 99.9=7951, 99.99=204159] [UPDATE: Count=11644, Max=203519, Min=74, Avg=404.23, 90=303, 99=4267, 99.9=7999, 99.99=8551] 
2025-04-18 13:30:47:443 60 sec: 148393 operations; 2866.1 current ops/sec; est completion in 2 days [READ: Count=14158, Max=14087, Min=81, Avg=347.85, 90=272, 99=4199, 99.9=7283, 99.99=8983] [UPDATE: Count=14503, Max=11111, Min=76, Avg=346.01, 90=267, 99=4215, 99.9=7331, 99.99=9079] 
Maximum time elapsed. Requesting stop for the workload.
Stop requested for workload. Now Joining!
2025-04-18 13:30:48:454 61 sec: 151099 operations; 2676.56 current ops/sec; est completion in 2 days [READ: Count=1323, Max=8223, Min=86, Avg=355.83, 90=270, 99=4227, 99.9=8107, 99.99=8223] [CLEANUP: Count=1, Max=1218, Min=1218, Avg=1218, 90=1218, 99=1218, 99.9=1218, 99.99=1218] [UPDATE: Count=1383, Max=15663, Min=84, Avg=388.28, 90=277, 99=4211, 99.9=8143, 99.99=15663] 
[OVERALL], RunTime(ms), 61015
[OVERALL], Throughput(ops/sec), 2476.423830205687
[TOTAL_GCS_Copy], Count, 14
[TOTAL_GC_TIME_Copy], Time(ms), 23
[TOTAL_GC_TIME_%_Copy], Time(%), 0.0376956486109973
[TOTAL_GCS_MarkSweepCompact], Count, 0
[TOTAL_GC_TIME_MarkSweepCompact], Time(ms), 0
[TOTAL_GC_TIME_%_MarkSweepCompact], Time(%), 0.0
[TOTAL_GCs], Count, 14
[TOTAL_GC_TIME], Time(ms), 23
[TOTAL_GC_TIME_%], Time(%), 0.0376956486109973
[READ], Operations, 75499
[READ], AverageLatency(us), 406.94682048768857
[READ], MinLatency(us), 75
[READ], MaxLatency(us), 207999
[READ], 95thPercentileLatency(us), 3035
[READ], 99thPercentileLatency(us), 4275
[READ], Return=OK, 75499
[CLEANUP], Operations, 1
[CLEANUP], AverageLatency(us), 1218.0
[CLEANUP], MinLatency(us), 1218
[CLEANUP], MaxLatency(us), 1218
[CLEANUP], 95thPercentileLatency(us), 1218
[CLEANUP], 99thPercentileLatency(us), 1218
[UPDATE], Operations, 75600
[UPDATE], AverageLatency(us), 391.3360317460317
[UPDATE], MinLatency(us), 74
[UPDATE], MaxLatency(us), 204927
[UPDATE], 95thPercentileLatency(us), 2873
[UPDATE], 99thPercentileLatency(us), 4279
[UPDATE], Return=OK, 75600
AUTOTEST_DONE
