/nix/store/2vwkssqpzykk37r996cafq7x63imf4sp-openjdk-21+35/bin/java  -classpath /nix/store/zw02np72fzsmga6s5mphhw7x8qlzf4sv-ycsb-0.17.0/share/conf:/nix/store/zw02np72fzsmga6s5mphhw7x8qlzf4sv-ycsb-0.17.0/share/lib/core-0.17.0.jar:/nix/store/zw02np72fzsmga6s5mphhw7x8qlzf4sv-ycsb-0.17.0/share/lib/HdrHistogram-2.1.4.jar:/nix/store/zw02np72fzsmga6s5mphhw7x8qlzf4sv-ycsb-0.17.0/share/lib/htrace-core4-4.1.0-incubating.jar:/nix/store/zw02np72fzsmga6s5mphhw7x8qlzf4sv-ycsb-0.17.0/share/lib/jackson-core-asl-1.9.4.jar:/nix/store/zw02np72fzsmga6s5mphhw7x8qlzf4sv-ycsb-0.17.0/share/lib/jackson-mapper-asl-1.9.4.jar:/nix/store/zw02np72fzsmga6s5mphhw7x8qlzf4sv-ycsb-0.17.0/share/redis-binding/lib/commons-pool2-2.4.2.jar:/nix/store/zw02np72fzsmga6s5mphhw7x8qlzf4sv-ycsb-0.17.0/share/redis-binding/lib/jedis-2.9.0.jar:/nix/store/zw02np72fzsmga6s5mphhw7x8qlzf4sv-ycsb-0.17.0/share/redis-binding/lib/redis-binding-0.17.0.jar site.ycsb.Client -t -db site.ycsb.db.RedisClient -s -P /home/host/vmuxIO/test/moonprogs//../../ycsb/share/workloads/workloada -p redis.host=10.1.0.2 -p redis.port=6389 -p operationcount=429496729 -p maxexecutiontime=61 -threads 1
Command line: -t -db site.ycsb.db.RedisClient -s -P /home/host/vmuxIO/test/moonprogs//../../ycsb/share/workloads/workloada -p redis.host=10.1.0.2 -p redis.port=6389 -p operationcount=429496729 -p maxexecutiontime=61 -threads 1
YCSB Client 0.17.0

Loading workload...
Starting test.
Maximum execution time specified as: 61 secs
2025-04-02 00:19:07:276 0 sec: 0 operations; est completion in 0 second 
DBWrapper: report latency for each error is false and specific error codes to track for latency are: []
2025-04-02 00:19:17:113 10 sec: 45351 operations; 4535.1 current ops/sec; est completion in 1 day 2 hours [READ: Count=22685, Max=86975, Min=79, Avg=208.4, 90=239, 99=1889, 99.9=4295, 99.99=36639] [UPDATE: Count=22667, Max=130303, Min=76, Avg=210.54, 90=241, 99=1969, 99.9=4131, 99.99=19951] 
2025-04-02 00:19:27:113 20 sec: 108875 operations; 6352.4 current ops/sec; est completion in 21 hours 54 minutes [READ: Count=31777, Max=4037, Min=73, Avg=155.86, 90=216, 99=345, 99.9=1005, 99.99=3755] [UPDATE: Count=31746, Max=27951, Min=74, Avg=154.12, 90=212, 99=338, 99.9=1438, 99.99=3825] 
2025-04-02 00:19:37:113 30 sec: 172814 operations; 6393.9 current ops/sec; est completion in 20 hours 42 minutes [READ: Count=31773, Max=4081, Min=78, Avg=154.65, 90=213, 99=371, 99.9=879, 99.99=3781] [UPDATE: Count=32166, Max=25663, Min=76, Avg=154.45, 90=212, 99=363, 99.9=1247, 99.99=4111] 
2025-04-02 00:19:47:113 40 sec: 232590 operations; 5977.6 current ops/sec; est completion in 20 hours 30 minutes [READ: Count=29730, Max=5235, Min=76, Avg=165.7, 90=231, 99=509, 99.9=1605, 99.99=4147] [UPDATE: Count=30046, Max=13943, Min=74, Avg=165.05, 90=231, 99=499, 99.9=1773, 99.99=4915] 
2025-04-02 00:19:57:113 50 sec: 296718 operations; 6412.8 current ops/sec; est completion in 20 hours 5 minutes [READ: Count=32137, Max=6895, Min=79, Avg=154.58, 90=208, 99=337, 99.9=757, 99.99=3499] [UPDATE: Count=31991, Max=5023, Min=79, Avg=153.59, 90=207, 99=344, 99.9=1224, 99.99=4035] 
2025-04-02 00:20:07:113 60 sec: 360651 operations; 6393.3 current ops/sec; est completion in 19 hours 49 minutes [READ: Count=32144, Max=6211, Min=77, Avg=155.73, 90=210, 99=364, 99.9=1474, 99.99=3889] [UPDATE: Count=31789, Max=6711, Min=72, Avg=153.37, 90=208, 99=359, 99.9=1151, 99.99=3549] 
Maximum time elapsed. Requesting stop for the workload.
Stop requested for workload. Now Joining!
2025-04-02 00:20:08:122 61 sec: 367585 operations; 6872.15 current ops/sec; est completion in 19 hours 47 minutes [READ: Count=3433, Max=3687, Min=80, Avg=144.64, 90=179, 99=240, 99.9=628, 99.99=3687] [CLEANUP: Count=1, Max=1411, Min=1411, Avg=1411, 90=1411, 99=1411, 99.9=1411, 99.99=1411] [UPDATE: Count=3501, Max=4527, Min=77, Avg=142.29, 90=175, 99=239, 99.9=387, 99.99=4527] 
[OVERALL], RunTime(ms), 61012
[OVERALL], Throughput(ops/sec), 6024.798400314692
[TOTAL_GCS_Copy], Count, 34
[TOTAL_GC_TIME_Copy], Time(ms), 24
[TOTAL_GC_TIME_%_Copy], Time(%), 0.039336523962499176
[TOTAL_GCS_MarkSweepCompact], Count, 0
[TOTAL_GC_TIME_MarkSweepCompact], Time(ms), 0
[TOTAL_GC_TIME_%_MarkSweepCompact], Time(%), 0.0
[TOTAL_GCs], Count, 34
[TOTAL_GC_TIME], Time(ms), 24
[TOTAL_GC_TIME_%], Time(%), 0.039336523962499176
[READ], Operations, 183679
[READ], AverageLatency(us), 163.2757691407292
[READ], MinLatency(us), 73
[READ], MaxLatency(us), 86975
[READ], 95thPercentileLatency(us), 253
[READ], 99thPercentileLatency(us), 414
[READ], Return=OK, 183679
[CLEANUP], Operations, 1
[CLEANUP], AverageLatency(us), 1411.0
[CLEANUP], MinLatency(us), 1411
[CLEANUP], MaxLatency(us), 1411
[CLEANUP], 95thPercentileLatency(us), 1411
[CLEANUP], 99thPercentileLatency(us), 1411
[UPDATE], Operations, 183906
[UPDATE], AverageLatency(us), 162.46963122464737
[UPDATE], MinLatency(us), 72
[UPDATE], MaxLatency(us), 130303
[UPDATE], 95thPercentileLatency(us), 251
[UPDATE], 99thPercentileLatency(us), 423
[UPDATE], Return=OK, 183906
AUTOTEST_DONE
