/nix/store/2vwkssqpzykk37r996cafq7x63imf4sp-openjdk-21+35/bin/java  -classpath /nix/store/zw02np72fzsmga6s5mphhw7x8qlzf4sv-ycsb-0.17.0/share/conf:/nix/store/zw02np72fzsmga6s5mphhw7x8qlzf4sv-ycsb-0.17.0/share/lib/core-0.17.0.jar:/nix/store/zw02np72fzsmga6s5mphhw7x8qlzf4sv-ycsb-0.17.0/share/lib/HdrHistogram-2.1.4.jar:/nix/store/zw02np72fzsmga6s5mphhw7x8qlzf4sv-ycsb-0.17.0/share/lib/htrace-core4-4.1.0-incubating.jar:/nix/store/zw02np72fzsmga6s5mphhw7x8qlzf4sv-ycsb-0.17.0/share/lib/jackson-core-asl-1.9.4.jar:/nix/store/zw02np72fzsmga6s5mphhw7x8qlzf4sv-ycsb-0.17.0/share/lib/jackson-mapper-asl-1.9.4.jar:/nix/store/zw02np72fzsmga6s5mphhw7x8qlzf4sv-ycsb-0.17.0/share/redis-binding/lib/commons-pool2-2.4.2.jar:/nix/store/zw02np72fzsmga6s5mphhw7x8qlzf4sv-ycsb-0.17.0/share/redis-binding/lib/jedis-2.9.0.jar:/nix/store/zw02np72fzsmga6s5mphhw7x8qlzf4sv-ycsb-0.17.0/share/redis-binding/lib/redis-binding-0.17.0.jar site.ycsb.Client -t -db site.ycsb.db.RedisClient -s -P /home/host/vmuxIO/test/moonprogs//../../ycsb/share/workloads/workloada -p redis.host=10.1.0.2 -p redis.port=6379 -p operationcount=429496729 -p maxexecutiontime=61 -threads 1
Command line: -t -db site.ycsb.db.RedisClient -s -P /home/host/vmuxIO/test/moonprogs//../../ycsb/share/workloads/workloada -p redis.host=10.1.0.2 -p redis.port=6379 -p operationcount=429496729 -p maxexecutiontime=61 -threads 1
YCSB Client 0.17.0

Loading workload...
Starting test.
Maximum execution time specified as: 61 secs
DBWrapper: report latency for each error is false and specific error codes to track for latency are: []
2024-08-21 20:00:03:549 0 sec: 0 operations; est completion in 0 second [UPDATE: Count=1, Max=36479, Min=36448, Avg=36464, 90=36479, 99=36479, 99.9=36479, 99.99=36479] 
2024-08-21 20:00:13:309 10 sec: 11261 operations; 1125.99 current ops/sec; est completion in 4 days 9 hours [READ: Count=5591, Max=36671, Min=113, Avg=856.32, 90=3559, 99=7423, 99.9=12047, 99.99=16031] [UPDATE: Count=5680, Max=23231, Min=119, Avg=836.81, 90=3465, 99=7459, 99.9=11271, 99.99=15095] 
2024-08-21 20:00:23:309 20 sec: 28504 operations; 1724.47 current ops/sec; est completion in 3 days 11 hours [READ: Count=8657, Max=205951, Min=112, Avg=562.52, 90=454, 99=4383, 99.9=7407, 99.99=205567] [UPDATE: Count=8579, Max=211199, Min=110, Avg=587.36, 90=458, 99=4375, 99.9=7507, 99.99=209919] 
2024-08-21 20:00:33:309 30 sec: 47851 operations; 1934.7 current ops/sec; est completion in 3 days 2 hours [READ: Count=9711, Max=10679, Min=114, Avg=520.14, 90=454, 99=4283, 99.9=6591, 99.99=10471] [UPDATE: Count=9632, Max=8067, Min=107, Avg=504.06, 90=448, 99=4287, 99.9=6651, 99.99=7703] 
2024-08-21 20:00:43:309 40 sec: 65357 operations; 1750.6 current ops/sec; est completion in 3 days 1 hour [READ: Count=8805, Max=7523, Min=130, Avg=572.02, 90=580, 99=4383, 99.9=7115, 99.99=7419] [UPDATE: Count=8701, Max=7687, Min=130, Avg=561.6, 90=569, 99=4343, 99.9=6627, 99.99=7295] 
2024-08-21 20:00:53:309 50 sec: 85508 operations; 2015.1 current ops/sec; est completion in 2 days 21 hours [READ: Count=9959, Max=11903, Min=124, Avg=467.27, 90=364, 99=4251, 99.9=6243, 99.99=8575] [UPDATE: Count=10192, Max=205567, Min=125, Avg=502.9, 90=369, 99=4263, 99.9=6235, 99.99=7239] 
2024-08-21 20:01:03:309 60 sec: 105547 operations; 2003.9 current ops/sec; est completion in 2 days 19 hours [READ: Count=10011, Max=8623, Min=115, Avg=498.08, 90=419, 99=4247, 99.9=7075, 99.99=7331] [UPDATE: Count=10028, Max=208639, Min=122, Avg=510.35, 90=412, 99=4243, 99.9=7163, 99.99=7371] 
Maximum time elapsed. Requesting stop for the workload.
Stop requested for workload. Now Joining!
2024-08-21 20:01:04:326 61 sec: 107677 operations; 2094.4 current ops/sec; est completion in 2 days 19 hours [READ: Count=1076, Max=7243, Min=122, Avg=452.29, 90=348, 99=4259, 99.9=6079, 99.99=7243] [CLEANUP: Count=1, Max=5255, Min=5252, Avg=5254, 90=5255, 99=5255, 99.9=5255, 99.99=5255] [UPDATE: Count=1054, Max=13383, Min=117, Avg=489.49, 90=348, 99=4255, 99.9=7071, 99.99=13383] 
[OVERALL], RunTime(ms), 61025
[OVERALL], Throughput(ops/sec), 1764.4735764031134
[TOTAL_GCS_Copy], Count, 10
[TOTAL_GC_TIME_Copy], Time(ms), 23
[TOTAL_GC_TIME_%_Copy], Time(%), 0.03768947152806227
[TOTAL_GCS_MarkSweepCompact], Count, 0
[TOTAL_GC_TIME_MarkSweepCompact], Time(ms), 0
[TOTAL_GC_TIME_%_MarkSweepCompact], Time(%), 0.0
[TOTAL_GCs], Count, 10
[TOTAL_GC_TIME], Time(ms), 23
[TOTAL_GC_TIME_%], Time(%), 0.03768947152806227
[READ], Operations, 53810
[READ], AverageLatency(us), 555.1302917673295
[READ], MinLatency(us), 112
[READ], MaxLatency(us), 205951
[READ], 95thPercentileLatency(us), 3681
[READ], 99thPercentileLatency(us), 4379
[READ], Return=OK, 53810
[CLEANUP], Operations, 1
[CLEANUP], AverageLatency(us), 5254.0
[CLEANUP], MinLatency(us), 5252
[CLEANUP], MaxLatency(us), 5255
[CLEANUP], 95thPercentileLatency(us), 5255
[CLEANUP], 99thPercentileLatency(us), 5255
[UPDATE], Operations, 53867
[UPDATE], AverageLatency(us), 563.0407856387027
[UPDATE], MinLatency(us), 107
[UPDATE], MaxLatency(us), 211199
[UPDATE], 95thPercentileLatency(us), 3707
[UPDATE], 99thPercentileLatency(us), 4383
[UPDATE], Return=OK, 53867
AUTOTEST_DONE
