/nix/store/2vwkssqpzykk37r996cafq7x63imf4sp-openjdk-21+35/bin/java  -classpath /nix/store/zw02np72fzsmga6s5mphhw7x8qlzf4sv-ycsb-0.17.0/share/conf:/nix/store/zw02np72fzsmga6s5mphhw7x8qlzf4sv-ycsb-0.17.0/share/lib/core-0.17.0.jar:/nix/store/zw02np72fzsmga6s5mphhw7x8qlzf4sv-ycsb-0.17.0/share/lib/HdrHistogram-2.1.4.jar:/nix/store/zw02np72fzsmga6s5mphhw7x8qlzf4sv-ycsb-0.17.0/share/lib/htrace-core4-4.1.0-incubating.jar:/nix/store/zw02np72fzsmga6s5mphhw7x8qlzf4sv-ycsb-0.17.0/share/lib/jackson-core-asl-1.9.4.jar:/nix/store/zw02np72fzsmga6s5mphhw7x8qlzf4sv-ycsb-0.17.0/share/lib/jackson-mapper-asl-1.9.4.jar:/nix/store/zw02np72fzsmga6s5mphhw7x8qlzf4sv-ycsb-0.17.0/share/redis-binding/lib/commons-pool2-2.4.2.jar:/nix/store/zw02np72fzsmga6s5mphhw7x8qlzf4sv-ycsb-0.17.0/share/redis-binding/lib/jedis-2.9.0.jar:/nix/store/zw02np72fzsmga6s5mphhw7x8qlzf4sv-ycsb-0.17.0/share/redis-binding/lib/redis-binding-0.17.0.jar site.ycsb.Client -t -db site.ycsb.db.RedisClient -s -P /home/host/vmuxIO/test/moonprogs//../../ycsb/share/workloads/workloada -p redis.host=10.1.0.2 -p redis.port=6386 -p operationcount=429496729 -p maxexecutiontime=61 -threads 1
Command line: -t -db site.ycsb.db.RedisClient -s -P /home/host/vmuxIO/test/moonprogs//../../ycsb/share/workloads/workloada -p redis.host=10.1.0.2 -p redis.port=6386 -p operationcount=429496729 -p maxexecutiontime=61 -threads 1
YCSB Client 0.17.0

Loading workload...
Starting test.
Maximum execution time specified as: 61 secs
DBWrapper: report latency for each error is false and specific error codes to track for latency are: []
2024-08-21 20:00:07:495 0 sec: 0 operations; est completion in 0 second [UPDATE: Count=1, Max=41887, Min=41856, Avg=41872, 90=41887, 99=41887, 99.9=41887, 99.99=41887] 
2024-08-21 20:00:17:225 10 sec: 25695 operations; 2569.24 current ops/sec; est completion in 1 day 22 hours [READ: Count=12832, Max=50367, Min=126, Avg=370.88, 90=408, 99=3409, 99.9=8019, 99.99=20751] [UPDATE: Count=12866, Max=15239, Min=130, Avg=365.94, 90=409, 99=3361, 99.9=7983, 99.99=13463] 
2024-08-21 20:00:27:225 20 sec: 56316 operations; 3062.1 current ops/sec; est completion in 1 day 18 hours [READ: Count=15163, Max=15247, Min=113, Avg=323.99, 90=420, 99=2309, 99.9=3907, 99.99=4995] [UPDATE: Count=15454, Max=6791, Min=118, Avg=320.17, 90=414, 99=2461, 99.9=3955, 99.99=4171] 
2024-08-21 20:00:37:225 30 sec: 85473 operations; 2915.99 current ops/sec; est completion in 1 day 17 hours [READ: Count=14524, Max=13431, Min=122, Avg=344.51, 90=462, 99=2339, 99.9=4143, 99.99=7987] [UPDATE: Count=14633, Max=8003, Min=122, Avg=334.73, 90=457, 99=2022, 99.9=3941, 99.99=7983] 
2024-08-21 20:00:47:228 40 sec: 111739 operations; 2625.81 current ops/sec; est completion in 1 day 18 hours [READ: Count=13054, Max=6643, Min=131, Avg=382.78, 90=506, 99=3179, 99.9=4051, 99.99=5731] [UPDATE: Count=13212, Max=5075, Min=123, Avg=372.33, 90=489, 99=3137, 99.9=4017, 99.99=4559] 
2024-08-21 20:00:57:225 50 sec: 141223 operations; 2948.99 current ops/sec; est completion in 1 day 18 hours [READ: Count=14842, Max=12279, Min=114, Avg=340.33, 90=403, 99=3131, 99.9=4131, 99.99=6747] [UPDATE: Count=14642, Max=6419, Min=115, Avg=332.22, 90=395, 99=3133, 99.9=3951, 99.99=4575] 
2024-08-21 20:01:07:225 60 sec: 175027 operations; 3380.74 current ops/sec; est completion in 1 day 16 hours [READ: Count=16899, Max=10999, Min=117, Avg=294.82, 90=404, 99=1140, 99.9=3887, 99.99=4655] [UPDATE: Count=16905, Max=4195, Min=108, Avg=290.99, 90=401, 99=1218, 99.9=3765, 99.99=4099] 
Maximum time elapsed. Requesting stop for the workload.
Stop requested for workload. Now Joining!
2024-08-21 20:01:08:234 61 sec: 178505 operations; 3443.56 current ops/sec; est completion in 1 day 16 hours [READ: Count=1722, Max=9303, Min=131, Avg=296.58, 90=409, 99=1272, 99.9=3963, 99.99=9303] [CLEANUP: Count=1, Max=1376, Min=1376, Avg=1376, 90=1376, 99=1376, 99.9=1376, 99.99=1376] [UPDATE: Count=1756, Max=3797, Min=124, Avg=277.99, 90=398, 99=886, 99.9=3597, 99.99=3797] 
[OVERALL], RunTime(ms), 61013
[OVERALL], Throughput(ops/sec), 2925.687968137938
[TOTAL_GCS_Copy], Count, 16
[TOTAL_GC_TIME_Copy], Time(ms), 33
[TOTAL_GC_TIME_%_Copy], Time(%), 0.05408683395341977
[TOTAL_GCS_MarkSweepCompact], Count, 0
[TOTAL_GC_TIME_MarkSweepCompact], Time(ms), 0
[TOTAL_GC_TIME_%_MarkSweepCompact], Time(%), 0.0
[TOTAL_GCs], Count, 16
[TOTAL_GC_TIME], Time(ms), 33
[TOTAL_GC_TIME_%], Time(%), 0.05408683395341977
[READ], Operations, 89036
[READ], AverageLatency(us), 339.37335459814005
[READ], MinLatency(us), 113
[READ], MaxLatency(us), 50367
[READ], 95thPercentileLatency(us), 629
[READ], 99thPercentileLatency(us), 2835
[READ], Return=OK, 89036
[CLEANUP], Operations, 1
[CLEANUP], AverageLatency(us), 1376.0
[CLEANUP], MinLatency(us), 1376
[CLEANUP], MaxLatency(us), 1376
[CLEANUP], 95thPercentileLatency(us), 1376
[CLEANUP], 99thPercentileLatency(us), 1376
[UPDATE], Operations, 89469
[UPDATE], AverageLatency(us), 332.9304116509629
[UPDATE], MinLatency(us), 108
[UPDATE], MaxLatency(us), 41887
[UPDATE], 95thPercentileLatency(us), 622
[UPDATE], 99thPercentileLatency(us), 2805
[UPDATE], Return=OK, 89469
AUTOTEST_DONE
