/nix/store/2vwkssqpzykk37r996cafq7x63imf4sp-openjdk-21+35/bin/java  -classpath /nix/store/zw02np72fzsmga6s5mphhw7x8qlzf4sv-ycsb-0.17.0/share/conf:/nix/store/zw02np72fzsmga6s5mphhw7x8qlzf4sv-ycsb-0.17.0/share/lib/core-0.17.0.jar:/nix/store/zw02np72fzsmga6s5mphhw7x8qlzf4sv-ycsb-0.17.0/share/lib/HdrHistogram-2.1.4.jar:/nix/store/zw02np72fzsmga6s5mphhw7x8qlzf4sv-ycsb-0.17.0/share/lib/htrace-core4-4.1.0-incubating.jar:/nix/store/zw02np72fzsmga6s5mphhw7x8qlzf4sv-ycsb-0.17.0/share/lib/jackson-core-asl-1.9.4.jar:/nix/store/zw02np72fzsmga6s5mphhw7x8qlzf4sv-ycsb-0.17.0/share/lib/jackson-mapper-asl-1.9.4.jar:/nix/store/zw02np72fzsmga6s5mphhw7x8qlzf4sv-ycsb-0.17.0/share/redis-binding/lib/commons-pool2-2.4.2.jar:/nix/store/zw02np72fzsmga6s5mphhw7x8qlzf4sv-ycsb-0.17.0/share/redis-binding/lib/jedis-2.9.0.jar:/nix/store/zw02np72fzsmga6s5mphhw7x8qlzf4sv-ycsb-0.17.0/share/redis-binding/lib/redis-binding-0.17.0.jar site.ycsb.Client -t -db site.ycsb.db.RedisClient -s -P /home/host/vmuxIO/test/moonprogs//../../ycsb/share/workloads/workloada -p redis.host=10.1.0.2 -p redis.port=6379 -p operationcount=429496729 -p maxexecutiontime=61 -threads 1
Command line: -t -db site.ycsb.db.RedisClient -s -P /home/host/vmuxIO/test/moonprogs//../../ycsb/share/workloads/workloada -p redis.host=10.1.0.2 -p redis.port=6379 -p operationcount=429496729 -p maxexecutiontime=61 -threads 1
YCSB Client 0.17.0

Loading workload...
Starting test.
Maximum execution time specified as: 61 secs
DBWrapper: report latency for each error is false and specific error codes to track for latency are: []
2024-10-03 03:51:07:516 0 sec: 0 operations; est completion in 0 second [UPDATE: Count=1, Max=37919, Min=37888, Avg=37904, 90=37919, 99=37919, 99.9=37919, 99.99=37919] 
2024-10-03 03:51:17:165 10 sec: 16164 operations; 1616.4 current ops/sec; est completion in 3 days 1 hour [READ: Count=8101, Max=39391, Min=105, Avg=570.57, 90=594, 99=5651, 99.9=8055, 99.99=8959] [UPDATE: Count=8063, Max=19983, Min=107, Avg=593.18, 90=784, 99=5575, 99.9=8727, 99.99=16247] 
2024-10-03 03:51:27:165 20 sec: 33104 operations; 1694 current ops/sec; est completion in 3 days [READ: Count=8444, Max=205183, Min=111, Avg=600.7, 90=446, 99=4319, 99.9=7199, 99.99=204287] [UPDATE: Count=8495, Max=206079, Min=109, Avg=567.72, 90=466, 99=4319, 99.9=7295, 99.99=9823] 
2024-10-03 03:51:37:165 30 sec: 51515 operations; 1841.1 current ops/sec; est completion in 2 days 21 hours [READ: Count=9130, Max=9207, Min=119, Avg=524.96, 90=475, 99=4267, 99.9=6603, 99.99=7543] [UPDATE: Count=9281, Max=8179, Min=115, Avg=551.84, 90=476, 99=4331, 99.9=7231, 99.99=8155] 
2024-10-03 03:51:47:165 40 sec: 69998 operations; 1848.3 current ops/sec; est completion in 2 days 20 hours [READ: Count=9169, Max=8131, Min=113, Avg=534.38, 90=494, 99=4287, 99.9=7111, 99.99=7595] [UPDATE: Count=9314, Max=8207, Min=112, Avg=539.04, 90=482, 99=4291, 99.9=7087, 99.99=7487] 
2024-10-03 03:51:57:164 50 sec: 87105 operations; 1710.7 current ops/sec; est completion in 2 days 20 hours [READ: Count=8521, Max=206719, Min=106, Avg=557.94, 90=421, 99=4303, 99.9=6995, 99.99=202495] [UPDATE: Count=8586, Max=208127, Min=106, Avg=605.2, 90=423, 99=4307, 99.9=7267, 99.99=207487] 
2024-10-03 03:52:07:164 60 sec: 108067 operations; 2096.2 current ops/sec; est completion in 2 days 18 hours [READ: Count=10504, Max=11487, Min=84, Avg=481.72, 90=398, 99=4275, 99.9=6375, 99.99=8615] [UPDATE: Count=10458, Max=8095, Min=81, Avg=466.23, 90=388, 99=4259, 99.9=5691, 99.99=7427] 
Maximum time elapsed. Requesting stop for the workload.
Stop requested for workload. Now Joining!
2024-10-03 03:52:08:179 61 sec: 111428 operations; 3311.33 current ops/sec; est completion in 2 days 17 hours [READ: Count=1711, Max=7947, Min=84, Avg=299.27, 90=224, 99=4143, 99.9=4247, 99.99=7947] [CLEANUP: Count=1, Max=921, Min=921, Avg=921, 90=921, 99=921, 99.9=921, 99.99=921] [UPDATE: Count=1650, Max=4275, Min=83, Avg=297.33, 90=220, 99=4171, 99.9=4239, 99.99=4275] 
[OVERALL], RunTime(ms), 61021
[OVERALL], Throughput(ops/sec), 1826.0598810245654
[TOTAL_GCS_Copy], Count, 10
[TOTAL_GC_TIME_Copy], Time(ms), 22
[TOTAL_GC_TIME_%_Copy], Time(%), 0.036053162026187704
[TOTAL_GCS_MarkSweepCompact], Count, 0
[TOTAL_GC_TIME_MarkSweepCompact], Time(ms), 0
[TOTAL_GC_TIME_%_MarkSweepCompact], Time(%), 0.0
[TOTAL_GCs], Count, 10
[TOTAL_GC_TIME], Time(ms), 22
[TOTAL_GC_TIME_%], Time(%), 0.036053162026187704
[READ], Operations, 55580
[READ], AverageLatency(us), 534.6047319179561
[READ], MinLatency(us), 84
[READ], MaxLatency(us), 206719
[READ], 95thPercentileLatency(us), 3597
[READ], 99thPercentileLatency(us), 4319
[READ], Return=OK, 55580
[CLEANUP], Operations, 1
[CLEANUP], AverageLatency(us), 921.0
[CLEANUP], MinLatency(us), 921
[CLEANUP], MaxLatency(us), 921
[CLEANUP], 95thPercentileLatency(us), 921
[CLEANUP], 99thPercentileLatency(us), 921
[UPDATE], Operations, 55848
[UPDATE], AverageLatency(us), 543.4115993410686
[UPDATE], MinLatency(us), 81
[UPDATE], MaxLatency(us), 208127
[UPDATE], 95thPercentileLatency(us), 3709
[UPDATE], 99thPercentileLatency(us), 4331
[UPDATE], Return=OK, 55848
AUTOTEST_DONE
