/nix/store/2vwkssqpzykk37r996cafq7x63imf4sp-openjdk-21+35/bin/java  -classpath /nix/store/zw02np72fzsmga6s5mphhw7x8qlzf4sv-ycsb-0.17.0/share/conf:/nix/store/zw02np72fzsmga6s5mphhw7x8qlzf4sv-ycsb-0.17.0/share/lib/core-0.17.0.jar:/nix/store/zw02np72fzsmga6s5mphhw7x8qlzf4sv-ycsb-0.17.0/share/lib/HdrHistogram-2.1.4.jar:/nix/store/zw02np72fzsmga6s5mphhw7x8qlzf4sv-ycsb-0.17.0/share/lib/htrace-core4-4.1.0-incubating.jar:/nix/store/zw02np72fzsmga6s5mphhw7x8qlzf4sv-ycsb-0.17.0/share/lib/jackson-core-asl-1.9.4.jar:/nix/store/zw02np72fzsmga6s5mphhw7x8qlzf4sv-ycsb-0.17.0/share/lib/jackson-mapper-asl-1.9.4.jar:/nix/store/zw02np72fzsmga6s5mphhw7x8qlzf4sv-ycsb-0.17.0/share/redis-binding/lib/commons-pool2-2.4.2.jar:/nix/store/zw02np72fzsmga6s5mphhw7x8qlzf4sv-ycsb-0.17.0/share/redis-binding/lib/jedis-2.9.0.jar:/nix/store/zw02np72fzsmga6s5mphhw7x8qlzf4sv-ycsb-0.17.0/share/redis-binding/lib/redis-binding-0.17.0.jar site.ycsb.Client -t -db site.ycsb.db.RedisClient -s -P /home/host/vmuxIO/test/moonprogs//../../ycsb/share/workloads/workloada -p redis.host=10.1.0.2 -p redis.port=6379 -p operationcount=610 -threads 1 -target 10
Command line: -t -db site.ycsb.db.RedisClient -s -P /home/host/vmuxIO/test/moonprogs//../../ycsb/share/workloads/workloada -p redis.host=10.1.0.2 -p redis.port=6379 -p operationcount=610 -threads 1 -target 10
YCSB Client 0.17.0

Loading workload...
Starting test.
DBWrapper: report latency for each error is false and specific error codes to track for latency are: []
2024-06-13 17:23:13:625 0 sec: 0 operations; est completion in 0 second 
2024-06-13 17:23:23:499 10 sec: 99 operations; 9.9 current ops/sec; est completion in 52 seconds [READ: Count=52, Max=14663, Min=650, Avg=1406.85, 90=1857, 99=4859, 99.9=14663, 99.99=14663] [UPDATE: Count=47, Max=15303, Min=501, Avg=1311.98, 90=1272, 99=15303, 99.9=15303, 99.99=15303] 
2024-06-13 17:23:33:499 20 sec: 199 operations; 10 current ops/sec; est completion in 42 seconds [READ: Count=54, Max=2533, Min=553, Avg=913.98, 90=1232, 99=1383, 99.9=2533, 99.99=2533] [UPDATE: Count=46, Max=1973, Min=563, Avg=897.2, 90=1158, 99=1973, 99.9=1973, 99.99=1973] 
2024-06-13 17:23:43:499 30 sec: 299 operations; 10 current ops/sec; est completion in 32 seconds [READ: Count=46, Max=5867, Min=445, Avg=952.91, 90=1292, 99=5867, 99.9=5867, 99.99=5867] [UPDATE: Count=54, Max=1485, Min=498, Avg=847.57, 90=1029, 99=1452, 99.9=1485, 99.99=1485] 
2024-06-13 17:23:53:499 40 sec: 399 operations; 10 current ops/sec; est completion in 22 seconds [READ: Count=53, Max=4707, Min=479, Avg=833.79, 90=875, 99=1706, 99.9=4707, 99.99=4707] [UPDATE: Count=47, Max=2715, Min=527, Avg=826.43, 90=872, 99=2715, 99.9=2715, 99.99=2715] 
2024-06-13 17:24:03:499 50 sec: 499 operations; 10 current ops/sec; est completion in 12 seconds [READ: Count=53, Max=4739, Min=514, Avg=858.81, 90=870, 99=3653, 99.9=4739, 99.99=4739] [UPDATE: Count=47, Max=1099, Min=446, Avg=682.19, 90=806, 99=1099, 99.9=1099, 99.99=1099] 
2024-06-13 17:24:13:499 60 sec: 599 operations; 10 current ops/sec; est completion in 2 second [READ: Count=47, Max=1126, Min=436, Avg=663.74, 90=757, 99=1126, 99.9=1126, 99.99=1126] [UPDATE: Count=53, Max=4379, Min=507, Avg=812.06, 90=988, 99=1492, 99.9=4379, 99.99=4379] 
2024-06-13 17:24:14:658 61 sec: 610 operations; 9.49 current ops/sec; [READ: Count=5, Max=774, Min=509, Avg=701.2, 90=774, 99=774, 99.9=774, 99.99=774] [CLEANUP: Count=1, Max=1370, Min=1370, Avg=1370, 90=1370, 99=1370, 99.9=1370, 99.99=1370] [UPDATE: Count=6, Max=2233, Min=563, Avg=942.17, 90=798, 99=2233, 99.9=2233, 99.99=2233] 
[OVERALL], RunTime(ms), 61159
[OVERALL], Throughput(ops/sec), 9.974002191010317
[TOTAL_GCS_Copy], Count, 0
[TOTAL_GC_TIME_Copy], Time(ms), 0
[TOTAL_GC_TIME_%_Copy], Time(%), 0.0
[TOTAL_GCS_MarkSweepCompact], Count, 0
[TOTAL_GC_TIME_MarkSweepCompact], Time(ms), 0
[TOTAL_GC_TIME_%_MarkSweepCompact], Time(%), 0.0
[TOTAL_GCs], Count, 0
[TOTAL_GC_TIME], Time(ms), 0
[TOTAL_GC_TIME_%], Time(%), 0.0
[READ], Operations, 310
[READ], AverageLatency(us), 937.9193548387096
[READ], MinLatency(us), 436
[READ], MaxLatency(us), 14663
[READ], 95thPercentileLatency(us), 1723
[READ], 99thPercentileLatency(us), 4739
[READ], Return=OK, 310
[CLEANUP], Operations, 1
[CLEANUP], AverageLatency(us), 1370.0
[CLEANUP], MinLatency(us), 1370
[CLEANUP], MaxLatency(us), 1370
[CLEANUP], 95thPercentileLatency(us), 1370
[CLEANUP], 99thPercentileLatency(us), 1370
[UPDATE], Operations, 300
[UPDATE], AverageLatency(us), 894.3333333333334
[UPDATE], MinLatency(us), 446
[UPDATE], MaxLatency(us), 15303
[UPDATE], 95thPercentileLatency(us), 1372
[UPDATE], 99thPercentileLatency(us), 2715
[UPDATE], Return=OK, 300
AUTOTEST_DONE
