/nix/store/2vwkssqpzykk37r996cafq7x63imf4sp-openjdk-21+35/bin/java  -classpath /nix/store/zw02np72fzsmga6s5mphhw7x8qlzf4sv-ycsb-0.17.0/share/conf:/nix/store/zw02np72fzsmga6s5mphhw7x8qlzf4sv-ycsb-0.17.0/share/lib/core-0.17.0.jar:/nix/store/zw02np72fzsmga6s5mphhw7x8qlzf4sv-ycsb-0.17.0/share/lib/HdrHistogram-2.1.4.jar:/nix/store/zw02np72fzsmga6s5mphhw7x8qlzf4sv-ycsb-0.17.0/share/lib/htrace-core4-4.1.0-incubating.jar:/nix/store/zw02np72fzsmga6s5mphhw7x8qlzf4sv-ycsb-0.17.0/share/lib/jackson-core-asl-1.9.4.jar:/nix/store/zw02np72fzsmga6s5mphhw7x8qlzf4sv-ycsb-0.17.0/share/lib/jackson-mapper-asl-1.9.4.jar:/nix/store/zw02np72fzsmga6s5mphhw7x8qlzf4sv-ycsb-0.17.0/share/redis-binding/lib/commons-pool2-2.4.2.jar:/nix/store/zw02np72fzsmga6s5mphhw7x8qlzf4sv-ycsb-0.17.0/share/redis-binding/lib/jedis-2.9.0.jar:/nix/store/zw02np72fzsmga6s5mphhw7x8qlzf4sv-ycsb-0.17.0/share/redis-binding/lib/redis-binding-0.17.0.jar site.ycsb.Client -t -db site.ycsb.db.RedisClient -s -P /home/host/vmuxIO/test/moonprogs//../../ycsb/share/workloads/workloada -p redis.host=10.1.0.2 -p redis.port=6382 -p operationcount=429496729 -p maxexecutiontime=61 -threads 1
Command line: -t -db site.ycsb.db.RedisClient -s -P /home/host/vmuxIO/test/moonprogs//../../ycsb/share/workloads/workloada -p redis.host=10.1.0.2 -p redis.port=6382 -p operationcount=429496729 -p maxexecutiontime=61 -threads 1
YCSB Client 0.17.0

Loading workload...
Starting test.
Maximum execution time specified as: 61 secs
DBWrapper: report latency for each error is false and specific error codes to track for latency are: []
2024-10-15 13:27:23:748 0 sec: 0 operations; est completion in 0 second [UPDATE: Count=1, Max=27359, Min=27344, Avg=27352, 90=27359, 99=27359, 99.9=27359, 99.99=27359] 
2024-10-15 13:27:33:548 10 sec: 61938 operations; 6193.8 current ops/sec; est completion in 19 hours 15 minutes [READ: Count=31131, Max=30863, Min=95, Avg=152.73, 90=184, 99=307, 99.9=3055, 99.99=7047] [UPDATE: Count=30807, Max=9919, Min=87, Avg=151.8, 90=186, 99=321, 99.9=2965, 99.99=6399] 
2024-10-15 13:27:43:548 20 sec: 133661 operations; 7172.3 current ops/sec; est completion in 17 hours 50 minutes [READ: Count=35957, Max=4099, Min=87, Avg=138.11, 90=172, 99=252, 99.9=292, 99.99=2673] [UPDATE: Count=35765, Max=4331, Min=86, Avg=135.81, 90=171, 99=248, 99.9=299, 99.99=2479] 
2024-10-15 13:27:53:548 30 sec: 203328 operations; 6966.7 current ops/sec; est completion in 17 hours 35 minutes [READ: Count=34749, Max=2967, Min=96, Avg=142.39, 90=185, 99=274, 99.9=453, 99.99=2125] [UPDATE: Count=34918, Max=7079, Min=91, Avg=139.85, 90=181, 99=271, 99.9=412, 99.99=2689] 
2024-10-15 13:28:03:548 40 sec: 275195 operations; 7186.7 current ops/sec; est completion in 17 hours 19 minutes [READ: Count=35881, Max=4963, Min=90, Avg=138.44, 90=183, 99=255, 99.9=396, 99.99=2821] [UPDATE: Count=35986, Max=6095, Min=90, Avg=135.74, 90=180, 99=252, 99.9=419, 99.99=2479] 
2024-10-15 13:28:13:548 50 sec: 351751 operations; 7655.6 current ops/sec; est completion in 16 hours 56 minutes [READ: Count=38342, Max=8455, Min=93, Avg=130.23, 90=151, 99=226, 99.9=291, 99.99=2881] [UPDATE: Count=38214, Max=3149, Min=91, Avg=126.96, 90=147, 99=224, 99.9=273, 99.99=666] 
2024-10-15 13:28:23:548 60 sec: 425183 operations; 7343.2 current ops/sec; est completion in 16 hours 49 minutes [READ: Count=36663, Max=6547, Min=93, Avg=135.94, 90=171, 99=267, 99.9=434, 99.99=2817] [UPDATE: Count=36769, Max=1757, Min=89, Avg=132.06, 90=166, 99=256, 99.9=398, 99.99=685] 
Maximum time elapsed. Requesting stop for the workload.
Stop requested for workload. Now Joining!
2024-10-15 13:28:24:554 61 sec: 433808 operations; 8573.56 current ops/sec; est completion in 16 hours 45 minutes [READ: Count=4330, Max=4791, Min=88, Avg=116.21, 90=138, 99=174, 99.9=232, 99.99=4791] [CLEANUP: Count=1, Max=1041, Min=1041, Avg=1041, 90=1041, 99=1041, 99.9=1041, 99.99=1041] [UPDATE: Count=4295, Max=2203, Min=86, Avg=112.72, 90=134, 99=170, 99.9=326, 99.99=2203] 
[OVERALL], RunTime(ms), 61010
[OVERALL], Throughput(ops/sec), 7110.440911326012
[TOTAL_GCS_Copy], Count, 40
[TOTAL_GC_TIME_Copy], Time(ms), 29
[TOTAL_GC_TIME_%_Copy], Time(%), 0.047533191280118015
[TOTAL_GCS_MarkSweepCompact], Count, 0
[TOTAL_GC_TIME_MarkSweepCompact], Time(ms), 0
[TOTAL_GC_TIME_%_MarkSweepCompact], Time(%), 0.0
[TOTAL_GCs], Count, 40
[TOTAL_GC_TIME], Time(ms), 29
[TOTAL_GC_TIME_%], Time(%), 0.047533191280118015
[READ], Operations, 217053
[READ], AverageLatency(us), 138.7515629823131
[READ], MinLatency(us), 87
[READ], MaxLatency(us), 30863
[READ], 95thPercentileLatency(us), 198
[READ], 99thPercentileLatency(us), 260
[READ], Return=OK, 217053
[CLEANUP], Operations, 1
[CLEANUP], AverageLatency(us), 1041.0
[CLEANUP], MinLatency(us), 1041
[CLEANUP], MaxLatency(us), 1041
[CLEANUP], 95thPercentileLatency(us), 1041
[CLEANUP], 99thPercentileLatency(us), 1041
[UPDATE], Operations, 216755
[UPDATE], AverageLatency(us), 136.1927198911213
[UPDATE], MinLatency(us), 86
[UPDATE], MaxLatency(us), 27359
[UPDATE], 95thPercentileLatency(us), 195
[UPDATE], 99thPercentileLatency(us), 257
[UPDATE], Return=OK, 216755
AUTOTEST_DONE
