/nix/store/2vwkssqpzykk37r996cafq7x63imf4sp-openjdk-21+35/bin/java  -classpath /nix/store/zw02np72fzsmga6s5mphhw7x8qlzf4sv-ycsb-0.17.0/share/conf:/nix/store/zw02np72fzsmga6s5mphhw7x8qlzf4sv-ycsb-0.17.0/share/lib/core-0.17.0.jar:/nix/store/zw02np72fzsmga6s5mphhw7x8qlzf4sv-ycsb-0.17.0/share/lib/HdrHistogram-2.1.4.jar:/nix/store/zw02np72fzsmga6s5mphhw7x8qlzf4sv-ycsb-0.17.0/share/lib/htrace-core4-4.1.0-incubating.jar:/nix/store/zw02np72fzsmga6s5mphhw7x8qlzf4sv-ycsb-0.17.0/share/lib/jackson-core-asl-1.9.4.jar:/nix/store/zw02np72fzsmga6s5mphhw7x8qlzf4sv-ycsb-0.17.0/share/lib/jackson-mapper-asl-1.9.4.jar:/nix/store/zw02np72fzsmga6s5mphhw7x8qlzf4sv-ycsb-0.17.0/share/redis-binding/lib/commons-pool2-2.4.2.jar:/nix/store/zw02np72fzsmga6s5mphhw7x8qlzf4sv-ycsb-0.17.0/share/redis-binding/lib/jedis-2.9.0.jar:/nix/store/zw02np72fzsmga6s5mphhw7x8qlzf4sv-ycsb-0.17.0/share/redis-binding/lib/redis-binding-0.17.0.jar site.ycsb.Client -t -db site.ycsb.db.RedisClient -s -P /home/host/vmuxIO/test/moonprogs//../../ycsb/share/workloads/workloada -p redis.host=10.1.0.2 -p redis.port=6381 -p operationcount=429496729 -p maxexecutiontime=61 -threads 1
Command line: -t -db site.ycsb.db.RedisClient -s -P /home/host/vmuxIO/test/moonprogs//../../ycsb/share/workloads/workloada -p redis.host=10.1.0.2 -p redis.port=6381 -p operationcount=429496729 -p maxexecutiontime=61 -threads 1
YCSB Client 0.17.0

Loading workload...
Starting test.
Maximum execution time specified as: 61 secs
DBWrapper: report latency for each error is false and specific error codes to track for latency are: []
2024-10-15 13:27:22:966 0 sec: 0 operations; est completion in 0 second 
2024-10-15 13:27:32:737 10 sec: 63614 operations; 6361.4 current ops/sec; est completion in 18 hours 45 minutes [READ: Count=31850, Max=55359, Min=91, Avg=149.4, 90=178, 99=284, 99.9=3117, 99.99=7075] [UPDATE: Count=31775, Max=12399, Min=88, Avg=147.56, 90=179, 99=309, 99.9=3217, 99.99=4087] 
2024-10-15 13:27:42:737 20 sec: 145575 operations; 8196.1 current ops/sec; est completion in 16 hours 23 minutes [READ: Count=40973, Max=6107, Min=88, Avg=120.74, 90=139, 99=212, 99.9=351, 99.99=2381] [UPDATE: Count=40977, Max=3683, Min=86, Avg=118.45, 90=138, 99=211, 99.9=316, 99.99=2657] 
2024-10-15 13:27:52:737 30 sec: 220616 operations; 7504.1 current ops/sec; est completion in 16 hours 12 minutes [READ: Count=37474, Max=2553, Min=85, Avg=132.31, 90=169, 99=262, 99.9=441, 99.99=1115] [UPDATE: Count=37567, Max=8823, Min=85, Avg=129.84, 90=166, 99=255, 99.9=421, 99.99=2345] 
2024-10-15 13:28:02:737 40 sec: 299662 operations; 7904.6 current ops/sec; est completion in 15 hours 54 minutes [READ: Count=39381, Max=2849, Min=89, Avg=125.57, 90=149, 99=222, 99.9=328, 99.99=2463] [UPDATE: Count=39665, Max=8527, Min=88, Avg=123.22, 90=147, 99=219, 99.9=296, 99.99=2034] 
2024-10-15 13:28:12:737 50 sec: 379112 operations; 7945 current ops/sec; est completion in 15 hours 43 minutes [READ: Count=39705, Max=4687, Min=87, Avg=124.96, 90=152, 99=204, 99.9=266, 99.99=676] [UPDATE: Count=39745, Max=2939, Min=85, Avg=122.75, 90=151, 99=202, 99.9=261, 99.99=1991] 
2024-10-15 13:28:22:737 60 sec: 458543 operations; 7943.1 current ops/sec; est completion in 15 hours 35 minutes [READ: Count=39710, Max=6047, Min=87, Avg=125.16, 90=159, 99=246, 99.9=404, 99.99=2569] [UPDATE: Count=39721, Max=2881, Min=85, Avg=122.07, 90=156, 99=243, 99.9=366, 99.99=644] 
Maximum time elapsed. Requesting stop for the workload.
Stop requested for workload. Now Joining!
2024-10-15 13:28:23:752 61 sec: 465562 operations; 6915.27 current ops/sec; est completion in 15 hours 37 minutes [READ: Count=3513, Max=6815, Min=93, Avg=144.62, 90=180, 99=259, 99.9=760, 99.99=6815] [CLEANUP: Count=1, Max=1032, Min=1032, Avg=1032, 90=1032, 99=1032, 99.9=1032, 99.99=1032] [UPDATE: Count=3506, Max=1028, Min=89, Avg=139.96, 90=178, 99=241, 99.9=611, 99.99=1028] 
[OVERALL], RunTime(ms), 61019
[OVERALL], Throughput(ops/sec), 7629.78744325538
[TOTAL_GCS_Copy], Count, 43
[TOTAL_GC_TIME_Copy], Time(ms), 26
[TOTAL_GC_TIME_%_Copy], Time(%), 0.04260967895245743
[TOTAL_GCS_MarkSweepCompact], Count, 0
[TOTAL_GC_TIME_MarkSweepCompact], Time(ms), 0
[TOTAL_GC_TIME_%_MarkSweepCompact], Time(%), 0.0
[TOTAL_GCs], Count, 43
[TOTAL_GC_TIME], Time(ms), 26
[TOTAL_GC_TIME_%], Time(%), 0.04260967895245743
[READ], Operations, 232606
[READ], AverageLatency(us), 129.1833400686139
[READ], MinLatency(us), 85
[READ], MaxLatency(us), 55359
[READ], 95thPercentileLatency(us), 179
[READ], 99thPercentileLatency(us), 238
[READ], Return=OK, 232606
[CLEANUP], Operations, 1
[CLEANUP], AverageLatency(us), 1032.0
[CLEANUP], MinLatency(us), 1032
[CLEANUP], MaxLatency(us), 1032
[CLEANUP], 95thPercentileLatency(us), 1032
[CLEANUP], 99thPercentileLatency(us), 1032
[UPDATE], Operations, 232956
[UPDATE], AverageLatency(us), 126.74475437421658
[UPDATE], MinLatency(us), 85
[UPDATE], MaxLatency(us), 12399
[UPDATE], 95thPercentileLatency(us), 177
[UPDATE], 99thPercentileLatency(us), 237
[UPDATE], Return=OK, 232956
AUTOTEST_DONE
