/nix/store/2vwkssqpzykk37r996cafq7x63imf4sp-openjdk-21+35/bin/java  -classpath /nix/store/zw02np72fzsmga6s5mphhw7x8qlzf4sv-ycsb-0.17.0/share/conf:/nix/store/zw02np72fzsmga6s5mphhw7x8qlzf4sv-ycsb-0.17.0/share/lib/core-0.17.0.jar:/nix/store/zw02np72fzsmga6s5mphhw7x8qlzf4sv-ycsb-0.17.0/share/lib/HdrHistogram-2.1.4.jar:/nix/store/zw02np72fzsmga6s5mphhw7x8qlzf4sv-ycsb-0.17.0/share/lib/htrace-core4-4.1.0-incubating.jar:/nix/store/zw02np72fzsmga6s5mphhw7x8qlzf4sv-ycsb-0.17.0/share/lib/jackson-core-asl-1.9.4.jar:/nix/store/zw02np72fzsmga6s5mphhw7x8qlzf4sv-ycsb-0.17.0/share/lib/jackson-mapper-asl-1.9.4.jar:/nix/store/zw02np72fzsmga6s5mphhw7x8qlzf4sv-ycsb-0.17.0/share/redis-binding/lib/commons-pool2-2.4.2.jar:/nix/store/zw02np72fzsmga6s5mphhw7x8qlzf4sv-ycsb-0.17.0/share/redis-binding/lib/jedis-2.9.0.jar:/nix/store/zw02np72fzsmga6s5mphhw7x8qlzf4sv-ycsb-0.17.0/share/redis-binding/lib/redis-binding-0.17.0.jar site.ycsb.Client -t -db site.ycsb.db.RedisClient -s -P /home/host/vmuxIO/test/moonprogs//../../ycsb/share/workloads/workloada -p redis.host=10.1.0.2 -p redis.port=6387 -p operationcount=429496729 -p maxexecutiontime=61 -threads 1
Command line: -t -db site.ycsb.db.RedisClient -s -P /home/host/vmuxIO/test/moonprogs//../../ycsb/share/workloads/workloada -p redis.host=10.1.0.2 -p redis.port=6387 -p operationcount=429496729 -p maxexecutiontime=61 -threads 1
YCSB Client 0.17.0

Loading workload...
Starting test.
Maximum execution time specified as: 61 secs
2025-02-01 17:56:54:167 0 sec: 0 operations; est completion in 0 second 
DBWrapper: report latency for each error is false and specific error codes to track for latency are: []
2025-02-01 17:57:04:083 10 sec: 61362 operations; 6136.2 current ops/sec; est completion in 19 hours 26 minutes [READ: Count=30709, Max=207871, Min=62, Avg=158.65, 90=224, 99=542, 99.9=3287, 99.99=7175] [UPDATE: Count=30678, Max=208639, Min=64, Avg=155.35, 90=226, 99=542, 99.9=2737, 99.99=6139] 
2025-02-01 17:57:14:083 20 sec: 139274 operations; 7791.2 current ops/sec; est completion in 17 hours 7 minutes [READ: Count=39161, Max=6527, Min=64, Avg=127.16, 90=186, 99=306, 99.9=509, 99.99=4007] [UPDATE: Count=38734, Max=7379, Min=60, Avg=125.77, 90=184, 99=306, 99.9=539, 99.99=3967] 
2025-02-01 17:57:24:083 30 sec: 206287 operations; 6701.3 current ops/sec; est completion in 17 hours 20 minutes [READ: Count=33372, Max=5455, Min=56, Avg=148.05, 90=240, 99=441, 99.9=3079, 99.99=4095] [UPDATE: Count=33645, Max=6603, Min=64, Avg=147.05, 90=239, 99=437, 99.9=3165, 99.99=3855] 
2025-02-01 17:57:34:083 40 sec: 276060 operations; 6976.6 current ops/sec; est completion in 17 hours 16 minutes [READ: Count=34859, Max=5483, Min=66, Avg=142.01, 90=220, 99=350, 99.9=495, 99.99=3811] [UPDATE: Count=34902, Max=3769, Min=65, Avg=141.04, 90=222, 99=351, 99.9=494, 99.99=2235] 
2025-02-01 17:57:44:083 50 sec: 357619 operations; 8156.72 current ops/sec; est completion in 16 hours 40 minutes [READ: Count=40416, Max=7543, Min=66, Avg=122.1, 90=170, 99=287, 99.9=457, 99.99=3623] [UPDATE: Count=41152, Max=4427, Min=63, Avg=119.82, 90=168, 99=284, 99.9=426, 99.99=2647] 
2025-02-01 17:57:54:083 60 sec: 420399 operations; 6277.37 current ops/sec; est completion in 17 hours [READ: Count=31244, Max=4219, Min=64, Avg=157.94, 90=253, 99=506, 99.9=2363, 99.99=3867] [UPDATE: Count=31532, Max=3867, Min=63, Avg=156.91, 90=250, 99=490, 99.9=2693, 99.99=3837] 
Maximum time elapsed. Requesting stop for the workload.
Stop requested for workload. Now Joining!
2025-02-01 17:57:55:086 61 sec: 428479 operations; 8063.87 current ops/sec; est completion in 16 hours 58 minutes [READ: Count=4014, Max=3987, Min=66, Avg=124.13, 90=160, 99=380, 99.9=2477, 99.99=3987] [CLEANUP: Count=1, Max=1041, Min=1041, Avg=1041, 90=1041, 99=1041, 99.9=1041, 99.99=1041] [UPDATE: Count=4061, Max=3579, Min=66, Avg=120.23, 90=160, 99=345, 99.9=1061, 99.99=3579] 
[OVERALL], RunTime(ms), 61004
[OVERALL], Throughput(ops/sec), 7023.785325552422
[TOTAL_GCS_G1_Young_Generation], Count, 20
[TOTAL_GC_TIME_G1_Young_Generation], Time(ms), 99
[TOTAL_GC_TIME_%_G1_Young_Generation], Time(%), 0.16228444036456624
[TOTAL_GCS_G1_Concurrent_GC], Count, 0
[TOTAL_GC_TIME_G1_Concurrent_GC], Time(ms), 0
[TOTAL_GC_TIME_%_G1_Concurrent_GC], Time(%), 0.0
[TOTAL_GCS_G1_Old_Generation], Count, 0
[TOTAL_GC_TIME_G1_Old_Generation], Time(ms), 0
[TOTAL_GC_TIME_%_G1_Old_Generation], Time(%), 0.0
[TOTAL_GCs], Count, 20
[TOTAL_GC_TIME], Time(ms), 99
[TOTAL_GC_TIME_%], Time(%), 0.16228444036456624
[READ], Operations, 213775
[READ], AverageLatency(us), 140.85073090866564
[READ], MinLatency(us), 56
[READ], MaxLatency(us), 207871
[READ], 95thPercentileLatency(us), 261
[READ], 99thPercentileLatency(us), 390
[READ], Return=OK, 213775
[CLEANUP], Operations, 1
[CLEANUP], AverageLatency(us), 1041.0
[CLEANUP], MinLatency(us), 1041
[CLEANUP], MaxLatency(us), 1041
[CLEANUP], 95thPercentileLatency(us), 1041
[CLEANUP], 99thPercentileLatency(us), 1041
[UPDATE], Operations, 214704
[UPDATE], AverageLatency(us), 139.141278224905
[UPDATE], MinLatency(us), 60
[UPDATE], MaxLatency(us), 208639
[UPDATE], 95thPercentileLatency(us), 262
[UPDATE], 99thPercentileLatency(us), 388
[UPDATE], Return=OK, 214704
AUTOTEST_DONE
