[1;37m[INFO]  Initializing DPDK. This will take a few seconds...[0m
EAL: Probing VFIO support...
EAL: PCI device 0000:20:00.0 on NUMA socket 0
EAL:   probe driver: 8086:1521 net_e1000_igb
EAL: PCI device 0000:20:00.1 on NUMA socket 0
EAL:   probe driver: 8086:1521 net_e1000_igb
EAL: PCI device 0000:b0:00.0 on NUMA socket 1
EAL:   probe driver: 8086:10fb net_ixgbe
[1;37m[INFO]  Found 2 usable devices:[0m
   Device 0: 08:9E:01:9B:21:1F ([0;32mIntel Corporation I350 Gigabit Network Connection[0m)
   Device 1: 64:9D:99:B1:0B:62 ([0;32mIntel Corporation 82599ES 10-Gigabit SFI/SFP+ Network Connection[0m)
PMD: ixgbe_dev_link_status_print():  Port 1: Link Down
[1;37m[INFO]  Waiting for devices to come up...[0m
[1;37m[INFO]  Device 1 (64:9D:99:B1:0B:62) is up: 10000 MBit/s[0m
[1;37m[INFO]  [0;32m1 device is up.[0m[0m
[1;36m[Device: id=1] RX[0m: 0.00 Mpps, 19 Mbit/s (19 Mbit/s with framing)
[0;34m[Device: id=1] TX[0m: 0.13 Mpps, 1094 Mbit/s (1116 Mbit/s with framing)
[1;36m[Device: id=1] RX[0m: 0.08 Mpps, 665 Mbit/s (678 Mbit/s with framing)
[0;34m[Device: id=1] TX[0m: 0.14 Mpps, 1146 Mbit/s (1169 Mbit/s with framing)
[1;36m[Device: id=1] RX[0m: 0.08 Mpps, 669 Mbit/s (683 Mbit/s with framing)
[0;34m[Device: id=1] TX[0m: 0.14 Mpps, 1146 Mbit/s (1169 Mbit/s with framing)
[1;36m[Device: id=1] RX[0m: 0.08 Mpps, 670 Mbit/s (683 Mbit/s with framing)
[0;34m[Device: id=1] TX[0m: 0.14 Mpps, 1146 Mbit/s (1169 Mbit/s with framing)
[1;36m[Device: id=1] RX[0m: 0.08 Mpps, 669 Mbit/s (682 Mbit/s with framing)
[0;34m[Device: id=1] TX[0m: 0.14 Mpps, 1146 Mbit/s (1169 Mbit/s with framing)
[1;36m[Device: id=1] RX[0m: 0.08 Mpps, 671 Mbit/s (684 Mbit/s with framing)
[0;34m[Device: id=1] TX[0m: 0.14 Mpps, 1146 Mbit/s (1169 Mbit/s with framing)
[1;36m[Device: id=1] RX[0m: 0.08 Mpps, 670 Mbit/s (683 Mbit/s with framing)
[0;34m[Device: id=1] TX[0m: 0.14 Mpps, 1146 Mbit/s (1169 Mbit/s with framing)
[1;36m[Device: id=1] RX[0m: 0.08 Mpps, 671 Mbit/s (684 Mbit/s with framing)
[0;34m[Device: id=1] TX[0m: 0.14 Mpps, 1146 Mbit/s (1169 Mbit/s with framing)
[1;36m[Device: id=1] RX[0m: 0.08 Mpps, 669 Mbit/s (682 Mbit/s with framing)
[0;34m[Device: id=1] TX[0m: 0.14 Mpps, 1146 Mbit/s (1169 Mbit/s with framing)
[1;36m[Device: id=1] RX[0m: 0.08 Mpps, 670 Mbit/s (683 Mbit/s with framing)
[0;34m[Device: id=1] TX[0m: 0.14 Mpps, 1146 Mbit/s (1169 Mbit/s with framing)
[1;36m[Device: id=1] RX[0m: 0.08 Mpps, 668 Mbit/s (682 Mbit/s with framing)
[0;34m[Device: id=1] TX[0m: 0.14 Mpps, 1146 Mbit/s (1169 Mbit/s with framing)
[1;36m[Device: id=1] RX[0m: 0.08 Mpps, 668 Mbit/s (681 Mbit/s with framing)
[0;34m[Device: id=1] TX[0m: 0.14 Mpps, 1146 Mbit/s (1169 Mbit/s with framing)
[1;36m[Device: id=1] RX[0m: 0.08 Mpps, 669 Mbit/s (682 Mbit/s with framing)
[0;34m[Device: id=1] TX[0m: 0.14 Mpps, 1146 Mbit/s (1169 Mbit/s with framing)
[1;36m[Device: id=1] RX[0m: 0.08 Mpps, 666 Mbit/s (679 Mbit/s with framing)
[0;34m[Device: id=1] TX[0m: 0.14 Mpps, 1146 Mbit/s (1169 Mbit/s with framing)
[1;36m[Device: id=1] RX[0m: 0.08 Mpps, 668 Mbit/s (681 Mbit/s with framing)
[0;34m[Device: id=1] TX[0m: 0.14 Mpps, 1146 Mbit/s (1169 Mbit/s with framing)
[1;36m[Device: id=1] RX[0m: 0.08 Mpps, 667 Mbit/s (680 Mbit/s with framing)
[0;34m[Device: id=1] TX[0m: 0.14 Mpps, 1146 Mbit/s (1169 Mbit/s with framing)
[1;36m[Device: id=1] RX[0m: 0.08 Mpps, 668 Mbit/s (681 Mbit/s with framing)
[0;34m[Device: id=1] TX[0m: 0.14 Mpps, 1146 Mbit/s (1169 Mbit/s with framing)
[1;36m[Device: id=1] RX[0m: 0.08 Mpps, 667 Mbit/s (681 Mbit/s with framing)
[0;34m[Device: id=1] TX[0m: 0.14 Mpps, 1146 Mbit/s (1169 Mbit/s with framing)
[1;36m[Device: id=1] RX[0m: 0.08 Mpps, 667 Mbit/s (680 Mbit/s with framing)
[0;34m[Device: id=1] TX[0m: 0.14 Mpps, 1146 Mbit/s (1169 Mbit/s with framing)
[1;36m[Device: id=1] RX[0m: 0.08 Mpps, 667 Mbit/s (680 Mbit/s with framing)
[0;34m[Device: id=1] TX[0m: 0.14 Mpps, 1146 Mbit/s (1169 Mbit/s with framing)
[1;36m[Device: id=1] RX[0m: 0.08 Mpps, 667 Mbit/s (680 Mbit/s with framing)
[0;34m[Device: id=1] TX[0m: 0.14 Mpps, 1146 Mbit/s (1169 Mbit/s with framing)
[1;36m[Device: id=1] RX[0m: 0.08 Mpps, 668 Mbit/s (682 Mbit/s with framing)
[0;34m[Device: id=1] TX[0m: 0.14 Mpps, 1146 Mbit/s (1169 Mbit/s with framing)
[1;36m[Device: id=1] RX[0m: 0.08 Mpps, 668 Mbit/s (681 Mbit/s with framing)
[0;34m[Device: id=1] TX[0m: 0.14 Mpps, 1146 Mbit/s (1169 Mbit/s with framing)
[1;36m[Device: id=1] RX[0m: 0.08 Mpps, 667 Mbit/s (680 Mbit/s with framing)
[0;34m[Device: id=1] TX[0m: 0.14 Mpps, 1146 Mbit/s (1169 Mbit/s with framing)
[1;36m[Device: id=1] RX[0m: 0.08 Mpps, 667 Mbit/s (680 Mbit/s with framing)
[0;34m[Device: id=1] TX[0m: 0.14 Mpps, 1146 Mbit/s (1169 Mbit/s with framing)
[1;36m[Device: id=1] RX[0m: 0.08 Mpps, 667 Mbit/s (680 Mbit/s with framing)
[0;34m[Device: id=1] TX[0m: 0.14 Mpps, 1146 Mbit/s (1169 Mbit/s with framing)
[1;36m[Device: id=1] RX[0m: 0.08 Mpps, 667 Mbit/s (680 Mbit/s with framing)
[0;34m[Device: id=1] TX[0m: 0.14 Mpps, 1146 Mbit/s (1169 Mbit/s with framing)
[1;36m[Device: id=1] RX[0m: 0.08 Mpps, 667 Mbit/s (680 Mbit/s with framing)
[0;34m[Device: id=1] TX[0m: 0.14 Mpps, 1146 Mbit/s (1169 Mbit/s with framing)
[1;36m[Device: id=1] RX[0m: 0.08 Mpps, 667 Mbit/s (681 Mbit/s with framing)
[0;34m[Device: id=1] TX[0m: 0.14 Mpps, 1146 Mbit/s (1169 Mbit/s with framing)
[1;33m[WARN]  Failed to timestamp packet on transmission[0m
Samples: 8925, Average: 2349393.9 ns, StdDev: 219905.5 ns, Quartiles: 2399724.0/2435949.0/2451591.0 ns
[1;37m[INFO]  Saving histogram to 'histogram.csv'[0m
[1;36m[Device: id=1] RX[0m: 0.08 (StdDev 0.00) Mpps, 668 (StdDev 1) Mbit/s (681 Mbit/s with framing), total 2374247 packets with 2422658108 bytes (incl. CRC)
[0;34m[Device: id=1] TX[0m: 0.14 (StdDev 0.00) Mpps, 1146 (StdDev 0) Mbit/s (1169 Mbit/s with framing), total 4196284 packets with 4288425856 bytes (incl. CRC)
