[1;37m[INFO]  Initializing DPDK. This will take a few seconds...[0m
EAL: Probing VFIO support...
EAL: PCI device 0000:20:00.0 on NUMA socket 0
EAL:   probe driver: 8086:1521 net_e1000_igb
EAL: PCI device 0000:20:00.1 on NUMA socket 0
EAL:   probe driver: 8086:1521 net_e1000_igb
EAL: PCI device 0000:b0:00.0 on NUMA socket 1
EAL:   probe driver: 8086:10fb net_ixgbe
[1;37m[INFO]  Found 2 usable devices:[0m
   Device 0: 08:9E:01:9B:21:1F ([0;32mIntel Corporation I350 Gigabit Network Connection[0m)
   Device 1: 64:9D:99:B1:0B:62 ([0;32mIntel Corporation 82599ES 10-Gigabit SFI/SFP+ Network Connection[0m)
PMD: ixgbe_dev_link_status_print():  Port 1: Link Down
[1;37m[INFO]  Waiting for devices to come up...[0m
[1;37m[INFO]  Device 1 (64:9D:99:B1:0B:62) is up: 10000 MBit/s[0m
[1;37m[INFO]  [0;32m1 device is up.[0m[0m
[1;36m[Device: id=1] RX[0m: 0.02 Mpps, 203 Mbit/s (207 Mbit/s with framing)
[0;34m[Device: id=1] TX[0m: 0.03 Mpps, 243 Mbit/s (248 Mbit/s with framing)
[1;36m[Device: id=1] RX[0m: 0.04 Mpps, 252 Mbit/s (258 Mbit/s with framing)
[0;34m[Device: id=1] TX[0m: 0.04 Mpps, 251 Mbit/s (257 Mbit/s with framing)
[1;36m[Device: id=1] RX[0m: 0.04 Mpps, 252 Mbit/s (259 Mbit/s with framing)
[0;34m[Device: id=1] TX[0m: 0.04 Mpps, 251 Mbit/s (257 Mbit/s with framing)
[1;36m[Device: id=1] RX[0m: 0.04 Mpps, 252 Mbit/s (259 Mbit/s with framing)
[0;34m[Device: id=1] TX[0m: 0.04 Mpps, 251 Mbit/s (257 Mbit/s with framing)
[1;36m[Device: id=1] RX[0m: 0.04 Mpps, 253 Mbit/s (259 Mbit/s with framing)
[0;34m[Device: id=1] TX[0m: 0.04 Mpps, 251 Mbit/s (258 Mbit/s with framing)
[1;36m[Device: id=1] RX[0m: 0.04 Mpps, 253 Mbit/s (260 Mbit/s with framing)
[0;34m[Device: id=1] TX[0m: 0.04 Mpps, 251 Mbit/s (258 Mbit/s with framing)
[1;36m[Device: id=1] RX[0m: 0.04 Mpps, 252 Mbit/s (259 Mbit/s with framing)
[0;34m[Device: id=1] TX[0m: 0.04 Mpps, 251 Mbit/s (258 Mbit/s with framing)
[1;36m[Device: id=1] RX[0m: 0.04 Mpps, 252 Mbit/s (259 Mbit/s with framing)
[0;34m[Device: id=1] TX[0m: 0.04 Mpps, 251 Mbit/s (257 Mbit/s with framing)
[1;36m[Device: id=1] RX[0m: 0.04 Mpps, 252 Mbit/s (259 Mbit/s with framing)
[0;34m[Device: id=1] TX[0m: 0.04 Mpps, 251 Mbit/s (257 Mbit/s with framing)
[1;36m[Device: id=1] RX[0m: 0.04 Mpps, 252 Mbit/s (259 Mbit/s with framing)
[0;34m[Device: id=1] TX[0m: 0.04 Mpps, 251 Mbit/s (257 Mbit/s with framing)
[1;36m[Device: id=1] RX[0m: 0.04 Mpps, 252 Mbit/s (259 Mbit/s with framing)
[0;34m[Device: id=1] TX[0m: 0.04 Mpps, 251 Mbit/s (257 Mbit/s with framing)
[1;36m[Device: id=1] RX[0m: 0.04 Mpps, 252 Mbit/s (259 Mbit/s with framing)
[0;34m[Device: id=1] TX[0m: 0.04 Mpps, 251 Mbit/s (257 Mbit/s with framing)
[1;36m[Device: id=1] RX[0m: 0.04 Mpps, 252 Mbit/s (259 Mbit/s with framing)
[0;34m[Device: id=1] TX[0m: 0.04 Mpps, 251 Mbit/s (257 Mbit/s with framing)
[1;36m[Device: id=1] RX[0m: 0.04 Mpps, 252 Mbit/s (259 Mbit/s with framing)
[0;34m[Device: id=1] TX[0m: 0.04 Mpps, 251 Mbit/s (257 Mbit/s with framing)
[1;36m[Device: id=1] RX[0m: 0.04 Mpps, 252 Mbit/s (259 Mbit/s with framing)
[0;34m[Device: id=1] TX[0m: 0.04 Mpps, 251 Mbit/s (257 Mbit/s with framing)
[1;36m[Device: id=1] RX[0m: 0.04 Mpps, 252 Mbit/s (259 Mbit/s with framing)
[0;34m[Device: id=1] TX[0m: 0.04 Mpps, 251 Mbit/s (257 Mbit/s with framing)
[1;36m[Device: id=1] RX[0m: 0.04 Mpps, 252 Mbit/s (259 Mbit/s with framing)
[0;34m[Device: id=1] TX[0m: 0.04 Mpps, 251 Mbit/s (257 Mbit/s with framing)
[1;36m[Device: id=1] RX[0m: 0.04 Mpps, 252 Mbit/s (259 Mbit/s with framing)
[0;34m[Device: id=1] TX[0m: 0.04 Mpps, 251 Mbit/s (257 Mbit/s with framing)
[1;36m[Device: id=1] RX[0m: 0.04 Mpps, 252 Mbit/s (259 Mbit/s with framing)
[0;34m[Device: id=1] TX[0m: 0.04 Mpps, 251 Mbit/s (257 Mbit/s with framing)
[1;36m[Device: id=1] RX[0m: 0.04 Mpps, 252 Mbit/s (259 Mbit/s with framing)
[0;34m[Device: id=1] TX[0m: 0.04 Mpps, 251 Mbit/s (257 Mbit/s with framing)
[1;36m[Device: id=1] RX[0m: 0.04 Mpps, 252 Mbit/s (259 Mbit/s with framing)
[0;34m[Device: id=1] TX[0m: 0.04 Mpps, 251 Mbit/s (257 Mbit/s with framing)
[1;36m[Device: id=1] RX[0m: 0.04 Mpps, 252 Mbit/s (259 Mbit/s with framing)
[0;34m[Device: id=1] TX[0m: 0.04 Mpps, 251 Mbit/s (257 Mbit/s with framing)
[1;36m[Device: id=1] RX[0m: 0.04 Mpps, 252 Mbit/s (259 Mbit/s with framing)
[0;34m[Device: id=1] TX[0m: 0.04 Mpps, 251 Mbit/s (257 Mbit/s with framing)
[1;36m[Device: id=1] RX[0m: 0.04 Mpps, 252 Mbit/s (259 Mbit/s with framing)
[0;34m[Device: id=1] TX[0m: 0.04 Mpps, 251 Mbit/s (257 Mbit/s with framing)
[1;36m[Device: id=1] RX[0m: 0.04 Mpps, 252 Mbit/s (259 Mbit/s with framing)
[0;34m[Device: id=1] TX[0m: 0.04 Mpps, 251 Mbit/s (257 Mbit/s with framing)
[1;36m[Device: id=1] RX[0m: 0.04 Mpps, 252 Mbit/s (259 Mbit/s with framing)
[0;34m[Device: id=1] TX[0m: 0.04 Mpps, 251 Mbit/s (257 Mbit/s with framing)
[1;36m[Device: id=1] RX[0m: 0.04 Mpps, 252 Mbit/s (259 Mbit/s with framing)
[0;34m[Device: id=1] TX[0m: 0.04 Mpps, 251 Mbit/s (257 Mbit/s with framing)
[1;36m[Device: id=1] RX[0m: 0.04 Mpps, 252 Mbit/s (259 Mbit/s with framing)
[0;34m[Device: id=1] TX[0m: 0.04 Mpps, 251 Mbit/s (257 Mbit/s with framing)
[1;36m[Device: id=1] RX[0m: 0.04 Mpps, 252 Mbit/s (259 Mbit/s with framing)
[0;34m[Device: id=1] TX[0m: 0.04 Mpps, 251 Mbit/s (257 Mbit/s with framing)
[1;33m[WARN]  Failed to timestamp packet on transmission[0m
Samples: 330952, Average: 66051.4 ns, StdDev: 15799.5 ns, Quartiles: 55168.0/63015.0/76409.0 ns
[1;37m[INFO]  Saving histogram to 'histogram.csv'[0m
[1;36m[Device: id=1] RX[0m: 0.04 (StdDev 0.00) Mpps, 252 (StdDev 0) Mbit/s (259 Mbit/s with framing), total 1221782 packets with 938275148 bytes (incl. CRC)
[0;34m[Device: id=1] TX[0m: 0.04 (StdDev 0.00) Mpps, 251 (StdDev 0) Mbit/s (257 Mbit/s with framing), total 1226750 packets with 938477120 bytes (incl. CRC)
