[1;37m[INFO]  Initializing DPDK. This will take a few seconds...[0m
EAL: Probing VFIO support...
EAL: PCI device 0000:20:00.0 on NUMA socket 0
EAL:   probe driver: 8086:1521 net_e1000_igb
EAL: PCI device 0000:20:00.1 on NUMA socket 0
EAL:   probe driver: 8086:1521 net_e1000_igb
EAL: PCI device 0000:b0:00.0 on NUMA socket 1
EAL:   probe driver: 8086:10fb net_ixgbe
[1;37m[INFO]  Found 2 usable devices:[0m
   Device 0: 08:9E:01:9B:21:1F ([0;32mIntel Corporation I350 Gigabit Network Connection[0m)
   Device 1: 64:9D:99:B1:0B:62 ([0;32mIntel Corporation 82599ES 10-Gigabit SFI/SFP+ Network Connection[0m)
PMD: ixgbe_dev_link_status_print():  Port 1: Link Down
[1;37m[INFO]  Waiting for devices to come up...[0m
[1;37m[INFO]  Device 1 (64:9D:99:B1:0B:62) is up: 10000 MBit/s[0m
[1;37m[INFO]  [0;32m1 device is up.[0m[0m
[1;36m[Device: id=1] RX[0m: 0.00 Mpps, 0 Mbit/s (0 Mbit/s with framing)
[0;34m[Device: id=1] TX[0m: 0.14 Mpps, 1114 Mbit/s (1136 Mbit/s with framing)
[1;36m[Device: id=1] RX[0m: 0.08 Mpps, 689 Mbit/s (702 Mbit/s with framing)
[0;34m[Device: id=1] TX[0m: 0.14 Mpps, 1146 Mbit/s (1169 Mbit/s with framing)
[1;36m[Device: id=1] RX[0m: 0.13 Mpps, 1097 Mbit/s (1118 Mbit/s with framing)
[0;34m[Device: id=1] TX[0m: 0.14 Mpps, 1146 Mbit/s (1169 Mbit/s with framing)
[1;36m[Device: id=1] RX[0m: 0.13 Mpps, 1095 Mbit/s (1116 Mbit/s with framing)
[0;34m[Device: id=1] TX[0m: 0.14 Mpps, 1146 Mbit/s (1169 Mbit/s with framing)
[1;36m[Device: id=1] RX[0m: 0.13 Mpps, 1096 Mbit/s (1118 Mbit/s with framing)
[0;34m[Device: id=1] TX[0m: 0.14 Mpps, 1146 Mbit/s (1169 Mbit/s with framing)
[1;36m[Device: id=1] RX[0m: 0.13 Mpps, 1094 Mbit/s (1115 Mbit/s with framing)
[0;34m[Device: id=1] TX[0m: 0.14 Mpps, 1146 Mbit/s (1169 Mbit/s with framing)
[1;36m[Device: id=1] RX[0m: 0.13 Mpps, 1096 Mbit/s (1118 Mbit/s with framing)
[0;34m[Device: id=1] TX[0m: 0.14 Mpps, 1146 Mbit/s (1169 Mbit/s with framing)
[1;36m[Device: id=1] RX[0m: 0.13 Mpps, 1094 Mbit/s (1115 Mbit/s with framing)
[0;34m[Device: id=1] TX[0m: 0.14 Mpps, 1146 Mbit/s (1169 Mbit/s with framing)
[1;36m[Device: id=1] RX[0m: 0.13 Mpps, 1097 Mbit/s (1119 Mbit/s with framing)
[0;34m[Device: id=1] TX[0m: 0.14 Mpps, 1146 Mbit/s (1169 Mbit/s with framing)
[1;36m[Device: id=1] RX[0m: 0.13 Mpps, 1093 Mbit/s (1115 Mbit/s with framing)
[0;34m[Device: id=1] TX[0m: 0.14 Mpps, 1146 Mbit/s (1169 Mbit/s with framing)
[1;36m[Device: id=1] RX[0m: 0.13 Mpps, 1096 Mbit/s (1117 Mbit/s with framing)
[0;34m[Device: id=1] TX[0m: 0.14 Mpps, 1146 Mbit/s (1169 Mbit/s with framing)
[1;36m[Device: id=1] RX[0m: 0.13 Mpps, 1094 Mbit/s (1115 Mbit/s with framing)
[0;34m[Device: id=1] TX[0m: 0.14 Mpps, 1146 Mbit/s (1168 Mbit/s with framing)
[1;36m[Device: id=1] RX[0m: 0.13 Mpps, 1096 Mbit/s (1117 Mbit/s with framing)
[0;34m[Device: id=1] TX[0m: 0.14 Mpps, 1146 Mbit/s (1169 Mbit/s with framing)
[1;36m[Device: id=1] RX[0m: 0.13 Mpps, 1093 Mbit/s (1114 Mbit/s with framing)
[0;34m[Device: id=1] TX[0m: 0.14 Mpps, 1146 Mbit/s (1169 Mbit/s with framing)
[1;36m[Device: id=1] RX[0m: 0.13 Mpps, 1096 Mbit/s (1117 Mbit/s with framing)
[0;34m[Device: id=1] TX[0m: 0.14 Mpps, 1146 Mbit/s (1169 Mbit/s with framing)
[1;36m[Device: id=1] RX[0m: 0.13 Mpps, 1093 Mbit/s (1114 Mbit/s with framing)
[0;34m[Device: id=1] TX[0m: 0.14 Mpps, 1146 Mbit/s (1169 Mbit/s with framing)
[1;36m[Device: id=1] RX[0m: 0.13 Mpps, 1096 Mbit/s (1117 Mbit/s with framing)
[0;34m[Device: id=1] TX[0m: 0.14 Mpps, 1146 Mbit/s (1169 Mbit/s with framing)
[1;36m[Device: id=1] RX[0m: 0.13 Mpps, 1093 Mbit/s (1115 Mbit/s with framing)
[0;34m[Device: id=1] TX[0m: 0.14 Mpps, 1146 Mbit/s (1169 Mbit/s with framing)
[1;36m[Device: id=1] RX[0m: 0.13 Mpps, 1095 Mbit/s (1116 Mbit/s with framing)
[0;34m[Device: id=1] TX[0m: 0.14 Mpps, 1146 Mbit/s (1169 Mbit/s with framing)
[1;36m[Device: id=1] RX[0m: 0.13 Mpps, 1095 Mbit/s (1116 Mbit/s with framing)
[0;34m[Device: id=1] TX[0m: 0.14 Mpps, 1146 Mbit/s (1169 Mbit/s with framing)
[1;36m[Device: id=1] RX[0m: 0.13 Mpps, 1096 Mbit/s (1117 Mbit/s with framing)
[0;34m[Device: id=1] TX[0m: 0.14 Mpps, 1146 Mbit/s (1169 Mbit/s with framing)
[1;36m[Device: id=1] RX[0m: 0.13 Mpps, 1097 Mbit/s (1118 Mbit/s with framing)
[0;34m[Device: id=1] TX[0m: 0.14 Mpps, 1146 Mbit/s (1169 Mbit/s with framing)
[1;36m[Device: id=1] RX[0m: 0.13 Mpps, 1093 Mbit/s (1115 Mbit/s with framing)
[0;34m[Device: id=1] TX[0m: 0.14 Mpps, 1146 Mbit/s (1169 Mbit/s with framing)
[1;36m[Device: id=1] RX[0m: 0.13 Mpps, 1094 Mbit/s (1115 Mbit/s with framing)
[0;34m[Device: id=1] TX[0m: 0.14 Mpps, 1146 Mbit/s (1169 Mbit/s with framing)
[1;36m[Device: id=1] RX[0m: 0.13 Mpps, 1092 Mbit/s (1113 Mbit/s with framing)
[0;34m[Device: id=1] TX[0m: 0.14 Mpps, 1146 Mbit/s (1169 Mbit/s with framing)
[1;36m[Device: id=1] RX[0m: 0.13 Mpps, 1094 Mbit/s (1116 Mbit/s with framing)
[0;34m[Device: id=1] TX[0m: 0.14 Mpps, 1146 Mbit/s (1169 Mbit/s with framing)
[1;36m[Device: id=1] RX[0m: 0.13 Mpps, 1094 Mbit/s (1115 Mbit/s with framing)
[0;34m[Device: id=1] TX[0m: 0.14 Mpps, 1146 Mbit/s (1169 Mbit/s with framing)
[1;36m[Device: id=1] RX[0m: 0.13 Mpps, 1096 Mbit/s (1117 Mbit/s with framing)
[0;34m[Device: id=1] TX[0m: 0.14 Mpps, 1146 Mbit/s (1169 Mbit/s with framing)
[1;36m[Device: id=1] RX[0m: 0.13 Mpps, 1094 Mbit/s (1115 Mbit/s with framing)
[0;34m[Device: id=1] TX[0m: 0.14 Mpps, 1146 Mbit/s (1169 Mbit/s with framing)
Samples: 3974, Average: 3855257.5 ns, StdDev: 130577.4 ns, Quartiles: 3774809.0/3835827.0/3924262.0 ns
[1;37m[INFO]  Saving histogram to 'histogram.csv'[0m
[1;36m[Device: id=1] RX[0m: 0.13 (StdDev 0.01) Mpps, 1080 (StdDev 77) Mbit/s (1101 Mbit/s with framing), total 3810379 packets with 3913250836 bytes (incl. CRC)
[0;34m[Device: id=1] TX[0m: 0.14 (StdDev 0.00) Mpps, 1146 (StdDev 0) Mbit/s (1169 Mbit/s with framing), total 4192509 packets with 4288910016 bytes (incl. CRC)
