[1;37m[INFO]  Initializing DPDK. This will take a few seconds...[0m
EAL: Probing VFIO support...
EAL: PCI device 0000:20:00.0 on NUMA socket 0
EAL:   probe driver: 8086:1521 net_e1000_igb
EAL: PCI device 0000:20:00.1 on NUMA socket 0
EAL:   probe driver: 8086:1521 net_e1000_igb
EAL: PCI device 0000:b0:00.0 on NUMA socket 1
EAL:   probe driver: 8086:10fb net_ixgbe
[1;37m[INFO]  Found 2 usable devices:[0m
   Device 0: 08:9E:01:9B:21:1F ([0;32mIntel Corporation I350 Gigabit Network Connection[0m)
   Device 1: 64:9D:99:B1:0B:62 ([0;32mIntel Corporation 82599ES 10-Gigabit SFI/SFP+ Network Connection[0m)
PMD: ixgbe_dev_link_status_print():  Port 1: Link Down
[1;37m[INFO]  Waiting for devices to come up...[0m
[1;37m[INFO]  Device 1 (64:9D:99:B1:0B:62) is up: 10000 MBit/s[0m
[1;37m[INFO]  [0;32m1 device is up.[0m[0m
[1;36m[Device: id=1] RX[0m: 0.06 Mpps, 474 Mbit/s (484 Mbit/s with framing)
[0;34m[Device: id=1] TX[0m: 0.09 Mpps, 728 Mbit/s (742 Mbit/s with framing)
[1;36m[Device: id=1] RX[0m: 0.09 Mpps, 720 Mbit/s (734 Mbit/s with framing)
[0;34m[Device: id=1] TX[0m: 0.09 Mpps, 737 Mbit/s (751 Mbit/s with framing)
[1;36m[Device: id=1] RX[0m: 0.09 Mpps, 725 Mbit/s (739 Mbit/s with framing)
[0;34m[Device: id=1] TX[0m: 0.09 Mpps, 737 Mbit/s (751 Mbit/s with framing)
[1;36m[Device: id=1] RX[0m: 0.09 Mpps, 724 Mbit/s (739 Mbit/s with framing)
[0;34m[Device: id=1] TX[0m: 0.09 Mpps, 737 Mbit/s (751 Mbit/s with framing)
[1;36m[Device: id=1] RX[0m: 0.09 Mpps, 716 Mbit/s (730 Mbit/s with framing)
[0;34m[Device: id=1] TX[0m: 0.09 Mpps, 737 Mbit/s (751 Mbit/s with framing)
[1;36m[Device: id=1] RX[0m: 0.09 Mpps, 722 Mbit/s (736 Mbit/s with framing)
[0;34m[Device: id=1] TX[0m: 0.09 Mpps, 737 Mbit/s (751 Mbit/s with framing)
[1;36m[Device: id=1] RX[0m: 0.09 Mpps, 724 Mbit/s (738 Mbit/s with framing)
[0;34m[Device: id=1] TX[0m: 0.09 Mpps, 737 Mbit/s (751 Mbit/s with framing)
[1;36m[Device: id=1] RX[0m: 0.09 Mpps, 721 Mbit/s (735 Mbit/s with framing)
[0;34m[Device: id=1] TX[0m: 0.09 Mpps, 737 Mbit/s (751 Mbit/s with framing)
[1;36m[Device: id=1] RX[0m: 0.09 Mpps, 735 Mbit/s (749 Mbit/s with framing)
[0;34m[Device: id=1] TX[0m: 0.09 Mpps, 737 Mbit/s (752 Mbit/s with framing)
[1;36m[Device: id=1] RX[0m: 0.09 Mpps, 724 Mbit/s (738 Mbit/s with framing)
[0;34m[Device: id=1] TX[0m: 0.09 Mpps, 737 Mbit/s (751 Mbit/s with framing)
[1;36m[Device: id=1] RX[0m: 0.09 Mpps, 725 Mbit/s (739 Mbit/s with framing)
[0;34m[Device: id=1] TX[0m: 0.09 Mpps, 737 Mbit/s (751 Mbit/s with framing)
[1;36m[Device: id=1] RX[0m: 0.09 Mpps, 720 Mbit/s (734 Mbit/s with framing)
[0;34m[Device: id=1] TX[0m: 0.09 Mpps, 737 Mbit/s (751 Mbit/s with framing)
[1;36m[Device: id=1] RX[0m: 0.09 Mpps, 723 Mbit/s (738 Mbit/s with framing)
[0;34m[Device: id=1] TX[0m: 0.09 Mpps, 737 Mbit/s (751 Mbit/s with framing)
[1;36m[Device: id=1] RX[0m: 0.09 Mpps, 723 Mbit/s (737 Mbit/s with framing)
[0;34m[Device: id=1] TX[0m: 0.09 Mpps, 737 Mbit/s (751 Mbit/s with framing)
[1;36m[Device: id=1] RX[0m: 0.09 Mpps, 724 Mbit/s (739 Mbit/s with framing)
[0;34m[Device: id=1] TX[0m: 0.09 Mpps, 737 Mbit/s (751 Mbit/s with framing)
[1;36m[Device: id=1] RX[0m: 0.09 Mpps, 726 Mbit/s (740 Mbit/s with framing)
[0;34m[Device: id=1] TX[0m: 0.09 Mpps, 737 Mbit/s (751 Mbit/s with framing)
[1;36m[Device: id=1] RX[0m: 0.09 Mpps, 724 Mbit/s (738 Mbit/s with framing)
[0;34m[Device: id=1] TX[0m: 0.09 Mpps, 737 Mbit/s (751 Mbit/s with framing)
[1;36m[Device: id=1] RX[0m: 0.09 Mpps, 726 Mbit/s (740 Mbit/s with framing)
[0;34m[Device: id=1] TX[0m: 0.09 Mpps, 737 Mbit/s (751 Mbit/s with framing)
[1;36m[Device: id=1] RX[0m: 0.09 Mpps, 721 Mbit/s (736 Mbit/s with framing)
[0;34m[Device: id=1] TX[0m: 0.09 Mpps, 737 Mbit/s (751 Mbit/s with framing)
[1;36m[Device: id=1] RX[0m: 0.09 Mpps, 725 Mbit/s (739 Mbit/s with framing)
[0;34m[Device: id=1] TX[0m: 0.09 Mpps, 737 Mbit/s (751 Mbit/s with framing)
[1;36m[Device: id=1] RX[0m: 0.09 Mpps, 724 Mbit/s (738 Mbit/s with framing)
[0;34m[Device: id=1] TX[0m: 0.09 Mpps, 737 Mbit/s (751 Mbit/s with framing)
[1;36m[Device: id=1] RX[0m: 0.09 Mpps, 723 Mbit/s (737 Mbit/s with framing)
[0;34m[Device: id=1] TX[0m: 0.09 Mpps, 737 Mbit/s (751 Mbit/s with framing)
[1;36m[Device: id=1] RX[0m: 0.09 Mpps, 724 Mbit/s (739 Mbit/s with framing)
[0;34m[Device: id=1] TX[0m: 0.09 Mpps, 737 Mbit/s (751 Mbit/s with framing)
[1;36m[Device: id=1] RX[0m: 0.09 Mpps, 722 Mbit/s (736 Mbit/s with framing)
[0;34m[Device: id=1] TX[0m: 0.09 Mpps, 737 Mbit/s (751 Mbit/s with framing)
[1;36m[Device: id=1] RX[0m: 0.09 Mpps, 725 Mbit/s (740 Mbit/s with framing)
[0;34m[Device: id=1] TX[0m: 0.09 Mpps, 737 Mbit/s (751 Mbit/s with framing)
[1;36m[Device: id=1] RX[0m: 0.09 Mpps, 723 Mbit/s (737 Mbit/s with framing)
[0;34m[Device: id=1] TX[0m: 0.09 Mpps, 737 Mbit/s (751 Mbit/s with framing)
[1;36m[Device: id=1] RX[0m: 0.09 Mpps, 721 Mbit/s (735 Mbit/s with framing)
[0;34m[Device: id=1] TX[0m: 0.09 Mpps, 737 Mbit/s (751 Mbit/s with framing)
[1;36m[Device: id=1] RX[0m: 0.09 Mpps, 725 Mbit/s (739 Mbit/s with framing)
[0;34m[Device: id=1] TX[0m: 0.09 Mpps, 737 Mbit/s (751 Mbit/s with framing)
[1;36m[Device: id=1] RX[0m: 0.09 Mpps, 724 Mbit/s (738 Mbit/s with framing)
[0;34m[Device: id=1] TX[0m: 0.09 Mpps, 737 Mbit/s (751 Mbit/s with framing)
[1;33m[WARN]  Failed to timestamp packet on transmission[0m
Samples: 3556, Average: 5702797.6 ns, StdDev: 308250.6 ns, Quartiles: 5640871.0/5700019.0/5811130.0 ns
[1;37m[INFO]  Saving histogram to 'histogram.csv'[0m
[1;36m[Device: id=1] RX[0m: 0.09 (StdDev 0.00) Mpps, 724 (StdDev 3) Mbit/s (738 Mbit/s with framing), total 2619654 packets with 2679107256 bytes (incl. CRC)
[0;34m[Device: id=1] TX[0m: 0.09 (StdDev 0.00) Mpps, 737 (StdDev 0) Mbit/s (751 Mbit/s with framing), total 2698112 packets with 2759227328 bytes (incl. CRC)
