[1;37m[INFO]  Initializing DPDK. This will take a few seconds...[0m
EAL: Probing VFIO support...
EAL: PCI device 0000:20:00.0 on NUMA socket 0
EAL:   probe driver: 8086:1521 net_e1000_igb
EAL: PCI device 0000:20:00.1 on NUMA socket 0
EAL:   probe driver: 8086:1521 net_e1000_igb
EAL: PCI device 0000:b0:00.0 on NUMA socket 1
EAL:   probe driver: 8086:10fb net_ixgbe
[1;37m[INFO]  Found 2 usable devices:[0m
   Device 0: 08:9E:01:9B:21:1F ([0;32mIntel Corporation I350 Gigabit Network Connection[0m)
   Device 1: 64:9D:99:B1:0B:62 ([0;32mIntel Corporation 82599ES 10-Gigabit SFI/SFP+ Network Connection[0m)
PMD: ixgbe_dev_link_status_print():  Port 1: Link Down
[1;37m[INFO]  Waiting for devices to come up...[0m
[1;37m[INFO]  Device 1 (64:9D:99:B1:0B:62) is up: 10000 MBit/s[0m
[1;37m[INFO]  [0;32m1 device is up.[0m[0m
[1;36m[Device: id=1] RX[0m: 0.01 Mpps, 115 Mbit/s (117 Mbit/s with framing)
[0;34m[Device: id=1] TX[0m: 0.05 Mpps, 393 Mbit/s (400 Mbit/s with framing)
[1;36m[Device: id=1] RX[0m: 0.00 Mpps, 0 Mbit/s (0 Mbit/s with framing)
[0;34m[Device: id=1] TX[0m: 0.05 Mpps, 409 Mbit/s (417 Mbit/s with framing)
[1;36m[Device: id=1] RX[0m: 0.00 Mpps, 0 Mbit/s (0 Mbit/s with framing)
[0;34m[Device: id=1] TX[0m: 0.05 Mpps, 409 Mbit/s (417 Mbit/s with framing)
[1;36m[Device: id=1] RX[0m: 0.00 Mpps, 0 Mbit/s (0 Mbit/s with framing)
[0;34m[Device: id=1] TX[0m: 0.05 Mpps, 409 Mbit/s (417 Mbit/s with framing)
[1;36m[Device: id=1] RX[0m: 0.00 Mpps, 0 Mbit/s (0 Mbit/s with framing)
[0;34m[Device: id=1] TX[0m: 0.05 Mpps, 409 Mbit/s (417 Mbit/s with framing)
[1;36m[Device: id=1] RX[0m: 0.00 Mpps, 0 Mbit/s (0 Mbit/s with framing)
[0;34m[Device: id=1] TX[0m: 0.05 Mpps, 409 Mbit/s (417 Mbit/s with framing)
[1;36m[Device: id=1] RX[0m: 0.00 Mpps, 0 Mbit/s (0 Mbit/s with framing)
[0;34m[Device: id=1] TX[0m: 0.05 Mpps, 409 Mbit/s (417 Mbit/s with framing)
[1;36m[Device: id=1] RX[0m: 0.01 Mpps, 112 Mbit/s (114 Mbit/s with framing)
[0;34m[Device: id=1] TX[0m: 0.05 Mpps, 409 Mbit/s (417 Mbit/s with framing)
[1;36m[Device: id=1] RX[0m: 0.00 Mpps, 0 Mbit/s (0 Mbit/s with framing)
[0;34m[Device: id=1] TX[0m: 0.05 Mpps, 409 Mbit/s (417 Mbit/s with framing)
[1;36m[Device: id=1] RX[0m: 0.00 Mpps, 0 Mbit/s (0 Mbit/s with framing)
[0;34m[Device: id=1] TX[0m: 0.05 Mpps, 409 Mbit/s (417 Mbit/s with framing)
[1;36m[Device: id=1] RX[0m: 0.00 Mpps, 0 Mbit/s (0 Mbit/s with framing)
[0;34m[Device: id=1] TX[0m: 0.05 Mpps, 409 Mbit/s (417 Mbit/s with framing)
[1;36m[Device: id=1] RX[0m: 0.00 Mpps, 0 Mbit/s (0 Mbit/s with framing)
[0;34m[Device: id=1] TX[0m: 0.05 Mpps, 409 Mbit/s (417 Mbit/s with framing)
[1;36m[Device: id=1] RX[0m: 0.00 Mpps, 0 Mbit/s (0 Mbit/s with framing)
[0;34m[Device: id=1] TX[0m: 0.05 Mpps, 409 Mbit/s (417 Mbit/s with framing)
[1;36m[Device: id=1] RX[0m: 0.00 Mpps, 0 Mbit/s (0 Mbit/s with framing)
[0;34m[Device: id=1] TX[0m: 0.05 Mpps, 409 Mbit/s (417 Mbit/s with framing)
[1;36m[Device: id=1] RX[0m: 0.00 Mpps, 0 Mbit/s (0 Mbit/s with framing)
[0;34m[Device: id=1] TX[0m: 0.05 Mpps, 409 Mbit/s (417 Mbit/s with framing)
[1;36m[Device: id=1] RX[0m: 0.00 Mpps, 0 Mbit/s (0 Mbit/s with framing)
[0;34m[Device: id=1] TX[0m: 0.05 Mpps, 409 Mbit/s (417 Mbit/s with framing)
[1;36m[Device: id=1] RX[0m: 0.01 Mpps, 58 Mbit/s (59 Mbit/s with framing)
[0;34m[Device: id=1] TX[0m: 0.05 Mpps, 409 Mbit/s (417 Mbit/s with framing)
[1;36m[Device: id=1] RX[0m: 0.00 Mpps, 21 Mbit/s (22 Mbit/s with framing)
[0;34m[Device: id=1] TX[0m: 0.05 Mpps, 409 Mbit/s (417 Mbit/s with framing)
[1;36m[Device: id=1] RX[0m: 0.00 Mpps, 0 Mbit/s (0 Mbit/s with framing)
[0;34m[Device: id=1] TX[0m: 0.05 Mpps, 409 Mbit/s (417 Mbit/s with framing)
[1;36m[Device: id=1] RX[0m: 0.02 Mpps, 119 Mbit/s (122 Mbit/s with framing)
[0;34m[Device: id=1] TX[0m: 0.05 Mpps, 409 Mbit/s (417 Mbit/s with framing)
[1;36m[Device: id=1] RX[0m: 0.00 Mpps, 0 Mbit/s (0 Mbit/s with framing)
[0;34m[Device: id=1] TX[0m: 0.05 Mpps, 409 Mbit/s (417 Mbit/s with framing)
[1;36m[Device: id=1] RX[0m: 0.00 Mpps, 0 Mbit/s (0 Mbit/s with framing)
[0;34m[Device: id=1] TX[0m: 0.05 Mpps, 409 Mbit/s (417 Mbit/s with framing)
[1;36m[Device: id=1] RX[0m: 0.00 Mpps, 0 Mbit/s (0 Mbit/s with framing)
[0;34m[Device: id=1] TX[0m: 0.05 Mpps, 409 Mbit/s (417 Mbit/s with framing)
[1;36m[Device: id=1] RX[0m: 0.00 Mpps, 0 Mbit/s (0 Mbit/s with framing)
[0;34m[Device: id=1] TX[0m: 0.05 Mpps, 409 Mbit/s (417 Mbit/s with framing)
[1;36m[Device: id=1] RX[0m: 0.00 Mpps, 0 Mbit/s (0 Mbit/s with framing)
[0;34m[Device: id=1] TX[0m: 0.05 Mpps, 409 Mbit/s (417 Mbit/s with framing)
[1;36m[Device: id=1] RX[0m: 0.00 Mpps, 0 Mbit/s (0 Mbit/s with framing)
[0;34m[Device: id=1] TX[0m: 0.05 Mpps, 409 Mbit/s (417 Mbit/s with framing)
[1;36m[Device: id=1] RX[0m: 0.00 Mpps, 0 Mbit/s (0 Mbit/s with framing)
[0;34m[Device: id=1] TX[0m: 0.05 Mpps, 409 Mbit/s (417 Mbit/s with framing)
[1;36m[Device: id=1] RX[0m: 0.00 Mpps, 0 Mbit/s (0 Mbit/s with framing)
[0;34m[Device: id=1] TX[0m: 0.05 Mpps, 409 Mbit/s (417 Mbit/s with framing)
[1;36m[Device: id=1] RX[0m: 0.00 Mpps, 0 Mbit/s (0 Mbit/s with framing)
[0;34m[Device: id=1] TX[0m: 0.05 Mpps, 409 Mbit/s (417 Mbit/s with framing)
Samples: 1185, Average: 349531.4 ns, StdDev: 931720.7 ns, Quartiles: 160493.0/205434.0/267840.0 ns
[1;37m[INFO]  Saving histogram to 'histogram.csv'[0m
[1;36m[Device: id=1] RX[0m: 0.00 (StdDev 0.00) Mpps, 11 (StdDev 32) Mbit/s (11 Mbit/s with framing), total 53301 packets with 53435064 bytes (incl. CRC)
[0;34m[Device: id=1] TX[0m: 0.05 (StdDev 0.00) Mpps, 409 (StdDev 0) Mbit/s (417 Mbit/s with framing), total 1497021 packets with 1530455424 bytes (incl. CRC)
