[1;37m[INFO]  Initializing DPDK. This will take a few seconds...[0m
EAL: Probing VFIO support...
EAL: PCI device 0000:20:00.0 on NUMA socket 0
EAL:   probe driver: 8086:1521 net_e1000_igb
EAL: PCI device 0000:20:00.1 on NUMA socket 0
EAL:   probe driver: 8086:1521 net_e1000_igb
EAL: PCI device 0000:b0:00.0 on NUMA socket 1
EAL:   probe driver: 8086:10fb net_ixgbe
[1;37m[INFO]  Found 2 usable devices:[0m
   Device 0: 08:9E:01:9B:21:1F ([0;32mIntel Corporation I350 Gigabit Network Connection[0m)
   Device 1: 64:9D:99:B1:0B:62 ([0;32mIntel Corporation 82599ES 10-Gigabit SFI/SFP+ Network Connection[0m)
PMD: ixgbe_dev_link_status_print():  Port 1: Link Down
[1;37m[INFO]  Waiting for devices to come up...[0m
[1;37m[INFO]  Device 1 (64:9D:99:B1:0B:62) is up: 10000 MBit/s[0m
[1;37m[INFO]  [0;32m1 device is up.[0m[0m
[1;36m[Device: id=1] RX[0m: 0.00 Mpps, 0 Mbit/s (0 Mbit/s with framing)
[0;34m[Device: id=1] TX[0m: 0.15 Mpps, 1228 Mbit/s (1252 Mbit/s with framing)
[1;36m[Device: id=1] RX[0m: 0.11 Mpps, 908 Mbit/s (926 Mbit/s with framing)
[0;34m[Device: id=1] TX[0m: 0.15 Mpps, 1228 Mbit/s (1252 Mbit/s with framing)
[1;36m[Device: id=1] RX[0m: 0.11 Mpps, 926 Mbit/s (944 Mbit/s with framing)
[0;34m[Device: id=1] TX[0m: 0.15 Mpps, 1228 Mbit/s (1252 Mbit/s with framing)
[1;36m[Device: id=1] RX[0m: 0.11 Mpps, 925 Mbit/s (943 Mbit/s with framing)
[0;34m[Device: id=1] TX[0m: 0.15 Mpps, 1228 Mbit/s (1252 Mbit/s with framing)
[1;36m[Device: id=1] RX[0m: 0.11 Mpps, 926 Mbit/s (944 Mbit/s with framing)
[0;34m[Device: id=1] TX[0m: 0.15 Mpps, 1228 Mbit/s (1252 Mbit/s with framing)
[1;36m[Device: id=1] RX[0m: 0.11 Mpps, 927 Mbit/s (945 Mbit/s with framing)
[0;34m[Device: id=1] TX[0m: 0.15 Mpps, 1228 Mbit/s (1252 Mbit/s with framing)
[1;36m[Device: id=1] RX[0m: 0.11 Mpps, 926 Mbit/s (944 Mbit/s with framing)
[0;34m[Device: id=1] TX[0m: 0.15 Mpps, 1228 Mbit/s (1252 Mbit/s with framing)
[1;36m[Device: id=1] RX[0m: 0.11 Mpps, 926 Mbit/s (944 Mbit/s with framing)
[0;34m[Device: id=1] TX[0m: 0.15 Mpps, 1228 Mbit/s (1252 Mbit/s with framing)
[1;36m[Device: id=1] RX[0m: 0.11 Mpps, 927 Mbit/s (945 Mbit/s with framing)
[0;34m[Device: id=1] TX[0m: 0.15 Mpps, 1228 Mbit/s (1252 Mbit/s with framing)
[1;36m[Device: id=1] RX[0m: 0.11 Mpps, 927 Mbit/s (945 Mbit/s with framing)
[0;34m[Device: id=1] TX[0m: 0.15 Mpps, 1228 Mbit/s (1252 Mbit/s with framing)
[1;36m[Device: id=1] RX[0m: 0.11 Mpps, 926 Mbit/s (944 Mbit/s with framing)
[0;34m[Device: id=1] TX[0m: 0.15 Mpps, 1228 Mbit/s (1252 Mbit/s with framing)
[1;36m[Device: id=1] RX[0m: 0.11 Mpps, 927 Mbit/s (945 Mbit/s with framing)
[0;34m[Device: id=1] TX[0m: 0.15 Mpps, 1228 Mbit/s (1252 Mbit/s with framing)
[1;36m[Device: id=1] RX[0m: 0.11 Mpps, 925 Mbit/s (943 Mbit/s with framing)
[0;34m[Device: id=1] TX[0m: 0.15 Mpps, 1228 Mbit/s (1252 Mbit/s with framing)
[1;36m[Device: id=1] RX[0m: 0.11 Mpps, 927 Mbit/s (945 Mbit/s with framing)
[0;34m[Device: id=1] TX[0m: 0.15 Mpps, 1228 Mbit/s (1252 Mbit/s with framing)
[1;36m[Device: id=1] RX[0m: 0.11 Mpps, 926 Mbit/s (945 Mbit/s with framing)
[0;34m[Device: id=1] TX[0m: 0.15 Mpps, 1228 Mbit/s (1252 Mbit/s with framing)
[1;36m[Device: id=1] RX[0m: 0.11 Mpps, 925 Mbit/s (944 Mbit/s with framing)
[0;34m[Device: id=1] TX[0m: 0.15 Mpps, 1228 Mbit/s (1252 Mbit/s with framing)
[1;36m[Device: id=1] RX[0m: 0.11 Mpps, 926 Mbit/s (944 Mbit/s with framing)
[0;34m[Device: id=1] TX[0m: 0.15 Mpps, 1228 Mbit/s (1252 Mbit/s with framing)
[1;36m[Device: id=1] RX[0m: 0.11 Mpps, 926 Mbit/s (944 Mbit/s with framing)
[0;34m[Device: id=1] TX[0m: 0.15 Mpps, 1228 Mbit/s (1252 Mbit/s with framing)
[1;36m[Device: id=1] RX[0m: 0.11 Mpps, 927 Mbit/s (945 Mbit/s with framing)
[0;34m[Device: id=1] TX[0m: 0.15 Mpps, 1228 Mbit/s (1252 Mbit/s with framing)
[1;36m[Device: id=1] RX[0m: 0.11 Mpps, 926 Mbit/s (944 Mbit/s with framing)
[0;34m[Device: id=1] TX[0m: 0.15 Mpps, 1228 Mbit/s (1252 Mbit/s with framing)
[1;36m[Device: id=1] RX[0m: 0.11 Mpps, 925 Mbit/s (943 Mbit/s with framing)
[0;34m[Device: id=1] TX[0m: 0.15 Mpps, 1228 Mbit/s (1252 Mbit/s with framing)
[1;36m[Device: id=1] RX[0m: 0.11 Mpps, 925 Mbit/s (943 Mbit/s with framing)
[0;34m[Device: id=1] TX[0m: 0.15 Mpps, 1228 Mbit/s (1252 Mbit/s with framing)
[1;36m[Device: id=1] RX[0m: 0.11 Mpps, 928 Mbit/s (946 Mbit/s with framing)
[0;34m[Device: id=1] TX[0m: 0.15 Mpps, 1228 Mbit/s (1252 Mbit/s with framing)
[1;36m[Device: id=1] RX[0m: 0.11 Mpps, 926 Mbit/s (944 Mbit/s with framing)
[0;34m[Device: id=1] TX[0m: 0.15 Mpps, 1228 Mbit/s (1252 Mbit/s with framing)
[1;36m[Device: id=1] RX[0m: 0.11 Mpps, 926 Mbit/s (944 Mbit/s with framing)
[0;34m[Device: id=1] TX[0m: 0.15 Mpps, 1228 Mbit/s (1252 Mbit/s with framing)
[1;36m[Device: id=1] RX[0m: 0.11 Mpps, 927 Mbit/s (945 Mbit/s with framing)
[0;34m[Device: id=1] TX[0m: 0.15 Mpps, 1228 Mbit/s (1252 Mbit/s with framing)
[1;36m[Device: id=1] RX[0m: 0.11 Mpps, 926 Mbit/s (944 Mbit/s with framing)
[0;34m[Device: id=1] TX[0m: 0.15 Mpps, 1228 Mbit/s (1252 Mbit/s with framing)
[1;36m[Device: id=1] RX[0m: 0.11 Mpps, 925 Mbit/s (943 Mbit/s with framing)
[0;34m[Device: id=1] TX[0m: 0.15 Mpps, 1228 Mbit/s (1252 Mbit/s with framing)
[1;36m[Device: id=1] RX[0m: 0.11 Mpps, 928 Mbit/s (946 Mbit/s with framing)
[0;34m[Device: id=1] TX[0m: 0.15 Mpps, 1228 Mbit/s (1252 Mbit/s with framing)
Samples: 1657, Average: 6081929.3 ns, StdDev: 557996.9 ns, Quartiles: 5619315.0/6222144.0/6413030.0 ns
[1;37m[INFO]  Saving histogram to 'histogram.csv'[0m
[1;36m[Device: id=1] RX[0m: 0.11 (StdDev 0.00) Mpps, 926 (StdDev 4) Mbit/s (944 Mbit/s with framing), total 3272202 packets with 3349140408 bytes (incl. CRC)
[0;34m[Device: id=1] TX[0m: 0.15 (StdDev 0.00) Mpps, 1228 (StdDev 0) Mbit/s (1252 Mbit/s with framing), total 4492305 packets with 4597796160 bytes (incl. CRC)
