[1;37m[INFO]  Initializing DPDK. This will take a few seconds...[0m
EAL: Probing VFIO support...
EAL: PCI device 0000:20:00.0 on NUMA socket 0
EAL:   probe driver: 8086:1521 net_e1000_igb
EAL: PCI device 0000:20:00.1 on NUMA socket 0
EAL:   probe driver: 8086:1521 net_e1000_igb
EAL: PCI device 0000:b0:00.0 on NUMA socket 1
EAL:   probe driver: 8086:10fb net_ixgbe
[1;37m[INFO]  Found 2 usable devices:[0m
   Device 0: 08:9E:01:9B:21:1F ([0;32mIntel Corporation I350 Gigabit Network Connection[0m)
   Device 1: 64:9D:99:B1:0B:62 ([0;32mIntel Corporation 82599ES 10-Gigabit SFI/SFP+ Network Connection[0m)
PMD: ixgbe_dev_link_status_print():  Port 1: Link Down
[1;37m[INFO]  Waiting for devices to come up...[0m
[1;37m[INFO]  Device 1 (64:9D:99:B1:0B:62) is up: 10000 MBit/s[0m
[1;37m[INFO]  [0;32m1 device is up.[0m[0m
[1;36m[Device: id=1] RX[0m: 0.10 Mpps, 52 Mbit/s (68 Mbit/s with framing)
[0;34m[Device: id=1] TX[0m: 0.13 Mpps, 66 Mbit/s (86 Mbit/s with framing)
[1;36m[Device: id=1] RX[0m: 0.11 Mpps, 57 Mbit/s (74 Mbit/s with framing)
[0;34m[Device: id=1] TX[0m: 0.13 Mpps, 66 Mbit/s (87 Mbit/s with framing)
[1;36m[Device: id=1] RX[0m: 0.11 Mpps, 56 Mbit/s (74 Mbit/s with framing)
[0;34m[Device: id=1] TX[0m: 0.13 Mpps, 66 Mbit/s (87 Mbit/s with framing)
[1;36m[Device: id=1] RX[0m: 0.11 Mpps, 56 Mbit/s (74 Mbit/s with framing)
[0;34m[Device: id=1] TX[0m: 0.13 Mpps, 66 Mbit/s (87 Mbit/s with framing)
[1;36m[Device: id=1] RX[0m: 0.11 Mpps, 57 Mbit/s (74 Mbit/s with framing)
[0;34m[Device: id=1] TX[0m: 0.13 Mpps, 66 Mbit/s (87 Mbit/s with framing)
[1;36m[Device: id=1] RX[0m: 0.11 Mpps, 56 Mbit/s (74 Mbit/s with framing)
[0;34m[Device: id=1] TX[0m: 0.13 Mpps, 66 Mbit/s (87 Mbit/s with framing)
[1;36m[Device: id=1] RX[0m: 0.11 Mpps, 56 Mbit/s (74 Mbit/s with framing)
[0;34m[Device: id=1] TX[0m: 0.13 Mpps, 66 Mbit/s (87 Mbit/s with framing)
[1;36m[Device: id=1] RX[0m: 0.11 Mpps, 56 Mbit/s (74 Mbit/s with framing)
[0;34m[Device: id=1] TX[0m: 0.13 Mpps, 66 Mbit/s (87 Mbit/s with framing)
[1;36m[Device: id=1] RX[0m: 0.11 Mpps, 57 Mbit/s (74 Mbit/s with framing)
[0;34m[Device: id=1] TX[0m: 0.13 Mpps, 66 Mbit/s (87 Mbit/s with framing)
[1;36m[Device: id=1] RX[0m: 0.11 Mpps, 56 Mbit/s (74 Mbit/s with framing)
[0;34m[Device: id=1] TX[0m: 0.13 Mpps, 66 Mbit/s (87 Mbit/s with framing)
[1;36m[Device: id=1] RX[0m: 0.11 Mpps, 56 Mbit/s (74 Mbit/s with framing)
[0;34m[Device: id=1] TX[0m: 0.13 Mpps, 66 Mbit/s (87 Mbit/s with framing)
[1;36m[Device: id=1] RX[0m: 0.11 Mpps, 57 Mbit/s (74 Mbit/s with framing)
[0;34m[Device: id=1] TX[0m: 0.13 Mpps, 66 Mbit/s (87 Mbit/s with framing)
[1;36m[Device: id=1] RX[0m: 0.11 Mpps, 57 Mbit/s (74 Mbit/s with framing)
[0;34m[Device: id=1] TX[0m: 0.13 Mpps, 66 Mbit/s (87 Mbit/s with framing)
[1;36m[Device: id=1] RX[0m: 0.11 Mpps, 57 Mbit/s (74 Mbit/s with framing)
[0;34m[Device: id=1] TX[0m: 0.13 Mpps, 66 Mbit/s (87 Mbit/s with framing)
[1;36m[Device: id=1] RX[0m: 0.11 Mpps, 56 Mbit/s (74 Mbit/s with framing)
[0;34m[Device: id=1] TX[0m: 0.13 Mpps, 66 Mbit/s (87 Mbit/s with framing)
[1;36m[Device: id=1] RX[0m: 0.11 Mpps, 57 Mbit/s (74 Mbit/s with framing)
[0;34m[Device: id=1] TX[0m: 0.13 Mpps, 66 Mbit/s (87 Mbit/s with framing)
[1;36m[Device: id=1] RX[0m: 0.11 Mpps, 56 Mbit/s (74 Mbit/s with framing)
[0;34m[Device: id=1] TX[0m: 0.13 Mpps, 66 Mbit/s (87 Mbit/s with framing)
[1;36m[Device: id=1] RX[0m: 0.11 Mpps, 57 Mbit/s (74 Mbit/s with framing)
[0;34m[Device: id=1] TX[0m: 0.13 Mpps, 66 Mbit/s (87 Mbit/s with framing)
[1;36m[Device: id=1] RX[0m: 0.11 Mpps, 57 Mbit/s (74 Mbit/s with framing)
[0;34m[Device: id=1] TX[0m: 0.13 Mpps, 66 Mbit/s (87 Mbit/s with framing)
[1;36m[Device: id=1] RX[0m: 0.11 Mpps, 57 Mbit/s (74 Mbit/s with framing)
[0;34m[Device: id=1] TX[0m: 0.13 Mpps, 66 Mbit/s (87 Mbit/s with framing)
[1;36m[Device: id=1] RX[0m: 0.11 Mpps, 57 Mbit/s (74 Mbit/s with framing)
[0;34m[Device: id=1] TX[0m: 0.13 Mpps, 66 Mbit/s (87 Mbit/s with framing)
[1;36m[Device: id=1] RX[0m: 0.11 Mpps, 57 Mbit/s (74 Mbit/s with framing)
[0;34m[Device: id=1] TX[0m: 0.13 Mpps, 66 Mbit/s (87 Mbit/s with framing)
[1;36m[Device: id=1] RX[0m: 0.11 Mpps, 57 Mbit/s (74 Mbit/s with framing)
[0;34m[Device: id=1] TX[0m: 0.13 Mpps, 66 Mbit/s (87 Mbit/s with framing)
[1;36m[Device: id=1] RX[0m: 0.11 Mpps, 57 Mbit/s (75 Mbit/s with framing)
[0;34m[Device: id=1] TX[0m: 0.13 Mpps, 66 Mbit/s (87 Mbit/s with framing)
[1;36m[Device: id=1] RX[0m: 0.11 Mpps, 57 Mbit/s (75 Mbit/s with framing)
[0;34m[Device: id=1] TX[0m: 0.13 Mpps, 66 Mbit/s (87 Mbit/s with framing)
[1;36m[Device: id=1] RX[0m: 0.11 Mpps, 57 Mbit/s (75 Mbit/s with framing)
[0;34m[Device: id=1] TX[0m: 0.13 Mpps, 66 Mbit/s (87 Mbit/s with framing)
[1;36m[Device: id=1] RX[0m: 0.11 Mpps, 57 Mbit/s (75 Mbit/s with framing)
[0;34m[Device: id=1] TX[0m: 0.13 Mpps, 66 Mbit/s (87 Mbit/s with framing)
[1;36m[Device: id=1] RX[0m: 0.11 Mpps, 57 Mbit/s (75 Mbit/s with framing)
[0;34m[Device: id=1] TX[0m: 0.13 Mpps, 66 Mbit/s (87 Mbit/s with framing)
[1;36m[Device: id=1] RX[0m: 0.11 Mpps, 57 Mbit/s (75 Mbit/s with framing)
[0;34m[Device: id=1] TX[0m: 0.13 Mpps, 66 Mbit/s (87 Mbit/s with framing)
Samples: 2092, Average: 5159106.9 ns, StdDev: 365533.1 ns, Quartiles: 4862809.0/5087309.0/5460077.0 ns
[1;37m[INFO]  Saving histogram to 'histogram.csv'[0m
[1;36m[Device: id=1] RX[0m: 0.11 (StdDev 0.00) Mpps, 57 (StdDev 0) Mbit/s (74 Mbit/s with framing), total 3299648 packets with 211177592 bytes (incl. CRC)
[0;34m[Device: id=1] TX[0m: 0.13 (StdDev 0.00) Mpps, 66 (StdDev 0) Mbit/s (87 Mbit/s with framing), total 3861367 packets with 247127488 bytes (incl. CRC)
