[1;37m[INFO]  Initializing DPDK. This will take a few seconds...[0m
EAL: Probing VFIO support...
EAL: PCI device 0000:20:00.0 on NUMA socket 0
EAL:   probe driver: 8086:1521 net_e1000_igb
EAL: PCI device 0000:20:00.1 on NUMA socket 0
EAL:   probe driver: 8086:1521 net_e1000_igb
EAL: PCI device 0000:b0:00.0 on NUMA socket 1
EAL:   probe driver: 8086:10fb net_ixgbe
[1;37m[INFO]  Found 2 usable devices:[0m
   Device 0: 08:9E:01:9B:21:1F ([0;32mIntel Corporation I350 Gigabit Network Connection[0m)
   Device 1: 64:9D:99:B1:0B:62 ([0;32mIntel Corporation 82599ES 10-Gigabit SFI/SFP+ Network Connection[0m)
PMD: ixgbe_dev_link_status_print():  Port 1: Link Down
[1;37m[INFO]  Waiting for devices to come up...[0m
[1;37m[INFO]  Device 1 (64:9D:99:B1:0B:62) is up: 10000 MBit/s[0m
[1;37m[INFO]  [0;32m1 device is up.[0m[0m
[1;36m[Device: id=1] RX[0m: 0.00 Mpps, 6 Mbit/s (6 Mbit/s with framing)
[0;34m[Device: id=1] TX[0m: 0.07 Mpps, 565 Mbit/s (576 Mbit/s with framing)
[1;36m[Device: id=1] RX[0m: 0.03 Mpps, 214 Mbit/s (219 Mbit/s with framing)
[0;34m[Device: id=1] TX[0m: 0.07 Mpps, 573 Mbit/s (585 Mbit/s with framing)
[1;36m[Device: id=1] RX[0m: 0.00 Mpps, 0 Mbit/s (0 Mbit/s with framing)
[0;34m[Device: id=1] TX[0m: 0.07 Mpps, 573 Mbit/s (584 Mbit/s with framing)
[1;36m[Device: id=1] RX[0m: 0.00 Mpps, 0 Mbit/s (0 Mbit/s with framing)
[0;34m[Device: id=1] TX[0m: 0.07 Mpps, 573 Mbit/s (584 Mbit/s with framing)
[1;36m[Device: id=1] RX[0m: 0.00 Mpps, 0 Mbit/s (0 Mbit/s with framing)
[0;34m[Device: id=1] TX[0m: 0.07 Mpps, 573 Mbit/s (584 Mbit/s with framing)
[1;36m[Device: id=1] RX[0m: 0.04 Mpps, 295 Mbit/s (301 Mbit/s with framing)
[0;34m[Device: id=1] TX[0m: 0.07 Mpps, 573 Mbit/s (585 Mbit/s with framing)
[1;36m[Device: id=1] RX[0m: 0.00 Mpps, 0 Mbit/s (0 Mbit/s with framing)
[0;34m[Device: id=1] TX[0m: 0.07 Mpps, 573 Mbit/s (584 Mbit/s with framing)
[1;36m[Device: id=1] RX[0m: 0.04 Mpps, 334 Mbit/s (341 Mbit/s with framing)
[0;34m[Device: id=1] TX[0m: 0.07 Mpps, 573 Mbit/s (585 Mbit/s with framing)
[1;36m[Device: id=1] RX[0m: 0.05 Mpps, 408 Mbit/s (416 Mbit/s with framing)
[0;34m[Device: id=1] TX[0m: 0.07 Mpps, 573 Mbit/s (585 Mbit/s with framing)
[1;36m[Device: id=1] RX[0m: 0.00 Mpps, 0 Mbit/s (0 Mbit/s with framing)
[0;34m[Device: id=1] TX[0m: 0.07 Mpps, 573 Mbit/s (584 Mbit/s with framing)
[1;36m[Device: id=1] RX[0m: 0.00 Mpps, 0 Mbit/s (0 Mbit/s with framing)
[0;34m[Device: id=1] TX[0m: 0.07 Mpps, 573 Mbit/s (584 Mbit/s with framing)
[1;36m[Device: id=1] RX[0m: 0.00 Mpps, 0 Mbit/s (0 Mbit/s with framing)
[0;34m[Device: id=1] TX[0m: 0.07 Mpps, 573 Mbit/s (584 Mbit/s with framing)
[1;36m[Device: id=1] RX[0m: 0.03 Mpps, 269 Mbit/s (275 Mbit/s with framing)
[0;34m[Device: id=1] TX[0m: 0.07 Mpps, 573 Mbit/s (585 Mbit/s with framing)
[1;36m[Device: id=1] RX[0m: 0.00 Mpps, 0 Mbit/s (0 Mbit/s with framing)
[0;34m[Device: id=1] TX[0m: 0.07 Mpps, 573 Mbit/s (584 Mbit/s with framing)
[1;36m[Device: id=1] RX[0m: 0.00 Mpps, 0 Mbit/s (0 Mbit/s with framing)
[0;34m[Device: id=1] TX[0m: 0.07 Mpps, 573 Mbit/s (584 Mbit/s with framing)
[1;36m[Device: id=1] RX[0m: 0.01 Mpps, 50 Mbit/s (51 Mbit/s with framing)
[0;34m[Device: id=1] TX[0m: 0.07 Mpps, 573 Mbit/s (584 Mbit/s with framing)
[1;36m[Device: id=1] RX[0m: 0.02 Mpps, 127 Mbit/s (130 Mbit/s with framing)
[0;34m[Device: id=1] TX[0m: 0.07 Mpps, 573 Mbit/s (584 Mbit/s with framing)
[1;36m[Device: id=1] RX[0m: 0.00 Mpps, 0 Mbit/s (0 Mbit/s with framing)
[0;34m[Device: id=1] TX[0m: 0.07 Mpps, 573 Mbit/s (584 Mbit/s with framing)
[1;36m[Device: id=1] RX[0m: 0.00 Mpps, 0 Mbit/s (0 Mbit/s with framing)
[0;34m[Device: id=1] TX[0m: 0.07 Mpps, 573 Mbit/s (584 Mbit/s with framing)
[1;36m[Device: id=1] RX[0m: 0.00 Mpps, 20 Mbit/s (20 Mbit/s with framing)
[0;34m[Device: id=1] TX[0m: 0.07 Mpps, 573 Mbit/s (584 Mbit/s with framing)
[1;36m[Device: id=1] RX[0m: 0.02 Mpps, 165 Mbit/s (168 Mbit/s with framing)
[0;34m[Device: id=1] TX[0m: 0.07 Mpps, 573 Mbit/s (584 Mbit/s with framing)
[1;36m[Device: id=1] RX[0m: 0.00 Mpps, 0 Mbit/s (0 Mbit/s with framing)
[0;34m[Device: id=1] TX[0m: 0.07 Mpps, 573 Mbit/s (584 Mbit/s with framing)
[1;36m[Device: id=1] RX[0m: 0.00 Mpps, 0 Mbit/s (0 Mbit/s with framing)
[0;34m[Device: id=1] TX[0m: 0.07 Mpps, 573 Mbit/s (584 Mbit/s with framing)
[1;36m[Device: id=1] RX[0m: 0.02 Mpps, 125 Mbit/s (128 Mbit/s with framing)
[0;34m[Device: id=1] TX[0m: 0.07 Mpps, 573 Mbit/s (584 Mbit/s with framing)
[1;36m[Device: id=1] RX[0m: 0.01 Mpps, 43 Mbit/s (44 Mbit/s with framing)
[0;34m[Device: id=1] TX[0m: 0.07 Mpps, 573 Mbit/s (584 Mbit/s with framing)
[1;36m[Device: id=1] RX[0m: 0.02 Mpps, 160 Mbit/s (163 Mbit/s with framing)
[0;34m[Device: id=1] TX[0m: 0.07 Mpps, 573 Mbit/s (584 Mbit/s with framing)
[1;36m[Device: id=1] RX[0m: 0.00 Mpps, 0 Mbit/s (0 Mbit/s with framing)
[0;34m[Device: id=1] TX[0m: 0.07 Mpps, 573 Mbit/s (584 Mbit/s with framing)
[1;36m[Device: id=1] RX[0m: 0.00 Mpps, 0 Mbit/s (0 Mbit/s with framing)
[0;34m[Device: id=1] TX[0m: 0.07 Mpps, 573 Mbit/s (584 Mbit/s with framing)
[1;36m[Device: id=1] RX[0m: 0.03 Mpps, 234 Mbit/s (239 Mbit/s with framing)
[0;34m[Device: id=1] TX[0m: 0.07 Mpps, 573 Mbit/s (585 Mbit/s with framing)
Samples: 6610, Average: 377662.3 ns, StdDev: 1163649.8 ns, Quartiles: 235993.0/248275.0/328998.0 ns
[1;37m[INFO]  Saving histogram to 'histogram.csv'[0m
[1;36m[Device: id=1] RX[0m: 0.01 (StdDev 0.02) Mpps, 87 (StdDev 124) Mbit/s (89 Mbit/s with framing), total 340643 packets with 342431632 bytes (incl. CRC)
[0;34m[Device: id=1] TX[0m: 0.07 (StdDev 0.00) Mpps, 573 (StdDev 0) Mbit/s (584 Mbit/s with framing), total 2101844 packets with 2144752256 bytes (incl. CRC)
