[1;37m[INFO]  Initializing DPDK. This will take a few seconds...[0m
EAL: Probing VFIO support...
EAL: PCI device 0000:20:00.0 on NUMA socket 0
EAL:   probe driver: 8086:1521 net_e1000_igb
EAL: PCI device 0000:20:00.1 on NUMA socket 0
EAL:   probe driver: 8086:1521 net_e1000_igb
EAL: PCI device 0000:b0:00.0 on NUMA socket 1
EAL:   probe driver: 8086:10fb net_ixgbe
[1;37m[INFO]  Found 2 usable devices:[0m
   Device 0: 08:9E:01:9B:21:1F ([0;32mIntel Corporation I350 Gigabit Network Connection[0m)
   Device 1: 64:9D:99:B1:0B:62 ([0;32mIntel Corporation 82599ES 10-Gigabit SFI/SFP+ Network Connection[0m)
PMD: ixgbe_dev_link_status_print():  Port 1: Link Down
[1;37m[INFO]  Waiting for devices to come up...[0m
[1;37m[INFO]  Device 1 (64:9D:99:B1:0B:62) is up: 10000 MBit/s[0m
[1;37m[INFO]  [0;32m1 device is up.[0m[0m
[1;36m[Device: id=1] RX[0m: 0.00 Mpps, 0 Mbit/s (0 Mbit/s with framing)
[0;34m[Device: id=1] TX[0m: 0.10 Mpps, 50 Mbit/s (66 Mbit/s with framing)
[1;36m[Device: id=1] RX[0m: 0.09 Mpps, 46 Mbit/s (60 Mbit/s with framing)
[0;34m[Device: id=1] TX[0m: 0.10 Mpps, 51 Mbit/s (67 Mbit/s with framing)
[1;36m[Device: id=1] RX[0m: 0.10 Mpps, 51 Mbit/s (67 Mbit/s with framing)
[0;34m[Device: id=1] TX[0m: 0.10 Mpps, 51 Mbit/s (67 Mbit/s with framing)
[1;36m[Device: id=1] RX[0m: 0.07 Mpps, 38 Mbit/s (49 Mbit/s with framing)
[0;34m[Device: id=1] TX[0m: 0.10 Mpps, 51 Mbit/s (67 Mbit/s with framing)
[1;36m[Device: id=1] RX[0m: 0.00 Mpps, 0 Mbit/s (0 Mbit/s with framing)
[0;34m[Device: id=1] TX[0m: 0.10 Mpps, 51 Mbit/s (67 Mbit/s with framing)
[1;36m[Device: id=1] RX[0m: 0.00 Mpps, 0 Mbit/s (0 Mbit/s with framing)
[0;34m[Device: id=1] TX[0m: 0.10 Mpps, 51 Mbit/s (67 Mbit/s with framing)
[1;36m[Device: id=1] RX[0m: 0.00 Mpps, 0 Mbit/s (0 Mbit/s with framing)
[0;34m[Device: id=1] TX[0m: 0.10 Mpps, 51 Mbit/s (67 Mbit/s with framing)
[1;36m[Device: id=1] RX[0m: 0.00 Mpps, 0 Mbit/s (0 Mbit/s with framing)
[0;34m[Device: id=1] TX[0m: 0.10 Mpps, 51 Mbit/s (67 Mbit/s with framing)
[1;36m[Device: id=1] RX[0m: 0.00 Mpps, 0 Mbit/s (0 Mbit/s with framing)
[0;34m[Device: id=1] TX[0m: 0.10 Mpps, 51 Mbit/s (67 Mbit/s with framing)
[1;36m[Device: id=1] RX[0m: 0.00 Mpps, 0 Mbit/s (0 Mbit/s with framing)
[0;34m[Device: id=1] TX[0m: 0.10 Mpps, 51 Mbit/s (67 Mbit/s with framing)
[1;36m[Device: id=1] RX[0m: 0.00 Mpps, 0 Mbit/s (0 Mbit/s with framing)
[0;34m[Device: id=1] TX[0m: 0.10 Mpps, 51 Mbit/s (67 Mbit/s with framing)
[1;36m[Device: id=1] RX[0m: 0.00 Mpps, 0 Mbit/s (0 Mbit/s with framing)
[0;34m[Device: id=1] TX[0m: 0.10 Mpps, 51 Mbit/s (67 Mbit/s with framing)
[1;36m[Device: id=1] RX[0m: 0.00 Mpps, 0 Mbit/s (0 Mbit/s with framing)
[0;34m[Device: id=1] TX[0m: 0.10 Mpps, 51 Mbit/s (67 Mbit/s with framing)
[1;36m[Device: id=1] RX[0m: 0.02 Mpps, 10 Mbit/s (13 Mbit/s with framing)
[0;34m[Device: id=1] TX[0m: 0.10 Mpps, 51 Mbit/s (67 Mbit/s with framing)
[1;36m[Device: id=1] RX[0m: 0.10 Mpps, 51 Mbit/s (67 Mbit/s with framing)
[0;34m[Device: id=1] TX[0m: 0.10 Mpps, 51 Mbit/s (67 Mbit/s with framing)
[1;36m[Device: id=1] RX[0m: 0.07 Mpps, 36 Mbit/s (47 Mbit/s with framing)
[0;34m[Device: id=1] TX[0m: 0.10 Mpps, 51 Mbit/s (67 Mbit/s with framing)
[1;36m[Device: id=1] RX[0m: 0.00 Mpps, 0 Mbit/s (0 Mbit/s with framing)
[0;34m[Device: id=1] TX[0m: 0.10 Mpps, 51 Mbit/s (67 Mbit/s with framing)
[1;36m[Device: id=1] RX[0m: 0.00 Mpps, 0 Mbit/s (0 Mbit/s with framing)
[0;34m[Device: id=1] TX[0m: 0.10 Mpps, 51 Mbit/s (67 Mbit/s with framing)
[1;36m[Device: id=1] RX[0m: 0.00 Mpps, 0 Mbit/s (0 Mbit/s with framing)
[0;34m[Device: id=1] TX[0m: 0.10 Mpps, 51 Mbit/s (67 Mbit/s with framing)
[1;36m[Device: id=1] RX[0m: 0.00 Mpps, 0 Mbit/s (0 Mbit/s with framing)
[0;34m[Device: id=1] TX[0m: 0.10 Mpps, 51 Mbit/s (67 Mbit/s with framing)
[1;36m[Device: id=1] RX[0m: 0.00 Mpps, 0 Mbit/s (0 Mbit/s with framing)
[0;34m[Device: id=1] TX[0m: 0.10 Mpps, 51 Mbit/s (67 Mbit/s with framing)
[1;36m[Device: id=1] RX[0m: 0.00 Mpps, 0 Mbit/s (0 Mbit/s with framing)
[0;34m[Device: id=1] TX[0m: 0.10 Mpps, 51 Mbit/s (67 Mbit/s with framing)
[1;36m[Device: id=1] RX[0m: 0.00 Mpps, 0 Mbit/s (0 Mbit/s with framing)
[0;34m[Device: id=1] TX[0m: 0.10 Mpps, 51 Mbit/s (67 Mbit/s with framing)
[1;36m[Device: id=1] RX[0m: 0.00 Mpps, 0 Mbit/s (0 Mbit/s with framing)
[0;34m[Device: id=1] TX[0m: 0.10 Mpps, 51 Mbit/s (67 Mbit/s with framing)
[1;36m[Device: id=1] RX[0m: 0.00 Mpps, 0 Mbit/s (0 Mbit/s with framing)
[0;34m[Device: id=1] TX[0m: 0.10 Mpps, 51 Mbit/s (67 Mbit/s with framing)
[1;36m[Device: id=1] RX[0m: 0.00 Mpps, 0 Mbit/s (0 Mbit/s with framing)
[0;34m[Device: id=1] TX[0m: 0.10 Mpps, 51 Mbit/s (67 Mbit/s with framing)
[1;36m[Device: id=1] RX[0m: 0.00 Mpps, 0 Mbit/s (0 Mbit/s with framing)
[0;34m[Device: id=1] TX[0m: 0.10 Mpps, 51 Mbit/s (67 Mbit/s with framing)
[1;36m[Device: id=1] RX[0m: 0.00 Mpps, 0 Mbit/s (0 Mbit/s with framing)
[0;34m[Device: id=1] TX[0m: 0.10 Mpps, 51 Mbit/s (67 Mbit/s with framing)
[1;36m[Device: id=1] RX[0m: 0.02 Mpps, 11 Mbit/s (14 Mbit/s with framing)
[0;34m[Device: id=1] TX[0m: 0.10 Mpps, 51 Mbit/s (67 Mbit/s with framing)
[1;33m[WARN]  Failed to timestamp packet on transmission[0m
Samples: 3062, Average: 1039384.6 ns, StdDev: 773130.7 ns, Quartiles: 869792.0/944825.0/1063833.0 ns
[1;37m[INFO]  Saving histogram to 'histogram.csv'[0m
[1;36m[Device: id=1] RX[0m: 0.02 (StdDev 0.03) Mpps, 9 (StdDev 17) Mbit/s (11 Mbit/s with framing), total 541706 packets with 34669314 bytes (incl. CRC)
[0;34m[Device: id=1] TX[0m: 0.10 (StdDev 0.00) Mpps, 51 (StdDev 0) Mbit/s (67 Mbit/s with framing), total 2987190 packets with 191180160 bytes (incl. CRC)
