[1;37m[INFO]  Initializing DPDK. This will take a few seconds...[0m
EAL: Probing VFIO support...
EAL: PCI device 0000:20:00.0 on NUMA socket 0
EAL:   probe driver: 8086:1521 net_e1000_igb
EAL: PCI device 0000:20:00.1 on NUMA socket 0
EAL:   probe driver: 8086:1521 net_e1000_igb
EAL: PCI device 0000:b0:00.0 on NUMA socket 1
EAL:   probe driver: 8086:10fb net_ixgbe
[1;37m[INFO]  Found 2 usable devices:[0m
   Device 0: 08:9E:01:9B:21:1F ([0;32mIntel Corporation I350 Gigabit Network Connection[0m)
   Device 1: 64:9D:99:B1:0B:62 ([0;32mIntel Corporation 82599ES 10-Gigabit SFI/SFP+ Network Connection[0m)
PMD: ixgbe_dev_link_status_print():  Port 1: Link Down
[1;37m[INFO]  Waiting for devices to come up...[0m
[1;37m[INFO]  Device 1 (64:9D:99:B1:0B:62) is up: 10000 MBit/s[0m
[1;37m[INFO]  [0;32m1 device is up.[0m[0m
[1;36m[Device: id=1] RX[0m: 0.00 Mpps, 0 Mbit/s (0 Mbit/s with framing)
[0;34m[Device: id=1] TX[0m: 0.12 Mpps, 978 Mbit/s (997 Mbit/s with framing)
[1;36m[Device: id=1] RX[0m: 0.11 Mpps, 900 Mbit/s (918 Mbit/s with framing)
[0;34m[Device: id=1] TX[0m: 0.12 Mpps, 983 Mbit/s (1002 Mbit/s with framing)
[1;36m[Device: id=1] RX[0m: 0.11 Mpps, 907 Mbit/s (925 Mbit/s with framing)
[0;34m[Device: id=1] TX[0m: 0.12 Mpps, 983 Mbit/s (1002 Mbit/s with framing)
[1;36m[Device: id=1] RX[0m: 0.11 Mpps, 910 Mbit/s (928 Mbit/s with framing)
[0;34m[Device: id=1] TX[0m: 0.12 Mpps, 983 Mbit/s (1002 Mbit/s with framing)
[1;36m[Device: id=1] RX[0m: 0.11 Mpps, 910 Mbit/s (927 Mbit/s with framing)
[0;34m[Device: id=1] TX[0m: 0.12 Mpps, 983 Mbit/s (1002 Mbit/s with framing)
[1;36m[Device: id=1] RX[0m: 0.11 Mpps, 909 Mbit/s (926 Mbit/s with framing)
[0;34m[Device: id=1] TX[0m: 0.12 Mpps, 983 Mbit/s (1002 Mbit/s with framing)
[1;36m[Device: id=1] RX[0m: 0.11 Mpps, 911 Mbit/s (929 Mbit/s with framing)
[0;34m[Device: id=1] TX[0m: 0.12 Mpps, 983 Mbit/s (1002 Mbit/s with framing)
[1;36m[Device: id=1] RX[0m: 0.11 Mpps, 910 Mbit/s (928 Mbit/s with framing)
[0;34m[Device: id=1] TX[0m: 0.12 Mpps, 983 Mbit/s (1002 Mbit/s with framing)
[1;36m[Device: id=1] RX[0m: 0.11 Mpps, 909 Mbit/s (927 Mbit/s with framing)
[0;34m[Device: id=1] TX[0m: 0.12 Mpps, 983 Mbit/s (1002 Mbit/s with framing)
[1;36m[Device: id=1] RX[0m: 0.11 Mpps, 910 Mbit/s (928 Mbit/s with framing)
[0;34m[Device: id=1] TX[0m: 0.12 Mpps, 983 Mbit/s (1002 Mbit/s with framing)
[1;36m[Device: id=1] RX[0m: 0.11 Mpps, 910 Mbit/s (928 Mbit/s with framing)
[0;34m[Device: id=1] TX[0m: 0.12 Mpps, 983 Mbit/s (1002 Mbit/s with framing)
[1;36m[Device: id=1] RX[0m: 0.11 Mpps, 913 Mbit/s (931 Mbit/s with framing)
[0;34m[Device: id=1] TX[0m: 0.12 Mpps, 983 Mbit/s (1002 Mbit/s with framing)
[1;36m[Device: id=1] RX[0m: 0.11 Mpps, 910 Mbit/s (927 Mbit/s with framing)
[0;34m[Device: id=1] TX[0m: 0.12 Mpps, 983 Mbit/s (1002 Mbit/s with framing)
[1;36m[Device: id=1] RX[0m: 0.11 Mpps, 909 Mbit/s (927 Mbit/s with framing)
[0;34m[Device: id=1] TX[0m: 0.12 Mpps, 983 Mbit/s (1002 Mbit/s with framing)
[1;36m[Device: id=1] RX[0m: 0.11 Mpps, 908 Mbit/s (926 Mbit/s with framing)
[0;34m[Device: id=1] TX[0m: 0.12 Mpps, 983 Mbit/s (1002 Mbit/s with framing)
[1;36m[Device: id=1] RX[0m: 0.11 Mpps, 910 Mbit/s (928 Mbit/s with framing)
[0;34m[Device: id=1] TX[0m: 0.12 Mpps, 983 Mbit/s (1002 Mbit/s with framing)
[1;36m[Device: id=1] RX[0m: 0.11 Mpps, 909 Mbit/s (926 Mbit/s with framing)
[0;34m[Device: id=1] TX[0m: 0.12 Mpps, 983 Mbit/s (1002 Mbit/s with framing)
[1;36m[Device: id=1] RX[0m: 0.11 Mpps, 911 Mbit/s (929 Mbit/s with framing)
[0;34m[Device: id=1] TX[0m: 0.12 Mpps, 983 Mbit/s (1002 Mbit/s with framing)
[1;36m[Device: id=1] RX[0m: 0.11 Mpps, 912 Mbit/s (929 Mbit/s with framing)
[0;34m[Device: id=1] TX[0m: 0.12 Mpps, 983 Mbit/s (1002 Mbit/s with framing)
[1;36m[Device: id=1] RX[0m: 0.11 Mpps, 914 Mbit/s (932 Mbit/s with framing)
[0;34m[Device: id=1] TX[0m: 0.12 Mpps, 983 Mbit/s (1002 Mbit/s with framing)
[1;36m[Device: id=1] RX[0m: 0.11 Mpps, 912 Mbit/s (930 Mbit/s with framing)
[0;34m[Device: id=1] TX[0m: 0.12 Mpps, 983 Mbit/s (1002 Mbit/s with framing)
[1;36m[Device: id=1] RX[0m: 0.11 Mpps, 912 Mbit/s (930 Mbit/s with framing)
[0;34m[Device: id=1] TX[0m: 0.12 Mpps, 983 Mbit/s (1002 Mbit/s with framing)
[1;36m[Device: id=1] RX[0m: 0.11 Mpps, 911 Mbit/s (929 Mbit/s with framing)
[0;34m[Device: id=1] TX[0m: 0.12 Mpps, 983 Mbit/s (1002 Mbit/s with framing)
[1;36m[Device: id=1] RX[0m: 0.11 Mpps, 912 Mbit/s (930 Mbit/s with framing)
[0;34m[Device: id=1] TX[0m: 0.12 Mpps, 983 Mbit/s (1002 Mbit/s with framing)
[1;36m[Device: id=1] RX[0m: 0.11 Mpps, 911 Mbit/s (929 Mbit/s with framing)
[0;34m[Device: id=1] TX[0m: 0.12 Mpps, 983 Mbit/s (1002 Mbit/s with framing)
[1;36m[Device: id=1] RX[0m: 0.11 Mpps, 908 Mbit/s (926 Mbit/s with framing)
[0;34m[Device: id=1] TX[0m: 0.12 Mpps, 983 Mbit/s (1002 Mbit/s with framing)
[1;36m[Device: id=1] RX[0m: 0.11 Mpps, 909 Mbit/s (927 Mbit/s with framing)
[0;34m[Device: id=1] TX[0m: 0.12 Mpps, 983 Mbit/s (1002 Mbit/s with framing)
[1;36m[Device: id=1] RX[0m: 0.11 Mpps, 910 Mbit/s (928 Mbit/s with framing)
[0;34m[Device: id=1] TX[0m: 0.12 Mpps, 983 Mbit/s (1002 Mbit/s with framing)
[1;36m[Device: id=1] RX[0m: 0.11 Mpps, 913 Mbit/s (931 Mbit/s with framing)
[0;34m[Device: id=1] TX[0m: 0.12 Mpps, 983 Mbit/s (1002 Mbit/s with framing)
[1;33m[WARN]  Failed to timestamp packet on transmission[0m
Samples: 3515, Average: 5673491.3 ns, StdDev: 298707.9 ns, Quartiles: 5559827.0/5743801.0/5856288.0 ns
[1;37m[INFO]  Saving histogram to 'histogram.csv'[0m
[1;36m[Device: id=1] RX[0m: 0.11 (StdDev 0.00) Mpps, 910 (StdDev 2) Mbit/s (928 Mbit/s with framing), total 3217049 packets with 3290879096 bytes (incl. CRC)
[0;34m[Device: id=1] TX[0m: 0.12 (StdDev 0.00) Mpps, 983 (StdDev 0) Mbit/s (1002 Mbit/s with framing), total 3594452 packets with 3677102528 bytes (incl. CRC)
