[1;37m[INFO]  Initializing DPDK. This will take a few seconds...[0m
EAL: Probing VFIO support...
EAL: PCI device 0000:20:00.0 on NUMA socket 0
EAL:   probe driver: 8086:1521 net_e1000_igb
EAL: PCI device 0000:20:00.1 on NUMA socket 0
EAL:   probe driver: 8086:1521 net_e1000_igb
EAL: PCI device 0000:b0:00.0 on NUMA socket 1
EAL:   probe driver: 8086:10fb net_ixgbe
[1;37m[INFO]  Found 2 usable devices:[0m
   Device 0: 08:9E:01:9B:21:1F ([0;32mIntel Corporation I350 Gigabit Network Connection[0m)
   Device 1: 64:9D:99:B1:0B:62 ([0;32mIntel Corporation 82599ES 10-Gigabit SFI/SFP+ Network Connection[0m)
PMD: ixgbe_dev_link_status_print():  Port 1: Link Down
[1;37m[INFO]  Waiting for devices to come up...[0m
[1;37m[INFO]  Device 1 (64:9D:99:B1:0B:62) is up: 10000 MBit/s[0m
[1;37m[INFO]  [0;32m1 device is up.[0m[0m
[1;36m[Device: id=1] RX[0m: 0.00 Mpps, 0 Mbit/s (0 Mbit/s with framing)
[0;34m[Device: id=1] TX[0m: 0.06 Mpps, 474 Mbit/s (483 Mbit/s with framing)
[1;36m[Device: id=1] RX[0m: 0.06 Mpps, 444 Mbit/s (453 Mbit/s with framing)
[0;34m[Device: id=1] TX[0m: 0.06 Mpps, 492 Mbit/s (502 Mbit/s with framing)
[1;36m[Device: id=1] RX[0m: 0.00 Mpps, 0 Mbit/s (0 Mbit/s with framing)
[0;34m[Device: id=1] TX[0m: 0.06 Mpps, 491 Mbit/s (501 Mbit/s with framing)
[1;36m[Device: id=1] RX[0m: 0.00 Mpps, 0 Mbit/s (0 Mbit/s with framing)
[0;34m[Device: id=1] TX[0m: 0.06 Mpps, 491 Mbit/s (501 Mbit/s with framing)
[1;36m[Device: id=1] RX[0m: 0.00 Mpps, 0 Mbit/s (0 Mbit/s with framing)
[0;34m[Device: id=1] TX[0m: 0.06 Mpps, 491 Mbit/s (501 Mbit/s with framing)
[1;36m[Device: id=1] RX[0m: 0.04 Mpps, 303 Mbit/s (309 Mbit/s with framing)
[0;34m[Device: id=1] TX[0m: 0.06 Mpps, 492 Mbit/s (501 Mbit/s with framing)
[1;36m[Device: id=1] RX[0m: 0.01 Mpps, 85 Mbit/s (87 Mbit/s with framing)
[0;34m[Device: id=1] TX[0m: 0.06 Mpps, 491 Mbit/s (501 Mbit/s with framing)
[1;36m[Device: id=1] RX[0m: 0.00 Mpps, 0 Mbit/s (0 Mbit/s with framing)
[0;34m[Device: id=1] TX[0m: 0.06 Mpps, 491 Mbit/s (501 Mbit/s with framing)
[1;36m[Device: id=1] RX[0m: 0.00 Mpps, 0 Mbit/s (0 Mbit/s with framing)
[0;34m[Device: id=1] TX[0m: 0.06 Mpps, 491 Mbit/s (501 Mbit/s with framing)
[1;36m[Device: id=1] RX[0m: 0.03 Mpps, 220 Mbit/s (224 Mbit/s with framing)
[0;34m[Device: id=1] TX[0m: 0.06 Mpps, 491 Mbit/s (501 Mbit/s with framing)
[1;36m[Device: id=1] RX[0m: 0.06 Mpps, 492 Mbit/s (502 Mbit/s with framing)
[0;34m[Device: id=1] TX[0m: 0.06 Mpps, 492 Mbit/s (502 Mbit/s with framing)
[1;36m[Device: id=1] RX[0m: 0.06 Mpps, 492 Mbit/s (502 Mbit/s with framing)
[0;34m[Device: id=1] TX[0m: 0.06 Mpps, 492 Mbit/s (502 Mbit/s with framing)
[1;36m[Device: id=1] RX[0m: 0.03 Mpps, 240 Mbit/s (245 Mbit/s with framing)
[0;34m[Device: id=1] TX[0m: 0.06 Mpps, 491 Mbit/s (501 Mbit/s with framing)
[1;36m[Device: id=1] RX[0m: 0.00 Mpps, 25 Mbit/s (25 Mbit/s with framing)
[0;34m[Device: id=1] TX[0m: 0.06 Mpps, 491 Mbit/s (501 Mbit/s with framing)
[1;36m[Device: id=1] RX[0m: 0.06 Mpps, 461 Mbit/s (470 Mbit/s with framing)
[0;34m[Device: id=1] TX[0m: 0.06 Mpps, 492 Mbit/s (502 Mbit/s with framing)
[1;36m[Device: id=1] RX[0m: 0.06 Mpps, 492 Mbit/s (502 Mbit/s with framing)
[0;34m[Device: id=1] TX[0m: 0.06 Mpps, 492 Mbit/s (502 Mbit/s with framing)
[1;36m[Device: id=1] RX[0m: 0.06 Mpps, 492 Mbit/s (502 Mbit/s with framing)
[0;34m[Device: id=1] TX[0m: 0.06 Mpps, 492 Mbit/s (502 Mbit/s with framing)
[1;36m[Device: id=1] RX[0m: 0.06 Mpps, 492 Mbit/s (502 Mbit/s with framing)
[0;34m[Device: id=1] TX[0m: 0.06 Mpps, 492 Mbit/s (502 Mbit/s with framing)
[1;36m[Device: id=1] RX[0m: 0.06 Mpps, 492 Mbit/s (502 Mbit/s with framing)
[0;34m[Device: id=1] TX[0m: 0.06 Mpps, 492 Mbit/s (502 Mbit/s with framing)
[1;36m[Device: id=1] RX[0m: 0.06 Mpps, 492 Mbit/s (502 Mbit/s with framing)
[0;34m[Device: id=1] TX[0m: 0.06 Mpps, 492 Mbit/s (502 Mbit/s with framing)
[1;36m[Device: id=1] RX[0m: 0.00 Mpps, 17 Mbit/s (17 Mbit/s with framing)
[0;34m[Device: id=1] TX[0m: 0.06 Mpps, 491 Mbit/s (501 Mbit/s with framing)
[1;36m[Device: id=1] RX[0m: 0.00 Mpps, 0 Mbit/s (0 Mbit/s with framing)
[0;34m[Device: id=1] TX[0m: 0.06 Mpps, 491 Mbit/s (501 Mbit/s with framing)
[1;36m[Device: id=1] RX[0m: 0.00 Mpps, 0 Mbit/s (0 Mbit/s with framing)
[0;34m[Device: id=1] TX[0m: 0.06 Mpps, 491 Mbit/s (501 Mbit/s with framing)
[1;36m[Device: id=1] RX[0m: 0.02 Mpps, 191 Mbit/s (195 Mbit/s with framing)
[0;34m[Device: id=1] TX[0m: 0.06 Mpps, 491 Mbit/s (501 Mbit/s with framing)
[1;36m[Device: id=1] RX[0m: 0.00 Mpps, 0 Mbit/s (0 Mbit/s with framing)
[0;34m[Device: id=1] TX[0m: 0.06 Mpps, 491 Mbit/s (501 Mbit/s with framing)
[1;36m[Device: id=1] RX[0m: 0.00 Mpps, 0 Mbit/s (0 Mbit/s with framing)
[0;34m[Device: id=1] TX[0m: 0.06 Mpps, 491 Mbit/s (501 Mbit/s with framing)
[1;36m[Device: id=1] RX[0m: 0.00 Mpps, 0 Mbit/s (0 Mbit/s with framing)
[0;34m[Device: id=1] TX[0m: 0.06 Mpps, 491 Mbit/s (501 Mbit/s with framing)
[1;36m[Device: id=1] RX[0m: 0.01 Mpps, 103 Mbit/s (105 Mbit/s with framing)
[0;34m[Device: id=1] TX[0m: 0.06 Mpps, 491 Mbit/s (501 Mbit/s with framing)
[1;36m[Device: id=1] RX[0m: 0.00 Mpps, 0 Mbit/s (0 Mbit/s with framing)
[0;34m[Device: id=1] TX[0m: 0.06 Mpps, 491 Mbit/s (501 Mbit/s with framing)
Samples: 20063, Average: 319695.8 ns, StdDev: 473955.8 ns, Quartiles: 255296.0/314778.0/351437.0 ns
[1;37m[INFO]  Saving histogram to 'histogram.csv'[0m
[1;36m[Device: id=1] RX[0m: 0.02 (StdDev 0.03) Mpps, 198 (StdDev 216) Mbit/s (202 Mbit/s with framing), total 697707 packets with 695155038 bytes (incl. CRC)
[0;34m[Device: id=1] TX[0m: 0.06 (StdDev 0.00) Mpps, 491 (StdDev 0) Mbit/s (501 Mbit/s with framing), total 1814720 packets with 1838128640 bytes (incl. CRC)
