/nix/store/2vwkssqpzykk37r996cafq7x63imf4sp-openjdk-21+35/bin/java  -classpath /nix/store/zw02np72fzsmga6s5mphhw7x8qlzf4sv-ycsb-0.17.0/share/conf:/nix/store/zw02np72fzsmga6s5mphhw7x8qlzf4sv-ycsb-0.17.0/share/lib/core-0.17.0.jar:/nix/store/zw02np72fzsmga6s5mphhw7x8qlzf4sv-ycsb-0.17.0/share/lib/HdrHistogram-2.1.4.jar:/nix/store/zw02np72fzsmga6s5mphhw7x8qlzf4sv-ycsb-0.17.0/share/lib/htrace-core4-4.1.0-incubating.jar:/nix/store/zw02np72fzsmga6s5mphhw7x8qlzf4sv-ycsb-0.17.0/share/lib/jackson-core-asl-1.9.4.jar:/nix/store/zw02np72fzsmga6s5mphhw7x8qlzf4sv-ycsb-0.17.0/share/lib/jackson-mapper-asl-1.9.4.jar:/nix/store/zw02np72fzsmga6s5mphhw7x8qlzf4sv-ycsb-0.17.0/share/redis-binding/lib/commons-pool2-2.4.2.jar:/nix/store/zw02np72fzsmga6s5mphhw7x8qlzf4sv-ycsb-0.17.0/share/redis-binding/lib/jedis-2.9.0.jar:/nix/store/zw02np72fzsmga6s5mphhw7x8qlzf4sv-ycsb-0.17.0/share/redis-binding/lib/redis-binding-0.17.0.jar site.ycsb.Client -t -db site.ycsb.db.RedisClient -s -P /home/host/vmuxIO/test/moonprogs//../../ycsb/share/workloads/workloada -p redis.host=10.1.0.2 -p redis.port=6381 -p operationcount=429496729 -p maxexecutiontime=61 -threads 1
Command line: -t -db site.ycsb.db.RedisClient -s -P /home/host/vmuxIO/test/moonprogs//../../ycsb/share/workloads/workloada -p redis.host=10.1.0.2 -p redis.port=6381 -p operationcount=429496729 -p maxexecutiontime=61 -threads 1
YCSB Client 0.17.0

Loading workload...
Starting test.
Maximum execution time specified as: 61 secs
DBWrapper: report latency for each error is false and specific error codes to track for latency are: []
2024-07-10 23:57:24:744 0 sec: 0 operations; est completion in 0 second 
2024-07-10 23:57:34:584 10 sec: 88333 operations; 8833.3 current ops/sec; est completion in 13 hours 30 minutes [READ: Count=44134, Max=14615, Min=79, Avg=107.93, 90=124, 99=232, 99.9=770, 99.99=3963] [UPDATE: Count=44206, Max=21839, Min=77, Avg=107.61, 90=123, 99=235, 99.9=973, 99.99=4131] 
2024-07-10 23:57:44:585 20 sec: 186961 operations; 9861.81 current ops/sec; est completion in 12 hours 45 minutes [READ: Count=49511, Max=10095, Min=78, Avg=100.7, 90=111, 99=158, 99.9=246, 99.99=2983] [UPDATE: Count=49110, Max=3817, Min=76, Avg=98.85, 90=109, 99=159, 99.9=242, 99.99=2227] 
2024-07-10 23:57:54:584 30 sec: 285542 operations; 9859.09 current ops/sec; est completion in 12 hours 31 minutes [READ: Count=49217, Max=5567, Min=78, Avg=100.68, 90=111, 99=193, 99.9=273, 99.99=465] [UPDATE: Count=49364, Max=4111, Min=74, Avg=99.19, 90=109, 99=193, 99.9=265, 99.99=1740] 
2024-07-10 23:58:04:584 40 sec: 381862 operations; 9632 current ops/sec; est completion in 12 hours 29 minutes [READ: Count=48046, Max=8015, Min=78, Avg=103.03, 90=115, 99=197, 99.9=309, 99.99=2665] [UPDATE: Count=48274, Max=3619, Min=75, Avg=101.33, 90=114, 99=195, 99.9=289, 99.99=2139] 
2024-07-10 23:58:14:584 50 sec: 482047 operations; 10018.5 current ops/sec; est completion in 12 hours 21 minutes [READ: Count=50121, Max=7871, Min=76, Avg=99.1, 90=109, 99=155, 99.9=217, 99.99=1740] [UPDATE: Count=50064, Max=3305, Min=75, Avg=97.53, 90=107, 99=156, 99.9=214, 99.99=1730] 
2024-07-10 23:58:24:584 60 sec: 581023 operations; 9897.6 current ops/sec; est completion in 12 hours 18 minutes [READ: Count=49388, Max=7339, Min=79, Avg=100.3, 90=111, 99=157, 99.9=217, 99.99=1256] [UPDATE: Count=49588, Max=4107, Min=77, Avg=98.75, 90=109, 99=156, 99.9=212, 99.99=716] 
Maximum time elapsed. Requesting stop for the workload.
Stop requested for workload. Now Joining!
2024-07-10 23:58:25:596 61 sec: 590959 operations; 9827.89 current ops/sec; est completion in 12 hours 18 minutes [READ: Count=4901, Max=3403, Min=80, Avg=99.99, 90=109, 99=149, 99.9=193, 99.99=3403] [CLEANUP: Count=1, Max=968, Min=968, Avg=968, 90=968, 99=968, 99.9=968, 99.99=968] [UPDATE: Count=5035, Max=3369, Min=78, Avg=99.36, 90=107, 99=147, 99.9=201, 99.99=1755] 
[OVERALL], RunTime(ms), 61016
[OVERALL], Throughput(ops/sec), 9685.312049298545
[TOTAL_GCS_Copy], Count, 54
[TOTAL_GC_TIME_Copy], Time(ms), 25
[TOTAL_GC_TIME_%_Copy], Time(%), 0.04097285957781566
[TOTAL_GCS_MarkSweepCompact], Count, 0
[TOTAL_GC_TIME_MarkSweepCompact], Time(ms), 0
[TOTAL_GC_TIME_%_MarkSweepCompact], Time(%), 0.0
[TOTAL_GCs], Count, 54
[TOTAL_GC_TIME], Time(ms), 25
[TOTAL_GC_TIME_%], Time(%), 0.04097285957781566
[READ], Operations, 295318
[READ], AverageLatency(us), 101.80540976168064
[READ], MinLatency(us), 76
[READ], MaxLatency(us), 14615
[READ], 95thPercentileLatency(us), 124
[READ], 99thPercentileLatency(us), 185
[READ], Return=OK, 295318
[CLEANUP], Operations, 1
[CLEANUP], AverageLatency(us), 968.0
[CLEANUP], MinLatency(us), 968
[CLEANUP], MaxLatency(us), 968
[CLEANUP], 95thPercentileLatency(us), 968
[CLEANUP], 99thPercentileLatency(us), 968
[UPDATE], Operations, 295641
[UPDATE], AverageLatency(us), 100.38891763997552
[UPDATE], MinLatency(us), 74
[UPDATE], MaxLatency(us), 21839
[UPDATE], 95thPercentileLatency(us), 122
[UPDATE], 99thPercentileLatency(us), 184
[UPDATE], Return=OK, 295641
AUTOTEST_DONE
