/nix/store/2vwkssqpzykk37r996cafq7x63imf4sp-openjdk-21+35/bin/java  -classpath /nix/store/zw02np72fzsmga6s5mphhw7x8qlzf4sv-ycsb-0.17.0/share/conf:/nix/store/zw02np72fzsmga6s5mphhw7x8qlzf4sv-ycsb-0.17.0/share/lib/core-0.17.0.jar:/nix/store/zw02np72fzsmga6s5mphhw7x8qlzf4sv-ycsb-0.17.0/share/lib/HdrHistogram-2.1.4.jar:/nix/store/zw02np72fzsmga6s5mphhw7x8qlzf4sv-ycsb-0.17.0/share/lib/htrace-core4-4.1.0-incubating.jar:/nix/store/zw02np72fzsmga6s5mphhw7x8qlzf4sv-ycsb-0.17.0/share/lib/jackson-core-asl-1.9.4.jar:/nix/store/zw02np72fzsmga6s5mphhw7x8qlzf4sv-ycsb-0.17.0/share/lib/jackson-mapper-asl-1.9.4.jar:/nix/store/zw02np72fzsmga6s5mphhw7x8qlzf4sv-ycsb-0.17.0/share/redis-binding/lib/commons-pool2-2.4.2.jar:/nix/store/zw02np72fzsmga6s5mphhw7x8qlzf4sv-ycsb-0.17.0/share/redis-binding/lib/jedis-2.9.0.jar:/nix/store/zw02np72fzsmga6s5mphhw7x8qlzf4sv-ycsb-0.17.0/share/redis-binding/lib/redis-binding-0.17.0.jar site.ycsb.Client -t -db site.ycsb.db.RedisClient -s -P /home/host/vmuxIO/test/moonprogs//../../ycsb/share/workloads/workloada -p redis.host=10.1.0.2 -p redis.port=6388 -p operationcount=429496729 -p maxexecutiontime=61 -threads 1
Command line: -t -db site.ycsb.db.RedisClient -s -P /home/host/vmuxIO/test/moonprogs//../../ycsb/share/workloads/workloada -p redis.host=10.1.0.2 -p redis.port=6388 -p operationcount=429496729 -p maxexecutiontime=61 -threads 1
YCSB Client 0.17.0

Loading workload...
Starting test.
Maximum execution time specified as: 61 secs
DBWrapper: report latency for each error is false and specific error codes to track for latency are: []
2025-04-02 00:11:26:915 0 sec: 0 operations; est completion in 0 second 
2025-04-02 00:11:36:759 10 sec: 73225 operations; 7322.5 current ops/sec; est completion in 16 hours 17 minutes [READ: Count=36648, Max=46591, Min=79, Avg=132.08, 90=162, 99=266, 99.9=1370, 99.99=7235] [UPDATE: Count=36599, Max=4995, Min=78, Avg=128.27, 90=162, 99=266, 99.9=888, 99.99=2645] 
2025-04-02 00:11:46:759 20 sec: 147233 operations; 7400.8 current ops/sec; est completion in 16 hours 12 minutes [READ: Count=37017, Max=13447, Min=78, Avg=134.83, 90=181, 99=295, 99.9=459, 99.99=830] [UPDATE: Count=36969, Max=2519, Min=78, Avg=131.29, 90=177, 99=285, 99.9=423, 99.99=892] 
2025-04-02 00:11:56:759 30 sec: 220993 operations; 7376 current ops/sec; est completion in 16 hours 11 minutes [READ: Count=36945, Max=1558, Min=80, Avg=134.89, 90=177, 99=275, 99.9=415, 99.99=874] [UPDATE: Count=36815, Max=8423, Min=79, Avg=132.58, 90=174, 99=270, 99.9=393, 99.99=1579] 
2025-04-02 00:12:06:759 40 sec: 300033 operations; 7904 current ops/sec; est completion in 15 hours 53 minutes [READ: Count=39378, Max=1813, Min=78, Avg=125.86, 90=157, 99=252, 99.9=354, 99.99=557] [UPDATE: Count=39662, Max=5227, Min=76, Avg=123.59, 90=154, 99=249, 99.9=361, 99.99=722] 
2025-04-02 00:12:16:759 50 sec: 378558 operations; 7852.5 current ops/sec; est completion in 15 hours 44 minutes [READ: Count=39275, Max=3813, Min=80, Avg=126.8, 90=161, 99=246, 99.9=364, 99.99=621] [UPDATE: Count=39250, Max=663, Min=77, Avg=124.32, 90=158, 99=244, 99.9=366, 99.99=525] 
2025-04-02 00:12:26:759 60 sec: 454508 operations; 7595 current ops/sec; est completion in 15 hours 43 minutes [READ: Count=38208, Max=7331, Min=78, Avg=131.32, 90=172, 99=273, 99.9=399, 99.99=617] [UPDATE: Count=37742, Max=881, Min=78, Avg=128.28, 90=169, 99=260, 99.9=363, 99.99=549] 
Maximum time elapsed. Requesting stop for the workload.
Stop requested for workload. Now Joining!
2025-04-02 00:12:27:774 61 sec: 463288 operations; 8658.78 current ops/sec; est completion in 15 hours 41 minutes [READ: Count=4451, Max=460, Min=82, Avg=113.95, 90=138, 99=232, 99.9=365, 99.99=460] [CLEANUP: Count=1, Max=1275, Min=1275, Avg=1275, 90=1275, 99=1275, 99.9=1275, 99.99=1275] [UPDATE: Count=4329, Max=4727, Min=78, Avg=112.96, 90=134, 99=232, 99.9=271, 99.99=4727] 
[OVERALL], RunTime(ms), 61020
[OVERALL], Throughput(ops/sec), 7592.395935758767
[TOTAL_GCS_Copy], Count, 43
[TOTAL_GC_TIME_Copy], Time(ms), 31
[TOTAL_GC_TIME_%_Copy], Time(%), 0.050803015404785316
[TOTAL_GCS_MarkSweepCompact], Count, 0
[TOTAL_GC_TIME_MarkSweepCompact], Time(ms), 0
[TOTAL_GC_TIME_%_MarkSweepCompact], Time(%), 0.0
[TOTAL_GCs], Count, 43
[TOTAL_GC_TIME], Time(ms), 31
[TOTAL_GC_TIME_%], Time(%), 0.050803015404785316
[READ], Operations, 231922
[READ], AverageLatency(us), 130.54514448823312
[READ], MinLatency(us), 78
[READ], MaxLatency(us), 46591
[READ], 95thPercentileLatency(us), 195
[READ], 99thPercentileLatency(us), 268
[READ], Return=OK, 231922
[CLEANUP], Operations, 1
[CLEANUP], AverageLatency(us), 1275.0
[CLEANUP], MinLatency(us), 1275
[CLEANUP], MaxLatency(us), 1275
[CLEANUP], 95thPercentileLatency(us), 1275
[CLEANUP], 99thPercentileLatency(us), 1275
[UPDATE], Operations, 231366
[UPDATE], AverageLatency(us), 127.68148301824814
[UPDATE], MinLatency(us), 76
[UPDATE], MaxLatency(us), 8423
[UPDATE], 95thPercentileLatency(us), 193
[UPDATE], 99thPercentileLatency(us), 263
[UPDATE], Return=OK, 231366
AUTOTEST_DONE
