/nix/store/2vwkssqpzykk37r996cafq7x63imf4sp-openjdk-21+35/bin/java  -classpath /nix/store/zw02np72fzsmga6s5mphhw7x8qlzf4sv-ycsb-0.17.0/share/conf:/nix/store/zw02np72fzsmga6s5mphhw7x8qlzf4sv-ycsb-0.17.0/share/lib/core-0.17.0.jar:/nix/store/zw02np72fzsmga6s5mphhw7x8qlzf4sv-ycsb-0.17.0/share/lib/HdrHistogram-2.1.4.jar:/nix/store/zw02np72fzsmga6s5mphhw7x8qlzf4sv-ycsb-0.17.0/share/lib/htrace-core4-4.1.0-incubating.jar:/nix/store/zw02np72fzsmga6s5mphhw7x8qlzf4sv-ycsb-0.17.0/share/lib/jackson-core-asl-1.9.4.jar:/nix/store/zw02np72fzsmga6s5mphhw7x8qlzf4sv-ycsb-0.17.0/share/lib/jackson-mapper-asl-1.9.4.jar:/nix/store/zw02np72fzsmga6s5mphhw7x8qlzf4sv-ycsb-0.17.0/share/redis-binding/lib/commons-pool2-2.4.2.jar:/nix/store/zw02np72fzsmga6s5mphhw7x8qlzf4sv-ycsb-0.17.0/share/redis-binding/lib/jedis-2.9.0.jar:/nix/store/zw02np72fzsmga6s5mphhw7x8qlzf4sv-ycsb-0.17.0/share/redis-binding/lib/redis-binding-0.17.0.jar site.ycsb.Client -t -db site.ycsb.db.RedisClient -s -P /home/host/vmuxIO/test/moonprogs//../../ycsb/share/workloads/workloada -p redis.host=10.1.0.2 -p redis.port=6383 -p operationcount=429496729 -p maxexecutiontime=61 -threads 1
Command line: -t -db site.ycsb.db.RedisClient -s -P /home/host/vmuxIO/test/moonprogs//../../ycsb/share/workloads/workloada -p redis.host=10.1.0.2 -p redis.port=6383 -p operationcount=429496729 -p maxexecutiontime=61 -threads 1
YCSB Client 0.17.0

Loading workload...
Starting test.
Maximum execution time specified as: 61 secs
DBWrapper: report latency for each error is false and specific error codes to track for latency are: []
2025-04-02 00:11:27:366 0 sec: 0 operations; est completion in 0 second 
2025-04-02 00:11:37:203 10 sec: 71579 operations; 7157.9 current ops/sec; est completion in 16 hours 39 minutes [READ: Count=35812, Max=22287, Min=76, Avg=134.59, 90=185, 99=274, 99.9=724, 99.99=5503] [UPDATE: Count=35791, Max=24111, Min=73, Avg=133.03, 90=185, 99=276, 99.9=956, 99.99=4061] 
2025-04-02 00:11:47:203 20 sec: 143855 operations; 7227.6 current ops/sec; est completion in 16 hours 34 minutes [READ: Count=35791, Max=6267, Min=79, Avg=137.74, 90=189, 99=278, 99.9=405, 99.99=1103] [UPDATE: Count=36461, Max=2999, Min=74, Avg=134.83, 90=187, 99=271, 99.9=380, 99.99=812] 
2025-04-02 00:11:57:203 30 sec: 215355 operations; 7150 current ops/sec; est completion in 16 hours 36 minutes [READ: Count=35576, Max=3195, Min=76, Avg=139.36, 90=199, 99=299, 99.9=441, 99.99=748] [UPDATE: Count=35924, Max=6307, Min=75, Avg=137.04, 90=197, 99=293, 99.9=410, 99.99=636] 
2025-04-02 00:12:07:203 40 sec: 292054 operations; 7669.9 current ops/sec; est completion in 16 hours 19 minutes [READ: Count=38380, Max=3225, Min=76, Avg=130.06, 90=180, 99=257, 99.9=381, 99.99=539] [UPDATE: Count=38319, Max=7719, Min=74, Avg=127.57, 90=177, 99=254, 99.9=367, 99.99=473] 
2025-04-02 00:12:17:203 50 sec: 365373 operations; 7331.9 current ops/sec; est completion in 16 hours 18 minutes [READ: Count=36798, Max=4163, Min=76, Avg=135.91, 90=192, 99=284, 99.9=412, 99.99=549] [UPDATE: Count=36521, Max=966, Min=73, Avg=133.61, 90=191, 99=282, 99.9=399, 99.99=734] 
2025-04-02 00:12:27:203 60 sec: 440092 operations; 7471.9 current ops/sec; est completion in 16 hours 14 minutes [READ: Count=37372, Max=1963, Min=78, Avg=133.35, 90=190, 99=284, 99.9=404, 99.99=673] [UPDATE: Count=37349, Max=6951, Min=72, Avg=131.08, 90=187, 99=285, 99.9=401, 99.99=546] 
Maximum time elapsed. Requesting stop for the workload.
Stop requested for workload. Now Joining!
2025-04-02 00:12:28:212 61 sec: 449961 operations; 9800.4 current ops/sec; est completion in 16 hours 9 minutes [READ: Count=4950, Max=2129, Min=78, Avg=101.1, 90=125, 99=177, 99.9=222, 99.99=2129] [CLEANUP: Count=1, Max=1146, Min=1146, Avg=1146, 90=1146, 99=1146, 99.9=1146, 99.99=1146] [UPDATE: Count=4917, Max=511, Min=76, Avg=99.67, 90=125, 99=176, 99.9=220, 99.99=511] 
[OVERALL], RunTime(ms), 61012
[OVERALL], Throughput(ops/sec), 7374.959024454206
[TOTAL_GCS_Copy], Count, 42
[TOTAL_GC_TIME_Copy], Time(ms), 24
[TOTAL_GC_TIME_%_Copy], Time(%), 0.039336523962499176
[TOTAL_GCS_MarkSweepCompact], Count, 0
[TOTAL_GC_TIME_MarkSweepCompact], Time(ms), 0
[TOTAL_GC_TIME_%_MarkSweepCompact], Time(%), 0.0
[TOTAL_GCs], Count, 42
[TOTAL_GC_TIME], Time(ms), 24
[TOTAL_GC_TIME_%], Time(%), 0.039336523962499176
[READ], Operations, 224679
[READ], AverageLatency(us), 134.34535937938125
[READ], MinLatency(us), 76
[READ], MaxLatency(us), 22287
[READ], 95thPercentileLatency(us), 216
[READ], 99thPercentileLatency(us), 279
[READ], Return=OK, 224679
[CLEANUP], Operations, 1
[CLEANUP], AverageLatency(us), 1146.0
[CLEANUP], MinLatency(us), 1146
[CLEANUP], MaxLatency(us), 1146
[CLEANUP], 95thPercentileLatency(us), 1146
[CLEANUP], 99thPercentileLatency(us), 1146
[UPDATE], Operations, 225282
[UPDATE], AverageLatency(us), 132.07524347262543
[UPDATE], MinLatency(us), 72
[UPDATE], MaxLatency(us), 24111
[UPDATE], 95thPercentileLatency(us), 214
[UPDATE], 99thPercentileLatency(us), 277
[UPDATE], Return=OK, 225282
AUTOTEST_DONE
