/nix/store/2vwkssqpzykk37r996cafq7x63imf4sp-openjdk-21+35/bin/java  -classpath /nix/store/zw02np72fzsmga6s5mphhw7x8qlzf4sv-ycsb-0.17.0/share/conf:/nix/store/zw02np72fzsmga6s5mphhw7x8qlzf4sv-ycsb-0.17.0/share/lib/core-0.17.0.jar:/nix/store/zw02np72fzsmga6s5mphhw7x8qlzf4sv-ycsb-0.17.0/share/lib/HdrHistogram-2.1.4.jar:/nix/store/zw02np72fzsmga6s5mphhw7x8qlzf4sv-ycsb-0.17.0/share/lib/htrace-core4-4.1.0-incubating.jar:/nix/store/zw02np72fzsmga6s5mphhw7x8qlzf4sv-ycsb-0.17.0/share/lib/jackson-core-asl-1.9.4.jar:/nix/store/zw02np72fzsmga6s5mphhw7x8qlzf4sv-ycsb-0.17.0/share/lib/jackson-mapper-asl-1.9.4.jar:/nix/store/zw02np72fzsmga6s5mphhw7x8qlzf4sv-ycsb-0.17.0/share/redis-binding/lib/commons-pool2-2.4.2.jar:/nix/store/zw02np72fzsmga6s5mphhw7x8qlzf4sv-ycsb-0.17.0/share/redis-binding/lib/jedis-2.9.0.jar:/nix/store/zw02np72fzsmga6s5mphhw7x8qlzf4sv-ycsb-0.17.0/share/redis-binding/lib/redis-binding-0.17.0.jar site.ycsb.Client -t -db site.ycsb.db.RedisClient -s -P /home/host/vmuxIO/test/moonprogs//../../ycsb/share/workloads/workloada -p redis.host=10.1.0.2 -p redis.port=6385 -p operationcount=429496729 -p maxexecutiontime=61 -threads 1
Command line: -t -db site.ycsb.db.RedisClient -s -P /home/host/vmuxIO/test/moonprogs//../../ycsb/share/workloads/workloada -p redis.host=10.1.0.2 -p redis.port=6385 -p operationcount=429496729 -p maxexecutiontime=61 -threads 1
YCSB Client 0.17.0

Loading workload...
Starting test.
Maximum execution time specified as: 61 secs
DBWrapper: report latency for each error is false and specific error codes to track for latency are: []
2024-10-15 12:34:07:194 0 sec: 0 operations; est completion in 0 second 
2024-10-15 12:34:17:012 10 sec: 8246 operations; 824.6 current ops/sec; est completion in 6 days [READ: Count=4113, Max=208895, Min=215, Avg=1133.86, 90=476, 99=1560, 99.9=206463, 99.99=208895] [UPDATE: Count=4199, Max=208383, Min=214, Avg=1210.9, 90=478, 99=2139, 99.9=207615, 99.99=208383] 
2024-10-15 12:34:27:012 20 sec: 16878 operations; 863.2 current ops/sec; est completion in 5 days 21 hours [READ: Count=4380, Max=210175, Min=199, Avg=1093.65, 90=462, 99=568, 99.9=207231, 99.99=210175] [UPDATE: Count=4186, Max=209535, Min=202, Avg=1224.77, 90=460, 99=611, 99.9=206591, 99.99=209535] 
2024-10-15 12:34:37:011 30 sec: 25699 operations; 882.1 current ops/sec; est completion in 5 days 19 hours [READ: Count=4400, Max=209919, Min=201, Avg=1224.55, 90=451, 99=570, 99.9=207615, 99.99=209919] [UPDATE: Count=4421, Max=210047, Min=197, Avg=1028.15, 90=447, 99=537, 99.9=207999, 99.99=210047] 
2024-10-15 12:34:47:011 40 sec: 34355 operations; 865.6 current ops/sec; est completion in 5 days 18 hours [READ: Count=4331, Max=209407, Min=193, Avg=1287.16, 90=459, 99=557, 99.9=207359, 99.99=209407] [UPDATE: Count=4325, Max=209919, Min=193, Avg=997.93, 90=453, 99=542, 99.9=206463, 99.99=209919] 
2024-10-15 12:34:57:011 50 sec: 43007 operations; 865.2 current ops/sec; est completion in 5 days 18 hours [READ: Count=4437, Max=210303, Min=206, Avg=1264.58, 90=455, 99=561, 99.9=207743, 99.99=210303] [UPDATE: Count=4215, Max=208255, Min=207, Avg=1014.84, 90=450, 99=546, 99.9=207359, 99.99=208255] 
2024-10-15 12:35:07:011 60 sec: 51912 operations; 890.5 current ops/sec; est completion in 5 days 17 hours [READ: Count=4521, Max=210047, Min=200, Avg=1235.16, 90=440, 99=547, 99.9=208127, 99.99=210047] [UPDATE: Count=4384, Max=208767, Min=200, Avg=1026, 90=434, 99=546, 99.9=207487, 99.99=208767] 
Maximum time elapsed. Requesting stop for the workload.
Stop requested for workload. Now Joining!
2024-10-15 12:35:08:026 61 sec: 52728 operations; 804.73 current ops/sec; est completion in 5 days 18 hours [READ: Count=381, Max=208639, Min=221, Avg=865.01, 90=441, 99=535, 99.9=208639, 99.99=208639] [CLEANUP: Count=1, Max=1481, Min=1481, Avg=1481, 90=1481, 99=1481, 99.9=1481, 99.99=1481] [UPDATE: Count=435, Max=206207, Min=224, Avg=1736.74, 90=450, 99=537, 99.9=206207, 99.99=206207] 
[OVERALL], RunTime(ms), 61014
[OVERALL], Throughput(ops/sec), 864.1951027633003
[TOTAL_GCS_Copy], Count, 5
[TOTAL_GC_TIME_Copy], Time(ms), 15
[TOTAL_GC_TIME_%_Copy], Time(%), 0.02458452158520995
[TOTAL_GCS_MarkSweepCompact], Count, 0
[TOTAL_GC_TIME_MarkSweepCompact], Time(ms), 0
[TOTAL_GC_TIME_%_MarkSweepCompact], Time(%), 0.0
[TOTAL_GCs], Count, 5
[TOTAL_GC_TIME], Time(ms), 15
[TOTAL_GC_TIME_%], Time(%), 0.02458452158520995
[READ], Operations, 26563
[READ], AverageLatency(us), 1202.466852388661
[READ], MinLatency(us), 193
[READ], MaxLatency(us), 210303
[READ], 95thPercentileLatency(us), 484
[READ], 99thPercentileLatency(us), 596
[READ], Return=OK, 26563
[CLEANUP], Operations, 1
[CLEANUP], AverageLatency(us), 1481.0
[CLEANUP], MinLatency(us), 1481
[CLEANUP], MaxLatency(us), 1481
[CLEANUP], 95thPercentileLatency(us), 1481
[CLEANUP], 99thPercentileLatency(us), 1481
[UPDATE], Operations, 26165
[UPDATE], AverageLatency(us), 1093.2134913051786
[UPDATE], MinLatency(us), 193
[UPDATE], MaxLatency(us), 210047
[UPDATE], 95thPercentileLatency(us), 481
[UPDATE], 99thPercentileLatency(us), 617
[UPDATE], Return=OK, 26165
AUTOTEST_DONE
