/nix/store/2vwkssqpzykk37r996cafq7x63imf4sp-openjdk-21+35/bin/java  -classpath /nix/store/zw02np72fzsmga6s5mphhw7x8qlzf4sv-ycsb-0.17.0/share/conf:/nix/store/zw02np72fzsmga6s5mphhw7x8qlzf4sv-ycsb-0.17.0/share/lib/core-0.17.0.jar:/nix/store/zw02np72fzsmga6s5mphhw7x8qlzf4sv-ycsb-0.17.0/share/lib/HdrHistogram-2.1.4.jar:/nix/store/zw02np72fzsmga6s5mphhw7x8qlzf4sv-ycsb-0.17.0/share/lib/htrace-core4-4.1.0-incubating.jar:/nix/store/zw02np72fzsmga6s5mphhw7x8qlzf4sv-ycsb-0.17.0/share/lib/jackson-core-asl-1.9.4.jar:/nix/store/zw02np72fzsmga6s5mphhw7x8qlzf4sv-ycsb-0.17.0/share/lib/jackson-mapper-asl-1.9.4.jar:/nix/store/zw02np72fzsmga6s5mphhw7x8qlzf4sv-ycsb-0.17.0/share/redis-binding/lib/commons-pool2-2.4.2.jar:/nix/store/zw02np72fzsmga6s5mphhw7x8qlzf4sv-ycsb-0.17.0/share/redis-binding/lib/jedis-2.9.0.jar:/nix/store/zw02np72fzsmga6s5mphhw7x8qlzf4sv-ycsb-0.17.0/share/redis-binding/lib/redis-binding-0.17.0.jar site.ycsb.Client -t -db site.ycsb.db.RedisClient -s -P /home/host/vmuxIO/test/moonprogs//../../ycsb/share/workloads/workloada -p redis.host=10.1.0.2 -p redis.port=6379 -p operationcount=429496729 -p maxexecutiontime=61 -threads 1
Command line: -t -db site.ycsb.db.RedisClient -s -P /home/host/vmuxIO/test/moonprogs//../../ycsb/share/workloads/workloada -p redis.host=10.1.0.2 -p redis.port=6379 -p operationcount=429496729 -p maxexecutiontime=61 -threads 1
YCSB Client 0.17.0

Loading workload...
Starting test.
Maximum execution time specified as: 61 secs
DBWrapper: report latency for each error is false and specific error codes to track for latency are: []
2024-06-26 11:26:43:617 0 sec: 0 operations; est completion in 0 second 
2024-06-26 11:26:53:454 10 sec: 84778 operations; 8477.8 current ops/sec; est completion in 14 hours 4 minutes [READ: Count=42299, Max=47871, Min=76, Avg=114.24, 90=142, 99=191, 99.9=446, 99.99=3009] [UPDATE: Count=42482, Max=5859, Min=72, Avg=112.23, 90=140, 99=194, 99.9=697, 99.99=2959] 
2024-06-26 11:27:03:455 20 sec: 165317 operations; 8053.9 current ops/sec; est completion in 14 hours 25 minutes [READ: Count=40200, Max=4001, Min=76, Avg=124.41, 90=156, 99=205, 99.9=303, 99.99=1100] [UPDATE: Count=40336, Max=3699, Min=73, Avg=120.2, 90=152, 99=197, 99.9=280, 99.99=554] 
2024-06-26 11:27:13:454 30 sec: 250605 operations; 8528.8 current ops/sec; est completion in 14 hours 16 minutes [READ: Count=42623, Max=8551, Min=71, Avg=117.79, 90=148, 99=193, 99.9=261, 99.99=996] [UPDATE: Count=42665, Max=1436, Min=68, Avg=113.79, 90=145, 99=187, 99.9=240, 99.99=905] 
2024-06-26 11:27:23:454 40 sec: 346912 operations; 9630.7 current ops/sec; est completion in 13 hours 44 minutes [READ: Count=48189, Max=7427, Min=71, Avg=103.7, 90=128, 99=179, 99.9=226, 99.99=393] [UPDATE: Count=48118, Max=452, Min=70, Avg=101.28, 90=126, 99=177, 99.9=222, 99.99=347] 
2024-06-26 11:27:33:454 50 sec: 437929 operations; 9101.7 current ops/sec; est completion in 13 hours 36 minutes [READ: Count=45601, Max=6599, Min=73, Avg=109.77, 90=140, 99=179, 99.9=262, 99.99=457] [UPDATE: Count=45416, Max=1071, Min=72, Avg=107.23, 90=137, 99=177, 99.9=244, 99.99=393] 
2024-06-26 11:27:43:454 60 sec: 528123 operations; 9019.4 current ops/sec; est completion in 13 hours 32 minutes [READ: Count=45148, Max=2619, Min=76, Avg=110.96, 90=136, 99=179, 99.9=239, 99.99=403] [UPDATE: Count=45046, Max=1846, Min=73, Avg=108.08, 90=132, 99=175, 99.9=226, 99.99=444] 
Maximum time elapsed. Requesting stop for the workload.
Stop requested for workload. Now Joining!
2024-06-26 11:27:44:460 61 sec: 538072 operations; 9889.66 current ops/sec; est completion in 13 hours 30 minutes [READ: Count=5005, Max=2559, Min=75, Avg=100.98, 90=123, 99=201, 99.9=298, 99.99=388] [CLEANUP: Count=1, Max=1126, Min=1126, Avg=1126, 90=1126, 99=1126, 99.9=1126, 99.99=1126] [UPDATE: Count=4944, Max=651, Min=72, Avg=98.05, 90=120, 99=228, 99.9=314, 99.99=651] 
[OVERALL], RunTime(ms), 61010
[OVERALL], Throughput(ops/sec), 8819.406654646778
[TOTAL_GCS_Copy], Count, 50
[TOTAL_GC_TIME_Copy], Time(ms), 29
[TOTAL_GC_TIME_%_Copy], Time(%), 0.047533191280118015
[TOTAL_GCS_MarkSweepCompact], Count, 0
[TOTAL_GC_TIME_MarkSweepCompact], Time(ms), 0
[TOTAL_GC_TIME_%_MarkSweepCompact], Time(%), 0.0
[TOTAL_GCs], Count, 50
[TOTAL_GC_TIME], Time(ms), 29
[TOTAL_GC_TIME_%], Time(%), 0.047533191280118015
[READ], Operations, 269065
[READ], AverageLatency(us), 112.88036348094326
[READ], MinLatency(us), 71
[READ], MaxLatency(us), 47871
[READ], 95thPercentileLatency(us), 158
[READ], 99thPercentileLatency(us), 189
[READ], Return=OK, 269065
[CLEANUP], Operations, 1
[CLEANUP], AverageLatency(us), 1126.0
[CLEANUP], MinLatency(us), 1126
[CLEANUP], MaxLatency(us), 1126
[CLEANUP], 95thPercentileLatency(us), 1126
[CLEANUP], 99thPercentileLatency(us), 1126
[UPDATE], Operations, 269007
[UPDATE], AverageLatency(us), 109.91289074262008
[UPDATE], MinLatency(us), 68
[UPDATE], MaxLatency(us), 5859
[UPDATE], 95thPercentileLatency(us), 155
[UPDATE], 99thPercentileLatency(us), 186
[UPDATE], Return=OK, 269007
AUTOTEST_DONE
