/nix/store/2vwkssqpzykk37r996cafq7x63imf4sp-openjdk-21+35/bin/java  -classpath /nix/store/zw02np72fzsmga6s5mphhw7x8qlzf4sv-ycsb-0.17.0/share/conf:/nix/store/zw02np72fzsmga6s5mphhw7x8qlzf4sv-ycsb-0.17.0/share/lib/core-0.17.0.jar:/nix/store/zw02np72fzsmga6s5mphhw7x8qlzf4sv-ycsb-0.17.0/share/lib/HdrHistogram-2.1.4.jar:/nix/store/zw02np72fzsmga6s5mphhw7x8qlzf4sv-ycsb-0.17.0/share/lib/htrace-core4-4.1.0-incubating.jar:/nix/store/zw02np72fzsmga6s5mphhw7x8qlzf4sv-ycsb-0.17.0/share/lib/jackson-core-asl-1.9.4.jar:/nix/store/zw02np72fzsmga6s5mphhw7x8qlzf4sv-ycsb-0.17.0/share/lib/jackson-mapper-asl-1.9.4.jar:/nix/store/zw02np72fzsmga6s5mphhw7x8qlzf4sv-ycsb-0.17.0/share/redis-binding/lib/commons-pool2-2.4.2.jar:/nix/store/zw02np72fzsmga6s5mphhw7x8qlzf4sv-ycsb-0.17.0/share/redis-binding/lib/jedis-2.9.0.jar:/nix/store/zw02np72fzsmga6s5mphhw7x8qlzf4sv-ycsb-0.17.0/share/redis-binding/lib/redis-binding-0.17.0.jar site.ycsb.Client -t -db site.ycsb.db.RedisClient -s -P /home/host/vmuxIO/test/moonprogs//../../ycsb/share/workloads/workloada -p redis.host=10.1.0.2 -p redis.port=6379 -p operationcount=429496729 -p maxexecutiontime=61 -threads 1
Command line: -t -db site.ycsb.db.RedisClient -s -P /home/host/vmuxIO/test/moonprogs//../../ycsb/share/workloads/workloada -p redis.host=10.1.0.2 -p redis.port=6379 -p operationcount=429496729 -p maxexecutiontime=61 -threads 1
YCSB Client 0.17.0

Loading workload...
Starting test.
Maximum execution time specified as: 61 secs
DBWrapper: report latency for each error is false and specific error codes to track for latency are: []
2024-10-03 03:28:45:358 0 sec: 0 operations; est completion in 0 second 
2024-10-03 03:28:55:121 10 sec: 25903 operations; 2590.04 current ops/sec; est completion in 1 day 22 hours [READ: Count=13015, Max=60895, Min=185, Avg=370.9, 90=449, 99=579, 99.9=2945, 99.99=15055] [UPDATE: Count=12903, Max=11775, Min=165, Avg=369.61, 90=449, 99=613, 99.9=3375, 99.99=6943] 
2024-10-03 03:29:05:121 20 sec: 53604 operations; 2770.1 current ops/sec; est completion in 1 day 20 hours [READ: Count=13916, Max=5019, Min=170, Avg=357.04, 90=446, 99=541, 99.9=772, 99.99=3203] [UPDATE: Count=13770, Max=2229, Min=173, Avg=354.92, 90=445, 99=535, 99.9=645, 99.99=1536] 
2024-10-03 03:29:15:121 30 sec: 80633 operations; 2703.17 current ops/sec; est completion in 1 day 20 hours [READ: Count=13460, Max=7251, Min=180, Avg=367.55, 90=459, 99=553, 99.9=689, 99.99=7207] [UPDATE: Count=13569, Max=2591, Min=181, Avg=365.63, 90=459, 99=549, 99.9=630, 99.99=1250] 
2024-10-03 03:29:25:121 40 sec: 107514 operations; 2688.1 current ops/sec; est completion in 1 day 20 hours [READ: Count=13596, Max=3559, Min=189, Avg=370.87, 90=459, 99=559, 99.9=682, 99.99=3039] [UPDATE: Count=13285, Max=2009, Min=181, Avg=367.07, 90=456, 99=556, 99.9=629, 99.99=996] 
2024-10-03 03:29:35:121 50 sec: 135156 operations; 2764.2 current ops/sec; est completion in 1 day 20 hours [READ: Count=13729, Max=4795, Min=121, Avg=360.45, 90=451, 99=538, 99.9=611, 99.99=853] [UPDATE: Count=13913, Max=2006, Min=120, Avg=357.72, 90=450, 99=540, 99.9=621, 99.99=835] 
2024-10-03 03:29:45:121 60 sec: 173406 operations; 3825 current ops/sec; est completion in 1 day 17 hours [READ: Count=19128, Max=5275, Min=99, Avg=260.76, 90=409, 99=510, 99.9=597, 99.99=2993] [UPDATE: Count=19122, Max=2077, Min=96, Avg=257.79, 90=405, 99=507, 99.9=587, 99.99=828] 
Maximum time elapsed. Requesting stop for the workload.
Stop requested for workload. Now Joining!
2024-10-03 03:29:46:130 61 sec: 181497 operations; 8010.89 current ops/sec; est completion in 1 day 16 hours [READ: Count=4010, Max=510, Min=91, Avg=123.63, 90=141, 99=165, 99.9=194, 99.99=510] [CLEANUP: Count=1, Max=876, Min=876, Avg=876, 90=876, 99=876, 99.9=876, 99.99=876] [UPDATE: Count=4081, Max=6903, Min=92, Avg=122.38, 90=138, 99=162, 99.9=220, 99.99=6903] 
[OVERALL], RunTime(ms), 61016
[OVERALL], Throughput(ops/sec), 2974.580437917923
[TOTAL_GCS_Copy], Count, 17
[TOTAL_GC_TIME_Copy], Time(ms), 21
[TOTAL_GC_TIME_%_Copy], Time(%), 0.03441720204536515
[TOTAL_GCS_MarkSweepCompact], Count, 0
[TOTAL_GC_TIME_MarkSweepCompact], Time(ms), 0
[TOTAL_GC_TIME_%_MarkSweepCompact], Time(%), 0.0
[TOTAL_GCs], Count, 17
[TOTAL_GC_TIME], Time(ms), 21
[TOTAL_GC_TIME_%], Time(%), 0.03441720204536515
[READ], Operations, 90854
[READ], AverageLatency(us), 332.59428313558016
[READ], MinLatency(us), 91
[READ], MaxLatency(us), 60895
[READ], 95thPercentileLatency(us), 476
[READ], 99thPercentileLatency(us), 544
[READ], Return=OK, 90854
[CLEANUP], Operations, 1
[CLEANUP], AverageLatency(us), 876.0
[CLEANUP], MinLatency(us), 876
[CLEANUP], MaxLatency(us), 876
[CLEANUP], 95thPercentileLatency(us), 876
[CLEANUP], 99thPercentileLatency(us), 876
[UPDATE], Operations, 90643
[UPDATE], AverageLatency(us), 329.86609004556334
[UPDATE], MinLatency(us), 92
[UPDATE], MaxLatency(us), 11775
[UPDATE], 95thPercentileLatency(us), 475
[UPDATE], 99thPercentileLatency(us), 541
[UPDATE], Return=OK, 90643
AUTOTEST_DONE
