/nix/store/2vwkssqpzykk37r996cafq7x63imf4sp-openjdk-21+35/bin/java  -classpath /nix/store/zw02np72fzsmga6s5mphhw7x8qlzf4sv-ycsb-0.17.0/share/conf:/nix/store/zw02np72fzsmga6s5mphhw7x8qlzf4sv-ycsb-0.17.0/share/lib/core-0.17.0.jar:/nix/store/zw02np72fzsmga6s5mphhw7x8qlzf4sv-ycsb-0.17.0/share/lib/HdrHistogram-2.1.4.jar:/nix/store/zw02np72fzsmga6s5mphhw7x8qlzf4sv-ycsb-0.17.0/share/lib/htrace-core4-4.1.0-incubating.jar:/nix/store/zw02np72fzsmga6s5mphhw7x8qlzf4sv-ycsb-0.17.0/share/lib/jackson-core-asl-1.9.4.jar:/nix/store/zw02np72fzsmga6s5mphhw7x8qlzf4sv-ycsb-0.17.0/share/lib/jackson-mapper-asl-1.9.4.jar:/nix/store/zw02np72fzsmga6s5mphhw7x8qlzf4sv-ycsb-0.17.0/share/redis-binding/lib/commons-pool2-2.4.2.jar:/nix/store/zw02np72fzsmga6s5mphhw7x8qlzf4sv-ycsb-0.17.0/share/redis-binding/lib/jedis-2.9.0.jar:/nix/store/zw02np72fzsmga6s5mphhw7x8qlzf4sv-ycsb-0.17.0/share/redis-binding/lib/redis-binding-0.17.0.jar site.ycsb.Client -t -db site.ycsb.db.RedisClient -s -P /home/host/vmuxIO/test/moonprogs//../../ycsb/share/workloads/workloada -p redis.host=10.1.0.2 -p redis.port=6379 -p operationcount=429496729 -p maxexecutiontime=61 -threads 1
Command line: -t -db site.ycsb.db.RedisClient -s -P /home/host/vmuxIO/test/moonprogs//../../ycsb/share/workloads/workloada -p redis.host=10.1.0.2 -p redis.port=6379 -p operationcount=429496729 -p maxexecutiontime=61 -threads 1
YCSB Client 0.17.0

Loading workload...
Starting test.
Maximum execution time specified as: 61 secs
DBWrapper: report latency for each error is false and specific error codes to track for latency are: []
2024-10-03 03:28:45:290 0 sec: 0 operations; est completion in 0 second [UPDATE: Count=1, Max=30751, Min=30736, Avg=30744, 90=30751, 99=30751, 99.9=30751, 99.99=30751] 
2024-10-03 03:28:55:068 10 sec: 26391 operations; 2638.84 current ops/sec; est completion in 1 day 21 hours [READ: Count=13151, Max=34367, Min=175, Avg=359.39, 90=436, 99=548, 99.9=2455, 99.99=6467] [UPDATE: Count=13240, Max=6163, Min=161, Avg=361.17, 90=435, 99=562, 99.9=3851, 99.99=6151] 
2024-10-03 03:29:05:068 20 sec: 54432 operations; 2804.1 current ops/sec; est completion in 1 day 19 hours [READ: Count=14002, Max=12111, Min=110, Avg=353.35, 90=443, 99=527, 99.9=680, 99.99=2513] [UPDATE: Count=14038, Max=2829, Min=162, Avg=350.99, 90=441, 99=527, 99.9=762, 99.99=2071] 
2024-10-03 03:29:15:068 30 sec: 82243 operations; 2781.1 current ops/sec; est completion in 1 day 19 hours [READ: Count=13840, Max=4419, Min=172, Avg=356.79, 90=446, 99=530, 99.9=610, 99.99=1289] [UPDATE: Count=13971, Max=9959, Min=172, Avg=355.7, 90=444, 99=527, 99.9=611, 99.99=999] 
2024-10-03 03:29:25:068 40 sec: 109891 operations; 2764.8 current ops/sec; est completion in 1 day 19 hours [READ: Count=13834, Max=2993, Min=172, Avg=358.84, 90=444, 99=522, 99.9=591, 99.99=1324] [UPDATE: Count=13814, Max=8155, Min=183, Avg=358.4, 90=441, 99=520, 99.9=598, 99.99=1761] 
2024-10-03 03:29:35:068 50 sec: 138379 operations; 2848.8 current ops/sec; est completion in 1 day 19 hours [READ: Count=14248, Max=710, Min=169, Avg=348.72, 90=436, 99=513, 99.9=585, 99.99=706] [UPDATE: Count=14240, Max=5331, Min=162, Avg=347.88, 90=435, 99=517, 99.9=596, 99.99=2817] 
2024-10-03 03:29:45:068 60 sec: 176746 operations; 3836.7 current ops/sec; est completion in 1 day 16 hours [READ: Count=19052, Max=947, Min=100, Avg=259.41, 90=404, 99=492, 99.9=564, 99.99=797] [UPDATE: Count=19315, Max=6163, Min=96, Avg=257.33, 90=401, 99=491, 99.9=570, 99.99=1208] 
Maximum time elapsed. Requesting stop for the workload.
Stop requested for workload. Now Joining!
2024-10-03 03:29:46:077 61 sec: 184756 operations; 7938.55 current ops/sec; est completion in 1 day 15 hours [READ: Count=3990, Max=551, Min=85, Avg=124.75, 90=145, 99=177, 99.9=215, 99.99=551] [CLEANUP: Count=1, Max=867, Min=867, Avg=867, 90=867, 99=867, 99.9=867, 99.99=867] [UPDATE: Count=4020, Max=4567, Min=84, Avg=123.78, 90=144, 99=179, 99.9=211, 99.99=4567] 
[OVERALL], RunTime(ms), 61012
[OVERALL], Throughput(ops/sec), 3028.191175506458
[TOTAL_GCS_Copy], Count, 17
[TOTAL_GC_TIME_Copy], Time(ms), 27
[TOTAL_GC_TIME_%_Copy], Time(%), 0.044253589457811576
[TOTAL_GCS_MarkSweepCompact], Count, 0
[TOTAL_GC_TIME_MarkSweepCompact], Time(ms), 0
[TOTAL_GC_TIME_%_MarkSweepCompact], Time(%), 0.0
[TOTAL_GCs], Count, 17
[TOTAL_GC_TIME], Time(ms), 27
[TOTAL_GC_TIME_%], Time(%), 0.044253589457811576
[READ], Operations, 92117
[READ], AverageLatency(us), 325.5072679310008
[READ], MinLatency(us), 85
[READ], MaxLatency(us), 34367
[READ], 95thPercentileLatency(us), 460
[READ], 99thPercentileLatency(us), 519
[READ], Return=OK, 92117
[CLEANUP], Operations, 1
[CLEANUP], AverageLatency(us), 867.0
[CLEANUP], MinLatency(us), 867
[CLEANUP], MaxLatency(us), 867
[CLEANUP], 95thPercentileLatency(us), 867
[CLEANUP], 99thPercentileLatency(us), 867
[UPDATE], Operations, 92639
[UPDATE], AverageLatency(us), 324.7221472597934
[UPDATE], MinLatency(us), 84
[UPDATE], MaxLatency(us), 30751
[UPDATE], 95thPercentileLatency(us), 459
[UPDATE], 99thPercentileLatency(us), 520
[UPDATE], Return=OK, 92639
AUTOTEST_DONE
