/nix/store/2vwkssqpzykk37r996cafq7x63imf4sp-openjdk-21+35/bin/java  -classpath /nix/store/zw02np72fzsmga6s5mphhw7x8qlzf4sv-ycsb-0.17.0/share/conf:/nix/store/zw02np72fzsmga6s5mphhw7x8qlzf4sv-ycsb-0.17.0/share/lib/core-0.17.0.jar:/nix/store/zw02np72fzsmga6s5mphhw7x8qlzf4sv-ycsb-0.17.0/share/lib/HdrHistogram-2.1.4.jar:/nix/store/zw02np72fzsmga6s5mphhw7x8qlzf4sv-ycsb-0.17.0/share/lib/htrace-core4-4.1.0-incubating.jar:/nix/store/zw02np72fzsmga6s5mphhw7x8qlzf4sv-ycsb-0.17.0/share/lib/jackson-core-asl-1.9.4.jar:/nix/store/zw02np72fzsmga6s5mphhw7x8qlzf4sv-ycsb-0.17.0/share/lib/jackson-mapper-asl-1.9.4.jar:/nix/store/zw02np72fzsmga6s5mphhw7x8qlzf4sv-ycsb-0.17.0/share/redis-binding/lib/commons-pool2-2.4.2.jar:/nix/store/zw02np72fzsmga6s5mphhw7x8qlzf4sv-ycsb-0.17.0/share/redis-binding/lib/jedis-2.9.0.jar:/nix/store/zw02np72fzsmga6s5mphhw7x8qlzf4sv-ycsb-0.17.0/share/redis-binding/lib/redis-binding-0.17.0.jar site.ycsb.Client -t -db site.ycsb.db.RedisClient -s -P /home/host/vmuxIO/test/moonprogs//../../ycsb/share/workloads/workloada -p redis.host=10.1.0.2 -p redis.port=6382 -p operationcount=429496729 -p maxexecutiontime=61 -threads 1
Command line: -t -db site.ycsb.db.RedisClient -s -P /home/host/vmuxIO/test/moonprogs//../../ycsb/share/workloads/workloada -p redis.host=10.1.0.2 -p redis.port=6382 -p operationcount=429496729 -p maxexecutiontime=61 -threads 1
YCSB Client 0.17.0

Loading workload...
Starting test.
Maximum execution time specified as: 61 secs
DBWrapper: report latency for each error is false and specific error codes to track for latency are: []
2025-04-18 13:31:08:226 0 sec: 0 operations; est completion in 0 second 
2025-04-18 13:31:18:002 10 sec: 22745 operations; 2274.27 current ops/sec; est completion in 2 days 4 hours [READ: Count=11349, Max=212351, Min=78, Avg=433.45, 90=314, 99=5003, 99.9=9639, 99.99=203903] [UPDATE: Count=11415, Max=32831, Min=76, Avg=410.73, 90=316, 99=5027, 99.9=10095, 99.99=13983] 
2025-04-18 13:31:28:002 20 sec: 51135 operations; 2839 current ops/sec; est completion in 1 day 22 hours [READ: Count=14068, Max=10351, Min=80, Avg=355.96, 90=261, 99=4195, 99.9=7135, 99.99=8335] [UPDATE: Count=14303, Max=12111, Min=76, Avg=340.61, 90=248, 99=4211, 99.9=7967, 99.99=9111] 
2025-04-18 13:31:38:002 30 sec: 77814 operations; 2667.9 current ops/sec; est completion in 1 day 21 hours [READ: Count=13452, Max=10135, Min=77, Avg=388.86, 90=286, 99=4271, 99.9=8091, 99.99=9799] [UPDATE: Count=13227, Max=12047, Min=77, Avg=355.32, 90=269, 99=4223, 99.9=7991, 99.99=8935] 
2025-04-18 13:31:48:002 40 sec: 101959 operations; 2414.5 current ops/sec; est completion in 1 day 22 hours [READ: Count=12104, Max=205183, Min=78, Avg=400.9, 90=286, 99=4259, 99.9=8091, 99.99=8263] [UPDATE: Count=12041, Max=211455, Min=78, Avg=422.28, 90=285, 99=4243, 99.9=7991, 99.99=206591] 
2025-04-18 13:31:58:002 50 sec: 131255 operations; 2929.6 current ops/sec; est completion in 1 day 21 hours [READ: Count=14746, Max=9127, Min=76, Avg=349.29, 90=248, 99=4215, 99.9=7851, 99.99=8247] [UPDATE: Count=14550, Max=9119, Min=77, Avg=329, 90=237, 99=4235, 99.9=7967, 99.99=9055] 
2025-04-18 13:32:08:002 60 sec: 158089 operations; 2683.4 current ops/sec; est completion in 1 day 21 hours [READ: Count=13477, Max=12831, Min=74, Avg=378.77, 90=278, 99=4251, 99.9=8015, 99.99=12183] [UPDATE: Count=13357, Max=11951, Min=74, Avg=362.78, 90=266, 99=4231, 99.9=7995, 99.99=8255] 
Maximum time elapsed. Requesting stop for the workload.
Stop requested for workload. Now Joining!
2025-04-18 13:32:09:032 61 sec: 160774 operations; 2606.8 current ops/sec; est completion in 1 day 21 hours [READ: Count=1414, Max=8019, Min=78, Avg=400.34, 90=301, 99=4391, 99.9=8015, 99.99=8019] [CLEANUP: Count=1, Max=2955, Min=2954, Avg=2955, 90=2955, 99=2955, 99.9=2955, 99.99=2955] [UPDATE: Count=1271, Max=8107, Min=78, Avg=359.57, 90=270, 99=4243, 99.9=8071, 99.99=8107] 
[OVERALL], RunTime(ms), 61058
[OVERALL], Throughput(ops/sec), 2633.1357070326576
[TOTAL_GCS_Copy], Count, 15
[TOTAL_GC_TIME_Copy], Time(ms), 19
[TOTAL_GC_TIME_%_Copy], Time(%), 0.031117953421337087
[TOTAL_GCS_MarkSweepCompact], Count, 0
[TOTAL_GC_TIME_MarkSweepCompact], Time(ms), 0
[TOTAL_GC_TIME_%_MarkSweepCompact], Time(%), 0.0
[TOTAL_GCs], Count, 15
[TOTAL_GC_TIME], Time(ms), 19
[TOTAL_GC_TIME_%], Time(%), 0.031117953421337087
[READ], Operations, 80610
[READ], AverageLatency(us), 382.4812058057313
[READ], MinLatency(us), 74
[READ], MaxLatency(us), 212351
[READ], 95thPercentileLatency(us), 2669
[READ], 99thPercentileLatency(us), 4247
[READ], Return=OK, 80610
[CLEANUP], Operations, 1
[CLEANUP], AverageLatency(us), 2955.0
[CLEANUP], MinLatency(us), 2954
[CLEANUP], MaxLatency(us), 2955
[CLEANUP], 95thPercentileLatency(us), 2955
[CLEANUP], 99thPercentileLatency(us), 2955
[UPDATE], Operations, 80164
[UPDATE], AverageLatency(us), 367.174143006836
[UPDATE], MinLatency(us), 74
[UPDATE], MaxLatency(us), 211455
[UPDATE], 95thPercentileLatency(us), 1931
[UPDATE], 99thPercentileLatency(us), 4247
[UPDATE], Return=OK, 80164
AUTOTEST_DONE
