/nix/store/2vwkssqpzykk37r996cafq7x63imf4sp-openjdk-21+35/bin/java  -classpath /nix/store/zw02np72fzsmga6s5mphhw7x8qlzf4sv-ycsb-0.17.0/share/conf:/nix/store/zw02np72fzsmga6s5mphhw7x8qlzf4sv-ycsb-0.17.0/share/lib/core-0.17.0.jar:/nix/store/zw02np72fzsmga6s5mphhw7x8qlzf4sv-ycsb-0.17.0/share/lib/HdrHistogram-2.1.4.jar:/nix/store/zw02np72fzsmga6s5mphhw7x8qlzf4sv-ycsb-0.17.0/share/lib/htrace-core4-4.1.0-incubating.jar:/nix/store/zw02np72fzsmga6s5mphhw7x8qlzf4sv-ycsb-0.17.0/share/lib/jackson-core-asl-1.9.4.jar:/nix/store/zw02np72fzsmga6s5mphhw7x8qlzf4sv-ycsb-0.17.0/share/lib/jackson-mapper-asl-1.9.4.jar:/nix/store/zw02np72fzsmga6s5mphhw7x8qlzf4sv-ycsb-0.17.0/share/redis-binding/lib/commons-pool2-2.4.2.jar:/nix/store/zw02np72fzsmga6s5mphhw7x8qlzf4sv-ycsb-0.17.0/share/redis-binding/lib/jedis-2.9.0.jar:/nix/store/zw02np72fzsmga6s5mphhw7x8qlzf4sv-ycsb-0.17.0/share/redis-binding/lib/redis-binding-0.17.0.jar site.ycsb.Client -t -db site.ycsb.db.RedisClient -s -P /home/host/vmuxIO/test/moonprogs//../../ycsb/share/workloads/workloada -p redis.host=10.1.0.2 -p redis.port=6382 -p operationcount=429496729 -p maxexecutiontime=61 -threads 1
Command line: -t -db site.ycsb.db.RedisClient -s -P /home/host/vmuxIO/test/moonprogs//../../ycsb/share/workloads/workloada -p redis.host=10.1.0.2 -p redis.port=6382 -p operationcount=429496729 -p maxexecutiontime=61 -threads 1
YCSB Client 0.17.0

Loading workload...
Starting test.
Maximum execution time specified as: 61 secs
DBWrapper: report latency for each error is false and specific error codes to track for latency are: []
2025-04-18 13:31:04:771 0 sec: 0 operations; est completion in 0 second 
2025-04-18 13:31:14:540 10 sec: 15539 operations; 1553.74 current ops/sec; est completion in 3 days 4 hours [READ: Count=7722, Max=25935, Min=83, Avg=612.66, 90=1102, 99=7547, 99.9=12023, 99.99=25855] [UPDATE: Count=7854, Max=32671, Min=80, Avg=623.54, 90=1206, 99=7911, 99.9=11975, 99.99=15503] 
2025-04-18 13:31:24:541 20 sec: 44567 operations; 2902.51 current ops/sec; est completion in 2 days 5 hours [READ: Count=14371, Max=10935, Min=80, Avg=350.99, 90=261, 99=4199, 99.9=7855, 99.99=8879] [UPDATE: Count=14620, Max=11223, Min=78, Avg=329.83, 90=251, 99=4211, 99.9=7767, 99.99=8179] 
2025-04-18 13:31:34:540 30 sec: 70918 operations; 2635.36 current ops/sec; est completion in 2 days 2 hours [READ: Count=13199, Max=8631, Min=76, Avg=363.28, 90=276, 99=4219, 99.9=7183, 99.99=8239] [UPDATE: Count=13152, Max=203775, Min=74, Avg=389.76, 90=265, 99=4215, 99.9=7847, 99.99=203263] 
2025-04-18 13:31:44:540 40 sec: 93211 operations; 2229.3 current ops/sec; est completion in 2 days 3 hours [READ: Count=11210, Max=11991, Min=81, Avg=446.69, 90=357, 99=4707, 99.9=7999, 99.99=9503] [UPDATE: Count=11083, Max=202751, Min=79, Avg=445.16, 90=328, 99=4503, 99.9=8051, 99.99=9999] 
2025-04-18 13:31:54:540 50 sec: 122729 operations; 2951.8 current ops/sec; est completion in 2 days [READ: Count=14770, Max=11047, Min=79, Avg=342.58, 90=249, 99=4203, 99.9=7991, 99.99=8247] [UPDATE: Count=14748, Max=8583, Min=76, Avg=330.84, 90=243, 99=4211, 99.9=7183, 99.99=8091] 
2025-04-18 13:32:04:540 60 sec: 149622 operations; 2689.3 current ops/sec; est completion in 1 day 23 hours [READ: Count=13370, Max=203519, Min=80, Avg=388.36, 90=267, 99=4211, 99.9=7995, 99.99=12231] [UPDATE: Count=13523, Max=10919, Min=76, Avg=351.89, 90=262, 99=4219, 99.9=7991, 99.99=10447] 
Maximum time elapsed. Requesting stop for the workload.
Stop requested for workload. Now Joining!
2025-04-18 13:32:05:555 61 sec: 151892 operations; 2236.45 current ops/sec; est completion in 1 day 23 hours [READ: Count=1184, Max=205695, Min=82, Avg=561.08, 90=279, 99=4255, 99.9=12511, 99.99=205695] [CLEANUP: Count=1, Max=1096, Min=1096, Avg=1096, 90=1096, 99=1096, 99.9=1096, 99.99=1096] [UPDATE: Count=1086, Max=7255, Min=81, Avg=315.25, 90=250, 99=4179, 99.9=6423, 99.99=7255] 
[OVERALL], RunTime(ms), 61020
[OVERALL], Throughput(ops/sec), 2489.216650278597
[TOTAL_GCS_Copy], Count, 14
[TOTAL_GC_TIME_Copy], Time(ms), 19
[TOTAL_GC_TIME_%_Copy], Time(%), 0.031137332022287776
[TOTAL_GCS_MarkSweepCompact], Count, 0
[TOTAL_GC_TIME_MarkSweepCompact], Time(ms), 0
[TOTAL_GC_TIME_%_MarkSweepCompact], Time(%), 0.0
[TOTAL_GCs], Count, 14
[TOTAL_GC_TIME], Time(ms), 19
[TOTAL_GC_TIME_%], Time(%), 0.031137332022287776
[READ], Operations, 75826
[READ], AverageLatency(us), 402.1563579774747
[READ], MinLatency(us), 76
[READ], MaxLatency(us), 205695
[READ], 95thPercentileLatency(us), 3221
[READ], 99thPercentileLatency(us), 4279
[READ], Return=OK, 75826
[CLEANUP], Operations, 1
[CLEANUP], AverageLatency(us), 1096.0
[CLEANUP], MinLatency(us), 1096
[CLEANUP], MaxLatency(us), 1096
[CLEANUP], 95thPercentileLatency(us), 1096
[CLEANUP], 99thPercentileLatency(us), 1096
[UPDATE], Operations, 76066
[UPDATE], AverageLatency(us), 391.23291615176294
[UPDATE], MinLatency(us), 74
[UPDATE], MaxLatency(us), 203775
[UPDATE], 95thPercentileLatency(us), 2571
[UPDATE], 99thPercentileLatency(us), 4283
[UPDATE], Return=OK, 76066
AUTOTEST_DONE
