/nix/store/2vwkssqpzykk37r996cafq7x63imf4sp-openjdk-21+35/bin/java  -classpath /nix/store/zw02np72fzsmga6s5mphhw7x8qlzf4sv-ycsb-0.17.0/share/conf:/nix/store/zw02np72fzsmga6s5mphhw7x8qlzf4sv-ycsb-0.17.0/share/lib/core-0.17.0.jar:/nix/store/zw02np72fzsmga6s5mphhw7x8qlzf4sv-ycsb-0.17.0/share/lib/HdrHistogram-2.1.4.jar:/nix/store/zw02np72fzsmga6s5mphhw7x8qlzf4sv-ycsb-0.17.0/share/lib/htrace-core4-4.1.0-incubating.jar:/nix/store/zw02np72fzsmga6s5mphhw7x8qlzf4sv-ycsb-0.17.0/share/lib/jackson-core-asl-1.9.4.jar:/nix/store/zw02np72fzsmga6s5mphhw7x8qlzf4sv-ycsb-0.17.0/share/lib/jackson-mapper-asl-1.9.4.jar:/nix/store/zw02np72fzsmga6s5mphhw7x8qlzf4sv-ycsb-0.17.0/share/redis-binding/lib/commons-pool2-2.4.2.jar:/nix/store/zw02np72fzsmga6s5mphhw7x8qlzf4sv-ycsb-0.17.0/share/redis-binding/lib/jedis-2.9.0.jar:/nix/store/zw02np72fzsmga6s5mphhw7x8qlzf4sv-ycsb-0.17.0/share/redis-binding/lib/redis-binding-0.17.0.jar site.ycsb.Client -t -db site.ycsb.db.RedisClient -s -P /home/host/vmuxIO/test/moonprogs//../../ycsb/share/workloads/workloada -p redis.host=10.1.0.2 -p redis.port=6379 -p operationcount=429496729 -p maxexecutiontime=61 -threads 1
Command line: -t -db site.ycsb.db.RedisClient -s -P /home/host/vmuxIO/test/moonprogs//../../ycsb/share/workloads/workloada -p redis.host=10.1.0.2 -p redis.port=6379 -p operationcount=429496729 -p maxexecutiontime=61 -threads 1
YCSB Client 0.17.0

Loading workload...
Starting test.
Maximum execution time specified as: 61 secs
DBWrapper: report latency for each error is false and specific error codes to track for latency are: []
2024-10-03 14:14:47:217 0 sec: 0 operations; est completion in 0 second 
2024-10-03 14:14:57:007 10 sec: 67258 operations; 6725.8 current ops/sec; est completion in 17 hours 44 minutes [READ: Count=33695, Max=55135, Min=90, Avg=139.94, 90=165, 99=257, 99.9=2447, 99.99=4543] [UPDATE: Count=33588, Max=14287, Min=94, Avg=140.84, 90=166, 99=261, 99.9=2679, 99.99=4155] 
2024-10-03 14:15:07:007 20 sec: 143899 operations; 7664.1 current ops/sec; est completion in 16 hours 34 minutes [READ: Count=38245, Max=8919, Min=88, Avg=129.42, 90=149, 99=228, 99.9=283, 99.99=2501] [UPDATE: Count=38371, Max=3469, Min=86, Avg=126.81, 90=146, 99=229, 99.9=277, 99.99=2169] 
2024-10-03 14:15:17:007 30 sec: 221688 operations; 7778.9 current ops/sec; est completion in 16 hours 8 minutes [READ: Count=38854, Max=9407, Min=91, Avg=128.06, 90=168, 99=252, 99.9=432, 99.99=2821] [UPDATE: Count=38935, Max=2749, Min=90, Avg=124.59, 90=164, 99=244, 99.9=383, 99.99=891] 
2024-10-03 14:15:27:007 40 sec: 297523 operations; 7583.5 current ops/sec; est completion in 16 hours 1 minute [READ: Count=37988, Max=204671, Min=91, Avg=133.77, 90=156, 99=201, 99.9=392, 99.99=3479] [UPDATE: Count=37847, Max=6595, Min=91, Avg=125.65, 90=154, 99=199, 99.9=334, 99.99=2707] 
2024-10-03 14:15:37:007 50 sec: 374525 operations; 7700.2 current ops/sec; est completion in 15 hours 54 minutes [READ: Count=38572, Max=8351, Min=89, Avg=129.13, 90=145, 99=195, 99.9=256, 99.99=2753] [UPDATE: Count=38430, Max=1812, Min=83, Avg=126.48, 90=142, 99=194, 99.9=253, 99.99=683] 
2024-10-03 14:15:47:007 60 sec: 450734 operations; 7620.9 current ops/sec; est completion in 15 hours 51 minutes [READ: Count=38096, Max=2937, Min=91, Avg=130.16, 90=159, 99=263, 99.9=395, 99.99=762] [UPDATE: Count=38113, Max=8455, Min=90, Avg=127.82, 90=157, 99=261, 99.9=389, 99.99=1366] 
Maximum time elapsed. Requesting stop for the workload.
Stop requested for workload. Now Joining!
2024-10-03 14:15:48:016 61 sec: 458803 operations; 7997.03 current ops/sec; est completion in 15 hours 50 minutes [READ: Count=3999, Max=5631, Min=93, Avg=125.12, 90=172, 99=264, 99.9=375, 99.99=5631] [CLEANUP: Count=1, Max=1149, Min=1149, Avg=1149, 90=1149, 99=1149, 99.9=1149, 99.99=1149] [UPDATE: Count=4070, Max=571, Min=90, Avg=120.44, 90=169, 99=263, 99.9=339, 99.99=571] 
[OVERALL], RunTime(ms), 61014
[OVERALL], Throughput(ops/sec), 7519.634837906055
[TOTAL_GCS_Copy], Count, 43
[TOTAL_GC_TIME_Copy], Time(ms), 26
[TOTAL_GC_TIME_%_Copy], Time(%), 0.04261317074769725
[TOTAL_GCS_MarkSweepCompact], Count, 0
[TOTAL_GC_TIME_MarkSweepCompact], Time(ms), 0
[TOTAL_GC_TIME_%_MarkSweepCompact], Time(%), 0.0
[TOTAL_GCs], Count, 43
[TOTAL_GC_TIME], Time(ms), 26
[TOTAL_GC_TIME_%], Time(%), 0.04261317074769725
[READ], Operations, 229449
[READ], AverageLatency(us), 131.45120702203977
[READ], MinLatency(us), 88
[READ], MaxLatency(us), 204671
[READ], 95thPercentileLatency(us), 183
[READ], 99thPercentileLatency(us), 239
[READ], Return=OK, 229449
[CLEANUP], Operations, 1
[CLEANUP], AverageLatency(us), 1149.0
[CLEANUP], MinLatency(us), 1149
[CLEANUP], MaxLatency(us), 1149
[CLEANUP], 95thPercentileLatency(us), 1149
[CLEANUP], 99thPercentileLatency(us), 1149
[UPDATE], Operations, 229354
[UPDATE], AverageLatency(us), 128.29669419325583
[UPDATE], MinLatency(us), 83
[UPDATE], MaxLatency(us), 14287
[UPDATE], 95thPercentileLatency(us), 181
[UPDATE], 99thPercentileLatency(us), 236
[UPDATE], Return=OK, 229354
AUTOTEST_DONE
