/nix/store/2vwkssqpzykk37r996cafq7x63imf4sp-openjdk-21+35/bin/java  -classpath /nix/store/zw02np72fzsmga6s5mphhw7x8qlzf4sv-ycsb-0.17.0/share/conf:/nix/store/zw02np72fzsmga6s5mphhw7x8qlzf4sv-ycsb-0.17.0/share/lib/core-0.17.0.jar:/nix/store/zw02np72fzsmga6s5mphhw7x8qlzf4sv-ycsb-0.17.0/share/lib/HdrHistogram-2.1.4.jar:/nix/store/zw02np72fzsmga6s5mphhw7x8qlzf4sv-ycsb-0.17.0/share/lib/htrace-core4-4.1.0-incubating.jar:/nix/store/zw02np72fzsmga6s5mphhw7x8qlzf4sv-ycsb-0.17.0/share/lib/jackson-core-asl-1.9.4.jar:/nix/store/zw02np72fzsmga6s5mphhw7x8qlzf4sv-ycsb-0.17.0/share/lib/jackson-mapper-asl-1.9.4.jar:/nix/store/zw02np72fzsmga6s5mphhw7x8qlzf4sv-ycsb-0.17.0/share/redis-binding/lib/commons-pool2-2.4.2.jar:/nix/store/zw02np72fzsmga6s5mphhw7x8qlzf4sv-ycsb-0.17.0/share/redis-binding/lib/jedis-2.9.0.jar:/nix/store/zw02np72fzsmga6s5mphhw7x8qlzf4sv-ycsb-0.17.0/share/redis-binding/lib/redis-binding-0.17.0.jar site.ycsb.Client -t -db site.ycsb.db.RedisClient -s -P /home/host/vmuxIO/test/moonprogs//../../ycsb/share/workloads/workloada -p redis.host=10.1.0.2 -p redis.port=6379 -p operationcount=429496729 -p maxexecutiontime=61 -threads 1
Command line: -t -db site.ycsb.db.RedisClient -s -P /home/host/vmuxIO/test/moonprogs//../../ycsb/share/workloads/workloada -p redis.host=10.1.0.2 -p redis.port=6379 -p operationcount=429496729 -p maxexecutiontime=61 -threads 1
YCSB Client 0.17.0

Loading workload...
Starting test.
Maximum execution time specified as: 61 secs
DBWrapper: report latency for each error is false and specific error codes to track for latency are: []
2024-06-19 16:59:00:305 0 sec: 0 operations; est completion in 0 second 
2024-06-19 16:59:10:141 10 sec: 95276 operations; 9527.6 current ops/sec; est completion in 12 hours 31 minutes [READ: Count=47552, Max=48351, Min=77, Avg=102.33, 90=115, 99=147, 99.9=697, 99.99=4047] [UPDATE: Count=47753, Max=6091, Min=74, Avg=97.69, 90=111, 99=147, 99.9=729, 99.99=3433] 
2024-06-19 16:59:20:141 20 sec: 197103 operations; 10181.68 current ops/sec; est completion in 12 hours 6 minutes [READ: Count=50936, Max=11359, Min=75, Avg=98.83, 90=117, 99=138, 99.9=207, 99.99=636] [UPDATE: Count=50862, Max=885, Min=70, Avg=94.14, 90=113, 99=132, 99.9=191, 99.99=627] 
2024-06-19 16:59:30:141 30 sec: 296610 operations; 9951.7 current ops/sec; est completion in 12 hours 3 minutes [READ: Count=49762, Max=10303, Min=75, Avg=101.06, 90=115, 99=140, 99.9=188, 99.99=662] [UPDATE: Count=49745, Max=933, Min=70, Avg=96.89, 90=111, 99=135, 99.9=179, 99.99=384] 
2024-06-19 16:59:40:141 40 sec: 399215 operations; 10260.5 current ops/sec; est completion in 11 hours 56 minutes [READ: Count=51159, Max=1204, Min=75, Avg=97.72, 90=110, 99=133, 99.9=160, 99.99=421] [UPDATE: Count=51446, Max=4115, Min=74, Avg=94.41, 90=107, 99=129, 99.9=171, 99.99=367] 
2024-06-19 16:59:50:140 50 sec: 501514 operations; 10229.9 current ops/sec; est completion in 11 hours 52 minutes [READ: Count=51267, Max=4475, Min=76, Avg=98.17, 90=114, 99=135, 99.9=167, 99.99=339] [UPDATE: Count=51032, Max=592, Min=71, Avg=94.57, 90=109, 99=130, 99.9=155, 99.99=303] 
2024-06-19 17:00:00:141 60 sec: 601926 operations; 10041.2 current ops/sec; est completion in 11 hours 52 minutes [READ: Count=50383, Max=780, Min=78, Avg=99.89, 90=116, 99=138, 99.9=225, 99.99=364] [UPDATE: Count=50029, Max=7123, Min=74, Avg=96.4, 90=113, 99=133, 99.9=205, 99.99=398] 
Maximum time elapsed. Requesting stop for the workload.
Stop requested for workload. Now Joining!
2024-06-19 17:00:01:152 61 sec: 611858 operations; 9814.23 current ops/sec; est completion in 11 hours 52 minutes [READ: Count=4961, Max=695, Min=85, Avg=102.12, 90=117, 99=139, 99.9=173, 99.99=695] [CLEANUP: Count=1, Max=1119, Min=1119, Avg=1119, 90=1119, 99=1119, 99.9=1119, 99.99=1119] [UPDATE: Count=4971, Max=6255, Min=82, Avg=98.45, 90=112, 99=133, 99.9=165, 99.99=6255] 
[OVERALL], RunTime(ms), 61016
[OVERALL], Throughput(ops/sec), 10027.828766225253
[TOTAL_GCS_Copy], Count, 56
[TOTAL_GC_TIME_Copy], Time(ms), 27
[TOTAL_GC_TIME_%_Copy], Time(%), 0.0442506883440409
[TOTAL_GCS_MarkSweepCompact], Count, 0
[TOTAL_GC_TIME_MarkSweepCompact], Time(ms), 0
[TOTAL_GC_TIME_%_MarkSweepCompact], Time(%), 0.0
[TOTAL_GCs], Count, 56
[TOTAL_GC_TIME], Time(ms), 27
[TOTAL_GC_TIME_%], Time(%), 0.0442506883440409
[READ], Operations, 306020
[READ], AverageLatency(us), 99.66869158878505
[READ], MinLatency(us), 75
[READ], MaxLatency(us), 48351
[READ], 95thPercentileLatency(us), 124
[READ], 99thPercentileLatency(us), 138
[READ], Return=OK, 306020
[CLEANUP], Operations, 1
[CLEANUP], AverageLatency(us), 1119.0
[CLEANUP], MinLatency(us), 1119
[CLEANUP], MaxLatency(us), 1119
[CLEANUP], 95thPercentileLatency(us), 1119
[CLEANUP], 99thPercentileLatency(us), 1119
[UPDATE], Operations, 305838
[UPDATE], AverageLatency(us), 95.6997724285406
[UPDATE], MinLatency(us), 70
[UPDATE], MaxLatency(us), 7123
[UPDATE], 95thPercentileLatency(us), 121
[UPDATE], 99thPercentileLatency(us), 133
[UPDATE], Return=OK, 305838
AUTOTEST_DONE
