/nix/store/2vwkssqpzykk37r996cafq7x63imf4sp-openjdk-21+35/bin/java  -classpath /nix/store/zw02np72fzsmga6s5mphhw7x8qlzf4sv-ycsb-0.17.0/share/conf:/nix/store/zw02np72fzsmga6s5mphhw7x8qlzf4sv-ycsb-0.17.0/share/lib/core-0.17.0.jar:/nix/store/zw02np72fzsmga6s5mphhw7x8qlzf4sv-ycsb-0.17.0/share/lib/HdrHistogram-2.1.4.jar:/nix/store/zw02np72fzsmga6s5mphhw7x8qlzf4sv-ycsb-0.17.0/share/lib/htrace-core4-4.1.0-incubating.jar:/nix/store/zw02np72fzsmga6s5mphhw7x8qlzf4sv-ycsb-0.17.0/share/lib/jackson-core-asl-1.9.4.jar:/nix/store/zw02np72fzsmga6s5mphhw7x8qlzf4sv-ycsb-0.17.0/share/lib/jackson-mapper-asl-1.9.4.jar:/nix/store/zw02np72fzsmga6s5mphhw7x8qlzf4sv-ycsb-0.17.0/share/redis-binding/lib/commons-pool2-2.4.2.jar:/nix/store/zw02np72fzsmga6s5mphhw7x8qlzf4sv-ycsb-0.17.0/share/redis-binding/lib/jedis-2.9.0.jar:/nix/store/zw02np72fzsmga6s5mphhw7x8qlzf4sv-ycsb-0.17.0/share/redis-binding/lib/redis-binding-0.17.0.jar site.ycsb.Client -t -db site.ycsb.db.RedisClient -s -P /home/host/vmuxIO/test/moonprogs//../../ycsb/share/workloads/workloada -p redis.host=10.1.0.2 -p redis.port=6381 -p operationcount=429496729 -p maxexecutiontime=61 -threads 1
Command line: -t -db site.ycsb.db.RedisClient -s -P /home/host/vmuxIO/test/moonprogs//../../ycsb/share/workloads/workloada -p redis.host=10.1.0.2 -p redis.port=6381 -p operationcount=429496729 -p maxexecutiontime=61 -threads 1
YCSB Client 0.17.0

Loading workload...
Starting test.
Maximum execution time specified as: 61 secs
DBWrapper: report latency for each error is false and specific error codes to track for latency are: []
2024-08-21 19:03:05:163 0 sec: 0 operations; est completion in 0 second [UPDATE: Count=1, Max=27967, Min=27952, Avg=27960, 90=27967, 99=27967, 99.9=27967, 99.99=27967] 
2024-08-21 19:03:14:974 10 sec: 39378 operations; 3937.8 current ops/sec; est completion in 1 day 6 hours [READ: Count=19669, Max=31903, Min=112, Avg=244.08, 90=383, 99=587, 99.9=3363, 99.99=6175] [UPDATE: Count=19709, Max=10687, Min=111, Avg=239.94, 90=373, 99=613, 99.9=3601, 99.99=7139] 
2024-08-21 19:03:24:974 20 sec: 92008 operations; 5262.47 current ops/sec; est completion in 1 day 1 hour [READ: Count=26249, Max=4711, Min=103, Avg=189.9, 90=263, 99=424, 99.9=635, 99.99=3509] [UPDATE: Count=26380, Max=4027, Min=104, Avg=183.94, 90=255, 99=419, 99.9=551, 99.99=2729] 
2024-08-21 19:03:34:974 30 sec: 146137 operations; 5413.44 current ops/sec; est completion in 1 day [READ: Count=27289, Max=7491, Min=109, Avg=185, 90=240, 99=402, 99.9=511, 99.99=2749] [UPDATE: Count=26840, Max=5151, Min=102, Avg=180.11, 90=237, 99=394, 99.9=501, 99.99=1893] 
2024-08-21 19:03:44:974 40 sec: 198024 operations; 5188.7 current ops/sec; est completion in 1 day [READ: Count=25969, Max=4203, Min=104, Avg=193.58, 90=264, 99=431, 99.9=683, 99.99=2817] [UPDATE: Count=25918, Max=4367, Min=103, Avg=187.67, 90=259, 99=423, 99.9=640, 99.99=4087] 
2024-08-21 19:03:54:974 50 sec: 250190 operations; 5216.6 current ops/sec; est completion in 23 hours 49 minutes [READ: Count=26066, Max=5743, Min=105, Avg=192.19, 90=263, 99=426, 99.9=547, 99.99=2609] [UPDATE: Count=26100, Max=4371, Min=100, Avg=187.21, 90=259, 99=421, 99.9=524, 99.99=2483] 
2024-08-21 19:04:04:974 60 sec: 303912 operations; 5372.2 current ops/sec; est completion in 23 hours 32 minutes [READ: Count=26989, Max=4139, Min=108, Avg=186.87, 90=240, 99=402, 99.9=487, 99.99=2673] [UPDATE: Count=26733, Max=3899, Min=98, Avg=181.41, 90=235, 99=398, 99.9=479, 99.99=2149] 
Maximum time elapsed. Requesting stop for the workload.
Stop requested for workload. Now Joining!
2024-08-21 19:04:05:980 61 sec: 309014 operations; 5066.53 current ops/sec; est completion in 23 hours 32 minutes [READ: Count=2565, Max=4219, Min=118, Avg=197.54, 90=315, 99=426, 99.9=538, 99.99=4219] [CLEANUP: Count=1, Max=979, Min=979, Avg=979, 90=979, 99=979, 99.9=979, 99.99=979] [UPDATE: Count=2537, Max=2569, Min=114, Avg=191.95, 90=324, 99=424, 99.9=475, 99.99=2569] 
[OVERALL], RunTime(ms), 61014
[OVERALL], Throughput(ops/sec), 5064.640902088046
[TOTAL_GCS_Copy], Count, 29
[TOTAL_GC_TIME_Copy], Time(ms), 20
[TOTAL_GC_TIME_%_Copy], Time(%), 0.03277936211361327
[TOTAL_GCS_MarkSweepCompact], Count, 0
[TOTAL_GC_TIME_MarkSweepCompact], Time(ms), 0
[TOTAL_GC_TIME_%_MarkSweepCompact], Time(%), 0.0
[TOTAL_GCs], Count, 29
[TOTAL_GC_TIME], Time(ms), 20
[TOTAL_GC_TIME_%], Time(%), 0.03277936211361327
[READ], Operations, 154796
[READ], AverageLatency(us), 196.52182872942453
[READ], MinLatency(us), 103
[READ], MaxLatency(us), 31903
[READ], 95thPercentileLatency(us), 358
[READ], 99thPercentileLatency(us), 445
[READ], Return=OK, 154796
[CLEANUP], Operations, 1
[CLEANUP], AverageLatency(us), 979.0
[CLEANUP], MinLatency(us), 979
[CLEANUP], MaxLatency(us), 979
[CLEANUP], 95thPercentileLatency(us), 979
[CLEANUP], 99thPercentileLatency(us), 979
[UPDATE], Operations, 154218
[UPDATE], AverageLatency(us), 191.48447652025055
[UPDATE], MinLatency(us), 98
[UPDATE], MaxLatency(us), 27967
[UPDATE], 95thPercentileLatency(us), 351
[UPDATE], 99thPercentileLatency(us), 437
[UPDATE], Return=OK, 154218
AUTOTEST_DONE
