/nix/store/2vwkssqpzykk37r996cafq7x63imf4sp-openjdk-21+35/bin/java  -classpath /nix/store/zw02np72fzsmga6s5mphhw7x8qlzf4sv-ycsb-0.17.0/share/conf:/nix/store/zw02np72fzsmga6s5mphhw7x8qlzf4sv-ycsb-0.17.0/share/lib/core-0.17.0.jar:/nix/store/zw02np72fzsmga6s5mphhw7x8qlzf4sv-ycsb-0.17.0/share/lib/HdrHistogram-2.1.4.jar:/nix/store/zw02np72fzsmga6s5mphhw7x8qlzf4sv-ycsb-0.17.0/share/lib/htrace-core4-4.1.0-incubating.jar:/nix/store/zw02np72fzsmga6s5mphhw7x8qlzf4sv-ycsb-0.17.0/share/lib/jackson-core-asl-1.9.4.jar:/nix/store/zw02np72fzsmga6s5mphhw7x8qlzf4sv-ycsb-0.17.0/share/lib/jackson-mapper-asl-1.9.4.jar:/nix/store/zw02np72fzsmga6s5mphhw7x8qlzf4sv-ycsb-0.17.0/share/redis-binding/lib/commons-pool2-2.4.2.jar:/nix/store/zw02np72fzsmga6s5mphhw7x8qlzf4sv-ycsb-0.17.0/share/redis-binding/lib/jedis-2.9.0.jar:/nix/store/zw02np72fzsmga6s5mphhw7x8qlzf4sv-ycsb-0.17.0/share/redis-binding/lib/redis-binding-0.17.0.jar site.ycsb.Client -t -db site.ycsb.db.RedisClient -s -P /home/host/vmuxIO/test/moonprogs//../../ycsb/share/workloads/workloada -p redis.host=10.1.0.2 -p redis.port=6379 -p operationcount=429496729 -p maxexecutiontime=61 -threads 1
Command line: -t -db site.ycsb.db.RedisClient -s -P /home/host/vmuxIO/test/moonprogs//../../ycsb/share/workloads/workloada -p redis.host=10.1.0.2 -p redis.port=6379 -p operationcount=429496729 -p maxexecutiontime=61 -threads 1
YCSB Client 0.17.0

Loading workload...
Starting test.
Maximum execution time specified as: 61 secs
DBWrapper: report latency for each error is false and specific error codes to track for latency are: []
2024-10-03 02:59:38:292 0 sec: 0 operations; est completion in 0 second [UPDATE: Count=1, Max=33407, Min=33376, Avg=33392, 90=33407, 99=33407, 99.9=33407, 99.99=33407] 
2024-10-03 02:59:48:052 10 sec: 46549 operations; 4654.9 current ops/sec; est completion in 1 day 1 hour [READ: Count=23325, Max=30127, Min=102, Avg=201.16, 90=245, 99=361, 99.9=2717, 99.99=8359] [UPDATE: Count=23225, Max=13007, Min=101, Avg=205.56, 90=246, 99=411, 99.9=3445, 99.99=6895] 
2024-10-03 02:59:58:053 20 sec: 97409 operations; 5086 current ops/sec; est completion in 1 day [READ: Count=25362, Max=201983, Min=101, Avg=199.09, 90=240, 99=332, 99.9=479, 99.99=1967] [UPDATE: Count=25497, Max=3309, Min=103, Avg=188.71, 90=239, 99=326, 99.9=450, 99.99=2655] 
2024-10-03 03:00:08:052 30 sec: 150786 operations; 5337.7 current ops/sec; est completion in 23 hours 43 minutes [READ: Count=26844, Max=5187, Min=106, Avg=186.62, 90=231, 99=321, 99.9=382, 99.99=2981] [UPDATE: Count=26532, Max=3497, Min=103, Avg=183.76, 90=229, 99=321, 99.9=386, 99.99=1196] 
2024-10-03 03:00:18:052 40 sec: 204761 operations; 5397.5 current ops/sec; est completion in 23 hours 17 minutes [READ: Count=26963, Max=2889, Min=109, Avg=184.42, 90=226, 99=306, 99.9=424, 99.99=2633] [UPDATE: Count=27012, Max=3711, Min=104, Avg=182.07, 90=224, 99=303, 99.9=387, 99.99=3115] 
2024-10-03 03:00:28:052 50 sec: 257510 operations; 5274.9 current ops/sec; est completion in 23 hours 9 minutes [READ: Count=26424, Max=4041, Min=105, Avg=188.69, 90=236, 99=312, 99.9=472, 99.99=2385] [UPDATE: Count=26325, Max=6091, Min=101, Avg=186.34, 90=234, 99=306, 99.9=458, 99.99=2553] 
2024-10-03 03:00:38:052 60 sec: 312838 operations; 5532.8 current ops/sec; est completion in 22 hours 51 minutes [READ: Count=27887, Max=2955, Min=95, Avg=179.68, 90=225, 99=293, 99.9=394, 99.99=2655] [UPDATE: Count=27441, Max=8783, Min=98, Avg=177.68, 90=223, 99=295, 99.9=426, 99.99=2737] 
Maximum time elapsed. Requesting stop for the workload.
Stop requested for workload. Now Joining!
2024-10-03 03:00:39:061 61 sec: 321361 operations; 8446.98 current ops/sec; est completion in 22 hours 37 minutes [READ: Count=4295, Max=2365, Min=80, Avg=116.79, 90=143, 99=179, 99.9=244, 99.99=2365] [CLEANUP: Count=1, Max=901, Min=901, Avg=901, 90=901, 99=901, 99.9=901, 99.99=901] [UPDATE: Count=4228, Max=4451, Min=80, Avg=116.05, 90=142, 99=179, 99.9=265, 99.99=4451] 
[OVERALL], RunTime(ms), 61015
[OVERALL], Throughput(ops/sec), 5266.91797099074
[TOTAL_GCS_Copy], Count, 30
[TOTAL_GC_TIME_Copy], Time(ms), 23
[TOTAL_GC_TIME_%_Copy], Time(%), 0.0376956486109973
[TOTAL_GCS_MarkSweepCompact], Count, 0
[TOTAL_GC_TIME_MarkSweepCompact], Time(ms), 0
[TOTAL_GC_TIME_%_MarkSweepCompact], Time(%), 0.0
[TOTAL_GCs], Count, 30
[TOTAL_GC_TIME], Time(ms), 23
[TOTAL_GC_TIME_%], Time(%), 0.0376956486109973
[READ], Operations, 161100
[READ], AverageLatency(us), 187.59644941030416
[READ], MinLatency(us), 80
[READ], MaxLatency(us), 201983
[READ], 95thPercentileLatency(us), 256
[READ], 99thPercentileLatency(us), 320
[READ], Return=OK, 161100
[CLEANUP], Operations, 1
[CLEANUP], AverageLatency(us), 901.0
[CLEANUP], MinLatency(us), 901
[CLEANUP], MaxLatency(us), 901
[CLEANUP], 95thPercentileLatency(us), 901
[CLEANUP], 99thPercentileLatency(us), 901
[UPDATE], Operations, 160261
[UPDATE], AverageLatency(us), 185.2258378520039
[UPDATE], MinLatency(us), 80
[UPDATE], MaxLatency(us), 33407
[UPDATE], 95thPercentileLatency(us), 255
[UPDATE], 99thPercentileLatency(us), 319
[UPDATE], Return=OK, 160261
AUTOTEST_DONE
