/nix/store/2vwkssqpzykk37r996cafq7x63imf4sp-openjdk-21+35/bin/java  -classpath /nix/store/zw02np72fzsmga6s5mphhw7x8qlzf4sv-ycsb-0.17.0/share/conf:/nix/store/zw02np72fzsmga6s5mphhw7x8qlzf4sv-ycsb-0.17.0/share/lib/core-0.17.0.jar:/nix/store/zw02np72fzsmga6s5mphhw7x8qlzf4sv-ycsb-0.17.0/share/lib/HdrHistogram-2.1.4.jar:/nix/store/zw02np72fzsmga6s5mphhw7x8qlzf4sv-ycsb-0.17.0/share/lib/htrace-core4-4.1.0-incubating.jar:/nix/store/zw02np72fzsmga6s5mphhw7x8qlzf4sv-ycsb-0.17.0/share/lib/jackson-core-asl-1.9.4.jar:/nix/store/zw02np72fzsmga6s5mphhw7x8qlzf4sv-ycsb-0.17.0/share/lib/jackson-mapper-asl-1.9.4.jar:/nix/store/zw02np72fzsmga6s5mphhw7x8qlzf4sv-ycsb-0.17.0/share/redis-binding/lib/commons-pool2-2.4.2.jar:/nix/store/zw02np72fzsmga6s5mphhw7x8qlzf4sv-ycsb-0.17.0/share/redis-binding/lib/jedis-2.9.0.jar:/nix/store/zw02np72fzsmga6s5mphhw7x8qlzf4sv-ycsb-0.17.0/share/redis-binding/lib/redis-binding-0.17.0.jar site.ycsb.Client -t -db site.ycsb.db.RedisClient -s -P /home/host/vmuxIO/test/moonprogs//../../ycsb/share/workloads/workloada -p redis.host=10.1.0.2 -p redis.port=6384 -p operationcount=429496729 -p maxexecutiontime=61 -threads 1
Command line: -t -db site.ycsb.db.RedisClient -s -P /home/host/vmuxIO/test/moonprogs//../../ycsb/share/workloads/workloada -p redis.host=10.1.0.2 -p redis.port=6384 -p operationcount=429496729 -p maxexecutiontime=61 -threads 1
YCSB Client 0.17.0

Loading workload...
Starting test.
Maximum execution time specified as: 61 secs
DBWrapper: report latency for each error is false and specific error codes to track for latency are: []
2025-01-14 18:02:20:030 0 sec: 0 operations; est completion in 0 second 
2025-01-14 18:02:29:743 10 sec: 111808 operations; 11180.8 current ops/sec; est completion in 10 hours 40 minutes [READ: Count=55743, Max=24863, Min=49, Avg=84.88, 90=76, 99=140, 99.9=7995, 99.99=9999] [UPDATE: Count=56121, Max=57567, Min=46, Avg=84.8, 90=74, 99=164, 99.9=7987, 99.99=9999] 
2025-01-14 18:02:39:743 20 sec: 267400 operations; 15557.64 current ops/sec; est completion in 8 hours 55 minutes [READ: Count=77852, Max=8975, Min=48, Avg=64.14, 90=68, 99=94, 99.9=332, 99.99=735] [UPDATE: Count=77684, Max=7991, Min=46, Avg=61.28, 90=65, 99=91, 99.9=320, 99.99=925] 
2025-01-14 18:02:49:742 30 sec: 429024 operations; 16164.02 current ops/sec; est completion in 8 hours 20 minutes [READ: Count=80470, Max=11111, Min=49, Avg=62.14, 90=68, 99=88, 99.9=124, 99.99=266] [UPDATE: Count=81154, Max=1321, Min=46, Avg=59.32, 90=65, 99=86, 99.9=114, 99.99=257] 
2025-01-14 18:02:59:742 40 sec: 588524 operations; 15950 current ops/sec; est completion in 8 hours 5 minutes [READ: Count=79651, Max=1447, Min=49, Avg=62.84, 90=68, 99=88, 99.9=134, 99.99=274] [UPDATE: Count=79849, Max=2973, Min=46, Avg=60.26, 90=66, 99=86, 99.9=129, 99.99=319] 
2025-01-14 18:03:09:742 50 sec: 743655 operations; 15513.1 current ops/sec; est completion in 8 hours [READ: Count=77668, Max=8999, Min=48, Avg=64.57, 90=72, 99=123, 99.9=265, 99.99=563] [UPDATE: Count=77463, Max=11431, Min=46, Avg=61.96, 90=70, 99=120, 99.9=262, 99.99=521] 
2025-01-14 18:03:19:742 60 sec: 902588 operations; 15893.3 current ops/sec; est completion in 7 hours 54 minutes [READ: Count=79327, Max=4451, Min=48, Avg=63.12, 90=69, 99=84, 99.9=134, 99.99=273] [UPDATE: Count=79606, Max=382, Min=46, Avg=60.33, 90=66, 99=81, 99.9=128, 99.99=270] 
Maximum time elapsed. Requesting stop for the workload.
Stop requested for workload. Now Joining!
2025-01-14 18:03:20:753 61 sec: 918841 operations; 16076.16 current ops/sec; est completion in 7 hours 54 minutes [READ: Count=8132, Max=309, Min=49, Avg=61.91, 90=68, 99=80, 99.9=115, 99.99=261] [CLEANUP: Count=1, Max=1070, Min=1070, Avg=1070, 90=1070, 99=1070, 99.9=1070, 99.99=1070] [UPDATE: Count=8121, Max=4463, Min=46, Avg=59.92, 90=65, 99=78, 99.9=123, 99.99=424] 
[OVERALL], RunTime(ms), 61018
[OVERALL], Throughput(ops/sec), 15058.52371431381
[TOTAL_GCS_Copy], Count, 85
[TOTAL_GC_TIME_Copy], Time(ms), 31
[TOTAL_GC_TIME_%_Copy], Time(%), 0.050804680586056576
[TOTAL_GCS_MarkSweepCompact], Count, 0
[TOTAL_GC_TIME_MarkSweepCompact], Time(ms), 0
[TOTAL_GC_TIME_%_MarkSweepCompact], Time(%), 0.0
[TOTAL_GCs], Count, 85
[TOTAL_GC_TIME], Time(ms), 31
[TOTAL_GC_TIME_%], Time(%), 0.050804680586056576
[READ], Operations, 458843
[READ], AverageLatency(us), 65.9390248952256
[READ], MinLatency(us), 48
[READ], MaxLatency(us), 24863
[READ], 95thPercentileLatency(us), 77
[READ], 99thPercentileLatency(us), 103
[READ], Return=OK, 458843
[CLEANUP], Operations, 1
[CLEANUP], AverageLatency(us), 1070.0
[CLEANUP], MinLatency(us), 1070
[CLEANUP], MaxLatency(us), 1070
[CLEANUP], 95thPercentileLatency(us), 1070
[CLEANUP], 99thPercentileLatency(us), 1070
[UPDATE], Operations, 459998
[UPDATE], AverageLatency(us), 63.55486110809177
[UPDATE], MinLatency(us), 46
[UPDATE], MaxLatency(us), 57567
[UPDATE], 95thPercentileLatency(us), 74
[UPDATE], 99thPercentileLatency(us), 103
[UPDATE], Return=OK, 459998
AUTOTEST_DONE
