/nix/store/2vwkssqpzykk37r996cafq7x63imf4sp-openjdk-21+35/bin/java  -classpath /nix/store/zw02np72fzsmga6s5mphhw7x8qlzf4sv-ycsb-0.17.0/share/conf:/nix/store/zw02np72fzsmga6s5mphhw7x8qlzf4sv-ycsb-0.17.0/share/lib/core-0.17.0.jar:/nix/store/zw02np72fzsmga6s5mphhw7x8qlzf4sv-ycsb-0.17.0/share/lib/HdrHistogram-2.1.4.jar:/nix/store/zw02np72fzsmga6s5mphhw7x8qlzf4sv-ycsb-0.17.0/share/lib/htrace-core4-4.1.0-incubating.jar:/nix/store/zw02np72fzsmga6s5mphhw7x8qlzf4sv-ycsb-0.17.0/share/lib/jackson-core-asl-1.9.4.jar:/nix/store/zw02np72fzsmga6s5mphhw7x8qlzf4sv-ycsb-0.17.0/share/lib/jackson-mapper-asl-1.9.4.jar:/nix/store/zw02np72fzsmga6s5mphhw7x8qlzf4sv-ycsb-0.17.0/share/redis-binding/lib/commons-pool2-2.4.2.jar:/nix/store/zw02np72fzsmga6s5mphhw7x8qlzf4sv-ycsb-0.17.0/share/redis-binding/lib/jedis-2.9.0.jar:/nix/store/zw02np72fzsmga6s5mphhw7x8qlzf4sv-ycsb-0.17.0/share/redis-binding/lib/redis-binding-0.17.0.jar site.ycsb.Client -t -db site.ycsb.db.RedisClient -s -P /home/host/vmuxIO/test/moonprogs//../../ycsb/share/workloads/workloada -p redis.host=10.1.0.2 -p redis.port=6379 -p operationcount=429496729 -p maxexecutiontime=61 -threads 1
Command line: -t -db site.ycsb.db.RedisClient -s -P /home/host/vmuxIO/test/moonprogs//../../ycsb/share/workloads/workloada -p redis.host=10.1.0.2 -p redis.port=6379 -p operationcount=429496729 -p maxexecutiontime=61 -threads 1
YCSB Client 0.17.0

Loading workload...
Starting test.
Maximum execution time specified as: 61 secs
DBWrapper: report latency for each error is false and specific error codes to track for latency are: []
2024-06-30 01:59:31:170 0 sec: 0 operations; est completion in 0 second 
2024-06-30 01:59:40:962 10 sec: 57239 operations; 5723.33 current ops/sec; est completion in 20 hours 50 minutes [READ: Count=28439, Max=61279, Min=93, Avg=168.17, 90=200, 99=267, 99.9=1031, 99.99=6835] [UPDATE: Count=28805, Max=5495, Min=93, Avg=165.26, 90=199, 99=270, 99.9=1763, 99.99=4203] 
2024-06-30 01:59:50:962 20 sec: 114553 operations; 5731.4 current ops/sec; est completion in 20 hours 49 minutes [READ: Count=28628, Max=6875, Min=91, Avg=173.88, 90=215, 99=278, 99.9=396, 99.99=899] [UPDATE: Count=28681, Max=4295, Min=95, Avg=170.43, 90=212, 99=274, 99.9=341, 99.99=703] 
2024-06-30 02:00:00:962 30 sec: 170117 operations; 5556.96 current ops/sec; est completion in 21 hours 1 minute [READ: Count=27759, Max=5771, Min=89, Avg=179.8, 90=221, 99=287, 99.9=387, 99.99=1191] [UPDATE: Count=27805, Max=1886, Min=97, Avg=176.45, 90=220, 99=288, 99.9=353, 99.99=1080] 
2024-06-30 02:00:10:962 40 sec: 225069 operations; 5495.2 current ops/sec; est completion in 21 hours 11 minutes [READ: Count=27596, Max=5375, Min=98, Avg=181.98, 90=222, 99=285, 99.9=347, 99.99=892] [UPDATE: Count=27356, Max=1543, Min=91, Avg=178.31, 90=219, 99=282, 99.9=345, 99.99=1017] 
2024-06-30 02:00:20:962 50 sec: 276730 operations; 5165.58 current ops/sec; est completion in 21 hours 32 minutes [READ: Count=25654, Max=3729, Min=105, Avg=193.62, 90=241, 99=316, 99.9=413, 99.99=1149] [UPDATE: Count=26007, Max=6039, Min=101, Avg=189.98, 90=237, 99=310, 99.9=397, 99.99=974] 
2024-06-30 02:00:30:962 60 sec: 328483 operations; 5175.3 current ops/sec; est completion in 21 hours 46 minutes [READ: Count=25836, Max=7363, Min=106, Avg=193.24, 90=240, 99=317, 99.9=393, 99.99=539] [UPDATE: Count=25917, Max=5047, Min=97, Avg=189.35, 90=237, 99=311, 99.9=386, 99.99=695] 
Maximum time elapsed. Requesting stop for the workload.
Stop requested for workload. Now Joining!
2024-06-30 02:00:31:973 61 sec: 333888 operations; 5346.19 current ops/sec; est completion in 21 hours 47 minutes [READ: Count=2710, Max=361, Min=106, Avg=184.6, 90=227, 99=278, 99.9=316, 99.99=361] [CLEANUP: Count=1, Max=1090, Min=1090, Avg=1090, 90=1090, 99=1090, 99.9=1090, 99.99=1090] [UPDATE: Count=2695, Max=6783, Min=91, Avg=184.81, 90=226, 99=271, 99.9=685, 99.99=6783] 
[OVERALL], RunTime(ms), 61016
[OVERALL], Throughput(ops/sec), 5472.138455487086
[TOTAL_GCS_Copy], Count, 31
[TOTAL_GC_TIME_Copy], Time(ms), 32
[TOTAL_GC_TIME_%_Copy], Time(%), 0.05244526025960403
[TOTAL_GCS_MarkSweepCompact], Count, 0
[TOTAL_GC_TIME_MarkSweepCompact], Time(ms), 0
[TOTAL_GC_TIME_%_MarkSweepCompact], Time(%), 0.0
[TOTAL_GCs], Count, 31
[TOTAL_GC_TIME], Time(ms), 32
[TOTAL_GC_TIME_%], Time(%), 0.05244526025960403
[READ], Operations, 166622
[READ], AverageLatency(us), 181.44934042323342
[READ], MinLatency(us), 89
[READ], MaxLatency(us), 61279
[READ], 95thPercentileLatency(us), 247
[READ], 99thPercentileLatency(us), 295
[READ], Return=OK, 166622
[CLEANUP], Operations, 1
[CLEANUP], AverageLatency(us), 1090.0
[CLEANUP], MinLatency(us), 1090
[CLEANUP], MaxLatency(us), 1090
[CLEANUP], 95thPercentileLatency(us), 1090
[CLEANUP], 99thPercentileLatency(us), 1090
[UPDATE], Operations, 167266
[UPDATE], AverageLatency(us), 178.03350949983857
[UPDATE], MinLatency(us), 91
[UPDATE], MaxLatency(us), 6783
[UPDATE], 95thPercentileLatency(us), 245
[UPDATE], 99thPercentileLatency(us), 292
[UPDATE], Return=OK, 167266
AUTOTEST_DONE
