/nix/store/2vwkssqpzykk37r996cafq7x63imf4sp-openjdk-21+35/bin/java  -classpath /nix/store/zw02np72fzsmga6s5mphhw7x8qlzf4sv-ycsb-0.17.0/share/conf:/nix/store/zw02np72fzsmga6s5mphhw7x8qlzf4sv-ycsb-0.17.0/share/lib/core-0.17.0.jar:/nix/store/zw02np72fzsmga6s5mphhw7x8qlzf4sv-ycsb-0.17.0/share/lib/HdrHistogram-2.1.4.jar:/nix/store/zw02np72fzsmga6s5mphhw7x8qlzf4sv-ycsb-0.17.0/share/lib/htrace-core4-4.1.0-incubating.jar:/nix/store/zw02np72fzsmga6s5mphhw7x8qlzf4sv-ycsb-0.17.0/share/lib/jackson-core-asl-1.9.4.jar:/nix/store/zw02np72fzsmga6s5mphhw7x8qlzf4sv-ycsb-0.17.0/share/lib/jackson-mapper-asl-1.9.4.jar:/nix/store/zw02np72fzsmga6s5mphhw7x8qlzf4sv-ycsb-0.17.0/share/redis-binding/lib/commons-pool2-2.4.2.jar:/nix/store/zw02np72fzsmga6s5mphhw7x8qlzf4sv-ycsb-0.17.0/share/redis-binding/lib/jedis-2.9.0.jar:/nix/store/zw02np72fzsmga6s5mphhw7x8qlzf4sv-ycsb-0.17.0/share/redis-binding/lib/redis-binding-0.17.0.jar site.ycsb.Client -t -db site.ycsb.db.RedisClient -s -P /home/host/vmuxIO/test/moonprogs//../../ycsb/share/workloads/workloada -p redis.host=10.1.0.2 -p redis.port=6379 -p operationcount=429496729 -p maxexecutiontime=61 -threads 1
Command line: -t -db site.ycsb.db.RedisClient -s -P /home/host/vmuxIO/test/moonprogs//../../ycsb/share/workloads/workloada -p redis.host=10.1.0.2 -p redis.port=6379 -p operationcount=429496729 -p maxexecutiontime=61 -threads 1
YCSB Client 0.17.0

Loading workload...
Starting test.
Maximum execution time specified as: 61 secs
DBWrapper: report latency for each error is false and specific error codes to track for latency are: []
2024-06-30 01:59:31:431 0 sec: 0 operations; est completion in 0 second 
2024-06-30 01:59:41:211 10 sec: 43311 operations; 4331.1 current ops/sec; est completion in 1 day 3 hours [READ: Count=21689, Max=60031, Min=109, Avg=222.54, 90=275, 99=368, 99.9=1946, 99.99=7231] [UPDATE: Count=21639, Max=12047, Min=105, Avg=219.78, 90=274, 99=372, 99.9=1947, 99.99=5819] 
2024-06-30 01:59:51:211 20 sec: 85573 operations; 4226.2 current ops/sec; est completion in 1 day 3 hours [READ: Count=21118, Max=2561, Min=113, Avg=234.91, 90=297, 99=398, 99.9=575, 99.99=1069] [UPDATE: Count=21127, Max=1138, Min=112, Avg=231.81, 90=295, 99=388, 99.9=523, 99.99=673] 
2024-06-30 02:00:01:211 30 sec: 129197 operations; 4362.4 current ops/sec; est completion in 1 day 3 hours [READ: Count=21808, Max=5943, Min=117, Avg=228.03, 90=284, 99=358, 99.9=437, 99.99=979] [UPDATE: Count=21816, Max=2069, Min=111, Avg=225.91, 90=283, 99=357, 99.9=434, 99.99=1055] 
2024-06-30 02:00:11:211 40 sec: 170272 operations; 4107.5 current ops/sec; est completion in 1 day 4 hours [READ: Count=20486, Max=8399, Min=121, Avg=242.88, 90=303, 99=384, 99.9=476, 99.99=880] [UPDATE: Count=20589, Max=4155, Min=111, Avg=240.04, 90=300, 99=383, 99.9=482, 99.99=1362] 
2024-06-30 02:00:21:211 50 sec: 211945 operations; 4167.3 current ops/sec; est completion in 1 day 4 hours [READ: Count=20944, Max=1226, Min=116, Avg=238.99, 90=297, 99=375, 99.9=459, 99.99=993] [UPDATE: Count=20729, Max=4543, Min=118, Avg=237.13, 90=295, 99=373, 99.9=462, 99.99=809] 
2024-06-30 02:00:31:211 60 sec: 254762 operations; 4281.7 current ops/sec; est completion in 1 day 4 hours [READ: Count=21390, Max=5927, Min=111, Avg=232.93, 90=290, 99=364, 99.9=448, 99.99=1254] [UPDATE: Count=21427, Max=3111, Min=109, Avg=230.78, 90=287, 99=357, 99.9=475, 99.99=1199] 
Maximum time elapsed. Requesting stop for the workload.
Stop requested for workload. Now Joining!
2024-06-30 02:00:32:224 61 sec: 260499 operations; 5668.97 current ops/sec; est completion in 1 day 3 hours [READ: Count=2884, Max=4771, Min=101, Avg=177.91, 90=234, 99=302, 99.9=408, 99.99=4771] [CLEANUP: Count=1, Max=1045, Min=1045, Avg=1045, 90=1045, 99=1045, 99.9=1045, 99.99=1045] [UPDATE: Count=2853, Max=371, Min=98, Avg=171.18, 90=225, 99=289, 99.9=327, 99.99=371] 
[OVERALL], RunTime(ms), 61016
[OVERALL], Throughput(ops/sec), 4269.35557886456
[TOTAL_GCS_Copy], Count, 24
[TOTAL_GC_TIME_Copy], Time(ms), 26
[TOTAL_GC_TIME_%_Copy], Time(%), 0.04261177396092829
[TOTAL_GCS_MarkSweepCompact], Count, 0
[TOTAL_GC_TIME_MarkSweepCompact], Time(ms), 0
[TOTAL_GC_TIME_%_MarkSweepCompact], Time(%), 0.0
[TOTAL_GCs], Count, 24
[TOTAL_GC_TIME], Time(ms), 26
[TOTAL_GC_TIME_%], Time(%), 0.04261177396092829
[READ], Operations, 130319
[READ], AverageLatency(us), 232.01955202234518
[READ], MinLatency(us), 101
[READ], MaxLatency(us), 60031
[READ], 95thPercentileLatency(us), 314
[READ], 99thPercentileLatency(us), 375
[READ], Return=OK, 130319
[CLEANUP], Operations, 1
[CLEANUP], AverageLatency(us), 1045.0
[CLEANUP], MinLatency(us), 1045
[CLEANUP], MaxLatency(us), 1045
[CLEANUP], 95thPercentileLatency(us), 1045
[CLEANUP], 99thPercentileLatency(us), 1045
[UPDATE], Operations, 130180
[UPDATE], AverageLatency(us), 229.4730066062375
[UPDATE], MinLatency(us), 98
[UPDATE], MaxLatency(us), 12047
[UPDATE], 95thPercentileLatency(us), 312
[UPDATE], 99thPercentileLatency(us), 372
[UPDATE], Return=OK, 130180
AUTOTEST_DONE
