/nix/store/2vwkssqpzykk37r996cafq7x63imf4sp-openjdk-21+35/bin/java  -classpath /nix/store/zw02np72fzsmga6s5mphhw7x8qlzf4sv-ycsb-0.17.0/share/conf:/nix/store/zw02np72fzsmga6s5mphhw7x8qlzf4sv-ycsb-0.17.0/share/lib/core-0.17.0.jar:/nix/store/zw02np72fzsmga6s5mphhw7x8qlzf4sv-ycsb-0.17.0/share/lib/HdrHistogram-2.1.4.jar:/nix/store/zw02np72fzsmga6s5mphhw7x8qlzf4sv-ycsb-0.17.0/share/lib/htrace-core4-4.1.0-incubating.jar:/nix/store/zw02np72fzsmga6s5mphhw7x8qlzf4sv-ycsb-0.17.0/share/lib/jackson-core-asl-1.9.4.jar:/nix/store/zw02np72fzsmga6s5mphhw7x8qlzf4sv-ycsb-0.17.0/share/lib/jackson-mapper-asl-1.9.4.jar:/nix/store/zw02np72fzsmga6s5mphhw7x8qlzf4sv-ycsb-0.17.0/share/redis-binding/lib/commons-pool2-2.4.2.jar:/nix/store/zw02np72fzsmga6s5mphhw7x8qlzf4sv-ycsb-0.17.0/share/redis-binding/lib/jedis-2.9.0.jar:/nix/store/zw02np72fzsmga6s5mphhw7x8qlzf4sv-ycsb-0.17.0/share/redis-binding/lib/redis-binding-0.17.0.jar site.ycsb.Client -t -db site.ycsb.db.RedisClient -s -P /home/host/vmuxIO/test/moonprogs//../../ycsb/share/workloads/workloada -p redis.host=10.1.0.2 -p redis.port=6379 -p operationcount=429496729 -p maxexecutiontime=61 -threads 1
Command line: -t -db site.ycsb.db.RedisClient -s -P /home/host/vmuxIO/test/moonprogs//../../ycsb/share/workloads/workloada -p redis.host=10.1.0.2 -p redis.port=6379 -p operationcount=429496729 -p maxexecutiontime=61 -threads 1
YCSB Client 0.17.0

Loading workload...
Starting test.
Maximum execution time specified as: 61 secs
DBWrapper: report latency for each error is false and specific error codes to track for latency are: []
2024-06-30 01:59:32:424 0 sec: 0 operations; est completion in 0 second 
2024-06-30 01:59:42:238 10 sec: 53140 operations; 5314 current ops/sec; est completion in 22 hours 26 minutes [READ: Count=26741, Max=55487, Min=101, Avg=181.92, 90=218, 99=290, 99.9=1141, 99.99=5311] [UPDATE: Count=26403, Max=6227, Min=101, Avg=178.29, 90=216, 99=296, 99.9=1140, 99.99=3791] 
2024-06-30 01:59:52:238 20 sec: 108103 operations; 5496.3 current ops/sec; est completion in 22 hours 4 minutes [READ: Count=27526, Max=11479, Min=102, Avg=181.69, 90=223, 99=288, 99.9=375, 99.99=1657] [UPDATE: Count=27433, Max=1164, Min=94, Avg=177.63, 90=221, 99=279, 99.9=344, 99.99=672] 
2024-06-30 02:00:02:238 30 sec: 165041 operations; 5693.8 current ops/sec; est completion in 21 hours 40 minutes [READ: Count=28685, Max=1489, Min=97, Avg=175.63, 90=212, 99=280, 99.9=339, 99.99=886] [UPDATE: Count=28253, Max=8863, Min=91, Avg=172.31, 90=210, 99=273, 99.9=340, 99.99=618] 
2024-06-30 02:00:12:238 40 sec: 218878 operations; 5383.7 current ops/sec; est completion in 21 hours 47 minutes [READ: Count=27007, Max=6003, Min=104, Avg=185.84, 90=225, 99=300, 99.9=388, 99.99=950] [UPDATE: Count=26830, Max=2987, Min=96, Avg=182.31, 90=223, 99=295, 99.9=358, 99.99=1281] 
2024-06-30 02:00:22:238 50 sec: 272624 operations; 5374.6 current ops/sec; est completion in 21 hours 52 minutes [READ: Count=27111, Max=3999, Min=101, Avg=186.51, 90=223, 99=293, 99.9=348, 99.99=513] [UPDATE: Count=26635, Max=686, Min=98, Avg=182.58, 90=220, 99=292, 99.9=345, 99.99=438] 
2024-06-30 02:00:32:238 60 sec: 328086 operations; 5546.2 current ops/sec; est completion in 21 hours 48 minutes [READ: Count=27974, Max=5791, Min=94, Avg=180.63, 90=221, 99=304, 99.9=353, 99.99=683] [UPDATE: Count=27488, Max=5131, Min=90, Avg=176.72, 90=217, 99=293, 99.9=350, 99.99=508] 
Maximum time elapsed. Requesting stop for the workload.
Stop requested for workload. Now Joining!
2024-06-30 02:00:33:253 61 sec: 337490 operations; 9265.02 current ops/sec; est completion in 21 hours 33 minutes [READ: Count=4703, Max=545, Min=79, Avg=108.16, 90=130, 99=167, 99.9=263, 99.99=545] [CLEANUP: Count=1, Max=1084, Min=1084, Avg=1084, 90=1084, 99=1084, 99.9=1084, 99.99=1084] [UPDATE: Count=4701, Max=3271, Min=79, Avg=104.48, 90=125, 99=158, 99.9=197, 99.99=3271] 
[OVERALL], RunTime(ms), 61019
[OVERALL], Throughput(ops/sec), 5530.900211409561
[TOTAL_GCS_Copy], Count, 31
[TOTAL_GC_TIME_Copy], Time(ms), 22
[TOTAL_GC_TIME_%_Copy], Time(%), 0.03605434372900244
[TOTAL_GCS_MarkSweepCompact], Count, 0
[TOTAL_GC_TIME_MarkSweepCompact], Time(ms), 0
[TOTAL_GC_TIME_%_MarkSweepCompact], Time(%), 0.0
[TOTAL_GCs], Count, 31
[TOTAL_GC_TIME], Time(ms), 22
[TOTAL_GC_TIME_%], Time(%), 0.03605434372900244
[READ], Operations, 169747
[READ], AverageLatency(us), 179.91778352489294
[READ], MinLatency(us), 79
[READ], MaxLatency(us), 55487
[READ], 95thPercentileLatency(us), 236
[READ], 99thPercentileLatency(us), 292
[READ], Return=OK, 169747
[CLEANUP], Operations, 1
[CLEANUP], AverageLatency(us), 1084.0
[CLEANUP], MinLatency(us), 1084
[CLEANUP], MaxLatency(us), 1084
[CLEANUP], 95thPercentileLatency(us), 1084
[CLEANUP], 99thPercentileLatency(us), 1084
[UPDATE], Operations, 167743
[UPDATE], AverageLatency(us), 176.17293121024423
[UPDATE], MinLatency(us), 79
[UPDATE], MaxLatency(us), 8863
[UPDATE], 95thPercentileLatency(us), 234
[UPDATE], 99thPercentileLatency(us), 286
[UPDATE], Return=OK, 167743
AUTOTEST_DONE
