/nix/store/2vwkssqpzykk37r996cafq7x63imf4sp-openjdk-21+35/bin/java  -classpath /nix/store/zw02np72fzsmga6s5mphhw7x8qlzf4sv-ycsb-0.17.0/share/conf:/nix/store/zw02np72fzsmga6s5mphhw7x8qlzf4sv-ycsb-0.17.0/share/lib/core-0.17.0.jar:/nix/store/zw02np72fzsmga6s5mphhw7x8qlzf4sv-ycsb-0.17.0/share/lib/HdrHistogram-2.1.4.jar:/nix/store/zw02np72fzsmga6s5mphhw7x8qlzf4sv-ycsb-0.17.0/share/lib/htrace-core4-4.1.0-incubating.jar:/nix/store/zw02np72fzsmga6s5mphhw7x8qlzf4sv-ycsb-0.17.0/share/lib/jackson-core-asl-1.9.4.jar:/nix/store/zw02np72fzsmga6s5mphhw7x8qlzf4sv-ycsb-0.17.0/share/lib/jackson-mapper-asl-1.9.4.jar:/nix/store/zw02np72fzsmga6s5mphhw7x8qlzf4sv-ycsb-0.17.0/share/redis-binding/lib/commons-pool2-2.4.2.jar:/nix/store/zw02np72fzsmga6s5mphhw7x8qlzf4sv-ycsb-0.17.0/share/redis-binding/lib/jedis-2.9.0.jar:/nix/store/zw02np72fzsmga6s5mphhw7x8qlzf4sv-ycsb-0.17.0/share/redis-binding/lib/redis-binding-0.17.0.jar site.ycsb.Client -t -db site.ycsb.db.RedisClient -s -P /home/host/vmuxIO/test/moonprogs//../../ycsb/share/workloads/workloada -p redis.host=10.1.0.2 -p redis.port=6380 -p operationcount=429496729 -p maxexecutiontime=61 -threads 1
Command line: -t -db site.ycsb.db.RedisClient -s -P /home/host/vmuxIO/test/moonprogs//../../ycsb/share/workloads/workloada -p redis.host=10.1.0.2 -p redis.port=6380 -p operationcount=429496729 -p maxexecutiontime=61 -threads 1
YCSB Client 0.17.0

Loading workload...
Starting test.
Maximum execution time specified as: 61 secs
DBWrapper: report latency for each error is false and specific error codes to track for latency are: []
2024-07-10 22:56:49:654 0 sec: 0 operations; est completion in 0 second 
2024-07-10 22:56:59:505 10 sec: 40487 operations; 4048.7 current ops/sec; est completion in 1 day 5 hours [READ: Count=20110, Max=47039, Min=190, Avg=233.73, 90=251, 99=463, 99.9=1225, 99.99=5187] [UPDATE: Count=20459, Max=6055, Min=196, Avg=238.83, 90=255, 99=495, 99.9=2265, 99.99=4017] 
2024-07-10 22:57:09:505 20 sec: 85528 operations; 4503.65 current ops/sec; est completion in 1 day 3 hours [READ: Count=22601, Max=3833, Min=190, Avg=213.99, 90=227, 99=257, 99.9=445, 99.99=2345] [UPDATE: Count=22377, Max=3493, Min=194, Avg=218.99, 90=232, 99=257, 99.9=418, 99.99=2793] 
2024-07-10 22:57:19:505 30 sec: 132473 operations; 4694.97 current ops/sec; est completion in 1 day 3 hours [READ: Count=23652, Max=3355, Min=190, Avg=209.94, 90=221, 99=250, 99.9=454, 99.99=2311] [UPDATE: Count=23274, Max=6063, Min=186, Avg=210.88, 90=223, 99=252, 99.9=418, 99.99=2183] 
2024-07-10 22:57:29:504 40 sec: 179321 operations; 4684.8 current ops/sec; est completion in 1 day 2 hours [READ: Count=23447, Max=8311, Min=189, Avg=211.95, 90=228, 99=270, 99.9=420, 99.99=2191] [UPDATE: Count=23401, Max=2411, Min=188, Avg=211.56, 90=230, 99=267, 99.9=397, 99.99=2337] 
2024-07-10 22:57:39:504 50 sec: 227287 operations; 4796.6 current ops/sec; est completion in 1 day 2 hours [READ: Count=23825, Max=4635, Min=190, Avg=207.13, 90=216, 99=278, 99.9=395, 99.99=2301] [UPDATE: Count=24141, Max=2319, Min=189, Avg=206.52, 90=215, 99=257, 99.9=394, 99.99=524] 
2024-07-10 22:57:49:504 60 sec: 275321 operations; 4803.4 current ops/sec; est completion in 1 day 1 hour [READ: Count=24188, Max=7203, Min=189, Avg=206.82, 90=215, 99=249, 99.9=396, 99.99=2373] [UPDATE: Count=23846, Max=2349, Min=189, Avg=206.23, 90=215, 99=244, 99.9=398, 99.99=905] 
Maximum time elapsed. Requesting stop for the workload.
Stop requested for workload. Now Joining!
2024-07-10 22:57:50:516 61 sec: 280132 operations; 4753.95 current ops/sec; est completion in 1 day 1 hour [READ: Count=2435, Max=3725, Min=193, Avg=209.48, 90=216, 99=312, 99.9=536, 99.99=3725] [CLEANUP: Count=1, Max=1002, Min=1002, Avg=1002, 90=1002, 99=1002, 99.9=1002, 99.99=1002] [UPDATE: Count=2376, Max=426, Min=191, Avg=207.02, 90=216, 99=269, 99.9=398, 99.99=426] 
[OVERALL], RunTime(ms), 61016
[OVERALL], Throughput(ops/sec), 4591.123639701062
[TOTAL_GCS_Copy], Count, 26
[TOTAL_GC_TIME_Copy], Time(ms), 17
[TOTAL_GC_TIME_%_Copy], Time(%), 0.027861544512914643
[TOTAL_GCS_MarkSweepCompact], Count, 0
[TOTAL_GC_TIME_MarkSweepCompact], Time(ms), 0
[TOTAL_GC_TIME_%_MarkSweepCompact], Time(%), 0.0
[TOTAL_GCs], Count, 26
[TOTAL_GC_TIME], Time(ms), 17
[TOTAL_GC_TIME_%], Time(%), 0.027861544512914643
[READ], Operations, 140258
[READ], AverageLatency(us), 213.31322277517148
[READ], MinLatency(us), 189
[READ], MaxLatency(us), 47039
[READ], 95thPercentileLatency(us), 235
[READ], 99thPercentileLatency(us), 329
[READ], Return=OK, 140258
[CLEANUP], Operations, 1
[CLEANUP], AverageLatency(us), 1002.0
[CLEANUP], MinLatency(us), 1002
[CLEANUP], MaxLatency(us), 1002
[CLEANUP], 95thPercentileLatency(us), 1002
[CLEANUP], 99thPercentileLatency(us), 1002
[UPDATE], Operations, 139874
[UPDATE], AverageLatency(us), 214.76629680998613
[UPDATE], MinLatency(us), 186
[UPDATE], MaxLatency(us), 6063
[UPDATE], 95thPercentileLatency(us), 239
[UPDATE], 99thPercentileLatency(us), 331
[UPDATE], Return=OK, 139874
AUTOTEST_DONE
