/nix/store/2vwkssqpzykk37r996cafq7x63imf4sp-openjdk-21+35/bin/java  -classpath /nix/store/zw02np72fzsmga6s5mphhw7x8qlzf4sv-ycsb-0.17.0/share/conf:/nix/store/zw02np72fzsmga6s5mphhw7x8qlzf4sv-ycsb-0.17.0/share/lib/core-0.17.0.jar:/nix/store/zw02np72fzsmga6s5mphhw7x8qlzf4sv-ycsb-0.17.0/share/lib/HdrHistogram-2.1.4.jar:/nix/store/zw02np72fzsmga6s5mphhw7x8qlzf4sv-ycsb-0.17.0/share/lib/htrace-core4-4.1.0-incubating.jar:/nix/store/zw02np72fzsmga6s5mphhw7x8qlzf4sv-ycsb-0.17.0/share/lib/jackson-core-asl-1.9.4.jar:/nix/store/zw02np72fzsmga6s5mphhw7x8qlzf4sv-ycsb-0.17.0/share/lib/jackson-mapper-asl-1.9.4.jar:/nix/store/zw02np72fzsmga6s5mphhw7x8qlzf4sv-ycsb-0.17.0/share/redis-binding/lib/commons-pool2-2.4.2.jar:/nix/store/zw02np72fzsmga6s5mphhw7x8qlzf4sv-ycsb-0.17.0/share/redis-binding/lib/jedis-2.9.0.jar:/nix/store/zw02np72fzsmga6s5mphhw7x8qlzf4sv-ycsb-0.17.0/share/redis-binding/lib/redis-binding-0.17.0.jar site.ycsb.Client -t -db site.ycsb.db.RedisClient -s -P /home/host/vmuxIO/test/moonprogs//../../ycsb/share/workloads/workloada -p redis.host=10.1.0.2 -p redis.port=6379 -p operationcount=429496729 -p maxexecutiontime=61 -threads 1
Command line: -t -db site.ycsb.db.RedisClient -s -P /home/host/vmuxIO/test/moonprogs//../../ycsb/share/workloads/workloada -p redis.host=10.1.0.2 -p redis.port=6379 -p operationcount=429496729 -p maxexecutiontime=61 -threads 1
YCSB Client 0.17.0

Loading workload...
Starting test.
Maximum execution time specified as: 61 secs
DBWrapper: report latency for each error is false and specific error codes to track for latency are: []
2024-10-03 01:50:08:428 0 sec: 0 operations; est completion in 0 second 
2024-10-03 01:50:18:275 10 sec: 93878 operations; 9387.8 current ops/sec; est completion in 12 hours 42 minutes [READ: Count=47014, Max=44767, Min=75, Avg=102.07, 90=114, 99=185, 99.9=896, 99.99=3631] [UPDATE: Count=46914, Max=7699, Min=71, Avg=101.07, 90=113, 99=190, 99.9=1191, 99.99=3941] 
2024-10-03 01:50:28:276 20 sec: 196761 operations; 10287.27 current ops/sec; est completion in 12 hours 7 minutes [READ: Count=51347, Max=1832, Min=71, Avg=96.19, 90=107, 99=151, 99.9=280, 99.99=1704] [UPDATE: Count=51486, Max=2999, Min=70, Avg=94.51, 90=106, 99=149, 99.9=271, 99.99=961] 
2024-10-03 01:50:38:275 30 sec: 298319 operations; 10156.82 current ops/sec; est completion in 11 hours 59 minutes [READ: Count=50853, Max=2999, Min=74, Avg=97.57, 90=109, 99=173, 99.9=270, 99.99=598] [UPDATE: Count=50705, Max=4315, Min=68, Avg=95.92, 90=108, 99=171, 99.9=254, 99.99=523] 
2024-10-03 01:50:48:275 40 sec: 401691 operations; 10337.2 current ops/sec; est completion in 11 hours 52 minutes [READ: Count=51531, Max=2153, Min=75, Avg=95.86, 90=105, 99=150, 99.9=212, 99.99=321] [UPDATE: Count=51841, Max=6123, Min=70, Avg=94.49, 90=104, 99=148, 99.9=209, 99.99=584] 
2024-10-03 01:50:58:275 50 sec: 506283 operations; 10459.2 current ops/sec; est completion in 11 hours 46 minutes [READ: Count=52139, Max=1905, Min=75, Avg=94.8, 90=104, 99=149, 99.9=194, 99.99=357] [UPDATE: Count=52453, Max=3751, Min=74, Avg=93.3, 90=103, 99=148, 99.9=194, 99.99=380] 
2024-10-03 01:51:08:275 60 sec: 607688 operations; 10140.5 current ops/sec; est completion in 11 hours 45 minutes [READ: Count=50448, Max=1917, Min=75, Avg=97.7, 90=109, 99=170, 99.9=272, 99.99=523] [UPDATE: Count=50957, Max=6279, Min=71, Avg=96.17, 90=108, 99=170, 99.9=253, 99.99=496] 
Maximum time elapsed. Requesting stop for the workload.
Stop requested for workload. Now Joining!
2024-10-03 01:51:09:287 61 sec: 618064 operations; 10252.96 current ops/sec; est completion in 11 hours 45 minutes [READ: Count=5172, Max=3029, Min=78, Avg=96.85, 90=105, 99=145, 99.9=205, 99.99=416] [CLEANUP: Count=1, Max=934, Min=934, Avg=934, 90=934, 99=934, 99.9=934, 99.99=934] [UPDATE: Count=5204, Max=306, Min=74, Avg=94.69, 90=105, 99=142, 99.9=203, 99.99=303] 
[OVERALL], RunTime(ms), 61015
[OVERALL], Throughput(ops/sec), 10129.70581004671
[TOTAL_GCS_Copy], Count, 57
[TOTAL_GC_TIME_Copy], Time(ms), 23
[TOTAL_GC_TIME_%_Copy], Time(%), 0.0376956486109973
[TOTAL_GCS_MarkSweepCompact], Count, 0
[TOTAL_GC_TIME_MarkSweepCompact], Time(ms), 0
[TOTAL_GC_TIME_%_MarkSweepCompact], Time(%), 0.0
[TOTAL_GCs], Count, 57
[TOTAL_GC_TIME], Time(ms), 23
[TOTAL_GC_TIME_%], Time(%), 0.0376956486109973
[READ], Operations, 308504
[READ], AverageLatency(us), 97.28118273993206
[READ], MinLatency(us), 71
[READ], MaxLatency(us), 44767
[READ], 95thPercentileLatency(us), 119
[READ], 99thPercentileLatency(us), 159
[READ], Return=OK, 308504
[CLEANUP], Operations, 1
[CLEANUP], AverageLatency(us), 934.0
[CLEANUP], MinLatency(us), 934
[CLEANUP], MaxLatency(us), 934
[CLEANUP], 95thPercentileLatency(us), 934
[CLEANUP], 99thPercentileLatency(us), 934
[UPDATE], Operations, 309560
[UPDATE], AverageLatency(us), 95.80317547486756
[UPDATE], MinLatency(us), 68
[UPDATE], MaxLatency(us), 7699
[UPDATE], 95thPercentileLatency(us), 117
[UPDATE], 99thPercentileLatency(us), 158
[UPDATE], Return=OK, 309560
AUTOTEST_DONE
