/nix/store/2vwkssqpzykk37r996cafq7x63imf4sp-openjdk-21+35/bin/java  -classpath /nix/store/zw02np72fzsmga6s5mphhw7x8qlzf4sv-ycsb-0.17.0/share/conf:/nix/store/zw02np72fzsmga6s5mphhw7x8qlzf4sv-ycsb-0.17.0/share/lib/core-0.17.0.jar:/nix/store/zw02np72fzsmga6s5mphhw7x8qlzf4sv-ycsb-0.17.0/share/lib/HdrHistogram-2.1.4.jar:/nix/store/zw02np72fzsmga6s5mphhw7x8qlzf4sv-ycsb-0.17.0/share/lib/htrace-core4-4.1.0-incubating.jar:/nix/store/zw02np72fzsmga6s5mphhw7x8qlzf4sv-ycsb-0.17.0/share/lib/jackson-core-asl-1.9.4.jar:/nix/store/zw02np72fzsmga6s5mphhw7x8qlzf4sv-ycsb-0.17.0/share/lib/jackson-mapper-asl-1.9.4.jar:/nix/store/zw02np72fzsmga6s5mphhw7x8qlzf4sv-ycsb-0.17.0/share/redis-binding/lib/commons-pool2-2.4.2.jar:/nix/store/zw02np72fzsmga6s5mphhw7x8qlzf4sv-ycsb-0.17.0/share/redis-binding/lib/jedis-2.9.0.jar:/nix/store/zw02np72fzsmga6s5mphhw7x8qlzf4sv-ycsb-0.17.0/share/redis-binding/lib/redis-binding-0.17.0.jar site.ycsb.Client -t -db site.ycsb.db.RedisClient -s -P /home/host/vmuxIO/test/moonprogs//../../ycsb/share/workloads/workloada -p redis.host=10.1.0.2 -p redis.port=6384 -p operationcount=429496729 -p maxexecutiontime=61 -threads 1
Command line: -t -db site.ycsb.db.RedisClient -s -P /home/host/vmuxIO/test/moonprogs//../../ycsb/share/workloads/workloada -p redis.host=10.1.0.2 -p redis.port=6384 -p operationcount=429496729 -p maxexecutiontime=61 -threads 1
YCSB Client 0.17.0

Loading workload...
Starting test.
Maximum execution time specified as: 61 secs
DBWrapper: report latency for each error is false and specific error codes to track for latency are: []
2024-07-19 21:53:05:328 0 sec: 0 operations; est completion in 0 second 
2024-07-19 21:53:15:178 10 sec: 87873 operations; 8787.3 current ops/sec; est completion in 13 hours 34 minutes [READ: Count=43847, Max=12991, Min=76, Avg=108.73, 90=128, 99=232, 99.9=685, 99.99=3977] [UPDATE: Count=44033, Max=24543, Min=74, Avg=108.66, 90=127, 99=238, 99.9=809, 99.99=3681] 
2024-07-19 21:53:25:178 20 sec: 189731 operations; 10184.78 current ops/sec; est completion in 12 hours 34 minutes [READ: Count=50998, Max=8423, Min=76, Avg=97.51, 90=108, 99=150, 99.9=218, 99.99=935] [UPDATE: Count=50853, Max=3491, Min=74, Avg=95.52, 90=106, 99=149, 99.9=213, 99.99=714] 
2024-07-19 21:53:35:178 30 sec: 290499 operations; 10077.81 current ops/sec; est completion in 12 hours 18 minutes [READ: Count=50393, Max=5215, Min=77, Avg=98.95, 90=109, 99=154, 99.9=212, 99.99=1831] [UPDATE: Count=50375, Max=1879, Min=75, Avg=96.57, 90=107, 99=151, 99.9=200, 99.99=311] 
2024-07-19 21:53:45:178 40 sec: 388084 operations; 9758.5 current ops/sec; est completion in 12 hours 17 minutes [READ: Count=48450, Max=7027, Min=77, Avg=101.85, 90=114, 99=183, 99.9=287, 99.99=1804] [UPDATE: Count=49135, Max=3427, Min=75, Avg=99.93, 90=113, 99=191, 99.9=264, 99.99=652] 
2024-07-19 21:53:55:178 50 sec: 490119 operations; 10203.5 current ops/sec; est completion in 12 hours 9 minutes [READ: Count=51010, Max=3439, Min=77, Avg=97.52, 90=108, 99=154, 99.9=211, 99.99=1469] [UPDATE: Count=51025, Max=3377, Min=74, Avg=95.55, 90=106, 99=152, 99.9=213, 99.99=612] 
2024-07-19 21:54:05:178 60 sec: 590151 operations; 10003.2 current ops/sec; est completion in 12 hours 6 minutes [READ: Count=49984, Max=4077, Min=77, Avg=99.67, 90=110, 99=161, 99.9=222, 99.99=1815] [UPDATE: Count=50048, Max=3823, Min=76, Avg=97.32, 90=108, 99=157, 99.9=216, 99.99=1786] 
Maximum time elapsed. Requesting stop for the workload.
Stop requested for workload. Now Joining!
2024-07-19 21:54:06:189 61 sec: 600030 operations; 9771.51 current ops/sec; est completion in 12 hours 6 minutes [READ: Count=4803, Max=3437, Min=79, Avg=101.65, 90=110, 99=150, 99.9=346, 99.99=3437] [CLEANUP: Count=1, Max=1055, Min=1055, Avg=1055, 90=1055, 99=1055, 99.9=1055, 99.99=1055] [UPDATE: Count=5076, Max=7119, Min=76, Avg=99.66, 90=109, 99=142, 99.9=417, 99.99=1822] 
[OVERALL], RunTime(ms), 61015
[OVERALL], Throughput(ops/sec), 9834.139146111613
[TOTAL_GCS_Copy], Count, 56
[TOTAL_GC_TIME_Copy], Time(ms), 26
[TOTAL_GC_TIME_%_Copy], Time(%), 0.042612472342866504
[TOTAL_GCS_MarkSweepCompact], Count, 0
[TOTAL_GC_TIME_MarkSweepCompact], Time(ms), 0
[TOTAL_GC_TIME_%_MarkSweepCompact], Time(%), 0.0
[TOTAL_GCs], Count, 56
[TOTAL_GC_TIME], Time(ms), 26
[TOTAL_GC_TIME_%], Time(%), 0.042612472342866504
[READ], Operations, 299485
[READ], AverageLatency(us), 100.52381254486869
[READ], MinLatency(us), 76
[READ], MaxLatency(us), 12991
[READ], 95thPercentileLatency(us), 123
[READ], 99thPercentileLatency(us), 175
[READ], Return=OK, 299485
[CLEANUP], Operations, 1
[CLEANUP], AverageLatency(us), 1055.0
[CLEANUP], MinLatency(us), 1055
[CLEANUP], MaxLatency(us), 1055
[CLEANUP], 95thPercentileLatency(us), 1055
[CLEANUP], 99thPercentileLatency(us), 1055
[UPDATE], Operations, 300545
[UPDATE], AverageLatency(us), 98.71935982964281
[UPDATE], MinLatency(us), 74
[UPDATE], MaxLatency(us), 24543
[UPDATE], 95thPercentileLatency(us), 121
[UPDATE], 99thPercentileLatency(us), 177
[UPDATE], Return=OK, 300545
AUTOTEST_DONE
