/nix/store/2vwkssqpzykk37r996cafq7x63imf4sp-openjdk-21+35/bin/java  -classpath /nix/store/zw02np72fzsmga6s5mphhw7x8qlzf4sv-ycsb-0.17.0/share/conf:/nix/store/zw02np72fzsmga6s5mphhw7x8qlzf4sv-ycsb-0.17.0/share/lib/core-0.17.0.jar:/nix/store/zw02np72fzsmga6s5mphhw7x8qlzf4sv-ycsb-0.17.0/share/lib/HdrHistogram-2.1.4.jar:/nix/store/zw02np72fzsmga6s5mphhw7x8qlzf4sv-ycsb-0.17.0/share/lib/htrace-core4-4.1.0-incubating.jar:/nix/store/zw02np72fzsmga6s5mphhw7x8qlzf4sv-ycsb-0.17.0/share/lib/jackson-core-asl-1.9.4.jar:/nix/store/zw02np72fzsmga6s5mphhw7x8qlzf4sv-ycsb-0.17.0/share/lib/jackson-mapper-asl-1.9.4.jar:/nix/store/zw02np72fzsmga6s5mphhw7x8qlzf4sv-ycsb-0.17.0/share/redis-binding/lib/commons-pool2-2.4.2.jar:/nix/store/zw02np72fzsmga6s5mphhw7x8qlzf4sv-ycsb-0.17.0/share/redis-binding/lib/jedis-2.9.0.jar:/nix/store/zw02np72fzsmga6s5mphhw7x8qlzf4sv-ycsb-0.17.0/share/redis-binding/lib/redis-binding-0.17.0.jar site.ycsb.Client -t -db site.ycsb.db.RedisClient -s -P /home/host/vmuxIO/test/moonprogs//../../ycsb/share/workloads/workloada -p redis.host=10.1.0.2 -p redis.port=6388 -p operationcount=429496729 -p maxexecutiontime=61 -threads 1
Command line: -t -db site.ycsb.db.RedisClient -s -P /home/host/vmuxIO/test/moonprogs//../../ycsb/share/workloads/workloada -p redis.host=10.1.0.2 -p redis.port=6388 -p operationcount=429496729 -p maxexecutiontime=61 -threads 1
YCSB Client 0.17.0

Loading workload...
Starting test.
Maximum execution time specified as: 61 secs
DBWrapper: report latency for each error is false and specific error codes to track for latency are: []
2024-10-15 13:36:30:860 0 sec: 0 operations; est completion in 0 second 
2024-10-15 13:36:40:634 10 sec: 9857 operations; 985.7 current ops/sec; est completion in 5 days 1 hour [READ: Count=4950, Max=62399, Min=255, Avg=980.15, 90=1577, 99=4659, 99.9=6911, 99.99=62399] [UPDATE: Count=4918, Max=11503, Min=263, Avg=978.74, 90=1594, 99=4591, 99.9=6887, 99.99=11503] 
2024-10-15 13:36:50:634 20 sec: 17551 operations; 769.4 current ops/sec; est completion in 5 days 15 hours [READ: Count=3892, Max=15159, Min=260, Avg=1284.14, 90=1811, 99=4795, 99.9=5923, 99.99=15159] [UPDATE: Count=3792, Max=11831, Min=265, Avg=1305.55, 90=1840, 99=4919, 99.9=7635, 99.99=11831] 
2024-10-15 13:37:00:635 30 sec: 25753 operations; 820.2 current ops/sec; est completion in 5 days 18 hours [READ: Count=4140, Max=11583, Min=249, Avg=1221.94, 90=1802, 99=2365, 99.9=5251, 99.99=11583] [UPDATE: Count=4061, Max=5087, Min=250, Avg=1202.49, 90=1784, 99=2321, 99.9=3797, 99.99=5087] 
2024-10-15 13:37:10:634 40 sec: 34223 operations; 847 current ops/sec; est completion in 5 days 19 hours [READ: Count=4251, Max=5371, Min=248, Avg=1178.14, 90=1699, 99=2341, 99.9=4523, 99.99=5371] [UPDATE: Count=4219, Max=8231, Min=249, Avg=1173.5, 90=1683, 99=2345, 99.9=4619, 99.99=8231] 
2024-10-15 13:37:20:634 50 sec: 42731 operations; 850.8 current ops/sec; est completion in 5 days 19 hours [READ: Count=4255, Max=5743, Min=248, Avg=1171.84, 90=1647, 99=2161, 99.9=3347, 99.99=5743] [UPDATE: Count=4253, Max=10759, Min=242, Avg=1169.47, 90=1640, 99=2223, 99.9=4523, 99.99=10759] 
2024-10-15 13:37:30:634 60 sec: 51036 operations; 830.5 current ops/sec; est completion in 5 days 20 hours [READ: Count=4114, Max=4947, Min=268, Avg=1198.54, 90=1719, 99=2347, 99.9=4647, 99.99=4947] [UPDATE: Count=4191, Max=8383, Min=237, Avg=1198.23, 90=1737, 99=2315, 99.9=4699, 99.99=8383] 
Maximum time elapsed. Requesting stop for the workload.
Stop requested for workload. Now Joining!
2024-10-15 13:37:31:648 61 sec: 51977 operations; 928.92 current ops/sec; est completion in 5 days 20 hours [READ: Count=458, Max=8631, Min=289, Avg=1083.87, 90=1547, 99=2020, 99.9=8631, 99.99=8631] [CLEANUP: Count=1, Max=1340, Min=1340, Avg=1340, 90=1340, 99=1340, 99.9=1340, 99.99=1340] [UPDATE: Count=483, Max=3383, Min=260, Avg=1056.16, 90=1500, 99=1993, 99.9=3383, 99.99=3383] 
[OVERALL], RunTime(ms), 61019
[OVERALL], Throughput(ops/sec), 851.8166472738
[TOTAL_GCS_Copy], Count, 5
[TOTAL_GC_TIME_Copy], Time(ms), 16
[TOTAL_GC_TIME_%_Copy], Time(%), 0.026221340893819958
[TOTAL_GCS_MarkSweepCompact], Count, 0
[TOTAL_GC_TIME_MarkSweepCompact], Time(ms), 0
[TOTAL_GC_TIME_%_MarkSweepCompact], Time(%), 0.0
[TOTAL_GCs], Count, 5
[TOTAL_GC_TIME], Time(ms), 16
[TOTAL_GC_TIME_%], Time(%), 0.026221340893819958
[READ], Operations, 26060
[READ], AverageLatency(us), 1163.8565617805066
[READ], MinLatency(us), 248
[READ], MaxLatency(us), 62399
[READ], 95thPercentileLatency(us), 1951
[READ], 99thPercentileLatency(us), 3843
[READ], Return=OK, 26060
[CLEANUP], Operations, 1
[CLEANUP], AverageLatency(us), 1340.0
[CLEANUP], MinLatency(us), 1340
[CLEANUP], MaxLatency(us), 1340
[CLEANUP], 95thPercentileLatency(us), 1340
[CLEANUP], 99thPercentileLatency(us), 1340
[UPDATE], Operations, 25917
[UPDATE], AverageLatency(us), 1161.5558127869738
[UPDATE], MinLatency(us), 237
[UPDATE], MaxLatency(us), 11831
[UPDATE], 95thPercentileLatency(us), 1949
[UPDATE], 99thPercentileLatency(us), 3921
[UPDATE], Return=OK, 25917
AUTOTEST_DONE
