/nix/store/2vwkssqpzykk37r996cafq7x63imf4sp-openjdk-21+35/bin/java  -classpath /nix/store/zw02np72fzsmga6s5mphhw7x8qlzf4sv-ycsb-0.17.0/share/conf:/nix/store/zw02np72fzsmga6s5mphhw7x8qlzf4sv-ycsb-0.17.0/share/lib/core-0.17.0.jar:/nix/store/zw02np72fzsmga6s5mphhw7x8qlzf4sv-ycsb-0.17.0/share/lib/HdrHistogram-2.1.4.jar:/nix/store/zw02np72fzsmga6s5mphhw7x8qlzf4sv-ycsb-0.17.0/share/lib/htrace-core4-4.1.0-incubating.jar:/nix/store/zw02np72fzsmga6s5mphhw7x8qlzf4sv-ycsb-0.17.0/share/lib/jackson-core-asl-1.9.4.jar:/nix/store/zw02np72fzsmga6s5mphhw7x8qlzf4sv-ycsb-0.17.0/share/lib/jackson-mapper-asl-1.9.4.jar:/nix/store/zw02np72fzsmga6s5mphhw7x8qlzf4sv-ycsb-0.17.0/share/redis-binding/lib/commons-pool2-2.4.2.jar:/nix/store/zw02np72fzsmga6s5mphhw7x8qlzf4sv-ycsb-0.17.0/share/redis-binding/lib/jedis-2.9.0.jar:/nix/store/zw02np72fzsmga6s5mphhw7x8qlzf4sv-ycsb-0.17.0/share/redis-binding/lib/redis-binding-0.17.0.jar site.ycsb.Client -t -db site.ycsb.db.RedisClient -s -P /home/host/vmuxIO/test/moonprogs//../../ycsb/share/workloads/workloada -p redis.host=10.1.0.2 -p redis.port=6390 -p operationcount=429496729 -p maxexecutiontime=61 -threads 1
Command line: -t -db site.ycsb.db.RedisClient -s -P /home/host/vmuxIO/test/moonprogs//../../ycsb/share/workloads/workloada -p redis.host=10.1.0.2 -p redis.port=6390 -p operationcount=429496729 -p maxexecutiontime=61 -threads 1
YCSB Client 0.17.0

Loading workload...
Starting test.
Maximum execution time specified as: 61 secs
DBWrapper: report latency for each error is false and specific error codes to track for latency are: []
2024-10-15 13:36:35:943 0 sec: 0 operations; est completion in 0 second [UPDATE: Count=1, Max=28687, Min=28672, Avg=28680, 90=28687, 99=28687, 99.9=28687, 99.99=28687] 
2024-10-15 13:36:45:726 10 sec: 6827 operations; 682.63 current ops/sec; est completion in 7 days 6 hours [READ: Count=3374, Max=30191, Min=279, Avg=1395.62, 90=1931, 99=5011, 99.9=6187, 99.99=30191] [UPDATE: Count=3456, Max=15791, Min=259, Avg=1421.24, 90=1965, 99=5123, 99.9=7259, 99.99=15791] 
2024-10-15 13:36:55:726 20 sec: 14630 operations; 780.3 current ops/sec; est completion in 6 days 19 hours [READ: Count=3899, Max=9135, Min=229, Avg=1288.54, 90=1837, 99=4327, 99.9=5359, 99.99=9135] [UPDATE: Count=3900, Max=8887, Min=286, Avg=1259.2, 90=1807, 99=3429, 99.9=5591, 99.99=8887] 
2024-10-15 13:37:05:726 30 sec: 23018 operations; 838.8 current ops/sec; est completion in 6 days 11 hours [READ: Count=4184, Max=10031, Min=231, Avg=1194.93, 90=1719, 99=2291, 99.9=5399, 99.99=10031] [UPDATE: Count=4204, Max=8263, Min=243, Avg=1179.29, 90=1712, 99=2271, 99.9=4847, 99.99=8263] 
2024-10-15 13:37:15:726 40 sec: 31530 operations; 851.2 current ops/sec; est completion in 6 days 7 hours [READ: Count=4226, Max=5183, Min=268, Avg=1175.16, 90=1696, 99=2279, 99.9=4527, 99.99=5183] [UPDATE: Count=4286, Max=8111, Min=267, Avg=1164.08, 90=1690, 99=2207, 99.9=2829, 99.99=8111] 
2024-10-15 13:37:25:726 50 sec: 39939 operations; 840.9 current ops/sec; est completion in 6 days 5 hours [READ: Count=4180, Max=6063, Min=231, Avg=1183.1, 90=1674, 99=2191, 99.9=4639, 99.99=6063] [UPDATE: Count=4229, Max=8751, Min=275, Avg=1185.68, 90=1689, 99=2267, 99.9=5295, 99.99=8751] 
2024-10-15 13:37:35:726 60 sec: 52311 operations; 1237.2 current ops/sec; est completion in 5 days 16 hours [READ: Count=6212, Max=9335, Min=219, Avg=806.24, 90=1390, 99=2065, 99.9=4055, 99.99=6055] [UPDATE: Count=6160, Max=6203, Min=219, Avg=801.59, 90=1396, 99=1973, 99.9=2723, 99.99=5347] 
Maximum time elapsed. Requesting stop for the workload.
Stop requested for workload. Now Joining!
2024-10-15 13:37:36:737 61 sec: 56079 operations; 3727 current ops/sec; est completion in 5 days 9 hours [READ: Count=1895, Max=4575, Min=200, Avg=266.79, 90=369, 99=447, 99.9=2651, 99.99=4575] [CLEANUP: Count=1, Max=1044, Min=1044, Avg=1044, 90=1044, 99=1044, 99.9=1044, 99.99=1044] [UPDATE: Count=1873, Max=3605, Min=200, Avg=263.22, 90=361, 99=461, 99.9=1640, 99.99=3605] 
[OVERALL], RunTime(ms), 61018
[OVERALL], Throughput(ops/sec), 919.0566718017634
[TOTAL_GCS_Copy], Count, 5
[TOTAL_GC_TIME_Copy], Time(ms), 19
[TOTAL_GC_TIME_%_Copy], Time(%), 0.031138352617260483
[TOTAL_GCS_MarkSweepCompact], Count, 0
[TOTAL_GC_TIME_MarkSweepCompact], Time(ms), 0
[TOTAL_GC_TIME_%_MarkSweepCompact], Time(%), 0.0
[TOTAL_GCs], Count, 5
[TOTAL_GC_TIME], Time(ms), 19
[TOTAL_GC_TIME_%], Time(%), 0.031138352617260483
[READ], Operations, 27970
[READ], AverageLatency(us), 1078.2250983196282
[READ], MinLatency(us), 200
[READ], MaxLatency(us), 30191
[READ], 95thPercentileLatency(us), 1897
[READ], 99thPercentileLatency(us), 2527
[READ], Return=OK, 27970
[CLEANUP], Operations, 1
[CLEANUP], AverageLatency(us), 1044.0
[CLEANUP], MinLatency(us), 1044
[CLEANUP], MaxLatency(us), 1044
[CLEANUP], 95thPercentileLatency(us), 1044
[CLEANUP], 99thPercentileLatency(us), 1044
[UPDATE], Operations, 28109
[UPDATE], AverageLatency(us), 1075.9322992635812
[UPDATE], MinLatency(us), 200
[UPDATE], MaxLatency(us), 28687
[UPDATE], 95thPercentileLatency(us), 1894
[UPDATE], 99thPercentileLatency(us), 2541
[UPDATE], Return=OK, 28109
AUTOTEST_DONE
