/nix/store/2vwkssqpzykk37r996cafq7x63imf4sp-openjdk-21+35/bin/java  -classpath /nix/store/zw02np72fzsmga6s5mphhw7x8qlzf4sv-ycsb-0.17.0/share/conf:/nix/store/zw02np72fzsmga6s5mphhw7x8qlzf4sv-ycsb-0.17.0/share/lib/core-0.17.0.jar:/nix/store/zw02np72fzsmga6s5mphhw7x8qlzf4sv-ycsb-0.17.0/share/lib/HdrHistogram-2.1.4.jar:/nix/store/zw02np72fzsmga6s5mphhw7x8qlzf4sv-ycsb-0.17.0/share/lib/htrace-core4-4.1.0-incubating.jar:/nix/store/zw02np72fzsmga6s5mphhw7x8qlzf4sv-ycsb-0.17.0/share/lib/jackson-core-asl-1.9.4.jar:/nix/store/zw02np72fzsmga6s5mphhw7x8qlzf4sv-ycsb-0.17.0/share/lib/jackson-mapper-asl-1.9.4.jar:/nix/store/zw02np72fzsmga6s5mphhw7x8qlzf4sv-ycsb-0.17.0/share/redis-binding/lib/commons-pool2-2.4.2.jar:/nix/store/zw02np72fzsmga6s5mphhw7x8qlzf4sv-ycsb-0.17.0/share/redis-binding/lib/jedis-2.9.0.jar:/nix/store/zw02np72fzsmga6s5mphhw7x8qlzf4sv-ycsb-0.17.0/share/redis-binding/lib/redis-binding-0.17.0.jar site.ycsb.Client -t -db site.ycsb.db.RedisClient -s -P /home/host/vmuxIO/test/moonprogs//../../ycsb/share/workloads/workloada -p redis.host=10.1.0.2 -p redis.port=6387 -p operationcount=429496729 -p maxexecutiontime=61 -threads 1
Command line: -t -db site.ycsb.db.RedisClient -s -P /home/host/vmuxIO/test/moonprogs//../../ycsb/share/workloads/workloada -p redis.host=10.1.0.2 -p redis.port=6387 -p operationcount=429496729 -p maxexecutiontime=61 -threads 1
YCSB Client 0.17.0

Loading workload...
Starting test.
Maximum execution time specified as: 61 secs
DBWrapper: report latency for each error is false and specific error codes to track for latency are: []
2024-10-03 14:29:24:486 0 sec: 0 operations; est completion in 0 second [UPDATE: Count=1, Max=36703, Min=36672, Avg=36688, 90=36703, 99=36703, 99.9=36703, 99.99=36703] 
2024-10-03 14:29:34:268 10 sec: 9805 operations; 980.4 current ops/sec; est completion in 5 days 1 hour [READ: Count=4885, Max=32447, Min=251, Avg=991.36, 90=1612, 99=4551, 99.9=6251, 99.99=32447] [UPDATE: Count=4922, Max=7611, Min=272, Avg=969.87, 90=1593, 99=4667, 99.9=6127, 99.99=7611] 
2024-10-03 14:29:44:268 20 sec: 17073 operations; 726.8 current ops/sec; est completion in 5 days 19 hours [READ: Count=3620, Max=9711, Min=266, Avg=1368.9, 90=1918, 99=5051, 99.9=6667, 99.99=9711] [UPDATE: Count=3645, Max=13207, Min=231, Avg=1367.64, 90=1908, 99=5139, 99.9=7967, 99.99=13207] 
2024-10-03 14:29:54:268 30 sec: 24817 operations; 774.4 current ops/sec; est completion in 6 days [READ: Count=3849, Max=11047, Min=260, Avg=1290.84, 90=1815, 99=2419, 99.9=5187, 99.99=11047] [UPDATE: Count=3895, Max=5979, Min=275, Avg=1282.28, 90=1820, 99=2475, 99.9=4675, 99.99=5979] 
2024-10-03 14:30:04:268 40 sec: 32338 operations; 752.18 current ops/sec; est completion in 6 days 3 hours [READ: Count=3814, Max=12223, Min=221, Avg=1327.04, 90=1929, 99=2457, 99.9=5435, 99.99=12223] [UPDATE: Count=3707, Max=7303, Min=252, Avg=1322.09, 90=1914, 99=2531, 99.9=5051, 99.99=7303] 
2024-10-03 14:30:14:268 50 sec: 39914 operations; 757.6 current ops/sec; est completion in 6 days 5 hours [READ: Count=3755, Max=6459, Min=271, Avg=1315.95, 90=1917, 99=2491, 99.9=4415, 99.99=6459] [UPDATE: Count=3821, Max=7991, Min=281, Avg=1314.39, 90=1908, 99=2447, 99.9=4683, 99.99=7991] 
2024-10-03 14:30:24:268 60 sec: 47660 operations; 774.52 current ops/sec; est completion in 6 days 6 hours [READ: Count=3863, Max=9407, Min=250, Avg=1289.77, 90=1850, 99=2473, 99.9=3843, 99.99=9407] [UPDATE: Count=3883, Max=5463, Min=294, Avg=1282.64, 90=1861, 99=2455, 99.9=4767, 99.99=5463] 
Maximum time elapsed. Requesting stop for the workload.
Stop requested for workload. Now Joining!
2024-10-03 14:30:25:282 61 sec: 48479 operations; 808.49 current ops/sec; est completion in 6 days 6 hours [READ: Count=420, Max=9439, Min=390, Avg=1235.03, 90=1734, 99=2603, 99.9=9439, 99.99=9439] [CLEANUP: Count=1, Max=1489, Min=1489, Avg=1489, 90=1489, 99=1489, 99.9=1489, 99.99=1489] [UPDATE: Count=399, Max=4295, Min=309, Avg=1214.05, 90=1703, 99=2147, 99.9=4295, 99.99=4295] 
[OVERALL], RunTime(ms), 61018
[OVERALL], Throughput(ops/sec), 794.5032613327215
[TOTAL_GCS_Copy], Count, 4
[TOTAL_GC_TIME_Copy], Time(ms), 14
[TOTAL_GC_TIME_%_Copy], Time(%), 0.022944049296928774
[TOTAL_GCS_MarkSweepCompact], Count, 0
[TOTAL_GC_TIME_MarkSweepCompact], Time(ms), 0
[TOTAL_GC_TIME_%_MarkSweepCompact], Time(%), 0.0
[TOTAL_GCs], Count, 4
[TOTAL_GC_TIME], Time(ms), 14
[TOTAL_GC_TIME_%], Time(%), 0.022944049296928774
[READ], Operations, 24206
[READ], AverageLatency(us), 1250.5335040898951
[READ], MinLatency(us), 221
[READ], MaxLatency(us), 32447
[READ], 95thPercentileLatency(us), 2109
[READ], 99thPercentileLatency(us), 4075
[READ], Return=OK, 24206
[CLEANUP], Operations, 1
[CLEANUP], AverageLatency(us), 1489.0
[CLEANUP], MinLatency(us), 1489
[CLEANUP], MaxLatency(us), 1489
[CLEANUP], 95thPercentileLatency(us), 1489
[CLEANUP], 99thPercentileLatency(us), 1489
[UPDATE], Operations, 24273
[UPDATE], AverageLatency(us), 1243.2789519218886
[UPDATE], MinLatency(us), 231
[UPDATE], MaxLatency(us), 36703
[UPDATE], 95thPercentileLatency(us), 2111
[UPDATE], 99thPercentileLatency(us), 4107
[UPDATE], Return=OK, 24273
AUTOTEST_DONE
