/nix/store/2vwkssqpzykk37r996cafq7x63imf4sp-openjdk-21+35/bin/java  -classpath /nix/store/zw02np72fzsmga6s5mphhw7x8qlzf4sv-ycsb-0.17.0/share/conf:/nix/store/zw02np72fzsmga6s5mphhw7x8qlzf4sv-ycsb-0.17.0/share/lib/core-0.17.0.jar:/nix/store/zw02np72fzsmga6s5mphhw7x8qlzf4sv-ycsb-0.17.0/share/lib/HdrHistogram-2.1.4.jar:/nix/store/zw02np72fzsmga6s5mphhw7x8qlzf4sv-ycsb-0.17.0/share/lib/htrace-core4-4.1.0-incubating.jar:/nix/store/zw02np72fzsmga6s5mphhw7x8qlzf4sv-ycsb-0.17.0/share/lib/jackson-core-asl-1.9.4.jar:/nix/store/zw02np72fzsmga6s5mphhw7x8qlzf4sv-ycsb-0.17.0/share/lib/jackson-mapper-asl-1.9.4.jar:/nix/store/zw02np72fzsmga6s5mphhw7x8qlzf4sv-ycsb-0.17.0/share/redis-binding/lib/commons-pool2-2.4.2.jar:/nix/store/zw02np72fzsmga6s5mphhw7x8qlzf4sv-ycsb-0.17.0/share/redis-binding/lib/jedis-2.9.0.jar:/nix/store/zw02np72fzsmga6s5mphhw7x8qlzf4sv-ycsb-0.17.0/share/redis-binding/lib/redis-binding-0.17.0.jar site.ycsb.Client -t -db site.ycsb.db.RedisClient -s -P /home/host/vmuxIO/test/moonprogs//../../ycsb/share/workloads/workloada -p redis.host=10.1.0.2 -p redis.port=6384 -p operationcount=429496729 -p maxexecutiontime=61 -threads 1
Command line: -t -db site.ycsb.db.RedisClient -s -P /home/host/vmuxIO/test/moonprogs//../../ycsb/share/workloads/workloada -p redis.host=10.1.0.2 -p redis.port=6384 -p operationcount=429496729 -p maxexecutiontime=61 -threads 1
YCSB Client 0.17.0

Loading workload...
Starting test.
Maximum execution time specified as: 61 secs
DBWrapper: report latency for each error is false and specific error codes to track for latency are: []
2024-10-15 13:11:13:246 0 sec: 0 operations; est completion in 0 second 
2024-10-15 13:11:23:047 10 sec: 64884 operations; 6488.4 current ops/sec; est completion in 18 hours 23 minutes [READ: Count=32468, Max=58783, Min=92, Avg=148.42, 90=171, 99=261, 99.9=971, 99.99=3575] [UPDATE: Count=32421, Max=11607, Min=90, Avg=145.87, 90=171, 99=257, 99.9=1232, 99.99=5351] 
2024-10-15 13:11:33:047 20 sec: 136353 operations; 7146.9 current ops/sec; est completion in 17 hours 29 minutes [READ: Count=35877, Max=2655, Min=88, Avg=139.15, 90=162, 99=215, 99.9=319, 99.99=1043] [UPDATE: Count=35587, Max=1632, Min=88, Avg=136.34, 90=160, 99=217, 99.9=278, 99.99=835] 
2024-10-15 13:11:43:047 30 sec: 205765 operations; 6941.2 current ops/sec; est completion in 17 hours 23 minutes [READ: Count=34688, Max=2433, Min=92, Avg=143.8, 90=169, 99=250, 99.9=416, 99.99=1398] [UPDATE: Count=34724, Max=10311, Min=87, Avg=140.77, 90=166, 99=243, 99.9=336, 99.99=2043] 
2024-10-15 13:11:53:047 40 sec: 278153 operations; 7238.8 current ops/sec; est completion in 17 hours 8 minutes [READ: Count=36302, Max=6667, Min=89, Avg=137.47, 90=158, 99=206, 99.9=270, 99.99=649] [UPDATE: Count=36086, Max=2797, Min=88, Avg=135.13, 90=155, 99=205, 99.9=277, 99.99=2095] 
2024-10-15 13:12:03:047 50 sec: 349558 operations; 7140.5 current ops/sec; est completion in 17 hours 3 minutes [READ: Count=35765, Max=6895, Min=91, Avg=139.68, 90=162, 99=252, 99.9=290, 99.99=1139] [UPDATE: Count=35640, Max=4047, Min=89, Avg=136.98, 90=159, 99=248, 99.9=283, 99.99=1728] 
2024-10-15 13:12:13:047 60 sec: 424447 operations; 7488.9 current ops/sec; est completion in 16 hours 50 minutes [READ: Count=37423, Max=4531, Min=91, Avg=133.4, 90=156, 99=226, 99.9=288, 99.99=1051] [UPDATE: Count=37466, Max=1459, Min=90, Avg=130.52, 90=153, 99=221, 99.9=273, 99.99=972] 
Maximum time elapsed. Requesting stop for the workload.
Stop requested for workload. Now Joining!
2024-10-15 13:12:14:053 61 sec: 433689 operations; 9186.88 current ops/sec; est completion in 16 hours 45 minutes [READ: Count=4645, Max=532, Min=83, Avg=107.71, 90=127, 99=148, 99.9=240, 99.99=532] [CLEANUP: Count=1, Max=741, Min=741, Avg=741, 90=741, 99=741, 99.9=741, 99.99=741] [UPDATE: Count=4597, Max=2701, Min=80, Avg=106.25, 90=124, 99=157, 99.9=279, 99.99=2701] 
[OVERALL], RunTime(ms), 61013
[OVERALL], Throughput(ops/sec), 7108.140888007474
[TOTAL_GCS_Copy], Count, 40
[TOTAL_GC_TIME_Copy], Time(ms), 21
[TOTAL_GC_TIME_%_Copy], Time(%), 0.03441889433399439
[TOTAL_GCS_MarkSweepCompact], Count, 0
[TOTAL_GC_TIME_MarkSweepCompact], Time(ms), 0
[TOTAL_GC_TIME_%_MarkSweepCompact], Time(%), 0.0
[TOTAL_GCs], Count, 40
[TOTAL_GC_TIME], Time(ms), 21
[TOTAL_GC_TIME_%], Time(%), 0.03441889433399439
[READ], Operations, 217168
[READ], AverageLatency(us), 139.42191298902233
[READ], MinLatency(us), 83
[READ], MaxLatency(us), 58783
[READ], 95thPercentileLatency(us), 175
[READ], 99thPercentileLatency(us), 246
[READ], Return=OK, 217168
[CLEANUP], Operations, 1
[CLEANUP], AverageLatency(us), 741.0
[CLEANUP], MinLatency(us), 741
[CLEANUP], MaxLatency(us), 741
[CLEANUP], 95thPercentileLatency(us), 741
[CLEANUP], 99thPercentileLatency(us), 741
[UPDATE], Operations, 216521
[UPDATE], AverageLatency(us), 136.7355545189612
[UPDATE], MinLatency(us), 80
[UPDATE], MaxLatency(us), 11607
[UPDATE], 95thPercentileLatency(us), 173
[UPDATE], 99thPercentileLatency(us), 242
[UPDATE], Return=OK, 216521
AUTOTEST_DONE
