/nix/store/2vwkssqpzykk37r996cafq7x63imf4sp-openjdk-21+35/bin/java  -classpath /nix/store/zw02np72fzsmga6s5mphhw7x8qlzf4sv-ycsb-0.17.0/share/conf:/nix/store/zw02np72fzsmga6s5mphhw7x8qlzf4sv-ycsb-0.17.0/share/lib/core-0.17.0.jar:/nix/store/zw02np72fzsmga6s5mphhw7x8qlzf4sv-ycsb-0.17.0/share/lib/HdrHistogram-2.1.4.jar:/nix/store/zw02np72fzsmga6s5mphhw7x8qlzf4sv-ycsb-0.17.0/share/lib/htrace-core4-4.1.0-incubating.jar:/nix/store/zw02np72fzsmga6s5mphhw7x8qlzf4sv-ycsb-0.17.0/share/lib/jackson-core-asl-1.9.4.jar:/nix/store/zw02np72fzsmga6s5mphhw7x8qlzf4sv-ycsb-0.17.0/share/lib/jackson-mapper-asl-1.9.4.jar:/nix/store/zw02np72fzsmga6s5mphhw7x8qlzf4sv-ycsb-0.17.0/share/redis-binding/lib/commons-pool2-2.4.2.jar:/nix/store/zw02np72fzsmga6s5mphhw7x8qlzf4sv-ycsb-0.17.0/share/redis-binding/lib/jedis-2.9.0.jar:/nix/store/zw02np72fzsmga6s5mphhw7x8qlzf4sv-ycsb-0.17.0/share/redis-binding/lib/redis-binding-0.17.0.jar site.ycsb.Client -t -db site.ycsb.db.RedisClient -s -P /home/host/vmuxIO/test/moonprogs//../../ycsb/share/workloads/workloada -p redis.host=10.1.0.2 -p redis.port=6379 -p operationcount=429496729 -p maxexecutiontime=61 -threads 1
Command line: -t -db site.ycsb.db.RedisClient -s -P /home/host/vmuxIO/test/moonprogs//../../ycsb/share/workloads/workloada -p redis.host=10.1.0.2 -p redis.port=6379 -p operationcount=429496729 -p maxexecutiontime=61 -threads 1
YCSB Client 0.17.0

Loading workload...
Starting test.
Maximum execution time specified as: 61 secs
DBWrapper: report latency for each error is false and specific error codes to track for latency are: []
2024-10-03 03:49:27:838 0 sec: 0 operations; est completion in 0 second 
2024-10-03 03:49:37:583 10 sec: 34910 operations; 3490.65 current ops/sec; est completion in 1 day 10 hours [READ: Count=17407, Max=59999, Min=100, Avg=263.07, 90=324, 99=2201, 99.9=4027, 99.99=8799] [UPDATE: Count=17537, Max=21791, Min=103, Avg=272.72, 90=346, 99=2439, 99.9=4259, 99.99=8043] 
2024-10-03 03:49:47:583 20 sec: 64612 operations; 2970.2 current ops/sec; est completion in 1 day 12 hours [READ: Count=14965, Max=16007, Min=90, Avg=333.09, 90=347, 99=3353, 99.9=4155, 99.99=5439] [UPDATE: Count=14704, Max=12991, Min=98, Avg=332.09, 90=353, 99=3343, 99.9=4131, 99.99=5887] 
2024-10-03 03:49:57:583 30 sec: 95670 operations; 3106.11 current ops/sec; est completion in 1 day 13 hours [READ: Count=15526, Max=8215, Min=92, Avg=321.69, 90=371, 99=2881, 99.9=4001, 99.99=4867] [UPDATE: Count=15531, Max=10783, Min=87, Avg=315.3, 90=362, 99=2899, 99.9=4151, 99.99=4467] 
2024-10-03 03:50:07:583 40 sec: 129157 operations; 3348.7 current ops/sec; est completion in 1 day 12 hours [READ: Count=16826, Max=6095, Min=94, Avg=297.36, 90=376, 99=2159, 99.9=3815, 99.99=4207] [UPDATE: Count=16661, Max=6787, Min=83, Avg=293.59, 90=367, 99=2145, 99.9=3883, 99.99=6399] 
2024-10-03 03:50:17:583 50 sec: 160990 operations; 3182.98 current ops/sec; est completion in 1 day 13 hours [READ: Count=16026, Max=4411, Min=99, Avg=311.18, 90=384, 99=2629, 99.9=3947, 99.99=4235] [UPDATE: Count=15807, Max=10783, Min=99, Avg=311.59, 90=380, 99=2815, 99.9=3981, 99.99=4247] 
2024-10-03 03:50:27:582 60 sec: 196861 operations; 3587.46 current ops/sec; est completion in 1 day 12 hours [READ: Count=17823, Max=6131, Min=83, Avg=278.25, 90=350, 99=1507, 99.9=3771, 99.99=4311] [UPDATE: Count=18048, Max=10799, Min=87, Avg=273.65, 90=346, 99=1363, 99.9=3569, 99.99=4179] 
Maximum time elapsed. Requesting stop for the workload.
Stop requested for workload. Now Joining!
2024-10-03 03:50:28:599 61 sec: 200628 operations; 3707.68 current ops/sec; est completion in 1 day 12 hours [READ: Count=1946, Max=4195, Min=91, Avg=277.06, 90=311, 99=2685, 99.9=4111, 99.99=4195] [CLEANUP: Count=1, Max=1681, Min=1681, Avg=1681, 90=1681, 99=1681, 99.9=1681, 99.99=1681] [UPDATE: Count=1821, Max=10959, Min=90, Avg=256.85, 90=298, 99=2091, 99.9=3815, 99.99=10959] 
[OVERALL], RunTime(ms), 61025
[OVERALL], Throughput(ops/sec), 3287.6362146661204
[TOTAL_GCS_Copy], Count, 19
[TOTAL_GC_TIME_Copy], Time(ms), 45
[TOTAL_GC_TIME_%_Copy], Time(%), 0.0737402703809914
[TOTAL_GCS_MarkSweepCompact], Count, 0
[TOTAL_GC_TIME_MarkSweepCompact], Time(ms), 0
[TOTAL_GC_TIME_%_MarkSweepCompact], Time(%), 0.0
[TOTAL_GCs], Count, 19
[TOTAL_GC_TIME], Time(ms), 45
[TOTAL_GC_TIME_%], Time(%), 0.0737402703809914
[READ], Operations, 100519
[READ], AverageLatency(us), 298.9223828330962
[READ], MinLatency(us), 83
[READ], MaxLatency(us), 59999
[READ], 95thPercentileLatency(us), 491
[READ], 99thPercentileLatency(us), 2625
[READ], Return=OK, 100519
[CLEANUP], Operations, 1
[CLEANUP], AverageLatency(us), 1681.0
[CLEANUP], MinLatency(us), 1681
[CLEANUP], MaxLatency(us), 1681
[CLEANUP], 95thPercentileLatency(us), 1681
[CLEANUP], 99thPercentileLatency(us), 1681
[UPDATE], Operations, 100109
[UPDATE], AverageLatency(us), 297.53751410962053
[UPDATE], MinLatency(us), 83
[UPDATE], MaxLatency(us), 21791
[UPDATE], 95thPercentileLatency(us), 495
[UPDATE], 99thPercentileLatency(us), 2627
[UPDATE], Return=OK, 100109
AUTOTEST_DONE
