/nix/store/2vwkssqpzykk37r996cafq7x63imf4sp-openjdk-21+35/bin/java  -classpath /nix/store/zw02np72fzsmga6s5mphhw7x8qlzf4sv-ycsb-0.17.0/share/conf:/nix/store/zw02np72fzsmga6s5mphhw7x8qlzf4sv-ycsb-0.17.0/share/lib/core-0.17.0.jar:/nix/store/zw02np72fzsmga6s5mphhw7x8qlzf4sv-ycsb-0.17.0/share/lib/HdrHistogram-2.1.4.jar:/nix/store/zw02np72fzsmga6s5mphhw7x8qlzf4sv-ycsb-0.17.0/share/lib/htrace-core4-4.1.0-incubating.jar:/nix/store/zw02np72fzsmga6s5mphhw7x8qlzf4sv-ycsb-0.17.0/share/lib/jackson-core-asl-1.9.4.jar:/nix/store/zw02np72fzsmga6s5mphhw7x8qlzf4sv-ycsb-0.17.0/share/lib/jackson-mapper-asl-1.9.4.jar:/nix/store/zw02np72fzsmga6s5mphhw7x8qlzf4sv-ycsb-0.17.0/share/redis-binding/lib/commons-pool2-2.4.2.jar:/nix/store/zw02np72fzsmga6s5mphhw7x8qlzf4sv-ycsb-0.17.0/share/redis-binding/lib/jedis-2.9.0.jar:/nix/store/zw02np72fzsmga6s5mphhw7x8qlzf4sv-ycsb-0.17.0/share/redis-binding/lib/redis-binding-0.17.0.jar site.ycsb.Client -t -db site.ycsb.db.RedisClient -s -P /home/host/vmuxIO/test/moonprogs//../../ycsb/share/workloads/workloada -p redis.host=10.1.0.2 -p redis.port=6380 -p operationcount=429496729 -p maxexecutiontime=61 -threads 1
Command line: -t -db site.ycsb.db.RedisClient -s -P /home/host/vmuxIO/test/moonprogs//../../ycsb/share/workloads/workloada -p redis.host=10.1.0.2 -p redis.port=6380 -p operationcount=429496729 -p maxexecutiontime=61 -threads 1
YCSB Client 0.17.0

Loading workload...
Starting test.
Maximum execution time specified as: 61 secs
DBWrapper: report latency for each error is false and specific error codes to track for latency are: []
2024-08-21 19:58:34:884 0 sec: 0 operations; est completion in 0 second 
2024-08-21 19:58:44:641 10 sec: 24799 operations; 2479.9 current ops/sec; est completion in 2 days [READ: Count=12466, Max=66495, Min=128, Avg=388.43, 90=499, 99=2877, 99.9=7211, 99.99=15879] [UPDATE: Count=12389, Max=14287, Min=126, Avg=382.02, 90=499, 99=2935, 99.9=6219, 99.99=12735] 
2024-08-21 19:58:54:642 20 sec: 56093 operations; 3129.09 current ops/sec; est completion in 1 day 18 hours [READ: Count=15557, Max=6159, Min=135, Avg=317.25, 90=456, 99=957, 99.9=2719, 99.99=4731] [UPDATE: Count=15681, Max=4987, Min=120, Avg=310.79, 90=452, 99=994, 99.9=2723, 99.99=4001] 
2024-08-21 19:59:04:641 30 sec: 89605 operations; 3351.54 current ops/sec; est completion in 1 day 15 hours [READ: Count=16793, Max=13255, Min=123, Avg=298.33, 90=429, 99=691, 99.9=1306, 99.99=3401] [UPDATE: Count=16719, Max=5175, Min=110, Avg=291.6, 90=425, 99=684, 99.9=1527, 99.99=3525] 
2024-08-21 19:59:14:641 40 sec: 123559 operations; 3395.4 current ops/sec; est completion in 1 day 14 hours [READ: Count=16950, Max=5623, Min=128, Avg=294.92, 90=413, 99=784, 99.9=1872, 99.99=4611] [UPDATE: Count=17004, Max=5931, Min=122, Avg=287.49, 90=406, 99=720, 99.9=1877, 99.99=4575] 
2024-08-21 19:59:24:641 50 sec: 157153 operations; 3359.4 current ops/sec; est completion in 1 day 13 hours [READ: Count=16735, Max=3955, Min=116, Avg=297.03, 90=424, 99=706, 99.9=1535, 99.99=3519] [UPDATE: Count=16859, Max=6891, Min=125, Avg=292.95, 90=421, 99=704, 99.9=1365, 99.99=5031] 
2024-08-21 19:59:34:641 60 sec: 188974 operations; 3182.1 current ops/sec; est completion in 1 day 13 hours [READ: Count=15836, Max=201599, Min=123, Avg=321.27, 90=455, 99=773, 99.9=2063, 99.99=3973] [UPDATE: Count=15986, Max=8855, Min=116, Avg=302.25, 90=449, 99=763, 99.9=2239, 99.99=4139] 
Maximum time elapsed. Requesting stop for the workload.
Stop requested for workload. Now Joining!
2024-08-21 19:59:35:652 61 sec: 192510 operations; 3497.53 current ops/sec; est completion in 1 day 13 hours [READ: Count=1796, Max=1542, Min=132, Avg=284.98, 90=437, 99=586, 99.9=1002, 99.99=1542] [CLEANUP: Count=1, Max=965, Min=965, Avg=965, 90=965, 99=965, 99.9=965, 99.99=965] [UPDATE: Count=1739, Max=3263, Min=134, Avg=275.51, 90=420, 99=542, 99.9=693, 99.99=3263] 
[OVERALL], RunTime(ms), 61015
[OVERALL], Throughput(ops/sec), 3155.1257887404736
[TOTAL_GCS_Copy], Count, 18
[TOTAL_GC_TIME_Copy], Time(ms), 25
[TOTAL_GC_TIME_%_Copy], Time(%), 0.0409735310989101
[TOTAL_GCS_MarkSweepCompact], Count, 0
[TOTAL_GC_TIME_MarkSweepCompact], Time(ms), 0
[TOTAL_GC_TIME_%_MarkSweepCompact], Time(%), 0.0
[TOTAL_GCs], Count, 18
[TOTAL_GC_TIME], Time(ms), 25
[TOTAL_GC_TIME_%], Time(%), 0.0409735310989101
[READ], Operations, 96133
[READ], AverageLatency(us), 315.77752696784665
[READ], MinLatency(us), 116
[READ], MaxLatency(us), 201599
[READ], 95thPercentileLatency(us), 516
[READ], 99thPercentileLatency(us), 895
[READ], Return=OK, 96133
[CLEANUP], Operations, 1
[CLEANUP], AverageLatency(us), 965.0
[CLEANUP], MinLatency(us), 965
[CLEANUP], MaxLatency(us), 965
[CLEANUP], 95thPercentileLatency(us), 965
[CLEANUP], 99thPercentileLatency(us), 965
[UPDATE], Operations, 96377
[UPDATE], AverageLatency(us), 307.331572885647
[UPDATE], MinLatency(us), 110
[UPDATE], MaxLatency(us), 14287
[UPDATE], 95thPercentileLatency(us), 512
[UPDATE], 99thPercentileLatency(us), 883
[UPDATE], Return=OK, 96377
AUTOTEST_DONE
