/nix/store/2vwkssqpzykk37r996cafq7x63imf4sp-openjdk-21+35/bin/java  -classpath /nix/store/zw02np72fzsmga6s5mphhw7x8qlzf4sv-ycsb-0.17.0/share/conf:/nix/store/zw02np72fzsmga6s5mphhw7x8qlzf4sv-ycsb-0.17.0/share/lib/core-0.17.0.jar:/nix/store/zw02np72fzsmga6s5mphhw7x8qlzf4sv-ycsb-0.17.0/share/lib/HdrHistogram-2.1.4.jar:/nix/store/zw02np72fzsmga6s5mphhw7x8qlzf4sv-ycsb-0.17.0/share/lib/htrace-core4-4.1.0-incubating.jar:/nix/store/zw02np72fzsmga6s5mphhw7x8qlzf4sv-ycsb-0.17.0/share/lib/jackson-core-asl-1.9.4.jar:/nix/store/zw02np72fzsmga6s5mphhw7x8qlzf4sv-ycsb-0.17.0/share/lib/jackson-mapper-asl-1.9.4.jar:/nix/store/zw02np72fzsmga6s5mphhw7x8qlzf4sv-ycsb-0.17.0/share/redis-binding/lib/commons-pool2-2.4.2.jar:/nix/store/zw02np72fzsmga6s5mphhw7x8qlzf4sv-ycsb-0.17.0/share/redis-binding/lib/jedis-2.9.0.jar:/nix/store/zw02np72fzsmga6s5mphhw7x8qlzf4sv-ycsb-0.17.0/share/redis-binding/lib/redis-binding-0.17.0.jar site.ycsb.Client -t -db site.ycsb.db.RedisClient -s -P /home/host/vmuxIO/test/moonprogs//../../ycsb/share/workloads/workloada -p redis.host=10.1.0.2 -p redis.port=6379 -p operationcount=429496729 -p maxexecutiontime=61 -threads 1
Command line: -t -db site.ycsb.db.RedisClient -s -P /home/host/vmuxIO/test/moonprogs//../../ycsb/share/workloads/workloada -p redis.host=10.1.0.2 -p redis.port=6379 -p operationcount=429496729 -p maxexecutiontime=61 -threads 1
YCSB Client 0.17.0

Loading workload...
Starting test.
Maximum execution time specified as: 61 secs
DBWrapper: report latency for each error is false and specific error codes to track for latency are: []
2024-10-03 03:49:32:587 0 sec: 0 operations; est completion in 0 second [UPDATE: Count=1, Max=35839, Min=35808, Avg=35824, 90=35839, 99=35839, 99.9=35839, 99.99=35839] 
2024-10-03 03:49:42:307 10 sec: 27631 operations; 2762.55 current ops/sec; est completion in 1 day 19 hours [READ: Count=13864, Max=41567, Min=99, Avg=338.62, 90=369, 99=3479, 99.9=7995, 99.99=14263] [UPDATE: Count=13769, Max=18847, Min=87, Avg=339.82, 90=375, 99=3327, 99.9=7951, 99.99=14383] 
2024-10-03 03:49:52:305 20 sec: 58448 operations; 3082.01 current ops/sec; est completion in 1 day 16 hours [READ: Count=15396, Max=10951, Min=96, Avg=322.5, 90=339, 99=3237, 99.9=4159, 99.99=5443] [UPDATE: Count=15419, Max=7115, Min=101, Avg=318.48, 90=334, 99=3183, 99.9=4119, 99.99=5751] 
2024-10-03 03:50:02:307 30 sec: 89330 operations; 3087.89 current ops/sec; est completion in 1 day 16 hours [READ: Count=15334, Max=8791, Min=89, Avg=319.87, 90=356, 99=3025, 99.9=4047, 99.99=4379] [UPDATE: Count=15547, Max=4355, Min=94, Avg=320.77, 90=355, 99=3159, 99.9=4011, 99.99=4283] 
2024-10-03 03:50:12:305 40 sec: 121306 operations; 3198.24 current ops/sec; est completion in 1 day 15 hours [READ: Count=15987, Max=206463, Min=96, Avg=318.26, 90=345, 99=2961, 99.9=3967, 99.99=4359] [UPDATE: Count=15990, Max=9071, Min=100, Avg=301.91, 90=344, 99=2915, 99.9=3997, 99.99=6579] 
2024-10-03 03:50:22:305 50 sec: 153495 operations; 3218.9 current ops/sec; est completion in 1 day 14 hours [READ: Count=16033, Max=6595, Min=99, Avg=308.18, 90=367, 99=2473, 99.9=3923, 99.99=4267] [UPDATE: Count=16155, Max=5679, Min=97, Avg=306.3, 90=364, 99=2529, 99.9=3969, 99.99=4279] 
2024-10-03 03:50:32:305 60 sec: 193351 operations; 3985.6 current ops/sec; est completion in 1 day 13 hours [READ: Count=19714, Max=9463, Min=82, Avg=248.69, 90=323, 99=1793, 99.9=3729, 99.99=4459] [UPDATE: Count=20142, Max=5275, Min=81, Avg=248.18, 90=319, 99=1743, 99.9=3533, 99.99=4243] 
Maximum time elapsed. Requesting stop for the workload.
Stop requested for workload. Now Joining!
2024-10-03 03:50:33:321 61 sec: 200300 operations; 6832.84 current ops/sec; est completion in 1 day 12 hours [READ: Count=3596, Max=3527, Min=77, Avg=142.98, 90=193, 99=314, 99.9=1335, 99.99=3527] [CLEANUP: Count=1, Max=4823, Min=4820, Avg=4822, 90=4823, 99=4823, 99.9=4823, 99.99=4823] [UPDATE: Count=3353, Max=9351, Min=76, Avg=144.4, 90=190, 99=310, 99.9=2223, 99.99=9351] 
[OVERALL], RunTime(ms), 61024
[OVERALL], Throughput(ops/sec), 3282.3151546932354
[TOTAL_GCS_Copy], Count, 19
[TOTAL_GC_TIME_Copy], Time(ms), 24
[TOTAL_GC_TIME_%_Copy], Time(%), 0.03932878867330886
[TOTAL_GCS_MarkSweepCompact], Count, 0
[TOTAL_GC_TIME_MarkSweepCompact], Time(ms), 0
[TOTAL_GC_TIME_%_MarkSweepCompact], Time(%), 0.0
[TOTAL_GCs], Count, 19
[TOTAL_GC_TIME], Time(ms), 24
[TOTAL_GC_TIME_%], Time(%), 0.03932878867330886
[READ], Operations, 99924
[READ], AverageLatency(us), 300.33642568351945
[READ], MinLatency(us), 77
[READ], MaxLatency(us), 206463
[READ], 95thPercentileLatency(us), 464
[READ], 99thPercentileLatency(us), 2911
[READ], Return=OK, 99924
[CLEANUP], Operations, 1
[CLEANUP], AverageLatency(us), 4822.0
[CLEANUP], MinLatency(us), 4820
[CLEANUP], MaxLatency(us), 4823
[CLEANUP], 95thPercentileLatency(us), 4823
[CLEANUP], 99thPercentileLatency(us), 4823
[UPDATE], Operations, 100376
[UPDATE], AverageLatency(us), 297.59088826014187
[UPDATE], MinLatency(us), 76
[UPDATE], MaxLatency(us), 35839
[UPDATE], 95thPercentileLatency(us), 476
[UPDATE], 99thPercentileLatency(us), 2925
[UPDATE], Return=OK, 100376
AUTOTEST_DONE
