/nix/store/2vwkssqpzykk37r996cafq7x63imf4sp-openjdk-21+35/bin/java  -classpath /nix/store/zw02np72fzsmga6s5mphhw7x8qlzf4sv-ycsb-0.17.0/share/conf:/nix/store/zw02np72fzsmga6s5mphhw7x8qlzf4sv-ycsb-0.17.0/share/lib/core-0.17.0.jar:/nix/store/zw02np72fzsmga6s5mphhw7x8qlzf4sv-ycsb-0.17.0/share/lib/HdrHistogram-2.1.4.jar:/nix/store/zw02np72fzsmga6s5mphhw7x8qlzf4sv-ycsb-0.17.0/share/lib/htrace-core4-4.1.0-incubating.jar:/nix/store/zw02np72fzsmga6s5mphhw7x8qlzf4sv-ycsb-0.17.0/share/lib/jackson-core-asl-1.9.4.jar:/nix/store/zw02np72fzsmga6s5mphhw7x8qlzf4sv-ycsb-0.17.0/share/lib/jackson-mapper-asl-1.9.4.jar:/nix/store/zw02np72fzsmga6s5mphhw7x8qlzf4sv-ycsb-0.17.0/share/redis-binding/lib/commons-pool2-2.4.2.jar:/nix/store/zw02np72fzsmga6s5mphhw7x8qlzf4sv-ycsb-0.17.0/share/redis-binding/lib/jedis-2.9.0.jar:/nix/store/zw02np72fzsmga6s5mphhw7x8qlzf4sv-ycsb-0.17.0/share/redis-binding/lib/redis-binding-0.17.0.jar site.ycsb.Client -t -db site.ycsb.db.RedisClient -s -P /home/host/vmuxIO/test/moonprogs//../../ycsb/share/workloads/workloada -p redis.host=10.1.0.2 -p redis.port=6379 -p operationcount=429496729 -p maxexecutiontime=61 -threads 1
Command line: -t -db site.ycsb.db.RedisClient -s -P /home/host/vmuxIO/test/moonprogs//../../ycsb/share/workloads/workloada -p redis.host=10.1.0.2 -p redis.port=6379 -p operationcount=429496729 -p maxexecutiontime=61 -threads 1
YCSB Client 0.17.0

Loading workload...
Starting test.
Maximum execution time specified as: 61 secs
DBWrapper: report latency for each error is false and specific error codes to track for latency are: []
2024-10-03 03:49:36:166 0 sec: 0 operations; est completion in 0 second 
2024-10-03 03:49:45:775 10 sec: 16416 operations; 1641.44 current ops/sec; est completion in 3 days [READ: Count=8229, Max=92671, Min=101, Avg=567.91, 90=439, 99=5719, 99.9=9175, 99.99=14999] [UPDATE: Count=8211, Max=14791, Min=100, Avg=581.68, 90=591, 99=5795, 99.9=8847, 99.99=11799] 
2024-10-03 03:49:55:775 20 sec: 35455 operations; 1903.9 current ops/sec; est completion in 2 days 19 hours [READ: Count=9490, Max=210303, Min=94, Avg=532.57, 90=367, 99=4291, 99.9=7351, 99.99=201599] [UPDATE: Count=9531, Max=205183, Min=93, Avg=507.39, 90=371, 99=4275, 99.9=6983, 99.99=8099] 
2024-10-03 03:50:05:776 30 sec: 55428 operations; 1997.1 current ops/sec; est completion in 2 days 16 hours [READ: Count=9905, Max=15007, Min=93, Avg=497.05, 90=398, 99=4327, 99.9=7643, 99.99=10447] [UPDATE: Count=10062, Max=10303, Min=94, Avg=496.07, 90=398, 99=4327, 99.9=7195, 99.99=8187] 
2024-10-03 03:50:15:775 40 sec: 75818 operations; 2039.41 current ops/sec; est completion in 2 days 14 hours [READ: Count=10143, Max=9991, Min=95, Avg=498.78, 90=423, 99=4287, 99.9=6175, 99.99=7899] [UPDATE: Count=10247, Max=8287, Min=97, Avg=474.83, 90=391, 99=4295, 99.9=6935, 99.99=7507] 
2024-10-03 03:50:25:775 50 sec: 94494 operations; 1867.6 current ops/sec; est completion in 2 days 15 hours [READ: Count=9351, Max=207743, Min=103, Avg=536.77, 90=399, 99=4291, 99.9=6283, 99.99=206591] [UPDATE: Count=9325, Max=205951, Min=103, Avg=528.45, 90=396, 99=4335, 99.9=7247, 99.99=7515] 
2024-10-03 03:50:35:775 60 sec: 120947 operations; 2645.04 current ops/sec; est completion in 2 days 11 hours [READ: Count=13271, Max=11079, Min=81, Avg=370.73, 90=309, 99=4203, 99.9=6219, 99.99=8095] [UPDATE: Count=13182, Max=8207, Min=79, Avg=380.32, 90=308, 99=4219, 99.9=6879, 99.99=8151] 
Maximum time elapsed. Requesting stop for the workload.
Stop requested for workload. Now Joining!
2024-10-03 03:50:36:791 61 sec: 124589 operations; 3588.18 current ops/sec; est completion in 2 days 10 hours [READ: Count=1783, Max=12879, Min=80, Avg=283.42, 90=179, 99=4155, 99.9=4451, 99.99=12879] [CLEANUP: Count=1, Max=1323, Min=1323, Avg=1323, 90=1323, 99=1323, 99.9=1323, 99.99=1323] [UPDATE: Count=1859, Max=8011, Min=78, Avg=269.55, 90=179, 99=4151, 99.9=6499, 99.99=8011] 
[OVERALL], RunTime(ms), 61024
[OVERALL], Throughput(ops/sec), 2041.6393550078658
[TOTAL_GCS_Copy], Count, 11
[TOTAL_GC_TIME_Copy], Time(ms), 33
[TOTAL_GC_TIME_%_Copy], Time(%), 0.054077084425799685
[TOTAL_GCS_MarkSweepCompact], Count, 0
[TOTAL_GC_TIME_MarkSweepCompact], Time(ms), 0
[TOTAL_GC_TIME_%_MarkSweepCompact], Time(%), 0.0
[TOTAL_GCs], Count, 11
[TOTAL_GC_TIME], Time(ms), 33
[TOTAL_GC_TIME_%], Time(%), 0.054077084425799685
[READ], Operations, 62172
[READ], AverageLatency(us), 485.01571446953614
[READ], MinLatency(us), 80
[READ], MaxLatency(us), 210303
[READ], 95thPercentileLatency(us), 3519
[READ], 99thPercentileLatency(us), 4299
[READ], Return=OK, 62172
[CLEANUP], Operations, 1
[CLEANUP], AverageLatency(us), 1323.0
[CLEANUP], MinLatency(us), 1323
[CLEANUP], MaxLatency(us), 1323
[CLEANUP], 95thPercentileLatency(us), 1323
[CLEANUP], 99thPercentileLatency(us), 1323
[UPDATE], Operations, 62417
[UPDATE], AverageLatency(us), 479.21864235705016
[UPDATE], MinLatency(us), 78
[UPDATE], MaxLatency(us), 205951
[UPDATE], 95thPercentileLatency(us), 3607
[UPDATE], 99thPercentileLatency(us), 4323
[UPDATE], Return=OK, 62417
AUTOTEST_DONE
