/nix/store/2vwkssqpzykk37r996cafq7x63imf4sp-openjdk-21+35/bin/java  -classpath /nix/store/zw02np72fzsmga6s5mphhw7x8qlzf4sv-ycsb-0.17.0/share/conf:/nix/store/zw02np72fzsmga6s5mphhw7x8qlzf4sv-ycsb-0.17.0/share/lib/core-0.17.0.jar:/nix/store/zw02np72fzsmga6s5mphhw7x8qlzf4sv-ycsb-0.17.0/share/lib/HdrHistogram-2.1.4.jar:/nix/store/zw02np72fzsmga6s5mphhw7x8qlzf4sv-ycsb-0.17.0/share/lib/htrace-core4-4.1.0-incubating.jar:/nix/store/zw02np72fzsmga6s5mphhw7x8qlzf4sv-ycsb-0.17.0/share/lib/jackson-core-asl-1.9.4.jar:/nix/store/zw02np72fzsmga6s5mphhw7x8qlzf4sv-ycsb-0.17.0/share/lib/jackson-mapper-asl-1.9.4.jar:/nix/store/zw02np72fzsmga6s5mphhw7x8qlzf4sv-ycsb-0.17.0/share/redis-binding/lib/commons-pool2-2.4.2.jar:/nix/store/zw02np72fzsmga6s5mphhw7x8qlzf4sv-ycsb-0.17.0/share/redis-binding/lib/jedis-2.9.0.jar:/nix/store/zw02np72fzsmga6s5mphhw7x8qlzf4sv-ycsb-0.17.0/share/redis-binding/lib/redis-binding-0.17.0.jar site.ycsb.Client -t -db site.ycsb.db.RedisClient -s -P /home/host/vmuxIO/test/moonprogs//../../ycsb/share/workloads/workloada -p redis.host=10.1.0.2 -p redis.port=6379 -p operationcount=429496729 -p maxexecutiontime=61 -threads 1
Command line: -t -db site.ycsb.db.RedisClient -s -P /home/host/vmuxIO/test/moonprogs//../../ycsb/share/workloads/workloada -p redis.host=10.1.0.2 -p redis.port=6379 -p operationcount=429496729 -p maxexecutiontime=61 -threads 1
YCSB Client 0.17.0

Loading workload...
Starting test.
Maximum execution time specified as: 61 secs
DBWrapper: report latency for each error is false and specific error codes to track for latency are: []
2024-10-03 13:17:18:447 0 sec: 0 operations; est completion in 0 second 
2024-10-03 13:17:28:297 10 sec: 91140 operations; 9114 current ops/sec; est completion in 13 hours 5 minutes [READ: Count=45529, Max=11471, Min=76, Avg=103.55, 90=117, 99=230, 99.9=824, 99.99=4001] [UPDATE: Count=45614, Max=23487, Min=75, Avg=104.38, 90=118, 99=256, 99.9=932, 99.99=3889] 
2024-10-03 13:17:38:298 20 sec: 194211 operations; 10307.1 current ops/sec; est completion in 12 hours 16 minutes [READ: Count=51573, Max=7947, Min=77, Avg=96.45, 90=106, 99=131, 99.9=290, 99.99=1406] [UPDATE: Count=51495, Max=2034, Min=75, Avg=94.43, 90=104, 99=130, 99.9=276, 99.99=1146] 
2024-10-03 13:17:48:297 30 sec: 298023 operations; 10381.2 current ops/sec; est completion in 12 hours [READ: Count=52037, Max=1883, Min=77, Avg=95.69, 90=105, 99=129, 99.9=279, 99.99=413] [UPDATE: Count=51775, Max=3737, Min=75, Avg=94, 90=103, 99=131, 99.9=280, 99.99=1071] 
2024-10-03 13:17:58:297 40 sec: 399158 operations; 10113.5 current ops/sec; est completion in 11 hours 56 minutes [READ: Count=50145, Max=1954, Min=76, Avg=98.24, 90=109, 99=163, 99.9=296, 99.99=553] [UPDATE: Count=50990, Max=8655, Min=74, Avg=96.4, 90=108, 99=161, 99.9=292, 99.99=531] 
2024-10-03 13:18:08:297 50 sec: 502573 operations; 10341.5 current ops/sec; est completion in 11 hours 51 minutes [READ: Count=51777, Max=3517, Min=76, Avg=96.16, 90=106, 99=151, 99.9=275, 99.99=416] [UPDATE: Count=51638, Max=3715, Min=74, Avg=94.27, 90=104, 99=150, 99.9=281, 99.99=430] 
2024-10-03 13:18:18:297 60 sec: 607155 operations; 10458.2 current ops/sec; est completion in 11 hours 46 minutes [READ: Count=52454, Max=1826, Min=74, Avg=94.94, 90=104, 99=147, 99.9=270, 99.99=331] [UPDATE: Count=52128, Max=5047, Min=73, Avg=93.29, 90=103, 99=144, 99.9=258, 99.99=1794] 
Maximum time elapsed. Requesting stop for the workload.
Stop requested for workload. Now Joining!
2024-10-03 13:18:19:308 61 sec: 617818 operations; 10546.98 current ops/sec; est completion in 11 hours 45 minutes [READ: Count=5338, Max=3371, Min=78, Avg=94.09, 90=103, 99=119, 99.9=274, 99.99=598] [CLEANUP: Count=1, Max=942, Min=942, Avg=942, 90=942, 99=942, 99.9=942, 99.99=942] [UPDATE: Count=5325, Max=1812, Min=76, Avg=92.18, 90=102, 99=122, 99.9=284, 99.99=930] 
[OVERALL], RunTime(ms), 61019
[OVERALL], Throughput(ops/sec), 10125.010242711287
[TOTAL_GCS_Copy], Count, 57
[TOTAL_GC_TIME_Copy], Time(ms), 22
[TOTAL_GC_TIME_%_Copy], Time(%), 0.03605434372900244
[TOTAL_GCS_MarkSweepCompact], Count, 0
[TOTAL_GC_TIME_MarkSweepCompact], Time(ms), 0
[TOTAL_GC_TIME_%_MarkSweepCompact], Time(%), 0.0
[TOTAL_GCs], Count, 57
[TOTAL_GC_TIME], Time(ms), 22
[TOTAL_GC_TIME_%], Time(%), 0.03605434372900244
[READ], Operations, 308853
[READ], AverageLatency(us), 97.31099908370649
[READ], MinLatency(us), 74
[READ], MaxLatency(us), 11471
[READ], 95thPercentileLatency(us), 114
[READ], 99thPercentileLatency(us), 157
[READ], Return=OK, 308853
[CLEANUP], Operations, 1
[CLEANUP], AverageLatency(us), 942.0
[CLEANUP], MinLatency(us), 942
[CLEANUP], MaxLatency(us), 942
[CLEANUP], 95thPercentileLatency(us), 942
[CLEANUP], 99thPercentileLatency(us), 942
[UPDATE], Operations, 308965
[UPDATE], AverageLatency(us), 95.89371935332481
[UPDATE], MinLatency(us), 73
[UPDATE], MaxLatency(us), 23487
[UPDATE], 95thPercentileLatency(us), 113
[UPDATE], 99thPercentileLatency(us), 158
[UPDATE], Return=OK, 308965
AUTOTEST_DONE
