/nix/store/2vwkssqpzykk37r996cafq7x63imf4sp-openjdk-21+35/bin/java  -classpath /nix/store/zw02np72fzsmga6s5mphhw7x8qlzf4sv-ycsb-0.17.0/share/conf:/nix/store/zw02np72fzsmga6s5mphhw7x8qlzf4sv-ycsb-0.17.0/share/lib/core-0.17.0.jar:/nix/store/zw02np72fzsmga6s5mphhw7x8qlzf4sv-ycsb-0.17.0/share/lib/HdrHistogram-2.1.4.jar:/nix/store/zw02np72fzsmga6s5mphhw7x8qlzf4sv-ycsb-0.17.0/share/lib/htrace-core4-4.1.0-incubating.jar:/nix/store/zw02np72fzsmga6s5mphhw7x8qlzf4sv-ycsb-0.17.0/share/lib/jackson-core-asl-1.9.4.jar:/nix/store/zw02np72fzsmga6s5mphhw7x8qlzf4sv-ycsb-0.17.0/share/lib/jackson-mapper-asl-1.9.4.jar:/nix/store/zw02np72fzsmga6s5mphhw7x8qlzf4sv-ycsb-0.17.0/share/redis-binding/lib/commons-pool2-2.4.2.jar:/nix/store/zw02np72fzsmga6s5mphhw7x8qlzf4sv-ycsb-0.17.0/share/redis-binding/lib/jedis-2.9.0.jar:/nix/store/zw02np72fzsmga6s5mphhw7x8qlzf4sv-ycsb-0.17.0/share/redis-binding/lib/redis-binding-0.17.0.jar site.ycsb.Client -t -db site.ycsb.db.RedisClient -s -P /home/host/vmuxIO/test/moonprogs//../../ycsb/share/workloads/workloada -p redis.host=10.1.0.2 -p redis.port=6380 -p operationcount=429496729 -p maxexecutiontime=61 -threads 1
Command line: -t -db site.ycsb.db.RedisClient -s -P /home/host/vmuxIO/test/moonprogs//../../ycsb/share/workloads/workloada -p redis.host=10.1.0.2 -p redis.port=6380 -p operationcount=429496729 -p maxexecutiontime=61 -threads 1
YCSB Client 0.17.0

Loading workload...
Starting test.
Maximum execution time specified as: 61 secs
DBWrapper: report latency for each error is false and specific error codes to track for latency are: []
2025-02-10 03:38:48:411 0 sec: 0 operations; est completion in 0 second 
2025-02-10 03:38:58:168 10 sec: 47561 operations; 4756.1 current ops/sec; est completion in 1 day 1 hour [READ: Count=23819, Max=31487, Min=91, Avg=197.22, 90=279, 99=623, 99.9=2875, 99.99=7583] [UPDATE: Count=23746, Max=45887, Min=87, Avg=199.61, 90=284, 99=655, 99.9=3349, 99.99=7235] 
2025-02-10 03:39:08:168 20 sec: 108588 operations; 6102.09 current ops/sec; est completion in 21 hours 58 minutes [READ: Count=30362, Max=21967, Min=86, Avg=162.91, 90=252, 99=405, 99.9=592, 99.99=3935] [UPDATE: Count=30661, Max=4235, Min=85, Avg=159.75, 90=251, 99=401, 99.9=560, 99.99=3339] 
2025-02-10 03:39:18:168 30 sec: 149601 operations; 4101.71 current ops/sec; est completion in 23 hours 54 minutes [READ: Count=20538, Max=4315, Min=82, Avg=241.82, 90=397, 99=581, 99.9=939, 99.99=2993] [UPDATE: Count=20475, Max=7659, Min=80, Avg=241.57, 90=396, 99=586, 99.9=1023, 99.99=3721] 
2025-02-10 03:39:28:168 40 sec: 194650 operations; 4504.9 current ops/sec; est completion in 1 day [READ: Count=22587, Max=11103, Min=92, Avg=220.71, 90=376, 99=621, 99.9=958, 99.99=3217] [UPDATE: Count=22462, Max=4547, Min=83, Avg=218.81, 90=375, 99=626, 99.9=968, 99.99=2197] 
2025-02-10 03:39:38:168 50 sec: 230279 operations; 3562.9 current ops/sec; est completion in 1 day 1 hour [READ: Count=17770, Max=8775, Min=98, Avg=277.22, 90=404, 99=566, 99.9=817, 99.99=1111] [UPDATE: Count=17859, Max=4195, Min=93, Avg=279.04, 90=409, 99=573, 99.9=836, 99.99=1043] 
2025-02-10 03:39:48:167 60 sec: 279675 operations; 4939.6 current ops/sec; est completion in 1 day 1 hour [READ: Count=24741, Max=4551, Min=82, Avg=200.7, 90=333, 99=501, 99.9=744, 99.99=1102] [UPDATE: Count=24655, Max=13767, Min=75, Avg=199.42, 90=333, 99=502, 99.9=730, 99.99=2851] 
Maximum time elapsed. Requesting stop for the workload.
Stop requested for workload. Now Joining!
2025-02-10 03:39:49:190 61 sec: 286528 operations; 6705.48 current ops/sec; est completion in 1 day 1 hour [READ: Count=3385, Max=5655, Min=82, Avg=148.84, 90=197, 99=352, 99.9=666, 99.99=5655] [CLEANUP: Count=1, Max=1093, Min=1093, Avg=1093, 90=1093, 99=1093, 99.9=1093, 99.99=1093] [UPDATE: Count=3468, Max=655, Min=79, Avg=145.45, 90=193, 99=360, 99.9=542, 99.99=655] 
[OVERALL], RunTime(ms), 61028
[OVERALL], Throughput(ops/sec), 4695.025234318673
[TOTAL_GCS_Copy], Count, 26
[TOTAL_GC_TIME_Copy], Time(ms), 23
[TOTAL_GC_TIME_%_Copy], Time(%), 0.03768761879792882
[TOTAL_GCS_MarkSweepCompact], Count, 0
[TOTAL_GC_TIME_MarkSweepCompact], Time(ms), 0
[TOTAL_GC_TIME_%_MarkSweepCompact], Time(%), 0.0
[TOTAL_GCs], Count, 26
[TOTAL_GC_TIME], Time(ms), 23
[TOTAL_GC_TIME_%], Time(%), 0.03768761879792882
[READ], Operations, 143202
[READ], AverageLatency(us), 209.43231938101422
[READ], MinLatency(us), 82
[READ], MaxLatency(us), 31487
[READ], 95thPercentileLatency(us), 407
[READ], 99thPercentileLatency(us), 547
[READ], Return=OK, 143202
[CLEANUP], Operations, 1
[CLEANUP], AverageLatency(us), 1093.0
[CLEANUP], MinLatency(us), 1093
[CLEANUP], MaxLatency(us), 1093
[CLEANUP], 95thPercentileLatency(us), 1093
[CLEANUP], 99thPercentileLatency(us), 1093
[UPDATE], Operations, 143326
[UPDATE], AverageLatency(us), 208.64000948885757
[UPDATE], MinLatency(us), 75
[UPDATE], MaxLatency(us), 45887
[UPDATE], 95thPercentileLatency(us), 408
[UPDATE], 99thPercentileLatency(us), 551
[UPDATE], Return=OK, 143326
AUTOTEST_DONE
