/nix/store/2vwkssqpzykk37r996cafq7x63imf4sp-openjdk-21+35/bin/java  -classpath /nix/store/zw02np72fzsmga6s5mphhw7x8qlzf4sv-ycsb-0.17.0/share/conf:/nix/store/zw02np72fzsmga6s5mphhw7x8qlzf4sv-ycsb-0.17.0/share/lib/core-0.17.0.jar:/nix/store/zw02np72fzsmga6s5mphhw7x8qlzf4sv-ycsb-0.17.0/share/lib/HdrHistogram-2.1.4.jar:/nix/store/zw02np72fzsmga6s5mphhw7x8qlzf4sv-ycsb-0.17.0/share/lib/htrace-core4-4.1.0-incubating.jar:/nix/store/zw02np72fzsmga6s5mphhw7x8qlzf4sv-ycsb-0.17.0/share/lib/jackson-core-asl-1.9.4.jar:/nix/store/zw02np72fzsmga6s5mphhw7x8qlzf4sv-ycsb-0.17.0/share/lib/jackson-mapper-asl-1.9.4.jar:/nix/store/zw02np72fzsmga6s5mphhw7x8qlzf4sv-ycsb-0.17.0/share/redis-binding/lib/commons-pool2-2.4.2.jar:/nix/store/zw02np72fzsmga6s5mphhw7x8qlzf4sv-ycsb-0.17.0/share/redis-binding/lib/jedis-2.9.0.jar:/nix/store/zw02np72fzsmga6s5mphhw7x8qlzf4sv-ycsb-0.17.0/share/redis-binding/lib/redis-binding-0.17.0.jar site.ycsb.Client -t -db site.ycsb.db.RedisClient -s -P /home/host/vmuxIO/test/moonprogs//../../ycsb/share/workloads/workloada -p redis.host=10.1.0.2 -p redis.port=6388 -p operationcount=429496729 -p maxexecutiontime=61 -threads 1
Command line: -t -db site.ycsb.db.RedisClient -s -P /home/host/vmuxIO/test/moonprogs//../../ycsb/share/workloads/workloada -p redis.host=10.1.0.2 -p redis.port=6388 -p operationcount=429496729 -p maxexecutiontime=61 -threads 1
YCSB Client 0.17.0

Loading workload...
Starting test.
Maximum execution time specified as: 61 secs
DBWrapper: report latency for each error is false and specific error codes to track for latency are: []
2025-02-10 03:38:53:805 0 sec: 0 operations; est completion in 0 second 
2025-02-10 03:39:03:591 10 sec: 36500 operations; 3650 current ops/sec; est completion in 1 day 8 hours [READ: Count=18265, Max=28063, Min=86, Avg=258.05, 90=460, 99=941, 99.9=3277, 99.99=9791] [UPDATE: Count=18245, Max=35359, Min=87, Avg=262.23, 90=474, 99=951, 99.9=3581, 99.99=6491] 
2025-02-10 03:39:13:591 20 sec: 75806 operations; 3930.21 current ops/sec; est completion in 1 day 7 hours [READ: Count=19722, Max=8319, Min=89, Avg=249.71, 90=406, 99=595, 99.9=2207, 99.99=4203] [UPDATE: Count=19574, Max=4127, Min=90, Avg=250.5, 90=413, 99=598, 99.9=1254, 99.99=3341] 
2025-02-10 03:39:23:591 30 sec: 118398 operations; 4259.2 current ops/sec; est completion in 1 day 6 hours [READ: Count=21261, Max=17231, Min=93, Avg=231.85, 90=394, 99=581, 99.9=1077, 99.99=3423] [UPDATE: Count=21331, Max=6519, Min=90, Avg=232.38, 90=399, 99=576, 99.9=935, 99.99=3909] 
2025-02-10 03:39:33:591 40 sec: 177049 operations; 5865.69 current ops/sec; est completion in 1 day 2 hours [READ: Count=29240, Max=966, Min=89, Avg=169.23, 90=278, 99=433, 99.9=600, 99.99=792] [UPDATE: Count=29411, Max=12359, Min=84, Avg=168, 90=275, 99=433, 99.9=639, 99.99=1473] 
2025-02-10 03:39:43:591 50 sec: 233502 operations; 5645.3 current ops/sec; est completion in 1 day 1 hour [READ: Count=28296, Max=5855, Min=89, Avg=175.99, 90=267, 99=443, 99.9=688, 99.99=948] [UPDATE: Count=28157, Max=910, Min=86, Avg=174.47, 90=269, 99=441, 99.9=640, 99.99=863] 
2025-02-10 03:39:53:591 60 sec: 303870 operations; 7036.8 current ops/sec; est completion in 23 hours 32 minutes [READ: Count=35062, Max=783, Min=77, Avg=141.5, 90=184, 99=304, 99.9=449, 99.99=608] [UPDATE: Count=35306, Max=5063, Min=76, Avg=139.33, 90=181, 99=299, 99.9=457, 99.99=815] 
Maximum time elapsed. Requesting stop for the workload.
Stop requested for workload. Now Joining!
2025-02-10 03:39:54:600 61 sec: 312995 operations; 9034.65 current ops/sec; est completion in 23 hours 14 minutes [READ: Count=4622, Max=3803, Min=78, Avg=109.5, 90=132, 99=178, 99.9=366, 99.99=3803] [CLEANUP: Count=1, Max=1209, Min=1209, Avg=1209, 90=1209, 99=1209, 99.9=1209, 99.99=1209] [UPDATE: Count=4503, Max=5039, Min=74, Avg=108.19, 90=131, 99=179, 99.9=371, 99.99=5039] 
[OVERALL], RunTime(ms), 61015
[OVERALL], Throughput(ops/sec), 5129.804146521347
[TOTAL_GCS_Copy], Count, 29
[TOTAL_GC_TIME_Copy], Time(ms), 24
[TOTAL_GC_TIME_%_Copy], Time(%), 0.0393345898549537
[TOTAL_GCS_MarkSweepCompact], Count, 0
[TOTAL_GC_TIME_MarkSweepCompact], Time(ms), 0
[TOTAL_GC_TIME_%_MarkSweepCompact], Time(%), 0.0
[TOTAL_GCs], Count, 29
[TOTAL_GC_TIME], Time(ms), 24
[TOTAL_GC_TIME_%], Time(%), 0.0393345898549537
[READ], Operations, 156468
[READ], AverageLatency(us), 191.49533450929263
[READ], MinLatency(us), 77
[READ], MaxLatency(us), 28063
[READ], 95thPercentileLatency(us), 398
[READ], 99thPercentileLatency(us), 576
[READ], Return=OK, 156468
[CLEANUP], Operations, 1
[CLEANUP], AverageLatency(us), 1209.0
[CLEANUP], MinLatency(us), 1209
[CLEANUP], MaxLatency(us), 1209
[CLEANUP], 95thPercentileLatency(us), 1209
[CLEANUP], 99thPercentileLatency(us), 1209
[UPDATE], Operations, 156527
[UPDATE], AverageLatency(us), 191.04902029681782
[UPDATE], MinLatency(us), 74
[UPDATE], MaxLatency(us), 35359
[UPDATE], 95thPercentileLatency(us), 402
[UPDATE], 99thPercentileLatency(us), 582
[UPDATE], Return=OK, 156527
AUTOTEST_DONE
