/nix/store/2vwkssqpzykk37r996cafq7x63imf4sp-openjdk-21+35/bin/java  -classpath /nix/store/zw02np72fzsmga6s5mphhw7x8qlzf4sv-ycsb-0.17.0/share/conf:/nix/store/zw02np72fzsmga6s5mphhw7x8qlzf4sv-ycsb-0.17.0/share/lib/core-0.17.0.jar:/nix/store/zw02np72fzsmga6s5mphhw7x8qlzf4sv-ycsb-0.17.0/share/lib/HdrHistogram-2.1.4.jar:/nix/store/zw02np72fzsmga6s5mphhw7x8qlzf4sv-ycsb-0.17.0/share/lib/htrace-core4-4.1.0-incubating.jar:/nix/store/zw02np72fzsmga6s5mphhw7x8qlzf4sv-ycsb-0.17.0/share/lib/jackson-core-asl-1.9.4.jar:/nix/store/zw02np72fzsmga6s5mphhw7x8qlzf4sv-ycsb-0.17.0/share/lib/jackson-mapper-asl-1.9.4.jar:/nix/store/zw02np72fzsmga6s5mphhw7x8qlzf4sv-ycsb-0.17.0/share/redis-binding/lib/commons-pool2-2.4.2.jar:/nix/store/zw02np72fzsmga6s5mphhw7x8qlzf4sv-ycsb-0.17.0/share/redis-binding/lib/jedis-2.9.0.jar:/nix/store/zw02np72fzsmga6s5mphhw7x8qlzf4sv-ycsb-0.17.0/share/redis-binding/lib/redis-binding-0.17.0.jar site.ycsb.Client -t -db site.ycsb.db.RedisClient -s -P /home/host/vmuxIO/test/moonprogs//../../ycsb/share/workloads/workloada -p redis.host=10.1.0.2 -p redis.port=6390 -p operationcount=429496729 -p maxexecutiontime=61 -threads 1
Command line: -t -db site.ycsb.db.RedisClient -s -P /home/host/vmuxIO/test/moonprogs//../../ycsb/share/workloads/workloada -p redis.host=10.1.0.2 -p redis.port=6390 -p operationcount=429496729 -p maxexecutiontime=61 -threads 1
YCSB Client 0.17.0

Loading workload...
Starting test.
Maximum execution time specified as: 61 secs
DBWrapper: report latency for each error is false and specific error codes to track for latency are: []
2025-02-05 03:20:24:148 0 sec: 0 operations; est completion in 0 second 
2025-02-05 03:20:33:934 10 sec: 36221 operations; 3622.1 current ops/sec; est completion in 1 day 8 hours [READ: Count=18028, Max=27871, Min=83, Avg=253.63, 90=406, 99=1010, 99.9=3929, 99.99=13183] [UPDATE: Count=18205, Max=31279, Min=82, Avg=266.8, 90=418, 99=1409, 99.9=4447, 99.99=11591] 
2025-02-05 03:20:43:944 20 sec: 77065 operations; 4079.91 current ops/sec; est completion in 1 day 6 hours [READ: Count=20527, Max=19807, Min=97, Avg=241.77, 90=403, 99=733, 99.9=1743, 99.99=4795] [UPDATE: Count=20305, Max=7179, Min=90, Avg=240.18, 90=401, 99=726, 99.9=1515, 99.99=5095] 
2025-02-05 03:20:53:934 30 sec: 121382 operations; 4436.58 current ops/sec; est completion in 1 day 5 hours [READ: Count=22018, Max=11879, Min=98, Avg=223.38, 90=371, 99=578, 99.9=905, 99.99=2467] [UPDATE: Count=22299, Max=3819, Min=92, Avg=222.6, 90=373, 99=581, 99.9=816, 99.99=1570] 
2025-02-05 03:21:03:934 40 sec: 180466 operations; 5908.4 current ops/sec; est completion in 1 day 2 hours [READ: Count=29409, Max=3649, Min=94, Avg=168.68, 90=256, 99=441, 99.9=592, 99.99=3403] [UPDATE: Count=29675, Max=8423, Min=90, Avg=166.07, 90=252, 99=440, 99.9=580, 99.99=2137] 
2025-02-05 03:21:13:934 50 sec: 210548 operations; 3008.2 current ops/sec; est completion in 1 day 4 hours [READ: Count=14942, Max=1496, Min=109, Avg=327.84, 90=477, 99=720, 99.9=1053, 99.99=1483] [UPDATE: Count=15140, Max=9351, Min=101, Avg=331.02, 90=484, 99=735, 99.9=1017, 99.99=1420] 
2025-02-05 03:21:23:934 60 sec: 282123 operations; 7157.5 current ops/sec; est completion in 1 day 1 hour [READ: Count=35735, Max=11103, Min=80, Avg=138.74, 90=170, 99=429, 99.9=847, 99.99=1694] [UPDATE: Count=35840, Max=4155, Min=78, Avg=137.15, 90=171, 99=441, 99.9=858, 99.99=1219] 
Maximum time elapsed. Requesting stop for the workload.
Stop requested for workload. Now Joining!
2025-02-05 03:21:24:952 61 sec: 291312 operations; 9017.66 current ops/sec; est completion in 1 day [READ: Count=4555, Max=786, Min=81, Avg=109.65, 90=129, 99=184, 99.9=304, 99.99=786] [CLEANUP: Count=1, Max=1144, Min=1144, Avg=1144, 90=1144, 99=1144, 99.9=1144, 99.99=1144] [UPDATE: Count=4634, Max=6875, Min=78, Avg=108.3, 90=125, 99=184, 99.9=314, 99.99=6875] 
[OVERALL], RunTime(ms), 61024
[OVERALL], Throughput(ops/sec), 4773.72836916623
[TOTAL_GCS_Copy], Count, 27
[TOTAL_GC_TIME_Copy], Time(ms), 24
[TOTAL_GC_TIME_%_Copy], Time(%), 0.03932878867330886
[TOTAL_GCS_MarkSweepCompact], Count, 0
[TOTAL_GC_TIME_MarkSweepCompact], Time(ms), 0
[TOTAL_GC_TIME_%_MarkSweepCompact], Time(%), 0.0
[TOTAL_GCs], Count, 27
[TOTAL_GC_TIME], Time(ms), 24
[TOTAL_GC_TIME_%], Time(%), 0.03932878867330886
[READ], Operations, 145214
[READ], AverageLatency(us), 205.00829121159117
[READ], MinLatency(us), 80
[READ], MaxLatency(us), 27871
[READ], 95thPercentileLatency(us), 433
[READ], 99thPercentileLatency(us), 619
[READ], Return=OK, 145214
[CLEANUP], Operations, 1
[CLEANUP], AverageLatency(us), 1144.0
[CLEANUP], MinLatency(us), 1144
[CLEANUP], MaxLatency(us), 1144
[CLEANUP], 95thPercentileLatency(us), 1144
[CLEANUP], 99thPercentileLatency(us), 1144
[UPDATE], Operations, 146098
[UPDATE], AverageLatency(us), 205.71727881285165
[UPDATE], MinLatency(us), 78
[UPDATE], MaxLatency(us), 31279
[UPDATE], 95thPercentileLatency(us), 437
[UPDATE], 99thPercentileLatency(us), 638
[UPDATE], Return=OK, 146098
AUTOTEST_DONE
