/nix/store/2vwkssqpzykk37r996cafq7x63imf4sp-openjdk-21+35/bin/java  -classpath /nix/store/zw02np72fzsmga6s5mphhw7x8qlzf4sv-ycsb-0.17.0/share/conf:/nix/store/zw02np72fzsmga6s5mphhw7x8qlzf4sv-ycsb-0.17.0/share/lib/core-0.17.0.jar:/nix/store/zw02np72fzsmga6s5mphhw7x8qlzf4sv-ycsb-0.17.0/share/lib/HdrHistogram-2.1.4.jar:/nix/store/zw02np72fzsmga6s5mphhw7x8qlzf4sv-ycsb-0.17.0/share/lib/htrace-core4-4.1.0-incubating.jar:/nix/store/zw02np72fzsmga6s5mphhw7x8qlzf4sv-ycsb-0.17.0/share/lib/jackson-core-asl-1.9.4.jar:/nix/store/zw02np72fzsmga6s5mphhw7x8qlzf4sv-ycsb-0.17.0/share/lib/jackson-mapper-asl-1.9.4.jar:/nix/store/zw02np72fzsmga6s5mphhw7x8qlzf4sv-ycsb-0.17.0/share/redis-binding/lib/commons-pool2-2.4.2.jar:/nix/store/zw02np72fzsmga6s5mphhw7x8qlzf4sv-ycsb-0.17.0/share/redis-binding/lib/jedis-2.9.0.jar:/nix/store/zw02np72fzsmga6s5mphhw7x8qlzf4sv-ycsb-0.17.0/share/redis-binding/lib/redis-binding-0.17.0.jar site.ycsb.Client -t -db site.ycsb.db.RedisClient -s -P /home/host/vmuxIO/test/moonprogs//../../ycsb/share/workloads/workloada -p redis.host=10.1.0.2 -p redis.port=6379 -p operationcount=429496729 -p maxexecutiontime=61 -threads 1
Command line: -t -db site.ycsb.db.RedisClient -s -P /home/host/vmuxIO/test/moonprogs//../../ycsb/share/workloads/workloada -p redis.host=10.1.0.2 -p redis.port=6379 -p operationcount=429496729 -p maxexecutiontime=61 -threads 1
YCSB Client 0.17.0

Loading workload...
Starting test.
Maximum execution time specified as: 61 secs
DBWrapper: report latency for each error is false and specific error codes to track for latency are: []
2024-06-26 11:53:25:750 0 sec: 0 operations; est completion in 0 second 
2024-06-26 11:53:35:519 10 sec: 45187 operations; 4518.7 current ops/sec; est completion in 1 day 2 hours [READ: Count=22549, Max=21855, Min=105, Avg=212.36, 90=260, 99=344, 99.9=1133, 99.99=6543] [UPDATE: Count=22647, Max=38207, Min=108, Avg=209.51, 90=255, 99=345, 99.9=1807, 99.99=6263] 
2024-06-26 11:53:45:518 20 sec: 94273 operations; 4908.6 current ops/sec; est completion in 1 day 1 hour [READ: Count=24620, Max=9871, Min=103, Avg=203.47, 90=257, 99=311, 99.9=380, 99.99=1990] [UPDATE: Count=24457, Max=3199, Min=101, Avg=199.53, 90=252, 99=306, 99.9=379, 99.99=1972] 
2024-06-26 11:53:55:519 30 sec: 145845 operations; 5157.2 current ops/sec; est completion in 1 day [READ: Count=25914, Max=1253, Min=98, Avg=193.68, 90=251, 99=323, 99.9=402, 99.99=893] [UPDATE: Count=25658, Max=5839, Min=93, Avg=190.61, 90=247, 99=315, 99.9=395, 99.99=979] 
2024-06-26 11:54:05:519 40 sec: 197057 operations; 5121.2 current ops/sec; est completion in 1 day [READ: Count=25689, Max=7299, Min=94, Avg=194.85, 90=241, 99=308, 99.9=380, 99.99=883] [UPDATE: Count=25523, Max=4057, Min=90, Avg=192.14, 90=239, 99=303, 99.9=374, 99.99=1003] 
2024-06-26 11:54:15:519 50 sec: 246861 operations; 4980.4 current ops/sec; est completion in 1 day [READ: Count=24995, Max=8447, Min=103, Avg=200.85, 90=250, 99=319, 99.9=397, 99.99=757] [UPDATE: Count=24809, Max=946, Min=98, Avg=196.98, 90=247, 99=312, 99.9=383, 99.99=795] 
2024-06-26 11:54:25:519 60 sec: 299048 operations; 5218.7 current ops/sec; est completion in 23 hours 55 minutes [READ: Count=25983, Max=6015, Min=95, Avg=191.5, 90=235, 99=289, 99.9=353, 99.99=745] [UPDATE: Count=26204, Max=703, Min=95, Avg=188.1, 90=232, 99=285, 99.9=360, 99.99=536] 
Maximum time elapsed. Requesting stop for the workload.
Stop requested for workload. Now Joining!
2024-06-26 11:54:26:534 61 sec: 307230 operations; 8061.08 current ops/sec; est completion in 23 hours 40 minutes [READ: Count=3995, Max=750, Min=83, Avg=122.82, 90=152, 99=194, 99.9=260, 99.99=750] [CLEANUP: Count=1, Max=1296, Min=1296, Avg=1296, 90=1296, 99=1296, 99.9=1296, 99.99=1296] [UPDATE: Count=4187, Max=3883, Min=80, Avg=121.2, 90=149, 99=193, 99.9=317, 99.99=3883] 
[OVERALL], RunTime(ms), 61020
[OVERALL], Throughput(ops/sec), 5034.906588003933
[TOTAL_GCS_Copy], Count, 28
[TOTAL_GC_TIME_Copy], Time(ms), 27
[TOTAL_GC_TIME_%_Copy], Time(%), 0.04424778761061947
[TOTAL_GCS_MarkSweepCompact], Count, 0
[TOTAL_GC_TIME_MarkSweepCompact], Time(ms), 0
[TOTAL_GC_TIME_%_MarkSweepCompact], Time(%), 0.0
[TOTAL_GCs], Count, 28
[TOTAL_GC_TIME], Time(ms), 27
[TOTAL_GC_TIME_%], Time(%), 0.04424778761061947
[READ], Operations, 153745
[READ], AverageLatency(us), 197.1388272789359
[READ], MinLatency(us), 83
[READ], MaxLatency(us), 21855
[READ], 95thPercentileLatency(us), 267
[READ], 99thPercentileLatency(us), 317
[READ], Return=OK, 153745
[CLEANUP], Operations, 1
[CLEANUP], AverageLatency(us), 1296.0
[CLEANUP], MinLatency(us), 1296
[CLEANUP], MaxLatency(us), 1296
[CLEANUP], 95thPercentileLatency(us), 1296
[CLEANUP], 99thPercentileLatency(us), 1296
[UPDATE], Operations, 153485
[UPDATE], AverageLatency(us), 193.78272143857706
[UPDATE], MinLatency(us), 80
[UPDATE], MaxLatency(us), 38207
[UPDATE], 95thPercentileLatency(us), 263
[UPDATE], 99thPercentileLatency(us), 312
[UPDATE], Return=OK, 153485
AUTOTEST_DONE
