/nix/store/2vwkssqpzykk37r996cafq7x63imf4sp-openjdk-21+35/bin/java  -classpath /nix/store/zw02np72fzsmga6s5mphhw7x8qlzf4sv-ycsb-0.17.0/share/conf:/nix/store/zw02np72fzsmga6s5mphhw7x8qlzf4sv-ycsb-0.17.0/share/lib/core-0.17.0.jar:/nix/store/zw02np72fzsmga6s5mphhw7x8qlzf4sv-ycsb-0.17.0/share/lib/HdrHistogram-2.1.4.jar:/nix/store/zw02np72fzsmga6s5mphhw7x8qlzf4sv-ycsb-0.17.0/share/lib/htrace-core4-4.1.0-incubating.jar:/nix/store/zw02np72fzsmga6s5mphhw7x8qlzf4sv-ycsb-0.17.0/share/lib/jackson-core-asl-1.9.4.jar:/nix/store/zw02np72fzsmga6s5mphhw7x8qlzf4sv-ycsb-0.17.0/share/lib/jackson-mapper-asl-1.9.4.jar:/nix/store/zw02np72fzsmga6s5mphhw7x8qlzf4sv-ycsb-0.17.0/share/redis-binding/lib/commons-pool2-2.4.2.jar:/nix/store/zw02np72fzsmga6s5mphhw7x8qlzf4sv-ycsb-0.17.0/share/redis-binding/lib/jedis-2.9.0.jar:/nix/store/zw02np72fzsmga6s5mphhw7x8qlzf4sv-ycsb-0.17.0/share/redis-binding/lib/redis-binding-0.17.0.jar site.ycsb.Client -t -db site.ycsb.db.RedisClient -s -P /home/host/vmuxIO/test/moonprogs//../../ycsb/share/workloads/workloada -p redis.host=10.1.0.2 -p redis.port=6390 -p operationcount=429496729 -p maxexecutiontime=61 -threads 1
Command line: -t -db site.ycsb.db.RedisClient -s -P /home/host/vmuxIO/test/moonprogs//../../ycsb/share/workloads/workloada -p redis.host=10.1.0.2 -p redis.port=6390 -p operationcount=429496729 -p maxexecutiontime=61 -threads 1
YCSB Client 0.17.0

Loading workload...
Starting test.
Maximum execution time specified as: 61 secs
DBWrapper: report latency for each error is false and specific error codes to track for latency are: []
2024-07-11 00:27:40:458 0 sec: 0 operations; est completion in 0 second 
2024-07-11 00:27:50:237 10 sec: 15456 operations; 1545.6 current ops/sec; est completion in 3 days 5 hours [READ: Count=7741, Max=19103, Min=211, Avg=612.18, 90=695, 99=4063, 99.9=5259, 99.99=14311] [UPDATE: Count=7745, Max=39519, Min=211, Avg=632.79, 90=708, 99=4143, 99.9=5959, 99.99=7899] 
2024-07-11 00:28:00:237 20 sec: 31716 operations; 1625.84 current ops/sec; est completion in 3 days 3 hours [READ: Count=8038, Max=6131, Min=212, Avg=612.97, 90=762, 99=1279, 99.9=4379, 99.99=5239] [UPDATE: Count=8192, Max=5951, Min=215, Avg=606.92, 90=754, 99=1221, 99.9=4279, 99.99=5407] 
2024-07-11 00:28:10:237 30 sec: 48709 operations; 1699.47 current ops/sec; est completion in 3 days 1 hour [READ: Count=8461, Max=9911, Min=214, Avg=581.23, 90=716, 99=993, 99.9=4041, 99.99=6007] [UPDATE: Count=8532, Max=8807, Min=214, Avg=586.01, 90=716, 99=1068, 99.9=3915, 99.99=4831] 
2024-07-11 00:28:20:237 40 sec: 65778 operations; 1706.9 current ops/sec; est completion in 3 days [READ: Count=8604, Max=4955, Min=217, Avg=582.6, 90=723, 99=1046, 99.9=3753, 99.99=4595] [UPDATE: Count=8465, Max=5639, Min=213, Avg=581.22, 90=725, 99=1039, 99.9=4147, 99.99=4735] 
2024-07-11 00:28:30:237 50 sec: 82704 operations; 1692.43 current ops/sec; est completion in 3 days [READ: Count=8393, Max=8311, Min=235, Avg=591.25, 90=726, 99=1045, 99.9=3987, 99.99=4463] [UPDATE: Count=8533, Max=4515, Min=226, Avg=584.32, 90=724, 99=1016, 99.9=3593, 99.99=4503] 
2024-07-11 00:28:40:237 60 sec: 98649 operations; 1594.66 current ops/sec; est completion in 3 days [READ: Count=8005, Max=7819, Min=232, Avg=625.06, 90=758, 99=1183, 99.9=4307, 99.99=4647] [UPDATE: Count=7940, Max=9311, Min=236, Avg=622.39, 90=761, 99=1210, 99.9=4379, 99.99=4779] 
Maximum time elapsed. Requesting stop for the workload.
Stop requested for workload. Now Joining!
2024-07-11 00:28:41:252 61 sec: 101575 operations; 2879.92 current ops/sec; est completion in 2 days 23 hours [READ: Count=1457, Max=8815, Min=200, Avg=351.6, 90=487, 99=612, 99.9=4179, 99.99=8815] [CLEANUP: Count=1, Max=1312, Min=1312, Avg=1312, 90=1312, 99=1312, 99.9=1312, 99.99=1312] [UPDATE: Count=1469, Max=2129, Min=191, Avg=333.6, 90=489, 99=616, 99.9=1289, 99.99=2129] 
[OVERALL], RunTime(ms), 61024
[OVERALL], Throughput(ops/sec), 1664.5090456213948
[TOTAL_GCS_Copy], Count, 9
[TOTAL_GC_TIME_Copy], Time(ms), 20
[TOTAL_GC_TIME_%_Copy], Time(%), 0.03277399056109072
[TOTAL_GCS_MarkSweepCompact], Count, 0
[TOTAL_GC_TIME_MarkSweepCompact], Time(ms), 0
[TOTAL_GC_TIME_%_MarkSweepCompact], Time(%), 0.0
[TOTAL_GCs], Count, 9
[TOTAL_GC_TIME], Time(ms), 20
[TOTAL_GC_TIME_%], Time(%), 0.03277399056109072
[READ], Operations, 50699
[READ], AverageLatency(us), 593.2020947158721
[READ], MinLatency(us), 200
[READ], MaxLatency(us), 19103
[READ], 95thPercentileLatency(us), 810
[READ], 99thPercentileLatency(us), 1267
[READ], Return=OK, 50699
[CLEANUP], Operations, 1
[CLEANUP], AverageLatency(us), 1312.0
[CLEANUP], MinLatency(us), 1312
[CLEANUP], MaxLatency(us), 1312
[CLEANUP], 95thPercentileLatency(us), 1312
[CLEANUP], 99thPercentileLatency(us), 1312
[UPDATE], Operations, 50876
[UPDATE], AverageLatency(us), 593.807571349949
[UPDATE], MinLatency(us), 191
[UPDATE], MaxLatency(us), 39519
[UPDATE], 95thPercentileLatency(us), 810
[UPDATE], 99thPercentileLatency(us), 1373
[UPDATE], Return=OK, 50876
AUTOTEST_DONE
