/nix/store/2vwkssqpzykk37r996cafq7x63imf4sp-openjdk-21+35/bin/java  -classpath /nix/store/zw02np72fzsmga6s5mphhw7x8qlzf4sv-ycsb-0.17.0/share/conf:/nix/store/zw02np72fzsmga6s5mphhw7x8qlzf4sv-ycsb-0.17.0/share/lib/core-0.17.0.jar:/nix/store/zw02np72fzsmga6s5mphhw7x8qlzf4sv-ycsb-0.17.0/share/lib/HdrHistogram-2.1.4.jar:/nix/store/zw02np72fzsmga6s5mphhw7x8qlzf4sv-ycsb-0.17.0/share/lib/htrace-core4-4.1.0-incubating.jar:/nix/store/zw02np72fzsmga6s5mphhw7x8qlzf4sv-ycsb-0.17.0/share/lib/jackson-core-asl-1.9.4.jar:/nix/store/zw02np72fzsmga6s5mphhw7x8qlzf4sv-ycsb-0.17.0/share/lib/jackson-mapper-asl-1.9.4.jar:/nix/store/zw02np72fzsmga6s5mphhw7x8qlzf4sv-ycsb-0.17.0/share/redis-binding/lib/commons-pool2-2.4.2.jar:/nix/store/zw02np72fzsmga6s5mphhw7x8qlzf4sv-ycsb-0.17.0/share/redis-binding/lib/jedis-2.9.0.jar:/nix/store/zw02np72fzsmga6s5mphhw7x8qlzf4sv-ycsb-0.17.0/share/redis-binding/lib/redis-binding-0.17.0.jar site.ycsb.Client -t -db site.ycsb.db.RedisClient -s -P /home/host/vmuxIO/test/moonprogs//../../ycsb/share/workloads/workloada -p redis.host=10.1.0.2 -p redis.port=6383 -p operationcount=429496729 -p maxexecutiontime=61 -threads 1
Command line: -t -db site.ycsb.db.RedisClient -s -P /home/host/vmuxIO/test/moonprogs//../../ycsb/share/workloads/workloada -p redis.host=10.1.0.2 -p redis.port=6383 -p operationcount=429496729 -p maxexecutiontime=61 -threads 1
YCSB Client 0.17.0

Loading workload...
Starting test.
Maximum execution time specified as: 61 secs
DBWrapper: report latency for each error is false and specific error codes to track for latency are: []
2024-07-11 18:56:30:205 0 sec: 0 operations; est completion in 0 second 
2024-07-11 18:56:40:006 10 sec: 18709 operations; 1870.71 current ops/sec; est completion in 2 days 15 hours [READ: Count=9358, Max=55615, Min=217, Avg=514.21, 90=600, 99=3429, 99.9=4403, 99.99=4567] [UPDATE: Count=9368, Max=15135, Min=218, Avg=515.05, 90=603, 99=3551, 99.9=4815, 99.99=7875] 
2024-07-11 18:56:50:006 20 sec: 36260 operations; 1755.1 current ops/sec; est completion in 2 days 17 hours [READ: Count=8841, Max=8663, Min=218, Avg=568.34, 90=704, 99=977, 99.9=2993, 99.99=7451] [UPDATE: Count=8693, Max=4171, Min=224, Avg=561.15, 90=706, 99=973, 99.9=1480, 99.99=3743] 
2024-07-11 18:57:00:006 30 sec: 54385 operations; 1812.5 current ops/sec; est completion in 2 days 17 hours [READ: Count=9067, Max=3317, Min=205, Avg=547.17, 90=683, 99=917, 99.9=1225, 99.99=3207] [UPDATE: Count=9058, Max=10527, Min=219, Avg=548.35, 90=684, 99=925, 99.9=1939, 99.99=4059] 
2024-07-11 18:57:10:006 40 sec: 72272 operations; 1788.88 current ops/sec; est completion in 2 days 18 hours [READ: Count=8922, Max=4671, Min=213, Avg=556.45, 90=696, 99=975, 99.9=1377, 99.99=3985] [UPDATE: Count=8965, Max=8039, Min=210, Avg=555.32, 90=692, 99=979, 99.9=1492, 99.99=3235] 
2024-07-11 18:57:20:006 50 sec: 89455 operations; 1718.13 current ops/sec; est completion in 2 days 18 hours [READ: Count=8563, Max=6147, Min=220, Avg=578.95, 90=732, 99=1101, 99.9=2016, 99.99=4439] [UPDATE: Count=8620, Max=3531, Min=214, Avg=579.99, 90=741, 99=1089, 99.9=1936, 99.99=3309] 
2024-07-11 18:57:30:006 60 sec: 106339 operations; 1688.4 current ops/sec; est completion in 2 days 19 hours [READ: Count=8533, Max=4803, Min=231, Avg=588.7, 90=725, 99=1009, 99.9=1358, 99.99=3543] [UPDATE: Count=8351, Max=9847, Min=234, Avg=588.75, 90=728, 99=1008, 99.9=1909, 99.99=4375] 
Maximum time elapsed. Requesting stop for the workload.
Stop requested for workload. Now Joining!
2024-07-11 18:57:31:019 61 sec: 108113 operations; 1751.23 current ops/sec; est completion in 2 days 19 hours [READ: Count=881, Max=8327, Min=237, Avg=575.16, 90=719, 99=996, 99.9=3113, 99.99=8327] [CLEANUP: Count=1, Max=1331, Min=1331, Avg=1331, 90=1331, 99=1331, 99.9=1331, 99.99=1331] [UPDATE: Count=893, Max=1540, Min=228, Avg=556.62, 90=684, 99=967, 99.9=1475, 99.99=1540] 
[OVERALL], RunTime(ms), 61018
[OVERALL], Throughput(ops/sec), 1771.8214297420434
[TOTAL_GCS_Copy], Count, 10
[TOTAL_GC_TIME_Copy], Time(ms), 18
[TOTAL_GC_TIME_%_Copy], Time(%), 0.02949949195319414
[TOTAL_GCS_MarkSweepCompact], Count, 0
[TOTAL_GC_TIME_MarkSweepCompact], Time(ms), 0
[TOTAL_GC_TIME_%_MarkSweepCompact], Time(%), 0.0
[TOTAL_GCs], Count, 10
[TOTAL_GC_TIME], Time(ms), 18
[TOTAL_GC_TIME_%], Time(%), 0.02949949195319414
[READ], Operations, 54165
[READ], AverageLatency(us), 558.4794609064894
[READ], MinLatency(us), 205
[READ], MaxLatency(us), 55615
[READ], 95thPercentileLatency(us), 771
[READ], 99thPercentileLatency(us), 1030
[READ], Return=OK, 54165
[CLEANUP], Operations, 1
[CLEANUP], AverageLatency(us), 1331.0
[CLEANUP], MinLatency(us), 1331
[CLEANUP], MaxLatency(us), 1331
[CLEANUP], 95thPercentileLatency(us), 1331
[CLEANUP], 99thPercentileLatency(us), 1331
[UPDATE], Operations, 53948
[UPDATE], AverageLatency(us), 557.233539704901
[UPDATE], MinLatency(us), 210
[UPDATE], MaxLatency(us), 15135
[UPDATE], 95thPercentileLatency(us), 774
[UPDATE], 99thPercentileLatency(us), 1038
[UPDATE], Return=OK, 53948
AUTOTEST_DONE
