/nix/store/2vwkssqpzykk37r996cafq7x63imf4sp-openjdk-21+35/bin/java  -classpath /nix/store/zw02np72fzsmga6s5mphhw7x8qlzf4sv-ycsb-0.17.0/share/conf:/nix/store/zw02np72fzsmga6s5mphhw7x8qlzf4sv-ycsb-0.17.0/share/lib/core-0.17.0.jar:/nix/store/zw02np72fzsmga6s5mphhw7x8qlzf4sv-ycsb-0.17.0/share/lib/HdrHistogram-2.1.4.jar:/nix/store/zw02np72fzsmga6s5mphhw7x8qlzf4sv-ycsb-0.17.0/share/lib/htrace-core4-4.1.0-incubating.jar:/nix/store/zw02np72fzsmga6s5mphhw7x8qlzf4sv-ycsb-0.17.0/share/lib/jackson-core-asl-1.9.4.jar:/nix/store/zw02np72fzsmga6s5mphhw7x8qlzf4sv-ycsb-0.17.0/share/lib/jackson-mapper-asl-1.9.4.jar:/nix/store/zw02np72fzsmga6s5mphhw7x8qlzf4sv-ycsb-0.17.0/share/redis-binding/lib/commons-pool2-2.4.2.jar:/nix/store/zw02np72fzsmga6s5mphhw7x8qlzf4sv-ycsb-0.17.0/share/redis-binding/lib/jedis-2.9.0.jar:/nix/store/zw02np72fzsmga6s5mphhw7x8qlzf4sv-ycsb-0.17.0/share/redis-binding/lib/redis-binding-0.17.0.jar site.ycsb.Client -t -db site.ycsb.db.RedisClient -s -P /home/host/vmuxIO/test/moonprogs//../../ycsb/share/workloads/workloada -p redis.host=10.1.0.2 -p redis.port=6379 -p operationcount=429496729 -p maxexecutiontime=61 -threads 1
Command line: -t -db site.ycsb.db.RedisClient -s -P /home/host/vmuxIO/test/moonprogs//../../ycsb/share/workloads/workloada -p redis.host=10.1.0.2 -p redis.port=6379 -p operationcount=429496729 -p maxexecutiontime=61 -threads 1
YCSB Client 0.17.0

Loading workload...
Starting test.
Maximum execution time specified as: 61 secs
DBWrapper: report latency for each error is false and specific error codes to track for latency are: []
2025-01-14 17:54:16:874 0 sec: 0 operations; est completion in 0 second 
2025-01-14 17:54:26:553 10 sec: 126873 operations; 12686.03 current ops/sec; est completion in 9 hours 24 minutes [READ: Count=63638, Max=26287, Min=48, Avg=74.57, 90=66, 99=99, 99.9=7995, 99.99=9751] [UPDATE: Count=63237, Max=44415, Min=46, Avg=74.3, 90=65, 99=101, 99.9=7987, 99.99=9999] 
2025-01-14 17:54:36:553 20 sec: 296980 operations; 17010.7 current ops/sec; est completion in 8 hours 1 minute [READ: Count=85572, Max=8003, Min=47, Avg=58.57, 90=66, 99=114, 99.9=261, 99.99=1030] [UPDATE: Count=84533, Max=8839, Min=45, Avg=56.32, 90=64, 99=109, 99.9=241, 99.99=454] 
2025-01-14 17:54:46:553 30 sec: 473726 operations; 17676.37 current ops/sec; est completion in 7 hours 32 minutes [READ: Count=88042, Max=11503, Min=47, Avg=56.5, 90=64, 99=84, 99.9=104, 99.99=405] [UPDATE: Count=88704, Max=2215, Min=45, Avg=54.42, 90=62, 99=81, 99.9=100, 99.99=281] 
2025-01-14 17:54:56:553 40 sec: 655845 operations; 18211.9 current ops/sec; est completion in 7 hours 15 minutes [READ: Count=91199, Max=8087, Min=47, Avg=54.66, 90=62, 99=78, 99.9=103, 99.99=434] [UPDATE: Count=90920, Max=11175, Min=45, Avg=52.88, 90=60, 99=76, 99.9=98, 99.99=333] 
2025-01-14 17:55:06:553 50 sec: 830888 operations; 17504.3 current ops/sec; est completion in 7 hours 9 minutes [READ: Count=87640, Max=587, Min=47, Avg=56.96, 90=65, 99=114, 99.9=251, 99.99=528] [UPDATE: Count=87403, Max=5227, Min=45, Avg=54.96, 90=62, 99=107, 99.9=241, 99.99=375] 
2025-01-14 17:55:16:553 60 sec: 1004683 operations; 17379.5 current ops/sec; est completion in 7 hours 6 minutes [READ: Count=86367, Max=629, Min=47, Avg=57.24, 90=65, 99=78, 99.9=101, 99.99=310] [UPDATE: Count=87428, Max=10063, Min=45, Avg=55.52, 90=63, 99=76, 99.9=99, 99.99=393] 
Maximum time elapsed. Requesting stop for the workload.
Stop requested for workload. Now Joining!
2025-01-14 17:55:17:564 61 sec: 1020494 operations; 15638.97 current ops/sec; est completion in 7 hours 6 minutes [READ: Count=7917, Max=3589, Min=47, Avg=63.91, 90=71, 99=157, 99.9=913, 99.99=3565] [CLEANUP: Count=1, Max=1158, Min=1158, Avg=1158, 90=1158, 99=1158, 99.9=1158, 99.99=1158] [UPDATE: Count=7894, Max=3155, Min=45, Avg=61.14, 90=69, 99=147, 99.9=954, 99.99=2607] 
[OVERALL], RunTime(ms), 61021
[OVERALL], Throughput(ops/sec), 16723.65251306927
[TOTAL_GCS_Copy], Count, 94
[TOTAL_GC_TIME_Copy], Time(ms), 33
[TOTAL_GC_TIME_%_Copy], Time(%), 0.05407974303928156
[TOTAL_GCS_MarkSweepCompact], Count, 0
[TOTAL_GC_TIME_MarkSweepCompact], Time(ms), 0
[TOTAL_GC_TIME_%_MarkSweepCompact], Time(%), 0.0
[TOTAL_GCs], Count, 94
[TOTAL_GC_TIME], Time(ms), 33
[TOTAL_GC_TIME_%], Time(%), 0.05407974303928156
[READ], Operations, 510375
[READ], AverageLatency(us), 59.089892725936814
[READ], MinLatency(us), 47
[READ], MaxLatency(us), 26287
[READ], 95thPercentileLatency(us), 70
[READ], 99thPercentileLatency(us), 90
[READ], Return=OK, 510375
[CLEANUP], Operations, 1
[CLEANUP], AverageLatency(us), 1158.0
[CLEANUP], MinLatency(us), 1158
[CLEANUP], MaxLatency(us), 1158
[CLEANUP], 95thPercentileLatency(us), 1158
[CLEANUP], 99thPercentileLatency(us), 1158
[UPDATE], Operations, 510119
[UPDATE], AverageLatency(us), 57.30839470790149
[UPDATE], MinLatency(us), 45
[UPDATE], MaxLatency(us), 44415
[UPDATE], 95thPercentileLatency(us), 69
[UPDATE], 99thPercentileLatency(us), 88
[UPDATE], Return=OK, 510119
AUTOTEST_DONE
