/nix/store/2vwkssqpzykk37r996cafq7x63imf4sp-openjdk-21+35/bin/java  -classpath /nix/store/zw02np72fzsmga6s5mphhw7x8qlzf4sv-ycsb-0.17.0/share/conf:/nix/store/zw02np72fzsmga6s5mphhw7x8qlzf4sv-ycsb-0.17.0/share/lib/core-0.17.0.jar:/nix/store/zw02np72fzsmga6s5mphhw7x8qlzf4sv-ycsb-0.17.0/share/lib/HdrHistogram-2.1.4.jar:/nix/store/zw02np72fzsmga6s5mphhw7x8qlzf4sv-ycsb-0.17.0/share/lib/htrace-core4-4.1.0-incubating.jar:/nix/store/zw02np72fzsmga6s5mphhw7x8qlzf4sv-ycsb-0.17.0/share/lib/jackson-core-asl-1.9.4.jar:/nix/store/zw02np72fzsmga6s5mphhw7x8qlzf4sv-ycsb-0.17.0/share/lib/jackson-mapper-asl-1.9.4.jar:/nix/store/zw02np72fzsmga6s5mphhw7x8qlzf4sv-ycsb-0.17.0/share/redis-binding/lib/commons-pool2-2.4.2.jar:/nix/store/zw02np72fzsmga6s5mphhw7x8qlzf4sv-ycsb-0.17.0/share/redis-binding/lib/jedis-2.9.0.jar:/nix/store/zw02np72fzsmga6s5mphhw7x8qlzf4sv-ycsb-0.17.0/share/redis-binding/lib/redis-binding-0.17.0.jar site.ycsb.Client -t -db site.ycsb.db.RedisClient -s -P /home/host/vmuxIO/test/moonprogs//../../ycsb/share/workloads/workloada -p redis.host=10.1.0.2 -p redis.port=6380 -p operationcount=429496729 -p maxexecutiontime=61 -threads 1
Command line: -t -db site.ycsb.db.RedisClient -s -P /home/host/vmuxIO/test/moonprogs//../../ycsb/share/workloads/workloada -p redis.host=10.1.0.2 -p redis.port=6380 -p operationcount=429496729 -p maxexecutiontime=61 -threads 1
YCSB Client 0.17.0

Loading workload...
Starting test.
Maximum execution time specified as: 61 secs
DBWrapper: report latency for each error is false and specific error codes to track for latency are: []
2025-01-14 17:54:16:983 0 sec: 0 operations; est completion in 0 second 
2025-01-14 17:54:26:664 10 sec: 121233 operations; 12123.3 current ops/sec; est completion in 9 hours 50 minutes [READ: Count=60479, Max=93823, Min=47, Avg=78.92, 90=64, 99=124, 99.9=7999, 99.99=9991] [UPDATE: Count=60761, Max=15607, Min=45, Avg=77.53, 90=62, 99=117, 99.9=7991, 99.99=9959] 
2025-01-14 17:54:36:664 20 sec: 296214 operations; 17498.1 current ops/sec; est completion in 8 hours 3 minutes [READ: Count=87829, Max=17295, Min=47, Avg=56.69, 90=63, 99=114, 99.9=246, 99.99=539] [UPDATE: Count=87145, Max=11943, Min=45, Avg=55.21, 90=62, 99=107, 99.9=247, 99.99=539] 
2025-01-14 17:54:46:664 30 sec: 477878 operations; 18166.4 current ops/sec; est completion in 7 hours 28 minutes [READ: Count=90839, Max=7535, Min=46, Avg=54.58, 90=62, 99=74, 99.9=94, 99.99=325] [UPDATE: Count=90825, Max=13487, Min=45, Avg=53.33, 90=61, 99=72, 99.9=91, 99.99=310] 
2025-01-14 17:54:56:664 40 sec: 659574 operations; 18169.6 current ops/sec; est completion in 7 hours 13 minutes [READ: Count=91087, Max=1991, Min=47, Avg=54.73, 90=63, 99=75, 99.9=101, 99.99=297] [UPDATE: Count=90609, Max=4479, Min=45, Avg=53.16, 90=61, 99=73, 99.9=95, 99.99=274] 
2025-01-14 17:55:06:664 50 sec: 833995 operations; 17442.1 current ops/sec; est completion in 7 hours 8 minutes [READ: Count=87141, Max=5571, Min=47, Avg=57.04, 90=65, 99=111, 99.9=248, 99.99=372] [UPDATE: Count=87280, Max=2491, Min=45, Avg=55.32, 90=63, 99=105, 99.9=248, 99.99=460] 
2025-01-14 17:55:16:664 60 sec: 1017562 operations; 18356.7 current ops/sec; est completion in 7 hours 1 minute [READ: Count=91473, Max=450, Min=47, Avg=54.13, 90=62, 99=74, 99.9=94, 99.99=279] [UPDATE: Count=92094, Max=4507, Min=45, Avg=52.62, 90=60, 99=72, 99.9=89, 99.99=245] 
Maximum time elapsed. Requesting stop for the workload.
Stop requested for workload. Now Joining!
2025-01-14 17:55:17:676 61 sec: 1033140 operations; 15393.28 current ops/sec; est completion in 7 hours 1 minute [READ: Count=7836, Max=3927, Min=47, Avg=63.96, 90=73, 99=159, 99.9=1121, 99.99=3537] [CLEANUP: Count=1, Max=941, Min=941, Avg=941, 90=941, 99=941, 99.9=941, 99.99=941] [UPDATE: Count=7742, Max=3203, Min=45, Avg=62.16, 90=72, 99=150, 99.9=584, 99.99=3187] 
[OVERALL], RunTime(ms), 61022
[OVERALL], Throughput(ops/sec), 16930.615187964995
[TOTAL_GCS_Copy], Count, 95
[TOTAL_GC_TIME_Copy], Time(ms), 34
[TOTAL_GC_TIME_%_Copy], Time(%), 0.05571761004227984
[TOTAL_GCS_MarkSweepCompact], Count, 0
[TOTAL_GC_TIME_MarkSweepCompact], Time(ms), 0
[TOTAL_GC_TIME_%_MarkSweepCompact], Time(%), 0.0
[TOTAL_GCs], Count, 95
[TOTAL_GC_TIME], Time(ms), 34
[TOTAL_GC_TIME_%], Time(%), 0.05571761004227984
[READ], Operations, 516684
[READ], AverageLatency(us), 58.29119345673565
[READ], MinLatency(us), 46
[READ], MaxLatency(us), 93823
[READ], 95thPercentileLatency(us), 67
[READ], 99thPercentileLatency(us), 89
[READ], Return=OK, 516684
[CLEANUP], Operations, 1
[CLEANUP], AverageLatency(us), 941.0
[CLEANUP], MinLatency(us), 941
[CLEANUP], MaxLatency(us), 941
[CLEANUP], 95thPercentileLatency(us), 941
[CLEANUP], 99thPercentileLatency(us), 941
[UPDATE], Operations, 516456
[UPDATE], AverageLatency(us), 56.805698839784995
[UPDATE], MinLatency(us), 45
[UPDATE], MaxLatency(us), 15607
[UPDATE], 95thPercentileLatency(us), 65
[UPDATE], 99thPercentileLatency(us), 88
[UPDATE], Return=OK, 516456
AUTOTEST_DONE
