/nix/store/2vwkssqpzykk37r996cafq7x63imf4sp-openjdk-21+35/bin/java  -classpath /nix/store/zw02np72fzsmga6s5mphhw7x8qlzf4sv-ycsb-0.17.0/share/conf:/nix/store/zw02np72fzsmga6s5mphhw7x8qlzf4sv-ycsb-0.17.0/share/lib/core-0.17.0.jar:/nix/store/zw02np72fzsmga6s5mphhw7x8qlzf4sv-ycsb-0.17.0/share/lib/HdrHistogram-2.1.4.jar:/nix/store/zw02np72fzsmga6s5mphhw7x8qlzf4sv-ycsb-0.17.0/share/lib/htrace-core4-4.1.0-incubating.jar:/nix/store/zw02np72fzsmga6s5mphhw7x8qlzf4sv-ycsb-0.17.0/share/lib/jackson-core-asl-1.9.4.jar:/nix/store/zw02np72fzsmga6s5mphhw7x8qlzf4sv-ycsb-0.17.0/share/lib/jackson-mapper-asl-1.9.4.jar:/nix/store/zw02np72fzsmga6s5mphhw7x8qlzf4sv-ycsb-0.17.0/share/redis-binding/lib/commons-pool2-2.4.2.jar:/nix/store/zw02np72fzsmga6s5mphhw7x8qlzf4sv-ycsb-0.17.0/share/redis-binding/lib/jedis-2.9.0.jar:/nix/store/zw02np72fzsmga6s5mphhw7x8qlzf4sv-ycsb-0.17.0/share/redis-binding/lib/redis-binding-0.17.0.jar site.ycsb.Client -t -db site.ycsb.db.RedisClient -s -P /home/host/vmuxIO/test/moonprogs//../../ycsb/share/workloads/workloada -p redis.host=10.1.0.2 -p redis.port=6381 -p operationcount=429496729 -p maxexecutiontime=61 -threads 1
Command line: -t -db site.ycsb.db.RedisClient -s -P /home/host/vmuxIO/test/moonprogs//../../ycsb/share/workloads/workloada -p redis.host=10.1.0.2 -p redis.port=6381 -p operationcount=429496729 -p maxexecutiontime=61 -threads 1
YCSB Client 0.17.0

Loading workload...
Starting test.
Maximum execution time specified as: 61 secs
DBWrapper: report latency for each error is false and specific error codes to track for latency are: []
2025-01-14 01:25:56:888 0 sec: 0 operations; est completion in 0 second 
2025-01-14 01:26:06:584 10 sec: 123343 operations; 12334.3 current ops/sec; est completion in 9 hours 40 minutes [READ: Count=61539, Max=22063, Min=48, Avg=76.65, 90=69, 99=128, 99.9=7983, 99.99=9999] [UPDATE: Count=61804, Max=44447, Min=46, Avg=76.54, 90=67, 99=122, 99.9=7983, 99.99=9999] 
2025-01-14 01:26:16:584 20 sec: 284266 operations; 16092.3 current ops/sec; est completion in 8 hours 23 minutes [READ: Count=80188, Max=19583, Min=48, Avg=62.2, 90=69, 99=124, 99.9=261, 99.99=2979] [UPDATE: Count=80735, Max=7995, Min=46, Avg=59.76, 90=67, 99=123, 99.9=255, 99.99=444] 
2025-01-14 01:26:26:584 30 sec: 450351 operations; 16608.5 current ops/sec; est completion in 7 hours 56 minutes [READ: Count=82827, Max=14663, Min=48, Avg=60.27, 90=67, 99=80, 99.9=128, 99.99=415] [UPDATE: Count=83258, Max=451, Min=46, Avg=57.89, 90=65, 99=81, 99.9=126, 99.99=269] 
2025-01-14 01:26:36:584 40 sec: 619805 operations; 16945.4 current ops/sec; est completion in 7 hours 41 minutes [READ: Count=84532, Max=3779, Min=48, Avg=58.78, 90=66, 99=79, 99.9=124, 99.99=365] [UPDATE: Count=84922, Max=2965, Min=46, Avg=56.96, 90=64, 99=78, 99.9=122, 99.99=261] 
2025-01-14 01:26:46:584 50 sec: 784942 operations; 16513.7 current ops/sec; est completion in 7 hours 35 minutes [READ: Count=82448, Max=4523, Min=48, Avg=60.4, 90=67, 99=82, 99.9=131, 99.99=306] [UPDATE: Count=82689, Max=2071, Min=46, Avg=58.45, 90=65, 99=82, 99.9=126, 99.99=430] 
2025-01-14 01:26:56:584 60 sec: 948479 operations; 16353.7 current ops/sec; est completion in 7 hours 31 minutes [READ: Count=81941, Max=677, Min=47, Avg=60.81, 90=68, 99=119, 99.9=256, 99.99=425] [UPDATE: Count=81596, Max=4863, Min=45, Avg=59.14, 90=67, 99=121, 99.9=252, 99.99=373] 
Maximum time elapsed. Requesting stop for the workload.
Stop requested for workload. Now Joining!
2025-01-14 01:26:57:588 61 sec: 964306 operations; 15763.94 current ops/sec; est completion in 7 hours 31 minutes [READ: Count=8014, Max=4207, Min=48, Avg=63.53, 90=69, 99=146, 99.9=1059, 99.99=3603] [CLEANUP: Count=1, Max=799, Min=799, Avg=799, 90=799, 99=799, 99.9=799, 99.99=799] [UPDATE: Count=7813, Max=3765, Min=46, Avg=60.5, 90=67, 99=131, 99.9=629, 99.99=2723] 
[OVERALL], RunTime(ms), 61012
[OVERALL], Throughput(ops/sec), 15805.185865075722
[TOTAL_GCS_Copy], Count, 89
[TOTAL_GC_TIME_Copy], Time(ms), 27
[TOTAL_GC_TIME_%_Copy], Time(%), 0.044253589457811576
[TOTAL_GCS_MarkSweepCompact], Count, 0
[TOTAL_GC_TIME_MarkSweepCompact], Time(ms), 0
[TOTAL_GC_TIME_%_MarkSweepCompact], Time(%), 0.0
[TOTAL_GCs], Count, 89
[TOTAL_GC_TIME], Time(ms), 27
[TOTAL_GC_TIME_%], Time(%), 0.044253589457811576
[READ], Operations, 481489
[READ], AverageLatency(us), 62.59261582299907
[READ], MinLatency(us), 47
[READ], MaxLatency(us), 22063
[READ], 95thPercentileLatency(us), 73
[READ], 99thPercentileLatency(us), 107
[READ], Return=OK, 481489
[CLEANUP], Operations, 1
[CLEANUP], AverageLatency(us), 799.0
[CLEANUP], MinLatency(us), 799
[CLEANUP], MaxLatency(us), 799
[CLEANUP], 95thPercentileLatency(us), 799
[CLEANUP], 99thPercentileLatency(us), 799
[UPDATE], Operations, 482817
[UPDATE], AverageLatency(us), 60.77639146923161
[UPDATE], MinLatency(us), 45
[UPDATE], MaxLatency(us), 44447
[UPDATE], 95thPercentileLatency(us), 72
[UPDATE], 99thPercentileLatency(us), 113
[UPDATE], Return=OK, 482817
AUTOTEST_DONE
