/nix/store/2vwkssqpzykk37r996cafq7x63imf4sp-openjdk-21+35/bin/java  -classpath /nix/store/zw02np72fzsmga6s5mphhw7x8qlzf4sv-ycsb-0.17.0/share/conf:/nix/store/zw02np72fzsmga6s5mphhw7x8qlzf4sv-ycsb-0.17.0/share/lib/core-0.17.0.jar:/nix/store/zw02np72fzsmga6s5mphhw7x8qlzf4sv-ycsb-0.17.0/share/lib/HdrHistogram-2.1.4.jar:/nix/store/zw02np72fzsmga6s5mphhw7x8qlzf4sv-ycsb-0.17.0/share/lib/htrace-core4-4.1.0-incubating.jar:/nix/store/zw02np72fzsmga6s5mphhw7x8qlzf4sv-ycsb-0.17.0/share/lib/jackson-core-asl-1.9.4.jar:/nix/store/zw02np72fzsmga6s5mphhw7x8qlzf4sv-ycsb-0.17.0/share/lib/jackson-mapper-asl-1.9.4.jar:/nix/store/zw02np72fzsmga6s5mphhw7x8qlzf4sv-ycsb-0.17.0/share/redis-binding/lib/commons-pool2-2.4.2.jar:/nix/store/zw02np72fzsmga6s5mphhw7x8qlzf4sv-ycsb-0.17.0/share/redis-binding/lib/jedis-2.9.0.jar:/nix/store/zw02np72fzsmga6s5mphhw7x8qlzf4sv-ycsb-0.17.0/share/redis-binding/lib/redis-binding-0.17.0.jar site.ycsb.Client -t -db site.ycsb.db.RedisClient -s -P /home/host/vmuxIO/test/moonprogs//../../ycsb/share/workloads/workloada -p redis.host=10.1.0.2 -p redis.port=6385 -p operationcount=429496729 -p maxexecutiontime=61 -threads 1
Command line: -t -db site.ycsb.db.RedisClient -s -P /home/host/vmuxIO/test/moonprogs//../../ycsb/share/workloads/workloada -p redis.host=10.1.0.2 -p redis.port=6385 -p operationcount=429496729 -p maxexecutiontime=61 -threads 1
YCSB Client 0.17.0

Loading workload...
Starting test.
Maximum execution time specified as: 61 secs
DBWrapper: report latency for each error is false and specific error codes to track for latency are: []
2025-02-05 01:53:13:379 0 sec: 0 operations; est completion in 0 second 
2025-02-05 01:53:23:229 10 sec: 84788 operations; 8478.8 current ops/sec; est completion in 14 hours 4 minutes [READ: Count=42438, Max=20959, Min=80, Avg=112.67, 90=138, 99=219, 99.9=1629, 99.99=3973] [UPDATE: Count=42355, Max=22959, Min=78, Avg=112.53, 90=136, 99=224, 99.9=1658, 99.99=5099] 
2025-02-05 01:53:33:229 20 sec: 181878 operations; 9709 current ops/sec; est completion in 13 hours 6 minutes [READ: Count=48382, Max=8059, Min=79, Avg=102.32, 90=113, 99=160, 99.9=272, 99.99=967] [UPDATE: Count=48703, Max=2485, Min=77, Avg=100.24, 90=112, 99=159, 99.9=239, 99.99=1966] 
2025-02-05 01:53:43:228 30 sec: 272562 operations; 9068.4 current ops/sec; est completion in 13 hours 7 minutes [READ: Count=45318, Max=4675, Min=79, Avg=109.81, 90=144, 99=245, 99.9=497, 99.99=978] [UPDATE: Count=45366, Max=2133, Min=78, Avg=107.32, 90=140, 99=241, 99.9=462, 99.99=1100] 
2025-02-05 01:53:53:228 40 sec: 371095 operations; 9853.3 current ops/sec; est completion in 12 hours 50 minutes [READ: Count=49270, Max=4091, Min=79, Avg=100.98, 90=113, 99=158, 99.9=256, 99.99=615] [UPDATE: Count=49263, Max=2989, Min=77, Avg=98.84, 90=111, 99=154, 99.9=237, 99.99=2063] 
2025-02-05 01:54:03:228 50 sec: 467853 operations; 9675.8 current ops/sec; est completion in 12 hours 44 minutes [READ: Count=48502, Max=3745, Min=80, Avg=102.79, 90=115, 99=164, 99.9=271, 99.99=617] [UPDATE: Count=48256, Max=4127, Min=77, Avg=100.73, 90=113, 99=164, 99.9=260, 99.99=453] 
2025-02-05 01:54:13:228 60 sec: 559311 operations; 9145.8 current ops/sec; est completion in 12 hours 46 minutes [READ: Count=45770, Max=6467, Min=75, Avg=108.74, 90=143, 99=225, 99.9=402, 99.99=1657] [UPDATE: Count=45688, Max=3553, Min=78, Avg=106.48, 90=141, 99=229, 99.9=391, 99.99=2042] 
Maximum time elapsed. Requesting stop for the workload.
Stop requested for workload. Now Joining!
2025-02-05 01:54:14:236 61 sec: 568759 operations; 9382.32 current ops/sec; est completion in 12 hours 46 minutes [READ: Count=4679, Max=346, Min=82, Avg=105.12, 90=137, 99=161, 99.9=190, 99.99=346] [CLEANUP: Count=1, Max=1125, Min=1125, Avg=1125, 90=1125, 99=1125, 99.9=1125, 99.99=1125] [UPDATE: Count=4769, Max=4591, Min=79, Avg=104.38, 90=136, 99=161, 99.9=289, 99.99=4591] 
[OVERALL], RunTime(ms), 61011
[OVERALL], Throughput(ops/sec), 9322.236973660487
[TOTAL_GCS_Copy], Count, 52
[TOTAL_GC_TIME_Copy], Time(ms), 22
[TOTAL_GC_TIME_%_Copy], Time(%), 0.03605907131500877
[TOTAL_GCS_MarkSweepCompact], Count, 0
[TOTAL_GC_TIME_MarkSweepCompact], Time(ms), 0
[TOTAL_GC_TIME_%_MarkSweepCompact], Time(%), 0.0
[TOTAL_GCs], Count, 52
[TOTAL_GC_TIME], Time(ms), 22
[TOTAL_GC_TIME_%], Time(%), 0.03605907131500877
[READ], Operations, 284359
[READ], AverageLatency(us), 105.98685816168998
[READ], MinLatency(us), 75
[READ], MaxLatency(us), 20959
[READ], 95thPercentileLatency(us), 150
[READ], 99thPercentileLatency(us), 200
[READ], Return=OK, 284359
[CLEANUP], Operations, 1
[CLEANUP], AverageLatency(us), 1125.0
[CLEANUP], MinLatency(us), 1125
[CLEANUP], MaxLatency(us), 1125
[CLEANUP], 95thPercentileLatency(us), 1125
[CLEANUP], 99thPercentileLatency(us), 1125
[UPDATE], Operations, 284400
[UPDATE], AverageLatency(us), 104.11159282700422
[UPDATE], MinLatency(us), 77
[UPDATE], MaxLatency(us), 22959
[UPDATE], 95thPercentileLatency(us), 149
[UPDATE], 99thPercentileLatency(us), 200
[UPDATE], Return=OK, 284400
AUTOTEST_DONE
