/nix/store/2vwkssqpzykk37r996cafq7x63imf4sp-openjdk-21+35/bin/java  -classpath /nix/store/zw02np72fzsmga6s5mphhw7x8qlzf4sv-ycsb-0.17.0/share/conf:/nix/store/zw02np72fzsmga6s5mphhw7x8qlzf4sv-ycsb-0.17.0/share/lib/core-0.17.0.jar:/nix/store/zw02np72fzsmga6s5mphhw7x8qlzf4sv-ycsb-0.17.0/share/lib/HdrHistogram-2.1.4.jar:/nix/store/zw02np72fzsmga6s5mphhw7x8qlzf4sv-ycsb-0.17.0/share/lib/htrace-core4-4.1.0-incubating.jar:/nix/store/zw02np72fzsmga6s5mphhw7x8qlzf4sv-ycsb-0.17.0/share/lib/jackson-core-asl-1.9.4.jar:/nix/store/zw02np72fzsmga6s5mphhw7x8qlzf4sv-ycsb-0.17.0/share/lib/jackson-mapper-asl-1.9.4.jar:/nix/store/zw02np72fzsmga6s5mphhw7x8qlzf4sv-ycsb-0.17.0/share/redis-binding/lib/commons-pool2-2.4.2.jar:/nix/store/zw02np72fzsmga6s5mphhw7x8qlzf4sv-ycsb-0.17.0/share/redis-binding/lib/jedis-2.9.0.jar:/nix/store/zw02np72fzsmga6s5mphhw7x8qlzf4sv-ycsb-0.17.0/share/redis-binding/lib/redis-binding-0.17.0.jar site.ycsb.Client -t -db site.ycsb.db.RedisClient -s -P /home/host/vmuxIO/test/moonprogs//../../ycsb/share/workloads/workloada -p redis.host=10.1.0.2 -p redis.port=6384 -p operationcount=429496729 -p maxexecutiontime=61 -threads 1
Command line: -t -db site.ycsb.db.RedisClient -s -P /home/host/vmuxIO/test/moonprogs//../../ycsb/share/workloads/workloada -p redis.host=10.1.0.2 -p redis.port=6384 -p operationcount=429496729 -p maxexecutiontime=61 -threads 1
YCSB Client 0.17.0

Loading workload...
Starting test.
Maximum execution time specified as: 61 secs
DBWrapper: report latency for each error is false and specific error codes to track for latency are: []
2024-08-21 18:57:19:578 0 sec: 0 operations; est completion in 0 second 
2024-08-21 18:57:29:406 10 sec: 45824 operations; 4582.4 current ops/sec; est completion in 1 day 2 hours [READ: Count=23029, Max=46943, Min=104, Avg=212.14, 90=315, 99=462, 99.9=1161, 99.99=5783] [UPDATE: Count=22802, Max=7571, Min=99, Avg=206.89, 90=309, 99=460, 99.9=2299, 99.99=6351] 
2024-08-21 18:57:39:406 20 sec: 99301 operations; 5347.7 current ops/sec; est completion in 1 day [READ: Count=26764, Max=3183, Min=105, Avg=187.79, 90=272, 99=400, 99.9=484, 99.99=981] [UPDATE: Count=26706, Max=3493, Min=98, Avg=181.17, 90=265, 99=388, 99.9=478, 99.99=742] 
2024-08-21 18:57:49:406 30 sec: 153353 operations; 5405.2 current ops/sec; est completion in 23 hours 19 minutes [READ: Count=27088, Max=8327, Min=99, Avg=186.26, 90=268, 99=402, 99.9=497, 99.99=985] [UPDATE: Count=26964, Max=5087, Min=100, Avg=179.8, 90=259, 99=390, 99.9=481, 99.99=2061] 
2024-08-21 18:57:59:406 40 sec: 206806 operations; 5345.3 current ops/sec; est completion in 23 hours 3 minutes [READ: Count=26508, Max=8543, Min=97, Avg=189.52, 90=273, 99=399, 99.9=484, 99.99=785] [UPDATE: Count=26945, Max=1764, Min=95, Avg=180.92, 90=261, 99=388, 99.9=464, 99.99=759] 
2024-08-21 18:58:09:405 50 sec: 263096 operations; 5629 current ops/sec; est completion in 22 hours 39 minutes [READ: Count=28110, Max=6411, Min=96, Avg=179.04, 90=259, 99=393, 99.9=493, 99.99=588] [UPDATE: Count=28180, Max=1850, Min=91, Avg=172.71, 90=253, 99=388, 99.9=496, 99.99=649] 
2024-08-21 18:58:19:406 60 sec: 316858 operations; 5376.2 current ops/sec; est completion in 22 hours 34 minutes [READ: Count=26915, Max=936, Min=103, Avg=187.14, 90=273, 99=400, 99.9=476, 99.99=589] [UPDATE: Count=26847, Max=5063, Min=98, Avg=181.15, 90=264, 99=393, 99.9=484, 99.99=1306] 
Maximum time elapsed. Requesting stop for the workload.
Stop requested for workload. Now Joining!
2024-08-21 18:58:20:421 61 sec: 321785 operations; 4849.41 current ops/sec; est completion in 22 hours 36 minutes [READ: Count=2449, Max=4483, Min=119, Avg=205.74, 90=356, 99=417, 99.9=567, 99.99=4483] [CLEANUP: Count=1, Max=1027, Min=1027, Avg=1027, 90=1027, 99=1027, 99.9=1027, 99.99=1027] [UPDATE: Count=2478, Max=605, Min=113, Avg=201.79, 90=356, 99=413, 99.9=588, 99.99=605] 
[OVERALL], RunTime(ms), 61020
[OVERALL], Throughput(ops/sec), 5273.434939364143
[TOTAL_GCS_Copy], Count, 30
[TOTAL_GC_TIME_Copy], Time(ms), 19
[TOTAL_GC_TIME_%_Copy], Time(%), 0.031137332022287776
[TOTAL_GCS_MarkSweepCompact], Count, 0
[TOTAL_GC_TIME_MarkSweepCompact], Time(ms), 0
[TOTAL_GC_TIME_%_MarkSweepCompact], Time(%), 0.0
[TOTAL_GCs], Count, 30
[TOTAL_GC_TIME], Time(ms), 19
[TOTAL_GC_TIME_%], Time(%), 0.031137332022287776
[READ], Operations, 160863
[READ], AverageLatency(us), 189.94054568172916
[READ], MinLatency(us), 96
[READ], MaxLatency(us), 46943
[READ], 95thPercentileLatency(us), 333
[READ], 99thPercentileLatency(us), 409
[READ], Return=OK, 160863
[CLEANUP], Operations, 1
[CLEANUP], AverageLatency(us), 1027.0
[CLEANUP], MinLatency(us), 1027
[CLEANUP], MaxLatency(us), 1027
[CLEANUP], 95thPercentileLatency(us), 1027
[CLEANUP], 99thPercentileLatency(us), 1027
[UPDATE], Operations, 160922
[UPDATE], AverageLatency(us), 183.37788493804453
[UPDATE], MinLatency(us), 91
[UPDATE], MaxLatency(us), 7571
[UPDATE], 95thPercentileLatency(us), 326
[UPDATE], 99thPercentileLatency(us), 402
[UPDATE], Return=OK, 160922
AUTOTEST_DONE
