/nix/store/2vwkssqpzykk37r996cafq7x63imf4sp-openjdk-21+35/bin/java  -classpath /nix/store/zw02np72fzsmga6s5mphhw7x8qlzf4sv-ycsb-0.17.0/share/conf:/nix/store/zw02np72fzsmga6s5mphhw7x8qlzf4sv-ycsb-0.17.0/share/lib/core-0.17.0.jar:/nix/store/zw02np72fzsmga6s5mphhw7x8qlzf4sv-ycsb-0.17.0/share/lib/HdrHistogram-2.1.4.jar:/nix/store/zw02np72fzsmga6s5mphhw7x8qlzf4sv-ycsb-0.17.0/share/lib/htrace-core4-4.1.0-incubating.jar:/nix/store/zw02np72fzsmga6s5mphhw7x8qlzf4sv-ycsb-0.17.0/share/lib/jackson-core-asl-1.9.4.jar:/nix/store/zw02np72fzsmga6s5mphhw7x8qlzf4sv-ycsb-0.17.0/share/lib/jackson-mapper-asl-1.9.4.jar:/nix/store/zw02np72fzsmga6s5mphhw7x8qlzf4sv-ycsb-0.17.0/share/redis-binding/lib/commons-pool2-2.4.2.jar:/nix/store/zw02np72fzsmga6s5mphhw7x8qlzf4sv-ycsb-0.17.0/share/redis-binding/lib/jedis-2.9.0.jar:/nix/store/zw02np72fzsmga6s5mphhw7x8qlzf4sv-ycsb-0.17.0/share/redis-binding/lib/redis-binding-0.17.0.jar site.ycsb.Client -t -db site.ycsb.db.RedisClient -s -P /home/host/vmuxIO/test/moonprogs//../../ycsb/share/workloads/workloada -p redis.host=10.1.0.2 -p redis.port=6382 -p operationcount=429496729 -p maxexecutiontime=61 -threads 1
Command line: -t -db site.ycsb.db.RedisClient -s -P /home/host/vmuxIO/test/moonprogs//../../ycsb/share/workloads/workloada -p redis.host=10.1.0.2 -p redis.port=6382 -p operationcount=429496729 -p maxexecutiontime=61 -threads 1
YCSB Client 0.17.0

Loading workload...
Starting test.
Maximum execution time specified as: 61 secs
DBWrapper: report latency for each error is false and specific error codes to track for latency are: []
2024-08-21 17:54:18:675 0 sec: 0 operations; est completion in 0 second 
2024-08-21 17:54:28:537 10 sec: 33504 operations; 3350.4 current ops/sec; est completion in 1 day 11 hours [READ: Count=16775, Max=45695, Min=127, Avg=292.06, 90=413, 99=517, 99.9=1893, 99.99=6071] [UPDATE: Count=16734, Max=6383, Min=120, Avg=285.87, 90=408, 99=517, 99.9=2281, 99.99=5391] 
2024-08-21 17:54:38:537 20 sec: 65944 operations; 3244 current ops/sec; est completion in 1 day 12 hours [READ: Count=16140, Max=9935, Min=128, Avg=308.87, 90=435, 99=539, 99.9=603, 99.99=1097] [UPDATE: Count=16295, Max=909, Min=116, Avg=301.22, 90=428, 99=529, 99.9=587, 99.99=713] 
2024-08-21 17:54:48:536 30 sec: 96887 operations; 3094.3 current ops/sec; est completion in 1 day 12 hours [READ: Count=15414, Max=7223, Min=128, Avg=323.97, 90=447, 99=541, 99.9=600, 99.99=810] [UPDATE: Count=15529, Max=8431, Min=127, Avg=317.8, 90=440, 99=533, 99.9=582, 99.99=796] 
2024-08-21 17:54:58:536 40 sec: 130652 operations; 3376.5 current ops/sec; est completion in 1 day 12 hours [READ: Count=16907, Max=9583, Min=128, Avg=296.35, 90=428, 99=517, 99.9=576, 99.99=858] [UPDATE: Count=16858, Max=802, Min=124, Avg=291.82, 90=422, 99=512, 99.9=571, 99.99=616] 
2024-08-21 17:55:08:536 50 sec: 163568 operations; 3291.6 current ops/sec; est completion in 1 day 12 hours [READ: Count=16406, Max=693, Min=132, Avg=305.35, 90=444, 99=530, 99.9=575, 99.99=633] [UPDATE: Count=16510, Max=6479, Min=126, Avg=298.62, 90=439, 99=524, 99.9=585, 99.99=725] 
2024-08-21 17:55:18:536 60 sec: 192213 operations; 2864.5 current ops/sec; est completion in 1 day 13 hours [READ: Count=14334, Max=910, Min=144, Avg=350.49, 90=485, 99=556, 99.9=596, 99.99=680] [UPDATE: Count=14311, Max=3585, Min=141, Avg=343.31, 90=478, 99=547, 99.9=618, 99.99=1039] 
Maximum time elapsed. Requesting stop for the workload.
Stop requested for workload. Now Joining!
2024-08-21 17:55:19:550 61 sec: 195172 operations; 2918.15 current ops/sec; est completion in 1 day 13 hours [READ: Count=1462, Max=4299, Min=138, Avg=343.18, 90=433, 99=571, 99.9=745, 99.99=4299] [CLEANUP: Count=1, Max=1370, Min=1370, Avg=1370, 90=1370, 99=1370, 99.9=1370, 99.99=1370] [UPDATE: Count=1497, Max=4287, Min=127, Avg=335.49, 90=425, 99=552, 99.9=605, 99.99=4287] 
[OVERALL], RunTime(ms), 61020
[OVERALL], Throughput(ops/sec), 3198.4922976073417
[TOTAL_GCS_Copy], Count, 18
[TOTAL_GC_TIME_Copy], Time(ms), 18
[TOTAL_GC_TIME_%_Copy], Time(%), 0.029498525073746312
[TOTAL_GCS_MarkSweepCompact], Count, 0
[TOTAL_GC_TIME_MarkSweepCompact], Time(ms), 0
[TOTAL_GC_TIME_%_MarkSweepCompact], Time(%), 0.0
[TOTAL_GCs], Count, 18
[TOTAL_GC_TIME], Time(ms), 18
[TOTAL_GC_TIME_%], Time(%), 0.029498525073746312
[READ], Operations, 97438
[READ], AverageLatency(us), 312.23846959091935
[READ], MinLatency(us), 127
[READ], MaxLatency(us), 45695
[READ], 95thPercentileLatency(us), 482
[READ], 99thPercentileLatency(us), 539
[READ], Return=OK, 97438
[CLEANUP], Operations, 1
[CLEANUP], AverageLatency(us), 1370.0
[CLEANUP], MinLatency(us), 1370
[CLEANUP], MaxLatency(us), 1370
[CLEANUP], 95thPercentileLatency(us), 1370
[CLEANUP], 99thPercentileLatency(us), 1370
[UPDATE], Operations, 97734
[UPDATE], AverageLatency(us), 305.85287617410523
[UPDATE], MinLatency(us), 116
[UPDATE], MaxLatency(us), 8431
[UPDATE], 95thPercentileLatency(us), 476
[UPDATE], 99thPercentileLatency(us), 531
[UPDATE], Return=OK, 97734
AUTOTEST_DONE
