/nix/store/2vwkssqpzykk37r996cafq7x63imf4sp-openjdk-21+35/bin/java  -classpath /nix/store/zw02np72fzsmga6s5mphhw7x8qlzf4sv-ycsb-0.17.0/share/conf:/nix/store/zw02np72fzsmga6s5mphhw7x8qlzf4sv-ycsb-0.17.0/share/lib/core-0.17.0.jar:/nix/store/zw02np72fzsmga6s5mphhw7x8qlzf4sv-ycsb-0.17.0/share/lib/HdrHistogram-2.1.4.jar:/nix/store/zw02np72fzsmga6s5mphhw7x8qlzf4sv-ycsb-0.17.0/share/lib/htrace-core4-4.1.0-incubating.jar:/nix/store/zw02np72fzsmga6s5mphhw7x8qlzf4sv-ycsb-0.17.0/share/lib/jackson-core-asl-1.9.4.jar:/nix/store/zw02np72fzsmga6s5mphhw7x8qlzf4sv-ycsb-0.17.0/share/lib/jackson-mapper-asl-1.9.4.jar:/nix/store/zw02np72fzsmga6s5mphhw7x8qlzf4sv-ycsb-0.17.0/share/redis-binding/lib/commons-pool2-2.4.2.jar:/nix/store/zw02np72fzsmga6s5mphhw7x8qlzf4sv-ycsb-0.17.0/share/redis-binding/lib/jedis-2.9.0.jar:/nix/store/zw02np72fzsmga6s5mphhw7x8qlzf4sv-ycsb-0.17.0/share/redis-binding/lib/redis-binding-0.17.0.jar site.ycsb.Client -t -db site.ycsb.db.RedisClient -s -P /home/host/vmuxIO/test/moonprogs//../../ycsb/share/workloads/workloada -p redis.host=10.1.0.2 -p redis.port=6381 -p operationcount=429496729 -p maxexecutiontime=61 -threads 1
Command line: -t -db site.ycsb.db.RedisClient -s -P /home/host/vmuxIO/test/moonprogs//../../ycsb/share/workloads/workloada -p redis.host=10.1.0.2 -p redis.port=6381 -p operationcount=429496729 -p maxexecutiontime=61 -threads 1
YCSB Client 0.17.0

Loading workload...
Starting test.
Maximum execution time specified as: 61 secs
DBWrapper: report latency for each error is false and specific error codes to track for latency are: []
2024-07-10 23:37:54:971 0 sec: 0 operations; est completion in 0 second 
2024-07-10 23:38:04:819 10 sec: 37402 operations; 3740.2 current ops/sec; est completion in 1 day 7 hours [READ: Count=18814, Max=14727, Min=196, Avg=252.93, 90=337, 99=499, 99.9=1858, 99.99=6135] [UPDATE: Count=18650, Max=25231, Min=197, Avg=258.51, 90=339, 99=524, 99.9=2185, 99.99=4583] 
2024-07-10 23:38:14:820 20 sec: 79219 operations; 4181.28 current ops/sec; est completion in 1 day 6 hours [READ: Count=20866, Max=3983, Min=192, Avg=230.72, 90=251, 99=363, 99.9=537, 99.99=3389] [UPDATE: Count=20900, Max=6459, Min=195, Avg=233.54, 90=249, 99=366, 99.9=647, 99.99=4211] 
2024-07-10 23:38:24:819 30 sec: 122578 operations; 4336.33 current ops/sec; est completion in 1 day 5 hours [READ: Count=21596, Max=3859, Min=191, Avg=230.04, 90=318, 99=358, 99.9=483, 99.99=2185] [UPDATE: Count=21752, Max=2797, Min=191, Avg=227.19, 90=245, 99=356, 99.9=453, 99.99=2351] 
2024-07-10 23:38:34:819 40 sec: 165881 operations; 4330.3 current ops/sec; est completion in 1 day 4 hours [READ: Count=21619, Max=8027, Min=188, Avg=230.61, 90=315, 99=369, 99.9=465, 99.99=2377] [UPDATE: Count=21684, Max=4103, Min=191, Avg=228.04, 90=258, 99=371, 99.9=467, 99.99=3501] 
2024-07-10 23:38:44:819 50 sec: 208980 operations; 4309.9 current ops/sec; est completion in 1 day 4 hours [READ: Count=21615, Max=3341, Min=191, Avg=231.75, 90=287, 99=357, 99.9=409, 99.99=1427] [UPDATE: Count=21484, Max=5071, Min=181, Avg=229.07, 90=259, 99=356, 99.9=420, 99.99=2777] 
2024-07-10 23:38:54:819 60 sec: 252642 operations; 4366.2 current ops/sec; est completion in 1 day 4 hours [READ: Count=21972, Max=4791, Min=190, Avg=229.25, 90=320, 99=356, 99.9=418, 99.99=2463] [UPDATE: Count=21690, Max=2313, Min=188, Avg=225.48, 90=252, 99=353, 99.9=392, 99.99=1009] 
Maximum time elapsed. Requesting stop for the workload.
Stop requested for workload. Now Joining!
2024-07-10 23:38:55:830 61 sec: 256910 operations; 4221.56 current ops/sec; est completion in 1 day 4 hours [READ: Count=2153, Max=8091, Min=190, Avg=237.77, 90=324, 99=383, 99.9=3221, 99.99=8091] [CLEANUP: Count=1, Max=1106, Min=1106, Avg=1106, 90=1106, 99=1106, 99.9=1106, 99.99=1106] [UPDATE: Count=2115, Max=3573, Min=192, Avg=231.95, 90=321, 99=372, 99.9=1576, 99.99=3573] 
[OVERALL], RunTime(ms), 61019
[OVERALL], Throughput(ops/sec), 4210.327930644553
[TOTAL_GCS_Copy], Count, 24
[TOTAL_GC_TIME_Copy], Time(ms), 16
[TOTAL_GC_TIME_%_Copy], Time(%), 0.026221340893819958
[TOTAL_GCS_MarkSweepCompact], Count, 0
[TOTAL_GC_TIME_MarkSweepCompact], Time(ms), 0
[TOTAL_GC_TIME_%_MarkSweepCompact], Time(%), 0.0
[TOTAL_GCs], Count, 24
[TOTAL_GC_TIME], Time(ms), 16
[TOTAL_GC_TIME_%], Time(%), 0.026221340893819958
[READ], Operations, 128635
[READ], AverageLatency(us), 233.87578808255918
[READ], MinLatency(us), 188
[READ], MaxLatency(us), 14727
[READ], 95thPercentileLatency(us), 339
[READ], 99thPercentileLatency(us), 377
[READ], Return=OK, 128635
[CLEANUP], Operations, 1
[CLEANUP], AverageLatency(us), 1106.0
[CLEANUP], MinLatency(us), 1106
[CLEANUP], MaxLatency(us), 1106
[CLEANUP], 95thPercentileLatency(us), 1106
[CLEANUP], 99thPercentileLatency(us), 1106
[UPDATE], Operations, 128275
[UPDATE], AverageLatency(us), 233.02806470473593
[UPDATE], MinLatency(us), 181
[UPDATE], MaxLatency(us), 25231
[UPDATE], 95thPercentileLatency(us), 337
[UPDATE], 99thPercentileLatency(us), 380
[UPDATE], Return=OK, 128275
AUTOTEST_DONE
