/nix/store/2vwkssqpzykk37r996cafq7x63imf4sp-openjdk-21+35/bin/java  -classpath /nix/store/zw02np72fzsmga6s5mphhw7x8qlzf4sv-ycsb-0.17.0/share/conf:/nix/store/zw02np72fzsmga6s5mphhw7x8qlzf4sv-ycsb-0.17.0/share/lib/core-0.17.0.jar:/nix/store/zw02np72fzsmga6s5mphhw7x8qlzf4sv-ycsb-0.17.0/share/lib/HdrHistogram-2.1.4.jar:/nix/store/zw02np72fzsmga6s5mphhw7x8qlzf4sv-ycsb-0.17.0/share/lib/htrace-core4-4.1.0-incubating.jar:/nix/store/zw02np72fzsmga6s5mphhw7x8qlzf4sv-ycsb-0.17.0/share/lib/jackson-core-asl-1.9.4.jar:/nix/store/zw02np72fzsmga6s5mphhw7x8qlzf4sv-ycsb-0.17.0/share/lib/jackson-mapper-asl-1.9.4.jar:/nix/store/zw02np72fzsmga6s5mphhw7x8qlzf4sv-ycsb-0.17.0/share/redis-binding/lib/commons-pool2-2.4.2.jar:/nix/store/zw02np72fzsmga6s5mphhw7x8qlzf4sv-ycsb-0.17.0/share/redis-binding/lib/jedis-2.9.0.jar:/nix/store/zw02np72fzsmga6s5mphhw7x8qlzf4sv-ycsb-0.17.0/share/redis-binding/lib/redis-binding-0.17.0.jar site.ycsb.Client -t -db site.ycsb.db.RedisClient -s -P /home/host/vmuxIO/test/moonprogs//../../ycsb/share/workloads/workloada -p redis.host=10.1.0.2 -p redis.port=6387 -p operationcount=429496729 -p maxexecutiontime=61 -threads 1
Command line: -t -db site.ycsb.db.RedisClient -s -P /home/host/vmuxIO/test/moonprogs//../../ycsb/share/workloads/workloada -p redis.host=10.1.0.2 -p redis.port=6387 -p operationcount=429496729 -p maxexecutiontime=61 -threads 1
YCSB Client 0.17.0

Loading workload...
Starting test.
Maximum execution time specified as: 61 secs
DBWrapper: report latency for each error is false and specific error codes to track for latency are: []
2025-04-01 23:31:19:457 0 sec: 0 operations; est completion in 0 second 
2025-04-01 23:31:29:299 10 sec: 83111 operations; 8311.1 current ops/sec; est completion in 14 hours 21 minutes [READ: Count=41416, Max=49567, Min=83, Avg=117.73, 90=135, 99=250, 99.9=755, 99.99=4037] [UPDATE: Count=41707, Max=4795, Min=79, Avg=113.51, 90=131, 99=245, 99.9=691, 99.99=3331] 
2025-04-01 23:31:39:299 20 sec: 175805 operations; 9269.4 current ops/sec; est completion in 13 hours 34 minutes [READ: Count=46110, Max=8543, Min=83, Avg=108.37, 90=130, 99=169, 99.9=258, 99.99=496] [UPDATE: Count=46572, Max=571, Min=78, Avg=104.23, 90=125, 99=176, 99.9=250, 99.99=339] 
2025-04-01 23:31:49:299 30 sec: 264818 operations; 8901.3 current ops/sec; est completion in 13 hours 30 minutes [READ: Count=44437, Max=527, Min=83, Avg=112.78, 90=133, 99=239, 99.9=272, 99.99=479] [UPDATE: Count=44576, Max=5523, Min=77, Avg=109.1, 90=128, 99=239, 99.9=274, 99.99=478] 
2025-04-01 23:31:59:299 40 sec: 361792 operations; 9697.4 current ops/sec; est completion in 13 hours 10 minutes [READ: Count=48305, Max=6087, Min=81, Avg=103.72, 90=123, 99=157, 99.9=201, 99.99=361] [UPDATE: Count=48669, Max=4491, Min=79, Avg=99.75, 90=119, 99=153, 99.9=193, 99.99=336] 
2025-04-01 23:32:09:299 50 sec: 457158 operations; 9536.6 current ops/sec; est completion in 13 hours 2 minutes [READ: Count=47457, Max=3309, Min=81, Avg=105.38, 90=126, 99=166, 99.9=214, 99.99=368] [UPDATE: Count=47909, Max=7699, Min=78, Avg=101.56, 90=121, 99=164, 99.9=212, 99.99=320] 
2025-04-01 23:32:19:299 60 sec: 548407 operations; 9124.9 current ops/sec; est completion in 13 hours 2 minutes [READ: Count=45377, Max=5735, Min=83, Avg=110.16, 90=132, 99=239, 99.9=285, 99.99=393] [UPDATE: Count=45872, Max=2799, Min=79, Avg=106.25, 90=127, 99=237, 99.9=271, 99.99=358] 
Maximum time elapsed. Requesting stop for the workload.
Stop requested for workload. Now Joining!
2025-04-01 23:32:20:313 61 sec: 556172 operations; 7657.79 current ops/sec; est completion in 13 hours 4 minutes [READ: Count=3905, Max=3883, Min=95, Avg=131.46, 90=137, 99=244, 99.9=307, 99.99=3883] [CLEANUP: Count=1, Max=966, Min=966, Avg=966, 90=966, 99=966, 99.9=966, 99.99=966] [UPDATE: Count=3860, Max=538, Min=91, Avg=126.35, 90=132, 99=239, 99.9=251, 99.99=538] 
[OVERALL], RunTime(ms), 61022
[OVERALL], Throughput(ops/sec), 9114.286650716134
[TOTAL_GCS_Copy], Count, 51
[TOTAL_GC_TIME_Copy], Time(ms), 24
[TOTAL_GC_TIME_%_Copy], Time(%), 0.039330077676903406
[TOTAL_GCS_MarkSweepCompact], Count, 0
[TOTAL_GC_TIME_MarkSweepCompact], Time(ms), 0
[TOTAL_GC_TIME_%_MarkSweepCompact], Time(%), 0.0
[TOTAL_GCs], Count, 51
[TOTAL_GC_TIME], Time(ms), 24
[TOTAL_GC_TIME_%], Time(%), 0.039330077676903406
[READ], Operations, 277007
[READ], AverageLatency(us), 109.77399849101286
[READ], MinLatency(us), 81
[READ], MaxLatency(us), 49567
[READ], 95thPercentileLatency(us), 138
[READ], 99thPercentileLatency(us), 203
[READ], Return=OK, 277007
[CLEANUP], Operations, 1
[CLEANUP], AverageLatency(us), 966.0
[CLEANUP], MinLatency(us), 966
[CLEANUP], MaxLatency(us), 966
[CLEANUP], 95thPercentileLatency(us), 966
[CLEANUP], 99thPercentileLatency(us), 966
[UPDATE], Operations, 279165
[UPDATE], AverageLatency(us), 105.7952931062275
[UPDATE], MinLatency(us), 77
[UPDATE], MaxLatency(us), 7699
[UPDATE], 95thPercentileLatency(us), 133
[UPDATE], 99thPercentileLatency(us), 227
[UPDATE], Return=OK, 279165
AUTOTEST_DONE
