/nix/store/2vwkssqpzykk37r996cafq7x63imf4sp-openjdk-21+35/bin/java  -classpath /nix/store/zw02np72fzsmga6s5mphhw7x8qlzf4sv-ycsb-0.17.0/share/conf:/nix/store/zw02np72fzsmga6s5mphhw7x8qlzf4sv-ycsb-0.17.0/share/lib/core-0.17.0.jar:/nix/store/zw02np72fzsmga6s5mphhw7x8qlzf4sv-ycsb-0.17.0/share/lib/HdrHistogram-2.1.4.jar:/nix/store/zw02np72fzsmga6s5mphhw7x8qlzf4sv-ycsb-0.17.0/share/lib/htrace-core4-4.1.0-incubating.jar:/nix/store/zw02np72fzsmga6s5mphhw7x8qlzf4sv-ycsb-0.17.0/share/lib/jackson-core-asl-1.9.4.jar:/nix/store/zw02np72fzsmga6s5mphhw7x8qlzf4sv-ycsb-0.17.0/share/lib/jackson-mapper-asl-1.9.4.jar:/nix/store/zw02np72fzsmga6s5mphhw7x8qlzf4sv-ycsb-0.17.0/share/redis-binding/lib/commons-pool2-2.4.2.jar:/nix/store/zw02np72fzsmga6s5mphhw7x8qlzf4sv-ycsb-0.17.0/share/redis-binding/lib/jedis-2.9.0.jar:/nix/store/zw02np72fzsmga6s5mphhw7x8qlzf4sv-ycsb-0.17.0/share/redis-binding/lib/redis-binding-0.17.0.jar site.ycsb.Client -t -db site.ycsb.db.RedisClient -s -P /home/host/vmuxIO/test/moonprogs//../../ycsb/share/workloads/workloada -p redis.host=10.1.0.2 -p redis.port=6379 -p operationcount=429496729 -p maxexecutiontime=61 -threads 1
Command line: -t -db site.ycsb.db.RedisClient -s -P /home/host/vmuxIO/test/moonprogs//../../ycsb/share/workloads/workloada -p redis.host=10.1.0.2 -p redis.port=6379 -p operationcount=429496729 -p maxexecutiontime=61 -threads 1
YCSB Client 0.17.0

Loading workload...
Starting test.
Maximum execution time specified as: 61 secs
DBWrapper: report latency for each error is false and specific error codes to track for latency are: []
2024-06-26 11:22:56:381 0 sec: 0 operations; est completion in 0 second 
2024-06-26 11:23:06:226 10 sec: 76748 operations; 7674.8 current ops/sec; est completion in 15 hours 32 minutes [READ: Count=38645, Max=47999, Min=89, Avg=126.28, 90=147, 99=214, 99.9=705, 99.99=3299] [UPDATE: Count=38125, Max=13463, Min=87, Avg=124.02, 90=145, 99=215, 99.9=898, 99.99=5183] 
2024-06-26 11:23:16:226 20 sec: 161774 operations; 8502.6 current ops/sec; est completion in 14 hours 44 minutes [READ: Count=42446, Max=3173, Min=87, Avg=117.38, 90=133, 99=171, 99.9=306, 99.99=700] [UPDATE: Count=42558, Max=2999, Min=83, Avg=114.27, 90=130, 99=165, 99.9=269, 99.99=464] 
2024-06-26 11:23:26:227 30 sec: 244253 operations; 8247.9 current ops/sec; est completion in 14 hours 38 minutes [READ: Count=41313, Max=1974, Min=89, Avg=121.1, 90=142, 99=173, 99.9=235, 99.99=511] [UPDATE: Count=41166, Max=4611, Min=83, Avg=118.18, 90=138, 99=171, 99.9=236, 99.99=927] 
2024-06-26 11:23:36:226 40 sec: 326790 operations; 8253.7 current ops/sec; est completion in 14 hours 35 minutes [READ: Count=41324, Max=8623, Min=89, Avg=121.67, 90=145, 99=182, 99.9=246, 99.99=748] [UPDATE: Count=41213, Max=1884, Min=86, Avg=117.69, 90=141, 99=179, 99.9=228, 99.99=376] 
2024-06-26 11:23:46:226 50 sec: 411277 operations; 8448.7 current ops/sec; est completion in 14 hours 29 minutes [READ: Count=41890, Max=679, Min=88, Avg=118.15, 90=136, 99=175, 99.9=227, 99.99=451] [UPDATE: Count=42597, Max=3421, Min=86, Avg=115.82, 90=134, 99=173, 99.9=215, 99.99=474] 
2024-06-26 11:23:56:226 60 sec: 492862 operations; 8158.5 current ops/sec; est completion in 14 hours 30 minutes [READ: Count=40710, Max=1310, Min=90, Avg=122.4, 90=143, 99=183, 99.9=234, 99.99=429] [UPDATE: Count=40875, Max=6911, Min=86, Avg=119.91, 90=140, 99=177, 99.9=243, 99.99=426] 
Maximum time elapsed. Requesting stop for the workload.
Stop requested for workload. Now Joining!
2024-06-26 11:23:57:244 61 sec: 501616 operations; 8633.14 current ops/sec; est completion in 14 hours 29 minutes [READ: Count=4359, Max=2709, Min=91, Avg=115.69, 90=130, 99=147, 99.9=210, 99.99=2709] [CLEANUP: Count=1, Max=2022, Min=2022, Avg=2022, 90=2022, 99=2022, 99.9=2022, 99.99=2022] [UPDATE: Count=4395, Max=1341, Min=89, Avg=112.38, 90=126, 99=143, 99.9=309, 99.99=1341] 
[OVERALL], RunTime(ms), 61023
[OVERALL], Throughput(ops/sec), 8220.1137276109
[TOTAL_GCS_Copy], Count, 47
[TOTAL_GC_TIME_Copy], Time(ms), 28
[TOTAL_GC_TIME_%_Copy], Time(%), 0.045884338691968604
[TOTAL_GCS_MarkSweepCompact], Count, 0
[TOTAL_GC_TIME_MarkSweepCompact], Time(ms), 0
[TOTAL_GC_TIME_%_MarkSweepCompact], Time(%), 0.0
[TOTAL_GCs], Count, 47
[TOTAL_GC_TIME], Time(ms), 28
[TOTAL_GC_TIME_%], Time(%), 0.045884338691968604
[READ], Operations, 250687
[READ], AverageLatency(us), 120.98325002892052
[READ], MinLatency(us), 87
[READ], MaxLatency(us), 47999
[READ], 95thPercentileLatency(us), 152
[READ], 99thPercentileLatency(us), 182
[READ], Return=OK, 250687
[CLEANUP], Operations, 1
[CLEANUP], AverageLatency(us), 2022.0
[CLEANUP], MinLatency(us), 2022
[CLEANUP], MaxLatency(us), 2022
[CLEANUP], 95thPercentileLatency(us), 2022
[CLEANUP], 99thPercentileLatency(us), 2022
[UPDATE], Operations, 250929
[UPDATE], AverageLatency(us), 118.10237158718203
[UPDATE], MinLatency(us), 83
[UPDATE], MaxLatency(us), 13463
[UPDATE], 95thPercentileLatency(us), 149
[UPDATE], 99thPercentileLatency(us), 179
[UPDATE], Return=OK, 250929
AUTOTEST_DONE
