/nix/store/2vwkssqpzykk37r996cafq7x63imf4sp-openjdk-21+35/bin/java  -classpath /nix/store/zw02np72fzsmga6s5mphhw7x8qlzf4sv-ycsb-0.17.0/share/conf:/nix/store/zw02np72fzsmga6s5mphhw7x8qlzf4sv-ycsb-0.17.0/share/lib/core-0.17.0.jar:/nix/store/zw02np72fzsmga6s5mphhw7x8qlzf4sv-ycsb-0.17.0/share/lib/HdrHistogram-2.1.4.jar:/nix/store/zw02np72fzsmga6s5mphhw7x8qlzf4sv-ycsb-0.17.0/share/lib/htrace-core4-4.1.0-incubating.jar:/nix/store/zw02np72fzsmga6s5mphhw7x8qlzf4sv-ycsb-0.17.0/share/lib/jackson-core-asl-1.9.4.jar:/nix/store/zw02np72fzsmga6s5mphhw7x8qlzf4sv-ycsb-0.17.0/share/lib/jackson-mapper-asl-1.9.4.jar:/nix/store/zw02np72fzsmga6s5mphhw7x8qlzf4sv-ycsb-0.17.0/share/redis-binding/lib/commons-pool2-2.4.2.jar:/nix/store/zw02np72fzsmga6s5mphhw7x8qlzf4sv-ycsb-0.17.0/share/redis-binding/lib/jedis-2.9.0.jar:/nix/store/zw02np72fzsmga6s5mphhw7x8qlzf4sv-ycsb-0.17.0/share/redis-binding/lib/redis-binding-0.17.0.jar site.ycsb.Client -t -db site.ycsb.db.RedisClient -s -P /home/host/vmuxIO/test/moonprogs//../../ycsb/share/workloads/workloada -p redis.host=10.1.0.2 -p redis.port=6382 -p operationcount=429496729 -p maxexecutiontime=61 -threads 1
Command line: -t -db site.ycsb.db.RedisClient -s -P /home/host/vmuxIO/test/moonprogs//../../ycsb/share/workloads/workloada -p redis.host=10.1.0.2 -p redis.port=6382 -p operationcount=429496729 -p maxexecutiontime=61 -threads 1
YCSB Client 0.17.0

Loading workload...
Starting test.
Maximum execution time specified as: 61 secs
DBWrapper: report latency for each error is false and specific error codes to track for latency are: []
2025-04-18 14:19:05:583 0 sec: 0 operations; est completion in 0 second 
2025-04-18 14:19:15:366 10 sec: 33991 operations; 3399.1 current ops/sec; est completion in 1 day 11 hours [READ: Count=17003, Max=22079, Min=89, Avg=276.53, 90=415, 99=1187, 99.9=3935, 99.99=7723] [UPDATE: Count=17017, Max=29775, Min=88, Avg=282.08, 90=419, 99=1213, 99.9=4507, 99.99=9703] 
2025-04-18 14:19:25:367 20 sec: 71690 operations; 3769.52 current ops/sec; est completion in 1 day 9 hours [READ: Count=18816, Max=3795, Min=94, Avg=260.1, 90=400, 99=569, 99.9=2018, 99.99=3497] [UPDATE: Count=18854, Max=7635, Min=89, Avg=260.03, 90=402, 99=562, 99.9=2143, 99.99=4111] 
2025-04-18 14:19:35:365 30 sec: 117354 operations; 4566.86 current ops/sec; est completion in 1 day 6 hours [READ: Count=22865, Max=3839, Min=86, Avg=216.71, 90=378, 99=568, 99.9=845, 99.99=1543] [UPDATE: Count=22799, Max=8655, Min=84, Avg=216.51, 90=379, 99=576, 99.9=830, 99.99=1732] 
2025-04-18 14:19:45:365 40 sec: 170862 operations; 5350.8 current ops/sec; est completion in 1 day 3 hours [READ: Count=26663, Max=1444, Min=90, Avg=186.01, 90=309, 99=584, 99.9=853, 99.99=1354] [UPDATE: Count=26845, Max=4191, Min=90, Avg=183.99, 90=307, 99=585, 99.9=852, 99.99=1848] 
2025-04-18 14:19:55:365 50 sec: 209071 operations; 3820.9 current ops/sec; est completion in 1 day 4 hours [READ: Count=19170, Max=4839, Min=94, Avg=258.62, 90=423, 99=639, 99.9=874, 99.99=3251] [UPDATE: Count=19039, Max=6855, Min=90, Avg=260.41, 90=428, 99=654, 99.9=875, 99.99=1451] 
2025-04-18 14:20:05:365 60 sec: 267781 operations; 5871 current ops/sec; est completion in 1 day 2 hours [READ: Count=29392, Max=4291, Min=91, Avg=169.41, 90=251, 99=440, 99.9=734, 99.99=3793] [UPDATE: Count=29318, Max=4487, Min=92, Avg=167.64, 90=247, 99=444, 99.9=804, 99.99=3739] 
Maximum time elapsed. Requesting stop for the workload.
Stop requested for workload. Now Joining!
2025-04-18 14:20:06:379 61 sec: 274452 operations; 6578.9 current ops/sec; est completion in 1 day 2 hours [READ: Count=3347, Max=2671, Min=95, Avg=148.09, 90=182, 99=227, 99.9=367, 99.99=2671] [CLEANUP: Count=1, Max=4667, Min=4664, Avg=4666, 90=4667, 99=4667, 99.9=4667, 99.99=4667] [UPDATE: Count=3324, Max=7823, Min=88, Avg=148.67, 90=182, 99=237, 99.9=411, 99.99=7823] 
[OVERALL], RunTime(ms), 61021
[OVERALL], Throughput(ops/sec), 4497.664738368759
[TOTAL_GCS_Copy], Count, 25
[TOTAL_GC_TIME_Copy], Time(ms), 23
[TOTAL_GC_TIME_%_Copy], Time(%), 0.03769194211828715
[TOTAL_GCS_MarkSweepCompact], Count, 0
[TOTAL_GC_TIME_MarkSweepCompact], Time(ms), 0
[TOTAL_GC_TIME_%_MarkSweepCompact], Time(%), 0.0
[TOTAL_GCs], Count, 25
[TOTAL_GC_TIME], Time(ms), 23
[TOTAL_GC_TIME_%], Time(%), 0.03769194211828715
[READ], Operations, 137256
[READ], AverageLatency(us), 218.1578947368421
[READ], MinLatency(us), 86
[READ], MaxLatency(us), 22079
[READ], 95thPercentileLatency(us), 433
[READ], 99thPercentileLatency(us), 609
[READ], Return=OK, 137256
[CLEANUP], Operations, 1
[CLEANUP], AverageLatency(us), 4666.0
[CLEANUP], MinLatency(us), 4664
[CLEANUP], MaxLatency(us), 4667
[CLEANUP], 95thPercentileLatency(us), 4667
[CLEANUP], 99thPercentileLatency(us), 4667
[UPDATE], Operations, 137196
[UPDATE], AverageLatency(us), 218.26463599521853
[UPDATE], MinLatency(us), 84
[UPDATE], MaxLatency(us), 29775
[UPDATE], 95thPercentileLatency(us), 435
[UPDATE], 99thPercentileLatency(us), 623
[UPDATE], Return=OK, 137196
AUTOTEST_DONE
