/nix/store/2vwkssqpzykk37r996cafq7x63imf4sp-openjdk-21+35/bin/java  -classpath /nix/store/zw02np72fzsmga6s5mphhw7x8qlzf4sv-ycsb-0.17.0/share/conf:/nix/store/zw02np72fzsmga6s5mphhw7x8qlzf4sv-ycsb-0.17.0/share/lib/core-0.17.0.jar:/nix/store/zw02np72fzsmga6s5mphhw7x8qlzf4sv-ycsb-0.17.0/share/lib/HdrHistogram-2.1.4.jar:/nix/store/zw02np72fzsmga6s5mphhw7x8qlzf4sv-ycsb-0.17.0/share/lib/htrace-core4-4.1.0-incubating.jar:/nix/store/zw02np72fzsmga6s5mphhw7x8qlzf4sv-ycsb-0.17.0/share/lib/jackson-core-asl-1.9.4.jar:/nix/store/zw02np72fzsmga6s5mphhw7x8qlzf4sv-ycsb-0.17.0/share/lib/jackson-mapper-asl-1.9.4.jar:/nix/store/zw02np72fzsmga6s5mphhw7x8qlzf4sv-ycsb-0.17.0/share/redis-binding/lib/commons-pool2-2.4.2.jar:/nix/store/zw02np72fzsmga6s5mphhw7x8qlzf4sv-ycsb-0.17.0/share/redis-binding/lib/jedis-2.9.0.jar:/nix/store/zw02np72fzsmga6s5mphhw7x8qlzf4sv-ycsb-0.17.0/share/redis-binding/lib/redis-binding-0.17.0.jar site.ycsb.Client -t -db site.ycsb.db.RedisClient -s -P /home/host/vmuxIO/test/moonprogs//../../ycsb/share/workloads/workloada -p redis.host=10.1.0.2 -p redis.port=6382 -p operationcount=429496729 -p maxexecutiontime=61 -threads 1
Command line: -t -db site.ycsb.db.RedisClient -s -P /home/host/vmuxIO/test/moonprogs//../../ycsb/share/workloads/workloada -p redis.host=10.1.0.2 -p redis.port=6382 -p operationcount=429496729 -p maxexecutiontime=61 -threads 1
YCSB Client 0.17.0

Loading workload...
Starting test.
Maximum execution time specified as: 61 secs
DBWrapper: report latency for each error is false and specific error codes to track for latency are: []
2024-08-21 17:44:42:545 0 sec: 0 operations; est completion in 0 second 
2024-08-21 17:44:52:391 10 sec: 19763 operations; 1976.3 current ops/sec; est completion in 2 days 12 hours [READ: Count=9800, Max=13567, Min=205, Avg=490.72, 90=598, 99=737, 99.9=3827, 99.99=8359] [UPDATE: Count=9969, Max=22879, Min=203, Avg=490.53, 90=595, 99=787, 99.9=4207, 99.99=5855] 
2024-08-21 17:45:02:391 20 sec: 42687 operations; 2292.17 current ops/sec; est completion in 2 days 7 hours [READ: Count=11543, Max=10079, Min=198, Avg=436.4, 90=518, 99=585, 99.9=826, 99.99=3957] [UPDATE: Count=11375, Max=4211, Min=192, Avg=427.51, 90=510, 99=578, 99.9=712, 99.99=2585] 
2024-08-21 17:45:12:391 30 sec: 75835 operations; 3315.13 current ops/sec; est completion in 1 day 23 hours [READ: Count=16416, Max=9767, Min=180, Avg=304.59, 90=365, 99=514, 99.9=601, 99.99=2561] [UPDATE: Count=16732, Max=2805, Min=187, Avg=293.86, 90=363, 99=506, 99.9=586, 99.99=2601] 
2024-08-21 17:45:22:391 40 sec: 108056 operations; 3222.1 current ops/sec; est completion in 1 day 20 hours [READ: Count=16047, Max=3631, Min=195, Avg=312.65, 90=414, 99=569, 99.9=615, 99.99=2653] [UPDATE: Count=16174, Max=7215, Min=190, Avg=304.19, 90=414, 99=563, 99.9=632, 99.99=2741] 
2024-08-21 17:45:32:391 50 sec: 139488 operations; 3142.89 current ops/sec; est completion in 1 day 18 hours [READ: Count=15660, Max=5547, Min=183, Avg=321.41, 90=426, 99=605, 99.9=670, 99.99=3781] [UPDATE: Count=15772, Max=3151, Min=186, Avg=311.36, 90=418, 99=600, 99.9=662, 99.99=2541] 
2024-08-21 17:45:42:391 60 sec: 172973 operations; 3348.83 current ops/sec; est completion in 1 day 17 hours [READ: Count=16813, Max=3873, Min=186, Avg=302.12, 90=370, 99=413, 99.9=580, 99.99=3023] [UPDATE: Count=16672, Max=6571, Min=185, Avg=291.07, 90=366, 99=411, 99.9=612, 99.99=2885] 
Maximum time elapsed. Requesting stop for the workload.
Stop requested for workload. Now Joining!
2024-08-21 17:45:43:395 61 sec: 176360 operations; 3373.51 current ops/sec; est completion in 1 day 17 hours [READ: Count=1671, Max=576, Min=188, Avg=298.24, 90=360, 99=450, 99.9=532, 99.99=576] [CLEANUP: Count=1, Max=968, Min=968, Avg=968, 90=968, 99=968, 99.9=968, 99.99=968] [UPDATE: Count=1716, Max=3551, Min=183, Avg=290.28, 90=359, 99=439, 99.9=600, 99.99=3551] 
[OVERALL], RunTime(ms), 61010
[OVERALL], Throughput(ops/sec), 2890.6736600557288
[TOTAL_GCS_Copy], Count, 16
[TOTAL_GC_TIME_Copy], Time(ms), 15
[TOTAL_GC_TIME_%_Copy], Time(%), 0.024586133420750698
[TOTAL_GCS_MarkSweepCompact], Count, 0
[TOTAL_GC_TIME_MarkSweepCompact], Time(ms), 0
[TOTAL_GC_TIME_%_MarkSweepCompact], Time(%), 0.0
[TOTAL_GCs], Count, 16
[TOTAL_GC_TIME], Time(ms), 15
[TOTAL_GC_TIME_%], Time(%), 0.024586133420750698
[READ], Operations, 87950
[READ], AverageLatency(us), 346.5036156907334
[READ], MinLatency(us), 180
[READ], MaxLatency(us), 13567
[READ], 95thPercentileLatency(us), 543
[READ], 99thPercentileLatency(us), 613
[READ], Return=OK, 87950
[CLEANUP], Operations, 1
[CLEANUP], AverageLatency(us), 968.0
[CLEANUP], MinLatency(us), 968
[CLEANUP], MaxLatency(us), 968
[CLEANUP], 95thPercentileLatency(us), 968
[CLEANUP], 99thPercentileLatency(us), 968
[UPDATE], Operations, 88410
[UPDATE], AverageLatency(us), 337.64825246012896
[UPDATE], MinLatency(us), 183
[UPDATE], MaxLatency(us), 22879
[UPDATE], 95thPercentileLatency(us), 539
[UPDATE], 99thPercentileLatency(us), 609
[UPDATE], Return=OK, 88410
AUTOTEST_DONE
