/nix/store/2vwkssqpzykk37r996cafq7x63imf4sp-openjdk-21+35/bin/java  -classpath /nix/store/zw02np72fzsmga6s5mphhw7x8qlzf4sv-ycsb-0.17.0/share/conf:/nix/store/zw02np72fzsmga6s5mphhw7x8qlzf4sv-ycsb-0.17.0/share/lib/core-0.17.0.jar:/nix/store/zw02np72fzsmga6s5mphhw7x8qlzf4sv-ycsb-0.17.0/share/lib/HdrHistogram-2.1.4.jar:/nix/store/zw02np72fzsmga6s5mphhw7x8qlzf4sv-ycsb-0.17.0/share/lib/htrace-core4-4.1.0-incubating.jar:/nix/store/zw02np72fzsmga6s5mphhw7x8qlzf4sv-ycsb-0.17.0/share/lib/jackson-core-asl-1.9.4.jar:/nix/store/zw02np72fzsmga6s5mphhw7x8qlzf4sv-ycsb-0.17.0/share/lib/jackson-mapper-asl-1.9.4.jar:/nix/store/zw02np72fzsmga6s5mphhw7x8qlzf4sv-ycsb-0.17.0/share/redis-binding/lib/commons-pool2-2.4.2.jar:/nix/store/zw02np72fzsmga6s5mphhw7x8qlzf4sv-ycsb-0.17.0/share/redis-binding/lib/jedis-2.9.0.jar:/nix/store/zw02np72fzsmga6s5mphhw7x8qlzf4sv-ycsb-0.17.0/share/redis-binding/lib/redis-binding-0.17.0.jar site.ycsb.Client -t -db site.ycsb.db.RedisClient -s -P /home/host/vmuxIO/test/moonprogs//../../ycsb/share/workloads/workloada -p redis.host=10.1.0.2 -p redis.port=6385 -p operationcount=429496729 -p maxexecutiontime=61 -threads 1
Command line: -t -db site.ycsb.db.RedisClient -s -P /home/host/vmuxIO/test/moonprogs//../../ycsb/share/workloads/workloada -p redis.host=10.1.0.2 -p redis.port=6385 -p operationcount=429496729 -p maxexecutiontime=61 -threads 1
YCSB Client 0.17.0

Loading workload...
Starting test.
Maximum execution time specified as: 61 secs
DBWrapper: report latency for each error is false and specific error codes to track for latency are: []
2024-07-19 22:46:07:744 0 sec: 0 operations; est completion in 0 second 
2024-07-19 22:46:17:573 10 sec: 78476 operations; 7846.82 current ops/sec; est completion in 15 hours 12 minutes [READ: Count=39166, Max=16831, Min=80, Avg=121.38, 90=139, 99=177, 99.9=486, 99.99=4903] [UPDATE: Count=39363, Max=26719, Min=77, Avg=120.97, 90=138, 99=184, 99.9=896, 99.99=3675] 
2024-07-19 22:46:27:573 20 sec: 160424 operations; 8194.8 current ops/sec; est completion in 14 hours 52 minutes [READ: Count=41236, Max=3003, Min=77, Avg=120.84, 90=139, 99=180, 99.9=354, 99.99=809] [UPDATE: Count=40659, Max=2793, Min=77, Avg=118.17, 90=137, 99=174, 99.9=323, 99.99=747] 
2024-07-19 22:46:37:573 30 sec: 244419 operations; 8400.34 current ops/sec; est completion in 14 hours 38 minutes [READ: Count=42343, Max=1879, Min=84, Avg=118.35, 90=133, 99=153, 99.9=193, 99.99=681] [UPDATE: Count=41652, Max=7863, Min=81, Avg=116.06, 90=130, 99=152, 99.9=189, 99.99=809] 
2024-07-19 22:46:47:573 40 sec: 337747 operations; 9332.8 current ops/sec; est completion in 14 hours 7 minutes [READ: Count=46670, Max=7195, Min=74, Avg=106.83, 90=124, 99=140, 99.9=168, 99.99=476] [UPDATE: Count=46658, Max=995, Min=72, Avg=104.16, 90=121, 99=138, 99.9=164, 99.99=463] 
2024-07-19 22:46:57:573 50 sec: 422156 operations; 8440.9 current ops/sec; est completion in 14 hours 7 minutes [READ: Count=42247, Max=3367, Min=78, Avg=117.86, 90=135, 99=158, 99.9=193, 99.99=465] [UPDATE: Count=42162, Max=2115, Min=76, Avg=115.46, 90=132, 99=157, 99.9=200, 99.99=508] 
2024-07-19 22:47:07:573 60 sec: 509927 operations; 8777.1 current ops/sec; est completion in 14 hours 1 minute [READ: Count=44035, Max=3249, Min=80, Avg=113.46, 90=129, 99=148, 99.9=180, 99.99=457] [UPDATE: Count=43736, Max=500, Min=78, Avg=110.92, 90=127, 99=146, 99.9=174, 99.99=244] 
Maximum time elapsed. Requesting stop for the workload.
Stop requested for workload. Now Joining!
2024-07-19 22:47:08:585 61 sec: 518678 operations; 8638.7 current ops/sec; est completion in 14 hours 1 minute [READ: Count=4460, Max=569, Min=90, Avg=113.86, 90=125, 99=139, 99.9=166, 99.99=569] [CLEANUP: Count=1, Max=956, Min=956, Avg=956, 90=956, 99=956, 99.9=956, 99.99=956] [UPDATE: Count=4291, Max=3345, Min=87, Avg=113.24, 90=123, 99=140, 99.9=222, 99.99=3345] 
[OVERALL], RunTime(ms), 61018
[OVERALL], Throughput(ops/sec), 8500.409715166017
[TOTAL_GCS_Copy], Count, 48
[TOTAL_GC_TIME_Copy], Time(ms), 26
[TOTAL_GC_TIME_%_Copy], Time(%), 0.042610377265724864
[TOTAL_GCS_MarkSweepCompact], Count, 0
[TOTAL_GC_TIME_MarkSweepCompact], Time(ms), 0
[TOTAL_GC_TIME_%_MarkSweepCompact], Time(%), 0.0
[TOTAL_GCs], Count, 48
[TOTAL_GC_TIME], Time(ms), 26
[TOTAL_GC_TIME_%], Time(%), 0.042610377265724864
[READ], Operations, 260157
[READ], AverageLatency(us), 116.14916377418251
[READ], MinLatency(us), 74
[READ], MaxLatency(us), 16831
[READ], 95thPercentileLatency(us), 141
[READ], 99thPercentileLatency(us), 161
[READ], Return=OK, 260157
[CLEANUP], Operations, 1
[CLEANUP], AverageLatency(us), 956.0
[CLEANUP], MinLatency(us), 956
[CLEANUP], MaxLatency(us), 956
[CLEANUP], 95thPercentileLatency(us), 956
[CLEANUP], 99thPercentileLatency(us), 956
[UPDATE], Operations, 258521
[UPDATE], AverageLatency(us), 113.97706569292244
[UPDATE], MinLatency(us), 72
[UPDATE], MaxLatency(us), 26719
[UPDATE], 95thPercentileLatency(us), 138
[UPDATE], 99thPercentileLatency(us), 160
[UPDATE], Return=OK, 258521
AUTOTEST_DONE
