[1;37m[INFO]  Initializing DPDK. This will take a few seconds...[0m
EAL: Probing VFIO support...
EAL: PCI device 0000:20:00.0 on NUMA socket 0
EAL:   probe driver: 8086:1521 net_e1000_igb
EAL: PCI device 0000:20:00.1 on NUMA socket 0
EAL:   probe driver: 8086:1521 net_e1000_igb
EAL: PCI device 0000:b0:00.0 on NUMA socket 1
EAL:   probe driver: 8086:10fb net_ixgbe
[1;37m[INFO]  Found 2 usable devices:[0m
   Device 0: 08:9E:01:9B:21:1F ([0;32mIntel Corporation I350 Gigabit Network Connection[0m)
   Device 1: 64:9D:99:B1:0B:62 ([0;32mIntel Corporation 82599ES 10-Gigabit SFI/SFP+ Network Connection[0m)
PMD: ixgbe_dev_link_status_print():  Port 1: Link Down
[1;37m[INFO]  Waiting for devices to come up...[0m
[1;37m[INFO]  Device 1 (64:9D:99:B1:0B:62) is up: 10000 MBit/s[0m
[1;37m[INFO]  [0;32m1 device is up.[0m[0m
[1;36m[Device: id=1] RX[0m: 6.84 Mpps, 3719 Mbit/s (4812 Mbit/s with framing)
[0;34m[Device: id=1] TX[0m: 6.84 Mpps, 3504 Mbit/s (4599 Mbit/s with framing)
[1;36m[Device: id=1] RX[0m: 7.03 Mpps, 3824 Mbit/s (4948 Mbit/s with framing)
[0;34m[Device: id=1] TX[0m: 7.03 Mpps, 3599 Mbit/s (4724 Mbit/s with framing)
[1;36m[Device: id=1] RX[0m: 7.03 Mpps, 3827 Mbit/s (4953 Mbit/s with framing)
[0;34m[Device: id=1] TX[0m: 7.04 Mpps, 3602 Mbit/s (4728 Mbit/s with framing)
[1;36m[Device: id=1] RX[0m: 7.04 Mpps, 3827 Mbit/s (4953 Mbit/s with framing)
[0;34m[Device: id=1] TX[0m: 7.04 Mpps, 3602 Mbit/s (4728 Mbit/s with framing)
[1;36m[Device: id=1] RX[0m: 7.03 Mpps, 3826 Mbit/s (4951 Mbit/s with framing)
[0;34m[Device: id=1] TX[0m: 7.03 Mpps, 3601 Mbit/s (4726 Mbit/s with framing)
[1;36m[Device: id=1] RX[0m: 7.04 Mpps, 3827 Mbit/s (4953 Mbit/s with framing)
[0;34m[Device: id=1] TX[0m: 7.04 Mpps, 3602 Mbit/s (4728 Mbit/s with framing)
[1;36m[Device: id=1] RX[0m: 7.04 Mpps, 3827 Mbit/s (4953 Mbit/s with framing)
[0;34m[Device: id=1] TX[0m: 7.04 Mpps, 3602 Mbit/s (4728 Mbit/s with framing)
[1;36m[Device: id=1] RX[0m: 7.03 Mpps, 3826 Mbit/s (4951 Mbit/s with framing)
[0;34m[Device: id=1] TX[0m: 7.03 Mpps, 3601 Mbit/s (4726 Mbit/s with framing)
[1;36m[Device: id=1] RX[0m: 7.03 Mpps, 3827 Mbit/s (4953 Mbit/s with framing)
[0;34m[Device: id=1] TX[0m: 7.04 Mpps, 3602 Mbit/s (4728 Mbit/s with framing)
[1;36m[Device: id=1] RX[0m: 7.04 Mpps, 3827 Mbit/s (4953 Mbit/s with framing)
[0;34m[Device: id=1] TX[0m: 7.04 Mpps, 3602 Mbit/s (4728 Mbit/s with framing)
[1;36m[Device: id=1] RX[0m: 7.04 Mpps, 3827 Mbit/s (4953 Mbit/s with framing)
[0;34m[Device: id=1] TX[0m: 7.04 Mpps, 3602 Mbit/s (4728 Mbit/s with framing)
[1;36m[Device: id=1] RX[0m: 7.04 Mpps, 3827 Mbit/s (4953 Mbit/s with framing)
[0;34m[Device: id=1] TX[0m: 7.04 Mpps, 3602 Mbit/s (4728 Mbit/s with framing)
[1;36m[Device: id=1] RX[0m: 7.03 Mpps, 3827 Mbit/s (4953 Mbit/s with framing)
[0;34m[Device: id=1] TX[0m: 7.04 Mpps, 3602 Mbit/s (4728 Mbit/s with framing)
[1;36m[Device: id=1] RX[0m: 7.03 Mpps, 3827 Mbit/s (4953 Mbit/s with framing)
[0;34m[Device: id=1] TX[0m: 7.03 Mpps, 3602 Mbit/s (4728 Mbit/s with framing)
[1;36m[Device: id=1] RX[0m: 7.04 Mpps, 3827 Mbit/s (4953 Mbit/s with framing)
[0;34m[Device: id=1] TX[0m: 7.04 Mpps, 3602 Mbit/s (4728 Mbit/s with framing)
[1;36m[Device: id=1] RX[0m: 7.04 Mpps, 3827 Mbit/s (4953 Mbit/s with framing)
[0;34m[Device: id=1] TX[0m: 7.04 Mpps, 3602 Mbit/s (4728 Mbit/s with framing)
[1;36m[Device: id=1] RX[0m: 7.04 Mpps, 3827 Mbit/s (4953 Mbit/s with framing)
[0;34m[Device: id=1] TX[0m: 7.04 Mpps, 3602 Mbit/s (4728 Mbit/s with framing)
[1;36m[Device: id=1] RX[0m: 7.04 Mpps, 3827 Mbit/s (4953 Mbit/s with framing)
[0;34m[Device: id=1] TX[0m: 7.04 Mpps, 3602 Mbit/s (4728 Mbit/s with framing)
[1;36m[Device: id=1] RX[0m: 7.03 Mpps, 3826 Mbit/s (4951 Mbit/s with framing)
[0;34m[Device: id=1] TX[0m: 7.03 Mpps, 3601 Mbit/s (4726 Mbit/s with framing)
[1;36m[Device: id=1] RX[0m: 7.03 Mpps, 3827 Mbit/s (4953 Mbit/s with framing)
[0;34m[Device: id=1] TX[0m: 7.04 Mpps, 3602 Mbit/s (4728 Mbit/s with framing)
[1;36m[Device: id=1] RX[0m: 7.04 Mpps, 3827 Mbit/s (4953 Mbit/s with framing)
[0;34m[Device: id=1] TX[0m: 7.04 Mpps, 3602 Mbit/s (4728 Mbit/s with framing)
[1;36m[Device: id=1] RX[0m: 7.03 Mpps, 3825 Mbit/s (4950 Mbit/s with framing)
[0;34m[Device: id=1] TX[0m: 7.03 Mpps, 3601 Mbit/s (4726 Mbit/s with framing)
[1;36m[Device: id=1] RX[0m: 7.04 Mpps, 3827 Mbit/s (4953 Mbit/s with framing)
[0;34m[Device: id=1] TX[0m: 7.04 Mpps, 3602 Mbit/s (4728 Mbit/s with framing)
[1;36m[Device: id=1] RX[0m: 7.04 Mpps, 3827 Mbit/s (4953 Mbit/s with framing)
[0;34m[Device: id=1] TX[0m: 7.04 Mpps, 3602 Mbit/s (4728 Mbit/s with framing)
[1;36m[Device: id=1] RX[0m: 7.04 Mpps, 3827 Mbit/s (4953 Mbit/s with framing)
[0;34m[Device: id=1] TX[0m: 7.04 Mpps, 3602 Mbit/s (4728 Mbit/s with framing)
[1;36m[Device: id=1] RX[0m: 7.03 Mpps, 3826 Mbit/s (4951 Mbit/s with framing)
[0;34m[Device: id=1] TX[0m: 7.03 Mpps, 3601 Mbit/s (4726 Mbit/s with framing)
[1;36m[Device: id=1] RX[0m: 7.04 Mpps, 3827 Mbit/s (4953 Mbit/s with framing)
[0;34m[Device: id=1] TX[0m: 7.04 Mpps, 3602 Mbit/s (4728 Mbit/s with framing)
[1;36m[Device: id=1] RX[0m: 7.03 Mpps, 3826 Mbit/s (4952 Mbit/s with framing)
[0;34m[Device: id=1] TX[0m: 7.03 Mpps, 3601 Mbit/s (4727 Mbit/s with framing)
[1;36m[Device: id=1] RX[0m: 7.03 Mpps, 3827 Mbit/s (4952 Mbit/s with framing)
[0;34m[Device: id=1] TX[0m: 7.03 Mpps, 3602 Mbit/s (4727 Mbit/s with framing)
[1;33m[WARN]  Failed to timestamp packet on transmission[0m
Samples: 368740, Average: 7157.4 ns, StdDev: 807.6 ns, Quartiles: 6841.0/7066.0/7335.0 ns
[1;37m[INFO]  Saving histogram to 'histogram.csv'[0m
[1;36m[Device: id=1] RX[0m: 7.03 (StdDev 0.00) Mpps, 3827 (StdDev 1) Mbit/s (4952 Mbit/s with framing), total 210377101 packets with 14305642868 bytes (incl. CRC)
[0;34m[Device: id=1] TX[0m: 7.03 (StdDev 0.00) Mpps, 3602 (StdDev 1) Mbit/s (4727 Mbit/s with framing), total 210378926 packets with 13464251264 bytes (incl. CRC)
