/nix/store/2vwkssqpzykk37r996cafq7x63imf4sp-openjdk-21+35/bin/java  -classpath /nix/store/zw02np72fzsmga6s5mphhw7x8qlzf4sv-ycsb-0.17.0/share/conf:/nix/store/zw02np72fzsmga6s5mphhw7x8qlzf4sv-ycsb-0.17.0/share/lib/core-0.17.0.jar:/nix/store/zw02np72fzsmga6s5mphhw7x8qlzf4sv-ycsb-0.17.0/share/lib/HdrHistogram-2.1.4.jar:/nix/store/zw02np72fzsmga6s5mphhw7x8qlzf4sv-ycsb-0.17.0/share/lib/htrace-core4-4.1.0-incubating.jar:/nix/store/zw02np72fzsmga6s5mphhw7x8qlzf4sv-ycsb-0.17.0/share/lib/jackson-core-asl-1.9.4.jar:/nix/store/zw02np72fzsmga6s5mphhw7x8qlzf4sv-ycsb-0.17.0/share/lib/jackson-mapper-asl-1.9.4.jar:/nix/store/zw02np72fzsmga6s5mphhw7x8qlzf4sv-ycsb-0.17.0/share/redis-binding/lib/commons-pool2-2.4.2.jar:/nix/store/zw02np72fzsmga6s5mphhw7x8qlzf4sv-ycsb-0.17.0/share/redis-binding/lib/jedis-2.9.0.jar:/nix/store/zw02np72fzsmga6s5mphhw7x8qlzf4sv-ycsb-0.17.0/share/redis-binding/lib/redis-binding-0.17.0.jar site.ycsb.Client -t -db site.ycsb.db.RedisClient -s -P /home/host/vmuxIO/test/moonprogs//../../ycsb/share/workloads/workloada -p redis.host=10.1.0.2 -p redis.port=6379 -p operationcount=429496729 -p maxexecutiontime=61 -threads 1
Command line: -t -db site.ycsb.db.RedisClient -s -P /home/host/vmuxIO/test/moonprogs//../../ycsb/share/workloads/workloada -p redis.host=10.1.0.2 -p redis.port=6379 -p operationcount=429496729 -p maxexecutiontime=61 -threads 1
YCSB Client 0.17.0

Loading workload...
Starting test.
Maximum execution time specified as: 61 secs
DBWrapper: report latency for each error is false and specific error codes to track for latency are: []
2025-04-01 21:46:30:907 0 sec: 0 operations; est completion in 0 second 
2025-04-01 21:46:40:749 10 sec: 133130 operations; 13313 current ops/sec; est completion in 8 hours 57 minutes [READ: Count=66826, Max=14647, Min=57, Avg=70.52, 90=77, 99=124, 99.9=497, 99.99=4045] [UPDATE: Count=66308, Max=24319, Min=55, Avg=72.03, 90=77, 99=121, 99.9=1864, 99.99=4047] 
2025-04-01 21:46:50:751 20 sec: 285371 operations; 15221.06 current ops/sec; est completion in 8 hours 21 minutes [READ: Count=76381, Max=9247, Min=57, Avg=65.32, 90=69, 99=83, 99.9=132, 99.99=384] [UPDATE: Count=75856, Max=1489, Min=54, Avg=63.37, 90=67, 99=80, 99.9=128, 99.99=269] 
2025-04-01 21:47:00:749 30 sec: 432701 operations; 14735.95 current ops/sec; est completion in 8 hours 15 minutes [READ: Count=73633, Max=581, Min=55, Avg=67.45, 90=74, 99=129, 99.9=243, 99.99=378] [UPDATE: Count=73697, Max=5963, Min=52, Avg=65.61, 90=72, 99=125, 99.9=243, 99.99=425] 
2025-04-01 21:47:10:749 40 sec: 585821 operations; 15312 current ops/sec; est completion in 8 hours 8 minutes [READ: Count=76566, Max=9199, Min=55, Avg=64.98, 90=70, 99=79, 99.9=102, 99.99=275] [UPDATE: Count=76554, Max=910, Min=54, Avg=63.01, 90=67, 99=77, 99.9=96, 99.99=217] 
2025-04-01 21:47:20:749 50 sec: 737327 operations; 15150.6 current ops/sec; est completion in 8 hours 4 minutes [READ: Count=75889, Max=3103, Min=49, Avg=65.7, 90=72, 99=82, 99.9=102, 99.99=265] [UPDATE: Count=75617, Max=340, Min=54, Avg=63.69, 90=70, 99=79, 99.9=99, 99.99=249] 
2025-04-01 21:47:30:749 60 sec: 884967 operations; 14764 current ops/sec; est completion in 8 hours 4 minutes [READ: Count=73682, Max=6219, Min=57, Avg=67.36, 90=74, 99=124, 99.9=243, 99.99=422] [UPDATE: Count=73958, Max=582, Min=54, Avg=65.42, 90=72, 99=121, 99.9=240, 99.99=340] 
Maximum time elapsed. Requesting stop for the workload.
Stop requested for workload. Now Joining!
2025-04-01 21:47:31:762 61 sec: 900426 operations; 15275.69 current ops/sec; est completion in 8 hours 4 minutes [READ: Count=7764, Max=548, Min=57, Avg=64.73, 90=69, 99=79, 99.9=95, 99.99=313] [CLEANUP: Count=1, Max=924, Min=924, Avg=924, 90=924, 99=924, 99.9=924, 99.99=924] [UPDATE: Count=7695, Max=2737, Min=55, Avg=63.38, 90=67, 99=77, 99.9=96, 99.99=311] 
[OVERALL], RunTime(ms), 61016
[OVERALL], Throughput(ops/sec), 14757.211223285696
[TOTAL_GCS_Copy], Count, 83
[TOTAL_GC_TIME_Copy], Time(ms), 24
[TOTAL_GC_TIME_%_Copy], Time(%), 0.03933394519470303
[TOTAL_GCS_MarkSweepCompact], Count, 0
[TOTAL_GC_TIME_MarkSweepCompact], Time(ms), 0
[TOTAL_GC_TIME_%_MarkSweepCompact], Time(%), 0.0
[TOTAL_GCs], Count, 83
[TOTAL_GC_TIME], Time(ms), 24
[TOTAL_GC_TIME_%], Time(%), 0.03933394519470303
[READ], Operations, 450741
[READ], AverageLatency(us), 66.76698148160473
[READ], MinLatency(us), 49
[READ], MaxLatency(us), 14647
[READ], 95thPercentileLatency(us), 77
[READ], 99thPercentileLatency(us), 109
[READ], Return=OK, 450741
[CLEANUP], Operations, 1
[CLEANUP], AverageLatency(us), 924.0
[CLEANUP], MinLatency(us), 924
[CLEANUP], MaxLatency(us), 924
[CLEANUP], 95thPercentileLatency(us), 924
[CLEANUP], 99thPercentileLatency(us), 924
[UPDATE], Operations, 449685
[UPDATE], AverageLatency(us), 65.34200384713743
[UPDATE], MinLatency(us), 52
[UPDATE], MaxLatency(us), 24319
[UPDATE], 95thPercentileLatency(us), 76
[UPDATE], 99thPercentileLatency(us), 104
[UPDATE], Return=OK, 449685
AUTOTEST_DONE
