/nix/store/2vwkssqpzykk37r996cafq7x63imf4sp-openjdk-21+35/bin/java  -classpath /nix/store/zw02np72fzsmga6s5mphhw7x8qlzf4sv-ycsb-0.17.0/share/conf:/nix/store/zw02np72fzsmga6s5mphhw7x8qlzf4sv-ycsb-0.17.0/share/lib/core-0.17.0.jar:/nix/store/zw02np72fzsmga6s5mphhw7x8qlzf4sv-ycsb-0.17.0/share/lib/HdrHistogram-2.1.4.jar:/nix/store/zw02np72fzsmga6s5mphhw7x8qlzf4sv-ycsb-0.17.0/share/lib/htrace-core4-4.1.0-incubating.jar:/nix/store/zw02np72fzsmga6s5mphhw7x8qlzf4sv-ycsb-0.17.0/share/lib/jackson-core-asl-1.9.4.jar:/nix/store/zw02np72fzsmga6s5mphhw7x8qlzf4sv-ycsb-0.17.0/share/lib/jackson-mapper-asl-1.9.4.jar:/nix/store/zw02np72fzsmga6s5mphhw7x8qlzf4sv-ycsb-0.17.0/share/redis-binding/lib/commons-pool2-2.4.2.jar:/nix/store/zw02np72fzsmga6s5mphhw7x8qlzf4sv-ycsb-0.17.0/share/redis-binding/lib/jedis-2.9.0.jar:/nix/store/zw02np72fzsmga6s5mphhw7x8qlzf4sv-ycsb-0.17.0/share/redis-binding/lib/redis-binding-0.17.0.jar site.ycsb.Client -t -db site.ycsb.db.RedisClient -s -P /home/host/vmuxIO/test/moonprogs//../../ycsb/share/workloads/workloada -p redis.host=10.1.0.2 -p redis.port=6386 -p operationcount=429496729 -p maxexecutiontime=61 -threads 1
Command line: -t -db site.ycsb.db.RedisClient -s -P /home/host/vmuxIO/test/moonprogs//../../ycsb/share/workloads/workloada -p redis.host=10.1.0.2 -p redis.port=6386 -p operationcount=429496729 -p maxexecutiontime=61 -threads 1
YCSB Client 0.17.0

Loading workload...
Starting test.
Maximum execution time specified as: 61 secs
DBWrapper: report latency for each error is false and specific error codes to track for latency are: []
2024-10-15 12:42:50:908 0 sec: 0 operations; est completion in 0 second 
2024-10-15 12:43:00:731 10 sec: 78924 operations; 7892.4 current ops/sec; est completion in 15 hours 6 minutes [READ: Count=39449, Max=48671, Min=92, Avg=122.98, 90=133, 99=163, 99.9=715, 99.99=3853] [UPDATE: Count=39481, Max=10207, Min=88, Avg=120.42, 90=131, 99=166, 99.9=883, 99.99=3169] 
2024-10-15 12:43:10:731 20 sec: 165420 operations; 8649.6 current ops/sec; est completion in 14 hours 25 minutes [READ: Count=43306, Max=2005, Min=88, Avg=114.97, 90=127, 99=143, 99.9=177, 99.99=513] [UPDATE: Count=43184, Max=674, Min=86, Avg=112.38, 90=125, 99=140, 99.9=175, 99.99=455] 
2024-10-15 12:43:20:731 30 sec: 254707 operations; 8928.7 current ops/sec; est completion in 14 hours 2 minutes [READ: Count=44658, Max=5879, Min=86, Avg=111.78, 90=127, 99=151, 99.9=196, 99.99=578] [UPDATE: Count=44629, Max=3635, Min=82, Avg=109.09, 90=125, 99=149, 99.9=204, 99.99=546] 
2024-10-15 12:43:30:731 40 sec: 342525 operations; 8781.8 current ops/sec; est completion in 13 hours 55 minutes [READ: Count=43979, Max=7639, Min=87, Avg=113.57, 90=126, 99=142, 99.9=169, 99.99=440] [UPDATE: Count=43839, Max=761, Min=84, Avg=110.98, 90=123, 99=139, 99.9=165, 99.99=371] 
2024-10-15 12:43:40:731 50 sec: 433228 operations; 9070.3 current ops/sec; est completion in 13 hours 45 minutes [READ: Count=45397, Max=391, Min=88, Avg=110.06, 90=121, 99=134, 99.9=163, 99.99=348] [UPDATE: Count=45306, Max=9607, Min=86, Avg=107.61, 90=118, 99=131, 99.9=161, 99.99=398] 
2024-10-15 12:43:50:731 60 sec: 522059 operations; 8883.1 current ops/sec; est completion in 13 hours 41 minutes [READ: Count=44402, Max=1903, Min=86, Avg=112.32, 90=130, 99=147, 99.9=184, 99.99=385] [UPDATE: Count=44429, Max=3067, Min=84, Avg=109.78, 90=127, 99=144, 99.9=174, 99.99=387] 
Maximum time elapsed. Requesting stop for the workload.
Stop requested for workload. Now Joining!
2024-10-15 12:43:51:742 61 sec: 530827 operations; 8681.19 current ops/sec; est completion in 13 hours 41 minutes [READ: Count=4396, Max=1056, Min=96, Avg=114.27, 90=125, 99=146, 99.9=176, 99.99=1056] [CLEANUP: Count=1, Max=806, Min=806, Avg=806, 90=806, 99=806, 99.9=806, 99.99=806] [UPDATE: Count=4372, Max=2611, Min=95, Avg=112.45, 90=123, 99=146, 99.9=186, 99.99=2611] 
[OVERALL], RunTime(ms), 61014
[OVERALL], Throughput(ops/sec), 8700.085226341494
[TOTAL_GCS_Copy], Count, 49
[TOTAL_GC_TIME_Copy], Time(ms), 20
[TOTAL_GC_TIME_%_Copy], Time(%), 0.03277936211361327
[TOTAL_GCS_MarkSweepCompact], Count, 0
[TOTAL_GC_TIME_MarkSweepCompact], Time(ms), 0
[TOTAL_GC_TIME_%_MarkSweepCompact], Time(%), 0.0
[TOTAL_GCs], Count, 49
[TOTAL_GC_TIME], Time(ms), 20
[TOTAL_GC_TIME_%], Time(%), 0.03277936211361327
[READ], Operations, 265587
[READ], AverageLatency(us), 114.0971546047058
[READ], MinLatency(us), 86
[READ], MaxLatency(us), 48671
[READ], 95thPercentileLatency(us), 133
[READ], 99thPercentileLatency(us), 147
[READ], Return=OK, 265587
[CLEANUP], Operations, 1
[CLEANUP], AverageLatency(us), 806.0
[CLEANUP], MinLatency(us), 806
[CLEANUP], MaxLatency(us), 806
[CLEANUP], 95thPercentileLatency(us), 806
[CLEANUP], 99thPercentileLatency(us), 806
[UPDATE], Operations, 265240
[UPDATE], AverageLatency(us), 111.54241818730206
[UPDATE], MinLatency(us), 82
[UPDATE], MaxLatency(us), 10207
[UPDATE], 95thPercentileLatency(us), 130
[UPDATE], 99thPercentileLatency(us), 144
[UPDATE], Return=OK, 265240
AUTOTEST_DONE
