/nix/store/2vwkssqpzykk37r996cafq7x63imf4sp-openjdk-21+35/bin/java  -classpath /nix/store/zw02np72fzsmga6s5mphhw7x8qlzf4sv-ycsb-0.17.0/share/conf:/nix/store/zw02np72fzsmga6s5mphhw7x8qlzf4sv-ycsb-0.17.0/share/lib/core-0.17.0.jar:/nix/store/zw02np72fzsmga6s5mphhw7x8qlzf4sv-ycsb-0.17.0/share/lib/HdrHistogram-2.1.4.jar:/nix/store/zw02np72fzsmga6s5mphhw7x8qlzf4sv-ycsb-0.17.0/share/lib/htrace-core4-4.1.0-incubating.jar:/nix/store/zw02np72fzsmga6s5mphhw7x8qlzf4sv-ycsb-0.17.0/share/lib/jackson-core-asl-1.9.4.jar:/nix/store/zw02np72fzsmga6s5mphhw7x8qlzf4sv-ycsb-0.17.0/share/lib/jackson-mapper-asl-1.9.4.jar:/nix/store/zw02np72fzsmga6s5mphhw7x8qlzf4sv-ycsb-0.17.0/share/redis-binding/lib/commons-pool2-2.4.2.jar:/nix/store/zw02np72fzsmga6s5mphhw7x8qlzf4sv-ycsb-0.17.0/share/redis-binding/lib/jedis-2.9.0.jar:/nix/store/zw02np72fzsmga6s5mphhw7x8qlzf4sv-ycsb-0.17.0/share/redis-binding/lib/redis-binding-0.17.0.jar site.ycsb.Client -t -db site.ycsb.db.RedisClient -s -P /home/host/vmuxIO/test/moonprogs//../../ycsb/share/workloads/workloada -p redis.host=10.1.0.2 -p redis.port=6379 -p operationcount=429496729 -p maxexecutiontime=61 -threads 1
Command line: -t -db site.ycsb.db.RedisClient -s -P /home/host/vmuxIO/test/moonprogs//../../ycsb/share/workloads/workloada -p redis.host=10.1.0.2 -p redis.port=6379 -p operationcount=429496729 -p maxexecutiontime=61 -threads 1
YCSB Client 0.17.0

Loading workload...
Starting test.
Maximum execution time specified as: 61 secs
DBWrapper: report latency for each error is false and specific error codes to track for latency are: []
2024-06-26 11:38:14:666 0 sec: 0 operations; est completion in 0 second 
2024-06-26 11:38:24:487 10 sec: 8194 operations; 819.32 current ops/sec; est completion in 6 days 1 hour [READ: Count=4066, Max=21791, Min=393, Avg=1176.75, 90=1499, 99=1989, 99.9=5755, 99.99=21791] [UPDATE: Count=4181, Max=29279, Min=382, Avg=1189.7, 90=1499, 99=1978, 99.9=7703, 99.99=29279] 
2024-06-26 11:38:34:487 20 sec: 16329 operations; 813.5 current ops/sec; est completion in 6 days 2 hours [READ: Count=4127, Max=10495, Min=386, Avg=1216.98, 90=1535, 99=1937, 99.9=4575, 99.99=10495] [UPDATE: Count=3956, Max=10967, Min=407, Avg=1226.02, 90=1539, 99=1951, 99.9=5191, 99.99=10967] 
2024-06-26 11:38:44:486 30 sec: 24321 operations; 799.2 current ops/sec; est completion in 6 days 3 hours [READ: Count=3982, Max=13719, Min=347, Avg=1239.83, 90=1567, 99=1984, 99.9=2859, 99.99=13719] [UPDATE: Count=4009, Max=13159, Min=337, Avg=1245.53, 90=1583, 99=2069, 99.9=9359, 99.99=13159] 
2024-06-26 11:38:54:486 40 sec: 32854 operations; 853.3 current ops/sec; est completion in 6 days 1 hour [READ: Count=4317, Max=10607, Min=349, Avg=1168.93, 90=1481, 99=1795, 99.9=2247, 99.99=10607] [UPDATE: Count=4216, Max=12727, Min=361, Avg=1166.54, 90=1471, 99=1827, 99.9=2969, 99.99=12727] 
2024-06-26 11:39:04:486 50 sec: 41261 operations; 840.7 current ops/sec; est completion in 6 days [READ: Count=4212, Max=2837, Min=367, Avg=1182.5, 90=1488, 99=1858, 99.9=2331, 99.99=2837] [UPDATE: Count=4195, Max=10743, Min=296, Avg=1188.99, 90=1488, 99=1908, 99.9=7711, 99.99=10743] 
2024-06-26 11:39:14:486 60 sec: 49157 operations; 789.68 current ops/sec; est completion in 6 days 1 hour [READ: Count=3882, Max=10935, Min=340, Avg=1264.67, 90=1628, 99=2055, 99.9=4391, 99.99=10935] [UPDATE: Count=4014, Max=8695, Min=377, Avg=1256.51, 90=1630, 99=2075, 99.9=2711, 99.99=8695] 
Maximum time elapsed. Requesting stop for the workload.
Stop requested for workload. Now Joining!
2024-06-26 11:39:15:503 61 sec: 50787 operations; 1602.75 current ops/sec; est completion in 5 days 23 hours [READ: Count=812, Max=1316, Min=312, Avg=607.86, 90=871, 99=1144, 99.9=1307, 99.99=1316] [CLEANUP: Count=1, Max=1900, Min=1900, Avg=1900, 90=1900, 99=1900, 99.9=1900, 99.99=1900] [UPDATE: Count=818, Max=11255, Min=318, Avg=629.1, 90=866, 99=1189, 99.9=6191, 99.99=11255] 
[OVERALL], RunTime(ms), 61022
[OVERALL], Throughput(ops/sec), 832.2736062403724
[TOTAL_GCS_Copy], Count, 5
[TOTAL_GC_TIME_Copy], Time(ms), 21
[TOTAL_GC_TIME_%_Copy], Time(%), 0.03441381796729048
[TOTAL_GCS_MarkSweepCompact], Count, 0
[TOTAL_GC_TIME_MarkSweepCompact], Time(ms), 0
[TOTAL_GC_TIME_%_MarkSweepCompact], Time(%), 0.0
[TOTAL_GCs], Count, 5
[TOTAL_GC_TIME], Time(ms), 21
[TOTAL_GC_TIME_%], Time(%), 0.03441381796729048
[READ], Operations, 25398
[READ], AverageLatency(us), 1188.0523663280574
[READ], MinLatency(us), 312
[READ], MaxLatency(us), 21791
[READ], 95thPercentileLatency(us), 1638
[READ], 99thPercentileLatency(us), 1950
[READ], Return=OK, 25398
[CLEANUP], Operations, 1
[CLEANUP], AverageLatency(us), 1900.0
[CLEANUP], MinLatency(us), 1900
[CLEANUP], MaxLatency(us), 1900
[CLEANUP], 95thPercentileLatency(us), 1900
[CLEANUP], 99thPercentileLatency(us), 1900
[UPDATE], Operations, 25389
[UPDATE], AverageLatency(us), 1192.7136949072433
[UPDATE], MinLatency(us), 296
[UPDATE], MaxLatency(us), 29279
[UPDATE], 95thPercentileLatency(us), 1645
[UPDATE], 99thPercentileLatency(us), 1977
[UPDATE], Return=OK, 25389
AUTOTEST_DONE
