/nix/store/2vwkssqpzykk37r996cafq7x63imf4sp-openjdk-21+35/bin/java  -classpath /nix/store/zw02np72fzsmga6s5mphhw7x8qlzf4sv-ycsb-0.17.0/share/conf:/nix/store/zw02np72fzsmga6s5mphhw7x8qlzf4sv-ycsb-0.17.0/share/lib/core-0.17.0.jar:/nix/store/zw02np72fzsmga6s5mphhw7x8qlzf4sv-ycsb-0.17.0/share/lib/HdrHistogram-2.1.4.jar:/nix/store/zw02np72fzsmga6s5mphhw7x8qlzf4sv-ycsb-0.17.0/share/lib/htrace-core4-4.1.0-incubating.jar:/nix/store/zw02np72fzsmga6s5mphhw7x8qlzf4sv-ycsb-0.17.0/share/lib/jackson-core-asl-1.9.4.jar:/nix/store/zw02np72fzsmga6s5mphhw7x8qlzf4sv-ycsb-0.17.0/share/lib/jackson-mapper-asl-1.9.4.jar:/nix/store/zw02np72fzsmga6s5mphhw7x8qlzf4sv-ycsb-0.17.0/share/redis-binding/lib/commons-pool2-2.4.2.jar:/nix/store/zw02np72fzsmga6s5mphhw7x8qlzf4sv-ycsb-0.17.0/share/redis-binding/lib/jedis-2.9.0.jar:/nix/store/zw02np72fzsmga6s5mphhw7x8qlzf4sv-ycsb-0.17.0/share/redis-binding/lib/redis-binding-0.17.0.jar site.ycsb.Client -t -db site.ycsb.db.RedisClient -s -P /home/host/vmuxIO/test/moonprogs//../../ycsb/share/workloads/workloada -p redis.host=10.1.0.2 -p redis.port=6386 -p operationcount=429496729 -p maxexecutiontime=61 -threads 1
Command line: -t -db site.ycsb.db.RedisClient -s -P /home/host/vmuxIO/test/moonprogs//../../ycsb/share/workloads/workloada -p redis.host=10.1.0.2 -p redis.port=6386 -p operationcount=429496729 -p maxexecutiontime=61 -threads 1
YCSB Client 0.17.0

Loading workload...
Starting test.
Maximum execution time specified as: 61 secs
DBWrapper: report latency for each error is false and specific error codes to track for latency are: []
2024-07-11 18:30:07:023 0 sec: 0 operations; est completion in 0 second 
2024-07-11 18:30:16:855 10 sec: 31074 operations; 3107.4 current ops/sec; est completion in 1 day 14 hours [READ: Count=15544, Max=14447, Min=197, Avg=308.26, 90=391, 99=490, 99.9=3685, 99.99=7155] [UPDATE: Count=15588, Max=25343, Min=185, Avg=310.29, 90=393, 99=523, 99.9=3737, 99.99=5459] 
2024-07-11 18:30:26:859 20 sec: 62881 operations; 3179.11 current ops/sec; est completion in 1 day 13 hours [READ: Count=16148, Max=4419, Min=191, Avg=308.72, 90=404, 99=482, 99.9=2353, 99.99=4131] [UPDATE: Count=15610, Max=8271, Min=198, Avg=305.84, 90=401, 99=476, 99.9=1900, 99.99=4307] 
2024-07-11 18:30:36:854 30 sec: 93601 operations; 3073.54 current ops/sec; est completion in 1 day 14 hours [READ: Count=15481, Max=4001, Min=195, Avg=325.17, 90=427, 99=530, 99.9=746, 99.99=1681] [UPDATE: Count=15230, Max=3685, Min=194, Avg=320.88, 90=424, 99=527, 99.9=679, 99.99=3261] 
2024-07-11 18:30:46:854 40 sec: 125098 operations; 3149.7 current ops/sec; est completion in 1 day 14 hours [READ: Count=15761, Max=10183, Min=190, Avg=318.31, 90=408, 99=480, 99.9=575, 99.99=2449] [UPDATE: Count=15736, Max=4135, Min=177, Avg=312.52, 90=406, 99=476, 99.9=574, 99.99=2979] 
2024-07-11 18:30:56:855 50 sec: 157717 operations; 3261.9 current ops/sec; est completion in 1 day 13 hours [READ: Count=16314, Max=2775, Min=192, Avg=307, 90=390, 99=470, 99.9=560, 99.99=2595] [UPDATE: Count=16305, Max=7567, Min=185, Avg=302.59, 90=387, 99=467, 99.9=588, 99.99=2979] 
2024-07-11 18:31:06:854 60 sec: 189208 operations; 3149.1 current ops/sec; est completion in 1 day 13 hours [READ: Count=15761, Max=9599, Min=193, Avg=318.44, 90=410, 99=507, 99.9=663, 99.99=2743] [UPDATE: Count=15730, Max=2941, Min=189, Avg=312.87, 90=405, 99=500, 99.9=627, 99.99=2611] 
Maximum time elapsed. Requesting stop for the workload.
Stop requested for workload. Now Joining!
2024-07-11 18:31:07:867 61 sec: 192401 operations; 3155.14 current ops/sec; est completion in 1 day 13 hours [READ: Count=1571, Max=703, Min=199, Avg=315.31, 90=420, 99=511, 99.9=623, 99.99=703] [CLEANUP: Count=1, Max=1056, Min=1056, Avg=1056, 90=1056, 99=1056, 99.9=1056, 99.99=1056] [UPDATE: Count=1622, Max=4359, Min=209, Avg=313.78, 90=415, 99=507, 99.9=650, 99.99=4359] 
[OVERALL], RunTime(ms), 61017
[OVERALL], Throughput(ops/sec), 3153.235983414458
[TOTAL_GCS_Copy], Count, 18
[TOTAL_GC_TIME_Copy], Time(ms), 20
[TOTAL_GC_TIME_%_Copy], Time(%), 0.03277775046298572
[TOTAL_GCS_MarkSweepCompact], Count, 0
[TOTAL_GC_TIME_MarkSweepCompact], Time(ms), 0
[TOTAL_GC_TIME_%_MarkSweepCompact], Time(%), 0.0
[TOTAL_GCs], Count, 18
[TOTAL_GC_TIME], Time(ms), 20
[TOTAL_GC_TIME_%], Time(%), 0.03277775046298572
[READ], Operations, 96580
[READ], AverageLatency(us), 314.2510354110582
[READ], MinLatency(us), 190
[READ], MaxLatency(us), 14447
[READ], 95thPercentileLatency(us), 432
[READ], 99thPercentileLatency(us), 498
[READ], Return=OK, 96580
[CLEANUP], Operations, 1
[CLEANUP], AverageLatency(us), 1056.0
[CLEANUP], MinLatency(us), 1056
[CLEANUP], MaxLatency(us), 1056
[CLEANUP], 95thPercentileLatency(us), 1056
[CLEANUP], 99thPercentileLatency(us), 1056
[UPDATE], Operations, 95821
[UPDATE], AverageLatency(us), 310.7861011678025
[UPDATE], MinLatency(us), 177
[UPDATE], MaxLatency(us), 25343
[UPDATE], 95thPercentileLatency(us), 429
[UPDATE], 99thPercentileLatency(us), 494
[UPDATE], Return=OK, 95821
AUTOTEST_DONE
