/nix/store/2vwkssqpzykk37r996cafq7x63imf4sp-openjdk-21+35/bin/java  -classpath /nix/store/zw02np72fzsmga6s5mphhw7x8qlzf4sv-ycsb-0.17.0/share/conf:/nix/store/zw02np72fzsmga6s5mphhw7x8qlzf4sv-ycsb-0.17.0/share/lib/core-0.17.0.jar:/nix/store/zw02np72fzsmga6s5mphhw7x8qlzf4sv-ycsb-0.17.0/share/lib/HdrHistogram-2.1.4.jar:/nix/store/zw02np72fzsmga6s5mphhw7x8qlzf4sv-ycsb-0.17.0/share/lib/htrace-core4-4.1.0-incubating.jar:/nix/store/zw02np72fzsmga6s5mphhw7x8qlzf4sv-ycsb-0.17.0/share/lib/jackson-core-asl-1.9.4.jar:/nix/store/zw02np72fzsmga6s5mphhw7x8qlzf4sv-ycsb-0.17.0/share/lib/jackson-mapper-asl-1.9.4.jar:/nix/store/zw02np72fzsmga6s5mphhw7x8qlzf4sv-ycsb-0.17.0/share/redis-binding/lib/commons-pool2-2.4.2.jar:/nix/store/zw02np72fzsmga6s5mphhw7x8qlzf4sv-ycsb-0.17.0/share/redis-binding/lib/jedis-2.9.0.jar:/nix/store/zw02np72fzsmga6s5mphhw7x8qlzf4sv-ycsb-0.17.0/share/redis-binding/lib/redis-binding-0.17.0.jar site.ycsb.Client -t -db site.ycsb.db.RedisClient -s -P /home/host/vmuxIO/test/moonprogs//../../ycsb/share/workloads/workloada -p redis.host=10.1.0.2 -p redis.port=6386 -p operationcount=429496729 -p maxexecutiontime=61 -threads 1
Command line: -t -db site.ycsb.db.RedisClient -s -P /home/host/vmuxIO/test/moonprogs//../../ycsb/share/workloads/workloada -p redis.host=10.1.0.2 -p redis.port=6386 -p operationcount=429496729 -p maxexecutiontime=61 -threads 1
YCSB Client 0.17.0

Loading workload...
Starting test.
Maximum execution time specified as: 61 secs
DBWrapper: report latency for each error is false and specific error codes to track for latency are: []
2025-04-18 12:00:44:466 0 sec: 0 operations; est completion in 0 second 
2025-04-18 12:00:54:307 10 sec: 18467 operations; 1846.52 current ops/sec; est completion in 2 days 16 hours [READ: Count=9332, Max=15255, Min=418, Avg=518.64, 90=543, 99=1177, 99.9=4483, 99.99=13935] [UPDATE: Count=9146, Max=26815, Min=394, Avg=529.78, 90=549, 99=2501, 99.9=4395, 99.99=7499] 
2025-04-18 12:01:04:309 20 sec: 37722 operations; 1925.31 current ops/sec; est completion in 2 days 15 hours [READ: Count=9608, Max=7207, Min=421, Avg=508.68, 90=538, 99=716, 99.9=4411, 99.99=4623] [UPDATE: Count=9636, Max=5787, Min=334, Avg=519.32, 90=543, 99=2355, 99.9=4463, 99.99=4611] 
2025-04-18 12:01:14:307 30 sec: 58054 operations; 2033.4 current ops/sec; est completion in 2 days 13 hours [READ: Count=10220, Max=4475, Min=419, Avg=488.18, 90=540, 99=710, 99.9=3769, 99.99=4439] [UPDATE: Count=10112, Max=11311, Min=418, Avg=487.03, 90=538, 99=711, 99.9=3961, 99.99=4771] 
2025-04-18 12:01:24:307 40 sec: 79432 operations; 2137.8 current ops/sec; est completion in 2 days 12 hours [READ: Count=10674, Max=9543, Min=410, Avg=466.91, 90=490, 99=612, 99.9=953, 99.99=3059] [UPDATE: Count=10704, Max=2991, Min=396, Avg=463.94, 90=487, 99=596, 99.9=855, 99.99=2375] 
2025-04-18 12:01:34:307 50 sec: 100678 operations; 2124.6 current ops/sec; est completion in 2 days 11 hours [READ: Count=10650, Max=3121, Min=367, Avg=468.71, 90=491, 99=579, 99.9=843, 99.99=3105] [UPDATE: Count=10596, Max=5035, Min=394, Avg=468.56, 90=490, 99=585, 99.9=783, 99.99=3075] 
2025-04-18 12:01:44:307 60 sec: 122093 operations; 2141.5 current ops/sec; est completion in 2 days 10 hours [READ: Count=10726, Max=8287, Min=300, Avg=465.75, 90=547, 99=665, 99.9=957, 99.99=4067] [UPDATE: Count=10689, Max=7075, Min=289, Avg=463.47, 90=549, 99=663, 99.9=1018, 99.99=4167] 
Maximum time elapsed. Requesting stop for the workload.
Stop requested for workload. Now Joining!
2025-04-18 12:01:45:319 61 sec: 124246 operations; 2129.57 current ops/sec; est completion in 2 days 10 hours [READ: Count=1066, Max=5483, Min=384, Avg=467.29, 90=479, 99=701, 99.9=1538, 99.99=5483] [CLEANUP: Count=1, Max=1220, Min=1220, Avg=1220, 90=1220, 99=1220, 99.9=1220, 99.99=1220] [UPDATE: Count=1087, Max=4307, Min=390, Avg=466.75, 90=483, 99=704, 99.9=1139, 99.99=4307] 
[OVERALL], RunTime(ms), 61016
[OVERALL], Throughput(ops/sec), 2036.2855644421136
[TOTAL_GCS_Copy], Count, 12
[TOTAL_GC_TIME_Copy], Time(ms), 14
[TOTAL_GC_TIME_%_Copy], Time(%), 0.022944801363576767
[TOTAL_GCS_MarkSweepCompact], Count, 0
[TOTAL_GC_TIME_MarkSweepCompact], Time(ms), 0
[TOTAL_GC_TIME_%_MarkSweepCompact], Time(%), 0.0
[TOTAL_GCs], Count, 12
[TOTAL_GC_TIME], Time(ms), 14
[TOTAL_GC_TIME_%], Time(%), 0.022944801363576767
[READ], Operations, 62276
[READ], AverageLatency(us), 484.7108998651166
[READ], MinLatency(us), 300
[READ], MaxLatency(us), 15255
[READ], 95thPercentileLatency(us), 556
[READ], 99thPercentileLatency(us), 690
[READ], Return=OK, 62276
[CLEANUP], Operations, 1
[CLEANUP], AverageLatency(us), 1220.0
[CLEANUP], MinLatency(us), 1220
[CLEANUP], MaxLatency(us), 1220
[CLEANUP], 95thPercentileLatency(us), 1220
[CLEANUP], 99thPercentileLatency(us), 1220
[UPDATE], Operations, 61970
[UPDATE], AverageLatency(us), 486.7953687268033
[UPDATE], MinLatency(us), 289
[UPDATE], MaxLatency(us), 26815
[UPDATE], 95thPercentileLatency(us), 560
[UPDATE], 99thPercentileLatency(us), 698
[UPDATE], Return=OK, 61970
AUTOTEST_DONE
