Running 1m test @ http://10.1.0.21:5000
  8 threads and 16 connections

  Thread calibration: mean lat.: 4.833ms, rate sampling interval: 16ms
  Thread calibration: mean lat.: 5.227ms, rate sampling interval: 18ms
  Thread calibration: mean lat.: 6.536ms, rate sampling interval: 21ms
  Thread calibration: mean lat.: 6.589ms, rate sampling interval: 19ms
  Thread calibration: mean lat.: 5.159ms, rate sampling interval: 18ms
  Thread calibration: mean lat.: 6.081ms, rate sampling interval: 20ms
  Thread calibration: mean lat.: 5.892ms, rate sampling interval: 19ms
  Thread calibration: mean lat.: 5.705ms, rate sampling interval: 19ms

-----------------------------------------------------------------------
Test Results @ http://10.1.0.21:5000 
  Thread Stats   Avg      Stdev     99%   +/- Stdev
    Latency     5.18ms    3.05ms  13.34ms   72.85%
    Req/Sec     1.07      7.62    55.00     98.05%
  Latency Distribution (HdrHistogram - Recorded Latency)
 50.000%    4.15ms
 75.000%    8.06ms
 90.000%    9.70ms
 99.000%   13.34ms
 99.900%   17.30ms
 99.990%   17.30ms
 99.999%   17.30ms
100.000%   17.30ms

  Detailed Percentile spectrum:
       Value   Percentile   TotalCount 1/(1-Percentile)

       1.553     0.000000            1         1.00
       2.473     0.100000           44         1.11
       2.715     0.200000           87         1.25
       2.903     0.300000          130         1.43
       3.281     0.400000          173         1.67
       4.147     0.500000          216         2.00
       4.323     0.550000          238         2.22
       4.535     0.600000          259         2.50
       4.743     0.650000          281         2.86
       5.103     0.700000          302         3.33
       8.087     0.750000          324         4.00
       8.503     0.775000          335         4.44
       8.775     0.800000          345         5.00
       8.999     0.825000          356         5.71
       9.135     0.850000          367         6.67
       9.447     0.875000          378         8.00
       9.607     0.887500          384         8.89
       9.703     0.900000          388        10.00
       9.967     0.912500          394        11.43
      10.215     0.925000          399        13.33
      10.423     0.937500          405        16.00
      10.623     0.943750          407        17.78
      10.959     0.950000          410        20.00
      11.159     0.956250          413        22.86
      11.279     0.962500          415        26.67
      11.463     0.968750          418        32.00
      11.679     0.971875          419        35.56
      11.871     0.975000          421        40.00
      12.191     0.978125          422        45.71
      12.199     0.981250          423        53.33
      12.679     0.984375          425        64.00
      12.679     0.985938          425        71.11
      13.159     0.987500          426        80.00
      13.343     0.989062          427        91.43
      13.343     0.990625          427       106.67
      13.655     0.992188          428       128.00
      13.655     0.992969          428       142.22
      14.111     0.993750          429       160.00
      14.111     0.994531          429       182.86
      14.111     0.995313          429       213.33
      15.415     0.996094          430       256.00
      15.415     0.996484          430       284.44
      15.415     0.996875          430       320.00
      15.415     0.997266          430       365.71
      15.415     0.997656          430       426.67
      17.295     0.998047          431       512.00
      17.295     1.000000          431          inf
#[Mean    =        5.179, StdDeviation   =        3.047]
#[Max     =       17.280, Total count    =          431]
#[Buckets =           27, SubBuckets     =         2048]
-----------------------------------------------------------------------
  529 requests in 1.03m, 834.24KB read
  Socket errors: connect 0, read 0, write 0, timeout 158
Requests/sec:      8.53  
Transfer/sec:     13.45KB
AUTOTEST_DONE
