Running 1m test @ http://10.1.0.21:5000
  8 threads and 16 connections

  Thread calibration: mean lat.: 4.774ms, rate sampling interval: 17ms
  Thread calibration: mean lat.: 4.544ms, rate sampling interval: 10ms
  Thread calibration: mean lat.: 6.557ms, rate sampling interval: 18ms
  Thread calibration: mean lat.: 3.254ms, rate sampling interval: 10ms
  Thread calibration: mean lat.: 5.085ms, rate sampling interval: 18ms
  Thread calibration: mean lat.: 4.839ms, rate sampling interval: 14ms
  Thread calibration: mean lat.: 5.849ms, rate sampling interval: 20ms
  Thread calibration: mean lat.: 5.473ms, rate sampling interval: 17ms

-----------------------------------------------------------------------
Test Results @ http://10.1.0.21:5000 
  Thread Stats   Avg      Stdev     99%   +/- Stdev
    Latency     4.86ms    3.42ms  15.22ms   77.03%
    Req/Sec     1.06      8.92    58.00     98.48%
  Latency Distribution (HdrHistogram - Recorded Latency)
 50.000%    3.50ms
 75.000%    7.91ms
 90.000%   10.06ms
 99.000%   15.22ms
 99.900%   17.36ms
 99.990%   17.36ms
 99.999%   17.36ms
100.000%   17.36ms

  Detailed Percentile spectrum:
       Value   Percentile   TotalCount 1/(1-Percentile)

       0.987     0.000000            1         1.00
       2.077     0.100000           44         1.11
       2.245     0.200000           89         1.25
       2.385     0.300000          130         1.43
       2.573     0.400000          173         1.67
       3.499     0.500000          216         2.00
       3.701     0.550000          238         2.22
       3.959     0.600000          259         2.50
       4.151     0.650000          281         2.86
       4.731     0.700000          302         3.33
       7.927     0.750000          324         4.00
       8.311     0.775000          335         4.44
       8.519     0.800000          345         5.00
       8.855     0.825000          356         5.71
       9.143     0.850000          367         6.67
       9.559     0.875000          379         8.00
       9.743     0.887500          383         8.89
      10.055     0.900000          388        10.00
      10.391     0.912500          394        11.43
      10.535     0.925000          400        13.33
      10.767     0.937500          405        16.00
      10.799     0.943750          407        17.78
      11.175     0.950000          410        20.00
      11.663     0.956250          413        22.86
      11.879     0.962500          415        26.67
      12.599     0.968750          418        32.00
      12.631     0.971875          419        35.56
      13.351     0.975000          421        40.00
      13.463     0.978125          422        45.71
      13.863     0.981250          423        53.33
      15.063     0.984375          425        64.00
      15.063     0.985938          425        71.11
      15.191     0.987500          426        80.00
      15.223     0.989062          427        91.43
      15.223     0.990625          427       106.67
      15.807     0.992188          428       128.00
      15.807     0.992969          428       142.22
      15.895     0.993750          429       160.00
      15.895     0.994531          429       182.86
      15.895     0.995313          429       213.33
      15.927     0.996094          430       256.00
      15.927     0.996484          430       284.44
      15.927     0.996875          430       320.00
      15.927     0.997266          430       365.71
      15.927     0.997656          430       426.67
      17.359     0.998047          431       512.00
      17.359     1.000000          431          inf
#[Mean    =        4.858, StdDeviation   =        3.424]
#[Max     =       17.344, Total count    =          431]
#[Buckets =           27, SubBuckets     =         2048]
-----------------------------------------------------------------------
  530 requests in 1.03m, 791.20KB read
  Socket errors: connect 0, read 0, write 0, timeout 156
Requests/sec:      8.55  
Transfer/sec:     12.76KB
AUTOTEST_DONE
