Running 1m test @ http://10.1.0.21:5000
  8 threads and 16 connections

  Thread calibration: mean lat.: 4.642ms, rate sampling interval: 19ms
  Thread calibration: mean lat.: 7.258ms, rate sampling interval: 19ms
  Thread calibration: mean lat.: 6.515ms, rate sampling interval: 22ms
  Thread calibration: mean lat.: 4.068ms, rate sampling interval: 10ms
  Thread calibration: mean lat.: 4.992ms, rate sampling interval: 20ms
  Thread calibration: mean lat.: 2.787ms, rate sampling interval: 10ms
  Thread calibration: mean lat.: 8.364ms, rate sampling interval: 25ms
  Thread calibration: mean lat.: 5.946ms, rate sampling interval: 21ms

-----------------------------------------------------------------------
Test Results @ http://10.1.0.21:5000 
  Thread Stats   Avg      Stdev     99%   +/- Stdev
    Latency     4.99ms    3.01ms  12.29ms   70.07%
    Req/Sec     1.07      8.80    50.00     98.30%
  Latency Distribution (HdrHistogram - Recorded Latency)
 50.000%    3.95ms
 75.000%    8.12ms
 90.000%    9.67ms
 99.000%   12.29ms
 99.900%   13.26ms
 99.990%   13.26ms
 99.999%   13.26ms
100.000%   13.26ms

  Detailed Percentile spectrum:
       Value   Percentile   TotalCount 1/(1-Percentile)

       0.971     0.000000            1         1.00
       2.259     0.100000           44         1.11
       2.465     0.200000           87         1.25
       2.687     0.300000          130         1.43
       2.963     0.400000          173         1.67
       3.947     0.500000          217         2.00
       4.131     0.550000          238         2.22
       4.299     0.600000          260         2.50
       4.499     0.650000          281         2.86
       5.095     0.700000          302         3.33
       8.171     0.750000          324         4.00
       8.415     0.775000          335         4.44
       8.759     0.800000          345         5.00
       8.959     0.825000          356         5.71
       9.167     0.850000          367         6.67
       9.391     0.875000          378         8.00
       9.511     0.887500          383         8.89
       9.671     0.900000          388        10.00
       9.855     0.912500          394        11.43
      10.047     0.925000          399        13.33
      10.239     0.937500          406        16.00
      10.271     0.943750          407        17.78
      10.383     0.950000          410        20.00
      10.431     0.956250          413        22.86
      10.751     0.962500          415        26.67
      11.063     0.968750          418        32.00
      11.111     0.971875          419        35.56
      11.191     0.975000          421        40.00
      11.495     0.978125          422        45.71
      11.663     0.981250          423        53.33
      11.999     0.984375          425        64.00
      11.999     0.985938          425        71.11
      12.159     0.987500          426        80.00
      12.287     0.989062          427        91.43
      12.287     0.990625          427       106.67
      12.367     0.992188          428       128.00
      12.367     0.992969          428       142.22
      12.543     0.993750          429       160.00
      12.543     0.994531          429       182.86
      12.543     0.995313          429       213.33
      12.575     0.996094          430       256.00
      12.575     0.996484          430       284.44
      12.575     0.996875          430       320.00
      12.575     0.997266          430       365.71
      12.575     0.997656          430       426.67
      13.263     0.998047          431       512.00
      13.263     1.000000          431          inf
#[Mean    =        4.989, StdDeviation   =        3.013]
#[Max     =       13.256, Total count    =          431]
#[Buckets =           27, SubBuckets     =         2048]
-----------------------------------------------------------------------
  530 requests in 1.03m, 860.38KB read
  Socket errors: connect 0, read 0, write 0, timeout 157
Requests/sec:      8.55  
Transfer/sec:     13.88KB
AUTOTEST_DONE
