Running 1m test @ http://10.1.0.21:5000
  8 threads and 16 connections

  Thread calibration: mean lat.: 4.439ms, rate sampling interval: 10ms
  Thread calibration: mean lat.: 5.360ms, rate sampling interval: 18ms
  Thread calibration: mean lat.: 5.327ms, rate sampling interval: 17ms
  Thread calibration: mean lat.: 7.382ms, rate sampling interval: 24ms
  Thread calibration: mean lat.: 4.760ms, rate sampling interval: 18ms
  Thread calibration: mean lat.: 4.702ms, rate sampling interval: 12ms
  Thread calibration: mean lat.: 5.996ms, rate sampling interval: 21ms
  Thread calibration: mean lat.: 8.532ms, rate sampling interval: 26ms

-----------------------------------------------------------------------
Test Results @ http://10.1.0.21:5000 
  Thread Stats   Avg      Stdev     99%   +/- Stdev
    Latency     4.90ms    2.91ms  12.11ms   72.92%
    Req/Sec     1.06      8.39    55.00     98.26%
  Latency Distribution (HdrHistogram - Recorded Latency)
 50.000%    3.88ms
 75.000%    7.64ms
 90.000%    9.52ms
 99.000%   12.11ms
 99.900%   14.61ms
 99.990%   14.61ms
 99.999%   14.61ms
100.000%   14.61ms

  Detailed Percentile spectrum:
       Value   Percentile   TotalCount 1/(1-Percentile)

       1.620     0.000000            1         1.00
       2.277     0.100000           45         1.11
       2.497     0.200000           88         1.25
       2.747     0.300000          130         1.43
       3.313     0.400000          173         1.67
       3.883     0.500000          216         2.00
       4.115     0.550000          238         2.22
       4.263     0.600000          260         2.50
       4.431     0.650000          283         2.86
       4.635     0.700000          303         3.33
       7.643     0.750000          324         4.00
       8.139     0.775000          335         4.44
       8.511     0.800000          346         5.00
       8.799     0.825000          357         5.71
       9.079     0.850000          368         6.67
       9.223     0.875000          378         8.00
       9.375     0.887500          385         8.89
       9.519     0.900000          389        10.00
       9.879     0.912500          395        11.43
       9.983     0.925000          400        13.33
      10.111     0.937500          405        16.00
      10.199     0.943750          408        17.78
      10.343     0.950000          411        20.00
      10.519     0.956250          414        22.86
      10.615     0.962500          416        26.67
      10.975     0.968750          419        32.00
      11.039     0.971875          420        35.56
      11.199     0.975000          422        40.00
      11.599     0.978125          423        45.71
      11.647     0.981250          424        53.33
      11.839     0.984375          426        64.00
      11.839     0.985938          426        71.11
      11.887     0.987500          427        80.00
      12.111     0.989062          428        91.43
      12.111     0.990625          428       106.67
      12.175     0.992188          429       128.00
      12.175     0.992969          429       142.22
      12.927     0.993750          430       160.00
      12.927     0.994531          430       182.86
      12.927     0.995313          430       213.33
      13.183     0.996094          431       256.00
      13.183     0.996484          431       284.44
      13.183     0.996875          431       320.00
      13.183     0.997266          431       365.71
      13.183     0.997656          431       426.67
      14.615     0.998047          432       512.00
      14.615     1.000000          432          inf
#[Mean    =        4.900, StdDeviation   =        2.909]
#[Max     =       14.608, Total count    =          432]
#[Buckets =           27, SubBuckets     =         2048]
-----------------------------------------------------------------------
  530 requests in 1.03m, 832.06KB read
  Socket errors: connect 0, read 0, write 0, timeout 158
Requests/sec:      8.55  
Transfer/sec:     13.42KB
AUTOTEST_DONE
