Running 1m test @ http://10.1.0.21:5000
  8 threads and 16 connections

  Thread calibration: mean lat.: 4.737ms, rate sampling interval: 18ms
  Thread calibration: mean lat.: 6.553ms, rate sampling interval: 22ms
  Thread calibration: mean lat.: 4.131ms, rate sampling interval: 15ms
  Thread calibration: mean lat.: 4.554ms, rate sampling interval: 10ms
  Thread calibration: mean lat.: 5.134ms, rate sampling interval: 18ms
  Thread calibration: mean lat.: 5.794ms, rate sampling interval: 17ms
  Thread calibration: mean lat.: 3.971ms, rate sampling interval: 12ms
  Thread calibration: mean lat.: 5.553ms, rate sampling interval: 24ms

-----------------------------------------------------------------------
Test Results @ http://10.1.0.21:5000 
  Thread Stats   Avg      Stdev     99%   +/- Stdev
    Latency     4.99ms    3.23ms  12.88ms   74.01%
    Req/Sec     1.07      8.80    55.00     98.36%
  Latency Distribution (HdrHistogram - Recorded Latency)
 50.000%    3.77ms
 75.000%    8.22ms
 90.000%   10.17ms
 99.000%   12.88ms
 99.900%   14.02ms
 99.990%   14.02ms
 99.999%   14.02ms
100.000%   14.02ms

  Detailed Percentile spectrum:
       Value   Percentile   TotalCount 1/(1-Percentile)

       1.515     0.000000            1         1.00
       2.155     0.100000           44         1.11
       2.377     0.200000           87         1.25
       2.511     0.300000          130         1.43
       2.773     0.400000          173         1.67
       3.765     0.500000          216         2.00
       4.079     0.550000          238         2.22
       4.275     0.600000          259         2.50
       4.491     0.650000          281         2.86
       4.787     0.700000          302         3.33
       8.223     0.750000          324         4.00
       8.511     0.775000          335         4.44
       8.751     0.800000          345         5.00
       9.119     0.825000          356         5.71
       9.639     0.850000          367         6.67
       9.887     0.875000          378         8.00
      10.079     0.887500          383         8.89
      10.167     0.900000          388        10.00
      10.367     0.912500          394        11.43
      10.567     0.925000          399        13.33
      10.831     0.937500          405        16.00
      10.895     0.943750          407        17.78
      11.119     0.950000          411        20.00
      11.191     0.956250          413        22.86
      11.399     0.962500          415        26.67
      11.751     0.968750          418        32.00
      11.823     0.971875          419        35.56
      11.879     0.975000          421        40.00
      11.911     0.978125          422        45.71
      11.927     0.981250          423        53.33
      12.015     0.984375          425        64.00
      12.015     0.985938          425        71.11
      12.815     0.987500          426        80.00
      12.879     0.989062          427        91.43
      12.879     0.990625          427       106.67
      13.415     0.992188          428       128.00
      13.415     0.992969          428       142.22
      13.535     0.993750          429       160.00
      13.535     0.994531          429       182.86
      13.535     0.995313          429       213.33
      13.879     0.996094          430       256.00
      13.879     0.996484          430       284.44
      13.879     0.996875          430       320.00
      13.879     0.997266          430       365.71
      13.879     0.997656          430       426.67
      14.015     0.998047          431       512.00
      14.015     1.000000          431          inf
#[Mean    =        4.985, StdDeviation   =        3.228]
#[Max     =       14.008, Total count    =          431]
#[Buckets =           27, SubBuckets     =         2048]
-----------------------------------------------------------------------
  531 requests in 1.03m, 790.16KB read
  Socket errors: connect 0, read 0, write 0, timeout 156
Requests/sec:      8.56  
Transfer/sec:     12.74KB
AUTOTEST_DONE
