Running 1m test @ http://10.1.0.21:5000
  8 threads and 16 connections

  Thread calibration: mean lat.: 4.491ms, rate sampling interval: 10ms
  Thread calibration: mean lat.: 5.253ms, rate sampling interval: 20ms
  Thread calibration: mean lat.: 5.399ms, rate sampling interval: 16ms
  Thread calibration: mean lat.: 4.460ms, rate sampling interval: 15ms
  Thread calibration: mean lat.: 8.011ms, rate sampling interval: 21ms
  Thread calibration: mean lat.: 4.786ms, rate sampling interval: 20ms
  Thread calibration: mean lat.: 6.687ms, rate sampling interval: 18ms
  Thread calibration: mean lat.: 5.641ms, rate sampling interval: 19ms

-----------------------------------------------------------------------
Test Results @ http://10.1.0.21:5000 
  Thread Stats   Avg      Stdev     99%   +/- Stdev
    Latency     4.98ms    3.20ms  12.11ms   71.93%
    Req/Sec     1.08      8.50    52.00     98.28%
  Latency Distribution (HdrHistogram - Recorded Latency)
 50.000%    3.69ms
 75.000%    8.22ms
 90.000%    9.93ms
 99.000%   12.11ms
 99.900%   13.75ms
 99.990%   13.75ms
 99.999%   13.75ms
100.000%   13.75ms

  Detailed Percentile spectrum:
       Value   Percentile   TotalCount 1/(1-Percentile)

       1.102     0.000000            1         1.00
       2.059     0.100000           45         1.11
       2.301     0.200000           87         1.25
       2.459     0.300000          130         1.43
       2.847     0.400000          173         1.67
       3.695     0.500000          216         2.00
       3.903     0.550000          238         2.22
       4.143     0.600000          259         2.50
       4.583     0.650000          281         2.86
       7.611     0.700000          302         3.33
       8.247     0.750000          324         4.00
       8.543     0.775000          336         4.44
       8.679     0.800000          345         5.00
       8.943     0.825000          356         5.71
       9.311     0.850000          367         6.67
       9.591     0.875000          378         8.00
       9.783     0.887500          383         8.89
       9.927     0.900000          388        10.00
      10.167     0.912500          394        11.43
      10.415     0.925000          399        13.33
      10.583     0.937500          406        16.00
      10.615     0.943750          407        17.78
      10.711     0.950000          410        20.00
      10.815     0.956250          413        22.86
      10.943     0.962500          415        26.67
      11.247     0.968750          418        32.00
      11.359     0.971875          419        35.56
      11.807     0.975000          421        40.00
      11.903     0.978125          422        45.71
      11.975     0.981250          423        53.33
      11.991     0.984375          425        64.00
      11.991     0.985938          425        71.11
      12.071     0.987500          426        80.00
      12.111     0.989062          427        91.43
      12.111     0.990625          427       106.67
      12.687     0.992188          428       128.00
      12.687     0.992969          428       142.22
      13.119     0.993750          429       160.00
      13.119     0.994531          429       182.86
      13.119     0.995313          429       213.33
      13.607     0.996094          430       256.00
      13.607     0.996484          430       284.44
      13.607     0.996875          430       320.00
      13.607     0.997266          430       365.71
      13.607     0.997656          430       426.67
      13.751     0.998047          431       512.00
      13.751     1.000000          431          inf
#[Mean    =        4.984, StdDeviation   =        3.195]
#[Max     =       13.744, Total count    =          431]
#[Buckets =           27, SubBuckets     =         2048]
-----------------------------------------------------------------------
  530 requests in 1.03m, 0.88MB read
  Socket errors: connect 0, read 0, write 0, timeout 157
Requests/sec:      8.55  
Transfer/sec:     14.60KB
AUTOTEST_DONE
