Running 1m test @ http://10.1.0.42:8080/wrk2-api/review/compose
  8 threads and 16 connections

  Thread calibration: mean lat.: 7.777ms, rate sampling interval: 19ms
  Thread calibration: mean lat.: 8.578ms, rate sampling interval: 19ms
  Thread calibration: mean lat.: 8.826ms, rate sampling interval: 17ms
  Thread calibration: mean lat.: 7.888ms, rate sampling interval: 17ms
  Thread calibration: mean lat.: 8.056ms, rate sampling interval: 16ms
  Thread calibration: mean lat.: 7.993ms, rate sampling interval: 17ms
  Thread calibration: mean lat.: 8.009ms, rate sampling interval: 17ms
  Thread calibration: mean lat.: 8.740ms, rate sampling interval: 18ms

-----------------------------------------------------------------------
Test Results @ http://10.1.0.42:8080/wrk2-api/review/compose 
  Thread Stats   Avg      Stdev     99%   +/- Stdev
    Latency     8.26ms    1.17ms  12.52ms   81.48%
    Req/Sec     1.07      7.86    58.00     98.17%
  Latency Distribution (HdrHistogram - Recorded Latency)
 50.000%    8.10ms
 75.000%    8.55ms
 90.000%    9.29ms
 99.000%   12.52ms
 99.900%   15.19ms
 99.990%   15.19ms
 99.999%   15.19ms
100.000%   15.19ms

  Detailed Percentile spectrum:
       Value   Percentile   TotalCount 1/(1-Percentile)

       5.987     0.000000            1         1.00
       7.115     0.100000           44         1.11
       7.455     0.200000           88         1.25
       7.687     0.300000          130         1.43
       7.915     0.400000          173         1.67
       8.095     0.500000          216         2.00
       8.175     0.550000          240         2.22
       8.255     0.600000          260         2.50
       8.351     0.650000          282         2.86
       8.447     0.700000          303         3.33
       8.551     0.750000          324         4.00
       8.639     0.775000          335         4.44
       8.719     0.800000          347         5.00
       8.775     0.825000          358         5.71
       8.839     0.850000          368         6.67
       8.967     0.875000          378         8.00
       9.111     0.887500          384         8.89
       9.287     0.900000          389        10.00
       9.447     0.912500          395        11.43
      10.127     0.925000          400        13.33
      10.511     0.937500          405        16.00
      10.567     0.943750          408        17.78
      10.735     0.950000          411        20.00
      10.871     0.956250          414        22.86
      11.191     0.962500          416        26.67
      11.695     0.968750          420        32.00
      11.695     0.971875          420        35.56
      11.855     0.975000          422        40.00
      12.079     0.978125          423        45.71
      12.127     0.981250          424        53.33
      12.407     0.984375          426        64.00
      12.407     0.985938          426        71.11
      12.471     0.987500          427        80.00
      12.519     0.989062          428        91.43
      12.519     0.990625          428       106.67
      12.927     0.992188          429       128.00
      12.927     0.992969          429       142.22
      13.799     0.993750          430       160.00
      13.799     0.994531          430       182.86
      13.799     0.995313          430       213.33
      13.879     0.996094          431       256.00
      13.879     0.996484          431       284.44
      13.879     0.996875          431       320.00
      13.879     0.997266          431       365.71
      13.879     0.997656          431       426.67
      15.191     0.998047          432       512.00
      15.191     1.000000          432          inf
#[Mean    =        8.255, StdDeviation   =        1.175]
#[Max     =       15.184, Total count    =          432]
#[Buckets =           27, SubBuckets     =         2048]
-----------------------------------------------------------------------
  529 requests in 1.03m, 95.05KB read
  Socket errors: connect 0, read 0, write 0, timeout 158
Requests/sec:      8.53  
Transfer/sec:      1.53KB
AUTOTEST_DONE
