Running 1m test @ http://10.1.0.42:8080/wrk2-api/review/compose
  8 threads and 16 connections

  Thread calibration: mean lat.: 8.413ms, rate sampling interval: 18ms
  Thread calibration: mean lat.: 7.596ms, rate sampling interval: 16ms
  Thread calibration: mean lat.: 8.605ms, rate sampling interval: 21ms
  Thread calibration: mean lat.: 7.970ms, rate sampling interval: 17ms
  Thread calibration: mean lat.: 7.991ms, rate sampling interval: 17ms
  Thread calibration: mean lat.: 7.919ms, rate sampling interval: 17ms
  Thread calibration: mean lat.: 8.686ms, rate sampling interval: 19ms
  Thread calibration: mean lat.: 9.268ms, rate sampling interval: 18ms
reconnect_socket
reconnect_socket

-----------------------------------------------------------------------
Test Results @ http://10.1.0.42:8080/wrk2-api/review/compose 
  Thread Stats   Avg      Stdev     99%   +/- Stdev
    Latency     7.95ms    1.64ms  15.56ms   85.65%
    Req/Sec     1.06      7.78    58.00     98.14%
  Latency Distribution (HdrHistogram - Recorded Latency)
 50.000%    7.67ms
 75.000%    8.18ms
 90.000%    9.38ms
 99.000%   15.56ms
 99.900%   26.51ms
 99.990%   26.51ms
 99.999%   26.51ms
100.000%   26.51ms

  Detailed Percentile spectrum:
       Value   Percentile   TotalCount 1/(1-Percentile)

       5.419     0.000000            1         1.00
       6.683     0.100000           44         1.11
       7.091     0.200000           88         1.25
       7.327     0.300000          130         1.43
       7.511     0.400000          173         1.67
       7.671     0.500000          218         2.00
       7.731     0.550000          238         2.22
       7.839     0.600000          262         2.50
       7.927     0.650000          281         2.86
       8.039     0.700000          304         3.33
       8.175     0.750000          324         4.00
       8.327     0.775000          335         4.44
       8.383     0.800000          346         5.00
       8.551     0.825000          357         5.71
       8.767     0.850000          370         6.67
       8.943     0.875000          378         8.00
       9.135     0.887500          384         8.89
       9.383     0.900000          389        10.00
       9.679     0.912500          395        11.43
       9.823     0.925000          400        13.33
       9.975     0.937500          405        16.00
      10.135     0.943750          408        17.78
      10.479     0.950000          411        20.00
      10.759     0.956250          414        22.86
      10.807     0.962500          416        26.67
      10.943     0.968750          419        32.00
      10.959     0.971875          420        35.56
      11.463     0.975000          422        40.00
      11.503     0.978125          423        45.71
      11.551     0.981250          424        53.33
      13.175     0.984375          426        64.00
      13.175     0.985938          426        71.11
      14.287     0.987500          427        80.00
      15.559     0.989062          428        91.43
      15.559     0.990625          428       106.67
      15.679     0.992188          429       128.00
      15.679     0.992969          429       142.22
      16.655     0.993750          430       160.00
      16.655     0.994531          430       182.86
      16.655     0.995313          430       213.33
      17.247     0.996094          431       256.00
      17.247     0.996484          431       284.44
      17.247     0.996875          431       320.00
      17.247     0.997266          431       365.71
      17.247     0.997656          431       426.67
      26.511     0.998047          432       512.00
      26.511     1.000000          432          inf
#[Mean    =        7.954, StdDeviation   =        1.637]
#[Max     =       26.496, Total count    =          432]
#[Buckets =           27, SubBuckets     =         2048]
-----------------------------------------------------------------------
  530 requests in 1.03m, 95.57KB read
  Socket errors: connect 0, read 0, write 0, timeout 157
  Non-2xx or 3xx responses: 2
Requests/sec:      8.55  
Transfer/sec:      1.54KB
AUTOTEST_DONE
