Running 1m test @ http://10.1.0.42:8080/wrk2-api/review/compose
  8 threads and 16 connections

  Thread calibration: mean lat.: 7.684ms, rate sampling interval: 16ms
  Thread calibration: mean lat.: 7.557ms, rate sampling interval: 15ms
  Thread calibration: mean lat.: 7.734ms, rate sampling interval: 16ms
  Thread calibration: mean lat.: 7.350ms, rate sampling interval: 15ms
  Thread calibration: mean lat.: 7.797ms, rate sampling interval: 16ms
  Thread calibration: mean lat.: 7.352ms, rate sampling interval: 15ms
  Thread calibration: mean lat.: 7.789ms, rate sampling interval: 19ms
  Thread calibration: mean lat.: 7.380ms, rate sampling interval: 15ms

-----------------------------------------------------------------------
Test Results @ http://10.1.0.42:8080/wrk2-api/review/compose 
  Thread Stats   Avg      Stdev     99%   +/- Stdev
    Latency     7.91ms    1.09ms  12.29ms   83.53%
    Req/Sec     1.07      8.31    66.00     98.35%
  Latency Distribution (HdrHistogram - Recorded Latency)
 50.000%    7.74ms
 75.000%    8.18ms
 90.000%    8.84ms
 99.000%   12.29ms
 99.900%   13.66ms
 99.990%   13.66ms
 99.999%   13.66ms
100.000%   13.66ms

  Detailed Percentile spectrum:
       Value   Percentile   TotalCount 1/(1-Percentile)

       5.275     0.000000            1         1.00
       6.887     0.100000           46         1.11
       7.251     0.200000           87         1.25
       7.459     0.300000          131         1.43
       7.599     0.400000          173         1.67
       7.743     0.500000          216         2.00
       7.819     0.550000          239         2.22
       7.895     0.600000          259         2.50
       7.975     0.650000          281         2.86
       8.075     0.700000          302         3.33
       8.183     0.750000          325         4.00
       8.223     0.775000          335         4.44
       8.319     0.800000          347         5.00
       8.383     0.825000          356         5.71
       8.495     0.850000          368         6.67
       8.687     0.875000          379         8.00
       8.735     0.887500          383         8.89
       8.839     0.900000          388        10.00
       9.095     0.912500          395        11.43
       9.287     0.925000          399        13.33
       9.551     0.937500          405        16.00
       9.575     0.943750          407        17.78
      10.031     0.950000          410        20.00
      10.695     0.956250          413        22.86
      10.775     0.962500          415        26.67
      11.343     0.968750          418        32.00
      11.367     0.971875          419        35.56
      11.471     0.975000          421        40.00
      11.519     0.978125          422        45.71
      11.535     0.981250          423        53.33
      11.935     0.984375          425        64.00
      11.935     0.985938          425        71.11
      12.103     0.987500          426        80.00
      12.287     0.989062          427        91.43
      12.287     0.990625          427       106.67
      12.879     0.992188          428       128.00
      12.879     0.992969          428       142.22
      13.023     0.993750          429       160.00
      13.023     0.994531          429       182.86
      13.023     0.995313          429       213.33
      13.415     0.996094          430       256.00
      13.415     0.996484          430       284.44
      13.415     0.996875          430       320.00
      13.415     0.997266          430       365.71
      13.415     0.997656          430       426.67
      13.663     0.998047          431       512.00
      13.663     1.000000          431          inf
#[Mean    =        7.914, StdDeviation   =        1.093]
#[Max     =       13.656, Total count    =          431]
#[Buckets =           27, SubBuckets     =         2048]
-----------------------------------------------------------------------
  530 requests in 1.03m, 95.23KB read
  Socket errors: connect 0, read 0, write 0, timeout 157
Requests/sec:      8.55  
Transfer/sec:      1.54KB
AUTOTEST_DONE
