Running 1m test @ http://10.1.0.42:8080/wrk2-api/review/compose
  8 threads and 16 connections

  Thread calibration: mean lat.: 7.948ms, rate sampling interval: 16ms
  Thread calibration: mean lat.: 7.937ms, rate sampling interval: 16ms
  Thread calibration: mean lat.: 7.913ms, rate sampling interval: 16ms
  Thread calibration: mean lat.: 7.987ms, rate sampling interval: 16ms
  Thread calibration: mean lat.: 8.190ms, rate sampling interval: 17ms
  Thread calibration: mean lat.: 7.714ms, rate sampling interval: 17ms
  Thread calibration: mean lat.: 8.553ms, rate sampling interval: 17ms
  Thread calibration: mean lat.: 7.845ms, rate sampling interval: 16ms

-----------------------------------------------------------------------
Test Results @ http://10.1.0.42:8080/wrk2-api/review/compose 
  Thread Stats   Avg      Stdev     99%   +/- Stdev
    Latency     7.73ms    1.15ms  11.49ms   79.81%
    Req/Sec     1.07      8.18    62.00     98.30%
  Latency Distribution (HdrHistogram - Recorded Latency)
 50.000%    7.62ms
 75.000%    8.01ms
 90.000%    8.81ms
 99.000%   11.49ms
 99.900%   14.96ms
 99.990%   14.96ms
 99.999%   14.96ms
100.000%   14.96ms

  Detailed Percentile spectrum:
       Value   Percentile   TotalCount 1/(1-Percentile)

       5.203     0.000000            1         1.00
       6.555     0.100000           44         1.11
       6.979     0.200000           87         1.25
       7.259     0.300000          130         1.43
       7.511     0.400000          175         1.67
       7.623     0.500000          218         2.00
       7.691     0.550000          238         2.22
       7.747     0.600000          259         2.50
       7.827     0.650000          281         2.86
       7.927     0.700000          303         3.33
       8.007     0.750000          324         4.00
       8.063     0.775000          336         4.44
       8.115     0.800000          345         5.00
       8.187     0.825000          356         5.71
       8.327     0.850000          367         6.67
       8.535     0.875000          378         8.00
       8.591     0.887500          383         8.89
       8.807     0.900000          388        10.00
       9.127     0.912500          394        11.43
       9.455     0.925000          399        13.33
       9.679     0.937500          405        16.00
       9.975     0.943750          407        17.78
      10.295     0.950000          410        20.00
      10.543     0.956250          413        22.86
      10.703     0.962500          415        26.67
      10.887     0.968750          418        32.00
      10.959     0.971875          419        35.56
      11.215     0.975000          421        40.00
      11.231     0.978125          422        45.71
      11.295     0.981250          423        53.33
      11.407     0.984375          425        64.00
      11.407     0.985938          425        71.11
      11.455     0.987500          426        80.00
      11.495     0.989062          427        91.43
      11.495     0.990625          427       106.67
      11.559     0.992188          428       128.00
      11.559     0.992969          428       142.22
      12.103     0.993750          429       160.00
      12.103     0.994531          429       182.86
      12.103     0.995313          429       213.33
      14.367     0.996094          430       256.00
      14.367     0.996484          430       284.44
      14.367     0.996875          430       320.00
      14.367     0.997266          430       365.71
      14.367     0.997656          430       426.67
      14.959     0.998047          431       512.00
      14.959     1.000000          431          inf
#[Mean    =        7.734, StdDeviation   =        1.151]
#[Max     =       14.952, Total count    =          431]
#[Buckets =           27, SubBuckets     =         2048]
-----------------------------------------------------------------------
  530 requests in 1.03m, 95.23KB read
  Socket errors: connect 0, read 0, write 0, timeout 157
Requests/sec:      8.55  
Transfer/sec:      1.54KB
AUTOTEST_DONE
