/nix/store/2vwkssqpzykk37r996cafq7x63imf4sp-openjdk-21+35/bin/java  -classpath /nix/store/zw02np72fzsmga6s5mphhw7x8qlzf4sv-ycsb-0.17.0/share/conf:/nix/store/zw02np72fzsmga6s5mphhw7x8qlzf4sv-ycsb-0.17.0/share/lib/core-0.17.0.jar:/nix/store/zw02np72fzsmga6s5mphhw7x8qlzf4sv-ycsb-0.17.0/share/lib/HdrHistogram-2.1.4.jar:/nix/store/zw02np72fzsmga6s5mphhw7x8qlzf4sv-ycsb-0.17.0/share/lib/htrace-core4-4.1.0-incubating.jar:/nix/store/zw02np72fzsmga6s5mphhw7x8qlzf4sv-ycsb-0.17.0/share/lib/jackson-core-asl-1.9.4.jar:/nix/store/zw02np72fzsmga6s5mphhw7x8qlzf4sv-ycsb-0.17.0/share/lib/jackson-mapper-asl-1.9.4.jar:/nix/store/zw02np72fzsmga6s5mphhw7x8qlzf4sv-ycsb-0.17.0/share/redis-binding/lib/commons-pool2-2.4.2.jar:/nix/store/zw02np72fzsmga6s5mphhw7x8qlzf4sv-ycsb-0.17.0/share/redis-binding/lib/jedis-2.9.0.jar:/nix/store/zw02np72fzsmga6s5mphhw7x8qlzf4sv-ycsb-0.17.0/share/redis-binding/lib/redis-binding-0.17.0.jar site.ycsb.Client -t -db site.ycsb.db.RedisClient -s -P /home/host/vmuxIO/test/moonprogs//../../ycsb/share/workloads/workloada -p redis.host=10.1.0.2 -p redis.port=6382 -p operationcount=429496729 -p maxexecutiontime=61 -threads 1
Command line: -t -db site.ycsb.db.RedisClient -s -P /home/host/vmuxIO/test/moonprogs//../../ycsb/share/workloads/workloada -p redis.host=10.1.0.2 -p redis.port=6382 -p operationcount=429496729 -p maxexecutiontime=61 -threads 1
YCSB Client 0.17.0

Loading workload...
Starting test.
Maximum execution time specified as: 61 secs
DBWrapper: report latency for each error is false and specific error codes to track for latency are: []
2024-10-15 13:43:09:425 0 sec: 0 operations; est completion in 0 second 
2024-10-15 13:43:19:282 10 sec: 31730 operations; 3173 current ops/sec; est completion in 1 day 13 hours [READ: Count=15848, Max=15543, Min=122, Avg=300.71, 90=337, 99=854, 99.9=3733, 99.99=9791] [UPDATE: Count=15903, Max=26799, Min=123, Avg=303.17, 90=340, 99=1099, 99.9=3915, 99.99=5703] 
2024-10-15 13:43:29:282 20 sec: 65847 operations; 3411.7 current ops/sec; est completion in 1 day 12 hours [READ: Count=16977, Max=10695, Min=129, Avg=290.46, 90=345, 99=496, 99.9=966, 99.99=3347] [UPDATE: Count=17119, Max=4507, Min=121, Avg=286.15, 90=345, 99=490, 99.9=970, 99.99=3651] 
2024-10-15 13:43:39:282 30 sec: 98883 operations; 3303.6 current ops/sec; est completion in 1 day 12 hours [READ: Count=16502, Max=4815, Min=126, Avg=301.31, 90=377, 99=557, 99.9=813, 99.99=2113] [UPDATE: Count=16534, Max=10807, Min=119, Avg=297.24, 90=372, 99=555, 99.9=850, 99.99=2449] 
2024-10-15 13:43:49:282 40 sec: 133469 operations; 3458.6 current ops/sec; est completion in 1 day 11 hours [READ: Count=17287, Max=3519, Min=127, Avg=288.14, 90=348, 99=503, 99.9=674, 99.99=979] [UPDATE: Count=17299, Max=5603, Min=125, Avg=284.34, 90=344, 99=502, 99.9=703, 99.99=1771] 
2024-10-15 13:43:59:282 50 sec: 168124 operations; 3465.5 current ops/sec; est completion in 1 day 11 hours [READ: Count=17086, Max=2703, Min=129, Avg=287.81, 90=347, 99=489, 99.9=684, 99.99=1129] [UPDATE: Count=17569, Max=5751, Min=129, Avg=283.97, 90=346, 99=501, 99.9=689, 99.99=1049] 
2024-10-15 13:44:09:282 60 sec: 202397 operations; 3427.3 current ops/sec; est completion in 1 day 11 hours [READ: Count=17251, Max=5075, Min=131, Avg=291.73, 90=350, 99=502, 99.9=696, 99.99=2157] [UPDATE: Count=17022, Max=1181, Min=129, Avg=286.47, 90=347, 99=499, 99.9=703, 99.99=994] 
Maximum time elapsed. Requesting stop for the workload.
Stop requested for workload. Now Joining!
2024-10-15 13:44:10:296 61 sec: 205395 operations; 2959.53 current ops/sec; est completion in 1 day 11 hours [READ: Count=1506, Max=7451, Min=142, Avg=336.18, 90=447, 99=612, 99.9=881, 99.99=7451] [CLEANUP: Count=1, Max=1532, Min=1532, Avg=1532, 90=1532, 99=1532, 99.9=1532, 99.99=1532] [UPDATE: Count=1492, Max=1262, Min=132, Avg=326.46, 90=436, 99=580, 99.9=1168, 99.99=1262] 
[OVERALL], RunTime(ms), 61019
[OVERALL], Throughput(ops/sec), 3366.0826955538437
[TOTAL_GCS_Copy], Count, 19
[TOTAL_GC_TIME_Copy], Time(ms), 24
[TOTAL_GC_TIME_%_Copy], Time(%), 0.03933201134072994
[TOTAL_GCS_MarkSweepCompact], Count, 0
[TOTAL_GC_TIME_MarkSweepCompact], Time(ms), 0
[TOTAL_GC_TIME_%_MarkSweepCompact], Time(%), 0.0
[TOTAL_GCs], Count, 19
[TOTAL_GC_TIME], Time(ms), 24
[TOTAL_GC_TIME_%], Time(%), 0.03933201134072994
[READ], Operations, 102457
[READ], AverageLatency(us), 293.84483246630293
[READ], MinLatency(us), 122
[READ], MaxLatency(us), 15543
[READ], 95thPercentileLatency(us), 384
[READ], 99thPercentileLatency(us), 529
[READ], Return=OK, 102457
[CLEANUP], Operations, 1
[CLEANUP], AverageLatency(us), 1532.0
[CLEANUP], MinLatency(us), 1532
[CLEANUP], MaxLatency(us), 1532
[CLEANUP], 95thPercentileLatency(us), 1532
[CLEANUP], 99thPercentileLatency(us), 1532
[UPDATE], Operations, 102938
[UPDATE], AverageLatency(us), 290.5233830072471
[UPDATE], MinLatency(us), 119
[UPDATE], MaxLatency(us), 26799
[UPDATE], 95thPercentileLatency(us), 382
[UPDATE], 99thPercentileLatency(us), 529
[UPDATE], Return=OK, 102938
AUTOTEST_DONE
