/nix/store/2vwkssqpzykk37r996cafq7x63imf4sp-openjdk-21+35/bin/java  -classpath /nix/store/zw02np72fzsmga6s5mphhw7x8qlzf4sv-ycsb-0.17.0/share/conf:/nix/store/zw02np72fzsmga6s5mphhw7x8qlzf4sv-ycsb-0.17.0/share/lib/core-0.17.0.jar:/nix/store/zw02np72fzsmga6s5mphhw7x8qlzf4sv-ycsb-0.17.0/share/lib/HdrHistogram-2.1.4.jar:/nix/store/zw02np72fzsmga6s5mphhw7x8qlzf4sv-ycsb-0.17.0/share/lib/htrace-core4-4.1.0-incubating.jar:/nix/store/zw02np72fzsmga6s5mphhw7x8qlzf4sv-ycsb-0.17.0/share/lib/jackson-core-asl-1.9.4.jar:/nix/store/zw02np72fzsmga6s5mphhw7x8qlzf4sv-ycsb-0.17.0/share/lib/jackson-mapper-asl-1.9.4.jar:/nix/store/zw02np72fzsmga6s5mphhw7x8qlzf4sv-ycsb-0.17.0/share/redis-binding/lib/commons-pool2-2.4.2.jar:/nix/store/zw02np72fzsmga6s5mphhw7x8qlzf4sv-ycsb-0.17.0/share/redis-binding/lib/jedis-2.9.0.jar:/nix/store/zw02np72fzsmga6s5mphhw7x8qlzf4sv-ycsb-0.17.0/share/redis-binding/lib/redis-binding-0.17.0.jar site.ycsb.Client -t -db site.ycsb.db.RedisClient -s -P /home/host/vmuxIO/test/moonprogs//../../ycsb/share/workloads/workloada -p redis.host=10.1.0.2 -p redis.port=6383 -p operationcount=429496729 -p maxexecutiontime=61 -threads 1
Command line: -t -db site.ycsb.db.RedisClient -s -P /home/host/vmuxIO/test/moonprogs//../../ycsb/share/workloads/workloada -p redis.host=10.1.0.2 -p redis.port=6383 -p operationcount=429496729 -p maxexecutiontime=61 -threads 1
YCSB Client 0.17.0

Loading workload...
Starting test.
Maximum execution time specified as: 61 secs
DBWrapper: report latency for each error is false and specific error codes to track for latency are: []
2025-02-05 03:02:08:831 0 sec: 0 operations; est completion in 0 second 
2025-02-05 03:02:18:488 10 sec: 18497 operations; 1849.52 current ops/sec; est completion in 2 days 16 hours [READ: Count=9179, Max=53983, Min=125, Avg=499.39, 90=862, 99=3341, 99.9=9511, 99.99=31215] [UPDATE: Count=9323, Max=47391, Min=115, Avg=516.56, 90=933, 99=3677, 99.9=8639, 99.99=15951] 
2025-02-05 03:02:28:487 20 sec: 34084 operations; 1558.7 current ops/sec; est completion in 2 days 22 hours [READ: Count=7847, Max=12455, Min=113, Avg=626.73, 90=1103, 99=2431, 99.9=8183, 99.99=9063] [UPDATE: Count=7738, Max=49759, Min=122, Avg=643.4, 90=1112, 99=2559, 99.9=7367, 99.99=20607] 
2025-02-05 03:02:38:492 30 sec: 57911 operations; 2381.75 current ops/sec; est completion in 2 days 13 hours [READ: Count=11877, Max=16079, Min=130, Avg=414.1, 90=709, 99=984, 99.9=1782, 99.99=8423] [UPDATE: Count=11947, Max=7191, Min=95, Avg=413.83, 90=713, 99=985, 99.9=3051, 99.99=7011] 
2025-02-05 03:02:48:487 40 sec: 77066 operations; 1916.27 current ops/sec; est completion in 2 days 13 hours [READ: Count=9621, Max=4611, Min=109, Avg=514.36, 90=905, 99=1360, 99.9=1810, 99.99=4579] [UPDATE: Count=9534, Max=5939, Min=119, Avg=521.89, 90=912, 99=1383, 99.9=1799, 99.99=4455] 
2025-02-05 03:02:58:487 50 sec: 98328 operations; 2126.41 current ops/sec; est completion in 2 days 12 hours [READ: Count=10666, Max=8439, Min=131, Avg=466.18, 90=756, 99=1004, 99.9=1355, 99.99=2431] [UPDATE: Count=10596, Max=1722, Min=130, Avg=467.97, 90=761, 99=1018, 99.9=1367, 99.99=1681] 
2025-02-05 03:03:08:487 60 sec: 130984 operations; 3265.6 current ops/sec; est completion in 2 days 6 hours [READ: Count=16280, Max=5343, Min=101, Avg=303.18, 90=477, 99=1064, 99.9=1590, 99.99=3789] [UPDATE: Count=16376, Max=8231, Min=97, Avg=303.19, 90=483, 99=1056, 99.9=1508, 99.99=3159] 
Maximum time elapsed. Requesting stop for the workload.
Stop requested for workload. Now Joining!
2025-02-05 03:03:09:523 61 sec: 135469 operations; 4324.98 current ops/sec; est completion in 2 days 5 hours [READ: Count=2329, Max=4223, Min=103, Avg=231.71, 90=326, 99=465, 99.9=704, 99.99=4223] [CLEANUP: Count=1, Max=1207, Min=1207, Avg=1207, 90=1207, 99=1207, 99.9=1207, 99.99=1207] [UPDATE: Count=2156, Max=939, Min=103, Avg=225.08, 90=321, 99=462, 99.9=633, 99.99=939] 
[OVERALL], RunTime(ms), 61046
[OVERALL], Throughput(ops/sec), 2219.129836516725
[TOTAL_GCS_Copy], Count, 12
[TOTAL_GC_TIME_Copy], Time(ms), 37
[TOTAL_GC_TIME_%_Copy], Time(%), 0.06061003177931396
[TOTAL_GCS_MarkSweepCompact], Count, 0
[TOTAL_GC_TIME_MarkSweepCompact], Time(ms), 0
[TOTAL_GC_TIME_%_MarkSweepCompact], Time(%), 0.0
[TOTAL_GCs], Count, 12
[TOTAL_GC_TIME], Time(ms), 37
[TOTAL_GC_TIME_%], Time(%), 0.06061003177931396
[READ], Operations, 67799
[READ], AverageLatency(us), 439.77636838301447
[READ], MinLatency(us), 101
[READ], MaxLatency(us), 53983
[READ], 95thPercentileLatency(us), 952
[READ], 99thPercentileLatency(us), 1502
[READ], Return=OK, 67799
[CLEANUP], Operations, 1
[CLEANUP], AverageLatency(us), 1207.0
[CLEANUP], MinLatency(us), 1207
[CLEANUP], MaxLatency(us), 1207
[CLEANUP], 95thPercentileLatency(us), 1207
[CLEANUP], 99thPercentileLatency(us), 1207
[UPDATE], Operations, 67670
[UPDATE], AverageLatency(us), 445.1471109797547
[UPDATE], MinLatency(us), 95
[UPDATE], MaxLatency(us), 49759
[UPDATE], 95thPercentileLatency(us), 968
[UPDATE], 99thPercentileLatency(us), 1565
[UPDATE], Return=OK, 67670
AUTOTEST_DONE
