/nix/store/2vwkssqpzykk37r996cafq7x63imf4sp-openjdk-21+35/bin/java  -classpath /nix/store/zw02np72fzsmga6s5mphhw7x8qlzf4sv-ycsb-0.17.0/share/conf:/nix/store/zw02np72fzsmga6s5mphhw7x8qlzf4sv-ycsb-0.17.0/share/lib/core-0.17.0.jar:/nix/store/zw02np72fzsmga6s5mphhw7x8qlzf4sv-ycsb-0.17.0/share/lib/HdrHistogram-2.1.4.jar:/nix/store/zw02np72fzsmga6s5mphhw7x8qlzf4sv-ycsb-0.17.0/share/lib/htrace-core4-4.1.0-incubating.jar:/nix/store/zw02np72fzsmga6s5mphhw7x8qlzf4sv-ycsb-0.17.0/share/lib/jackson-core-asl-1.9.4.jar:/nix/store/zw02np72fzsmga6s5mphhw7x8qlzf4sv-ycsb-0.17.0/share/lib/jackson-mapper-asl-1.9.4.jar:/nix/store/zw02np72fzsmga6s5mphhw7x8qlzf4sv-ycsb-0.17.0/share/redis-binding/lib/commons-pool2-2.4.2.jar:/nix/store/zw02np72fzsmga6s5mphhw7x8qlzf4sv-ycsb-0.17.0/share/redis-binding/lib/jedis-2.9.0.jar:/nix/store/zw02np72fzsmga6s5mphhw7x8qlzf4sv-ycsb-0.17.0/share/redis-binding/lib/redis-binding-0.17.0.jar site.ycsb.Client -t -db site.ycsb.db.RedisClient -s -P /home/host/vmuxIO/test/moonprogs//../../ycsb/share/workloads/workloada -p redis.host=10.1.0.2 -p redis.port=6381 -p operationcount=429496729 -p maxexecutiontime=61 -threads 1
Command line: -t -db site.ycsb.db.RedisClient -s -P /home/host/vmuxIO/test/moonprogs//../../ycsb/share/workloads/workloada -p redis.host=10.1.0.2 -p redis.port=6381 -p operationcount=429496729 -p maxexecutiontime=61 -threads 1
YCSB Client 0.17.0

Loading workload...
Starting test.
Maximum execution time specified as: 61 secs
DBWrapper: report latency for each error is false and specific error codes to track for latency are: []
2025-02-10 03:21:10:506 0 sec: 0 operations; est completion in 0 second 
2025-02-10 03:21:20:285 10 sec: 25404 operations; 2540.4 current ops/sec; est completion in 1 day 22 hours [READ: Count=12615, Max=18383, Min=113, Avg=364.26, 90=473, 99=3053, 99.9=7583, 99.99=11479] [UPDATE: Count=12801, Max=35679, Min=111, Avg=382.5, 90=491, 99=3191, 99.9=9687, 99.99=16231] 
2025-02-10 03:21:30:286 20 sec: 52401 operations; 2699.43 current ops/sec; est completion in 1 day 21 hours [READ: Count=13455, Max=9471, Min=116, Avg=364.89, 90=670, 99=992, 99.9=1371, 99.99=5075] [UPDATE: Count=13530, Max=2845, Min=116, Avg=365.87, 90=681, 99=994, 99.9=1232, 99.99=2743] 
2025-02-10 03:21:40:285 30 sec: 79562 operations; 2716.37 current ops/sec; est completion in 1 day 20 hours [READ: Count=13455, Max=8311, Min=113, Avg=363.46, 90=687, 99=992, 99.9=1367, 99.99=4359] [UPDATE: Count=13706, Max=42079, Min=108, Avg=365.92, 90=693, 99=993, 99.9=1259, 99.99=6359] 
2025-02-10 03:21:50:285 40 sec: 107413 operations; 2785.1 current ops/sec; est completion in 1 day 20 hours [READ: Count=13961, Max=9863, Min=120, Avg=357.52, 90=634, 99=988, 99.9=1425, 99.99=3859] [UPDATE: Count=13890, Max=2233, Min=116, Avg=354.55, 90=636, 99=983, 99.9=1357, 99.99=1865] 
2025-02-10 03:22:00:285 50 sec: 133897 operations; 2648.4 current ops/sec; est completion in 1 day 20 hours [READ: Count=13058, Max=13471, Min=123, Avg=373.23, 90=661, 99=1073, 99.9=1392, 99.99=1849] [UPDATE: Count=13426, Max=1935, Min=110, Avg=376.26, 90=671, 99=1073, 99.9=1427, 99.99=1706] 
2025-02-10 03:22:10:285 60 sec: 172310 operations; 3841.3 current ops/sec; est completion in 1 day 17 hours [READ: Count=19221, Max=2379, Min=99, Avg=257.93, 90=413, 99=806, 99.9=1075, 99.99=1364] [UPDATE: Count=19192, Max=8623, Min=97, Avg=258.26, 90=411, 99=819, 99.9=1169, 99.99=3543] 
Maximum time elapsed. Requesting stop for the workload.
Stop requested for workload. Now Joining!
2025-02-10 03:22:11:293 61 sec: 178343 operations; 5991.06 current ops/sec; est completion in 1 day 16 hours [READ: Count=3009, Max=686, Min=104, Avg=164.68, 90=258, 99=334, 99.9=493, 99.99=686] [CLEANUP: Count=1, Max=1057, Min=1057, Avg=1057, 90=1057, 99=1057, 99.9=1057, 99.99=1057] [UPDATE: Count=3024, Max=3169, Min=104, Avg=163.65, 90=255, 99=341, 99.9=553, 99.99=3169] 
[OVERALL], RunTime(ms), 61012
[OVERALL], Throughput(ops/sec), 2923.0807054349966
[TOTAL_GCS_Copy], Count, 16
[TOTAL_GC_TIME_Copy], Time(ms), 24
[TOTAL_GC_TIME_%_Copy], Time(%), 0.039336523962499176
[TOTAL_GCS_MarkSweepCompact], Count, 0
[TOTAL_GC_TIME_MarkSweepCompact], Time(ms), 0
[TOTAL_GC_TIME_%_MarkSweepCompact], Time(%), 0.0
[TOTAL_GCs], Count, 16
[TOTAL_GC_TIME], Time(ms), 24
[TOTAL_GC_TIME_%], Time(%), 0.039336523962499176
[READ], Operations, 88774
[READ], AverageLatency(us), 334.70822538130534
[READ], MinLatency(us), 99
[READ], MaxLatency(us), 18383
[READ], 95thPercentileLatency(us), 741
[READ], 99thPercentileLatency(us), 1029
[READ], Return=OK, 88774
[CLEANUP], Operations, 1
[CLEANUP], AverageLatency(us), 1057.0
[CLEANUP], MinLatency(us), 1057
[CLEANUP], MaxLatency(us), 1057
[CLEANUP], 95thPercentileLatency(us), 1057
[CLEANUP], 99thPercentileLatency(us), 1057
[UPDATE], Operations, 89569
[UPDATE], AverageLatency(us), 338.1716777009903
[UPDATE], MinLatency(us), 97
[UPDATE], MaxLatency(us), 42079
[UPDATE], 95thPercentileLatency(us), 749
[UPDATE], 99thPercentileLatency(us), 1036
[UPDATE], Return=OK, 89569
AUTOTEST_DONE
