/nix/store/2vwkssqpzykk37r996cafq7x63imf4sp-openjdk-21+35/bin/java  -classpath /nix/store/zw02np72fzsmga6s5mphhw7x8qlzf4sv-ycsb-0.17.0/share/conf:/nix/store/zw02np72fzsmga6s5mphhw7x8qlzf4sv-ycsb-0.17.0/share/lib/core-0.17.0.jar:/nix/store/zw02np72fzsmga6s5mphhw7x8qlzf4sv-ycsb-0.17.0/share/lib/HdrHistogram-2.1.4.jar:/nix/store/zw02np72fzsmga6s5mphhw7x8qlzf4sv-ycsb-0.17.0/share/lib/htrace-core4-4.1.0-incubating.jar:/nix/store/zw02np72fzsmga6s5mphhw7x8qlzf4sv-ycsb-0.17.0/share/lib/jackson-core-asl-1.9.4.jar:/nix/store/zw02np72fzsmga6s5mphhw7x8qlzf4sv-ycsb-0.17.0/share/lib/jackson-mapper-asl-1.9.4.jar:/nix/store/zw02np72fzsmga6s5mphhw7x8qlzf4sv-ycsb-0.17.0/share/redis-binding/lib/commons-pool2-2.4.2.jar:/nix/store/zw02np72fzsmga6s5mphhw7x8qlzf4sv-ycsb-0.17.0/share/redis-binding/lib/jedis-2.9.0.jar:/nix/store/zw02np72fzsmga6s5mphhw7x8qlzf4sv-ycsb-0.17.0/share/redis-binding/lib/redis-binding-0.17.0.jar site.ycsb.Client -t -db site.ycsb.db.RedisClient -s -P /home/host/vmuxIO/test/moonprogs//../../ycsb/share/workloads/workloada -p redis.host=10.1.0.2 -p redis.port=6387 -p operationcount=429496729 -p maxexecutiontime=61 -threads 1
Command line: -t -db site.ycsb.db.RedisClient -s -P /home/host/vmuxIO/test/moonprogs//../../ycsb/share/workloads/workloada -p redis.host=10.1.0.2 -p redis.port=6387 -p operationcount=429496729 -p maxexecutiontime=61 -threads 1
YCSB Client 0.17.0

Loading workload...
Starting test.
Maximum execution time specified as: 61 secs
2025-02-01 19:11:21:073 0 sec: 0 operations; est completion in 0 second 
DBWrapper: report latency for each error is false and specific error codes to track for latency are: []
2025-02-01 19:11:30:958 10 sec: 13237 operations; 1323.57 current ops/sec; est completion in 3 days 18 hours [READ: Count=6699, Max=50175, Min=115, Avg=709.99, 90=1256, 99=4275, 99.9=9975, 99.99=42015] [UPDATE: Count=6547, Max=31295, Min=123, Avg=738.34, 90=1282, 99=4683, 99.9=10655, 99.99=27423] 
2025-02-01 19:11:40:958 20 sec: 25187 operations; 1195 current ops/sec; est completion in 3 days 22 hours [READ: Count=5926, Max=13959, Min=200, Avg=820.35, 90=1236, 99=2187, 99.9=5971, 99.99=13919] [UPDATE: Count=6017, Max=14727, Min=182, Avg=839.98, 90=1271, 99=2369, 99.9=5699, 99.99=12687] 
2025-02-01 19:11:50:976 30 sec: 44218 operations; 1900.06 current ops/sec; est completion in 3 days 8 hours [READ: Count=9585, Max=8127, Min=152, Avg=519.41, 90=905, 99=1674, 99.9=3853, 99.99=5391] [UPDATE: Count=9448, Max=11727, Min=149, Avg=523.22, 90=910, 99=1735, 99.9=4603, 99.99=10055] 
2025-02-01 19:12:00:965 40 sec: 61120 operations; 1691.72 current ops/sec; est completion in 3 days 6 hours [READ: Count=8412, Max=8431, Min=149, Avg=579.51, 90=1076, 99=1799, 99.9=4995, 99.99=6403] [UPDATE: Count=8490, Max=16319, Min=142, Avg=592.25, 90=1084, 99=1752, 99.9=4787, 99.99=11919] 
2025-02-01 19:12:10:958 50 sec: 84213 operations; 2310.92 current ops/sec; est completion in 2 days 22 hours [READ: Count=11615, Max=12671, Min=119, Avg=432.07, 90=700, 99=1189, 99.9=3693, 99.99=7331] [UPDATE: Count=11474, Max=7319, Min=118, Avg=428.08, 90=696, 99=1105, 99.9=3617, 99.99=5427] 
2025-02-01 19:12:20:958 60 sec: 118500 operations; 3428.7 current ops/sec; est completion in 2 days 12 hours [READ: Count=17212, Max=10935, Min=91, Avg=288.28, 90=496, 99=912, 99.9=2827, 99.99=5339] [UPDATE: Count=17087, Max=33055, Min=91, Avg=290.5, 90=501, 99=912, 99.9=2307, 99.99=8107] 
Maximum time elapsed. Requesting stop for the workload.
Stop requested for workload. Now Joining!
2025-02-01 19:12:21:961 61 sec: 125353 operations; 6832.5 current ops/sec; est completion in 2 days 10 hours [READ: Count=3485, Max=542, Min=90, Avg=145.06, 90=164, 99=277, 99.9=410, 99.99=542] [CLEANUP: Count=1, Max=960, Min=960, Avg=960, 90=960, 99=960, 99.9=960, 99.99=960] [UPDATE: Count=3356, Max=2479, Min=92, Avg=144.16, 90=163, 99=281, 99.9=399, 99.99=2479] 
[OVERALL], RunTime(ms), 61004
[OVERALL], Throughput(ops/sec), 2054.832470001967
[TOTAL_GCS_G1_Young_Generation], Count, 7
[TOTAL_GC_TIME_G1_Young_Generation], Time(ms), 113
[TOTAL_GC_TIME_%_G1_Young_Generation], Time(%), 0.18523375516359583
[TOTAL_GCS_G1_Concurrent_GC], Count, 0
[TOTAL_GC_TIME_G1_Concurrent_GC], Time(ms), 0
[TOTAL_GC_TIME_%_G1_Concurrent_GC], Time(%), 0.0
[TOTAL_GCS_G1_Old_Generation], Count, 0
[TOTAL_GC_TIME_G1_Old_Generation], Time(ms), 0
[TOTAL_GC_TIME_%_G1_Old_Generation], Time(%), 0.0
[TOTAL_GCs], Count, 7
[TOTAL_GC_TIME], Time(ms), 113
[TOTAL_GC_TIME_%], Time(%), 0.18523375516359583
[READ], Operations, 62934
[READ], AverageLatency(us), 476.00276480122034
[READ], MinLatency(us), 90
[READ], MaxLatency(us), 50175
[READ], 95thPercentileLatency(us), 1111
[READ], 99thPercentileLatency(us), 1872
[READ], Return=OK, 62934
[CLEANUP], Operations, 1
[CLEANUP], AverageLatency(us), 960.0
[CLEANUP], MinLatency(us), 960
[CLEANUP], MaxLatency(us), 960
[CLEANUP], 95thPercentileLatency(us), 960
[CLEANUP], 99thPercentileLatency(us), 960
[UPDATE], Operations, 62419
[UPDATE], AverageLatency(us), 484.13289222832793
[UPDATE], MinLatency(us), 91
[UPDATE], MaxLatency(us), 33055
[UPDATE], 95thPercentileLatency(us), 1125
[UPDATE], 99thPercentileLatency(us), 1903
[UPDATE], Return=OK, 62419
AUTOTEST_DONE
