/nix/store/2vwkssqpzykk37r996cafq7x63imf4sp-openjdk-21+35/bin/java  -classpath /nix/store/zw02np72fzsmga6s5mphhw7x8qlzf4sv-ycsb-0.17.0/share/conf:/nix/store/zw02np72fzsmga6s5mphhw7x8qlzf4sv-ycsb-0.17.0/share/lib/core-0.17.0.jar:/nix/store/zw02np72fzsmga6s5mphhw7x8qlzf4sv-ycsb-0.17.0/share/lib/HdrHistogram-2.1.4.jar:/nix/store/zw02np72fzsmga6s5mphhw7x8qlzf4sv-ycsb-0.17.0/share/lib/htrace-core4-4.1.0-incubating.jar:/nix/store/zw02np72fzsmga6s5mphhw7x8qlzf4sv-ycsb-0.17.0/share/lib/jackson-core-asl-1.9.4.jar:/nix/store/zw02np72fzsmga6s5mphhw7x8qlzf4sv-ycsb-0.17.0/share/lib/jackson-mapper-asl-1.9.4.jar:/nix/store/zw02np72fzsmga6s5mphhw7x8qlzf4sv-ycsb-0.17.0/share/redis-binding/lib/commons-pool2-2.4.2.jar:/nix/store/zw02np72fzsmga6s5mphhw7x8qlzf4sv-ycsb-0.17.0/share/redis-binding/lib/jedis-2.9.0.jar:/nix/store/zw02np72fzsmga6s5mphhw7x8qlzf4sv-ycsb-0.17.0/share/redis-binding/lib/redis-binding-0.17.0.jar site.ycsb.Client -t -db site.ycsb.db.RedisClient -s -P /home/host/vmuxIO/test/moonprogs//../../ycsb/share/workloads/workloada -p redis.host=10.1.0.2 -p redis.port=6379 -p operationcount=429496729 -p maxexecutiontime=61 -threads 1
Command line: -t -db site.ycsb.db.RedisClient -s -P /home/host/vmuxIO/test/moonprogs//../../ycsb/share/workloads/workloada -p redis.host=10.1.0.2 -p redis.port=6379 -p operationcount=429496729 -p maxexecutiontime=61 -threads 1
YCSB Client 0.17.0

Loading workload...
Starting test.
Maximum execution time specified as: 61 secs
DBWrapper: report latency for each error is false and specific error codes to track for latency are: []
2024-06-19 16:44:36:548 0 sec: 0 operations; est completion in 0 second 
2024-06-19 16:44:46:390 10 sec: 98503 operations; 9849.32 current ops/sec; est completion in 12 hours 6 minutes [READ: Count=49133, Max=50015, Min=74, Avg=98.72, 90=107, 99=159, 99.9=721, 99.99=3615] [UPDATE: Count=49385, Max=8091, Min=70, Avg=94.79, 90=104, 99=161, 99.9=662, 99.99=3607] 
2024-06-19 16:44:56:391 20 sec: 203885 operations; 10538.2 current ops/sec; est completion in 11 hours 41 minutes [READ: Count=52704, Max=9663, Min=80, Avg=95.47, 90=102, 99=130, 99.9=292, 99.99=462] [UPDATE: Count=52663, Max=2063, Min=78, Avg=91.23, 90=98, 99=125, 99.9=280, 99.99=437] 
2024-06-19 16:45:06:390 30 sec: 308471 operations; 10458.6 current ops/sec; est completion in 11 hours 35 minutes [READ: Count=52349, Max=3567, Min=77, Avg=96.07, 90=104, 99=131, 99.9=211, 99.99=648] [UPDATE: Count=52237, Max=9119, Min=73, Avg=92.28, 90=100, 99=127, 99.9=204, 99.99=510] 
2024-06-19 16:45:16:390 40 sec: 415372 operations; 10690.1 current ops/sec; est completion in 11 hours 28 minutes [READ: Count=53284, Max=4987, Min=75, Avg=93.85, 90=103, 99=131, 99.9=155, 99.99=443] [UPDATE: Count=53617, Max=6307, Min=71, Avg=90.44, 90=100, 99=127, 99.9=143, 99.99=309] 
2024-06-19 16:45:26:390 50 sec: 528684 operations; 11331.2 current ops/sec; est completion in 11 hours 16 minutes [READ: Count=56525, Max=870, Min=71, Avg=88.62, 90=98, 99=130, 99.9=158, 99.99=449] [UPDATE: Count=56787, Max=4435, Min=67, Avg=85.15, 90=94, 99=126, 99.9=141, 99.99=338] 
2024-06-19 16:45:36:390 60 sec: 637649 operations; 10896.5 current ops/sec; est completion in 11 hours 12 minutes [READ: Count=54644, Max=3811, Min=71, Avg=92.36, 90=103, 99=132, 99.9=265, 99.99=594] [UPDATE: Count=54321, Max=589, Min=68, Avg=88.26, 90=99, 99=127, 99.9=265, 99.99=414] 
Maximum time elapsed. Requesting stop for the workload.
Stop requested for workload. Now Joining!
2024-06-19 16:45:37:403 61 sec: 648366 operations; 10579.47 current ops/sec; est completion in 11 hours 12 minutes [READ: Count=5365, Max=2297, Min=82, Avg=94.61, 90=101, 99=127, 99.9=285, 99.99=605] [CLEANUP: Count=1, Max=2713, Min=2712, Avg=2713, 90=2713, 99=2713, 99.9=2713, 99.99=2713] [UPDATE: Count=5352, Max=3641, Min=77, Avg=90.11, 90=96, 99=120, 99.9=141, 99.99=303] 
[OVERALL], RunTime(ms), 61018
[OVERALL], Throughput(ops/sec), 10625.815333180373
[TOTAL_GCS_Copy], Count, 60
[TOTAL_GC_TIME_Copy], Time(ms), 34
[TOTAL_GC_TIME_%_Copy], Time(%), 0.0557212625782556
[TOTAL_GCS_MarkSweepCompact], Count, 0
[TOTAL_GC_TIME_MarkSweepCompact], Time(ms), 0
[TOTAL_GC_TIME_%_MarkSweepCompact], Time(%), 0.0
[TOTAL_GCs], Count, 60
[TOTAL_GC_TIME], Time(ms), 34
[TOTAL_GC_TIME_%], Time(%), 0.0557212625782556
[READ], Operations, 324004
[READ], AverageLatency(us), 94.05919371365786
[READ], MinLatency(us), 71
[READ], MaxLatency(us), 50015
[READ], 95thPercentileLatency(us), 112
[READ], 99thPercentileLatency(us), 132
[READ], Return=OK, 324004
[CLEANUP], Operations, 1
[CLEANUP], AverageLatency(us), 2713.0
[CLEANUP], MinLatency(us), 2712
[CLEANUP], MaxLatency(us), 2713
[CLEANUP], 95thPercentileLatency(us), 2713
[CLEANUP], 99thPercentileLatency(us), 2713
[UPDATE], Operations, 324362
[UPDATE], AverageLatency(us), 90.22966007115507
[UPDATE], MinLatency(us), 67
[UPDATE], MaxLatency(us), 9119
[UPDATE], 95thPercentileLatency(us), 107
[UPDATE], 99thPercentileLatency(us), 128
[UPDATE], Return=OK, 324362
AUTOTEST_DONE
