/nix/store/2vwkssqpzykk37r996cafq7x63imf4sp-openjdk-21+35/bin/java  -classpath /nix/store/zw02np72fzsmga6s5mphhw7x8qlzf4sv-ycsb-0.17.0/share/conf:/nix/store/zw02np72fzsmga6s5mphhw7x8qlzf4sv-ycsb-0.17.0/share/lib/core-0.17.0.jar:/nix/store/zw02np72fzsmga6s5mphhw7x8qlzf4sv-ycsb-0.17.0/share/lib/HdrHistogram-2.1.4.jar:/nix/store/zw02np72fzsmga6s5mphhw7x8qlzf4sv-ycsb-0.17.0/share/lib/htrace-core4-4.1.0-incubating.jar:/nix/store/zw02np72fzsmga6s5mphhw7x8qlzf4sv-ycsb-0.17.0/share/lib/jackson-core-asl-1.9.4.jar:/nix/store/zw02np72fzsmga6s5mphhw7x8qlzf4sv-ycsb-0.17.0/share/lib/jackson-mapper-asl-1.9.4.jar:/nix/store/zw02np72fzsmga6s5mphhw7x8qlzf4sv-ycsb-0.17.0/share/redis-binding/lib/commons-pool2-2.4.2.jar:/nix/store/zw02np72fzsmga6s5mphhw7x8qlzf4sv-ycsb-0.17.0/share/redis-binding/lib/jedis-2.9.0.jar:/nix/store/zw02np72fzsmga6s5mphhw7x8qlzf4sv-ycsb-0.17.0/share/redis-binding/lib/redis-binding-0.17.0.jar site.ycsb.Client -t -db site.ycsb.db.RedisClient -s -P /home/host/vmuxIO/test/moonprogs//../../ycsb/share/workloads/workloada -p redis.host=10.1.0.2 -p redis.port=6384 -p operationcount=429496729 -p maxexecutiontime=61 -threads 1
Command line: -t -db site.ycsb.db.RedisClient -s -P /home/host/vmuxIO/test/moonprogs//../../ycsb/share/workloads/workloada -p redis.host=10.1.0.2 -p redis.port=6384 -p operationcount=429496729 -p maxexecutiontime=61 -threads 1
YCSB Client 0.17.0

Loading workload...
Starting test.
Maximum execution time specified as: 61 secs
DBWrapper: report latency for each error is false and specific error codes to track for latency are: []
2025-04-01 23:13:06:774 0 sec: 0 operations; est completion in 0 second 
2025-04-01 23:13:16:613 10 sec: 123431 operations; 12343.1 current ops/sec; est completion in 9 hours 39 minutes [READ: Count=61710, Max=45279, Min=60, Avg=76.51, 90=84, 99=127, 99.9=322, 99.99=3979] [UPDATE: Count=61769, Max=11447, Min=58, Avg=76.84, 90=85, 99=125, 99.9=586, 99.99=3631] 
2025-04-01 23:13:26:613 20 sec: 264002 operations; 14057.1 current ops/sec; est completion in 9 hours 1 minute [READ: Count=70191, Max=12031, Min=59, Avg=70.77, 90=77, 99=122, 99.9=137, 99.99=329] [UPDATE: Count=70332, Max=780, Min=57, Avg=68.84, 90=75, 99=119, 99.9=132, 99.99=255] 
2025-04-01 23:13:36:613 30 sec: 400981 operations; 13697.9 current ops/sec; est completion in 8 hours 55 minutes [READ: Count=68439, Max=2421, Min=59, Avg=72.58, 90=80, 99=134, 99.9=249, 99.99=525] [UPDATE: Count=68540, Max=556, Min=56, Avg=70.76, 90=78, 99=130, 99.9=248, 99.99=344] 
2025-04-01 23:13:46:613 40 sec: 541890 operations; 14090.9 current ops/sec; est completion in 8 hours 47 minutes [READ: Count=70329, Max=7111, Min=59, Avg=70.57, 90=77, 99=119, 99.9=134, 99.99=242] [UPDATE: Count=70580, Max=271, Min=57, Avg=68.78, 90=75, 99=115, 99.9=130, 99.99=233] 
2025-04-01 23:13:56:613 50 sec: 681949 operations; 14005.9 current ops/sec; est completion in 8 hours 44 minutes [READ: Count=69908, Max=3923, Min=59, Avg=70.97, 90=77, 99=123, 99.9=136, 99.99=261] [UPDATE: Count=70151, Max=4107, Min=57, Avg=69.21, 90=75, 99=120, 99.9=131, 99.99=194] 
2025-04-01 23:14:06:613 60 sec: 818420 operations; 13647.1 current ops/sec; est completion in 8 hours 43 minutes [READ: Count=68057, Max=635, Min=59, Avg=72.71, 90=80, 99=136, 99.9=251, 99.99=339] [UPDATE: Count=68414, Max=6775, Min=57, Avg=71.14, 90=79, 99=132, 99.9=253, 99.99=370] 
Maximum time elapsed. Requesting stop for the workload.
Stop requested for workload. Now Joining!
2025-04-01 23:14:07:627 61 sec: 832117 operations; 13507.89 current ops/sec; est completion in 8 hours 43 minutes [READ: Count=6803, Max=5747, Min=61, Avg=73.95, 90=81, 99=130, 99.9=167, 99.99=1356] [CLEANUP: Count=1, Max=1010, Min=1010, Avg=1010, 90=1010, 99=1010, 99.9=1010, 99.99=1010] [UPDATE: Count=6894, Max=176, Min=58, Avg=71.15, 90=79, 99=127, 99.9=137, 99.99=163] 
[OVERALL], RunTime(ms), 61017
[OVERALL], Throughput(ops/sec), 13637.461691004146
[TOTAL_GCS_Copy], Count, 77
[TOTAL_GC_TIME_Copy], Time(ms), 24
[TOTAL_GC_TIME_%_Copy], Time(%), 0.039333300555582866
[TOTAL_GCS_MarkSweepCompact], Count, 0
[TOTAL_GC_TIME_MarkSweepCompact], Time(ms), 0
[TOTAL_GC_TIME_%_MarkSweepCompact], Time(%), 0.0
[TOTAL_GCs], Count, 77
[TOTAL_GC_TIME], Time(ms), 24
[TOTAL_GC_TIME_%], Time(%), 0.039333300555582866
[READ], Operations, 415437
[READ], AverageLatency(us), 72.29172172916712
[READ], MinLatency(us), 59
[READ], MaxLatency(us), 45279
[READ], 95thPercentileLatency(us), 84
[READ], 99thPercentileLatency(us), 127
[READ], Return=OK, 415437
[CLEANUP], Operations, 1
[CLEANUP], AverageLatency(us), 1010.0
[CLEANUP], MinLatency(us), 1010
[CLEANUP], MaxLatency(us), 1010
[CLEANUP], 95thPercentileLatency(us), 1010
[CLEANUP], 99thPercentileLatency(us), 1010
[UPDATE], Operations, 416680
[UPDATE], AverageLatency(us), 70.81008207737352
[UPDATE], MinLatency(us), 56
[UPDATE], MaxLatency(us), 11447
[UPDATE], 95thPercentileLatency(us), 83
[UPDATE], 99thPercentileLatency(us), 124
[UPDATE], Return=OK, 416680
AUTOTEST_DONE
