/nix/store/2vwkssqpzykk37r996cafq7x63imf4sp-openjdk-21+35/bin/java  -classpath /nix/store/zw02np72fzsmga6s5mphhw7x8qlzf4sv-ycsb-0.17.0/share/conf:/nix/store/zw02np72fzsmga6s5mphhw7x8qlzf4sv-ycsb-0.17.0/share/lib/core-0.17.0.jar:/nix/store/zw02np72fzsmga6s5mphhw7x8qlzf4sv-ycsb-0.17.0/share/lib/HdrHistogram-2.1.4.jar:/nix/store/zw02np72fzsmga6s5mphhw7x8qlzf4sv-ycsb-0.17.0/share/lib/htrace-core4-4.1.0-incubating.jar:/nix/store/zw02np72fzsmga6s5mphhw7x8qlzf4sv-ycsb-0.17.0/share/lib/jackson-core-asl-1.9.4.jar:/nix/store/zw02np72fzsmga6s5mphhw7x8qlzf4sv-ycsb-0.17.0/share/lib/jackson-mapper-asl-1.9.4.jar:/nix/store/zw02np72fzsmga6s5mphhw7x8qlzf4sv-ycsb-0.17.0/share/redis-binding/lib/commons-pool2-2.4.2.jar:/nix/store/zw02np72fzsmga6s5mphhw7x8qlzf4sv-ycsb-0.17.0/share/redis-binding/lib/jedis-2.9.0.jar:/nix/store/zw02np72fzsmga6s5mphhw7x8qlzf4sv-ycsb-0.17.0/share/redis-binding/lib/redis-binding-0.17.0.jar site.ycsb.Client -t -db site.ycsb.db.RedisClient -s -P /home/host/vmuxIO/test/moonprogs//../../ycsb/share/workloads/workloada -p redis.host=10.1.0.2 -p redis.port=6379 -p operationcount=429496729 -p maxexecutiontime=61 -threads 1
Command line: -t -db site.ycsb.db.RedisClient -s -P /home/host/vmuxIO/test/moonprogs//../../ycsb/share/workloads/workloada -p redis.host=10.1.0.2 -p redis.port=6379 -p operationcount=429496729 -p maxexecutiontime=61 -threads 1
YCSB Client 0.17.0

Loading workload...
Starting test.
Maximum execution time specified as: 61 secs
DBWrapper: report latency for each error is false and specific error codes to track for latency are: []
2024-10-15 13:07:06:964 0 sec: 0 operations; est completion in 0 second 
2024-10-15 13:07:16:778 10 sec: 38755 operations; 3875.5 current ops/sec; est completion in 1 day 6 hours [READ: Count=19320, Max=54975, Min=110, Avg=246.94, 90=302, 99=368, 99.9=2563, 99.99=6667] [UPDATE: Count=19447, Max=12911, Min=107, Avg=245.97, 90=302, 99=383, 99.9=2691, 99.99=5835] 
2024-10-15 13:07:26:777 20 sec: 83272 operations; 4451.7 current ops/sec; est completion in 1 day 4 hours [READ: Count=22264, Max=2281, Min=104, Avg=223.16, 90=292, 99=347, 99.9=624, 99.99=1006] [UPDATE: Count=22241, Max=1196, Min=104, Avg=218.81, 90=291, 99=343, 99.9=532, 99.99=1071] 
2024-10-15 13:07:36:777 30 sec: 130204 operations; 4693.2 current ops/sec; est completion in 1 day 3 hours [READ: Count=23461, Max=3039, Min=110, Avg=212.73, 90=289, 99=309, 99.9=363, 99.99=1203] [UPDATE: Count=23471, Max=6575, Min=107, Avg=209.07, 90=287, 99=308, 99.9=420, 99.99=2779] 
2024-10-15 13:07:46:777 40 sec: 177956 operations; 4775.2 current ops/sec; est completion in 1 day 2 hours [READ: Count=23816, Max=8327, Min=106, Avg=209.71, 90=287, 99=309, 99.9=331, 99.99=1455] [UPDATE: Count=23936, Max=2795, Min=106, Avg=205.38, 90=286, 99=308, 99.9=334, 99.99=666] 
2024-10-15 13:07:56:777 50 sec: 226014 operations; 4805.8 current ops/sec; est completion in 1 day 2 hours [READ: Count=24017, Max=3735, Min=112, Avg=207.71, 90=288, 99=344, 99.9=479, 99.99=704] [UPDATE: Count=24041, Max=2047, Min=104, Avg=204.39, 90=286, 99=354, 99.9=502, 99.99=859] 
2024-10-15 13:08:06:777 60 sec: 272508 operations; 4649.4 current ops/sec; est completion in 1 day 2 hours [READ: Count=23362, Max=5863, Min=108, Avg=215.11, 90=291, 99=312, 99.9=426, 99.99=2038] [UPDATE: Count=23132, Max=4283, Min=110, Avg=211.02, 90=289, 99=309, 99.9=342, 99.99=647] 
Maximum time elapsed. Requesting stop for the workload.
Stop requested for workload. Now Joining!
2024-10-15 13:08:07:789 61 sec: 278058 operations; 5484.19 current ops/sec; est completion in 1 day 2 hours [READ: Count=2761, Max=5011, Min=112, Avg=181.5, 90=277, 99=300, 99.9=315, 99.99=5011] [CLEANUP: Count=1, Max=967, Min=967, Avg=967, 90=967, 99=967, 99.9=967, 99.99=967] [UPDATE: Count=2789, Max=605, Min=105, Avg=178.73, 90=275, 99=299, 99.9=315, 99.99=605] 
[OVERALL], RunTime(ms), 61016
[OVERALL], Throughput(ops/sec), 4557.132555395307
[TOTAL_GCS_Copy], Count, 26
[TOTAL_GC_TIME_Copy], Time(ms), 23
[TOTAL_GC_TIME_%_Copy], Time(%), 0.0376950308115904
[TOTAL_GCS_MarkSweepCompact], Count, 0
[TOTAL_GC_TIME_MarkSweepCompact], Time(ms), 0
[TOTAL_GC_TIME_%_MarkSweepCompact], Time(%), 0.0
[TOTAL_GCs], Count, 26
[TOTAL_GC_TIME], Time(ms), 23
[TOTAL_GC_TIME_%], Time(%), 0.0376950308115904
[READ], Operations, 139001
[READ], AverageLatency(us), 217.5508665405285
[READ], MinLatency(us), 104
[READ], MaxLatency(us), 54975
[READ], 95thPercentileLatency(us), 300
[READ], 99thPercentileLatency(us), 326
[READ], Return=OK, 139001
[CLEANUP], Operations, 1
[CLEANUP], AverageLatency(us), 967.0
[CLEANUP], MinLatency(us), 967
[CLEANUP], MaxLatency(us), 967
[CLEANUP], 95thPercentileLatency(us), 967
[CLEANUP], 99thPercentileLatency(us), 967
[UPDATE], Operations, 139057
[UPDATE], AverageLatency(us), 214.05939291082075
[UPDATE], MinLatency(us), 104
[UPDATE], MaxLatency(us), 12911
[UPDATE], 95thPercentileLatency(us), 299
[UPDATE], 99thPercentileLatency(us), 327
[UPDATE], Return=OK, 139057
AUTOTEST_DONE
