/nix/store/2vwkssqpzykk37r996cafq7x63imf4sp-openjdk-21+35/bin/java  -classpath /nix/store/zw02np72fzsmga6s5mphhw7x8qlzf4sv-ycsb-0.17.0/share/conf:/nix/store/zw02np72fzsmga6s5mphhw7x8qlzf4sv-ycsb-0.17.0/share/lib/core-0.17.0.jar:/nix/store/zw02np72fzsmga6s5mphhw7x8qlzf4sv-ycsb-0.17.0/share/lib/HdrHistogram-2.1.4.jar:/nix/store/zw02np72fzsmga6s5mphhw7x8qlzf4sv-ycsb-0.17.0/share/lib/htrace-core4-4.1.0-incubating.jar:/nix/store/zw02np72fzsmga6s5mphhw7x8qlzf4sv-ycsb-0.17.0/share/lib/jackson-core-asl-1.9.4.jar:/nix/store/zw02np72fzsmga6s5mphhw7x8qlzf4sv-ycsb-0.17.0/share/lib/jackson-mapper-asl-1.9.4.jar:/nix/store/zw02np72fzsmga6s5mphhw7x8qlzf4sv-ycsb-0.17.0/share/redis-binding/lib/commons-pool2-2.4.2.jar:/nix/store/zw02np72fzsmga6s5mphhw7x8qlzf4sv-ycsb-0.17.0/share/redis-binding/lib/jedis-2.9.0.jar:/nix/store/zw02np72fzsmga6s5mphhw7x8qlzf4sv-ycsb-0.17.0/share/redis-binding/lib/redis-binding-0.17.0.jar site.ycsb.Client -t -db site.ycsb.db.RedisClient -s -P /home/host/vmuxIO/test/moonprogs//../../ycsb/share/workloads/workloada -p redis.host=10.1.0.2 -p redis.port=6382 -p operationcount=429496729 -p maxexecutiontime=61 -threads 1
Command line: -t -db site.ycsb.db.RedisClient -s -P /home/host/vmuxIO/test/moonprogs//../../ycsb/share/workloads/workloada -p redis.host=10.1.0.2 -p redis.port=6382 -p operationcount=429496729 -p maxexecutiontime=61 -threads 1
YCSB Client 0.17.0

Loading workload...
Starting test.
Maximum execution time specified as: 61 secs
DBWrapper: report latency for each error is false and specific error codes to track for latency are: []
2024-10-15 13:07:06:422 0 sec: 0 operations; est completion in 0 second [UPDATE: Count=1, Max=30495, Min=30480, Avg=30488, 90=30495, 99=30495, 99.9=30495, 99.99=30495] 
2024-10-15 13:07:16:218 10 sec: 35465 operations; 3546.5 current ops/sec; est completion in 1 day 9 hours [READ: Count=17822, Max=30543, Min=116, Avg=266.99, 90=310, 99=435, 99.9=3031, 99.99=8495] [UPDATE: Count=17642, Max=8199, Min=115, Avg=267.33, 90=310, 99=462, 99.9=2637, 99.99=5879] 
2024-10-15 13:07:26:218 20 sec: 77384 operations; 4191.9 current ops/sec; est completion in 1 day 6 hours [READ: Count=20949, Max=13671, Min=117, Avg=237.88, 90=298, 99=344, 99.9=599, 99.99=2141] [UPDATE: Count=20970, Max=1004, Min=113, Avg=232.93, 90=296, 99=340, 99.9=519, 99.99=780] 
2024-10-15 13:07:36:217 30 sec: 118989 operations; 4160.5 current ops/sec; est completion in 1 day 6 hours [READ: Count=20607, Max=4687, Min=113, Avg=240.47, 90=302, 99=331, 99.9=427, 99.99=1433] [UPDATE: Count=20998, Max=5799, Min=111, Avg=235.2, 90=300, 99=331, 99.9=494, 99.99=955] 
2024-10-15 13:07:46:217 40 sec: 159351 operations; 4036.2 current ops/sec; est completion in 1 day 5 hours [READ: Count=20230, Max=961, Min=115, Avg=247.66, 90=302, 99=329, 99.9=382, 99.99=896] [UPDATE: Count=20132, Max=5711, Min=107, Avg=243.5, 90=299, 99=327, 99.9=362, 99.99=906] 
2024-10-15 13:07:56:217 50 sec: 200127 operations; 4077.6 current ops/sec; est completion in 1 day 5 hours [READ: Count=20528, Max=9639, Min=109, Avg=245.18, 90=301, 99=361, 99.9=500, 99.99=833] [UPDATE: Count=20248, Max=754, Min=109, Avg=240.59, 90=300, 99=355, 99.9=489, 99.99=695] 
2024-10-15 13:08:06:217 60 sec: 243539 operations; 4341.2 current ops/sec; est completion in 1 day 5 hours [READ: Count=21799, Max=3183, Min=111, Avg=229.82, 90=294, 99=317, 99.9=389, 99.99=995] [UPDATE: Count=21613, Max=7731, Min=110, Avg=226.89, 90=293, 99=316, 99.9=355, 99.99=734] 
Maximum time elapsed. Requesting stop for the workload.
Stop requested for workload. Now Joining!
2024-10-15 13:08:07:232 61 sec: 248248 operations; 4639.41 current ops/sec; est completion in 1 day 5 hours [READ: Count=2378, Max=605, Min=124, Avg=212.96, 90=283, 99=300, 99.9=318, 99.99=605] [CLEANUP: Count=1, Max=905, Min=905, Avg=905, 90=905, 99=905, 99.9=905, 99.99=905] [UPDATE: Count=2331, Max=3413, Min=116, Avg=213.36, 90=281, 99=299, 99.9=360, 99.99=3413] 
[OVERALL], RunTime(ms), 61019
[OVERALL], Throughput(ops/sec), 4068.3721463806355
[TOTAL_GCS_Copy], Count, 23
[TOTAL_GC_TIME_Copy], Time(ms), 17
[TOTAL_GC_TIME_%_Copy], Time(%), 0.027860174699683708
[TOTAL_GCS_MarkSweepCompact], Count, 0
[TOTAL_GC_TIME_MarkSweepCompact], Time(ms), 0
[TOTAL_GC_TIME_%_MarkSweepCompact], Time(%), 0.0
[TOTAL_GCs], Count, 23
[TOTAL_GC_TIME], Time(ms), 17
[TOTAL_GC_TIME_%], Time(%), 0.027860174699683708
[READ], Operations, 124313
[READ], AverageLatency(us), 243.38988681795146
[READ], MinLatency(us), 109
[READ], MaxLatency(us), 30543
[READ], 95thPercentileLatency(us), 310
[READ], 99thPercentileLatency(us), 343
[READ], Return=OK, 124313
[CLEANUP], Operations, 1
[CLEANUP], AverageLatency(us), 905.0
[CLEANUP], MinLatency(us), 905
[CLEANUP], MaxLatency(us), 905
[CLEANUP], 95thPercentileLatency(us), 905
[CLEANUP], 99thPercentileLatency(us), 905
[UPDATE], Operations, 123935
[UPDATE], AverageLatency(us), 240.00086335579135
[UPDATE], MinLatency(us), 107
[UPDATE], MaxLatency(us), 30495
[UPDATE], 95thPercentileLatency(us), 309
[UPDATE], 99thPercentileLatency(us), 341
[UPDATE], Return=OK, 123935
AUTOTEST_DONE
