/nix/store/2vwkssqpzykk37r996cafq7x63imf4sp-openjdk-21+35/bin/java  -classpath /nix/store/zw02np72fzsmga6s5mphhw7x8qlzf4sv-ycsb-0.17.0/share/conf:/nix/store/zw02np72fzsmga6s5mphhw7x8qlzf4sv-ycsb-0.17.0/share/lib/core-0.17.0.jar:/nix/store/zw02np72fzsmga6s5mphhw7x8qlzf4sv-ycsb-0.17.0/share/lib/HdrHistogram-2.1.4.jar:/nix/store/zw02np72fzsmga6s5mphhw7x8qlzf4sv-ycsb-0.17.0/share/lib/htrace-core4-4.1.0-incubating.jar:/nix/store/zw02np72fzsmga6s5mphhw7x8qlzf4sv-ycsb-0.17.0/share/lib/jackson-core-asl-1.9.4.jar:/nix/store/zw02np72fzsmga6s5mphhw7x8qlzf4sv-ycsb-0.17.0/share/lib/jackson-mapper-asl-1.9.4.jar:/nix/store/zw02np72fzsmga6s5mphhw7x8qlzf4sv-ycsb-0.17.0/share/redis-binding/lib/commons-pool2-2.4.2.jar:/nix/store/zw02np72fzsmga6s5mphhw7x8qlzf4sv-ycsb-0.17.0/share/redis-binding/lib/jedis-2.9.0.jar:/nix/store/zw02np72fzsmga6s5mphhw7x8qlzf4sv-ycsb-0.17.0/share/redis-binding/lib/redis-binding-0.17.0.jar site.ycsb.Client -t -db site.ycsb.db.RedisClient -s -P /home/host/vmuxIO/test/moonprogs//../../ycsb/share/workloads/workloada -p redis.host=10.1.0.2 -p redis.port=6390 -p operationcount=429496729 -p maxexecutiontime=61 -threads 1
Command line: -t -db site.ycsb.db.RedisClient -s -P /home/host/vmuxIO/test/moonprogs//../../ycsb/share/workloads/workloada -p redis.host=10.1.0.2 -p redis.port=6390 -p operationcount=429496729 -p maxexecutiontime=61 -threads 1
YCSB Client 0.17.0

Loading workload...
Starting test.
Maximum execution time specified as: 61 secs
DBWrapper: report latency for each error is false and specific error codes to track for latency are: []
2024-10-15 13:07:07:506 0 sec: 0 operations; est completion in 0 second 
2024-10-15 13:07:17:338 10 sec: 37398 operations; 3739.8 current ops/sec; est completion in 1 day 7 hours [READ: Count=18649, Max=16223, Min=111, Avg=255.78, 90=303, 99=353, 99.9=2511, 99.99=6023] [UPDATE: Count=18754, Max=23311, Min=112, Avg=257.25, 90=302, 99=361, 99.9=2767, 99.99=6447] 
2024-10-15 13:07:27:338 20 sec: 77354 operations; 3995.6 current ops/sec; est completion in 1 day 6 hours [READ: Count=19961, Max=8855, Min=113, Avg=249.21, 90=305, 99=397, 99.9=640, 99.99=2565] [UPDATE: Count=19990, Max=912, Min=112, Avg=243.72, 90=303, 99=386, 99.9=543, 99.99=889] 
2024-10-15 13:07:37:338 30 sec: 118517 operations; 4116.3 current ops/sec; est completion in 1 day 6 hours [READ: Count=20331, Max=6583, Min=110, Avg=242.55, 90=299, 99=330, 99.9=484, 99.99=2479] [UPDATE: Count=20832, Max=8135, Min=110, Avg=238.79, 90=298, 99=329, 99.9=439, 99.99=1249] 
2024-10-15 13:07:47:338 40 sec: 160575 operations; 4205.8 current ops/sec; est completion in 1 day 5 hours [READ: Count=21037, Max=3375, Min=105, Avg=237.5, 90=296, 99=323, 99.9=385, 99.99=732] [UPDATE: Count=21021, Max=4419, Min=109, Avg=233.96, 90=294, 99=321, 99.9=357, 99.99=730] 
2024-10-15 13:07:57:338 50 sec: 199887 operations; 3931.2 current ops/sec; est completion in 1 day 5 hours [READ: Count=19699, Max=7619, Min=115, Avg=254.12, 90=313, 99=444, 99.9=887, 99.99=2963] [UPDATE: Count=19613, Max=8415, Min=112, Avg=249.75, 90=311, 99=449, 99.9=825, 99.99=2249] 
2024-10-15 13:08:07:338 60 sec: 240896 operations; 4100.9 current ops/sec; est completion in 1 day 5 hours [READ: Count=20355, Max=5671, Min=110, Avg=242.98, 90=303, 99=383, 99.9=727, 99.99=2817] [UPDATE: Count=20654, Max=4151, Min=108, Avg=240.2, 90=301, 99=401, 99.9=1005, 99.99=3541] 
Maximum time elapsed. Requesting stop for the workload.
Stop requested for workload. Now Joining!
2024-10-15 13:08:08:350 61 sec: 246192 operations; 5228.04 current ops/sec; est completion in 1 day 5 hours [READ: Count=2608, Max=3653, Min=118, Avg=191.53, 90=274, 99=297, 99.9=535, 99.99=3653] [CLEANUP: Count=1, Max=1110, Min=1110, Avg=1110, 90=1110, 99=1110, 99.9=1110, 99.99=1110] [UPDATE: Count=2688, Max=315, Min=111, Avg=186.54, 90=273, 99=291, 99.9=305, 99.99=315] 
[OVERALL], RunTime(ms), 61016
[OVERALL], Throughput(ops/sec), 4034.8760980726365
[TOTAL_GCS_Copy], Count, 23
[TOTAL_GC_TIME_Copy], Time(ms), 21
[TOTAL_GC_TIME_%_Copy], Time(%), 0.03441720204536515
[TOTAL_GCS_MarkSweepCompact], Count, 0
[TOTAL_GC_TIME_MarkSweepCompact], Time(ms), 0
[TOTAL_GC_TIME_%_MarkSweepCompact], Time(%), 0.0
[TOTAL_GCs], Count, 23
[TOTAL_GC_TIME], Time(ms), 21
[TOTAL_GC_TIME_%], Time(%), 0.03441720204536515
[READ], Operations, 122640
[READ], AverageLatency(us), 245.6250896934116
[READ], MinLatency(us), 105
[READ], MaxLatency(us), 16223
[READ], 95thPercentileLatency(us), 315
[READ], 99thPercentileLatency(us), 375
[READ], Return=OK, 122640
[CLEANUP], Operations, 1
[CLEANUP], AverageLatency(us), 1110.0
[CLEANUP], MinLatency(us), 1110
[CLEANUP], MaxLatency(us), 1110
[CLEANUP], 95thPercentileLatency(us), 1110
[CLEANUP], 99thPercentileLatency(us), 1110
[UPDATE], Operations, 123552
[UPDATE], AverageLatency(us), 242.40765022015023
[UPDATE], MinLatency(us), 108
[UPDATE], MaxLatency(us), 23311
[UPDATE], 95thPercentileLatency(us), 314
[UPDATE], 99thPercentileLatency(us), 375
[UPDATE], Return=OK, 123552
AUTOTEST_DONE
