/nix/store/2vwkssqpzykk37r996cafq7x63imf4sp-openjdk-21+35/bin/java  -classpath /nix/store/zw02np72fzsmga6s5mphhw7x8qlzf4sv-ycsb-0.17.0/share/conf:/nix/store/zw02np72fzsmga6s5mphhw7x8qlzf4sv-ycsb-0.17.0/share/lib/core-0.17.0.jar:/nix/store/zw02np72fzsmga6s5mphhw7x8qlzf4sv-ycsb-0.17.0/share/lib/HdrHistogram-2.1.4.jar:/nix/store/zw02np72fzsmga6s5mphhw7x8qlzf4sv-ycsb-0.17.0/share/lib/htrace-core4-4.1.0-incubating.jar:/nix/store/zw02np72fzsmga6s5mphhw7x8qlzf4sv-ycsb-0.17.0/share/lib/jackson-core-asl-1.9.4.jar:/nix/store/zw02np72fzsmga6s5mphhw7x8qlzf4sv-ycsb-0.17.0/share/lib/jackson-mapper-asl-1.9.4.jar:/nix/store/zw02np72fzsmga6s5mphhw7x8qlzf4sv-ycsb-0.17.0/share/redis-binding/lib/commons-pool2-2.4.2.jar:/nix/store/zw02np72fzsmga6s5mphhw7x8qlzf4sv-ycsb-0.17.0/share/redis-binding/lib/jedis-2.9.0.jar:/nix/store/zw02np72fzsmga6s5mphhw7x8qlzf4sv-ycsb-0.17.0/share/redis-binding/lib/redis-binding-0.17.0.jar site.ycsb.Client -t -db site.ycsb.db.RedisClient -s -P /home/host/vmuxIO/test/moonprogs//../../ycsb/share/workloads/workloada -p redis.host=10.1.0.2 -p redis.port=6389 -p operationcount=429496729 -p maxexecutiontime=61 -threads 1
Command line: -t -db site.ycsb.db.RedisClient -s -P /home/host/vmuxIO/test/moonprogs//../../ycsb/share/workloads/workloada -p redis.host=10.1.0.2 -p redis.port=6389 -p operationcount=429496729 -p maxexecutiontime=61 -threads 1
YCSB Client 0.17.0

Loading workload...
 (might take a few minutes for large data sets)
Starting test.
Maximum execution time specified as: 61 secs
DBWrapper: report latency for each error is false and specific error codes to track for latency are: []
2025-01-14 22:05:30:403 0 sec: 0 operations; est completion in 0 second 
2025-01-14 22:05:38:686 10 sec: 647 operations; 64.65 current ops/sec; est completion in 76 days 21 hours [READ: Count=331, Max=553983, Min=81, Avg=12309.67, 90=26175, 99=84863, 99.9=553983, 99.99=553983] [UPDATE: Count=326, Max=188927, Min=95, Avg=13392.22, 90=34335, 99=81983, 99.9=188927, 99.99=188927] 
2025-01-14 22:05:48:701 20 sec: 1559 operations; 91.06 current ops/sec; est completion in 63 days 20 hours [READ: Count=437, Max=119999, Min=65, Avg=11492.24, 90=32063, 99=83327, 99.9=119999, 99.99=119999] [UPDATE: Count=465, Max=84031, Min=64, Avg=10237.99, 90=31999, 99=66943, 99.9=84031, 99.99=84031] 
2025-01-14 22:05:58:695 30 sec: 2836 operations; 127.78 current ops/sec; est completion in 52 days 14 hours [READ: Count=639, Max=108159, Min=63, Avg=7598.29, 90=25183, 99=83967, 99.9=103295, 99.99=108159] [UPDATE: Count=638, Max=105023, Min=60, Avg=7747.41, 90=27231, 99=83135, 99.9=96063, 99.99=105023] 
2025-01-14 22:06:08:679 40 sec: 4090 operations; 125.6 current ops/sec; est completion in 48 days 14 hours [READ: Count=604, Max=108095, Min=61, Avg=7519.28, 90=25327, 99=81279, 99.9=106495, 99.99=108095] [UPDATE: Count=650, Max=332287, Min=58, Avg=8122.8, 90=25023, 99=83967, 99.9=123711, 99.99=332287] 
2025-01-14 22:06:18:693 50 sec: 5696 operations; 160.38 current ops/sec; est completion in 43 days 15 hours [READ: Count=760, Max=116735, Min=59, Avg=5903.17, 90=24015, 99=63295, 99.9=106687, 99.99=116735] [UPDATE: Count=846, Max=123583, Min=57, Avg=6317.97, 90=24623, 99=50559, 99.9=82751, 99.99=123583] 
2025-01-14 22:06:28:703 60 sec: 6617 operations; 92.01 current ops/sec; est completion in 45 days 2 hours [READ: Count=460, Max=111999, Min=55, Avg=10525.52, 90=45023, 99=90047, 99.9=111999, 99.99=111999] [UPDATE: Count=461, Max=117247, Min=55, Avg=10705, 90=44991, 99=93055, 99.9=117247, 99.99=117247] 
Maximum time elapsed. Requesting stop for the workload.
Stop requested for workload. Now Joining!
2025-01-14 22:06:29:752 61 sec: 6637 operations; 19.08 current ops/sec; est completion in 45 days 17 hours [READ: Count=12, Max=92415, Min=26512, Avg=56803.33, 90=73023, 99=92415, 99.9=92415, 99.99=92415] [CLEANUP: Count=1, Max=25103, Min=25088, Avg=25096, 90=25103, 99=25103, 99.9=25103, 99.99=25103] [UPDATE: Count=8, Max=80383, Min=27632, Avg=49426, 90=55999, 99=80383, 99.9=80383, 99.99=80383] 
[OVERALL], RunTime(ms), 61073
[OVERALL], Throughput(ops/sec), 108.67322712164132
[TOTAL_GCS_Copy], Count, 1
[TOTAL_GC_TIME_Copy], Time(ms), 80
[TOTAL_GC_TIME_%_Copy], Time(%), 0.13099078152375027
[TOTAL_GCS_MarkSweepCompact], Count, 0
[TOTAL_GC_TIME_MarkSweepCompact], Time(ms), 0
[TOTAL_GC_TIME_%_MarkSweepCompact], Time(%), 0.0
[TOTAL_GCs], Count, 1
[TOTAL_GC_TIME], Time(ms), 80
[TOTAL_GC_TIME_%], Time(%), 0.13099078152375027
[READ], Operations, 3243
[READ], AverageLatency(us), 8789.190255935862
[READ], MinLatency(us), 55
[READ], MaxLatency(us), 553983
[READ], 95thPercentileLatency(us), 43583
[READ], 99thPercentileLatency(us), 84479
[READ], Return=OK, 3243
[CLEANUP], Operations, 1
[CLEANUP], AverageLatency(us), 25096.0
[CLEANUP], MinLatency(us), 25088
[CLEANUP], MaxLatency(us), 25103
[CLEANUP], 95thPercentileLatency(us), 25103
[CLEANUP], 99thPercentileLatency(us), 25103
[UPDATE], Operations, 3394
[UPDATE], AverageLatency(us), 8846.378903948143
[UPDATE], MinLatency(us), 55
[UPDATE], MaxLatency(us), 332287
[UPDATE], 95thPercentileLatency(us), 42239
[UPDATE], 99thPercentileLatency(us), 80383
[UPDATE], Return=OK, 3394
AUTOTEST_DONE
