/nix/store/2vwkssqpzykk37r996cafq7x63imf4sp-openjdk-21+35/bin/java  -classpath /nix/store/zw02np72fzsmga6s5mphhw7x8qlzf4sv-ycsb-0.17.0/share/conf:/nix/store/zw02np72fzsmga6s5mphhw7x8qlzf4sv-ycsb-0.17.0/share/lib/core-0.17.0.jar:/nix/store/zw02np72fzsmga6s5mphhw7x8qlzf4sv-ycsb-0.17.0/share/lib/HdrHistogram-2.1.4.jar:/nix/store/zw02np72fzsmga6s5mphhw7x8qlzf4sv-ycsb-0.17.0/share/lib/htrace-core4-4.1.0-incubating.jar:/nix/store/zw02np72fzsmga6s5mphhw7x8qlzf4sv-ycsb-0.17.0/share/lib/jackson-core-asl-1.9.4.jar:/nix/store/zw02np72fzsmga6s5mphhw7x8qlzf4sv-ycsb-0.17.0/share/lib/jackson-mapper-asl-1.9.4.jar:/nix/store/zw02np72fzsmga6s5mphhw7x8qlzf4sv-ycsb-0.17.0/share/redis-binding/lib/commons-pool2-2.4.2.jar:/nix/store/zw02np72fzsmga6s5mphhw7x8qlzf4sv-ycsb-0.17.0/share/redis-binding/lib/jedis-2.9.0.jar:/nix/store/zw02np72fzsmga6s5mphhw7x8qlzf4sv-ycsb-0.17.0/share/redis-binding/lib/redis-binding-0.17.0.jar site.ycsb.Client -t -db site.ycsb.db.RedisClient -s -P /home/host/vmuxIO/test/moonprogs//../../ycsb/share/workloads/workloada -p redis.host=10.1.0.2 -p redis.port=6390 -p operationcount=429496729 -p maxexecutiontime=61 -threads 1
Command line: -t -db site.ycsb.db.RedisClient -s -P /home/host/vmuxIO/test/moonprogs//../../ycsb/share/workloads/workloada -p redis.host=10.1.0.2 -p redis.port=6390 -p operationcount=429496729 -p maxexecutiontime=61 -threads 1
YCSB Client 0.17.0

Loading workload...
 (might take a few minutes for large data sets)
Starting test.
Maximum execution time specified as: 61 secs
DBWrapper: report latency for each error is false and specific error codes to track for latency are: []
2025-01-14 22:05:24:477 0 sec: 0 operations; est completion in 0 second 
2025-01-14 22:05:32:848 10 sec: 2331 operations; 233.01 current ops/sec; est completion in 21 days 8 hours [READ: Count=1129, Max=723455, Min=64, Avg=3895.34, 90=13623, 99=33279, 99.9=62047, 99.99=723455] [UPDATE: Count=1204, Max=70079, Min=60, Avg=3442.98, 90=14895, 99=34079, 99.9=65311, 99.99=70079] 
2025-01-14 22:05:42:851 20 sec: 5505 operations; 317.3 current ops/sec; est completion in 18 days 1 hour [READ: Count=1596, Max=75391, Min=60, Avg=2999.44, 90=13071, 99=27983, 99.9=43999, 99.99=75391] [UPDATE: Count=1576, Max=56127, Min=58, Avg=3176.88, 90=14127, 99=29519, 99.9=46495, 99.99=56127] 
2025-01-14 22:05:52:855 30 sec: 7799 operations; 229.31 current ops/sec; est completion in 19 days 3 hours [READ: Count=1115, Max=73023, Min=52, Avg=4404.91, 90=16015, 99=44991, 99.9=73023, 99.99=73023] [UPDATE: Count=1179, Max=60063, Min=50, Avg=4247.02, 90=15999, 99=39999, 99.9=58975, 99.99=60063] 
2025-01-14 22:06:02:845 40 sec: 12829 operations; 503.5 current ops/sec; est completion in 15 days 11 hours [READ: Count=2518, Max=62975, Min=48, Avg=2084.72, 90=10103, 99=24335, 99.9=46207, 99.99=62975] [UPDATE: Count=2512, Max=47935, Min=48, Avg=1851.73, 90=9007, 99=22175, 99.9=37087, 99.99=47935] 
2025-01-14 22:06:12:844 50 sec: 17754 operations; 492.55 current ops/sec; est completion in 13 days 23 hours [READ: Count=2470, Max=107455, Min=51, Avg=2002.29, 90=9007, 99=25183, 99.9=35007, 99.99=107455] [UPDATE: Count=2455, Max=74815, Min=47, Avg=2048.47, 90=9975, 99=26399, 99.9=42239, 99.99=74815] 
2025-01-14 22:06:22:845 60 sec: 22255 operations; 450.05 current ops/sec; est completion in 13 days 9 hours [READ: Count=2239, Max=54015, Min=50, Avg=2237.27, 90=11111, 99=27983, 99.9=36991, 99.99=54015] [UPDATE: Count=2262, Max=68351, Min=48, Avg=2159.82, 90=10119, 99=28015, 99.9=45503, 99.99=68351] 
Maximum time elapsed. Requesting stop for the workload.
Stop requested for workload. Now Joining!
2025-01-14 22:06:23:920 61 sec: 22870 operations; 572.09 current ops/sec; est completion in 13 days 6 hours [READ: Count=293, Max=53087, Min=51, Avg=1725.92, 90=2519, 99=23071, 99.9=53087, 99.99=53087] [CLEANUP: Count=1, Max=963, Min=963, Avg=963, 90=963, 99=963, 99.9=963, 99.99=963] [UPDATE: Count=322, Max=42463, Min=48, Avg=1797.34, 90=9447, 99=23599, 99.9=42463, 99.99=42463] 
[OVERALL], RunTime(ms), 61126
[OVERALL], Throughput(ops/sec), 374.1452082583516
[TOTAL_GCS_Copy], Count, 2
[TOTAL_GC_TIME_Copy], Time(ms), 47
[TOTAL_GC_TIME_%_Copy], Time(%), 0.0768903576219612
[TOTAL_GCS_MarkSweepCompact], Count, 0
[TOTAL_GC_TIME_MarkSweepCompact], Time(ms), 0
[TOTAL_GC_TIME_%_MarkSweepCompact], Time(%), 0.0
[TOTAL_GCs], Count, 2
[TOTAL_GC_TIME], Time(ms), 47
[TOTAL_GC_TIME_%], Time(%), 0.0768903576219612
[READ], Operations, 11360
[READ], AverageLatency(us), 2623.79911971831
[READ], MinLatency(us), 48
[READ], MaxLatency(us), 723455
[READ], 95thPercentileLatency(us), 17007
[READ], 99thPercentileLatency(us), 29023
[READ], Return=OK, 11360
[CLEANUP], Operations, 1
[CLEANUP], AverageLatency(us), 963.0
[CLEANUP], MinLatency(us), 963
[CLEANUP], MaxLatency(us), 963
[CLEANUP], 95thPercentileLatency(us), 963
[CLEANUP], 99thPercentileLatency(us), 963
[UPDATE], Operations, 11510
[UPDATE], AverageLatency(us), 2545.9708948740226
[UPDATE], MinLatency(us), 47
[UPDATE], MaxLatency(us), 74815
[UPDATE], 95thPercentileLatency(us), 16175
[UPDATE], 99thPercentileLatency(us), 29039
[UPDATE], Return=OK, 11510
AUTOTEST_DONE
