/nix/store/2vwkssqpzykk37r996cafq7x63imf4sp-openjdk-21+35/bin/java  -classpath /nix/store/zw02np72fzsmga6s5mphhw7x8qlzf4sv-ycsb-0.17.0/share/conf:/nix/store/zw02np72fzsmga6s5mphhw7x8qlzf4sv-ycsb-0.17.0/share/lib/core-0.17.0.jar:/nix/store/zw02np72fzsmga6s5mphhw7x8qlzf4sv-ycsb-0.17.0/share/lib/HdrHistogram-2.1.4.jar:/nix/store/zw02np72fzsmga6s5mphhw7x8qlzf4sv-ycsb-0.17.0/share/lib/htrace-core4-4.1.0-incubating.jar:/nix/store/zw02np72fzsmga6s5mphhw7x8qlzf4sv-ycsb-0.17.0/share/lib/jackson-core-asl-1.9.4.jar:/nix/store/zw02np72fzsmga6s5mphhw7x8qlzf4sv-ycsb-0.17.0/share/lib/jackson-mapper-asl-1.9.4.jar:/nix/store/zw02np72fzsmga6s5mphhw7x8qlzf4sv-ycsb-0.17.0/share/redis-binding/lib/commons-pool2-2.4.2.jar:/nix/store/zw02np72fzsmga6s5mphhw7x8qlzf4sv-ycsb-0.17.0/share/redis-binding/lib/jedis-2.9.0.jar:/nix/store/zw02np72fzsmga6s5mphhw7x8qlzf4sv-ycsb-0.17.0/share/redis-binding/lib/redis-binding-0.17.0.jar site.ycsb.Client -t -db site.ycsb.db.RedisClient -s -P /home/host/vmuxIO/test/moonprogs//../../ycsb/share/workloads/workloada -p redis.host=10.1.0.2 -p redis.port=6379 -p operationcount=429496729 -p maxexecutiontime=61 -threads 1
Command line: -t -db site.ycsb.db.RedisClient -s -P /home/host/vmuxIO/test/moonprogs//../../ycsb/share/workloads/workloada -p redis.host=10.1.0.2 -p redis.port=6379 -p operationcount=429496729 -p maxexecutiontime=61 -threads 1
YCSB Client 0.17.0

Loading workload...
Starting test.
Maximum execution time specified as: 61 secs
DBWrapper: report latency for each error is false and specific error codes to track for latency are: []
2024-06-19 17:25:44:876 0 sec: 0 operations; est completion in 0 second 
2024-06-19 17:25:54:678 10 sec: 55407 operations; 5540.7 current ops/sec; est completion in 21 hours 31 minutes [READ: Count=27586, Max=23391, Min=102, Avg=172.63, 90=203, 99=268, 99.9=1194, 99.99=5971] [UPDATE: Count=27843, Max=41727, Min=99, Avg=171.81, 90=200, 99=266, 99.9=1494, 99.99=6383] 
2024-06-19 17:26:04:678 20 sec: 111271 operations; 5586.4 current ops/sec; est completion in 21 hours 26 minutes [READ: Count=27971, Max=3851, Min=103, Avg=177.82, 90=211, 99=259, 99.9=481, 99.99=1323] [UPDATE: Count=27871, Max=4111, Min=100, Avg=174.63, 90=208, 99=255, 99.9=381, 99.99=1129] 
2024-06-19 17:26:14:678 30 sec: 168098 operations; 5682.7 current ops/sec; est completion in 21 hours 17 minutes [READ: Count=28341, Max=7635, Min=92, Avg=175.59, 90=210, 99=257, 99.9=532, 99.99=2251] [UPDATE: Count=28486, Max=5907, Min=93, Avg=172.5, 90=207, 99=252, 99.9=427, 99.99=1572] 
2024-06-19 17:26:24:678 40 sec: 225055 operations; 5695.7 current ops/sec; est completion in 21 hours 11 minutes [READ: Count=28661, Max=3827, Min=106, Avg=175.53, 90=210, 99=249, 99.9=365, 99.99=1155] [UPDATE: Count=28296, Max=4603, Min=100, Avg=172.26, 90=206, 99=242, 99.9=326, 99.99=1067] 
2024-06-19 17:26:34:678 50 sec: 281253 operations; 5619.8 current ops/sec; est completion in 21 hours 11 minutes [READ: Count=28185, Max=1606, Min=107, Avg=177.65, 90=212, 99=266, 99.9=415, 99.99=1336] [UPDATE: Count=28013, Max=8527, Min=98, Avg=174.5, 90=208, 99=258, 99.9=340, 99.99=1097] 
2024-06-19 17:26:44:678 60 sec: 337033 operations; 5578 current ops/sec; est completion in 21 hours 13 minutes [READ: Count=27851, Max=4631, Min=103, Avg=178.88, 90=214, 99=264, 99.9=492, 99.99=2617] [UPDATE: Count=27929, Max=2575, Min=103, Avg=175.77, 90=211, 99=263, 99.9=439, 99.99=1937] 
Maximum time elapsed. Requesting stop for the workload.
Stop requested for workload. Now Joining!
2024-06-19 17:26:45:690 61 sec: 342173 operations; 5084.08 current ops/sec; est completion in 21 hours 15 minutes [READ: Count=2501, Max=3581, Min=116, Avg=193.27, 90=233, 99=323, 99.9=429, 99.99=3581] [CLEANUP: Count=1, Max=1156, Min=1156, Avg=1156, 90=1156, 99=1156, 99.9=1156, 99.99=1156] [UPDATE: Count=2639, Max=4691, Min=117, Avg=193.16, 90=234, 99=322, 99.9=406, 99.99=4691] 
[OVERALL], RunTime(ms), 61020
[OVERALL], Throughput(ops/sec), 5607.5549000327765
[TOTAL_GCS_Copy], Count, 31
[TOTAL_GC_TIME_Copy], Time(ms), 35
[TOTAL_GC_TIME_%_Copy], Time(%), 0.057358243198951164
[TOTAL_GCS_MarkSweepCompact], Count, 0
[TOTAL_GC_TIME_MarkSweepCompact], Time(ms), 0
[TOTAL_GC_TIME_%_MarkSweepCompact], Time(%), 0.0
[TOTAL_GCs], Count, 31
[TOTAL_GC_TIME], Time(ms), 35
[TOTAL_GC_TIME_%], Time(%), 0.057358243198951164
[READ], Operations, 171096
[READ], AverageLatency(us), 176.59945878337308
[READ], MinLatency(us), 92
[READ], MaxLatency(us), 23391
[READ], 95thPercentileLatency(us), 223
[READ], 99thPercentileLatency(us), 262
[READ], Return=OK, 171096
[CLEANUP], Operations, 1
[CLEANUP], AverageLatency(us), 1156.0
[CLEANUP], MinLatency(us), 1156
[CLEANUP], MaxLatency(us), 1156
[CLEANUP], 95thPercentileLatency(us), 1156
[CLEANUP], 99thPercentileLatency(us), 1156
[UPDATE], Operations, 171077
[UPDATE], AverageLatency(us), 173.8752374661702
[UPDATE], MinLatency(us), 93
[UPDATE], MaxLatency(us), 41727
[UPDATE], 95thPercentileLatency(us), 220
[UPDATE], 99thPercentileLatency(us), 258
[UPDATE], Return=OK, 171077
AUTOTEST_DONE
