EAL: Detected CPU lcores: 24
EAL: Detected NUMA nodes: 1
EAL: Static memory layout is selected, amount of reserved memory can be adjusted with -m or --socket-mem
EAL: Detected shared linkage of DPDK
EAL: Multi-process socket /var/run/dpdk/rte/mp_socket
EAL: Selected IOVA mode 'VA'
EAL: 512 hugepages of size 2097152 reserved, but no mounted hugetlbfs found for that size
EAL: VFIO support initialized
EAL: Using IOMMU type 1 (Type 1)
EAL: Ignore mapping IO port bar(1)
EAL: Ignore mapping IO port bar(4)
EAL: Probe PCI driver: net_ice (8086:1592) device: 0000:51:00.0 (socket 0)
ice_load_pkg_type(): Active package is: 1.3.26.0, ICE OS Default Package (single VLAN mode)
TELEMETRY: No legacy callbacks, legacy socket not created
[1;33m[WARN]  malloc() allocates objects >= 1 MiB from LuaJIT memory space.[0m
[1;33m[WARN]  Install libjemalloc if you encounter out of memory errors.[0m
[1;37m[INFO]  Initializing DPDK. This will take a few seconds...[0m
[1;37m[INFO]  Found 1 usable devices:[0m
   Device 0: B4:96:91:B3:8B:04 ([0;32mIntel Corporation Ethernet Controller E810-C for QSFP[0m)
[1;37m[INFO]  Waiting for devices to come up...[0m
[1;37m[INFO]  Device 0 (B4:96:91:B3:8B:04) is up: full-duplex 100000 MBit/s[0m
[1;37m[INFO]  [0;32m1 device is up.[0m[0m
[1;36m[Device: id=0] RX[0m: 3.15 Mpps, 6445 Mbit/s (6949 Mbit/s with framing)
[0;34m[Device: id=0] TX[0m: 3.15 Mpps, 6445 Mbit/s (6949 Mbit/s with framing)
[1;36m[Device: id=0] RX[0m: 3.15 Mpps, 6446 Mbit/s (6950 Mbit/s with framing)
[0;34m[Device: id=0] TX[0m: 3.15 Mpps, 6446 Mbit/s (6950 Mbit/s with framing)
[1;36m[Device: id=0] RX[0m: 3.15 Mpps, 6446 Mbit/s (6950 Mbit/s with framing)
[0;34m[Device: id=0] TX[0m: 3.15 Mpps, 6447 Mbit/s (6950 Mbit/s with framing)
[1;36m[Device: id=0] RX[0m: 3.15 Mpps, 6446 Mbit/s (6950 Mbit/s with framing)
[0;34m[Device: id=0] TX[0m: 3.15 Mpps, 6446 Mbit/s (6950 Mbit/s with framing)
[1;36m[Device: id=0] RX[0m: 3.15 Mpps, 6447 Mbit/s (6950 Mbit/s with framing)
[0;34m[Device: id=0] TX[0m: 3.15 Mpps, 6447 Mbit/s (6950 Mbit/s with framing)
[1;36m[Device: id=0] RX[0m: 3.15 Mpps, 6446 Mbit/s (6950 Mbit/s with framing)
[0;34m[Device: id=0] TX[0m: 3.15 Mpps, 6446 Mbit/s (6950 Mbit/s with framing)
[1;36m[Device: id=0] RX[0m: 3.15 Mpps, 6446 Mbit/s (6950 Mbit/s with framing)
[0;34m[Device: id=0] TX[0m: 3.15 Mpps, 6446 Mbit/s (6950 Mbit/s with framing)
[1;36m[Device: id=0] RX[0m: 3.15 Mpps, 6446 Mbit/s (6950 Mbit/s with framing)
[0;34m[Device: id=0] TX[0m: 3.15 Mpps, 6446 Mbit/s (6950 Mbit/s with framing)
[1;36m[Device: id=0] RX[0m: 3.15 Mpps, 6447 Mbit/s (6950 Mbit/s with framing)
[0;34m[Device: id=0] TX[0m: 3.15 Mpps, 6447 Mbit/s (6950 Mbit/s with framing)
[1;36m[Device: id=0] RX[0m: 3.15 Mpps, 6446 Mbit/s (6950 Mbit/s with framing)
[0;34m[Device: id=0] TX[0m: 3.15 Mpps, 6446 Mbit/s (6950 Mbit/s with framing)
[1;36m[Device: id=0] RX[0m: 3.15 Mpps, 6447 Mbit/s (6950 Mbit/s with framing)
[0;34m[Device: id=0] TX[0m: 3.15 Mpps, 6447 Mbit/s (6950 Mbit/s with framing)
[1;36m[Device: id=0] RX[0m: 3.15 Mpps, 6446 Mbit/s (6950 Mbit/s with framing)
[0;34m[Device: id=0] TX[0m: 3.15 Mpps, 6446 Mbit/s (6950 Mbit/s with framing)
[1;36m[Device: id=0] RX[0m: 3.15 Mpps, 6446 Mbit/s (6950 Mbit/s with framing)
[0;34m[Device: id=0] TX[0m: 3.15 Mpps, 6446 Mbit/s (6950 Mbit/s with framing)
[1;36m[Device: id=0] RX[0m: 3.15 Mpps, 6446 Mbit/s (6950 Mbit/s with framing)
[0;34m[Device: id=0] TX[0m: 3.15 Mpps, 6446 Mbit/s (6950 Mbit/s with framing)
[1;36m[Device: id=0] RX[0m: 3.15 Mpps, 6447 Mbit/s (6950 Mbit/s with framing)
[0;34m[Device: id=0] TX[0m: 3.15 Mpps, 6447 Mbit/s (6950 Mbit/s with framing)
[1;36m[Device: id=0] RX[0m: 3.15 Mpps, 6446 Mbit/s (6950 Mbit/s with framing)
[0;34m[Device: id=0] TX[0m: 3.15 Mpps, 6446 Mbit/s (6950 Mbit/s with framing)
[1;36m[Device: id=0] RX[0m: 3.15 Mpps, 6446 Mbit/s (6950 Mbit/s with framing)
[0;34m[Device: id=0] TX[0m: 3.15 Mpps, 6446 Mbit/s (6950 Mbit/s with framing)
[1;36m[Device: id=0] RX[0m: 3.15 Mpps, 6446 Mbit/s (6950 Mbit/s with framing)
[0;34m[Device: id=0] TX[0m: 3.15 Mpps, 6446 Mbit/s (6950 Mbit/s with framing)
[1;36m[Device: id=0] RX[0m: 3.15 Mpps, 6446 Mbit/s (6950 Mbit/s with framing)
[0;34m[Device: id=0] TX[0m: 3.15 Mpps, 6447 Mbit/s (6950 Mbit/s with framing)
[1;36m[Device: id=0] RX[0m: 3.15 Mpps, 6446 Mbit/s (6950 Mbit/s with framing)
[0;34m[Device: id=0] TX[0m: 3.15 Mpps, 6446 Mbit/s (6950 Mbit/s with framing)
[1;36m[Device: id=0] RX[0m: 3.15 Mpps, 6447 Mbit/s (6950 Mbit/s with framing)
[0;34m[Device: id=0] TX[0m: 3.15 Mpps, 6447 Mbit/s (6950 Mbit/s with framing)
[1;36m[Device: id=0] RX[0m: 3.15 Mpps, 6446 Mbit/s (6950 Mbit/s with framing)
[0;34m[Device: id=0] TX[0m: 3.15 Mpps, 6446 Mbit/s (6950 Mbit/s with framing)
[1;36m[Device: id=0] RX[0m: 3.15 Mpps, 6446 Mbit/s (6950 Mbit/s with framing)
[0;34m[Device: id=0] TX[0m: 3.15 Mpps, 6447 Mbit/s (6950 Mbit/s with framing)
[1;36m[Device: id=0] RX[0m: 3.15 Mpps, 6446 Mbit/s (6950 Mbit/s with framing)
[0;34m[Device: id=0] TX[0m: 3.15 Mpps, 6446 Mbit/s (6950 Mbit/s with framing)
[1;36m[Device: id=0] RX[0m: 3.15 Mpps, 6447 Mbit/s (6950 Mbit/s with framing)
[0;34m[Device: id=0] TX[0m: 3.15 Mpps, 6447 Mbit/s (6950 Mbit/s with framing)
[1;36m[Device: id=0] RX[0m: 3.15 Mpps, 6446 Mbit/s (6950 Mbit/s with framing)
[0;34m[Device: id=0] TX[0m: 3.15 Mpps, 6446 Mbit/s (6950 Mbit/s with framing)
[1;36m[Device: id=0] RX[0m: 3.15 Mpps, 6446 Mbit/s (6950 Mbit/s with framing)
[0;34m[Device: id=0] TX[0m: 3.15 Mpps, 6446 Mbit/s (6950 Mbit/s with framing)
[1;36m[Device: id=0] RX[0m: 3.15 Mpps, 6446 Mbit/s (6950 Mbit/s with framing)
[0;34m[Device: id=0] TX[0m: 3.15 Mpps, 6446 Mbit/s (6950 Mbit/s with framing)
[1;36m[Device: id=0] RX[0m: 3.15 Mpps, 6446 Mbit/s (6950 Mbit/s with framing)
[0;34m[Device: id=0] TX[0m: 3.15 Mpps, 6446 Mbit/s (6950 Mbit/s with framing)
Samples: 63965, Average: 9896.1 ns, StdDev: 982.3 ns, Quartiles: 9247.0/9816.0/10454.0 ns
[1;37m[INFO]  Saving histogram to '/tmp/histogram.csv'[0m
[1;36m[Device: id=0] RX[0m: 2.61 Mpps, 5340 Mbit/s (5758 Mbit/s with framing)
[1;36m[Device: id=0] RX[0m: 3.13 (StdDev 0.10) Mpps, 6408 (StdDev 205) Mbit/s (6909 Mbit/s with framing), total 94411123 packets with 24156966100 bytes (incl. CRC)
[0;34m[Device: id=0] TX[0m: 3.15 (StdDev 0.00) Mpps, 6446 (StdDev 0) Mbit/s (6950 Mbit/s with framing), total 94411162 packets with 24156976960 bytes (incl. CRC)
