EAL: Detected CPU lcores: 24
EAL: Detected NUMA nodes: 1
EAL: Static memory layout is selected, amount of reserved memory can be adjusted with -m or --socket-mem
EAL: Detected shared linkage of DPDK
EAL: Multi-process socket /var/run/dpdk/rte/mp_socket
EAL: Selected IOVA mode 'VA'
EAL: 512 hugepages of size 2097152 reserved, but no mounted hugetlbfs found for that size
EAL: VFIO support initialized
EAL: Using IOMMU type 1 (Type 1)
EAL: Ignore mapping IO port bar(1)
EAL: Ignore mapping IO port bar(4)
EAL: Probe PCI driver: net_ice (8086:1592) device: 0000:51:00.0 (socket 0)
ice_load_pkg_type(): Active package is: 1.3.26.0, ICE OS Default Package (single VLAN mode)
TELEMETRY: No legacy callbacks, legacy socket not created
[1;33m[WARN]  malloc() allocates objects >= 1 MiB from LuaJIT memory space.[0m
[1;33m[WARN]  Install libjemalloc if you encounter out of memory errors.[0m
[1;37m[INFO]  Initializing DPDK. This will take a few seconds...[0m
[1;37m[INFO]  Found 1 usable devices:[0m
   Device 0: B4:96:91:B3:8B:04 ([0;32mIntel Corporation Ethernet Controller E810-C for QSFP[0m)
[1;37m[INFO]  Waiting for devices to come up...[0m
[1;37m[INFO]  Device 0 (B4:96:91:B3:8B:04) is up: full-duplex 100000 MBit/s[0m
[1;37m[INFO]  [0;32m1 device is up.[0m[0m
[1;36m[Device: id=0] RX[0m: 11.56 Mpps, 47344 Mbit/s (49193 Mbit/s with framing)
[0;34m[Device: id=0] TX[0m: 11.56 Mpps, 47344 Mbit/s (49193 Mbit/s with framing)
[1;36m[Device: id=0] RX[0m: 11.56 Mpps, 47345 Mbit/s (49195 Mbit/s with framing)
[0;34m[Device: id=0] TX[0m: 11.56 Mpps, 47345 Mbit/s (49195 Mbit/s with framing)
[1;36m[Device: id=0] RX[0m: 11.56 Mpps, 47345 Mbit/s (49195 Mbit/s with framing)
[0;34m[Device: id=0] TX[0m: 11.56 Mpps, 47345 Mbit/s (49195 Mbit/s with framing)
[1;36m[Device: id=0] RX[0m: 11.56 Mpps, 47345 Mbit/s (49195 Mbit/s with framing)
[0;34m[Device: id=0] TX[0m: 11.56 Mpps, 47345 Mbit/s (49195 Mbit/s with framing)
[1;36m[Device: id=0] RX[0m: 11.56 Mpps, 47345 Mbit/s (49195 Mbit/s with framing)
[0;34m[Device: id=0] TX[0m: 11.56 Mpps, 47345 Mbit/s (49195 Mbit/s with framing)
[1;36m[Device: id=0] RX[0m: 11.56 Mpps, 47345 Mbit/s (49195 Mbit/s with framing)
[0;34m[Device: id=0] TX[0m: 11.56 Mpps, 47345 Mbit/s (49195 Mbit/s with framing)
[1;36m[Device: id=0] RX[0m: 11.56 Mpps, 47345 Mbit/s (49195 Mbit/s with framing)
[0;34m[Device: id=0] TX[0m: 11.56 Mpps, 47345 Mbit/s (49195 Mbit/s with framing)
[1;36m[Device: id=0] RX[0m: 11.56 Mpps, 47345 Mbit/s (49195 Mbit/s with framing)
[0;34m[Device: id=0] TX[0m: 11.56 Mpps, 47345 Mbit/s (49195 Mbit/s with framing)
[1;36m[Device: id=0] RX[0m: 11.56 Mpps, 47345 Mbit/s (49195 Mbit/s with framing)
[0;34m[Device: id=0] TX[0m: 11.56 Mpps, 47345 Mbit/s (49195 Mbit/s with framing)
[1;36m[Device: id=0] RX[0m: 11.56 Mpps, 47345 Mbit/s (49195 Mbit/s with framing)
[0;34m[Device: id=0] TX[0m: 11.56 Mpps, 47345 Mbit/s (49195 Mbit/s with framing)
[1;36m[Device: id=0] RX[0m: 11.56 Mpps, 47345 Mbit/s (49195 Mbit/s with framing)
[0;34m[Device: id=0] TX[0m: 11.56 Mpps, 47345 Mbit/s (49195 Mbit/s with framing)
[1;36m[Device: id=0] RX[0m: 11.56 Mpps, 47345 Mbit/s (49195 Mbit/s with framing)
[0;34m[Device: id=0] TX[0m: 11.56 Mpps, 47345 Mbit/s (49195 Mbit/s with framing)
[1;36m[Device: id=0] RX[0m: 11.56 Mpps, 47345 Mbit/s (49195 Mbit/s with framing)
[0;34m[Device: id=0] TX[0m: 11.56 Mpps, 47345 Mbit/s (49195 Mbit/s with framing)
[1;36m[Device: id=0] RX[0m: 11.56 Mpps, 47345 Mbit/s (49195 Mbit/s with framing)
[0;34m[Device: id=0] TX[0m: 11.56 Mpps, 47345 Mbit/s (49195 Mbit/s with framing)
[1;36m[Device: id=0] RX[0m: 11.56 Mpps, 47345 Mbit/s (49195 Mbit/s with framing)
[0;34m[Device: id=0] TX[0m: 11.56 Mpps, 47345 Mbit/s (49195 Mbit/s with framing)
[1;36m[Device: id=0] RX[0m: 11.56 Mpps, 47345 Mbit/s (49195 Mbit/s with framing)
[0;34m[Device: id=0] TX[0m: 11.56 Mpps, 47345 Mbit/s (49195 Mbit/s with framing)
[1;36m[Device: id=0] RX[0m: 11.56 Mpps, 47345 Mbit/s (49195 Mbit/s with framing)
[0;34m[Device: id=0] TX[0m: 11.56 Mpps, 47345 Mbit/s (49195 Mbit/s with framing)
[1;36m[Device: id=0] RX[0m: 11.56 Mpps, 47346 Mbit/s (49195 Mbit/s with framing)
[0;34m[Device: id=0] TX[0m: 11.56 Mpps, 47345 Mbit/s (49195 Mbit/s with framing)
[1;36m[Device: id=0] RX[0m: 11.56 Mpps, 47345 Mbit/s (49194 Mbit/s with framing)
[0;34m[Device: id=0] TX[0m: 11.56 Mpps, 47345 Mbit/s (49195 Mbit/s with framing)
[1;36m[Device: id=0] RX[0m: 11.56 Mpps, 47345 Mbit/s (49195 Mbit/s with framing)
[0;34m[Device: id=0] TX[0m: 11.56 Mpps, 47345 Mbit/s (49195 Mbit/s with framing)
[1;36m[Device: id=0] RX[0m: 11.56 Mpps, 47345 Mbit/s (49195 Mbit/s with framing)
[0;34m[Device: id=0] TX[0m: 11.56 Mpps, 47345 Mbit/s (49195 Mbit/s with framing)
[1;36m[Device: id=0] RX[0m: 11.56 Mpps, 47345 Mbit/s (49195 Mbit/s with framing)
[0;34m[Device: id=0] TX[0m: 11.56 Mpps, 47345 Mbit/s (49195 Mbit/s with framing)
[1;36m[Device: id=0] RX[0m: 11.56 Mpps, 47345 Mbit/s (49195 Mbit/s with framing)
[0;34m[Device: id=0] TX[0m: 11.56 Mpps, 47345 Mbit/s (49195 Mbit/s with framing)
[1;36m[Device: id=0] RX[0m: 11.56 Mpps, 47345 Mbit/s (49195 Mbit/s with framing)
[0;34m[Device: id=0] TX[0m: 11.56 Mpps, 47345 Mbit/s (49195 Mbit/s with framing)
[1;36m[Device: id=0] RX[0m: 11.56 Mpps, 47345 Mbit/s (49195 Mbit/s with framing)
[0;34m[Device: id=0] TX[0m: 11.56 Mpps, 47345 Mbit/s (49195 Mbit/s with framing)
[1;36m[Device: id=0] RX[0m: 11.56 Mpps, 47345 Mbit/s (49195 Mbit/s with framing)
[0;34m[Device: id=0] TX[0m: 11.56 Mpps, 47345 Mbit/s (49195 Mbit/s with framing)
[1;36m[Device: id=0] RX[0m: 11.56 Mpps, 47345 Mbit/s (49195 Mbit/s with framing)
[0;34m[Device: id=0] TX[0m: 11.56 Mpps, 47346 Mbit/s (49195 Mbit/s with framing)
[1;36m[Device: id=0] RX[0m: 11.56 Mpps, 47345 Mbit/s (49195 Mbit/s with framing)
[0;34m[Device: id=0] TX[0m: 11.56 Mpps, 47345 Mbit/s (49195 Mbit/s with framing)
[1;36m[Device: id=0] RX[0m: 11.56 Mpps, 47345 Mbit/s (49195 Mbit/s with framing)
[0;34m[Device: id=0] TX[0m: 11.56 Mpps, 47345 Mbit/s (49195 Mbit/s with framing)
Samples: 64488, Average: 11830.5 ns, StdDev: 799.4 ns, Quartiles: 11384.0/11747.0/12130.0 ns
[1;37m[INFO]  Saving histogram to '/tmp/histogram.csv'[0m
[1;36m[Device: id=0] RX[0m: 9.35 Mpps, 38300 Mbit/s (39797 Mbit/s with framing)
[1;36m[Device: id=0] RX[0m: 11.48 (StdDev 0.41) Mpps, 47033 (StdDev 1680) Mbit/s (48871 Mbit/s with framing), total 346359670 packets with 177307260564 bytes (incl. CRC)
[0;34m[Device: id=0] TX[0m: 11.56 (StdDev 0.00) Mpps, 47345 (StdDev 0) Mbit/s (49195 Mbit/s with framing), total 346359765 packets with 177307313664 bytes (incl. CRC)
