EAL: Detected CPU lcores: 24
EAL: Detected NUMA nodes: 1
EAL: Static memory layout is selected, amount of reserved memory can be adjusted with -m or --socket-mem
EAL: Detected shared linkage of DPDK
EAL: Multi-process socket /var/run/dpdk/rte/mp_socket
EAL: Selected IOVA mode 'VA'
EAL: 512 hugepages of size 2097152 reserved, but no mounted hugetlbfs found for that size
EAL: VFIO support initialized
EAL: Using IOMMU type 1 (Type 1)
EAL: Ignore mapping IO port bar(1)
EAL: Ignore mapping IO port bar(4)
EAL: Probe PCI driver: net_ice (8086:1592) device: 0000:51:00.0 (socket 0)
ice_load_pkg_type(): Active package is: 1.3.26.0, ICE OS Default Package (single VLAN mode)
TELEMETRY: No legacy callbacks, legacy socket not created
[1;33m[WARN]  malloc() allocates objects >= 1 MiB from LuaJIT memory space.[0m
[1;33m[WARN]  Install libjemalloc if you encounter out of memory errors.[0m
[1;37m[INFO]  Initializing DPDK. This will take a few seconds...[0m
[1;37m[INFO]  Found 1 usable devices:[0m
   Device 0: B4:96:91:B3:8B:04 ([0;32mIntel Corporation Ethernet Controller E810-C for QSFP[0m)
[1;37m[INFO]  Waiting for devices to come up...[0m
[1;37m[INFO]  Device 0 (B4:96:91:B3:8B:04) is up: full-duplex 100000 MBit/s[0m
[1;37m[INFO]  [0;32m1 device is up.[0m[0m
[1;36m[Device: id=0] RX[0m: 16.28 Mpps, 16666 Mbit/s (19270 Mbit/s with framing)
[0;34m[Device: id=0] TX[0m: 19.91 Mpps, 20389 Mbit/s (23575 Mbit/s with framing)
[1;36m[Device: id=0] RX[0m: 16.27 Mpps, 16662 Mbit/s (19265 Mbit/s with framing)
[0;34m[Device: id=0] TX[0m: 19.91 Mpps, 20390 Mbit/s (23576 Mbit/s with framing)
[1;36m[Device: id=0] RX[0m: 16.28 Mpps, 16666 Mbit/s (19270 Mbit/s with framing)
[0;34m[Device: id=0] TX[0m: 19.91 Mpps, 20390 Mbit/s (23576 Mbit/s with framing)
[1;36m[Device: id=0] RX[0m: 16.30 Mpps, 16694 Mbit/s (19303 Mbit/s with framing)
[0;34m[Device: id=0] TX[0m: 19.91 Mpps, 20390 Mbit/s (23576 Mbit/s with framing)
[1;36m[Device: id=0] RX[0m: 16.33 Mpps, 16722 Mbit/s (19334 Mbit/s with framing)
[0;34m[Device: id=0] TX[0m: 19.91 Mpps, 20390 Mbit/s (23576 Mbit/s with framing)
[1;36m[Device: id=0] RX[0m: 16.30 Mpps, 16693 Mbit/s (19301 Mbit/s with framing)
[0;34m[Device: id=0] TX[0m: 19.91 Mpps, 20390 Mbit/s (23576 Mbit/s with framing)
[1;36m[Device: id=0] RX[0m: 16.28 Mpps, 16669 Mbit/s (19274 Mbit/s with framing)
[0;34m[Device: id=0] TX[0m: 19.91 Mpps, 20390 Mbit/s (23576 Mbit/s with framing)
[1;36m[Device: id=0] RX[0m: 16.32 Mpps, 16712 Mbit/s (19323 Mbit/s with framing)
[0;34m[Device: id=0] TX[0m: 19.91 Mpps, 20390 Mbit/s (23576 Mbit/s with framing)
[1;36m[Device: id=0] RX[0m: 16.33 Mpps, 16720 Mbit/s (19333 Mbit/s with framing)
[0;34m[Device: id=0] TX[0m: 19.91 Mpps, 20390 Mbit/s (23576 Mbit/s with framing)
[1;36m[Device: id=0] RX[0m: 16.32 Mpps, 16716 Mbit/s (19328 Mbit/s with framing)
[0;34m[Device: id=0] TX[0m: 19.91 Mpps, 20390 Mbit/s (23576 Mbit/s with framing)
[1;36m[Device: id=0] RX[0m: 16.29 Mpps, 16683 Mbit/s (19290 Mbit/s with framing)
[0;34m[Device: id=0] TX[0m: 19.91 Mpps, 20390 Mbit/s (23576 Mbit/s with framing)
[1;36m[Device: id=0] RX[0m: 16.29 Mpps, 16676 Mbit/s (19282 Mbit/s with framing)
[0;34m[Device: id=0] TX[0m: 19.91 Mpps, 20390 Mbit/s (23576 Mbit/s with framing)
[1;36m[Device: id=0] RX[0m: 16.32 Mpps, 16713 Mbit/s (19325 Mbit/s with framing)
[0;34m[Device: id=0] TX[0m: 19.91 Mpps, 20390 Mbit/s (23576 Mbit/s with framing)
[1;36m[Device: id=0] RX[0m: 16.32 Mpps, 16716 Mbit/s (19328 Mbit/s with framing)
[0;34m[Device: id=0] TX[0m: 19.91 Mpps, 20390 Mbit/s (23576 Mbit/s with framing)
[1;36m[Device: id=0] RX[0m: 16.36 Mpps, 16749 Mbit/s (19366 Mbit/s with framing)
[0;34m[Device: id=0] TX[0m: 19.91 Mpps, 20390 Mbit/s (23576 Mbit/s with framing)
[1;36m[Device: id=0] RX[0m: 16.35 Mpps, 16742 Mbit/s (19358 Mbit/s with framing)
[0;34m[Device: id=0] TX[0m: 19.91 Mpps, 20390 Mbit/s (23576 Mbit/s with framing)
[1;36m[Device: id=0] RX[0m: 16.31 Mpps, 16696 Mbit/s (19305 Mbit/s with framing)
[0;34m[Device: id=0] TX[0m: 19.91 Mpps, 20390 Mbit/s (23576 Mbit/s with framing)
[1;36m[Device: id=0] RX[0m: 16.32 Mpps, 16707 Mbit/s (19317 Mbit/s with framing)
[0;34m[Device: id=0] TX[0m: 19.91 Mpps, 20390 Mbit/s (23576 Mbit/s with framing)
[1;36m[Device: id=0] RX[0m: 16.24 Mpps, 16630 Mbit/s (19228 Mbit/s with framing)
[0;34m[Device: id=0] TX[0m: 19.91 Mpps, 20390 Mbit/s (23576 Mbit/s with framing)
[1;36m[Device: id=0] RX[0m: 16.28 Mpps, 16675 Mbit/s (19281 Mbit/s with framing)
[0;34m[Device: id=0] TX[0m: 19.91 Mpps, 20390 Mbit/s (23576 Mbit/s with framing)
[1;36m[Device: id=0] RX[0m: 16.25 Mpps, 16635 Mbit/s (19234 Mbit/s with framing)
[0;34m[Device: id=0] TX[0m: 19.91 Mpps, 20389 Mbit/s (23575 Mbit/s with framing)
[1;36m[Device: id=0] RX[0m: 16.30 Mpps, 16688 Mbit/s (19295 Mbit/s with framing)
[0;34m[Device: id=0] TX[0m: 19.91 Mpps, 20390 Mbit/s (23576 Mbit/s with framing)
[1;36m[Device: id=0] RX[0m: 16.22 Mpps, 16613 Mbit/s (19208 Mbit/s with framing)
[0;34m[Device: id=0] TX[0m: 19.91 Mpps, 20390 Mbit/s (23576 Mbit/s with framing)
[1;36m[Device: id=0] RX[0m: 16.25 Mpps, 16640 Mbit/s (19240 Mbit/s with framing)
[0;34m[Device: id=0] TX[0m: 19.91 Mpps, 20390 Mbit/s (23576 Mbit/s with framing)
[1;36m[Device: id=0] RX[0m: 16.28 Mpps, 16670 Mbit/s (19275 Mbit/s with framing)
[0;34m[Device: id=0] TX[0m: 19.91 Mpps, 20390 Mbit/s (23576 Mbit/s with framing)
[1;36m[Device: id=0] RX[0m: 16.25 Mpps, 16642 Mbit/s (19242 Mbit/s with framing)
[0;34m[Device: id=0] TX[0m: 19.91 Mpps, 20390 Mbit/s (23576 Mbit/s with framing)
[1;36m[Device: id=0] RX[0m: 16.23 Mpps, 16624 Mbit/s (19221 Mbit/s with framing)
[0;34m[Device: id=0] TX[0m: 19.91 Mpps, 20390 Mbit/s (23576 Mbit/s with framing)
[1;36m[Device: id=0] RX[0m: 16.27 Mpps, 16663 Mbit/s (19267 Mbit/s with framing)
[0;34m[Device: id=0] TX[0m: 19.91 Mpps, 20390 Mbit/s (23576 Mbit/s with framing)
[1;36m[Device: id=0] RX[0m: 16.30 Mpps, 16692 Mbit/s (19300 Mbit/s with framing)
[0;34m[Device: id=0] TX[0m: 19.91 Mpps, 20390 Mbit/s (23576 Mbit/s with framing)
Samples: 9200, Average: 38881.7 ns, StdDev: 1369.8 ns, Quartiles: 38061.0/38709.0/39394.0 ns
[1;37m[INFO]  Saving histogram to '/tmp/histogram.csv'[0m
[1;36m[Device: id=0] RX[0m: 13.26 Mpps, 13581 Mbit/s (15703 Mbit/s with framing)
[1;36m[Device: id=0] RX[0m: 16.19 (StdDev 0.56) Mpps, 16575 (StdDev 577) Mbit/s (19165 Mbit/s with framing), total 488291205 packets with 62500685460 bytes (incl. CRC)
[0;34m[Device: id=0] TX[0m: 19.91 (StdDev 0.00) Mpps, 20390 (StdDev 0) Mbit/s (23576 Mbit/s with framing), total 596837996 packets with 76394589760 bytes (incl. CRC)
