EAL: Detected CPU lcores: 24
EAL: Detected NUMA nodes: 1
EAL: Static memory layout is selected, amount of reserved memory can be adjusted with -m or --socket-mem
EAL: Detected shared linkage of DPDK
EAL: Multi-process socket /var/run/dpdk/rte/mp_socket
EAL: Selected IOVA mode 'VA'
EAL: 512 hugepages of size 2097152 reserved, but no mounted hugetlbfs found for that size
EAL: VFIO support initialized
EAL: Using IOMMU type 1 (Type 1)
EAL: Ignore mapping IO port bar(1)
EAL: Ignore mapping IO port bar(4)
EAL: Probe PCI driver: net_ice (8086:1592) device: 0000:51:00.0 (socket 0)
ice_load_pkg_type(): Active package is: 1.3.26.0, ICE OS Default Package (single VLAN mode)
TELEMETRY: No legacy callbacks, legacy socket not created
[1;33m[WARN]  malloc() allocates objects >= 1 MiB from LuaJIT memory space.[0m
[1;33m[WARN]  Install libjemalloc if you encounter out of memory errors.[0m
[1;37m[INFO]  Initializing DPDK. This will take a few seconds...[0m
[1;37m[INFO]  Found 1 usable devices:[0m
   Device 0: B4:96:91:B3:8B:04 ([0;32mIntel Corporation Ethernet Controller E810-C for QSFP[0m)
[1;37m[INFO]  Waiting for devices to come up...[0m
[1;37m[INFO]  Device 0 (B4:96:91:B3:8B:04) is up: full-duplex 100000 MBit/s[0m
[1;37m[INFO]  [0;32m1 device is up.[0m[0m
[1;36m[Device: id=0] RX[0m: 15.95 Mpps, 65347 Mbit/s (67900 Mbit/s with framing)
[0;34m[Device: id=0] TX[0m: 17.85 Mpps, 73121 Mbit/s (75978 Mbit/s with framing)
[1;36m[Device: id=0] RX[0m: 15.96 Mpps, 65354 Mbit/s (67907 Mbit/s with framing)
[0;34m[Device: id=0] TX[0m: 17.85 Mpps, 73122 Mbit/s (75979 Mbit/s with framing)
[1;36m[Device: id=0] RX[0m: 15.96 Mpps, 65384 Mbit/s (67938 Mbit/s with framing)
[0;34m[Device: id=0] TX[0m: 17.85 Mpps, 73123 Mbit/s (75979 Mbit/s with framing)
[1;36m[Device: id=0] RX[0m: 15.96 Mpps, 65374 Mbit/s (67928 Mbit/s with framing)
[0;34m[Device: id=0] TX[0m: 17.85 Mpps, 73123 Mbit/s (75979 Mbit/s with framing)
[1;36m[Device: id=0] RX[0m: 15.89 Mpps, 65075 Mbit/s (67617 Mbit/s with framing)
[0;34m[Device: id=0] TX[0m: 17.85 Mpps, 73123 Mbit/s (75979 Mbit/s with framing)
[1;36m[Device: id=0] RX[0m: 15.94 Mpps, 65300 Mbit/s (67850 Mbit/s with framing)
[0;34m[Device: id=0] TX[0m: 17.85 Mpps, 73122 Mbit/s (75979 Mbit/s with framing)
[1;36m[Device: id=0] RX[0m: 15.94 Mpps, 65301 Mbit/s (67852 Mbit/s with framing)
[0;34m[Device: id=0] TX[0m: 17.85 Mpps, 73123 Mbit/s (75979 Mbit/s with framing)
[1;36m[Device: id=0] RX[0m: 15.94 Mpps, 65309 Mbit/s (67860 Mbit/s with framing)
[0;34m[Device: id=0] TX[0m: 17.85 Mpps, 73122 Mbit/s (75979 Mbit/s with framing)
[1;36m[Device: id=0] RX[0m: 15.94 Mpps, 65295 Mbit/s (67846 Mbit/s with framing)
[0;34m[Device: id=0] TX[0m: 17.85 Mpps, 73123 Mbit/s (75979 Mbit/s with framing)
[1;36m[Device: id=0] RX[0m: 15.94 Mpps, 65292 Mbit/s (67842 Mbit/s with framing)
[0;34m[Device: id=0] TX[0m: 17.85 Mpps, 73123 Mbit/s (75979 Mbit/s with framing)
[1;36m[Device: id=0] RX[0m: 15.95 Mpps, 65349 Mbit/s (67902 Mbit/s with framing)
[0;34m[Device: id=0] TX[0m: 17.85 Mpps, 73123 Mbit/s (75979 Mbit/s with framing)
[1;36m[Device: id=0] RX[0m: 15.96 Mpps, 65366 Mbit/s (67919 Mbit/s with framing)
[0;34m[Device: id=0] TX[0m: 17.85 Mpps, 73123 Mbit/s (75979 Mbit/s with framing)
[1;36m[Device: id=0] RX[0m: 15.94 Mpps, 65282 Mbit/s (67832 Mbit/s with framing)
[0;34m[Device: id=0] TX[0m: 17.85 Mpps, 73122 Mbit/s (75979 Mbit/s with framing)
[1;36m[Device: id=0] RX[0m: 15.96 Mpps, 65366 Mbit/s (67920 Mbit/s with framing)
[0;34m[Device: id=0] TX[0m: 17.85 Mpps, 73123 Mbit/s (75979 Mbit/s with framing)
[1;36m[Device: id=0] RX[0m: 15.97 Mpps, 65413 Mbit/s (67968 Mbit/s with framing)
[0;34m[Device: id=0] TX[0m: 17.85 Mpps, 73123 Mbit/s (75979 Mbit/s with framing)
[1;36m[Device: id=0] RX[0m: 15.95 Mpps, 65338 Mbit/s (67891 Mbit/s with framing)
[0;34m[Device: id=0] TX[0m: 17.85 Mpps, 73123 Mbit/s (75979 Mbit/s with framing)
[1;36m[Device: id=0] RX[0m: 15.96 Mpps, 65381 Mbit/s (67935 Mbit/s with framing)
[0;34m[Device: id=0] TX[0m: 17.85 Mpps, 73123 Mbit/s (75979 Mbit/s with framing)
[1;36m[Device: id=0] RX[0m: 15.94 Mpps, 65288 Mbit/s (67838 Mbit/s with framing)
[0;34m[Device: id=0] TX[0m: 17.85 Mpps, 73123 Mbit/s (75979 Mbit/s with framing)
[1;36m[Device: id=0] RX[0m: 15.97 Mpps, 65420 Mbit/s (67976 Mbit/s with framing)
[0;34m[Device: id=0] TX[0m: 17.85 Mpps, 73123 Mbit/s (75979 Mbit/s with framing)
[1;36m[Device: id=0] RX[0m: 15.97 Mpps, 65395 Mbit/s (67949 Mbit/s with framing)
[0;34m[Device: id=0] TX[0m: 17.85 Mpps, 73123 Mbit/s (75980 Mbit/s with framing)
[1;36m[Device: id=0] RX[0m: 15.97 Mpps, 65392 Mbit/s (67946 Mbit/s with framing)
[0;34m[Device: id=0] TX[0m: 17.85 Mpps, 73122 Mbit/s (75979 Mbit/s with framing)
[1;36m[Device: id=0] RX[0m: 15.96 Mpps, 65379 Mbit/s (67933 Mbit/s with framing)
[0;34m[Device: id=0] TX[0m: 17.85 Mpps, 73122 Mbit/s (75979 Mbit/s with framing)
[1;36m[Device: id=0] RX[0m: 15.95 Mpps, 65313 Mbit/s (67864 Mbit/s with framing)
[0;34m[Device: id=0] TX[0m: 17.85 Mpps, 73122 Mbit/s (75979 Mbit/s with framing)
[1;36m[Device: id=0] RX[0m: 15.96 Mpps, 65385 Mbit/s (67939 Mbit/s with framing)
[0;34m[Device: id=0] TX[0m: 17.85 Mpps, 73123 Mbit/s (75979 Mbit/s with framing)
[1;36m[Device: id=0] RX[0m: 15.97 Mpps, 65397 Mbit/s (67952 Mbit/s with framing)
[0;34m[Device: id=0] TX[0m: 17.85 Mpps, 73123 Mbit/s (75979 Mbit/s with framing)
[1;36m[Device: id=0] RX[0m: 15.96 Mpps, 65354 Mbit/s (67907 Mbit/s with framing)
[0;34m[Device: id=0] TX[0m: 17.85 Mpps, 73123 Mbit/s (75979 Mbit/s with framing)
[1;36m[Device: id=0] RX[0m: 15.97 Mpps, 65396 Mbit/s (67951 Mbit/s with framing)
[0;34m[Device: id=0] TX[0m: 17.85 Mpps, 73123 Mbit/s (75979 Mbit/s with framing)
[1;36m[Device: id=0] RX[0m: 15.94 Mpps, 65308 Mbit/s (67859 Mbit/s with framing)
[0;34m[Device: id=0] TX[0m: 17.85 Mpps, 73123 Mbit/s (75979 Mbit/s with framing)
[1;36m[Device: id=0] RX[0m: 15.96 Mpps, 65359 Mbit/s (67912 Mbit/s with framing)
[0;34m[Device: id=0] TX[0m: 17.85 Mpps, 73123 Mbit/s (75979 Mbit/s with framing)
Samples: 10704, Average: 40306.2 ns, StdDev: 1306.5 ns, Quartiles: 39670.0/40042.0/40503.0 ns
[1;37m[INFO]  Saving histogram to '/tmp/histogram.csv'[0m
[1;36m[Device: id=0] RX[0m: 13.06 Mpps, 53480 Mbit/s (55569 Mbit/s with framing)
[1;36m[Device: id=0] RX[0m: 15.85 (StdDev 0.54) Mpps, 64933 (StdDev 2204) Mbit/s (67469 Mbit/s with framing), total 478063977 packets with 244763961492 bytes (incl. CRC)
[0;34m[Device: id=0] TX[0m: 17.85 (StdDev 0.00) Mpps, 73123 (StdDev 0) Mbit/s (75979 Mbit/s with framing), total 535004096 packets with 273916701184 bytes (incl. CRC)
