EAL: Detected CPU lcores: 24
EAL: Detected NUMA nodes: 1
EAL: Static memory layout is selected, amount of reserved memory can be adjusted with -m or --socket-mem
EAL: Detected shared linkage of DPDK
EAL: Multi-process socket /var/run/dpdk/rte/mp_socket
EAL: Selected IOVA mode 'VA'
EAL: 512 hugepages of size 2097152 reserved, but no mounted hugetlbfs found for that size
EAL: VFIO support initialized
EAL: Using IOMMU type 1 (Type 1)
EAL: Ignore mapping IO port bar(1)
EAL: Ignore mapping IO port bar(4)
EAL: Probe PCI driver: net_ice (8086:1592) device: 0000:51:00.0 (socket 0)
ice_load_pkg_type(): Active package is: 1.3.26.0, ICE OS Default Package (single VLAN mode)
TELEMETRY: No legacy callbacks, legacy socket not created
[1;33m[WARN]  malloc() allocates objects >= 1 MiB from LuaJIT memory space.[0m
[1;33m[WARN]  Install libjemalloc if you encounter out of memory errors.[0m
[1;37m[INFO]  Initializing DPDK. This will take a few seconds...[0m
[1;37m[INFO]  Found 1 usable devices:[0m
   Device 0: B4:96:91:B3:8B:04 ([0;32mIntel Corporation Ethernet Controller E810-C for QSFP[0m)
[1;37m[INFO]  Waiting for devices to come up...[0m
[1;37m[INFO]  Device 0 (B4:96:91:B3:8B:04) is up: full-duplex 100000 MBit/s[0m
[1;37m[INFO]  [0;32m1 device is up.[0m[0m
Could not set max bandwidth limit for queue 0!
[1;36m[Device: id=0] RX[0m: 15.66 Mpps, 96192 Mbit/s (98697 Mbit/s with framing)
[0;34m[Device: id=0] TX[0m: 15.86 Mpps, 97458 Mbit/s (99996 Mbit/s with framing)
[1;36m[Device: id=0] RX[0m: 15.64 Mpps, 96109 Mbit/s (98612 Mbit/s with framing)
[0;34m[Device: id=0] TX[0m: 15.86 Mpps, 97460 Mbit/s (99998 Mbit/s with framing)
[1;36m[Device: id=0] RX[0m: 15.64 Mpps, 96066 Mbit/s (98568 Mbit/s with framing)
[0;34m[Device: id=0] TX[0m: 15.86 Mpps, 97460 Mbit/s (99998 Mbit/s with framing)
[1;36m[Device: id=0] RX[0m: 15.61 Mpps, 95909 Mbit/s (98407 Mbit/s with framing)
[0;34m[Device: id=0] TX[0m: 15.86 Mpps, 97460 Mbit/s (99998 Mbit/s with framing)
[1;36m[Device: id=0] RX[0m: 15.61 Mpps, 95893 Mbit/s (98391 Mbit/s with framing)
[0;34m[Device: id=0] TX[0m: 15.86 Mpps, 97460 Mbit/s (99998 Mbit/s with framing)
[1;36m[Device: id=0] RX[0m: 15.65 Mpps, 96148 Mbit/s (98652 Mbit/s with framing)
[0;34m[Device: id=0] TX[0m: 15.86 Mpps, 97460 Mbit/s (99998 Mbit/s with framing)
[1;36m[Device: id=0] RX[0m: 15.65 Mpps, 96169 Mbit/s (98674 Mbit/s with framing)
[0;34m[Device: id=0] TX[0m: 15.86 Mpps, 97460 Mbit/s (99998 Mbit/s with framing)
[1;36m[Device: id=0] RX[0m: 15.62 Mpps, 95947 Mbit/s (98446 Mbit/s with framing)
[0;34m[Device: id=0] TX[0m: 15.86 Mpps, 97460 Mbit/s (99998 Mbit/s with framing)
[1;36m[Device: id=0] RX[0m: 15.61 Mpps, 95909 Mbit/s (98407 Mbit/s with framing)
[0;34m[Device: id=0] TX[0m: 15.86 Mpps, 97460 Mbit/s (99998 Mbit/s with framing)
[1;36m[Device: id=0] RX[0m: 15.62 Mpps, 95967 Mbit/s (98466 Mbit/s with framing)
[0;34m[Device: id=0] TX[0m: 15.86 Mpps, 97460 Mbit/s (99998 Mbit/s with framing)
[1;36m[Device: id=0] RX[0m: 15.66 Mpps, 96196 Mbit/s (98701 Mbit/s with framing)
[0;34m[Device: id=0] TX[0m: 15.86 Mpps, 97460 Mbit/s (99998 Mbit/s with framing)
[1;36m[Device: id=0] RX[0m: 15.63 Mpps, 96027 Mbit/s (98528 Mbit/s with framing)
[0;34m[Device: id=0] TX[0m: 15.86 Mpps, 97460 Mbit/s (99998 Mbit/s with framing)
[1;36m[Device: id=0] RX[0m: 15.62 Mpps, 95964 Mbit/s (98463 Mbit/s with framing)
[0;34m[Device: id=0] TX[0m: 15.86 Mpps, 97460 Mbit/s (99998 Mbit/s with framing)
[1;36m[Device: id=0] RX[0m: 15.61 Mpps, 95877 Mbit/s (98374 Mbit/s with framing)
[0;34m[Device: id=0] TX[0m: 15.86 Mpps, 97460 Mbit/s (99998 Mbit/s with framing)
[1;36m[Device: id=0] RX[0m: 15.59 Mpps, 95762 Mbit/s (98256 Mbit/s with framing)
[0;34m[Device: id=0] TX[0m: 15.86 Mpps, 97460 Mbit/s (99998 Mbit/s with framing)
[1;36m[Device: id=0] RX[0m: 15.61 Mpps, 95903 Mbit/s (98400 Mbit/s with framing)
[0;34m[Device: id=0] TX[0m: 15.86 Mpps, 97460 Mbit/s (99998 Mbit/s with framing)
[1;36m[Device: id=0] RX[0m: 15.65 Mpps, 96164 Mbit/s (98668 Mbit/s with framing)
[0;34m[Device: id=0] TX[0m: 15.86 Mpps, 97460 Mbit/s (99998 Mbit/s with framing)
[1;36m[Device: id=0] RX[0m: 15.64 Mpps, 96103 Mbit/s (98606 Mbit/s with framing)
[0;34m[Device: id=0] TX[0m: 15.86 Mpps, 97460 Mbit/s (99998 Mbit/s with framing)
[1;36m[Device: id=0] RX[0m: 15.67 Mpps, 96261 Mbit/s (98768 Mbit/s with framing)
[0;34m[Device: id=0] TX[0m: 15.86 Mpps, 97460 Mbit/s (99998 Mbit/s with framing)
[1;36m[Device: id=0] RX[0m: 15.18 Mpps, 93264 Mbit/s (95693 Mbit/s with framing)
[0;34m[Device: id=0] TX[0m: 15.86 Mpps, 97460 Mbit/s (99998 Mbit/s with framing)
[1;36m[Device: id=0] RX[0m: 15.72 Mpps, 96602 Mbit/s (99118 Mbit/s with framing)
[0;34m[Device: id=0] TX[0m: 15.86 Mpps, 97460 Mbit/s (99998 Mbit/s with framing)
[1;36m[Device: id=0] RX[0m: 15.70 Mpps, 96457 Mbit/s (98970 Mbit/s with framing)
[0;34m[Device: id=0] TX[0m: 15.86 Mpps, 97460 Mbit/s (99998 Mbit/s with framing)
[1;36m[Device: id=0] RX[0m: 15.74 Mpps, 96692 Mbit/s (99210 Mbit/s with framing)
[0;34m[Device: id=0] TX[0m: 15.86 Mpps, 97461 Mbit/s (100000 Mbit/s with framing)
[1;36m[Device: id=0] RX[0m: 15.72 Mpps, 96549 Mbit/s (99064 Mbit/s with framing)
[0;34m[Device: id=0] TX[0m: 15.86 Mpps, 97459 Mbit/s (99997 Mbit/s with framing)
[1;36m[Device: id=0] RX[0m: 15.70 Mpps, 96476 Mbit/s (98989 Mbit/s with framing)
[0;34m[Device: id=0] TX[0m: 15.86 Mpps, 97460 Mbit/s (99998 Mbit/s with framing)
[1;36m[Device: id=0] RX[0m: 15.73 Mpps, 96620 Mbit/s (99136 Mbit/s with framing)
[0;34m[Device: id=0] TX[0m: 15.86 Mpps, 97459 Mbit/s (99998 Mbit/s with framing)
[1;36m[Device: id=0] RX[0m: 15.75 Mpps, 96743 Mbit/s (99263 Mbit/s with framing)
[0;34m[Device: id=0] TX[0m: 15.86 Mpps, 97460 Mbit/s (99998 Mbit/s with framing)
[1;36m[Device: id=0] RX[0m: 15.73 Mpps, 96643 Mbit/s (99160 Mbit/s with framing)
[0;34m[Device: id=0] TX[0m: 15.86 Mpps, 97460 Mbit/s (99998 Mbit/s with framing)
[1;36m[Device: id=0] RX[0m: 15.73 Mpps, 96631 Mbit/s (99147 Mbit/s with framing)
[0;34m[Device: id=0] TX[0m: 15.86 Mpps, 97460 Mbit/s (99998 Mbit/s with framing)
Samples: 43111, Average: 42772.7 ns, StdDev: 1626.2 ns, Quartiles: 41592.0/42426.0/43889.0 ns
[1;37m[INFO]  Saving histogram to '/tmp/histogram.csv'[0m
[1;36m[Device: id=0] RX[0m: 12.85 Mpps, 78941 Mbit/s (80997 Mbit/s with framing)
[1;36m[Device: id=0] RX[0m: 15.55 (StdDev 0.53) Mpps, 95517 (StdDev 3248) Mbit/s (98005 Mbit/s with framing), total 468882271 packets with 360071244116 bytes (incl. CRC)
[0;34m[Device: id=0] TX[0m: 15.86 (StdDev 0.00) Mpps, 97460 (StdDev 0) Mbit/s (99998 Mbit/s with framing), total 475399662 packets with 365076191936 bytes (incl. CRC)
