EAL: Detected CPU lcores: 24
EAL: Detected NUMA nodes: 1
EAL: Static memory layout is selected, amount of reserved memory can be adjusted with -m or --socket-mem
EAL: Detected shared linkage of DPDK
EAL: Multi-process socket /var/run/dpdk/rte/mp_socket
EAL: Selected IOVA mode 'VA'
EAL: 512 hugepages of size 2097152 reserved, but no mounted hugetlbfs found for that size
EAL: VFIO support initialized
EAL: Using IOMMU type 1 (Type 1)
EAL: Ignore mapping IO port bar(1)
EAL: Ignore mapping IO port bar(4)
EAL: Probe PCI driver: net_ice (8086:1592) device: 0000:51:00.0 (socket 0)
ice_load_pkg_type(): Active package is: 1.3.26.0, ICE OS Default Package (single VLAN mode)
TELEMETRY: No legacy callbacks, legacy socket not created
[1;33m[WARN]  malloc() allocates objects >= 1 MiB from LuaJIT memory space.[0m
[1;33m[WARN]  Install libjemalloc if you encounter out of memory errors.[0m
[1;37m[INFO]  Initializing DPDK. This will take a few seconds...[0m
[1;37m[INFO]  Found 1 usable devices:[0m
   Device 0: B4:96:91:B3:8B:04 ([0;32mIntel Corporation Ethernet Controller E810-C for QSFP[0m)
[1;37m[INFO]  Waiting for devices to come up...[0m
[1;37m[INFO]  Device 0 (B4:96:91:B3:8B:04) is up: full-duplex 100000 MBit/s[0m
[1;37m[INFO]  [0;32m1 device is up.[0m[0m
[1;36m[Device: id=0] RX[0m: 13.66 Mpps, 83897 Mbit/s (86082 Mbit/s with framing)
[0;34m[Device: id=0] TX[0m: 13.66 Mpps, 83905 Mbit/s (86090 Mbit/s with framing)
[1;36m[Device: id=0] RX[0m: 13.66 Mpps, 83900 Mbit/s (86085 Mbit/s with framing)
[0;34m[Device: id=0] TX[0m: 13.66 Mpps, 83907 Mbit/s (86093 Mbit/s with framing)
[1;36m[Device: id=0] RX[0m: 13.66 Mpps, 83899 Mbit/s (86084 Mbit/s with framing)
[0;34m[Device: id=0] TX[0m: 13.66 Mpps, 83907 Mbit/s (86092 Mbit/s with framing)
[1;36m[Device: id=0] RX[0m: 13.66 Mpps, 83899 Mbit/s (86084 Mbit/s with framing)
[0;34m[Device: id=0] TX[0m: 13.66 Mpps, 83907 Mbit/s (86092 Mbit/s with framing)
[1;36m[Device: id=0] RX[0m: 13.66 Mpps, 83899 Mbit/s (86084 Mbit/s with framing)
[0;34m[Device: id=0] TX[0m: 13.66 Mpps, 83907 Mbit/s (86093 Mbit/s with framing)
[1;36m[Device: id=0] RX[0m: 13.66 Mpps, 83900 Mbit/s (86085 Mbit/s with framing)
[0;34m[Device: id=0] TX[0m: 13.66 Mpps, 83907 Mbit/s (86093 Mbit/s with framing)
[1;36m[Device: id=0] RX[0m: 13.66 Mpps, 83899 Mbit/s (86084 Mbit/s with framing)
[0;34m[Device: id=0] TX[0m: 13.66 Mpps, 83907 Mbit/s (86093 Mbit/s with framing)
[1;36m[Device: id=0] RX[0m: 13.66 Mpps, 83900 Mbit/s (86085 Mbit/s with framing)
[0;34m[Device: id=0] TX[0m: 13.66 Mpps, 83907 Mbit/s (86092 Mbit/s with framing)
[1;36m[Device: id=0] RX[0m: 13.66 Mpps, 83894 Mbit/s (86079 Mbit/s with framing)
[0;34m[Device: id=0] TX[0m: 13.66 Mpps, 83907 Mbit/s (86093 Mbit/s with framing)
[1;36m[Device: id=0] RX[0m: 13.66 Mpps, 83899 Mbit/s (86084 Mbit/s with framing)
[0;34m[Device: id=0] TX[0m: 13.66 Mpps, 83907 Mbit/s (86092 Mbit/s with framing)
[1;36m[Device: id=0] RX[0m: 13.66 Mpps, 83899 Mbit/s (86085 Mbit/s with framing)
[0;34m[Device: id=0] TX[0m: 13.66 Mpps, 83907 Mbit/s (86092 Mbit/s with framing)
[1;36m[Device: id=0] RX[0m: 13.66 Mpps, 83901 Mbit/s (86086 Mbit/s with framing)
[0;34m[Device: id=0] TX[0m: 13.66 Mpps, 83907 Mbit/s (86093 Mbit/s with framing)
[1;36m[Device: id=0] RX[0m: 13.66 Mpps, 83898 Mbit/s (86083 Mbit/s with framing)
[0;34m[Device: id=0] TX[0m: 13.66 Mpps, 83907 Mbit/s (86092 Mbit/s with framing)
[1;36m[Device: id=0] RX[0m: 13.66 Mpps, 83899 Mbit/s (86084 Mbit/s with framing)
[0;34m[Device: id=0] TX[0m: 13.66 Mpps, 83907 Mbit/s (86092 Mbit/s with framing)
[1;36m[Device: id=0] RX[0m: 13.66 Mpps, 83899 Mbit/s (86084 Mbit/s with framing)
[0;34m[Device: id=0] TX[0m: 13.66 Mpps, 83907 Mbit/s (86093 Mbit/s with framing)
[1;36m[Device: id=0] RX[0m: 13.66 Mpps, 83899 Mbit/s (86085 Mbit/s with framing)
[0;34m[Device: id=0] TX[0m: 13.66 Mpps, 83907 Mbit/s (86093 Mbit/s with framing)
[1;36m[Device: id=0] RX[0m: 13.66 Mpps, 83900 Mbit/s (86085 Mbit/s with framing)
[0;34m[Device: id=0] TX[0m: 13.66 Mpps, 83907 Mbit/s (86093 Mbit/s with framing)
[1;36m[Device: id=0] RX[0m: 13.66 Mpps, 83899 Mbit/s (86085 Mbit/s with framing)
[0;34m[Device: id=0] TX[0m: 13.66 Mpps, 83907 Mbit/s (86092 Mbit/s with framing)
[1;36m[Device: id=0] RX[0m: 13.66 Mpps, 83899 Mbit/s (86084 Mbit/s with framing)
[0;34m[Device: id=0] TX[0m: 13.66 Mpps, 83907 Mbit/s (86093 Mbit/s with framing)
[1;36m[Device: id=0] RX[0m: 13.66 Mpps, 83899 Mbit/s (86085 Mbit/s with framing)
[0;34m[Device: id=0] TX[0m: 13.66 Mpps, 83907 Mbit/s (86093 Mbit/s with framing)
[1;36m[Device: id=0] RX[0m: 13.66 Mpps, 83899 Mbit/s (86084 Mbit/s with framing)
[0;34m[Device: id=0] TX[0m: 13.66 Mpps, 83908 Mbit/s (86093 Mbit/s with framing)
[1;36m[Device: id=0] RX[0m: 13.66 Mpps, 83900 Mbit/s (86085 Mbit/s with framing)
[0;34m[Device: id=0] TX[0m: 13.66 Mpps, 83907 Mbit/s (86092 Mbit/s with framing)
[1;36m[Device: id=0] RX[0m: 13.66 Mpps, 83900 Mbit/s (86085 Mbit/s with framing)
[0;34m[Device: id=0] TX[0m: 13.66 Mpps, 83907 Mbit/s (86093 Mbit/s with framing)
[1;36m[Device: id=0] RX[0m: 13.66 Mpps, 83900 Mbit/s (86085 Mbit/s with framing)
[0;34m[Device: id=0] TX[0m: 13.66 Mpps, 83907 Mbit/s (86092 Mbit/s with framing)
[1;36m[Device: id=0] RX[0m: 13.66 Mpps, 83899 Mbit/s (86084 Mbit/s with framing)
[0;34m[Device: id=0] TX[0m: 13.66 Mpps, 83907 Mbit/s (86093 Mbit/s with framing)
[1;36m[Device: id=0] RX[0m: 13.66 Mpps, 83899 Mbit/s (86084 Mbit/s with framing)
[0;34m[Device: id=0] TX[0m: 13.66 Mpps, 83907 Mbit/s (86093 Mbit/s with framing)
[1;36m[Device: id=0] RX[0m: 13.66 Mpps, 83900 Mbit/s (86085 Mbit/s with framing)
[0;34m[Device: id=0] TX[0m: 13.66 Mpps, 83907 Mbit/s (86093 Mbit/s with framing)
[1;36m[Device: id=0] RX[0m: 13.66 Mpps, 83899 Mbit/s (86084 Mbit/s with framing)
[0;34m[Device: id=0] TX[0m: 13.66 Mpps, 83907 Mbit/s (86093 Mbit/s with framing)
[1;36m[Device: id=0] RX[0m: 13.66 Mpps, 83900 Mbit/s (86085 Mbit/s with framing)
[0;34m[Device: id=0] TX[0m: 13.66 Mpps, 83907 Mbit/s (86093 Mbit/s with framing)
Samples: 64252, Average: 13737.3 ns, StdDev: 1225.1 ns, Quartiles: 13251.0/13546.0/13873.0 ns
[1;37m[INFO]  Saving histogram to '/tmp/histogram.csv'[0m
[1;36m[Device: id=0] RX[0m: 11.15 Mpps, 68499 Mbit/s (70283 Mbit/s with framing)
[1;36m[Device: id=0] RX[0m: 13.57 (StdDev 0.47) Mpps, 83368 (StdDev 2860) Mbit/s (85539 Mbit/s with framing), total 409250026 packets with 314258795156 bytes (incl. CRC)
[0;34m[Device: id=0] TX[0m: 13.66 (StdDev 0.00) Mpps, 83907 (StdDev 0) Mbit/s (86093 Mbit/s with framing), total 409288203 packets with 314288113024 bytes (incl. CRC)
