EAL: Detected CPU lcores: 24
EAL: Detected NUMA nodes: 1
EAL: Static memory layout is selected, amount of reserved memory can be adjusted with -m or --socket-mem
EAL: Detected shared linkage of DPDK
EAL: Multi-process socket /var/run/dpdk/rte/mp_socket
EAL: Selected IOVA mode 'VA'
EAL: 512 hugepages of size 2097152 reserved, but no mounted hugetlbfs found for that size
EAL: VFIO support initialized
EAL: Using IOMMU type 1 (Type 1)
EAL: Ignore mapping IO port bar(1)
EAL: Ignore mapping IO port bar(4)
EAL: Probe PCI driver: net_ice (8086:1592) device: 0000:51:00.0 (socket 0)
ice_load_pkg_type(): Active package is: 1.3.26.0, ICE OS Default Package (single VLAN mode)
TELEMETRY: No legacy callbacks, legacy socket not created
[1;33m[WARN]  malloc() allocates objects >= 1 MiB from LuaJIT memory space.[0m
[1;33m[WARN]  Install libjemalloc if you encounter out of memory errors.[0m
[1;37m[INFO]  Initializing DPDK. This will take a few seconds...[0m
[1;37m[INFO]  Found 1 usable devices:[0m
   Device 0: B4:96:91:B3:8B:04 ([0;32mIntel Corporation Ethernet Controller E810-C for QSFP[0m)
[1;37m[INFO]  Waiting for devices to come up...[0m
[1;37m[INFO]  Device 0 (B4:96:91:B3:8B:04) is up: full-duplex 100000 MBit/s[0m
[1;37m[INFO]  [0;32m1 device is up.[0m[0m
[1;36m[Device: id=0] RX[0m: 8.41 Mpps, 34453 Mbit/s (35799 Mbit/s with framing)
[0;34m[Device: id=0] TX[0m: 8.41 Mpps, 34453 Mbit/s (35799 Mbit/s with framing)
[1;36m[Device: id=0] RX[0m: 8.41 Mpps, 34454 Mbit/s (35801 Mbit/s with framing)
[0;34m[Device: id=0] TX[0m: 8.41 Mpps, 34454 Mbit/s (35801 Mbit/s with framing)
[1;36m[Device: id=0] RX[0m: 8.41 Mpps, 34454 Mbit/s (35801 Mbit/s with framing)
[0;34m[Device: id=0] TX[0m: 8.41 Mpps, 34454 Mbit/s (35801 Mbit/s with framing)
[1;36m[Device: id=0] RX[0m: 8.41 Mpps, 34454 Mbit/s (35801 Mbit/s with framing)
[0;34m[Device: id=0] TX[0m: 8.41 Mpps, 34454 Mbit/s (35801 Mbit/s with framing)
[1;36m[Device: id=0] RX[0m: 8.41 Mpps, 34454 Mbit/s (35801 Mbit/s with framing)
[0;34m[Device: id=0] TX[0m: 8.41 Mpps, 34454 Mbit/s (35801 Mbit/s with framing)
[1;36m[Device: id=0] RX[0m: 8.41 Mpps, 34454 Mbit/s (35801 Mbit/s with framing)
[0;34m[Device: id=0] TX[0m: 8.41 Mpps, 34454 Mbit/s (35801 Mbit/s with framing)
[1;36m[Device: id=0] RX[0m: 8.41 Mpps, 34455 Mbit/s (35801 Mbit/s with framing)
[0;34m[Device: id=0] TX[0m: 8.41 Mpps, 34455 Mbit/s (35801 Mbit/s with framing)
[1;36m[Device: id=0] RX[0m: 8.41 Mpps, 34454 Mbit/s (35801 Mbit/s with framing)
[0;34m[Device: id=0] TX[0m: 8.41 Mpps, 34454 Mbit/s (35800 Mbit/s with framing)
[1;36m[Device: id=0] RX[0m: 8.41 Mpps, 34454 Mbit/s (35801 Mbit/s with framing)
[0;34m[Device: id=0] TX[0m: 8.41 Mpps, 34454 Mbit/s (35801 Mbit/s with framing)
[1;36m[Device: id=0] RX[0m: 8.41 Mpps, 34454 Mbit/s (35801 Mbit/s with framing)
[0;34m[Device: id=0] TX[0m: 8.41 Mpps, 34454 Mbit/s (35801 Mbit/s with framing)
[1;36m[Device: id=0] RX[0m: 8.41 Mpps, 34454 Mbit/s (35801 Mbit/s with framing)
[0;34m[Device: id=0] TX[0m: 8.41 Mpps, 34454 Mbit/s (35801 Mbit/s with framing)
[1;36m[Device: id=0] RX[0m: 8.41 Mpps, 34454 Mbit/s (35801 Mbit/s with framing)
[0;34m[Device: id=0] TX[0m: 8.41 Mpps, 34454 Mbit/s (35801 Mbit/s with framing)
[1;36m[Device: id=0] RX[0m: 8.41 Mpps, 34454 Mbit/s (35801 Mbit/s with framing)
[0;34m[Device: id=0] TX[0m: 8.41 Mpps, 34454 Mbit/s (35801 Mbit/s with framing)
[1;36m[Device: id=0] RX[0m: 8.41 Mpps, 34454 Mbit/s (35801 Mbit/s with framing)
[0;34m[Device: id=0] TX[0m: 8.41 Mpps, 34454 Mbit/s (35801 Mbit/s with framing)
[1;36m[Device: id=0] RX[0m: 8.41 Mpps, 34454 Mbit/s (35801 Mbit/s with framing)
[0;34m[Device: id=0] TX[0m: 8.41 Mpps, 34454 Mbit/s (35801 Mbit/s with framing)
[1;36m[Device: id=0] RX[0m: 8.41 Mpps, 34454 Mbit/s (35801 Mbit/s with framing)
[0;34m[Device: id=0] TX[0m: 8.41 Mpps, 34454 Mbit/s (35801 Mbit/s with framing)
[1;36m[Device: id=0] RX[0m: 8.41 Mpps, 34454 Mbit/s (35801 Mbit/s with framing)
[0;34m[Device: id=0] TX[0m: 8.41 Mpps, 34454 Mbit/s (35801 Mbit/s with framing)
[1;36m[Device: id=0] RX[0m: 8.41 Mpps, 34455 Mbit/s (35801 Mbit/s with framing)
[0;34m[Device: id=0] TX[0m: 8.41 Mpps, 34454 Mbit/s (35801 Mbit/s with framing)
[1;36m[Device: id=0] RX[0m: 8.41 Mpps, 34454 Mbit/s (35800 Mbit/s with framing)
[0;34m[Device: id=0] TX[0m: 8.41 Mpps, 34454 Mbit/s (35801 Mbit/s with framing)
[1;36m[Device: id=0] RX[0m: 8.41 Mpps, 34454 Mbit/s (35801 Mbit/s with framing)
[0;34m[Device: id=0] TX[0m: 8.41 Mpps, 34454 Mbit/s (35801 Mbit/s with framing)
[1;36m[Device: id=0] RX[0m: 8.41 Mpps, 34454 Mbit/s (35801 Mbit/s with framing)
[0;34m[Device: id=0] TX[0m: 8.41 Mpps, 34454 Mbit/s (35801 Mbit/s with framing)
[1;36m[Device: id=0] RX[0m: 8.41 Mpps, 34454 Mbit/s (35801 Mbit/s with framing)
[0;34m[Device: id=0] TX[0m: 8.41 Mpps, 34454 Mbit/s (35801 Mbit/s with framing)
[1;36m[Device: id=0] RX[0m: 8.41 Mpps, 34454 Mbit/s (35801 Mbit/s with framing)
[0;34m[Device: id=0] TX[0m: 8.41 Mpps, 34455 Mbit/s (35801 Mbit/s with framing)
[1;36m[Device: id=0] RX[0m: 8.41 Mpps, 34454 Mbit/s (35801 Mbit/s with framing)
[0;34m[Device: id=0] TX[0m: 8.41 Mpps, 34454 Mbit/s (35800 Mbit/s with framing)
[1;36m[Device: id=0] RX[0m: 8.41 Mpps, 34454 Mbit/s (35801 Mbit/s with framing)
[0;34m[Device: id=0] TX[0m: 8.41 Mpps, 34454 Mbit/s (35801 Mbit/s with framing)
[1;36m[Device: id=0] RX[0m: 8.41 Mpps, 34454 Mbit/s (35801 Mbit/s with framing)
[0;34m[Device: id=0] TX[0m: 8.41 Mpps, 34454 Mbit/s (35801 Mbit/s with framing)
[1;36m[Device: id=0] RX[0m: 8.41 Mpps, 34454 Mbit/s (35801 Mbit/s with framing)
[0;34m[Device: id=0] TX[0m: 8.41 Mpps, 34455 Mbit/s (35801 Mbit/s with framing)
[1;36m[Device: id=0] RX[0m: 8.41 Mpps, 34455 Mbit/s (35801 Mbit/s with framing)
[0;34m[Device: id=0] TX[0m: 8.41 Mpps, 34454 Mbit/s (35800 Mbit/s with framing)
[1;36m[Device: id=0] RX[0m: 8.41 Mpps, 34454 Mbit/s (35801 Mbit/s with framing)
[0;34m[Device: id=0] TX[0m: 8.41 Mpps, 34454 Mbit/s (35801 Mbit/s with framing)
Samples: 64266, Average: 10928.0 ns, StdDev: 824.1 ns, Quartiles: 10478.0/10787.0/11187.0 ns
[1;37m[INFO]  Saving histogram to '/tmp/histogram.csv'[0m
[1;36m[Device: id=0] RX[0m: 6.80 Mpps, 27851 Mbit/s (28939 Mbit/s with framing)
[1;36m[Device: id=0] RX[0m: 8.36 (StdDev 0.30) Mpps, 34227 (StdDev 1226) Mbit/s (35564 Mbit/s with framing), total 252099706 packets with 129046260160 bytes (incl. CRC)
[0;34m[Device: id=0] TX[0m: 8.41 (StdDev 0.00) Mpps, 34454 (StdDev 0) Mbit/s (35801 Mbit/s with framing), total 252099783 packets with 129046302336 bytes (incl. CRC)
