EAL: Detected CPU lcores: 24
EAL: Detected NUMA nodes: 1
EAL: Static memory layout is selected, amount of reserved memory can be adjusted with -m or --socket-mem
EAL: Detected shared linkage of DPDK
EAL: Multi-process socket /var/run/dpdk/rte/mp_socket
EAL: Selected IOVA mode 'VA'
EAL: 512 hugepages of size 2097152 reserved, but no mounted hugetlbfs found for that size
EAL: VFIO support initialized
EAL: Using IOMMU type 1 (Type 1)
EAL: Ignore mapping IO port bar(1)
EAL: Ignore mapping IO port bar(4)
EAL: Probe PCI driver: net_ice (8086:1592) device: 0000:51:00.0 (socket 0)
ice_load_pkg_type(): Active package is: 1.3.26.0, ICE OS Default Package (single VLAN mode)
TELEMETRY: No legacy callbacks, legacy socket not created
[1;33m[WARN]  malloc() allocates objects >= 1 MiB from LuaJIT memory space.[0m
[1;33m[WARN]  Install libjemalloc if you encounter out of memory errors.[0m
[1;37m[INFO]  Initializing DPDK. This will take a few seconds...[0m
[1;37m[INFO]  Found 1 usable devices:[0m
   Device 0: B4:96:91:B3:8B:04 ([0;32mIntel Corporation Ethernet Controller E810-C for QSFP[0m)
[1;37m[INFO]  Waiting for devices to come up...[0m
[1;37m[INFO]  Device 0 (B4:96:91:B3:8B:04) is up: full-duplex 100000 MBit/s[0m
[1;37m[INFO]  [0;32m1 device is up.[0m[0m
[1;36m[Device: id=0] RX[0m: 9.44 Mpps, 38672 Mbit/s (40183 Mbit/s with framing)
[0;34m[Device: id=0] TX[0m: 9.44 Mpps, 38672 Mbit/s (40183 Mbit/s with framing)
[1;36m[Device: id=0] RX[0m: 9.44 Mpps, 38673 Mbit/s (40184 Mbit/s with framing)
[0;34m[Device: id=0] TX[0m: 9.44 Mpps, 38673 Mbit/s (40184 Mbit/s with framing)
[1;36m[Device: id=0] RX[0m: 9.44 Mpps, 38673 Mbit/s (40184 Mbit/s with framing)
[0;34m[Device: id=0] TX[0m: 9.44 Mpps, 38673 Mbit/s (40184 Mbit/s with framing)
[1;36m[Device: id=0] RX[0m: 9.44 Mpps, 38673 Mbit/s (40184 Mbit/s with framing)
[0;34m[Device: id=0] TX[0m: 9.44 Mpps, 38673 Mbit/s (40184 Mbit/s with framing)
[1;36m[Device: id=0] RX[0m: 9.44 Mpps, 38673 Mbit/s (40184 Mbit/s with framing)
[0;34m[Device: id=0] TX[0m: 9.44 Mpps, 38673 Mbit/s (40184 Mbit/s with framing)
[1;36m[Device: id=0] RX[0m: 9.44 Mpps, 38673 Mbit/s (40184 Mbit/s with framing)
[0;34m[Device: id=0] TX[0m: 9.44 Mpps, 38673 Mbit/s (40184 Mbit/s with framing)
[1;36m[Device: id=0] RX[0m: 9.44 Mpps, 38673 Mbit/s (40184 Mbit/s with framing)
[0;34m[Device: id=0] TX[0m: 9.44 Mpps, 38673 Mbit/s (40184 Mbit/s with framing)
[1;36m[Device: id=0] RX[0m: 9.44 Mpps, 38673 Mbit/s (40184 Mbit/s with framing)
[0;34m[Device: id=0] TX[0m: 9.44 Mpps, 38673 Mbit/s (40184 Mbit/s with framing)
[1;36m[Device: id=0] RX[0m: 9.44 Mpps, 38673 Mbit/s (40184 Mbit/s with framing)
[0;34m[Device: id=0] TX[0m: 9.44 Mpps, 38673 Mbit/s (40184 Mbit/s with framing)
[1;36m[Device: id=0] RX[0m: 9.44 Mpps, 38673 Mbit/s (40184 Mbit/s with framing)
[0;34m[Device: id=0] TX[0m: 9.44 Mpps, 38673 Mbit/s (40184 Mbit/s with framing)
[1;36m[Device: id=0] RX[0m: 9.44 Mpps, 38674 Mbit/s (40185 Mbit/s with framing)
[0;34m[Device: id=0] TX[0m: 9.44 Mpps, 38673 Mbit/s (40184 Mbit/s with framing)
[1;36m[Device: id=0] RX[0m: 9.44 Mpps, 38673 Mbit/s (40184 Mbit/s with framing)
[0;34m[Device: id=0] TX[0m: 9.44 Mpps, 38673 Mbit/s (40184 Mbit/s with framing)
[1;36m[Device: id=0] RX[0m: 9.44 Mpps, 38673 Mbit/s (40184 Mbit/s with framing)
[0;34m[Device: id=0] TX[0m: 9.44 Mpps, 38673 Mbit/s (40184 Mbit/s with framing)
[1;36m[Device: id=0] RX[0m: 9.44 Mpps, 38673 Mbit/s (40184 Mbit/s with framing)
[0;34m[Device: id=0] TX[0m: 9.44 Mpps, 38673 Mbit/s (40184 Mbit/s with framing)
[1;36m[Device: id=0] RX[0m: 9.44 Mpps, 38673 Mbit/s (40184 Mbit/s with framing)
[0;34m[Device: id=0] TX[0m: 9.44 Mpps, 38673 Mbit/s (40184 Mbit/s with framing)
[1;36m[Device: id=0] RX[0m: 9.44 Mpps, 38670 Mbit/s (40181 Mbit/s with framing)
[0;34m[Device: id=0] TX[0m: 9.44 Mpps, 38673 Mbit/s (40184 Mbit/s with framing)
[1;36m[Device: id=0] RX[0m: 9.44 Mpps, 38671 Mbit/s (40181 Mbit/s with framing)
[0;34m[Device: id=0] TX[0m: 9.44 Mpps, 38673 Mbit/s (40184 Mbit/s with framing)
[1;36m[Device: id=0] RX[0m: 9.44 Mpps, 38671 Mbit/s (40182 Mbit/s with framing)
[0;34m[Device: id=0] TX[0m: 9.44 Mpps, 38673 Mbit/s (40184 Mbit/s with framing)
[1;36m[Device: id=0] RX[0m: 9.44 Mpps, 38671 Mbit/s (40182 Mbit/s with framing)
[0;34m[Device: id=0] TX[0m: 9.44 Mpps, 38673 Mbit/s (40184 Mbit/s with framing)
[1;36m[Device: id=0] RX[0m: 9.44 Mpps, 38671 Mbit/s (40182 Mbit/s with framing)
[0;34m[Device: id=0] TX[0m: 9.44 Mpps, 38673 Mbit/s (40184 Mbit/s with framing)
[1;36m[Device: id=0] RX[0m: 9.44 Mpps, 38672 Mbit/s (40182 Mbit/s with framing)
[0;34m[Device: id=0] TX[0m: 9.44 Mpps, 38673 Mbit/s (40184 Mbit/s with framing)
[1;36m[Device: id=0] RX[0m: 9.44 Mpps, 38671 Mbit/s (40181 Mbit/s with framing)
[0;34m[Device: id=0] TX[0m: 9.44 Mpps, 38673 Mbit/s (40184 Mbit/s with framing)
[1;36m[Device: id=0] RX[0m: 9.44 Mpps, 38671 Mbit/s (40182 Mbit/s with framing)
[0;34m[Device: id=0] TX[0m: 9.44 Mpps, 38673 Mbit/s (40184 Mbit/s with framing)
[1;36m[Device: id=0] RX[0m: 9.44 Mpps, 38671 Mbit/s (40182 Mbit/s with framing)
[0;34m[Device: id=0] TX[0m: 9.44 Mpps, 38673 Mbit/s (40184 Mbit/s with framing)
[1;36m[Device: id=0] RX[0m: 9.44 Mpps, 38673 Mbit/s (40184 Mbit/s with framing)
[0;34m[Device: id=0] TX[0m: 9.44 Mpps, 38673 Mbit/s (40184 Mbit/s with framing)
[1;36m[Device: id=0] RX[0m: 9.44 Mpps, 38673 Mbit/s (40184 Mbit/s with framing)
[0;34m[Device: id=0] TX[0m: 9.44 Mpps, 38673 Mbit/s (40184 Mbit/s with framing)
[1;36m[Device: id=0] RX[0m: 9.44 Mpps, 38673 Mbit/s (40184 Mbit/s with framing)
[0;34m[Device: id=0] TX[0m: 9.44 Mpps, 38673 Mbit/s (40184 Mbit/s with framing)
[1;36m[Device: id=0] RX[0m: 9.44 Mpps, 38673 Mbit/s (40184 Mbit/s with framing)
[0;34m[Device: id=0] TX[0m: 9.44 Mpps, 38673 Mbit/s (40184 Mbit/s with framing)
[1;36m[Device: id=0] RX[0m: 9.44 Mpps, 38673 Mbit/s (40184 Mbit/s with framing)
[0;34m[Device: id=0] TX[0m: 9.44 Mpps, 38673 Mbit/s (40184 Mbit/s with framing)
Samples: 64544, Average: 11202.8 ns, StdDev: 876.3 ns, Quartiles: 10763.0/11078.0/11444.0 ns
[1;37m[INFO]  Saving histogram to '/tmp/histogram.csv'[0m
[1;36m[Device: id=0] RX[0m: 7.63 Mpps, 31235 Mbit/s (32456 Mbit/s with framing)
[1;36m[Device: id=0] RX[0m: 9.38 (StdDev 0.34) Mpps, 38416 (StdDev 1381) Mbit/s (39917 Mbit/s with framing), total 282972370 packets with 144852940948 bytes (incl. CRC)
[0;34m[Device: id=0] TX[0m: 9.44 (StdDev 0.00) Mpps, 38673 (StdDev 0) Mbit/s (40184 Mbit/s with framing), total 282977664 packets with 144855652416 bytes (incl. CRC)
