/nix/store/2vwkssqpzykk37r996cafq7x63imf4sp-openjdk-21+35/bin/java  -classpath /nix/store/zw02np72fzsmga6s5mphhw7x8qlzf4sv-ycsb-0.17.0/share/conf:/nix/store/zw02np72fzsmga6s5mphhw7x8qlzf4sv-ycsb-0.17.0/share/lib/core-0.17.0.jar:/nix/store/zw02np72fzsmga6s5mphhw7x8qlzf4sv-ycsb-0.17.0/share/lib/HdrHistogram-2.1.4.jar:/nix/store/zw02np72fzsmga6s5mphhw7x8qlzf4sv-ycsb-0.17.0/share/lib/htrace-core4-4.1.0-incubating.jar:/nix/store/zw02np72fzsmga6s5mphhw7x8qlzf4sv-ycsb-0.17.0/share/lib/jackson-core-asl-1.9.4.jar:/nix/store/zw02np72fzsmga6s5mphhw7x8qlzf4sv-ycsb-0.17.0/share/lib/jackson-mapper-asl-1.9.4.jar:/nix/store/zw02np72fzsmga6s5mphhw7x8qlzf4sv-ycsb-0.17.0/share/redis-binding/lib/commons-pool2-2.4.2.jar:/nix/store/zw02np72fzsmga6s5mphhw7x8qlzf4sv-ycsb-0.17.0/share/redis-binding/lib/jedis-2.9.0.jar:/nix/store/zw02np72fzsmga6s5mphhw7x8qlzf4sv-ycsb-0.17.0/share/redis-binding/lib/redis-binding-0.17.0.jar site.ycsb.Client -t -db site.ycsb.db.RedisClient -s -P /home/host/vmuxIO/test/moonprogs//../../ycsb/share/workloads/workloada -p redis.host=10.1.0.2 -p redis.port=6381 -p operationcount=429496729 -p maxexecutiontime=61 -threads 1
Command line: -t -db site.ycsb.db.RedisClient -s -P /home/host/vmuxIO/test/moonprogs//../../ycsb/share/workloads/workloada -p redis.host=10.1.0.2 -p redis.port=6381 -p operationcount=429496729 -p maxexecutiontime=61 -threads 1
YCSB Client 0.17.0

Loading workload...
Starting test.
Maximum execution time specified as: 61 secs
DBWrapper: report latency for each error is false and specific error codes to track for latency are: []
2025-04-18 12:25:56:853 0 sec: 0 operations; est completion in 0 second 
2025-04-18 12:26:06:701 10 sec: 126295 operations; 12629.5 current ops/sec; est completion in 9 hours 26 minutes [READ: Count=62605, Max=14615, Min=58, Avg=74.73, 90=82, 99=130, 99.9=319, 99.99=4059] [UPDATE: Count=63720, Max=21935, Min=57, Avg=75.4, 90=82, 99=131, 99.9=631, 99.99=4055] 
2025-04-18 12:26:16:702 20 sec: 269012 operations; 14270.27 current ops/sec; est completion in 8 hours 51 minutes [READ: Count=71226, Max=3117, Min=58, Avg=69.34, 90=74, 99=99, 99.9=139, 99.99=357] [UPDATE: Count=71461, Max=1269, Min=57, Avg=67.79, 90=72, 99=98, 99.9=137, 99.99=322] 
2025-04-18 12:26:26:701 30 sec: 407970 operations; 13897.19 current ops/sec; est completion in 8 hours 45 minutes [READ: Count=69853, Max=675, Min=59, Avg=71.16, 90=79, 99=133, 99.9=255, 99.99=419] [UPDATE: Count=69105, Max=3689, Min=57, Avg=69.93, 90=78, 99=131, 99.9=258, 99.99=381] 
2025-04-18 12:26:36:701 40 sec: 550647 operations; 14267.7 current ops/sec; est completion in 8 hours 39 minutes [READ: Count=71708, Max=6375, Min=58, Avg=69.45, 90=75, 99=125, 99.9=137, 99.99=274] [UPDATE: Count=70969, Max=7047, Min=57, Avg=67.96, 90=73, 99=122, 99.9=134, 99.99=256] 
2025-04-18 12:26:46:701 50 sec: 693723 operations; 14307.6 current ops/sec; est completion in 8 hours 35 minutes [READ: Count=71571, Max=6623, Min=59, Avg=69.27, 90=75, 99=118, 99.9=134, 99.99=274] [UPDATE: Count=71505, Max=306, Min=55, Avg=67.75, 90=74, 99=118, 99.9=134, 99.99=265] 
2025-04-18 12:26:56:701 60 sec: 831333 operations; 13761 current ops/sec; est completion in 8 hours 35 minutes [READ: Count=68979, Max=3965, Min=58, Avg=71.93, 90=79, 99=134, 99.9=256, 99.99=478] [UPDATE: Count=68631, Max=2663, Min=55, Avg=70.58, 90=78, 99=132, 99.9=251, 99.99=502] 
Maximum time elapsed. Requesting stop for the workload.
Stop requested for workload. Now Joining!
2025-04-18 12:26:57:713 61 sec: 845512 operations; 14010.87 current ops/sec; est completion in 8 hours 35 minutes [READ: Count=7062, Max=545, Min=60, Avg=70.45, 90=77, 99=95, 99.9=134, 99.99=396] [CLEANUP: Count=1, Max=958, Min=958, Avg=958, 90=958, 99=958, 99.9=958, 99.99=958] [UPDATE: Count=7117, Max=2907, Min=58, Avg=69.29, 90=75, 99=94, 99.9=179, 99.99=273] 
[OVERALL], RunTime(ms), 61016
[OVERALL], Throughput(ops/sec), 13857.217778943228
[TOTAL_GCS_Copy], Count, 78
[TOTAL_GC_TIME_Copy], Time(ms), 25
[TOTAL_GC_TIME_%_Copy], Time(%), 0.04097285957781566
[TOTAL_GCS_MarkSweepCompact], Count, 0
[TOTAL_GC_TIME_MarkSweepCompact], Time(ms), 0
[TOTAL_GC_TIME_%_MarkSweepCompact], Time(%), 0.0
[TOTAL_GCs], Count, 78
[TOTAL_GC_TIME], Time(ms), 25
[TOTAL_GC_TIME_%], Time(%), 0.04097285957781566
[READ], Operations, 423004
[READ], AverageLatency(us), 70.88725402123858
[READ], MinLatency(us), 58
[READ], MaxLatency(us), 14615
[READ], 95thPercentileLatency(us), 83
[READ], 99thPercentileLatency(us), 128
[READ], Return=OK, 423004
[CLEANUP], Operations, 1
[CLEANUP], AverageLatency(us), 958.0
[CLEANUP], MinLatency(us), 958
[CLEANUP], MaxLatency(us), 958
[CLEANUP], 95thPercentileLatency(us), 958
[CLEANUP], 99thPercentileLatency(us), 958
[UPDATE], Operations, 422508
[UPDATE], AverageLatency(us), 69.78902884679107
[UPDATE], MinLatency(us), 55
[UPDATE], MaxLatency(us), 21935
[UPDATE], 95thPercentileLatency(us), 82
[UPDATE], 99thPercentileLatency(us), 125
[UPDATE], Return=OK, 422508
AUTOTEST_DONE
