/nix/store/2vwkssqpzykk37r996cafq7x63imf4sp-openjdk-21+35/bin/java  -classpath /nix/store/zw02np72fzsmga6s5mphhw7x8qlzf4sv-ycsb-0.17.0/share/conf:/nix/store/zw02np72fzsmga6s5mphhw7x8qlzf4sv-ycsb-0.17.0/share/lib/core-0.17.0.jar:/nix/store/zw02np72fzsmga6s5mphhw7x8qlzf4sv-ycsb-0.17.0/share/lib/HdrHistogram-2.1.4.jar:/nix/store/zw02np72fzsmga6s5mphhw7x8qlzf4sv-ycsb-0.17.0/share/lib/htrace-core4-4.1.0-incubating.jar:/nix/store/zw02np72fzsmga6s5mphhw7x8qlzf4sv-ycsb-0.17.0/share/lib/jackson-core-asl-1.9.4.jar:/nix/store/zw02np72fzsmga6s5mphhw7x8qlzf4sv-ycsb-0.17.0/share/lib/jackson-mapper-asl-1.9.4.jar:/nix/store/zw02np72fzsmga6s5mphhw7x8qlzf4sv-ycsb-0.17.0/share/redis-binding/lib/commons-pool2-2.4.2.jar:/nix/store/zw02np72fzsmga6s5mphhw7x8qlzf4sv-ycsb-0.17.0/share/redis-binding/lib/jedis-2.9.0.jar:/nix/store/zw02np72fzsmga6s5mphhw7x8qlzf4sv-ycsb-0.17.0/share/redis-binding/lib/redis-binding-0.17.0.jar site.ycsb.Client -t -db site.ycsb.db.RedisClient -s -P /home/host/vmuxIO/test/moonprogs//../../ycsb/share/workloads/workloada -p redis.host=10.1.0.2 -p redis.port=6379 -p operationcount=429496729 -p maxexecutiontime=61 -threads 1
Command line: -t -db site.ycsb.db.RedisClient -s -P /home/host/vmuxIO/test/moonprogs//../../ycsb/share/workloads/workloada -p redis.host=10.1.0.2 -p redis.port=6379 -p operationcount=429496729 -p maxexecutiontime=61 -threads 1
YCSB Client 0.17.0

Loading workload...
Starting test.
Maximum execution time specified as: 61 secs
DBWrapper: report latency for each error is false and specific error codes to track for latency are: []
2024-07-07 15:47:09:761 0 sec: 0 operations; est completion in 0 second 
2024-07-07 15:47:19:598 10 sec: 69925 operations; 6992.5 current ops/sec; est completion in 17 hours 3 minutes [READ: Count=35086, Max=48831, Min=95, Avg=136.01, 90=168, 99=271, 99.9=1279, 99.99=4069] [UPDATE: Count=34863, Max=5975, Min=91, Avg=134.9, 90=171, 99=284, 99.9=1162, 99.99=3619] 
2024-07-07 15:47:29:598 20 sec: 155293 operations; 8536.8 current ops/sec; est completion in 15 hours 21 minutes [READ: Count=42767, Max=13631, Min=89, Avg=116.55, 90=128, 99=165, 99.9=222, 99.99=1105] [UPDATE: Count=42577, Max=2713, Min=90, Avg=114.38, 90=127, 99=163, 99.9=219, 99.99=2673] 
2024-07-07 15:47:39:598 30 sec: 235743 operations; 8045 current ops/sec; est completion in 15 hours 10 minutes [READ: Count=40118, Max=4923, Min=93, Avg=123.91, 90=142, 99=276, 99.9=461, 99.99=1035] [UPDATE: Count=40332, Max=2877, Min=91, Avg=121.32, 90=139, 99=271, 99.9=438, 99.99=740] 
2024-07-07 15:47:49:597 40 sec: 321075 operations; 8533.2 current ops/sec; est completion in 14 hours 51 minutes [READ: Count=42720, Max=4803, Min=93, Avg=116.92, 90=129, 99=170, 99.9=230, 99.99=2673] [UPDATE: Count=42612, Max=2685, Min=90, Avg=114.32, 90=127, 99=166, 99.9=226, 99.99=297] 
2024-07-07 15:47:59:597 50 sec: 406653 operations; 8557.8 current ops/sec; est completion in 14 hours 39 minutes [READ: Count=42776, Max=7203, Min=91, Avg=116.58, 90=129, 99=165, 99.9=215, 99.99=2753] [UPDATE: Count=42802, Max=2881, Min=90, Avg=113.99, 90=127, 99=163, 99.9=191, 99.99=434] 
2024-07-07 15:48:09:598 60 sec: 486952 operations; 8029.9 current ops/sec; est completion in 14 hours 41 minutes [READ: Count=39893, Max=4819, Min=90, Avg=124.06, 90=141, 99=280, 99.9=462, 99.99=2743] [UPDATE: Count=40406, Max=3347, Min=90, Avg=121.5, 90=139, 99=274, 99.9=439, 99.99=2643] 
Maximum time elapsed. Requesting stop for the workload.
Stop requested for workload. Now Joining!
2024-07-07 15:48:10:605 61 sec: 494440 operations; 7428.57 current ops/sec; est completion in 14 hours 42 minutes [READ: Count=3767, Max=4515, Min=95, Avg=132.96, 90=169, 99=340, 99.9=1469, 99.99=4515] [CLEANUP: Count=1, Max=964, Min=964, Avg=964, 90=964, 99=964, 99.9=964, 99.99=964] [UPDATE: Count=3721, Max=2843, Min=83, Avg=131.94, 90=171, 99=398, 99.9=1263, 99.99=2843] 
[OVERALL], RunTime(ms), 61013
[OVERALL], Throughput(ops/sec), 8103.846721190566
[TOTAL_GCS_Copy], Count, 46
[TOTAL_GC_TIME_Copy], Time(ms), 27
[TOTAL_GC_TIME_%_Copy], Time(%), 0.044252864143707084
[TOTAL_GCS_MarkSweepCompact], Count, 0
[TOTAL_GC_TIME_MarkSweepCompact], Time(ms), 0
[TOTAL_GC_TIME_%_MarkSweepCompact], Time(%), 0.0
[TOTAL_GCs], Count, 46
[TOTAL_GC_TIME], Time(ms), 27
[TOTAL_GC_TIME_%], Time(%), 0.044252864143707084
[READ], Operations, 247127
[READ], AverageLatency(us), 122.03907302722891
[READ], MinLatency(us), 89
[READ], MaxLatency(us), 48831
[READ], 95thPercentileLatency(us), 161
[READ], 99thPercentileLatency(us), 236
[READ], Return=OK, 247127
[CLEANUP], Operations, 1
[CLEANUP], AverageLatency(us), 964.0
[CLEANUP], MinLatency(us), 964
[CLEANUP], MaxLatency(us), 964
[CLEANUP], 95thPercentileLatency(us), 964
[CLEANUP], 99thPercentileLatency(us), 964
[UPDATE], Operations, 247313
[UPDATE], AverageLatency(us), 119.75313064820693
[UPDATE], MinLatency(us), 83
[UPDATE], MaxLatency(us), 5975
[UPDATE], 95thPercentileLatency(us), 161
[UPDATE], 99thPercentileLatency(us), 235
[UPDATE], Return=OK, 247313
AUTOTEST_DONE
