/nix/store/2vwkssqpzykk37r996cafq7x63imf4sp-openjdk-21+35/bin/java  -classpath /nix/store/zw02np72fzsmga6s5mphhw7x8qlzf4sv-ycsb-0.17.0/share/conf:/nix/store/zw02np72fzsmga6s5mphhw7x8qlzf4sv-ycsb-0.17.0/share/lib/core-0.17.0.jar:/nix/store/zw02np72fzsmga6s5mphhw7x8qlzf4sv-ycsb-0.17.0/share/lib/HdrHistogram-2.1.4.jar:/nix/store/zw02np72fzsmga6s5mphhw7x8qlzf4sv-ycsb-0.17.0/share/lib/htrace-core4-4.1.0-incubating.jar:/nix/store/zw02np72fzsmga6s5mphhw7x8qlzf4sv-ycsb-0.17.0/share/lib/jackson-core-asl-1.9.4.jar:/nix/store/zw02np72fzsmga6s5mphhw7x8qlzf4sv-ycsb-0.17.0/share/lib/jackson-mapper-asl-1.9.4.jar:/nix/store/zw02np72fzsmga6s5mphhw7x8qlzf4sv-ycsb-0.17.0/share/redis-binding/lib/commons-pool2-2.4.2.jar:/nix/store/zw02np72fzsmga6s5mphhw7x8qlzf4sv-ycsb-0.17.0/share/redis-binding/lib/jedis-2.9.0.jar:/nix/store/zw02np72fzsmga6s5mphhw7x8qlzf4sv-ycsb-0.17.0/share/redis-binding/lib/redis-binding-0.17.0.jar site.ycsb.Client -t -db site.ycsb.db.RedisClient -s -P /home/host/vmuxIO/test/moonprogs//../../ycsb/share/workloads/workloada -p redis.host=10.1.0.2 -p redis.port=6379 -p operationcount=429496729 -p maxexecutiontime=61 -threads 1
Command line: -t -db site.ycsb.db.RedisClient -s -P /home/host/vmuxIO/test/moonprogs//../../ycsb/share/workloads/workloada -p redis.host=10.1.0.2 -p redis.port=6379 -p operationcount=429496729 -p maxexecutiontime=61 -threads 1
YCSB Client 0.17.0

Loading workload...
Starting test.
Maximum execution time specified as: 61 secs
DBWrapper: report latency for each error is false and specific error codes to track for latency are: []
2025-04-18 13:43:42:279 0 sec: 0 operations; est completion in 0 second 
2025-04-18 13:43:52:128 10 sec: 113388 operations; 11338.8 current ops/sec; est completion in 10 hours 31 minutes [READ: Count=56708, Max=45887, Min=57, Avg=83.55, 90=93, 99=216, 99.9=755, 99.99=4979] [UPDATE: Count=56699, Max=11807, Min=54, Avg=83.7, 90=93, 99=229, 99.9=985, 99.99=4077] 
2025-04-18 13:44:02:129 20 sec: 246853 operations; 13346.5 current ops/sec; est completion in 9 hours 39 minutes [READ: Count=66933, Max=3347, Min=55, Avg=74.42, 90=83, 99=138, 99.9=280, 99.99=590] [UPDATE: Count=66513, Max=2883, Min=53, Avg=72.37, 90=81, 99=136, 99.9=282, 99.99=683] 
2025-04-18 13:44:12:128 30 sec: 383259 operations; 13640.6 current ops/sec; est completion in 9 hours 19 minutes [READ: Count=68715, Max=4503, Min=55, Avg=73.09, 90=82, 99=123, 99.9=200, 99.99=448] [UPDATE: Count=67691, Max=1591, Min=53, Avg=70.82, 90=79, 99=121, 99.9=199, 99.99=375] 
2025-04-18 13:44:22:128 40 sec: 511816 operations; 12855.7 current ops/sec; est completion in 9 hours 18 minutes [READ: Count=64489, Max=4091, Min=55, Avg=77.38, 90=85, 99=219, 99.9=358, 99.99=688] [UPDATE: Count=64068, Max=3453, Min=54, Avg=75.3, 90=83, 99=218, 99.9=352, 99.99=761] 
2025-04-18 13:44:32:128 50 sec: 643502 operations; 13168.6 current ops/sec; est completion in 9 hours 15 minutes [READ: Count=65946, Max=9679, Min=54, Avg=75.7, 90=83, 99=189, 99.9=319, 99.99=428] [UPDATE: Count=65740, Max=3581, Min=54, Avg=73.41, 90=81, 99=175, 99.9=332, 99.99=648] 
2025-04-18 13:44:42:128 60 sec: 775697 operations; 13219.5 current ops/sec; est completion in 9 hours 12 minutes [READ: Count=66226, Max=3599, Min=56, Avg=75.38, 90=85, 99=135, 99.9=282, 99.99=1848] [UPDATE: Count=65969, Max=2183, Min=53, Avg=73.17, 90=83, 99=135, 99.9=264, 99.99=1307] 
Maximum time elapsed. Requesting stop for the workload.
Stop requested for workload. Now Joining!
2025-04-18 13:44:43:136 61 sec: 789434 operations; 13641.51 current ops/sec; est completion in 9 hours 12 minutes [READ: Count=6772, Max=2111, Min=55, Avg=72.49, 90=81, 99=96, 99.9=128, 99.99=1805] [CLEANUP: Count=1, Max=1128, Min=1128, Avg=1128, 90=1128, 99=1128, 99.9=1128, 99.99=1128] [UPDATE: Count=6965, Max=3059, Min=54, Avg=70.49, 90=79, 99=93, 99.9=153, 99.99=654] 
[OVERALL], RunTime(ms), 61015
[OVERALL], Throughput(ops/sec), 12938.3594198148
[TOTAL_GCS_Copy], Count, 73
[TOTAL_GC_TIME_Copy], Time(ms), 27
[TOTAL_GC_TIME_%_Copy], Time(%), 0.04425141358682291
[TOTAL_GCS_MarkSweepCompact], Count, 0
[TOTAL_GC_TIME_MarkSweepCompact], Time(ms), 0
[TOTAL_GC_TIME_%_MarkSweepCompact], Time(%), 0.0
[TOTAL_GCs], Count, 73
[TOTAL_GC_TIME], Time(ms), 27
[TOTAL_GC_TIME_%], Time(%), 0.04425141358682291
[READ], Operations, 395789
[READ], AverageLatency(us), 76.31960211122593
[READ], MinLatency(us), 54
[READ], MaxLatency(us), 45887
[READ], 95thPercentileLatency(us), 94
[READ], 99thPercentileLatency(us), 163
[READ], Return=OK, 395789
[CLEANUP], Operations, 1
[CLEANUP], AverageLatency(us), 1128.0
[CLEANUP], MinLatency(us), 1128
[CLEANUP], MaxLatency(us), 1128
[CLEANUP], 95thPercentileLatency(us), 1128
[CLEANUP], 99thPercentileLatency(us), 1128
[UPDATE], Operations, 393645
[UPDATE], AverageLatency(us), 74.48717499269647
[UPDATE], MinLatency(us), 53
[UPDATE], MaxLatency(us), 11807
[UPDATE], 95thPercentileLatency(us), 93
[UPDATE], 99thPercentileLatency(us), 162
[UPDATE], Return=OK, 393645
AUTOTEST_DONE
