/nix/store/2vwkssqpzykk37r996cafq7x63imf4sp-openjdk-21+35/bin/java  -classpath /nix/store/zw02np72fzsmga6s5mphhw7x8qlzf4sv-ycsb-0.17.0/share/conf:/nix/store/zw02np72fzsmga6s5mphhw7x8qlzf4sv-ycsb-0.17.0/share/lib/core-0.17.0.jar:/nix/store/zw02np72fzsmga6s5mphhw7x8qlzf4sv-ycsb-0.17.0/share/lib/HdrHistogram-2.1.4.jar:/nix/store/zw02np72fzsmga6s5mphhw7x8qlzf4sv-ycsb-0.17.0/share/lib/htrace-core4-4.1.0-incubating.jar:/nix/store/zw02np72fzsmga6s5mphhw7x8qlzf4sv-ycsb-0.17.0/share/lib/jackson-core-asl-1.9.4.jar:/nix/store/zw02np72fzsmga6s5mphhw7x8qlzf4sv-ycsb-0.17.0/share/lib/jackson-mapper-asl-1.9.4.jar:/nix/store/zw02np72fzsmga6s5mphhw7x8qlzf4sv-ycsb-0.17.0/share/redis-binding/lib/commons-pool2-2.4.2.jar:/nix/store/zw02np72fzsmga6s5mphhw7x8qlzf4sv-ycsb-0.17.0/share/redis-binding/lib/jedis-2.9.0.jar:/nix/store/zw02np72fzsmga6s5mphhw7x8qlzf4sv-ycsb-0.17.0/share/redis-binding/lib/redis-binding-0.17.0.jar site.ycsb.Client -t -db site.ycsb.db.RedisClient -s -P /home/host/vmuxIO/test/moonprogs//../../ycsb/share/workloads/workloada -p redis.host=10.1.0.2 -p redis.port=6388 -p operationcount=429496729 -p maxexecutiontime=61 -threads 1
Command line: -t -db site.ycsb.db.RedisClient -s -P /home/host/vmuxIO/test/moonprogs//../../ycsb/share/workloads/workloada -p redis.host=10.1.0.2 -p redis.port=6388 -p operationcount=429496729 -p maxexecutiontime=61 -threads 1
YCSB Client 0.17.0

Loading workload...
Starting test.
Maximum execution time specified as: 61 secs
DBWrapper: report latency for each error is false and specific error codes to track for latency are: []
2025-04-18 13:43:44:276 0 sec: 0 operations; est completion in 0 second 
2025-04-18 13:43:54:083 10 sec: 117926 operations; 11792.6 current ops/sec; est completion in 10 hours 6 minutes [READ: Count=59044, Max=60959, Min=57, Avg=81.17, 90=91, 99=154, 99.9=389, 99.99=3389] [UPDATE: Count=58940, Max=12815, Min=56, Avg=80.03, 90=90, 99=157, 99.9=764, 99.99=3961] 
2025-04-18 13:44:04:083 20 sec: 246835 operations; 12890.9 current ops/sec; est completion in 9 hours 39 minutes [READ: Count=64531, Max=4107, Min=56, Avg=77.21, 90=84, 99=179, 99.9=332, 99.99=3901] [UPDATE: Count=64320, Max=3997, Min=55, Avg=74.99, 90=81, 99=178, 99.9=310, 99.99=3265] 
2025-04-18 13:44:14:083 30 sec: 378088 operations; 13125.3 current ops/sec; est completion in 9 hours 27 minutes [READ: Count=65669, Max=3413, Min=57, Avg=75.95, 90=84, 99=155, 99.9=296, 99.99=636] [UPDATE: Count=65584, Max=8879, Min=56, Avg=73.65, 90=82, 99=151, 99.9=276, 99.99=533] 
2025-04-18 13:44:24:083 40 sec: 510255 operations; 13216.7 current ops/sec; est completion in 9 hours 20 minutes [READ: Count=65889, Max=3601, Min=58, Avg=75.32, 90=82, 99=138, 99.9=320, 99.99=3259] [UPDATE: Count=66278, Max=3845, Min=55, Avg=73.29, 90=80, 99=133, 99.9=290, 99.99=3003] 
2025-04-18 13:44:34:083 50 sec: 641151 operations; 13089.6 current ops/sec; est completion in 9 hours 17 minutes [READ: Count=65435, Max=3455, Min=58, Avg=75.86, 90=84, 99=133, 99.9=287, 99.99=2757] [UPDATE: Count=65461, Max=3653, Min=55, Avg=73.97, 90=82, 99=130, 99.9=302, 99.99=3127] 
2025-04-18 13:44:44:083 60 sec: 762610 operations; 12145.9 current ops/sec; est completion in 9 hours 22 minutes [READ: Count=60912, Max=3535, Min=57, Avg=81.84, 90=86, 99=269, 99.9=409, 99.99=1312] [UPDATE: Count=60547, Max=3737, Min=54, Avg=80.06, 90=84, 99=274, 99.9=424, 99.99=639] 
Maximum time elapsed. Requesting stop for the workload.
Stop requested for workload. Now Joining!
2025-04-18 13:44:45:091 61 sec: 776675 operations; 13967.23 current ops/sec; est completion in 9 hours 21 minutes [READ: Count=7005, Max=1484, Min=59, Avg=70.95, 90=79, 99=91, 99.9=156, 99.99=570] [CLEANUP: Count=1, Max=971, Min=971, Avg=971, 90=971, 99=971, 99.9=971, 99.99=971] [UPDATE: Count=7060, Max=4519, Min=58, Avg=69.41, 90=77, 99=88, 99.9=172, 99.99=234] 
[OVERALL], RunTime(ms), 61011
[OVERALL], Throughput(ops/sec), 12730.081460720197
[TOTAL_GCS_Copy], Count, 72
[TOTAL_GC_TIME_Copy], Time(ms), 26
[TOTAL_GC_TIME_%_Copy], Time(%), 0.042615266099555814
[TOTAL_GCS_MarkSweepCompact], Count, 0
[TOTAL_GC_TIME_MarkSweepCompact], Time(ms), 0
[TOTAL_GC_TIME_%_MarkSweepCompact], Time(%), 0.0
[TOTAL_GCs], Count, 72
[TOTAL_GC_TIME], Time(ms), 26
[TOTAL_GC_TIME_%], Time(%), 0.042615266099555814
[READ], Operations, 388485
[READ], AverageLatency(us), 77.66279006911464
[READ], MinLatency(us), 56
[READ], MaxLatency(us), 60959
[READ], 95thPercentileLatency(us), 99
[READ], 99thPercentileLatency(us), 187
[READ], Return=OK, 388485
[CLEANUP], Operations, 1
[CLEANUP], AverageLatency(us), 971.0
[CLEANUP], MinLatency(us), 971
[CLEANUP], MaxLatency(us), 971
[CLEANUP], 95thPercentileLatency(us), 971
[CLEANUP], 99thPercentileLatency(us), 971
[UPDATE], Operations, 388190
[UPDATE], AverageLatency(us), 75.75449650944125
[UPDATE], MinLatency(us), 54
[UPDATE], MaxLatency(us), 12815
[UPDATE], 95thPercentileLatency(us), 98
[UPDATE], 99thPercentileLatency(us), 190
[UPDATE], Return=OK, 388190
AUTOTEST_DONE
