/nix/store/2vwkssqpzykk37r996cafq7x63imf4sp-openjdk-21+35/bin/java  -classpath /nix/store/zw02np72fzsmga6s5mphhw7x8qlzf4sv-ycsb-0.17.0/share/conf:/nix/store/zw02np72fzsmga6s5mphhw7x8qlzf4sv-ycsb-0.17.0/share/lib/core-0.17.0.jar:/nix/store/zw02np72fzsmga6s5mphhw7x8qlzf4sv-ycsb-0.17.0/share/lib/HdrHistogram-2.1.4.jar:/nix/store/zw02np72fzsmga6s5mphhw7x8qlzf4sv-ycsb-0.17.0/share/lib/htrace-core4-4.1.0-incubating.jar:/nix/store/zw02np72fzsmga6s5mphhw7x8qlzf4sv-ycsb-0.17.0/share/lib/jackson-core-asl-1.9.4.jar:/nix/store/zw02np72fzsmga6s5mphhw7x8qlzf4sv-ycsb-0.17.0/share/lib/jackson-mapper-asl-1.9.4.jar:/nix/store/zw02np72fzsmga6s5mphhw7x8qlzf4sv-ycsb-0.17.0/share/redis-binding/lib/commons-pool2-2.4.2.jar:/nix/store/zw02np72fzsmga6s5mphhw7x8qlzf4sv-ycsb-0.17.0/share/redis-binding/lib/jedis-2.9.0.jar:/nix/store/zw02np72fzsmga6s5mphhw7x8qlzf4sv-ycsb-0.17.0/share/redis-binding/lib/redis-binding-0.17.0.jar site.ycsb.Client -t -db site.ycsb.db.RedisClient -s -P /home/host/vmuxIO/test/moonprogs//../../ycsb/share/workloads/workloada -p redis.host=10.1.0.2 -p redis.port=6382 -p operationcount=429496729 -p maxexecutiontime=61 -threads 1
Command line: -t -db site.ycsb.db.RedisClient -s -P /home/host/vmuxIO/test/moonprogs//../../ycsb/share/workloads/workloada -p redis.host=10.1.0.2 -p redis.port=6382 -p operationcount=429496729 -p maxexecutiontime=61 -threads 1
YCSB Client 0.17.0

Loading workload...
Starting test.
Maximum execution time specified as: 61 secs
DBWrapper: report latency for each error is false and specific error codes to track for latency are: []
2025-04-18 13:43:44:939 0 sec: 0 operations; est completion in 0 second 
2025-04-18 13:43:54:764 10 sec: 109989 operations; 10997.8 current ops/sec; est completion in 10 hours 50 minutes [READ: Count=54827, Max=56991, Min=57, Avg=86.78, 90=93, 99=258, 99.9=1164, 99.99=5407] [UPDATE: Count=55187, Max=10063, Min=56, Avg=85.47, 90=94, 99=268, 99.9=1323, 99.99=4087] 
2025-04-18 13:44:04:764 20 sec: 242786 operations; 13279.7 current ops/sec; est completion in 9 hours 49 minutes [READ: Count=66220, Max=3023, Min=55, Avg=74.93, 90=83, 99=139, 99.9=276, 99.99=714] [UPDATE: Count=66552, Max=3659, Min=55, Avg=72.76, 90=81, 99=139, 99.9=278, 99.99=1005] 
2025-04-18 13:44:14:764 30 sec: 378043 operations; 13527.05 current ops/sec; est completion in 9 hours 27 minutes [READ: Count=67641, Max=4779, Min=56, Avg=73.71, 90=82, 99=108, 99.9=183, 99.99=616] [UPDATE: Count=67616, Max=5431, Min=54, Avg=71.49, 90=79, 99=112, 99.9=167, 99.99=684] 
2025-04-18 13:44:24:764 40 sec: 496890 operations; 11884.7 current ops/sec; est completion in 9 hours 35 minutes [READ: Count=59608, Max=7079, Min=56, Avg=84.04, 90=94, 99=264, 99.9=492, 99.99=3669] [UPDATE: Count=59239, Max=4079, Min=54, Avg=81.46, 90=92, 99=269, 99.9=458, 99.99=3251] 
2025-04-18 13:44:34:764 50 sec: 631608 operations; 13471.8 current ops/sec; est completion in 9 hours 25 minutes [READ: Count=67416, Max=991, Min=55, Avg=73.93, 90=82, 99=131, 99.9=267, 99.99=393] [UPDATE: Count=67302, Max=7071, Min=55, Avg=71.88, 90=80, 99=127, 99.9=261, 99.99=446] 
2025-04-18 13:44:44:764 60 sec: 766558 operations; 13495 current ops/sec; est completion in 9 hours 19 minutes [READ: Count=67485, Max=2627, Min=57, Avg=73.82, 90=82, 99=129, 99.9=164, 99.99=345] [UPDATE: Count=67465, Max=4123, Min=54, Avg=71.62, 90=80, 99=126, 99.9=158, 99.99=301] 
Maximum time elapsed. Requesting stop for the workload.
Stop requested for workload. Now Joining!
2025-04-18 13:44:45:781 61 sec: 781212 operations; 14394.89 current ops/sec; est completion in 9 hours 18 minutes [READ: Count=7295, Max=566, Min=58, Avg=68.96, 90=74, 99=85, 99.9=237, 99.99=367] [CLEANUP: Count=1, Max=1027, Min=1027, Avg=1027, 90=1027, 99=1027, 99.9=1027, 99.99=1027] [UPDATE: Count=7359, Max=3209, Min=57, Avg=67.06, 90=72, 99=82, 99.9=129, 99.99=281] 
[OVERALL], RunTime(ms), 61021
[OVERALL], Throughput(ops/sec), 12802.346733091887
[TOTAL_GCS_Copy], Count, 72
[TOTAL_GC_TIME_Copy], Time(ms), 27
[TOTAL_GC_TIME_%_Copy], Time(%), 0.04424706248668491
[TOTAL_GCS_MarkSweepCompact], Count, 0
[TOTAL_GC_TIME_MarkSweepCompact], Time(ms), 0
[TOTAL_GC_TIME_%_MarkSweepCompact], Time(%), 0.0
[TOTAL_GCs], Count, 72
[TOTAL_GC_TIME], Time(ms), 27
[TOTAL_GC_TIME_%], Time(%), 0.04424706248668491
[READ], Operations, 390492
[READ], AverageLatency(us), 77.29650799504215
[READ], MinLatency(us), 55
[READ], MaxLatency(us), 56991
[READ], 95thPercentileLatency(us), 93
[READ], 99thPercentileLatency(us), 173
[READ], Return=OK, 390492
[CLEANUP], Operations, 1
[CLEANUP], AverageLatency(us), 1027.0
[CLEANUP], MinLatency(us), 1027
[CLEANUP], MaxLatency(us), 1027
[CLEANUP], 95thPercentileLatency(us), 1027
[CLEANUP], 99thPercentileLatency(us), 1027
[UPDATE], Operations, 390720
[UPDATE], AverageLatency(us), 75.19974406224406
[UPDATE], MinLatency(us), 54
[UPDATE], MaxLatency(us), 10063
[UPDATE], 95thPercentileLatency(us), 93
[UPDATE], 99thPercentileLatency(us), 171
[UPDATE], Return=OK, 390720
AUTOTEST_DONE
