/nix/store/2vwkssqpzykk37r996cafq7x63imf4sp-openjdk-21+35/bin/java  -classpath /nix/store/zw02np72fzsmga6s5mphhw7x8qlzf4sv-ycsb-0.17.0/share/conf:/nix/store/zw02np72fzsmga6s5mphhw7x8qlzf4sv-ycsb-0.17.0/share/lib/core-0.17.0.jar:/nix/store/zw02np72fzsmga6s5mphhw7x8qlzf4sv-ycsb-0.17.0/share/lib/HdrHistogram-2.1.4.jar:/nix/store/zw02np72fzsmga6s5mphhw7x8qlzf4sv-ycsb-0.17.0/share/lib/htrace-core4-4.1.0-incubating.jar:/nix/store/zw02np72fzsmga6s5mphhw7x8qlzf4sv-ycsb-0.17.0/share/lib/jackson-core-asl-1.9.4.jar:/nix/store/zw02np72fzsmga6s5mphhw7x8qlzf4sv-ycsb-0.17.0/share/lib/jackson-mapper-asl-1.9.4.jar:/nix/store/zw02np72fzsmga6s5mphhw7x8qlzf4sv-ycsb-0.17.0/share/redis-binding/lib/commons-pool2-2.4.2.jar:/nix/store/zw02np72fzsmga6s5mphhw7x8qlzf4sv-ycsb-0.17.0/share/redis-binding/lib/jedis-2.9.0.jar:/nix/store/zw02np72fzsmga6s5mphhw7x8qlzf4sv-ycsb-0.17.0/share/redis-binding/lib/redis-binding-0.17.0.jar site.ycsb.Client -t -db site.ycsb.db.RedisClient -s -P /home/host/vmuxIO/test/moonprogs//../../ycsb/share/workloads/workloada -p redis.host=10.1.0.2 -p redis.port=6379 -p operationcount=610000 -threads 1 -target 10000
Command line: -t -db site.ycsb.db.RedisClient -s -P /home/host/vmuxIO/test/moonprogs//../../ycsb/share/workloads/workloada -p redis.host=10.1.0.2 -p redis.port=6379 -p operationcount=610000 -threads 1 -target 10000
YCSB Client 0.17.0

Loading workload...
Starting test.
DBWrapper: report latency for each error is false and specific error codes to track for latency are: []
2024-06-13 21:05:05:623 0 sec: 0 operations; est completion in 0 second 
2024-06-13 21:05:15:460 10 sec: 84214 operations; 8421.4 current ops/sec; est completion in 1 minute [READ: Count=42162, Max=13687, Min=93, Avg=114.79, 90=124, 99=153, 99.9=616, 99.99=4455] [UPDATE: Count=42063, Max=24095, Min=91, Avg=112.59, 90=121, 99=158, 99.9=992, 99.99=4419] 
2024-06-13 21:05:25:460 20 sec: 175476 operations; 9126.2 current ops/sec; est completion in 50 seconds [READ: Count=45799, Max=7815, Min=94, Avg=110.04, 90=119, 99=136, 99.9=241, 99.99=696] [UPDATE: Count=45452, Max=723, Min=89, Avg=106.02, 90=115, 99=132, 99.9=225, 99.99=419] 
2024-06-13 21:05:35:460 30 sec: 265787 operations; 9031.1 current ops/sec; est completion in 39 seconds [READ: Count=45318, Max=7495, Min=88, Avg=111.21, 90=121, 99=139, 99.9=301, 99.99=704] [UPDATE: Count=44993, Max=2651, Min=88, Avg=107.38, 90=117, 99=134, 99.9=290, 99.99=458] 
2024-06-13 21:05:45:460 40 sec: 356204 operations; 9041.7 current ops/sec; est completion in 29 seconds [READ: Count=45303, Max=8775, Min=96, Avg=111.05, 90=120, 99=134, 99.9=169, 99.99=554] [UPDATE: Count=45114, Max=642, Min=92, Avg=107.29, 90=117, 99=129, 99.9=172, 99.99=342] 
2024-06-13 21:05:55:460 50 sec: 448131 operations; 9192.7 current ops/sec; est completion in 19 seconds [READ: Count=45897, Max=679, Min=91, Avg=109.08, 90=118, 99=132, 99.9=159, 99.99=518] [UPDATE: Count=46030, Max=6291, Min=91, Avg=105.74, 90=114, 99=128, 99.9=160, 99.99=338] 
2024-06-13 21:06:05:459 60 sec: 545615 operations; 9748.4 current ops/sec; est completion in 8 second [READ: Count=48735, Max=5163, Min=83, Avg=102.35, 90=114, 99=133, 99.9=222, 99.99=464] [UPDATE: Count=48749, Max=821, Min=79, Avg=99.99, 90=112, 99=130, 99.9=223, 99.99=405] 
2024-06-13 21:06:12:215 66 sec: 610000 operations; 9530.05 current ops/sec; [READ: Count=32229, Max=3725, Min=83, Avg=104.01, 90=115, 99=148, 99.9=528, 99.99=2331] [CLEANUP: Count=1, Max=996, Min=996, Avg=996, 90=996, 99=996, 99.9=996, 99.99=996] [UPDATE: Count=32156, Max=6971, Min=78, Avg=102.94, 90=113, 99=152, 99.9=652, 99.99=3319] 
[OVERALL], RunTime(ms), 66762
[OVERALL], Throughput(ops/sec), 9136.934184116713
[TOTAL_GCS_Copy], Count, 56
[TOTAL_GC_TIME_Copy], Time(ms), 39
[TOTAL_GC_TIME_%_Copy], Time(%), 0.05841646445582816
[TOTAL_GCS_MarkSweepCompact], Count, 0
[TOTAL_GC_TIME_MarkSweepCompact], Time(ms), 0
[TOTAL_GC_TIME_%_MarkSweepCompact], Time(%), 0.0
[TOTAL_GCs], Count, 56
[TOTAL_GC_TIME], Time(ms), 39
[TOTAL_GC_TIME_%], Time(%), 0.05841646445582816
[READ], Operations, 305443
[READ], AverageLatency(us), 109.01121322145212
[READ], MinLatency(us), 83
[READ], MaxLatency(us), 13687
[READ], 95thPercentileLatency(us), 126
[READ], 99thPercentileLatency(us), 138
[READ], Return=OK, 305443
[CLEANUP], Operations, 1
[CLEANUP], AverageLatency(us), 996.0
[CLEANUP], MinLatency(us), 996
[CLEANUP], MaxLatency(us), 996
[CLEANUP], 95thPercentileLatency(us), 996
[CLEANUP], 99thPercentileLatency(us), 996
[UPDATE], Operations, 304557
[UPDATE], AverageLatency(us), 105.9833692871942
[UPDATE], MinLatency(us), 78
[UPDATE], MaxLatency(us), 24095
[UPDATE], 95thPercentileLatency(us), 122
[UPDATE], 99thPercentileLatency(us), 135
[UPDATE], Return=OK, 304557
AUTOTEST_DONE
