/nix/store/2vwkssqpzykk37r996cafq7x63imf4sp-openjdk-21+35/bin/java  -classpath /nix/store/zw02np72fzsmga6s5mphhw7x8qlzf4sv-ycsb-0.17.0/share/conf:/nix/store/zw02np72fzsmga6s5mphhw7x8qlzf4sv-ycsb-0.17.0/share/lib/core-0.17.0.jar:/nix/store/zw02np72fzsmga6s5mphhw7x8qlzf4sv-ycsb-0.17.0/share/lib/HdrHistogram-2.1.4.jar:/nix/store/zw02np72fzsmga6s5mphhw7x8qlzf4sv-ycsb-0.17.0/share/lib/htrace-core4-4.1.0-incubating.jar:/nix/store/zw02np72fzsmga6s5mphhw7x8qlzf4sv-ycsb-0.17.0/share/lib/jackson-core-asl-1.9.4.jar:/nix/store/zw02np72fzsmga6s5mphhw7x8qlzf4sv-ycsb-0.17.0/share/lib/jackson-mapper-asl-1.9.4.jar:/nix/store/zw02np72fzsmga6s5mphhw7x8qlzf4sv-ycsb-0.17.0/share/redis-binding/lib/commons-pool2-2.4.2.jar:/nix/store/zw02np72fzsmga6s5mphhw7x8qlzf4sv-ycsb-0.17.0/share/redis-binding/lib/jedis-2.9.0.jar:/nix/store/zw02np72fzsmga6s5mphhw7x8qlzf4sv-ycsb-0.17.0/share/redis-binding/lib/redis-binding-0.17.0.jar site.ycsb.Client -t -db site.ycsb.db.RedisClient -s -P /home/host/vmuxIO/test/moonprogs//../../ycsb/share/workloads/workloada -p redis.host=10.1.0.2 -p redis.port=6380 -p operationcount=429496729 -p maxexecutiontime=61 -threads 1
Command line: -t -db site.ycsb.db.RedisClient -s -P /home/host/vmuxIO/test/moonprogs//../../ycsb/share/workloads/workloada -p redis.host=10.1.0.2 -p redis.port=6380 -p operationcount=429496729 -p maxexecutiontime=61 -threads 1
YCSB Client 0.17.0

Loading workload...
Starting test.
Maximum execution time specified as: 61 secs
DBWrapper: report latency for each error is false and specific error codes to track for latency are: []
2025-02-08 08:21:11:949 0 sec: 0 operations; est completion in 0 second 
2025-02-08 08:21:21:796 10 sec: 39375 operations; 3937.11 current ops/sec; est completion in 1 day 6 hours [READ: Count=19710, Max=12663, Min=212, Avg=238.86, 90=250, 99=372, 99.9=1228, 99.99=5663] [UPDATE: Count=19706, Max=23999, Min=215, Avg=247.1, 90=253, 99=381, 99.9=2531, 99.99=6019] 
2025-02-08 08:21:31:797 20 sec: 81867 operations; 4248.78 current ops/sec; est completion in 1 day 5 hours [READ: Count=21154, Max=2695, Min=211, Avg=230.52, 90=240, 99=278, 99.9=562, 99.99=2545] [UPDATE: Count=21297, Max=6355, Min=212, Avg=232.04, 90=243, 99=276, 99.9=391, 99.99=2519] 
2025-02-08 08:21:41:796 30 sec: 124652 operations; 4278.93 current ops/sec; est completion in 1 day 4 hours [READ: Count=21322, Max=10007, Min=211, Avg=231.68, 90=249, 99=310, 99.9=426, 99.99=2529] [UPDATE: Count=21463, Max=2535, Min=211, Avg=231.48, 90=249, 99=297, 99.9=396, 99.99=2521] 
2025-02-08 08:21:51:796 40 sec: 168815 operations; 4416.74 current ops/sec; est completion in 1 day 4 hours [READ: Count=22038, Max=2535, Min=210, Avg=224.24, 90=233, 99=253, 99.9=372, 99.99=625] [UPDATE: Count=22125, Max=7291, Min=210, Avg=225.16, 90=233, 99=253, 99.9=368, 99.99=2681] 
2025-02-08 08:22:01:796 50 sec: 212979 operations; 4416.4 current ops/sec; est completion in 1 day 3 hours [READ: Count=21961, Max=1470, Min=202, Avg=224.27, 90=233, 99=259, 99.9=372, 99.99=612] [UPDATE: Count=22203, Max=4037, Min=205, Avg=225.09, 90=233, 99=259, 99.9=378, 99.99=2551] 
2025-02-08 08:22:11:796 60 sec: 256544 operations; 4356.06 current ops/sec; est completion in 1 day 3 hours [READ: Count=21930, Max=4423, Min=209, Avg=227.31, 90=241, 99=329, 99.9=398, 99.99=686] [UPDATE: Count=21635, Max=4239, Min=210, Avg=228.09, 90=241, 99=330, 99.9=425, 99.99=2527] 
Maximum time elapsed. Requesting stop for the workload.
Stop requested for workload. Now Joining!
2025-02-08 08:22:12:807 61 sec: 260570 operations; 3982.2 current ops/sec; est completion in 1 day 3 hours [READ: Count=2036, Max=676, Min=213, Avg=247.06, 90=275, 99=387, 99.9=439, 99.99=676] [CLEANUP: Count=1, Max=1071, Min=1071, Avg=1071, 90=1071, 99=1071, 99.9=1071, 99.99=1071] [UPDATE: Count=1990, Max=4487, Min=213, Avg=250.24, 90=279, 99=367, 99.9=587, 99.99=4487] 
[OVERALL], RunTime(ms), 61016
[OVERALL], Throughput(ops/sec), 4270.51920807657
[TOTAL_GCS_Copy], Count, 24
[TOTAL_GC_TIME_Copy], Time(ms), 17
[TOTAL_GC_TIME_%_Copy], Time(%), 0.027861544512914643
[TOTAL_GCS_MarkSweepCompact], Count, 0
[TOTAL_GC_TIME_MarkSweepCompact], Time(ms), 0
[TOTAL_GC_TIME_%_MarkSweepCompact], Time(%), 0.0
[TOTAL_GCs], Count, 24
[TOTAL_GC_TIME], Time(ms), 17
[TOTAL_GC_TIME_%], Time(%), 0.027861544512914643
[READ], Operations, 130151
[READ], AverageLatency(us), 229.57297293144117
[READ], MinLatency(us), 202
[READ], MaxLatency(us), 12663
[READ], 95thPercentileLatency(us), 252
[READ], 99thPercentileLatency(us), 322
[READ], Return=OK, 130151
[CLEANUP], Operations, 1
[CLEANUP], AverageLatency(us), 1071.0
[CLEANUP], MinLatency(us), 1071
[CLEANUP], MaxLatency(us), 1071
[CLEANUP], 95thPercentileLatency(us), 1071
[CLEANUP], 99thPercentileLatency(us), 1071
[UPDATE], Operations, 130419
[UPDATE], AverageLatency(us), 231.49605502265774
[UPDATE], MinLatency(us), 205
[UPDATE], MaxLatency(us), 23999
[UPDATE], 95thPercentileLatency(us), 253
[UPDATE], 99thPercentileLatency(us), 322
[UPDATE], Return=OK, 130419
AUTOTEST_DONE
