/nix/store/2vwkssqpzykk37r996cafq7x63imf4sp-openjdk-21+35/bin/java  -classpath /nix/store/zw02np72fzsmga6s5mphhw7x8qlzf4sv-ycsb-0.17.0/share/conf:/nix/store/zw02np72fzsmga6s5mphhw7x8qlzf4sv-ycsb-0.17.0/share/lib/core-0.17.0.jar:/nix/store/zw02np72fzsmga6s5mphhw7x8qlzf4sv-ycsb-0.17.0/share/lib/HdrHistogram-2.1.4.jar:/nix/store/zw02np72fzsmga6s5mphhw7x8qlzf4sv-ycsb-0.17.0/share/lib/htrace-core4-4.1.0-incubating.jar:/nix/store/zw02np72fzsmga6s5mphhw7x8qlzf4sv-ycsb-0.17.0/share/lib/jackson-core-asl-1.9.4.jar:/nix/store/zw02np72fzsmga6s5mphhw7x8qlzf4sv-ycsb-0.17.0/share/lib/jackson-mapper-asl-1.9.4.jar:/nix/store/zw02np72fzsmga6s5mphhw7x8qlzf4sv-ycsb-0.17.0/share/redis-binding/lib/commons-pool2-2.4.2.jar:/nix/store/zw02np72fzsmga6s5mphhw7x8qlzf4sv-ycsb-0.17.0/share/redis-binding/lib/jedis-2.9.0.jar:/nix/store/zw02np72fzsmga6s5mphhw7x8qlzf4sv-ycsb-0.17.0/share/redis-binding/lib/redis-binding-0.17.0.jar site.ycsb.Client -t -db site.ycsb.db.RedisClient -s -P /home/host/vmuxIO/test/moonprogs//../../ycsb/share/workloads/workloada -p redis.host=10.1.0.2 -p redis.port=6379 -p operationcount=429496729 -p maxexecutiontime=61 -threads 1
Command line: -t -db site.ycsb.db.RedisClient -s -P /home/host/vmuxIO/test/moonprogs//../../ycsb/share/workloads/workloada -p redis.host=10.1.0.2 -p redis.port=6379 -p operationcount=429496729 -p maxexecutiontime=61 -threads 1
YCSB Client 0.17.0

Loading workload...
Starting test.
Maximum execution time specified as: 61 secs
DBWrapper: report latency for each error is false and specific error codes to track for latency are: []
2024-07-07 15:56:46:899 0 sec: 0 operations; est completion in 0 second 
2024-07-07 15:56:56:711 10 sec: 16312 operations; 1631.04 current ops/sec; est completion in 3 days 1 hour [READ: Count=8122, Max=27311, Min=296, Avg=580.79, 90=752, 99=1258, 99.9=3807, 99.99=11847] [UPDATE: Count=8289, Max=37183, Min=314, Avg=591.64, 90=763, 99=1452, 99.9=4371, 99.99=9359] 
2024-07-07 15:57:06:714 20 sec: 34335 operations; 1801.94 current ops/sec; est completion in 2 days 21 hours [READ: Count=8995, Max=8799, Min=276, Avg=540.54, 90=712, 99=996, 99.9=2423, 99.99=8791] [UPDATE: Count=9024, Max=7755, Min=286, Avg=547.47, 90=725, 99=996, 99.9=1516, 99.99=6895] 
2024-07-07 15:57:16:711 30 sec: 50771 operations; 1643.93 current ops/sec; est completion in 2 days 22 hours [READ: Count=8263, Max=8879, Min=283, Avg=588.27, 90=817, 99=1233, 99.9=2223, 99.99=7351] [UPDATE: Count=8104, Max=8863, Min=291, Avg=594.59, 90=824, 99=1199, 99.9=2357, 99.99=6695] 
2024-07-07 15:57:26:714 40 sec: 70521 operations; 1974.41 current ops/sec; est completion in 2 days 19 hours [READ: Count=9927, Max=6723, Min=277, Avg=497.03, 90=648, 99=873, 99.9=1281, 99.99=6315] [UPDATE: Count=9797, Max=7775, Min=277, Avg=499.26, 90=649, 99=872, 99.9=1207, 99.99=7387] 
2024-07-07 15:57:36:711 50 sec: 90609 operations; 2009.6 current ops/sec; est completion in 2 days 17 hours [READ: Count=9966, Max=8391, Min=277, Avg=492.4, 90=641, 99=862, 99.9=1062, 99.99=6167] [UPDATE: Count=10122, Max=7363, Min=272, Avg=495.72, 90=642, 99=860, 99.9=1119, 99.99=7275] 
2024-07-07 15:57:46:711 60 sec: 107268 operations; 1665.9 current ops/sec; est completion in 2 days 18 hours [READ: Count=8263, Max=9175, Min=285, Avg=598.07, 90=812, 99=1112, 99.9=3849, 99.99=8887] [UPDATE: Count=8396, Max=8255, Min=285, Avg=594.44, 90=810, 99=1107, 99.9=2087, 99.99=4339] 
Maximum time elapsed. Requesting stop for the workload.
Stop requested for workload. Now Joining!
2024-07-07 15:57:47:724 61 sec: 109551 operations; 2253.7 current ops/sec; est completion in 2 days 18 hours [READ: Count=1141, Max=7403, Min=280, Avg=435.72, 90=510, 99=701, 99.9=4323, 99.99=7403] [CLEANUP: Count=1, Max=5335, Min=5332, Avg=5334, 90=5335, 99=5335, 99.9=5335, 99.99=5335] [UPDATE: Count=1142, Max=6159, Min=271, Avg=433.7, 90=525, 99=773, 99.9=3753, 99.99=6159] 
[OVERALL], RunTime(ms), 61020
[OVERALL], Throughput(ops/sec), 1795.329400196657
[TOTAL_GCS_Copy], Count, 10
[TOTAL_GC_TIME_Copy], Time(ms), 18
[TOTAL_GC_TIME_%_Copy], Time(%), 0.029498525073746312
[TOTAL_GCS_MarkSweepCompact], Count, 0
[TOTAL_GC_TIME_MarkSweepCompact], Time(ms), 0
[TOTAL_GC_TIME_%_MarkSweepCompact], Time(%), 0.0
[TOTAL_GCs], Count, 10
[TOTAL_GC_TIME], Time(ms), 18
[TOTAL_GC_TIME_%], Time(%), 0.029498525073746312
[READ], Operations, 54677
[READ], AverageLatency(us), 543.5664721912322
[READ], MinLatency(us), 276
[READ], MaxLatency(us), 27311
[READ], 95thPercentileLatency(us), 822
[READ], 99thPercentileLatency(us), 1064
[READ], Return=OK, 54677
[CLEANUP], Operations, 1
[CLEANUP], AverageLatency(us), 5334.0
[CLEANUP], MinLatency(us), 5332
[CLEANUP], MaxLatency(us), 5335
[CLEANUP], 95thPercentileLatency(us), 5335
[CLEANUP], 99thPercentileLatency(us), 5335
[UPDATE], Operations, 54874
[UPDATE], AverageLatency(us), 547.7673761708642
[UPDATE], MinLatency(us), 271
[UPDATE], MaxLatency(us), 37183
[UPDATE], 95thPercentileLatency(us), 826
[UPDATE], 99thPercentileLatency(us), 1057
[UPDATE], Return=OK, 54874
AUTOTEST_DONE
