Connecting to host 10.1.0.2, port 5201
Reverse mode, remote host 10.1.0.2 is sending
[  5] local 10.1.0.1 port 47460 connected to 10.1.0.2 port 5201
[ ID] Interval           Transfer     Bitrate
[  5]   0.00-1.00   sec  4.39 GBytes  37.7 Gbits/sec                  (omitted)
[  5]   0.00-1.00   sec  4.62 GBytes  39.7 Gbits/sec                  
[  5]   1.00-2.00   sec  4.62 GBytes  39.6 Gbits/sec                  
[  5]   2.00-3.00   sec  4.58 GBytes  39.3 Gbits/sec                  
[  5]   3.00-4.00   sec  4.57 GBytes  39.2 Gbits/sec                  
[  5]   4.00-5.00   sec  4.61 GBytes  39.6 Gbits/sec                  
[  5]   5.00-6.00   sec  4.59 GBytes  39.4 Gbits/sec                  
[  5]   6.00-7.00   sec  4.59 GBytes  39.4 Gbits/sec                  
[  5]   7.00-8.00   sec  4.59 GBytes  39.4 Gbits/sec                  
[  5]   8.00-9.00   sec  4.59 GBytes  39.4 Gbits/sec                  
[  5]   9.00-10.00  sec  4.60 GBytes  39.5 Gbits/sec                  
[  5]  10.00-11.00  sec  4.60 GBytes  39.5 Gbits/sec                  
[  5]  11.00-12.00  sec  4.60 GBytes  39.5 Gbits/sec                  
[  5]  12.00-13.00  sec  4.59 GBytes  39.5 Gbits/sec                  
[  5]  13.00-14.00  sec  4.60 GBytes  39.5 Gbits/sec                  
[  5]  14.00-15.00  sec  4.60 GBytes  39.5 Gbits/sec                  
[  5]  15.00-16.00  sec  4.61 GBytes  39.6 Gbits/sec                  
[  5]  16.00-17.00  sec  4.64 GBytes  39.8 Gbits/sec                  
[  5]  17.00-18.00  sec  4.62 GBytes  39.7 Gbits/sec                  
[  5]  18.00-19.00  sec  4.60 GBytes  39.5 Gbits/sec                  
[  5]  19.00-20.00  sec  4.65 GBytes  40.0 Gbits/sec                  
[  5]  20.00-21.00  sec  4.65 GBytes  39.9 Gbits/sec                  
[  5]  21.00-22.00  sec  4.65 GBytes  40.0 Gbits/sec                  
[  5]  22.00-23.00  sec  4.63 GBytes  39.8 Gbits/sec                  
[  5]  23.00-24.00  sec  4.61 GBytes  39.6 Gbits/sec                  
[  5]  24.00-25.00  sec  4.62 GBytes  39.7 Gbits/sec                  
[  5]  25.00-26.00  sec  4.62 GBytes  39.7 Gbits/sec                  
[  5]  26.00-27.00  sec  4.83 GBytes  41.5 Gbits/sec                  
[  5]  27.00-28.00  sec  4.87 GBytes  41.8 Gbits/sec                  
[  5]  28.00-29.00  sec  4.86 GBytes  41.8 Gbits/sec                  
[  5]  29.00-30.00  sec  4.87 GBytes  41.9 Gbits/sec                  
- - - - - - - - - - - - - - - - - - - - - - - - -
[ ID] Interval           Transfer     Bitrate         Retr
[  5]   0.00-30.00  sec   139 GBytes  39.9 Gbits/sec    0             sender
[  5]   0.00-30.00  sec   139 GBytes  39.9 Gbits/sec                  receiver

iperf Done.
