Running 1m test @ http://10.1.0.21:5000
  8 threads and 16 connections

  Thread calibration: mean lat.: 7.688ms, rate sampling interval: 32ms
  Thread calibration: mean lat.: 7.526ms, rate sampling interval: 35ms
  Thread calibration: mean lat.: 8.020ms, rate sampling interval: 34ms
  Thread calibration: mean lat.: 8.249ms, rate sampling interval: 36ms
  Thread calibration: mean lat.: 7.791ms, rate sampling interval: 35ms
  Thread calibration: mean lat.: 8.189ms, rate sampling interval: 33ms
  Thread calibration: mean lat.: 8.151ms, rate sampling interval: 34ms
  Thread calibration: mean lat.: 7.797ms, rate sampling interval: 35ms

-----------------------------------------------------------------------
Test Results @ http://10.1.0.21:5000 
  Thread Stats   Avg      Stdev     99%   +/- Stdev
    Latency     7.82ms    6.78ms  30.05ms   84.63%
    Req/Sec    64.49     43.80   187.00     71.14%
  Latency Distribution (HdrHistogram - Recorded Latency)
 50.000%    5.38ms
 75.000%   11.57ms
 90.000%   16.77ms
 99.000%   30.05ms
 99.900%   46.56ms
 99.990%   59.36ms
 99.999%   70.59ms
100.000%   70.59ms

  Detailed Percentile spectrum:
       Value   Percentile   TotalCount 1/(1-Percentile)

       0.542     0.000000            1         1.00
       1.758     0.100000         2613         1.11
       1.977     0.200000         5227         1.25
       2.549     0.300000         7832         1.43
       3.927     0.400000        10441         1.67
       5.375     0.500000        13053         2.00
       6.463     0.550000        14353         2.22
       8.079     0.600000        15659         2.50
       9.223     0.650000        16967         2.86
      10.343     0.700000        18272         3.33
      11.567     0.750000        19574         4.00
      12.255     0.775000        20231         4.44
      12.975     0.800000        20882         5.00
      13.759     0.825000        21531         5.71
      14.623     0.850000        22182         6.67
      15.607     0.875000        22836         8.00
      16.175     0.887500        23163         8.89
      16.767     0.900000        23489        10.00
      17.519     0.912500        23817        11.43
      18.367     0.925000        24141        13.33
      19.471     0.937500        24468        16.00
      20.015     0.943750        24629        17.78
      20.655     0.950000        24794        20.00
      21.279     0.956250        24955        22.86
      22.127     0.962500        25121        26.67
      23.167     0.968750        25283        32.00
      23.631     0.971875        25363        35.56
      24.303     0.975000        25444        40.00
      24.991     0.978125        25526        45.71
      25.951     0.981250        25608        53.33
      27.055     0.984375        25689        64.00
      27.839     0.985938        25730        71.11
      28.591     0.987500        25770        80.00
      29.631     0.989062        25812        91.43
      30.511     0.990625        25852       106.67
      31.599     0.992188        25893       128.00
      32.239     0.992969        25914       142.22
      33.087     0.993750        25933       160.00
      33.983     0.994531        25954       182.86
      35.263     0.995313        25974       213.33
      36.671     0.996094        25996       256.00
      37.727     0.996484        26006       284.44
      39.167     0.996875        26015       320.00
      39.967     0.997266        26025       365.71
      41.247     0.997656        26035       426.67
      42.335     0.998047        26046       512.00
      43.391     0.998242        26051       568.89
      44.255     0.998437        26056       640.00
      45.247     0.998633        26062       731.43
      45.663     0.998828        26066       853.33
      46.623     0.999023        26071      1024.00
      46.815     0.999121        26074      1137.78
      47.327     0.999219        26076      1280.00
      49.055     0.999316        26079      1462.86
      50.239     0.999414        26081      1706.67
      51.423     0.999512        26084      2048.00
      52.255     0.999561        26085      2275.56
      53.311     0.999609        26086      2560.00
      54.463     0.999658        26088      2925.71
      56.191     0.999707        26089      3413.33
      58.047     0.999756        26090      4096.00
      58.335     0.999780        26091      4551.11
      58.335     0.999805        26091      5120.00
      58.463     0.999829        26092      5851.43
      59.359     0.999854        26093      6826.67
      59.359     0.999878        26093      8192.00
      60.287     0.999890        26094      9102.22
      60.287     0.999902        26094     10240.00
      60.287     0.999915        26094     11702.86
      63.423     0.999927        26095     13653.33
      63.423     0.999939        26095     16384.00
      63.423     0.999945        26095     18204.44
      63.423     0.999951        26095     20480.00
      63.423     0.999957        26095     23405.71
      70.591     0.999963        26096     27306.67
      70.591     1.000000        26096          inf
#[Mean    =        7.822, StdDeviation   =        6.777]
#[Max     =       70.528, Total count    =        26096]
#[Buckets =           27, SubBuckets     =         2048]
-----------------------------------------------------------------------
  31192 requests in 1.02m, 15.78MB read
Requests/sec:    511.18  
Transfer/sec:    264.81KB
AUTOTEST_DONE
