Running 1m test @ http://10.1.0.21:5000
  8 threads and 16 connections

  Thread calibration: mean lat.: 8.777ms, rate sampling interval: 31ms
  Thread calibration: mean lat.: 8.272ms, rate sampling interval: 33ms
  Thread calibration: mean lat.: 8.927ms, rate sampling interval: 35ms
  Thread calibration: mean lat.: 8.063ms, rate sampling interval: 32ms
  Thread calibration: mean lat.: 9.386ms, rate sampling interval: 34ms
  Thread calibration: mean lat.: 9.068ms, rate sampling interval: 35ms
  Thread calibration: mean lat.: 9.721ms, rate sampling interval: 36ms
  Thread calibration: mean lat.: 8.780ms, rate sampling interval: 33ms

-----------------------------------------------------------------------
Test Results @ http://10.1.0.21:5000 
  Thread Stats   Avg      Stdev     99%   +/- Stdev
    Latency     9.08ms    7.29ms  31.14ms   86.88%
    Req/Sec    31.96     30.86   125.00     53.27%
  Latency Distribution (HdrHistogram - Recorded Latency)
 50.000%    6.56ms
 75.000%   13.20ms
 90.000%   17.61ms
 99.000%   31.14ms
 99.900%   52.61ms
 99.990%  153.73ms
 99.999%  233.60ms
100.000%  233.60ms

  Detailed Percentile spectrum:
       Value   Percentile   TotalCount 1/(1-Percentile)

       1.010     0.000000            1         1.00
       2.807     0.100000         1302         1.11
       3.493     0.200000         2597         1.25
       4.475     0.300000         3894         1.43
       5.331     0.400000         5190         1.67
       6.559     0.500000         6481         2.00
       7.415     0.550000         7129         2.22
       8.687     0.600000         7781         2.50
      10.639     0.650000         8428         2.86
      12.055     0.700000         9078         3.33
      13.199     0.750000         9722         4.00
      13.751     0.775000        10045         4.44
      14.391     0.800000        10373         5.00
      15.063     0.825000        10694         5.71
      15.719     0.850000        11019         6.67
      16.495     0.875000        11347         8.00
      16.991     0.887500        11506         8.89
      17.615     0.900000        11671        10.00
      18.159     0.912500        11830        11.43
      18.847     0.925000        11992        13.33
      19.535     0.937500        12152        16.00
      20.015     0.943750        12232        17.78
      20.559     0.950000        12313        20.00
      21.167     0.956250        12396        22.86
      22.015     0.962500        12475        26.67
      23.023     0.968750        12557        32.00
      23.519     0.971875        12598        35.56
      24.127     0.975000        12637        40.00
      25.103     0.978125        12678        45.71
      26.175     0.981250        12718        53.33
      27.183     0.984375        12759        64.00
      27.983     0.985938        12779        71.11
      28.783     0.987500        12799        80.00
      30.111     0.989062        12820        91.43
      31.743     0.990625        12840       106.67
      33.439     0.992188        12860       128.00
      34.367     0.992969        12871       142.22
      35.167     0.993750        12880       160.00
      36.479     0.994531        12891       182.86
      38.175     0.995313        12901       213.33
      40.319     0.996094        12911       256.00
      40.863     0.996484        12916       284.44
      43.199     0.996875        12921       320.00
      44.319     0.997266        12926       365.71
      45.407     0.997656        12931       426.67
      46.879     0.998047        12936       512.00
      47.359     0.998242        12939       568.89
      48.031     0.998437        12941       640.00
      50.879     0.998633        12944       731.43
      51.647     0.998828        12946       853.33
      52.735     0.999023        12949      1024.00
      52.831     0.999121        12950      1137.78
      60.447     0.999219        12951      1280.00
      64.255     0.999316        12953      1462.86
      84.799     0.999414        12954      1706.67
      91.519     0.999512        12955      2048.00
      99.263     0.999561        12956      2275.56
      99.263     0.999609        12956      2560.00
     115.135     0.999658        12957      2925.71
     115.263     0.999707        12958      3413.33
     115.263     0.999756        12958      4096.00
     134.015     0.999780        12959      4551.11
     134.015     0.999805        12959      5120.00
     134.015     0.999829        12959      5851.43
     153.727     0.999854        12960      6826.67
     153.727     0.999878        12960      8192.00
     153.727     0.999890        12960      9102.22
     153.727     0.999902        12960     10240.00
     153.727     0.999915        12960     11702.86
     233.599     0.999927        12961     13653.33
     233.599     1.000000        12961          inf
#[Mean    =        9.081, StdDeviation   =        7.287]
#[Max     =      233.472, Total count    =        12961]
#[Buckets =           27, SubBuckets     =         2048]
-----------------------------------------------------------------------
  15552 requests in 1.02m, 22.60MB read
Requests/sec:    254.62  
Transfer/sec:    378.92KB
AUTOTEST_DONE
