Running 1m test @ http://10.1.0.21:5000
  8 threads and 16 connections

  Thread calibration: mean lat.: 5.007ms, rate sampling interval: 21ms
  Thread calibration: mean lat.: 6.238ms, rate sampling interval: 30ms
  Thread calibration: mean lat.: 6.207ms, rate sampling interval: 22ms
  Thread calibration: mean lat.: 5.726ms, rate sampling interval: 25ms
  Thread calibration: mean lat.: 6.057ms, rate sampling interval: 25ms
  Thread calibration: mean lat.: 5.651ms, rate sampling interval: 25ms
  Thread calibration: mean lat.: 7.411ms, rate sampling interval: 29ms
  Thread calibration: mean lat.: 5.776ms, rate sampling interval: 24ms

-----------------------------------------------------------------------
Test Results @ http://10.1.0.21:5000 
  Thread Stats   Avg      Stdev     99%   +/- Stdev
    Latency     5.99ms    4.45ms  17.31ms   75.78%
    Req/Sec     3.95     12.73    47.00     90.73%
  Latency Distribution (HdrHistogram - Recorded Latency)
 50.000%    4.12ms
 75.000%   10.32ms
 90.000%   12.75ms
 99.000%   17.31ms
 99.900%   19.61ms
 99.990%   22.08ms
 99.999%   22.08ms
100.000%   22.08ms

  Detailed Percentile spectrum:
       Value   Percentile   TotalCount 1/(1-Percentile)

       0.989     0.000000            1         1.00
       2.111     0.100000          162         1.11
       2.277     0.200000          326         1.25
       2.423     0.300000          484         1.43
       3.701     0.400000          644         1.67
       4.119     0.500000          807         2.00
       4.243     0.550000          888         2.22
       4.419     0.600000          966         2.50
       4.847     0.650000         1047         2.86
       9.439     0.700000         1127         3.33
      10.319     0.750000         1208         4.00
      10.623     0.775000         1248         4.44
      10.919     0.800000         1288         5.00
      11.327     0.825000         1330         5.71
      11.815     0.850000         1369         6.67
      12.335     0.875000         1409         8.00
      12.487     0.887500         1429         8.89
      12.751     0.900000         1449        10.00
      13.183     0.912500         1470        11.43
      13.551     0.925000         1490        13.33
      13.839     0.937500         1510        16.00
      14.015     0.943750         1520        17.78
      14.335     0.950000         1530        20.00
      14.623     0.956250         1541        22.86
      15.039     0.962500         1550        26.67
      15.327     0.968750         1560        32.00
      15.479     0.971875         1567        35.56
      15.599     0.975000         1570        40.00
      15.799     0.978125         1575        45.71
      16.055     0.981250         1580        53.33
      16.495     0.984375         1585        64.00
      16.655     0.985938         1588        71.11
      16.735     0.987500         1590        80.00
      17.295     0.989062         1593        91.43
      17.391     0.990625         1595       106.67
      17.455     0.992188         1598       128.00
      17.551     0.992969         1600       142.22
      17.551     0.993750         1600       160.00
      18.367     0.994531         1602       182.86
      18.463     0.995313         1603       213.33
      18.527     0.996094         1604       256.00
      18.559     0.996484         1605       284.44
      18.559     0.996875         1605       320.00
      18.591     0.997266         1606       365.71
      18.959     0.997656         1607       426.67
      18.959     0.998047         1607       512.00
      19.615     0.998242         1608       568.89
      19.615     0.998437         1608       640.00
      19.615     0.998633         1608       731.43
      21.103     0.998828         1609       853.33
      21.103     0.999023         1609      1024.00
      21.103     0.999121         1609      1137.78
      21.103     0.999219         1609      1280.00
      21.103     0.999316         1609      1462.86
      22.079     0.999414         1610      1706.67
      22.079     1.000000         1610          inf
#[Mean    =        5.985, StdDeviation   =        4.453]
#[Max     =       22.064, Total count    =         1610]
#[Buckets =           27, SubBuckets     =         2048]
-----------------------------------------------------------------------
  1963 requests in 1.03m, 2.60MB read
  Socket errors: connect 0, read 0, write 0, timeout 12
Requests/sec:     31.66  
Transfer/sec:     42.97KB
AUTOTEST_DONE
