Running 1m test @ http://10.1.0.21:5000
  8 threads and 16 connections

  Thread calibration: mean lat.: 10.418ms, rate sampling interval: 42ms
  Thread calibration: mean lat.: 10.292ms, rate sampling interval: 40ms
  Thread calibration: mean lat.: 10.511ms, rate sampling interval: 44ms
  Thread calibration: mean lat.: 9.623ms, rate sampling interval: 38ms
  Thread calibration: mean lat.: 10.504ms, rate sampling interval: 42ms
  Thread calibration: mean lat.: 10.871ms, rate sampling interval: 44ms
  Thread calibration: mean lat.: 9.669ms, rate sampling interval: 38ms
  Thread calibration: mean lat.: 9.774ms, rate sampling interval: 41ms

-----------------------------------------------------------------------
Test Results @ http://10.1.0.21:5000 
  Thread Stats   Avg      Stdev     99%   +/- Stdev
    Latency    10.11ms    8.02ms  37.66ms   83.31%
    Req/Sec    64.40     40.11   175.00     72.16%
  Latency Distribution (HdrHistogram - Recorded Latency)
 50.000%    7.53ms
 75.000%   14.34ms
 90.000%   20.43ms
 99.000%   37.66ms
 99.900%   55.90ms
 99.990%   71.68ms
 99.999%   89.34ms
100.000%   89.34ms

  Detailed Percentile spectrum:
       Value   Percentile   TotalCount 1/(1-Percentile)

       0.927     0.000000            1         1.00
       2.585     0.100000         2611         1.11
       3.285     0.200000         5219         1.25
       4.431     0.300000         7831         1.43
       5.719     0.400000        10439         1.67
       7.527     0.500000        13048         2.00
       8.895     0.550000        14353         2.22
      10.359     0.600000        15657         2.50
      11.663     0.650000        16962         2.86
      12.951     0.700000        18264         3.33
      14.335     0.750000        19573         4.00
      15.095     0.775000        20226         4.44
      15.903     0.800000        20873         5.00
      16.799     0.825000        21526         5.71
      17.839     0.850000        22182         6.67
      18.975     0.875000        22837         8.00
      19.663     0.887500        23160         8.89
      20.431     0.900000        23483        10.00
      21.375     0.912500        23808        11.43
      22.399     0.925000        24136        13.33
      23.679     0.937500        24461        16.00
      24.367     0.943750        24623        17.78
      25.263     0.950000        24786        20.00
      26.239     0.956250        24952        22.86
      27.279     0.962500        25114        26.67
      28.559     0.968750        25275        32.00
      29.407     0.971875        25358        35.56
      30.223     0.975000        25438        40.00
      31.311     0.978125        25520        45.71
      32.543     0.981250        25603        53.33
      34.079     0.984375        25684        64.00
      34.879     0.985938        25725        71.11
      35.903     0.987500        25768        80.00
      37.119     0.989062        25805        91.43
      38.207     0.990625        25846       106.67
      39.551     0.992188        25887       128.00
      40.287     0.992969        25907       142.22
      41.247     0.993750        25927       160.00
      42.335     0.994531        25949       182.86
      43.359     0.995313        25968       213.33
      44.959     0.996094        25989       256.00
      45.887     0.996484        26000       284.44
      46.303     0.996875        26010       320.00
      46.847     0.997266        26019       365.71
      48.031     0.997656        26029       426.67
      49.215     0.998047        26040       512.00
      50.431     0.998242        26045       568.89
      51.711     0.998437        26050       640.00
      52.767     0.998633        26055       731.43
      54.399     0.998828        26060       853.33
      56.127     0.999023        26065      1024.00
      57.055     0.999121        26068      1137.78
      57.375     0.999219        26070      1280.00
      58.591     0.999316        26073      1462.86
      59.551     0.999414        26075      1706.67
      60.639     0.999512        26078      2048.00
      60.799     0.999561        26079      2275.56
      61.695     0.999609        26080      2560.00
      63.167     0.999658        26082      2925.71
      64.543     0.999707        26083      3413.33
      66.559     0.999756        26084      4096.00
      66.879     0.999780        26085      4551.11
      66.879     0.999805        26085      5120.00
      68.095     0.999829        26086      5851.43
      71.679     0.999854        26087      6826.67
      71.679     0.999878        26087      8192.00
      72.383     0.999890        26088      9102.22
      72.383     0.999902        26088     10240.00
      72.383     0.999915        26088     11702.86
      81.663     0.999927        26089     13653.33
      81.663     0.999939        26089     16384.00
      81.663     0.999945        26089     18204.44
      81.663     0.999951        26089     20480.00
      81.663     0.999957        26089     23405.71
      89.343     0.999963        26090     27306.67
      89.343     1.000000        26090          inf
#[Mean    =       10.113, StdDeviation   =        8.022]
#[Max     =       89.280, Total count    =        26090]
#[Buckets =           27, SubBuckets     =         2048]
-----------------------------------------------------------------------
  31192 requests in 1.02m, 19.34MB read
Requests/sec:    511.18  
Transfer/sec:    324.54KB
AUTOTEST_DONE
