Running 1m test @ http://10.1.0.21:5000
  8 threads and 16 connections

  Thread calibration: mean lat.: 30.920ms, rate sampling interval: 433ms
  Thread calibration: mean lat.: 19.467ms, rate sampling interval: 35ms
  Thread calibration: mean lat.: 39.564ms, rate sampling interval: 437ms
  Thread calibration: mean lat.: 19.437ms, rate sampling interval: 27ms
  Thread calibration: mean lat.: 38.906ms, rate sampling interval: 430ms
  Thread calibration: mean lat.: 14.474ms, rate sampling interval: 24ms
  Thread calibration: mean lat.: 18.253ms, rate sampling interval: 26ms
  Thread calibration: mean lat.: 34.087ms, rate sampling interval: 260ms

-----------------------------------------------------------------------
Test Results @ http://10.1.0.21:5000 
  Thread Stats   Avg      Stdev     99%   +/- Stdev
    Latency     7.41ms   13.54ms  18.77ms   99.53%
    Req/Sec     1.98      8.22    41.00     95.00%
  Latency Distribution (HdrHistogram - Recorded Latency)
 50.000%    4.84ms
 75.000%   11.36ms
 90.000%   13.47ms
 99.000%   18.77ms
 99.900%  220.54ms
 99.990%  223.87ms
 99.999%  223.87ms
100.000%  223.87ms

  Detailed Percentile spectrum:
       Value   Percentile   TotalCount 1/(1-Percentile)

       1.510     0.000000            1         1.00
       2.633     0.100000           85         1.11
       2.863     0.200000          170         1.25
       3.073     0.300000          253         1.43
       4.135     0.400000          338         1.67
       4.835     0.500000          422         2.00
       5.003     0.550000          464         2.22
       5.211     0.600000          508         2.50
       5.631     0.650000          548         2.86
       9.351     0.700000          591         3.33
      11.367     0.750000          633         4.00
      11.687     0.775000          654         4.44
      11.959     0.800000          675         5.00
      12.231     0.825000          696         5.71
      12.623     0.850000          717         6.67
      13.007     0.875000          738         8.00
      13.207     0.887500          749         8.89
      13.471     0.900000          759        10.00
      14.023     0.912500          770        11.43
      14.343     0.925000          780        13.33
      14.791     0.937500          791        16.00
      15.031     0.943750          796        17.78
      15.383     0.950000          801        20.00
      15.623     0.956250          807        22.86
      15.895     0.962500          812        26.67
      16.399     0.968750          817        32.00
      16.495     0.971875          820        35.56
      16.703     0.975000          823        40.00
      17.087     0.978125          826        45.71
      17.471     0.981250          828        53.33
      17.615     0.984375          830        64.00
      18.287     0.985938          832        71.11
      18.319     0.987500          833        80.00
      18.351     0.989062          834        91.43
      19.039     0.990625          836       106.67
      19.135     0.992188          837       128.00
      19.391     0.992969          838       142.22
      19.391     0.993750          838       160.00
      20.495     0.994531          839       182.86
      22.895     0.995313          840       213.33
      22.895     0.996094          840       256.00
     218.367     0.996484          841       284.44
     218.367     0.996875          841       320.00
     218.367     0.997266          841       365.71
     220.543     0.997656          842       426.67
     220.543     0.998047          842       512.00
     220.543     0.998242          842       568.89
     220.543     0.998437          842       640.00
     220.543     0.998633          842       731.43
     223.871     0.998828          843       853.33
     223.871     1.000000          843          inf
#[Mean    =        7.414, StdDeviation   =       13.537]
#[Max     =      223.744, Total count    =          843]
#[Buckets =           27, SubBuckets     =         2048]
-----------------------------------------------------------------------
  1020 requests in 1.03m, 1.48MB read
  Socket errors: connect 0, read 0, write 0, timeout 51
Requests/sec:     16.47  
Transfer/sec:     24.42KB
AUTOTEST_DONE
