Running 1m test @ http://10.1.0.21:5000
  8 threads and 16 connections

  Thread calibration: mean lat.: 6.712ms, rate sampling interval: 28ms
  Thread calibration: mean lat.: 6.621ms, rate sampling interval: 29ms
  Thread calibration: mean lat.: 6.347ms, rate sampling interval: 27ms
  Thread calibration: mean lat.: 6.868ms, rate sampling interval: 28ms
  Thread calibration: mean lat.: 6.612ms, rate sampling interval: 30ms
  Thread calibration: mean lat.: 6.634ms, rate sampling interval: 30ms
  Thread calibration: mean lat.: 6.647ms, rate sampling interval: 29ms
  Thread calibration: mean lat.: 6.542ms, rate sampling interval: 29ms

-----------------------------------------------------------------------
Test Results @ http://10.1.0.21:5000 
  Thread Stats   Avg      Stdev     99%   +/- Stdev
    Latency     6.81ms    5.75ms  23.98ms   81.93%
    Req/Sec    32.05     33.13   137.00     78.90%
  Latency Distribution (HdrHistogram - Recorded Latency)
 50.000%    4.06ms
 75.000%   10.83ms
 90.000%   15.17ms
 99.000%   23.98ms
 99.900%   32.32ms
 99.990%   40.64ms
 99.999%   42.24ms
100.000%   42.24ms

  Detailed Percentile spectrum:
       Value   Percentile   TotalCount 1/(1-Percentile)

       0.682     0.000000            1         1.00
       1.790     0.100000         1301         1.11
       1.953     0.200000         2598         1.25
       2.215     0.300000         3889         1.43
       3.555     0.400000         5193         1.67
       4.059     0.500000         6487         2.00
       4.607     0.550000         7129         2.22
       5.767     0.600000         7778         2.50
       7.883     0.650000         8428         2.86
       9.727     0.700000         9073         3.33
      10.831     0.750000         9723         4.00
      11.439     0.775000        10047         4.44
      12.007     0.800000        10372         5.00
      12.623     0.825000        10698         5.71
      13.375     0.850000        11019         6.67
      14.167     0.875000        11343         8.00
      14.695     0.887500        11506         8.89
      15.167     0.900000        11668        10.00
      15.687     0.912500        11829        11.43
      16.287     0.925000        11989        13.33
      17.055     0.937500        12151        16.00
      17.503     0.943750        12233        17.78
      17.919     0.950000        12316        20.00
      18.319     0.956250        12394        22.86
      18.831     0.962500        12476        26.67
      19.487     0.968750        12556        32.00
      19.823     0.971875        12598        35.56
      20.223     0.975000        12637        40.00
      20.847     0.978125        12678        45.71
      21.343     0.981250        12718        53.33
      21.951     0.984375        12760        64.00
      22.351     0.985938        12780        71.11
      22.799     0.987500        12799        80.00
      23.727     0.989062        12820        91.43
      24.367     0.990625        12840       106.67
      25.071     0.992188        12860       128.00
      25.375     0.992969        12870       142.22
      26.031     0.993750        12880       160.00
      26.447     0.994531        12891       182.86
      27.183     0.995313        12901       213.33
      27.807     0.996094        12911       256.00
      28.719     0.996484        12916       284.44
      29.567     0.996875        12921       320.00
      29.823     0.997266        12926       365.71
      30.383     0.997656        12931       426.67
      31.055     0.998047        12936       512.00
      31.327     0.998242        12939       568.89
      31.551     0.998437        12942       640.00
      31.663     0.998633        12944       731.43
      32.079     0.998828        12946       853.33
      32.735     0.999023        12949      1024.00
      33.535     0.999121        12950      1137.78
      33.887     0.999219        12951      1280.00
      35.359     0.999316        12953      1462.86
      35.615     0.999414        12954      1706.67
      37.119     0.999512        12955      2048.00
      37.247     0.999561        12956      2275.56
      37.247     0.999609        12956      2560.00
      37.311     0.999658        12957      2925.71
      38.687     0.999707        12958      3413.33
      38.687     0.999756        12958      4096.00
      39.615     0.999780        12959      4551.11
      39.615     0.999805        12959      5120.00
      39.615     0.999829        12959      5851.43
      40.639     0.999854        12960      6826.67
      40.639     0.999878        12960      8192.00
      40.639     0.999890        12960      9102.22
      40.639     0.999902        12960     10240.00
      40.639     0.999915        12960     11702.86
      42.239     0.999927        12961     13653.33
      42.239     1.000000        12961          inf
#[Mean    =        6.807, StdDeviation   =        5.752]
#[Max     =       42.208, Total count    =        12961]
#[Buckets =           27, SubBuckets     =         2048]
-----------------------------------------------------------------------
  15553 requests in 1.02m, 15.53MB read
Requests/sec:    254.62  
Transfer/sec:    260.37KB
AUTOTEST_DONE
