Running 1m test @ http://10.1.0.42:8080/wrk2-api/review/compose
  8 threads and 16 connections

reconnect_socket
reconnect_socket
reconnect_socket
reconnect_socket
  Thread calibration: mean lat.: 16.617ms, rate sampling interval: 57ms
  Thread calibration: mean lat.: 15.403ms, rate sampling interval: 43ms
  Thread calibration: mean lat.: 17.700ms, rate sampling interval: 63ms
  Thread calibration: mean lat.: 16.130ms, rate sampling interval: 49ms
  Thread calibration: mean lat.: 17.065ms, rate sampling interval: 54ms
  Thread calibration: mean lat.: 16.049ms, rate sampling interval: 55ms
  Thread calibration: mean lat.: 17.580ms, rate sampling interval: 55ms
  Thread calibration: mean lat.: 15.730ms, rate sampling interval: 54ms
reconnect_socket
reconnect_socket

-----------------------------------------------------------------------
Test Results @ http://10.1.0.42:8080/wrk2-api/review/compose 
  Thread Stats   Avg      Stdev     99%   +/- Stdev
    Latency    15.70ms    7.43ms  39.90ms   80.45%
    Req/Sec     7.83     12.32    47.00     89.17%
  Latency Distribution (HdrHistogram - Recorded Latency)
 50.000%   13.49ms
 75.000%   19.07ms
 90.000%   26.48ms
 99.000%   39.90ms
 99.900%   52.96ms
 99.990%   58.27ms
 99.999%   58.27ms
100.000%   58.27ms

  Detailed Percentile spectrum:
       Value   Percentile   TotalCount 1/(1-Percentile)

       5.927     0.000000            1         1.00
       9.319     0.100000          324         1.11
       9.935     0.200000          645         1.25
      10.327     0.300000          973         1.43
      10.839     0.400000         1290         1.67
      13.495     0.500000         1613         2.00
      14.783     0.550000         1774         2.22
      15.743     0.600000         1935         2.50
      16.591     0.650000         2099         2.86
      17.423     0.700000         2261         3.33
      19.103     0.750000         2418         4.00
      20.255     0.775000         2499         4.44
      21.119     0.800000         2579         5.00
      22.191     0.825000         2659         5.71
      23.087     0.850000         2742         6.67
      24.639     0.875000         2821         8.00
      25.551     0.887500         2861         8.89
      26.479     0.900000         2901        10.00
      27.183     0.912500         2942        11.43
      28.271     0.925000         2983        13.33
      29.295     0.937500         3022        16.00
      29.839     0.943750         3043        17.78
      30.575     0.950000         3062        20.00
      31.295     0.956250         3082        22.86
      32.431     0.962500         3104        26.67
      33.727     0.968750         3123        32.00
      34.271     0.971875         3133        35.56
      34.687     0.975000         3144        40.00
      35.167     0.978125         3153        45.71
      36.415     0.981250         3163        53.33
      37.695     0.984375         3173        64.00
      37.919     0.985938         3178        71.11
      38.431     0.987500         3183        80.00
      39.295     0.989062         3188        91.43
      40.831     0.990625         3193       106.67
      42.431     0.992188         3198       128.00
      42.783     0.992969         3202       142.22
      42.911     0.993750         3203       160.00
      43.615     0.994531         3206       182.86
      43.935     0.995313         3208       213.33
      44.895     0.996094         3211       256.00
      46.015     0.996484         3212       284.44
      46.079     0.996875         3213       320.00
      47.327     0.997266         3216       365.71
      47.327     0.997656         3216       426.67
      48.543     0.998047         3217       512.00
      49.119     0.998242         3218       568.89
      49.119     0.998437         3218       640.00
      52.927     0.998633         3219       731.43
      52.959     0.998828         3220       853.33
      52.959     0.999023         3220      1024.00
      53.791     0.999121         3221      1137.78
      53.791     0.999219         3221      1280.00
      53.791     0.999316         3221      1462.86
      54.623     0.999414         3222      1706.67
      54.623     0.999512         3222      2048.00
      54.623     0.999561         3222      2275.56
      54.623     0.999609         3222      2560.00
      54.623     0.999658         3222      2925.71
      58.271     0.999707         3223      3413.33
      58.271     1.000000         3223          inf
#[Mean    =       15.696, StdDeviation   =        7.425]
#[Max     =       58.240, Total count    =         3223]
#[Buckets =           27, SubBuckets     =         2048]
-----------------------------------------------------------------------
  3914 requests in 1.02m, 704.31KB read
  Non-2xx or 3xx responses: 6
Requests/sec:     63.97  
Transfer/sec:     11.51KB
AUTOTEST_DONE
