Running 1m test @ http://10.1.0.42:8080/wrk2-api/review/compose
  8 threads and 16 connections

  Thread calibration: mean lat.: 12.223ms, rate sampling interval: 35ms
  Thread calibration: mean lat.: 11.266ms, rate sampling interval: 30ms
  Thread calibration: mean lat.: 10.926ms, rate sampling interval: 30ms
  Thread calibration: mean lat.: 10.722ms, rate sampling interval: 25ms
  Thread calibration: mean lat.: 10.709ms, rate sampling interval: 22ms
  Thread calibration: mean lat.: 11.230ms, rate sampling interval: 23ms
  Thread calibration: mean lat.: 11.533ms, rate sampling interval: 31ms
  Thread calibration: mean lat.: 11.700ms, rate sampling interval: 31ms
reconnect_socket
reconnect_socket

-----------------------------------------------------------------------
Test Results @ http://10.1.0.42:8080/wrk2-api/review/compose 
  Thread Stats   Avg      Stdev     99%   +/- Stdev
    Latency    11.25ms    3.03ms  22.66ms   80.07%
    Req/Sec     2.06      8.75    45.00     94.47%
  Latency Distribution (HdrHistogram - Recorded Latency)
 50.000%   10.38ms
 75.000%   10.89ms
 90.000%   15.73ms
 99.000%   22.66ms
 99.900%   28.09ms
 99.990%   38.43ms
 99.999%   38.43ms
100.000%   38.43ms

  Detailed Percentile spectrum:
       Value   Percentile   TotalCount 1/(1-Percentile)

       6.283     0.000000            1         1.00
       9.471     0.100000           86         1.11
       9.887     0.200000          172         1.25
      10.071     0.300000          253         1.43
      10.247     0.400000          342         1.67
      10.383     0.500000          422         2.00
      10.455     0.550000          464         2.22
      10.551     0.600000          506         2.50
      10.631     0.650000          549         2.86
      10.743     0.700000          592         3.33
      10.895     0.750000          633         4.00
      11.031     0.775000          654         4.44
      11.415     0.800000          675         5.00
      12.391     0.825000          696         5.71
      14.007     0.850000          717         6.67
      14.815     0.875000          738         8.00
      15.287     0.887500          749         8.89
      15.735     0.900000          759        10.00
      16.055     0.912500          770        11.43
      16.591     0.925000          780        13.33
      16.863     0.937500          791        16.00
      17.007     0.943750          796        17.78
      17.119     0.950000          801        20.00
      17.343     0.956250          807        22.86
      17.695     0.962500          812        26.67
      18.031     0.968750          817        32.00
      18.431     0.971875          820        35.56
      18.815     0.975000          822        40.00
      19.471     0.978125          825        45.71
      21.599     0.981250          828        53.33
      21.839     0.984375          830        64.00
      22.175     0.985938          832        71.11
      22.367     0.987500          833        80.00
      22.527     0.989062          834        91.43
      24.255     0.990625          836       106.67
      24.591     0.992188          837       128.00
      24.607     0.992969          838       142.22
      24.607     0.993750          838       160.00
      25.023     0.994531          839       182.86
      25.695     0.995313          840       213.33
      25.695     0.996094          840       256.00
      27.407     0.996484          841       284.44
      27.407     0.996875          841       320.00
      27.407     0.997266          841       365.71
      28.095     0.997656          842       426.67
      28.095     0.998047          842       512.00
      28.095     0.998242          842       568.89
      28.095     0.998437          842       640.00
      28.095     0.998633          842       731.43
      38.431     0.998828          843       853.33
      38.431     1.000000          843          inf
#[Mean    =       11.249, StdDeviation   =        3.031]
#[Max     =       38.400, Total count    =          843]
#[Buckets =           27, SubBuckets     =         2048]
-----------------------------------------------------------------------
  1019 requests in 1.03m, 183.44KB read
  Socket errors: connect 0, read 0, write 0, timeout 52
  Non-2xx or 3xx responses: 2
Requests/sec:     16.43  
Transfer/sec:      2.96KB
AUTOTEST_DONE
