Running 1m test @ http://10.1.0.42:8080/wrk2-api/review/compose
  8 threads and 16 connections

  Thread calibration: mean lat.: 7.790ms, rate sampling interval: 17ms
  Thread calibration: mean lat.: 7.997ms, rate sampling interval: 16ms
  Thread calibration: mean lat.: 7.483ms, rate sampling interval: 16ms
  Thread calibration: mean lat.: 8.156ms, rate sampling interval: 19ms
  Thread calibration: mean lat.: 8.179ms, rate sampling interval: 19ms
  Thread calibration: mean lat.: 7.743ms, rate sampling interval: 15ms
  Thread calibration: mean lat.: 8.431ms, rate sampling interval: 16ms
  Thread calibration: mean lat.: 7.512ms, rate sampling interval: 16ms

-----------------------------------------------------------------------
Test Results @ http://10.1.0.42:8080/wrk2-api/review/compose 
  Thread Stats   Avg      Stdev     99%   +/- Stdev
    Latency     8.12ms    1.38ms  14.06ms   86.54%
    Req/Sec     1.07      8.11    62.00     98.26%
  Latency Distribution (HdrHistogram - Recorded Latency)
 50.000%    7.72ms
 75.000%    8.19ms
 90.000%    9.52ms
 99.000%   14.06ms
 99.900%   17.18ms
 99.990%   17.18ms
 99.999%   17.18ms
100.000%   17.18ms

  Detailed Percentile spectrum:
       Value   Percentile   TotalCount 1/(1-Percentile)

       5.651     0.000000            1         1.00
       7.219     0.100000           44         1.11
       7.391     0.200000           88         1.25
       7.499     0.300000          132         1.43
       7.599     0.400000          173         1.67
       7.715     0.500000          217         2.00
       7.787     0.550000          238         2.22
       7.859     0.600000          259         2.50
       7.979     0.650000          281         2.86
       8.075     0.700000          302         3.33
       8.231     0.750000          324         4.00
       8.311     0.775000          335         4.44
       8.367     0.800000          345         5.00
       8.535     0.825000          356         5.71
       8.815     0.850000          367         6.67
       9.199     0.875000          378         8.00
       9.391     0.887500          383         8.89
       9.519     0.900000          389        10.00
      10.047     0.912500          394        11.43
      10.295     0.925000          399        13.33
      10.855     0.937500          405        16.00
      11.047     0.943750          407        17.78
      11.151     0.950000          410        20.00
      11.487     0.956250          413        22.86
      11.663     0.962500          415        26.67
      11.767     0.968750          418        32.00
      11.807     0.971875          419        35.56
      11.951     0.975000          421        40.00
      12.111     0.978125          422        45.71
      12.135     0.981250          423        53.33
      12.511     0.984375          425        64.00
      12.511     0.985938          425        71.11
      12.759     0.987500          426        80.00
      14.055     0.989062          427        91.43
      14.055     0.990625          427       106.67
      14.631     0.992188          428       128.00
      14.631     0.992969          428       142.22
      14.975     0.993750          429       160.00
      14.975     0.994531          429       182.86
      14.975     0.995313          429       213.33
      16.991     0.996094          430       256.00
      16.991     0.996484          430       284.44
      16.991     0.996875          430       320.00
      16.991     0.997266          430       365.71
      16.991     0.997656          430       426.67
      17.183     0.998047          431       512.00
      17.183     1.000000          431          inf
#[Mean    =        8.118, StdDeviation   =        1.378]
#[Max     =       17.168, Total count    =          431]
#[Buckets =           27, SubBuckets     =         2048]
-----------------------------------------------------------------------
  531 requests in 1.03m, 95.41KB read
  Socket errors: connect 0, read 0, write 0, timeout 156
Requests/sec:      8.56  
Transfer/sec:      1.54KB
AUTOTEST_DONE
