   repetitions  num_vms interface fastclick   rate  repetition  vm_num  rxPackets   txPackets     txMpps  rxMppsCalc
0            3       64  vmux-med  software  40000           1       1    5886700  2073073067  34.033055    0.096640
0            3       64  vmux-med  software  40000           1       2    4154289  2073073067  34.033055    0.068200
0            3       64  vmux-med  software  40000           1       3    5734463  2073073067  34.033055    0.094141
0            3       64  vmux-med  software  40000           1       4    6944937  2073073067  34.033055    0.114013
0            3       64  vmux-med  software  40000           1       5    3852269  2073073067  34.033055    0.063242
0            3       64  vmux-med  software  40000           1       6    6270271  2073073067  34.033055    0.102937
0            3       64  vmux-med  software  40000           1       7    4823335  2073073067  34.033055    0.079183
0            3       64  vmux-med  software  40000           1       8    6143925  2073073067  34.033055    0.100863
0            3       64  vmux-med  software  40000           1       9    5644978  2073073067  34.033055    0.092672
0            3       64  vmux-med  software  40000           1      10    4876970  2073073067  34.033055    0.080064
0            3       64  vmux-med  software  40000           1      11    5845311  2073073067  34.033055    0.095961
0            3       64  vmux-med  software  40000           1      12    5516323  2073073067  34.033055    0.090560
0            3       64  vmux-med  software  40000           1      13    4903295  2073073067  34.033055    0.080496
0            3       64  vmux-med  software  40000           1      14    6572415  2073073067  34.033055    0.107897
0            3       64  vmux-med  software  40000           1      15    4083426  2073073067  34.033055    0.067036
0            3       64  vmux-med  software  40000           1      16    5571519  2073073067  34.033055    0.091466
0            3       64  vmux-med  software  40000           1      17    6210010  2073073067  34.033055    0.101948
0            3       64  vmux-med  software  40000           1      18    5799834  2073073067  34.033055    0.095214
0            3       64  vmux-med  software  40000           1      19    7602279  2073073067  34.033055    0.124804
0            3       64  vmux-med  software  40000           1      20    6503135  2073073067  34.033055    0.106760
0            3       64  vmux-med  software  40000           1      21    9439231  2073073067  34.033055    0.154961
0            3       64  vmux-med  software  40000           1      22    6312239  2073073067  34.033055    0.103626
0            3       64  vmux-med  software  40000           1      23    5190832  2073073067  34.033055    0.085216
0            3       64  vmux-med  software  40000           1      24    7565695  2073073067  34.033055    0.124204
0            3       64  vmux-med  software  40000           1      25    6767871  2073073067  34.033055    0.111106
0            3       64  vmux-med  software  40000           1      26    4403106  2073073067  34.033055    0.072285
0            3       64  vmux-med  software  40000           1      27    5762906  2073073067  34.033055    0.094608
0            3       64  vmux-med  software  40000           1      28    6124637  2073073067  34.033055    0.100546
0            3       64  vmux-med  software  40000           1      29    3964271  2073073067  34.033055    0.065080
0            3       64  vmux-med  software  40000           1      30    6272475  2073073067  34.033055    0.102973
0            3       64  vmux-med  software  40000           1      31    4959607  2073073067  34.033055    0.081420
0            3       64  vmux-med  software  40000           1      32    6435839  2073073067  34.033055    0.105655
0            3       64  vmux-med  software  40000           1      33    5785599  2073073067  34.033055    0.094981
0            3       64  vmux-med  software  40000           1      34    4526274  2073073067  34.033055    0.074307
0            3       64  vmux-med  software  40000           1      35    5567843  2073073067  34.033055    0.091406
0            3       64  vmux-med  software  40000           1      36    6098835  2073073067  34.033055    0.100123
0            3       64  vmux-med  software  40000           1      37    4796447  2073073067  34.033055    0.078742
0            3       64  vmux-med  software  40000           1      38    6773325  2073073067  34.033055    0.111196
0            3       64  vmux-med  software  40000           1      39    3760414  2073073067  34.033055    0.061734
0            3       64  vmux-med  software  40000           1      40    5319519  2073073067  34.033055    0.087329
0            3       64  vmux-med  software  40000           1      41    6501439  2073073067  34.033055    0.106732
0            3       64  vmux-med  software  40000           1      42    9896895  2073073067  34.033055    0.162475
0            3       64  vmux-med  software  40000           1      43    6896127  2073073067  34.033055    0.113212
0            3       64  vmux-med  software  40000           1      44    6337471  2073073067  34.033055    0.104040
0            3       64  vmux-med  software  40000           1      45    6046235  2073073067  34.033055    0.099259
0            3       64  vmux-med  software  40000           1      46    5999999  2073073067  34.033055    0.098500
0            3       64  vmux-med  software  40000           1      47    9809983  2073073067  34.033055    0.161048
0            3       64  vmux-med  software  40000           1      48    6858040  2073073067  34.033055    0.112587
0            3       64  vmux-med  software  40000           1      49    6746483  2073073067  34.033055    0.110755
0            3       64  vmux-med  software  40000           1      50    4261951  2073073067  34.033055    0.069967
0            3       64  vmux-med  software  40000           1      51    5853874  2073073067  34.033055    0.096101
0            3       64  vmux-med  software  40000           1      52    6522598  2073073067  34.033055    0.107080
0            3       64  vmux-med  software  40000           1      53    3898981  2073073067  34.033055    0.064008
0            3       64  vmux-med  software  40000           1      54    5941594  2073073067  34.033055    0.097541
0            3       64  vmux-med  software  40000           1      55    5190079  2073073067  34.033055    0.085204
0            3       64  vmux-med  software  40000           1      56    6085667  2073073067  34.033055    0.099907
0            3       64  vmux-med  software  40000           1      57    5877951  2073073067  34.033055    0.096497
0            3       64  vmux-med  software  40000           1      58    4387546  2073073067  34.033055    0.072029
0            3       64  vmux-med  software  40000           1      59    5699954  2073073067  34.033055    0.093575
0            3       64  vmux-med  software  40000           1      60    5476543  2073073067  34.033055    0.089907
0            3       64  vmux-med  software  40000           1      61    5040246  2073073067  34.033055    0.082744
0            3       64  vmux-med  software  40000           1      62    6241886  2073073067  34.033055    0.102471
0            3       64  vmux-med  software  40000           1      63    3920191  2073073067  34.033055    0.064357
0            3       64  vmux-med  software  40000           1      64          0  2073073067  34.033055    0.000000