Running 1m test @ http://10.1.0.42:8080/wrk2-api/review/compose
  8 threads and 16 connections

reconnect_socket
  Thread calibration: mean lat.: 2295.035ms, rate sampling interval: 8265ms
  Thread calibration: mean lat.: 2157.750ms, rate sampling interval: 7467ms
  Thread calibration: mean lat.: 2053.420ms, rate sampling interval: 7565ms
  Thread calibration: mean lat.: 2446.540ms, rate sampling interval: 7938ms
  Thread calibration: mean lat.: 2426.647ms, rate sampling interval: 8327ms
  Thread calibration: mean lat.: 2237.189ms, rate sampling interval: 7876ms
  Thread calibration: mean lat.: 2542.264ms, rate sampling interval: 9011ms
  Thread calibration: mean lat.: 2186.683ms, rate sampling interval: 7671ms
reconnect_socket
reconnect_socket
reconnect_socket
reconnect_socket
reconnect_socket
reconnect_socket
reconnect_socket
reconnect_socket
reconnect_socket
reconnect_socket
reconnect_socket
reconnect_socket
reconnect_socket
reconnect_socket
reconnect_socket
reconnect_socket
reconnect_socket
reconnect_socket
reconnect_socket
reconnect_socket
reconnect_socket
reconnect_socket
reconnect_socket
reconnect_socket
reconnect_socket
reconnect_socket
reconnect_socket
reconnect_socket
reconnect_socket
reconnect_socket
reconnect_socket
reconnect_socket
reconnect_socket
reconnect_socket
reconnect_socket
reconnect_socket
reconnect_socket
reconnect_socket
reconnect_socket
reconnect_socket
reconnect_socket
reconnect_socket
reconnect_socket
reconnect_socket
reconnect_socket
reconnect_socket
reconnect_socket
reconnect_socket
reconnect_socket
reconnect_socket
reconnect_socket
reconnect_socket
reconnect_socket
reconnect_socket
reconnect_socket
reconnect_socket
reconnect_socket
reconnect_socket
reconnect_socket
reconnect_socket
reconnect_socket
reconnect_socket
reconnect_socket
reconnect_socket
reconnect_socket
reconnect_socket
reconnect_socket
reconnect_socket
reconnect_socket
reconnect_socket
reconnect_socket
reconnect_socket
reconnect_socket
reconnect_socket
reconnect_socket
reconnect_socket
reconnect_socket
reconnect_socket
reconnect_socket
reconnect_socket
reconnect_socket
reconnect_socket
reconnect_socket
reconnect_socket
reconnect_socket
reconnect_socket
reconnect_socket
reconnect_socket
reconnect_socket
reconnect_socket
reconnect_socket
reconnect_socket
reconnect_socket
reconnect_socket
reconnect_socket
reconnect_socket
reconnect_socket
reconnect_socket
reconnect_socket
reconnect_socket
reconnect_socket
reconnect_socket
reconnect_socket
reconnect_socket
reconnect_socket
reconnect_socket
reconnect_socket
reconnect_socket
reconnect_socket
reconnect_socket
reconnect_socket
reconnect_socket
reconnect_socket
reconnect_socket
reconnect_socket
reconnect_socket
reconnect_socket
reconnect_socket
reconnect_socket
reconnect_socket
reconnect_socket
reconnect_socket
reconnect_socket
reconnect_socket
reconnect_socket
reconnect_socket
reconnect_socket
reconnect_socket
reconnect_socket
reconnect_socket
reconnect_socket
reconnect_socket
reconnect_socket
reconnect_socket
reconnect_socket
reconnect_socket
reconnect_socket
reconnect_socket
reconnect_socket
reconnect_socket
reconnect_socket
reconnect_socket
reconnect_socket
reconnect_socket
reconnect_socket
reconnect_socket
reconnect_socket
reconnect_socket
reconnect_socket
reconnect_socket
reconnect_socket
reconnect_socket
reconnect_socket
reconnect_socket
reconnect_socket
reconnect_socket
reconnect_socket
reconnect_socket
reconnect_socket
reconnect_socket
reconnect_socket
reconnect_socket
reconnect_socket
reconnect_socket
reconnect_socket
reconnect_socket
reconnect_socket
reconnect_socket
reconnect_socket
reconnect_socket
reconnect_socket
reconnect_socket
reconnect_socket
reconnect_socket
reconnect_socket
reconnect_socket
reconnect_socket
reconnect_socket
reconnect_socket
reconnect_socket
reconnect_socket
reconnect_socket
reconnect_socket
reconnect_socket
reconnect_socket
reconnect_socket
reconnect_socket
reconnect_socket
reconnect_socket
reconnect_socket
reconnect_socket
reconnect_socket
reconnect_socket
reconnect_socket
reconnect_socket
reconnect_socket
reconnect_socket
reconnect_socket
reconnect_socket
reconnect_socket
reconnect_socket
reconnect_socket
reconnect_socket
reconnect_socket
reconnect_socket
reconnect_socket
reconnect_socket
reconnect_socket
reconnect_socket
reconnect_socket
reconnect_socket
reconnect_socket
reconnect_socket
reconnect_socket
reconnect_socket
reconnect_socket
reconnect_socket
reconnect_socket
reconnect_socket
reconnect_socket
reconnect_socket
reconnect_socket
reconnect_socket
reconnect_socket
reconnect_socket
reconnect_socket
reconnect_socket
reconnect_socket
reconnect_socket
reconnect_socket
reconnect_socket
reconnect_socket
reconnect_socket
reconnect_socket
reconnect_socket
reconnect_socket
reconnect_socket
reconnect_socket
reconnect_socket
reconnect_socket
reconnect_socket
reconnect_socket
reconnect_socket
reconnect_socket
reconnect_socket
reconnect_socket
reconnect_socket
reconnect_socket
reconnect_socket
reconnect_socket
reconnect_socket
reconnect_socket
reconnect_socket
reconnect_socket
reconnect_socket
reconnect_socket
reconnect_socket
reconnect_socket
reconnect_socket
reconnect_socket
reconnect_socket
reconnect_socket
reconnect_socket
reconnect_socket
reconnect_socket
reconnect_socket
reconnect_socket
reconnect_socket
reconnect_socket
reconnect_socket
reconnect_socket
reconnect_socket
reconnect_socket
reconnect_socket
reconnect_socket
reconnect_socket
reconnect_socket
reconnect_socket
reconnect_socket
reconnect_socket
reconnect_socket
reconnect_socket
reconnect_socket
reconnect_socket
reconnect_socket
reconnect_socket
reconnect_socket
reconnect_socket
reconnect_socket
reconnect_socket
reconnect_socket
reconnect_socket
reconnect_socket
reconnect_socket
reconnect_socket
reconnect_socket
reconnect_socket
reconnect_socket
reconnect_socket
reconnect_socket
reconnect_socket
reconnect_socket
reconnect_socket
reconnect_socket
reconnect_socket
reconnect_socket
reconnect_socket
reconnect_socket
reconnect_socket
reconnect_socket
reconnect_socket
reconnect_socket
reconnect_socket
reconnect_socket
reconnect_socket
reconnect_socket
reconnect_socket
reconnect_socket
reconnect_socket
reconnect_socket
reconnect_socket
reconnect_socket
reconnect_socket
reconnect_socket

-----------------------------------------------------------------------
Test Results @ http://10.1.0.42:8080/wrk2-api/review/compose 
  Thread Stats   Avg      Stdev     99%   +/- Stdev
    Latency    15.56s     6.41s   26.79s    57.75%
    Req/Sec    35.64      1.06    38.00     93.62%
  Latency Distribution (HdrHistogram - Recorded Latency)
 50.000%   15.63s 
 75.000%   21.12s 
 90.000%   24.22s 
 99.000%   26.79s 
 99.900%   27.67s 
 99.990%   27.85s 
 99.999%   27.87s 
100.000%   27.87s 

  Detailed Percentile spectrum:
       Value   Percentile   TotalCount 1/(1-Percentile)

    3762.175     0.000000            1         1.00
    6643.711     0.100000         1475         1.11
    8871.935     0.200000         2948         1.25
   11051.007     0.300000         4421         1.43
   13328.383     0.400000         5899         1.67
   15630.335     0.500000         7371         2.00
   16859.135     0.550000         8109         2.22
   18055.167     0.600000         8848         2.50
   19070.975     0.650000         9577         2.86
   20152.319     0.700000        10320         3.33
   21118.975     0.750000        11061         4.00
   21626.879     0.775000        11418         4.44
   22249.471     0.800000        11787         5.00
   22740.991     0.825000        12157         5.71
   23232.511     0.850000        12528         6.67
   23740.415     0.875000        12904         8.00
   23986.175     0.887500        13089         8.89
   24215.551     0.900000        13272        10.00
   24461.311     0.912500        13450        11.43
   24707.071     0.925000        13639        13.33
   24969.215     0.937500        13812        16.00
   25116.671     0.943750        13904        17.78
   25313.279     0.950000        13999        20.00
   25444.351     0.956250        14095        22.86
   25624.575     0.962500        14183        26.67
   25788.415     0.968750        14272        32.00
   25903.103     0.971875        14321        35.56
   26001.407     0.975000        14368        40.00
   26132.479     0.978125        14410        45.71
   26296.319     0.981250        14456        53.33
   26476.543     0.984375        14510        64.00
   26542.079     0.985938        14528        71.11
   26623.999     0.987500        14553        80.00
   26722.303     0.989062        14572        91.43
   26853.375     0.990625        14601       106.67
   26935.295     0.992188        14620       128.00
   27017.215     0.992969        14629       142.22
   27148.287     0.993750        14642       160.00
   27246.591     0.994531        14653       182.86
   27312.127     0.995313        14665       213.33
   27361.279     0.996094        14676       256.00
   27394.047     0.996484        14682       284.44
   27426.815     0.996875        14687       320.00
   27443.199     0.997266        14693       365.71
   27475.967     0.997656        14698       426.67
   27525.119     0.998047        14705       512.00
   27557.887     0.998242        14708       568.89
   27574.271     0.998437        14709       640.00
   27623.423     0.998633        14713       731.43
   27656.191     0.998828        14715       853.33
   27672.575     0.999023        14718      1024.00
   27705.343     0.999121        14720      1137.78
   27721.727     0.999219        14721      1280.00
   27738.111     0.999316        14723      1462.86
   27754.495     0.999414        14724      1706.67
   27770.879     0.999512        14726      2048.00
   27770.879     0.999561        14726      2275.56
   27787.263     0.999609        14727      2560.00
   27787.263     0.999658        14727      2925.71
   27803.647     0.999707        14729      3413.33
   27803.647     0.999756        14729      4096.00
   27803.647     0.999780        14729      4551.11
   27820.031     0.999805        14730      5120.00
   27820.031     0.999829        14730      5851.43
   27820.031     0.999854        14730      6826.67
   27852.799     0.999878        14731      8192.00
   27852.799     0.999890        14731      9102.22
   27852.799     0.999902        14731     10240.00
   27852.799     0.999915        14731     11702.86
   27852.799     0.999927        14731     13653.33
   27869.183     0.999939        14732     16384.00
   27869.183     1.000000        14732          inf
#[Mean    =    15559.734, StdDeviation   =     6412.450]
#[Max     =    27852.800, Total count    =        14732]
#[Buckets =           27, SubBuckets     =         2048]
-----------------------------------------------------------------------
  17567 requests in 1.02m, 3.14MB read
  Socket errors: connect 0, read 0, write 0, timeout 2
  Non-2xx or 3xx responses: 325
Requests/sec:    287.80  
Transfer/sec:     52.61KB
AUTOTEST_DONE
