Running 1m test @ http://10.1.0.42:8080/wrk2-api/review/compose
  8 threads and 16 connections

reconnect_socket
  Thread calibration: mean lat.: 16.194ms, rate sampling interval: 49ms
  Thread calibration: mean lat.: 17.426ms, rate sampling interval: 63ms
  Thread calibration: mean lat.: 15.248ms, rate sampling interval: 53ms
  Thread calibration: mean lat.: 19.344ms, rate sampling interval: 67ms
  Thread calibration: mean lat.: 17.607ms, rate sampling interval: 58ms
  Thread calibration: mean lat.: 17.063ms, rate sampling interval: 51ms
  Thread calibration: mean lat.: 18.690ms, rate sampling interval: 64ms
  Thread calibration: mean lat.: 18.256ms, rate sampling interval: 61ms

-----------------------------------------------------------------------
Test Results @ http://10.1.0.42:8080/wrk2-api/review/compose 
  Thread Stats   Avg      Stdev     99%   +/- Stdev
    Latency    18.87ms   14.24ms  65.09ms   90.82%
    Req/Sec    15.70     16.59    63.00     84.92%
  Latency Distribution (HdrHistogram - Recorded Latency)
 50.000%   15.33ms
 75.000%   22.98ms
 90.000%   32.49ms
 99.000%   65.09ms
 99.900%  168.45ms
 99.990%  235.13ms
 99.999%  242.56ms
100.000%  242.56ms

  Detailed Percentile spectrum:
       Value   Percentile   TotalCount 1/(1-Percentile)

       5.819     0.000000            1         1.00
       8.255     0.100000          649         1.11
       9.599     0.200000         1295         1.25
      11.295     0.300000         1944         1.43
      13.151     0.400000         2591         1.67
      15.327     0.500000         3240         2.00
      16.527     0.550000         3562         2.22
      17.855     0.600000         3887         2.50
      19.311     0.650000         4210         2.86
      21.119     0.700000         4532         3.33
      22.975     0.750000         4860         4.00
      24.031     0.775000         5018         4.44
      25.343     0.800000         5180         5.00
      26.703     0.825000         5344         5.71
      28.351     0.850000         5504         6.67
      30.431     0.875000         5665         8.00
      31.455     0.887500         5749         8.89
      32.495     0.900000         5827        10.00
      33.599     0.912500         5908        11.43
      34.879     0.925000         5989        13.33
      36.703     0.937500         6070        16.00
      37.855     0.943750         6111        17.78
      39.551     0.950000         6151        20.00
      41.087     0.956250         6191        22.86
      43.199     0.962500         6233        26.67
      44.831     0.968750         6272        32.00
      46.079     0.971875         6292        35.56
      47.487     0.975000         6313        40.00
      49.599     0.978125         6333        45.71
      51.615     0.981250         6353        53.33
      55.071     0.984375         6373        64.00
      58.815     0.985938         6383        71.11
      61.567     0.987500         6394        80.00
      64.543     0.989062         6404        91.43
      66.623     0.990625         6414       106.67
      75.263     0.992188         6424       128.00
      81.535     0.992969         6429       142.22
      87.359     0.993750         6434       160.00
      94.207     0.994531         6439       182.86
     105.215     0.995313         6444       213.33
     116.415     0.996094         6449       256.00
     121.151     0.996484         6452       284.44
     124.991     0.996875         6454       320.00
     135.551     0.997266         6457       365.71
     142.335     0.997656         6459       426.67
     152.959     0.998047         6462       512.00
     153.855     0.998242         6463       568.89
     158.719     0.998437         6464       640.00
     167.679     0.998633         6466       731.43
     168.063     0.998828         6467       853.33
     168.447     0.999023         6468      1024.00
     171.775     0.999121         6469      1137.78
     171.775     0.999219         6469      1280.00
     185.599     0.999316         6470      1462.86
     186.879     0.999414         6471      1706.67
     186.879     0.999512         6471      2048.00
     195.071     0.999561         6472      2275.56
     195.071     0.999609         6472      2560.00
     195.071     0.999658         6472      2925.71
     235.135     0.999707         6473      3413.33
     235.135     0.999756         6473      4096.00
     235.135     0.999780         6473      4551.11
     235.135     0.999805         6473      5120.00
     235.135     0.999829         6473      5851.43
     242.559     0.999854         6474      6826.67
     242.559     1.000000         6474          inf
#[Mean    =       18.871, StdDeviation   =       14.242]
#[Max     =      242.432, Total count    =         6474]
#[Buckets =           27, SubBuckets     =         2048]
-----------------------------------------------------------------------
  7778 requests in 1.02m, 1.37MB read
  Non-2xx or 3xx responses: 1
Requests/sec:    127.12  
Transfer/sec:     22.85KB
AUTOTEST_DONE
