   repetitions  num_vms interface     fastclick   rate  repetition  vm_num  rxPackets   txPackets     txMpps  rxMppsCalc
0            3       64    bridge  software-tap  40000           1       1     378430  2047899488  33.617946    0.006212
0            3       64    bridge  software-tap  40000           1       2     229123  2047899488  33.617946    0.003761
0            3       64    bridge  software-tap  40000           1       3     229068  2047899488  33.617946    0.003760
0            3       64    bridge  software-tap  40000           1       4     229043  2047899488  33.617946    0.003760
0            3       64    bridge  software-tap  40000           1       5     229237  2047899488  33.617946    0.003763
0            3       64    bridge  software-tap  40000           1       6     228988  2047899488  33.617946    0.003759
0            3       64    bridge  software-tap  40000           1       7     228891  2047899488  33.617946    0.003757
0            3       64    bridge  software-tap  40000           1       8     228992  2047899488  33.617946    0.003759
0            3       64    bridge  software-tap  40000           1       9     228944  2047899488  33.617946    0.003758
0            3       64    bridge  software-tap  40000           1      10     229126  2047899488  33.617946    0.003761
0            3       64    bridge  software-tap  40000           1      11     228838  2047899488  33.617946    0.003757
0            3       64    bridge  software-tap  40000           1      12     228779  2047899488  33.617946    0.003756
0            3       64    bridge  software-tap  40000           1      13     228983  2047899488  33.617946    0.003759
0            3       64    bridge  software-tap  40000           1      14     228938  2047899488  33.617946    0.003758
0            3       64    bridge  software-tap  40000           1      15     229165  2047899488  33.617946    0.003762
0            3       64    bridge  software-tap  40000           1      16     228792  2047899488  33.617946    0.003756
0            3       64    bridge  software-tap  40000           1      17     228930  2047899488  33.617946    0.003758
0            3       64    bridge  software-tap  40000           1      18     229029  2047899488  33.617946    0.003760
0            3       64    bridge  software-tap  40000           1      19     229327  2047899488  33.617946    0.003765
0            3       64    bridge  software-tap  40000           1      20     228840  2047899488  33.617946    0.003757
0            3       64    bridge  software-tap  40000           1      21     228875  2047899488  33.617946    0.003757
0            3       64    bridge  software-tap  40000           1      22     228916  2047899488  33.617946    0.003758
0            3       64    bridge  software-tap  40000           1      23     229511  2047899488  33.617946    0.003768
0            3       64    bridge  software-tap  40000           1      24     228836  2047899488  33.617946    0.003757
0            3       64    bridge  software-tap  40000           1      25     228810  2047899488  33.617946    0.003756
0            3       64    bridge  software-tap  40000           1      26     229267  2047899488  33.617946    0.003764
0            3       64    bridge  software-tap  40000           1      27     228892  2047899488  33.617946    0.003757
0            3       64    bridge  software-tap  40000           1      28     228724  2047899488  33.617946    0.003755
0            3       64    bridge  software-tap  40000           1      29     228782  2047899488  33.617946    0.003756
0            3       64    bridge  software-tap  40000           1      30     229160  2047899488  33.617946    0.003762
0            3       64    bridge  software-tap  40000           1      31     228744  2047899488  33.617946    0.003755
0            3       64    bridge  software-tap  40000           1      32     228777  2047899488  33.617946    0.003756
0            3       64    bridge  software-tap  40000           1      33     228826  2047899488  33.617946    0.003756
0            3       64    bridge  software-tap  40000           1      34     228987  2047899488  33.617946    0.003759
0            3       64    bridge  software-tap  40000           1      35     228777  2047899488  33.617946    0.003756
0            3       64    bridge  software-tap  40000           1      36     228756  2047899488  33.617946    0.003755
0            3       64    bridge  software-tap  40000           1      37     228769  2047899488  33.617946    0.003755
0            3       64    bridge  software-tap  40000           1      38     228768  2047899488  33.617946    0.003755
0            3       64    bridge  software-tap  40000           1      39     228787  2047899488  33.617946    0.003756
0            3       64    bridge  software-tap  40000           1      40     228699  2047899488  33.617946    0.003754
0            3       64    bridge  software-tap  40000           1      41     228750  2047899488  33.617946    0.003755
0            3       64    bridge  software-tap  40000           1      42     228759  2047899488  33.617946    0.003755
0            3       64    bridge  software-tap  40000           1      43     228772  2047899488  33.617946    0.003755
0            3       64    bridge  software-tap  40000           1      44     228768  2047899488  33.617946    0.003755
0            3       64    bridge  software-tap  40000           1      45     228712  2047899488  33.617946    0.003754
0            3       64    bridge  software-tap  40000           1      46     228760  2047899488  33.617946    0.003755
0            3       64    bridge  software-tap  40000           1      47     228640  2047899488  33.617946    0.003753
0            3       64    bridge  software-tap  40000           1      48     228716  2047899488  33.617946    0.003755
0            3       64    bridge  software-tap  40000           1      49     228718  2047899488  33.617946    0.003755
0            3       64    bridge  software-tap  40000           1      50     228781  2047899488  33.617946    0.003756
0            3       64    bridge  software-tap  40000           1      51     228677  2047899488  33.617946    0.003754
0            3       64    bridge  software-tap  40000           1      52     228694  2047899488  33.617946    0.003754
0            3       64    bridge  software-tap  40000           1      53     228779  2047899488  33.617946    0.003756
0            3       64    bridge  software-tap  40000           1      54     229001  2047899488  33.617946    0.003759
0            3       64    bridge  software-tap  40000           1      55     228723  2047899488  33.617946    0.003755
0            3       64    bridge  software-tap  40000           1      56     228741  2047899488  33.617946    0.003755
0            3       64    bridge  software-tap  40000           1      57     228685  2047899488  33.617946    0.003754
0            3       64    bridge  software-tap  40000           1      58     229366  2047899488  33.617946    0.003765
0            3       64    bridge  software-tap  40000           1      59     229783  2047899488  33.617946    0.003772
0            3       64    bridge  software-tap  40000           1      60     228743  2047899488  33.617946    0.003755
0            3       64    bridge  software-tap  40000           1      61     228765  2047899488  33.617946    0.003755
0            3       64    bridge  software-tap  40000           1      62     228755  2047899488  33.617946    0.003755
0            3       64    bridge  software-tap  40000           1      63     228698  2047899488  33.617946    0.003754
0            3       64    bridge  software-tap  40000           1      64          0  2047899488  33.617946    0.000000