Running 1m test @ http://10.1.0.42:8080/wrk2-api/review/compose
  8 threads and 16 connections

  Thread calibration: mean lat.: 8.375ms, rate sampling interval: 21ms
  Thread calibration: mean lat.: 8.829ms, rate sampling interval: 26ms
  Thread calibration: mean lat.: 8.282ms, rate sampling interval: 21ms
  Thread calibration: mean lat.: 8.207ms, rate sampling interval: 22ms
  Thread calibration: mean lat.: 8.541ms, rate sampling interval: 22ms
  Thread calibration: mean lat.: 8.376ms, rate sampling interval: 22ms
  Thread calibration: mean lat.: 7.732ms, rate sampling interval: 17ms
  Thread calibration: mean lat.: 8.207ms, rate sampling interval: 20ms
reconnect_socket
reconnect_socket

-----------------------------------------------------------------------
Test Results @ http://10.1.0.42:8080/wrk2-api/review/compose 
  Thread Stats   Avg      Stdev     99%   +/- Stdev
    Latency     8.63ms    2.38ms  16.86ms   82.16%
    Req/Sec     3.97     13.95    58.00     92.07%
  Latency Distribution (HdrHistogram - Recorded Latency)
 50.000%    7.53ms
 75.000%    9.40ms
 90.000%   11.89ms
 99.000%   16.86ms
 99.900%   20.42ms
 99.990%   22.03ms
 99.999%   22.03ms
100.000%   22.03ms

  Detailed Percentile spectrum:
       Value   Percentile   TotalCount 1/(1-Percentile)

       5.271     0.000000            1         1.00
       6.995     0.100000          163         1.11
       7.155     0.200000          325         1.25
       7.283     0.300000          488         1.43
       7.391     0.400000          646         1.67
       7.527     0.500000          807         2.00
       7.655     0.550000          886         2.22
       7.787     0.600000          968         2.50
       7.995     0.650000         1046         2.86
       8.367     0.700000         1130         3.33
       9.399     0.750000         1208         4.00
       9.847     0.775000         1248         4.44
      10.447     0.800000         1288         5.00
      10.871     0.825000         1328         5.71
      11.247     0.850000         1368         6.67
      11.567     0.875000         1410         8.00
      11.711     0.887500         1428         8.89
      11.903     0.900000         1449        10.00
      12.071     0.912500         1470        11.43
      12.351     0.925000         1489        13.33
      12.967     0.937500         1509        16.00
      13.431     0.943750         1519        17.78
      13.823     0.950000         1529        20.00
      14.399     0.956250         1539        22.86
      14.687     0.962500         1549        26.67
      15.111     0.968750         1559        32.00
      15.319     0.971875         1564        35.56
      15.599     0.975000         1569        40.00
      15.871     0.978125         1574        45.71
      16.119     0.981250         1579        53.33
      16.447     0.984375         1584        64.00
      16.511     0.985938         1587        71.11
      16.575     0.987500         1589        80.00
      16.815     0.989062         1592        91.43
      17.071     0.990625         1594       106.67
      17.439     0.992188         1597       128.00
      17.663     0.992969         1598       142.22
      17.743     0.993750         1599       160.00
      18.063     0.994531         1601       182.86
      18.175     0.995313         1602       213.33
      18.719     0.996094         1603       256.00
      19.183     0.996484         1604       284.44
      19.183     0.996875         1604       320.00
      19.519     0.997266         1606       365.71
      19.519     0.997656         1606       426.67
      19.519     0.998047         1606       512.00
      20.415     0.998242         1607       568.89
      20.415     0.998437         1607       640.00
      20.415     0.998633         1607       731.43
      21.503     0.998828         1608       853.33
      21.503     0.999023         1608      1024.00
      21.503     0.999121         1608      1137.78
      21.503     0.999219         1608      1280.00
      21.503     0.999316         1608      1462.86
      22.031     0.999414         1609      1706.67
      22.031     1.000000         1609          inf
#[Mean    =        8.630, StdDeviation   =        2.381]
#[Max     =       22.016, Total count    =         1609]
#[Buckets =           27, SubBuckets     =         2048]
-----------------------------------------------------------------------
  1964 requests in 1.03m, 353.24KB read
  Socket errors: connect 0, read 0, write 0, timeout 11
  Non-2xx or 3xx responses: 2
Requests/sec:     31.75  
Transfer/sec:      5.71KB
AUTOTEST_DONE
