Running 1m test @ http://10.1.0.44:8080
  8 threads and 16 connections

  Thread calibration: mean lat.: 3.024ms, rate sampling interval: 13ms
  Thread calibration: mean lat.: 2.943ms, rate sampling interval: 12ms
  Thread calibration: mean lat.: 3.070ms, rate sampling interval: 14ms
  Thread calibration: mean lat.: 3.195ms, rate sampling interval: 15ms
  Thread calibration: mean lat.: 3.145ms, rate sampling interval: 14ms
  Thread calibration: mean lat.: 2.979ms, rate sampling interval: 13ms
  Thread calibration: mean lat.: 2.959ms, rate sampling interval: 13ms
  Thread calibration: mean lat.: 2.969ms, rate sampling interval: 12ms

-----------------------------------------------------------------------
Test Results @ http://10.1.0.44:8080 
  Thread Stats   Avg      Stdev     99%   +/- Stdev
    Latency     3.02ms    2.31ms  11.56ms   87.18%
    Req/Sec    66.29     71.99   272.00     80.36%
  Latency Distribution (HdrHistogram - Recorded Latency)
 50.000%    2.17ms
 75.000%    3.11ms
 90.000%    6.79ms
 99.000%   11.56ms
 99.900%   16.40ms
 99.990%   19.87ms
 99.999%   21.30ms
100.000%   21.30ms

  Detailed Percentile spectrum:
       Value   Percentile   TotalCount 1/(1-Percentile)

       0.920     0.000000            1         1.00
       1.419     0.100000         2628         1.11
       1.571     0.200000         5227         1.25
       1.764     0.300000         7841         1.43
       1.986     0.400000        10450         1.67
       2.167     0.500000        13056         2.00
       2.279     0.550000        14363         2.22
       2.421     0.600000        15658         2.50
       2.597     0.650000        16968         2.86
       2.819     0.700000        18275         3.33
       3.107     0.750000        19573         4.00
       3.317     0.775000        20223         4.44
       3.571     0.800000        20873         5.00
       3.917     0.825000        21526         5.71
       4.495     0.850000        22181         6.67
       5.491     0.875000        22830         8.00
       6.223     0.887500        23157         8.89
       6.787     0.900000        23482        10.00
       7.259     0.912500        23809        11.43
       7.643     0.925000        24137        13.33
       7.979     0.937500        24464        16.00
       8.163     0.943750        24626        17.78
       8.367     0.950000        24791        20.00
       8.599     0.956250        24955        22.86
       8.863     0.962500        25113        26.67
       9.255     0.968750        25278        32.00
       9.455     0.971875        25362        35.56
       9.719     0.975000        25439        40.00
       9.959     0.978125        25522        45.71
      10.287     0.981250        25605        53.33
      10.623     0.984375        25684        64.00
      10.839     0.985938        25725        71.11
      11.047     0.987500        25766        80.00
      11.407     0.989062        25808        91.43
      11.703     0.990625        25847       106.67
      12.039     0.992188        25889       128.00
      12.183     0.992969        25908       142.22
      12.455     0.993750        25928       160.00
      12.751     0.994531        25949       182.86
      13.071     0.995313        25969       213.33
      13.495     0.996094        25990       256.00
      13.727     0.996484        26000       284.44
      14.047     0.996875        26011       320.00
      14.199     0.997266        26020       365.71
      14.583     0.997656        26030       426.67
      15.111     0.998047        26041       512.00
      15.215     0.998242        26046       568.89
      15.511     0.998437        26051       640.00
      15.631     0.998633        26056       731.43
      15.983     0.998828        26061       853.33
      16.607     0.999023        26066      1024.00
      16.767     0.999121        26069      1137.78
      16.831     0.999219        26072      1280.00
      16.975     0.999316        26074      1462.86
      17.455     0.999414        26076      1706.67
      17.647     0.999512        26079      2048.00
      17.823     0.999561        26080      2275.56
      18.111     0.999609        26081      2560.00
      18.559     0.999658        26083      2925.71
      18.687     0.999707        26084      3413.33
      18.959     0.999756        26085      4096.00
      19.551     0.999780        26086      4551.11
      19.551     0.999805        26086      5120.00
      19.615     0.999829        26087      5851.43
      19.871     0.999854        26088      6826.67
      19.871     0.999878        26088      8192.00
      20.527     0.999890        26089      9102.22
      20.527     0.999902        26089     10240.00
      20.527     0.999915        26089     11702.86
      21.135     0.999927        26090     13653.33
      21.135     0.999939        26090     16384.00
      21.135     0.999945        26090     18204.44
      21.135     0.999951        26090     20480.00
      21.135     0.999957        26090     23405.71
      21.295     0.999963        26091     27306.67
      21.295     1.000000        26091          inf
#[Mean    =        3.017, StdDeviation   =        2.312]
#[Max     =       21.280, Total count    =        26091]
#[Buckets =           27, SubBuckets     =         2048]
-----------------------------------------------------------------------
  31195 requests in 1.02m, 6.13MB read
  Non-2xx or 3xx responses: 3112
Requests/sec:    511.32  
Transfer/sec:    102.80KB
AUTOTEST_DONE
