Running 1m test @ http://10.1.0.44:8080
  8 threads and 16 connections

  Thread calibration: mean lat.: 3.013ms, rate sampling interval: 13ms
  Thread calibration: mean lat.: 3.168ms, rate sampling interval: 14ms
  Thread calibration: mean lat.: 2.804ms, rate sampling interval: 10ms
  Thread calibration: mean lat.: 3.045ms, rate sampling interval: 13ms
  Thread calibration: mean lat.: 2.841ms, rate sampling interval: 11ms
  Thread calibration: mean lat.: 2.953ms, rate sampling interval: 13ms
  Thread calibration: mean lat.: 3.092ms, rate sampling interval: 14ms
  Thread calibration: mean lat.: 2.599ms, rate sampling interval: 10ms

-----------------------------------------------------------------------
Test Results @ http://10.1.0.44:8080 
  Thread Stats   Avg      Stdev     99%   +/- Stdev
    Latency     3.02ms    2.31ms  11.54ms   87.39%
    Req/Sec    66.73     76.67   307.00     83.73%
  Latency Distribution (HdrHistogram - Recorded Latency)
 50.000%    2.18ms
 75.000%    3.14ms
 90.000%    6.69ms
 99.000%   11.54ms
 99.900%   16.93ms
 99.990%   20.78ms
 99.999%   26.50ms
100.000%   26.50ms

  Detailed Percentile spectrum:
       Value   Percentile   TotalCount 1/(1-Percentile)

       0.869     0.000000            1         1.00
       1.423     0.100000         2615         1.11
       1.579     0.200000         5229         1.25
       1.775     0.300000         7834         1.43
       1.993     0.400000        10438         1.67
       2.179     0.500000        13052         2.00
       2.297     0.550000        14356         2.22
       2.443     0.600000        15660         2.50
       2.621     0.650000        16965         2.86
       2.841     0.700000        18267         3.33
       3.137     0.750000        19571         4.00
       3.349     0.775000        20220         4.44
       3.597     0.800000        20873         5.00
       3.917     0.825000        21524         5.71
       4.455     0.850000        22176         6.67
       5.411     0.875000        22828         8.00
       6.159     0.887500        23154         8.89
       6.695     0.900000        23484        10.00
       7.199     0.912500        23808        11.43
       7.571     0.925000        24133        13.33
       7.935     0.937500        24461        16.00
       8.119     0.943750        24623        17.78
       8.343     0.950000        24786        20.00
       8.599     0.956250        24952        22.86
       8.879     0.962500        25112        26.67
       9.231     0.968750        25274        32.00
       9.415     0.971875        25358        35.56
       9.647     0.975000        25441        40.00
       9.919     0.978125        25519        45.71
      10.279     0.981250        25602        53.33
      10.623     0.984375        25682        64.00
      10.855     0.985938        25723        71.11
      11.039     0.987500        25763        80.00
      11.263     0.989062        25805        91.43
      11.719     0.990625        25846       106.67
      12.143     0.992188        25886       128.00
      12.407     0.992969        25906       142.22
      12.607     0.993750        25927       160.00
      12.839     0.994531        25947       182.86
      13.343     0.995313        25967       213.33
      13.767     0.996094        25988       256.00
      14.095     0.996484        25998       284.44
      14.351     0.996875        26008       320.00
      14.559     0.997266        26018       365.71
      14.847     0.997656        26028       426.67
      15.671     0.998047        26039       512.00
      15.847     0.998242        26045       568.89
      16.039     0.998437        26049       640.00
      16.359     0.998633        26054       731.43
      16.559     0.998828        26059       853.33
      16.943     0.999023        26064      1024.00
      17.135     0.999121        26067      1137.78
      17.343     0.999219        26070      1280.00
      17.407     0.999316        26072      1462.86
      17.599     0.999414        26074      1706.67
      17.887     0.999512        26077      2048.00
      17.919     0.999561        26078      2275.56
      18.111     0.999609        26079      2560.00
      18.687     0.999658        26081      2925.71
      18.719     0.999707        26082      3413.33
      19.023     0.999756        26083      4096.00
      19.087     0.999780        26084      4551.11
      19.087     0.999805        26084      5120.00
      19.887     0.999829        26085      5851.43
      20.783     0.999854        26086      6826.67
      20.783     0.999878        26086      8192.00
      20.927     0.999890        26087      9102.22
      20.927     0.999902        26087     10240.00
      20.927     0.999915        26087     11702.86
      20.975     0.999927        26088     13653.33
      20.975     0.999939        26088     16384.00
      20.975     0.999945        26088     18204.44
      20.975     0.999951        26088     20480.00
      20.975     0.999957        26088     23405.71
      26.495     0.999963        26089     27306.67
      26.495     1.000000        26089          inf
#[Mean    =        3.023, StdDeviation   =        2.310]
#[Max     =       26.480, Total count    =        26089]
#[Buckets =           27, SubBuckets     =         2048]
-----------------------------------------------------------------------
  31194 requests in 1.02m, 6.12MB read
  Non-2xx or 3xx responses: 3086
Requests/sec:    510.83  
Transfer/sec:    102.68KB
AUTOTEST_DONE
