Running 1m test @ http://10.1.0.44:8080
  8 threads and 16 connections

  Thread calibration: mean lat.: 2.076ms, rate sampling interval: 10ms
  Thread calibration: mean lat.: 2.082ms, rate sampling interval: 10ms
  Thread calibration: mean lat.: 2.245ms, rate sampling interval: 12ms
  Thread calibration: mean lat.: 2.102ms, rate sampling interval: 10ms
  Thread calibration: mean lat.: 2.091ms, rate sampling interval: 10ms
  Thread calibration: mean lat.: 2.211ms, rate sampling interval: 11ms
  Thread calibration: mean lat.: 2.120ms, rate sampling interval: 10ms
  Thread calibration: mean lat.: 2.064ms, rate sampling interval: 10ms

-----------------------------------------------------------------------
Test Results @ http://10.1.0.44:8080 
  Thread Stats   Avg      Stdev     99%   +/- Stdev
    Latency     2.15ms    1.86ms   8.73ms   88.64%
    Req/Sec    33.25     58.13   222.00     76.45%
  Latency Distribution (HdrHistogram - Recorded Latency)
 50.000%    1.42ms
 75.000%    1.90ms
 90.000%    5.76ms
 99.000%    8.73ms
 99.900%   11.48ms
 99.990%   14.96ms
 99.999%   16.17ms
100.000%   16.17ms

  Detailed Percentile spectrum:
       Value   Percentile   TotalCount 1/(1-Percentile)

       0.814     0.000000            1         1.00
       1.155     0.100000         1308         1.11
       1.202     0.200000         2625         1.25
       1.249     0.300000         3889         1.43
       1.312     0.400000         5187         1.67
       1.421     0.500000         6483         2.00
       1.554     0.550000         7135         2.22
       1.723     0.600000         7782         2.50
       1.790     0.650000         8432         2.86
       1.845     0.700000         9083         3.33
       1.903     0.750000         9724         4.00
       1.945     0.775000        10048         4.44
       1.997     0.800000        10371         5.00
       2.071     0.825000        10697         5.71
       2.221     0.850000        11024         6.67
       2.777     0.875000        11342         8.00
       4.283     0.887500        11504         8.89
       5.763     0.900000        11667        10.00
       6.191     0.912500        11829        11.43
       6.743     0.925000        11990        13.33
       6.991     0.937500        12154        16.00
       7.083     0.943750        12233        17.78
       7.163     0.950000        12318        20.00
       7.243     0.956250        12395        22.86
       7.327     0.962500        12477        26.67
       7.447     0.968750        12558        32.00
       7.527     0.971875        12599        35.56
       7.627     0.975000        12640        40.00
       7.723     0.978125        12679        45.71
       7.855     0.981250        12720        53.33
       8.051     0.984375        12760        64.00
       8.215     0.985938        12780        71.11
       8.415     0.987500        12801        80.00
       8.639     0.989062        12822        91.43
       8.847     0.990625        12841       106.67
       9.079     0.992188        12862       128.00
       9.167     0.992969        12872       142.22
       9.335     0.993750        12881       160.00
       9.487     0.994531        12892       182.86
       9.655     0.995313        12902       213.33
      10.127     0.996094        12912       256.00
      10.247     0.996484        12917       284.44
      10.351     0.996875        12922       320.00
      10.479     0.997266        12929       365.71
      10.647     0.997656        12932       426.67
      10.799     0.998047        12937       512.00
      11.055     0.998242        12940       568.89
      11.071     0.998437        12942       640.00
      11.143     0.998633        12945       731.43
      11.303     0.998828        12947       853.33
      11.551     0.999023        12950      1024.00
      11.615     0.999121        12951      1137.78
      11.671     0.999219        12952      1280.00
      11.743     0.999316        12954      1462.86
      11.775     0.999414        12955      1706.67
      11.799     0.999512        12956      2048.00
      11.879     0.999561        12957      2275.56
      11.879     0.999609        12957      2560.00
      13.071     0.999658        12958      2925.71
      13.935     0.999707        12959      3413.33
      13.935     0.999756        12959      4096.00
      14.295     0.999780        12960      4551.11
      14.295     0.999805        12960      5120.00
      14.295     0.999829        12960      5851.43
      14.959     0.999854        12961      6826.67
      14.959     0.999878        12961      8192.00
      14.959     0.999890        12961      9102.22
      14.959     0.999902        12961     10240.00
      14.959     0.999915        12961     11702.86
      16.167     0.999927        12962     13653.33
      16.167     1.000000        12962          inf
#[Mean    =        2.145, StdDeviation   =        1.858]
#[Max     =       16.160, Total count    =        12962]
#[Buckets =           27, SubBuckets     =         2048]
-----------------------------------------------------------------------
  15554 requests in 1.02m, 3.06MB read
  Non-2xx or 3xx responses: 1609
Requests/sec:    254.67  
Transfer/sec:     51.27KB
AUTOTEST_DONE
