Running 1m test @ http://10.1.0.44:8080
  8 threads and 16 connections

  Thread calibration: mean lat.: 2.639ms, rate sampling interval: 12ms
  Thread calibration: mean lat.: 2.653ms, rate sampling interval: 12ms
  Thread calibration: mean lat.: 2.627ms, rate sampling interval: 12ms
  Thread calibration: mean lat.: 2.588ms, rate sampling interval: 12ms
  Thread calibration: mean lat.: 2.858ms, rate sampling interval: 13ms
  Thread calibration: mean lat.: 2.650ms, rate sampling interval: 12ms
  Thread calibration: mean lat.: 2.738ms, rate sampling interval: 12ms
  Thread calibration: mean lat.: 2.596ms, rate sampling interval: 12ms

-----------------------------------------------------------------------
Test Results @ http://10.1.0.44:8080 
  Thread Stats   Avg      Stdev     99%   +/- Stdev
    Latency     3.82ms    8.66ms  47.97ms   96.30%
    Req/Sec   267.79    152.19   666.00     68.28%
  Latency Distribution (HdrHistogram - Recorded Latency)
 50.000%    1.65ms
 75.000%    2.88ms
 90.000%    7.21ms
 99.000%   47.97ms
 99.900%  109.63ms
 99.990%  141.18ms
 99.999%  144.26ms
100.000%  149.12ms

  Detailed Percentile spectrum:
       Value   Percentile   TotalCount 1/(1-Percentile)

       0.675     0.000000            1         1.00
       1.070     0.100000        10524         1.11
       1.214     0.200000        20999         1.25
       1.355     0.300000        31499         1.43
       1.484     0.400000        41980         1.67
       1.651     0.500000        52435         2.00
       1.759     0.550000        57641         2.22
       1.900     0.600000        62899         2.50
       2.091     0.650000        68125         2.86
       2.395     0.700000        73364         3.33
       2.885     0.750000        78597         4.00
       3.311     0.775000        81224         4.44
       4.027     0.800000        83839         5.00
       4.875     0.825000        86467         5.71
       5.547     0.850000        89082         6.67
       6.287     0.875000        91701         8.00
       6.715     0.887500        93006         8.89
       7.207     0.900000        94320        10.00
       7.795     0.912500        95634        11.43
       8.503     0.925000        96950        13.33
       9.391     0.937500        98251        16.00
       9.911     0.943750        98904        17.78
      10.535     0.950000        99556        20.00
      11.335     0.956250       100212        22.86
      12.407     0.962500       100869        26.67
      13.887     0.968750       101524        32.00
      15.111     0.971875       101850        35.56
      16.719     0.975000       102176        40.00
      19.391     0.978125       102505        45.71
      23.535     0.981250       102834        53.33
      30.495     0.984375       103158        64.00
      34.751     0.985938       103323        71.11
      39.711     0.987500       103486        80.00
      44.607     0.989062       103651        91.43
      49.983     0.990625       103815       106.67
      55.999     0.992188       103977       128.00
      58.943     0.992969       104059       142.22
      62.815     0.993750       104141       160.00
      67.135     0.994531       104222       182.86
      72.191     0.995313       104304       213.33
      77.823     0.996094       104386       256.00
      81.407     0.996484       104427       284.44
      84.351     0.996875       104470       320.00
      86.783     0.997266       104511       365.71
      90.495     0.997656       104551       426.67
      94.655     0.998047       104591       512.00
      97.791     0.998242       104612       568.89
      99.711     0.998437       104632       640.00
     103.103     0.998633       104652       731.43
     107.583     0.998828       104673       853.33
     110.527     0.999023       104693      1024.00
     113.471     0.999121       104703      1137.78
     116.287     0.999219       104714      1280.00
     117.823     0.999316       104724      1462.86
     120.255     0.999414       104734      1706.67
     122.367     0.999512       104744      2048.00
     124.351     0.999561       104749      2275.56
     125.375     0.999609       104755      2560.00
     126.079     0.999658       104760      2925.71
     127.615     0.999707       104765      3413.33
     128.511     0.999756       104770      4096.00
     129.023     0.999780       104772      4551.11
     131.583     0.999805       104775      5120.00
     132.223     0.999829       104778      5851.43
     132.863     0.999854       104780      6826.67
     136.319     0.999878       104783      8192.00
     141.055     0.999890       104784      9102.22
     141.183     0.999902       104785     10240.00
     141.695     0.999915       104787     11702.86
     142.975     0.999927       104788     13653.33
     143.231     0.999939       104790     16384.00
     143.231     0.999945       104790     18204.44
     143.231     0.999951       104790     20480.00
     143.871     0.999957       104791     23405.71
     143.999     0.999963       104792     27306.67
     143.999     0.999969       104792     32768.00
     144.127     0.999973       104793     36408.89
     144.127     0.999976       104793     40960.00
     144.127     0.999979       104793     46811.43
     144.255     0.999982       104794     54613.33
     144.255     0.999985       104794     65536.00
     144.255     0.999986       104794     72817.78
     144.255     0.999988       104794     81920.00
     144.255     0.999989       104794     93622.86
     149.119     0.999991       104795    109226.67
     149.119     1.000000       104795          inf
#[Mean    =        3.816, StdDeviation   =        8.655]
#[Max     =      148.992, Total count    =       104795]
#[Buckets =           27, SubBuckets     =         2048]
-----------------------------------------------------------------------
  125066 requests in 1.02m, 24.55MB read
  Non-2xx or 3xx responses: 12420
Requests/sec:   2050.09  
Transfer/sec:    412.13KB
AUTOTEST_DONE
