/nix/store/2vwkssqpzykk37r996cafq7x63imf4sp-openjdk-21+35/bin/java  -classpath /nix/store/zw02np72fzsmga6s5mphhw7x8qlzf4sv-ycsb-0.17.0/share/conf:/nix/store/zw02np72fzsmga6s5mphhw7x8qlzf4sv-ycsb-0.17.0/share/lib/core-0.17.0.jar:/nix/store/zw02np72fzsmga6s5mphhw7x8qlzf4sv-ycsb-0.17.0/share/lib/HdrHistogram-2.1.4.jar:/nix/store/zw02np72fzsmga6s5mphhw7x8qlzf4sv-ycsb-0.17.0/share/lib/htrace-core4-4.1.0-incubating.jar:/nix/store/zw02np72fzsmga6s5mphhw7x8qlzf4sv-ycsb-0.17.0/share/lib/jackson-core-asl-1.9.4.jar:/nix/store/zw02np72fzsmga6s5mphhw7x8qlzf4sv-ycsb-0.17.0/share/lib/jackson-mapper-asl-1.9.4.jar:/nix/store/zw02np72fzsmga6s5mphhw7x8qlzf4sv-ycsb-0.17.0/share/redis-binding/lib/commons-pool2-2.4.2.jar:/nix/store/zw02np72fzsmga6s5mphhw7x8qlzf4sv-ycsb-0.17.0/share/redis-binding/lib/jedis-2.9.0.jar:/nix/store/zw02np72fzsmga6s5mphhw7x8qlzf4sv-ycsb-0.17.0/share/redis-binding/lib/redis-binding-0.17.0.jar site.ycsb.Client -t -db site.ycsb.db.RedisClient -s -P /home/host/vmuxIO/test/moonprogs//../../ycsb/share/workloads/workloada -p redis.host=10.1.0.2 -p redis.port=6379 -p operationcount=429496729 -p maxexecutiontime=61 -threads 1
Command line: -t -db site.ycsb.db.RedisClient -s -P /home/host/vmuxIO/test/moonprogs//../../ycsb/share/workloads/workloada -p redis.host=10.1.0.2 -p redis.port=6379 -p operationcount=429496729 -p maxexecutiontime=61 -threads 1
YCSB Client 0.17.0

Loading workload...
Starting test.
Maximum execution time specified as: 61 secs
DBWrapper: report latency for each error is false and specific error codes to track for latency are: []
2024-07-07 15:30:06:314 0 sec: 0 operations; est completion in 0 second 
2024-07-07 15:30:16:167 10 sec: 87750 operations; 8775 current ops/sec; est completion in 13 hours 35 minutes [READ: Count=43780, Max=19391, Min=82, Avg=108.6, 90=119, 99=170, 99.9=982, 99.99=4819] [UPDATE: Count=43973, Max=23039, Min=82, Avg=108.48, 90=120, 99=171, 99.9=872, 99.99=3921] 
2024-07-07 15:30:26:168 20 sec: 183633 operations; 9586.38 current ops/sec; est completion in 12 hours 59 minutes [READ: Count=47761, Max=11743, Min=82, Avg=103.53, 90=113, 99=147, 99.9=287, 99.99=1977] [UPDATE: Count=48119, Max=2061, Min=81, Avg=101.57, 90=112, 99=145, 99.9=277, 99.99=429] 
2024-07-07 15:30:36:167 30 sec: 276301 operations; 9268.65 current ops/sec; est completion in 12 hours 56 minutes [READ: Count=46326, Max=3971, Min=82, Avg=106.88, 90=120, 99=191, 99.9=314, 99.99=951] [UPDATE: Count=46342, Max=8975, Min=81, Avg=105.54, 90=118, 99=194, 99.9=305, 99.99=587] 
2024-07-07 15:30:46:166 40 sec: 372856 operations; 9655.5 current ops/sec; est completion in 12 hours 47 minutes [READ: Count=48276, Max=3177, Min=82, Avg=102.54, 90=112, 99=130, 99.9=284, 99.99=451] [UPDATE: Count=48279, Max=7519, Min=80, Avg=101.58, 90=111, 99=133, 99.9=273, 99.99=1990] 
2024-07-07 15:30:56:167 50 sec: 468996 operations; 9614 current ops/sec; est completion in 12 hours 42 minutes [READ: Count=48123, Max=3151, Min=81, Avg=103.08, 90=113, 99=156, 99.9=291, 99.99=460] [UPDATE: Count=48017, Max=4075, Min=80, Avg=101.92, 90=112, 99=154, 99.9=285, 99.99=633] 
2024-07-07 15:31:06:167 60 sec: 561708 operations; 9271.2 current ops/sec; est completion in 12 hours 43 minutes [READ: Count=46425, Max=2221, Min=81, Avg=106.86, 90=120, 99=183, 99.9=308, 99.99=834] [UPDATE: Count=46287, Max=3359, Min=81, Avg=105.5, 90=119, 99=184, 99.9=305, 99.99=572] 
Maximum time elapsed. Requesting stop for the workload.
Stop requested for workload. Now Joining!
2024-07-07 15:31:07:180 61 sec: 571316 operations; 9484.7 current ops/sec; est completion in 12 hours 43 minutes [READ: Count=4822, Max=2877, Min=85, Avg=104.39, 90=115, 99=130, 99.9=181, 99.99=2877] [CLEANUP: Count=1, Max=1037, Min=1037, Avg=1037, 90=1037, 99=1037, 99.9=1037, 99.99=1037] [UPDATE: Count=4786, Max=2022, Min=82, Avg=102.89, 90=113, 99=130, 99.9=276, 99.99=2022] 
[OVERALL], RunTime(ms), 61021
[OVERALL], Throughput(ops/sec), 9362.612870978843
[TOTAL_GCS_Copy], Count, 53
[TOTAL_GC_TIME_Copy], Time(ms), 25
[TOTAL_GC_TIME_%_Copy], Time(%), 0.04096950230248603
[TOTAL_GCS_MarkSweepCompact], Count, 0
[TOTAL_GC_TIME_MarkSweepCompact], Time(ms), 0
[TOTAL_GC_TIME_%_MarkSweepCompact], Time(%), 0.0
[TOTAL_GCs], Count, 53
[TOTAL_GC_TIME], Time(ms), 25
[TOTAL_GC_TIME_%], Time(%), 0.04096950230248603
[READ], Operations, 285513
[READ], AverageLatency(us), 105.1658033084308
[READ], MinLatency(us), 81
[READ], MaxLatency(us), 19391
[READ], 95thPercentileLatency(us), 123
[READ], 99thPercentileLatency(us), 164
[READ], Return=OK, 285513
[CLEANUP], Operations, 1
[CLEANUP], AverageLatency(us), 1037.0
[CLEANUP], MinLatency(us), 1037
[CLEANUP], MaxLatency(us), 1037
[CLEANUP], 95thPercentileLatency(us), 1037
[CLEANUP], 99thPercentileLatency(us), 1037
[UPDATE], Operations, 285803
[UPDATE], AverageLatency(us), 103.99564035367018
[UPDATE], MinLatency(us), 80
[UPDATE], MaxLatency(us), 23039
[UPDATE], 95thPercentileLatency(us), 122
[UPDATE], 99thPercentileLatency(us), 163
[UPDATE], Return=OK, 285803
AUTOTEST_DONE
