/nix/store/2vwkssqpzykk37r996cafq7x63imf4sp-openjdk-21+35/bin/java  -classpath /nix/store/zw02np72fzsmga6s5mphhw7x8qlzf4sv-ycsb-0.17.0/share/conf:/nix/store/zw02np72fzsmga6s5mphhw7x8qlzf4sv-ycsb-0.17.0/share/lib/core-0.17.0.jar:/nix/store/zw02np72fzsmga6s5mphhw7x8qlzf4sv-ycsb-0.17.0/share/lib/HdrHistogram-2.1.4.jar:/nix/store/zw02np72fzsmga6s5mphhw7x8qlzf4sv-ycsb-0.17.0/share/lib/htrace-core4-4.1.0-incubating.jar:/nix/store/zw02np72fzsmga6s5mphhw7x8qlzf4sv-ycsb-0.17.0/share/lib/jackson-core-asl-1.9.4.jar:/nix/store/zw02np72fzsmga6s5mphhw7x8qlzf4sv-ycsb-0.17.0/share/lib/jackson-mapper-asl-1.9.4.jar:/nix/store/zw02np72fzsmga6s5mphhw7x8qlzf4sv-ycsb-0.17.0/share/redis-binding/lib/commons-pool2-2.4.2.jar:/nix/store/zw02np72fzsmga6s5mphhw7x8qlzf4sv-ycsb-0.17.0/share/redis-binding/lib/jedis-2.9.0.jar:/nix/store/zw02np72fzsmga6s5mphhw7x8qlzf4sv-ycsb-0.17.0/share/redis-binding/lib/redis-binding-0.17.0.jar site.ycsb.Client -t -db site.ycsb.db.RedisClient -s -P /home/host/vmuxIO/test/moonprogs//../../ycsb/share/workloads/workloada -p redis.host=10.1.0.2 -p redis.port=6379 -p operationcount=429496729 -p maxexecutiontime=61 -threads 1
Command line: -t -db site.ycsb.db.RedisClient -s -P /home/host/vmuxIO/test/moonprogs//../../ycsb/share/workloads/workloada -p redis.host=10.1.0.2 -p redis.port=6379 -p operationcount=429496729 -p maxexecutiontime=61 -threads 1
YCSB Client 0.17.0

Loading workload...
Starting test.
Maximum execution time specified as: 61 secs
DBWrapper: report latency for each error is false and specific error codes to track for latency are: []
2024-06-30 00:37:23:938 0 sec: 0 operations; est completion in 0 second 
2024-06-30 00:37:33:777 10 sec: 34769 operations; 3476.9 current ops/sec; est completion in 1 day 10 hours [READ: Count=17368, Max=208639, Min=92, Avg=238.94, 90=172, 99=2341, 99.9=3845, 99.99=204927] [UPDATE: Count=17401, Max=209151, Min=90, Avg=307.84, 90=173, 99=2407, 99.9=4081, 99.99=208895] 
2024-06-30 00:37:43:777 20 sec: 72672 operations; 3790.3 current ops/sec; est completion in 1 day 8 hours [READ: Count=18872, Max=209151, Min=87, Avg=252.04, 90=160, 99=2151, 99.9=3839, 99.99=207487] [UPDATE: Count=19032, Max=209151, Min=88, Avg=278.55, 90=156, 99=2097, 99.9=3779, 99.99=208511] 
2024-06-30 00:37:53:777 30 sec: 108981 operations; 3630.9 current ops/sec; est completion in 1 day 8 hours [READ: Count=18204, Max=208255, Min=92, Avg=292.25, 90=165, 99=2038, 99.9=3883, 99.99=207615] [UPDATE: Count=18104, Max=208511, Min=82, Avg=253.89, 90=162, 99=1993, 99.9=3749, 99.99=207999] 
2024-06-30 00:38:03:777 40 sec: 146819 operations; 3783.8 current ops/sec; est completion in 1 day 8 hours [READ: Count=18651, Max=208511, Min=83, Avg=276.48, 90=165, 99=2093, 99.9=3899, 99.99=207487] [UPDATE: Count=19187, Max=210559, Min=86, Avg=249.18, 90=161, 99=2051, 99.9=3687, 99.99=208383] 
2024-06-30 00:38:13:777 50 sec: 184077 operations; 3725.8 current ops/sec; est completion in 1 day 8 hours [READ: Count=18721, Max=208767, Min=87, Avg=287.79, 90=175, 99=2083, 99.9=3827, 99.99=207231] [UPDATE: Count=18537, Max=208639, Min=90, Avg=241.26, 90=173, 99=1962, 99.9=3845, 99.99=204031] 
2024-06-30 00:38:23:777 60 sec: 214743 operations; 3066.6 current ops/sec; est completion in 1 day 9 hours [READ: Count=15418, Max=207743, Min=88, Avg=277.84, 90=167, 99=2165, 99.9=3837, 99.99=207487] [UPDATE: Count=15248, Max=208895, Min=89, Avg=373.06, 90=161, 99=2085, 99.9=201343, 99.99=207743] 
Maximum time elapsed. Requesting stop for the workload.
Stop requested for workload. Now Joining!
2024-06-30 00:38:24:786 61 sec: 217512 operations; 2741.58 current ops/sec; est completion in 1 day 9 hours [READ: Count=1445, Max=207231, Min=94, Avg=296.61, 90=147, 99=1851, 99.9=3663, 99.99=207231] [CLEANUP: Count=1, Max=3141, Min=3140, Avg=3141, 90=3141, 99=3141, 99.9=3141, 99.99=3141] [UPDATE: Count=1324, Max=209279, Min=90, Avg=465.78, 90=141, 99=1925, 99.9=208895, 99.99=209279] 
[OVERALL], RunTime(ms), 61024
[OVERALL], Throughput(ops/sec), 3564.3681174619824
[TOTAL_GCS_Copy], Count, 20
[TOTAL_GC_TIME_Copy], Time(ms), 29
[TOTAL_GC_TIME_%_Copy], Time(%), 0.04752228631358154
[TOTAL_GCS_MarkSweepCompact], Count, 0
[TOTAL_GC_TIME_MarkSweepCompact], Time(ms), 0
[TOTAL_GC_TIME_%_MarkSweepCompact], Time(%), 0.0
[TOTAL_GCs], Count, 20
[TOTAL_GC_TIME], Time(ms), 29
[TOTAL_GC_TIME_%], Time(%), 0.04752228631358154
[READ], Operations, 108679
[READ], AverageLatency(us), 271.28534491484095
[READ], MinLatency(us), 83
[READ], MaxLatency(us), 209151
[READ], 95thPercentileLatency(us), 206
[READ], 99thPercentileLatency(us), 2143
[READ], Return=OK, 108679
[CLEANUP], Operations, 1
[CLEANUP], AverageLatency(us), 3141.0
[CLEANUP], MinLatency(us), 3140
[CLEANUP], MaxLatency(us), 3141
[CLEANUP], 95thPercentileLatency(us), 3141
[CLEANUP], 99thPercentileLatency(us), 3141
[UPDATE], Operations, 108833
[UPDATE], AverageLatency(us), 283.1211948581772
[UPDATE], MinLatency(us), 82
[UPDATE], MaxLatency(us), 210559
[UPDATE], 95thPercentileLatency(us), 205
[UPDATE], 99thPercentileLatency(us), 2113
[UPDATE], Return=OK, 108833
AUTOTEST_DONE
