/nix/store/2vwkssqpzykk37r996cafq7x63imf4sp-openjdk-21+35/bin/java  -classpath /nix/store/zw02np72fzsmga6s5mphhw7x8qlzf4sv-ycsb-0.17.0/share/conf:/nix/store/zw02np72fzsmga6s5mphhw7x8qlzf4sv-ycsb-0.17.0/share/lib/core-0.17.0.jar:/nix/store/zw02np72fzsmga6s5mphhw7x8qlzf4sv-ycsb-0.17.0/share/lib/HdrHistogram-2.1.4.jar:/nix/store/zw02np72fzsmga6s5mphhw7x8qlzf4sv-ycsb-0.17.0/share/lib/htrace-core4-4.1.0-incubating.jar:/nix/store/zw02np72fzsmga6s5mphhw7x8qlzf4sv-ycsb-0.17.0/share/lib/jackson-core-asl-1.9.4.jar:/nix/store/zw02np72fzsmga6s5mphhw7x8qlzf4sv-ycsb-0.17.0/share/lib/jackson-mapper-asl-1.9.4.jar:/nix/store/zw02np72fzsmga6s5mphhw7x8qlzf4sv-ycsb-0.17.0/share/redis-binding/lib/commons-pool2-2.4.2.jar:/nix/store/zw02np72fzsmga6s5mphhw7x8qlzf4sv-ycsb-0.17.0/share/redis-binding/lib/jedis-2.9.0.jar:/nix/store/zw02np72fzsmga6s5mphhw7x8qlzf4sv-ycsb-0.17.0/share/redis-binding/lib/redis-binding-0.17.0.jar site.ycsb.Client -t -db site.ycsb.db.RedisClient -s -P /home/host/vmuxIO/test/moonprogs//../../ycsb/share/workloads/workloada -p redis.host=10.1.0.2 -p redis.port=6389 -p operationcount=429496729 -p maxexecutiontime=61 -threads 1
Command line: -t -db site.ycsb.db.RedisClient -s -P /home/host/vmuxIO/test/moonprogs//../../ycsb/share/workloads/workloada -p redis.host=10.1.0.2 -p redis.port=6389 -p operationcount=429496729 -p maxexecutiontime=61 -threads 1
YCSB Client 0.17.0

Loading workload...
Starting test.
Maximum execution time specified as: 61 secs
2025-02-01 19:52:57:368 0 sec: 0 operations; est completion in 0 second 
DBWrapper: report latency for each error is false and specific error codes to track for latency are: []
2025-02-01 19:53:07:195 10 sec: 3627 operations; 362.55 current ops/sec; est completion in 13 days 17 hours [READ: Count=1843, Max=65375, Min=118, Avg=2663.32, 90=6211, 99=20751, 99.9=46815, 99.99=65375] [UPDATE: Count=1785, Max=40031, Min=117, Avg=2623.21, 90=6731, 99=15575, 99.9=29391, 99.99=40031] 
2025-02-01 19:53:17:192 20 sec: 8552 operations; 492.7 current ops/sec; est completion in 11 days 15 hours [READ: Count=2411, Max=38527, Min=103, Avg=2034.09, 90=5647, 99=11943, 99.9=19295, 99.99=38527] [UPDATE: Count=2513, Max=26303, Min=87, Avg=1998.21, 90=5463, 99=10751, 99.9=23775, 99.99=26303] 
2025-02-01 19:53:27:192 30 sec: 14888 operations; 633.6 current ops/sec; est completion in 10 days [READ: Count=3184, Max=15951, Min=75, Avg=1600.14, 90=4847, 99=9263, 99.9=13823, 99.99=15951] [UPDATE: Count=3153, Max=17311, Min=73, Avg=1540.05, 90=4595, 99=9239, 99.9=14351, 99.99=17311] 
2025-02-01 19:53:37:191 40 sec: 22305 operations; 741.7 current ops/sec; est completion in 8 days 21 hours [READ: Count=3644, Max=19279, Min=88, Avg=1350.86, 90=4207, 99=9007, 99.9=15975, 99.99=19279] [UPDATE: Count=3772, Max=31663, Min=84, Avg=1333.65, 90=4183, 99=9223, 99.9=16183, 99.99=31663] 
2025-02-01 19:53:47:193 50 sec: 29510 operations; 720.36 current ops/sec; est completion in 8 days 10 hours [READ: Count=3604, Max=17055, Min=92, Avg=1391.61, 90=4251, 99=8903, 99.9=13767, 99.99=17055] [UPDATE: Count=3601, Max=18447, Min=85, Avg=1371.79, 90=4267, 99=8959, 99.9=14175, 99.99=18447] 
2025-02-01 19:53:57:191 60 sec: 38494 operations; 898.58 current ops/sec; est completion in 7 days 17 hours [READ: Count=4442, Max=14687, Min=75, Avg=1104.8, 90=3969, 99=7983, 99.9=11111, 99.99=14687] [UPDATE: Count=4542, Max=13959, Min=72, Avg=1111.64, 90=3991, 99=7879, 99.9=11583, 99.99=13959] 
Maximum time elapsed. Requesting stop for the workload.
Stop requested for workload. Now Joining!
2025-02-01 19:53:58:202 61 sec: 39027 operations; 528.25 current ops/sec; est completion in 7 days 18 hours [READ: Count=273, Max=11407, Min=98, Avg=1952.3, 90=6067, 99=8991, 99.9=11407, 99.99=11407] [CLEANUP: Count=1, Max=3213, Min=3212, Avg=3213, 90=3213, 99=3213, 99.9=3213, 99.99=3213] [UPDATE: Count=260, Max=10271, Min=110, Avg=1810.28, 90=5199, 99=8343, 99.9=10271, 99.99=10271] 
[OVERALL], RunTime(ms), 61010
[OVERALL], Throughput(ops/sec), 639.6820193410916
[TOTAL_GCS_G1_Young_Generation], Count, 3
[TOTAL_GC_TIME_G1_Young_Generation], Time(ms), 74
[TOTAL_GC_TIME_%_G1_Young_Generation], Time(%), 0.1212915915423701
[TOTAL_GCS_G1_Concurrent_GC], Count, 0
[TOTAL_GC_TIME_G1_Concurrent_GC], Time(ms), 0
[TOTAL_GC_TIME_%_G1_Concurrent_GC], Time(%), 0.0
[TOTAL_GCS_G1_Old_Generation], Count, 0
[TOTAL_GC_TIME_G1_Old_Generation], Time(ms), 0
[TOTAL_GC_TIME_%_G1_Old_Generation], Time(%), 0.0
[TOTAL_GCs], Count, 3
[TOTAL_GC_TIME], Time(ms), 74
[TOTAL_GC_TIME_%], Time(%), 0.1212915915423701
[READ], Operations, 19401
[READ], AverageLatency(us), 1561.0481933920933
[READ], MinLatency(us), 75
[READ], MaxLatency(us), 65375
[READ], 95thPercentileLatency(us), 6323
[READ], 99thPercentileLatency(us), 9959
[READ], Return=OK, 19401
[CLEANUP], Operations, 1
[CLEANUP], AverageLatency(us), 3213.0
[CLEANUP], MinLatency(us), 3212
[CLEANUP], MaxLatency(us), 3213
[CLEANUP], 95thPercentileLatency(us), 3213
[CLEANUP], 99thPercentileLatency(us), 3213
[UPDATE], Operations, 19626
[UPDATE], AverageLatency(us), 1531.1217772342811
[UPDATE], MinLatency(us), 72
[UPDATE], MaxLatency(us), 40031
[UPDATE], 95thPercentileLatency(us), 6243
[UPDATE], 99thPercentileLatency(us), 9863
[UPDATE], Return=OK, 19626
AUTOTEST_DONE
