/nix/store/2vwkssqpzykk37r996cafq7x63imf4sp-openjdk-21+35/bin/java  -classpath /nix/store/zw02np72fzsmga6s5mphhw7x8qlzf4sv-ycsb-0.17.0/share/conf:/nix/store/zw02np72fzsmga6s5mphhw7x8qlzf4sv-ycsb-0.17.0/share/lib/core-0.17.0.jar:/nix/store/zw02np72fzsmga6s5mphhw7x8qlzf4sv-ycsb-0.17.0/share/lib/HdrHistogram-2.1.4.jar:/nix/store/zw02np72fzsmga6s5mphhw7x8qlzf4sv-ycsb-0.17.0/share/lib/htrace-core4-4.1.0-incubating.jar:/nix/store/zw02np72fzsmga6s5mphhw7x8qlzf4sv-ycsb-0.17.0/share/lib/jackson-core-asl-1.9.4.jar:/nix/store/zw02np72fzsmga6s5mphhw7x8qlzf4sv-ycsb-0.17.0/share/lib/jackson-mapper-asl-1.9.4.jar:/nix/store/zw02np72fzsmga6s5mphhw7x8qlzf4sv-ycsb-0.17.0/share/redis-binding/lib/commons-pool2-2.4.2.jar:/nix/store/zw02np72fzsmga6s5mphhw7x8qlzf4sv-ycsb-0.17.0/share/redis-binding/lib/jedis-2.9.0.jar:/nix/store/zw02np72fzsmga6s5mphhw7x8qlzf4sv-ycsb-0.17.0/share/redis-binding/lib/redis-binding-0.17.0.jar site.ycsb.Client -t -db site.ycsb.db.RedisClient -s -P /home/host/vmuxIO/test/moonprogs//../../ycsb/share/workloads/workloada -p redis.host=10.1.0.2 -p redis.port=6383 -p operationcount=429496729 -p maxexecutiontime=61 -threads 1
Command line: -t -db site.ycsb.db.RedisClient -s -P /home/host/vmuxIO/test/moonprogs//../../ycsb/share/workloads/workloada -p redis.host=10.1.0.2 -p redis.port=6383 -p operationcount=429496729 -p maxexecutiontime=61 -threads 1
YCSB Client 0.17.0

Loading workload...
Starting test.
Maximum execution time specified as: 61 secs
2025-02-01 19:53:04:765 0 sec: 0 operations; est completion in 0 second 
DBWrapper: report latency for each error is false and specific error codes to track for latency are: []
2025-02-01 19:53:14:580 10 sec: 3174 operations; 317.4 current ops/sec; est completion in 15 days 15 hours [READ: Count=1609, Max=66239, Min=97, Avg=2943.05, 90=8551, 99=15279, 99.9=20159, 99.99=66239] [UPDATE: Count=1566, Max=95743, Min=94, Avg=3065.84, 90=8695, 99=16639, 99.9=45343, 99.99=95743] 
2025-02-01 19:53:24:580 20 sec: 9807 operations; 663.3 current ops/sec; est completion in 10 days 3 hours [READ: Count=3251, Max=23215, Min=93, Avg=1491.51, 90=6903, 99=11655, 99.9=19183, 99.99=23215] [UPDATE: Count=3381, Max=23695, Min=84, Avg=1502.1, 90=6843, 99=11663, 99.9=19743, 99.99=23695] 
2025-02-01 19:53:34:580 30 sec: 15976 operations; 616.9 current ops/sec; est completion in 9 days 8 hours [READ: Count=3129, Max=20159, Min=74, Avg=1639.07, 90=7427, 99=12111, 99.9=16191, 99.99=20159] [UPDATE: Count=3042, Max=19999, Min=73, Avg=1590.73, 90=7279, 99=11855, 99.9=15263, 99.99=19999] 
2025-02-01 19:53:44:580 40 sec: 25213 operations; 923.7 current ops/sec; est completion in 7 days 21 hours [READ: Count=4678, Max=18511, Min=101, Avg=1052.9, 90=2409, 99=9239, 99.9=12519, 99.99=18511] [UPDATE: Count=4557, Max=16263, Min=98, Avg=1102.46, 90=3609, 99=9399, 99.9=13359, 99.99=16263] 
2025-02-01 19:53:54:580 50 sec: 34764 operations; 955.1 current ops/sec; est completion in 7 days 3 hours [READ: Count=4782, Max=17935, Min=88, Avg=1029.21, 90=2433, 99=9079, 99.9=11751, 99.99=17935] [UPDATE: Count=4769, Max=15023, Min=86, Avg=1055.53, 90=2661, 99=8887, 99.9=12039, 99.99=15023] 
2025-02-01 19:54:04:581 60 sec: 41814 operations; 704.93 current ops/sec; est completion in 7 days 3 hours [READ: Count=3488, Max=18431, Min=76, Avg=1389.03, 90=6187, 99=10943, 99.9=15359, 99.99=18431] [UPDATE: Count=3571, Max=20191, Min=78, Avg=1436.71, 90=6875, 99=11487, 99.9=16023, 99.99=20191] 
Maximum time elapsed. Requesting stop for the workload.
Stop requested for workload. Now Joining!
2025-02-01 19:54:05:593 61 sec: 42494 operations; 671.94 current ops/sec; est completion in 7 days 3 hours [READ: Count=346, Max=14151, Min=77, Avg=1560.52, 90=6971, 99=11551, 99.9=14151, 99.99=14151] [CLEANUP: Count=1, Max=2803, Min=2802, Avg=2803, 90=2803, 99=2803, 99.9=2803, 99.99=2803] [UPDATE: Count=325, Max=14063, Min=72, Avg=1426.78, 90=6083, 99=11735, 99.9=14063, 99.99=14063] 
[OVERALL], RunTime(ms), 61014
[OVERALL], Throughput(ops/sec), 696.4631068279411
[TOTAL_GCS_G1_Young_Generation], Count, 3
[TOTAL_GC_TIME_G1_Young_Generation], Time(ms), 86
[TOTAL_GC_TIME_%_G1_Young_Generation], Time(%), 0.14095125708853706
[TOTAL_GCS_G1_Concurrent_GC], Count, 0
[TOTAL_GC_TIME_G1_Concurrent_GC], Time(ms), 0
[TOTAL_GC_TIME_%_G1_Concurrent_GC], Time(%), 0.0
[TOTAL_GCS_G1_Old_Generation], Count, 0
[TOTAL_GC_TIME_G1_Old_Generation], Time(ms), 0
[TOTAL_GC_TIME_%_G1_Old_Generation], Time(%), 0.0
[TOTAL_GCs], Count, 3
[TOTAL_GC_TIME], Time(ms), 86
[TOTAL_GC_TIME_%], Time(%), 0.14095125708853706
[READ], Operations, 21283
[READ], AverageLatency(us), 1406.9894751679744
[READ], MinLatency(us), 74
[READ], MaxLatency(us), 66239
[READ], 95thPercentileLatency(us), 8247
[READ], 99thPercentileLatency(us), 11471
[READ], Return=OK, 21283
[CLEANUP], Operations, 1
[CLEANUP], AverageLatency(us), 2803.0
[CLEANUP], MinLatency(us), 2802
[CLEANUP], MaxLatency(us), 2803
[CLEANUP], 95thPercentileLatency(us), 2803
[CLEANUP], 99thPercentileLatency(us), 2803
[UPDATE], Operations, 21211
[UPDATE], AverageLatency(us), 1431.8320211211164
[UPDATE], MinLatency(us), 72
[UPDATE], MaxLatency(us), 95743
[UPDATE], 95thPercentileLatency(us), 8255
[UPDATE], 99thPercentileLatency(us), 11407
[UPDATE], Return=OK, 21211
AUTOTEST_DONE
