/nix/store/2vwkssqpzykk37r996cafq7x63imf4sp-openjdk-21+35/bin/java  -classpath /nix/store/zw02np72fzsmga6s5mphhw7x8qlzf4sv-ycsb-0.17.0/share/conf:/nix/store/zw02np72fzsmga6s5mphhw7x8qlzf4sv-ycsb-0.17.0/share/lib/core-0.17.0.jar:/nix/store/zw02np72fzsmga6s5mphhw7x8qlzf4sv-ycsb-0.17.0/share/lib/HdrHistogram-2.1.4.jar:/nix/store/zw02np72fzsmga6s5mphhw7x8qlzf4sv-ycsb-0.17.0/share/lib/htrace-core4-4.1.0-incubating.jar:/nix/store/zw02np72fzsmga6s5mphhw7x8qlzf4sv-ycsb-0.17.0/share/lib/jackson-core-asl-1.9.4.jar:/nix/store/zw02np72fzsmga6s5mphhw7x8qlzf4sv-ycsb-0.17.0/share/lib/jackson-mapper-asl-1.9.4.jar:/nix/store/zw02np72fzsmga6s5mphhw7x8qlzf4sv-ycsb-0.17.0/share/redis-binding/lib/commons-pool2-2.4.2.jar:/nix/store/zw02np72fzsmga6s5mphhw7x8qlzf4sv-ycsb-0.17.0/share/redis-binding/lib/jedis-2.9.0.jar:/nix/store/zw02np72fzsmga6s5mphhw7x8qlzf4sv-ycsb-0.17.0/share/redis-binding/lib/redis-binding-0.17.0.jar site.ycsb.Client -t -db site.ycsb.db.RedisClient -s -P /home/host/vmuxIO/test/moonprogs//../../ycsb/share/workloads/workloada -p redis.host=10.1.0.2 -p redis.port=6384 -p operationcount=429496729 -p maxexecutiontime=61 -threads 1
Command line: -t -db site.ycsb.db.RedisClient -s -P /home/host/vmuxIO/test/moonprogs//../../ycsb/share/workloads/workloada -p redis.host=10.1.0.2 -p redis.port=6384 -p operationcount=429496729 -p maxexecutiontime=61 -threads 1
YCSB Client 0.17.0

Loading workload...
Starting test.
Maximum execution time specified as: 61 secs
DBWrapper: report latency for each error is false and specific error codes to track for latency are: []
2025-02-05 03:39:51:670 0 sec: 0 operations; est completion in 0 second 
2025-02-05 03:40:01:373 10 sec: 5069 operations; 506.9 current ops/sec; est completion in 9 days 19 hours [READ: Count=2533, Max=209663, Min=95, Avg=1708.32, 90=7219, 99=13975, 99.9=22927, 99.99=209663] [UPDATE: Count=2547, Max=209407, Min=94, Avg=2075.18, 90=7767, 99=13791, 99.9=50623, 99.99=209407] 
2025-02-05 03:40:11:373 20 sec: 16125 operations; 1105.6 current ops/sec; est completion in 6 days 3 hours [READ: Count=5506, Max=20591, Min=85, Avg=909.17, 90=2103, 99=11143, 99.9=15311, 99.99=17391] [UPDATE: Count=5540, Max=20911, Min=81, Avg=882.56, 90=1115, 99=10935, 99.9=15039, 99.99=19807] 
2025-02-05 03:40:21:372 30 sec: 32494 operations; 1636.9 current ops/sec; est completion in 4 days 14 hours [READ: Count=8162, Max=18671, Min=81, Avg=621.74, 90=363, 99=8335, 99.9=12159, 99.99=16319] [UPDATE: Count=8206, Max=14679, Min=80, Avg=592.32, 90=335, 99=8279, 99.9=11999, 99.99=12687] 
2025-02-05 03:40:31:372 40 sec: 45592 operations; 1309.8 current ops/sec; est completion in 4 days 8 hours [READ: Count=6633, Max=40159, Min=84, Avg=783.23, 90=487, 99=9639, 99.9=14975, 99.99=19343] [UPDATE: Count=6465, Max=19375, Min=81, Avg=731.05, 90=421, 99=9967, 99.9=14463, 99.99=19215] 
2025-02-05 03:40:41:373 50 sec: 59242 operations; 1365 current ops/sec; est completion in 4 days 4 hours [READ: Count=6776, Max=209151, Min=85, Avg=716.22, 90=390, 99=9239, 99.9=13255, 99.99=16223] [UPDATE: Count=6874, Max=209663, Min=82, Avg=744.98, 90=395, 99=8527, 99.9=13999, 99.99=202879] 
2025-02-05 03:40:51:372 60 sec: 73391 operations; 1414.9 current ops/sec; est completion in 4 days 1 hour [READ: Count=7110, Max=16119, Min=81, Avg=737.96, 90=456, 99=9175, 99.9=13151, 99.99=16063] [UPDATE: Count=7039, Max=15367, Min=79, Avg=670.43, 90=397, 99=9159, 99.9=12175, 99.99=14543] 
Maximum time elapsed. Requesting stop for the workload.
Stop requested for workload. Now Joining!
2025-02-05 03:40:52:395 61 sec: 75670 operations; 2227.76 current ops/sec; est completion in 4 days [READ: Count=1153, Max=13215, Min=84, Avg=499.46, 90=248, 99=8171, 99.9=11095, 99.99=13215] [CLEANUP: Count=1, Max=3807, Min=3806, Avg=3807, 90=3807, 99=3807, 99.9=3807, 99.99=3807] [UPDATE: Count=1126, Max=11303, Min=82, Avg=390.52, 90=194, 99=8151, 99.9=9279, 99.99=11303] 
[OVERALL], RunTime(ms), 61026
[OVERALL], Throughput(ops/sec), 1239.9632943335628
[TOTAL_GCS_Copy], Count, 7
[TOTAL_GC_TIME_Copy], Time(ms), 15
[TOTAL_GC_TIME_%_Copy], Time(%), 0.02457968734637695
[TOTAL_GCS_MarkSweepCompact], Count, 0
[TOTAL_GC_TIME_MarkSweepCompact], Time(ms), 0
[TOTAL_GC_TIME_%_MarkSweepCompact], Time(%), 0.0
[TOTAL_GCs], Count, 7
[TOTAL_GC_TIME], Time(ms), 15
[TOTAL_GC_TIME_%], Time(%), 0.02457968734637695
[READ], Operations, 37873
[READ], AverageLatency(us), 799.4806326406675
[READ], MinLatency(us), 81
[READ], MaxLatency(us), 209663
[READ], 95thPercentileLatency(us), 7127
[READ], 99thPercentileLatency(us), 10191
[READ], Return=OK, 37873
[CLEANUP], Operations, 1
[CLEANUP], AverageLatency(us), 3807.0
[CLEANUP], MinLatency(us), 3806
[CLEANUP], MaxLatency(us), 3807
[CLEANUP], 95thPercentileLatency(us), 3807
[CLEANUP], 99thPercentileLatency(us), 3807
[UPDATE], Operations, 37797
[UPDATE], AverageLatency(us), 794.8121014895362
[UPDATE], MinLatency(us), 79
[UPDATE], MaxLatency(us), 209663
[UPDATE], 95thPercentileLatency(us), 7147
[UPDATE], 99thPercentileLatency(us), 10047
[UPDATE], Return=OK, 37797
AUTOTEST_DONE
