/nix/store/2vwkssqpzykk37r996cafq7x63imf4sp-openjdk-21+35/bin/java  -classpath /nix/store/zw02np72fzsmga6s5mphhw7x8qlzf4sv-ycsb-0.17.0/share/conf:/nix/store/zw02np72fzsmga6s5mphhw7x8qlzf4sv-ycsb-0.17.0/share/lib/core-0.17.0.jar:/nix/store/zw02np72fzsmga6s5mphhw7x8qlzf4sv-ycsb-0.17.0/share/lib/HdrHistogram-2.1.4.jar:/nix/store/zw02np72fzsmga6s5mphhw7x8qlzf4sv-ycsb-0.17.0/share/lib/htrace-core4-4.1.0-incubating.jar:/nix/store/zw02np72fzsmga6s5mphhw7x8qlzf4sv-ycsb-0.17.0/share/lib/jackson-core-asl-1.9.4.jar:/nix/store/zw02np72fzsmga6s5mphhw7x8qlzf4sv-ycsb-0.17.0/share/lib/jackson-mapper-asl-1.9.4.jar:/nix/store/zw02np72fzsmga6s5mphhw7x8qlzf4sv-ycsb-0.17.0/share/redis-binding/lib/commons-pool2-2.4.2.jar:/nix/store/zw02np72fzsmga6s5mphhw7x8qlzf4sv-ycsb-0.17.0/share/redis-binding/lib/jedis-2.9.0.jar:/nix/store/zw02np72fzsmga6s5mphhw7x8qlzf4sv-ycsb-0.17.0/share/redis-binding/lib/redis-binding-0.17.0.jar site.ycsb.Client -t -db site.ycsb.db.RedisClient -s -P /home/host/vmuxIO/test/moonprogs//../../ycsb/share/workloads/workloada -p redis.host=10.1.0.2 -p redis.port=6387 -p operationcount=429496729 -p maxexecutiontime=61 -threads 1
Command line: -t -db site.ycsb.db.RedisClient -s -P /home/host/vmuxIO/test/moonprogs//../../ycsb/share/workloads/workloada -p redis.host=10.1.0.2 -p redis.port=6387 -p operationcount=429496729 -p maxexecutiontime=61 -threads 1
YCSB Client 0.17.0

Loading workload...
Starting test.
Maximum execution time specified as: 61 secs
DBWrapper: report latency for each error is false and specific error codes to track for latency are: []
2025-02-10 03:58:02:002 0 sec: 0 operations; est completion in 0 second 
2025-02-10 03:58:11:640 10 sec: 8233 operations; 823.3 current ops/sec; est completion in 6 days [READ: Count=4136, Max=208895, Min=88, Avg=1103.44, 90=3429, 99=8039, 99.9=72895, 99.99=208895] [UPDATE: Count=4097, Max=211711, Min=91, Avg=1171.35, 90=3881, 99=8439, 99.9=18271, 99.99=211711] 
2025-02-10 03:58:21:640 20 sec: 22702 operations; 1446.9 current ops/sec; est completion in 4 days 9 hours [READ: Count=7298, Max=209407, Min=82, Avg=719.11, 90=1427, 99=6231, 99.9=10831, 99.99=209151] [UPDATE: Count=7172, Max=212479, Min=81, Avg=663.05, 90=1288, 99=6671, 99.9=9423, 99.99=209023] 
2025-02-10 03:58:31:640 30 sec: 38284 operations; 1558.2 current ops/sec; est completion in 3 days 21 hours [READ: Count=7767, Max=209151, Min=83, Avg=619.14, 90=649, 99=6151, 99.9=8591, 99.99=208383] [UPDATE: Count=7814, Max=210431, Min=77, Avg=657.45, 90=796, 99=6399, 99.9=8207, 99.99=208767] 
2025-02-10 03:58:41:640 40 sec: 50825 operations; 1254.1 current ops/sec; est completion in 3 days 21 hours [READ: Count=6206, Max=209791, Min=84, Avg=811.39, 90=2287, 99=7483, 99.9=10031, 99.99=209407] [UPDATE: Count=6335, Max=208639, Min=82, Avg=775.55, 90=2411, 99=7879, 99.9=9383, 99.99=207871] 
2025-02-10 03:58:51:644 50 sec: 66305 operations; 1547.38 current ops/sec; est completion in 3 days 17 hours [READ: Count=7798, Max=209791, Min=82, Avg=713.58, 90=528, 99=6735, 99.9=11215, 99.99=206719] [UPDATE: Count=7682, Max=208895, Min=82, Avg=571.07, 90=463, 99=6095, 99.9=8167, 99.99=203519] 
2025-02-10 03:59:01:640 60 sec: 84258 operations; 1796.02 current ops/sec; est completion in 3 days 12 hours [READ: Count=9005, Max=208767, Min=83, Avg=560.89, 90=371, 99=5215, 99.9=8887, 99.99=207487] [UPDATE: Count=8948, Max=207615, Min=81, Avg=548.95, 90=345, 99=5331, 99.9=9167, 99.99=207359] 
Maximum time elapsed. Requesting stop for the workload.
Stop requested for workload. Now Joining!
2025-02-10 03:59:02:650 61 sec: 86436 operations; 2156.44 current ops/sec; est completion in 3 days 12 hours [READ: Count=1070, Max=206591, Min=84, Avg=604.03, 90=255, 99=4259, 99.9=8263, 99.99=206591] [CLEANUP: Count=1, Max=961, Min=961, Avg=961, 90=961, 99=961, 99.9=961, 99.99=961] [UPDATE: Count=1108, Max=8055, Min=82, Avg=319.1, 90=233, 99=4159, 99.9=8019, 99.99=8055] 
[OVERALL], RunTime(ms), 61018
[OVERALL], Throughput(ops/sec), 1416.5656035923826
[TOTAL_GCS_Copy], Count, 8
[TOTAL_GC_TIME_Copy], Time(ms), 23
[TOTAL_GC_TIME_%_Copy], Time(%), 0.03769379527352584
[TOTAL_GCS_MarkSweepCompact], Count, 0
[TOTAL_GC_TIME_MarkSweepCompact], Time(ms), 0
[TOTAL_GC_TIME_%_MarkSweepCompact], Time(%), 0.0
[TOTAL_GCs], Count, 8
[TOTAL_GC_TIME], Time(ms), 23
[TOTAL_GC_TIME_%], Time(%), 0.03769379527352584
[READ], Operations, 43280
[READ], AverageLatency(us), 714.3689926062847
[READ], MinLatency(us), 82
[READ], MaxLatency(us), 209791
[READ], 95thPercentileLatency(us), 4035
[READ], 99thPercentileLatency(us), 6811
[READ], Return=OK, 43280
[CLEANUP], Operations, 1
[CLEANUP], AverageLatency(us), 961.0
[CLEANUP], MinLatency(us), 961
[CLEANUP], MaxLatency(us), 961
[CLEANUP], 95thPercentileLatency(us), 961
[CLEANUP], 99thPercentileLatency(us), 961
[UPDATE], Operations, 43156
[UPDATE], AverageLatency(us), 677.9468440077857
[UPDATE], MinLatency(us), 77
[UPDATE], MaxLatency(us), 212479
[UPDATE], 95thPercentileLatency(us), 4039
[UPDATE], 99thPercentileLatency(us), 6891
[UPDATE], Return=OK, 43156
AUTOTEST_DONE
