/nix/store/2vwkssqpzykk37r996cafq7x63imf4sp-openjdk-21+35/bin/java  -classpath /nix/store/zw02np72fzsmga6s5mphhw7x8qlzf4sv-ycsb-0.17.0/share/conf:/nix/store/zw02np72fzsmga6s5mphhw7x8qlzf4sv-ycsb-0.17.0/share/lib/core-0.17.0.jar:/nix/store/zw02np72fzsmga6s5mphhw7x8qlzf4sv-ycsb-0.17.0/share/lib/HdrHistogram-2.1.4.jar:/nix/store/zw02np72fzsmga6s5mphhw7x8qlzf4sv-ycsb-0.17.0/share/lib/htrace-core4-4.1.0-incubating.jar:/nix/store/zw02np72fzsmga6s5mphhw7x8qlzf4sv-ycsb-0.17.0/share/lib/jackson-core-asl-1.9.4.jar:/nix/store/zw02np72fzsmga6s5mphhw7x8qlzf4sv-ycsb-0.17.0/share/lib/jackson-mapper-asl-1.9.4.jar:/nix/store/zw02np72fzsmga6s5mphhw7x8qlzf4sv-ycsb-0.17.0/share/redis-binding/lib/commons-pool2-2.4.2.jar:/nix/store/zw02np72fzsmga6s5mphhw7x8qlzf4sv-ycsb-0.17.0/share/redis-binding/lib/jedis-2.9.0.jar:/nix/store/zw02np72fzsmga6s5mphhw7x8qlzf4sv-ycsb-0.17.0/share/redis-binding/lib/redis-binding-0.17.0.jar site.ycsb.Client -t -db site.ycsb.db.RedisClient -s -P /home/host/vmuxIO/test/moonprogs//../../ycsb/share/workloads/workloada -p redis.host=10.1.0.2 -p redis.port=6381 -p operationcount=429496729 -p maxexecutiontime=61 -threads 1
Command line: -t -db site.ycsb.db.RedisClient -s -P /home/host/vmuxIO/test/moonprogs//../../ycsb/share/workloads/workloada -p redis.host=10.1.0.2 -p redis.port=6381 -p operationcount=429496729 -p maxexecutiontime=61 -threads 1
YCSB Client 0.17.0

Loading workload...
Starting test.
Maximum execution time specified as: 61 secs
DBWrapper: report latency for each error is false and specific error codes to track for latency are: []
2025-02-05 03:39:53:629 0 sec: 0 operations; est completion in 0 second 
2025-02-05 03:40:03:437 10 sec: 7287 operations; 728.7 current ops/sec; est completion in 6 days 19 hours [READ: Count=3632, Max=24959, Min=94, Avg=1316.25, 90=6019, 99=12007, 99.9=16175, 99.99=24959] [UPDATE: Count=3668, Max=32927, Min=92, Avg=1334.71, 90=6139, 99=11999, 99.9=16047, 99.99=32927] 
2025-02-05 03:40:13:437 20 sec: 20081 operations; 1279.4 current ops/sec; est completion in 4 days 22 hours [READ: Count=6308, Max=211071, Min=83, Avg=800.12, 90=602, 99=9159, 99.9=13967, 99.99=16199] [UPDATE: Count=6476, Max=216319, Min=79, Avg=751.81, 90=438, 99=8855, 99.9=13223, 99.99=206463] 
2025-02-05 03:40:23:437 30 sec: 37234 operations; 1715.3 current ops/sec; est completion in 4 days [READ: Count=8742, Max=15143, Min=75, Avg=597.89, 90=339, 99=8295, 99.9=12023, 99.99=13103] [UPDATE: Count=8408, Max=14015, Min=76, Avg=560.13, 90=326, 99=8223, 99.9=12063, 99.99=12583] 
2025-02-05 03:40:33:437 40 sec: 51142 operations; 1390.8 current ops/sec; est completion in 3 days 21 hours [READ: Count=6850, Max=14575, Min=82, Avg=749.4, 90=479, 99=8431, 99.9=12015, 99.99=14039] [UPDATE: Count=7058, Max=16055, Min=80, Avg=681.72, 90=416, 99=8983, 99.9=13015, 99.99=15111] 
2025-02-05 03:40:43:437 50 sec: 66438 operations; 1529.45 current ops/sec; est completion in 3 days 17 hours [READ: Count=7770, Max=15647, Min=77, Avg=627.33, 90=368, 99=8295, 99.9=12175, 99.99=14991] [UPDATE: Count=7526, Max=210687, Min=77, Avg=673.07, 90=351, 99=8383, 99.9=13351, 99.99=204671] 
2025-02-05 03:40:53:437 60 sec: 84094 operations; 1765.78 current ops/sec; est completion in 3 days 13 hours [READ: Count=8883, Max=16151, Min=80, Avg=558.71, 90=306, 99=8247, 99.9=12135, 99.99=14319] [UPDATE: Count=8773, Max=15151, Min=80, Avg=570.13, 90=316, 99=8255, 99.9=11999, 99.99=15111] 
Maximum time elapsed. Requesting stop for the workload.
Stop requested for workload. Now Joining!
2025-02-05 03:40:54:449 61 sec: 86228 operations; 2108.7 current ops/sec; est completion in 3 days 12 hours [READ: Count=1048, Max=12039, Min=83, Avg=501.66, 90=217, 99=8167, 99.9=8319, 99.99=12039] [CLEANUP: Count=1, Max=3897, Min=3896, Avg=3897, 90=3897, 99=3897, 99.9=3897, 99.99=3897] [UPDATE: Count=1086, Max=10023, Min=78, Avg=436.74, 90=214, 99=8155, 99.9=8271, 99.99=10023] 
[OVERALL], RunTime(ms), 61020
[OVERALL], Throughput(ops/sec), 1413.1104555883317
[TOTAL_GCS_Copy], Count, 8
[TOTAL_GC_TIME_Copy], Time(ms), 15
[TOTAL_GC_TIME_%_Copy], Time(%), 0.024582104228121928
[TOTAL_GCS_MarkSweepCompact], Count, 0
[TOTAL_GC_TIME_MarkSweepCompact], Time(ms), 0
[TOTAL_GC_TIME_%_MarkSweepCompact], Time(%), 0.0
[TOTAL_GCs], Count, 8
[TOTAL_GC_TIME], Time(ms), 15
[TOTAL_GC_TIME_%], Time(%), 0.024582104228121928
[READ], Operations, 43233
[READ], AverageLatency(us), 706.6594730876876
[READ], MinLatency(us), 75
[READ], MaxLatency(us), 211071
[READ], 95thPercentileLatency(us), 6619
[READ], 99thPercentileLatency(us), 8951
[READ], Return=OK, 43233
[CLEANUP], Operations, 1
[CLEANUP], AverageLatency(us), 3897.0
[CLEANUP], MinLatency(us), 3896
[CLEANUP], MaxLatency(us), 3897
[CLEANUP], 95thPercentileLatency(us), 3897
[CLEANUP], 99thPercentileLatency(us), 3897
[UPDATE], Operations, 42995
[UPDATE], AverageLatency(us), 693.7362251424585
[UPDATE], MinLatency(us), 76
[UPDATE], MaxLatency(us), 216319
[UPDATE], 95thPercentileLatency(us), 6215
[UPDATE], 99thPercentileLatency(us), 8967
[UPDATE], Return=OK, 42995
AUTOTEST_DONE
