/nix/store/2vwkssqpzykk37r996cafq7x63imf4sp-openjdk-21+35/bin/java  -classpath /nix/store/zw02np72fzsmga6s5mphhw7x8qlzf4sv-ycsb-0.17.0/share/conf:/nix/store/zw02np72fzsmga6s5mphhw7x8qlzf4sv-ycsb-0.17.0/share/lib/core-0.17.0.jar:/nix/store/zw02np72fzsmga6s5mphhw7x8qlzf4sv-ycsb-0.17.0/share/lib/HdrHistogram-2.1.4.jar:/nix/store/zw02np72fzsmga6s5mphhw7x8qlzf4sv-ycsb-0.17.0/share/lib/htrace-core4-4.1.0-incubating.jar:/nix/store/zw02np72fzsmga6s5mphhw7x8qlzf4sv-ycsb-0.17.0/share/lib/jackson-core-asl-1.9.4.jar:/nix/store/zw02np72fzsmga6s5mphhw7x8qlzf4sv-ycsb-0.17.0/share/lib/jackson-mapper-asl-1.9.4.jar:/nix/store/zw02np72fzsmga6s5mphhw7x8qlzf4sv-ycsb-0.17.0/share/redis-binding/lib/commons-pool2-2.4.2.jar:/nix/store/zw02np72fzsmga6s5mphhw7x8qlzf4sv-ycsb-0.17.0/share/redis-binding/lib/jedis-2.9.0.jar:/nix/store/zw02np72fzsmga6s5mphhw7x8qlzf4sv-ycsb-0.17.0/share/redis-binding/lib/redis-binding-0.17.0.jar site.ycsb.Client -t -db site.ycsb.db.RedisClient -s -P /home/host/vmuxIO/test/moonprogs//../../ycsb/share/workloads/workloada -p redis.host=10.1.0.2 -p redis.port=6379 -p operationcount=429496729 -p maxexecutiontime=61 -threads 1
Command line: -t -db site.ycsb.db.RedisClient -s -P /home/host/vmuxIO/test/moonprogs//../../ycsb/share/workloads/workloada -p redis.host=10.1.0.2 -p redis.port=6379 -p operationcount=429496729 -p maxexecutiontime=61 -threads 1
YCSB Client 0.17.0

Loading workload...
Starting test.
Maximum execution time specified as: 61 secs
DBWrapper: report latency for each error is false and specific error codes to track for latency are: []
2024-06-26 11:52:09:197 0 sec: 0 operations; est completion in 0 second 
2024-06-26 11:52:19:029 10 sec: 56350 operations; 5634.44 current ops/sec; est completion in 21 hours 10 minutes [READ: Count=28325, Max=54911, Min=84, Avg=170.91, 90=219, 99=273, 99.9=1061, 99.99=2857] [UPDATE: Count=28037, Max=14415, Min=80, Avg=169.2, 90=216, 99=273, 99.9=1251, 99.99=5563] 
2024-06-26 11:52:29:029 20 sec: 112169 operations; 5581.9 current ops/sec; est completion in 21 hours 16 minutes [READ: Count=27793, Max=8735, Min=97, Avg=178.9, 90=219, 99=264, 99.9=356, 99.99=712] [UPDATE: Count=28014, Max=969, Min=91, Avg=175.62, 90=216, 99=255, 99.9=342, 99.99=741] 
2024-06-26 11:52:39:029 30 sec: 166362 operations; 5419.3 current ops/sec; est completion in 21 hours 30 minutes [READ: Count=27066, Max=4083, Min=99, Avg=184.6, 90=226, 99=262, 99.9=366, 99.99=1098] [UPDATE: Count=27127, Max=7695, Min=98, Avg=181.35, 90=222, 99=258, 99.9=359, 99.99=1383] 
2024-06-26 11:52:49:029 40 sec: 222648 operations; 5628.6 current ops/sec; est completion in 21 hours 25 minutes [READ: Count=27919, Max=1646, Min=97, Avg=177.2, 90=217, 99=271, 99.9=348, 99.99=799] [UPDATE: Count=28367, Max=8263, Min=93, Avg=174.86, 90=214, 99=265, 99.9=334, 99.99=1057] 
2024-06-26 11:52:59:029 50 sec: 279703 operations; 5705.5 current ops/sec; est completion in 21 hours 18 minutes [READ: Count=28650, Max=3093, Min=91, Avg=174.95, 90=215, 99=270, 99.9=342, 99.99=871] [UPDATE: Count=28405, Max=7423, Min=95, Avg=172.48, 90=212, 99=265, 99.9=338, 99.99=510] 
2024-06-26 11:53:09:029 60 sec: 337800 operations; 5809.7 current ops/sec; est completion in 21 hours 10 minutes [READ: Count=29213, Max=3137, Min=86, Avg=171.55, 90=211, 99=258, 99.9=347, 99.99=506] [UPDATE: Count=28884, Max=1234, Min=88, Avg=169.21, 90=208, 99=255, 99.9=333, 99.99=541] 
Maximum time elapsed. Requesting stop for the workload.
Stop requested for workload. Now Joining!
2024-06-26 11:53:10:040 61 sec: 343081 operations; 5223.54 current ops/sec; est completion in 21 hours 11 minutes [READ: Count=2621, Max=730, Min=113, Avg=188.85, 90=228, 99=267, 99.9=321, 99.99=730] [CLEANUP: Count=1, Max=1083, Min=1083, Avg=1083, 90=1083, 99=1083, 99.9=1083, 99.99=1083] [UPDATE: Count=2660, Max=6511, Min=106, Avg=189.66, 90=226, 99=270, 99.9=349, 99.99=6511] 
[OVERALL], RunTime(ms), 61016
[OVERALL], Throughput(ops/sec), 5622.803854726629
[TOTAL_GCS_Copy], Count, 31
[TOTAL_GC_TIME_Copy], Time(ms), 30
[TOTAL_GC_TIME_%_Copy], Time(%), 0.04916743149337878
[TOTAL_GCS_MarkSweepCompact], Count, 0
[TOTAL_GC_TIME_MarkSweepCompact], Time(ms), 0
[TOTAL_GC_TIME_%_MarkSweepCompact], Time(%), 0.0
[TOTAL_GCs], Count, 31
[TOTAL_GC_TIME], Time(ms), 30
[TOTAL_GC_TIME_%], Time(%), 0.04916743149337878
[READ], Operations, 171587
[READ], AverageLatency(us), 176.44340771736788
[READ], MinLatency(us), 84
[READ], MaxLatency(us), 54911
[READ], 95thPercentileLatency(us), 230
[READ], 99thPercentileLatency(us), 266
[READ], Return=OK, 171587
[CLEANUP], Operations, 1
[CLEANUP], AverageLatency(us), 1083.0
[CLEANUP], MinLatency(us), 1083
[CLEANUP], MaxLatency(us), 1083
[CLEANUP], 95thPercentileLatency(us), 1083
[CLEANUP], 99thPercentileLatency(us), 1083
[UPDATE], Operations, 171494
[UPDATE], AverageLatency(us), 173.96776563611556
[UPDATE], MinLatency(us), 80
[UPDATE], MaxLatency(us), 14415
[UPDATE], 95thPercentileLatency(us), 227
[UPDATE], 99thPercentileLatency(us), 262
[UPDATE], Return=OK, 171494
AUTOTEST_DONE
