/nix/store/2vwkssqpzykk37r996cafq7x63imf4sp-openjdk-21+35/bin/java  -classpath /nix/store/zw02np72fzsmga6s5mphhw7x8qlzf4sv-ycsb-0.17.0/share/conf:/nix/store/zw02np72fzsmga6s5mphhw7x8qlzf4sv-ycsb-0.17.0/share/lib/core-0.17.0.jar:/nix/store/zw02np72fzsmga6s5mphhw7x8qlzf4sv-ycsb-0.17.0/share/lib/HdrHistogram-2.1.4.jar:/nix/store/zw02np72fzsmga6s5mphhw7x8qlzf4sv-ycsb-0.17.0/share/lib/htrace-core4-4.1.0-incubating.jar:/nix/store/zw02np72fzsmga6s5mphhw7x8qlzf4sv-ycsb-0.17.0/share/lib/jackson-core-asl-1.9.4.jar:/nix/store/zw02np72fzsmga6s5mphhw7x8qlzf4sv-ycsb-0.17.0/share/lib/jackson-mapper-asl-1.9.4.jar:/nix/store/zw02np72fzsmga6s5mphhw7x8qlzf4sv-ycsb-0.17.0/share/redis-binding/lib/commons-pool2-2.4.2.jar:/nix/store/zw02np72fzsmga6s5mphhw7x8qlzf4sv-ycsb-0.17.0/share/redis-binding/lib/jedis-2.9.0.jar:/nix/store/zw02np72fzsmga6s5mphhw7x8qlzf4sv-ycsb-0.17.0/share/redis-binding/lib/redis-binding-0.17.0.jar site.ycsb.Client -t -db site.ycsb.db.RedisClient -s -P /home/host/vmuxIO/test/moonprogs//../../ycsb/share/workloads/workloada -p redis.host=10.1.0.2 -p redis.port=6379 -p operationcount=429496729 -p maxexecutiontime=61 -threads 1
Command line: -t -db site.ycsb.db.RedisClient -s -P /home/host/vmuxIO/test/moonprogs//../../ycsb/share/workloads/workloada -p redis.host=10.1.0.2 -p redis.port=6379 -p operationcount=429496729 -p maxexecutiontime=61 -threads 1
YCSB Client 0.17.0

Loading workload...
Starting test.
Maximum execution time specified as: 61 secs
DBWrapper: report latency for each error is false and specific error codes to track for latency are: []
2024-06-26 11:39:28:267 0 sec: 0 operations; est completion in 0 second 
2024-06-26 11:39:38:061 10 sec: 9790 operations; 978.9 current ops/sec; est completion in 5 days 1 hour [READ: Count=4942, Max=57311, Min=275, Avg=989.48, 90=1401, 99=1905, 99.9=5435, 99.99=57311] [UPDATE: Count=4955, Max=7371, Min=290, Avg=991.57, 90=1414, 99=2299, 99.9=6155, 99.99=7371] 
2024-06-26 11:39:48:063 20 sec: 17831 operations; 803.38 current ops/sec; est completion in 5 days 13 hours [READ: Count=3981, Max=11023, Min=382, Avg=1238.93, 90=1571, 99=1942, 99.9=6199, 99.99=11023] [UPDATE: Count=3953, Max=9623, Min=422, Avg=1229.54, 90=1565, 99=1927, 99.9=3807, 99.99=9623] 
2024-06-26 11:39:58:054 30 sec: 25721 operations; 789.79 current ops/sec; est completion in 5 days 19 hours [READ: Count=3974, Max=10263, Min=327, Avg=1251.81, 90=1578, 99=1958, 99.9=2775, 99.99=10263] [UPDATE: Count=3916, Max=11727, Min=375, Avg=1269.34, 90=1578, 99=1980, 99.9=3545, 99.99=11727] 
2024-06-26 11:40:08:055 40 sec: 33953 operations; 823.2 current ops/sec; est completion in 5 days 20 hours [READ: Count=4108, Max=9919, Min=362, Avg=1206.58, 90=1520, 99=1857, 99.9=2677, 99.99=9919] [UPDATE: Count=4124, Max=13423, Min=394, Avg=1213.81, 90=1524, 99=1913, 99.9=2663, 99.99=13423] 
2024-06-26 11:40:18:054 50 sec: 41855 operations; 790.12 current ops/sec; est completion in 5 days 22 hours [READ: Count=3939, Max=11911, Min=429, Avg=1257.48, 90=1615, 99=1987, 99.9=2771, 99.99=11911] [UPDATE: Count=3963, Max=13615, Min=413, Avg=1265.41, 90=1620, 99=1996, 99.9=3257, 99.99=13615] 
2024-06-26 11:40:28:054 60 sec: 49811 operations; 795.6 current ops/sec; est completion in 5 days 23 hours [READ: Count=3983, Max=10431, Min=414, Avg=1257.28, 90=1566, 99=1945, 99.9=2991, 99.99=10431] [UPDATE: Count=3973, Max=12207, Min=412, Avg=1246.13, 90=1558, 99=1907, 99.9=4195, 99.99=12207] 
Maximum time elapsed. Requesting stop for the workload.
Stop requested for workload. Now Joining!
2024-06-26 11:40:29:068 61 sec: 50636 operations; 814.41 current ops/sec; est completion in 5 days 23 hours [READ: Count=434, Max=2995, Min=412, Avg=1209.39, 90=1515, 99=1834, 99.9=2995, 99.99=2995] [CLEANUP: Count=1, Max=2365, Min=2364, Avg=2365, 90=2365, 99=2365, 99.9=2365, 99.99=2365] [UPDATE: Count=391, Max=10655, Min=410, Avg=1234.9, 90=1539, 99=1848, 99.9=10655, 99.99=10655] 
[OVERALL], RunTime(ms), 61019
[OVERALL], Throughput(ops/sec), 829.8398859371671
[TOTAL_GCS_Copy], Count, 5
[TOTAL_GC_TIME_Copy], Time(ms), 19
[TOTAL_GC_TIME_%_Copy], Time(%), 0.0311378423114112
[TOTAL_GCS_MarkSweepCompact], Count, 0
[TOTAL_GC_TIME_MarkSweepCompact], Time(ms), 0
[TOTAL_GC_TIME_%_MarkSweepCompact], Time(%), 0.0
[TOTAL_GCs], Count, 5
[TOTAL_GC_TIME], Time(ms), 19
[TOTAL_GC_TIME_%], Time(%), 0.0311378423114112
[READ], Operations, 25361
[READ], AverageLatency(us), 1192.3560979456647
[READ], MinLatency(us), 275
[READ], MaxLatency(us), 57311
[READ], 95thPercentileLatency(us), 1660
[READ], 99thPercentileLatency(us), 1934
[READ], Return=OK, 25361
[CLEANUP], Operations, 1
[CLEANUP], AverageLatency(us), 2365.0
[CLEANUP], MinLatency(us), 2364
[CLEANUP], MaxLatency(us), 2365
[CLEANUP], 95thPercentileLatency(us), 2365
[CLEANUP], 99thPercentileLatency(us), 2365
[UPDATE], Operations, 25275
[UPDATE], AverageLatency(us), 1194.8029673590504
[UPDATE], MinLatency(us), 290
[UPDATE], MaxLatency(us), 13615
[UPDATE], 95thPercentileLatency(us), 1660
[UPDATE], 99thPercentileLatency(us), 1973
[UPDATE], Return=OK, 25275
AUTOTEST_DONE
