EAL: Detected CPU lcores: 24
EAL: Detected NUMA nodes: 1
EAL: Static memory layout is selected, amount of reserved memory can be adjusted with -m or --socket-mem
EAL: Detected shared linkage of DPDK
EAL: Multi-process socket /var/run/dpdk/rte/mp_socket
EAL: Selected IOVA mode 'PA'
EAL: 512 hugepages of size 2097152 reserved, but no mounted hugetlbfs found for that size
EAL: VFIO support initialized
EAL: Probe PCI driver: net_ice (8086:1592) device: 0000:51:00.0 (socket 0)
ice_load_pkg_type(): Active package is: 1.3.26.0, ICE OS Default Package (single VLAN mode)
TELEMETRY: No legacy callbacks, legacy socket not created
[1;33m[WARN]  malloc() allocates objects >= 1 MiB from LuaJIT memory space.[0m
[1;33m[WARN]  Install libjemalloc if you encounter out of memory errors.[0m
[1;37m[INFO]  Initializing DPDK. This will take a few seconds...[0m
[1;37m[INFO]  Found 1 usable devices:[0m
   Device 0: B4:96:91:B3:8B:04 ([0;32mIntel Corporation Ethernet Controller E810-C for QSFP[0m)
[1;37m[INFO]  Waiting for devices to come up...[0m
[1;37m[INFO]  Device 0 (B4:96:91:B3:8B:04) is up: full-duplex 100000 MBit/s[0m
[1;37m[INFO]  [0;32m1 device is up.[0m[0m
[1;36m[Device: id=0] RX[0m: 19.57 Mpps, 40086 Mbit/s (43218 Mbit/s with framing)
[0;34m[Device: id=0] TX[0m: 19.97 Mpps, 40896 Mbit/s (44091 Mbit/s with framing)
[1;36m[Device: id=0] RX[0m: 19.56 Mpps, 40052 Mbit/s (43182 Mbit/s with framing)
[0;34m[Device: id=0] TX[0m: 19.97 Mpps, 40897 Mbit/s (44093 Mbit/s with framing)
[1;36m[Device: id=0] RX[0m: 19.59 Mpps, 40116 Mbit/s (43250 Mbit/s with framing)
[0;34m[Device: id=0] TX[0m: 19.97 Mpps, 40897 Mbit/s (44092 Mbit/s with framing)
[1;36m[Device: id=0] RX[0m: 19.58 Mpps, 40101 Mbit/s (43234 Mbit/s with framing)
[0;34m[Device: id=0] TX[0m: 19.97 Mpps, 40897 Mbit/s (44093 Mbit/s with framing)
[1;36m[Device: id=0] RX[0m: 19.57 Mpps, 40086 Mbit/s (43218 Mbit/s with framing)
[0;34m[Device: id=0] TX[0m: 19.97 Mpps, 40897 Mbit/s (44093 Mbit/s with framing)
[1;36m[Device: id=0] RX[0m: 19.58 Mpps, 40106 Mbit/s (43240 Mbit/s with framing)
[0;34m[Device: id=0] TX[0m: 19.97 Mpps, 40897 Mbit/s (44093 Mbit/s with framing)
[1;36m[Device: id=0] RX[0m: 19.57 Mpps, 40073 Mbit/s (43204 Mbit/s with framing)
[0;34m[Device: id=0] TX[0m: 19.97 Mpps, 40897 Mbit/s (44093 Mbit/s with framing)
[1;36m[Device: id=0] RX[0m: 19.57 Mpps, 40083 Mbit/s (43215 Mbit/s with framing)
[0;34m[Device: id=0] TX[0m: 19.97 Mpps, 40897 Mbit/s (44093 Mbit/s with framing)
[1;36m[Device: id=0] RX[0m: 19.59 Mpps, 40115 Mbit/s (43249 Mbit/s with framing)
[0;34m[Device: id=0] TX[0m: 19.97 Mpps, 40897 Mbit/s (44093 Mbit/s with framing)
[1;36m[Device: id=0] RX[0m: 19.61 Mpps, 40161 Mbit/s (43299 Mbit/s with framing)
[0;34m[Device: id=0] TX[0m: 19.97 Mpps, 40897 Mbit/s (44093 Mbit/s with framing)
[1;36m[Device: id=0] RX[0m: 19.61 Mpps, 40152 Mbit/s (43289 Mbit/s with framing)
[0;34m[Device: id=0] TX[0m: 19.97 Mpps, 40897 Mbit/s (44093 Mbit/s with framing)
[1;36m[Device: id=0] RX[0m: 19.58 Mpps, 40088 Mbit/s (43220 Mbit/s with framing)
[0;34m[Device: id=0] TX[0m: 19.97 Mpps, 40897 Mbit/s (44093 Mbit/s with framing)
[1;36m[Device: id=0] RX[0m: 19.60 Mpps, 40137 Mbit/s (43273 Mbit/s with framing)
[0;34m[Device: id=0] TX[0m: 19.97 Mpps, 40897 Mbit/s (44093 Mbit/s with framing)
[1;36m[Device: id=0] RX[0m: 19.60 Mpps, 40145 Mbit/s (43281 Mbit/s with framing)
[0;34m[Device: id=0] TX[0m: 19.97 Mpps, 40897 Mbit/s (44093 Mbit/s with framing)
[1;36m[Device: id=0] RX[0m: 19.60 Mpps, 40140 Mbit/s (43276 Mbit/s with framing)
[0;34m[Device: id=0] TX[0m: 19.97 Mpps, 40897 Mbit/s (44093 Mbit/s with framing)
[1;36m[Device: id=0] RX[0m: 19.59 Mpps, 40118 Mbit/s (43252 Mbit/s with framing)
[0;34m[Device: id=0] TX[0m: 19.97 Mpps, 40897 Mbit/s (44093 Mbit/s with framing)
[1;36m[Device: id=0] RX[0m: 19.59 Mpps, 40114 Mbit/s (43248 Mbit/s with framing)
[0;34m[Device: id=0] TX[0m: 19.97 Mpps, 40897 Mbit/s (44093 Mbit/s with framing)
[1;36m[Device: id=0] RX[0m: 19.58 Mpps, 40095 Mbit/s (43227 Mbit/s with framing)
[0;34m[Device: id=0] TX[0m: 19.97 Mpps, 40897 Mbit/s (44093 Mbit/s with framing)
[1;36m[Device: id=0] RX[0m: 19.55 Mpps, 40037 Mbit/s (43165 Mbit/s with framing)
[0;34m[Device: id=0] TX[0m: 19.97 Mpps, 40898 Mbit/s (44093 Mbit/s with framing)
[1;36m[Device: id=0] RX[0m: 19.58 Mpps, 40106 Mbit/s (43240 Mbit/s with framing)
[0;34m[Device: id=0] TX[0m: 19.97 Mpps, 40897 Mbit/s (44093 Mbit/s with framing)
[1;36m[Device: id=0] RX[0m: 19.57 Mpps, 40084 Mbit/s (43216 Mbit/s with framing)
[0;34m[Device: id=0] TX[0m: 19.97 Mpps, 40897 Mbit/s (44093 Mbit/s with framing)
[1;36m[Device: id=0] RX[0m: 19.58 Mpps, 40104 Mbit/s (43238 Mbit/s with framing)
[0;34m[Device: id=0] TX[0m: 19.97 Mpps, 40897 Mbit/s (44093 Mbit/s with framing)
[1;36m[Device: id=0] RX[0m: 19.55 Mpps, 40031 Mbit/s (43158 Mbit/s with framing)
[0;34m[Device: id=0] TX[0m: 19.97 Mpps, 40897 Mbit/s (44093 Mbit/s with framing)
[1;36m[Device: id=0] RX[0m: 19.61 Mpps, 40152 Mbit/s (43289 Mbit/s with framing)
[0;34m[Device: id=0] TX[0m: 19.97 Mpps, 40897 Mbit/s (44093 Mbit/s with framing)
[1;36m[Device: id=0] RX[0m: 19.59 Mpps, 40121 Mbit/s (43255 Mbit/s with framing)
[0;34m[Device: id=0] TX[0m: 19.97 Mpps, 40897 Mbit/s (44093 Mbit/s with framing)
[1;36m[Device: id=0] RX[0m: 19.62 Mpps, 40173 Mbit/s (43312 Mbit/s with framing)
[0;34m[Device: id=0] TX[0m: 19.97 Mpps, 40897 Mbit/s (44093 Mbit/s with framing)
[1;36m[Device: id=0] RX[0m: 19.59 Mpps, 40115 Mbit/s (43249 Mbit/s with framing)
[0;34m[Device: id=0] TX[0m: 19.97 Mpps, 40898 Mbit/s (44093 Mbit/s with framing)
[1;36m[Device: id=0] RX[0m: 19.61 Mpps, 40164 Mbit/s (43302 Mbit/s with framing)
[0;34m[Device: id=0] TX[0m: 19.97 Mpps, 40897 Mbit/s (44093 Mbit/s with framing)
[1;36m[Device: id=0] RX[0m: 19.58 Mpps, 40097 Mbit/s (43229 Mbit/s with framing)
[0;34m[Device: id=0] TX[0m: 19.97 Mpps, 40898 Mbit/s (44093 Mbit/s with framing)
Samples: 45396, Average: 32471.9 ns, StdDev: 1363.7 ns, Quartiles: 31824.0/32308.0/32802.0 ns
[1;37m[INFO]  Saving histogram to '/tmp/histogram.csv'[0m
[1;36m[Device: id=0] RX[0m: 16.14 Mpps, 33052 Mbit/s (35634 Mbit/s with framing)
[1;36m[Device: id=0] RX[0m: 19.47 (StdDev 0.64) Mpps, 39866 (StdDev 1311) Mbit/s (42981 Mbit/s with framing), total 587221296 packets with 150319935636 bytes (incl. CRC)
[0;34m[Device: id=0] TX[0m: 19.97 (StdDev 0.00) Mpps, 40897 (StdDev 0) Mbit/s (44093 Mbit/s with framing), total 598744570 packets with 153269797248 bytes (incl. CRC)
