EAL: Detected CPU lcores: 24
EAL: Detected NUMA nodes: 1
EAL: Static memory layout is selected, amount of reserved memory can be adjusted with -m or --socket-mem
EAL: Detected shared linkage of DPDK
EAL: Multi-process socket /var/run/dpdk/rte/mp_socket
EAL: Selected IOVA mode 'PA'
EAL: 512 hugepages of size 2097152 reserved, but no mounted hugetlbfs found for that size
EAL: VFIO support initialized
EAL: Probe PCI driver: net_ice (8086:1592) device: 0000:51:00.0 (socket 0)
ice_load_pkg_type(): Active package is: 1.3.26.0, ICE OS Default Package (single VLAN mode)
TELEMETRY: No legacy callbacks, legacy socket not created
[1;33m[WARN]  malloc() allocates objects >= 1 MiB from LuaJIT memory space.[0m
[1;33m[WARN]  Install libjemalloc if you encounter out of memory errors.[0m
[1;37m[INFO]  Initializing DPDK. This will take a few seconds...[0m
[1;37m[INFO]  Found 1 usable devices:[0m
   Device 0: B4:96:91:B3:8B:04 ([0;32mIntel Corporation Ethernet Controller E810-C for QSFP[0m)
[1;37m[INFO]  Waiting for devices to come up...[0m
[1;37m[INFO]  Device 0 (B4:96:91:B3:8B:04) is up: full-duplex 100000 MBit/s[0m
[1;37m[INFO]  [0;32m1 device is up.[0m[0m
[1;36m[Device: id=0] RX[0m: 2.90 Mpps, 2968 Mbit/s (3432 Mbit/s with framing)
[0;34m[Device: id=0] TX[0m: 11.56 Mpps, 11836 Mbit/s (13685 Mbit/s with framing)
[1;36m[Device: id=0] RX[0m: 2.90 Mpps, 2973 Mbit/s (3438 Mbit/s with framing)
[0;34m[Device: id=0] TX[0m: 11.56 Mpps, 11836 Mbit/s (13685 Mbit/s with framing)
[1;36m[Device: id=0] RX[0m: 2.90 Mpps, 2968 Mbit/s (3432 Mbit/s with framing)
[0;34m[Device: id=0] TX[0m: 11.56 Mpps, 11836 Mbit/s (13685 Mbit/s with framing)
[1;36m[Device: id=0] RX[0m: 2.90 Mpps, 2969 Mbit/s (3433 Mbit/s with framing)
[0;34m[Device: id=0] TX[0m: 11.56 Mpps, 11836 Mbit/s (13685 Mbit/s with framing)
[1;36m[Device: id=0] RX[0m: 2.90 Mpps, 2973 Mbit/s (3438 Mbit/s with framing)
[0;34m[Device: id=0] TX[0m: 11.56 Mpps, 11836 Mbit/s (13685 Mbit/s with framing)
[1;36m[Device: id=0] RX[0m: 2.90 Mpps, 2972 Mbit/s (3436 Mbit/s with framing)
[0;34m[Device: id=0] TX[0m: 11.56 Mpps, 11836 Mbit/s (13685 Mbit/s with framing)
[1;36m[Device: id=0] RX[0m: 2.90 Mpps, 2974 Mbit/s (3439 Mbit/s with framing)
[0;34m[Device: id=0] TX[0m: 11.56 Mpps, 11836 Mbit/s (13685 Mbit/s with framing)
[1;36m[Device: id=0] RX[0m: 2.90 Mpps, 2972 Mbit/s (3437 Mbit/s with framing)
[0;34m[Device: id=0] TX[0m: 11.56 Mpps, 11836 Mbit/s (13685 Mbit/s with framing)
[1;36m[Device: id=0] RX[0m: 2.90 Mpps, 2972 Mbit/s (3437 Mbit/s with framing)
[0;34m[Device: id=0] TX[0m: 11.56 Mpps, 11836 Mbit/s (13685 Mbit/s with framing)
[1;36m[Device: id=0] RX[0m: 2.90 Mpps, 2972 Mbit/s (3436 Mbit/s with framing)
[0;34m[Device: id=0] TX[0m: 11.56 Mpps, 11836 Mbit/s (13685 Mbit/s with framing)
[1;36m[Device: id=0] RX[0m: 2.91 Mpps, 2975 Mbit/s (3440 Mbit/s with framing)
[0;34m[Device: id=0] TX[0m: 11.56 Mpps, 11836 Mbit/s (13685 Mbit/s with framing)
[1;36m[Device: id=0] RX[0m: 2.90 Mpps, 2973 Mbit/s (3438 Mbit/s with framing)
[0;34m[Device: id=0] TX[0m: 11.56 Mpps, 11836 Mbit/s (13685 Mbit/s with framing)
[1;36m[Device: id=0] RX[0m: 2.91 Mpps, 2976 Mbit/s (3441 Mbit/s with framing)
[0;34m[Device: id=0] TX[0m: 11.56 Mpps, 11836 Mbit/s (13685 Mbit/s with framing)
[1;36m[Device: id=0] RX[0m: 2.90 Mpps, 2968 Mbit/s (3431 Mbit/s with framing)
[0;34m[Device: id=0] TX[0m: 11.56 Mpps, 11836 Mbit/s (13685 Mbit/s with framing)
[1;36m[Device: id=0] RX[0m: 2.90 Mpps, 2971 Mbit/s (3435 Mbit/s with framing)
[0;34m[Device: id=0] TX[0m: 11.56 Mpps, 11836 Mbit/s (13685 Mbit/s with framing)
[1;36m[Device: id=0] RX[0m: 2.90 Mpps, 2967 Mbit/s (3430 Mbit/s with framing)
[0;34m[Device: id=0] TX[0m: 11.56 Mpps, 11836 Mbit/s (13685 Mbit/s with framing)
[1;36m[Device: id=0] RX[0m: 2.90 Mpps, 2971 Mbit/s (3435 Mbit/s with framing)
[0;34m[Device: id=0] TX[0m: 11.56 Mpps, 11836 Mbit/s (13685 Mbit/s with framing)
[1;36m[Device: id=0] RX[0m: 2.90 Mpps, 2968 Mbit/s (3432 Mbit/s with framing)
[0;34m[Device: id=0] TX[0m: 11.56 Mpps, 11836 Mbit/s (13685 Mbit/s with framing)
[1;36m[Device: id=0] RX[0m: 2.90 Mpps, 2970 Mbit/s (3434 Mbit/s with framing)
[0;34m[Device: id=0] TX[0m: 11.56 Mpps, 11836 Mbit/s (13685 Mbit/s with framing)
[1;36m[Device: id=0] RX[0m: 2.90 Mpps, 2968 Mbit/s (3432 Mbit/s with framing)
[0;34m[Device: id=0] TX[0m: 11.56 Mpps, 11836 Mbit/s (13685 Mbit/s with framing)
[1;36m[Device: id=0] RX[0m: 2.90 Mpps, 2973 Mbit/s (3438 Mbit/s with framing)
[0;34m[Device: id=0] TX[0m: 11.56 Mpps, 11836 Mbit/s (13686 Mbit/s with framing)
[1;36m[Device: id=0] RX[0m: 2.90 Mpps, 2971 Mbit/s (3436 Mbit/s with framing)
[0;34m[Device: id=0] TX[0m: 11.56 Mpps, 11836 Mbit/s (13685 Mbit/s with framing)
[1;36m[Device: id=0] RX[0m: 2.90 Mpps, 2972 Mbit/s (3437 Mbit/s with framing)
[0;34m[Device: id=0] TX[0m: 11.56 Mpps, 11836 Mbit/s (13685 Mbit/s with framing)
[1;36m[Device: id=0] RX[0m: 2.90 Mpps, 2968 Mbit/s (3432 Mbit/s with framing)
[0;34m[Device: id=0] TX[0m: 11.56 Mpps, 11836 Mbit/s (13685 Mbit/s with framing)
[1;36m[Device: id=0] RX[0m: 2.90 Mpps, 2973 Mbit/s (3437 Mbit/s with framing)
[0;34m[Device: id=0] TX[0m: 11.56 Mpps, 11836 Mbit/s (13685 Mbit/s with framing)
[1;36m[Device: id=0] RX[0m: 2.90 Mpps, 2971 Mbit/s (3436 Mbit/s with framing)
[0;34m[Device: id=0] TX[0m: 11.56 Mpps, 11836 Mbit/s (13685 Mbit/s with framing)
[1;36m[Device: id=0] RX[0m: 2.90 Mpps, 2974 Mbit/s (3439 Mbit/s with framing)
[0;34m[Device: id=0] TX[0m: 11.56 Mpps, 11836 Mbit/s (13685 Mbit/s with framing)
[1;36m[Device: id=0] RX[0m: 2.90 Mpps, 2972 Mbit/s (3437 Mbit/s with framing)
[0;34m[Device: id=0] TX[0m: 11.56 Mpps, 11836 Mbit/s (13685 Mbit/s with framing)
[1;36m[Device: id=0] RX[0m: 2.90 Mpps, 2972 Mbit/s (3437 Mbit/s with framing)
[0;34m[Device: id=0] TX[0m: 11.56 Mpps, 11836 Mbit/s (13685 Mbit/s with framing)
Samples: 495, Average: 696962.7 ns, StdDev: 7424.6 ns, Quartiles: 692537.0/696445.0/701058.0 ns
[1;37m[INFO]  Saving histogram to '/tmp/histogram.csv'[0m
[1;36m[Device: id=0] RX[0m: 2.37 Mpps, 2426 Mbit/s (2805 Mbit/s with framing)
[1;36m[Device: id=0] RX[0m: 2.88 (StdDev 0.10) Mpps, 2953 (StdDev 101) Mbit/s (3414 Mbit/s with framing), total 86948839 packets with 11129419988 bytes (incl. CRC)
[0;34m[Device: id=0] TX[0m: 11.56 (StdDev 0.00) Mpps, 11836 (StdDev 0) Mbit/s (13685 Mbit/s with framing), total 346344465 packets with 44331969792 bytes (incl. CRC)
