EAL: Detected CPU lcores: 24
EAL: Detected NUMA nodes: 1
EAL: Static memory layout is selected, amount of reserved memory can be adjusted with -m or --socket-mem
EAL: Detected shared linkage of DPDK
EAL: Multi-process socket /var/run/dpdk/rte/mp_socket
EAL: Selected IOVA mode 'PA'
EAL: 512 hugepages of size 2097152 reserved, but no mounted hugetlbfs found for that size
EAL: VFIO support initialized
EAL: Probe PCI driver: net_ice (8086:1592) device: 0000:51:00.0 (socket 0)
ice_load_pkg_type(): Active package is: 1.3.26.0, ICE OS Default Package (single VLAN mode)
TELEMETRY: No legacy callbacks, legacy socket not created
[1;33m[WARN]  malloc() allocates objects >= 1 MiB from LuaJIT memory space.[0m
[1;33m[WARN]  Install libjemalloc if you encounter out of memory errors.[0m
[1;37m[INFO]  Initializing DPDK. This will take a few seconds...[0m
[1;37m[INFO]  Found 1 usable devices:[0m
   Device 0: B4:96:91:B3:8B:04 ([0;32mIntel Corporation Ethernet Controller E810-C for QSFP[0m)
[1;37m[INFO]  Waiting for devices to come up...[0m
[1;37m[INFO]  Device 0 (B4:96:91:B3:8B:04) is up: full-duplex 100000 MBit/s[0m
[1;37m[INFO]  [0;32m1 device is up.[0m[0m
[1;36m[Device: id=0] RX[0m: 2.57 Mpps, 10536 Mbit/s (10947 Mbit/s with framing)
[0;34m[Device: id=0] TX[0m: 21.00 Mpps, 86010 Mbit/s (89370 Mbit/s with framing)
[1;36m[Device: id=0] RX[0m: 2.57 Mpps, 10546 Mbit/s (10957 Mbit/s with framing)
[0;34m[Device: id=0] TX[0m: 21.00 Mpps, 86011 Mbit/s (89371 Mbit/s with framing)
[1;36m[Device: id=0] RX[0m: 2.57 Mpps, 10529 Mbit/s (10941 Mbit/s with framing)
[0;34m[Device: id=0] TX[0m: 21.00 Mpps, 86011 Mbit/s (89370 Mbit/s with framing)
[1;36m[Device: id=0] RX[0m: 2.58 Mpps, 10547 Mbit/s (10959 Mbit/s with framing)
[0;34m[Device: id=0] TX[0m: 21.00 Mpps, 86011 Mbit/s (89371 Mbit/s with framing)
[1;36m[Device: id=0] RX[0m: 2.57 Mpps, 10541 Mbit/s (10953 Mbit/s with framing)
[0;34m[Device: id=0] TX[0m: 21.00 Mpps, 86011 Mbit/s (89371 Mbit/s with framing)
[1;36m[Device: id=0] RX[0m: 2.50 Mpps, 10232 Mbit/s (10632 Mbit/s with framing)
[0;34m[Device: id=0] TX[0m: 21.00 Mpps, 86011 Mbit/s (89371 Mbit/s with framing)
[1;36m[Device: id=0] RX[0m: 2.44 Mpps, 9997 Mbit/s (10387 Mbit/s with framing)
[0;34m[Device: id=0] TX[0m: 21.00 Mpps, 86011 Mbit/s (89371 Mbit/s with framing)
[1;36m[Device: id=0] RX[0m: 2.44 Mpps, 9997 Mbit/s (10388 Mbit/s with framing)
[0;34m[Device: id=0] TX[0m: 21.00 Mpps, 86011 Mbit/s (89371 Mbit/s with framing)
[1;36m[Device: id=0] RX[0m: 2.43 Mpps, 9944 Mbit/s (10333 Mbit/s with framing)
[0;34m[Device: id=0] TX[0m: 21.00 Mpps, 86011 Mbit/s (89370 Mbit/s with framing)
[1;36m[Device: id=0] RX[0m: 2.44 Mpps, 9988 Mbit/s (10378 Mbit/s with framing)
[0;34m[Device: id=0] TX[0m: 21.00 Mpps, 86011 Mbit/s (89371 Mbit/s with framing)
[1;36m[Device: id=0] RX[0m: 2.44 Mpps, 9987 Mbit/s (10377 Mbit/s with framing)
[0;34m[Device: id=0] TX[0m: 21.00 Mpps, 86011 Mbit/s (89371 Mbit/s with framing)
[1;36m[Device: id=0] RX[0m: 2.44 Mpps, 9992 Mbit/s (10383 Mbit/s with framing)
[0;34m[Device: id=0] TX[0m: 21.00 Mpps, 86010 Mbit/s (89370 Mbit/s with framing)
[1;36m[Device: id=0] RX[0m: 2.44 Mpps, 9975 Mbit/s (10365 Mbit/s with framing)
[0;34m[Device: id=0] TX[0m: 21.00 Mpps, 86011 Mbit/s (89370 Mbit/s with framing)
[1;36m[Device: id=0] RX[0m: 2.44 Mpps, 9998 Mbit/s (10389 Mbit/s with framing)
[0;34m[Device: id=0] TX[0m: 21.00 Mpps, 86011 Mbit/s (89371 Mbit/s with framing)
[1;36m[Device: id=0] RX[0m: 2.44 Mpps, 9999 Mbit/s (10389 Mbit/s with framing)
[0;34m[Device: id=0] TX[0m: 21.00 Mpps, 86011 Mbit/s (89371 Mbit/s with framing)
[1;36m[Device: id=0] RX[0m: 2.44 Mpps, 9994 Mbit/s (10384 Mbit/s with framing)
[0;34m[Device: id=0] TX[0m: 21.00 Mpps, 86011 Mbit/s (89371 Mbit/s with framing)
[1;36m[Device: id=0] RX[0m: 2.44 Mpps, 9998 Mbit/s (10388 Mbit/s with framing)
[0;34m[Device: id=0] TX[0m: 21.00 Mpps, 86011 Mbit/s (89371 Mbit/s with framing)
[1;36m[Device: id=0] RX[0m: 2.44 Mpps, 9999 Mbit/s (10390 Mbit/s with framing)
[0;34m[Device: id=0] TX[0m: 21.00 Mpps, 86011 Mbit/s (89371 Mbit/s with framing)
[1;36m[Device: id=0] RX[0m: 2.44 Mpps, 10001 Mbit/s (10392 Mbit/s with framing)
[0;34m[Device: id=0] TX[0m: 21.00 Mpps, 86011 Mbit/s (89371 Mbit/s with framing)
[1;36m[Device: id=0] RX[0m: 2.44 Mpps, 9998 Mbit/s (10388 Mbit/s with framing)
[0;34m[Device: id=0] TX[0m: 21.00 Mpps, 86011 Mbit/s (89371 Mbit/s with framing)
[1;36m[Device: id=0] RX[0m: 2.44 Mpps, 9992 Mbit/s (10382 Mbit/s with framing)
[0;34m[Device: id=0] TX[0m: 21.00 Mpps, 86011 Mbit/s (89371 Mbit/s with framing)
[1;36m[Device: id=0] RX[0m: 2.44 Mpps, 9998 Mbit/s (10388 Mbit/s with framing)
[0;34m[Device: id=0] TX[0m: 21.00 Mpps, 86011 Mbit/s (89370 Mbit/s with framing)
[1;36m[Device: id=0] RX[0m: 2.42 Mpps, 9930 Mbit/s (10318 Mbit/s with framing)
[0;34m[Device: id=0] TX[0m: 20.97 Mpps, 85900 Mbit/s (89256 Mbit/s with framing)
[1;36m[Device: id=0] RX[0m: 2.42 Mpps, 9925 Mbit/s (10313 Mbit/s with framing)
[0;34m[Device: id=0] TX[0m: 21.00 Mpps, 86011 Mbit/s (89371 Mbit/s with framing)
[1;36m[Device: id=0] RX[0m: 2.42 Mpps, 9917 Mbit/s (10304 Mbit/s with framing)
[0;34m[Device: id=0] TX[0m: 21.00 Mpps, 86011 Mbit/s (89371 Mbit/s with framing)
[1;36m[Device: id=0] RX[0m: 2.42 Mpps, 9920 Mbit/s (10307 Mbit/s with framing)
[0;34m[Device: id=0] TX[0m: 21.00 Mpps, 86011 Mbit/s (89371 Mbit/s with framing)
[1;36m[Device: id=0] RX[0m: 2.42 Mpps, 9909 Mbit/s (10296 Mbit/s with framing)
[0;34m[Device: id=0] TX[0m: 21.00 Mpps, 86011 Mbit/s (89371 Mbit/s with framing)
[1;36m[Device: id=0] RX[0m: 2.42 Mpps, 9911 Mbit/s (10298 Mbit/s with framing)
[0;34m[Device: id=0] TX[0m: 21.00 Mpps, 86011 Mbit/s (89371 Mbit/s with framing)
[1;36m[Device: id=0] RX[0m: 2.42 Mpps, 9918 Mbit/s (10305 Mbit/s with framing)
[0;34m[Device: id=0] TX[0m: 21.00 Mpps, 86011 Mbit/s (89371 Mbit/s with framing)
Samples: 189, Average: 822171.0 ns, StdDev: 19838.3 ns, Quartiles: 817704.0/827134.0/835177.0 ns
[1;37m[INFO]  Saving histogram to '/tmp/histogram.csv'[0m
[1;36m[Device: id=0] RX[0m: 1.99 Mpps, 8144 Mbit/s (8462 Mbit/s with framing)
[1;36m[Device: id=0] RX[0m: 2.44 (StdDev 0.10) Mpps, 9994 (StdDev 411) Mbit/s (10384 Mbit/s with framing), total 73695217 packets with 37731866068 bytes (incl. CRC)
[0;34m[Device: id=0] TX[0m: 21.00 (StdDev 0.01) Mpps, 86007 (StdDev 21) Mbit/s (89367 Mbit/s with framing), total 629290819 packets with 322196183808 bytes (incl. CRC)
