EAL: Detected CPU lcores: 24
EAL: Detected NUMA nodes: 1
EAL: Static memory layout is selected, amount of reserved memory can be adjusted with -m or --socket-mem
EAL: Detected shared linkage of DPDK
EAL: Multi-process socket /var/run/dpdk/rte/mp_socket
EAL: Selected IOVA mode 'PA'
EAL: 512 hugepages of size 2097152 reserved, but no mounted hugetlbfs found for that size
EAL: VFIO support initialized
EAL: Probe PCI driver: net_ice (8086:1592) device: 0000:51:00.0 (socket 0)
ice_load_pkg_type(): Active package is: 1.3.26.0, ICE OS Default Package (single VLAN mode)
TELEMETRY: No legacy callbacks, legacy socket not created
[1;33m[WARN]  malloc() allocates objects >= 1 MiB from LuaJIT memory space.[0m
[1;33m[WARN]  Install libjemalloc if you encounter out of memory errors.[0m
[1;37m[INFO]  Initializing DPDK. This will take a few seconds...[0m
[1;37m[INFO]  Found 1 usable devices:[0m
   Device 0: B4:96:91:B3:8B:04 ([0;32mIntel Corporation Ethernet Controller E810-C for QSFP[0m)
[1;37m[INFO]  Waiting for devices to come up...[0m
[1;37m[INFO]  Device 0 (B4:96:91:B3:8B:04) is up: full-duplex 100000 MBit/s[0m
[1;37m[INFO]  [0;32m1 device is up.[0m[0m
[1;36m[Device: id=0] RX[0m: 2.33 Mpps, 19097 Mbit/s (19470 Mbit/s with framing)
[0;34m[Device: id=0] TX[0m: 3.15 Mpps, 25781 Mbit/s (26285 Mbit/s with framing)
[1;36m[Device: id=0] RX[0m: 2.33 Mpps, 19096 Mbit/s (19469 Mbit/s with framing)
[0;34m[Device: id=0] TX[0m: 3.15 Mpps, 25781 Mbit/s (26285 Mbit/s with framing)
[1;36m[Device: id=0] RX[0m: 2.33 Mpps, 19101 Mbit/s (19474 Mbit/s with framing)
[0;34m[Device: id=0] TX[0m: 3.15 Mpps, 25781 Mbit/s (26285 Mbit/s with framing)
[1;36m[Device: id=0] RX[0m: 2.33 Mpps, 19097 Mbit/s (19470 Mbit/s with framing)
[0;34m[Device: id=0] TX[0m: 3.15 Mpps, 25781 Mbit/s (26285 Mbit/s with framing)
[1;36m[Device: id=0] RX[0m: 2.33 Mpps, 19099 Mbit/s (19472 Mbit/s with framing)
[0;34m[Device: id=0] TX[0m: 3.15 Mpps, 25781 Mbit/s (26285 Mbit/s with framing)
[1;36m[Device: id=0] RX[0m: 2.33 Mpps, 19108 Mbit/s (19481 Mbit/s with framing)
[0;34m[Device: id=0] TX[0m: 3.15 Mpps, 25781 Mbit/s (26285 Mbit/s with framing)
[1;36m[Device: id=0] RX[0m: 2.33 Mpps, 19103 Mbit/s (19476 Mbit/s with framing)
[0;34m[Device: id=0] TX[0m: 3.15 Mpps, 25781 Mbit/s (26285 Mbit/s with framing)
[1;36m[Device: id=0] RX[0m: 2.33 Mpps, 19082 Mbit/s (19454 Mbit/s with framing)
[0;34m[Device: id=0] TX[0m: 3.15 Mpps, 25781 Mbit/s (26285 Mbit/s with framing)
[1;36m[Device: id=0] RX[0m: 2.33 Mpps, 19084 Mbit/s (19457 Mbit/s with framing)
[0;34m[Device: id=0] TX[0m: 3.15 Mpps, 25781 Mbit/s (26285 Mbit/s with framing)
[1;36m[Device: id=0] RX[0m: 2.33 Mpps, 19094 Mbit/s (19467 Mbit/s with framing)
[0;34m[Device: id=0] TX[0m: 3.15 Mpps, 25781 Mbit/s (26285 Mbit/s with framing)
[1;36m[Device: id=0] RX[0m: 2.33 Mpps, 19080 Mbit/s (19453 Mbit/s with framing)
[0;34m[Device: id=0] TX[0m: 3.15 Mpps, 25781 Mbit/s (26285 Mbit/s with framing)
[1;36m[Device: id=0] RX[0m: 2.33 Mpps, 19095 Mbit/s (19468 Mbit/s with framing)
[0;34m[Device: id=0] TX[0m: 3.15 Mpps, 25781 Mbit/s (26285 Mbit/s with framing)
[1;36m[Device: id=0] RX[0m: 2.33 Mpps, 19076 Mbit/s (19448 Mbit/s with framing)
[0;34m[Device: id=0] TX[0m: 3.15 Mpps, 25781 Mbit/s (26285 Mbit/s with framing)
[1;36m[Device: id=0] RX[0m: 2.33 Mpps, 19053 Mbit/s (19425 Mbit/s with framing)
[0;34m[Device: id=0] TX[0m: 3.15 Mpps, 25781 Mbit/s (26285 Mbit/s with framing)
[1;36m[Device: id=0] RX[0m: 2.33 Mpps, 19049 Mbit/s (19421 Mbit/s with framing)
[0;34m[Device: id=0] TX[0m: 3.15 Mpps, 25781 Mbit/s (26285 Mbit/s with framing)
[1;36m[Device: id=0] RX[0m: 2.33 Mpps, 19059 Mbit/s (19431 Mbit/s with framing)
[0;34m[Device: id=0] TX[0m: 3.15 Mpps, 25781 Mbit/s (26285 Mbit/s with framing)
[1;36m[Device: id=0] RX[0m: 2.33 Mpps, 19075 Mbit/s (19448 Mbit/s with framing)
[0;34m[Device: id=0] TX[0m: 3.15 Mpps, 25781 Mbit/s (26285 Mbit/s with framing)
[1;36m[Device: id=0] RX[0m: 2.33 Mpps, 19087 Mbit/s (19460 Mbit/s with framing)
[0;34m[Device: id=0] TX[0m: 3.15 Mpps, 25781 Mbit/s (26285 Mbit/s with framing)
[1;36m[Device: id=0] RX[0m: 2.33 Mpps, 19052 Mbit/s (19424 Mbit/s with framing)
[0;34m[Device: id=0] TX[0m: 3.15 Mpps, 25781 Mbit/s (26285 Mbit/s with framing)
[1;36m[Device: id=0] RX[0m: 2.33 Mpps, 19090 Mbit/s (19463 Mbit/s with framing)
[0;34m[Device: id=0] TX[0m: 3.15 Mpps, 25781 Mbit/s (26285 Mbit/s with framing)
[1;36m[Device: id=0] RX[0m: 2.33 Mpps, 19060 Mbit/s (19432 Mbit/s with framing)
[0;34m[Device: id=0] TX[0m: 3.15 Mpps, 25781 Mbit/s (26285 Mbit/s with framing)
[1;36m[Device: id=0] RX[0m: 2.32 Mpps, 19041 Mbit/s (19413 Mbit/s with framing)
[0;34m[Device: id=0] TX[0m: 3.15 Mpps, 25781 Mbit/s (26285 Mbit/s with framing)
[1;36m[Device: id=0] RX[0m: 2.31 Mpps, 18921 Mbit/s (19290 Mbit/s with framing)
[0;34m[Device: id=0] TX[0m: 3.15 Mpps, 25782 Mbit/s (26285 Mbit/s with framing)
[1;36m[Device: id=0] RX[0m: 2.33 Mpps, 19057 Mbit/s (19430 Mbit/s with framing)
[0;34m[Device: id=0] TX[0m: 3.15 Mpps, 25781 Mbit/s (26285 Mbit/s with framing)
[1;36m[Device: id=0] RX[0m: 2.33 Mpps, 19075 Mbit/s (19448 Mbit/s with framing)
[0;34m[Device: id=0] TX[0m: 3.15 Mpps, 25781 Mbit/s (26285 Mbit/s with framing)
[1;36m[Device: id=0] RX[0m: 2.33 Mpps, 19049 Mbit/s (19421 Mbit/s with framing)
[0;34m[Device: id=0] TX[0m: 3.15 Mpps, 25781 Mbit/s (26285 Mbit/s with framing)
[1;36m[Device: id=0] RX[0m: 2.32 Mpps, 19040 Mbit/s (19412 Mbit/s with framing)
[0;34m[Device: id=0] TX[0m: 3.15 Mpps, 25782 Mbit/s (26285 Mbit/s with framing)
[1;36m[Device: id=0] RX[0m: 2.33 Mpps, 19064 Mbit/s (19436 Mbit/s with framing)
[0;34m[Device: id=0] TX[0m: 3.15 Mpps, 25781 Mbit/s (26285 Mbit/s with framing)
[1;36m[Device: id=0] RX[0m: 2.33 Mpps, 19055 Mbit/s (19427 Mbit/s with framing)
[0;34m[Device: id=0] TX[0m: 3.15 Mpps, 25781 Mbit/s (26285 Mbit/s with framing)
Samples: 4248, Average: 861121.2 ns, StdDev: 12082.4 ns, Quartiles: 851606.0/860958.0/869987.0 ns
[1;37m[INFO]  Saving histogram to '/tmp/histogram.csv'[0m
[1;36m[Device: id=0] RX[0m: 1.91 Mpps, 15668 Mbit/s (15974 Mbit/s with framing)
[1;36m[Device: id=0] RX[0m: 2.31 (StdDev 0.08) Mpps, 18952 (StdDev 633) Mbit/s (19322 Mbit/s with framing), total 69791297 packets with 71462213268 bytes (incl. CRC)
[0;34m[Device: id=0] TX[0m: 3.15 (StdDev 0.00) Mpps, 25781 (StdDev 0) Mbit/s (26285 Mbit/s with framing), total 94352333 packets with 96611519744 bytes (incl. CRC)
