EAL: Detected CPU lcores: 24
EAL: Detected NUMA nodes: 1
EAL: Static memory layout is selected, amount of reserved memory can be adjusted with -m or --socket-mem
EAL: Detected shared linkage of DPDK
EAL: Multi-process socket /var/run/dpdk/rte/mp_socket
EAL: Selected IOVA mode 'PA'
EAL: 512 hugepages of size 2097152 reserved, but no mounted hugetlbfs found for that size
EAL: VFIO support initialized
EAL: Probe PCI driver: net_ice (8086:1592) device: 0000:51:00.0 (socket 0)
ice_load_pkg_type(): Active package is: 1.3.26.0, ICE OS Default Package (single VLAN mode)
TELEMETRY: No legacy callbacks, legacy socket not created
[1;33m[WARN]  malloc() allocates objects >= 1 MiB from LuaJIT memory space.[0m
[1;33m[WARN]  Install libjemalloc if you encounter out of memory errors.[0m
[1;37m[INFO]  Initializing DPDK. This will take a few seconds...[0m
[1;37m[INFO]  Found 1 usable devices:[0m
   Device 0: B4:96:91:B3:8B:04 ([0;32mIntel Corporation Ethernet Controller E810-C for QSFP[0m)
[1;37m[INFO]  Waiting for devices to come up...[0m
[1;37m[INFO]  Device 0 (B4:96:91:B3:8B:04) is up: full-duplex 100000 MBit/s[0m
[1;37m[INFO]  [0;32m1 device is up.[0m[0m
[1;36m[Device: id=0] RX[0m: 2.60 Mpps, 5334 Mbit/s (5751 Mbit/s with framing)
[0;34m[Device: id=0] TX[0m: 14.71 Mpps, 30117 Mbit/s (32470 Mbit/s with framing)
[1;36m[Device: id=0] RX[0m: 2.60 Mpps, 5326 Mbit/s (5742 Mbit/s with framing)
[0;34m[Device: id=0] TX[0m: 14.71 Mpps, 30117 Mbit/s (32470 Mbit/s with framing)
[1;36m[Device: id=0] RX[0m: 2.60 Mpps, 5333 Mbit/s (5750 Mbit/s with framing)
[0;34m[Device: id=0] TX[0m: 14.71 Mpps, 30117 Mbit/s (32470 Mbit/s with framing)
[1;36m[Device: id=0] RX[0m: 2.61 Mpps, 5336 Mbit/s (5753 Mbit/s with framing)
[0;34m[Device: id=0] TX[0m: 14.71 Mpps, 30117 Mbit/s (32470 Mbit/s with framing)
[1;36m[Device: id=0] RX[0m: 2.60 Mpps, 5332 Mbit/s (5749 Mbit/s with framing)
[0;34m[Device: id=0] TX[0m: 14.71 Mpps, 30117 Mbit/s (32470 Mbit/s with framing)
[1;36m[Device: id=0] RX[0m: 2.60 Mpps, 5335 Mbit/s (5752 Mbit/s with framing)
[0;34m[Device: id=0] TX[0m: 14.71 Mpps, 30117 Mbit/s (32470 Mbit/s with framing)
[1;36m[Device: id=0] RX[0m: 2.60 Mpps, 5334 Mbit/s (5751 Mbit/s with framing)
[0;34m[Device: id=0] TX[0m: 14.71 Mpps, 30117 Mbit/s (32470 Mbit/s with framing)
[1;36m[Device: id=0] RX[0m: 2.60 Mpps, 5332 Mbit/s (5749 Mbit/s with framing)
[0;34m[Device: id=0] TX[0m: 14.71 Mpps, 30117 Mbit/s (32470 Mbit/s with framing)
[1;36m[Device: id=0] RX[0m: 2.60 Mpps, 5332 Mbit/s (5748 Mbit/s with framing)
[0;34m[Device: id=0] TX[0m: 14.71 Mpps, 30117 Mbit/s (32470 Mbit/s with framing)
[1;36m[Device: id=0] RX[0m: 2.72 Mpps, 5565 Mbit/s (6000 Mbit/s with framing)
[0;34m[Device: id=0] TX[0m: 14.71 Mpps, 30117 Mbit/s (32470 Mbit/s with framing)
[1;36m[Device: id=0] RX[0m: 2.76 Mpps, 5645 Mbit/s (6087 Mbit/s with framing)
[0;34m[Device: id=0] TX[0m: 14.71 Mpps, 30117 Mbit/s (32470 Mbit/s with framing)
[1;36m[Device: id=0] RX[0m: 2.75 Mpps, 5633 Mbit/s (6073 Mbit/s with framing)
[0;34m[Device: id=0] TX[0m: 14.71 Mpps, 30117 Mbit/s (32470 Mbit/s with framing)
[1;36m[Device: id=0] RX[0m: 2.76 Mpps, 5646 Mbit/s (6087 Mbit/s with framing)
[0;34m[Device: id=0] TX[0m: 14.71 Mpps, 30117 Mbit/s (32470 Mbit/s with framing)
[1;36m[Device: id=0] RX[0m: 2.76 Mpps, 5661 Mbit/s (6104 Mbit/s with framing)
[0;34m[Device: id=0] TX[0m: 14.71 Mpps, 30117 Mbit/s (32470 Mbit/s with framing)
[1;36m[Device: id=0] RX[0m: 2.76 Mpps, 5654 Mbit/s (6096 Mbit/s with framing)
[0;34m[Device: id=0] TX[0m: 14.71 Mpps, 30117 Mbit/s (32470 Mbit/s with framing)
[1;36m[Device: id=0] RX[0m: 2.76 Mpps, 5647 Mbit/s (6089 Mbit/s with framing)
[0;34m[Device: id=0] TX[0m: 14.71 Mpps, 30117 Mbit/s (32470 Mbit/s with framing)
[1;36m[Device: id=0] RX[0m: 2.76 Mpps, 5643 Mbit/s (6084 Mbit/s with framing)
[0;34m[Device: id=0] TX[0m: 14.71 Mpps, 30117 Mbit/s (32470 Mbit/s with framing)
[1;36m[Device: id=0] RX[0m: 2.76 Mpps, 5646 Mbit/s (6087 Mbit/s with framing)
[0;34m[Device: id=0] TX[0m: 14.71 Mpps, 30117 Mbit/s (32470 Mbit/s with framing)
[1;36m[Device: id=0] RX[0m: 2.76 Mpps, 5647 Mbit/s (6088 Mbit/s with framing)
[0;34m[Device: id=0] TX[0m: 14.71 Mpps, 30117 Mbit/s (32470 Mbit/s with framing)
[1;36m[Device: id=0] RX[0m: 2.76 Mpps, 5651 Mbit/s (6093 Mbit/s with framing)
[0;34m[Device: id=0] TX[0m: 14.71 Mpps, 30117 Mbit/s (32470 Mbit/s with framing)
[1;36m[Device: id=0] RX[0m: 2.76 Mpps, 5652 Mbit/s (6094 Mbit/s with framing)
[0;34m[Device: id=0] TX[0m: 14.71 Mpps, 30117 Mbit/s (32470 Mbit/s with framing)
[1;36m[Device: id=0] RX[0m: 2.76 Mpps, 5651 Mbit/s (6092 Mbit/s with framing)
[0;34m[Device: id=0] TX[0m: 14.71 Mpps, 30117 Mbit/s (32470 Mbit/s with framing)
[1;36m[Device: id=0] RX[0m: 2.75 Mpps, 5641 Mbit/s (6081 Mbit/s with framing)
[0;34m[Device: id=0] TX[0m: 14.71 Mpps, 30117 Mbit/s (32470 Mbit/s with framing)
[1;36m[Device: id=0] RX[0m: 2.76 Mpps, 5660 Mbit/s (6102 Mbit/s with framing)
[0;34m[Device: id=0] TX[0m: 14.71 Mpps, 30117 Mbit/s (32470 Mbit/s with framing)
[1;36m[Device: id=0] RX[0m: 2.76 Mpps, 5648 Mbit/s (6089 Mbit/s with framing)
[0;34m[Device: id=0] TX[0m: 14.71 Mpps, 30117 Mbit/s (32470 Mbit/s with framing)
[1;36m[Device: id=0] RX[0m: 2.75 Mpps, 5642 Mbit/s (6082 Mbit/s with framing)
[0;34m[Device: id=0] TX[0m: 14.71 Mpps, 30117 Mbit/s (32470 Mbit/s with framing)
[1;36m[Device: id=0] RX[0m: 2.76 Mpps, 5646 Mbit/s (6087 Mbit/s with framing)
[0;34m[Device: id=0] TX[0m: 14.71 Mpps, 30117 Mbit/s (32470 Mbit/s with framing)
[1;36m[Device: id=0] RX[0m: 2.75 Mpps, 5635 Mbit/s (6075 Mbit/s with framing)
[0;34m[Device: id=0] TX[0m: 14.71 Mpps, 30117 Mbit/s (32470 Mbit/s with framing)
[1;36m[Device: id=0] RX[0m: 2.76 Mpps, 5649 Mbit/s (6090 Mbit/s with framing)
[0;34m[Device: id=0] TX[0m: 14.71 Mpps, 30117 Mbit/s (32470 Mbit/s with framing)
Samples: 318, Average: 745536.6 ns, StdDev: 23554.5 ns, Quartiles: 729309.0/736793.0/763460.0 ns
[1;37m[INFO]  Saving histogram to '/tmp/histogram.csv'[0m
[1;36m[Device: id=0] RX[0m: 2.26 Mpps, 4628 Mbit/s (4989 Mbit/s with framing)
[1;36m[Device: id=0] RX[0m: 2.70 (StdDev 0.11) Mpps, 5522 (StdDev 223) Mbit/s (5954 Mbit/s with framing), total 81208096 packets with 20789211668 bytes (incl. CRC)
[0;34m[Device: id=0] TX[0m: 14.71 (StdDev 0.00) Mpps, 30117 (StdDev 0) Mbit/s (32470 Mbit/s with framing), total 440699509 packets with 112818741824 bytes (incl. CRC)
