EAL: Detected CPU lcores: 24
EAL: Detected NUMA nodes: 1
EAL: Static memory layout is selected, amount of reserved memory can be adjusted with -m or --socket-mem
EAL: Detected shared linkage of DPDK
EAL: Multi-process socket /var/run/dpdk/rte/mp_socket
EAL: Selected IOVA mode 'PA'
EAL: 512 hugepages of size 2097152 reserved, but no mounted hugetlbfs found for that size
EAL: VFIO support initialized
EAL: Probe PCI driver: net_ice (8086:1592) device: 0000:51:00.0 (socket 0)
ice_load_pkg_type(): Active package is: 1.3.26.0, ICE OS Default Package (single VLAN mode)
TELEMETRY: No legacy callbacks, legacy socket not created
[1;33m[WARN]  malloc() allocates objects >= 1 MiB from LuaJIT memory space.[0m
[1;33m[WARN]  Install libjemalloc if you encounter out of memory errors.[0m
[1;37m[INFO]  Initializing DPDK. This will take a few seconds...[0m
[1;37m[INFO]  Found 1 usable devices:[0m
   Device 0: B4:96:91:B3:8B:04 ([0;32mIntel Corporation Ethernet Controller E810-C for QSFP[0m)
[1;37m[INFO]  Waiting for devices to come up...[0m
[1;37m[INFO]  Device 0 (B4:96:91:B3:8B:04) is up: full-duplex 100000 MBit/s[0m
[1;37m[INFO]  [0;32m1 device is up.[0m[0m
[1;36m[Device: id=0] RX[0m: 16.82 Mpps, 34448 Mbit/s (37139 Mbit/s with framing)
[0;34m[Device: id=0] TX[0m: 16.82 Mpps, 34452 Mbit/s (37143 Mbit/s with framing)
[1;36m[Device: id=0] RX[0m: 16.82 Mpps, 34453 Mbit/s (37145 Mbit/s with framing)
[0;34m[Device: id=0] TX[0m: 16.82 Mpps, 34453 Mbit/s (37145 Mbit/s with framing)
[1;36m[Device: id=0] RX[0m: 16.82 Mpps, 34453 Mbit/s (37145 Mbit/s with framing)
[0;34m[Device: id=0] TX[0m: 16.82 Mpps, 34453 Mbit/s (37145 Mbit/s with framing)
[1;36m[Device: id=0] RX[0m: 16.82 Mpps, 34450 Mbit/s (37141 Mbit/s with framing)
[0;34m[Device: id=0] TX[0m: 16.82 Mpps, 34453 Mbit/s (37145 Mbit/s with framing)
[1;36m[Device: id=0] RX[0m: 16.82 Mpps, 34453 Mbit/s (37145 Mbit/s with framing)
[0;34m[Device: id=0] TX[0m: 16.82 Mpps, 34453 Mbit/s (37145 Mbit/s with framing)
[1;36m[Device: id=0] RX[0m: 16.82 Mpps, 34450 Mbit/s (37142 Mbit/s with framing)
[0;34m[Device: id=0] TX[0m: 16.82 Mpps, 34453 Mbit/s (37145 Mbit/s with framing)
[1;36m[Device: id=0] RX[0m: 16.82 Mpps, 34453 Mbit/s (37145 Mbit/s with framing)
[0;34m[Device: id=0] TX[0m: 16.82 Mpps, 34453 Mbit/s (37145 Mbit/s with framing)
[1;36m[Device: id=0] RX[0m: 16.82 Mpps, 34447 Mbit/s (37138 Mbit/s with framing)
[0;34m[Device: id=0] TX[0m: 16.82 Mpps, 34453 Mbit/s (37145 Mbit/s with framing)
[1;36m[Device: id=0] RX[0m: 16.82 Mpps, 34453 Mbit/s (37145 Mbit/s with framing)
[0;34m[Device: id=0] TX[0m: 16.82 Mpps, 34453 Mbit/s (37145 Mbit/s with framing)
[1;36m[Device: id=0] RX[0m: 16.82 Mpps, 34450 Mbit/s (37142 Mbit/s with framing)
[0;34m[Device: id=0] TX[0m: 16.82 Mpps, 34453 Mbit/s (37145 Mbit/s with framing)
[1;36m[Device: id=0] RX[0m: 16.81 Mpps, 34421 Mbit/s (37110 Mbit/s with framing)
[0;34m[Device: id=0] TX[0m: 16.81 Mpps, 34420 Mbit/s (37110 Mbit/s with framing)
[1;36m[Device: id=0] RX[0m: 16.82 Mpps, 34448 Mbit/s (37139 Mbit/s with framing)
[0;34m[Device: id=0] TX[0m: 16.82 Mpps, 34453 Mbit/s (37145 Mbit/s with framing)
[1;36m[Device: id=0] RX[0m: 16.82 Mpps, 34453 Mbit/s (37145 Mbit/s with framing)
[0;34m[Device: id=0] TX[0m: 16.82 Mpps, 34453 Mbit/s (37145 Mbit/s with framing)
[1;36m[Device: id=0] RX[0m: 16.82 Mpps, 34448 Mbit/s (37139 Mbit/s with framing)
[0;34m[Device: id=0] TX[0m: 16.82 Mpps, 34453 Mbit/s (37145 Mbit/s with framing)
[1;36m[Device: id=0] RX[0m: 16.81 Mpps, 34423 Mbit/s (37113 Mbit/s with framing)
[0;34m[Device: id=0] TX[0m: 16.82 Mpps, 34453 Mbit/s (37145 Mbit/s with framing)
[1;36m[Device: id=0] RX[0m: 16.82 Mpps, 34449 Mbit/s (37141 Mbit/s with framing)
[0;34m[Device: id=0] TX[0m: 16.82 Mpps, 34453 Mbit/s (37145 Mbit/s with framing)
[1;36m[Device: id=0] RX[0m: 16.82 Mpps, 34453 Mbit/s (37145 Mbit/s with framing)
[0;34m[Device: id=0] TX[0m: 16.82 Mpps, 34453 Mbit/s (37145 Mbit/s with framing)
[1;36m[Device: id=0] RX[0m: 16.82 Mpps, 34450 Mbit/s (37141 Mbit/s with framing)
[0;34m[Device: id=0] TX[0m: 16.82 Mpps, 34453 Mbit/s (37145 Mbit/s with framing)
[1;36m[Device: id=0] RX[0m: 16.82 Mpps, 34453 Mbit/s (37145 Mbit/s with framing)
[0;34m[Device: id=0] TX[0m: 16.82 Mpps, 34453 Mbit/s (37145 Mbit/s with framing)
[1;36m[Device: id=0] RX[0m: 16.82 Mpps, 34450 Mbit/s (37142 Mbit/s with framing)
[0;34m[Device: id=0] TX[0m: 16.82 Mpps, 34453 Mbit/s (37145 Mbit/s with framing)
[1;36m[Device: id=0] RX[0m: 16.82 Mpps, 34453 Mbit/s (37145 Mbit/s with framing)
[0;34m[Device: id=0] TX[0m: 16.82 Mpps, 34453 Mbit/s (37145 Mbit/s with framing)
[1;36m[Device: id=0] RX[0m: 16.82 Mpps, 34450 Mbit/s (37142 Mbit/s with framing)
[0;34m[Device: id=0] TX[0m: 16.82 Mpps, 34453 Mbit/s (37145 Mbit/s with framing)
[1;36m[Device: id=0] RX[0m: 16.82 Mpps, 34453 Mbit/s (37145 Mbit/s with framing)
[0;34m[Device: id=0] TX[0m: 16.82 Mpps, 34453 Mbit/s (37145 Mbit/s with framing)
[1;36m[Device: id=0] RX[0m: 16.82 Mpps, 34448 Mbit/s (37140 Mbit/s with framing)
[0;34m[Device: id=0] TX[0m: 16.82 Mpps, 34453 Mbit/s (37145 Mbit/s with framing)
[1;36m[Device: id=0] RX[0m: 16.81 Mpps, 34429 Mbit/s (37119 Mbit/s with framing)
[0;34m[Device: id=0] TX[0m: 16.82 Mpps, 34454 Mbit/s (37145 Mbit/s with framing)
[1;36m[Device: id=0] RX[0m: 16.82 Mpps, 34447 Mbit/s (37138 Mbit/s with framing)
[0;34m[Device: id=0] TX[0m: 16.82 Mpps, 34453 Mbit/s (37145 Mbit/s with framing)
[1;36m[Device: id=0] RX[0m: 16.82 Mpps, 34442 Mbit/s (37133 Mbit/s with framing)
[0;34m[Device: id=0] TX[0m: 16.82 Mpps, 34453 Mbit/s (37145 Mbit/s with framing)
[1;36m[Device: id=0] RX[0m: 16.82 Mpps, 34448 Mbit/s (37140 Mbit/s with framing)
[0;34m[Device: id=0] TX[0m: 16.82 Mpps, 34452 Mbit/s (37144 Mbit/s with framing)
[1;36m[Device: id=0] RX[0m: 16.82 Mpps, 34453 Mbit/s (37145 Mbit/s with framing)
[0;34m[Device: id=0] TX[0m: 16.82 Mpps, 34453 Mbit/s (37145 Mbit/s with framing)
Samples: 63681, Average: 10541.6 ns, StdDev: 1093.1 ns, Quartiles: 10048.0/10421.0/10837.0 ns
[1;37m[INFO]  Saving histogram to '/tmp/histogram.csv'[0m
[1;36m[Device: id=0] RX[0m: 13.69 Mpps, 28031 Mbit/s (30221 Mbit/s with framing)
[1;36m[Device: id=0] RX[0m: 16.71 (StdDev 0.58) Mpps, 34226 (StdDev 1192) Mbit/s (36901 Mbit/s with framing), total 504064435 packets with 129028273108 bytes (incl. CRC)
[0;34m[Device: id=0] TX[0m: 16.82 (StdDev 0.00) Mpps, 34452 (StdDev 6) Mbit/s (37144 Mbit/s with framing), total 504136273 packets with 129046661248 bytes (incl. CRC)
