EAL: Detected CPU lcores: 24
EAL: Detected NUMA nodes: 1
EAL: Static memory layout is selected, amount of reserved memory can be adjusted with -m or --socket-mem
EAL: Detected shared linkage of DPDK
EAL: Multi-process socket /var/run/dpdk/rte/mp_socket
EAL: Selected IOVA mode 'PA'
EAL: 512 hugepages of size 2097152 reserved, but no mounted hugetlbfs found for that size
EAL: VFIO support initialized
EAL: Probe PCI driver: net_ice (8086:1592) device: 0000:51:00.0 (socket 0)
ice_load_pkg_type(): Active package is: 1.3.26.0, ICE OS Default Package (single VLAN mode)
TELEMETRY: No legacy callbacks, legacy socket not created
[1;33m[WARN]  malloc() allocates objects >= 1 MiB from LuaJIT memory space.[0m
[1;33m[WARN]  Install libjemalloc if you encounter out of memory errors.[0m
[1;37m[INFO]  Initializing DPDK. This will take a few seconds...[0m
[1;37m[INFO]  Found 1 usable devices:[0m
   Device 0: B4:96:91:B3:8B:04 ([0;32mIntel Corporation Ethernet Controller E810-C for QSFP[0m)
[1;37m[INFO]  Waiting for devices to come up...[0m
[1;37m[INFO]  Device 0 (B4:96:91:B3:8B:04) is up: full-duplex 100000 MBit/s[0m
[1;37m[INFO]  [0;32m1 device is up.[0m[0m
[1;36m[Device: id=0] RX[0m: 2.10 Mpps, 8613 Mbit/s (8950 Mbit/s with framing)
[0;34m[Device: id=0] TX[0m: 2.10 Mpps, 8613 Mbit/s (8950 Mbit/s with framing)
[1;36m[Device: id=0] RX[0m: 2.10 Mpps, 8614 Mbit/s (8951 Mbit/s with framing)
[0;34m[Device: id=0] TX[0m: 2.11 Mpps, 8614 Mbit/s (8951 Mbit/s with framing)
[1;36m[Device: id=0] RX[0m: 2.11 Mpps, 8614 Mbit/s (8951 Mbit/s with framing)
[0;34m[Device: id=0] TX[0m: 2.11 Mpps, 8614 Mbit/s (8951 Mbit/s with framing)
[1;36m[Device: id=0] RX[0m: 2.11 Mpps, 8614 Mbit/s (8951 Mbit/s with framing)
[0;34m[Device: id=0] TX[0m: 2.11 Mpps, 8614 Mbit/s (8951 Mbit/s with framing)
[1;36m[Device: id=0] RX[0m: 2.11 Mpps, 8614 Mbit/s (8951 Mbit/s with framing)
[0;34m[Device: id=0] TX[0m: 2.11 Mpps, 8614 Mbit/s (8951 Mbit/s with framing)
[1;36m[Device: id=0] RX[0m: 2.11 Mpps, 8614 Mbit/s (8951 Mbit/s with framing)
[0;34m[Device: id=0] TX[0m: 2.11 Mpps, 8614 Mbit/s (8951 Mbit/s with framing)
[1;36m[Device: id=0] RX[0m: 2.11 Mpps, 8614 Mbit/s (8951 Mbit/s with framing)
[0;34m[Device: id=0] TX[0m: 2.11 Mpps, 8614 Mbit/s (8951 Mbit/s with framing)
[1;36m[Device: id=0] RX[0m: 2.11 Mpps, 8614 Mbit/s (8951 Mbit/s with framing)
[0;34m[Device: id=0] TX[0m: 2.11 Mpps, 8614 Mbit/s (8951 Mbit/s with framing)
[1;36m[Device: id=0] RX[0m: 2.11 Mpps, 8614 Mbit/s (8951 Mbit/s with framing)
[0;34m[Device: id=0] TX[0m: 2.11 Mpps, 8614 Mbit/s (8951 Mbit/s with framing)
[1;36m[Device: id=0] RX[0m: 2.11 Mpps, 8614 Mbit/s (8951 Mbit/s with framing)
[0;34m[Device: id=0] TX[0m: 2.11 Mpps, 8614 Mbit/s (8951 Mbit/s with framing)
[1;36m[Device: id=0] RX[0m: 2.11 Mpps, 8615 Mbit/s (8951 Mbit/s with framing)
[0;34m[Device: id=0] TX[0m: 2.11 Mpps, 8614 Mbit/s (8951 Mbit/s with framing)
[1;36m[Device: id=0] RX[0m: 2.11 Mpps, 8614 Mbit/s (8951 Mbit/s with framing)
[0;34m[Device: id=0] TX[0m: 2.11 Mpps, 8614 Mbit/s (8951 Mbit/s with framing)
[1;36m[Device: id=0] RX[0m: 2.11 Mpps, 8614 Mbit/s (8951 Mbit/s with framing)
[0;34m[Device: id=0] TX[0m: 2.11 Mpps, 8614 Mbit/s (8951 Mbit/s with framing)
[1;36m[Device: id=0] RX[0m: 2.11 Mpps, 8614 Mbit/s (8951 Mbit/s with framing)
[0;34m[Device: id=0] TX[0m: 2.11 Mpps, 8614 Mbit/s (8951 Mbit/s with framing)
[1;36m[Device: id=0] RX[0m: 2.11 Mpps, 8614 Mbit/s (8951 Mbit/s with framing)
[0;34m[Device: id=0] TX[0m: 2.11 Mpps, 8614 Mbit/s (8951 Mbit/s with framing)
[1;36m[Device: id=0] RX[0m: 2.11 Mpps, 8614 Mbit/s (8951 Mbit/s with framing)
[0;34m[Device: id=0] TX[0m: 2.11 Mpps, 8614 Mbit/s (8951 Mbit/s with framing)
[1;36m[Device: id=0] RX[0m: 2.11 Mpps, 8614 Mbit/s (8951 Mbit/s with framing)
[0;34m[Device: id=0] TX[0m: 2.11 Mpps, 8614 Mbit/s (8951 Mbit/s with framing)
[1;36m[Device: id=0] RX[0m: 2.11 Mpps, 8614 Mbit/s (8951 Mbit/s with framing)
[0;34m[Device: id=0] TX[0m: 2.11 Mpps, 8614 Mbit/s (8951 Mbit/s with framing)
[1;36m[Device: id=0] RX[0m: 2.11 Mpps, 8614 Mbit/s (8951 Mbit/s with framing)
[0;34m[Device: id=0] TX[0m: 2.11 Mpps, 8614 Mbit/s (8951 Mbit/s with framing)
[1;36m[Device: id=0] RX[0m: 2.11 Mpps, 8614 Mbit/s (8951 Mbit/s with framing)
[0;34m[Device: id=0] TX[0m: 2.11 Mpps, 8615 Mbit/s (8951 Mbit/s with framing)
[1;36m[Device: id=0] RX[0m: 2.11 Mpps, 8614 Mbit/s (8951 Mbit/s with framing)
[0;34m[Device: id=0] TX[0m: 2.11 Mpps, 8614 Mbit/s (8951 Mbit/s with framing)
[1;36m[Device: id=0] RX[0m: 2.11 Mpps, 8614 Mbit/s (8951 Mbit/s with framing)
[0;34m[Device: id=0] TX[0m: 2.11 Mpps, 8614 Mbit/s (8951 Mbit/s with framing)
[1;36m[Device: id=0] RX[0m: 2.11 Mpps, 8614 Mbit/s (8951 Mbit/s with framing)
[0;34m[Device: id=0] TX[0m: 2.11 Mpps, 8614 Mbit/s (8951 Mbit/s with framing)
[1;36m[Device: id=0] RX[0m: 2.11 Mpps, 8614 Mbit/s (8951 Mbit/s with framing)
[0;34m[Device: id=0] TX[0m: 2.11 Mpps, 8614 Mbit/s (8951 Mbit/s with framing)
[1;36m[Device: id=0] RX[0m: 2.11 Mpps, 8614 Mbit/s (8951 Mbit/s with framing)
[0;34m[Device: id=0] TX[0m: 2.11 Mpps, 8614 Mbit/s (8951 Mbit/s with framing)
[1;36m[Device: id=0] RX[0m: 2.11 Mpps, 8614 Mbit/s (8951 Mbit/s with framing)
[0;34m[Device: id=0] TX[0m: 2.11 Mpps, 8614 Mbit/s (8951 Mbit/s with framing)
[1;36m[Device: id=0] RX[0m: 2.11 Mpps, 8614 Mbit/s (8951 Mbit/s with framing)
[0;34m[Device: id=0] TX[0m: 2.11 Mpps, 8614 Mbit/s (8951 Mbit/s with framing)
[1;36m[Device: id=0] RX[0m: 2.11 Mpps, 8614 Mbit/s (8951 Mbit/s with framing)
[0;34m[Device: id=0] TX[0m: 2.11 Mpps, 8614 Mbit/s (8951 Mbit/s with framing)
[1;36m[Device: id=0] RX[0m: 2.11 Mpps, 8614 Mbit/s (8951 Mbit/s with framing)
[0;34m[Device: id=0] TX[0m: 2.11 Mpps, 8614 Mbit/s (8951 Mbit/s with framing)
Samples: 64195, Average: 9668.7 ns, StdDev: 1137.4 ns, Quartiles: 9139.0/9612.0/10096.0 ns
[1;37m[INFO]  Saving histogram to '/tmp/histogram.csv'[0m
[1;36m[Device: id=0] RX[0m: 1.73 Mpps, 7090 Mbit/s (7367 Mbit/s with framing)
[1;36m[Device: id=0] RX[0m: 2.09 (StdDev 0.07) Mpps, 8562 (StdDev 283) Mbit/s (8897 Mbit/s with framing), total 63088954 packets with 32272784724 bytes (incl. CRC)
[0;34m[Device: id=0] TX[0m: 2.11 (StdDev 0.00) Mpps, 8614 (StdDev 0) Mbit/s (8951 Mbit/s with framing), total 63088981 packets with 32272799936 bytes (incl. CRC)
