EAL: Detected CPU lcores: 24
EAL: Detected NUMA nodes: 1
EAL: Static memory layout is selected, amount of reserved memory can be adjusted with -m or --socket-mem
EAL: Detected shared linkage of DPDK
EAL: Multi-process socket /var/run/dpdk/rte/mp_socket
EAL: Selected IOVA mode 'PA'
EAL: 512 hugepages of size 2097152 reserved, but no mounted hugetlbfs found for that size
EAL: VFIO support initialized
EAL: Probe PCI driver: net_ice (8086:1592) device: 0000:51:00.0 (socket 0)
ice_load_pkg_type(): Active package is: 1.3.26.0, ICE OS Default Package (single VLAN mode)
TELEMETRY: No legacy callbacks, legacy socket not created
[1;33m[WARN]  malloc() allocates objects >= 1 MiB from LuaJIT memory space.[0m
[1;33m[WARN]  Install libjemalloc if you encounter out of memory errors.[0m
[1;37m[INFO]  Initializing DPDK. This will take a few seconds...[0m
[1;37m[INFO]  Found 1 usable devices:[0m
   Device 0: B4:96:91:B3:8B:04 ([0;32mIntel Corporation Ethernet Controller E810-C for QSFP[0m)
[1;37m[INFO]  Waiting for devices to come up...[0m
[1;37m[INFO]  Device 0 (B4:96:91:B3:8B:04) is up: full-duplex 100000 MBit/s[0m
[1;37m[INFO]  [0;32m1 device is up.[0m[0m
[1;36m[Device: id=0] RX[0m: 2.97 Mpps, 1523 Mbit/s (1999 Mbit/s with framing)
[0;34m[Device: id=0] TX[0m: 13.68 Mpps, 7002 Mbit/s (9190 Mbit/s with framing)
[1;36m[Device: id=0] RX[0m: 2.97 Mpps, 1522 Mbit/s (1998 Mbit/s with framing)
[0;34m[Device: id=0] TX[0m: 13.68 Mpps, 7002 Mbit/s (9190 Mbit/s with framing)
[1;36m[Device: id=0] RX[0m: 2.97 Mpps, 1520 Mbit/s (1995 Mbit/s with framing)
[0;34m[Device: id=0] TX[0m: 13.68 Mpps, 7002 Mbit/s (9190 Mbit/s with framing)
[1;36m[Device: id=0] RX[0m: 2.96 Mpps, 1517 Mbit/s (1991 Mbit/s with framing)
[0;34m[Device: id=0] TX[0m: 13.68 Mpps, 7002 Mbit/s (9190 Mbit/s with framing)
[1;36m[Device: id=0] RX[0m: 2.97 Mpps, 1519 Mbit/s (1993 Mbit/s with framing)
[0;34m[Device: id=0] TX[0m: 13.68 Mpps, 7002 Mbit/s (9190 Mbit/s with framing)
[1;36m[Device: id=0] RX[0m: 2.97 Mpps, 1519 Mbit/s (1994 Mbit/s with framing)
[0;34m[Device: id=0] TX[0m: 13.68 Mpps, 7002 Mbit/s (9190 Mbit/s with framing)
[1;36m[Device: id=0] RX[0m: 2.96 Mpps, 1517 Mbit/s (1991 Mbit/s with framing)
[0;34m[Device: id=0] TX[0m: 13.68 Mpps, 7002 Mbit/s (9190 Mbit/s with framing)
[1;36m[Device: id=0] RX[0m: 2.97 Mpps, 1519 Mbit/s (1994 Mbit/s with framing)
[0;34m[Device: id=0] TX[0m: 13.68 Mpps, 7002 Mbit/s (9190 Mbit/s with framing)
[1;36m[Device: id=0] RX[0m: 2.97 Mpps, 1519 Mbit/s (1994 Mbit/s with framing)
[0;34m[Device: id=0] TX[0m: 13.68 Mpps, 7002 Mbit/s (9190 Mbit/s with framing)
[1;36m[Device: id=0] RX[0m: 2.97 Mpps, 1519 Mbit/s (1994 Mbit/s with framing)
[0;34m[Device: id=0] TX[0m: 13.68 Mpps, 7002 Mbit/s (9190 Mbit/s with framing)
[1;36m[Device: id=0] RX[0m: 2.97 Mpps, 1520 Mbit/s (1995 Mbit/s with framing)
[0;34m[Device: id=0] TX[0m: 13.68 Mpps, 7002 Mbit/s (9190 Mbit/s with framing)
[1;36m[Device: id=0] RX[0m: 2.97 Mpps, 1519 Mbit/s (1994 Mbit/s with framing)
[0;34m[Device: id=0] TX[0m: 13.68 Mpps, 7002 Mbit/s (9190 Mbit/s with framing)
[1;36m[Device: id=0] RX[0m: 2.97 Mpps, 1520 Mbit/s (1995 Mbit/s with framing)
[0;34m[Device: id=0] TX[0m: 13.68 Mpps, 7002 Mbit/s (9190 Mbit/s with framing)
[1;36m[Device: id=0] RX[0m: 2.96 Mpps, 1517 Mbit/s (1992 Mbit/s with framing)
[0;34m[Device: id=0] TX[0m: 13.68 Mpps, 7002 Mbit/s (9190 Mbit/s with framing)
[1;36m[Device: id=0] RX[0m: 2.96 Mpps, 1517 Mbit/s (1991 Mbit/s with framing)
[0;34m[Device: id=0] TX[0m: 13.68 Mpps, 7002 Mbit/s (9190 Mbit/s with framing)
[1;36m[Device: id=0] RX[0m: 2.96 Mpps, 1518 Mbit/s (1992 Mbit/s with framing)
[0;34m[Device: id=0] TX[0m: 13.68 Mpps, 7002 Mbit/s (9190 Mbit/s with framing)
[1;36m[Device: id=0] RX[0m: 2.96 Mpps, 1517 Mbit/s (1991 Mbit/s with framing)
[0;34m[Device: id=0] TX[0m: 13.68 Mpps, 7002 Mbit/s (9190 Mbit/s with framing)
[1;36m[Device: id=0] RX[0m: 2.96 Mpps, 1516 Mbit/s (1990 Mbit/s with framing)
[0;34m[Device: id=0] TX[0m: 13.68 Mpps, 7002 Mbit/s (9190 Mbit/s with framing)
[1;36m[Device: id=0] RX[0m: 2.96 Mpps, 1517 Mbit/s (1992 Mbit/s with framing)
[0;34m[Device: id=0] TX[0m: 13.68 Mpps, 7002 Mbit/s (9190 Mbit/s with framing)
[1;36m[Device: id=0] RX[0m: 2.96 Mpps, 1518 Mbit/s (1992 Mbit/s with framing)
[0;34m[Device: id=0] TX[0m: 13.68 Mpps, 7002 Mbit/s (9190 Mbit/s with framing)
[1;36m[Device: id=0] RX[0m: 2.96 Mpps, 1518 Mbit/s (1992 Mbit/s with framing)
[0;34m[Device: id=0] TX[0m: 13.68 Mpps, 7002 Mbit/s (9190 Mbit/s with framing)
[1;36m[Device: id=0] RX[0m: 2.96 Mpps, 1515 Mbit/s (1988 Mbit/s with framing)
[0;34m[Device: id=0] TX[0m: 13.66 Mpps, 6995 Mbit/s (9182 Mbit/s with framing)
[1;36m[Device: id=0] RX[0m: 2.96 Mpps, 1513 Mbit/s (1986 Mbit/s with framing)
[0;34m[Device: id=0] TX[0m: 13.68 Mpps, 7002 Mbit/s (9190 Mbit/s with framing)
[1;36m[Device: id=0] RX[0m: 2.96 Mpps, 1516 Mbit/s (1990 Mbit/s with framing)
[0;34m[Device: id=0] TX[0m: 13.68 Mpps, 7002 Mbit/s (9190 Mbit/s with framing)
[1;36m[Device: id=0] RX[0m: 2.95 Mpps, 1511 Mbit/s (1983 Mbit/s with framing)
[0;34m[Device: id=0] TX[0m: 13.68 Mpps, 7002 Mbit/s (9190 Mbit/s with framing)
[1;36m[Device: id=0] RX[0m: 2.95 Mpps, 1512 Mbit/s (1985 Mbit/s with framing)
[0;34m[Device: id=0] TX[0m: 13.68 Mpps, 7002 Mbit/s (9190 Mbit/s with framing)
[1;36m[Device: id=0] RX[0m: 2.95 Mpps, 1512 Mbit/s (1984 Mbit/s with framing)
[0;34m[Device: id=0] TX[0m: 13.68 Mpps, 7002 Mbit/s (9190 Mbit/s with framing)
[1;36m[Device: id=0] RX[0m: 2.95 Mpps, 1510 Mbit/s (1982 Mbit/s with framing)
[0;34m[Device: id=0] TX[0m: 13.68 Mpps, 7002 Mbit/s (9190 Mbit/s with framing)
[1;36m[Device: id=0] RX[0m: 2.95 Mpps, 1511 Mbit/s (1983 Mbit/s with framing)
[0;34m[Device: id=0] TX[0m: 13.68 Mpps, 7002 Mbit/s (9190 Mbit/s with framing)
Samples: 372, Average: 684118.2 ns, StdDev: 8613.7 ns, Quartiles: 678310.0/683450.0/689497.0 ns
[1;37m[INFO]  Saving histogram to '/tmp/histogram.csv'[0m
[1;36m[Device: id=0] RX[0m: 2.42 Mpps, 1239 Mbit/s (1626 Mbit/s with framing)
[1;36m[Device: id=0] RX[0m: 2.94 (StdDev 0.10) Mpps, 1507 (StdDev 52) Mbit/s (1978 Mbit/s with framing), total 88787732 packets with 5682415124 bytes (incl. CRC)
[0;34m[Device: id=0] TX[0m: 13.68 (StdDev 0.00) Mpps, 7002 (StdDev 1) Mbit/s (9190 Mbit/s with framing), total 409832784 packets with 26229299072 bytes (incl. CRC)
