EAL: Detected CPU lcores: 24
EAL: Detected NUMA nodes: 1
EAL: Static memory layout is selected, amount of reserved memory can be adjusted with -m or --socket-mem
EAL: Detected shared linkage of DPDK
EAL: Multi-process socket /var/run/dpdk/rte/mp_socket
EAL: Selected IOVA mode 'PA'
EAL: 512 hugepages of size 2097152 reserved, but no mounted hugetlbfs found for that size
EAL: VFIO support initialized
EAL: Probe PCI driver: net_ice (8086:1592) device: 0000:51:00.0 (socket 0)
ice_load_pkg_type(): Active package is: 1.3.26.0, ICE OS Default Package (single VLAN mode)
TELEMETRY: No legacy callbacks, legacy socket not created
[1;33m[WARN]  malloc() allocates objects >= 1 MiB from LuaJIT memory space.[0m
[1;33m[WARN]  Install libjemalloc if you encounter out of memory errors.[0m
[1;37m[INFO]  Initializing DPDK. This will take a few seconds...[0m
[1;37m[INFO]  Found 1 usable devices:[0m
   Device 0: B4:96:91:B3:8B:04 ([0;32mIntel Corporation Ethernet Controller E810-C for QSFP[0m)
[1;37m[INFO]  Waiting for devices to come up...[0m
[1;37m[INFO]  Device 0 (B4:96:91:B3:8B:04) is up: full-duplex 100000 MBit/s[0m
[1;37m[INFO]  [0;32m1 device is up.[0m[0m
[1;36m[Device: id=0] RX[0m: 2.41 Mpps, 19739 Mbit/s (20125 Mbit/s with framing)
[0;34m[Device: id=0] TX[0m: 11.54 Mpps, 94570 Mbit/s (96418 Mbit/s with framing)
[1;36m[Device: id=0] RX[0m: 2.42 Mpps, 19790 Mbit/s (20176 Mbit/s with framing)
[0;34m[Device: id=0] TX[0m: 11.54 Mpps, 94571 Mbit/s (96418 Mbit/s with framing)
[1;36m[Device: id=0] RX[0m: 2.41 Mpps, 19767 Mbit/s (20153 Mbit/s with framing)
[0;34m[Device: id=0] TX[0m: 11.54 Mpps, 94571 Mbit/s (96418 Mbit/s with framing)
[1;36m[Device: id=0] RX[0m: 2.41 Mpps, 19775 Mbit/s (20162 Mbit/s with framing)
[0;34m[Device: id=0] TX[0m: 11.54 Mpps, 94571 Mbit/s (96418 Mbit/s with framing)
[1;36m[Device: id=0] RX[0m: 2.41 Mpps, 19756 Mbit/s (20142 Mbit/s with framing)
[0;34m[Device: id=0] TX[0m: 11.54 Mpps, 94571 Mbit/s (96418 Mbit/s with framing)
[1;36m[Device: id=0] RX[0m: 2.41 Mpps, 19754 Mbit/s (20140 Mbit/s with framing)
[0;34m[Device: id=0] TX[0m: 11.54 Mpps, 94571 Mbit/s (96418 Mbit/s with framing)
[1;36m[Device: id=0] RX[0m: 2.41 Mpps, 19777 Mbit/s (20163 Mbit/s with framing)
[0;34m[Device: id=0] TX[0m: 11.54 Mpps, 94571 Mbit/s (96418 Mbit/s with framing)
[1;36m[Device: id=0] RX[0m: 2.42 Mpps, 19796 Mbit/s (20183 Mbit/s with framing)
[0;34m[Device: id=0] TX[0m: 11.54 Mpps, 94571 Mbit/s (96418 Mbit/s with framing)
[1;36m[Device: id=0] RX[0m: 2.41 Mpps, 19778 Mbit/s (20164 Mbit/s with framing)
[0;34m[Device: id=0] TX[0m: 11.54 Mpps, 94571 Mbit/s (96418 Mbit/s with framing)
[1;36m[Device: id=0] RX[0m: 2.41 Mpps, 19779 Mbit/s (20165 Mbit/s with framing)
[0;34m[Device: id=0] TX[0m: 11.54 Mpps, 94571 Mbit/s (96418 Mbit/s with framing)
[1;36m[Device: id=0] RX[0m: 2.41 Mpps, 19751 Mbit/s (20137 Mbit/s with framing)
[0;34m[Device: id=0] TX[0m: 11.54 Mpps, 94571 Mbit/s (96418 Mbit/s with framing)
[1;36m[Device: id=0] RX[0m: 2.41 Mpps, 19782 Mbit/s (20168 Mbit/s with framing)
[0;34m[Device: id=0] TX[0m: 11.54 Mpps, 94571 Mbit/s (96418 Mbit/s with framing)
[1;36m[Device: id=0] RX[0m: 2.41 Mpps, 19775 Mbit/s (20161 Mbit/s with framing)
[0;34m[Device: id=0] TX[0m: 11.54 Mpps, 94571 Mbit/s (96418 Mbit/s with framing)
[1;36m[Device: id=0] RX[0m: 2.42 Mpps, 19793 Mbit/s (20180 Mbit/s with framing)
[0;34m[Device: id=0] TX[0m: 11.54 Mpps, 94571 Mbit/s (96418 Mbit/s with framing)
[1;36m[Device: id=0] RX[0m: 2.41 Mpps, 19778 Mbit/s (20164 Mbit/s with framing)
[0;34m[Device: id=0] TX[0m: 11.54 Mpps, 94571 Mbit/s (96418 Mbit/s with framing)
[1;36m[Device: id=0] RX[0m: 2.42 Mpps, 19789 Mbit/s (20176 Mbit/s with framing)
[0;34m[Device: id=0] TX[0m: 11.54 Mpps, 94571 Mbit/s (96418 Mbit/s with framing)
[1;36m[Device: id=0] RX[0m: 2.42 Mpps, 19791 Mbit/s (20178 Mbit/s with framing)
[0;34m[Device: id=0] TX[0m: 11.54 Mpps, 94571 Mbit/s (96418 Mbit/s with framing)
[1;36m[Device: id=0] RX[0m: 2.42 Mpps, 19798 Mbit/s (20185 Mbit/s with framing)
[0;34m[Device: id=0] TX[0m: 11.54 Mpps, 94571 Mbit/s (96418 Mbit/s with framing)
[1;36m[Device: id=0] RX[0m: 2.42 Mpps, 19795 Mbit/s (20182 Mbit/s with framing)
[0;34m[Device: id=0] TX[0m: 11.54 Mpps, 94571 Mbit/s (96418 Mbit/s with framing)
[1;36m[Device: id=0] RX[0m: 2.42 Mpps, 19794 Mbit/s (20181 Mbit/s with framing)
[0;34m[Device: id=0] TX[0m: 11.54 Mpps, 94571 Mbit/s (96418 Mbit/s with framing)
[1;36m[Device: id=0] RX[0m: 2.41 Mpps, 19761 Mbit/s (20147 Mbit/s with framing)
[0;34m[Device: id=0] TX[0m: 11.54 Mpps, 94571 Mbit/s (96418 Mbit/s with framing)
[1;36m[Device: id=0] RX[0m: 2.41 Mpps, 19756 Mbit/s (20142 Mbit/s with framing)
[0;34m[Device: id=0] TX[0m: 11.54 Mpps, 94571 Mbit/s (96418 Mbit/s with framing)
[1;36m[Device: id=0] RX[0m: 2.41 Mpps, 19763 Mbit/s (20149 Mbit/s with framing)
[0;34m[Device: id=0] TX[0m: 11.54 Mpps, 94571 Mbit/s (96418 Mbit/s with framing)
[1;36m[Device: id=0] RX[0m: 2.41 Mpps, 19779 Mbit/s (20165 Mbit/s with framing)
[0;34m[Device: id=0] TX[0m: 11.54 Mpps, 94571 Mbit/s (96418 Mbit/s with framing)
[1;36m[Device: id=0] RX[0m: 2.41 Mpps, 19777 Mbit/s (20164 Mbit/s with framing)
[0;34m[Device: id=0] TX[0m: 11.54 Mpps, 94571 Mbit/s (96418 Mbit/s with framing)
[1;36m[Device: id=0] RX[0m: 2.41 Mpps, 19765 Mbit/s (20151 Mbit/s with framing)
[0;34m[Device: id=0] TX[0m: 11.54 Mpps, 94571 Mbit/s (96418 Mbit/s with framing)
[1;36m[Device: id=0] RX[0m: 2.42 Mpps, 19811 Mbit/s (20198 Mbit/s with framing)
[0;34m[Device: id=0] TX[0m: 11.54 Mpps, 94571 Mbit/s (96418 Mbit/s with framing)
[1;36m[Device: id=0] RX[0m: 2.42 Mpps, 19826 Mbit/s (20213 Mbit/s with framing)
[0;34m[Device: id=0] TX[0m: 11.54 Mpps, 94571 Mbit/s (96418 Mbit/s with framing)
[1;36m[Device: id=0] RX[0m: 2.42 Mpps, 19817 Mbit/s (20205 Mbit/s with framing)
[0;34m[Device: id=0] TX[0m: 11.54 Mpps, 94570 Mbit/s (96417 Mbit/s with framing)
Samples: 356, Average: 837725.1 ns, StdDev: 11210.7 ns, Quartiles: 830183.0/837660.0/844250.0 ns
[1;37m[INFO]  Saving histogram to '/tmp/histogram.csv'[0m
[1;36m[Device: id=0] RX[0m: 2.41 (StdDev 0.00) Mpps, 19781 (StdDev 19) Mbit/s (20168 Mbit/s with framing), total 72321488 packets with 74056862100 bytes (incl. CRC)
[0;34m[Device: id=0] TX[0m: 11.54 (StdDev 0.00) Mpps, 94571 (StdDev 0) Mbit/s (96418 Mbit/s with framing), total 345750076 packets with 354046377344 bytes (incl. CRC)
