EAL: Detected CPU lcores: 24
EAL: Detected NUMA nodes: 1
EAL: Static memory layout is selected, amount of reserved memory can be adjusted with -m or --socket-mem
EAL: Detected shared linkage of DPDK
EAL: Multi-process socket /var/run/dpdk/rte/mp_socket
EAL: Selected IOVA mode 'PA'
EAL: 512 hugepages of size 2097152 reserved, but no mounted hugetlbfs found for that size
EAL: VFIO support initialized
EAL: Probe PCI driver: net_ice (8086:1592) device: 0000:51:00.0 (socket 0)
ice_load_pkg_type(): Active package is: 1.3.26.0, ICE OS Default Package (single VLAN mode)
TELEMETRY: No legacy callbacks, legacy socket not created
[1;33m[WARN]  malloc() allocates objects >= 1 MiB from LuaJIT memory space.[0m
[1;33m[WARN]  Install libjemalloc if you encounter out of memory errors.[0m
[1;37m[INFO]  Initializing DPDK. This will take a few seconds...[0m
[1;37m[INFO]  Found 1 usable devices:[0m
   Device 0: B4:96:91:B3:8B:04 ([0;32mIntel Corporation Ethernet Controller E810-C for QSFP[0m)
[1;37m[INFO]  Waiting for devices to come up...[0m
[1;37m[INFO]  Device 0 (B4:96:91:B3:8B:04) is up: full-duplex 100000 MBit/s[0m
[1;37m[INFO]  [0;32m1 device is up.[0m[0m
[1;36m[Device: id=0] RX[0m: 2.10 Mpps, 17227 Mbit/s (17563 Mbit/s with framing)
[0;34m[Device: id=0] TX[0m: 2.10 Mpps, 17227 Mbit/s (17563 Mbit/s with framing)
[1;36m[Device: id=0] RX[0m: 2.10 Mpps, 17228 Mbit/s (17564 Mbit/s with framing)
[0;34m[Device: id=0] TX[0m: 2.10 Mpps, 17228 Mbit/s (17564 Mbit/s with framing)
[1;36m[Device: id=0] RX[0m: 2.11 Mpps, 17228 Mbit/s (17565 Mbit/s with framing)
[0;34m[Device: id=0] TX[0m: 2.11 Mpps, 17228 Mbit/s (17565 Mbit/s with framing)
[1;36m[Device: id=0] RX[0m: 2.11 Mpps, 17228 Mbit/s (17565 Mbit/s with framing)
[0;34m[Device: id=0] TX[0m: 2.11 Mpps, 17228 Mbit/s (17565 Mbit/s with framing)
[1;36m[Device: id=0] RX[0m: 2.11 Mpps, 17228 Mbit/s (17565 Mbit/s with framing)
[0;34m[Device: id=0] TX[0m: 2.11 Mpps, 17228 Mbit/s (17565 Mbit/s with framing)
[1;36m[Device: id=0] RX[0m: 2.11 Mpps, 17228 Mbit/s (17565 Mbit/s with framing)
[0;34m[Device: id=0] TX[0m: 2.11 Mpps, 17228 Mbit/s (17565 Mbit/s with framing)
[1;36m[Device: id=0] RX[0m: 2.11 Mpps, 17228 Mbit/s (17565 Mbit/s with framing)
[0;34m[Device: id=0] TX[0m: 2.11 Mpps, 17228 Mbit/s (17565 Mbit/s with framing)
[1;36m[Device: id=0] RX[0m: 2.11 Mpps, 17228 Mbit/s (17565 Mbit/s with framing)
[0;34m[Device: id=0] TX[0m: 2.11 Mpps, 17228 Mbit/s (17565 Mbit/s with framing)
[1;36m[Device: id=0] RX[0m: 2.11 Mpps, 17228 Mbit/s (17565 Mbit/s with framing)
[0;34m[Device: id=0] TX[0m: 2.11 Mpps, 17228 Mbit/s (17565 Mbit/s with framing)
[1;36m[Device: id=0] RX[0m: 2.11 Mpps, 17228 Mbit/s (17565 Mbit/s with framing)
[0;34m[Device: id=0] TX[0m: 2.11 Mpps, 17228 Mbit/s (17565 Mbit/s with framing)
[1;36m[Device: id=0] RX[0m: 2.11 Mpps, 17228 Mbit/s (17565 Mbit/s with framing)
[0;34m[Device: id=0] TX[0m: 2.11 Mpps, 17228 Mbit/s (17565 Mbit/s with framing)
[1;36m[Device: id=0] RX[0m: 2.11 Mpps, 17228 Mbit/s (17565 Mbit/s with framing)
[0;34m[Device: id=0] TX[0m: 2.11 Mpps, 17228 Mbit/s (17565 Mbit/s with framing)
[1;36m[Device: id=0] RX[0m: 2.11 Mpps, 17228 Mbit/s (17565 Mbit/s with framing)
[0;34m[Device: id=0] TX[0m: 2.11 Mpps, 17228 Mbit/s (17565 Mbit/s with framing)
[1;36m[Device: id=0] RX[0m: 2.11 Mpps, 17228 Mbit/s (17565 Mbit/s with framing)
[0;34m[Device: id=0] TX[0m: 2.11 Mpps, 17228 Mbit/s (17565 Mbit/s with framing)
[1;36m[Device: id=0] RX[0m: 2.11 Mpps, 17228 Mbit/s (17565 Mbit/s with framing)
[0;34m[Device: id=0] TX[0m: 2.11 Mpps, 17228 Mbit/s (17565 Mbit/s with framing)
[1;36m[Device: id=0] RX[0m: 2.11 Mpps, 17228 Mbit/s (17565 Mbit/s with framing)
[0;34m[Device: id=0] TX[0m: 2.10 Mpps, 17227 Mbit/s (17564 Mbit/s with framing)
[1;36m[Device: id=0] RX[0m: 2.11 Mpps, 17228 Mbit/s (17564 Mbit/s with framing)
[0;34m[Device: id=0] TX[0m: 2.11 Mpps, 17228 Mbit/s (17565 Mbit/s with framing)
[1;36m[Device: id=0] RX[0m: 2.10 Mpps, 17228 Mbit/s (17564 Mbit/s with framing)
[0;34m[Device: id=0] TX[0m: 2.11 Mpps, 17228 Mbit/s (17565 Mbit/s with framing)
[1;36m[Device: id=0] RX[0m: 2.11 Mpps, 17228 Mbit/s (17564 Mbit/s with framing)
[0;34m[Device: id=0] TX[0m: 2.11 Mpps, 17228 Mbit/s (17564 Mbit/s with framing)
[1;36m[Device: id=0] RX[0m: 2.11 Mpps, 17228 Mbit/s (17565 Mbit/s with framing)
[0;34m[Device: id=0] TX[0m: 2.11 Mpps, 17228 Mbit/s (17565 Mbit/s with framing)
[1;36m[Device: id=0] RX[0m: 2.11 Mpps, 17228 Mbit/s (17565 Mbit/s with framing)
[0;34m[Device: id=0] TX[0m: 2.11 Mpps, 17228 Mbit/s (17565 Mbit/s with framing)
[1;36m[Device: id=0] RX[0m: 2.11 Mpps, 17228 Mbit/s (17565 Mbit/s with framing)
[0;34m[Device: id=0] TX[0m: 2.11 Mpps, 17228 Mbit/s (17565 Mbit/s with framing)
[1;36m[Device: id=0] RX[0m: 2.11 Mpps, 17228 Mbit/s (17565 Mbit/s with framing)
[0;34m[Device: id=0] TX[0m: 2.11 Mpps, 17228 Mbit/s (17565 Mbit/s with framing)
[1;36m[Device: id=0] RX[0m: 2.10 Mpps, 17228 Mbit/s (17565 Mbit/s with framing)
[0;34m[Device: id=0] TX[0m: 2.11 Mpps, 17228 Mbit/s (17565 Mbit/s with framing)
[1;36m[Device: id=0] RX[0m: 2.11 Mpps, 17228 Mbit/s (17565 Mbit/s with framing)
[0;34m[Device: id=0] TX[0m: 2.11 Mpps, 17228 Mbit/s (17565 Mbit/s with framing)
[1;36m[Device: id=0] RX[0m: 2.10 Mpps, 17218 Mbit/s (17555 Mbit/s with framing)
[0;34m[Device: id=0] TX[0m: 2.10 Mpps, 17218 Mbit/s (17555 Mbit/s with framing)
[1;36m[Device: id=0] RX[0m: 2.11 Mpps, 17228 Mbit/s (17565 Mbit/s with framing)
[0;34m[Device: id=0] TX[0m: 2.11 Mpps, 17228 Mbit/s (17565 Mbit/s with framing)
[1;36m[Device: id=0] RX[0m: 2.11 Mpps, 17228 Mbit/s (17565 Mbit/s with framing)
[0;34m[Device: id=0] TX[0m: 2.11 Mpps, 17228 Mbit/s (17565 Mbit/s with framing)
[1;36m[Device: id=0] RX[0m: 2.11 Mpps, 17228 Mbit/s (17565 Mbit/s with framing)
[0;34m[Device: id=0] TX[0m: 2.11 Mpps, 17228 Mbit/s (17565 Mbit/s with framing)
Samples: 64066, Average: 13983.6 ns, StdDev: 2507.4 ns, Quartiles: 12342.0/13690.0/14984.0 ns
[1;37m[INFO]  Saving histogram to '/tmp/histogram.csv'[0m
[1;36m[Device: id=0] RX[0m: 1.70 Mpps, 13928 Mbit/s (14200 Mbit/s with framing)
[1;36m[Device: id=0] RX[0m: 2.09 (StdDev 0.07) Mpps, 17114 (StdDev 613) Mbit/s (17448 Mbit/s with framing), total 63062682 packets with 64514685204 bytes (incl. CRC)
[0;34m[Device: id=0] TX[0m: 2.11 (StdDev 0.00) Mpps, 17227 (StdDev 2) Mbit/s (17564 Mbit/s with framing), total 63062696 packets with 64514699392 bytes (incl. CRC)
