EAL: Detected CPU lcores: 24
EAL: Detected NUMA nodes: 1
EAL: Static memory layout is selected, amount of reserved memory can be adjusted with -m or --socket-mem
EAL: Detected shared linkage of DPDK
EAL: Multi-process socket /var/run/dpdk/rte/mp_socket
EAL: Selected IOVA mode 'PA'
EAL: 512 hugepages of size 2097152 reserved, but no mounted hugetlbfs found for that size
EAL: VFIO support initialized
EAL: Probe PCI driver: net_ice (8086:1592) device: 0000:51:00.0 (socket 0)
ice_load_pkg_type(): Active package is: 1.3.26.0, ICE OS Default Package (single VLAN mode)
TELEMETRY: No legacy callbacks, legacy socket not created
[1;33m[WARN]  malloc() allocates objects >= 1 MiB from LuaJIT memory space.[0m
[1;33m[WARN]  Install libjemalloc if you encounter out of memory errors.[0m
[1;37m[INFO]  Initializing DPDK. This will take a few seconds...[0m
[1;37m[INFO]  Found 1 usable devices:[0m
   Device 0: B4:96:91:B3:8B:04 ([0;32mIntel Corporation Ethernet Controller E810-C for QSFP[0m)
[1;37m[INFO]  Waiting for devices to come up...[0m
[1;37m[INFO]  Device 0 (B4:96:91:B3:8B:04) is up: full-duplex 100000 MBit/s[0m
[1;37m[INFO]  [0;32m1 device is up.[0m[0m
[1;36m[Device: id=0] RX[0m: 6.29 Mpps, 3223 Mbit/s (4230 Mbit/s with framing)
[0;34m[Device: id=0] TX[0m: 6.29 Mpps, 3223 Mbit/s (4230 Mbit/s with framing)
[1;36m[Device: id=0] RX[0m: 6.30 Mpps, 3224 Mbit/s (4231 Mbit/s with framing)
[0;34m[Device: id=0] TX[0m: 6.30 Mpps, 3224 Mbit/s (4231 Mbit/s with framing)
[1;36m[Device: id=0] RX[0m: 6.30 Mpps, 3224 Mbit/s (4231 Mbit/s with framing)
[0;34m[Device: id=0] TX[0m: 6.30 Mpps, 3224 Mbit/s (4231 Mbit/s with framing)
[1;36m[Device: id=0] RX[0m: 6.30 Mpps, 3224 Mbit/s (4231 Mbit/s with framing)
[0;34m[Device: id=0] TX[0m: 6.30 Mpps, 3224 Mbit/s (4231 Mbit/s with framing)
[1;36m[Device: id=0] RX[0m: 6.30 Mpps, 3224 Mbit/s (4231 Mbit/s with framing)
[0;34m[Device: id=0] TX[0m: 6.30 Mpps, 3224 Mbit/s (4231 Mbit/s with framing)
[1;36m[Device: id=0] RX[0m: 6.30 Mpps, 3224 Mbit/s (4231 Mbit/s with framing)
[0;34m[Device: id=0] TX[0m: 6.30 Mpps, 3224 Mbit/s (4231 Mbit/s with framing)
[1;36m[Device: id=0] RX[0m: 6.30 Mpps, 3224 Mbit/s (4231 Mbit/s with framing)
[0;34m[Device: id=0] TX[0m: 6.30 Mpps, 3224 Mbit/s (4231 Mbit/s with framing)
[1;36m[Device: id=0] RX[0m: 6.30 Mpps, 3224 Mbit/s (4231 Mbit/s with framing)
[0;34m[Device: id=0] TX[0m: 6.30 Mpps, 3224 Mbit/s (4231 Mbit/s with framing)
[1;36m[Device: id=0] RX[0m: 6.30 Mpps, 3224 Mbit/s (4231 Mbit/s with framing)
[0;34m[Device: id=0] TX[0m: 6.30 Mpps, 3224 Mbit/s (4231 Mbit/s with framing)
[1;36m[Device: id=0] RX[0m: 6.30 Mpps, 3224 Mbit/s (4231 Mbit/s with framing)
[0;34m[Device: id=0] TX[0m: 6.30 Mpps, 3224 Mbit/s (4231 Mbit/s with framing)
[1;36m[Device: id=0] RX[0m: 6.30 Mpps, 3224 Mbit/s (4231 Mbit/s with framing)
[0;34m[Device: id=0] TX[0m: 6.30 Mpps, 3224 Mbit/s (4231 Mbit/s with framing)
[1;36m[Device: id=0] RX[0m: 6.30 Mpps, 3224 Mbit/s (4231 Mbit/s with framing)
[0;34m[Device: id=0] TX[0m: 6.30 Mpps, 3224 Mbit/s (4231 Mbit/s with framing)
[1;36m[Device: id=0] RX[0m: 6.29 Mpps, 3221 Mbit/s (4228 Mbit/s with framing)
[0;34m[Device: id=0] TX[0m: 6.29 Mpps, 3221 Mbit/s (4228 Mbit/s with framing)
[1;36m[Device: id=0] RX[0m: 6.30 Mpps, 3224 Mbit/s (4231 Mbit/s with framing)
[0;34m[Device: id=0] TX[0m: 6.30 Mpps, 3224 Mbit/s (4231 Mbit/s with framing)
[1;36m[Device: id=0] RX[0m: 6.30 Mpps, 3224 Mbit/s (4231 Mbit/s with framing)
[0;34m[Device: id=0] TX[0m: 6.30 Mpps, 3224 Mbit/s (4231 Mbit/s with framing)
[1;36m[Device: id=0] RX[0m: 6.30 Mpps, 3224 Mbit/s (4231 Mbit/s with framing)
[0;34m[Device: id=0] TX[0m: 6.30 Mpps, 3224 Mbit/s (4231 Mbit/s with framing)
[1;36m[Device: id=0] RX[0m: 6.30 Mpps, 3224 Mbit/s (4231 Mbit/s with framing)
[0;34m[Device: id=0] TX[0m: 6.30 Mpps, 3224 Mbit/s (4231 Mbit/s with framing)
[1;36m[Device: id=0] RX[0m: 6.30 Mpps, 3224 Mbit/s (4231 Mbit/s with framing)
[0;34m[Device: id=0] TX[0m: 6.30 Mpps, 3224 Mbit/s (4231 Mbit/s with framing)
[1;36m[Device: id=0] RX[0m: 6.30 Mpps, 3224 Mbit/s (4231 Mbit/s with framing)
[0;34m[Device: id=0] TX[0m: 6.30 Mpps, 3224 Mbit/s (4231 Mbit/s with framing)
[1;36m[Device: id=0] RX[0m: 6.30 Mpps, 3224 Mbit/s (4231 Mbit/s with framing)
[0;34m[Device: id=0] TX[0m: 6.30 Mpps, 3224 Mbit/s (4231 Mbit/s with framing)
[1;36m[Device: id=0] RX[0m: 6.30 Mpps, 3224 Mbit/s (4231 Mbit/s with framing)
[0;34m[Device: id=0] TX[0m: 6.30 Mpps, 3224 Mbit/s (4231 Mbit/s with framing)
[1;36m[Device: id=0] RX[0m: 6.30 Mpps, 3224 Mbit/s (4231 Mbit/s with framing)
[0;34m[Device: id=0] TX[0m: 6.30 Mpps, 3224 Mbit/s (4231 Mbit/s with framing)
[1;36m[Device: id=0] RX[0m: 6.30 Mpps, 3224 Mbit/s (4231 Mbit/s with framing)
[0;34m[Device: id=0] TX[0m: 6.30 Mpps, 3224 Mbit/s (4231 Mbit/s with framing)
[1;36m[Device: id=0] RX[0m: 6.30 Mpps, 3224 Mbit/s (4231 Mbit/s with framing)
[0;34m[Device: id=0] TX[0m: 6.30 Mpps, 3224 Mbit/s (4231 Mbit/s with framing)
[1;36m[Device: id=0] RX[0m: 6.30 Mpps, 3224 Mbit/s (4231 Mbit/s with framing)
[0;34m[Device: id=0] TX[0m: 6.30 Mpps, 3224 Mbit/s (4231 Mbit/s with framing)
[1;36m[Device: id=0] RX[0m: 6.30 Mpps, 3224 Mbit/s (4231 Mbit/s with framing)
[0;34m[Device: id=0] TX[0m: 6.30 Mpps, 3224 Mbit/s (4231 Mbit/s with framing)
[1;36m[Device: id=0] RX[0m: 6.30 Mpps, 3224 Mbit/s (4231 Mbit/s with framing)
[0;34m[Device: id=0] TX[0m: 6.30 Mpps, 3224 Mbit/s (4231 Mbit/s with framing)
[1;36m[Device: id=0] RX[0m: 6.30 Mpps, 3224 Mbit/s (4231 Mbit/s with framing)
[0;34m[Device: id=0] TX[0m: 6.30 Mpps, 3224 Mbit/s (4231 Mbit/s with framing)
[1;36m[Device: id=0] RX[0m: 6.30 Mpps, 3224 Mbit/s (4231 Mbit/s with framing)
[0;34m[Device: id=0] TX[0m: 6.30 Mpps, 3224 Mbit/s (4231 Mbit/s with framing)
Samples: 63827, Average: 9917.7 ns, StdDev: 1232.5 ns, Quartiles: 9037.0/9687.0/10581.0 ns
[1;37m[INFO]  Saving histogram to '/tmp/histogram.csv'[0m
[1;36m[Device: id=0] RX[0m: 5.09 Mpps, 2607 Mbit/s (3421 Mbit/s with framing)
[1;36m[Device: id=0] RX[0m: 6.25 (StdDev 0.22) Mpps, 3202 (StdDev 115) Mbit/s (4203 Mbit/s with framing), total 188622709 packets with 12071853588 bytes (incl. CRC)
[0;34m[Device: id=0] TX[0m: 6.30 (StdDev 0.00) Mpps, 3224 (StdDev 1) Mbit/s (4231 Mbit/s with framing), total 188622804 packets with 12071859456 bytes (incl. CRC)
