EAL: Detected CPU lcores: 24
EAL: Detected NUMA nodes: 1
EAL: Static memory layout is selected, amount of reserved memory can be adjusted with -m or --socket-mem
EAL: Detected shared linkage of DPDK
EAL: Multi-process socket /var/run/dpdk/rte/mp_socket
EAL: Selected IOVA mode 'PA'
EAL: 512 hugepages of size 2097152 reserved, but no mounted hugetlbfs found for that size
EAL: VFIO support initialized
EAL: Probe PCI driver: net_ice (8086:1592) device: 0000:51:00.0 (socket 0)
ice_load_pkg_type(): Active package is: 1.3.26.0, ICE OS Default Package (single VLAN mode)
TELEMETRY: No legacy callbacks, legacy socket not created
[1;33m[WARN]  malloc() allocates objects >= 1 MiB from LuaJIT memory space.[0m
[1;33m[WARN]  Install libjemalloc if you encounter out of memory errors.[0m
[1;37m[INFO]  Initializing DPDK. This will take a few seconds...[0m
[1;37m[INFO]  Found 1 usable devices:[0m
   Device 0: B4:96:91:B3:8B:04 ([0;32mIntel Corporation Ethernet Controller E810-C for QSFP[0m)
[1;37m[INFO]  Waiting for devices to come up...[0m
[1;37m[INFO]  Device 0 (B4:96:91:B3:8B:04) is up: full-duplex 100000 MBit/s[0m
[1;37m[INFO]  [0;32m1 device is up.[0m[0m
[1;36m[Device: id=0] RX[0m: 2.89 Mpps, 2955 Mbit/s (3417 Mbit/s with framing)
[0;34m[Device: id=0] TX[0m: 8.41 Mpps, 8613 Mbit/s (9959 Mbit/s with framing)
[1;36m[Device: id=0] RX[0m: 2.89 Mpps, 2956 Mbit/s (3418 Mbit/s with framing)
[0;34m[Device: id=0] TX[0m: 8.41 Mpps, 8613 Mbit/s (9959 Mbit/s with framing)
[1;36m[Device: id=0] RX[0m: 2.89 Mpps, 2961 Mbit/s (3423 Mbit/s with framing)
[0;34m[Device: id=0] TX[0m: 8.41 Mpps, 8613 Mbit/s (9959 Mbit/s with framing)
[1;36m[Device: id=0] RX[0m: 2.89 Mpps, 2963 Mbit/s (3426 Mbit/s with framing)
[0;34m[Device: id=0] TX[0m: 8.41 Mpps, 8613 Mbit/s (9959 Mbit/s with framing)
[1;36m[Device: id=0] RX[0m: 2.89 Mpps, 2961 Mbit/s (3424 Mbit/s with framing)
[0;34m[Device: id=0] TX[0m: 8.41 Mpps, 8613 Mbit/s (9959 Mbit/s with framing)
[1;36m[Device: id=0] RX[0m: 2.89 Mpps, 2963 Mbit/s (3426 Mbit/s with framing)
[0;34m[Device: id=0] TX[0m: 8.41 Mpps, 8613 Mbit/s (9959 Mbit/s with framing)
[1;36m[Device: id=0] RX[0m: 2.89 Mpps, 2957 Mbit/s (3419 Mbit/s with framing)
[0;34m[Device: id=0] TX[0m: 8.41 Mpps, 8613 Mbit/s (9959 Mbit/s with framing)
[1;36m[Device: id=0] RX[0m: 2.90 Mpps, 2965 Mbit/s (3429 Mbit/s with framing)
[0;34m[Device: id=0] TX[0m: 8.41 Mpps, 8613 Mbit/s (9959 Mbit/s with framing)
[1;36m[Device: id=0] RX[0m: 2.89 Mpps, 2964 Mbit/s (3427 Mbit/s with framing)
[0;34m[Device: id=0] TX[0m: 8.41 Mpps, 8613 Mbit/s (9959 Mbit/s with framing)
[1;36m[Device: id=0] RX[0m: 2.90 Mpps, 2966 Mbit/s (3430 Mbit/s with framing)
[0;34m[Device: id=0] TX[0m: 8.41 Mpps, 8613 Mbit/s (9959 Mbit/s with framing)
[1;36m[Device: id=0] RX[0m: 2.88 Mpps, 2952 Mbit/s (3414 Mbit/s with framing)
[0;34m[Device: id=0] TX[0m: 8.40 Mpps, 8606 Mbit/s (9950 Mbit/s with framing)
[1;36m[Device: id=0] RX[0m: 2.88 Mpps, 2952 Mbit/s (3413 Mbit/s with framing)
[0;34m[Device: id=0] TX[0m: 8.41 Mpps, 8613 Mbit/s (9959 Mbit/s with framing)
[1;36m[Device: id=0] RX[0m: 2.88 Mpps, 2951 Mbit/s (3412 Mbit/s with framing)
[0;34m[Device: id=0] TX[0m: 8.41 Mpps, 8613 Mbit/s (9959 Mbit/s with framing)
[1;36m[Device: id=0] RX[0m: 2.89 Mpps, 2961 Mbit/s (3424 Mbit/s with framing)
[0;34m[Device: id=0] TX[0m: 8.41 Mpps, 8613 Mbit/s (9959 Mbit/s with framing)
[1;36m[Device: id=0] RX[0m: 2.89 Mpps, 2963 Mbit/s (3426 Mbit/s with framing)
[0;34m[Device: id=0] TX[0m: 8.41 Mpps, 8613 Mbit/s (9959 Mbit/s with framing)
[1;36m[Device: id=0] RX[0m: 2.89 Mpps, 2964 Mbit/s (3427 Mbit/s with framing)
[0;34m[Device: id=0] TX[0m: 8.41 Mpps, 8613 Mbit/s (9959 Mbit/s with framing)
[1;36m[Device: id=0] RX[0m: 2.89 Mpps, 2959 Mbit/s (3421 Mbit/s with framing)
[0;34m[Device: id=0] TX[0m: 8.41 Mpps, 8613 Mbit/s (9959 Mbit/s with framing)
[1;36m[Device: id=0] RX[0m: 2.89 Mpps, 2960 Mbit/s (3423 Mbit/s with framing)
[0;34m[Device: id=0] TX[0m: 8.41 Mpps, 8613 Mbit/s (9959 Mbit/s with framing)
[1;36m[Device: id=0] RX[0m: 2.89 Mpps, 2961 Mbit/s (3424 Mbit/s with framing)
[0;34m[Device: id=0] TX[0m: 8.41 Mpps, 8613 Mbit/s (9959 Mbit/s with framing)
[1;36m[Device: id=0] RX[0m: 2.89 Mpps, 2962 Mbit/s (3425 Mbit/s with framing)
[0;34m[Device: id=0] TX[0m: 8.41 Mpps, 8613 Mbit/s (9959 Mbit/s with framing)
[1;36m[Device: id=0] RX[0m: 2.89 Mpps, 2962 Mbit/s (3425 Mbit/s with framing)
[0;34m[Device: id=0] TX[0m: 8.41 Mpps, 8613 Mbit/s (9959 Mbit/s with framing)
[1;36m[Device: id=0] RX[0m: 2.89 Mpps, 2961 Mbit/s (3423 Mbit/s with framing)
[0;34m[Device: id=0] TX[0m: 8.41 Mpps, 8613 Mbit/s (9959 Mbit/s with framing)
[1;36m[Device: id=0] RX[0m: 2.89 Mpps, 2962 Mbit/s (3424 Mbit/s with framing)
[0;34m[Device: id=0] TX[0m: 8.41 Mpps, 8613 Mbit/s (9959 Mbit/s with framing)
[1;36m[Device: id=0] RX[0m: 2.89 Mpps, 2961 Mbit/s (3424 Mbit/s with framing)
[0;34m[Device: id=0] TX[0m: 8.41 Mpps, 8613 Mbit/s (9959 Mbit/s with framing)
[1;36m[Device: id=0] RX[0m: 2.89 Mpps, 2962 Mbit/s (3425 Mbit/s with framing)
[0;34m[Device: id=0] TX[0m: 8.41 Mpps, 8613 Mbit/s (9959 Mbit/s with framing)
[1;36m[Device: id=0] RX[0m: 2.89 Mpps, 2961 Mbit/s (3424 Mbit/s with framing)
[0;34m[Device: id=0] TX[0m: 8.41 Mpps, 8613 Mbit/s (9959 Mbit/s with framing)
[1;36m[Device: id=0] RX[0m: 2.89 Mpps, 2959 Mbit/s (3421 Mbit/s with framing)
[0;34m[Device: id=0] TX[0m: 8.41 Mpps, 8613 Mbit/s (9959 Mbit/s with framing)
[1;36m[Device: id=0] RX[0m: 2.90 Mpps, 2966 Mbit/s (3429 Mbit/s with framing)
[0;34m[Device: id=0] TX[0m: 8.41 Mpps, 8613 Mbit/s (9959 Mbit/s with framing)
[1;36m[Device: id=0] RX[0m: 2.89 Mpps, 2964 Mbit/s (3428 Mbit/s with framing)
[0;34m[Device: id=0] TX[0m: 8.41 Mpps, 8613 Mbit/s (9959 Mbit/s with framing)
Samples: 776, Average: 699231.1 ns, StdDev: 7389.2 ns, Quartiles: 694301.0/699053.0/703434.0 ns
[1;37m[INFO]  Saving histogram to '/tmp/histogram.csv'[0m
[1;36m[Device: id=0] RX[0m: 2.38 Mpps, 2433 Mbit/s (2813 Mbit/s with framing)
[1;36m[Device: id=0] RX[0m: 2.87 (StdDev 0.10) Mpps, 2943 (StdDev 98) Mbit/s (3402 Mbit/s with framing), total 86645387 packets with 11090560222 bytes (incl. CRC)
[0;34m[Device: id=0] TX[0m: 8.41 (StdDev 0.00) Mpps, 8613 (StdDev 1) Mbit/s (9959 Mbit/s with framing), total 252065078 packets with 32264190464 bytes (incl. CRC)
