EAL: Detected CPU lcores: 24
EAL: Detected NUMA nodes: 1
EAL: Static memory layout is selected, amount of reserved memory can be adjusted with -m or --socket-mem
EAL: Detected shared linkage of DPDK
EAL: Multi-process socket /var/run/dpdk/rte/mp_socket
EAL: Selected IOVA mode 'PA'
EAL: 512 hugepages of size 2097152 reserved, but no mounted hugetlbfs found for that size
EAL: VFIO support initialized
EAL: Probe PCI driver: net_ice (8086:1592) device: 0000:51:00.0 (socket 0)
ice_load_pkg_type(): Active package is: 1.3.26.0, ICE OS Default Package (single VLAN mode)
TELEMETRY: No legacy callbacks, legacy socket not created
[1;33m[WARN]  malloc() allocates objects >= 1 MiB from LuaJIT memory space.[0m
[1;33m[WARN]  Install libjemalloc if you encounter out of memory errors.[0m
[1;37m[INFO]  Initializing DPDK. This will take a few seconds...[0m
[1;37m[INFO]  Found 1 usable devices:[0m
   Device 0: B4:96:91:B3:8B:04 ([0;32mIntel Corporation Ethernet Controller E810-C for QSFP[0m)
[1;37m[INFO]  Waiting for devices to come up...[0m
[1;37m[INFO]  Device 0 (B4:96:91:B3:8B:04) is up: full-duplex 100000 MBit/s[0m
[1;37m[INFO]  [0;32m1 device is up.[0m[0m
[1;36m[Device: id=0] RX[0m: 18.88 Mpps, 9666 Mbit/s (12687 Mbit/s with framing)
[0;34m[Device: id=0] TX[0m: 18.88 Mpps, 9668 Mbit/s (12689 Mbit/s with framing)
[1;36m[Device: id=0] RX[0m: 18.88 Mpps, 9669 Mbit/s (12690 Mbit/s with framing)
[0;34m[Device: id=0] TX[0m: 18.88 Mpps, 9669 Mbit/s (12690 Mbit/s with framing)
[1;36m[Device: id=0] RX[0m: 18.88 Mpps, 9669 Mbit/s (12690 Mbit/s with framing)
[0;34m[Device: id=0] TX[0m: 18.88 Mpps, 9669 Mbit/s (12690 Mbit/s with framing)
[1;36m[Device: id=0] RX[0m: 18.88 Mpps, 9669 Mbit/s (12690 Mbit/s with framing)
[0;34m[Device: id=0] TX[0m: 18.88 Mpps, 9669 Mbit/s (12690 Mbit/s with framing)
[1;36m[Device: id=0] RX[0m: 18.88 Mpps, 9669 Mbit/s (12690 Mbit/s with framing)
[0;34m[Device: id=0] TX[0m: 18.88 Mpps, 9669 Mbit/s (12690 Mbit/s with framing)
[1;36m[Device: id=0] RX[0m: 18.88 Mpps, 9669 Mbit/s (12690 Mbit/s with framing)
[0;34m[Device: id=0] TX[0m: 18.88 Mpps, 9669 Mbit/s (12690 Mbit/s with framing)
[1;36m[Device: id=0] RX[0m: 18.88 Mpps, 9669 Mbit/s (12690 Mbit/s with framing)
[0;34m[Device: id=0] TX[0m: 18.88 Mpps, 9669 Mbit/s (12690 Mbit/s with framing)
[1;36m[Device: id=0] RX[0m: 18.88 Mpps, 9669 Mbit/s (12690 Mbit/s with framing)
[0;34m[Device: id=0] TX[0m: 18.88 Mpps, 9669 Mbit/s (12690 Mbit/s with framing)
[1;36m[Device: id=0] RX[0m: 18.88 Mpps, 9669 Mbit/s (12690 Mbit/s with framing)
[0;34m[Device: id=0] TX[0m: 18.88 Mpps, 9669 Mbit/s (12690 Mbit/s with framing)
[1;36m[Device: id=0] RX[0m: 18.88 Mpps, 9669 Mbit/s (12690 Mbit/s with framing)
[0;34m[Device: id=0] TX[0m: 18.88 Mpps, 9669 Mbit/s (12690 Mbit/s with framing)
[1;36m[Device: id=0] RX[0m: 18.88 Mpps, 9669 Mbit/s (12690 Mbit/s with framing)
[0;34m[Device: id=0] TX[0m: 18.88 Mpps, 9669 Mbit/s (12690 Mbit/s with framing)
[1;36m[Device: id=0] RX[0m: 18.88 Mpps, 9667 Mbit/s (12689 Mbit/s with framing)
[0;34m[Device: id=0] TX[0m: 18.88 Mpps, 9669 Mbit/s (12690 Mbit/s with framing)
[1;36m[Device: id=0] RX[0m: 18.88 Mpps, 9669 Mbit/s (12690 Mbit/s with framing)
[0;34m[Device: id=0] TX[0m: 18.88 Mpps, 9669 Mbit/s (12690 Mbit/s with framing)
[1;36m[Device: id=0] RX[0m: 18.88 Mpps, 9668 Mbit/s (12690 Mbit/s with framing)
[0;34m[Device: id=0] TX[0m: 18.88 Mpps, 9669 Mbit/s (12690 Mbit/s with framing)
[1;36m[Device: id=0] RX[0m: 18.88 Mpps, 9669 Mbit/s (12690 Mbit/s with framing)
[0;34m[Device: id=0] TX[0m: 18.88 Mpps, 9669 Mbit/s (12690 Mbit/s with framing)
[1;36m[Device: id=0] RX[0m: 18.88 Mpps, 9669 Mbit/s (12690 Mbit/s with framing)
[0;34m[Device: id=0] TX[0m: 18.88 Mpps, 9669 Mbit/s (12690 Mbit/s with framing)
[1;36m[Device: id=0] RX[0m: 18.88 Mpps, 9669 Mbit/s (12690 Mbit/s with framing)
[0;34m[Device: id=0] TX[0m: 18.88 Mpps, 9669 Mbit/s (12690 Mbit/s with framing)
[1;36m[Device: id=0] RX[0m: 18.88 Mpps, 9668 Mbit/s (12690 Mbit/s with framing)
[0;34m[Device: id=0] TX[0m: 18.88 Mpps, 9669 Mbit/s (12690 Mbit/s with framing)
[1;36m[Device: id=0] RX[0m: 18.88 Mpps, 9669 Mbit/s (12690 Mbit/s with framing)
[0;34m[Device: id=0] TX[0m: 18.88 Mpps, 9669 Mbit/s (12690 Mbit/s with framing)
[1;36m[Device: id=0] RX[0m: 18.88 Mpps, 9664 Mbit/s (12684 Mbit/s with framing)
[0;34m[Device: id=0] TX[0m: 18.88 Mpps, 9669 Mbit/s (12690 Mbit/s with framing)
[1;36m[Device: id=0] RX[0m: 18.88 Mpps, 9669 Mbit/s (12690 Mbit/s with framing)
[0;34m[Device: id=0] TX[0m: 18.88 Mpps, 9669 Mbit/s (12690 Mbit/s with framing)
[1;36m[Device: id=0] RX[0m: 18.88 Mpps, 9664 Mbit/s (12684 Mbit/s with framing)
[0;34m[Device: id=0] TX[0m: 18.88 Mpps, 9669 Mbit/s (12690 Mbit/s with framing)
[1;36m[Device: id=0] RX[0m: 18.88 Mpps, 9669 Mbit/s (12690 Mbit/s with framing)
[0;34m[Device: id=0] TX[0m: 18.88 Mpps, 9669 Mbit/s (12690 Mbit/s with framing)
[1;36m[Device: id=0] RX[0m: 18.88 Mpps, 9669 Mbit/s (12690 Mbit/s with framing)
[0;34m[Device: id=0] TX[0m: 18.88 Mpps, 9669 Mbit/s (12690 Mbit/s with framing)
[1;36m[Device: id=0] RX[0m: 18.88 Mpps, 9669 Mbit/s (12690 Mbit/s with framing)
[0;34m[Device: id=0] TX[0m: 18.88 Mpps, 9669 Mbit/s (12690 Mbit/s with framing)
[1;36m[Device: id=0] RX[0m: 18.88 Mpps, 9669 Mbit/s (12690 Mbit/s with framing)
[0;34m[Device: id=0] TX[0m: 18.88 Mpps, 9669 Mbit/s (12690 Mbit/s with framing)
[1;36m[Device: id=0] RX[0m: 18.88 Mpps, 9669 Mbit/s (12690 Mbit/s with framing)
[0;34m[Device: id=0] TX[0m: 18.88 Mpps, 9669 Mbit/s (12690 Mbit/s with framing)
[1;36m[Device: id=0] RX[0m: 18.88 Mpps, 9668 Mbit/s (12690 Mbit/s with framing)
[0;34m[Device: id=0] TX[0m: 18.88 Mpps, 9669 Mbit/s (12690 Mbit/s with framing)
[1;36m[Device: id=0] RX[0m: 18.88 Mpps, 9669 Mbit/s (12690 Mbit/s with framing)
[0;34m[Device: id=0] TX[0m: 18.88 Mpps, 9669 Mbit/s (12690 Mbit/s with framing)
Samples: 63882, Average: 11465.1 ns, StdDev: 2437.6 ns, Quartiles: 10237.0/10982.0/11758.0 ns
[1;37m[INFO]  Saving histogram to '/tmp/histogram.csv'[0m
[1;36m[Device: id=0] RX[0m: 15.24 Mpps, 7805 Mbit/s (10244 Mbit/s with framing)
[1;36m[Device: id=0] RX[0m: 18.76 (StdDev 0.68) Mpps, 9604 (StdDev 346) Mbit/s (12605 Mbit/s with framing), total 565780288 packets with 36209938516 bytes (incl. CRC)
[0;34m[Device: id=0] TX[0m: 18.88 (StdDev 0.00) Mpps, 9669 (StdDev 0) Mbit/s (12690 Mbit/s with framing), total 565814290 packets with 36212115584 bytes (incl. CRC)
