/nix/store/2vwkssqpzykk37r996cafq7x63imf4sp-openjdk-21+35/bin/java  -classpath /nix/store/zw02np72fzsmga6s5mphhw7x8qlzf4sv-ycsb-0.17.0/share/conf:/nix/store/zw02np72fzsmga6s5mphhw7x8qlzf4sv-ycsb-0.17.0/share/lib/core-0.17.0.jar:/nix/store/zw02np72fzsmga6s5mphhw7x8qlzf4sv-ycsb-0.17.0/share/lib/HdrHistogram-2.1.4.jar:/nix/store/zw02np72fzsmga6s5mphhw7x8qlzf4sv-ycsb-0.17.0/share/lib/htrace-core4-4.1.0-incubating.jar:/nix/store/zw02np72fzsmga6s5mphhw7x8qlzf4sv-ycsb-0.17.0/share/lib/jackson-core-asl-1.9.4.jar:/nix/store/zw02np72fzsmga6s5mphhw7x8qlzf4sv-ycsb-0.17.0/share/lib/jackson-mapper-asl-1.9.4.jar:/nix/store/zw02np72fzsmga6s5mphhw7x8qlzf4sv-ycsb-0.17.0/share/redis-binding/lib/commons-pool2-2.4.2.jar:/nix/store/zw02np72fzsmga6s5mphhw7x8qlzf4sv-ycsb-0.17.0/share/redis-binding/lib/jedis-2.9.0.jar:/nix/store/zw02np72fzsmga6s5mphhw7x8qlzf4sv-ycsb-0.17.0/share/redis-binding/lib/redis-binding-0.17.0.jar site.ycsb.Client -t -db site.ycsb.db.RedisClient -s -P /home/host/vmuxIO/test/moonprogs//../../ycsb/share/workloads/workloada -p redis.host=10.1.0.2 -p redis.port=6379 -p operationcount=429496729 -p maxexecutiontime=61 -threads 1
Command line: -t -db site.ycsb.db.RedisClient -s -P /home/host/vmuxIO/test/moonprogs//../../ycsb/share/workloads/workloada -p redis.host=10.1.0.2 -p redis.port=6379 -p operationcount=429496729 -p maxexecutiontime=61 -threads 1
YCSB Client 0.17.0

Loading workload...
Starting test.
Maximum execution time specified as: 61 secs
DBWrapper: report latency for each error is false and specific error codes to track for latency are: []
2024-06-19 17:10:02:819 0 sec: 0 operations; est completion in 0 second 
2024-06-19 17:10:12:638 10 sec: 74348 operations; 7434.06 current ops/sec; est completion in 16 hours 2 minutes [READ: Count=37024, Max=17391, Min=93, Avg=129.49, 90=149, 99=204, 99.9=697, 99.99=3639] [UPDATE: Count=37353, Max=25951, Min=90, Avg=127.72, 90=146, 99=211, 99.9=871, 99.99=4199] 
2024-06-19 17:10:22:638 20 sec: 151206 operations; 7685.8 current ops/sec; est completion in 15 hours 46 minutes [READ: Count=38846, Max=5031, Min=92, Avg=130.25, 90=150, 99=209, 99.9=322, 99.99=992] [UPDATE: Count=37983, Max=1291, Min=88, Avg=125.53, 90=146, 99=206, 99.9=294, 99.99=681] 
2024-06-19 17:10:32:638 30 sec: 230280 operations; 7908.19 current ops/sec; est completion in 15 hours 32 minutes [READ: Count=39782, Max=4167, Min=93, Avg=126.85, 90=143, 99=197, 99.9=323, 99.99=1371] [UPDATE: Count=39292, Max=8799, Min=91, Avg=122.62, 90=139, 99=206, 99.9=311, 99.99=1307] 
2024-06-19 17:10:42:638 40 sec: 316946 operations; 8666.6 current ops/sec; est completion in 15 hours 2 minutes [READ: Count=43346, Max=7051, Min=81, Avg=115.66, 90=138, 99=174, 99.9=266, 99.99=968] [UPDATE: Count=43320, Max=4435, Min=80, Avg=112.31, 90=134, 99=174, 99.9=261, 99.99=630] 
2024-06-19 17:10:52:638 50 sec: 405856 operations; 8891 current ops/sec; est completion in 14 hours 41 minutes [READ: Count=44396, Max=2519, Min=80, Avg=112.33, 90=134, 99=173, 99.9=275, 99.99=657] [UPDATE: Count=44514, Max=7627, Min=78, Avg=109.87, 90=131, 99=172, 99.9=260, 99.99=486] 
2024-06-19 17:11:02:638 60 sec: 490953 operations; 8509.7 current ops/sec; est completion in 14 hours 33 minutes [READ: Count=42702, Max=5007, Min=82, Avg=117.17, 90=139, 99=179, 99.9=361, 99.99=894] [UPDATE: Count=42395, Max=4507, Min=74, Avg=114.58, 90=136, 99=174, 99.9=310, 99.99=1238] 
Maximum time elapsed. Requesting stop for the workload.
Stop requested for workload. Now Joining!
2024-06-19 17:11:03:651 61 sec: 499850 operations; 8774.16 current ops/sec; est completion in 14 hours 32 minutes [READ: Count=4380, Max=1218, Min=83, Avg=113.21, 90=141, 99=177, 99.9=425, 99.99=1218] [CLEANUP: Count=1, Max=936, Min=936, Avg=936, 90=936, 99=936, 99.9=936, 99.99=936] [UPDATE: Count=4517, Max=6547, Min=80, Avg=111.04, 90=138, 99=171, 99.9=225, 99.99=6547] 
[OVERALL], RunTime(ms), 61018
[OVERALL], Throughput(ops/sec), 8191.845029335606
[TOTAL_GCS_Copy], Count, 46
[TOTAL_GC_TIME_Copy], Time(ms), 32
[TOTAL_GC_TIME_%_Copy], Time(%), 0.05244354125012291
[TOTAL_GCS_MarkSweepCompact], Count, 0
[TOTAL_GC_TIME_MarkSweepCompact], Time(ms), 0
[TOTAL_GC_TIME_%_MarkSweepCompact], Time(%), 0.0
[TOTAL_GCs], Count, 46
[TOTAL_GC_TIME], Time(ms), 32
[TOTAL_GC_TIME_%], Time(%), 0.05244354125012291
[READ], Operations, 250476
[READ], AverageLatency(us), 121.36659001261597
[READ], MinLatency(us), 80
[READ], MaxLatency(us), 17391
[READ], 95thPercentileLatency(us), 153
[READ], 99thPercentileLatency(us), 191
[READ], Return=OK, 250476
[CLEANUP], Operations, 1
[CLEANUP], AverageLatency(us), 936.0
[CLEANUP], MinLatency(us), 936
[CLEANUP], MaxLatency(us), 936
[CLEANUP], 95thPercentileLatency(us), 936
[CLEANUP], 99thPercentileLatency(us), 936
[UPDATE], Operations, 249374
[UPDATE], AverageLatency(us), 118.18444585241444
[UPDATE], MinLatency(us), 74
[UPDATE], MaxLatency(us), 25951
[UPDATE], 95thPercentileLatency(us), 150
[UPDATE], 99thPercentileLatency(us), 189
[UPDATE], Return=OK, 249374
AUTOTEST_DONE
