/nix/store/2vwkssqpzykk37r996cafq7x63imf4sp-openjdk-21+35/bin/java  -classpath /nix/store/zw02np72fzsmga6s5mphhw7x8qlzf4sv-ycsb-0.17.0/share/conf:/nix/store/zw02np72fzsmga6s5mphhw7x8qlzf4sv-ycsb-0.17.0/share/lib/core-0.17.0.jar:/nix/store/zw02np72fzsmga6s5mphhw7x8qlzf4sv-ycsb-0.17.0/share/lib/HdrHistogram-2.1.4.jar:/nix/store/zw02np72fzsmga6s5mphhw7x8qlzf4sv-ycsb-0.17.0/share/lib/htrace-core4-4.1.0-incubating.jar:/nix/store/zw02np72fzsmga6s5mphhw7x8qlzf4sv-ycsb-0.17.0/share/lib/jackson-core-asl-1.9.4.jar:/nix/store/zw02np72fzsmga6s5mphhw7x8qlzf4sv-ycsb-0.17.0/share/lib/jackson-mapper-asl-1.9.4.jar:/nix/store/zw02np72fzsmga6s5mphhw7x8qlzf4sv-ycsb-0.17.0/share/redis-binding/lib/commons-pool2-2.4.2.jar:/nix/store/zw02np72fzsmga6s5mphhw7x8qlzf4sv-ycsb-0.17.0/share/redis-binding/lib/jedis-2.9.0.jar:/nix/store/zw02np72fzsmga6s5mphhw7x8qlzf4sv-ycsb-0.17.0/share/redis-binding/lib/redis-binding-0.17.0.jar site.ycsb.Client -t -db site.ycsb.db.RedisClient -s -P /home/host/vmuxIO/test/moonprogs//../../ycsb/share/workloads/workloada -p redis.host=10.1.0.2 -p redis.port=6379 -p operationcount=429496729 -p maxexecutiontime=61 -threads 1
Command line: -t -db site.ycsb.db.RedisClient -s -P /home/host/vmuxIO/test/moonprogs//../../ycsb/share/workloads/workloada -p redis.host=10.1.0.2 -p redis.port=6379 -p operationcount=429496729 -p maxexecutiontime=61 -threads 1
YCSB Client 0.17.0

Loading workload...
Starting test.
Maximum execution time specified as: 61 secs
DBWrapper: report latency for each error is false and specific error codes to track for latency are: []
2024-06-30 00:47:19:910 0 sec: 0 operations; est completion in 0 second 
2024-06-30 00:47:29:752 10 sec: 84866 operations; 8486.6 current ops/sec; est completion in 14 hours 3 minutes [READ: Count=42510, Max=19151, Min=88, Avg=114.58, 90=125, 99=152, 99.9=653, 99.99=4655] [UPDATE: Count=42362, Max=22687, Min=85, Avg=111.13, 90=121, 99=156, 99.9=901, 99.99=3857] 
2024-06-30 00:47:39:751 20 sec: 176644 operations; 9177.8 current ops/sec; est completion in 13 hours 30 minutes [READ: Count=45821, Max=8559, Min=92, Avg=109.31, 90=118, 99=132, 99.9=157, 99.99=490] [UPDATE: Count=45951, Max=1200, Min=89, Avg=105.32, 90=114, 99=128, 99.9=150, 99.99=433] 
2024-06-30 00:47:49:751 30 sec: 266638 operations; 8999.4 current ops/sec; est completion in 13 hours 24 minutes [READ: Count=45206, Max=4607, Min=87, Avg=111.46, 90=122, 99=141, 99.9=209, 99.99=501] [UPDATE: Count=44788, Max=734, Min=84, Avg=107.68, 90=119, 99=135, 99.9=173, 99.99=413] 
2024-06-30 00:47:59:752 40 sec: 361655 operations; 9501.7 current ops/sec; est completion in 13 hours 11 minutes [READ: Count=47471, Max=850, Min=86, Avg=105.35, 90=116, 99=132, 99.9=168, 99.99=465] [UPDATE: Count=47546, Max=9439, Min=84, Avg=102.12, 90=112, 99=128, 99.9=169, 99.99=455] 
2024-06-30 00:48:09:751 50 sec: 453667 operations; 9201.2 current ops/sec; est completion in 13 hours 8 minutes [READ: Count=46041, Max=855, Min=95, Avg=108.86, 90=117, 99=132, 99.9=160, 99.99=391] [UPDATE: Count=45971, Max=5611, Min=92, Avg=105.52, 90=114, 99=127, 99.9=151, 99.99=328] 
2024-06-30 00:48:19:751 60 sec: 543974 operations; 9030.7 current ops/sec; est completion in 13 hours 8 minutes [READ: Count=45032, Max=7303, Min=92, Avg=111.28, 90=122, 99=139, 99.9=212, 99.99=477] [UPDATE: Count=45275, Max=674, Min=89, Avg=107.03, 90=118, 99=136, 99.9=179, 99.99=361] 
Maximum time elapsed. Requesting stop for the workload.
Stop requested for workload. Now Joining!
2024-06-30 00:48:20:766 61 sec: 553404 operations; 9299.8 current ops/sec; est completion in 13 hours 8 minutes [READ: Count=4745, Max=1576, Min=91, Avg=107.53, 90=122, 99=138, 99.9=317, 99.99=1576] [CLEANUP: Count=1, Max=1633, Min=1633, Avg=1633, 90=1633, 99=1633, 99.9=1633, 99.99=1633] [UPDATE: Count=4685, Max=3969, Min=86, Avg=103.85, 90=118, 99=131, 99.9=201, 99.99=3969] 
[OVERALL], RunTime(ms), 61019
[OVERALL], Throughput(ops/sec), 9069.371835002212
[TOTAL_GCS_Copy], Count, 51
[TOTAL_GC_TIME_Copy], Time(ms), 33
[TOTAL_GC_TIME_%_Copy], Time(%), 0.05408151559350366
[TOTAL_GCS_MarkSweepCompact], Count, 0
[TOTAL_GC_TIME_MarkSweepCompact], Time(ms), 0
[TOTAL_GC_TIME_%_MarkSweepCompact], Time(%), 0.0
[TOTAL_GCs], Count, 51
[TOTAL_GC_TIME], Time(ms), 33
[TOTAL_GC_TIME_%], Time(%), 0.05408151559350366
[READ], Operations, 276826
[READ], AverageLatency(us), 110.00464190502338
[READ], MinLatency(us), 86
[READ], MaxLatency(us), 19151
[READ], 95thPercentileLatency(us), 126
[READ], 99thPercentileLatency(us), 138
[READ], Return=OK, 276826
[CLEANUP], Operations, 1
[CLEANUP], AverageLatency(us), 1633.0
[CLEANUP], MinLatency(us), 1633
[CLEANUP], MaxLatency(us), 1633
[CLEANUP], 95thPercentileLatency(us), 1633
[CLEANUP], 99thPercentileLatency(us), 1633
[UPDATE], Operations, 276578
[UPDATE], AverageLatency(us), 106.33087591927051
[UPDATE], MinLatency(us), 84
[UPDATE], MaxLatency(us), 22687
[UPDATE], 95thPercentileLatency(us), 122
[UPDATE], 99thPercentileLatency(us), 134
[UPDATE], Return=OK, 276578
AUTOTEST_DONE
