/nix/store/2vwkssqpzykk37r996cafq7x63imf4sp-openjdk-21+35/bin/java  -classpath /nix/store/zw02np72fzsmga6s5mphhw7x8qlzf4sv-ycsb-0.17.0/share/conf:/nix/store/zw02np72fzsmga6s5mphhw7x8qlzf4sv-ycsb-0.17.0/share/lib/core-0.17.0.jar:/nix/store/zw02np72fzsmga6s5mphhw7x8qlzf4sv-ycsb-0.17.0/share/lib/HdrHistogram-2.1.4.jar:/nix/store/zw02np72fzsmga6s5mphhw7x8qlzf4sv-ycsb-0.17.0/share/lib/htrace-core4-4.1.0-incubating.jar:/nix/store/zw02np72fzsmga6s5mphhw7x8qlzf4sv-ycsb-0.17.0/share/lib/jackson-core-asl-1.9.4.jar:/nix/store/zw02np72fzsmga6s5mphhw7x8qlzf4sv-ycsb-0.17.0/share/lib/jackson-mapper-asl-1.9.4.jar:/nix/store/zw02np72fzsmga6s5mphhw7x8qlzf4sv-ycsb-0.17.0/share/redis-binding/lib/commons-pool2-2.4.2.jar:/nix/store/zw02np72fzsmga6s5mphhw7x8qlzf4sv-ycsb-0.17.0/share/redis-binding/lib/jedis-2.9.0.jar:/nix/store/zw02np72fzsmga6s5mphhw7x8qlzf4sv-ycsb-0.17.0/share/redis-binding/lib/redis-binding-0.17.0.jar site.ycsb.Client -t -db site.ycsb.db.RedisClient -s -P /home/host/vmuxIO/test/moonprogs//../../ycsb/share/workloads/workloada -p redis.host=10.1.0.2 -p redis.port=6383 -p operationcount=429496729 -p maxexecutiontime=61 -threads 1
Command line: -t -db site.ycsb.db.RedisClient -s -P /home/host/vmuxIO/test/moonprogs//../../ycsb/share/workloads/workloada -p redis.host=10.1.0.2 -p redis.port=6383 -p operationcount=429496729 -p maxexecutiontime=61 -threads 1
YCSB Client 0.17.0

Loading workload...
Starting test.
Maximum execution time specified as: 61 secs
DBWrapper: report latency for each error is false and specific error codes to track for latency are: []
2024-10-03 14:10:33:498 0 sec: 0 operations; est completion in 0 second 
2024-10-03 14:10:43:324 10 sec: 77979 operations; 7797.9 current ops/sec; est completion in 15 hours 17 minutes [READ: Count=38956, Max=56031, Min=82, Avg=124.26, 90=140, 99=216, 99.9=997, 99.99=4707] [UPDATE: Count=39042, Max=8431, Min=78, Avg=121.42, 90=138, 99=225, 99.9=990, 99.99=6347] 
2024-10-03 14:10:53:324 20 sec: 161651 operations; 8367.2 current ops/sec; est completion in 14 hours 45 minutes [READ: Count=41770, Max=4639, Min=81, Avg=119.11, 90=136, 99=172, 99.9=314, 99.99=679] [UPDATE: Count=41883, Max=1594, Min=76, Avg=116.23, 90=133, 99=171, 99.9=268, 99.99=411] 
2024-10-03 14:11:03:324 30 sec: 247873 operations; 8622.2 current ops/sec; est completion in 14 hours 25 minutes [READ: Count=43038, Max=4179, Min=78, Avg=116.03, 90=133, 99=184, 99.9=317, 99.99=1084] [UPDATE: Count=43184, Max=7591, Min=77, Avg=113.03, 90=130, 99=180, 99.9=299, 99.99=630] 
2024-10-03 14:11:13:324 40 sec: 333165 operations; 8529.2 current ops/sec; est completion in 14 hours 18 minutes [READ: Count=42673, Max=652, Min=81, Avg=116.91, 90=133, 99=183, 99.9=290, 99.99=460] [UPDATE: Count=42619, Max=6575, Min=79, Avg=114.62, 90=130, 99=183, 99.9=273, 99.99=620] 
2024-10-03 14:11:23:324 50 sec: 414848 operations; 8168.3 current ops/sec; est completion in 14 hours 21 minutes [READ: Count=40829, Max=4479, Min=81, Avg=122.24, 90=141, 99=183, 99.9=315, 99.99=443] [UPDATE: Count=40854, Max=417, Min=79, Avg=119.3, 90=138, 99=181, 99.9=283, 99.99=351] 
2024-10-03 14:11:33:324 60 sec: 496240 operations; 8139.2 current ops/sec; est completion in 14 hours 24 minutes [READ: Count=40573, Max=499, Min=86, Avg=122.32, 90=138, 99=193, 99.9=262, 99.99=412] [UPDATE: Count=40819, Max=3069, Min=79, Avg=120.02, 90=136, 99=195, 99.9=257, 99.99=426] 
Maximum time elapsed. Requesting stop for the workload.
Stop requested for workload. Now Joining!
2024-10-03 14:11:34:336 61 sec: 504379 operations; 8042.49 current ops/sec; est completion in 14 hours 24 minutes [READ: Count=4080, Max=7443, Min=92, Avg=124.64, 90=138, 99=185, 99.9=274, 99.99=7443] [CLEANUP: Count=1, Max=1075, Min=1075, Avg=1075, 90=1075, 99=1075, 99.9=1075, 99.99=1075] [UPDATE: Count=4059, Max=272, Min=90, Avg=120.4, 90=136, 99=180, 99.9=234, 99.99=272] 
[OVERALL], RunTime(ms), 61017
[OVERALL], Throughput(ops/sec), 8266.204500385138
[TOTAL_GCS_Copy], Count, 46
[TOTAL_GC_TIME_Copy], Time(ms), 24
[TOTAL_GC_TIME_%_Copy], Time(%), 0.039333300555582866
[TOTAL_GCS_MarkSweepCompact], Count, 0
[TOTAL_GC_TIME_MarkSweepCompact], Time(ms), 0
[TOTAL_GC_TIME_%_MarkSweepCompact], Time(%), 0.0
[TOTAL_GCs], Count, 46
[TOTAL_GC_TIME], Time(ms), 24
[TOTAL_GC_TIME_%], Time(%), 0.039333300555582866
[READ], Operations, 251919
[READ], AverageLatency(us), 120.12184075039993
[READ], MinLatency(us), 78
[READ], MaxLatency(us), 56031
[READ], 95thPercentileLatency(us), 146
[READ], 99thPercentileLatency(us), 187
[READ], Return=OK, 251919
[CLEANUP], Operations, 1
[CLEANUP], AverageLatency(us), 1075.0
[CLEANUP], MinLatency(us), 1075
[CLEANUP], MaxLatency(us), 1075
[CLEANUP], 95thPercentileLatency(us), 1075
[CLEANUP], 99thPercentileLatency(us), 1075
[UPDATE], Operations, 252460
[UPDATE], AverageLatency(us), 117.38951913174364
[UPDATE], MinLatency(us), 76
[UPDATE], MaxLatency(us), 8431
[UPDATE], 95thPercentileLatency(us), 144
[UPDATE], 99thPercentileLatency(us), 187
[UPDATE], Return=OK, 252460
AUTOTEST_DONE
