/nix/store/2vwkssqpzykk37r996cafq7x63imf4sp-openjdk-21+35/bin/java  -classpath /nix/store/zw02np72fzsmga6s5mphhw7x8qlzf4sv-ycsb-0.17.0/share/conf:/nix/store/zw02np72fzsmga6s5mphhw7x8qlzf4sv-ycsb-0.17.0/share/lib/core-0.17.0.jar:/nix/store/zw02np72fzsmga6s5mphhw7x8qlzf4sv-ycsb-0.17.0/share/lib/HdrHistogram-2.1.4.jar:/nix/store/zw02np72fzsmga6s5mphhw7x8qlzf4sv-ycsb-0.17.0/share/lib/htrace-core4-4.1.0-incubating.jar:/nix/store/zw02np72fzsmga6s5mphhw7x8qlzf4sv-ycsb-0.17.0/share/lib/jackson-core-asl-1.9.4.jar:/nix/store/zw02np72fzsmga6s5mphhw7x8qlzf4sv-ycsb-0.17.0/share/lib/jackson-mapper-asl-1.9.4.jar:/nix/store/zw02np72fzsmga6s5mphhw7x8qlzf4sv-ycsb-0.17.0/share/redis-binding/lib/commons-pool2-2.4.2.jar:/nix/store/zw02np72fzsmga6s5mphhw7x8qlzf4sv-ycsb-0.17.0/share/redis-binding/lib/jedis-2.9.0.jar:/nix/store/zw02np72fzsmga6s5mphhw7x8qlzf4sv-ycsb-0.17.0/share/redis-binding/lib/redis-binding-0.17.0.jar site.ycsb.Client -t -db site.ycsb.db.RedisClient -s -P /home/host/vmuxIO/test/moonprogs//../../ycsb/share/workloads/workloada -p redis.host=10.1.0.2 -p redis.port=6379 -p operationcount=429496729 -p maxexecutiontime=61 -threads 1
Command line: -t -db site.ycsb.db.RedisClient -s -P /home/host/vmuxIO/test/moonprogs//../../ycsb/share/workloads/workloada -p redis.host=10.1.0.2 -p redis.port=6379 -p operationcount=429496729 -p maxexecutiontime=61 -threads 1
YCSB Client 0.17.0

Loading workload...
Starting test.
Maximum execution time specified as: 61 secs
DBWrapper: report latency for each error is false and specific error codes to track for latency are: []
2025-04-01 23:21:40:609 0 sec: 0 operations; est completion in 0 second 
2025-04-01 23:21:50:455 10 sec: 31264 operations; 3126.09 current ops/sec; est completion in 1 day 14 hours [READ: Count=15661, Max=18959, Min=145, Avg=304.63, 90=325, 99=676, 99.9=3219, 99.99=6859] [UPDATE: Count=15614, Max=23823, Min=147, Avg=309.99, 90=330, 99=897, 99.9=3333, 99.99=8783] 
2025-04-01 23:22:00:455 20 sec: 67518 operations; 3625.4 current ops/sec; est completion in 1 day 11 hours [READ: Count=18313, Max=3999, Min=144, Avg=273.24, 90=311, 99=354, 99.9=580, 99.99=3145] [UPDATE: Count=17930, Max=4107, Min=129, Avg=270.41, 90=310, 99=363, 99.9=519, 99.99=2905] 
2025-04-01 23:22:10:455 30 sec: 102281 operations; 3476.65 current ops/sec; est completion in 1 day 10 hours [READ: Count=17332, Max=1599, Min=145, Avg=286.54, 90=336, 99=456, 99.9=607, 99.99=962] [UPDATE: Count=17431, Max=8399, Min=146, Avg=282.61, 90=332, 99=463, 99.9=630, 99.99=814] 
2025-04-01 23:22:20:455 40 sec: 138751 operations; 3647 current ops/sec; est completion in 1 day 10 hours [READ: Count=18046, Max=8143, Min=142, Avg=273.82, 90=312, 99=356, 99.9=475, 99.99=3499] [UPDATE: Count=18424, Max=901, Min=142, Avg=270.16, 90=312, 99=358, 99.9=465, 99.99=784] 
2025-04-01 23:22:30:455 50 sec: 174908 operations; 3615.7 current ops/sec; est completion in 1 day 10 hours [READ: Count=18025, Max=3967, Min=139, Avg=276.29, 90=314, 99=357, 99.9=485, 99.99=1006] [UPDATE: Count=18132, Max=3203, Min=137, Avg=272.52, 90=313, 99=355, 99.9=442, 99.99=996] 
2025-04-01 23:22:40:455 60 sec: 209085 operations; 3417.36 current ops/sec; est completion in 1 day 10 hours [READ: Count=17207, Max=3745, Min=145, Avg=292.25, 90=339, 99=463, 99.9=611, 99.99=868] [UPDATE: Count=16970, Max=1045, Min=147, Avg=287.19, 90=336, 99=461, 99.9=607, 99.99=823] 
Maximum time elapsed. Requesting stop for the workload.
Stop requested for workload. Now Joining!
2025-04-01 23:22:41:466 61 sec: 212579 operations; 3455.98 current ops/sec; est completion in 1 day 10 hours [READ: Count=1732, Max=3709, Min=156, Avg=289.66, 90=322, 99=366, 99.9=468, 99.99=3709] [CLEANUP: Count=1, Max=1201, Min=1201, Avg=1201, 90=1201, 99=1201, 99.9=1201, 99.99=1201] [UPDATE: Count=1762, Max=757, Min=155, Avg=283.65, 90=323, 99=380, 99.9=503, 99.99=757] 
[OVERALL], RunTime(ms), 61016
[OVERALL], Throughput(ops/sec), 3483.9878064769896
[TOTAL_GCS_Copy], Count, 20
[TOTAL_GC_TIME_Copy], Time(ms), 21
[TOTAL_GC_TIME_%_Copy], Time(%), 0.03441720204536515
[TOTAL_GCS_MarkSweepCompact], Count, 0
[TOTAL_GC_TIME_MarkSweepCompact], Time(ms), 0
[TOTAL_GC_TIME_%_MarkSweepCompact], Time(%), 0.0
[TOTAL_GCs], Count, 20
[TOTAL_GC_TIME], Time(ms), 21
[TOTAL_GC_TIME_%], Time(%), 0.03441720204536515
[READ], Operations, 106316
[READ], AverageLatency(us), 283.992550509801
[READ], MinLatency(us), 139
[READ], MaxLatency(us), 18959
[READ], 95thPercentileLatency(us), 339
[READ], 99thPercentileLatency(us), 423
[READ], Return=OK, 106316
[CLEANUP], Operations, 1
[CLEANUP], AverageLatency(us), 1201.0
[CLEANUP], MinLatency(us), 1201
[CLEANUP], MaxLatency(us), 1201
[CLEANUP], 95thPercentileLatency(us), 1201
[CLEANUP], 99thPercentileLatency(us), 1201
[UPDATE], Operations, 106263
[UPDATE], AverageLatency(us), 281.44301403122444
[UPDATE], MinLatency(us), 129
[UPDATE], MaxLatency(us), 23823
[UPDATE], 95thPercentileLatency(us), 338
[UPDATE], 99thPercentileLatency(us), 426
[UPDATE], Return=OK, 106263
AUTOTEST_DONE
