/nix/store/2vwkssqpzykk37r996cafq7x63imf4sp-openjdk-21+35/bin/java  -classpath /nix/store/zw02np72fzsmga6s5mphhw7x8qlzf4sv-ycsb-0.17.0/share/conf:/nix/store/zw02np72fzsmga6s5mphhw7x8qlzf4sv-ycsb-0.17.0/share/lib/core-0.17.0.jar:/nix/store/zw02np72fzsmga6s5mphhw7x8qlzf4sv-ycsb-0.17.0/share/lib/HdrHistogram-2.1.4.jar:/nix/store/zw02np72fzsmga6s5mphhw7x8qlzf4sv-ycsb-0.17.0/share/lib/htrace-core4-4.1.0-incubating.jar:/nix/store/zw02np72fzsmga6s5mphhw7x8qlzf4sv-ycsb-0.17.0/share/lib/jackson-core-asl-1.9.4.jar:/nix/store/zw02np72fzsmga6s5mphhw7x8qlzf4sv-ycsb-0.17.0/share/lib/jackson-mapper-asl-1.9.4.jar:/nix/store/zw02np72fzsmga6s5mphhw7x8qlzf4sv-ycsb-0.17.0/share/redis-binding/lib/commons-pool2-2.4.2.jar:/nix/store/zw02np72fzsmga6s5mphhw7x8qlzf4sv-ycsb-0.17.0/share/redis-binding/lib/jedis-2.9.0.jar:/nix/store/zw02np72fzsmga6s5mphhw7x8qlzf4sv-ycsb-0.17.0/share/redis-binding/lib/redis-binding-0.17.0.jar site.ycsb.Client -t -db site.ycsb.db.RedisClient -s -P /home/host/vmuxIO/test/moonprogs//../../ycsb/share/workloads/workloada -p redis.host=10.1.0.2 -p redis.port=6379 -p operationcount=429496729 -p maxexecutiontime=61 -threads 1
Command line: -t -db site.ycsb.db.RedisClient -s -P /home/host/vmuxIO/test/moonprogs//../../ycsb/share/workloads/workloada -p redis.host=10.1.0.2 -p redis.port=6379 -p operationcount=429496729 -p maxexecutiontime=61 -threads 1
YCSB Client 0.17.0

Loading workload...
Starting test.
Maximum execution time specified as: 61 secs
DBWrapper: report latency for each error is false and specific error codes to track for latency are: []
2024-07-07 15:09:42:337 0 sec: 0 operations; est completion in 0 second 
2024-07-07 15:09:52:183 10 sec: 84399 operations; 8439.9 current ops/sec; est completion in 14 hours 7 minutes [READ: Count=41919, Max=18335, Min=82, Avg=111.99, 90=126, 99=234, 99.9=1095, 99.99=4021] [UPDATE: Count=42508, Max=24863, Min=81, Avg=113.17, 90=126, 99=245, 99.9=1324, 99.99=5559] 
2024-07-07 15:10:02:183 20 sec: 182521 operations; 9812.2 current ops/sec; est completion in 13 hours 4 minutes [READ: Count=49195, Max=4051, Min=79, Avg=100.9, 90=111, 99=162, 99.9=374, 99.99=1291] [UPDATE: Count=48899, Max=3783, Min=77, Avg=98.82, 90=109, 99=156, 99.9=307, 99.99=2149] 
2024-07-07 15:10:12:183 30 sec: 279672 operations; 9715.1 current ops/sec; est completion in 12 hours 47 minutes [READ: Count=48561, Max=3825, Min=80, Avg=102.25, 90=114, 99=167, 99.9=269, 99.99=1754] [UPDATE: Count=48590, Max=4491, Min=75, Avg=100.35, 90=112, 99=167, 99.9=277, 99.99=1163] 
2024-07-07 15:10:22:183 40 sec: 380023 operations; 10035.1 current ops/sec; est completion in 12 hours 32 minutes [READ: Count=49878, Max=2008, Min=79, Avg=99, 90=108, 99=137, 99.9=212, 99.99=1111] [UPDATE: Count=50473, Max=5091, Min=77, Avg=97.28, 90=107, 99=135, 99.9=210, 99.99=2027] 
2024-07-07 15:10:32:183 50 sec: 478330 operations; 9830.7 current ops/sec; est completion in 12 hours 27 minutes [READ: Count=49007, Max=6331, Min=80, Avg=101.37, 90=113, 99=153, 99.9=217, 99.99=1921] [UPDATE: Count=49300, Max=3791, Min=77, Avg=99.04, 90=111, 99=150, 99.9=194, 99.99=356] 
2024-07-07 15:10:42:183 60 sec: 575117 operations; 9678.7 current ops/sec; est completion in 12 hours 25 minutes [READ: Count=48273, Max=2063, Min=81, Avg=102.6, 90=115, 99=165, 99.9=270, 99.99=1082] [UPDATE: Count=48514, Max=2751, Min=77, Avg=100.85, 90=113, 99=164, 99.9=277, 99.99=2041] 
Maximum time elapsed. Requesting stop for the workload.
Stop requested for workload. Now Joining!
2024-07-07 15:10:43:195 61 sec: 584637 operations; 9397.83 current ops/sec; est completion in 12 hours 26 minutes [READ: Count=4814, Max=934, Min=85, Avg=104.74, 90=119, 99=154, 99.9=170, 99.99=934] [CLEANUP: Count=1, Max=1384, Min=1384, Avg=1384, 90=1384, 99=1384, 99.9=1384, 99.99=1384] [UPDATE: Count=4706, Max=6363, Min=81, Avg=104.43, 90=118, 99=152, 99.9=168, 99.99=6363] 
[OVERALL], RunTime(ms), 61017
[OVERALL], Throughput(ops/sec), 9581.542848714293
[TOTAL_GCS_Copy], Count, 54
[TOTAL_GC_TIME_Copy], Time(ms), 27
[TOTAL_GC_TIME_%_Copy], Time(%), 0.04424996312503073
[TOTAL_GCS_MarkSweepCompact], Count, 0
[TOTAL_GC_TIME_MarkSweepCompact], Time(ms), 0
[TOTAL_GC_TIME_%_MarkSweepCompact], Time(%), 0.0
[TOTAL_GCs], Count, 54
[TOTAL_GC_TIME], Time(ms), 27
[TOTAL_GC_TIME_%], Time(%), 0.04424996312503073
[READ], Operations, 291647
[READ], AverageLatency(us), 102.81795458208039
[READ], MinLatency(us), 79
[READ], MaxLatency(us), 18335
[READ], 95thPercentileLatency(us), 125
[READ], 99thPercentileLatency(us), 166
[READ], Return=OK, 291647
[CLEANUP], Operations, 1
[CLEANUP], AverageLatency(us), 1384.0
[CLEANUP], MinLatency(us), 1384
[CLEANUP], MaxLatency(us), 1384
[CLEANUP], 95thPercentileLatency(us), 1384
[CLEANUP], 99thPercentileLatency(us), 1384
[UPDATE], Operations, 292990
[UPDATE], AverageLatency(us), 101.35371514386156
[UPDATE], MinLatency(us), 75
[UPDATE], MaxLatency(us), 24863
[UPDATE], 95thPercentileLatency(us), 123
[UPDATE], 99thPercentileLatency(us), 165
[UPDATE], Return=OK, 292990
AUTOTEST_DONE
