/nix/store/2vwkssqpzykk37r996cafq7x63imf4sp-openjdk-21+35/bin/java  -classpath /nix/store/zw02np72fzsmga6s5mphhw7x8qlzf4sv-ycsb-0.17.0/share/conf:/nix/store/zw02np72fzsmga6s5mphhw7x8qlzf4sv-ycsb-0.17.0/share/lib/core-0.17.0.jar:/nix/store/zw02np72fzsmga6s5mphhw7x8qlzf4sv-ycsb-0.17.0/share/lib/HdrHistogram-2.1.4.jar:/nix/store/zw02np72fzsmga6s5mphhw7x8qlzf4sv-ycsb-0.17.0/share/lib/htrace-core4-4.1.0-incubating.jar:/nix/store/zw02np72fzsmga6s5mphhw7x8qlzf4sv-ycsb-0.17.0/share/lib/jackson-core-asl-1.9.4.jar:/nix/store/zw02np72fzsmga6s5mphhw7x8qlzf4sv-ycsb-0.17.0/share/lib/jackson-mapper-asl-1.9.4.jar:/nix/store/zw02np72fzsmga6s5mphhw7x8qlzf4sv-ycsb-0.17.0/share/redis-binding/lib/commons-pool2-2.4.2.jar:/nix/store/zw02np72fzsmga6s5mphhw7x8qlzf4sv-ycsb-0.17.0/share/redis-binding/lib/jedis-2.9.0.jar:/nix/store/zw02np72fzsmga6s5mphhw7x8qlzf4sv-ycsb-0.17.0/share/redis-binding/lib/redis-binding-0.17.0.jar site.ycsb.Client -t -db site.ycsb.db.RedisClient -s -P /home/host/vmuxIO/test/moonprogs//../../ycsb/share/workloads/workloada -p redis.host=10.1.0.2 -p redis.port=6379 -p operationcount=429496729 -p maxexecutiontime=61 -threads 1
Command line: -t -db site.ycsb.db.RedisClient -s -P /home/host/vmuxIO/test/moonprogs//../../ycsb/share/workloads/workloada -p redis.host=10.1.0.2 -p redis.port=6379 -p operationcount=429496729 -p maxexecutiontime=61 -threads 1
YCSB Client 0.17.0

Loading workload...
Starting test.
Maximum execution time specified as: 61 secs
DBWrapper: report latency for each error is false and specific error codes to track for latency are: []
2024-10-03 02:12:05:526 0 sec: 0 operations; est completion in 0 second 
2024-10-03 02:12:15:381 10 sec: 89288 operations; 8928.8 current ops/sec; est completion in 13 hours 21 minutes [READ: Count=44630, Max=12855, Min=78, Avg=106.54, 90=122, 99=163, 99.9=638, 99.99=3867] [UPDATE: Count=44663, Max=22239, Min=75, Avg=106.83, 90=122, 99=164, 99.9=988, 99.99=3215] 
2024-10-03 02:12:25:381 20 sec: 187147 operations; 9785.9 current ops/sec; est completion in 12 hours 44 minutes [READ: Count=49019, Max=11823, Min=79, Avg=101.6, 90=113, 99=156, 99.9=214, 99.99=449] [UPDATE: Count=48835, Max=1909, Min=76, Avg=99.76, 90=111, 99=154, 99.9=212, 99.99=1236] 
2024-10-03 02:12:35:381 30 sec: 283227 operations; 9608 current ops/sec; est completion in 12 hours 37 minutes [READ: Count=47942, Max=7327, Min=79, Avg=103.32, 90=116, 99=177, 99.9=266, 99.99=495] [UPDATE: Count=48138, Max=3753, Min=76, Avg=101.78, 90=115, 99=179, 99.9=275, 99.99=1841] 
2024-10-03 02:12:45:381 40 sec: 381938 operations; 9871.1 current ops/sec; est completion in 12 hours 29 minutes [READ: Count=49678, Max=7291, Min=77, Avg=100.66, 90=112, 99=158, 99.9=201, 99.99=357] [UPDATE: Count=49033, Max=3987, Min=75, Avg=99.11, 90=110, 99=157, 99.9=202, 99.99=561] 
2024-10-03 02:12:55:381 50 sec: 480369 operations; 9843.1 current ops/sec; est completion in 12 hours 24 minutes [READ: Count=49229, Max=3151, Min=76, Avg=100.85, 90=111, 99=157, 99.9=233, 99.99=443] [UPDATE: Count=49202, Max=3575, Min=76, Avg=99.5, 90=111, 99=156, 99.9=221, 99.99=401] 
2024-10-03 02:13:05:381 60 sec: 577012 operations; 9664.3 current ops/sec; est completion in 12 hours 23 minutes [READ: Count=48211, Max=3523, Min=78, Avg=102.82, 90=116, 99=177, 99.9=270, 99.99=1819] [UPDATE: Count=48432, Max=3939, Min=72, Avg=101.07, 90=114, 99=172, 99.9=262, 99.99=516] 
Maximum time elapsed. Requesting stop for the workload.
Stop requested for workload. Now Joining!
2024-10-03 02:13:06:392 61 sec: 586689 operations; 9571.71 current ops/sec; est completion in 12 hours 23 minutes [READ: Count=4856, Max=3499, Min=78, Avg=104.2, 90=114, 99=159, 99.9=281, 99.99=3499] [CLEANUP: Count=1, Max=888, Min=888, Avg=888, 90=888, 99=888, 99.9=888, 99.99=888] [UPDATE: Count=4821, Max=3807, Min=78, Avg=101.38, 90=112, 99=158, 99.9=203, 99.99=3807] 
[OVERALL], RunTime(ms), 61015
[OVERALL], Throughput(ops/sec), 9615.487994755387
[TOTAL_GCS_Copy], Count, 55
[TOTAL_GC_TIME_Copy], Time(ms), 23
[TOTAL_GC_TIME_%_Copy], Time(%), 0.0376956486109973
[TOTAL_GCS_MarkSweepCompact], Count, 0
[TOTAL_GC_TIME_MarkSweepCompact], Time(ms), 0
[TOTAL_GC_TIME_%_MarkSweepCompact], Time(%), 0.0
[TOTAL_GCs], Count, 55
[TOTAL_GC_TIME], Time(ms), 23
[TOTAL_GC_TIME_%], Time(%), 0.0376956486109973
[READ], Operations, 293565
[READ], AverageLatency(us), 102.59212780815152
[READ], MinLatency(us), 76
[READ], MaxLatency(us), 12855
[READ], 95thPercentileLatency(us), 126
[READ], 99thPercentileLatency(us), 162
[READ], Return=OK, 293565
[CLEANUP], Operations, 1
[CLEANUP], AverageLatency(us), 888.0
[CLEANUP], MinLatency(us), 888
[CLEANUP], MaxLatency(us), 888
[CLEANUP], 95thPercentileLatency(us), 888
[CLEANUP], 99thPercentileLatency(us), 888
[UPDATE], Operations, 293124
[UPDATE], AverageLatency(us), 101.2586243364583
[UPDATE], MinLatency(us), 72
[UPDATE], MaxLatency(us), 22239
[UPDATE], 95thPercentileLatency(us), 125
[UPDATE], 99thPercentileLatency(us), 162
[UPDATE], Return=OK, 293124
AUTOTEST_DONE
