/nix/store/2vwkssqpzykk37r996cafq7x63imf4sp-openjdk-21+35/bin/java  -classpath /nix/store/zw02np72fzsmga6s5mphhw7x8qlzf4sv-ycsb-0.17.0/share/conf:/nix/store/zw02np72fzsmga6s5mphhw7x8qlzf4sv-ycsb-0.17.0/share/lib/core-0.17.0.jar:/nix/store/zw02np72fzsmga6s5mphhw7x8qlzf4sv-ycsb-0.17.0/share/lib/HdrHistogram-2.1.4.jar:/nix/store/zw02np72fzsmga6s5mphhw7x8qlzf4sv-ycsb-0.17.0/share/lib/htrace-core4-4.1.0-incubating.jar:/nix/store/zw02np72fzsmga6s5mphhw7x8qlzf4sv-ycsb-0.17.0/share/lib/jackson-core-asl-1.9.4.jar:/nix/store/zw02np72fzsmga6s5mphhw7x8qlzf4sv-ycsb-0.17.0/share/lib/jackson-mapper-asl-1.9.4.jar:/nix/store/zw02np72fzsmga6s5mphhw7x8qlzf4sv-ycsb-0.17.0/share/redis-binding/lib/commons-pool2-2.4.2.jar:/nix/store/zw02np72fzsmga6s5mphhw7x8qlzf4sv-ycsb-0.17.0/share/redis-binding/lib/jedis-2.9.0.jar:/nix/store/zw02np72fzsmga6s5mphhw7x8qlzf4sv-ycsb-0.17.0/share/redis-binding/lib/redis-binding-0.17.0.jar site.ycsb.Client -t -db site.ycsb.db.RedisClient -s -P /home/host/vmuxIO/test/moonprogs//../../ycsb/share/workloads/workloada -p redis.host=10.1.0.2 -p redis.port=6384 -p operationcount=429496729 -p maxexecutiontime=61 -threads 1
Command line: -t -db site.ycsb.db.RedisClient -s -P /home/host/vmuxIO/test/moonprogs//../../ycsb/share/workloads/workloada -p redis.host=10.1.0.2 -p redis.port=6384 -p operationcount=429496729 -p maxexecutiontime=61 -threads 1
YCSB Client 0.17.0

Loading workload...
Starting test.
Maximum execution time specified as: 61 secs
DBWrapper: report latency for each error is false and specific error codes to track for latency are: []
2025-02-05 03:30:58:906 0 sec: 0 operations; est completion in 0 second 
2025-02-05 03:31:08:682 10 sec: 11150 operations; 1114.89 current ops/sec; est completion in 4 days 11 hours [READ: Count=5623, Max=205823, Min=80, Avg=824.15, 90=2805, 99=7843, 99.9=13071, 99.99=29327] [UPDATE: Count=5528, Max=204031, Min=83, Avg=896.99, 90=3077, 99=8015, 99.9=21071, 99.99=68415] 
2025-02-05 03:31:18:682 20 sec: 23419 operations; 1226.9 current ops/sec; est completion in 4 days 5 hours [READ: Count=6088, Max=213119, Min=78, Avg=938.89, 90=1817, 99=7611, 99.9=202751, 99.99=211967] [UPDATE: Count=6180, Max=203775, Min=78, Avg=650.58, 90=1743, 99=6719, 99.9=9511, 99.99=11439] 
2025-02-05 03:31:28:683 30 sec: 40928 operations; 1750.9 current ops/sec; est completion in 3 days 15 hours [READ: Count=8751, Max=209279, Min=82, Avg=539.55, 90=378, 99=5499, 99.9=8215, 99.99=208895] [UPDATE: Count=8758, Max=209919, Min=76, Avg=614.43, 90=393, 99=5343, 99.9=8303, 99.99=209151] 
2025-02-05 03:31:38:682 40 sec: 55424 operations; 1449.6 current ops/sec; est completion in 3 days 14 hours [READ: Count=7358, Max=206591, Min=81, Avg=683.27, 90=779, 99=7023, 99.9=10111, 99.99=204031] [UPDATE: Count=7138, Max=210431, Min=76, Avg=689.69, 90=935, 99=6971, 99.9=9311, 99.99=205311] 
2025-02-05 03:31:48:682 50 sec: 69824 operations; 1440 current ops/sec; est completion in 3 days 13 hours [READ: Count=7250, Max=206847, Min=78, Avg=669.42, 90=592, 99=6883, 99.9=8687, 99.99=205951] [UPDATE: Count=7150, Max=209279, Min=79, Avg=713.92, 90=586, 99=6727, 99.9=10871, 99.99=207999] 
2025-02-05 03:31:58:682 60 sec: 89535 operations; 1971.1 current ops/sec; est completion in 3 days 7 hours [READ: Count=9874, Max=205951, Min=80, Avg=513.71, 90=303, 99=4339, 99.9=8175, 99.99=205311] [UPDATE: Count=9837, Max=208895, Min=75, Avg=497.06, 90=317, 99=4315, 99.9=8035, 99.99=208767] 
Maximum time elapsed. Requesting stop for the workload.
Stop requested for workload. Now Joining!
2025-02-05 03:31:59:704 61 sec: 92209 operations; 2616.44 current ops/sec; est completion in 3 days 6 hours [READ: Count=1341, Max=207359, Min=79, Avg=442.26, 90=194, 99=4167, 99.9=6379, 99.99=207359] [CLEANUP: Count=1, Max=1194, Min=1194, Avg=1194, 90=1194, 99=1194, 99.9=1194, 99.99=1194] [UPDATE: Count=1333, Max=8127, Min=78, Avg=316.3, 90=213, 99=4143, 99.9=7279, 99.99=8127] 
[OVERALL], RunTime(ms), 61030
[OVERALL], Throughput(ops/sec), 1510.879895133541
[TOTAL_GCS_Copy], Count, 9
[TOTAL_GC_TIME_Copy], Time(ms), 35
[TOTAL_GC_TIME_%_Copy], Time(%), 0.05734884483041127
[TOTAL_GCS_MarkSweepCompact], Count, 0
[TOTAL_GC_TIME_MarkSweepCompact], Time(ms), 0
[TOTAL_GC_TIME_%_MarkSweepCompact], Time(%), 0.0
[TOTAL_GCs], Count, 9
[TOTAL_GC_TIME], Time(ms), 35
[TOTAL_GC_TIME_%], Time(%), 0.05734884483041127
[READ], Operations, 46285
[READ], AverageLatency(us), 661.5098844117965
[READ], MinLatency(us), 78
[READ], MaxLatency(us), 213119
[READ], 95thPercentileLatency(us), 3977
[READ], 99thPercentileLatency(us), 6687
[READ], Return=OK, 46285
[CLEANUP], Operations, 1
[CLEANUP], AverageLatency(us), 1194.0
[CLEANUP], MinLatency(us), 1194
[CLEANUP], MaxLatency(us), 1194
[CLEANUP], 95thPercentileLatency(us), 1194
[CLEANUP], 99thPercentileLatency(us), 1194
[UPDATE], Operations, 45924
[UPDATE], AverageLatency(us), 646.7010060099294
[UPDATE], MinLatency(us), 75
[UPDATE], MaxLatency(us), 210431
[UPDATE], 95thPercentileLatency(us), 4009
[UPDATE], 99thPercentileLatency(us), 6707
[UPDATE], Return=OK, 45924
AUTOTEST_DONE
