/nix/store/2vwkssqpzykk37r996cafq7x63imf4sp-openjdk-21+35/bin/java  -classpath /nix/store/zw02np72fzsmga6s5mphhw7x8qlzf4sv-ycsb-0.17.0/share/conf:/nix/store/zw02np72fzsmga6s5mphhw7x8qlzf4sv-ycsb-0.17.0/share/lib/core-0.17.0.jar:/nix/store/zw02np72fzsmga6s5mphhw7x8qlzf4sv-ycsb-0.17.0/share/lib/HdrHistogram-2.1.4.jar:/nix/store/zw02np72fzsmga6s5mphhw7x8qlzf4sv-ycsb-0.17.0/share/lib/htrace-core4-4.1.0-incubating.jar:/nix/store/zw02np72fzsmga6s5mphhw7x8qlzf4sv-ycsb-0.17.0/share/lib/jackson-core-asl-1.9.4.jar:/nix/store/zw02np72fzsmga6s5mphhw7x8qlzf4sv-ycsb-0.17.0/share/lib/jackson-mapper-asl-1.9.4.jar:/nix/store/zw02np72fzsmga6s5mphhw7x8qlzf4sv-ycsb-0.17.0/share/redis-binding/lib/commons-pool2-2.4.2.jar:/nix/store/zw02np72fzsmga6s5mphhw7x8qlzf4sv-ycsb-0.17.0/share/redis-binding/lib/jedis-2.9.0.jar:/nix/store/zw02np72fzsmga6s5mphhw7x8qlzf4sv-ycsb-0.17.0/share/redis-binding/lib/redis-binding-0.17.0.jar site.ycsb.Client -t -db site.ycsb.db.RedisClient -s -P /home/host/vmuxIO/test/moonprogs//../../ycsb/share/workloads/workloada -p redis.host=10.1.0.2 -p redis.port=6380 -p operationcount=429496729 -p maxexecutiontime=61 -threads 1
Command line: -t -db site.ycsb.db.RedisClient -s -P /home/host/vmuxIO/test/moonprogs//../../ycsb/share/workloads/workloada -p redis.host=10.1.0.2 -p redis.port=6380 -p operationcount=429496729 -p maxexecutiontime=61 -threads 1
YCSB Client 0.17.0

Loading workload...
Starting test.
Maximum execution time specified as: 61 secs
DBWrapper: report latency for each error is false and specific error codes to track for latency are: []
2025-04-01 22:54:57:025 0 sec: 0 operations; est completion in 0 second 
2025-04-01 22:55:06:879 10 sec: 78351 operations; 7834.32 current ops/sec; est completion in 15 hours 13 minutes [READ: Count=39101, Max=46943, Min=96, Avg=124.78, 90=135, 99=224, 99.9=640, 99.99=3651] [UPDATE: Count=39257, Max=6775, Min=94, Avg=121.05, 90=133, 99=222, 99.9=701, 99.99=3899] 
2025-04-01 22:55:16:879 20 sec: 163148 operations; 8479.7 current ops/sec; est completion in 14 hours 37 minutes [READ: Count=42580, Max=11799, Min=97, Avg=118.24, 90=128, 99=172, 99.9=306, 99.99=409] [UPDATE: Count=42210, Max=1769, Min=91, Avg=114.49, 90=125, 99=170, 99.9=275, 99.99=398] 
2025-04-01 22:55:26:879 30 sec: 248398 operations; 8525.85 current ops/sec; est completion in 14 hours 24 minutes [READ: Count=42849, Max=514, Min=87, Avg=117.46, 90=128, 99=171, 99.9=293, 99.99=401] [UPDATE: Count=42401, Max=4871, Min=84, Avg=114.35, 90=125, 99=172, 99.9=287, 99.99=435] 
2025-04-01 22:55:36:879 40 sec: 334479 operations; 8607.24 current ops/sec; est completion in 14 hours 15 minutes [READ: Count=42990, Max=3419, Min=96, Avg=116.54, 90=127, 99=168, 99.9=295, 99.99=341] [UPDATE: Count=43091, Max=455, Min=92, Avg=113.04, 90=123, 99=168, 99.9=254, 99.99=335] 
2025-04-01 22:55:46:879 50 sec: 419060 operations; 8458.1 current ops/sec; est completion in 14 hours 13 minutes [READ: Count=42482, Max=4103, Min=96, Avg=118.46, 90=128, 99=205, 99.9=305, 99.99=455] [UPDATE: Count=42099, Max=6095, Min=91, Avg=115.23, 90=125, 99=209, 99.9=259, 99.99=346] 
2025-04-01 22:55:56:879 60 sec: 503935 operations; 8488.35 current ops/sec; est completion in 14 hours 11 minutes [READ: Count=42387, Max=481, Min=90, Avg=118.12, 90=128, 99=182, 99.9=295, 99.99=364] [UPDATE: Count=42488, Max=2715, Min=86, Avg=114.76, 90=125, 99=190, 99.9=275, 99.99=372] 
Maximum time elapsed. Requesting stop for the workload.
Stop requested for workload. Now Joining!
2025-04-01 22:55:57:890 61 sec: 512900 operations; 8858.7 current ops/sec; est completion in 14 hours 10 minutes [READ: Count=4464, Max=2449, Min=87, Avg=113.33, 90=128, 99=158, 99.9=313, 99.99=2449] [CLEANUP: Count=1, Max=892, Min=892, Avg=892, 90=892, 99=892, 99.9=892, 99.99=892] [UPDATE: Count=4501, Max=322, Min=85, Avg=108.67, 90=122, 99=145, 99.9=248, 99.99=322] 
[OVERALL], RunTime(ms), 61019
[OVERALL], Throughput(ops/sec), 8405.57859027516
[TOTAL_GCS_Copy], Count, 47
[TOTAL_GC_TIME_Copy], Time(ms), 18
[TOTAL_GC_TIME_%_Copy], Time(%), 0.02949900850554745
[TOTAL_GCS_MarkSweepCompact], Count, 0
[TOTAL_GC_TIME_MarkSweepCompact], Time(ms), 0
[TOTAL_GC_TIME_%_MarkSweepCompact], Time(%), 0.0
[TOTAL_GCs], Count, 47
[TOTAL_GC_TIME], Time(ms), 18
[TOTAL_GC_TIME_%], Time(%), 0.02949900850554745
[READ], Operations, 256853
[READ], AverageLatency(us), 118.75172569524203
[READ], MinLatency(us), 87
[READ], MaxLatency(us), 46943
[READ], 95thPercentileLatency(us), 136
[READ], 99thPercentileLatency(us), 181
[READ], Return=OK, 256853
[CLEANUP], Operations, 1
[CLEANUP], AverageLatency(us), 892.0
[CLEANUP], MinLatency(us), 892
[CLEANUP], MaxLatency(us), 892
[CLEANUP], 95thPercentileLatency(us), 892
[CLEANUP], 99thPercentileLatency(us), 892
[UPDATE], Operations, 256047
[UPDATE], AverageLatency(us), 115.29074740184419
[UPDATE], MinLatency(us), 84
[UPDATE], MaxLatency(us), 6775
[UPDATE], 95thPercentileLatency(us), 133
[UPDATE], 99thPercentileLatency(us), 185
[UPDATE], Return=OK, 256047
AUTOTEST_DONE
