/nix/store/2vwkssqpzykk37r996cafq7x63imf4sp-openjdk-21+35/bin/java  -classpath /nix/store/zw02np72fzsmga6s5mphhw7x8qlzf4sv-ycsb-0.17.0/share/conf:/nix/store/zw02np72fzsmga6s5mphhw7x8qlzf4sv-ycsb-0.17.0/share/lib/core-0.17.0.jar:/nix/store/zw02np72fzsmga6s5mphhw7x8qlzf4sv-ycsb-0.17.0/share/lib/HdrHistogram-2.1.4.jar:/nix/store/zw02np72fzsmga6s5mphhw7x8qlzf4sv-ycsb-0.17.0/share/lib/htrace-core4-4.1.0-incubating.jar:/nix/store/zw02np72fzsmga6s5mphhw7x8qlzf4sv-ycsb-0.17.0/share/lib/jackson-core-asl-1.9.4.jar:/nix/store/zw02np72fzsmga6s5mphhw7x8qlzf4sv-ycsb-0.17.0/share/lib/jackson-mapper-asl-1.9.4.jar:/nix/store/zw02np72fzsmga6s5mphhw7x8qlzf4sv-ycsb-0.17.0/share/redis-binding/lib/commons-pool2-2.4.2.jar:/nix/store/zw02np72fzsmga6s5mphhw7x8qlzf4sv-ycsb-0.17.0/share/redis-binding/lib/jedis-2.9.0.jar:/nix/store/zw02np72fzsmga6s5mphhw7x8qlzf4sv-ycsb-0.17.0/share/redis-binding/lib/redis-binding-0.17.0.jar site.ycsb.Client -t -db site.ycsb.db.RedisClient -s -P /home/host/vmuxIO/test/moonprogs//../../ycsb/share/workloads/workloada -p redis.host=10.1.0.2 -p redis.port=6382 -p operationcount=429496729 -p maxexecutiontime=61 -threads 1
Command line: -t -db site.ycsb.db.RedisClient -s -P /home/host/vmuxIO/test/moonprogs//../../ycsb/share/workloads/workloada -p redis.host=10.1.0.2 -p redis.port=6382 -p operationcount=429496729 -p maxexecutiontime=61 -threads 1
YCSB Client 0.17.0

Loading workload...
Starting test.
Maximum execution time specified as: 61 secs
DBWrapper: report latency for each error is false and specific error codes to track for latency are: []
2025-04-01 22:54:56:568 0 sec: 0 operations; est completion in 0 second 
2025-04-01 22:55:06:415 10 sec: 82170 operations; 8217 current ops/sec; est completion in 14 hours 31 minutes [READ: Count=41124, Max=45311, Min=93, Avg=118.04, 90=127, 99=179, 99.9=461, 99.99=3989] [UPDATE: Count=41055, Max=7707, Min=92, Avg=116.4, 90=125, 99=210, 99.9=944, 99.99=3929] 
2025-04-01 22:55:16:416 20 sec: 170064 operations; 8789.4 current ops/sec; est completion in 14 hours 1 minute [READ: Count=44283, Max=9615, Min=93, Avg=113.57, 90=124, 99=155, 99.9=291, 99.99=482] [UPDATE: Count=43602, Max=602, Min=89, Avg=110.89, 90=121, 99=162, 99.9=300, 99.99=404] 
2025-04-01 22:55:26:415 30 sec: 259201 operations; 8913.7 current ops/sec; est completion in 13 hours 48 minutes [READ: Count=44301, Max=3493, Min=84, Avg=112.03, 90=123, 99=152, 99.9=299, 99.99=437] [UPDATE: Count=44836, Max=8223, Min=83, Avg=109.59, 90=120, 99=153, 99.9=254, 99.99=402] 
2025-04-01 22:55:36:415 40 sec: 347722 operations; 8852.1 current ops/sec; est completion in 13 hours 42 minutes [READ: Count=44330, Max=5219, Min=90, Avg=112.92, 90=125, 99=148, 99.9=299, 99.99=425] [UPDATE: Count=44191, Max=587, Min=88, Avg=110.31, 90=122, 99=154, 99.9=251, 99.99=325] 
2025-04-01 22:55:46:415 50 sec: 435445 operations; 8772.3 current ops/sec; est completion in 13 hours 41 minutes [READ: Count=44103, Max=4069, Min=90, Avg=113.89, 90=125, 99=163, 99.9=284, 99.99=461] [UPDATE: Count=43620, Max=3295, Min=89, Avg=111.35, 90=123, 99=165, 99.9=252, 99.99=325] 
2025-04-01 22:55:56:415 60 sec: 523664 operations; 8821.9 current ops/sec; est completion in 13 hours 39 minutes [READ: Count=44233, Max=4135, Min=83, Avg=113.18, 90=125, 99=164, 99.9=299, 99.99=403] [UPDATE: Count=43986, Max=687, Min=82, Avg=110.78, 90=122, 99=165, 99.9=251, 99.99=352] 
Maximum time elapsed. Requesting stop for the workload.
Stop requested for workload. Now Joining!
2025-04-01 22:55:57:427 61 sec: 532546 operations; 8776.68 current ops/sec; est completion in 13 hours 39 minutes [READ: Count=4426, Max=2747, Min=87, Avg=112.43, 90=123, 99=190, 99.9=378, 99.99=2747] [CLEANUP: Count=1, Max=908, Min=908, Avg=908, 90=908, 99=908, 99.9=908, 99.99=908] [UPDATE: Count=4456, Max=7675, Min=85, Avg=111.32, 90=121, 99=208, 99.9=313, 99.99=7675] 
[OVERALL], RunTime(ms), 61019
[OVERALL], Throughput(ops/sec), 8727.543879775152
[TOTAL_GCS_Copy], Count, 49
[TOTAL_GC_TIME_Copy], Time(ms), 19
[TOTAL_GC_TIME_%_Copy], Time(%), 0.0311378423114112
[TOTAL_GCS_MarkSweepCompact], Count, 0
[TOTAL_GC_TIME_MarkSweepCompact], Time(ms), 0
[TOTAL_GC_TIME_%_MarkSweepCompact], Time(%), 0.0
[TOTAL_GCs], Count, 49
[TOTAL_GC_TIME], Time(ms), 19
[TOTAL_GC_TIME_%], Time(%), 0.0311378423114112
[READ], Operations, 266800
[READ], AverageLatency(us), 113.86381934032984
[READ], MinLatency(us), 83
[READ], MaxLatency(us), 45311
[READ], 95thPercentileLatency(us), 129
[READ], 99thPercentileLatency(us), 164
[READ], Return=OK, 266800
[CLEANUP], Operations, 1
[CLEANUP], AverageLatency(us), 908.0
[CLEANUP], MinLatency(us), 908
[CLEANUP], MaxLatency(us), 908
[CLEANUP], 95thPercentileLatency(us), 908
[CLEANUP], 99thPercentileLatency(us), 908
[UPDATE], Operations, 265746
[UPDATE], AverageLatency(us), 111.49112686550315
[UPDATE], MinLatency(us), 82
[UPDATE], MaxLatency(us), 8223
[UPDATE], 95thPercentileLatency(us), 127
[UPDATE], 99thPercentileLatency(us), 165
[UPDATE], Return=OK, 265746
AUTOTEST_DONE
