Running 1m test @ http://10.1.0.21:5000
  8 threads and 16 connections

  Thread calibration: mean lat.: 5.924ms, rate sampling interval: 26ms
  Thread calibration: mean lat.: 7.719ms, rate sampling interval: 29ms
  Thread calibration: mean lat.: 7.447ms, rate sampling interval: 28ms
  Thread calibration: mean lat.: 8.240ms, rate sampling interval: 30ms
  Thread calibration: mean lat.: 8.945ms, rate sampling interval: 29ms
  Thread calibration: mean lat.: 7.756ms, rate sampling interval: 26ms
  Thread calibration: mean lat.: 8.864ms, rate sampling interval: 30ms
  Thread calibration: mean lat.: 9.505ms, rate sampling interval: 29ms

-----------------------------------------------------------------------
Test Results @ http://10.1.0.21:5000 
  Thread Stats   Avg      Stdev     99%   +/- Stdev
    Latency     7.50ms    4.72ms  19.17ms   72.84%
    Req/Sec     2.06      8.52    38.00     94.32%
  Latency Distribution (HdrHistogram - Recorded Latency)
 50.000%    5.78ms
 75.000%   12.17ms
 90.000%   14.71ms
 99.000%   19.17ms
 99.900%   22.83ms
 99.990%   24.43ms
 99.999%   24.43ms
100.000%   24.43ms

  Detailed Percentile spectrum:
       Value   Percentile   TotalCount 1/(1-Percentile)

       1.675     0.000000            1         1.00
       3.289     0.100000           86         1.11
       3.599     0.200000          169         1.25
       3.861     0.300000          253         1.43
       4.783     0.400000          338         1.67
       5.783     0.500000          422         2.00
       6.003     0.550000          465         2.22
       6.227     0.600000          506         2.50
       6.491     0.650000          548         2.86
       9.663     0.700000          591         3.33
      12.167     0.750000          633         4.00
      12.671     0.775000          654         4.44
      12.871     0.800000          675         5.00
      13.231     0.825000          696         5.71
      13.663     0.850000          717         6.67
      14.199     0.875000          738         8.00
      14.455     0.887500          749         8.89
      14.711     0.900000          760        10.00
      15.039     0.912500          770        11.43
      15.359     0.925000          780        13.33
      15.895     0.937500          791        16.00
      16.039     0.943750          796        17.78
      16.511     0.950000          801        20.00
      16.687     0.956250          807        22.86
      16.991     0.962500          812        26.67
      17.519     0.968750          817        32.00
      17.999     0.971875          820        35.56
      18.031     0.975000          822        40.00
      18.191     0.978125          825        45.71
      18.399     0.981250          828        53.33
      18.559     0.984375          830        64.00
      18.831     0.985938          832        71.11
      19.039     0.987500          833        80.00
      19.087     0.989062          834        91.43
      19.215     0.990625          836       106.67
      19.663     0.992188          837       128.00
      19.711     0.992969          838       142.22
      19.711     0.993750          838       160.00
      19.871     0.994531          839       182.86
      21.375     0.995313          840       213.33
      21.375     0.996094          840       256.00
      21.519     0.996484          841       284.44
      21.519     0.996875          841       320.00
      21.519     0.997266          841       365.71
      22.831     0.997656          842       426.67
      22.831     0.998047          842       512.00
      22.831     0.998242          842       568.89
      22.831     0.998437          842       640.00
      22.831     0.998633          842       731.43
      24.431     0.998828          843       853.33
      24.431     1.000000          843          inf
#[Mean    =        7.500, StdDeviation   =        4.715]
#[Max     =       24.416, Total count    =          843]
#[Buckets =           27, SubBuckets     =         2048]
-----------------------------------------------------------------------
  1019 requests in 1.03m, 1.67MB read
  Socket errors: connect 0, read 0, write 0, timeout 51
Requests/sec:     16.43  
Transfer/sec:     27.56KB
AUTOTEST_DONE
