Running 1m test @ http://10.1.0.21:5000
  8 threads and 16 connections

  Thread calibration: mean lat.: 6.839ms, rate sampling interval: 27ms
  Thread calibration: mean lat.: 6.506ms, rate sampling interval: 26ms
  Thread calibration: mean lat.: 7.323ms, rate sampling interval: 29ms
  Thread calibration: mean lat.: 7.098ms, rate sampling interval: 27ms
  Thread calibration: mean lat.: 6.558ms, rate sampling interval: 29ms
  Thread calibration: mean lat.: 7.670ms, rate sampling interval: 29ms
  Thread calibration: mean lat.: 7.282ms, rate sampling interval: 28ms
  Thread calibration: mean lat.: 7.026ms, rate sampling interval: 28ms

-----------------------------------------------------------------------
Test Results @ http://10.1.0.21:5000 
  Thread Stats   Avg      Stdev     99%   +/- Stdev
    Latency     6.74ms    4.96ms  19.89ms   77.05%
    Req/Sec    15.98     24.21   103.00     92.68%
  Latency Distribution (HdrHistogram - Recorded Latency)
 50.000%    4.50ms
 75.000%   11.02ms
 90.000%   14.20ms
 99.000%   19.89ms
 99.900%   26.51ms
 99.990%   31.93ms
 99.999%   32.05ms
100.000%   32.05ms

  Detailed Percentile spectrum:
       Value   Percentile   TotalCount 1/(1-Percentile)

       0.782     0.000000            1         1.00
       2.309     0.100000          650         1.11
       2.577     0.200000         1300         1.25
       2.915     0.300000         1941         1.43
       3.849     0.400000         2587         1.67
       4.503     0.500000         3233         2.00
       4.799     0.550000         3557         2.22
       5.219     0.600000         3879         2.50
       6.787     0.650000         4203         2.86
       9.959     0.700000         4526         3.33
      11.023     0.750000         4850         4.00
      11.487     0.775000         5011         4.44
      11.927     0.800000         5175         5.00
      12.359     0.825000         5336         5.71
      12.919     0.850000         5496         6.67
      13.463     0.875000         5658         8.00
      13.815     0.887500         5738         8.89
      14.199     0.900000         5819        10.00
      14.647     0.912500         5904        11.43
      15.015     0.925000         5982        13.33
      15.495     0.937500         6062        16.00
      15.791     0.943750         6102        17.78
      16.031     0.950000         6142        20.00
      16.359     0.956250         6186        22.86
      16.767     0.962500         6224        26.67
      17.135     0.968750         6263        32.00
      17.471     0.971875         6284        35.56
      17.807     0.975000         6304        40.00
      18.095     0.978125         6325        45.71
      18.335     0.981250         6344        53.33
      18.671     0.984375         6364        64.00
      19.071     0.985938         6375        71.11
      19.375     0.987500         6386        80.00
      19.631     0.989062         6395        91.43
      20.047     0.990625         6405       106.67
      20.495     0.992188         6415       128.00
      20.655     0.992969         6420       142.22
      20.975     0.993750         6425       160.00
      21.391     0.994531         6430       182.86
      21.887     0.995313         6435       213.33
      22.591     0.996094         6440       256.00
      22.655     0.996484         6443       284.44
      22.703     0.996875         6446       320.00
      23.391     0.997266         6448       365.71
      23.647     0.997656         6450       426.67
      25.247     0.998047         6453       512.00
      25.615     0.998242         6454       568.89
      25.727     0.998437         6455       640.00
      25.999     0.998633         6457       731.43
      26.447     0.998828         6458       853.33
      26.511     0.999023         6459      1024.00
      27.311     0.999121         6460      1137.78
      27.311     0.999219         6460      1280.00
      27.807     0.999316         6461      1462.86
      29.263     0.999414         6462      1706.67
      29.263     0.999512         6462      2048.00
      30.463     0.999561         6463      2275.56
      30.463     0.999609         6463      2560.00
      30.463     0.999658         6463      2925.71
      31.935     0.999707         6464      3413.33
      31.935     0.999756         6464      4096.00
      31.935     0.999780         6464      4551.11
      31.935     0.999805         6464      5120.00
      31.935     0.999829         6464      5851.43
      32.047     0.999854         6465      6826.67
      32.047     1.000000         6465          inf
#[Mean    =        6.740, StdDeviation   =        4.964]
#[Max     =       32.032, Total count    =         6465]
#[Buckets =           27, SubBuckets     =         2048]
-----------------------------------------------------------------------
  7777 requests in 1.02m, 10.05MB read
Requests/sec:    127.20  
Transfer/sec:    168.40KB
AUTOTEST_DONE
