Running 1m test @ http://10.1.0.21:5000
  8 threads and 16 connections

  Thread calibration: mean lat.: 4.615ms, rate sampling interval: 21ms
  Thread calibration: mean lat.: 5.959ms, rate sampling interval: 22ms
  Thread calibration: mean lat.: 4.311ms, rate sampling interval: 17ms
  Thread calibration: mean lat.: 4.457ms, rate sampling interval: 18ms
  Thread calibration: mean lat.: 4.033ms, rate sampling interval: 19ms
  Thread calibration: mean lat.: 4.672ms, rate sampling interval: 20ms
  Thread calibration: mean lat.: 4.062ms, rate sampling interval: 17ms
  Thread calibration: mean lat.: 3.989ms, rate sampling interval: 16ms

-----------------------------------------------------------------------
Test Results @ http://10.1.0.21:5000 
  Thread Stats   Avg      Stdev     99%   +/- Stdev
    Latency     5.02ms    3.50ms  14.13ms   77.57%
    Req/Sec     8.03     21.07    66.00     86.32%
  Latency Distribution (HdrHistogram - Recorded Latency)
 50.000%    3.54ms
 75.000%    8.21ms
 90.000%   10.34ms
 99.000%   14.13ms
 99.900%   16.53ms
 99.990%   17.49ms
 99.999%   17.49ms
100.000%   17.49ms

  Detailed Percentile spectrum:
       Value   Percentile   TotalCount 1/(1-Percentile)

       0.909     0.000000            1         1.00
       1.884     0.100000          325         1.11
       2.055     0.200000          648         1.25
       2.253     0.300000          968         1.43
       3.153     0.400000         1290         1.67
       3.537     0.500000         1612         2.00
       3.709     0.550000         1774         2.22
       3.905     0.600000         1934         2.50
       4.267     0.650000         2095         2.86
       7.543     0.700000         2258         3.33
       8.207     0.750000         2418         4.00
       8.479     0.775000         2500         4.44
       8.743     0.800000         2580         5.00
       9.071     0.825000         2661         5.71
       9.399     0.850000         2745         6.67
       9.791     0.875000         2821         8.00
      10.079     0.887500         2861         8.89
      10.343     0.900000         2902        10.00
      10.575     0.912500         2941        11.43
      10.927     0.925000         2984        13.33
      11.295     0.937500         3022        16.00
      11.463     0.943750         3042        17.78
      11.711     0.950000         3062        20.00
      11.999     0.956250         3082        22.86
      12.343     0.962500         3103        26.67
      12.671     0.968750         3123        32.00
      12.775     0.971875         3133        35.56
      12.831     0.975000         3143        40.00
      12.959     0.978125         3154        45.71
      13.247     0.981250         3163        53.33
      13.463     0.984375         3173        64.00
      13.647     0.985938         3179        71.11
      13.767     0.987500         3183        80.00
      14.031     0.989062         3189        91.43
      14.207     0.990625         3193       106.67
      14.407     0.992188         3198       128.00
      14.487     0.992969         3201       142.22
      14.527     0.993750         3203       160.00
      14.711     0.994531         3206       182.86
      14.831     0.995313         3208       213.33
      15.143     0.996094         3211       256.00
      15.159     0.996484         3212       284.44
      15.231     0.996875         3213       320.00
      15.479     0.997266         3215       365.71
      15.863     0.997656         3216       426.67
      15.887     0.998047         3217       512.00
      16.047     0.998242         3218       568.89
      16.047     0.998437         3218       640.00
      16.231     0.998633         3219       731.43
      16.527     0.998828         3220       853.33
      16.527     0.999023         3220      1024.00
      16.575     0.999121         3221      1137.78
      16.575     0.999219         3221      1280.00
      16.575     0.999316         3221      1462.86
      16.831     0.999414         3222      1706.67
      16.831     0.999512         3222      2048.00
      16.831     0.999561         3222      2275.56
      16.831     0.999609         3222      2560.00
      16.831     0.999658         3222      2925.71
      17.487     0.999707         3223      3413.33
      17.487     1.000000         3223          inf
#[Mean    =        5.021, StdDeviation   =        3.496]
#[Max     =       17.472, Total count    =         3223]
#[Buckets =           27, SubBuckets     =         2048]
-----------------------------------------------------------------------
  3914 requests in 1.02m, 5.67MB read
Requests/sec:     63.88  
Transfer/sec:     94.83KB
AUTOTEST_DONE
