Running 1m test @ http://10.1.0.21:5000
  8 threads and 16 connections

  Thread calibration: mean lat.: 5.488ms, rate sampling interval: 23ms
  Thread calibration: mean lat.: 5.391ms, rate sampling interval: 23ms
  Thread calibration: mean lat.: 4.892ms, rate sampling interval: 20ms
  Thread calibration: mean lat.: 5.353ms, rate sampling interval: 22ms
  Thread calibration: mean lat.: 5.213ms, rate sampling interval: 21ms
  Thread calibration: mean lat.: 4.903ms, rate sampling interval: 21ms
  Thread calibration: mean lat.: 5.275ms, rate sampling interval: 24ms
  Thread calibration: mean lat.: 4.895ms, rate sampling interval: 20ms

-----------------------------------------------------------------------
Test Results @ http://10.1.0.21:5000 
  Thread Stats   Avg      Stdev     99%   +/- Stdev
    Latency     4.93ms    3.84ms  15.51ms   78.79%
    Req/Sec    16.10     27.54   100.00     76.91%
  Latency Distribution (HdrHistogram - Recorded Latency)
 50.000%    3.23ms
 75.000%    8.17ms
 90.000%   10.68ms
 99.000%   15.51ms
 99.900%   19.66ms
 99.990%   21.84ms
 99.999%   24.64ms
100.000%   24.64ms

  Detailed Percentile spectrum:
       Value   Percentile   TotalCount 1/(1-Percentile)

       0.708     0.000000            2         1.00
       1.578     0.100000          651         1.11
       1.697     0.200000         1296         1.25
       1.862     0.300000         1942         1.43
       2.867     0.400000         2586         1.67
       3.235     0.500000         3233         2.00
       3.399     0.550000         3560         2.22
       3.639     0.600000         3881         2.50
       4.527     0.650000         4203         2.86
       7.451     0.700000         4526         3.33
       8.171     0.750000         4849         4.00
       8.479     0.775000         5014         4.44
       8.863     0.800000         5174         5.00
       9.231     0.825000         5338         5.71
       9.647     0.850000         5497         6.67
      10.063     0.875000         5658         8.00
      10.415     0.887500         5739         8.89
      10.679     0.900000         5819        10.00
      10.975     0.912500         5900        11.43
      11.303     0.925000         5981        13.33
      11.767     0.937500         6062        16.00
      11.983     0.943750         6102        17.78
      12.239     0.950000         6143        20.00
      12.527     0.956250         6184        22.86
      12.847     0.962500         6223        26.67
      13.175     0.968750         6263        32.00
      13.407     0.971875         6284        35.56
      13.695     0.975000         6304        40.00
      13.975     0.978125         6324        45.71
      14.303     0.981250         6344        53.33
      14.783     0.984375         6364        64.00
      14.975     0.985938         6375        71.11
      15.151     0.987500         6385        80.00
      15.439     0.989062         6395        91.43
      15.615     0.990625         6405       106.67
      15.759     0.992188         6415       128.00
      15.887     0.992969         6420       142.22
      16.007     0.993750         6425       160.00
      16.199     0.994531         6430       182.86
      16.591     0.995313         6435       213.33
      17.007     0.996094         6440       256.00
      17.695     0.996484         6443       284.44
      17.871     0.996875         6445       320.00
      17.919     0.997266         6448       365.71
      18.063     0.997656         6450       426.67
      18.271     0.998047         6453       512.00
      18.639     0.998242         6454       568.89
      18.815     0.998437         6455       640.00
      19.007     0.998633         6457       731.43
      19.535     0.998828         6458       853.33
      19.663     0.999023         6459      1024.00
      19.759     0.999121         6460      1137.78
      19.759     0.999219         6460      1280.00
      20.095     0.999316         6461      1462.86
      20.655     0.999414         6462      1706.67
      20.655     0.999512         6462      2048.00
      20.783     0.999561         6463      2275.56
      20.783     0.999609         6463      2560.00
      20.783     0.999658         6463      2925.71
      21.839     0.999707         6464      3413.33
      21.839     0.999756         6464      4096.00
      21.839     0.999780         6464      4551.11
      21.839     0.999805         6464      5120.00
      21.839     0.999829         6464      5851.43
      24.639     0.999854         6465      6826.67
      24.639     1.000000         6465          inf
#[Mean    =        4.928, StdDeviation   =        3.836]
#[Max     =       24.624, Total count    =         6465]
#[Buckets =           27, SubBuckets     =         2048]
-----------------------------------------------------------------------
  7777 requests in 1.02m, 8.03MB read
Requests/sec:    127.21  
Transfer/sec:    134.52KB
AUTOTEST_DONE
