Running 1m test @ http://10.1.0.21:5000
  8 threads and 16 connections

  Thread calibration: mean lat.: 6.419ms, rate sampling interval: 28ms
  Thread calibration: mean lat.: 6.161ms, rate sampling interval: 27ms
  Thread calibration: mean lat.: 6.657ms, rate sampling interval: 27ms
  Thread calibration: mean lat.: 5.915ms, rate sampling interval: 27ms
  Thread calibration: mean lat.: 7.349ms, rate sampling interval: 29ms
  Thread calibration: mean lat.: 6.131ms, rate sampling interval: 27ms
  Thread calibration: mean lat.: 6.132ms, rate sampling interval: 25ms
  Thread calibration: mean lat.: 6.536ms, rate sampling interval: 29ms

-----------------------------------------------------------------------
Test Results @ http://10.1.0.21:5000 
  Thread Stats   Avg      Stdev     99%   +/- Stdev
    Latency     7.17ms    5.51ms  22.29ms   79.17%
    Req/Sec    16.02     24.48    83.00     92.79%
  Latency Distribution (HdrHistogram - Recorded Latency)
 50.000%    4.60ms
 75.000%   11.63ms
 90.000%   15.22ms
 99.000%   22.29ms
 99.900%   30.54ms
 99.990%   41.25ms
 99.999%   49.53ms
100.000%   49.53ms

  Detailed Percentile spectrum:
       Value   Percentile   TotalCount 1/(1-Percentile)

       0.974     0.000000            1         1.00
       2.397     0.100000          647         1.11
       2.677     0.200000         1297         1.25
       2.989     0.300000         1941         1.43
       3.955     0.400000         2587         1.67
       4.603     0.500000         3236         2.00
       4.895     0.550000         3561         2.22
       5.399     0.600000         3883         2.50
       7.163     0.650000         4203         2.86
      10.551     0.700000         4527         3.33
      11.631     0.750000         4852         4.00
      12.127     0.775000         5015         4.44
      12.639     0.800000         5173         5.00
      13.175     0.825000         5335         5.71
      13.767     0.850000         5497         6.67
      14.511     0.875000         5658         8.00
      14.903     0.887500         5740         8.89
      15.215     0.900000         5821        10.00
      15.735     0.912500         5901        11.43
      16.271     0.925000         5984        13.33
      16.831     0.937500         6064        16.00
      17.151     0.943750         6105        17.78
      17.663     0.950000         6143        20.00
      17.967     0.956250         6184        22.86
      18.415     0.962500         6225        26.67
      18.991     0.968750         6264        32.00
      19.263     0.971875         6285        35.56
      19.679     0.975000         6305        40.00
      20.079     0.978125         6326        45.71
      20.591     0.981250         6346        53.33
      21.023     0.984375         6365        64.00
      21.423     0.985938         6376        71.11
      21.935     0.987500         6387        80.00
      22.159     0.989062         6397        91.43
      22.591     0.990625         6406       106.67
      23.199     0.992188         6416       128.00
      23.375     0.992969         6421       142.22
      23.503     0.993750         6427       160.00
      24.383     0.994531         6432       182.86
      24.847     0.995313         6436       213.33
      25.743     0.996094         6441       256.00
      26.591     0.996484         6444       284.44
      26.703     0.996875         6446       320.00
      27.919     0.997266         6449       365.71
      28.143     0.997656         6451       426.67
      28.719     0.998047         6454       512.00
      28.959     0.998242         6455       568.89
      29.151     0.998437         6456       640.00
      29.855     0.998633         6458       731.43
      30.191     0.998828         6459       853.33
      30.543     0.999023         6460      1024.00
      31.839     0.999121         6461      1137.78
      31.839     0.999219         6461      1280.00
      33.247     0.999316         6462      1462.86
      33.439     0.999414         6463      1706.67
      33.439     0.999512         6463      2048.00
      37.407     0.999561         6464      2275.56
      37.407     0.999609         6464      2560.00
      37.407     0.999658         6464      2925.71
      41.247     0.999707         6465      3413.33
      41.247     0.999756         6465      4096.00
      41.247     0.999780         6465      4551.11
      41.247     0.999805         6465      5120.00
      41.247     0.999829         6465      5851.43
      49.535     0.999854         6466      6826.67
      49.535     1.000000         6466          inf
#[Mean    =        7.171, StdDeviation   =        5.511]
#[Max     =       49.504, Total count    =         6466]
#[Buckets =           27, SubBuckets     =         2048]
-----------------------------------------------------------------------
  7778 requests in 1.02m, 7.62MB read
Requests/sec:    127.25  
Transfer/sec:    127.72KB
AUTOTEST_DONE
