Running 1m test @ http://10.1.0.21:5000
  8 threads and 16 connections

  Thread calibration: mean lat.: 7.655ms, rate sampling interval: 25ms
  Thread calibration: mean lat.: 7.139ms, rate sampling interval: 26ms
  Thread calibration: mean lat.: 5.030ms, rate sampling interval: 13ms
  Thread calibration: mean lat.: 9.639ms, rate sampling interval: 33ms
  Thread calibration: mean lat.: 7.272ms, rate sampling interval: 28ms
  Thread calibration: mean lat.: 6.500ms, rate sampling interval: 26ms
  Thread calibration: mean lat.: 6.802ms, rate sampling interval: 31ms
  Thread calibration: mean lat.: 6.712ms, rate sampling interval: 26ms

-----------------------------------------------------------------------
Test Results @ http://10.1.0.21:5000 
  Thread Stats   Avg      Stdev     99%   +/- Stdev
    Latency     7.21ms    4.56ms  18.72ms   72.00%
    Req/Sec     2.04      9.61    40.00     95.12%
  Latency Distribution (HdrHistogram - Recorded Latency)
 50.000%    5.66ms
 75.000%   11.71ms
 90.000%   14.16ms
 99.000%   18.72ms
 99.900%   20.50ms
 99.990%   21.20ms
 99.999%   21.20ms
100.000%   21.20ms

  Detailed Percentile spectrum:
       Value   Percentile   TotalCount 1/(1-Percentile)

       1.396     0.000000            1         1.00
       3.205     0.100000           85         1.11
       3.465     0.200000          169         1.25
       3.679     0.300000          254         1.43
       4.131     0.400000          339         1.67
       5.655     0.500000          424         2.00
       5.923     0.550000          464         2.22
       6.127     0.600000          506         2.50
       6.427     0.650000          548         2.86
       8.599     0.700000          591         3.33
      11.711     0.750000          633         4.00
      12.263     0.775000          654         4.44
      12.759     0.800000          675         5.00
      13.007     0.825000          696         5.71
      13.359     0.850000          717         6.67
      13.567     0.875000          738         8.00
      13.879     0.887500          749         8.89
      14.159     0.900000          759        10.00
      14.439     0.912500          770        11.43
      14.775     0.925000          780        13.33
      15.311     0.937500          791        16.00
      15.711     0.943750          796        17.78
      15.959     0.950000          801        20.00
      16.319     0.956250          807        22.86
      16.831     0.962500          812        26.67
      16.911     0.968750          817        32.00
      17.103     0.971875          820        35.56
      17.135     0.975000          822        40.00
      17.391     0.978125          826        45.71
      17.503     0.981250          829        53.33
      17.695     0.984375          830        64.00
      17.743     0.985938          832        71.11
      17.807     0.987500          833        80.00
      17.919     0.989062          834        91.43
      18.767     0.990625          836       106.67
      18.943     0.992188          837       128.00
      19.055     0.992969          838       142.22
      19.055     0.993750          838       160.00
      19.327     0.994531          839       182.86
      19.567     0.995313          840       213.33
      19.567     0.996094          840       256.00
      19.999     0.996484          841       284.44
      19.999     0.996875          841       320.00
      19.999     0.997266          841       365.71
      20.495     0.997656          842       426.67
      20.495     0.998047          842       512.00
      20.495     0.998242          842       568.89
      20.495     0.998437          842       640.00
      20.495     0.998633          842       731.43
      21.199     0.998828          843       853.33
      21.199     1.000000          843          inf
#[Mean    =        7.207, StdDeviation   =        4.560]
#[Max     =       21.184, Total count    =          843]
#[Buckets =           27, SubBuckets     =         2048]
-----------------------------------------------------------------------
  1019 requests in 1.03m, 1.55MB read
  Socket errors: connect 0, read 0, write 0, timeout 51
Requests/sec:     16.43  
Transfer/sec:     25.59KB
AUTOTEST_DONE
