Running 1m test @ http://10.1.0.21:5000
  8 threads and 16 connections

  Thread calibration: mean lat.: 7.338ms, rate sampling interval: 32ms
  Thread calibration: mean lat.: 8.385ms, rate sampling interval: 35ms
  Thread calibration: mean lat.: 8.388ms, rate sampling interval: 36ms
  Thread calibration: mean lat.: 7.948ms, rate sampling interval: 32ms
  Thread calibration: mean lat.: 8.455ms, rate sampling interval: 34ms
  Thread calibration: mean lat.: 7.904ms, rate sampling interval: 32ms
  Thread calibration: mean lat.: 8.023ms, rate sampling interval: 31ms
  Thread calibration: mean lat.: 7.706ms, rate sampling interval: 33ms

-----------------------------------------------------------------------
Test Results @ http://10.1.0.21:5000 
  Thread Stats   Avg      Stdev     99%   +/- Stdev
    Latency     7.71ms    6.25ms  26.05ms   81.55%
    Req/Sec    31.97     30.73   125.00     51.31%
  Latency Distribution (HdrHistogram - Recorded Latency)
 50.000%    4.80ms
 75.000%   11.90ms
 90.000%   16.94ms
 99.000%   26.05ms
 99.900%   37.41ms
 99.990%   48.29ms
 99.999%   50.97ms
100.000%   50.97ms

  Detailed Percentile spectrum:
       Value   Percentile   TotalCount 1/(1-Percentile)

       0.749     0.000000            1         1.00
       2.255     0.100000         1300         1.11
       2.519     0.200000         2594         1.25
       2.907     0.300000         3890         1.43
       4.053     0.400000         5187         1.67
       4.803     0.500000         6485         2.00
       5.443     0.550000         7131         2.22
       6.627     0.600000         7777         2.50
       8.839     0.650000         8425         2.86
      10.703     0.700000         9075         3.33
      11.895     0.750000         9723         4.00
      12.527     0.775000        10045         4.44
      13.231     0.800000        10371         5.00
      14.031     0.825000        10696         5.71
      14.879     0.850000        11022         6.67
      15.775     0.875000        11341         8.00
      16.367     0.887500        11511         8.89
      16.943     0.900000        11669        10.00
      17.551     0.912500        11827        11.43
      18.143     0.925000        11992        13.33
      18.879     0.937500        12152        16.00
      19.279     0.943750        12235        17.78
      19.759     0.950000        12313        20.00
      20.255     0.956250        12394        22.86
      21.023     0.962500        12477        26.67
      21.663     0.968750        12557        32.00
      22.015     0.971875        12597        35.56
      22.527     0.975000        12637        40.00
      23.055     0.978125        12679        45.71
      23.567     0.981250        12718        53.33
      24.191     0.984375        12759        64.00
      24.527     0.985938        12779        71.11
      25.023     0.987500        12799        80.00
      25.727     0.989062        12820        91.43
      26.431     0.990625        12840       106.67
      27.119     0.992188        12860       128.00
      27.631     0.992969        12871       142.22
      28.223     0.993750        12880       160.00
      28.671     0.994531        12891       182.86
      29.391     0.995313        12901       213.33
      30.735     0.996094        12911       256.00
      31.519     0.996484        12916       284.44
      31.855     0.996875        12921       320.00
      32.591     0.997266        12926       365.71
      33.599     0.997656        12931       426.67
      34.111     0.998047        12936       512.00
      34.847     0.998242        12939       568.89
      35.327     0.998437        12941       640.00
      36.063     0.998633        12944       731.43
      36.863     0.998828        12946       853.33
      37.727     0.999023        12949      1024.00
      37.919     0.999121        12950      1137.78
      38.175     0.999219        12951      1280.00
      39.423     0.999316        12953      1462.86
      39.519     0.999414        12954      1706.67
      40.127     0.999512        12955      2048.00
      40.735     0.999561        12956      2275.56
      40.735     0.999609        12956      2560.00
      40.767     0.999658        12957      2925.71
      41.247     0.999707        12958      3413.33
      41.247     0.999756        12958      4096.00
      46.975     0.999780        12959      4551.11
      46.975     0.999805        12959      5120.00
      46.975     0.999829        12959      5851.43
      48.287     0.999854        12960      6826.67
      48.287     0.999878        12960      8192.00
      48.287     0.999890        12960      9102.22
      48.287     0.999902        12960     10240.00
      48.287     0.999915        12960     11702.86
      50.975     0.999927        12961     13653.33
      50.975     1.000000        12961          inf
#[Mean    =        7.706, StdDeviation   =        6.249]
#[Max     =       50.944, Total count    =        12961]
#[Buckets =           27, SubBuckets     =         2048]
-----------------------------------------------------------------------
  15552 requests in 1.02m, 11.93MB read
Requests/sec:    254.74  
Transfer/sec:    200.06KB
AUTOTEST_DONE
