Running 1m test @ http://10.1.0.21:5000
  8 threads and 16 connections

  Thread calibration: mean lat.: 7.871ms, rate sampling interval: 26ms
  Thread calibration: mean lat.: 7.805ms, rate sampling interval: 30ms
  Thread calibration: mean lat.: 10.178ms, rate sampling interval: 30ms
  Thread calibration: mean lat.: 7.558ms, rate sampling interval: 26ms
  Thread calibration: mean lat.: 10.665ms, rate sampling interval: 30ms
  Thread calibration: mean lat.: 8.120ms, rate sampling interval: 29ms
  Thread calibration: mean lat.: 10.375ms, rate sampling interval: 34ms
  Thread calibration: mean lat.: 8.442ms, rate sampling interval: 26ms

-----------------------------------------------------------------------
Test Results @ http://10.1.0.21:5000 
  Thread Stats   Avg      Stdev     99%   +/- Stdev
    Latency     8.31ms    4.83ms  19.23ms   70.30%
    Req/Sec     1.06      6.18    38.00     97.06%
  Latency Distribution (HdrHistogram - Recorded Latency)
 50.000%    6.61ms
 75.000%   13.21ms
 90.000%   15.98ms
 99.000%   19.23ms
 99.900%   20.35ms
 99.990%   20.35ms
 99.999%   20.35ms
100.000%   20.35ms

  Detailed Percentile spectrum:
       Value   Percentile   TotalCount 1/(1-Percentile)

       1.539     0.000000            1         1.00
       3.885     0.100000           44         1.11
       4.155     0.200000           88         1.25
       4.395     0.300000          130         1.43
       5.607     0.400000          173         1.67
       6.607     0.500000          216         2.00
       6.863     0.550000          239         2.22
       7.051     0.600000          259         2.50
       7.359     0.650000          281         2.86
      11.751     0.700000          302         3.33
      13.215     0.750000          324         4.00
      13.647     0.775000          335         4.44
      14.119     0.800000          345         5.00
      14.551     0.825000          356         5.71
      14.991     0.850000          367         6.67
      15.615     0.875000          378         8.00
      15.783     0.887500          383         8.89
      15.983     0.900000          388        10.00
      16.247     0.912500          394        11.43
      16.415     0.925000          399        13.33
      16.815     0.937500          405        16.00
      16.863     0.943750          407        17.78
      17.007     0.950000          410        20.00
      17.183     0.956250          413        22.86
      17.439     0.962500          415        26.67
      17.615     0.968750          418        32.00
      17.695     0.971875          419        35.56
      17.823     0.975000          421        40.00
      18.383     0.978125          422        45.71
      18.399     0.981250          423        53.33
      18.703     0.984375          425        64.00
      18.703     0.985938          425        71.11
      18.799     0.987500          426        80.00
      19.231     0.989062          427        91.43
      19.231     0.990625          427       106.67
      19.455     0.992188          428       128.00
      19.455     0.992969          428       142.22
      19.727     0.993750          429       160.00
      19.727     0.994531          429       182.86
      19.727     0.995313          429       213.33
      20.319     0.996094          430       256.00
      20.319     0.996484          430       284.44
      20.319     0.996875          430       320.00
      20.319     0.997266          430       365.71
      20.319     0.997656          430       426.67
      20.351     0.998047          431       512.00
      20.351     1.000000          431          inf
#[Mean    =        8.311, StdDeviation   =        4.831]
#[Max     =       20.336, Total count    =          431]
#[Buckets =           27, SubBuckets     =         2048]
-----------------------------------------------------------------------
  529 requests in 1.03m, 0.94MB read
  Socket errors: connect 0, read 0, write 0, timeout 157
Requests/sec:      8.53  
Transfer/sec:     15.46KB
AUTOTEST_DONE
