Running 1m test @ http://10.1.0.21:5000
  8 threads and 16 connections

  Thread calibration: mean lat.: 479.756ms, rate sampling interval: 2164ms
  Thread calibration: mean lat.: 573.388ms, rate sampling interval: 3137ms
  Thread calibration: mean lat.: 781.886ms, rate sampling interval: 2899ms
  Thread calibration: mean lat.: 779.400ms, rate sampling interval: 3080ms
  Thread calibration: mean lat.: 527.844ms, rate sampling interval: 2303ms
  Thread calibration: mean lat.: 959.309ms, rate sampling interval: 4743ms
  Thread calibration: mean lat.: 542.996ms, rate sampling interval: 2232ms
  Thread calibration: mean lat.: 1135.195ms, rate sampling interval: 5152ms

-----------------------------------------------------------------------
Test Results @ http://10.1.0.21:5000 
  Thread Stats   Avg      Stdev     99%   +/- Stdev
    Latency     7.47s     3.72s   14.83s    59.47%
    Req/Sec    97.83      8.21   117.00     79.26%
  Latency Distribution (HdrHistogram - Recorded Latency)
 50.000%    7.42s 
 75.000%   10.40s 
 90.000%   12.75s 
 99.000%   14.83s 
 99.900%   15.79s 
 99.990%   15.94s 
 99.999%   15.96s 
100.000%   15.96s 

  Detailed Percentile spectrum:
       Value   Percentile   TotalCount 1/(1-Percentile)

     846.847     0.000000            1         1.00
    2553.855     0.100000         4024         1.11
    3536.895     0.200000         8038         1.25
    4812.799     0.300000        12058         1.43
    6131.711     0.400000        16071         1.67
    7417.855     0.500000        20094         2.00
    8015.871     0.550000        22095         2.22
    8642.559     0.600000        24100         2.50
    9240.575     0.650000        26124         2.86
    9830.399     0.700000        28121         3.33
   10403.839     0.750000        30131         4.00
   10657.791     0.775000        31142         4.44
   11059.199     0.800000        32149         5.00
   11436.031     0.825000        33137         5.71
   11853.823     0.850000        34145         6.67
   12238.847     0.875000        35153         8.00
   12509.183     0.887500        35667         8.89
   12754.943     0.900000        36153        10.00
   12967.935     0.912500        36657        11.43
   13164.543     0.925000        37161        13.33
   13369.343     0.937500        37666        16.00
   13475.839     0.943750        37914        17.78
   13598.719     0.950000        38163        20.00
   13778.943     0.956250        38415        22.86
   14000.127     0.962500        38660        26.67
   14139.391     0.968750        38914        32.00
   14188.543     0.971875        39051        35.56
   14245.887     0.975000        39174        40.00
   14303.231     0.978125        39292        45.71
   14393.343     0.981250        39416        53.33
   14516.223     0.984375        39546        64.00
   14622.719     0.985938        39606        71.11
   14688.255     0.987500        39665        80.00
   14753.791     0.989062        39730        91.43
   14868.479     0.990625        39790       106.67
   14991.359     0.992188        39853       128.00
   15089.663     0.992969        39884       142.22
   15187.967     0.993750        39916       160.00
   15319.039     0.994531        39948       182.86
   15351.807     0.995313        39978       213.33
   15417.343     0.996094        40010       256.00
   15458.303     0.996484        40026       284.44
   15491.071     0.996875        40042       320.00
   15540.223     0.997266        40058       365.71
   15597.567     0.997656        40075       426.67
   15622.143     0.998047        40093       512.00
   15638.527     0.998242        40097       568.89
   15663.103     0.998437        40104       640.00
   15687.679     0.998633        40115       731.43
   15769.599     0.998828        40120       853.33
   15794.175     0.999023        40128      1024.00
   15810.559     0.999121        40137      1137.78
   15810.559     0.999219        40137      1280.00
   15818.751     0.999316        40143      1462.86
   15818.751     0.999414        40143      1706.67
   15835.135     0.999512        40147      2048.00
   15859.711     0.999561        40151      2275.56
   15859.711     0.999609        40151      2560.00
   15876.095     0.999658        40154      2925.71
   15892.479     0.999707        40155      3413.33
   15900.671     0.999756        40158      4096.00
   15900.671     0.999780        40158      4551.11
   15908.863     0.999805        40159      5120.00
   15925.247     0.999829        40160      5851.43
   15941.631     0.999854        40162      6826.67
   15941.631     0.999878        40162      8192.00
   15941.631     0.999890        40162      9102.22
   15949.823     0.999902        40165     10240.00
   15949.823     0.999915        40165     11702.86
   15949.823     0.999927        40165     13653.33
   15949.823     0.999939        40165     16384.00
   15949.823     0.999945        40165     18204.44
   15949.823     0.999951        40165     20480.00
   15949.823     0.999957        40165     23405.71
   15949.823     0.999963        40165     27306.67
   15949.823     0.999969        40165     32768.00
   15949.823     0.999973        40165     36408.89
   15958.015     0.999976        40166     40960.00
   15958.015     1.000000        40166          inf
#[Mean    =     7472.096, StdDeviation   =     3717.940]
#[Max     =    15949.824, Total count    =        40166]
#[Buckets =           27, SubBuckets     =         2048]
-----------------------------------------------------------------------
  48834 requests in 1.02m, 28.42MB read
Requests/sec:    800.46  
Transfer/sec:    477.05KB
AUTOTEST_DONE
