Running 1m test @ http://10.1.0.21:5000
  8 threads and 16 connections

  Thread calibration: mean lat.: 10.000ms, rate sampling interval: 38ms
  Thread calibration: mean lat.: 9.627ms, rate sampling interval: 35ms
  Thread calibration: mean lat.: 9.819ms, rate sampling interval: 38ms
  Thread calibration: mean lat.: 10.864ms, rate sampling interval: 39ms
  Thread calibration: mean lat.: 10.357ms, rate sampling interval: 37ms
  Thread calibration: mean lat.: 10.689ms, rate sampling interval: 38ms
  Thread calibration: mean lat.: 11.506ms, rate sampling interval: 38ms
  Thread calibration: mean lat.: 11.698ms, rate sampling interval: 42ms

-----------------------------------------------------------------------
Test Results @ http://10.1.0.21:5000 
  Thread Stats   Avg      Stdev     99%   +/- Stdev
    Latency     9.63ms    9.77ms  40.90ms   91.28%
    Req/Sec    31.91     28.99   114.00     58.00%
  Latency Distribution (HdrHistogram - Recorded Latency)
 50.000%    6.29ms
 75.000%   13.49ms
 90.000%   18.70ms
 99.000%   40.90ms
 99.900%  127.10ms
 99.990%  230.65ms
 99.999%  233.47ms
100.000%  233.47ms

  Detailed Percentile spectrum:
       Value   Percentile   TotalCount 1/(1-Percentile)

       1.014     0.000000            1         1.00
       2.863     0.100000         1299         1.11
       3.437     0.200000         2599         1.25
       4.271     0.300000         3889         1.43
       5.159     0.400000         5189         1.67
       6.291     0.500000         6482         2.00
       7.127     0.550000         7131         2.22
       8.495     0.600000         7778         2.50
      10.639     0.650000         8428         2.86
      12.191     0.700000         9077         3.33
      13.487     0.750000         9726         4.00
      14.191     0.775000        10051         4.44
      14.935     0.800000        10371         5.00
      15.711     0.825000        10696         5.71
      16.511     0.850000        11024         6.67
      17.455     0.875000        11344         8.00
      18.031     0.887500        11506         8.89
      18.703     0.900000        11667        10.00
      19.391     0.912500        11829        11.43
      20.303     0.925000        11991        13.33
      21.423     0.937500        12154        16.00
      22.095     0.943750        12234        17.78
      22.927     0.950000        12316        20.00
      23.775     0.956250        12397        22.86
      24.943     0.962500        12477        26.67
      26.511     0.968750        12558        32.00
      27.839     0.971875        12599        35.56
      29.423     0.975000        12639        40.00
      30.975     0.978125        12680        45.71
      33.055     0.981250        12720        53.33
      34.911     0.984375        12761        64.00
      36.447     0.985938        12781        71.11
      38.303     0.987500        12801        80.00
      40.159     0.989062        12822        91.43
      41.695     0.990625        12842       106.67
      45.023     0.992188        12862       128.00
      46.047     0.992969        12872       142.22
      47.807     0.993750        12882       160.00
      50.015     0.994531        12893       182.86
      52.671     0.995313        12903       213.33
      56.799     0.996094        12913       256.00
      59.199     0.996484        12918       284.44
      65.151     0.996875        12923       320.00
      67.007     0.997266        12928       365.71
      73.855     0.997656        12933       426.67
      94.719     0.998047        12938       512.00
      99.711     0.998242        12941       568.89
     102.463     0.998437        12943       640.00
     105.983     0.998633        12946       731.43
     117.567     0.998828        12948       853.33
     127.487     0.999023        12951      1024.00
     131.455     0.999121        12952      1137.78
     132.223     0.999219        12953      1280.00
     141.951     0.999316        12955      1462.86
     149.247     0.999414        12956      1706.67
     150.655     0.999512        12957      2048.00
     151.807     0.999561        12958      2275.56
     151.807     0.999609        12958      2560.00
     166.527     0.999658        12959      2925.71
     178.303     0.999707        12960      3413.33
     178.303     0.999756        12960      4096.00
     207.999     0.999780        12961      4551.11
     207.999     0.999805        12961      5120.00
     207.999     0.999829        12961      5851.43
     230.655     0.999854        12962      6826.67
     230.655     0.999878        12962      8192.00
     230.655     0.999890        12962      9102.22
     230.655     0.999902        12962     10240.00
     230.655     0.999915        12962     11702.86
     233.471     0.999927        12963     13653.33
     233.471     1.000000        12963          inf
#[Mean    =        9.627, StdDeviation   =        9.768]
#[Max     =      233.344, Total count    =        12963]
#[Buckets =           27, SubBuckets     =         2048]
-----------------------------------------------------------------------
  15554 requests in 1.02m, 17.45MB read
Requests/sec:    254.57  
Transfer/sec:    292.42KB
AUTOTEST_DONE
