Running 1m test @ http://10.1.0.42:8080/wrk2-api/review/compose
  8 threads and 16 connections

reconnect_socket
reconnect_socket
reconnect_socket
reconnect_socket
reconnect_socket
reconnect_socket
reconnect_socket
reconnect_socket
reconnect_socket
reconnect_socket
reconnect_socket
reconnect_socket
reconnect_socket
reconnect_socket
reconnect_socket
reconnect_socket
reconnect_socket
reconnect_socket
reconnect_socket
reconnect_socket
reconnect_socket
reconnect_socket
reconnect_socket
reconnect_socket
reconnect_socket
reconnect_socket
reconnect_socket
reconnect_socket
reconnect_socket
reconnect_socket
  Thread calibration: mean lat.: 42.020ms, rate sampling interval: 154ms
  Thread calibration: mean lat.: 259.208ms, rate sampling interval: 935ms
  Thread calibration: mean lat.: 81.794ms, rate sampling interval: 347ms
  Thread calibration: mean lat.: 43.730ms, rate sampling interval: 158ms
  Thread calibration: mean lat.: 309.078ms, rate sampling interval: 995ms
  Thread calibration: mean lat.: 336.071ms, rate sampling interval: 1260ms
  Thread calibration: mean lat.: 43.531ms, rate sampling interval: 176ms
  Thread calibration: mean lat.: 161.728ms, rate sampling interval: 579ms
reconnect_socket
reconnect_socket
reconnect_socket
reconnect_socket
reconnect_socket
reconnect_socket
reconnect_socket
reconnect_socket
reconnect_socket
reconnect_socket
reconnect_socket
reconnect_socket
reconnect_socket
reconnect_socket
reconnect_socket
reconnect_socket
reconnect_socket
reconnect_socket
reconnect_socket
reconnect_socket
reconnect_socket
reconnect_socket
reconnect_socket
reconnect_socket
reconnect_socket
reconnect_socket
reconnect_socket

-----------------------------------------------------------------------
Test Results @ http://10.1.0.42:8080/wrk2-api/review/compose 
  Thread Stats   Avg      Stdev     99%   +/- Stdev
    Latency   274.08ms  307.42ms   1.49s    88.57%
    Req/Sec    31.33     10.93    57.00     67.45%
  Latency Distribution (HdrHistogram - Recorded Latency)
 50.000%  192.51ms
 75.000%  391.42ms
 90.000%  621.05ms
 99.000%    1.49s 
 99.900%    1.89s 
 99.990%    2.27s 
 99.999%    2.32s 
100.000%    2.32s 

  Detailed Percentile spectrum:
       Value   Percentile   TotalCount 1/(1-Percentile)

       5.179     0.000000            1         1.00
      19.711     0.100000         1294         1.11
      30.719     0.200000         2589         1.25
      50.847     0.300000         3883         1.43
     106.047     0.400000         5175         1.67
     192.511     0.500000         6468         2.00
     230.143     0.550000         7118         2.22
     268.287     0.600000         7762         2.50
     306.943     0.650000         8410         2.86
     347.391     0.700000         9056         3.33
     391.423     0.750000         9702         4.00
     417.279     0.775000        10027         4.44
     443.647     0.800000        10351         5.00
     474.879     0.825000        10673         5.71
     512.767     0.850000        10996         6.67
     561.151     0.875000        11319         8.00
     586.751     0.887500        11483         8.89
     621.567     0.900000        11643        10.00
     665.599     0.912500        11806        11.43
     711.679     0.925000        11967        13.33
     783.359     0.937500        12129        16.00
     830.975     0.943750        12211        17.78
     888.831     0.950000        12290        20.00
     969.215     0.956250        12371        22.86
    1034.751     0.962500        12452        26.67
    1096.703     0.968750        12532        32.00
    1135.615     0.971875        12573        35.56
    1175.551     0.975000        12615        40.00
    1202.175     0.978125        12654        45.71
    1264.639     0.981250        12694        53.33
    1325.055     0.984375        12734        64.00
    1369.087     0.985938        12755        71.11
    1403.903     0.987500        12776        80.00
    1462.271     0.989062        12795        91.43
    1522.687     0.990625        12815       106.67
    1581.055     0.992188        12835       128.00
    1612.799     0.992969        12849       142.22
    1622.015     0.993750        12856       160.00
    1672.191     0.994531        12866       182.86
    1721.343     0.995313        12876       213.33
    1746.943     0.996094        12886       256.00
    1760.255     0.996484        12891       284.44
    1784.831     0.996875        12896       320.00
    1804.287     0.997266        12901       365.71
    1821.695     0.997656        12906       426.67
    1838.079     0.998047        12911       512.00
    1848.319     0.998242        12915       568.89
    1857.535     0.998437        12916       640.00
    1874.943     0.998633        12919       731.43
    1881.087     0.998828        12921       853.33
    1885.183     0.999023        12924      1024.00
    1894.399     0.999121        12925      1137.78
    1967.103     0.999219        12926      1280.00
    1986.559     0.999316        12928      1462.86
    2053.119     0.999414        12929      1706.67
    2074.623     0.999512        12930      2048.00
    2101.247     0.999561        12931      2275.56
    2101.247     0.999609        12931      2560.00
    2150.399     0.999658        12932      2925.71
    2166.783     0.999707        12933      3413.33
    2166.783     0.999756        12933      4096.00
    2263.039     0.999780        12934      4551.11
    2263.039     0.999805        12934      5120.00
    2263.039     0.999829        12934      5851.43
    2271.231     0.999854        12935      6826.67
    2271.231     0.999878        12935      8192.00
    2271.231     0.999890        12935      9102.22
    2271.231     0.999902        12935     10240.00
    2271.231     0.999915        12935     11702.86
    2320.383     0.999927        12936     13653.33
    2320.383     1.000000        12936          inf
#[Mean    =      274.084, StdDeviation   =      307.422]
#[Max     =     2318.336, Total count    =        12936]
#[Buckets =           27, SubBuckets     =         2048]
-----------------------------------------------------------------------
  15477 requests in 1.02m, 2.73MB read
  Non-2xx or 3xx responses: 57
Requests/sec:    253.55  
Transfer/sec:     45.72KB
AUTOTEST_DONE
