Running 1m test @ http://10.1.0.42:8080/wrk2-api/review/compose
  8 threads and 16 connections

reconnect_socket
reconnect_socket
reconnect_socket
reconnect_socket
  Thread calibration: mean lat.: 902.250ms, rate sampling interval: 4022ms
  Thread calibration: mean lat.: 1979.949ms, rate sampling interval: 6885ms
  Thread calibration: mean lat.: 1079.095ms, rate sampling interval: 4036ms
  Thread calibration: mean lat.: 1387.268ms, rate sampling interval: 5984ms
  Thread calibration: mean lat.: 578.665ms, rate sampling interval: 1973ms
  Thread calibration: mean lat.: 1651.859ms, rate sampling interval: 6184ms
  Thread calibration: mean lat.: 817.748ms, rate sampling interval: 4354ms
  Thread calibration: mean lat.: 1484.194ms, rate sampling interval: 5918ms
reconnect_socket
reconnect_socket
reconnect_socket
reconnect_socket
reconnect_socket
reconnect_socket
reconnect_socket
reconnect_socket
reconnect_socket
reconnect_socket
reconnect_socket
reconnect_socket
reconnect_socket
reconnect_socket
reconnect_socket
reconnect_socket
reconnect_socket
reconnect_socket
reconnect_socket
reconnect_socket
reconnect_socket
reconnect_socket
reconnect_socket
reconnect_socket
reconnect_socket
reconnect_socket
reconnect_socket
reconnect_socket
reconnect_socket
reconnect_socket
reconnect_socket
reconnect_socket
reconnect_socket
reconnect_socket
reconnect_socket
reconnect_socket
reconnect_socket
reconnect_socket
reconnect_socket
reconnect_socket
reconnect_socket
reconnect_socket
reconnect_socket
reconnect_socket
reconnect_socket
reconnect_socket
reconnect_socket
reconnect_socket
reconnect_socket
reconnect_socket
reconnect_socket
reconnect_socket
reconnect_socket
reconnect_socket
reconnect_socket
reconnect_socket
reconnect_socket
reconnect_socket
reconnect_socket
reconnect_socket
reconnect_socket
reconnect_socket
reconnect_socket
reconnect_socket
reconnect_socket
reconnect_socket
reconnect_socket
reconnect_socket
reconnect_socket
reconnect_socket
reconnect_socket
reconnect_socket
reconnect_socket
reconnect_socket
reconnect_socket
reconnect_socket
reconnect_socket
reconnect_socket
reconnect_socket
reconnect_socket
reconnect_socket
reconnect_socket
reconnect_socket
reconnect_socket
reconnect_socket
reconnect_socket
reconnect_socket
reconnect_socket
reconnect_socket
reconnect_socket
reconnect_socket
reconnect_socket
reconnect_socket
reconnect_socket
reconnect_socket
reconnect_socket
reconnect_socket
reconnect_socket
reconnect_socket
reconnect_socket
reconnect_socket
reconnect_socket
reconnect_socket
reconnect_socket
reconnect_socket
reconnect_socket
reconnect_socket
reconnect_socket
reconnect_socket
reconnect_socket
reconnect_socket
reconnect_socket
reconnect_socket
reconnect_socket
reconnect_socket
reconnect_socket
reconnect_socket
reconnect_socket
reconnect_socket
reconnect_socket
reconnect_socket
reconnect_socket
reconnect_socket
reconnect_socket
reconnect_socket
reconnect_socket
reconnect_socket
reconnect_socket
reconnect_socket
reconnect_socket
reconnect_socket
reconnect_socket
reconnect_socket
reconnect_socket
reconnect_socket
reconnect_socket
reconnect_socket
reconnect_socket
reconnect_socket
reconnect_socket
reconnect_socket
reconnect_socket
reconnect_socket
reconnect_socket
reconnect_socket
reconnect_socket
reconnect_socket
reconnect_socket
reconnect_socket
reconnect_socket
reconnect_socket
reconnect_socket
reconnect_socket
reconnect_socket
reconnect_socket
reconnect_socket
reconnect_socket
reconnect_socket
reconnect_socket
reconnect_socket
reconnect_socket
reconnect_socket
reconnect_socket
reconnect_socket
reconnect_socket
reconnect_socket
reconnect_socket
reconnect_socket
reconnect_socket
reconnect_socket
reconnect_socket
reconnect_socket
reconnect_socket
reconnect_socket
reconnect_socket
reconnect_socket
reconnect_socket
reconnect_socket
reconnect_socket
reconnect_socket
reconnect_socket
reconnect_socket
reconnect_socket
reconnect_socket
reconnect_socket
reconnect_socket
reconnect_socket
reconnect_socket
reconnect_socket
reconnect_socket
reconnect_socket
reconnect_socket
reconnect_socket
reconnect_socket
reconnect_socket
reconnect_socket
reconnect_socket
reconnect_socket
reconnect_socket
reconnect_socket
reconnect_socket
reconnect_socket
reconnect_socket
reconnect_socket
reconnect_socket
reconnect_socket
reconnect_socket
reconnect_socket
reconnect_socket
reconnect_socket
reconnect_socket
reconnect_socket
reconnect_socket
reconnect_socket
reconnect_socket
reconnect_socket
reconnect_socket
reconnect_socket
reconnect_socket
reconnect_socket
reconnect_socket
reconnect_socket
reconnect_socket
reconnect_socket
reconnect_socket
reconnect_socket
reconnect_socket
reconnect_socket
reconnect_socket
reconnect_socket
reconnect_socket
reconnect_socket
reconnect_socket
reconnect_socket
reconnect_socket
reconnect_socket
reconnect_socket
reconnect_socket
reconnect_socket
reconnect_socket
reconnect_socket
reconnect_socket
reconnect_socket
reconnect_socket
reconnect_socket
reconnect_socket
reconnect_socket
reconnect_socket
reconnect_socket
reconnect_socket
reconnect_socket
reconnect_socket
reconnect_socket
reconnect_socket
reconnect_socket
reconnect_socket
reconnect_socket
reconnect_socket
reconnect_socket
reconnect_socket
reconnect_socket
reconnect_socket
reconnect_socket
reconnect_socket
reconnect_socket
reconnect_socket
reconnect_socket
reconnect_socket
reconnect_socket
reconnect_socket
reconnect_socket
reconnect_socket
reconnect_socket
reconnect_socket
reconnect_socket
reconnect_socket
reconnect_socket
reconnect_socket
reconnect_socket
reconnect_socket
reconnect_socket
reconnect_socket
reconnect_socket
reconnect_socket
reconnect_socket
reconnect_socket
reconnect_socket
reconnect_socket
reconnect_socket
reconnect_socket
reconnect_socket
reconnect_socket
reconnect_socket
reconnect_socket
reconnect_socket
reconnect_socket
reconnect_socket
reconnect_socket
reconnect_socket
reconnect_socket
reconnect_socket
reconnect_socket
reconnect_socket
reconnect_socket
reconnect_socket
reconnect_socket
reconnect_socket
reconnect_socket
reconnect_socket
reconnect_socket
reconnect_socket
reconnect_socket
reconnect_socket
reconnect_socket
reconnect_socket
reconnect_socket
reconnect_socket
reconnect_socket
reconnect_socket
reconnect_socket
reconnect_socket
reconnect_socket
reconnect_socket
reconnect_socket
reconnect_socket
reconnect_socket
reconnect_socket
reconnect_socket
reconnect_socket
reconnect_socket
reconnect_socket
reconnect_socket
reconnect_socket
reconnect_socket
reconnect_socket

-----------------------------------------------------------------------
Test Results @ http://10.1.0.42:8080/wrk2-api/review/compose 
  Thread Stats   Avg      Stdev     99%   +/- Stdev
    Latency     4.61s     2.74s   11.23s    65.89%
    Req/Sec     6.55      1.31     9.00     91.21%
  Latency Distribution (HdrHistogram - Recorded Latency)
 50.000%    4.42s 
 75.000%    6.34s 
 90.000%    8.46s 
 99.000%   11.23s 
 99.900%   12.04s 
 99.990%   12.21s 
 99.999%   12.21s 
100.000%   12.21s 

  Detailed Percentile spectrum:
       Value   Percentile   TotalCount 1/(1-Percentile)

      87.295     0.000000            1         1.00
    1075.199     0.100000          291         1.11
    2078.719     0.200000          582         1.25
    2965.503     0.300000          871         1.43
    3700.735     0.400000         1161         1.67
    4423.679     0.500000         1452         2.00
    4755.455     0.550000         1598         2.22
    5050.367     0.600000         1743         2.50
    5435.391     0.650000         1888         2.86
    5881.855     0.700000         2032         3.33
    6340.607     0.750000         2179         4.00
    6524.927     0.775000         2252         4.44
    6778.879     0.800000         2322         5.00
    7176.191     0.825000         2395         5.71
    7598.079     0.850000         2468         6.67
    7979.007     0.875000         2540         8.00
    8183.807     0.887500         2577         8.89
    8462.335     0.900000         2612        10.00
    8642.559     0.912500         2649        11.43
    9052.159     0.925000         2686        13.33
    9625.599     0.937500         2722        16.00
    9846.783     0.943750         2740        17.78
   10067.967     0.950000         2757        20.00
   10239.999     0.956250         2776        22.86
   10395.647     0.962500         2794        26.67
   10592.255     0.968750         2812        32.00
   10690.559     0.971875         2821        35.56
   10862.591     0.975000         2831        40.00
   10928.127     0.978125         2839        45.71
   11018.239     0.981250         2850        53.33
   11075.583     0.984375         2857        64.00
   11141.119     0.985938         2862        71.11
   11182.079     0.987500         2867        80.00
   11214.847     0.989062         2871        91.43
   11247.615     0.990625         2875       106.67
   11345.919     0.992188         2880       128.00
   11395.071     0.992969         2882       142.22
   11411.455     0.993750         2885       160.00
   11476.991     0.994531         2887       182.86
   11558.911     0.995313         2889       213.33
   11599.871     0.996094         2891       256.00
   11608.063     0.996484         2892       284.44
   11755.519     0.996875         2893       320.00
   11829.247     0.997266         2895       365.71
   11886.591     0.997656         2896       426.67
   11894.783     0.998047         2897       512.00
   11894.783     0.998242         2897       568.89
   11919.359     0.998437         2898       640.00
   12042.239     0.998633         2899       731.43
   12042.239     0.998828         2899       853.33
   12148.735     0.999023         2900      1024.00
   12148.735     0.999121         2900      1137.78
   12148.735     0.999219         2900      1280.00
   12173.311     0.999316         2901      1462.86
   12173.311     0.999414         2901      1706.67
   12173.311     0.999512         2901      2048.00
   12173.311     0.999561         2901      2275.56
   12173.311     0.999609         2901      2560.00
   12214.271     0.999658         2902      2925.71
   12214.271     1.000000         2902          inf
#[Mean    =     4612.071, StdDeviation   =     2737.925]
#[Max     =    12206.080, Total count    =         2902]
#[Buckets =           27, SubBuckets     =         2048]
-----------------------------------------------------------------------
  3412 requests in 1.02m, 670.37KB read
  Non-2xx or 3xx responses: 339
Requests/sec:     55.77  
Transfer/sec:     10.96KB
AUTOTEST_DONE
