Running 1m test @ http://10.1.0.42:8080/wrk2-api/review/compose
  8 threads and 16 connections

  Thread calibration: mean lat.: 15.139ms, rate sampling interval: 48ms
  Thread calibration: mean lat.: 12.896ms, rate sampling interval: 34ms
  Thread calibration: mean lat.: 12.951ms, rate sampling interval: 36ms
  Thread calibration: mean lat.: 13.899ms, rate sampling interval: 35ms
  Thread calibration: mean lat.: 13.840ms, rate sampling interval: 36ms
  Thread calibration: mean lat.: 12.875ms, rate sampling interval: 34ms
  Thread calibration: mean lat.: 12.613ms, rate sampling interval: 33ms
  Thread calibration: mean lat.: 13.520ms, rate sampling interval: 35ms

-----------------------------------------------------------------------
Test Results @ http://10.1.0.42:8080/wrk2-api/review/compose 
  Thread Stats   Avg      Stdev     99%   +/- Stdev
    Latency    13.69ms    4.85ms  29.57ms   82.60%
    Req/Sec     3.91     10.39    31.00     86.76%
  Latency Distribution (HdrHistogram - Recorded Latency)
 50.000%   12.05ms
 75.000%   15.92ms
 90.000%   19.38ms
 99.000%   29.57ms
 99.900%   37.38ms
 99.990%   84.16ms
 99.999%   84.16ms
100.000%   84.16ms

  Detailed Percentile spectrum:
       Value   Percentile   TotalCount 1/(1-Percentile)

       6.143     0.000000            1         1.00
       9.791     0.100000          161         1.11
      10.679     0.200000          325         1.25
      11.159     0.300000          484         1.43
      11.615     0.400000          644         1.67
      12.047     0.500000          805         2.00
      12.287     0.550000          885         2.22
      12.527     0.600000          966         2.50
      13.063     0.650000         1046         2.86
      14.591     0.700000         1127         3.33
      15.919     0.750000         1207         4.00
      16.447     0.775000         1247         4.44
      16.959     0.800000         1289         5.00
      17.359     0.825000         1328         5.71
      17.903     0.850000         1368         6.67
      18.367     0.875000         1408         8.00
      18.783     0.887500         1428         8.89
      19.375     0.900000         1449        10.00
      20.079     0.912500         1469        11.43
      21.247     0.925000         1489        13.33
      22.399     0.937500         1509        16.00
      22.671     0.943750         1519        17.78
      23.231     0.950000         1529        20.00
      23.679     0.956250         1539        22.86
      24.159     0.962500         1549        26.67
      24.735     0.968750         1560        32.00
      25.151     0.971875         1564        35.56
      25.951     0.975000         1569        40.00
      26.847     0.978125         1574        45.71
      27.375     0.981250         1579        53.33
      28.207     0.984375         1584        64.00
      28.863     0.985938         1587        71.11
      29.103     0.987500         1589        80.00
      29.535     0.989062         1592        91.43
      29.599     0.990625         1594       106.67
      29.823     0.992188         1597       128.00
      30.175     0.992969         1598       142.22
      30.783     0.993750         1599       160.00
      33.087     0.994531         1601       182.86
      33.503     0.995313         1602       213.33
      33.759     0.996094         1603       256.00
      33.983     0.996484         1604       284.44
      33.983     0.996875         1604       320.00
      35.807     0.997266         1605       365.71
      35.903     0.997656         1606       426.67
      35.903     0.998047         1606       512.00
      37.375     0.998242         1607       568.89
      37.375     0.998437         1607       640.00
      37.375     0.998633         1607       731.43
      42.495     0.998828         1608       853.33
      42.495     0.999023         1608      1024.00
      42.495     0.999121         1608      1137.78
      42.495     0.999219         1608      1280.00
      42.495     0.999316         1608      1462.86
      84.159     0.999414         1609      1706.67
      84.159     1.000000         1609          inf
#[Mean    =       13.689, StdDeviation   =        4.851]
#[Max     =       84.096, Total count    =         1609]
#[Buckets =           27, SubBuckets     =         2048]
-----------------------------------------------------------------------
  1964 requests in 1.03m, 352.91KB read
  Socket errors: connect 0, read 0, write 0, timeout 11
Requests/sec:     31.75  
Transfer/sec:      5.70KB
AUTOTEST_DONE
