Running 1m test @ http://10.1.0.42:8080/wrk2-api/review/compose
  8 threads and 16 connections

  Thread calibration: mean lat.: 87.552ms, rate sampling interval: 260ms
  Thread calibration: mean lat.: 87.624ms, rate sampling interval: 241ms
  Thread calibration: mean lat.: 85.550ms, rate sampling interval: 230ms
  Thread calibration: mean lat.: 113.202ms, rate sampling interval: 369ms
  Thread calibration: mean lat.: 91.160ms, rate sampling interval: 279ms
  Thread calibration: mean lat.: 97.376ms, rate sampling interval: 258ms
  Thread calibration: mean lat.: 97.138ms, rate sampling interval: 268ms
  Thread calibration: mean lat.: 90.392ms, rate sampling interval: 252ms

-----------------------------------------------------------------------
Test Results @ http://10.1.0.42:8080/wrk2-api/review/compose 
  Thread Stats   Avg      Stdev     99%   +/- Stdev
    Latency    96.52ms   41.94ms 215.04ms   78.37%
    Req/Sec     0.90      1.74     7.00     91.64%
  Latency Distribution (HdrHistogram - Recorded Latency)
 50.000%   88.13ms
 75.000%  113.98ms
 90.000%  147.33ms
 99.000%  215.04ms
 99.900%  483.58ms
 99.990%  483.58ms
 99.999%  483.58ms
100.000%  483.58ms

  Detailed Percentile spectrum:
       Value   Percentile   TotalCount 1/(1-Percentile)

      32.559     0.000000            1         1.00
      55.935     0.100000           43         1.11
      65.599     0.200000           86         1.25
      71.935     0.300000          129         1.43
      79.167     0.400000          172         1.67
      88.127     0.500000          215         2.00
      93.247     0.550000          237         2.22
      96.191     0.600000          258         2.50
     101.055     0.650000          280         2.86
     106.367     0.700000          301         3.33
     113.983     0.750000          323         4.00
     117.951     0.775000          334         4.44
     121.023     0.800000          344         5.00
     126.207     0.825000          355         5.71
     131.967     0.850000          366         6.67
     140.031     0.875000          377         8.00
     143.487     0.887500          382         8.89
     147.327     0.900000          388        10.00
     150.911     0.912500          393        11.43
     157.183     0.925000          398        13.33
     164.607     0.937500          404        16.00
     170.751     0.943750          406        17.78
     174.847     0.950000          409        20.00
     184.447     0.956250          412        22.86
     194.431     0.962500          414        26.67
     197.247     0.968750          417        32.00
     197.375     0.971875          418        35.56
     204.287     0.975000          420        40.00
     208.511     0.978125          421        45.71
     208.767     0.981250          422        53.33
     210.943     0.984375          424        64.00
     210.943     0.985938          424        71.11
     214.527     0.987500          425        80.00
     215.039     0.989062          426        91.43
     215.039     0.990625          426       106.67
     215.935     0.992188          427       128.00
     215.935     0.992969          427       142.22
     226.687     0.993750          428       160.00
     226.687     0.994531          428       182.86
     226.687     0.995313          428       213.33
     237.311     0.996094          429       256.00
     237.311     0.996484          429       284.44
     237.311     0.996875          429       320.00
     237.311     0.997266          429       365.71
     237.311     0.997656          429       426.67
     483.583     0.998047          430       512.00
     483.583     1.000000          430          inf
#[Mean    =       96.522, StdDeviation   =       41.941]
#[Max     =      483.328, Total count    =          430]
#[Buckets =           27, SubBuckets     =         2048]
-----------------------------------------------------------------------
  529 requests in 1.03m, 95.05KB read
  Socket errors: connect 0, read 0, write 0, timeout 156
Requests/sec:      8.53  
Transfer/sec:      1.53KB
AUTOTEST_DONE
