Running 1m test @ http://10.1.0.44:8080
  8 threads and 16 connections

  Thread calibration: mean lat.: 22.411ms, rate sampling interval: 81ms
  Thread calibration: mean lat.: 22.286ms, rate sampling interval: 79ms
  Thread calibration: mean lat.: 22.928ms, rate sampling interval: 86ms
  Thread calibration: mean lat.: 26.239ms, rate sampling interval: 92ms
  Thread calibration: mean lat.: 25.112ms, rate sampling interval: 87ms
  Thread calibration: mean lat.: 23.107ms, rate sampling interval: 85ms
  Thread calibration: mean lat.: 22.730ms, rate sampling interval: 82ms
  Thread calibration: mean lat.: 22.662ms, rate sampling interval: 80ms

-----------------------------------------------------------------------
Test Results @ http://10.1.0.44:8080 
  Thread Stats   Avg      Stdev     99%   +/- Stdev
    Latency    23.75ms   15.76ms  77.76ms   78.54%
    Req/Sec     7.65      9.57    37.00     85.96%
  Latency Distribution (HdrHistogram - Recorded Latency)
 50.000%   20.80ms
 75.000%   29.89ms
 90.000%   42.40ms
 99.000%   77.76ms
 99.900%  122.56ms
 99.990%  293.38ms
 99.999%  293.38ms
100.000%  293.38ms

  Detailed Percentile spectrum:
       Value   Percentile   TotalCount 1/(1-Percentile)

       0.694     0.000000            1         1.00
       8.511     0.100000          323         1.11
      12.063     0.200000          646         1.25
      15.263     0.300000          969         1.43
      17.807     0.400000         1290         1.67
      20.799     0.500000         1613         2.00
      22.287     0.550000         1775         2.22
      23.839     0.600000         1935         2.50
      25.775     0.650000         2097         2.86
      27.695     0.700000         2257         3.33
      29.887     0.750000         2419         4.00
      31.263     0.775000         2499         4.44
      32.799     0.800000         2587         5.00
      34.079     0.825000         2663         5.71
      36.255     0.850000         2741         6.67
      39.263     0.875000         2822         8.00
      40.799     0.887500         2864         8.89
      42.399     0.900000         2902        10.00
      43.839     0.912500         2942        11.43
      45.791     0.925000         2983        13.33
      47.839     0.937500         3023        16.00
      49.343     0.943750         3044        17.78
      51.455     0.950000         3063        20.00
      53.215     0.956250         3083        22.86
      55.583     0.962500         3104        26.67
      58.431     0.968750         3124        32.00
      59.935     0.971875         3134        35.56
      61.599     0.975000         3144        40.00
      63.071     0.978125         3154        45.71
      65.183     0.981250         3164        53.33
      68.671     0.984375         3174        64.00
      69.759     0.985938         3179        71.11
      72.703     0.987500         3184        80.00
      75.711     0.989062         3189        91.43
      79.679     0.990625         3194       106.67
      81.343     0.992188         3199       128.00
      82.815     0.992969         3202       142.22
      83.199     0.993750         3204       160.00
      86.783     0.994531         3207       182.86
      89.471     0.995313         3209       213.33
      90.687     0.996094         3212       256.00
      90.815     0.996484         3213       284.44
      93.311     0.996875         3214       320.00
      94.655     0.997266         3216       365.71
     104.703     0.997656         3217       426.67
     105.727     0.998047         3218       512.00
     117.503     0.998242         3219       568.89
     117.503     0.998437         3219       640.00
     120.319     0.998633         3220       731.43
     122.559     0.998828         3221       853.33
     122.559     0.999023         3221      1024.00
     153.215     0.999121         3222      1137.78
     153.215     0.999219         3222      1280.00
     153.215     0.999316         3222      1462.86
     167.935     0.999414         3223      1706.67
     167.935     0.999512         3223      2048.00
     167.935     0.999561         3223      2275.56
     167.935     0.999609         3223      2560.00
     167.935     0.999658         3223      2925.71
     293.375     0.999707         3224      3413.33
     293.375     1.000000         3224          inf
#[Mean    =       23.749, StdDeviation   =       15.756]
#[Max     =      293.120, Total count    =         3224]
#[Buckets =           27, SubBuckets     =         2048]
-----------------------------------------------------------------------
  3913 requests in 1.02m, 789.07KB read
  Non-2xx or 3xx responses: 425
Requests/sec:     63.84  
Transfer/sec:     12.87KB
AUTOTEST_DONE
