Running 1m test @ http://10.1.0.44:8080
  8 threads and 16 connections

  Thread calibration: mean lat.: 2.001ms, rate sampling interval: 10ms
  Thread calibration: mean lat.: 2.325ms, rate sampling interval: 10ms
  Thread calibration: mean lat.: 2.202ms, rate sampling interval: 10ms
  Thread calibration: mean lat.: 2.082ms, rate sampling interval: 10ms
  Thread calibration: mean lat.: 1.930ms, rate sampling interval: 10ms
  Thread calibration: mean lat.: 1.913ms, rate sampling interval: 10ms
  Thread calibration: mean lat.: 2.051ms, rate sampling interval: 10ms
  Thread calibration: mean lat.: 1.806ms, rate sampling interval: 10ms

-----------------------------------------------------------------------
Test Results @ http://10.1.0.44:8080 
  Thread Stats   Avg      Stdev     99%   +/- Stdev
    Latency     1.98ms    1.24ms   6.46ms   89.92%
    Req/Sec     8.35     29.65   111.00     92.34%
  Latency Distribution (HdrHistogram - Recorded Latency)
 50.000%    1.56ms
 75.000%    1.96ms
 90.000%    3.36ms
 99.000%    6.46ms
 99.900%    8.06ms
 99.990%   11.53ms
 99.999%   11.53ms
100.000%   11.53ms

  Detailed Percentile spectrum:
       Value   Percentile   TotalCount 1/(1-Percentile)

       0.927     0.000000            2         1.00
       1.245     0.100000          326         1.11
       1.325     0.200000          646         1.25
       1.393     0.300000          968         1.43
       1.463     0.400000         1295         1.67
       1.562     0.500000         1613         2.00
       1.632     0.550000         1774         2.22
       1.701     0.600000         1936         2.50
       1.792     0.650000         2095         2.86
       1.872     0.700000         2257         3.33
       1.959     0.750000         2421         4.00
       1.996     0.775000         2498         4.44
       2.043     0.800000         2580         5.00
       2.091     0.825000         2661         5.71
       2.153     0.850000         2740         6.67
       2.231     0.875000         2821         8.00
       2.369     0.887500         2861         8.89
       3.357     0.900000         2901        10.00
       4.335     0.912500         2942        11.43
       4.787     0.925000         2982        13.33
       5.207     0.937500         3023        16.00
       5.399     0.943750         3042        17.78
       5.595     0.950000         3062        20.00
       5.679     0.956250         3083        22.86
       5.775     0.962500         3103        26.67
       5.907     0.968750         3124        32.00
       5.939     0.971875         3133        35.56
       5.999     0.975000         3143        40.00
       6.099     0.978125         3154        45.71
       6.131     0.981250         3163        53.33
       6.255     0.984375         3173        64.00
       6.323     0.985938         3178        71.11
       6.363     0.987500         3183        80.00
       6.419     0.989062         3188        91.43
       6.483     0.990625         3193       106.67
       6.551     0.992188         3199       128.00
       6.663     0.992969         3201       142.22
       6.671     0.993750         3203       160.00
       6.771     0.994531         3206       182.86
       6.811     0.995313         3208       213.33
       6.943     0.996094         3211       256.00
       6.991     0.996484         3212       284.44
       7.027     0.996875         3213       320.00
       7.343     0.997266         3215       365.71
       7.395     0.997656         3216       426.67
       7.743     0.998047         3217       512.00
       7.827     0.998242         3218       568.89
       7.827     0.998437         3218       640.00
       7.915     0.998633         3219       731.43
       8.063     0.998828         3220       853.33
       8.063     0.999023         3220      1024.00
       8.147     0.999121         3221      1137.78
       8.147     0.999219         3221      1280.00
       8.147     0.999316         3221      1462.86
       8.287     0.999414         3222      1706.67
       8.287     0.999512         3222      2048.00
       8.287     0.999561         3222      2275.56
       8.287     0.999609         3222      2560.00
       8.287     0.999658         3222      2925.71
      11.535     0.999707         3223      3413.33
      11.535     1.000000         3223          inf
#[Mean    =        1.982, StdDeviation   =        1.239]
#[Max     =       11.528, Total count    =         3223]
#[Buckets =           27, SubBuckets     =         2048]
-----------------------------------------------------------------------
  3914 requests in 1.02m, 786.10KB read
  Non-2xx or 3xx responses: 378
Requests/sec:     63.97  
Transfer/sec:     12.85KB
AUTOTEST_DONE
