Running 1m test @ http://10.1.0.44:8080
  8 threads and 16 connections

  Thread calibration: mean lat.: 210.042ms, rate sampling interval: 1174ms
  Thread calibration: mean lat.: 179.875ms, rate sampling interval: 754ms
  Thread calibration: mean lat.: 372.437ms, rate sampling interval: 1150ms
  Thread calibration: mean lat.: 164.220ms, rate sampling interval: 580ms
  Thread calibration: mean lat.: 254.336ms, rate sampling interval: 956ms
  Thread calibration: mean lat.: 254.098ms, rate sampling interval: 1266ms
  Thread calibration: mean lat.: 285.943ms, rate sampling interval: 1305ms
  Thread calibration: mean lat.: 217.913ms, rate sampling interval: 844ms

-----------------------------------------------------------------------
Test Results @ http://10.1.0.44:8080 
  Thread Stats   Avg      Stdev     99%   +/- Stdev
    Latency     1.92s   948.45ms   4.73s    66.77%
    Req/Sec   242.26     24.95   309.00     86.37%
  Latency Distribution (HdrHistogram - Recorded Latency)
 50.000%    1.69s 
 75.000%    2.72s 
 90.000%    3.20s 
 99.000%    4.73s 
 99.900%    5.16s 
 99.990%    5.23s 
 99.999%    5.25s 
100.000%    5.25s 

  Detailed Percentile spectrum:
       Value   Percentile   TotalCount 1/(1-Percentile)

       6.763     0.000000            1         1.00
     831.999     0.100000         9922         1.11
    1119.231     0.200000        19850         1.25
    1292.287     0.300000        29754         1.43
    1474.559     0.400000        39657         1.67
    1691.647     0.500000        49576         2.00
    1826.815     0.550000        54535         2.22
    2012.159     0.600000        59498         2.50
    2226.175     0.650000        64456         2.86
    2482.175     0.700000        69431         3.33
    2715.647     0.750000        74373         4.00
    2781.183     0.775000        76876         4.44
    2861.055     0.800000        79352         5.00
    2936.831     0.825000        81866         5.71
    3006.463     0.850000        84302         6.67
    3086.335     0.875000        86750         8.00
    3141.631     0.887500        88004         8.89
    3196.927     0.900000        89244        10.00
    3264.511     0.912500        90489        11.43
    3377.151     0.925000        91717        13.33
    3504.127     0.937500        92946        16.00
    3540.991     0.943750        93576        17.78
    3579.903     0.950000        94190        20.00
    3618.815     0.956250        94840        22.86
    3663.871     0.962500        95442        26.67
    3713.023     0.968750        96048        32.00
    3741.695     0.971875        96369        35.56
    3772.415     0.975000        96669        40.00
    3817.471     0.978125        96973        45.71
    3885.055     0.981250        97286        53.33
    4038.655     0.984375        97593        64.00
    4194.303     0.985938        97747        71.11
    4452.351     0.987500        97905        80.00
    4689.919     0.989062        98060        91.43
    4771.839     0.990625        98213       106.67
    4833.279     0.992188        98369       128.00
    4870.143     0.992969        98453       142.22
    4902.911     0.993750        98531       160.00
    4919.295     0.994531        98602       182.86
    4931.583     0.995313        98679       213.33
    4956.159     0.996094        98763       256.00
    4964.351     0.996484        98794       284.44
    4984.831     0.996875        98835       320.00
    5021.695     0.997266        98873       365.71
    5074.943     0.997656        98913       426.67
    5107.711     0.998047        98948       512.00
    5124.095     0.998242        98969       568.89
    5136.383     0.998437        98996       640.00
    5144.575     0.998633        99017       731.43
    5152.767     0.998828        99029       853.33
    5165.055     0.999023        99052      1024.00
    5169.151     0.999121        99063      1137.78
    5173.247     0.999219        99073      1280.00
    5177.343     0.999316        99081      1462.86
    5181.439     0.999414        99089      1706.67
    5185.535     0.999512        99100      2048.00
    5185.535     0.999561        99100      2275.56
    5189.631     0.999609        99105      2560.00
    5193.727     0.999658        99110      2925.71
    5197.823     0.999707        99112      3413.33
    5206.015     0.999756        99117      4096.00
    5218.303     0.999780        99120      4551.11
    5222.399     0.999805        99124      5120.00
    5226.495     0.999829        99126      5851.43
    5230.591     0.999854        99128      6826.67
    5234.687     0.999878        99132      8192.00
    5234.687     0.999890        99132      9102.22
    5234.687     0.999902        99132     10240.00
    5238.783     0.999915        99136     11702.86
    5238.783     0.999927        99136     13653.33
    5238.783     0.999939        99136     16384.00
    5238.783     0.999945        99136     18204.44
    5242.879     0.999951        99138     20480.00
    5242.879     0.999957        99138     23405.71
    5242.879     0.999963        99138     27306.67
    5242.879     0.999969        99138     32768.00
    5246.975     0.999973        99140     36408.89
    5246.975     0.999976        99140     40960.00
    5246.975     0.999979        99140     46811.43
    5246.975     0.999982        99140     54613.33
    5246.975     0.999985        99140     65536.00
    5246.975     0.999986        99140     72817.78
    5246.975     0.999988        99140     81920.00
    5246.975     0.999989        99140     93622.86
    5251.071     0.999991        99141    109226.67
    5251.071     1.000000        99141          inf
#[Mean    =     1924.751, StdDeviation   =      948.451]
#[Max     =     5246.976, Total count    =        99141]
#[Buckets =           27, SubBuckets     =         2048]
-----------------------------------------------------------------------
  118651 requests in 1.02m, 23.29MB read
  Non-2xx or 3xx responses: 11774
Requests/sec:   1944.99  
Transfer/sec:    390.99KB
AUTOTEST_DONE
