Running 1m test @ http://10.1.0.44:8080
  8 threads and 16 connections

  Thread calibration: mean lat.: 3.467ms, rate sampling interval: 16ms
  Thread calibration: mean lat.: 3.579ms, rate sampling interval: 15ms
  Thread calibration: mean lat.: 3.528ms, rate sampling interval: 16ms
  Thread calibration: mean lat.: 3.360ms, rate sampling interval: 14ms
  Thread calibration: mean lat.: 3.367ms, rate sampling interval: 14ms
  Thread calibration: mean lat.: 3.307ms, rate sampling interval: 14ms
  Thread calibration: mean lat.: 3.358ms, rate sampling interval: 14ms
  Thread calibration: mean lat.: 3.221ms, rate sampling interval: 14ms

-----------------------------------------------------------------------
Test Results @ http://10.1.0.44:8080 
  Thread Stats   Avg      Stdev     99%   +/- Stdev
    Latency     3.18ms    2.39ms  12.07ms   87.21%
    Req/Sec    65.93     68.73   285.00     81.72%
  Latency Distribution (HdrHistogram - Recorded Latency)
 50.000%    2.33ms
 75.000%    3.27ms
 90.000%    6.87ms
 99.000%   12.07ms
 99.900%   17.34ms
 99.990%   21.10ms
 99.999%   25.85ms
100.000%   25.85ms

  Detailed Percentile spectrum:
       Value   Percentile   TotalCount 1/(1-Percentile)

       0.912     0.000000            1         1.00
       1.522     0.100000         2626         1.11
       1.682     0.200000         5222         1.25
       1.868     0.300000         7829         1.43
       2.093     0.400000        10445         1.67
       2.329     0.500000        13066         2.00
       2.455     0.550000        14365         2.22
       2.597     0.600000        15662         2.50
       2.767     0.650000        16963         2.86
       2.987     0.700000        18265         3.33
       3.273     0.750000        19570         4.00
       3.489     0.775000        20222         4.44
       3.751     0.800000        20873         5.00
       4.163     0.825000        21533         5.71
       4.795     0.850000        22181         6.67
       5.723     0.875000        22830         8.00
       6.295     0.887500        23157         8.89
       6.867     0.900000        23484        10.00
       7.415     0.912500        23809        11.43
       7.903     0.925000        24136        13.33
       8.311     0.937500        24465        16.00
       8.519     0.943750        24625        17.78
       8.751     0.950000        24789        20.00
       9.007     0.956250        24955        22.86
       9.295     0.962500        25116        26.67
       9.607     0.968750        25277        32.00
       9.775     0.971875        25360        35.56
      10.023     0.975000        25440        40.00
      10.303     0.978125        25521        45.71
      10.615     0.981250        25603        53.33
      11.007     0.984375        25684        64.00
      11.271     0.985938        25725        71.11
      11.583     0.987500        25766        80.00
      11.887     0.989062        25806        91.43
      12.207     0.990625        25847       106.67
      12.615     0.992188        25889       128.00
      12.839     0.992969        25908       142.22
      13.207     0.993750        25928       160.00
      13.471     0.994531        25949       182.86
      13.791     0.995313        25969       213.33
      14.079     0.996094        25990       256.00
      14.383     0.996484        26000       284.44
      14.687     0.996875        26010       320.00
      14.855     0.997266        26020       365.71
      15.231     0.997656        26030       426.67
      15.639     0.998047        26041       512.00
      16.103     0.998242        26046       568.89
      16.263     0.998437        26051       640.00
      16.703     0.998633        26056       731.43
      17.215     0.998828        26061       853.33
      17.359     0.999023        26066      1024.00
      17.487     0.999121        26069      1137.78
      17.695     0.999219        26071      1280.00
      17.823     0.999316        26074      1462.86
      18.527     0.999414        26076      1706.67
      18.767     0.999512        26079      2048.00
      18.959     0.999561        26080      2275.56
      19.167     0.999609        26081      2560.00
      20.031     0.999658        26083      2925.71
      20.063     0.999707        26084      3413.33
      20.783     0.999756        26085      4096.00
      21.071     0.999780        26086      4551.11
      21.071     0.999805        26086      5120.00
      21.103     0.999829        26088      5851.43
      21.103     0.999854        26088      6826.67
      21.103     0.999878        26088      8192.00
      21.119     0.999890        26089      9102.22
      21.119     0.999902        26089     10240.00
      21.119     0.999915        26089     11702.86
      24.383     0.999927        26090     13653.33
      24.383     0.999939        26090     16384.00
      24.383     0.999945        26090     18204.44
      24.383     0.999951        26090     20480.00
      24.383     0.999957        26090     23405.71
      25.855     0.999963        26091     27306.67
      25.855     1.000000        26091          inf
#[Mean    =        3.176, StdDeviation   =        2.393]
#[Max     =       25.840, Total count    =        26091]
#[Buckets =           27, SubBuckets     =         2048]
-----------------------------------------------------------------------
  31195 requests in 1.02m, 6.13MB read
  Non-2xx or 3xx responses: 3151
Requests/sec:    511.18  
Transfer/sec:    102.82KB
AUTOTEST_DONE
