Running 1m test @ http://10.1.0.44:8080
  8 threads and 16 connections

  Thread calibration: mean lat.: 585.615ms, rate sampling interval: 1928ms
  Thread calibration: mean lat.: 519.099ms, rate sampling interval: 1777ms
  Thread calibration: mean lat.: 708.552ms, rate sampling interval: 2260ms
  Thread calibration: mean lat.: 609.191ms, rate sampling interval: 2371ms
  Thread calibration: mean lat.: 637.283ms, rate sampling interval: 2154ms
  Thread calibration: mean lat.: 501.892ms, rate sampling interval: 1864ms
  Thread calibration: mean lat.: 587.657ms, rate sampling interval: 1916ms
  Thread calibration: mean lat.: 584.185ms, rate sampling interval: 1979ms

-----------------------------------------------------------------------
Test Results @ http://10.1.0.44:8080 
  Thread Stats   Avg      Stdev     99%   +/- Stdev
    Latency     5.42s     3.67s   14.74s    75.84%
    Req/Sec   375.61     86.60   477.00     57.58%
  Latency Distribution (HdrHistogram - Recorded Latency)
 50.000%    4.14s 
 75.000%    7.08s 
 90.000%   11.94s 
 99.000%   14.74s 
 99.900%   15.90s 
 99.990%   16.29s 
 99.999%   16.35s 
100.000%   16.36s 

  Detailed Percentile spectrum:
       Value   Percentile   TotalCount 1/(1-Percentile)

     869.887     0.000000            1         1.00
    2043.903     0.100000        15257         1.11
    2535.423     0.200000        30517         1.25
    3084.287     0.300000        45780         1.43
    3565.567     0.400000        61020         1.67
    4136.959     0.500000        76277         2.00
    4395.007     0.550000        83857         2.22
    4620.287     0.600000        91554         2.50
    4943.871     0.650000        99158         2.86
    5451.775     0.700000       106724         3.33
    7077.887     0.750000       114360         4.00
    7905.279     0.775000       118157         4.44
    8781.823     0.800000       121989         5.00
    9601.023     0.825000       125814         5.71
   10403.839     0.850000       129592         6.67
   11173.887     0.875000       133434         8.00
   11550.719     0.887500       135364         8.89
   11935.743     0.900000       137260        10.00
   12304.383     0.912500       139129        11.43
   12673.023     0.925000       141024        13.33
   13049.855     0.937500       142936        16.00
   13246.463     0.943750       143891        17.78
   13451.263     0.950000       144841        20.00
   13664.255     0.956250       145818        22.86
   13860.863     0.962500       146769        26.67
   14065.663     0.968750       147698        32.00
   14172.159     0.971875       148217        35.56
   14254.079     0.975000       148660        40.00
   14335.999     0.978125       149133        45.71
   14434.303     0.981250       149615        53.33
   14532.607     0.984375       150080        64.00
   14598.143     0.985938       150327        71.11
   14647.295     0.987500       150584        80.00
   14696.447     0.989062       150801        91.43
   14761.983     0.990625       151061       106.67
   14843.903     0.992188       151271       128.00
   14884.863     0.992969       151386       142.22
   14950.399     0.993750       151513       160.00
   15032.319     0.994531       151630       182.86
   15138.815     0.995313       151749       213.33
   15269.887     0.996094       151866       256.00
   15327.231     0.996484       151925       284.44
   15409.151     0.996875       151987       320.00
   15466.495     0.997266       152040       365.71
   15572.991     0.997656       152104       426.67
   15663.103     0.998047       152164       512.00
   15753.215     0.998242       152192       568.89
   15802.367     0.998437       152218       640.00
   15835.135     0.998633       152256       731.43
   15867.903     0.998828       152278       853.33
   15908.863     0.999023       152314      1024.00
   15925.247     0.999121       152327      1137.78
   15941.631     0.999219       152343      1280.00
   15966.207     0.999316       152354      1462.86
   16015.359     0.999414       152367      1706.67
   16056.319     0.999512       152382      2048.00
   16097.279     0.999561       152391      2275.56
   16130.047     0.999609       152402      2560.00
   16138.239     0.999658       152406      2925.71
   16162.815     0.999707       152413      3413.33
   16187.391     0.999756       152421      4096.00
   16211.967     0.999780       152423      4551.11
   16228.351     0.999805       152427      5120.00
   16269.311     0.999829       152433      5851.43
   16277.503     0.999854       152434      6826.67
   16285.695     0.999878       152439      8192.00
   16293.887     0.999890       152441      9102.22
   16302.079     0.999902       152445     10240.00
   16302.079     0.999915       152445     11702.86
   16302.079     0.999927       152445     13653.33
   16326.655     0.999939       152447     16384.00
   16334.847     0.999945       152448     18204.44
   16343.039     0.999951       152450     20480.00
   16343.039     0.999957       152450     23405.71
   16351.231     0.999963       152455     27306.67
   16351.231     0.999969       152455     32768.00
   16351.231     0.999973       152455     36408.89
   16351.231     0.999976       152455     40960.00
   16351.231     0.999979       152455     46811.43
   16351.231     0.999982       152455     54613.33
   16351.231     0.999985       152455     65536.00
   16351.231     0.999986       152455     72817.78
   16351.231     0.999988       152455     81920.00
   16351.231     0.999989       152455     93622.86
   16351.231     0.999991       152455    109226.67
   16351.231     0.999992       152455    131072.00
   16351.231     0.999993       152455    145635.56
   16359.423     0.999994       152456    163840.00
   16359.423     1.000000       152456          inf
#[Mean    =     5418.863, StdDeviation   =     3667.846]
#[Max     =    16351.232, Total count    =       152456]
#[Buckets =           27, SubBuckets     =         2048]
-----------------------------------------------------------------------
  188730 requests in 1.02m, 37.04MB read
  Non-2xx or 3xx responses: 18593
Requests/sec:   3093.45  
Transfer/sec:    621.70KB
AUTOTEST_DONE
