Running 1m test @ http://10.1.0.44:8080
  8 threads and 16 connections

  Thread calibration: mean lat.: 2.398ms, rate sampling interval: 10ms
  Thread calibration: mean lat.: 2.703ms, rate sampling interval: 12ms
  Thread calibration: mean lat.: 2.574ms, rate sampling interval: 12ms
  Thread calibration: mean lat.: 2.510ms, rate sampling interval: 10ms
  Thread calibration: mean lat.: 2.594ms, rate sampling interval: 13ms
  Thread calibration: mean lat.: 2.600ms, rate sampling interval: 11ms
  Thread calibration: mean lat.: 2.661ms, rate sampling interval: 12ms
  Thread calibration: mean lat.: 2.439ms, rate sampling interval: 10ms

-----------------------------------------------------------------------
Test Results @ http://10.1.0.44:8080 
  Thread Stats   Avg      Stdev     99%   +/- Stdev
    Latency     2.66ms    2.16ms  10.64ms   88.27%
    Req/Sec    66.89     79.50   307.00     83.82%
  Latency Distribution (HdrHistogram - Recorded Latency)
 50.000%    1.94ms
 75.000%    2.57ms
 90.000%    6.01ms
 99.000%   10.64ms
 99.900%   15.81ms
 99.990%   20.30ms
 99.999%   23.60ms
100.000%   23.60ms

  Detailed Percentile spectrum:
       Value   Percentile   TotalCount 1/(1-Percentile)

       0.877     0.000000            1         1.00
       1.316     0.100000         2640         1.11
       1.418     0.200000         5232         1.25
       1.536     0.300000         7846         1.43
       1.699     0.400000        10449         1.67
       1.943     0.500000        13045         2.00
       2.057     0.550000        14370         2.22
       2.157     0.600000        15686         2.50
       2.259     0.650000        16979         2.86
       2.391     0.700000        18275         3.33
       2.571     0.750000        19569         4.00
       2.705     0.775000        20222         4.44
       2.865     0.800000        20879         5.00
       3.099     0.825000        21528         5.71
       3.515     0.850000        22177         6.67
       4.343     0.875000        22831         8.00
       5.251     0.887500        23155         8.89
       6.007     0.900000        23481        10.00
       6.615     0.912500        23809        11.43
       7.211     0.925000        24135        13.33
       7.631     0.937500        24464        16.00
       7.831     0.943750        24627        17.78
       8.011     0.950000        24789        20.00
       8.223     0.956250        24958        22.86
       8.463     0.962500        25114        26.67
       8.711     0.968750        25277        32.00
       8.855     0.971875        25361        35.56
       9.015     0.975000        25442        40.00
       9.199     0.978125        25520        45.71
       9.447     0.981250        25601        53.33
       9.791     0.984375        25683        64.00
       9.975     0.985938        25727        71.11
      10.231     0.987500        25764        80.00
      10.527     0.989062        25807        91.43
      10.743     0.990625        25847       106.67
      11.159     0.992188        25889       128.00
      11.327     0.992969        25907       142.22
      11.607     0.993750        25927       160.00
      11.807     0.994531        25948       182.86
      12.319     0.995313        25968       213.33
      12.743     0.996094        25989       256.00
      12.943     0.996484        25999       284.44
      13.111     0.996875        26010       320.00
      13.231     0.997266        26019       365.71
      13.623     0.997656        26029       426.67
      14.239     0.998047        26040       512.00
      14.359     0.998242        26045       568.89
      14.887     0.998437        26050       640.00
      15.183     0.998633        26055       731.43
      15.487     0.998828        26060       853.33
      15.887     0.999023        26065      1024.00
      16.183     0.999121        26068      1137.78
      16.215     0.999219        26070      1280.00
      16.527     0.999316        26073      1462.86
      16.623     0.999414        26075      1706.67
      17.247     0.999512        26078      2048.00
      17.263     0.999561        26079      2275.56
      17.327     0.999609        26080      2560.00
      17.983     0.999658        26082      2925.71
      17.999     0.999707        26083      3413.33
      18.847     0.999756        26084      4096.00
      19.087     0.999780        26085      4551.11
      19.087     0.999805        26085      5120.00
      19.743     0.999829        26086      5851.43
      20.303     0.999854        26087      6826.67
      20.303     0.999878        26087      8192.00
      20.975     0.999890        26088      9102.22
      20.975     0.999902        26088     10240.00
      20.975     0.999915        26088     11702.86
      21.455     0.999927        26089     13653.33
      21.455     0.999939        26089     16384.00
      21.455     0.999945        26089     18204.44
      21.455     0.999951        26089     20480.00
      21.455     0.999957        26089     23405.71
      23.599     0.999963        26090     27306.67
      23.599     1.000000        26090          inf
#[Mean    =        2.663, StdDeviation   =        2.155]
#[Max     =       23.584, Total count    =        26090]
#[Buckets =           27, SubBuckets     =         2048]
-----------------------------------------------------------------------
  31195 requests in 1.02m, 6.13MB read
  Non-2xx or 3xx responses: 3136
Requests/sec:    511.15  
Transfer/sec:    102.80KB
AUTOTEST_DONE
