Running 1m test @ http://10.1.0.44:8080
  8 threads and 16 connections

  Thread calibration: mean lat.: 1064.676ms, rate sampling interval: 5046ms
  Thread calibration: mean lat.: 1605.602ms, rate sampling interval: 5996ms
  Thread calibration: mean lat.: 1484.683ms, rate sampling interval: 5705ms
  Thread calibration: mean lat.: 1148.146ms, rate sampling interval: 4841ms
  Thread calibration: mean lat.: 1157.268ms, rate sampling interval: 4849ms
  Thread calibration: mean lat.: 1225.801ms, rate sampling interval: 5242ms
  Thread calibration: mean lat.: 930.578ms, rate sampling interval: 4448ms
  Thread calibration: mean lat.: 1250.684ms, rate sampling interval: 5156ms

-----------------------------------------------------------------------
Test Results @ http://10.1.0.44:8080 
  Thread Stats   Avg      Stdev     99%   +/- Stdev
    Latency     9.41s     4.09s   16.74s    58.30%
    Req/Sec    94.31      8.25   108.00     69.33%
  Latency Distribution (HdrHistogram - Recorded Latency)
 50.000%    9.44s 
 75.000%   13.12s 
 90.000%   14.52s 
 99.000%   16.74s 
 99.900%   18.01s 
 99.990%   18.51s 
 99.999%   18.55s 
100.000%   18.55s 

  Detailed Percentile spectrum:
       Value   Percentile   TotalCount 1/(1-Percentile)

    1902.591     0.000000            1         1.00
    3610.623     0.100000         3874         1.11
    5107.711     0.200000         7750         1.25
    6303.743     0.300000        11619         1.43
    8122.367     0.400000        15496         1.67
    9437.183     0.500000        19369         2.00
   10199.039     0.550000        21312         2.22
   11321.343     0.600000        23245         2.50
   12148.735     0.650000        25204         2.86
   12705.791     0.700000        27113         3.33
   13115.391     0.750000        29046         4.00
   13279.231     0.775000        30021         4.44
   13500.415     0.800000        30984         5.00
   13721.599     0.825000        31943         5.71
   13967.359     0.850000        32932         6.67
   14286.847     0.875000        33885         8.00
   14409.727     0.887500        34371         8.89
   14524.415     0.900000        34853        10.00
   14663.679     0.912500        35352        11.43
   14901.247     0.925000        35819        13.33
   15114.239     0.937500        36303        16.00
   15237.119     0.943750        36554        17.78
   15376.383     0.950000        36794        20.00
   15532.031     0.956250        37031        22.86
   15638.527     0.962500        37274        26.67
   15794.175     0.968750        37510        32.00
   15908.863     0.971875        37637        35.56
   16056.319     0.975000        37754        40.00
   16138.239     0.978125        37876        45.71
   16203.775     0.981250        38007        53.33
   16318.463     0.984375        38115        64.00
   16449.535     0.985938        38180        71.11
   16564.223     0.987500        38235        80.00
   16695.295     0.989062        38297        91.43
   16760.831     0.990625        38356       106.67
   16842.751     0.992188        38418       128.00
   16973.823     0.992969        38447       142.22
   17154.047     0.993750        38477       160.00
   17203.199     0.994531        38511       182.86
   17350.655     0.995313        38537       213.33
   17678.335     0.996094        38569       256.00
   17711.103     0.996484        38587       284.44
   17727.487     0.996875        38599       320.00
   17743.871     0.997266        38616       365.71
   17793.023     0.997656        38629       426.67
   17825.791     0.998047        38643       512.00
   17891.327     0.998242        38653       568.89
   17924.095     0.998437        38661       640.00
   17973.247     0.998633        38669       731.43
   17989.631     0.998828        38678       853.33
   18006.015     0.999023        38681      1024.00
   18038.783     0.999121        38687      1137.78
   18055.167     0.999219        38695      1280.00
   18055.167     0.999316        38695      1462.86
   18071.551     0.999414        38698      1706.67
   18087.935     0.999512        38700      2048.00
   18104.319     0.999561        38701      2275.56
   18219.007     0.999609        38704      2560.00
   18268.159     0.999658        38705      2925.71
   18317.311     0.999707        38707      3413.33
   18382.847     0.999756        38709      4096.00
   18399.231     0.999780        38710      4551.11
   18431.999     0.999805        38711      5120.00
   18464.767     0.999829        38713      5851.43
   18464.767     0.999854        38713      6826.67
   18513.919     0.999878        38714      8192.00
   18513.919     0.999890        38714      9102.22
   18530.303     0.999902        38717     10240.00
   18530.303     0.999915        38717     11702.86
   18530.303     0.999927        38717     13653.33
   18530.303     0.999939        38717     16384.00
   18530.303     0.999945        38717     18204.44
   18530.303     0.999951        38717     20480.00
   18530.303     0.999957        38717     23405.71
   18530.303     0.999963        38717     27306.67
   18530.303     0.999969        38717     32768.00
   18530.303     0.999973        38717     36408.89
   18546.687     0.999976        38718     40960.00
   18546.687     1.000000        38718          inf
#[Mean    =     9409.655, StdDeviation   =     4090.084]
#[Max     =    18530.304, Total count    =        38718]
#[Buckets =           27, SubBuckets     =         2048]
-----------------------------------------------------------------------
  46184 requests in 1.02m, 9.07MB read
  Non-2xx or 3xx responses: 4679
Requests/sec:    756.82  
Transfer/sec:    152.24KB
AUTOTEST_DONE
