Running 1m test @ http://10.1.0.44:8080
  8 threads and 16 connections

  Thread calibration: mean lat.: 2.660ms, rate sampling interval: 10ms
  Thread calibration: mean lat.: 1.995ms, rate sampling interval: 10ms
  Thread calibration: mean lat.: 2.012ms, rate sampling interval: 10ms
  Thread calibration: mean lat.: 2.774ms, rate sampling interval: 10ms
  Thread calibration: mean lat.: 2.415ms, rate sampling interval: 10ms
  Thread calibration: mean lat.: 1.949ms, rate sampling interval: 10ms
  Thread calibration: mean lat.: 2.168ms, rate sampling interval: 10ms
  Thread calibration: mean lat.: 2.495ms, rate sampling interval: 10ms

-----------------------------------------------------------------------
Test Results @ http://10.1.0.44:8080 
  Thread Stats   Avg      Stdev     99%   +/- Stdev
    Latency     2.12ms    1.17ms   6.63ms   89.68%
    Req/Sec     2.18     15.14   100.00     97.94%
  Latency Distribution (HdrHistogram - Recorded Latency)
 50.000%    1.68ms
 75.000%    2.20ms
 90.000%    3.77ms
 99.000%    6.63ms
 99.900%    7.62ms
 99.990%    7.91ms
 99.999%    7.91ms
100.000%    7.91ms

  Detailed Percentile spectrum:
       Value   Percentile   TotalCount 1/(1-Percentile)

       1.109     0.000000            1         1.00
       1.370     0.100000           85         1.11
       1.460     0.200000          169         1.25
       1.538     0.300000          253         1.43
       1.600     0.400000          338         1.67
       1.685     0.500000          423         2.00
       1.738     0.550000          464         2.22
       1.856     0.600000          506         2.50
       1.990     0.650000          548         2.86
       2.137     0.700000          591         3.33
       2.207     0.750000          634         4.00
       2.235     0.775000          655         4.44
       2.267     0.800000          675         5.00
       2.293     0.825000          696         5.71
       2.327     0.850000          717         6.67
       2.407     0.875000          738         8.00
       2.515     0.887500          749         8.89
       3.769     0.900000          759        10.00
       4.235     0.912500          770        11.43
       4.579     0.925000          780        13.33
       4.871     0.937500          791        16.00
       5.107     0.943750          796        17.78
       5.259     0.950000          801        20.00
       5.511     0.956250          807        22.86
       5.691     0.962500          812        26.67
       5.815     0.968750          817        32.00
       5.875     0.971875          820        35.56
       6.011     0.975000          822        40.00
       6.075     0.978125          825        45.71
       6.267     0.981250          828        53.33
       6.403     0.984375          830        64.00
       6.483     0.985938          832        71.11
       6.551     0.987500          833        80.00
       6.567     0.989062          834        91.43
       6.663     0.990625          836       106.67
       6.703     0.992188          837       128.00
       6.763     0.992969          838       142.22
       6.763     0.993750          838       160.00
       6.767     0.994531          839       182.86
       6.991     0.995313          840       213.33
       6.991     0.996094          840       256.00
       7.407     0.996484          841       284.44
       7.407     0.996875          841       320.00
       7.407     0.997266          841       365.71
       7.623     0.997656          842       426.67
       7.623     0.998047          842       512.00
       7.623     0.998242          842       568.89
       7.623     0.998437          842       640.00
       7.623     0.998633          842       731.43
       7.915     0.998828          843       853.33
       7.915     1.000000          843          inf
#[Mean    =        2.117, StdDeviation   =        1.174]
#[Max     =        7.912, Total count    =          843]
#[Buckets =           27, SubBuckets     =         2048]
-----------------------------------------------------------------------
  1020 requests in 1.03m, 205.43KB read
  Socket errors: connect 0, read 0, write 0, timeout 51
  Non-2xx or 3xx responses: 107
Requests/sec:     16.50  
Transfer/sec:      3.32KB
AUTOTEST_DONE
