Running 1m test @ http://10.1.0.44:8080
  8 threads and 16 connections

  Thread calibration: mean lat.: 282.910ms, rate sampling interval: 1013ms
  Thread calibration: mean lat.: 245.906ms, rate sampling interval: 983ms
  Thread calibration: mean lat.: 283.507ms, rate sampling interval: 814ms
  Thread calibration: mean lat.: 364.670ms, rate sampling interval: 1385ms
  Thread calibration: mean lat.: 366.613ms, rate sampling interval: 1423ms
  Thread calibration: mean lat.: 270.612ms, rate sampling interval: 1090ms
  Thread calibration: mean lat.: 337.612ms, rate sampling interval: 1053ms
  Thread calibration: mean lat.: 457.674ms, rate sampling interval: 1399ms

-----------------------------------------------------------------------
Test Results @ http://10.1.0.44:8080 
  Thread Stats   Avg      Stdev     99%   +/- Stdev
    Latency     2.09s   893.45ms   3.91s    65.24%
    Req/Sec   242.66     26.17   311.00     79.40%
  Latency Distribution (HdrHistogram - Recorded Latency)
 50.000%    2.02s 
 75.000%    2.70s 
 90.000%    3.41s 
 99.000%    3.91s 
 99.900%    4.30s 
 99.990%    4.37s 
 99.999%    4.39s 
100.000%    4.39s 

  Detailed Percentile spectrum:
       Value   Percentile   TotalCount 1/(1-Percentile)

       9.863     0.000000            1         1.00
     951.295     0.100000         9920         1.11
    1285.119     0.200000        19839         1.25
    1543.167     0.300000        29775         1.43
    1794.047     0.400000        39699         1.67
    2018.303     0.500000        49590         2.00
    2164.735     0.550000        54602         2.22
    2320.383     0.600000        59500         2.50
    2443.263     0.650000        64532         2.86
    2555.903     0.700000        69463         3.33
    2695.167     0.750000        74366         4.00
    2766.847     0.775000        76846         4.44
    2859.007     0.800000        79358         5.00
    2981.887     0.825000        81832         5.71
    3115.007     0.850000        84281         6.67
    3278.847     0.875000        86756         8.00
    3350.527     0.887500        88013         8.89
    3405.823     0.900000        89249        10.00
    3463.167     0.912500        90484        11.43
    3532.799     0.925000        91729        13.33
    3606.527     0.937500        92970        16.00
    3643.391     0.943750        93597        17.78
    3672.063     0.950000        94218        20.00
    3698.687     0.956250        94823        22.86
    3727.359     0.962500        95487        26.67
    3751.935     0.968750        96061        32.00
    3772.415     0.971875        96369        35.56
    3794.943     0.975000        96686        40.00
    3817.471     0.978125        96979        45.71
    3839.999     0.981250        97325        53.33
    3856.383     0.984375        97620        64.00
    3866.623     0.985938        97755        71.11
    3883.007     0.987500        97914        80.00
    3903.487     0.989062        98075        91.43
    3919.871     0.990625        98221       106.67
    3960.831     0.992188        98375       128.00
    3979.263     0.992969        98456       142.22
    3991.551     0.993750        98537       160.00
    4005.887     0.994531        98608       182.86
    4030.463     0.995313        98689       213.33
    4048.895     0.996094        98761       256.00
    4059.135     0.996484        98805       284.44
    4065.279     0.996875        98839       320.00
    4087.807     0.997266        98877       365.71
    4126.719     0.997656        98916       426.67
    4227.071     0.998047        98955       512.00
    4247.551     0.998242        98973       568.89
    4263.935     0.998437        98996       640.00
    4276.223     0.998633        99012       731.43
    4284.415     0.998828        99031       853.33
    4304.895     0.999023        99054      1024.00
    4313.087     0.999121        99060      1137.78
    4321.279     0.999219        99071      1280.00
    4333.567     0.999316        99084      1462.86
    4337.663     0.999414        99089      1706.67
    4349.951     0.999512        99102      2048.00
    4354.047     0.999561        99109      2275.56
    4354.047     0.999609        99109      2560.00
    4358.143     0.999658        99118      2925.71
    4358.143     0.999707        99118      3413.33
    4362.239     0.999756        99127      4096.00
    4362.239     0.999780        99127      4551.11
    4366.335     0.999805        99133      5120.00
    4366.335     0.999829        99133      5851.43
    4366.335     0.999854        99133      6826.67
    4370.431     0.999878        99136      8192.00
    4374.527     0.999890        99139      9102.22
    4374.527     0.999902        99139     10240.00
    4374.527     0.999915        99139     11702.86
    4378.623     0.999927        99143     13653.33
    4378.623     0.999939        99143     16384.00
    4378.623     0.999945        99143     18204.44
    4378.623     0.999951        99143     20480.00
    4378.623     0.999957        99143     23405.71
    4382.719     0.999963        99145     27306.67
    4382.719     0.999969        99145     32768.00
    4382.719     0.999973        99145     36408.89
    4382.719     0.999976        99145     40960.00
    4382.719     0.999979        99145     46811.43
    4386.815     0.999982        99147     54613.33
    4386.815     1.000000        99147          inf
#[Mean    =     2085.813, StdDeviation   =      893.448]
#[Max     =     4382.720, Total count    =        99147]
#[Buckets =           27, SubBuckets     =         2048]
-----------------------------------------------------------------------
  118469 requests in 1.02m, 23.27MB read
  Non-2xx or 3xx responses: 11989
Requests/sec:   1942.07  
Transfer/sec:    390.66KB
AUTOTEST_DONE
