/nix/store/2vwkssqpzykk37r996cafq7x63imf4sp-openjdk-21+35/bin/java  -classpath /nix/store/zw02np72fzsmga6s5mphhw7x8qlzf4sv-ycsb-0.17.0/share/conf:/nix/store/zw02np72fzsmga6s5mphhw7x8qlzf4sv-ycsb-0.17.0/share/lib/core-0.17.0.jar:/nix/store/zw02np72fzsmga6s5mphhw7x8qlzf4sv-ycsb-0.17.0/share/lib/HdrHistogram-2.1.4.jar:/nix/store/zw02np72fzsmga6s5mphhw7x8qlzf4sv-ycsb-0.17.0/share/lib/htrace-core4-4.1.0-incubating.jar:/nix/store/zw02np72fzsmga6s5mphhw7x8qlzf4sv-ycsb-0.17.0/share/lib/jackson-core-asl-1.9.4.jar:/nix/store/zw02np72fzsmga6s5mphhw7x8qlzf4sv-ycsb-0.17.0/share/lib/jackson-mapper-asl-1.9.4.jar:/nix/store/zw02np72fzsmga6s5mphhw7x8qlzf4sv-ycsb-0.17.0/share/redis-binding/lib/commons-pool2-2.4.2.jar:/nix/store/zw02np72fzsmga6s5mphhw7x8qlzf4sv-ycsb-0.17.0/share/redis-binding/lib/jedis-2.9.0.jar:/nix/store/zw02np72fzsmga6s5mphhw7x8qlzf4sv-ycsb-0.17.0/share/redis-binding/lib/redis-binding-0.17.0.jar site.ycsb.Client -t -db site.ycsb.db.RedisClient -s -P /home/host/vmuxIO/test/moonprogs//../../ycsb/share/workloads/workloada -p redis.host=10.1.0.2 -p redis.port=6381 -p operationcount=429496729 -p maxexecutiontime=61 -threads 1
Command line: -t -db site.ycsb.db.RedisClient -s -P /home/host/vmuxIO/test/moonprogs//../../ycsb/share/workloads/workloada -p redis.host=10.1.0.2 -p redis.port=6381 -p operationcount=429496729 -p maxexecutiontime=61 -threads 1
YCSB Client 0.17.0

Loading workload...
Starting test.
Maximum execution time specified as: 61 secs
DBWrapper: report latency for each error is false and specific error codes to track for latency are: []
2025-04-01 23:18:04:055 0 sec: 0 operations; est completion in 0 second [UPDATE: Count=1, Max=23647, Min=23632, Avg=23640, 90=23647, 99=23647, 99.9=23647, 99.99=23647] 
2025-04-01 23:18:13:900 10 sec: 16851 operations; 1684.93 current ops/sec; est completion in 2 days 22 hours [READ: Count=8257, Max=28335, Min=424, Avg=580.75, 90=617, 99=4043, 99.9=4747, 99.99=8359] [UPDATE: Count=8595, Max=6367, Min=427, Avg=566.95, 90=614, 99=3779, 99.9=4763, 99.99=6107] 
2025-04-01 23:18:23:900 20 sec: 36745 operations; 1989.4 current ops/sec; est completion in 2 days 16 hours [READ: Count=9993, Max=7951, Min=341, Avg=499.18, 90=555, 99=656, 99.9=3433, 99.99=4607] [UPDATE: Count=9899, Max=9639, Min=390, Avg=499.03, 90=557, 99=647, 99.9=2979, 99.99=4771] 
2025-04-01 23:18:33:900 30 sec: 54275 operations; 1753 current ops/sec; est completion in 2 days 17 hours [READ: Count=8743, Max=5259, Min=422, Avg=562.63, 90=702, 99=924, 99.9=4483, 99.99=5119] [UPDATE: Count=8787, Max=8019, Min=416, Avg=568.99, 90=704, 99=964, 99.9=4755, 99.99=5015] 
2025-04-01 23:18:43:900 40 sec: 74645 operations; 2037.2 current ops/sec; est completion in 2 days 15 hours [READ: Count=10094, Max=3317, Min=421, Avg=487.1, 90=514, 99=636, 99.9=753, 99.99=2121] [UPDATE: Count=10276, Max=10071, Min=413, Avg=489.55, 90=512, 99=639, 99.9=1022, 99.99=4615] 
2025-04-01 23:18:53:900 50 sec: 95169 operations; 2052.19 current ops/sec; est completion in 2 days 14 hours [READ: Count=10317, Max=3349, Min=416, Avg=485.02, 90=512, 99=631, 99.9=729, 99.99=3307] [UPDATE: Count=10207, Max=3695, Min=403, Avg=485.32, 90=511, 99=639, 99.9=788, 99.99=3311] 
2025-04-01 23:19:03:900 60 sec: 113490 operations; 1832.1 current ops/sec; est completion in 2 days 15 hours [READ: Count=9129, Max=3639, Min=410, Avg=542.39, 90=695, 99=862, 99.9=1115, 99.99=3517] [UPDATE: Count=9192, Max=6387, Min=425, Avg=542.58, 90=693, 99=856, 99.9=1189, 99.99=4085] 
Maximum time elapsed. Requesting stop for the workload.
Stop requested for workload. Now Joining!
2025-04-01 23:19:04:915 61 sec: 115524 operations; 2005.92 current ops/sec; est completion in 2 days 14 hours [READ: Count=1019, Max=2987, Min=431, Avg=493.96, 90=516, 99=654, 99.9=2857, 99.99=2987] [CLEANUP: Count=1, Max=1227, Min=1227, Avg=1227, 90=1227, 99=1227, 99.9=1227, 99.99=1227] [UPDATE: Count=1015, Max=7695, Min=428, Avg=498.15, 90=513, 99=656, 99.9=3905, 99.99=7695] 
[OVERALL], RunTime(ms), 61023
[OVERALL], Throughput(ops/sec), 1893.1222653753503
[TOTAL_GCS_Copy], Count, 11
[TOTAL_GC_TIME_Copy], Time(ms), 13
[TOTAL_GC_TIME_%_Copy], Time(%), 0.02130344296412828
[TOTAL_GCS_MarkSweepCompact], Count, 0
[TOTAL_GC_TIME_MarkSweepCompact], Time(ms), 0
[TOTAL_GC_TIME_%_MarkSweepCompact], Time(%), 0.0
[TOTAL_GCs], Count, 11
[TOTAL_GC_TIME], Time(ms), 13
[TOTAL_GC_TIME_%], Time(%), 0.02130344296412828
[READ], Operations, 57552
[READ], AverageLatency(us), 522.6248957464554
[READ], MinLatency(us), 341
[READ], MaxLatency(us), 28335
[READ], 95thPercentileLatency(us), 672
[READ], 99thPercentileLatency(us), 839
[READ], Return=OK, 57552
[CLEANUP], Operations, 1
[CLEANUP], AverageLatency(us), 1227.0
[CLEANUP], MinLatency(us), 1227
[CLEANUP], MaxLatency(us), 1227
[CLEANUP], 95thPercentileLatency(us), 1227
[CLEANUP], 99thPercentileLatency(us), 1227
[UPDATE], Operations, 57972
[UPDATE], AverageLatency(us), 522.8991754640172
[UPDATE], MinLatency(us), 390
[UPDATE], MaxLatency(us), 23647
[UPDATE], 95thPercentileLatency(us), 674
[UPDATE], 99thPercentileLatency(us), 844
[UPDATE], Return=OK, 57972
AUTOTEST_DONE
