/nix/store/2vwkssqpzykk37r996cafq7x63imf4sp-openjdk-21+35/bin/java  -classpath /nix/store/zw02np72fzsmga6s5mphhw7x8qlzf4sv-ycsb-0.17.0/share/conf:/nix/store/zw02np72fzsmga6s5mphhw7x8qlzf4sv-ycsb-0.17.0/share/lib/core-0.17.0.jar:/nix/store/zw02np72fzsmga6s5mphhw7x8qlzf4sv-ycsb-0.17.0/share/lib/HdrHistogram-2.1.4.jar:/nix/store/zw02np72fzsmga6s5mphhw7x8qlzf4sv-ycsb-0.17.0/share/lib/htrace-core4-4.1.0-incubating.jar:/nix/store/zw02np72fzsmga6s5mphhw7x8qlzf4sv-ycsb-0.17.0/share/lib/jackson-core-asl-1.9.4.jar:/nix/store/zw02np72fzsmga6s5mphhw7x8qlzf4sv-ycsb-0.17.0/share/lib/jackson-mapper-asl-1.9.4.jar:/nix/store/zw02np72fzsmga6s5mphhw7x8qlzf4sv-ycsb-0.17.0/share/redis-binding/lib/commons-pool2-2.4.2.jar:/nix/store/zw02np72fzsmga6s5mphhw7x8qlzf4sv-ycsb-0.17.0/share/redis-binding/lib/jedis-2.9.0.jar:/nix/store/zw02np72fzsmga6s5mphhw7x8qlzf4sv-ycsb-0.17.0/share/redis-binding/lib/redis-binding-0.17.0.jar site.ycsb.Client -t -db site.ycsb.db.RedisClient -s -P /home/host/vmuxIO/test/moonprogs//../../ycsb/share/workloads/workloada -p redis.host=10.1.0.2 -p redis.port=6379 -p operationcount=429496729 -p maxexecutiontime=61 -threads 1
Command line: -t -db site.ycsb.db.RedisClient -s -P /home/host/vmuxIO/test/moonprogs//../../ycsb/share/workloads/workloada -p redis.host=10.1.0.2 -p redis.port=6379 -p operationcount=429496729 -p maxexecutiontime=61 -threads 1
YCSB Client 0.17.0

Loading workload...
Starting test.
Maximum execution time specified as: 61 secs
DBWrapper: report latency for each error is false and specific error codes to track for latency are: []
2025-04-02 01:39:11:072 0 sec: 0 operations; est completion in 0 second 
2025-04-02 01:39:20:916 10 sec: 83363 operations; 8336.3 current ops/sec; est completion in 14 hours 18 minutes [READ: Count=41459, Max=46079, Min=59, Avg=112.64, 90=178, 99=438, 99.9=2907, 99.99=4955] [UPDATE: Count=41954, Max=8215, Min=57, Avg=115.53, 90=182, 99=489, 99.9=3421, 99.99=4303] 
2025-04-02 01:39:30:918 20 sec: 148768 operations; 6539.85 current ops/sec; est completion in 16 hours 2 minutes [READ: Count=32565, Max=18015, Min=58, Avg=151.41, 90=239, 99=415, 99.9=3247, 99.99=6127] [UPDATE: Count=32790, Max=7383, Min=54, Avg=149.94, 90=239, 99=421, 99.9=3039, 99.99=4855] 
2025-04-02 01:39:40:916 30 sec: 205079 operations; 5631.66 current ops/sec; est completion in 17 hours 26 minutes [READ: Count=28222, Max=8055, Min=58, Avg=176.85, 90=283, 99=464, 99.9=704, 99.99=2467] [UPDATE: Count=28089, Max=4107, Min=56, Avg=174.03, 90=284, 99=460, 99.9=684, 99.99=2293] 
2025-04-02 01:39:50:916 40 sec: 286413 operations; 8133.4 current ops/sec; est completion in 16 hours 39 minutes [READ: Count=40505, Max=3951, Min=58, Avg=121.94, 90=203, 99=313, 99.9=2091, 99.99=3621] [UPDATE: Count=40829, Max=10455, Min=55, Avg=120.78, 90=201, 99=311, 99.9=2393, 99.99=3689] 
2025-04-02 01:40:00:916 50 sec: 353443 operations; 6703 current ops/sec; est completion in 16 hours 51 minutes [READ: Count=33404, Max=7375, Min=57, Avg=148.46, 90=240, 99=362, 99.9=857, 99.99=3841] [UPDATE: Count=33626, Max=4119, Min=55, Avg=146.36, 90=238, 99=364, 99.9=994, 99.99=3193] 
2025-04-02 01:40:10:916 60 sec: 417913 operations; 6447 current ops/sec; est completion in 17 hours 6 minutes [READ: Count=32249, Max=6291, Min=58, Avg=155.19, 90=253, 99=381, 99.9=606, 99.99=3651] [UPDATE: Count=32221, Max=3115, Min=56, Avg=151.49, 90=250, 99=377, 99.9=563, 99.99=1696] 
Maximum time elapsed. Requesting stop for the workload.
Stop requested for workload. Now Joining!
2025-04-02 01:40:11:924 61 sec: 425695 operations; 7727.9 current ops/sec; est completion in 17 hours 4 minutes [READ: Count=3863, Max=3379, Min=57, Avg=129.92, 90=217, 99=299, 99.9=699, 99.99=3379] [CLEANUP: Count=1, Max=1215, Min=1215, Avg=1215, 90=1215, 99=1215, 99.9=1215, 99.99=1215] [UPDATE: Count=3919, Max=1234, Min=57, Avg=125.31, 90=212, 99=295, 99.9=419, 99.99=1234] 
[OVERALL], RunTime(ms), 61016
[OVERALL], Throughput(ops/sec), 6976.776583191294
[TOTAL_GCS_Copy], Count, 39
[TOTAL_GC_TIME_Copy], Time(ms), 23
[TOTAL_GC_TIME_%_Copy], Time(%), 0.0376950308115904
[TOTAL_GCS_MarkSweepCompact], Count, 0
[TOTAL_GC_TIME_MarkSweepCompact], Time(ms), 0
[TOTAL_GC_TIME_%_MarkSweepCompact], Time(%), 0.0
[TOTAL_GCs], Count, 39
[TOTAL_GC_TIME], Time(ms), 23
[TOTAL_GC_TIME_%], Time(%), 0.0376950308115904
[READ], Operations, 212267
[READ], AverageLatency(us), 141.31588047129324
[READ], MinLatency(us), 57
[READ], MaxLatency(us), 46079
[READ], 95thPercentileLatency(us), 279
[READ], 99thPercentileLatency(us), 398
[READ], Return=OK, 212267
[CLEANUP], Operations, 1
[CLEANUP], AverageLatency(us), 1215.0
[CLEANUP], MinLatency(us), 1215
[CLEANUP], MaxLatency(us), 1215
[CLEANUP], 95thPercentileLatency(us), 1215
[CLEANUP], 99thPercentileLatency(us), 1215
[UPDATE], Operations, 213428
[UPDATE], AverageLatency(us), 139.98685270911034
[UPDATE], MinLatency(us), 54
[UPDATE], MaxLatency(us), 10455
[UPDATE], 95thPercentileLatency(us), 280
[UPDATE], 99thPercentileLatency(us), 401
[UPDATE], Return=OK, 213428
AUTOTEST_DONE
