/nix/store/2vwkssqpzykk37r996cafq7x63imf4sp-openjdk-21+35/bin/java  -classpath /nix/store/zw02np72fzsmga6s5mphhw7x8qlzf4sv-ycsb-0.17.0/share/conf:/nix/store/zw02np72fzsmga6s5mphhw7x8qlzf4sv-ycsb-0.17.0/share/lib/core-0.17.0.jar:/nix/store/zw02np72fzsmga6s5mphhw7x8qlzf4sv-ycsb-0.17.0/share/lib/HdrHistogram-2.1.4.jar:/nix/store/zw02np72fzsmga6s5mphhw7x8qlzf4sv-ycsb-0.17.0/share/lib/htrace-core4-4.1.0-incubating.jar:/nix/store/zw02np72fzsmga6s5mphhw7x8qlzf4sv-ycsb-0.17.0/share/lib/jackson-core-asl-1.9.4.jar:/nix/store/zw02np72fzsmga6s5mphhw7x8qlzf4sv-ycsb-0.17.0/share/lib/jackson-mapper-asl-1.9.4.jar:/nix/store/zw02np72fzsmga6s5mphhw7x8qlzf4sv-ycsb-0.17.0/share/redis-binding/lib/commons-pool2-2.4.2.jar:/nix/store/zw02np72fzsmga6s5mphhw7x8qlzf4sv-ycsb-0.17.0/share/redis-binding/lib/jedis-2.9.0.jar:/nix/store/zw02np72fzsmga6s5mphhw7x8qlzf4sv-ycsb-0.17.0/share/redis-binding/lib/redis-binding-0.17.0.jar site.ycsb.Client -t -db site.ycsb.db.RedisClient -s -P /home/host/vmuxIO/test/moonprogs//../../ycsb/share/workloads/workloada -p redis.host=10.1.0.2 -p redis.port=6385 -p operationcount=429496729 -p maxexecutiontime=61 -threads 1
Command line: -t -db site.ycsb.db.RedisClient -s -P /home/host/vmuxIO/test/moonprogs//../../ycsb/share/workloads/workloada -p redis.host=10.1.0.2 -p redis.port=6385 -p operationcount=429496729 -p maxexecutiontime=61 -threads 1
YCSB Client 0.17.0

Loading workload...
Starting test.
Maximum execution time specified as: 61 secs
DBWrapper: report latency for each error is false and specific error codes to track for latency are: []
2025-04-02 01:39:15:294 0 sec: 0 operations; est completion in 0 second 
2025-04-02 01:39:25:031 10 sec: 55790 operations; 5579 current ops/sec; est completion in 21 hours 22 minutes [READ: Count=28019, Max=25663, Min=61, Avg=167.11, 90=287, 99=628, 99.9=3091, 99.99=10159] [UPDATE: Count=27796, Max=38239, Min=58, Avg=170.19, 90=289, 99=687, 99.9=3531, 99.99=8647] 
2025-04-02 01:39:35:031 20 sec: 110012 operations; 5422.2 current ops/sec; est completion in 21 hours 41 minutes [READ: Count=27030, Max=3613, Min=60, Avg=182.45, 90=290, 99=511, 99.9=867, 99.99=2337] [UPDATE: Count=27167, Max=3915, Min=59, Avg=180.34, 90=291, 99=505, 99.9=804, 99.99=3089] 
2025-04-02 01:39:45:030 30 sec: 170869 operations; 6085.7 current ops/sec; est completion in 20 hours 56 minutes [READ: Count=30105, Max=4227, Min=59, Avg=163.29, 90=278, 99=381, 99.9=602, 99.99=3307] [UPDATE: Count=30752, Max=9015, Min=54, Avg=161.63, 90=279, 99=385, 99.9=581, 99.99=1588] 
2025-04-02 01:39:55:031 40 sec: 245107 operations; 7423.8 current ops/sec; est completion in 19 hours 27 minutes [READ: Count=37091, Max=8311, Min=60, Avg=134.14, 90=229, 99=324, 99.9=812, 99.99=3415] [UPDATE: Count=37147, Max=5371, Min=58, Avg=131.9, 90=227, 99=323, 99.9=743, 99.99=3469] 
2025-04-02 01:40:05:030 50 sec: 315769 operations; 7066.2 current ops/sec; est completion in 18 hours 52 minutes [READ: Count=35461, Max=4323, Min=60, Avg=140.6, 90=235, 99=403, 99.9=2032, 99.99=3883] [UPDATE: Count=35201, Max=3927, Min=56, Avg=139.08, 90=235, 99=403, 99.9=2006, 99.99=3479] 
2025-04-02 01:40:15:030 60 sec: 389543 operations; 7377.4 current ops/sec; est completion in 18 hours 21 minutes [READ: Count=36888, Max=28319, Min=59, Avg=135.32, 90=230, 99=462, 99.9=879, 99.99=6147] [UPDATE: Count=36886, Max=4455, Min=58, Avg=132.01, 90=227, 99=472, 99.9=860, 99.99=3421] 
Maximum time elapsed. Requesting stop for the workload.
Stop requested for workload. Now Joining!
2025-04-02 01:40:16:041 61 sec: 401437 operations; 11764.59 current ops/sec; est completion in 18 hours 6 minutes [READ: Count=5974, Max=4183, Min=60, Avg=84.67, 90=97, 99=179, 99.9=427, 99.99=858] [CLEANUP: Count=1, Max=1522, Min=1522, Avg=1522, 90=1522, 99=1522, 99.9=1522, 99.99=1522] [UPDATE: Count=5920, Max=1805, Min=61, Avg=82.11, 90=93, 99=184, 99.9=525, 99.99=675] 
[OVERALL], RunTime(ms), 61019
[OVERALL], Throughput(ops/sec), 6578.8852652452515
[TOTAL_GCS_Copy], Count, 37
[TOTAL_GC_TIME_Copy], Time(ms), 37
[TOTAL_GC_TIME_%_Copy], Time(%), 0.06063685081695865
[TOTAL_GCS_MarkSweepCompact], Count, 0
[TOTAL_GC_TIME_MarkSweepCompact], Time(ms), 0
[TOTAL_GC_TIME_%_MarkSweepCompact], Time(%), 0.0
[TOTAL_GCs], Count, 37
[TOTAL_GC_TIME], Time(ms), 37
[TOTAL_GC_TIME_%], Time(%), 0.06063685081695865
[READ], Operations, 200568
[READ], AverageLatency(us), 149.51715129033545
[READ], MinLatency(us), 59
[READ], MaxLatency(us), 28319
[READ], 95thPercentileLatency(us), 296
[READ], 99thPercentileLatency(us), 442
[READ], Return=OK, 200568
[CLEANUP], Operations, 1
[CLEANUP], AverageLatency(us), 1522.0
[CLEANUP], MinLatency(us), 1522
[CLEANUP], MaxLatency(us), 1522
[CLEANUP], 95thPercentileLatency(us), 1522
[CLEANUP], 99thPercentileLatency(us), 1522
[UPDATE], Operations, 200869
[UPDATE], AverageLatency(us), 148.11178429722855
[UPDATE], MinLatency(us), 54
[UPDATE], MaxLatency(us), 38239
[UPDATE], 95thPercentileLatency(us), 297
[UPDATE], 99thPercentileLatency(us), 447
[UPDATE], Return=OK, 200869
AUTOTEST_DONE
