/nix/store/2vwkssqpzykk37r996cafq7x63imf4sp-openjdk-21+35/bin/java  -classpath /nix/store/zw02np72fzsmga6s5mphhw7x8qlzf4sv-ycsb-0.17.0/share/conf:/nix/store/zw02np72fzsmga6s5mphhw7x8qlzf4sv-ycsb-0.17.0/share/lib/core-0.17.0.jar:/nix/store/zw02np72fzsmga6s5mphhw7x8qlzf4sv-ycsb-0.17.0/share/lib/HdrHistogram-2.1.4.jar:/nix/store/zw02np72fzsmga6s5mphhw7x8qlzf4sv-ycsb-0.17.0/share/lib/htrace-core4-4.1.0-incubating.jar:/nix/store/zw02np72fzsmga6s5mphhw7x8qlzf4sv-ycsb-0.17.0/share/lib/jackson-core-asl-1.9.4.jar:/nix/store/zw02np72fzsmga6s5mphhw7x8qlzf4sv-ycsb-0.17.0/share/lib/jackson-mapper-asl-1.9.4.jar:/nix/store/zw02np72fzsmga6s5mphhw7x8qlzf4sv-ycsb-0.17.0/share/redis-binding/lib/commons-pool2-2.4.2.jar:/nix/store/zw02np72fzsmga6s5mphhw7x8qlzf4sv-ycsb-0.17.0/share/redis-binding/lib/jedis-2.9.0.jar:/nix/store/zw02np72fzsmga6s5mphhw7x8qlzf4sv-ycsb-0.17.0/share/redis-binding/lib/redis-binding-0.17.0.jar site.ycsb.Client -t -db site.ycsb.db.RedisClient -s -P /home/host/vmuxIO/test/moonprogs//../../ycsb/share/workloads/workloada -p redis.host=10.1.0.2 -p redis.port=6379 -p operationcount=429496729 -p maxexecutiontime=61 -threads 1
Command line: -t -db site.ycsb.db.RedisClient -s -P /home/host/vmuxIO/test/moonprogs//../../ycsb/share/workloads/workloada -p redis.host=10.1.0.2 -p redis.port=6379 -p operationcount=429496729 -p maxexecutiontime=61 -threads 1
YCSB Client 0.17.0

Loading workload...
Starting test.
Maximum execution time specified as: 61 secs
DBWrapper: report latency for each error is false and specific error codes to track for latency are: []
2025-02-10 02:08:09:256 0 sec: 0 operations; est completion in 0 second 
2025-02-10 02:08:19:072 10 sec: 93301 operations; 9330.1 current ops/sec; est completion in 12 hours 47 minutes [READ: Count=46718, Max=14583, Min=81, Avg=103.09, 90=117, 99=143, 99.9=448, 99.99=2885] [UPDATE: Count=46600, Max=29967, Min=78, Avg=101.96, 90=116, 99=142, 99.9=697, 99.99=3913] 
2025-02-10 02:08:29:072 20 sec: 192920 operations; 9961.9 current ops/sec; est completion in 12 hours 21 minutes [READ: Count=49888, Max=10175, Min=76, Avg=100.43, 90=112, 99=136, 99.9=182, 99.99=541] [UPDATE: Count=49714, Max=925, Min=78, Avg=97.39, 90=110, 99=132, 99.9=166, 99.99=438] 
2025-02-10 02:08:39:072 30 sec: 294727 operations; 10180.7 current ops/sec; est completion in 12 hours 8 minutes [READ: Count=50874, Max=4127, Min=77, Avg=98.3, 90=108, 99=128, 99.9=161, 99.99=389] [UPDATE: Count=50933, Max=1473, Min=77, Avg=95.5, 90=105, 99=125, 99.9=156, 99.99=456] 
2025-02-10 02:08:49:072 40 sec: 395329 operations; 10060.2 current ops/sec; est completion in 12 hours 3 minutes [READ: Count=50353, Max=9591, Min=78, Avg=99.62, 90=110, 99=131, 99.9=160, 99.99=547] [UPDATE: Count=50249, Max=907, Min=76, Avg=96.52, 90=108, 99=128, 99.9=149, 99.99=359] 
2025-02-10 02:08:59:072 50 sec: 494416 operations; 9908.7 current ops/sec; est completion in 12 hours 3 minutes [READ: Count=49678, Max=3759, Min=80, Avg=101.01, 90=115, 99=135, 99.9=170, 99.99=370] [UPDATE: Count=49409, Max=865, Min=75, Avg=98.1, 90=112, 99=131, 99.9=165, 99.99=305] 
2025-02-10 02:09:09:072 60 sec: 595436 operations; 10102 current ops/sec; est completion in 12 hours [READ: Count=50270, Max=910, Min=81, Avg=99, 90=109, 99=129, 99.9=156, 99.99=420] [UPDATE: Count=50750, Max=2863, Min=78, Avg=96.31, 90=106, 99=127, 99.9=148, 99.99=337] 
Maximum time elapsed. Requesting stop for the workload.
Stop requested for workload. Now Joining!
2025-02-10 02:09:10:085 61 sec: 605757 operations; 10188.55 current ops/sec; est completion in 11 hours 59 minutes [READ: Count=5190, Max=410, Min=83, Avg=97.33, 90=105, 99=120, 99.9=293, 99.99=351] [CLEANUP: Count=1, Max=913, Min=913, Avg=913, 90=913, 99=913, 99.9=913, 99.99=913] [UPDATE: Count=5131, Max=3353, Min=81, Avg=95.9, 90=103, 99=117, 99.9=345, 99.99=2543] 
[OVERALL], RunTime(ms), 61017
[OVERALL], Throughput(ops/sec), 9927.675893603422
[TOTAL_GCS_Copy], Count, 56
[TOTAL_GC_TIME_Copy], Time(ms), 23
[TOTAL_GC_TIME_%_Copy], Time(%), 0.03769441303243359
[TOTAL_GCS_MarkSweepCompact], Count, 0
[TOTAL_GC_TIME_MarkSweepCompact], Time(ms), 0
[TOTAL_GC_TIME_%_MarkSweepCompact], Time(%), 0.0
[TOTAL_GCs], Count, 56
[TOTAL_GC_TIME], Time(ms), 23
[TOTAL_GC_TIME_%], Time(%), 0.03769441303243359
[READ], Operations, 302971
[READ], AverageLatency(us), 100.15280010298015
[READ], MinLatency(us), 76
[READ], MaxLatency(us), 14583
[READ], 95thPercentileLatency(us), 121
[READ], 99thPercentileLatency(us), 133
[READ], Return=OK, 302971
[CLEANUP], Operations, 1
[CLEANUP], AverageLatency(us), 913.0
[CLEANUP], MinLatency(us), 913
[CLEANUP], MaxLatency(us), 913
[CLEANUP], 95thPercentileLatency(us), 913
[CLEANUP], 99thPercentileLatency(us), 913
[UPDATE], Operations, 302786
[UPDATE], AverageLatency(us), 97.5411214521147
[UPDATE], MinLatency(us), 75
[UPDATE], MaxLatency(us), 29967
[UPDATE], 95thPercentileLatency(us), 119
[UPDATE], 99thPercentileLatency(us), 130
[UPDATE], Return=OK, 302786
AUTOTEST_DONE
