/nix/store/2vwkssqpzykk37r996cafq7x63imf4sp-openjdk-21+35/bin/java  -classpath /nix/store/zw02np72fzsmga6s5mphhw7x8qlzf4sv-ycsb-0.17.0/share/conf:/nix/store/zw02np72fzsmga6s5mphhw7x8qlzf4sv-ycsb-0.17.0/share/lib/core-0.17.0.jar:/nix/store/zw02np72fzsmga6s5mphhw7x8qlzf4sv-ycsb-0.17.0/share/lib/HdrHistogram-2.1.4.jar:/nix/store/zw02np72fzsmga6s5mphhw7x8qlzf4sv-ycsb-0.17.0/share/lib/htrace-core4-4.1.0-incubating.jar:/nix/store/zw02np72fzsmga6s5mphhw7x8qlzf4sv-ycsb-0.17.0/share/lib/jackson-core-asl-1.9.4.jar:/nix/store/zw02np72fzsmga6s5mphhw7x8qlzf4sv-ycsb-0.17.0/share/lib/jackson-mapper-asl-1.9.4.jar:/nix/store/zw02np72fzsmga6s5mphhw7x8qlzf4sv-ycsb-0.17.0/share/redis-binding/lib/commons-pool2-2.4.2.jar:/nix/store/zw02np72fzsmga6s5mphhw7x8qlzf4sv-ycsb-0.17.0/share/redis-binding/lib/jedis-2.9.0.jar:/nix/store/zw02np72fzsmga6s5mphhw7x8qlzf4sv-ycsb-0.17.0/share/redis-binding/lib/redis-binding-0.17.0.jar site.ycsb.Client -t -db site.ycsb.db.RedisClient -s -P /home/host/vmuxIO/test/moonprogs//../../ycsb/share/workloads/workloada -p redis.host=10.1.0.2 -p redis.port=6389 -p operationcount=429496729 -p maxexecutiontime=61 -threads 1
Command line: -t -db site.ycsb.db.RedisClient -s -P /home/host/vmuxIO/test/moonprogs//../../ycsb/share/workloads/workloada -p redis.host=10.1.0.2 -p redis.port=6389 -p operationcount=429496729 -p maxexecutiontime=61 -threads 1
YCSB Client 0.17.0

Loading workload...
Starting test.
Maximum execution time specified as: 61 secs
DBWrapper: report latency for each error is false and specific error codes to track for latency are: []
2024-10-03 13:40:01:049 0 sec: 0 operations; est completion in 0 second 
2024-10-03 13:40:10:904 10 sec: 92535 operations; 9253.5 current ops/sec; est completion in 12 hours 53 minutes [READ: Count=46306, Max=45951, Min=76, Avg=104.99, 90=123, 99=160, 99.9=640, 99.99=3471] [UPDATE: Count=46234, Max=7043, Min=73, Avg=102.34, 90=121, 99=168, 99.9=636, 99.99=4077] 
2024-10-03 13:40:20:904 20 sec: 191371 operations; 9883.6 current ops/sec; est completion in 12 hours 27 minutes [READ: Count=49659, Max=10119, Min=76, Avg=101.09, 90=118, 99=136, 99.9=179, 99.99=529] [UPDATE: Count=49172, Max=1946, Min=73, Avg=98.13, 90=116, 99=133, 99.9=171, 99.99=305] 
2024-10-03 13:40:30:903 30 sec: 291949 operations; 10057.8 current ops/sec; est completion in 12 hours 15 minutes [READ: Count=50220, Max=6079, Min=75, Avg=99.51, 90=118, 99=138, 99.9=188, 99.99=436] [UPDATE: Count=50358, Max=1636, Min=72, Avg=96.52, 90=115, 99=135, 99.9=179, 99.99=276] 
2024-10-03 13:40:40:903 40 sec: 392424 operations; 10047.5 current ops/sec; est completion in 12 hours 8 minutes [READ: Count=49981, Max=7499, Min=74, Avg=99.61, 90=118, 99=138, 99.9=179, 99.99=395] [UPDATE: Count=50494, Max=999, Min=73, Avg=96.58, 90=115, 99=134, 99.9=172, 99.99=290] 
2024-10-03 13:40:50:903 50 sec: 494700 operations; 10227.6 current ops/sec; est completion in 12 hours 2 minutes [READ: Count=51082, Max=4065, Min=76, Avg=97.84, 90=113, 99=133, 99.9=162, 99.99=387] [UPDATE: Count=51194, Max=3131, Min=72, Avg=94.97, 90=110, 99=130, 99.9=149, 99.99=241] 
2024-10-03 13:41:00:903 60 sec: 596595 operations; 10189.5 current ops/sec; est completion in 11 hours 58 minutes [READ: Count=50874, Max=482, Min=73, Avg=98.12, 90=114, 99=135, 99.9=172, 99.99=338] [UPDATE: Count=51021, Max=2437, Min=69, Avg=95.37, 90=111, 99=132, 99.9=168, 99.99=348] 
Maximum time elapsed. Requesting stop for the workload.
Stop requested for workload. Now Joining!
2024-10-03 13:41:01:915 61 sec: 607054 operations; 10345.2 current ops/sec; est completion in 11 hours 58 minutes [READ: Count=5250, Max=3843, Min=75, Avg=97.14, 90=114, 99=134, 99.9=311, 99.99=957] [CLEANUP: Count=1, Max=900, Min=900, Avg=900, 90=900, 99=900, 99.9=900, 99.99=900] [UPDATE: Count=5209, Max=288, Min=73, Avg=92.93, 90=108, 99=130, 99.9=185, 99.99=285] 
[OVERALL], RunTime(ms), 61015
[OVERALL], Throughput(ops/sec), 9949.25837908711
[TOTAL_GCS_Copy], Count, 56
[TOTAL_GC_TIME_Copy], Time(ms), 21
[TOTAL_GC_TIME_%_Copy], Time(%), 0.03441776612308448
[TOTAL_GCS_MarkSweepCompact], Count, 0
[TOTAL_GC_TIME_MarkSweepCompact], Time(ms), 0
[TOTAL_GC_TIME_%_MarkSweepCompact], Time(%), 0.0
[TOTAL_GCs], Count, 56
[TOTAL_GC_TIME], Time(ms), 21
[TOTAL_GC_TIME_%], Time(%), 0.03441776612308448
[READ], Operations, 303372
[READ], AverageLatency(us), 100.06535870152815
[READ], MinLatency(us), 73
[READ], MaxLatency(us), 45951
[READ], 95thPercentileLatency(us), 125
[READ], 99thPercentileLatency(us), 138
[READ], Return=OK, 303372
[CLEANUP], Operations, 1
[CLEANUP], AverageLatency(us), 900.0
[CLEANUP], MinLatency(us), 900
[CLEANUP], MaxLatency(us), 900
[CLEANUP], 95thPercentileLatency(us), 900
[CLEANUP], 99thPercentileLatency(us), 900
[UPDATE], Operations, 303682
[UPDATE], AverageLatency(us), 97.15943980874731
[UPDATE], MinLatency(us), 69
[UPDATE], MaxLatency(us), 7043
[UPDATE], 95thPercentileLatency(us), 123
[UPDATE], 99thPercentileLatency(us), 136
[UPDATE], Return=OK, 303682
AUTOTEST_DONE
