/nix/store/2vwkssqpzykk37r996cafq7x63imf4sp-openjdk-21+35/bin/java  -classpath /nix/store/zw02np72fzsmga6s5mphhw7x8qlzf4sv-ycsb-0.17.0/share/conf:/nix/store/zw02np72fzsmga6s5mphhw7x8qlzf4sv-ycsb-0.17.0/share/lib/core-0.17.0.jar:/nix/store/zw02np72fzsmga6s5mphhw7x8qlzf4sv-ycsb-0.17.0/share/lib/HdrHistogram-2.1.4.jar:/nix/store/zw02np72fzsmga6s5mphhw7x8qlzf4sv-ycsb-0.17.0/share/lib/htrace-core4-4.1.0-incubating.jar:/nix/store/zw02np72fzsmga6s5mphhw7x8qlzf4sv-ycsb-0.17.0/share/lib/jackson-core-asl-1.9.4.jar:/nix/store/zw02np72fzsmga6s5mphhw7x8qlzf4sv-ycsb-0.17.0/share/lib/jackson-mapper-asl-1.9.4.jar:/nix/store/zw02np72fzsmga6s5mphhw7x8qlzf4sv-ycsb-0.17.0/share/redis-binding/lib/commons-pool2-2.4.2.jar:/nix/store/zw02np72fzsmga6s5mphhw7x8qlzf4sv-ycsb-0.17.0/share/redis-binding/lib/jedis-2.9.0.jar:/nix/store/zw02np72fzsmga6s5mphhw7x8qlzf4sv-ycsb-0.17.0/share/redis-binding/lib/redis-binding-0.17.0.jar site.ycsb.Client -t -db site.ycsb.db.RedisClient -s -P /home/host/vmuxIO/test/moonprogs//../../ycsb/share/workloads/workloada -p redis.host=10.1.0.2 -p redis.port=6379 -p operationcount=429496729 -p maxexecutiontime=61 -threads 1
Command line: -t -db site.ycsb.db.RedisClient -s -P /home/host/vmuxIO/test/moonprogs//../../ycsb/share/workloads/workloada -p redis.host=10.1.0.2 -p redis.port=6379 -p operationcount=429496729 -p maxexecutiontime=61 -threads 1
YCSB Client 0.17.0

Loading workload...
Starting test.
Maximum execution time specified as: 61 secs
DBWrapper: report latency for each error is false and specific error codes to track for latency are: []
2024-07-07 14:45:52:378 0 sec: 0 operations; est completion in 0 second 
2024-07-07 14:46:02:223 10 sec: 113416 operations; 11341.6 current ops/sec; est completion in 10 hours 31 minutes [READ: Count=56740, Max=17391, Min=69, Avg=84.53, 90=92, 99=130, 99.9=312, 99.99=3441] [UPDATE: Count=56695, Max=22143, Min=67, Avg=83.6, 90=92, 99=129, 99.9=561, 99.99=2119] 
2024-07-07 14:46:12:223 20 sec: 237290 operations; 12387.4 current ops/sec; est completion in 10 hours 3 minutes [READ: Count=61886, Max=535, Min=69, Avg=80.21, 90=85, 99=127, 99.9=146, 99.99=389] [UPDATE: Count=61969, Max=3995, Min=67, Avg=78.23, 90=83, 99=125, 99.9=137, 99.99=380] 
2024-07-07 14:46:22:223 30 sec: 359878 operations; 12258.8 current ops/sec; est completion in 9 hours 56 minutes [READ: Count=61394, Max=7083, Min=69, Avg=81.32, 90=87, 99=128, 99.9=159, 99.99=395] [UPDATE: Count=61194, Max=1036, Min=67, Avg=79.09, 90=86, 99=126, 99.9=153, 99.99=310] 
2024-07-07 14:46:32:223 40 sec: 482948 operations; 12307 current ops/sec; est completion in 9 hours 52 minutes [READ: Count=61768, Max=4439, Min=69, Avg=80.98, 90=86, 99=129, 99.9=144, 99.99=299] [UPDATE: Count=61302, Max=395, Min=67, Avg=78.86, 90=84, 99=126, 99.9=137, 99.99=291] 
2024-07-07 14:46:42:223 50 sec: 605728 operations; 12278 current ops/sec; est completion in 9 hours 50 minutes [READ: Count=61565, Max=5811, Min=69, Avg=81.11, 90=86, 99=129, 99.9=141, 99.99=291] [UPDATE: Count=61215, Max=6271, Min=67, Avg=79.08, 90=84, 99=126, 99.9=142, 99.99=346] 
2024-07-07 14:46:52:223 60 sec: 726436 operations; 12070.8 current ops/sec; est completion in 9 hours 50 minutes [READ: Count=60089, Max=436, Min=69, Avg=82.5, 90=90, 99=130, 99.9=161, 99.99=310] [UPDATE: Count=60619, Max=2607, Min=67, Avg=80.46, 90=88, 99=128, 99.9=154, 99.99=312] 
Maximum time elapsed. Requesting stop for the workload.
Stop requested for workload. Now Joining!
2024-07-07 14:46:53:235 61 sec: 739016 operations; 12443.13 current ops/sec; est completion in 9 hours 49 minutes [READ: Count=6199, Max=2513, Min=70, Avg=80.09, 90=84, 99=126, 99.9=137, 99.99=164] [CLEANUP: Count=1, Max=1018, Min=1018, Avg=1018, 90=1018, 99=1018, 99.9=1018, 99.99=1018] [UPDATE: Count=6381, Max=456, Min=68, Avg=77.83, 90=82, 99=123, 99.9=131, 99.99=259] 
[OVERALL], RunTime(ms), 61016
[OVERALL], Throughput(ops/sec), 12111.839517503606
[TOTAL_GCS_Copy], Count, 68
[TOTAL_GC_TIME_Copy], Time(ms), 23
[TOTAL_GC_TIME_%_Copy], Time(%), 0.0376950308115904
[TOTAL_GCS_MarkSweepCompact], Count, 0
[TOTAL_GC_TIME_MarkSweepCompact], Time(ms), 0
[TOTAL_GC_TIME_%_MarkSweepCompact], Time(%), 0.0
[TOTAL_GCs], Count, 68
[TOTAL_GC_TIME], Time(ms), 23
[TOTAL_GC_TIME_%], Time(%), 0.0376950308115904
[READ], Operations, 369641
[READ], AverageLatency(us), 81.70489745455725
[READ], MinLatency(us), 69
[READ], MaxLatency(us), 17391
[READ], 95thPercentileLatency(us), 102
[READ], 99thPercentileLatency(us), 129
[READ], Return=OK, 369641
[CLEANUP], Operations, 1
[CLEANUP], AverageLatency(us), 1018.0
[CLEANUP], MinLatency(us), 1018
[CLEANUP], MaxLatency(us), 1018
[CLEANUP], 95thPercentileLatency(us), 1018
[CLEANUP], 99thPercentileLatency(us), 1018
[UPDATE], Operations, 369375
[UPDATE], AverageLatency(us), 79.80191945854484
[UPDATE], MinLatency(us), 67
[UPDATE], MaxLatency(us), 22143
[UPDATE], 95thPercentileLatency(us), 100
[UPDATE], 99thPercentileLatency(us), 127
[UPDATE], Return=OK, 369375
AUTOTEST_DONE
