/nix/store/2vwkssqpzykk37r996cafq7x63imf4sp-openjdk-21+35/bin/java  -classpath /nix/store/zw02np72fzsmga6s5mphhw7x8qlzf4sv-ycsb-0.17.0/share/conf:/nix/store/zw02np72fzsmga6s5mphhw7x8qlzf4sv-ycsb-0.17.0/share/lib/core-0.17.0.jar:/nix/store/zw02np72fzsmga6s5mphhw7x8qlzf4sv-ycsb-0.17.0/share/lib/HdrHistogram-2.1.4.jar:/nix/store/zw02np72fzsmga6s5mphhw7x8qlzf4sv-ycsb-0.17.0/share/lib/htrace-core4-4.1.0-incubating.jar:/nix/store/zw02np72fzsmga6s5mphhw7x8qlzf4sv-ycsb-0.17.0/share/lib/jackson-core-asl-1.9.4.jar:/nix/store/zw02np72fzsmga6s5mphhw7x8qlzf4sv-ycsb-0.17.0/share/lib/jackson-mapper-asl-1.9.4.jar:/nix/store/zw02np72fzsmga6s5mphhw7x8qlzf4sv-ycsb-0.17.0/share/redis-binding/lib/commons-pool2-2.4.2.jar:/nix/store/zw02np72fzsmga6s5mphhw7x8qlzf4sv-ycsb-0.17.0/share/redis-binding/lib/jedis-2.9.0.jar:/nix/store/zw02np72fzsmga6s5mphhw7x8qlzf4sv-ycsb-0.17.0/share/redis-binding/lib/redis-binding-0.17.0.jar site.ycsb.Client -t -db site.ycsb.db.RedisClient -s -P /home/host/vmuxIO/test/moonprogs//../../ycsb/share/workloads/workloada -p redis.host=10.1.0.2 -p redis.port=6379 -p operationcount=429496729 -p maxexecutiontime=61 -threads 1
Command line: -t -db site.ycsb.db.RedisClient -s -P /home/host/vmuxIO/test/moonprogs//../../ycsb/share/workloads/workloada -p redis.host=10.1.0.2 -p redis.port=6379 -p operationcount=429496729 -p maxexecutiontime=61 -threads 1
YCSB Client 0.17.0

Loading workload...
Starting test.
Maximum execution time specified as: 61 secs
DBWrapper: report latency for each error is false and specific error codes to track for latency are: []
2024-07-07 16:05:50:490 0 sec: 0 operations; est completion in 0 second 
2024-07-07 16:06:00:248 10 sec: 33993 operations; 3399.3 current ops/sec; est completion in 1 day 11 hours [READ: Count=17041, Max=103423, Min=101, Avg=280.62, 90=377, 99=2823, 99.9=6211, 99.99=10343] [UPDATE: Count=16969, Max=13511, Min=102, Avg=279.06, 90=382, 99=2731, 99.9=6195, 99.99=10151] 
2024-07-07 16:06:10:249 20 sec: 72307 operations; 3831.02 current ops/sec; est completion in 1 day 8 hours [READ: Count=19189, Max=4503, Min=109, Avg=257, 90=405, 99=660, 99.9=1732, 99.99=3947] [UPDATE: Count=19108, Max=4037, Min=103, Avg=256.66, 90=409, 99=672, 99.9=1465, 99.99=3353] 
2024-07-07 16:06:20:248 30 sec: 114277 operations; 4197.42 current ops/sec; est completion in 1 day 7 hours [READ: Count=20982, Max=19343, Min=106, Avg=236.5, 90=374, 99=480, 99.9=753, 99.99=4103] [UPDATE: Count=20988, Max=3409, Min=107, Avg=235.46, 90=376, 99=485, 99.9=627, 99.99=2595] 
2024-07-07 16:06:30:248 40 sec: 157142 operations; 4286.5 current ops/sec; est completion in 1 day 6 hours [READ: Count=21391, Max=2653, Min=105, Avg=231.94, 90=368, 99=476, 99.9=598, 99.99=1120] [UPDATE: Count=21474, Max=4299, Min=107, Avg=230.62, 90=369, 99=477, 99.9=616, 99.99=4155] 
2024-07-07 16:06:40:248 50 sec: 196860 operations; 3971.8 current ops/sec; est completion in 1 day 6 hours [READ: Count=19987, Max=4263, Min=110, Avg=249.32, 90=393, 99=605, 99.9=872, 99.99=1050] [UPDATE: Count=19731, Max=3951, Min=108, Avg=249.89, 90=397, 99=631, 99.9=893, 99.99=1250] 
2024-07-07 16:06:50:248 60 sec: 239987 operations; 4312.7 current ops/sec; est completion in 1 day 5 hours [READ: Count=21589, Max=2099, Min=96, Avg=229.34, 90=372, 99=527, 99.9=761, 99.99=1670] [UPDATE: Count=21538, Max=9351, Min=93, Avg=230.08, 90=374, 99=520, 99.9=757, 99.99=1726] 
Maximum time elapsed. Requesting stop for the workload.
Stop requested for workload. Now Joining!
2024-07-07 16:06:51:258 61 sec: 245340 operations; 5294.76 current ops/sec; est completion in 1 day 5 hours [READ: Count=2713, Max=7935, Min=97, Avg=188.47, 90=270, 99=451, 99.9=2043, 99.99=7935] [CLEANUP: Count=1, Max=1070, Min=1070, Avg=1070, 90=1070, 99=1070, 99.9=1070, 99.99=1070] [UPDATE: Count=2640, Max=2389, Min=94, Avg=184.16, 90=272, 99=464, 99.9=1177, 99.99=2389] 
[OVERALL], RunTime(ms), 61022
[OVERALL], Throughput(ops/sec), 4020.517190521451
[TOTAL_GCS_Copy], Count, 23
[TOTAL_GC_TIME_Copy], Time(ms), 24
[TOTAL_GC_TIME_%_Copy], Time(%), 0.039330077676903406
[TOTAL_GCS_MarkSweepCompact], Count, 0
[TOTAL_GC_TIME_MarkSweepCompact], Time(ms), 0
[TOTAL_GC_TIME_%_MarkSweepCompact], Time(%), 0.0
[TOTAL_GCs], Count, 23
[TOTAL_GC_TIME], Time(ms), 24
[TOTAL_GC_TIME_%], Time(%), 0.039330077676903406
[READ], Operations, 122892
[READ], AverageLatency(us), 244.79279367249293
[READ], MinLatency(us), 96
[READ], MaxLatency(us), 103423
[READ], 95thPercentileLatency(us), 423
[READ], 99thPercentileLatency(us), 584
[READ], Return=OK, 122892
[CLEANUP], Operations, 1
[CLEANUP], AverageLatency(us), 1070.0
[CLEANUP], MinLatency(us), 1070
[CLEANUP], MaxLatency(us), 1070
[CLEANUP], 95thPercentileLatency(us), 1070
[CLEANUP], 99thPercentileLatency(us), 1070
[UPDATE], Operations, 122448
[UPDATE], AverageLatency(us), 244.23541421664706
[UPDATE], MinLatency(us), 93
[UPDATE], MaxLatency(us), 13511
[UPDATE], 95thPercentileLatency(us), 427
[UPDATE], 99thPercentileLatency(us), 599
[UPDATE], Return=OK, 122448
AUTOTEST_DONE
