/nix/store/2vwkssqpzykk37r996cafq7x63imf4sp-openjdk-21+35/bin/java  -classpath /nix/store/zw02np72fzsmga6s5mphhw7x8qlzf4sv-ycsb-0.17.0/share/conf:/nix/store/zw02np72fzsmga6s5mphhw7x8qlzf4sv-ycsb-0.17.0/share/lib/core-0.17.0.jar:/nix/store/zw02np72fzsmga6s5mphhw7x8qlzf4sv-ycsb-0.17.0/share/lib/HdrHistogram-2.1.4.jar:/nix/store/zw02np72fzsmga6s5mphhw7x8qlzf4sv-ycsb-0.17.0/share/lib/htrace-core4-4.1.0-incubating.jar:/nix/store/zw02np72fzsmga6s5mphhw7x8qlzf4sv-ycsb-0.17.0/share/lib/jackson-core-asl-1.9.4.jar:/nix/store/zw02np72fzsmga6s5mphhw7x8qlzf4sv-ycsb-0.17.0/share/lib/jackson-mapper-asl-1.9.4.jar:/nix/store/zw02np72fzsmga6s5mphhw7x8qlzf4sv-ycsb-0.17.0/share/redis-binding/lib/commons-pool2-2.4.2.jar:/nix/store/zw02np72fzsmga6s5mphhw7x8qlzf4sv-ycsb-0.17.0/share/redis-binding/lib/jedis-2.9.0.jar:/nix/store/zw02np72fzsmga6s5mphhw7x8qlzf4sv-ycsb-0.17.0/share/redis-binding/lib/redis-binding-0.17.0.jar site.ycsb.Client -t -db site.ycsb.db.RedisClient -s -P /home/host/vmuxIO/test/moonprogs//../../ycsb/share/workloads/workloada -p redis.host=10.1.0.2 -p redis.port=6380 -p operationcount=429496729 -p maxexecutiontime=61 -threads 1
Command line: -t -db site.ycsb.db.RedisClient -s -P /home/host/vmuxIO/test/moonprogs//../../ycsb/share/workloads/workloada -p redis.host=10.1.0.2 -p redis.port=6380 -p operationcount=429496729 -p maxexecutiontime=61 -threads 1
YCSB Client 0.17.0

Loading workload...
Starting test.
Maximum execution time specified as: 61 secs
DBWrapper: report latency for each error is false and specific error codes to track for latency are: []
2024-07-19 22:14:31:863 0 sec: 0 operations; est completion in 0 second 
2024-07-19 22:14:41:709 10 sec: 87993 operations; 8799.3 current ops/sec; est completion in 13 hours 33 minutes [READ: Count=44240, Max=11343, Min=77, Avg=109.27, 90=126, 99=193, 99.9=631, 99.99=3405] [UPDATE: Count=43755, Max=23375, Min=75, Avg=106.76, 90=124, 99=203, 99.9=590, 99.99=3599] 
2024-07-19 22:14:51:709 20 sec: 186256 operations; 9826.3 current ops/sec; est completion in 12 hours 48 minutes [READ: Count=48983, Max=1578, Min=80, Avg=101.53, 90=115, 99=133, 99.9=174, 99.99=433] [UPDATE: Count=49278, Max=12127, Min=76, Avg=98.8, 90=112, 99=130, 99.9=169, 99.99=377] 
2024-07-19 22:15:01:709 30 sec: 289099 operations; 10284.3 current ops/sec; est completion in 12 hours 22 minutes [READ: Count=51567, Max=6887, Min=77, Avg=97.52, 90=108, 99=129, 99.9=160, 99.99=480] [UPDATE: Count=51276, Max=543, Min=74, Avg=94.29, 90=105, 99=126, 99.9=148, 99.99=293] 
2024-07-19 22:15:11:709 40 sec: 387254 operations; 9815.5 current ops/sec; est completion in 12 hours 18 minutes [READ: Count=49018, Max=7831, Min=79, Avg=102.18, 90=117, 99=137, 99.9=185, 99.99=565] [UPDATE: Count=49137, Max=1735, Min=78, Avg=98.8, 90=114, 99=134, 99.9=167, 99.99=407] 
2024-07-19 22:15:21:709 50 sec: 489061 operations; 10180.7 current ops/sec; est completion in 12 hours 11 minutes [READ: Count=50694, Max=7423, Min=77, Avg=98.52, 90=109, 99=130, 99.9=154, 99.99=374] [UPDATE: Count=51113, Max=451, Min=75, Avg=95.27, 90=106, 99=127, 99.9=154, 99.99=350] 
2024-07-19 22:15:31:709 60 sec: 585666 operations; 9660.5 current ops/sec; est completion in 12 hours 12 minutes [READ: Count=48321, Max=2505, Min=78, Avg=103.43, 90=116, 99=134, 99.9=234, 99.99=309] [UPDATE: Count=48284, Max=5115, Min=78, Avg=100.47, 90=113, 99=131, 99.9=235, 99.99=363] 
Maximum time elapsed. Requesting stop for the workload.
Stop requested for workload. Now Joining!
2024-07-19 22:15:32:720 61 sec: 595488 operations; 9715.13 current ops/sec; est completion in 12 hours 12 minutes [READ: Count=4912, Max=436, Min=84, Avg=102.48, 90=113, 99=129, 99.9=156, 99.99=436] [CLEANUP: Count=1, Max=858, Min=858, Avg=858, 90=858, 99=858, 99.9=858, 99.99=858] [UPDATE: Count=4910, Max=2965, Min=81, Avg=99.76, 90=110, 99=126, 99.9=149, 99.99=2965] 
[OVERALL], RunTime(ms), 61015
[OVERALL], Throughput(ops/sec), 9759.698434811113
[TOTAL_GCS_Copy], Count, 55
[TOTAL_GC_TIME_Copy], Time(ms), 25
[TOTAL_GC_TIME_%_Copy], Time(%), 0.0409735310989101
[TOTAL_GCS_MarkSweepCompact], Count, 0
[TOTAL_GC_TIME_MarkSweepCompact], Time(ms), 0
[TOTAL_GC_TIME_%_MarkSweepCompact], Time(%), 0.0
[TOTAL_GCs], Count, 55
[TOTAL_GC_TIME], Time(ms), 25
[TOTAL_GC_TIME_%], Time(%), 0.0409735310989101
[READ], Operations, 297735
[READ], AverageLatency(us), 101.90387760928343
[READ], MinLatency(us), 77
[READ], MaxLatency(us), 11343
[READ], 95thPercentileLatency(us), 124
[READ], 99thPercentileLatency(us), 140
[READ], Return=OK, 297735
[CLEANUP], Operations, 1
[CLEANUP], AverageLatency(us), 858.0
[CLEANUP], MinLatency(us), 858
[CLEANUP], MaxLatency(us), 858
[CLEANUP], 95thPercentileLatency(us), 858
[CLEANUP], 99thPercentileLatency(us), 858
[UPDATE], Operations, 297753
[UPDATE], AverageLatency(us), 98.87415743921976
[UPDATE], MinLatency(us), 74
[UPDATE], MaxLatency(us), 23375
[UPDATE], 95thPercentileLatency(us), 121
[UPDATE], 99thPercentileLatency(us), 138
[UPDATE], Return=OK, 297753
AUTOTEST_DONE
