/nix/store/2vwkssqpzykk37r996cafq7x63imf4sp-openjdk-21+35/bin/java  -classpath /nix/store/zw02np72fzsmga6s5mphhw7x8qlzf4sv-ycsb-0.17.0/share/conf:/nix/store/zw02np72fzsmga6s5mphhw7x8qlzf4sv-ycsb-0.17.0/share/lib/core-0.17.0.jar:/nix/store/zw02np72fzsmga6s5mphhw7x8qlzf4sv-ycsb-0.17.0/share/lib/HdrHistogram-2.1.4.jar:/nix/store/zw02np72fzsmga6s5mphhw7x8qlzf4sv-ycsb-0.17.0/share/lib/htrace-core4-4.1.0-incubating.jar:/nix/store/zw02np72fzsmga6s5mphhw7x8qlzf4sv-ycsb-0.17.0/share/lib/jackson-core-asl-1.9.4.jar:/nix/store/zw02np72fzsmga6s5mphhw7x8qlzf4sv-ycsb-0.17.0/share/lib/jackson-mapper-asl-1.9.4.jar:/nix/store/zw02np72fzsmga6s5mphhw7x8qlzf4sv-ycsb-0.17.0/share/redis-binding/lib/commons-pool2-2.4.2.jar:/nix/store/zw02np72fzsmga6s5mphhw7x8qlzf4sv-ycsb-0.17.0/share/redis-binding/lib/jedis-2.9.0.jar:/nix/store/zw02np72fzsmga6s5mphhw7x8qlzf4sv-ycsb-0.17.0/share/redis-binding/lib/redis-binding-0.17.0.jar site.ycsb.Client -t -db site.ycsb.db.RedisClient -s -P /home/host/vmuxIO/test/moonprogs//../../ycsb/share/workloads/workloada -p redis.host=10.1.0.2 -p redis.port=6380 -p operationcount=429496729 -p maxexecutiontime=61 -threads 1
Command line: -t -db site.ycsb.db.RedisClient -s -P /home/host/vmuxIO/test/moonprogs//../../ycsb/share/workloads/workloada -p redis.host=10.1.0.2 -p redis.port=6380 -p operationcount=429496729 -p maxexecutiontime=61 -threads 1
YCSB Client 0.17.0

Loading workload...
Starting test.
Maximum execution time specified as: 61 secs
DBWrapper: report latency for each error is false and specific error codes to track for latency are: []
2025-04-02 01:10:31:136 0 sec: 0 operations; est completion in 0 second 
2025-04-02 01:10:40:968 10 sec: 48084 operations; 4808.4 current ops/sec; est completion in 1 day [READ: Count=24121, Max=51679, Min=87, Avg=198.1, 90=275, 99=923, 99.9=3319, 99.99=9527] [UPDATE: Count=23989, Max=29903, Min=83, Avg=198.18, 90=276, 99=944, 99.9=3715, 99.99=8163] 
2025-04-02 01:10:50:968 20 sec: 97898 operations; 4980.9 current ops/sec; est completion in 1 day [READ: Count=24940, Max=13607, Min=84, Avg=199.36, 90=311, 99=745, 99.9=1215, 99.99=3685] [UPDATE: Count=24848, Max=3281, Min=83, Avg=197.06, 90=312, 99=737, 99.9=1151, 99.99=3037] 
2025-04-02 01:11:00:967 30 sec: 157509 operations; 5961.7 current ops/sec; est completion in 22 hours 42 minutes [READ: Count=29706, Max=3817, Min=91, Avg=166.28, 90=259, 99=449, 99.9=674, 99.99=1976] [UPDATE: Count=29905, Max=11447, Min=87, Avg=165.42, 90=262, 99=448, 99.9=654, 99.99=1191] 
2025-04-02 01:11:10:967 40 sec: 222304 operations; 6479.5 current ops/sec; est completion in 21 hours 27 minutes [READ: Count=32506, Max=4099, Min=86, Avg=153.35, 90=202, 99=304, 99.9=441, 99.99=1556] [UPDATE: Count=32289, Max=8311, Min=82, Avg=151.85, 90=202, 99=309, 99.9=468, 99.99=3145] 
2025-04-02 01:11:20:967 50 sec: 255369 operations; 3306.5 current ops/sec; est completion in 23 hours 20 minutes [READ: Count=16437, Max=3673, Min=86, Avg=300.69, 90=447, 99=619, 99.9=922, 99.99=1429] [UPDATE: Count=16628, Max=4591, Min=83, Avg=299.08, 90=445, 99=611, 99.9=855, 99.99=1200] 
2025-04-02 01:11:30:967 60 sec: 310073 operations; 5470.4 current ops/sec; est completion in 23 hours 4 minutes [READ: Count=27364, Max=6299, Min=83, Avg=181.62, 90=307, 99=529, 99.9=779, 99.99=974] [UPDATE: Count=27340, Max=1066, Min=79, Avg=179.79, 90=309, 99=529, 99.9=763, 99.99=885] 
Maximum time elapsed. Requesting stop for the workload.
Stop requested for workload. Now Joining!
2025-04-02 01:11:31:976 61 sec: 318724 operations; 8582.34 current ops/sec; est completion in 22 hours 49 minutes [READ: Count=4313, Max=609, Min=80, Avg=115.18, 90=147, 99=202, 99.9=307, 99.99=609] [CLEANUP: Count=1, Max=925, Min=925, Avg=925, 90=925, 99=925, 99.9=925, 99.99=925] [UPDATE: Count=4338, Max=6691, Min=78, Avg=114.18, 90=141, 99=208, 99.9=399, 99.99=6691] 
[OVERALL], RunTime(ms), 61016
[OVERALL], Throughput(ops/sec), 5223.6134784318865
[TOTAL_GCS_Copy], Count, 30
[TOTAL_GC_TIME_Copy], Time(ms), 22
[TOTAL_GC_TIME_%_Copy], Time(%), 0.03605611642847777
[TOTAL_GCS_MarkSweepCompact], Count, 0
[TOTAL_GC_TIME_MarkSweepCompact], Time(ms), 0
[TOTAL_GC_TIME_%_MarkSweepCompact], Time(%), 0.0
[TOTAL_GCs], Count, 30
[TOTAL_GC_TIME], Time(ms), 22
[TOTAL_GC_TIME_%], Time(%), 0.03605611642847777
[READ], Operations, 159387
[READ], AverageLatency(us), 188.74504821597748
[READ], MinLatency(us), 80
[READ], MaxLatency(us), 51679
[READ], 95thPercentileLatency(us), 393
[READ], 99thPercentileLatency(us), 566
[READ], Return=OK, 159387
[CLEANUP], Operations, 1
[CLEANUP], AverageLatency(us), 925.0
[CLEANUP], MinLatency(us), 925
[CLEANUP], MaxLatency(us), 925
[CLEANUP], 95thPercentileLatency(us), 925
[CLEANUP], 99thPercentileLatency(us), 925
[UPDATE], Operations, 159337
[UPDATE], AverageLatency(us), 187.5551566804948
[UPDATE], MinLatency(us), 78
[UPDATE], MaxLatency(us), 29903
[UPDATE], 95thPercentileLatency(us), 393
[UPDATE], 99thPercentileLatency(us), 571
[UPDATE], Return=OK, 159337
AUTOTEST_DONE
