[1;37m[INFO]  Initializing DPDK. This will take a few seconds...[0m
EAL: Probing VFIO support...
EAL: PCI device 0000:20:00.0 on NUMA socket 0
EAL:   probe driver: 8086:1521 net_e1000_igb
EAL: PCI device 0000:20:00.1 on NUMA socket 0
EAL:   probe driver: 8086:1521 net_e1000_igb
EAL: PCI device 0000:b0:00.0 on NUMA socket 1
EAL:   probe driver: 8086:10fb net_ixgbe
[1;37m[INFO]  Found 2 usable devices:[0m
   Device 0: 08:9E:01:9B:21:1F ([0;32mIntel Corporation I350 Gigabit Network Connection[0m)
   Device 1: 64:9D:99:B1:0B:62 ([0;32mIntel Corporation 82599ES 10-Gigabit SFI/SFP+ Network Connection[0m)
PMD: ixgbe_dev_link_status_print():  Port 1: Link Down
[1;37m[INFO]  Waiting for devices to come up...[0m
[1;37m[INFO]  Device 1 (64:9D:99:B1:0B:62) is up: 10000 MBit/s[0m
[1;37m[INFO]  [0;32m1 device is up.[0m[0m
[1;36m[Device: id=1] RX[0m: 0.00 Mpps, 3 Mbit/s (3 Mbit/s with framing)
[0;34m[Device: id=1] TX[0m: 0.02 Mpps, 163 Mbit/s (166 Mbit/s with framing)
[1;36m[Device: id=1] RX[0m: 0.01 Mpps, 84 Mbit/s (85 Mbit/s with framing)
[0;34m[Device: id=1] TX[0m: 0.02 Mpps, 163 Mbit/s (166 Mbit/s with framing)
[1;36m[Device: id=1] RX[0m: 0.01 Mpps, 94 Mbit/s (96 Mbit/s with framing)
[0;34m[Device: id=1] TX[0m: 0.02 Mpps, 163 Mbit/s (166 Mbit/s with framing)
[1;36m[Device: id=1] RX[0m: 0.01 Mpps, 94 Mbit/s (96 Mbit/s with framing)
[0;34m[Device: id=1] TX[0m: 0.02 Mpps, 163 Mbit/s (166 Mbit/s with framing)
[1;36m[Device: id=1] RX[0m: 0.01 Mpps, 94 Mbit/s (96 Mbit/s with framing)
[0;34m[Device: id=1] TX[0m: 0.02 Mpps, 163 Mbit/s (166 Mbit/s with framing)
[1;36m[Device: id=1] RX[0m: 0.01 Mpps, 94 Mbit/s (96 Mbit/s with framing)
[0;34m[Device: id=1] TX[0m: 0.02 Mpps, 163 Mbit/s (166 Mbit/s with framing)
[1;36m[Device: id=1] RX[0m: 0.01 Mpps, 94 Mbit/s (96 Mbit/s with framing)
[0;34m[Device: id=1] TX[0m: 0.02 Mpps, 163 Mbit/s (166 Mbit/s with framing)
[1;36m[Device: id=1] RX[0m: 0.01 Mpps, 94 Mbit/s (96 Mbit/s with framing)
[0;34m[Device: id=1] TX[0m: 0.02 Mpps, 163 Mbit/s (166 Mbit/s with framing)
[1;36m[Device: id=1] RX[0m: 0.01 Mpps, 88 Mbit/s (90 Mbit/s with framing)
[0;34m[Device: id=1] TX[0m: 0.02 Mpps, 163 Mbit/s (166 Mbit/s with framing)
[1;36m[Device: id=1] RX[0m: 0.01 Mpps, 88 Mbit/s (90 Mbit/s with framing)
[0;34m[Device: id=1] TX[0m: 0.02 Mpps, 163 Mbit/s (166 Mbit/s with framing)
[1;36m[Device: id=1] RX[0m: 0.01 Mpps, 94 Mbit/s (96 Mbit/s with framing)
[0;34m[Device: id=1] TX[0m: 0.02 Mpps, 163 Mbit/s (166 Mbit/s with framing)
[1;36m[Device: id=1] RX[0m: 0.01 Mpps, 94 Mbit/s (96 Mbit/s with framing)
[0;34m[Device: id=1] TX[0m: 0.02 Mpps, 163 Mbit/s (166 Mbit/s with framing)
[1;36m[Device: id=1] RX[0m: 0.01 Mpps, 94 Mbit/s (96 Mbit/s with framing)
[0;34m[Device: id=1] TX[0m: 0.02 Mpps, 163 Mbit/s (166 Mbit/s with framing)
[1;36m[Device: id=1] RX[0m: 0.01 Mpps, 94 Mbit/s (96 Mbit/s with framing)
[0;34m[Device: id=1] TX[0m: 0.02 Mpps, 163 Mbit/s (166 Mbit/s with framing)
[1;36m[Device: id=1] RX[0m: 0.01 Mpps, 94 Mbit/s (96 Mbit/s with framing)
[0;34m[Device: id=1] TX[0m: 0.02 Mpps, 163 Mbit/s (166 Mbit/s with framing)
[1;36m[Device: id=1] RX[0m: 0.01 Mpps, 94 Mbit/s (96 Mbit/s with framing)
[0;34m[Device: id=1] TX[0m: 0.02 Mpps, 163 Mbit/s (166 Mbit/s with framing)
[1;36m[Device: id=1] RX[0m: 0.01 Mpps, 95 Mbit/s (96 Mbit/s with framing)
[0;34m[Device: id=1] TX[0m: 0.02 Mpps, 163 Mbit/s (166 Mbit/s with framing)
[1;36m[Device: id=1] RX[0m: 0.01 Mpps, 94 Mbit/s (96 Mbit/s with framing)
[0;34m[Device: id=1] TX[0m: 0.02 Mpps, 163 Mbit/s (166 Mbit/s with framing)
[1;36m[Device: id=1] RX[0m: 0.01 Mpps, 87 Mbit/s (89 Mbit/s with framing)
[0;34m[Device: id=1] TX[0m: 0.02 Mpps, 163 Mbit/s (166 Mbit/s with framing)
[1;36m[Device: id=1] RX[0m: 0.01 Mpps, 93 Mbit/s (95 Mbit/s with framing)
[0;34m[Device: id=1] TX[0m: 0.02 Mpps, 163 Mbit/s (166 Mbit/s with framing)
[1;36m[Device: id=1] RX[0m: 0.01 Mpps, 95 Mbit/s (96 Mbit/s with framing)
[0;34m[Device: id=1] TX[0m: 0.02 Mpps, 163 Mbit/s (166 Mbit/s with framing)
[1;36m[Device: id=1] RX[0m: 0.01 Mpps, 94 Mbit/s (96 Mbit/s with framing)
[0;34m[Device: id=1] TX[0m: 0.02 Mpps, 163 Mbit/s (166 Mbit/s with framing)
[1;36m[Device: id=1] RX[0m: 0.01 Mpps, 94 Mbit/s (96 Mbit/s with framing)
[0;34m[Device: id=1] TX[0m: 0.02 Mpps, 163 Mbit/s (166 Mbit/s with framing)
[1;36m[Device: id=1] RX[0m: 0.01 Mpps, 94 Mbit/s (96 Mbit/s with framing)
[0;34m[Device: id=1] TX[0m: 0.02 Mpps, 163 Mbit/s (166 Mbit/s with framing)
[1;36m[Device: id=1] RX[0m: 0.01 Mpps, 95 Mbit/s (96 Mbit/s with framing)
[0;34m[Device: id=1] TX[0m: 0.02 Mpps, 163 Mbit/s (166 Mbit/s with framing)
[1;36m[Device: id=1] RX[0m: 0.01 Mpps, 95 Mbit/s (96 Mbit/s with framing)
[0;34m[Device: id=1] TX[0m: 0.02 Mpps, 163 Mbit/s (166 Mbit/s with framing)
[1;36m[Device: id=1] RX[0m: 0.01 Mpps, 95 Mbit/s (96 Mbit/s with framing)
[0;34m[Device: id=1] TX[0m: 0.02 Mpps, 163 Mbit/s (166 Mbit/s with framing)
[1;36m[Device: id=1] RX[0m: 0.01 Mpps, 95 Mbit/s (96 Mbit/s with framing)
[0;34m[Device: id=1] TX[0m: 0.02 Mpps, 163 Mbit/s (166 Mbit/s with framing)
[1;36m[Device: id=1] RX[0m: 0.01 Mpps, 86 Mbit/s (88 Mbit/s with framing)
[0;34m[Device: id=1] TX[0m: 0.02 Mpps, 163 Mbit/s (166 Mbit/s with framing)
[1;33m[WARN]  Failed to timestamp packet on transmission[0m
Samples: 1073, Average: 5735079.2 ns, StdDev: 485849.8 ns, Quartiles: 5558944.0/5649139.0/5719802.0 ns
[1;37m[INFO]  Saving histogram to 'histogram.csv'[0m
[1;36m[Device: id=1] RX[0m: 0.01 (StdDev 0.00) Mpps, 93 (StdDev 3) Mbit/s (95 Mbit/s with framing), total 328040 packets with 334881020 bytes (incl. CRC)
[0;34m[Device: id=1] TX[0m: 0.02 (StdDev 0.00) Mpps, 163 (StdDev 0) Mbit/s (166 Mbit/s with framing), total 598909 packets with 611317696 bytes (incl. CRC)
