[1;37m[INFO]  Initializing DPDK. This will take a few seconds...[0m
EAL: Probing VFIO support...
EAL: PCI device 0000:20:00.0 on NUMA socket 0
EAL:   probe driver: 8086:1521 net_e1000_igb
EAL: PCI device 0000:20:00.1 on NUMA socket 0
EAL:   probe driver: 8086:1521 net_e1000_igb
EAL: PCI device 0000:b0:00.0 on NUMA socket 1
EAL:   probe driver: 8086:10fb net_ixgbe
[1;37m[INFO]  Found 2 usable devices:[0m
   Device 0: 08:9E:01:9B:21:1F ([0;32mIntel Corporation I350 Gigabit Network Connection[0m)
   Device 1: 64:9D:99:B1:0B:62 ([0;32mIntel Corporation 82599ES 10-Gigabit SFI/SFP+ Network Connection[0m)
PMD: ixgbe_dev_link_status_print():  Port 1: Link Down
[1;37m[INFO]  Waiting for devices to come up...[0m
[1;37m[INFO]  Device 1 (64:9D:99:B1:0B:62) is up: 10000 MBit/s[0m
[1;37m[INFO]  [0;32m1 device is up.[0m[0m
[1;36m[Device: id=1] RX[0m: 0.01 Mpps, 82 Mbit/s (84 Mbit/s with framing)
[0;34m[Device: id=1] TX[0m: 0.03 Mpps, 244 Mbit/s (249 Mbit/s with framing)
[1;36m[Device: id=1] RX[0m: 0.01 Mpps, 92 Mbit/s (94 Mbit/s with framing)
[0;34m[Device: id=1] TX[0m: 0.03 Mpps, 245 Mbit/s (250 Mbit/s with framing)
[1;36m[Device: id=1] RX[0m: 0.01 Mpps, 92 Mbit/s (94 Mbit/s with framing)
[0;34m[Device: id=1] TX[0m: 0.03 Mpps, 245 Mbit/s (250 Mbit/s with framing)
[1;36m[Device: id=1] RX[0m: 0.01 Mpps, 92 Mbit/s (94 Mbit/s with framing)
[0;34m[Device: id=1] TX[0m: 0.03 Mpps, 245 Mbit/s (250 Mbit/s with framing)
[1;36m[Device: id=1] RX[0m: 0.01 Mpps, 92 Mbit/s (94 Mbit/s with framing)
[0;34m[Device: id=1] TX[0m: 0.03 Mpps, 245 Mbit/s (250 Mbit/s with framing)
[1;36m[Device: id=1] RX[0m: 0.01 Mpps, 92 Mbit/s (94 Mbit/s with framing)
[0;34m[Device: id=1] TX[0m: 0.03 Mpps, 245 Mbit/s (250 Mbit/s with framing)
[1;36m[Device: id=1] RX[0m: 0.01 Mpps, 92 Mbit/s (93 Mbit/s with framing)
[0;34m[Device: id=1] TX[0m: 0.03 Mpps, 245 Mbit/s (250 Mbit/s with framing)
[1;36m[Device: id=1] RX[0m: 0.01 Mpps, 92 Mbit/s (93 Mbit/s with framing)
[0;34m[Device: id=1] TX[0m: 0.03 Mpps, 245 Mbit/s (250 Mbit/s with framing)
[1;36m[Device: id=1] RX[0m: 0.01 Mpps, 91 Mbit/s (93 Mbit/s with framing)
[0;34m[Device: id=1] TX[0m: 0.03 Mpps, 245 Mbit/s (250 Mbit/s with framing)
[1;36m[Device: id=1] RX[0m: 0.01 Mpps, 92 Mbit/s (94 Mbit/s with framing)
[0;34m[Device: id=1] TX[0m: 0.03 Mpps, 245 Mbit/s (250 Mbit/s with framing)
[1;36m[Device: id=1] RX[0m: 0.01 Mpps, 92 Mbit/s (93 Mbit/s with framing)
[0;34m[Device: id=1] TX[0m: 0.03 Mpps, 245 Mbit/s (250 Mbit/s with framing)
[1;36m[Device: id=1] RX[0m: 0.01 Mpps, 93 Mbit/s (94 Mbit/s with framing)
[0;34m[Device: id=1] TX[0m: 0.03 Mpps, 245 Mbit/s (250 Mbit/s with framing)
[1;36m[Device: id=1] RX[0m: 0.01 Mpps, 93 Mbit/s (94 Mbit/s with framing)
[0;34m[Device: id=1] TX[0m: 0.03 Mpps, 245 Mbit/s (250 Mbit/s with framing)
[1;36m[Device: id=1] RX[0m: 0.01 Mpps, 93 Mbit/s (95 Mbit/s with framing)
[0;34m[Device: id=1] TX[0m: 0.03 Mpps, 245 Mbit/s (250 Mbit/s with framing)
[1;36m[Device: id=1] RX[0m: 0.01 Mpps, 93 Mbit/s (95 Mbit/s with framing)
[0;34m[Device: id=1] TX[0m: 0.03 Mpps, 245 Mbit/s (250 Mbit/s with framing)
[1;36m[Device: id=1] RX[0m: 0.01 Mpps, 93 Mbit/s (95 Mbit/s with framing)
[0;34m[Device: id=1] TX[0m: 0.03 Mpps, 245 Mbit/s (250 Mbit/s with framing)
[1;36m[Device: id=1] RX[0m: 0.01 Mpps, 93 Mbit/s (94 Mbit/s with framing)
[0;34m[Device: id=1] TX[0m: 0.03 Mpps, 245 Mbit/s (250 Mbit/s with framing)
[1;36m[Device: id=1] RX[0m: 0.01 Mpps, 92 Mbit/s (94 Mbit/s with framing)
[0;34m[Device: id=1] TX[0m: 0.03 Mpps, 245 Mbit/s (250 Mbit/s with framing)
[1;36m[Device: id=1] RX[0m: 0.01 Mpps, 92 Mbit/s (94 Mbit/s with framing)
[0;34m[Device: id=1] TX[0m: 0.03 Mpps, 245 Mbit/s (250 Mbit/s with framing)
[1;36m[Device: id=1] RX[0m: 0.01 Mpps, 92 Mbit/s (94 Mbit/s with framing)
[0;34m[Device: id=1] TX[0m: 0.03 Mpps, 245 Mbit/s (250 Mbit/s with framing)
[1;36m[Device: id=1] RX[0m: 0.01 Mpps, 93 Mbit/s (95 Mbit/s with framing)
[0;34m[Device: id=1] TX[0m: 0.03 Mpps, 245 Mbit/s (250 Mbit/s with framing)
[1;36m[Device: id=1] RX[0m: 0.01 Mpps, 93 Mbit/s (94 Mbit/s with framing)
[0;34m[Device: id=1] TX[0m: 0.03 Mpps, 245 Mbit/s (250 Mbit/s with framing)
[1;36m[Device: id=1] RX[0m: 0.01 Mpps, 93 Mbit/s (95 Mbit/s with framing)
[0;34m[Device: id=1] TX[0m: 0.03 Mpps, 245 Mbit/s (250 Mbit/s with framing)
[1;36m[Device: id=1] RX[0m: 0.01 Mpps, 92 Mbit/s (94 Mbit/s with framing)
[0;34m[Device: id=1] TX[0m: 0.03 Mpps, 245 Mbit/s (250 Mbit/s with framing)
[1;36m[Device: id=1] RX[0m: 0.01 Mpps, 92 Mbit/s (94 Mbit/s with framing)
[0;34m[Device: id=1] TX[0m: 0.03 Mpps, 245 Mbit/s (250 Mbit/s with framing)
[1;36m[Device: id=1] RX[0m: 0.01 Mpps, 92 Mbit/s (94 Mbit/s with framing)
[0;34m[Device: id=1] TX[0m: 0.03 Mpps, 245 Mbit/s (250 Mbit/s with framing)
[1;36m[Device: id=1] RX[0m: 0.01 Mpps, 93 Mbit/s (94 Mbit/s with framing)
[0;34m[Device: id=1] TX[0m: 0.03 Mpps, 245 Mbit/s (250 Mbit/s with framing)
[1;36m[Device: id=1] RX[0m: 0.01 Mpps, 93 Mbit/s (95 Mbit/s with framing)
[0;34m[Device: id=1] TX[0m: 0.03 Mpps, 245 Mbit/s (250 Mbit/s with framing)
[1;36m[Device: id=1] RX[0m: 0.01 Mpps, 93 Mbit/s (95 Mbit/s with framing)
[0;34m[Device: id=1] TX[0m: 0.03 Mpps, 245 Mbit/s (250 Mbit/s with framing)
Samples: 582, Average: 5864465.8 ns, StdDev: 155156.1 ns, Quartiles: 5752255.0/5884922.0/5968454.0 ns
[1;37m[INFO]  Saving histogram to 'histogram.csv'[0m
[1;36m[Device: id=1] RX[0m: 0.01 (StdDev 0.00) Mpps, 92 (StdDev 0) Mbit/s (94 Mbit/s with framing), total 337127 packets with 344659328 bytes (incl. CRC)
[0;34m[Device: id=1] TX[0m: 0.03 (StdDev 0.00) Mpps, 245 (StdDev 0) Mbit/s (250 Mbit/s with framing), total 898024 packets with 917922496 bytes (incl. CRC)
