/nix/store/2vwkssqpzykk37r996cafq7x63imf4sp-openjdk-21+35/bin/java  -classpath /nix/store/zw02np72fzsmga6s5mphhw7x8qlzf4sv-ycsb-0.17.0/share/conf:/nix/store/zw02np72fzsmga6s5mphhw7x8qlzf4sv-ycsb-0.17.0/share/lib/core-0.17.0.jar:/nix/store/zw02np72fzsmga6s5mphhw7x8qlzf4sv-ycsb-0.17.0/share/lib/HdrHistogram-2.1.4.jar:/nix/store/zw02np72fzsmga6s5mphhw7x8qlzf4sv-ycsb-0.17.0/share/lib/htrace-core4-4.1.0-incubating.jar:/nix/store/zw02np72fzsmga6s5mphhw7x8qlzf4sv-ycsb-0.17.0/share/lib/jackson-core-asl-1.9.4.jar:/nix/store/zw02np72fzsmga6s5mphhw7x8qlzf4sv-ycsb-0.17.0/share/lib/jackson-mapper-asl-1.9.4.jar:/nix/store/zw02np72fzsmga6s5mphhw7x8qlzf4sv-ycsb-0.17.0/share/redis-binding/lib/commons-pool2-2.4.2.jar:/nix/store/zw02np72fzsmga6s5mphhw7x8qlzf4sv-ycsb-0.17.0/share/redis-binding/lib/jedis-2.9.0.jar:/nix/store/zw02np72fzsmga6s5mphhw7x8qlzf4sv-ycsb-0.17.0/share/redis-binding/lib/redis-binding-0.17.0.jar site.ycsb.Client -t -db site.ycsb.db.RedisClient -s -P /home/host/vmuxIO/test/moonprogs//../../ycsb/share/workloads/workloada -p redis.host=10.1.0.2 -p redis.port=6379 -p operationcount=6100 -threads 1 -target 100
Command line: -t -db site.ycsb.db.RedisClient -s -P /home/host/vmuxIO/test/moonprogs//../../ycsb/share/workloads/workloada -p redis.host=10.1.0.2 -p redis.port=6379 -p operationcount=6100 -threads 1 -target 100
YCSB Client 0.17.0

Loading workload...
Starting test.
DBWrapper: report latency for each error is false and specific error codes to track for latency are: []
2024-06-13 20:50:30:247 0 sec: 0 operations; est completion in 0 second 
2024-06-13 20:50:40:092 10 sec: 991 operations; 99.1 current ops/sec; est completion in 52 seconds [READ: Count=510, Max=48543, Min=175, Avg=527.7, 90=525, 99=2321, 99.9=4307, 99.99=48543] [UPDATE: Count=482, Max=6051, Min=174, Avg=464.76, 90=627, 99=2207, 99.9=6051, 99.99=6051] 
2024-06-13 20:50:50:092 20 sec: 1991 operations; 100 current ops/sec; est completion in 42 seconds [READ: Count=503, Max=5947, Min=223, Avg=396.95, 90=402, 99=1377, 99.9=5183, 99.99=5947] [UPDATE: Count=496, Max=4879, Min=198, Avg=380.7, 90=393, 99=1283, 99.9=4879, 99.99=4879] 
2024-06-13 20:51:00:092 30 sec: 2991 operations; 100 current ops/sec; est completion in 32 seconds [READ: Count=487, Max=3743, Min=155, Avg=335.99, 90=392, 99=487, 99.9=3743, 99.99=3743] [UPDATE: Count=513, Max=6835, Min=151, Avg=360.33, 90=382, 99=523, 99.9=6103, 99.99=6835] 
2024-06-13 20:51:10:092 40 sec: 3991 operations; 100 current ops/sec; est completion in 22 seconds [READ: Count=525, Max=4283, Min=148, Avg=313.66, 90=348, 99=389, 99.9=2681, 99.99=4283] [UPDATE: Count=475, Max=1904, Min=149, Avg=301.56, 90=345, 99=369, 99.9=1904, 99.99=1904] 
2024-06-13 20:51:20:092 50 sec: 4991 operations; 100 current ops/sec; est completion in 12 seconds [READ: Count=514, Max=912, Min=205, Avg=312.58, 90=347, 99=391, 99.9=726, 99.99=912] [UPDATE: Count=486, Max=2703, Min=194, Avg=311.06, 90=340, 99=380, 99.9=2703, 99.99=2703] 
2024-06-13 20:51:30:091 60 sec: 5991 operations; 100 current ops/sec; est completion in 2 second [READ: Count=496, Max=574, Min=212, Avg=320.18, 90=369, 99=414, 99.9=574, 99.99=574] [UPDATE: Count=504, Max=6915, Min=197, Avg=326.06, 90=361, 99=396, 99.9=941, 99.99=6915] 
2024-06-13 20:51:31:191 61 sec: 6100 operations; 99.09 current ops/sec; [READ: Count=52, Max=410, Min=185, Avg=303.9, 90=376, 99=399, 99.9=410, 99.99=410] [CLEANUP: Count=1, Max=1178, Min=1178, Avg=1178, 90=1178, 99=1178, 99.9=1178, 99.99=1178] [UPDATE: Count=57, Max=423, Min=159, Avg=293.93, 90=370, 99=422, 99.9=423, 99.99=423] 
[OVERALL], RunTime(ms), 61103
[OVERALL], Throughput(ops/sec), 99.83143217190646
[TOTAL_GCS_Copy], Count, 0
[TOTAL_GC_TIME_Copy], Time(ms), 0
[TOTAL_GC_TIME_%_Copy], Time(%), 0.0
[TOTAL_GCS_MarkSweepCompact], Count, 0
[TOTAL_GC_TIME_MarkSweepCompact], Time(ms), 0
[TOTAL_GC_TIME_%_MarkSweepCompact], Time(%), 0.0
[TOTAL_GCs], Count, 0
[TOTAL_GC_TIME], Time(ms), 0
[TOTAL_GC_TIME_%], Time(%), 0.0
[READ], Operations, 3087
[READ], AverageLatency(us), 366.81891804340785
[READ], MinLatency(us), 148
[READ], MaxLatency(us), 48543
[READ], 95thPercentileLatency(us), 418
[READ], 99thPercentileLatency(us), 1035
[READ], Return=OK, 3087
[CLEANUP], Operations, 1
[CLEANUP], AverageLatency(us), 1178.0
[CLEANUP], MinLatency(us), 1178
[CLEANUP], MaxLatency(us), 1178
[CLEANUP], 95thPercentileLatency(us), 1178
[CLEANUP], 99thPercentileLatency(us), 1178
[UPDATE], Operations, 3013
[UPDATE], AverageLatency(us), 356.1895121141719
[UPDATE], MinLatency(us), 149
[UPDATE], MaxLatency(us), 6915
[UPDATE], 95thPercentileLatency(us), 423
[UPDATE], 99thPercentileLatency(us), 1280
[UPDATE], Return=OK, 3013
AUTOTEST_DONE
