/nix/store/2vwkssqpzykk37r996cafq7x63imf4sp-openjdk-21+35/bin/java  -classpath /nix/store/zw02np72fzsmga6s5mphhw7x8qlzf4sv-ycsb-0.17.0/share/conf:/nix/store/zw02np72fzsmga6s5mphhw7x8qlzf4sv-ycsb-0.17.0/share/lib/core-0.17.0.jar:/nix/store/zw02np72fzsmga6s5mphhw7x8qlzf4sv-ycsb-0.17.0/share/lib/HdrHistogram-2.1.4.jar:/nix/store/zw02np72fzsmga6s5mphhw7x8qlzf4sv-ycsb-0.17.0/share/lib/htrace-core4-4.1.0-incubating.jar:/nix/store/zw02np72fzsmga6s5mphhw7x8qlzf4sv-ycsb-0.17.0/share/lib/jackson-core-asl-1.9.4.jar:/nix/store/zw02np72fzsmga6s5mphhw7x8qlzf4sv-ycsb-0.17.0/share/lib/jackson-mapper-asl-1.9.4.jar:/nix/store/zw02np72fzsmga6s5mphhw7x8qlzf4sv-ycsb-0.17.0/share/redis-binding/lib/commons-pool2-2.4.2.jar:/nix/store/zw02np72fzsmga6s5mphhw7x8qlzf4sv-ycsb-0.17.0/share/redis-binding/lib/jedis-2.9.0.jar:/nix/store/zw02np72fzsmga6s5mphhw7x8qlzf4sv-ycsb-0.17.0/share/redis-binding/lib/redis-binding-0.17.0.jar site.ycsb.Client -t -db site.ycsb.db.RedisClient -s -P /home/host/vmuxIO/test/moonprogs//../../ycsb/share/workloads/workloada -p redis.host=10.1.0.2 -p redis.port=6390 -p operationcount=429496729 -p maxexecutiontime=61 -threads 1
Command line: -t -db site.ycsb.db.RedisClient -s -P /home/host/vmuxIO/test/moonprogs//../../ycsb/share/workloads/workloada -p redis.host=10.1.0.2 -p redis.port=6390 -p operationcount=429496729 -p maxexecutiontime=61 -threads 1
YCSB Client 0.17.0

Loading workload...
Starting test.
Maximum execution time specified as: 61 secs
DBWrapper: report latency for each error is false and specific error codes to track for latency are: []
2025-02-10 02:56:33:986 0 sec: 0 operations; est completion in 0 second 
2025-02-10 02:56:43:788 10 sec: 47473 operations; 4746.83 current ops/sec; est completion in 1 day 1 hour [READ: Count=23669, Max=27759, Min=79, Avg=201.58, 90=214, 99=2529, 99.9=4155, 99.99=10439] [UPDATE: Count=23813, Max=33023, Min=78, Avg=201.57, 90=215, 99=2567, 99.9=4311, 99.99=11111] 
2025-02-10 02:56:53:791 20 sec: 87997 operations; 4051.59 current ops/sec; est completion in 1 day 3 hours [READ: Count=20407, Max=8535, Min=80, Avg=245.56, 90=292, 99=2981, 99.9=4051, 99.99=7015] [UPDATE: Count=20116, Max=8631, Min=78, Avg=241.99, 90=288, 99=3011, 99.9=3991, 99.99=4831] 
2025-02-10 02:57:03:788 30 sec: 131296 operations; 4330.77 current ops/sec; est completion in 1 day 3 hours [READ: Count=21812, Max=4399, Min=79, Avg=229.66, 90=246, 99=3009, 99.9=4071, 99.99=4239] [UPDATE: Count=21479, Max=4811, Min=75, Avg=227.58, 90=245, 99=3021, 99.9=4049, 99.99=4323] 
2025-02-10 02:57:13:788 40 sec: 179166 operations; 4787 current ops/sec; est completion in 1 day 2 hours [READ: Count=24045, Max=9687, Min=79, Avg=210.06, 90=240, 99=2843, 99.9=3983, 99.99=4699] [UPDATE: Count=23825, Max=5623, Min=77, Avg=203.8, 90=235, 99=2755, 99.9=3987, 99.99=4207] 
2025-02-10 02:57:23:788 50 sec: 220922 operations; 4176.02 current ops/sec; est completion in 1 day 2 hours [READ: Count=21068, Max=8991, Min=78, Avg=241.73, 90=272, 99=3007, 99.9=4023, 99.99=5559] [UPDATE: Count=20688, Max=7475, Min=75, Avg=232.89, 90=265, 99=3021, 99.9=3983, 99.99=4571] 
2025-02-10 02:57:33:788 60 sec: 266071 operations; 4514.9 current ops/sec; est completion in 1 day 2 hours [READ: Count=22601, Max=8415, Min=79, Avg=218.73, 90=248, 99=2979, 99.9=4059, 99.99=6155] [UPDATE: Count=22548, Max=7995, Min=75, Avg=220.57, 90=243, 99=3009, 99.9=4011, 99.99=4231] 
Maximum time elapsed. Requesting stop for the workload.
Stop requested for workload. Now Joining!
2025-02-10 02:57:34:798 61 sec: 273483 operations; 7331.36 current ops/sec; est completion in 1 day 2 hours [READ: Count=3633, Max=3851, Min=82, Avg=136.18, 90=167, 99=296, 99.9=2381, 99.99=3851] [CLEANUP: Count=1, Max=1005, Min=1005, Avg=1005, 90=1005, 99=1005, 99.9=1005, 99.99=1005] [UPDATE: Count=3779, Max=7935, Min=78, Avg=132.76, 90=161, 99=258, 99.9=1558, 99.99=7935] 
[OVERALL], RunTime(ms), 61017
[OVERALL], Throughput(ops/sec), 4482.078764934363
[TOTAL_GCS_Copy], Count, 25
[TOTAL_GC_TIME_Copy], Time(ms), 21
[TOTAL_GC_TIME_%_Copy], Time(%), 0.034416637986135014
[TOTAL_GCS_MarkSweepCompact], Count, 0
[TOTAL_GC_TIME_MarkSweepCompact], Time(ms), 0
[TOTAL_GC_TIME_%_MarkSweepCompact], Time(%), 0.0
[TOTAL_GCs], Count, 25
[TOTAL_GC_TIME], Time(ms), 21
[TOTAL_GC_TIME_%], Time(%), 0.034416637986135014
[READ], Operations, 137235
[READ], AverageLatency(us), 221.32606842277843
[READ], MinLatency(us), 78
[READ], MaxLatency(us), 27759
[READ], 95thPercentileLatency(us), 333
[READ], 99thPercentileLatency(us), 2923
[READ], Return=OK, 137235
[CLEANUP], Operations, 1
[CLEANUP], AverageLatency(us), 1005.0
[CLEANUP], MinLatency(us), 1005
[CLEANUP], MaxLatency(us), 1005
[CLEANUP], 95thPercentileLatency(us), 1005
[CLEANUP], 99thPercentileLatency(us), 1005
[UPDATE], Operations, 136248
[UPDATE], AverageLatency(us), 218.0201691033997
[UPDATE], MinLatency(us), 75
[UPDATE], MaxLatency(us), 33023
[UPDATE], 95thPercentileLatency(us), 327
[UPDATE], 99thPercentileLatency(us), 2917
[UPDATE], Return=OK, 136248
AUTOTEST_DONE
