/nix/store/2vwkssqpzykk37r996cafq7x63imf4sp-openjdk-21+35/bin/java  -classpath /nix/store/zw02np72fzsmga6s5mphhw7x8qlzf4sv-ycsb-0.17.0/share/conf:/nix/store/zw02np72fzsmga6s5mphhw7x8qlzf4sv-ycsb-0.17.0/share/lib/core-0.17.0.jar:/nix/store/zw02np72fzsmga6s5mphhw7x8qlzf4sv-ycsb-0.17.0/share/lib/HdrHistogram-2.1.4.jar:/nix/store/zw02np72fzsmga6s5mphhw7x8qlzf4sv-ycsb-0.17.0/share/lib/htrace-core4-4.1.0-incubating.jar:/nix/store/zw02np72fzsmga6s5mphhw7x8qlzf4sv-ycsb-0.17.0/share/lib/jackson-core-asl-1.9.4.jar:/nix/store/zw02np72fzsmga6s5mphhw7x8qlzf4sv-ycsb-0.17.0/share/lib/jackson-mapper-asl-1.9.4.jar:/nix/store/zw02np72fzsmga6s5mphhw7x8qlzf4sv-ycsb-0.17.0/share/redis-binding/lib/commons-pool2-2.4.2.jar:/nix/store/zw02np72fzsmga6s5mphhw7x8qlzf4sv-ycsb-0.17.0/share/redis-binding/lib/jedis-2.9.0.jar:/nix/store/zw02np72fzsmga6s5mphhw7x8qlzf4sv-ycsb-0.17.0/share/redis-binding/lib/redis-binding-0.17.0.jar site.ycsb.Client -t -db site.ycsb.db.RedisClient -s -P /home/host/vmuxIO/test/moonprogs//../../ycsb/share/workloads/workloada -p redis.host=10.1.0.2 -p redis.port=6380 -p operationcount=429496729 -p maxexecutiontime=61 -threads 1
Command line: -t -db site.ycsb.db.RedisClient -s -P /home/host/vmuxIO/test/moonprogs//../../ycsb/share/workloads/workloada -p redis.host=10.1.0.2 -p redis.port=6380 -p operationcount=429496729 -p maxexecutiontime=61 -threads 1
YCSB Client 0.17.0

Loading workload...
Starting test.
Maximum execution time specified as: 61 secs
DBWrapper: report latency for each error is false and specific error codes to track for latency are: []
2025-02-10 02:56:34:916 0 sec: 0 operations; est completion in 0 second 
2025-02-10 02:56:44:717 10 sec: 21916 operations; 2191.6 current ops/sec; est completion in 2 days 6 hours [READ: Count=10897, Max=56895, Min=82, Avg=447.58, 90=331, 99=5423, 99.9=9159, 99.99=13047] [UPDATE: Count=11021, Max=10991, Min=81, Avg=432.34, 90=330, 99=5323, 99.9=8147, 99.99=10663] 
2025-02-10 02:56:54:716 20 sec: 48011 operations; 2609.5 current ops/sec; est completion in 2 days 1 hour [READ: Count=13145, Max=203263, Min=77, Avg=394.01, 90=308, 99=4263, 99.9=7795, 99.99=13919] [UPDATE: Count=12948, Max=202111, Min=78, Avg=364.81, 90=287, 99=4219, 99.9=7315, 99.99=10375] 
2025-02-10 02:57:04:716 30 sec: 70935 operations; 2292.4 current ops/sec; est completion in 2 days 2 hours [READ: Count=11414, Max=19439, Min=82, Avg=442.26, 90=335, 99=4979, 99.9=8019, 99.99=10847] [UPDATE: Count=11510, Max=205439, Min=77, Avg=423.98, 90=307, 99=4335, 99.9=8051, 99.99=10559] 
2025-02-10 02:57:14:716 40 sec: 99264 operations; 2832.9 current ops/sec; est completion in 2 days [READ: Count=14155, Max=14135, Min=77, Avg=359.53, 90=262, 99=4219, 99.9=7995, 99.99=10623] [UPDATE: Count=14174, Max=8511, Min=76, Avg=342.32, 90=256, 99=4211, 99.9=7267, 99.99=8415] 
2025-02-10 02:57:24:716 50 sec: 124767 operations; 2550.3 current ops/sec; est completion in 1 day 23 hours [READ: Count=12709, Max=209151, Min=77, Avg=399.56, 90=296, 99=4271, 99.9=7983, 99.99=9991] [UPDATE: Count=12794, Max=10015, Min=75, Avg=364.49, 90=288, 99=4231, 99.9=7155, 99.99=8171] 
2025-02-10 02:57:34:716 60 sec: 150248 operations; 2548.1 current ops/sec; est completion in 1 day 23 hours [READ: Count=12820, Max=11983, Min=80, Avg=367, 90=265, 99=4215, 99.9=7979, 99.99=8311] [UPDATE: Count=12661, Max=234879, Min=78, Avg=430.09, 90=265, 99=4243, 99.9=7983, 99.99=210047] 
Maximum time elapsed. Requesting stop for the workload.
Stop requested for workload. Now Joining!
2025-02-10 02:57:35:731 61 sec: 154328 operations; 4019.7 current ops/sec; est completion in 1 day 23 hours [READ: Count=2125, Max=5499, Min=81, Avg=245.06, 90=152, 99=4119, 99.9=4223, 99.99=5499] [CLEANUP: Count=1, Max=1134, Min=1134, Avg=1134, 90=1134, 99=1134, 99.9=1134, 99.99=1134] [UPDATE: Count=1955, Max=12535, Min=80, Avg=245.25, 90=150, 99=4111, 99.9=4191, 99.99=12535] 
[OVERALL], RunTime(ms), 61020
[OVERALL], Throughput(ops/sec), 2529.137987545067
[TOTAL_GCS_Copy], Count, 14
[TOTAL_GC_TIME_Copy], Time(ms), 18
[TOTAL_GC_TIME_%_Copy], Time(%), 0.029498525073746312
[TOTAL_GCS_MarkSweepCompact], Count, 0
[TOTAL_GC_TIME_MarkSweepCompact], Time(ms), 0
[TOTAL_GC_TIME_%_MarkSweepCompact], Time(%), 0.0
[TOTAL_GCs], Count, 14
[TOTAL_GC_TIME], Time(ms), 18
[TOTAL_GC_TIME_%], Time(%), 0.029498525073746312
[READ], Operations, 77265
[READ], AverageLatency(us), 394.70863909920405
[READ], MinLatency(us), 77
[READ], MaxLatency(us), 209151
[READ], 95thPercentileLatency(us), 3021
[READ], 99thPercentileLatency(us), 4275
[READ], Return=OK, 77265
[CLEANUP], Operations, 1
[CLEANUP], AverageLatency(us), 1134.0
[CLEANUP], MinLatency(us), 1134
[CLEANUP], MaxLatency(us), 1134
[CLEANUP], 95thPercentileLatency(us), 1134
[CLEANUP], 99thPercentileLatency(us), 1134
[UPDATE], Operations, 77063
[UPDATE], AverageLatency(us), 386.80704099243474
[UPDATE], MinLatency(us), 75
[UPDATE], MaxLatency(us), 234879
[UPDATE], 95thPercentileLatency(us), 2295
[UPDATE], 99thPercentileLatency(us), 4259
[UPDATE], Return=OK, 77063
AUTOTEST_DONE
