/nix/store/2vwkssqpzykk37r996cafq7x63imf4sp-openjdk-21+35/bin/java  -classpath /nix/store/zw02np72fzsmga6s5mphhw7x8qlzf4sv-ycsb-0.17.0/share/conf:/nix/store/zw02np72fzsmga6s5mphhw7x8qlzf4sv-ycsb-0.17.0/share/lib/core-0.17.0.jar:/nix/store/zw02np72fzsmga6s5mphhw7x8qlzf4sv-ycsb-0.17.0/share/lib/HdrHistogram-2.1.4.jar:/nix/store/zw02np72fzsmga6s5mphhw7x8qlzf4sv-ycsb-0.17.0/share/lib/htrace-core4-4.1.0-incubating.jar:/nix/store/zw02np72fzsmga6s5mphhw7x8qlzf4sv-ycsb-0.17.0/share/lib/jackson-core-asl-1.9.4.jar:/nix/store/zw02np72fzsmga6s5mphhw7x8qlzf4sv-ycsb-0.17.0/share/lib/jackson-mapper-asl-1.9.4.jar:/nix/store/zw02np72fzsmga6s5mphhw7x8qlzf4sv-ycsb-0.17.0/share/redis-binding/lib/commons-pool2-2.4.2.jar:/nix/store/zw02np72fzsmga6s5mphhw7x8qlzf4sv-ycsb-0.17.0/share/redis-binding/lib/jedis-2.9.0.jar:/nix/store/zw02np72fzsmga6s5mphhw7x8qlzf4sv-ycsb-0.17.0/share/redis-binding/lib/redis-binding-0.17.0.jar site.ycsb.Client -t -db site.ycsb.db.RedisClient -s -P /home/host/vmuxIO/test/moonprogs//../../ycsb/share/workloads/workloada -p redis.host=10.1.0.2 -p redis.port=6382 -p operationcount=429496729 -p maxexecutiontime=61 -threads 1
Command line: -t -db site.ycsb.db.RedisClient -s -P /home/host/vmuxIO/test/moonprogs//../../ycsb/share/workloads/workloada -p redis.host=10.1.0.2 -p redis.port=6382 -p operationcount=429496729 -p maxexecutiontime=61 -threads 1
YCSB Client 0.17.0

Loading workload...
Starting test.
Maximum execution time specified as: 61 secs
DBWrapper: report latency for each error is false and specific error codes to track for latency are: []
2025-02-05 02:37:07:998 0 sec: 0 operations; est completion in 0 second 
2025-02-05 02:37:17:803 10 sec: 24037 operations; 2403.7 current ops/sec; est completion in 2 days 1 hour [READ: Count=12029, Max=22895, Min=79, Avg=400.12, 90=288, 99=4335, 99.9=8163, 99.99=13631] [UPDATE: Count=12020, Max=28335, Min=77, Avg=401.78, 90=293, 99=4299, 99.9=7979, 99.99=15127] 
2025-02-05 02:37:27:803 20 sec: 51022 operations; 2698.5 current ops/sec; est completion in 1 day 22 hours [READ: Count=13339, Max=9791, Min=79, Avg=372.86, 90=291, 99=4235, 99.9=7495, 99.99=8263] [UPDATE: Count=13634, Max=8247, Min=75, Avg=361.14, 90=283, 99=4227, 99.9=7979, 99.99=8215] 
2025-02-05 02:37:37:803 30 sec: 75302 operations; 2428 current ops/sec; est completion in 1 day 23 hours [READ: Count=12126, Max=205695, Min=79, Avg=423.55, 90=313, 99=4255, 99.9=7959, 99.99=203007] [UPDATE: Count=12154, Max=209151, Min=78, Avg=394.34, 90=295, 99=4263, 99.9=7987, 99.99=14783] 
2025-02-05 02:37:47:803 40 sec: 102844 operations; 2754.2 current ops/sec; est completion in 1 day 22 hours [READ: Count=13743, Max=211455, Min=82, Avg=372.4, 90=270, 99=4227, 99.9=7411, 99.99=11527] [UPDATE: Count=13799, Max=10215, Min=75, Avg=349.05, 90=266, 99=4203, 99.9=6559, 99.99=8115] 
2025-02-05 02:37:57:803 50 sec: 129320 operations; 2647.6 current ops/sec; est completion in 1 day 22 hours [READ: Count=13123, Max=208511, Min=81, Avg=377.48, 90=274, 99=4219, 99.9=7979, 99.99=12039] [UPDATE: Count=13353, Max=204415, Min=79, Avg=373.85, 90=272, 99=4227, 99.9=8019, 99.99=10151] 
2025-02-05 02:38:07:803 60 sec: 149213 operations; 1989.3 current ops/sec; est completion in 1 day 23 hours [READ: Count=10010, Max=212095, Min=80, Avg=525.03, 90=282, 99=4227, 99.9=8583, 99.99=210175] [UPDATE: Count=9883, Max=229631, Min=76, Avg=475.71, 90=285, 99=4223, 99.9=8075, 99.99=206719] 
Maximum time elapsed. Requesting stop for the workload.
Stop requested for workload. Now Joining!
2025-02-05 02:38:08:808 61 sec: 152006 operations; 2779.1 current ops/sec; est completion in 1 day 23 hours [READ: Count=1363, Max=206335, Min=81, Avg=435.12, 90=231, 99=4135, 99.9=4415, 99.99=206335] [CLEANUP: Count=1, Max=1878, Min=1878, Avg=1878, 90=1878, 99=1878, 99.9=1878, 99.99=1878] [UPDATE: Count=1430, Max=10271, Min=78, Avg=283.15, 90=221, 99=4155, 99.9=7627, 99.99=10271] 
[OVERALL], RunTime(ms), 61014
[OVERALL], Throughput(ops/sec), 2491.3298587209492
[TOTAL_GCS_Copy], Count, 14
[TOTAL_GC_TIME_Copy], Time(ms), 21
[TOTAL_GC_TIME_%_Copy], Time(%), 0.034418330219293934
[TOTAL_GCS_MarkSweepCompact], Count, 0
[TOTAL_GC_TIME_MarkSweepCompact], Time(ms), 0
[TOTAL_GC_TIME_%_MarkSweepCompact], Time(%), 0.0
[TOTAL_GCs], Count, 14
[TOTAL_GC_TIME], Time(ms), 21
[TOTAL_GC_TIME_%], Time(%), 0.034418330219293934
[READ], Operations, 75733
[READ], AverageLatency(us), 407.25661204494736
[READ], MinLatency(us), 79
[READ], MaxLatency(us), 212095
[READ], 95thPercentileLatency(us), 2409
[READ], 99thPercentileLatency(us), 4239
[READ], Return=OK, 75733
[CLEANUP], Operations, 1
[CLEANUP], AverageLatency(us), 1878.0
[CLEANUP], MinLatency(us), 1878
[CLEANUP], MaxLatency(us), 1878
[CLEANUP], 95thPercentileLatency(us), 1878
[CLEANUP], 99thPercentileLatency(us), 1878
[UPDATE], Operations, 76273
[UPDATE], AverageLatency(us), 386.25558192282983
[UPDATE], MinLatency(us), 75
[UPDATE], MaxLatency(us), 229631
[UPDATE], 95thPercentileLatency(us), 2199
[UPDATE], 99thPercentileLatency(us), 4235
[UPDATE], Return=OK, 76273
AUTOTEST_DONE
