/nix/store/2vwkssqpzykk37r996cafq7x63imf4sp-openjdk-21+35/bin/java  -classpath /nix/store/zw02np72fzsmga6s5mphhw7x8qlzf4sv-ycsb-0.17.0/share/conf:/nix/store/zw02np72fzsmga6s5mphhw7x8qlzf4sv-ycsb-0.17.0/share/lib/core-0.17.0.jar:/nix/store/zw02np72fzsmga6s5mphhw7x8qlzf4sv-ycsb-0.17.0/share/lib/HdrHistogram-2.1.4.jar:/nix/store/zw02np72fzsmga6s5mphhw7x8qlzf4sv-ycsb-0.17.0/share/lib/htrace-core4-4.1.0-incubating.jar:/nix/store/zw02np72fzsmga6s5mphhw7x8qlzf4sv-ycsb-0.17.0/share/lib/jackson-core-asl-1.9.4.jar:/nix/store/zw02np72fzsmga6s5mphhw7x8qlzf4sv-ycsb-0.17.0/share/lib/jackson-mapper-asl-1.9.4.jar:/nix/store/zw02np72fzsmga6s5mphhw7x8qlzf4sv-ycsb-0.17.0/share/redis-binding/lib/commons-pool2-2.4.2.jar:/nix/store/zw02np72fzsmga6s5mphhw7x8qlzf4sv-ycsb-0.17.0/share/redis-binding/lib/jedis-2.9.0.jar:/nix/store/zw02np72fzsmga6s5mphhw7x8qlzf4sv-ycsb-0.17.0/share/redis-binding/lib/redis-binding-0.17.0.jar site.ycsb.Client -t -db site.ycsb.db.RedisClient -s -P /home/host/vmuxIO/test/moonprogs//../../ycsb/share/workloads/workloada -p redis.host=10.1.0.2 -p redis.port=6386 -p operationcount=429496729 -p maxexecutiontime=61 -threads 1
Command line: -t -db site.ycsb.db.RedisClient -s -P /home/host/vmuxIO/test/moonprogs//../../ycsb/share/workloads/workloada -p redis.host=10.1.0.2 -p redis.port=6386 -p operationcount=429496729 -p maxexecutiontime=61 -threads 1
YCSB Client 0.17.0

Loading workload...
Starting test.
Maximum execution time specified as: 61 secs
2025-02-01 18:38:52:160 0 sec: 0 operations; est completion in 0 second 
DBWrapper: report latency for each error is false and specific error codes to track for latency are: []
2025-02-01 18:39:01:957 10 sec: 5872 operations; 587.2 current ops/sec; est completion in 8 days 11 hours [READ: Count=2899, Max=67071, Min=101, Avg=1685.53, 90=4747, 99=8303, 99.9=16087, 99.99=67071] [UPDATE: Count=2975, Max=13463, Min=98, Avg=1569.91, 90=4427, 99=8967, 99.9=12207, 99.99=13463] 
2025-02-01 18:39:11:959 20 sec: 11409 operations; 553.59 current ops/sec; est completion in 8 days 17 hours [READ: Count=2723, Max=13343, Min=95, Avg=1811.73, 90=5139, 99=8607, 99.9=10823, 99.99=13343] [UPDATE: Count=2812, Max=15703, Min=102, Avg=1785.68, 90=5055, 99=8775, 99.9=12111, 99.99=15703] 
2025-02-01 18:39:21:957 30 sec: 23669 operations; 1226.25 current ops/sec; est completion in 6 days 7 hours [READ: Count=6144, Max=14055, Min=83, Avg=814.56, 90=3067, 99=6075, 99.9=8075, 99.99=9767] [UPDATE: Count=6117, Max=15295, Min=77, Avg=807.83, 90=2877, 99=6327, 99.9=8647, 99.99=12223] 
2025-02-01 18:39:31:959 40 sec: 35461 operations; 1179.08 current ops/sec; est completion in 5 days 14 hours [READ: Count=5803, Max=11263, Min=96, Avg=854.7, 90=2959, 99=5699, 99.9=8431, 99.99=10303] [UPDATE: Count=5989, Max=11919, Min=88, Avg=830.12, 90=2713, 99=5631, 99.9=9047, 99.99=11911] 
2025-02-01 18:39:41:957 50 sec: 47392 operations; 1193.22 current ops/sec; est completion in 5 days 5 hours [READ: Count=5993, Max=12071, Min=99, Avg=802.07, 90=2979, 99=5255, 99.9=9063, 99.99=11167] [UPDATE: Count=5937, Max=205439, Min=88, Avg=864.31, 90=3439, 99=5699, 99.9=9079, 99.99=12111] 
2025-02-01 18:39:51:957 60 sec: 55074 operations; 768.2 current ops/sec; est completion in 5 days 9 hours [READ: Count=3857, Max=12711, Min=104, Avg=1332.51, 90=4179, 99=8007, 99.9=11175, 99.99=12711] [UPDATE: Count=3825, Max=13015, Min=97, Avg=1263.73, 90=4151, 99=8011, 99.9=10783, 99.99=13015] 
Maximum time elapsed. Requesting stop for the workload.
Stop requested for workload. Now Joining!
2025-02-01 18:39:52:970 61 sec: 55986 operations; 900.3 current ops/sec; est completion in 5 days 10 hours [READ: Count=457, Max=11391, Min=119, Avg=1160.64, 90=3981, 99=7223, 99.9=11391, 99.99=11391] [CLEANUP: Count=1, Max=1686, Min=1686, Avg=1686, 90=1686, 99=1686, 99.9=1686, 99.99=1686] [UPDATE: Count=455, Max=12727, Min=101, Avg=1030.71, 90=3535, 99=5951, 99.9=12727, 99.99=12727] 
[OVERALL], RunTime(ms), 61020
[OVERALL], Throughput(ops/sec), 917.5024582104228
[TOTAL_GCS_G1_Young_Generation], Count, 4
[TOTAL_GC_TIME_G1_Young_Generation], Time(ms), 77
[TOTAL_GC_TIME_%_G1_Young_Generation], Time(%), 0.12618813503769258
[TOTAL_GCS_G1_Concurrent_GC], Count, 0
[TOTAL_GC_TIME_G1_Concurrent_GC], Time(ms), 0
[TOTAL_GC_TIME_%_G1_Concurrent_GC], Time(%), 0.0
[TOTAL_GCS_G1_Old_Generation], Count, 0
[TOTAL_GC_TIME_G1_Old_Generation], Time(ms), 0
[TOTAL_GC_TIME_%_G1_Old_Generation], Time(%), 0.0
[TOTAL_GCs], Count, 4
[TOTAL_GC_TIME], Time(ms), 77
[TOTAL_GC_TIME_%], Time(%), 0.12618813503769258
[READ], Operations, 27876
[READ], AverageLatency(us), 1085.5532357583584
[READ], MinLatency(us), 83
[READ], MaxLatency(us), 67071
[READ], 95thPercentileLatency(us), 4511
[READ], 99thPercentileLatency(us), 7959
[READ], Return=OK, 27876
[CLEANUP], Operations, 1
[CLEANUP], AverageLatency(us), 1686.0
[CLEANUP], MinLatency(us), 1686
[CLEANUP], MaxLatency(us), 1686
[CLEANUP], 95thPercentileLatency(us), 1686
[CLEANUP], 99thPercentileLatency(us), 1686
[UPDATE], Operations, 28110
[UPDATE], AverageLatency(us), 1068.622660974742
[UPDATE], MinLatency(us), 77
[UPDATE], MaxLatency(us), 205439
[UPDATE], 95thPercentileLatency(us), 4479
[UPDATE], 99thPercentileLatency(us), 7919
[UPDATE], Return=OK, 28110
AUTOTEST_DONE
