/nix/store/2vwkssqpzykk37r996cafq7x63imf4sp-openjdk-21+35/bin/java  -classpath /nix/store/zw02np72fzsmga6s5mphhw7x8qlzf4sv-ycsb-0.17.0/share/conf:/nix/store/zw02np72fzsmga6s5mphhw7x8qlzf4sv-ycsb-0.17.0/share/lib/core-0.17.0.jar:/nix/store/zw02np72fzsmga6s5mphhw7x8qlzf4sv-ycsb-0.17.0/share/lib/HdrHistogram-2.1.4.jar:/nix/store/zw02np72fzsmga6s5mphhw7x8qlzf4sv-ycsb-0.17.0/share/lib/htrace-core4-4.1.0-incubating.jar:/nix/store/zw02np72fzsmga6s5mphhw7x8qlzf4sv-ycsb-0.17.0/share/lib/jackson-core-asl-1.9.4.jar:/nix/store/zw02np72fzsmga6s5mphhw7x8qlzf4sv-ycsb-0.17.0/share/lib/jackson-mapper-asl-1.9.4.jar:/nix/store/zw02np72fzsmga6s5mphhw7x8qlzf4sv-ycsb-0.17.0/share/redis-binding/lib/commons-pool2-2.4.2.jar:/nix/store/zw02np72fzsmga6s5mphhw7x8qlzf4sv-ycsb-0.17.0/share/redis-binding/lib/jedis-2.9.0.jar:/nix/store/zw02np72fzsmga6s5mphhw7x8qlzf4sv-ycsb-0.17.0/share/redis-binding/lib/redis-binding-0.17.0.jar site.ycsb.Client -t -db site.ycsb.db.RedisClient -s -P /home/host/vmuxIO/test/moonprogs//../../ycsb/share/workloads/workloada -p redis.host=10.1.0.2 -p redis.port=6379 -p operationcount=429496729 -p maxexecutiontime=61 -threads 1
Command line: -t -db site.ycsb.db.RedisClient -s -P /home/host/vmuxIO/test/moonprogs//../../ycsb/share/workloads/workloada -p redis.host=10.1.0.2 -p redis.port=6379 -p operationcount=429496729 -p maxexecutiontime=61 -threads 1
YCSB Client 0.17.0

Loading workload...
Starting test.
Maximum execution time specified as: 61 secs
DBWrapper: report latency for each error is false and specific error codes to track for latency are: []
2024-06-26 11:44:08:911 0 sec: 0 operations; est completion in 0 second 
2024-06-26 11:44:18:729 10 sec: 34280 operations; 3427.66 current ops/sec; est completion in 1 day 10 hours [READ: Count=17096, Max=60543, Min=106, Avg=276.49, 90=332, 99=650, 99.9=2825, 99.99=8991] [UPDATE: Count=17208, Max=7235, Min=103, Avg=278.14, 90=339, 99=691, 99.9=3571, 99.99=5843] 
2024-06-26 11:44:28:729 20 sec: 72400 operations; 3812.38 current ops/sec; est completion in 1 day 8 hours [READ: Count=19187, Max=7463, Min=112, Avg=260.64, 90=302, 99=347, 99.9=490, 99.99=1191] [UPDATE: Count=18909, Max=1373, Min=99, Avg=257.2, 90=301, 99=349, 99.9=451, 99.99=1094] 
2024-06-26 11:44:38:729 30 sec: 113552 operations; 4115.2 current ops/sec; est completion in 1 day 7 hours [READ: Count=20401, Max=3477, Min=98, Avg=241.86, 90=294, 99=324, 99.9=411, 99.99=1085] [UPDATE: Count=20751, Max=7787, Min=107, Avg=239.48, 90=292, 99=322, 99.9=428, 99.99=2407] 
2024-06-26 11:44:48:729 40 sec: 152090 operations; 3853.8 current ops/sec; est completion in 1 day 7 hours [READ: Count=19353, Max=8759, Min=105, Avg=258.66, 90=310, 99=436, 99.9=618, 99.99=1143] [UPDATE: Count=19185, Max=1229, Min=100, Avg=254.42, 90=307, 99=427, 99.9=627, 99.99=1094] 
2024-06-26 11:44:58:729 50 sec: 190608 operations; 3851.8 current ops/sec; est completion in 1 day 7 hours [READ: Count=19299, Max=6127, Min=112, Avg=259.63, 90=303, 99=344, 99.9=451, 99.99=2993] [UPDATE: Count=19219, Max=7051, Min=112, Avg=255.15, 90=301, 99=340, 99.9=397, 99.99=646] 
2024-06-26 11:45:08:729 60 sec: 230045 operations; 3943.7 current ops/sec; est completion in 1 day 7 hours [READ: Count=19918, Max=7811, Min=103, Avg=252.95, 90=301, 99=346, 99.9=427, 99.99=1004] [UPDATE: Count=19519, Max=833, Min=104, Avg=249.9, 90=298, 99=341, 99.9=417, 99.99=777] 
Maximum time elapsed. Requesting stop for the workload.
Stop requested for workload. Now Joining!
2024-06-26 11:45:09:741 61 sec: 234063 operations; 3966.44 current ops/sec; est completion in 1 day 7 hours [READ: Count=2013, Max=910, Min=115, Avg=251.16, 90=302, 99=351, 99.9=668, 99.99=910] [CLEANUP: Count=1, Max=1327, Min=1327, Avg=1327, 90=1327, 99=1327, 99.9=1327, 99.99=1327] [UPDATE: Count=2005, Max=3631, Min=108, Avg=248.11, 90=295, 99=336, 99.9=387, 99.99=3631] 
[OVERALL], RunTime(ms), 61018
[OVERALL], Throughput(ops/sec), 3835.9664361336
[TOTAL_GCS_Copy], Count, 22
[TOTAL_GC_TIME_Copy], Time(ms), 28
[TOTAL_GC_TIME_%_Copy], Time(%), 0.04588809859385755
[TOTAL_GCS_MarkSweepCompact], Count, 0
[TOTAL_GC_TIME_MarkSweepCompact], Time(ms), 0
[TOTAL_GC_TIME_%_MarkSweepCompact], Time(%), 0.0
[TOTAL_GCs], Count, 22
[TOTAL_GC_TIME], Time(ms), 28
[TOTAL_GC_TIME_%], Time(%), 0.04588809859385755
[READ], Operations, 117267
[READ], AverageLatency(us), 257.72176315587507
[READ], MinLatency(us), 98
[READ], MaxLatency(us), 60543
[READ], 95thPercentileLatency(us), 319
[READ], 99thPercentileLatency(us), 419
[READ], Return=OK, 117267
[CLEANUP], Operations, 1
[CLEANUP], AverageLatency(us), 1327.0
[CLEANUP], MinLatency(us), 1327
[CLEANUP], MaxLatency(us), 1327
[CLEANUP], 95thPercentileLatency(us), 1327
[CLEANUP], 99thPercentileLatency(us), 1327
[UPDATE], Operations, 116796
[UPDATE], AverageLatency(us), 254.96419397924586
[UPDATE], MinLatency(us), 99
[UPDATE], MaxLatency(us), 7787
[UPDATE], 95thPercentileLatency(us), 317
[UPDATE], 99thPercentileLatency(us), 430
[UPDATE], Return=OK, 116796
AUTOTEST_DONE
