/nix/store/2vwkssqpzykk37r996cafq7x63imf4sp-openjdk-21+35/bin/java  -classpath /nix/store/zw02np72fzsmga6s5mphhw7x8qlzf4sv-ycsb-0.17.0/share/conf:/nix/store/zw02np72fzsmga6s5mphhw7x8qlzf4sv-ycsb-0.17.0/share/lib/core-0.17.0.jar:/nix/store/zw02np72fzsmga6s5mphhw7x8qlzf4sv-ycsb-0.17.0/share/lib/HdrHistogram-2.1.4.jar:/nix/store/zw02np72fzsmga6s5mphhw7x8qlzf4sv-ycsb-0.17.0/share/lib/htrace-core4-4.1.0-incubating.jar:/nix/store/zw02np72fzsmga6s5mphhw7x8qlzf4sv-ycsb-0.17.0/share/lib/jackson-core-asl-1.9.4.jar:/nix/store/zw02np72fzsmga6s5mphhw7x8qlzf4sv-ycsb-0.17.0/share/lib/jackson-mapper-asl-1.9.4.jar:/nix/store/zw02np72fzsmga6s5mphhw7x8qlzf4sv-ycsb-0.17.0/share/redis-binding/lib/commons-pool2-2.4.2.jar:/nix/store/zw02np72fzsmga6s5mphhw7x8qlzf4sv-ycsb-0.17.0/share/redis-binding/lib/jedis-2.9.0.jar:/nix/store/zw02np72fzsmga6s5mphhw7x8qlzf4sv-ycsb-0.17.0/share/redis-binding/lib/redis-binding-0.17.0.jar site.ycsb.Client -t -db site.ycsb.db.RedisClient -s -P /home/host/vmuxIO/test/moonprogs//../../ycsb/share/workloads/workloada -p redis.host=10.1.0.2 -p redis.port=6379 -p operationcount=429496729 -p maxexecutiontime=61 -threads 1
Command line: -t -db site.ycsb.db.RedisClient -s -P /home/host/vmuxIO/test/moonprogs//../../ycsb/share/workloads/workloada -p redis.host=10.1.0.2 -p redis.port=6379 -p operationcount=429496729 -p maxexecutiontime=61 -threads 1
YCSB Client 0.17.0

Loading workload...
Starting test.
Maximum execution time specified as: 61 secs
DBWrapper: report latency for each error is false and specific error codes to track for latency are: []
2024-06-26 11:44:10:139 0 sec: 0 operations; est completion in 0 second 
2024-06-26 11:44:19:952 10 sec: 35657 operations; 3565.7 current ops/sec; est completion in 1 day 9 hours [READ: Count=17843, Max=54815, Min=109, Avg=266.99, 90=321, 99=467, 99.9=2139, 99.99=6671] [UPDATE: Count=17824, Max=11847, Min=109, Avg=270.26, 90=323, 99=514, 99.9=3163, 99.99=7091] 
2024-06-26 11:44:29:952 20 sec: 73712 operations; 3805.5 current ops/sec; est completion in 1 day 8 hours [READ: Count=19088, Max=2899, Min=106, Avg=261.21, 90=310, 99=385, 99.9=563, 99.99=2223] [UPDATE: Count=18957, Max=1634, Min=103, Avg=257.1, 90=307, 99=384, 99.9=485, 99.99=1073] 
2024-06-26 11:44:39:952 30 sec: 112921 operations; 3920.9 current ops/sec; est completion in 1 day 7 hours [READ: Count=19675, Max=8207, Min=107, Avg=253.71, 90=303, 99=374, 99.9=500, 99.99=3385] [UPDATE: Count=19534, Max=4263, Min=102, Avg=251.99, 90=302, 99=375, 99.9=485, 99.99=1337] 
2024-06-26 11:44:49:953 40 sec: 151197 operations; 3827.6 current ops/sec; est completion in 1 day 7 hours [READ: Count=19215, Max=8655, Min=105, Avg=260.15, 90=312, 99=401, 99.9=537, 99.99=913] [UPDATE: Count=19061, Max=1488, Min=107, Avg=257.5, 90=310, 99=394, 99.9=529, 99.99=1246] 
2024-06-26 11:44:59:952 50 sec: 188166 operations; 3696.9 current ops/sec; est completion in 1 day 7 hours [READ: Count=18345, Max=9023, Min=101, Avg=269.71, 90=326, 99=429, 99.9=625, 99.99=1200] [UPDATE: Count=18624, Max=965, Min=105, Avg=265.87, 90=323, 99=427, 99.9=541, 99.99=852] 
2024-06-26 11:45:09:952 60 sec: 226013 operations; 3784.7 current ops/sec; est completion in 1 day 7 hours [READ: Count=19069, Max=3651, Min=102, Avg=263.3, 90=313, 99=401, 99.9=495, 99.99=1048] [UPDATE: Count=18778, Max=1321, Min=107, Avg=260.65, 90=311, 99=395, 99.9=491, 99.99=1060] 
Maximum time elapsed. Requesting stop for the workload.
Stop requested for workload. Now Joining!
2024-06-26 11:45:10:967 61 sec: 230683 operations; 4600.99 current ops/sec; est completion in 1 day 7 hours [READ: Count=2346, Max=3015, Min=112, Avg=214.79, 90=282, 99=309, 99.9=672, 99.99=3015] [CLEANUP: Count=1, Max=1087, Min=1087, Avg=1087, 90=1087, 99=1087, 99.9=1087, 99.99=1087] [UPDATE: Count=2324, Max=1203, Min=108, Avg=214.67, 90=282, 99=307, 99.9=529, 99.99=1203] 
[OVERALL], RunTime(ms), 61020
[OVERALL], Throughput(ops/sec), 3780.4490331039005
[TOTAL_GCS_Copy], Count, 21
[TOTAL_GC_TIME_Copy], Time(ms), 22
[TOTAL_GC_TIME_%_Copy], Time(%), 0.03605375286791216
[TOTAL_GCS_MarkSweepCompact], Count, 0
[TOTAL_GC_TIME_MarkSweepCompact], Time(ms), 0
[TOTAL_GC_TIME_%_MarkSweepCompact], Time(%), 0.0
[TOTAL_GCs], Count, 21
[TOTAL_GC_TIME], Time(ms), 22
[TOTAL_GC_TIME_%], Time(%), 0.03605375286791216
[READ], Operations, 115581
[READ], AverageLatency(us), 261.39949472664193
[READ], MinLatency(us), 101
[READ], MaxLatency(us), 54815
[READ], 95thPercentileLatency(us), 337
[READ], 99thPercentileLatency(us), 408
[READ], Return=OK, 115581
[CLEANUP], Operations, 1
[CLEANUP], AverageLatency(us), 1087.0
[CLEANUP], MinLatency(us), 1087
[CLEANUP], MaxLatency(us), 1087
[CLEANUP], 95thPercentileLatency(us), 1087
[CLEANUP], 99thPercentileLatency(us), 1087
[UPDATE], Operations, 115102
[UPDATE], AverageLatency(us), 259.4779326162882
[UPDATE], MinLatency(us), 102
[UPDATE], MaxLatency(us), 11847
[UPDATE], 95thPercentileLatency(us), 336
[UPDATE], 99thPercentileLatency(us), 407
[UPDATE], Return=OK, 115102
AUTOTEST_DONE
