/nix/store/2vwkssqpzykk37r996cafq7x63imf4sp-openjdk-21+35/bin/java  -classpath /nix/store/zw02np72fzsmga6s5mphhw7x8qlzf4sv-ycsb-0.17.0/share/conf:/nix/store/zw02np72fzsmga6s5mphhw7x8qlzf4sv-ycsb-0.17.0/share/lib/core-0.17.0.jar:/nix/store/zw02np72fzsmga6s5mphhw7x8qlzf4sv-ycsb-0.17.0/share/lib/HdrHistogram-2.1.4.jar:/nix/store/zw02np72fzsmga6s5mphhw7x8qlzf4sv-ycsb-0.17.0/share/lib/htrace-core4-4.1.0-incubating.jar:/nix/store/zw02np72fzsmga6s5mphhw7x8qlzf4sv-ycsb-0.17.0/share/lib/jackson-core-asl-1.9.4.jar:/nix/store/zw02np72fzsmga6s5mphhw7x8qlzf4sv-ycsb-0.17.0/share/lib/jackson-mapper-asl-1.9.4.jar:/nix/store/zw02np72fzsmga6s5mphhw7x8qlzf4sv-ycsb-0.17.0/share/redis-binding/lib/commons-pool2-2.4.2.jar:/nix/store/zw02np72fzsmga6s5mphhw7x8qlzf4sv-ycsb-0.17.0/share/redis-binding/lib/jedis-2.9.0.jar:/nix/store/zw02np72fzsmga6s5mphhw7x8qlzf4sv-ycsb-0.17.0/share/redis-binding/lib/redis-binding-0.17.0.jar site.ycsb.Client -t -db site.ycsb.db.RedisClient -s -P /home/host/vmuxIO/test/moonprogs//../../ycsb/share/workloads/workloada -p redis.host=10.1.0.2 -p redis.port=6380 -p operationcount=429496729 -p maxexecutiontime=61 -threads 1
Command line: -t -db site.ycsb.db.RedisClient -s -P /home/host/vmuxIO/test/moonprogs//../../ycsb/share/workloads/workloada -p redis.host=10.1.0.2 -p redis.port=6380 -p operationcount=429496729 -p maxexecutiontime=61 -threads 1
YCSB Client 0.17.0

Loading workload...
Starting test.
Maximum execution time specified as: 61 secs
DBWrapper: report latency for each error is false and specific error codes to track for latency are: []
2024-10-15 14:08:44:681 0 sec: 0 operations; est completion in 0 second [UPDATE: Count=1, Max=32175, Min=32160, Avg=32168, 90=32175, 99=32175, 99.9=32175, 99.99=32175] 
2024-10-15 14:08:54:402 10 sec: 33280 operations; 3328 current ops/sec; est completion in 1 day 11 hours [READ: Count=16748, Max=35679, Min=98, Avg=278.15, 90=347, 99=2169, 99.9=5911, 99.99=12135] [UPDATE: Count=16535, Max=11815, Min=99, Avg=284.7, 90=349, 99=2625, 99.9=5003, 99.99=7999] 
2024-10-15 14:09:04:403 20 sec: 72460 operations; 3917.22 current ops/sec; est completion in 1 day 8 hours [READ: Count=19562, Max=10759, Min=103, Avg=253.14, 90=381, 99=742, 99.9=2475, 99.99=4057] [UPDATE: Count=19614, Max=8199, Min=98, Avg=248.55, 90=376, 99=727, 99.9=1989, 99.99=3641] 
2024-10-15 14:09:14:401 30 sec: 116071 operations; 4361.97 current ops/sec; est completion in 1 day 6 hours [READ: Count=21746, Max=9103, Min=104, Avg=228.26, 90=324, 99=685, 99.9=1657, 99.99=5111] [UPDATE: Count=21865, Max=9743, Min=100, Avg=223.75, 90=314, 99=678, 99.9=1483, 99.99=4795] 
2024-10-15 14:09:24:402 40 sec: 159531 operations; 4346 current ops/sec; est completion in 1 day 5 hours [READ: Count=21792, Max=4411, Min=93, Avg=228.29, 90=329, 99=623, 99.9=1341, 99.99=4223] [UPDATE: Count=21668, Max=5123, Min=95, Avg=226.39, 90=328, 99=643, 99.9=1400, 99.99=3789] 
2024-10-15 14:09:34:401 50 sec: 201322 operations; 4179.1 current ops/sec; est completion in 1 day 5 hours [READ: Count=20856, Max=5511, Min=104, Avg=236.96, 90=355, 99=666, 99.9=1220, 99.99=3437] [UPDATE: Count=20935, Max=8503, Min=101, Avg=235.82, 90=354, 99=701, 99.9=1402, 99.99=4195] 
2024-10-15 14:09:44:401 60 sec: 248268 operations; 4694.6 current ops/sec; est completion in 1 day 4 hours [READ: Count=23453, Max=8599, Min=87, Avg=211.59, 90=296, 99=560, 99.9=1202, 99.99=5499] [UPDATE: Count=23493, Max=5143, Min=90, Avg=209.17, 90=292, 99=560, 99.9=1478, 99.99=4195] 
Maximum time elapsed. Requesting stop for the workload.
Stop requested for workload. Now Joining!
2024-10-15 14:09:45:415 61 sec: 254207 operations; 5857 current ops/sec; est completion in 1 day 4 hours [READ: Count=2933, Max=2997, Min=96, Avg=167.18, 90=203, 99=277, 99.9=1210, 99.99=2997] [CLEANUP: Count=1, Max=1136, Min=1136, Avg=1136, 90=1136, 99=1136, 99.9=1136, 99.99=1136] [UPDATE: Count=3006, Max=9135, Min=92, Avg=168.3, 90=200, 99=286, 99.9=2505, 99.99=9135] 
[OVERALL], RunTime(ms), 61025
[OVERALL], Throughput(ops/sec), 4165.620647275707
[TOTAL_GCS_Copy], Count, 24
[TOTAL_GC_TIME_Copy], Time(ms), 30
[TOTAL_GC_TIME_%_Copy], Time(%), 0.04916018025399426
[TOTAL_GCS_MarkSweepCompact], Count, 0
[TOTAL_GC_TIME_MarkSweepCompact], Time(ms), 0
[TOTAL_GC_TIME_%_MarkSweepCompact], Time(%), 0.0
[TOTAL_GCs], Count, 24
[TOTAL_GC_TIME], Time(ms), 30
[TOTAL_GC_TIME_%], Time(%), 0.04916018025399426
[READ], Operations, 127090
[READ], AverageLatency(us), 235.61156660634197
[READ], MinLatency(us), 87
[READ], MaxLatency(us), 35679
[READ], 95thPercentileLatency(us), 408
[READ], 99thPercentileLatency(us), 730
[READ], Return=OK, 127090
[CLEANUP], Operations, 1
[CLEANUP], AverageLatency(us), 1136.0
[CLEANUP], MinLatency(us), 1136
[CLEANUP], MaxLatency(us), 1136
[CLEANUP], 95thPercentileLatency(us), 1136
[CLEANUP], 99thPercentileLatency(us), 1136
[UPDATE], Operations, 127117
[UPDATE], AverageLatency(us), 234.1888103086133
[UPDATE], MinLatency(us), 90
[UPDATE], MaxLatency(us), 32175
[UPDATE], 95thPercentileLatency(us), 408
[UPDATE], 99thPercentileLatency(us), 752
[UPDATE], Return=OK, 127117
AUTOTEST_DONE
