/nix/store/2vwkssqpzykk37r996cafq7x63imf4sp-openjdk-21+35/bin/java  -classpath /nix/store/zw02np72fzsmga6s5mphhw7x8qlzf4sv-ycsb-0.17.0/share/conf:/nix/store/zw02np72fzsmga6s5mphhw7x8qlzf4sv-ycsb-0.17.0/share/lib/core-0.17.0.jar:/nix/store/zw02np72fzsmga6s5mphhw7x8qlzf4sv-ycsb-0.17.0/share/lib/HdrHistogram-2.1.4.jar:/nix/store/zw02np72fzsmga6s5mphhw7x8qlzf4sv-ycsb-0.17.0/share/lib/htrace-core4-4.1.0-incubating.jar:/nix/store/zw02np72fzsmga6s5mphhw7x8qlzf4sv-ycsb-0.17.0/share/lib/jackson-core-asl-1.9.4.jar:/nix/store/zw02np72fzsmga6s5mphhw7x8qlzf4sv-ycsb-0.17.0/share/lib/jackson-mapper-asl-1.9.4.jar:/nix/store/zw02np72fzsmga6s5mphhw7x8qlzf4sv-ycsb-0.17.0/share/redis-binding/lib/commons-pool2-2.4.2.jar:/nix/store/zw02np72fzsmga6s5mphhw7x8qlzf4sv-ycsb-0.17.0/share/redis-binding/lib/jedis-2.9.0.jar:/nix/store/zw02np72fzsmga6s5mphhw7x8qlzf4sv-ycsb-0.17.0/share/redis-binding/lib/redis-binding-0.17.0.jar site.ycsb.Client -t -db site.ycsb.db.RedisClient -s -P /home/host/vmuxIO/test/moonprogs//../../ycsb/share/workloads/workloada -p redis.host=10.1.0.2 -p redis.port=6386 -p operationcount=429496729 -p maxexecutiontime=61 -threads 1
Command line: -t -db site.ycsb.db.RedisClient -s -P /home/host/vmuxIO/test/moonprogs//../../ycsb/share/workloads/workloada -p redis.host=10.1.0.2 -p redis.port=6386 -p operationcount=429496729 -p maxexecutiontime=61 -threads 1
YCSB Client 0.17.0

Loading workload...
Starting test.
Maximum execution time specified as: 61 secs
DBWrapper: report latency for each error is false and specific error codes to track for latency are: []
2024-10-15 14:08:44:791 0 sec: 1 operations; ∞ current ops/sec; est completion in 0 second [UPDATE: Count=1, Max=44095, Min=44064, Avg=44080, 90=44095, 99=44095, 99.9=44095, 99.99=44095] 
2024-10-15 14:08:54:491 10 sec: 36865 operations; 3686.4 current ops/sec; est completion in 1 day 8 hours [READ: Count=18349, Max=41151, Min=89, Avg=255.47, 90=293, 99=2571, 99.9=7935, 99.99=11503] [UPDATE: Count=18516, Max=9887, Min=91, Avg=251.06, 90=296, 99=2397, 99.9=6355, 99.99=8919] 
2024-10-15 14:09:04:492 20 sec: 68411 operations; 3154.28 current ops/sec; est completion in 1 day 10 hours [READ: Count=15833, Max=14927, Min=96, Avg=313.29, 90=407, 99=2951, 99.9=5031, 99.99=8535] [UPDATE: Count=15712, Max=10951, Min=89, Avg=310.87, 90=403, 99=2833, 99.9=5199, 99.99=9159] 
2024-10-15 14:09:14:491 30 sec: 106119 operations; 3771.18 current ops/sec; est completion in 1 day 9 hours [READ: Count=18873, Max=8115, Min=95, Avg=263.41, 90=314, 99=2287, 99.9=3931, 99.99=4695] [UPDATE: Count=18835, Max=6775, Min=101, Avg=260.63, 90=314, 99=2329, 99.9=3975, 99.99=4639] 
2024-10-15 14:09:24:491 40 sec: 143728 operations; 3760.9 current ops/sec; est completion in 1 day 9 hours [READ: Count=18757, Max=8663, Min=96, Avg=261.25, 90=310, 99=2307, 99.9=3929, 99.99=4247] [UPDATE: Count=18852, Max=203391, Min=90, Avg=265.04, 90=303, 99=2185, 99.9=3955, 99.99=4287] 
2024-10-15 14:09:34:493 50 sec: 180704 operations; 3697.6 current ops/sec; est completion in 1 day 8 hours [READ: Count=18398, Max=6971, Min=95, Avg=271.2, 90=327, 99=2471, 99.9=4021, 99.99=4475] [UPDATE: Count=18578, Max=7791, Min=99, Avg=263.84, 90=318, 99=2293, 99.9=3817, 99.99=6219] 
2024-10-15 14:09:44:491 60 sec: 220824 operations; 4012 current ops/sec; est completion in 1 day 8 hours [READ: Count=20143, Max=4511, Min=80, Avg=248.63, 90=335, 99=2113, 99.9=3857, 99.99=4159] [UPDATE: Count=19977, Max=11759, Min=78, Avg=243.94, 90=328, 99=1994, 99.9=3845, 99.99=4291] 
Maximum time elapsed. Requesting stop for the workload.
Stop requested for workload. Now Joining!
2024-10-15 14:09:45:500 61 sec: 227951 operations; 7063.43 current ops/sec; est completion in 1 day 7 hours [READ: Count=3510, Max=725, Min=83, Avg=138.97, 90=181, 99=250, 99.9=428, 99.99=725] [CLEANUP: Count=1, Max=1285, Min=1285, Avg=1285, 90=1285, 99=1285, 99.9=1285, 99.99=1285] [UPDATE: Count=3617, Max=9055, Min=79, Avg=139.63, 90=179, 99=253, 99.9=871, 99.99=9055] 
[OVERALL], RunTime(ms), 61016
[OVERALL], Throughput(ops/sec), 3735.9217254490627
[TOTAL_GCS_Copy], Count, 21
[TOTAL_GC_TIME_Copy], Time(ms), 35
[TOTAL_GC_TIME_%_Copy], Time(%), 0.05736200340894192
[TOTAL_GCS_MarkSweepCompact], Count, 0
[TOTAL_GC_TIME_MarkSweepCompact], Time(ms), 0
[TOTAL_GC_TIME_%_MarkSweepCompact], Time(%), 0.0
[TOTAL_GCs], Count, 21
[TOTAL_GC_TIME], Time(ms), 35
[TOTAL_GC_TIME_%], Time(%), 0.05736200340894192
[READ], Operations, 113863
[READ], AverageLatency(us), 263.52049392691214
[READ], MinLatency(us), 80
[READ], MaxLatency(us), 41151
[READ], 95thPercentileLatency(us), 474
[READ], 99thPercentileLatency(us), 2401
[READ], Return=OK, 113863
[CLEANUP], Operations, 1
[CLEANUP], AverageLatency(us), 1285.0
[CLEANUP], MinLatency(us), 1285
[CLEANUP], MaxLatency(us), 1285
[CLEANUP], 95thPercentileLatency(us), 1285
[CLEANUP], 99thPercentileLatency(us), 1285
[UPDATE], Operations, 114088
[UPDATE], AverageLatency(us), 260.87366769511254
[UPDATE], MinLatency(us), 78
[UPDATE], MaxLatency(us), 203391
[UPDATE], 95thPercentileLatency(us), 459
[UPDATE], 99thPercentileLatency(us), 2315
[UPDATE], Return=OK, 114088
AUTOTEST_DONE
