/nix/store/2vwkssqpzykk37r996cafq7x63imf4sp-openjdk-21+35/bin/java  -classpath /nix/store/zw02np72fzsmga6s5mphhw7x8qlzf4sv-ycsb-0.17.0/share/conf:/nix/store/zw02np72fzsmga6s5mphhw7x8qlzf4sv-ycsb-0.17.0/share/lib/core-0.17.0.jar:/nix/store/zw02np72fzsmga6s5mphhw7x8qlzf4sv-ycsb-0.17.0/share/lib/HdrHistogram-2.1.4.jar:/nix/store/zw02np72fzsmga6s5mphhw7x8qlzf4sv-ycsb-0.17.0/share/lib/htrace-core4-4.1.0-incubating.jar:/nix/store/zw02np72fzsmga6s5mphhw7x8qlzf4sv-ycsb-0.17.0/share/lib/jackson-core-asl-1.9.4.jar:/nix/store/zw02np72fzsmga6s5mphhw7x8qlzf4sv-ycsb-0.17.0/share/lib/jackson-mapper-asl-1.9.4.jar:/nix/store/zw02np72fzsmga6s5mphhw7x8qlzf4sv-ycsb-0.17.0/share/redis-binding/lib/commons-pool2-2.4.2.jar:/nix/store/zw02np72fzsmga6s5mphhw7x8qlzf4sv-ycsb-0.17.0/share/redis-binding/lib/jedis-2.9.0.jar:/nix/store/zw02np72fzsmga6s5mphhw7x8qlzf4sv-ycsb-0.17.0/share/redis-binding/lib/redis-binding-0.17.0.jar site.ycsb.Client -t -db site.ycsb.db.RedisClient -s -P /home/host/vmuxIO/test/moonprogs//../../ycsb/share/workloads/workloada -p redis.host=10.1.0.2 -p redis.port=6390 -p operationcount=429496729 -p maxexecutiontime=61 -threads 1
Command line: -t -db site.ycsb.db.RedisClient -s -P /home/host/vmuxIO/test/moonprogs//../../ycsb/share/workloads/workloada -p redis.host=10.1.0.2 -p redis.port=6390 -p operationcount=429496729 -p maxexecutiontime=61 -threads 1
YCSB Client 0.17.0

Loading workload...
Starting test.
Maximum execution time specified as: 61 secs
DBWrapper: report latency for each error is false and specific error codes to track for latency are: []
2024-07-11 18:51:22:421 0 sec: 0 operations; est completion in 0 second 
2024-07-11 18:51:32:234 10 sec: 78229 operations; 7822.9 current ops/sec; est completion in 15 hours 14 minutes [READ: Count=39025, Max=51743, Min=84, Avg=121.48, 90=139, 99=197, 99.9=881, 99.99=6571] [UPDATE: Count=39211, Max=11775, Min=85, Avg=121.19, 90=140, 99=205, 99.9=1662, 99.99=4791] 
2024-07-11 18:51:42:234 20 sec: 165093 operations; 8686.4 current ops/sec; est completion in 14 hours 26 minutes [READ: Count=43118, Max=206079, Min=83, Avg=116.41, 90=124, 99=166, 99.9=234, 99.99=1893] [UPDATE: Count=43740, Max=4559, Min=83, Avg=109.41, 90=121, 99=161, 99.9=219, 99.99=2621] 
2024-07-11 18:51:52:233 30 sec: 256007 operations; 9091.4 current ops/sec; est completion in 13 hours 58 minutes [READ: Count=45463, Max=2817, Min=79, Avg=109.45, 90=127, 99=193, 99.9=305, 99.99=1796] [UPDATE: Count=45450, Max=2213, Min=76, Avg=106.78, 90=124, 99=186, 99.9=281, 99.99=755] 
2024-07-11 18:52:02:233 40 sec: 343836 operations; 8782.9 current ops/sec; est completion in 13 hours 52 minutes [READ: Count=43990, Max=9359, Min=87, Avg=113.46, 90=126, 99=167, 99.9=204, 99.99=1895] [UPDATE: Count=43839, Max=2343, Min=83, Avg=110.59, 90=124, 99=164, 99.9=193, 99.99=377] 
2024-07-11 18:52:12:233 50 sec: 432630 operations; 8879.4 current ops/sec; est completion in 13 hours 46 minutes [READ: Count=44399, Max=4303, Min=85, Avg=111.98, 90=124, 99=168, 99.9=236, 99.99=1049] [UPDATE: Count=44395, Max=4131, Min=82, Avg=109.61, 90=122, 99=166, 99.9=226, 99.99=1494] 
2024-07-11 18:52:22:233 60 sec: 517115 operations; 8448.5 current ops/sec; est completion in 13 hours 49 minutes [READ: Count=42365, Max=3413, Min=88, Avg=117.6, 90=134, 99=210, 99.9=339, 99.99=693] [UPDATE: Count=42120, Max=2441, Min=85, Avg=115.18, 90=131, 99=210, 99.9=337, 99.99=1876] 
Maximum time elapsed. Requesting stop for the workload.
Stop requested for workload. Now Joining!
2024-07-11 18:52:23:246 61 sec: 525567 operations; 8351.78 current ops/sec; est completion in 13 hours 49 minutes [READ: Count=4203, Max=3615, Min=85, Avg=117.65, 90=131, 99=220, 99.9=470, 99.99=3615] [CLEANUP: Count=1, Max=1093, Min=1093, Avg=1093, 90=1093, 99=1093, 99.9=1093, 99.99=1093] [UPDATE: Count=4249, Max=4023, Min=84, Avg=116.79, 90=130, 99=225, 99.9=1334, 99.99=4023] 
[OVERALL], RunTime(ms), 61018
[OVERALL], Throughput(ops/sec), 8613.310826313547
[TOTAL_GCS_Copy], Count, 49
[TOTAL_GC_TIME_Copy], Time(ms), 32
[TOTAL_GC_TIME_%_Copy], Time(%), 0.05244354125012291
[TOTAL_GCS_MarkSweepCompact], Count, 0
[TOTAL_GC_TIME_MarkSweepCompact], Time(ms), 0
[TOTAL_GC_TIME_%_MarkSweepCompact], Time(%), 0.0
[TOTAL_GCs], Count, 49
[TOTAL_GC_TIME], Time(ms), 32
[TOTAL_GC_TIME_%], Time(%), 0.05244354125012291
[READ], Operations, 262563
[READ], AverageLatency(us), 114.9272593625149
[READ], MinLatency(us), 79
[READ], MaxLatency(us), 206079
[READ], 95thPercentileLatency(us), 140
[READ], 99thPercentileLatency(us), 184
[READ], Return=OK, 262563
[CLEANUP], Operations, 1
[CLEANUP], AverageLatency(us), 1093.0
[CLEANUP], MinLatency(us), 1093
[CLEANUP], MaxLatency(us), 1093
[CLEANUP], 95thPercentileLatency(us), 1093
[CLEANUP], 99thPercentileLatency(us), 1093
[UPDATE], Operations, 263004
[UPDATE], AverageLatency(us), 111.98401545223646
[UPDATE], MinLatency(us), 76
[UPDATE], MaxLatency(us), 11775
[UPDATE], 95thPercentileLatency(us), 138
[UPDATE], 99thPercentileLatency(us), 182
[UPDATE], Return=OK, 263004
AUTOTEST_DONE
