/nix/store/2vwkssqpzykk37r996cafq7x63imf4sp-openjdk-21+35/bin/java  -classpath /nix/store/zw02np72fzsmga6s5mphhw7x8qlzf4sv-ycsb-0.17.0/share/conf:/nix/store/zw02np72fzsmga6s5mphhw7x8qlzf4sv-ycsb-0.17.0/share/lib/core-0.17.0.jar:/nix/store/zw02np72fzsmga6s5mphhw7x8qlzf4sv-ycsb-0.17.0/share/lib/HdrHistogram-2.1.4.jar:/nix/store/zw02np72fzsmga6s5mphhw7x8qlzf4sv-ycsb-0.17.0/share/lib/htrace-core4-4.1.0-incubating.jar:/nix/store/zw02np72fzsmga6s5mphhw7x8qlzf4sv-ycsb-0.17.0/share/lib/jackson-core-asl-1.9.4.jar:/nix/store/zw02np72fzsmga6s5mphhw7x8qlzf4sv-ycsb-0.17.0/share/lib/jackson-mapper-asl-1.9.4.jar:/nix/store/zw02np72fzsmga6s5mphhw7x8qlzf4sv-ycsb-0.17.0/share/redis-binding/lib/commons-pool2-2.4.2.jar:/nix/store/zw02np72fzsmga6s5mphhw7x8qlzf4sv-ycsb-0.17.0/share/redis-binding/lib/jedis-2.9.0.jar:/nix/store/zw02np72fzsmga6s5mphhw7x8qlzf4sv-ycsb-0.17.0/share/redis-binding/lib/redis-binding-0.17.0.jar site.ycsb.Client -t -db site.ycsb.db.RedisClient -s -P /home/host/vmuxIO/test/moonprogs//../../ycsb/share/workloads/workloada -p redis.host=10.1.0.2 -p redis.port=6379 -p operationcount=429496729 -p maxexecutiontime=61 -threads 1
Command line: -t -db site.ycsb.db.RedisClient -s -P /home/host/vmuxIO/test/moonprogs//../../ycsb/share/workloads/workloada -p redis.host=10.1.0.2 -p redis.port=6379 -p operationcount=429496729 -p maxexecutiontime=61 -threads 1
YCSB Client 0.17.0

Loading workload...
Starting test.
Maximum execution time specified as: 61 secs
DBWrapper: report latency for each error is false and specific error codes to track for latency are: []
2024-06-30 01:46:34:946 0 sec: 0 operations; est completion in 0 second 
2024-06-30 01:46:44:706 10 sec: 17957 operations; 1795.52 current ops/sec; est completion in 2 days 18 hours [READ: Count=8973, Max=63647, Min=233, Avg=534.71, 90=612, 99=850, 99.9=3333, 99.99=8359] [UPDATE: Count=9092, Max=11623, Min=235, Avg=536.05, 90=617, 99=981, 99.9=3887, 99.99=6123] 
2024-06-30 01:46:54:708 20 sec: 36270 operations; 1831.12 current ops/sec; est completion in 2 days 17 hours [READ: Count=8996, Max=3955, Min=234, Avg=539.39, 90=647, 99=850, 99.9=1360, 99.99=3915] [UPDATE: Count=9209, Max=4127, Min=227, Avg=538.93, 90=653, 99=827, 99.9=1134, 99.99=2971] 
2024-06-30 01:47:04:706 30 sec: 54011 operations; 1774.28 current ops/sec; est completion in 2 days 18 hours [READ: Count=8819, Max=5283, Min=223, Avg=560.13, 90=705, 99=923, 99.9=1440, 99.99=3905] [UPDATE: Count=8923, Max=12527, Min=230, Avg=558.45, 90=706, 99=910, 99.9=1906, 99.99=3653] 
2024-06-30 01:47:14:707 40 sec: 71231 operations; 1722 current ops/sec; est completion in 2 days 18 hours [READ: Count=8716, Max=3913, Min=219, Avg=578.4, 90=725, 99=943, 99.9=1363, 99.99=3409] [UPDATE: Count=8503, Max=3689, Min=226, Avg=574.76, 90=727, 99=912, 99.9=1205, 99.99=1955] 
2024-06-30 01:47:24:706 50 sec: 88333 operations; 1710.2 current ops/sec; est completion in 2 days 19 hours [READ: Count=8621, Max=6883, Min=234, Avg=581.99, 90=704, 99=877, 99.9=1371, 99.99=3545] [UPDATE: Count=8481, Max=3887, Min=239, Avg=580.93, 90=701, 99=886, 99.9=1335, 99.99=3731] 
2024-06-30 01:47:34:707 60 sec: 106563 operations; 1823 current ops/sec; est completion in 2 days 19 hours [READ: Count=9282, Max=4447, Min=198, Avg=546.01, 90=710, 99=927, 99.9=1405, 99.99=3251] [UPDATE: Count=8948, Max=8279, Min=196, Avg=545.05, 90=708, 99=914, 99.9=1523, 99.99=6239] 
Maximum time elapsed. Requesting stop for the workload.
Stop requested for workload. Now Joining!
2024-06-30 01:47:35:721 61 sec: 110375 operations; 3755.67 current ops/sec; est completion in 2 days 17 hours [READ: Count=1938, Max=8351, Min=196, Avg=266.91, 90=359, 99=446, 99.9=1503, 99.99=8351] [CLEANUP: Count=1, Max=1142, Min=1142, Avg=1142, 90=1142, 99=1142, 99.9=1142, 99.99=1142] [UPDATE: Count=1874, Max=1295, Min=195, Avg=259.6, 90=357, 99=425, 99.9=574, 99.99=1295] 
[OVERALL], RunTime(ms), 61019
[OVERALL], Throughput(ops/sec), 1808.862813222111
[TOTAL_GCS_Copy], Count, 10
[TOTAL_GC_TIME_Copy], Time(ms), 20
[TOTAL_GC_TIME_%_Copy], Time(%), 0.032776676117274944
[TOTAL_GCS_MarkSweepCompact], Count, 0
[TOTAL_GC_TIME_MarkSweepCompact], Time(ms), 0
[TOTAL_GC_TIME_%_MarkSweepCompact], Time(%), 0.0
[TOTAL_GCs], Count, 10
[TOTAL_GC_TIME], Time(ms), 20
[TOTAL_GC_TIME_%], Time(%), 0.032776676117274944
[READ], Operations, 55345
[READ], AverageLatency(us), 546.2846327581534
[READ], MinLatency(us), 196
[READ], MaxLatency(us), 63647
[READ], 95thPercentileLatency(us), 746
[READ], 99thPercentileLatency(us), 904
[READ], Return=OK, 55345
[CLEANUP], Operations, 1
[CLEANUP], AverageLatency(us), 1142.0
[CLEANUP], MinLatency(us), 1142
[CLEANUP], MaxLatency(us), 1142
[CLEANUP], 95thPercentileLatency(us), 1142
[CLEANUP], 99thPercentileLatency(us), 1142
[UPDATE], Operations, 55030
[UPDATE], AverageLatency(us), 545.1106123932401
[UPDATE], MinLatency(us), 195
[UPDATE], MaxLatency(us), 12527
[UPDATE], 95thPercentileLatency(us), 746
[UPDATE], 99thPercentileLatency(us), 897
[UPDATE], Return=OK, 55030
AUTOTEST_DONE
