/nix/store/2vwkssqpzykk37r996cafq7x63imf4sp-openjdk-21+35/bin/java  -classpath /nix/store/zw02np72fzsmga6s5mphhw7x8qlzf4sv-ycsb-0.17.0/share/conf:/nix/store/zw02np72fzsmga6s5mphhw7x8qlzf4sv-ycsb-0.17.0/share/lib/core-0.17.0.jar:/nix/store/zw02np72fzsmga6s5mphhw7x8qlzf4sv-ycsb-0.17.0/share/lib/HdrHistogram-2.1.4.jar:/nix/store/zw02np72fzsmga6s5mphhw7x8qlzf4sv-ycsb-0.17.0/share/lib/htrace-core4-4.1.0-incubating.jar:/nix/store/zw02np72fzsmga6s5mphhw7x8qlzf4sv-ycsb-0.17.0/share/lib/jackson-core-asl-1.9.4.jar:/nix/store/zw02np72fzsmga6s5mphhw7x8qlzf4sv-ycsb-0.17.0/share/lib/jackson-mapper-asl-1.9.4.jar:/nix/store/zw02np72fzsmga6s5mphhw7x8qlzf4sv-ycsb-0.17.0/share/redis-binding/lib/commons-pool2-2.4.2.jar:/nix/store/zw02np72fzsmga6s5mphhw7x8qlzf4sv-ycsb-0.17.0/share/redis-binding/lib/jedis-2.9.0.jar:/nix/store/zw02np72fzsmga6s5mphhw7x8qlzf4sv-ycsb-0.17.0/share/redis-binding/lib/redis-binding-0.17.0.jar site.ycsb.Client -t -db site.ycsb.db.RedisClient -s -P /home/host/vmuxIO/test/moonprogs//../../ycsb/share/workloads/workloada -p redis.host=10.1.0.2 -p redis.port=6379 -p operationcount=429496729 -p maxexecutiontime=61 -threads 1
Command line: -t -db site.ycsb.db.RedisClient -s -P /home/host/vmuxIO/test/moonprogs//../../ycsb/share/workloads/workloada -p redis.host=10.1.0.2 -p redis.port=6379 -p operationcount=429496729 -p maxexecutiontime=61 -threads 1
YCSB Client 0.17.0

Loading workload...
Starting test.
Maximum execution time specified as: 61 secs
DBWrapper: report latency for each error is false and specific error codes to track for latency are: []
2024-06-30 01:36:37:941 0 sec: 0 operations; est completion in 0 second [UPDATE: Count=1, Max=43519, Min=43488, Avg=43504, 90=43519, 99=43519, 99.9=43519, 99.99=43519] 
2024-06-30 01:36:47:670 10 sec: 11536 operations; 1153.6 current ops/sec; est completion in 4 days 7 hours [READ: Count=5789, Max=210943, Min=98, Avg=795.9, 90=608, 99=3321, 99.9=204287, 99.99=209535] [UPDATE: Count=5746, Max=210815, Min=95, Avg=863.54, 90=586, 99=3451, 99.9=206719, 99.99=209279] 
2024-06-30 01:36:57:670 20 sec: 18748 operations; 721.2 current ops/sec; est completion in 5 days 7 hours [READ: Count=3617, Max=210047, Min=86, Avg=1062.79, 90=386, 99=3095, 99.9=206463, 99.99=210047] [UPDATE: Count=3595, Max=209279, Min=92, Avg=1689.46, 90=371, 99=3547, 99.9=208127, 99.99=209279] 
2024-06-30 01:37:07:670 30 sec: 25448 operations; 670 current ops/sec; est completion in 5 days 20 hours [READ: Count=3273, Max=212095, Min=87, Avg=1517.21, 90=377, 99=3383, 99.9=207231, 99.99=212095] [UPDATE: Count=3427, Max=208895, Min=90, Avg=1450.99, 90=373, 99=3273, 99.9=208639, 99.99=208895] 
2024-06-30 01:37:17:670 40 sec: 32331 operations; 688.3 current ops/sec; est completion in 6 days 3 hours [READ: Count=3425, Max=208511, Min=86, Avg=1265.5, 90=356, 99=3049, 99.9=207487, 99.99=208511] [UPDATE: Count=3458, Max=209919, Min=87, Avg=1618.79, 90=352, 99=3455, 99.9=208511, 99.99=209919] 
2024-06-30 01:37:27:670 50 sec: 39165 operations; 683.4 current ops/sec; est completion in 6 days 8 hours [READ: Count=3361, Max=209023, Min=90, Avg=1438.35, 90=291, 99=2943, 99.9=208639, 99.99=209023] [UPDATE: Count=3473, Max=209151, Min=87, Avg=1504.7, 90=284, 99=3361, 99.9=207231, 99.99=209151] 
2024-06-30 01:37:37:670 60 sec: 45372 operations; 620.7 current ops/sec; est completion in 6 days 13 hours [READ: Count=3122, Max=209151, Min=89, Avg=1542.15, 90=317, 99=3155, 99.9=208895, 99.99=209151] [UPDATE: Count=3085, Max=208767, Min=85, Avg=1667.21, 90=301, 99=3245, 99.9=206975, 99.99=208767] 
Maximum time elapsed. Requesting stop for the workload.
Stop requested for workload. Now Joining!
2024-06-30 01:37:38:718 61 sec: 45877 operations; 481.41 current ops/sec; est completion in 6 days 14 hours [READ: Count=248, Max=208639, Min=95, Avg=4353.1, 90=246, 99=206591, 99.9=208639, 99.99=208639] [CLEANUP: Count=1, Max=1797, Min=1797, Avg=1797, 90=1797, 99=1797, 99.9=1797, 99.99=1797] [UPDATE: Count=257, Max=3377, Min=90, Avg=161.4, 90=178, 99=492, 99.9=3377, 99.99=3377] 
[OVERALL], RunTime(ms), 61053
[OVERALL], Throughput(ops/sec), 751.4290862037901
[TOTAL_GCS_Copy], Count, 4
[TOTAL_GC_TIME_Copy], Time(ms), 28
[TOTAL_GC_TIME_%_Copy], Time(%), 0.04586179221332285
[TOTAL_GCS_MarkSweepCompact], Count, 0
[TOTAL_GC_TIME_MarkSweepCompact], Time(ms), 0
[TOTAL_GC_TIME_%_MarkSweepCompact], Time(%), 0.0
[TOTAL_GCs], Count, 4
[TOTAL_GC_TIME], Time(ms), 28
[TOTAL_GC_TIME_%], Time(%), 0.04586179221332285
[READ], Operations, 22835
[READ], AverageLatency(us), 1247.2184366104664
[READ], MinLatency(us), 86
[READ], MaxLatency(us), 212095
[READ], 95thPercentileLatency(us), 629
[READ], 99thPercentileLatency(us), 3253
[READ], Return=OK, 22835
[CLEANUP], Operations, 1
[CLEANUP], AverageLatency(us), 1797.0
[CLEANUP], MinLatency(us), 1797
[CLEANUP], MaxLatency(us), 1797
[CLEANUP], 95thPercentileLatency(us), 1797
[CLEANUP], 99thPercentileLatency(us), 1797
[UPDATE], Operations, 23042
[UPDATE], AverageLatency(us), 1391.3704105546394
[UPDATE], MinLatency(us), 85
[UPDATE], MaxLatency(us), 210815
[UPDATE], 95thPercentileLatency(us), 605
[UPDATE], 99thPercentileLatency(us), 3381
[UPDATE], Return=OK, 23042
AUTOTEST_DONE
