EAL: Detected CPU lcores: 24
EAL: Detected NUMA nodes: 1
EAL: Static memory layout is selected, amount of reserved memory can be adjusted with -m or --socket-mem
EAL: Detected shared linkage of DPDK
EAL: Multi-process socket /var/run/dpdk/rte/mp_socket
EAL: Selected IOVA mode 'VA'
EAL: 8 hugepages of size 1073741824 reserved, but no mounted hugetlbfs found for that size
EAL: VFIO support initialized
EAL: Using IOMMU type 1 (Type 1)
EAL: Ignore mapping IO port bar(1)
EAL: Ignore mapping IO port bar(4)
EAL: Probe PCI driver: net_ice (8086:1592) device: 0000:51:00.0 (socket 0)
ice_load_pkg_type(): Active package is: 1.3.26.0, ICE OS Default Package (single VLAN mode)
TELEMETRY: No legacy callbacks, legacy socket not created
[1;33m[WARN]  malloc() allocates objects >= 1 MiB from LuaJIT memory space.[0m
[1;33m[WARN]  Install libjemalloc if you encounter out of memory errors.[0m
[1;37m[INFO]  Initializing DPDK. This will take a few seconds...[0m
[1;37m[INFO]  Found 1 usable devices:[0m
   Device 0: B4:96:91:B3:8B:04 ([0;32mIntel Corporation Ethernet Controller E810-C for QSFP[0m)
[1;37m[INFO]  Waiting for devices to come up...[0m
[1;37m[INFO]  Device 0 (B4:96:91:B3:8B:04) is up: full-duplex 100000 MBit/s[0m
[1;37m[INFO]  [0;32m1 device is up.[0m[0m
[1;36m[Device: id=0] RX[0m: 11.06 Mpps, 5663 Mbit/s (7433 Mbit/s with framing)
[0;34m[Device: id=0] TX[0m: 36.63 Mpps, 18754 Mbit/s (24614 Mbit/s with framing)
[1;36m[Device: id=0] RX[0m: 11.27 Mpps, 5768 Mbit/s (7571 Mbit/s with framing)
[0;34m[Device: id=0] TX[0m: 36.85 Mpps, 18865 Mbit/s (24761 Mbit/s with framing)
[1;36m[Device: id=0] RX[0m: 11.17 Mpps, 5720 Mbit/s (7508 Mbit/s with framing)
[0;34m[Device: id=0] TX[0m: 36.85 Mpps, 18865 Mbit/s (24761 Mbit/s with framing)
[1;36m[Device: id=0] RX[0m: 11.15 Mpps, 5711 Mbit/s (7496 Mbit/s with framing)
[0;34m[Device: id=0] TX[0m: 36.78 Mpps, 18832 Mbit/s (24716 Mbit/s with framing)
[1;36m[Device: id=0] RX[0m: 11.16 Mpps, 5714 Mbit/s (7500 Mbit/s with framing)
[0;34m[Device: id=0] TX[0m: 36.85 Mpps, 18865 Mbit/s (24761 Mbit/s with framing)
[1;36m[Device: id=0] RX[0m: 11.07 Mpps, 5669 Mbit/s (7440 Mbit/s with framing)
[0;34m[Device: id=0] TX[0m: 36.84 Mpps, 18864 Mbit/s (24759 Mbit/s with framing)
[1;36m[Device: id=0] RX[0m: 11.07 Mpps, 5670 Mbit/s (7442 Mbit/s with framing)
[0;34m[Device: id=0] TX[0m: 36.85 Mpps, 18866 Mbit/s (24761 Mbit/s with framing)
[1;36m[Device: id=0] RX[0m: 11.08 Mpps, 5672 Mbit/s (7444 Mbit/s with framing)
[0;34m[Device: id=0] TX[0m: 36.85 Mpps, 18866 Mbit/s (24761 Mbit/s with framing)
[1;36m[Device: id=0] RX[0m: 11.18 Mpps, 5725 Mbit/s (7514 Mbit/s with framing)
[0;34m[Device: id=0] TX[0m: 36.85 Mpps, 18866 Mbit/s (24761 Mbit/s with framing)
[1;36m[Device: id=0] RX[0m: 11.17 Mpps, 5719 Mbit/s (7506 Mbit/s with framing)
[0;34m[Device: id=0] TX[0m: 36.84 Mpps, 18864 Mbit/s (24760 Mbit/s with framing)
[1;36m[Device: id=0] RX[0m: 11.15 Mpps, 5707 Mbit/s (7490 Mbit/s with framing)
[0;34m[Device: id=0] TX[0m: 36.84 Mpps, 18864 Mbit/s (24759 Mbit/s with framing)
[1;36m[Device: id=0] RX[0m: 11.26 Mpps, 5765 Mbit/s (7566 Mbit/s with framing)
[0;34m[Device: id=0] TX[0m: 36.77 Mpps, 18827 Mbit/s (24711 Mbit/s with framing)
[1;36m[Device: id=0] RX[0m: 11.19 Mpps, 5727 Mbit/s (7516 Mbit/s with framing)
[0;34m[Device: id=0] TX[0m: 36.84 Mpps, 18863 Mbit/s (24757 Mbit/s with framing)
[1;36m[Device: id=0] RX[0m: 11.08 Mpps, 5674 Mbit/s (7448 Mbit/s with framing)
[0;34m[Device: id=0] TX[0m: 36.72 Mpps, 18798 Mbit/s (24673 Mbit/s with framing)
[1;36m[Device: id=0] RX[0m: 11.07 Mpps, 5668 Mbit/s (7439 Mbit/s with framing)
[0;34m[Device: id=0] TX[0m: 36.75 Mpps, 18817 Mbit/s (24698 Mbit/s with framing)
[1;36m[Device: id=0] RX[0m: 11.06 Mpps, 5660 Mbit/s (7429 Mbit/s with framing)
[0;34m[Device: id=0] TX[0m: 36.62 Mpps, 18751 Mbit/s (24611 Mbit/s with framing)
[1;36m[Device: id=0] RX[0m: 11.16 Mpps, 5714 Mbit/s (7500 Mbit/s with framing)
[0;34m[Device: id=0] TX[0m: 36.85 Mpps, 18865 Mbit/s (24761 Mbit/s with framing)
[1;36m[Device: id=0] RX[0m: 11.08 Mpps, 5673 Mbit/s (7446 Mbit/s with framing)
[0;34m[Device: id=0] TX[0m: 36.85 Mpps, 18866 Mbit/s (24761 Mbit/s with framing)
[1;36m[Device: id=0] RX[0m: 11.28 Mpps, 5773 Mbit/s (7577 Mbit/s with framing)
[0;34m[Device: id=0] TX[0m: 36.63 Mpps, 18753 Mbit/s (24613 Mbit/s with framing)
[1;36m[Device: id=0] RX[0m: 11.11 Mpps, 5686 Mbit/s (7463 Mbit/s with framing)
[0;34m[Device: id=0] TX[0m: 36.84 Mpps, 18863 Mbit/s (24758 Mbit/s with framing)
[1;36m[Device: id=0] RX[0m: 11.20 Mpps, 5735 Mbit/s (7527 Mbit/s with framing)
[0;34m[Device: id=0] TX[0m: 36.62 Mpps, 18751 Mbit/s (24610 Mbit/s with framing)
[1;36m[Device: id=0] RX[0m: 11.31 Mpps, 5788 Mbit/s (7597 Mbit/s with framing)
[0;34m[Device: id=0] TX[0m: 36.85 Mpps, 18865 Mbit/s (24761 Mbit/s with framing)
[1;36m[Device: id=0] RX[0m: 11.19 Mpps, 5728 Mbit/s (7518 Mbit/s with framing)
[0;34m[Device: id=0] TX[0m: 36.66 Mpps, 18772 Mbit/s (24638 Mbit/s with framing)
[1;36m[Device: id=0] RX[0m: 11.20 Mpps, 5736 Mbit/s (7528 Mbit/s with framing)
[0;34m[Device: id=0] TX[0m: 36.72 Mpps, 18801 Mbit/s (24676 Mbit/s with framing)
[1;36m[Device: id=0] RX[0m: 11.21 Mpps, 5739 Mbit/s (7532 Mbit/s with framing)
[0;34m[Device: id=0] TX[0m: 36.85 Mpps, 18866 Mbit/s (24761 Mbit/s with framing)
[1;36m[Device: id=0] RX[0m: 11.11 Mpps, 5691 Mbit/s (7469 Mbit/s with framing)
[0;34m[Device: id=0] TX[0m: 36.85 Mpps, 18866 Mbit/s (24761 Mbit/s with framing)
[1;36m[Device: id=0] RX[0m: 11.23 Mpps, 5752 Mbit/s (7550 Mbit/s with framing)
[0;34m[Device: id=0] TX[0m: 36.62 Mpps, 18751 Mbit/s (24611 Mbit/s with framing)
[1;36m[Device: id=0] RX[0m: 11.28 Mpps, 5774 Mbit/s (7578 Mbit/s with framing)
[0;34m[Device: id=0] TX[0m: 36.85 Mpps, 18866 Mbit/s (24761 Mbit/s with framing)
[1;36m[Device: id=0] RX[0m: 11.28 Mpps, 5778 Mbit/s (7583 Mbit/s with framing)
[0;34m[Device: id=0] TX[0m: 36.84 Mpps, 18864 Mbit/s (24759 Mbit/s with framing)
[1;36m[Device: id=0] RX[0m: 11.26 Mpps, 5765 Mbit/s (7566 Mbit/s with framing)
[0;34m[Device: id=0] TX[0m: 36.85 Mpps, 18866 Mbit/s (24761 Mbit/s with framing)
[1;36m[Device: id=0] RX[0m: 11.22 Mpps, 5747 Mbit/s (7543 Mbit/s with framing)
[0;34m[Device: id=0] TX[0m: 36.70 Mpps, 18791 Mbit/s (24663 Mbit/s with framing)
[1;36m[Device: id=0] RX[0m: 11.27 Mpps, 5771 Mbit/s (7574 Mbit/s with framing)
[0;34m[Device: id=0] TX[0m: 36.77 Mpps, 18826 Mbit/s (24709 Mbit/s with framing)
[1;36m[Device: id=0] RX[0m: 11.20 Mpps, 5736 Mbit/s (7528 Mbit/s with framing)
[0;34m[Device: id=0] TX[0m: 36.85 Mpps, 18866 Mbit/s (24761 Mbit/s with framing)
[1;36m[Device: id=0] RX[0m: 11.18 Mpps, 5726 Mbit/s (7515 Mbit/s with framing)
[0;34m[Device: id=0] TX[0m: 36.85 Mpps, 18866 Mbit/s (24761 Mbit/s with framing)
[1;36m[Device: id=0] RX[0m: 11.18 Mpps, 5725 Mbit/s (7514 Mbit/s with framing)
[0;34m[Device: id=0] TX[0m: 36.84 Mpps, 18865 Mbit/s (24760 Mbit/s with framing)
[1;36m[Device: id=0] RX[0m: 11.18 Mpps, 5723 Mbit/s (7511 Mbit/s with framing)
[0;34m[Device: id=0] TX[0m: 36.77 Mpps, 18828 Mbit/s (24712 Mbit/s with framing)
[1;36m[Device: id=0] RX[0m: 11.18 Mpps, 5723 Mbit/s (7511 Mbit/s with framing)
[0;34m[Device: id=0] TX[0m: 36.85 Mpps, 18866 Mbit/s (24761 Mbit/s with framing)
[1;36m[Device: id=0] RX[0m: 11.18 Mpps, 5726 Mbit/s (7515 Mbit/s with framing)
[0;34m[Device: id=0] TX[0m: 36.85 Mpps, 18866 Mbit/s (24761 Mbit/s with framing)
[1;36m[Device: id=0] RX[0m: 11.19 Mpps, 5728 Mbit/s (7518 Mbit/s with framing)
[0;34m[Device: id=0] TX[0m: 36.84 Mpps, 18862 Mbit/s (24757 Mbit/s with framing)
[1;36m[Device: id=0] RX[0m: 11.19 Mpps, 5727 Mbit/s (7516 Mbit/s with framing)
[0;34m[Device: id=0] TX[0m: 36.85 Mpps, 18866 Mbit/s (24761 Mbit/s with framing)
[1;36m[Device: id=0] RX[0m: 11.19 Mpps, 5728 Mbit/s (7518 Mbit/s with framing)
[0;34m[Device: id=0] TX[0m: 36.85 Mpps, 18865 Mbit/s (24761 Mbit/s with framing)
[1;36m[Device: id=0] RX[0m: 11.18 Mpps, 5726 Mbit/s (7516 Mbit/s with framing)
[0;34m[Device: id=0] TX[0m: 36.84 Mpps, 18864 Mbit/s (24759 Mbit/s with framing)
[1;36m[Device: id=0] RX[0m: 11.25 Mpps, 5762 Mbit/s (7563 Mbit/s with framing)
[0;34m[Device: id=0] TX[0m: 36.85 Mpps, 18866 Mbit/s (24761 Mbit/s with framing)
[1;36m[Device: id=0] RX[0m: 11.26 Mpps, 5765 Mbit/s (7567 Mbit/s with framing)
[0;34m[Device: id=0] TX[0m: 36.80 Mpps, 18840 Mbit/s (24727 Mbit/s with framing)
[1;36m[Device: id=0] RX[0m: 11.17 Mpps, 5721 Mbit/s (7509 Mbit/s with framing)
[0;34m[Device: id=0] TX[0m: 36.85 Mpps, 18865 Mbit/s (24761 Mbit/s with framing)
[1;36m[Device: id=0] RX[0m: 11.17 Mpps, 5721 Mbit/s (7508 Mbit/s with framing)
[0;34m[Device: id=0] TX[0m: 36.85 Mpps, 18865 Mbit/s (24760 Mbit/s with framing)
[1;36m[Device: id=0] RX[0m: 11.35 Mpps, 5813 Mbit/s (7629 Mbit/s with framing)
[0;34m[Device: id=0] TX[0m: 36.83 Mpps, 18858 Mbit/s (24752 Mbit/s with framing)
[1;36m[Device: id=0] RX[0m: 11.26 Mpps, 5764 Mbit/s (7565 Mbit/s with framing)
[0;34m[Device: id=0] TX[0m: 36.77 Mpps, 18827 Mbit/s (24711 Mbit/s with framing)
[1;36m[Device: id=0] RX[0m: 11.16 Mpps, 5715 Mbit/s (7501 Mbit/s with framing)
[0;34m[Device: id=0] TX[0m: 36.83 Mpps, 18857 Mbit/s (24750 Mbit/s with framing)
[1;36m[Device: id=0] RX[0m: 11.17 Mpps, 5719 Mbit/s (7506 Mbit/s with framing)
[0;34m[Device: id=0] TX[0m: 36.84 Mpps, 18863 Mbit/s (24758 Mbit/s with framing)
[1;36m[Device: id=0] RX[0m: 11.17 Mpps, 5719 Mbit/s (7507 Mbit/s with framing)
[0;34m[Device: id=0] TX[0m: 36.85 Mpps, 18866 Mbit/s (24761 Mbit/s with framing)
[1;36m[Device: id=0] RX[0m: 11.17 Mpps, 5717 Mbit/s (7504 Mbit/s with framing)
[0;34m[Device: id=0] TX[0m: 36.85 Mpps, 18866 Mbit/s (24761 Mbit/s with framing)
[1;36m[Device: id=0] RX[0m: 11.27 Mpps, 5769 Mbit/s (7572 Mbit/s with framing)
[0;34m[Device: id=0] TX[0m: 36.85 Mpps, 18866 Mbit/s (24761 Mbit/s with framing)
[1;36m[Device: id=0] RX[0m: 11.18 Mpps, 5724 Mbit/s (7513 Mbit/s with framing)
[0;34m[Device: id=0] TX[0m: 36.85 Mpps, 18866 Mbit/s (24761 Mbit/s with framing)
[1;36m[Device: id=0] RX[0m: 11.18 Mpps, 5724 Mbit/s (7512 Mbit/s with framing)
[0;34m[Device: id=0] TX[0m: 36.84 Mpps, 18865 Mbit/s (24760 Mbit/s with framing)
[1;36m[Device: id=0] RX[0m: 11.16 Mpps, 5713 Mbit/s (7498 Mbit/s with framing)
[0;34m[Device: id=0] TX[0m: 36.83 Mpps, 18857 Mbit/s (24750 Mbit/s with framing)
[1;36m[Device: id=0] RX[0m: 11.18 Mpps, 5726 Mbit/s (7515 Mbit/s with framing)
[0;34m[Device: id=0] TX[0m: 36.85 Mpps, 18866 Mbit/s (24761 Mbit/s with framing)
[1;36m[Device: id=0] RX[0m: 11.16 Mpps, 5716 Mbit/s (7502 Mbit/s with framing)
[0;34m[Device: id=0] TX[0m: 36.85 Mpps, 18866 Mbit/s (24761 Mbit/s with framing)
[1;36m[Device: id=0] RX[0m: 11.18 Mpps, 5723 Mbit/s (7511 Mbit/s with framing)
[0;34m[Device: id=0] TX[0m: 36.85 Mpps, 18866 Mbit/s (24761 Mbit/s with framing)
Samples: 1224, Average: 53972.5 ns, StdDev: 3246.7 ns, Quartiles: 52794.0/53616.0/54600.0 ns
[1;37m[INFO]  Saving histogram to '/tmp/histogram.csv'[0m
[1;36m[Device: id=0] RX[0m: 11.19 (StdDev 0.06) Mpps, 5728 (StdDev 32) Mbit/s (7517 Mbit/s with framing), total 670672531 packets with 42923042152 bytes (incl. CRC)
[0;34m[Device: id=0] TX[0m: 36.81 (StdDev 0.07) Mpps, 18847 (StdDev 34) Mbit/s (24737 Mbit/s with framing), total 2207194568 packets with 141260454336 bytes (incl. CRC)
