EAL: Detected CPU lcores: 24
EAL: Detected NUMA nodes: 1
EAL: Static memory layout is selected, amount of reserved memory can be adjusted with -m or --socket-mem
EAL: Detected shared linkage of DPDK
EAL: Multi-process socket /var/run/dpdk/rte/mp_socket
EAL: Selected IOVA mode 'VA'
EAL: 8 hugepages of size 1073741824 reserved, but no mounted hugetlbfs found for that size
EAL: VFIO support initialized
EAL: Using IOMMU type 1 (Type 1)
EAL: Ignore mapping IO port bar(1)
EAL: Ignore mapping IO port bar(4)
EAL: Probe PCI driver: net_ice (8086:1592) device: 0000:51:00.0 (socket 0)
ice_load_pkg_type(): Active package is: 1.3.26.0, ICE OS Default Package (single VLAN mode)
TELEMETRY: No legacy callbacks, legacy socket not created
[1;33m[WARN]  malloc() allocates objects >= 1 MiB from LuaJIT memory space.[0m
[1;33m[WARN]  Install libjemalloc if you encounter out of memory errors.[0m
[1;37m[INFO]  Initializing DPDK. This will take a few seconds...[0m
[1;37m[INFO]  Found 1 usable devices:[0m
   Device 0: B4:96:91:B3:8B:04 ([0;32mIntel Corporation Ethernet Controller E810-C for QSFP[0m)
[1;37m[INFO]  Waiting for devices to come up...[0m
[1;37m[INFO]  Device 0 (B4:96:91:B3:8B:04) is up: full-duplex 100000 MBit/s[0m
[1;37m[INFO]  [0;32m1 device is up.[0m[0m
[1;36m[Device: id=0] RX[0m: 10.95 Mpps, 5605 Mbit/s (7357 Mbit/s with framing)
[0;34m[Device: id=0] TX[0m: 42.09 Mpps, 21549 Mbit/s (28283 Mbit/s with framing)
[1;36m[Device: id=0] RX[0m: 11.45 Mpps, 5863 Mbit/s (7695 Mbit/s with framing)
[0;34m[Device: id=0] TX[0m: 42.11 Mpps, 21560 Mbit/s (28298 Mbit/s with framing)
[1;36m[Device: id=0] RX[0m: 10.80 Mpps, 5530 Mbit/s (7258 Mbit/s with framing)
[0;34m[Device: id=0] TX[0m: 42.10 Mpps, 21553 Mbit/s (28288 Mbit/s with framing)
[1;36m[Device: id=0] RX[0m: 10.79 Mpps, 5522 Mbit/s (7248 Mbit/s with framing)
[0;34m[Device: id=0] TX[0m: 42.11 Mpps, 21560 Mbit/s (28298 Mbit/s with framing)
[1;36m[Device: id=0] RX[0m: 10.78 Mpps, 5519 Mbit/s (7244 Mbit/s with framing)
[0;34m[Device: id=0] TX[0m: 42.11 Mpps, 21560 Mbit/s (28298 Mbit/s with framing)
[1;36m[Device: id=0] RX[0m: 10.88 Mpps, 5572 Mbit/s (7314 Mbit/s with framing)
[0;34m[Device: id=0] TX[0m: 42.11 Mpps, 21560 Mbit/s (28298 Mbit/s with framing)
[1;36m[Device: id=0] RX[0m: 10.88 Mpps, 5569 Mbit/s (7310 Mbit/s with framing)
[0;34m[Device: id=0] TX[0m: 42.11 Mpps, 21560 Mbit/s (28298 Mbit/s with framing)
[1;36m[Device: id=0] RX[0m: 10.85 Mpps, 5557 Mbit/s (7294 Mbit/s with framing)
[0;34m[Device: id=0] TX[0m: 42.11 Mpps, 21560 Mbit/s (28298 Mbit/s with framing)
[1;36m[Device: id=0] RX[0m: 10.83 Mpps, 5547 Mbit/s (7281 Mbit/s with framing)
[0;34m[Device: id=0] TX[0m: 42.11 Mpps, 21560 Mbit/s (28298 Mbit/s with framing)
[1;36m[Device: id=0] RX[0m: 10.83 Mpps, 5543 Mbit/s (7275 Mbit/s with framing)
[0;34m[Device: id=0] TX[0m: 42.11 Mpps, 21560 Mbit/s (28298 Mbit/s with framing)
[1;36m[Device: id=0] RX[0m: 10.90 Mpps, 5583 Mbit/s (7328 Mbit/s with framing)
[0;34m[Device: id=0] TX[0m: 42.11 Mpps, 21560 Mbit/s (28298 Mbit/s with framing)
[1;36m[Device: id=0] RX[0m: 10.81 Mpps, 5533 Mbit/s (7262 Mbit/s with framing)
[0;34m[Device: id=0] TX[0m: 42.11 Mpps, 21560 Mbit/s (28298 Mbit/s with framing)
[1;36m[Device: id=0] RX[0m: 10.70 Mpps, 5477 Mbit/s (7189 Mbit/s with framing)
[0;34m[Device: id=0] TX[0m: 42.11 Mpps, 21560 Mbit/s (28298 Mbit/s with framing)
[1;36m[Device: id=0] RX[0m: 10.71 Mpps, 5485 Mbit/s (7199 Mbit/s with framing)
[0;34m[Device: id=0] TX[0m: 42.11 Mpps, 21560 Mbit/s (28298 Mbit/s with framing)
[1;36m[Device: id=0] RX[0m: 10.83 Mpps, 5547 Mbit/s (7280 Mbit/s with framing)
[0;34m[Device: id=0] TX[0m: 42.11 Mpps, 21560 Mbit/s (28298 Mbit/s with framing)
[1;36m[Device: id=0] RX[0m: 10.71 Mpps, 5485 Mbit/s (7199 Mbit/s with framing)
[0;34m[Device: id=0] TX[0m: 42.11 Mpps, 21560 Mbit/s (28298 Mbit/s with framing)
[1;36m[Device: id=0] RX[0m: 10.72 Mpps, 5491 Mbit/s (7207 Mbit/s with framing)
[0;34m[Device: id=0] TX[0m: 42.11 Mpps, 21560 Mbit/s (28298 Mbit/s with framing)
[1;36m[Device: id=0] RX[0m: 10.73 Mpps, 5495 Mbit/s (7212 Mbit/s with framing)
[0;34m[Device: id=0] TX[0m: 42.09 Mpps, 21553 Mbit/s (28288 Mbit/s with framing)
[1;36m[Device: id=0] RX[0m: 10.80 Mpps, 5528 Mbit/s (7255 Mbit/s with framing)
[0;34m[Device: id=0] TX[0m: 42.11 Mpps, 21560 Mbit/s (28298 Mbit/s with framing)
[1;36m[Device: id=0] RX[0m: 10.71 Mpps, 5482 Mbit/s (7196 Mbit/s with framing)
[0;34m[Device: id=0] TX[0m: 42.11 Mpps, 21561 Mbit/s (28298 Mbit/s with framing)
[1;36m[Device: id=0] RX[0m: 11.04 Mpps, 5651 Mbit/s (7417 Mbit/s with framing)
[0;34m[Device: id=0] TX[0m: 42.11 Mpps, 21560 Mbit/s (28298 Mbit/s with framing)
[1;36m[Device: id=0] RX[0m: 10.84 Mpps, 5548 Mbit/s (7282 Mbit/s with framing)
[0;34m[Device: id=0] TX[0m: 42.11 Mpps, 21560 Mbit/s (28298 Mbit/s with framing)
[1;36m[Device: id=0] RX[0m: 10.73 Mpps, 5496 Mbit/s (7213 Mbit/s with framing)
[0;34m[Device: id=0] TX[0m: 42.11 Mpps, 21560 Mbit/s (28298 Mbit/s with framing)
[1;36m[Device: id=0] RX[0m: 10.83 Mpps, 5545 Mbit/s (7278 Mbit/s with framing)
[0;34m[Device: id=0] TX[0m: 42.11 Mpps, 21560 Mbit/s (28298 Mbit/s with framing)
[1;36m[Device: id=0] RX[0m: 10.72 Mpps, 5489 Mbit/s (7204 Mbit/s with framing)
[0;34m[Device: id=0] TX[0m: 42.11 Mpps, 21560 Mbit/s (28298 Mbit/s with framing)
[1;36m[Device: id=0] RX[0m: 10.94 Mpps, 5603 Mbit/s (7353 Mbit/s with framing)
[0;34m[Device: id=0] TX[0m: 42.11 Mpps, 21560 Mbit/s (28298 Mbit/s with framing)
[1;36m[Device: id=0] RX[0m: 10.73 Mpps, 5492 Mbit/s (7208 Mbit/s with framing)
[0;34m[Device: id=0] TX[0m: 42.11 Mpps, 21560 Mbit/s (28298 Mbit/s with framing)
[1;36m[Device: id=0] RX[0m: 10.83 Mpps, 5544 Mbit/s (7276 Mbit/s with framing)
[0;34m[Device: id=0] TX[0m: 42.11 Mpps, 21560 Mbit/s (28298 Mbit/s with framing)
[1;36m[Device: id=0] RX[0m: 10.82 Mpps, 5538 Mbit/s (7269 Mbit/s with framing)
[0;34m[Device: id=0] TX[0m: 42.11 Mpps, 21560 Mbit/s (28297 Mbit/s with framing)
[1;36m[Device: id=0] RX[0m: 10.84 Mpps, 5550 Mbit/s (7284 Mbit/s with framing)
[0;34m[Device: id=0] TX[0m: 42.11 Mpps, 21560 Mbit/s (28298 Mbit/s with framing)
[1;36m[Device: id=0] RX[0m: 10.86 Mpps, 5560 Mbit/s (7297 Mbit/s with framing)
[0;34m[Device: id=0] TX[0m: 42.11 Mpps, 21560 Mbit/s (28298 Mbit/s with framing)
[1;36m[Device: id=0] RX[0m: 10.75 Mpps, 5506 Mbit/s (7227 Mbit/s with framing)
[0;34m[Device: id=0] TX[0m: 42.11 Mpps, 21560 Mbit/s (28298 Mbit/s with framing)
[1;36m[Device: id=0] RX[0m: 10.86 Mpps, 5560 Mbit/s (7298 Mbit/s with framing)
[0;34m[Device: id=0] TX[0m: 42.11 Mpps, 21560 Mbit/s (28298 Mbit/s with framing)
[1;36m[Device: id=0] RX[0m: 10.86 Mpps, 5558 Mbit/s (7295 Mbit/s with framing)
[0;34m[Device: id=0] TX[0m: 42.11 Mpps, 21560 Mbit/s (28298 Mbit/s with framing)
[1;36m[Device: id=0] RX[0m: 10.73 Mpps, 5495 Mbit/s (7212 Mbit/s with framing)
[0;34m[Device: id=0] TX[0m: 42.11 Mpps, 21560 Mbit/s (28298 Mbit/s with framing)
[1;36m[Device: id=0] RX[0m: 10.93 Mpps, 5594 Mbit/s (7342 Mbit/s with framing)
[0;34m[Device: id=0] TX[0m: 42.11 Mpps, 21560 Mbit/s (28298 Mbit/s with framing)
[1;36m[Device: id=0] RX[0m: 10.83 Mpps, 5543 Mbit/s (7275 Mbit/s with framing)
[0;34m[Device: id=0] TX[0m: 42.11 Mpps, 21560 Mbit/s (28298 Mbit/s with framing)
[1;36m[Device: id=0] RX[0m: 10.83 Mpps, 5545 Mbit/s (7278 Mbit/s with framing)
[0;34m[Device: id=0] TX[0m: 42.11 Mpps, 21560 Mbit/s (28298 Mbit/s with framing)
[1;36m[Device: id=0] RX[0m: 10.73 Mpps, 5492 Mbit/s (7208 Mbit/s with framing)
[0;34m[Device: id=0] TX[0m: 42.11 Mpps, 21560 Mbit/s (28298 Mbit/s with framing)
[1;36m[Device: id=0] RX[0m: 10.73 Mpps, 5492 Mbit/s (7209 Mbit/s with framing)
[0;34m[Device: id=0] TX[0m: 42.11 Mpps, 21560 Mbit/s (28298 Mbit/s with framing)
[1;36m[Device: id=0] RX[0m: 10.84 Mpps, 5551 Mbit/s (7286 Mbit/s with framing)
[0;34m[Device: id=0] TX[0m: 42.11 Mpps, 21560 Mbit/s (28298 Mbit/s with framing)
[1;36m[Device: id=0] RX[0m: 10.73 Mpps, 5496 Mbit/s (7213 Mbit/s with framing)
[0;34m[Device: id=0] TX[0m: 42.11 Mpps, 21560 Mbit/s (28298 Mbit/s with framing)
[1;36m[Device: id=0] RX[0m: 10.72 Mpps, 5488 Mbit/s (7202 Mbit/s with framing)
[0;34m[Device: id=0] TX[0m: 42.11 Mpps, 21560 Mbit/s (28297 Mbit/s with framing)
[1;36m[Device: id=0] RX[0m: 10.72 Mpps, 5486 Mbit/s (7201 Mbit/s with framing)
[0;34m[Device: id=0] TX[0m: 42.11 Mpps, 21560 Mbit/s (28297 Mbit/s with framing)
[1;36m[Device: id=0] RX[0m: 10.72 Mpps, 5489 Mbit/s (7205 Mbit/s with framing)
[0;34m[Device: id=0] TX[0m: 42.11 Mpps, 21560 Mbit/s (28298 Mbit/s with framing)
[1;36m[Device: id=0] RX[0m: 10.82 Mpps, 5540 Mbit/s (7271 Mbit/s with framing)
[0;34m[Device: id=0] TX[0m: 42.11 Mpps, 21560 Mbit/s (28298 Mbit/s with framing)
[1;36m[Device: id=0] RX[0m: 10.84 Mpps, 5549 Mbit/s (7283 Mbit/s with framing)
[0;34m[Device: id=0] TX[0m: 42.11 Mpps, 21560 Mbit/s (28298 Mbit/s with framing)
[1;36m[Device: id=0] RX[0m: 10.83 Mpps, 5544 Mbit/s (7277 Mbit/s with framing)
[0;34m[Device: id=0] TX[0m: 42.11 Mpps, 21560 Mbit/s (28298 Mbit/s with framing)
[1;36m[Device: id=0] RX[0m: 10.74 Mpps, 5498 Mbit/s (7216 Mbit/s with framing)
[0;34m[Device: id=0] TX[0m: 42.11 Mpps, 21560 Mbit/s (28298 Mbit/s with framing)
[1;36m[Device: id=0] RX[0m: 10.85 Mpps, 5556 Mbit/s (7292 Mbit/s with framing)
[0;34m[Device: id=0] TX[0m: 42.11 Mpps, 21560 Mbit/s (28298 Mbit/s with framing)
[1;36m[Device: id=0] RX[0m: 10.74 Mpps, 5501 Mbit/s (7220 Mbit/s with framing)
[0;34m[Device: id=0] TX[0m: 42.11 Mpps, 21560 Mbit/s (28298 Mbit/s with framing)
[1;36m[Device: id=0] RX[0m: 10.85 Mpps, 5553 Mbit/s (7288 Mbit/s with framing)
[0;34m[Device: id=0] TX[0m: 42.11 Mpps, 21560 Mbit/s (28298 Mbit/s with framing)
[1;36m[Device: id=0] RX[0m: 10.75 Mpps, 5504 Mbit/s (7224 Mbit/s with framing)
[0;34m[Device: id=0] TX[0m: 42.11 Mpps, 21560 Mbit/s (28298 Mbit/s with framing)
[1;36m[Device: id=0] RX[0m: 10.86 Mpps, 5559 Mbit/s (7296 Mbit/s with framing)
[0;34m[Device: id=0] TX[0m: 42.11 Mpps, 21560 Mbit/s (28298 Mbit/s with framing)
[1;36m[Device: id=0] RX[0m: 10.76 Mpps, 5510 Mbit/s (7232 Mbit/s with framing)
[0;34m[Device: id=0] TX[0m: 42.06 Mpps, 21533 Mbit/s (28262 Mbit/s with framing)
[1;36m[Device: id=0] RX[0m: 10.88 Mpps, 5570 Mbit/s (7310 Mbit/s with framing)
[0;34m[Device: id=0] TX[0m: 42.11 Mpps, 21560 Mbit/s (28298 Mbit/s with framing)
[1;36m[Device: id=0] RX[0m: 10.90 Mpps, 5579 Mbit/s (7323 Mbit/s with framing)
[0;34m[Device: id=0] TX[0m: 42.11 Mpps, 21560 Mbit/s (28298 Mbit/s with framing)
[1;36m[Device: id=0] RX[0m: 10.89 Mpps, 5575 Mbit/s (7317 Mbit/s with framing)
[0;34m[Device: id=0] TX[0m: 42.11 Mpps, 21560 Mbit/s (28298 Mbit/s with framing)
[1;36m[Device: id=0] RX[0m: 10.90 Mpps, 5581 Mbit/s (7324 Mbit/s with framing)
[0;34m[Device: id=0] TX[0m: 42.11 Mpps, 21560 Mbit/s (28298 Mbit/s with framing)
Samples: 1028, Average: 56102.4 ns, StdDev: 6541.0 ns, Quartiles: 54416.0/55275.0/56294.0 ns
[1;37m[INFO]  Saving histogram to '/tmp/histogram.csv'[0m
[1;36m[Device: id=0] RX[0m: 10.82 (StdDev 0.11) Mpps, 5539 (StdDev 57) Mbit/s (7270 Mbit/s with framing), total 648885444 packets with 41528668584 bytes (incl. CRC)
[0;34m[Device: id=0] TX[0m: 42.11 (StdDev 0.01) Mpps, 21560 (StdDev 4) Mbit/s (28297 Mbit/s with framing), total 2525188908 packets with 161612092288 bytes (incl. CRC)
