EAL: Detected CPU lcores: 24
EAL: Detected NUMA nodes: 1
EAL: Static memory layout is selected, amount of reserved memory can be adjusted with -m or --socket-mem
EAL: Detected shared linkage of DPDK
EAL: Multi-process socket /var/run/dpdk/rte/mp_socket
EAL: Selected IOVA mode 'VA'
EAL: 8 hugepages of size 1073741824 reserved, but no mounted hugetlbfs found for that size
EAL: VFIO support initialized
EAL: Using IOMMU type 1 (Type 1)
EAL: Ignore mapping IO port bar(1)
EAL: Ignore mapping IO port bar(4)
EAL: Probe PCI driver: net_ice (8086:1592) device: 0000:51:00.0 (socket 0)
ice_load_pkg_type(): Active package is: 1.3.26.0, ICE OS Default Package (single VLAN mode)
TELEMETRY: No legacy callbacks, legacy socket not created
[1;33m[WARN]  malloc() allocates objects >= 1 MiB from LuaJIT memory space.[0m
[1;33m[WARN]  Install libjemalloc if you encounter out of memory errors.[0m
[1;37m[INFO]  Initializing DPDK. This will take a few seconds...[0m
[1;37m[INFO]  Found 1 usable devices:[0m
   Device 0: B4:96:91:B3:8B:04 ([0;32mIntel Corporation Ethernet Controller E810-C for QSFP[0m)
[1;37m[INFO]  Waiting for devices to come up...[0m
[1;37m[INFO]  Device 0 (B4:96:91:B3:8B:04) is up: full-duplex 100000 MBit/s[0m
[1;37m[INFO]  [0;32m1 device is up.[0m[0m
[1;36m[Device: id=0] RX[0m: 10.36 Mpps, 5306 Mbit/s (6965 Mbit/s with framing)
[0;34m[Device: id=0] TX[0m: 50.55 Mpps, 25882 Mbit/s (33970 Mbit/s with framing)
[1;36m[Device: id=0] RX[0m: 10.49 Mpps, 5373 Mbit/s (7052 Mbit/s with framing)
[0;34m[Device: id=0] TX[0m: 50.67 Mpps, 25942 Mbit/s (34048 Mbit/s with framing)
[1;36m[Device: id=0] RX[0m: 10.64 Mpps, 5448 Mbit/s (7150 Mbit/s with framing)
[0;34m[Device: id=0] TX[0m: 50.69 Mpps, 25951 Mbit/s (34061 Mbit/s with framing)
[1;36m[Device: id=0] RX[0m: 10.51 Mpps, 5380 Mbit/s (7061 Mbit/s with framing)
[0;34m[Device: id=0] TX[0m: 50.69 Mpps, 25954 Mbit/s (34065 Mbit/s with framing)
[1;36m[Device: id=0] RX[0m: 10.63 Mpps, 5443 Mbit/s (7144 Mbit/s with framing)
[0;34m[Device: id=0] TX[0m: 50.63 Mpps, 25922 Mbit/s (34023 Mbit/s with framing)
[1;36m[Device: id=0] RX[0m: 10.65 Mpps, 5454 Mbit/s (7158 Mbit/s with framing)
[0;34m[Device: id=0] TX[0m: 50.69 Mpps, 25954 Mbit/s (34064 Mbit/s with framing)
[1;36m[Device: id=0] RX[0m: 10.37 Mpps, 5310 Mbit/s (6970 Mbit/s with framing)
[0;34m[Device: id=0] TX[0m: 50.66 Mpps, 25938 Mbit/s (34044 Mbit/s with framing)
[1;36m[Device: id=0] RX[0m: 10.37 Mpps, 5311 Mbit/s (6971 Mbit/s with framing)
[0;34m[Device: id=0] TX[0m: 50.63 Mpps, 25924 Mbit/s (34025 Mbit/s with framing)
[1;36m[Device: id=0] RX[0m: 10.51 Mpps, 5382 Mbit/s (7064 Mbit/s with framing)
[0;34m[Device: id=0] TX[0m: 50.65 Mpps, 25933 Mbit/s (34038 Mbit/s with framing)
[1;36m[Device: id=0] RX[0m: 10.51 Mpps, 5383 Mbit/s (7065 Mbit/s with framing)
[0;34m[Device: id=0] TX[0m: 50.67 Mpps, 25943 Mbit/s (34050 Mbit/s with framing)
[1;36m[Device: id=0] RX[0m: 10.52 Mpps, 5386 Mbit/s (7070 Mbit/s with framing)
[0;34m[Device: id=0] TX[0m: 50.65 Mpps, 25931 Mbit/s (34034 Mbit/s with framing)
[1;36m[Device: id=0] RX[0m: 10.37 Mpps, 5312 Mbit/s (6971 Mbit/s with framing)
[0;34m[Device: id=0] TX[0m: 50.68 Mpps, 25949 Mbit/s (34058 Mbit/s with framing)
[1;36m[Device: id=0] RX[0m: 10.50 Mpps, 5375 Mbit/s (7055 Mbit/s with framing)
[0;34m[Device: id=0] TX[0m: 50.64 Mpps, 25926 Mbit/s (34028 Mbit/s with framing)
[1;36m[Device: id=0] RX[0m: 10.52 Mpps, 5386 Mbit/s (7069 Mbit/s with framing)
[0;34m[Device: id=0] TX[0m: 50.63 Mpps, 25924 Mbit/s (34026 Mbit/s with framing)
[1;36m[Device: id=0] RX[0m: 10.51 Mpps, 5381 Mbit/s (7063 Mbit/s with framing)
[0;34m[Device: id=0] TX[0m: 50.63 Mpps, 25924 Mbit/s (34025 Mbit/s with framing)
[1;36m[Device: id=0] RX[0m: 10.38 Mpps, 5313 Mbit/s (6974 Mbit/s with framing)
[0;34m[Device: id=0] TX[0m: 50.70 Mpps, 25957 Mbit/s (34068 Mbit/s with framing)
[1;36m[Device: id=0] RX[0m: 10.38 Mpps, 5317 Mbit/s (6978 Mbit/s with framing)
[0;34m[Device: id=0] TX[0m: 50.61 Mpps, 25915 Mbit/s (34013 Mbit/s with framing)
[1;36m[Device: id=0] RX[0m: 10.52 Mpps, 5385 Mbit/s (7068 Mbit/s with framing)
[0;34m[Device: id=0] TX[0m: 50.62 Mpps, 25917 Mbit/s (34016 Mbit/s with framing)
[1;36m[Device: id=0] RX[0m: 10.39 Mpps, 5319 Mbit/s (6981 Mbit/s with framing)
[0;34m[Device: id=0] TX[0m: 50.64 Mpps, 25928 Mbit/s (34030 Mbit/s with framing)
[1;36m[Device: id=0] RX[0m: 10.69 Mpps, 5473 Mbit/s (7183 Mbit/s with framing)
[0;34m[Device: id=0] TX[0m: 50.64 Mpps, 25926 Mbit/s (34028 Mbit/s with framing)
[1;36m[Device: id=0] RX[0m: 10.39 Mpps, 5321 Mbit/s (6984 Mbit/s with framing)
[0;34m[Device: id=0] TX[0m: 50.63 Mpps, 25920 Mbit/s (34020 Mbit/s with framing)
[1;36m[Device: id=0] RX[0m: 10.38 Mpps, 5312 Mbit/s (6973 Mbit/s with framing)
[0;34m[Device: id=0] TX[0m: 50.64 Mpps, 25926 Mbit/s (34028 Mbit/s with framing)
[1;36m[Device: id=0] RX[0m: 10.37 Mpps, 5309 Mbit/s (6968 Mbit/s with framing)
[0;34m[Device: id=0] TX[0m: 50.64 Mpps, 25928 Mbit/s (34030 Mbit/s with framing)
[1;36m[Device: id=0] RX[0m: 10.51 Mpps, 5383 Mbit/s (7066 Mbit/s with framing)
[0;34m[Device: id=0] TX[0m: 50.62 Mpps, 25915 Mbit/s (34013 Mbit/s with framing)
[1;36m[Device: id=0] RX[0m: 10.52 Mpps, 5384 Mbit/s (7067 Mbit/s with framing)
[0;34m[Device: id=0] TX[0m: 50.60 Mpps, 25908 Mbit/s (34004 Mbit/s with framing)
[1;36m[Device: id=0] RX[0m: 10.51 Mpps, 5380 Mbit/s (7061 Mbit/s with framing)
[0;34m[Device: id=0] TX[0m: 50.63 Mpps, 25923 Mbit/s (34024 Mbit/s with framing)
[1;36m[Device: id=0] RX[0m: 10.38 Mpps, 5313 Mbit/s (6973 Mbit/s with framing)
[0;34m[Device: id=0] TX[0m: 50.64 Mpps, 25926 Mbit/s (34028 Mbit/s with framing)
[1;36m[Device: id=0] RX[0m: 10.53 Mpps, 5393 Mbit/s (7079 Mbit/s with framing)
[0;34m[Device: id=0] TX[0m: 50.60 Mpps, 25908 Mbit/s (34004 Mbit/s with framing)
[1;36m[Device: id=0] RX[0m: 10.66 Mpps, 5460 Mbit/s (7166 Mbit/s with framing)
[0;34m[Device: id=0] TX[0m: 50.63 Mpps, 25925 Mbit/s (34026 Mbit/s with framing)
[1;36m[Device: id=0] RX[0m: 10.46 Mpps, 5356 Mbit/s (7030 Mbit/s with framing)
[0;34m[Device: id=0] TX[0m: 50.63 Mpps, 25921 Mbit/s (34022 Mbit/s with framing)
[1;36m[Device: id=0] RX[0m: 10.69 Mpps, 5475 Mbit/s (7187 Mbit/s with framing)
[0;34m[Device: id=0] TX[0m: 50.65 Mpps, 25932 Mbit/s (34036 Mbit/s with framing)
[1;36m[Device: id=0] RX[0m: 10.69 Mpps, 5473 Mbit/s (7183 Mbit/s with framing)
[0;34m[Device: id=0] TX[0m: 50.61 Mpps, 25910 Mbit/s (34007 Mbit/s with framing)
[1;36m[Device: id=0] RX[0m: 10.51 Mpps, 5379 Mbit/s (7060 Mbit/s with framing)
[0;34m[Device: id=0] TX[0m: 50.63 Mpps, 25925 Mbit/s (34026 Mbit/s with framing)
[1;36m[Device: id=0] RX[0m: 10.51 Mpps, 5382 Mbit/s (7064 Mbit/s with framing)
[0;34m[Device: id=0] TX[0m: 50.62 Mpps, 25920 Mbit/s (34020 Mbit/s with framing)
[1;36m[Device: id=0] RX[0m: 10.54 Mpps, 5399 Mbit/s (7086 Mbit/s with framing)
[0;34m[Device: id=0] TX[0m: 50.62 Mpps, 25916 Mbit/s (34015 Mbit/s with framing)
[1;36m[Device: id=0] RX[0m: 10.60 Mpps, 5425 Mbit/s (7121 Mbit/s with framing)
[0;34m[Device: id=0] TX[0m: 50.63 Mpps, 25923 Mbit/s (34023 Mbit/s with framing)
[1;36m[Device: id=0] RX[0m: 10.65 Mpps, 5454 Mbit/s (7158 Mbit/s with framing)
[0;34m[Device: id=0] TX[0m: 50.62 Mpps, 25915 Mbit/s (34014 Mbit/s with framing)
[1;36m[Device: id=0] RX[0m: 10.35 Mpps, 5299 Mbit/s (6954 Mbit/s with framing)
[0;34m[Device: id=0] TX[0m: 50.63 Mpps, 25921 Mbit/s (34021 Mbit/s with framing)
[1;36m[Device: id=0] RX[0m: 10.47 Mpps, 5363 Mbit/s (7039 Mbit/s with framing)
[0;34m[Device: id=0] TX[0m: 50.63 Mpps, 25924 Mbit/s (34025 Mbit/s with framing)
[1;36m[Device: id=0] RX[0m: 10.92 Mpps, 5589 Mbit/s (7335 Mbit/s with framing)
[0;34m[Device: id=0] TX[0m: 50.60 Mpps, 25905 Mbit/s (34000 Mbit/s with framing)
[1;36m[Device: id=0] RX[0m: 11.07 Mpps, 5669 Mbit/s (7440 Mbit/s with framing)
[0;34m[Device: id=0] TX[0m: 50.49 Mpps, 25853 Mbit/s (33932 Mbit/s with framing)
[1;36m[Device: id=0] RX[0m: 10.36 Mpps, 5305 Mbit/s (6963 Mbit/s with framing)
[0;34m[Device: id=0] TX[0m: 50.52 Mpps, 25867 Mbit/s (33950 Mbit/s with framing)
[1;36m[Device: id=0] RX[0m: 10.50 Mpps, 5376 Mbit/s (7056 Mbit/s with framing)
[0;34m[Device: id=0] TX[0m: 50.55 Mpps, 25882 Mbit/s (33971 Mbit/s with framing)
[1;36m[Device: id=0] RX[0m: 10.35 Mpps, 5299 Mbit/s (6954 Mbit/s with framing)
[0;34m[Device: id=0] TX[0m: 50.53 Mpps, 25870 Mbit/s (33954 Mbit/s with framing)
[1;36m[Device: id=0] RX[0m: 10.49 Mpps, 5372 Mbit/s (7051 Mbit/s with framing)
[0;34m[Device: id=0] TX[0m: 50.53 Mpps, 25873 Mbit/s (33959 Mbit/s with framing)
[1;36m[Device: id=0] RX[0m: 10.64 Mpps, 5447 Mbit/s (7149 Mbit/s with framing)
[0;34m[Device: id=0] TX[0m: 50.53 Mpps, 25872 Mbit/s (33957 Mbit/s with framing)
[1;36m[Device: id=0] RX[0m: 10.64 Mpps, 5448 Mbit/s (7151 Mbit/s with framing)
[0;34m[Device: id=0] TX[0m: 50.50 Mpps, 25857 Mbit/s (33938 Mbit/s with framing)
[1;36m[Device: id=0] RX[0m: 10.37 Mpps, 5311 Mbit/s (6971 Mbit/s with framing)
[0;34m[Device: id=0] TX[0m: 50.54 Mpps, 25878 Mbit/s (33965 Mbit/s with framing)
[1;36m[Device: id=0] RX[0m: 10.54 Mpps, 5397 Mbit/s (7083 Mbit/s with framing)
[0;34m[Device: id=0] TX[0m: 50.56 Mpps, 25889 Mbit/s (33979 Mbit/s with framing)
[1;36m[Device: id=0] RX[0m: 10.55 Mpps, 5401 Mbit/s (7089 Mbit/s with framing)
[0;34m[Device: id=0] TX[0m: 50.53 Mpps, 25871 Mbit/s (33956 Mbit/s with framing)
[1;36m[Device: id=0] RX[0m: 10.66 Mpps, 5456 Mbit/s (7161 Mbit/s with framing)
[0;34m[Device: id=0] TX[0m: 50.51 Mpps, 25859 Mbit/s (33940 Mbit/s with framing)
[1;36m[Device: id=0] RX[0m: 10.54 Mpps, 5396 Mbit/s (7082 Mbit/s with framing)
[0;34m[Device: id=0] TX[0m: 50.54 Mpps, 25877 Mbit/s (33964 Mbit/s with framing)
[1;36m[Device: id=0] RX[0m: 10.40 Mpps, 5323 Mbit/s (6986 Mbit/s with framing)
[0;34m[Device: id=0] TX[0m: 50.54 Mpps, 25878 Mbit/s (33965 Mbit/s with framing)
[1;36m[Device: id=0] RX[0m: 10.54 Mpps, 5398 Mbit/s (7085 Mbit/s with framing)
[0;34m[Device: id=0] TX[0m: 50.54 Mpps, 25878 Mbit/s (33965 Mbit/s with framing)
[1;36m[Device: id=0] RX[0m: 10.67 Mpps, 5464 Mbit/s (7171 Mbit/s with framing)
[0;34m[Device: id=0] TX[0m: 50.52 Mpps, 25868 Mbit/s (33952 Mbit/s with framing)
[1;36m[Device: id=0] RX[0m: 10.63 Mpps, 5444 Mbit/s (7146 Mbit/s with framing)
[0;34m[Device: id=0] TX[0m: 50.52 Mpps, 25864 Mbit/s (33947 Mbit/s with framing)
[1;36m[Device: id=0] RX[0m: 10.54 Mpps, 5395 Mbit/s (7080 Mbit/s with framing)
[0;34m[Device: id=0] TX[0m: 50.54 Mpps, 25877 Mbit/s (33963 Mbit/s with framing)
[1;36m[Device: id=0] RX[0m: 10.54 Mpps, 5398 Mbit/s (7084 Mbit/s with framing)
[0;34m[Device: id=0] TX[0m: 50.52 Mpps, 25867 Mbit/s (33951 Mbit/s with framing)
[1;36m[Device: id=0] RX[0m: 10.53 Mpps, 5394 Mbit/s (7079 Mbit/s with framing)
[0;34m[Device: id=0] TX[0m: 50.52 Mpps, 25867 Mbit/s (33950 Mbit/s with framing)
Samples: 772, Average: 59073.1 ns, StdDev: 4371.4 ns, Quartiles: 56710.0/58218.0/62733.0 ns
[1;37m[INFO]  Saving histogram to '/tmp/histogram.csv'[0m
[1;36m[Device: id=0] RX[0m: 10.53 (StdDev 0.14) Mpps, 5391 (StdDev 69) Mbit/s (7076 Mbit/s with framing), total 631166158 packets with 40394634280 bytes (incl. CRC)
[0;34m[Device: id=0] TX[0m: 50.60 (StdDev 0.06) Mpps, 25909 (StdDev 29) Mbit/s (34005 Mbit/s with framing), total 3034396415 packets with 194201373440 bytes (incl. CRC)
