EAL: Detected CPU lcores: 24
EAL: Detected NUMA nodes: 1
EAL: Static memory layout is selected, amount of reserved memory can be adjusted with -m or --socket-mem
EAL: Detected shared linkage of DPDK
EAL: Multi-process socket /var/run/dpdk/rte/mp_socket
EAL: Selected IOVA mode 'VA'
EAL: 8 hugepages of size 1073741824 reserved, but no mounted hugetlbfs found for that size
EAL: VFIO support initialized
EAL: Using IOMMU type 1 (Type 1)
EAL: Ignore mapping IO port bar(1)
EAL: Ignore mapping IO port bar(4)
EAL: Probe PCI driver: net_ice (8086:1592) device: 0000:51:00.0 (socket 0)
ice_load_pkg_type(): Active package is: 1.3.26.0, ICE OS Default Package (single VLAN mode)
TELEMETRY: No legacy callbacks, legacy socket not created
[1;33m[WARN]  malloc() allocates objects >= 1 MiB from LuaJIT memory space.[0m
[1;33m[WARN]  Install libjemalloc if you encounter out of memory errors.[0m
[1;37m[INFO]  Initializing DPDK. This will take a few seconds...[0m
[1;37m[INFO]  Found 1 usable devices:[0m
   Device 0: B4:96:91:B3:8B:04 ([0;32mIntel Corporation Ethernet Controller E810-C for QSFP[0m)
[1;37m[INFO]  Waiting for devices to come up...[0m
[1;37m[INFO]  Device 0 (B4:96:91:B3:8B:04) is up: full-duplex 100000 MBit/s[0m
[1;37m[INFO]  [0;32m1 device is up.[0m[0m
[1;36m[Device: id=0] RX[0m: 0.09 Mpps, 48 Mbit/s (63 Mbit/s with framing)
[0;34m[Device: id=0] TX[0m: 0.09 Mpps, 48 Mbit/s (63 Mbit/s with framing)
[1;36m[Device: id=0] RX[0m: 0.10 Mpps, 49 Mbit/s (64 Mbit/s with framing)
[0;34m[Device: id=0] TX[0m: 0.10 Mpps, 49 Mbit/s (64 Mbit/s with framing)
[1;36m[Device: id=0] RX[0m: 0.10 Mpps, 49 Mbit/s (64 Mbit/s with framing)
[0;34m[Device: id=0] TX[0m: 0.10 Mpps, 49 Mbit/s (64 Mbit/s with framing)
[1;36m[Device: id=0] RX[0m: 0.10 Mpps, 49 Mbit/s (64 Mbit/s with framing)
[0;34m[Device: id=0] TX[0m: 0.10 Mpps, 49 Mbit/s (64 Mbit/s with framing)
[1;36m[Device: id=0] RX[0m: 0.10 Mpps, 49 Mbit/s (64 Mbit/s with framing)
[0;34m[Device: id=0] TX[0m: 0.10 Mpps, 49 Mbit/s (64 Mbit/s with framing)
[1;36m[Device: id=0] RX[0m: 0.10 Mpps, 49 Mbit/s (64 Mbit/s with framing)
[0;34m[Device: id=0] TX[0m: 0.10 Mpps, 49 Mbit/s (64 Mbit/s with framing)
[1;36m[Device: id=0] RX[0m: 0.10 Mpps, 49 Mbit/s (65 Mbit/s with framing)
[0;34m[Device: id=0] TX[0m: 0.10 Mpps, 49 Mbit/s (65 Mbit/s with framing)
[1;36m[Device: id=0] RX[0m: 0.10 Mpps, 49 Mbit/s (65 Mbit/s with framing)
[0;34m[Device: id=0] TX[0m: 0.10 Mpps, 49 Mbit/s (65 Mbit/s with framing)
[1;36m[Device: id=0] RX[0m: 0.10 Mpps, 49 Mbit/s (64 Mbit/s with framing)
[0;34m[Device: id=0] TX[0m: 0.10 Mpps, 49 Mbit/s (64 Mbit/s with framing)
[1;36m[Device: id=0] RX[0m: 0.10 Mpps, 49 Mbit/s (64 Mbit/s with framing)
[0;34m[Device: id=0] TX[0m: 0.10 Mpps, 49 Mbit/s (64 Mbit/s with framing)
[1;36m[Device: id=0] RX[0m: 0.10 Mpps, 49 Mbit/s (64 Mbit/s with framing)
[0;34m[Device: id=0] TX[0m: 0.10 Mpps, 49 Mbit/s (64 Mbit/s with framing)
[1;36m[Device: id=0] RX[0m: 0.10 Mpps, 49 Mbit/s (64 Mbit/s with framing)
[0;34m[Device: id=0] TX[0m: 0.10 Mpps, 49 Mbit/s (64 Mbit/s with framing)
[1;36m[Device: id=0] RX[0m: 0.10 Mpps, 49 Mbit/s (64 Mbit/s with framing)
[0;34m[Device: id=0] TX[0m: 0.10 Mpps, 49 Mbit/s (64 Mbit/s with framing)
[1;36m[Device: id=0] RX[0m: 0.10 Mpps, 49 Mbit/s (64 Mbit/s with framing)
[0;34m[Device: id=0] TX[0m: 0.10 Mpps, 49 Mbit/s (64 Mbit/s with framing)
[1;36m[Device: id=0] RX[0m: 0.10 Mpps, 49 Mbit/s (64 Mbit/s with framing)
[0;34m[Device: id=0] TX[0m: 0.10 Mpps, 49 Mbit/s (64 Mbit/s with framing)
[1;36m[Device: id=0] RX[0m: 0.10 Mpps, 49 Mbit/s (64 Mbit/s with framing)
[0;34m[Device: id=0] TX[0m: 0.10 Mpps, 49 Mbit/s (64 Mbit/s with framing)
[1;36m[Device: id=0] RX[0m: 0.10 Mpps, 49 Mbit/s (65 Mbit/s with framing)
[0;34m[Device: id=0] TX[0m: 0.10 Mpps, 49 Mbit/s (64 Mbit/s with framing)
[1;36m[Device: id=0] RX[0m: 0.10 Mpps, 49 Mbit/s (64 Mbit/s with framing)
[0;34m[Device: id=0] TX[0m: 0.10 Mpps, 49 Mbit/s (64 Mbit/s with framing)
[1;36m[Device: id=0] RX[0m: 0.10 Mpps, 49 Mbit/s (65 Mbit/s with framing)
[0;34m[Device: id=0] TX[0m: 0.10 Mpps, 49 Mbit/s (65 Mbit/s with framing)
[1;36m[Device: id=0] RX[0m: 0.05 Mpps, 24 Mbit/s (31 Mbit/s with framing)
[0;34m[Device: id=0] TX[0m: 0.09 Mpps, 48 Mbit/s (64 Mbit/s with framing)
[1;36m[Device: id=0] RX[0m: 0.03 Mpps, 17 Mbit/s (22 Mbit/s with framing)
[0;34m[Device: id=0] TX[0m: 0.09 Mpps, 48 Mbit/s (63 Mbit/s with framing)
[1;36m[Device: id=0] RX[0m: 0.03 Mpps, 17 Mbit/s (22 Mbit/s with framing)
[0;34m[Device: id=0] TX[0m: 0.09 Mpps, 48 Mbit/s (63 Mbit/s with framing)
[1;36m[Device: id=0] RX[0m: 0.03 Mpps, 18 Mbit/s (23 Mbit/s with framing)
[0;34m[Device: id=0] TX[0m: 0.09 Mpps, 48 Mbit/s (63 Mbit/s with framing)
[1;36m[Device: id=0] RX[0m: 0.03 Mpps, 17 Mbit/s (22 Mbit/s with framing)
[0;34m[Device: id=0] TX[0m: 0.09 Mpps, 48 Mbit/s (63 Mbit/s with framing)
[1;36m[Device: id=0] RX[0m: 0.03 Mpps, 17 Mbit/s (22 Mbit/s with framing)
[0;34m[Device: id=0] TX[0m: 0.09 Mpps, 48 Mbit/s (63 Mbit/s with framing)
[1;36m[Device: id=0] RX[0m: 0.03 Mpps, 17 Mbit/s (22 Mbit/s with framing)
[0;34m[Device: id=0] TX[0m: 0.09 Mpps, 48 Mbit/s (63 Mbit/s with framing)
[1;36m[Device: id=0] RX[0m: 0.03 Mpps, 17 Mbit/s (22 Mbit/s with framing)
[0;34m[Device: id=0] TX[0m: 0.09 Mpps, 48 Mbit/s (63 Mbit/s with framing)
[1;36m[Device: id=0] RX[0m: 0.03 Mpps, 17 Mbit/s (22 Mbit/s with framing)
[0;34m[Device: id=0] TX[0m: 0.09 Mpps, 48 Mbit/s (63 Mbit/s with framing)
[1;36m[Device: id=0] RX[0m: 0.03 Mpps, 17 Mbit/s (22 Mbit/s with framing)
[0;34m[Device: id=0] TX[0m: 0.09 Mpps, 48 Mbit/s (63 Mbit/s with framing)
[1;36m[Device: id=0] RX[0m: 0.03 Mpps, 16 Mbit/s (22 Mbit/s with framing)
[0;34m[Device: id=0] TX[0m: 0.09 Mpps, 48 Mbit/s (63 Mbit/s with framing)
[1;36m[Device: id=0] RX[0m: 0.03 Mpps, 17 Mbit/s (22 Mbit/s with framing)
[0;34m[Device: id=0] TX[0m: 0.09 Mpps, 48 Mbit/s (63 Mbit/s with framing)
[1;36m[Device: id=0] RX[0m: 0.03 Mpps, 17 Mbit/s (22 Mbit/s with framing)
[0;34m[Device: id=0] TX[0m: 0.09 Mpps, 48 Mbit/s (63 Mbit/s with framing)
[1;36m[Device: id=0] RX[0m: 0.03 Mpps, 17 Mbit/s (22 Mbit/s with framing)
[0;34m[Device: id=0] TX[0m: 0.09 Mpps, 48 Mbit/s (63 Mbit/s with framing)
[1;36m[Device: id=0] RX[0m: 0.03 Mpps, 17 Mbit/s (22 Mbit/s with framing)
[0;34m[Device: id=0] TX[0m: 0.09 Mpps, 48 Mbit/s (63 Mbit/s with framing)
[1;36m[Device: id=0] RX[0m: 0.03 Mpps, 16 Mbit/s (22 Mbit/s with framing)
[0;34m[Device: id=0] TX[0m: 0.09 Mpps, 48 Mbit/s (63 Mbit/s with framing)
[1;36m[Device: id=0] RX[0m: 0.03 Mpps, 16 Mbit/s (22 Mbit/s with framing)
[0;34m[Device: id=0] TX[0m: 0.09 Mpps, 48 Mbit/s (63 Mbit/s with framing)
[1;36m[Device: id=0] RX[0m: 0.03 Mpps, 17 Mbit/s (22 Mbit/s with framing)
[0;34m[Device: id=0] TX[0m: 0.09 Mpps, 48 Mbit/s (63 Mbit/s with framing)
[1;36m[Device: id=0] RX[0m: 0.03 Mpps, 17 Mbit/s (22 Mbit/s with framing)
[0;34m[Device: id=0] TX[0m: 0.09 Mpps, 48 Mbit/s (63 Mbit/s with framing)
[1;36m[Device: id=0] RX[0m: 0.03 Mpps, 17 Mbit/s (22 Mbit/s with framing)
[0;34m[Device: id=0] TX[0m: 0.09 Mpps, 48 Mbit/s (63 Mbit/s with framing)
[1;36m[Device: id=0] RX[0m: 0.03 Mpps, 17 Mbit/s (22 Mbit/s with framing)
[0;34m[Device: id=0] TX[0m: 0.09 Mpps, 48 Mbit/s (63 Mbit/s with framing)
[1;36m[Device: id=0] RX[0m: 0.03 Mpps, 17 Mbit/s (22 Mbit/s with framing)
[0;34m[Device: id=0] TX[0m: 0.09 Mpps, 48 Mbit/s (63 Mbit/s with framing)
[1;36m[Device: id=0] RX[0m: 0.03 Mpps, 17 Mbit/s (22 Mbit/s with framing)
[0;34m[Device: id=0] TX[0m: 0.09 Mpps, 48 Mbit/s (63 Mbit/s with framing)
[1;36m[Device: id=0] RX[0m: 0.03 Mpps, 17 Mbit/s (22 Mbit/s with framing)
[0;34m[Device: id=0] TX[0m: 0.09 Mpps, 48 Mbit/s (63 Mbit/s with framing)
[1;36m[Device: id=0] RX[0m: 0.03 Mpps, 17 Mbit/s (22 Mbit/s with framing)
[0;34m[Device: id=0] TX[0m: 0.09 Mpps, 48 Mbit/s (63 Mbit/s with framing)
[1;36m[Device: id=0] RX[0m: 0.03 Mpps, 17 Mbit/s (22 Mbit/s with framing)
[0;34m[Device: id=0] TX[0m: 0.09 Mpps, 48 Mbit/s (63 Mbit/s with framing)
[1;36m[Device: id=0] RX[0m: 0.03 Mpps, 17 Mbit/s (22 Mbit/s with framing)
[0;34m[Device: id=0] TX[0m: 0.09 Mpps, 48 Mbit/s (63 Mbit/s with framing)
[1;36m[Device: id=0] RX[0m: 0.03 Mpps, 17 Mbit/s (22 Mbit/s with framing)
[0;34m[Device: id=0] TX[0m: 0.09 Mpps, 48 Mbit/s (63 Mbit/s with framing)
[1;36m[Device: id=0] RX[0m: 0.03 Mpps, 17 Mbit/s (22 Mbit/s with framing)
[0;34m[Device: id=0] TX[0m: 0.09 Mpps, 48 Mbit/s (63 Mbit/s with framing)
[1;36m[Device: id=0] RX[0m: 0.03 Mpps, 17 Mbit/s (22 Mbit/s with framing)
[0;34m[Device: id=0] TX[0m: 0.09 Mpps, 48 Mbit/s (63 Mbit/s with framing)
[1;36m[Device: id=0] RX[0m: 0.03 Mpps, 17 Mbit/s (22 Mbit/s with framing)
[0;34m[Device: id=0] TX[0m: 0.09 Mpps, 48 Mbit/s (63 Mbit/s with framing)
[1;36m[Device: id=0] RX[0m: 0.03 Mpps, 16 Mbit/s (22 Mbit/s with framing)
[0;34m[Device: id=0] TX[0m: 0.09 Mpps, 48 Mbit/s (63 Mbit/s with framing)
[1;36m[Device: id=0] RX[0m: 0.03 Mpps, 17 Mbit/s (22 Mbit/s with framing)
[0;34m[Device: id=0] TX[0m: 0.09 Mpps, 48 Mbit/s (63 Mbit/s with framing)
[1;36m[Device: id=0] RX[0m: 0.03 Mpps, 16 Mbit/s (22 Mbit/s with framing)
[0;34m[Device: id=0] TX[0m: 0.09 Mpps, 48 Mbit/s (63 Mbit/s with framing)
[1;36m[Device: id=0] RX[0m: 0.03 Mpps, 16 Mbit/s (21 Mbit/s with framing)
[0;34m[Device: id=0] TX[0m: 0.09 Mpps, 48 Mbit/s (63 Mbit/s with framing)
[1;36m[Device: id=0] RX[0m: 0.03 Mpps, 15 Mbit/s (20 Mbit/s with framing)
[0;34m[Device: id=0] TX[0m: 0.09 Mpps, 48 Mbit/s (63 Mbit/s with framing)
[1;36m[Device: id=0] RX[0m: 0.03 Mpps, 15 Mbit/s (20 Mbit/s with framing)
[0;34m[Device: id=0] TX[0m: 0.09 Mpps, 48 Mbit/s (63 Mbit/s with framing)
[1;36m[Device: id=0] RX[0m: 0.03 Mpps, 16 Mbit/s (20 Mbit/s with framing)
[0;34m[Device: id=0] TX[0m: 0.09 Mpps, 48 Mbit/s (63 Mbit/s with framing)
[1;36m[Device: id=0] RX[0m: 0.03 Mpps, 16 Mbit/s (21 Mbit/s with framing)
[0;34m[Device: id=0] TX[0m: 0.09 Mpps, 48 Mbit/s (63 Mbit/s with framing)
[1;36m[Device: id=0] RX[0m: 0.03 Mpps, 17 Mbit/s (22 Mbit/s with framing)
[0;34m[Device: id=0] TX[0m: 0.09 Mpps, 48 Mbit/s (63 Mbit/s with framing)
Samples: 29344, Average: 289973.9 ns, StdDev: 211817.4 ns, Quartiles: 219008.0/292804.0/340492.0 ns
[1;37m[INFO]  Saving histogram to '/tmp/histogram.csv'[0m
[1;36m[Device: id=0] RX[0m: 0.05 (StdDev 0.03) Mpps, 27 (StdDev 15) Mbit/s (35 Mbit/s with framing), total 3171459 packets with 202973544 bytes (incl. CRC)
[0;34m[Device: id=0] TX[0m: 0.09 (StdDev 0.00) Mpps, 49 (StdDev 0) Mbit/s (64 Mbit/s with framing), total 5689140 packets with 364104960 bytes (incl. CRC)
