EAL: Detected CPU lcores: 24
EAL: Detected NUMA nodes: 1
EAL: Static memory layout is selected, amount of reserved memory can be adjusted with -m or --socket-mem
EAL: Detected shared linkage of DPDK
EAL: Multi-process socket /var/run/dpdk/rte/mp_socket
EAL: Selected IOVA mode 'VA'
EAL: 8 hugepages of size 1073741824 reserved, but no mounted hugetlbfs found for that size
EAL: VFIO support initialized
EAL: Using IOMMU type 1 (Type 1)
EAL: Ignore mapping IO port bar(1)
EAL: Ignore mapping IO port bar(4)
EAL: Probe PCI driver: net_ice (8086:1592) device: 0000:51:00.0 (socket 0)
ice_load_pkg_type(): Active package is: 1.3.26.0, ICE OS Default Package (single VLAN mode)
TELEMETRY: No legacy callbacks, legacy socket not created
[1;33m[WARN]  malloc() allocates objects >= 1 MiB from LuaJIT memory space.[0m
[1;33m[WARN]  Install libjemalloc if you encounter out of memory errors.[0m
[1;37m[INFO]  Initializing DPDK. This will take a few seconds...[0m
[1;37m[INFO]  Found 1 usable devices:[0m
   Device 0: B4:96:91:B3:8B:04 ([0;32mIntel Corporation Ethernet Controller E810-C for QSFP[0m)
[1;37m[INFO]  Waiting for devices to come up...[0m
[1;37m[INFO]  Device 0 (B4:96:91:B3:8B:04) is up: full-duplex 100000 MBit/s[0m
[1;37m[INFO]  [0;32m1 device is up.[0m[0m
[1;36m[Device: id=0] RX[0m: 0.08 Mpps, 40 Mbit/s (52 Mbit/s with framing)
[0;34m[Device: id=0] TX[0m: 0.15 Mpps, 75 Mbit/s (99 Mbit/s with framing)
[1;36m[Device: id=0] RX[0m: 0.08 Mpps, 39 Mbit/s (51 Mbit/s with framing)
[0;34m[Device: id=0] TX[0m: 0.15 Mpps, 75 Mbit/s (99 Mbit/s with framing)
[1;36m[Device: id=0] RX[0m: 0.08 Mpps, 39 Mbit/s (51 Mbit/s with framing)
[0;34m[Device: id=0] TX[0m: 0.15 Mpps, 75 Mbit/s (99 Mbit/s with framing)
[1;36m[Device: id=0] RX[0m: 0.08 Mpps, 39 Mbit/s (51 Mbit/s with framing)
[0;34m[Device: id=0] TX[0m: 0.15 Mpps, 75 Mbit/s (99 Mbit/s with framing)
[1;36m[Device: id=0] RX[0m: 0.10 Mpps, 54 Mbit/s (70 Mbit/s with framing)
[0;34m[Device: id=0] TX[0m: 0.15 Mpps, 75 Mbit/s (99 Mbit/s with framing)
[1;36m[Device: id=0] RX[0m: 0.12 Mpps, 62 Mbit/s (82 Mbit/s with framing)
[0;34m[Device: id=0] TX[0m: 0.15 Mpps, 75 Mbit/s (99 Mbit/s with framing)
[1;36m[Device: id=0] RX[0m: 0.12 Mpps, 62 Mbit/s (82 Mbit/s with framing)
[0;34m[Device: id=0] TX[0m: 0.15 Mpps, 75 Mbit/s (99 Mbit/s with framing)
[1;36m[Device: id=0] RX[0m: 0.12 Mpps, 63 Mbit/s (83 Mbit/s with framing)
[0;34m[Device: id=0] TX[0m: 0.15 Mpps, 75 Mbit/s (99 Mbit/s with framing)
[1;36m[Device: id=0] RX[0m: 0.12 Mpps, 63 Mbit/s (83 Mbit/s with framing)
[0;34m[Device: id=0] TX[0m: 0.15 Mpps, 75 Mbit/s (99 Mbit/s with framing)
[1;36m[Device: id=0] RX[0m: 0.12 Mpps, 62 Mbit/s (81 Mbit/s with framing)
[0;34m[Device: id=0] TX[0m: 0.15 Mpps, 75 Mbit/s (99 Mbit/s with framing)
[1;36m[Device: id=0] RX[0m: 0.12 Mpps, 62 Mbit/s (81 Mbit/s with framing)
[0;34m[Device: id=0] TX[0m: 0.15 Mpps, 75 Mbit/s (99 Mbit/s with framing)
[1;36m[Device: id=0] RX[0m: 0.12 Mpps, 62 Mbit/s (81 Mbit/s with framing)
[0;34m[Device: id=0] TX[0m: 0.15 Mpps, 75 Mbit/s (99 Mbit/s with framing)
[1;36m[Device: id=0] RX[0m: 0.12 Mpps, 62 Mbit/s (81 Mbit/s with framing)
[0;34m[Device: id=0] TX[0m: 0.15 Mpps, 75 Mbit/s (99 Mbit/s with framing)
[1;36m[Device: id=0] RX[0m: 0.12 Mpps, 62 Mbit/s (81 Mbit/s with framing)
[0;34m[Device: id=0] TX[0m: 0.15 Mpps, 75 Mbit/s (99 Mbit/s with framing)
[1;36m[Device: id=0] RX[0m: 0.12 Mpps, 62 Mbit/s (81 Mbit/s with framing)
[0;34m[Device: id=0] TX[0m: 0.15 Mpps, 75 Mbit/s (99 Mbit/s with framing)
[1;36m[Device: id=0] RX[0m: 0.12 Mpps, 62 Mbit/s (81 Mbit/s with framing)
[0;34m[Device: id=0] TX[0m: 0.15 Mpps, 75 Mbit/s (99 Mbit/s with framing)
[1;36m[Device: id=0] RX[0m: 0.12 Mpps, 62 Mbit/s (81 Mbit/s with framing)
[0;34m[Device: id=0] TX[0m: 0.15 Mpps, 75 Mbit/s (99 Mbit/s with framing)
[1;36m[Device: id=0] RX[0m: 0.12 Mpps, 61 Mbit/s (81 Mbit/s with framing)
[0;34m[Device: id=0] TX[0m: 0.15 Mpps, 75 Mbit/s (99 Mbit/s with framing)
[1;36m[Device: id=0] RX[0m: 0.12 Mpps, 62 Mbit/s (81 Mbit/s with framing)
[0;34m[Device: id=0] TX[0m: 0.15 Mpps, 75 Mbit/s (99 Mbit/s with framing)
[1;36m[Device: id=0] RX[0m: 0.11 Mpps, 57 Mbit/s (75 Mbit/s with framing)
[0;34m[Device: id=0] TX[0m: 0.15 Mpps, 75 Mbit/s (99 Mbit/s with framing)
[1;36m[Device: id=0] RX[0m: 0.10 Mpps, 51 Mbit/s (68 Mbit/s with framing)
[0;34m[Device: id=0] TX[0m: 0.15 Mpps, 75 Mbit/s (99 Mbit/s with framing)
[1;36m[Device: id=0] RX[0m: 0.10 Mpps, 52 Mbit/s (68 Mbit/s with framing)
[0;34m[Device: id=0] TX[0m: 0.15 Mpps, 75 Mbit/s (99 Mbit/s with framing)
[1;36m[Device: id=0] RX[0m: 0.10 Mpps, 52 Mbit/s (69 Mbit/s with framing)
[0;34m[Device: id=0] TX[0m: 0.15 Mpps, 75 Mbit/s (99 Mbit/s with framing)
[1;36m[Device: id=0] RX[0m: 0.10 Mpps, 53 Mbit/s (69 Mbit/s with framing)
[0;34m[Device: id=0] TX[0m: 0.15 Mpps, 75 Mbit/s (99 Mbit/s with framing)
[1;36m[Device: id=0] RX[0m: 0.10 Mpps, 50 Mbit/s (66 Mbit/s with framing)
[0;34m[Device: id=0] TX[0m: 0.15 Mpps, 75 Mbit/s (99 Mbit/s with framing)
[1;36m[Device: id=0] RX[0m: 0.08 Mpps, 43 Mbit/s (57 Mbit/s with framing)
[0;34m[Device: id=0] TX[0m: 0.15 Mpps, 75 Mbit/s (99 Mbit/s with framing)
[1;36m[Device: id=0] RX[0m: 0.08 Mpps, 43 Mbit/s (57 Mbit/s with framing)
[0;34m[Device: id=0] TX[0m: 0.15 Mpps, 75 Mbit/s (99 Mbit/s with framing)
[1;36m[Device: id=0] RX[0m: 0.09 Mpps, 44 Mbit/s (57 Mbit/s with framing)
[0;34m[Device: id=0] TX[0m: 0.15 Mpps, 75 Mbit/s (99 Mbit/s with framing)
[1;36m[Device: id=0] RX[0m: 0.09 Mpps, 44 Mbit/s (57 Mbit/s with framing)
[0;34m[Device: id=0] TX[0m: 0.15 Mpps, 75 Mbit/s (99 Mbit/s with framing)
[1;36m[Device: id=0] RX[0m: 0.09 Mpps, 45 Mbit/s (59 Mbit/s with framing)
[0;34m[Device: id=0] TX[0m: 0.15 Mpps, 75 Mbit/s (99 Mbit/s with framing)
[1;36m[Device: id=0] RX[0m: 0.10 Mpps, 52 Mbit/s (68 Mbit/s with framing)
[0;34m[Device: id=0] TX[0m: 0.15 Mpps, 75 Mbit/s (99 Mbit/s with framing)
[1;36m[Device: id=0] RX[0m: 0.10 Mpps, 53 Mbit/s (69 Mbit/s with framing)
[0;34m[Device: id=0] TX[0m: 0.15 Mpps, 75 Mbit/s (99 Mbit/s with framing)
[1;36m[Device: id=0] RX[0m: 0.10 Mpps, 52 Mbit/s (69 Mbit/s with framing)
[0;34m[Device: id=0] TX[0m: 0.15 Mpps, 75 Mbit/s (99 Mbit/s with framing)
[1;36m[Device: id=0] RX[0m: 0.10 Mpps, 53 Mbit/s (69 Mbit/s with framing)
[0;34m[Device: id=0] TX[0m: 0.15 Mpps, 75 Mbit/s (99 Mbit/s with framing)
[1;36m[Device: id=0] RX[0m: 0.10 Mpps, 51 Mbit/s (67 Mbit/s with framing)
[0;34m[Device: id=0] TX[0m: 0.15 Mpps, 75 Mbit/s (99 Mbit/s with framing)
[1;36m[Device: id=0] RX[0m: 0.10 Mpps, 53 Mbit/s (69 Mbit/s with framing)
[0;34m[Device: id=0] TX[0m: 0.15 Mpps, 75 Mbit/s (99 Mbit/s with framing)
[1;36m[Device: id=0] RX[0m: 0.10 Mpps, 53 Mbit/s (70 Mbit/s with framing)
[0;34m[Device: id=0] TX[0m: 0.15 Mpps, 75 Mbit/s (99 Mbit/s with framing)
[1;36m[Device: id=0] RX[0m: 0.10 Mpps, 53 Mbit/s (70 Mbit/s with framing)
[0;34m[Device: id=0] TX[0m: 0.15 Mpps, 75 Mbit/s (99 Mbit/s with framing)
[1;36m[Device: id=0] RX[0m: 0.10 Mpps, 53 Mbit/s (69 Mbit/s with framing)
[0;34m[Device: id=0] TX[0m: 0.15 Mpps, 75 Mbit/s (99 Mbit/s with framing)
[1;36m[Device: id=0] RX[0m: 0.10 Mpps, 53 Mbit/s (70 Mbit/s with framing)
[0;34m[Device: id=0] TX[0m: 0.15 Mpps, 75 Mbit/s (99 Mbit/s with framing)
[1;36m[Device: id=0] RX[0m: 0.09 Mpps, 47 Mbit/s (61 Mbit/s with framing)
[0;34m[Device: id=0] TX[0m: 0.15 Mpps, 75 Mbit/s (99 Mbit/s with framing)
[1;36m[Device: id=0] RX[0m: 0.10 Mpps, 52 Mbit/s (69 Mbit/s with framing)
[0;34m[Device: id=0] TX[0m: 0.15 Mpps, 75 Mbit/s (99 Mbit/s with framing)
[1;36m[Device: id=0] RX[0m: 0.09 Mpps, 46 Mbit/s (61 Mbit/s with framing)
[0;34m[Device: id=0] TX[0m: 0.15 Mpps, 75 Mbit/s (99 Mbit/s with framing)
[1;36m[Device: id=0] RX[0m: 0.10 Mpps, 49 Mbit/s (65 Mbit/s with framing)
[0;34m[Device: id=0] TX[0m: 0.15 Mpps, 75 Mbit/s (99 Mbit/s with framing)
[1;36m[Device: id=0] RX[0m: 0.10 Mpps, 52 Mbit/s (68 Mbit/s with framing)
[0;34m[Device: id=0] TX[0m: 0.15 Mpps, 75 Mbit/s (99 Mbit/s with framing)
[1;36m[Device: id=0] RX[0m: 0.10 Mpps, 51 Mbit/s (67 Mbit/s with framing)
[0;34m[Device: id=0] TX[0m: 0.15 Mpps, 75 Mbit/s (99 Mbit/s with framing)
[1;36m[Device: id=0] RX[0m: 0.09 Mpps, 45 Mbit/s (60 Mbit/s with framing)
[0;34m[Device: id=0] TX[0m: 0.15 Mpps, 75 Mbit/s (99 Mbit/s with framing)
[1;36m[Device: id=0] RX[0m: 0.10 Mpps, 49 Mbit/s (64 Mbit/s with framing)
[0;34m[Device: id=0] TX[0m: 0.15 Mpps, 75 Mbit/s (99 Mbit/s with framing)
[1;36m[Device: id=0] RX[0m: 0.10 Mpps, 52 Mbit/s (68 Mbit/s with framing)
[0;34m[Device: id=0] TX[0m: 0.15 Mpps, 75 Mbit/s (99 Mbit/s with framing)
[1;36m[Device: id=0] RX[0m: 0.10 Mpps, 52 Mbit/s (68 Mbit/s with framing)
[0;34m[Device: id=0] TX[0m: 0.15 Mpps, 75 Mbit/s (99 Mbit/s with framing)
[1;36m[Device: id=0] RX[0m: 0.09 Mpps, 48 Mbit/s (63 Mbit/s with framing)
[0;34m[Device: id=0] TX[0m: 0.15 Mpps, 75 Mbit/s (99 Mbit/s with framing)
[1;36m[Device: id=0] RX[0m: 0.09 Mpps, 46 Mbit/s (61 Mbit/s with framing)
[0;34m[Device: id=0] TX[0m: 0.15 Mpps, 75 Mbit/s (99 Mbit/s with framing)
[1;36m[Device: id=0] RX[0m: 0.09 Mpps, 46 Mbit/s (61 Mbit/s with framing)
[0;34m[Device: id=0] TX[0m: 0.15 Mpps, 75 Mbit/s (99 Mbit/s with framing)
[1;36m[Device: id=0] RX[0m: 0.09 Mpps, 46 Mbit/s (61 Mbit/s with framing)
[0;34m[Device: id=0] TX[0m: 0.15 Mpps, 75 Mbit/s (99 Mbit/s with framing)
[1;36m[Device: id=0] RX[0m: 0.09 Mpps, 46 Mbit/s (61 Mbit/s with framing)
[0;34m[Device: id=0] TX[0m: 0.15 Mpps, 75 Mbit/s (99 Mbit/s with framing)
[1;36m[Device: id=0] RX[0m: 0.10 Mpps, 51 Mbit/s (67 Mbit/s with framing)
[0;34m[Device: id=0] TX[0m: 0.15 Mpps, 75 Mbit/s (99 Mbit/s with framing)
[1;36m[Device: id=0] RX[0m: 0.10 Mpps, 52 Mbit/s (69 Mbit/s with framing)
[0;34m[Device: id=0] TX[0m: 0.15 Mpps, 75 Mbit/s (99 Mbit/s with framing)
[1;36m[Device: id=0] RX[0m: 0.10 Mpps, 52 Mbit/s (69 Mbit/s with framing)
[0;34m[Device: id=0] TX[0m: 0.15 Mpps, 75 Mbit/s (99 Mbit/s with framing)
[1;36m[Device: id=0] RX[0m: 0.10 Mpps, 52 Mbit/s (69 Mbit/s with framing)
[0;34m[Device: id=0] TX[0m: 0.15 Mpps, 75 Mbit/s (99 Mbit/s with framing)
Samples: 1298, Average: 12011953.7 ns, StdDev: 1649293.3 ns, Quartiles: 10287237.0/12004083.0/12298317.0 ns
[1;37m[INFO]  Saving histogram to '/tmp/histogram.csv'[0m
[1;36m[Device: id=0] RX[0m: 0.10 (StdDev 0.01) Mpps, 52 (StdDev 7) Mbit/s (69 Mbit/s with framing), total 6108325 packets with 390932978 bytes (incl. CRC)
[0;34m[Device: id=0] TX[0m: 0.15 (StdDev 0.00) Mpps, 75 (StdDev 0) Mbit/s (99 Mbit/s with framing), total 8798170 packets with 563082880 bytes (incl. CRC)
