EAL: Detected CPU lcores: 24
EAL: Detected NUMA nodes: 1
EAL: Static memory layout is selected, amount of reserved memory can be adjusted with -m or --socket-mem
EAL: Detected shared linkage of DPDK
EAL: Multi-process socket /var/run/dpdk/rte/mp_socket
EAL: Selected IOVA mode 'VA'
EAL: 8 hugepages of size 1073741824 reserved, but no mounted hugetlbfs found for that size
EAL: VFIO support initialized
EAL: Using IOMMU type 1 (Type 1)
EAL: Ignore mapping IO port bar(1)
EAL: Ignore mapping IO port bar(4)
EAL: Probe PCI driver: net_ice (8086:1592) device: 0000:51:00.0 (socket 0)
ice_load_pkg_type(): Active package is: 1.3.26.0, ICE OS Default Package (single VLAN mode)
TELEMETRY: No legacy callbacks, legacy socket not created
[1;33m[WARN]  malloc() allocates objects >= 1 MiB from LuaJIT memory space.[0m
[1;33m[WARN]  Install libjemalloc if you encounter out of memory errors.[0m
[1;37m[INFO]  Initializing DPDK. This will take a few seconds...[0m
[1;37m[INFO]  Found 1 usable devices:[0m
   Device 0: B4:96:91:B3:8B:04 ([0;32mIntel Corporation Ethernet Controller E810-C for QSFP[0m)
[1;37m[INFO]  Waiting for devices to come up...[0m
[1;37m[INFO]  Device 0 (B4:96:91:B3:8B:04) is up: full-duplex 100000 MBit/s[0m
[1;37m[INFO]  [0;32m1 device is up.[0m[0m
[1;36m[Device: id=0] RX[0m: 0.00 Mpps, 0 Mbit/s (0 Mbit/s with framing)
[0;34m[Device: id=0] TX[0m: 0.17 Mpps, 86 Mbit/s (113 Mbit/s with framing)
[1;36m[Device: id=0] RX[0m: 0.01 Mpps, 3 Mbit/s (5 Mbit/s with framing)
[0;34m[Device: id=0] TX[0m: 0.17 Mpps, 86 Mbit/s (113 Mbit/s with framing)
[1;36m[Device: id=0] RX[0m: 0.00 Mpps, 0 Mbit/s (0 Mbit/s with framing)
[0;34m[Device: id=0] TX[0m: 0.17 Mpps, 86 Mbit/s (113 Mbit/s with framing)
[1;36m[Device: id=0] RX[0m: 0.06 Mpps, 32 Mbit/s (42 Mbit/s with framing)
[0;34m[Device: id=0] TX[0m: 0.17 Mpps, 86 Mbit/s (113 Mbit/s with framing)
[1;36m[Device: id=0] RX[0m: 0.00 Mpps, 0 Mbit/s (0 Mbit/s with framing)
[0;34m[Device: id=0] TX[0m: 0.17 Mpps, 86 Mbit/s (113 Mbit/s with framing)
[1;36m[Device: id=0] RX[0m: 0.10 Mpps, 52 Mbit/s (68 Mbit/s with framing)
[0;34m[Device: id=0] TX[0m: 0.17 Mpps, 86 Mbit/s (113 Mbit/s with framing)
[1;36m[Device: id=0] RX[0m: 0.09 Mpps, 45 Mbit/s (59 Mbit/s with framing)
[0;34m[Device: id=0] TX[0m: 0.17 Mpps, 86 Mbit/s (113 Mbit/s with framing)
[1;36m[Device: id=0] RX[0m: 0.00 Mpps, 1 Mbit/s (2 Mbit/s with framing)
[0;34m[Device: id=0] TX[0m: 0.17 Mpps, 86 Mbit/s (113 Mbit/s with framing)
[1;36m[Device: id=0] RX[0m: 0.00 Mpps, 0 Mbit/s (0 Mbit/s with framing)
[0;34m[Device: id=0] TX[0m: 0.17 Mpps, 86 Mbit/s (113 Mbit/s with framing)
[1;36m[Device: id=0] RX[0m: 0.00 Mpps, 1 Mbit/s (2 Mbit/s with framing)
[0;34m[Device: id=0] TX[0m: 0.17 Mpps, 86 Mbit/s (113 Mbit/s with framing)
[1;36m[Device: id=0] RX[0m: 0.00 Mpps, 0 Mbit/s (0 Mbit/s with framing)
[0;34m[Device: id=0] TX[0m: 0.17 Mpps, 86 Mbit/s (113 Mbit/s with framing)
[1;36m[Device: id=0] RX[0m: 0.00 Mpps, 1 Mbit/s (2 Mbit/s with framing)
[0;34m[Device: id=0] TX[0m: 0.17 Mpps, 86 Mbit/s (113 Mbit/s with framing)
[1;36m[Device: id=0] RX[0m: 0.00 Mpps, 0 Mbit/s (0 Mbit/s with framing)
[0;34m[Device: id=0] TX[0m: 0.17 Mpps, 86 Mbit/s (113 Mbit/s with framing)
[1;36m[Device: id=0] RX[0m: 0.00 Mpps, 2 Mbit/s (3 Mbit/s with framing)
[0;34m[Device: id=0] TX[0m: 0.17 Mpps, 86 Mbit/s (113 Mbit/s with framing)
[1;36m[Device: id=0] RX[0m: 0.00 Mpps, 0 Mbit/s (0 Mbit/s with framing)
[0;34m[Device: id=0] TX[0m: 0.17 Mpps, 86 Mbit/s (113 Mbit/s with framing)
[1;36m[Device: id=0] RX[0m: 0.01 Mpps, 4 Mbit/s (6 Mbit/s with framing)
[0;34m[Device: id=0] TX[0m: 0.17 Mpps, 86 Mbit/s (113 Mbit/s with framing)
[1;36m[Device: id=0] RX[0m: 0.00 Mpps, 0 Mbit/s (0 Mbit/s with framing)
[0;34m[Device: id=0] TX[0m: 0.17 Mpps, 86 Mbit/s (113 Mbit/s with framing)
[1;36m[Device: id=0] RX[0m: 0.00 Mpps, 1 Mbit/s (2 Mbit/s with framing)
[0;34m[Device: id=0] TX[0m: 0.17 Mpps, 86 Mbit/s (113 Mbit/s with framing)
[1;36m[Device: id=0] RX[0m: 0.00 Mpps, 0 Mbit/s (0 Mbit/s with framing)
[0;34m[Device: id=0] TX[0m: 0.17 Mpps, 86 Mbit/s (113 Mbit/s with framing)
[1;36m[Device: id=0] RX[0m: 0.00 Mpps, 1 Mbit/s (2 Mbit/s with framing)
[0;34m[Device: id=0] TX[0m: 0.17 Mpps, 86 Mbit/s (113 Mbit/s with framing)
[1;36m[Device: id=0] RX[0m: 0.00 Mpps, 0 Mbit/s (0 Mbit/s with framing)
[0;34m[Device: id=0] TX[0m: 0.17 Mpps, 86 Mbit/s (113 Mbit/s with framing)
[1;36m[Device: id=0] RX[0m: 0.02 Mpps, 11 Mbit/s (15 Mbit/s with framing)
[0;34m[Device: id=0] TX[0m: 0.17 Mpps, 86 Mbit/s (113 Mbit/s with framing)
[1;36m[Device: id=0] RX[0m: 0.00 Mpps, 0 Mbit/s (0 Mbit/s with framing)
[0;34m[Device: id=0] TX[0m: 0.17 Mpps, 86 Mbit/s (113 Mbit/s with framing)
[1;36m[Device: id=0] RX[0m: 0.00 Mpps, 1 Mbit/s (1 Mbit/s with framing)
[0;34m[Device: id=0] TX[0m: 0.17 Mpps, 86 Mbit/s (113 Mbit/s with framing)
[1;36m[Device: id=0] RX[0m: 0.00 Mpps, 0 Mbit/s (0 Mbit/s with framing)
[0;34m[Device: id=0] TX[0m: 0.17 Mpps, 86 Mbit/s (113 Mbit/s with framing)
[1;36m[Device: id=0] RX[0m: 0.01 Mpps, 6 Mbit/s (8 Mbit/s with framing)
[0;34m[Device: id=0] TX[0m: 0.17 Mpps, 86 Mbit/s (113 Mbit/s with framing)
[1;36m[Device: id=0] RX[0m: 0.00 Mpps, 0 Mbit/s (0 Mbit/s with framing)
[0;34m[Device: id=0] TX[0m: 0.17 Mpps, 86 Mbit/s (113 Mbit/s with framing)
[1;36m[Device: id=0] RX[0m: 0.02 Mpps, 8 Mbit/s (11 Mbit/s with framing)
[0;34m[Device: id=0] TX[0m: 0.17 Mpps, 86 Mbit/s (113 Mbit/s with framing)
[1;36m[Device: id=0] RX[0m: 0.00 Mpps, 0 Mbit/s (0 Mbit/s with framing)
[0;34m[Device: id=0] TX[0m: 0.17 Mpps, 86 Mbit/s (113 Mbit/s with framing)
[1;36m[Device: id=0] RX[0m: 0.01 Mpps, 5 Mbit/s (7 Mbit/s with framing)
[0;34m[Device: id=0] TX[0m: 0.17 Mpps, 86 Mbit/s (113 Mbit/s with framing)
[1;36m[Device: id=0] RX[0m: 0.00 Mpps, 0 Mbit/s (0 Mbit/s with framing)
[0;34m[Device: id=0] TX[0m: 0.17 Mpps, 86 Mbit/s (113 Mbit/s with framing)
[1;36m[Device: id=0] RX[0m: 0.01 Mpps, 7 Mbit/s (10 Mbit/s with framing)
[0;34m[Device: id=0] TX[0m: 0.17 Mpps, 86 Mbit/s (113 Mbit/s with framing)
[1;36m[Device: id=0] RX[0m: 0.00 Mpps, 0 Mbit/s (0 Mbit/s with framing)
[0;34m[Device: id=0] TX[0m: 0.17 Mpps, 86 Mbit/s (113 Mbit/s with framing)
[1;36m[Device: id=0] RX[0m: 0.01 Mpps, 4 Mbit/s (6 Mbit/s with framing)
[0;34m[Device: id=0] TX[0m: 0.17 Mpps, 86 Mbit/s (113 Mbit/s with framing)
[1;36m[Device: id=0] RX[0m: 0.00 Mpps, 0 Mbit/s (0 Mbit/s with framing)
[0;34m[Device: id=0] TX[0m: 0.17 Mpps, 86 Mbit/s (113 Mbit/s with framing)
[1;36m[Device: id=0] RX[0m: 0.02 Mpps, 8 Mbit/s (10 Mbit/s with framing)
[0;34m[Device: id=0] TX[0m: 0.17 Mpps, 86 Mbit/s (113 Mbit/s with framing)
[1;36m[Device: id=0] RX[0m: 0.00 Mpps, 0 Mbit/s (0 Mbit/s with framing)
[0;34m[Device: id=0] TX[0m: 0.17 Mpps, 86 Mbit/s (113 Mbit/s with framing)
[1;36m[Device: id=0] RX[0m: 0.00 Mpps, 2 Mbit/s (2 Mbit/s with framing)
[0;34m[Device: id=0] TX[0m: 0.17 Mpps, 86 Mbit/s (113 Mbit/s with framing)
[1;36m[Device: id=0] RX[0m: 0.00 Mpps, 0 Mbit/s (0 Mbit/s with framing)
[0;34m[Device: id=0] TX[0m: 0.17 Mpps, 86 Mbit/s (113 Mbit/s with framing)
[1;36m[Device: id=0] RX[0m: 0.00 Mpps, 1 Mbit/s (2 Mbit/s with framing)
[0;34m[Device: id=0] TX[0m: 0.17 Mpps, 86 Mbit/s (113 Mbit/s with framing)
[1;36m[Device: id=0] RX[0m: 0.00 Mpps, 0 Mbit/s (0 Mbit/s with framing)
[0;34m[Device: id=0] TX[0m: 0.17 Mpps, 86 Mbit/s (113 Mbit/s with framing)
[1;36m[Device: id=0] RX[0m: 0.01 Mpps, 3 Mbit/s (4 Mbit/s with framing)
[0;34m[Device: id=0] TX[0m: 0.17 Mpps, 86 Mbit/s (113 Mbit/s with framing)
[1;36m[Device: id=0] RX[0m: 0.00 Mpps, 0 Mbit/s (0 Mbit/s with framing)
[0;34m[Device: id=0] TX[0m: 0.17 Mpps, 86 Mbit/s (113 Mbit/s with framing)
[1;36m[Device: id=0] RX[0m: 0.00 Mpps, 2 Mbit/s (2 Mbit/s with framing)
[0;34m[Device: id=0] TX[0m: 0.17 Mpps, 86 Mbit/s (113 Mbit/s with framing)
[1;36m[Device: id=0] RX[0m: 0.01 Mpps, 5 Mbit/s (6 Mbit/s with framing)
[0;34m[Device: id=0] TX[0m: 0.17 Mpps, 86 Mbit/s (113 Mbit/s with framing)
[1;36m[Device: id=0] RX[0m: 0.00 Mpps, 0 Mbit/s (0 Mbit/s with framing)
[0;34m[Device: id=0] TX[0m: 0.17 Mpps, 86 Mbit/s (113 Mbit/s with framing)
[1;36m[Device: id=0] RX[0m: 0.01 Mpps, 3 Mbit/s (4 Mbit/s with framing)
[0;34m[Device: id=0] TX[0m: 0.17 Mpps, 86 Mbit/s (113 Mbit/s with framing)
[1;36m[Device: id=0] RX[0m: 0.00 Mpps, 0 Mbit/s (0 Mbit/s with framing)
[0;34m[Device: id=0] TX[0m: 0.17 Mpps, 86 Mbit/s (113 Mbit/s with framing)
[1;36m[Device: id=0] RX[0m: 0.02 Mpps, 11 Mbit/s (14 Mbit/s with framing)
[0;34m[Device: id=0] TX[0m: 0.17 Mpps, 86 Mbit/s (113 Mbit/s with framing)
[1;36m[Device: id=0] RX[0m: 0.00 Mpps, 0 Mbit/s (0 Mbit/s with framing)
[0;34m[Device: id=0] TX[0m: 0.17 Mpps, 86 Mbit/s (113 Mbit/s with framing)
[1;36m[Device: id=0] RX[0m: 0.01 Mpps, 6 Mbit/s (8 Mbit/s with framing)
[0;34m[Device: id=0] TX[0m: 0.17 Mpps, 86 Mbit/s (113 Mbit/s with framing)
[1;36m[Device: id=0] RX[0m: 0.00 Mpps, 0 Mbit/s (0 Mbit/s with framing)
[0;34m[Device: id=0] TX[0m: 0.17 Mpps, 86 Mbit/s (113 Mbit/s with framing)
[1;36m[Device: id=0] RX[0m: 0.00 Mpps, 1 Mbit/s (2 Mbit/s with framing)
[0;34m[Device: id=0] TX[0m: 0.17 Mpps, 86 Mbit/s (113 Mbit/s with framing)
[1;36m[Device: id=0] RX[0m: 0.00 Mpps, 0 Mbit/s (0 Mbit/s with framing)
[0;34m[Device: id=0] TX[0m: 0.17 Mpps, 86 Mbit/s (113 Mbit/s with framing)
[1;36m[Device: id=0] RX[0m: 0.00 Mpps, 2 Mbit/s (3 Mbit/s with framing)
[0;34m[Device: id=0] TX[0m: 0.17 Mpps, 86 Mbit/s (113 Mbit/s with framing)
[1;36m[Device: id=0] RX[0m: 0.00 Mpps, 0 Mbit/s (0 Mbit/s with framing)
[0;34m[Device: id=0] TX[0m: 0.17 Mpps, 86 Mbit/s (113 Mbit/s with framing)
[1;36m[Device: id=0] RX[0m: 0.02 Mpps, 8 Mbit/s (11 Mbit/s with framing)
[0;34m[Device: id=0] TX[0m: 0.17 Mpps, 86 Mbit/s (113 Mbit/s with framing)
[1;36m[Device: id=0] RX[0m: 0.00 Mpps, 0 Mbit/s (0 Mbit/s with framing)
[0;34m[Device: id=0] TX[0m: 0.17 Mpps, 86 Mbit/s (113 Mbit/s with framing)
[1;36m[Device: id=0] RX[0m: 0.02 Mpps, 10 Mbit/s (13 Mbit/s with framing)
[0;34m[Device: id=0] TX[0m: 0.17 Mpps, 86 Mbit/s (113 Mbit/s with framing)
Samples: 951, Average: 1364141.1 ns, StdDev: 2808515.4 ns, Quartiles: 218632.0/243635.0/281380.0 ns
[1;37m[INFO]  Saving histogram to '/tmp/histogram.csv'[0m
[1;36m[Device: id=0] RX[0m: 0.01 (StdDev 0.02) Mpps, 4 (StdDev 10) Mbit/s (6 Mbit/s with framing), total 492351 packets with 31510632 bytes (incl. CRC)
[0;34m[Device: id=0] TX[0m: 0.17 (StdDev 0.00) Mpps, 86 (StdDev 0) Mbit/s (113 Mbit/s with framing), total 10085732 packets with 645486848 bytes (incl. CRC)
