EAL: Detected CPU lcores: 24
EAL: Detected NUMA nodes: 1
EAL: Static memory layout is selected, amount of reserved memory can be adjusted with -m or --socket-mem
EAL: Detected shared linkage of DPDK
EAL: Multi-process socket /var/run/dpdk/rte/mp_socket
EAL: Selected IOVA mode 'VA'
EAL: 8 hugepages of size 1073741824 reserved, but no mounted hugetlbfs found for that size
EAL: VFIO support initialized
EAL: Using IOMMU type 1 (Type 1)
EAL: Ignore mapping IO port bar(1)
EAL: Ignore mapping IO port bar(4)
EAL: Probe PCI driver: net_ice (8086:1592) device: 0000:51:00.0 (socket 0)
ice_load_pkg_type(): Active package is: 1.3.26.0, ICE OS Default Package (single VLAN mode)
TELEMETRY: No legacy callbacks, legacy socket not created
[1;33m[WARN]  malloc() allocates objects >= 1 MiB from LuaJIT memory space.[0m
[1;33m[WARN]  Install libjemalloc if you encounter out of memory errors.[0m
[1;37m[INFO]  Initializing DPDK. This will take a few seconds...[0m
[1;37m[INFO]  Found 1 usable devices:[0m
   Device 0: B4:96:91:B3:8B:04 ([0;32mIntel Corporation Ethernet Controller E810-C for QSFP[0m)
[1;37m[INFO]  Waiting for devices to come up...[0m
[1;37m[INFO]  Device 0 (B4:96:91:B3:8B:04) is up: full-duplex 100000 MBit/s[0m
[1;37m[INFO]  [0;32m1 device is up.[0m[0m
[1;36m[Device: id=0] RX[0m: 8.74 Mpps, 4473 Mbit/s (5870 Mbit/s with framing)
[0;34m[Device: id=0] TX[0m: 50.51 Mpps, 25860 Mbit/s (33942 Mbit/s with framing)
[1;36m[Device: id=0] RX[0m: 10.69 Mpps, 5475 Mbit/s (7186 Mbit/s with framing)
[0;34m[Device: id=0] TX[0m: 50.53 Mpps, 25870 Mbit/s (33954 Mbit/s with framing)
[1;36m[Device: id=0] RX[0m: 10.71 Mpps, 5483 Mbit/s (7196 Mbit/s with framing)
[0;34m[Device: id=0] TX[0m: 50.52 Mpps, 25868 Mbit/s (33951 Mbit/s with framing)
[1;36m[Device: id=0] RX[0m: 10.70 Mpps, 5481 Mbit/s (7193 Mbit/s with framing)
[0;34m[Device: id=0] TX[0m: 50.49 Mpps, 25853 Mbit/s (33932 Mbit/s with framing)
[1;36m[Device: id=0] RX[0m: 10.40 Mpps, 5327 Mbit/s (6991 Mbit/s with framing)
[0;34m[Device: id=0] TX[0m: 50.36 Mpps, 25784 Mbit/s (33842 Mbit/s with framing)
[1;36m[Device: id=0] RX[0m: 10.69 Mpps, 5472 Mbit/s (7182 Mbit/s with framing)
[0;34m[Device: id=0] TX[0m: 50.39 Mpps, 25800 Mbit/s (33862 Mbit/s with framing)
[1;36m[Device: id=0] RX[0m: 10.69 Mpps, 5475 Mbit/s (7186 Mbit/s with framing)
[0;34m[Device: id=0] TX[0m: 50.41 Mpps, 25810 Mbit/s (33875 Mbit/s with framing)
[1;36m[Device: id=0] RX[0m: 8.24 Mpps, 4218 Mbit/s (5536 Mbit/s with framing)
[0;34m[Device: id=0] TX[0m: 50.38 Mpps, 25795 Mbit/s (33857 Mbit/s with framing)
[1;36m[Device: id=0] RX[0m: 8.71 Mpps, 4462 Mbit/s (5856 Mbit/s with framing)
[0;34m[Device: id=0] TX[0m: 50.38 Mpps, 25793 Mbit/s (33854 Mbit/s with framing)
[1;36m[Device: id=0] RX[0m: 8.93 Mpps, 4572 Mbit/s (6001 Mbit/s with framing)
[0;34m[Device: id=0] TX[0m: 50.35 Mpps, 25780 Mbit/s (33836 Mbit/s with framing)
[1;36m[Device: id=0] RX[0m: 10.72 Mpps, 5487 Mbit/s (7202 Mbit/s with framing)
[0;34m[Device: id=0] TX[0m: 50.36 Mpps, 25785 Mbit/s (33843 Mbit/s with framing)
[1;36m[Device: id=0] RX[0m: 10.71 Mpps, 5482 Mbit/s (7195 Mbit/s with framing)
[0;34m[Device: id=0] TX[0m: 50.42 Mpps, 25814 Mbit/s (33881 Mbit/s with framing)
[1;36m[Device: id=0] RX[0m: 10.70 Mpps, 5481 Mbit/s (7194 Mbit/s with framing)
[0;34m[Device: id=0] TX[0m: 50.36 Mpps, 25783 Mbit/s (33841 Mbit/s with framing)
[1;36m[Device: id=0] RX[0m: 10.15 Mpps, 5196 Mbit/s (6820 Mbit/s with framing)
[0;34m[Device: id=0] TX[0m: 50.38 Mpps, 25795 Mbit/s (33856 Mbit/s with framing)
[1;36m[Device: id=0] RX[0m: 7.65 Mpps, 3917 Mbit/s (5142 Mbit/s with framing)
[0;34m[Device: id=0] TX[0m: 50.31 Mpps, 25757 Mbit/s (33806 Mbit/s with framing)
[1;36m[Device: id=0] RX[0m: 8.87 Mpps, 4541 Mbit/s (5960 Mbit/s with framing)
[0;34m[Device: id=0] TX[0m: 50.29 Mpps, 25750 Mbit/s (33797 Mbit/s with framing)
[1;36m[Device: id=0] RX[0m: 8.66 Mpps, 4432 Mbit/s (5817 Mbit/s with framing)
[0;34m[Device: id=0] TX[0m: 50.30 Mpps, 25756 Mbit/s (33805 Mbit/s with framing)
[1;36m[Device: id=0] RX[0m: 10.69 Mpps, 5475 Mbit/s (7186 Mbit/s with framing)
[0;34m[Device: id=0] TX[0m: 50.30 Mpps, 25752 Mbit/s (33799 Mbit/s with framing)
[1;36m[Device: id=0] RX[0m: 10.69 Mpps, 5475 Mbit/s (7186 Mbit/s with framing)
[0;34m[Device: id=0] TX[0m: 50.29 Mpps, 25746 Mbit/s (33792 Mbit/s with framing)
[1;36m[Device: id=0] RX[0m: 10.71 Mpps, 5481 Mbit/s (7194 Mbit/s with framing)
[0;34m[Device: id=0] TX[0m: 50.28 Mpps, 25741 Mbit/s (33785 Mbit/s with framing)
[1;36m[Device: id=0] RX[0m: 10.69 Mpps, 5473 Mbit/s (7183 Mbit/s with framing)
[0;34m[Device: id=0] TX[0m: 50.16 Mpps, 25680 Mbit/s (33705 Mbit/s with framing)
[1;36m[Device: id=0] RX[0m: 9.01 Mpps, 4616 Mbit/s (6058 Mbit/s with framing)
[0;34m[Device: id=0] TX[0m: 50.27 Mpps, 25736 Mbit/s (33778 Mbit/s with framing)
[1;36m[Device: id=0] RX[0m: 10.72 Mpps, 5487 Mbit/s (7201 Mbit/s with framing)
[0;34m[Device: id=0] TX[0m: 50.26 Mpps, 25735 Mbit/s (33777 Mbit/s with framing)
[1;36m[Device: id=0] RX[0m: 10.69 Mpps, 5473 Mbit/s (7183 Mbit/s with framing)
[0;34m[Device: id=0] TX[0m: 50.24 Mpps, 25724 Mbit/s (33762 Mbit/s with framing)
[1;36m[Device: id=0] RX[0m: 10.73 Mpps, 5494 Mbit/s (7211 Mbit/s with framing)
[0;34m[Device: id=0] TX[0m: 50.24 Mpps, 25721 Mbit/s (33759 Mbit/s with framing)
[1;36m[Device: id=0] RX[0m: 10.71 Mpps, 5486 Mbit/s (7200 Mbit/s with framing)
[0;34m[Device: id=0] TX[0m: 50.27 Mpps, 25740 Mbit/s (33784 Mbit/s with framing)
[1;36m[Device: id=0] RX[0m: 10.73 Mpps, 5495 Mbit/s (7212 Mbit/s with framing)
[0;34m[Device: id=0] TX[0m: 50.25 Mpps, 25729 Mbit/s (33769 Mbit/s with framing)
[1;36m[Device: id=0] RX[0m: 10.17 Mpps, 5208 Mbit/s (6836 Mbit/s with framing)
[0;34m[Device: id=0] TX[0m: 50.29 Mpps, 25750 Mbit/s (33797 Mbit/s with framing)
[1;36m[Device: id=0] RX[0m: 9.17 Mpps, 4694 Mbit/s (6161 Mbit/s with framing)
[0;34m[Device: id=0] TX[0m: 50.29 Mpps, 25746 Mbit/s (33792 Mbit/s with framing)
[1;36m[Device: id=0] RX[0m: 9.40 Mpps, 4812 Mbit/s (6316 Mbit/s with framing)
[0;34m[Device: id=0] TX[0m: 50.26 Mpps, 25734 Mbit/s (33775 Mbit/s with framing)
[1;36m[Device: id=0] RX[0m: 9.88 Mpps, 5058 Mbit/s (6638 Mbit/s with framing)
[0;34m[Device: id=0] TX[0m: 50.24 Mpps, 25725 Mbit/s (33765 Mbit/s with framing)
[1;36m[Device: id=0] RX[0m: 9.96 Mpps, 5099 Mbit/s (6692 Mbit/s with framing)
[0;34m[Device: id=0] TX[0m: 50.30 Mpps, 25752 Mbit/s (33799 Mbit/s with framing)
[1;36m[Device: id=0] RX[0m: 9.14 Mpps, 4682 Mbit/s (6145 Mbit/s with framing)
[0;34m[Device: id=0] TX[0m: 50.26 Mpps, 25734 Mbit/s (33776 Mbit/s with framing)
[1;36m[Device: id=0] RX[0m: 10.49 Mpps, 5371 Mbit/s (7050 Mbit/s with framing)
[0;34m[Device: id=0] TX[0m: 50.27 Mpps, 25739 Mbit/s (33783 Mbit/s with framing)
[1;36m[Device: id=0] RX[0m: 9.18 Mpps, 4701 Mbit/s (6170 Mbit/s with framing)
[0;34m[Device: id=0] TX[0m: 50.23 Mpps, 25719 Mbit/s (33756 Mbit/s with framing)
[1;36m[Device: id=0] RX[0m: 9.70 Mpps, 4967 Mbit/s (6520 Mbit/s with framing)
[0;34m[Device: id=0] TX[0m: 50.26 Mpps, 25732 Mbit/s (33774 Mbit/s with framing)
[1;36m[Device: id=0] RX[0m: 10.00 Mpps, 5121 Mbit/s (6721 Mbit/s with framing)
[0;34m[Device: id=0] TX[0m: 50.25 Mpps, 25728 Mbit/s (33768 Mbit/s with framing)
[1;36m[Device: id=0] RX[0m: 9.36 Mpps, 4792 Mbit/s (6289 Mbit/s with framing)
[0;34m[Device: id=0] TX[0m: 50.25 Mpps, 25726 Mbit/s (33766 Mbit/s with framing)
[1;36m[Device: id=0] RX[0m: 9.52 Mpps, 4877 Mbit/s (6401 Mbit/s with framing)
[0;34m[Device: id=0] TX[0m: 50.25 Mpps, 25730 Mbit/s (33770 Mbit/s with framing)
[1;36m[Device: id=0] RX[0m: 9.04 Mpps, 4627 Mbit/s (6073 Mbit/s with framing)
[0;34m[Device: id=0] TX[0m: 50.21 Mpps, 25708 Mbit/s (33742 Mbit/s with framing)
[1;36m[Device: id=0] RX[0m: 10.76 Mpps, 5511 Mbit/s (7233 Mbit/s with framing)
[0;34m[Device: id=0] TX[0m: 50.25 Mpps, 25726 Mbit/s (33765 Mbit/s with framing)
[1;36m[Device: id=0] RX[0m: 10.73 Mpps, 5496 Mbit/s (7213 Mbit/s with framing)
[0;34m[Device: id=0] TX[0m: 50.25 Mpps, 25728 Mbit/s (33768 Mbit/s with framing)
[1;36m[Device: id=0] RX[0m: 10.74 Mpps, 5496 Mbit/s (7214 Mbit/s with framing)
[0;34m[Device: id=0] TX[0m: 50.30 Mpps, 25755 Mbit/s (33804 Mbit/s with framing)
[1;36m[Device: id=0] RX[0m: 10.73 Mpps, 5496 Mbit/s (7213 Mbit/s with framing)
[0;34m[Device: id=0] TX[0m: 50.25 Mpps, 25728 Mbit/s (33768 Mbit/s with framing)
[1;36m[Device: id=0] RX[0m: 10.73 Mpps, 5494 Mbit/s (7211 Mbit/s with framing)
[0;34m[Device: id=0] TX[0m: 50.22 Mpps, 25712 Mbit/s (33748 Mbit/s with framing)
[1;36m[Device: id=0] RX[0m: 10.74 Mpps, 5499 Mbit/s (7218 Mbit/s with framing)
[0;34m[Device: id=0] TX[0m: 50.25 Mpps, 25729 Mbit/s (33769 Mbit/s with framing)
[1;36m[Device: id=0] RX[0m: 10.73 Mpps, 5495 Mbit/s (7212 Mbit/s with framing)
[0;34m[Device: id=0] TX[0m: 50.29 Mpps, 25747 Mbit/s (33792 Mbit/s with framing)
[1;36m[Device: id=0] RX[0m: 10.75 Mpps, 5503 Mbit/s (7223 Mbit/s with framing)
[0;34m[Device: id=0] TX[0m: 50.30 Mpps, 25753 Mbit/s (33801 Mbit/s with framing)
[1;36m[Device: id=0] RX[0m: 9.43 Mpps, 4831 Mbit/s (6340 Mbit/s with framing)
[0;34m[Device: id=0] TX[0m: 50.27 Mpps, 25738 Mbit/s (33781 Mbit/s with framing)
[1;36m[Device: id=0] RX[0m: 9.44 Mpps, 4832 Mbit/s (6341 Mbit/s with framing)
[0;34m[Device: id=0] TX[0m: 50.25 Mpps, 25729 Mbit/s (33769 Mbit/s with framing)
[1;36m[Device: id=0] RX[0m: 10.77 Mpps, 5514 Mbit/s (7237 Mbit/s with framing)
[0;34m[Device: id=0] TX[0m: 50.24 Mpps, 25721 Mbit/s (33759 Mbit/s with framing)
[1;36m[Device: id=0] RX[0m: 9.80 Mpps, 5020 Mbit/s (6589 Mbit/s with framing)
[0;34m[Device: id=0] TX[0m: 50.27 Mpps, 25739 Mbit/s (33782 Mbit/s with framing)
[1;36m[Device: id=0] RX[0m: 10.76 Mpps, 5509 Mbit/s (7230 Mbit/s with framing)
[0;34m[Device: id=0] TX[0m: 50.28 Mpps, 25744 Mbit/s (33789 Mbit/s with framing)
[1;36m[Device: id=0] RX[0m: 10.76 Mpps, 5508 Mbit/s (7229 Mbit/s with framing)
[0;34m[Device: id=0] TX[0m: 50.27 Mpps, 25736 Mbit/s (33778 Mbit/s with framing)
[1;36m[Device: id=0] RX[0m: 9.79 Mpps, 5013 Mbit/s (6580 Mbit/s with framing)
[0;34m[Device: id=0] TX[0m: 50.26 Mpps, 25734 Mbit/s (33775 Mbit/s with framing)
[1;36m[Device: id=0] RX[0m: 10.76 Mpps, 5510 Mbit/s (7232 Mbit/s with framing)
[0;34m[Device: id=0] TX[0m: 50.24 Mpps, 25720 Mbit/s (33758 Mbit/s with framing)
[1;36m[Device: id=0] RX[0m: 8.77 Mpps, 4488 Mbit/s (5891 Mbit/s with framing)
[0;34m[Device: id=0] TX[0m: 50.24 Mpps, 25725 Mbit/s (33764 Mbit/s with framing)
[1;36m[Device: id=0] RX[0m: 10.54 Mpps, 5396 Mbit/s (7083 Mbit/s with framing)
[0;34m[Device: id=0] TX[0m: 50.21 Mpps, 25708 Mbit/s (33742 Mbit/s with framing)
[1;36m[Device: id=0] RX[0m: 9.72 Mpps, 4979 Mbit/s (6535 Mbit/s with framing)
[0;34m[Device: id=0] TX[0m: 50.27 Mpps, 25737 Mbit/s (33780 Mbit/s with framing)
Samples: 755, Average: 60932.4 ns, StdDev: 9188.9 ns, Quartiles: 55216.0/56544.0/61391.0 ns
[1;37m[INFO]  Saving histogram to '/tmp/histogram.csv'[0m
[1;36m[Device: id=0] RX[0m: 10.07 (StdDev 0.81) Mpps, 5156 (StdDev 415) Mbit/s (6767 Mbit/s with framing), total 601560836 packets with 38499893672 bytes (incl. CRC)
[0;34m[Device: id=0] TX[0m: 50.29 (StdDev 0.07) Mpps, 25751 (StdDev 38) Mbit/s (33798 Mbit/s with framing), total 3015978997 packets with 193022658944 bytes (incl. CRC)
