[1;37m[INFO]  Initializing DPDK. This will take a few seconds...[0m
EAL: Probing VFIO support...
EAL: PCI device 0000:20:00.0 on NUMA socket 0
EAL:   probe driver: 8086:1521 net_e1000_igb
EAL: PCI device 0000:20:00.1 on NUMA socket 0
EAL:   probe driver: 8086:1521 net_e1000_igb
EAL: PCI device 0000:b0:00.0 on NUMA socket 1
EAL:   probe driver: 8086:10fb net_ixgbe
[1;37m[INFO]  Found 2 usable devices:[0m
   Device 0: 08:9E:01:9B:21:1F ([0;32mIntel Corporation I350 Gigabit Network Connection[0m)
   Device 1: 64:9D:99:B1:0B:62 ([0;32mIntel Corporation 82599ES 10-Gigabit SFI/SFP+ Network Connection[0m)
PMD: ixgbe_dev_link_status_print():  Port 1: Link Down
[1;37m[INFO]  Waiting for devices to come up...[0m
[1;37m[INFO]  Device 1 (64:9D:99:B1:0B:62) is up: 10000 MBit/s[0m
[1;37m[INFO]  [0;32m1 device is up.[0m[0m
[1;36m[Device: id=1] RX[0m: 0.03 Mpps, 245 Mbit/s (250 Mbit/s with framing)
[0;34m[Device: id=1] TX[0m: 0.03 Mpps, 245 Mbit/s (250 Mbit/s with framing)
[1;36m[Device: id=1] RX[0m: 0.04 Mpps, 248 Mbit/s (254 Mbit/s with framing)
[0;34m[Device: id=1] TX[0m: 0.04 Mpps, 248 Mbit/s (254 Mbit/s with framing)
[1;36m[Device: id=1] RX[0m: 0.03 Mpps, 183 Mbit/s (188 Mbit/s with framing)
[0;34m[Device: id=1] TX[0m: 0.03 Mpps, 247 Mbit/s (253 Mbit/s with framing)
[1;36m[Device: id=1] RX[0m: 0.00 Mpps, 0 Mbit/s (0 Mbit/s with framing)
[0;34m[Device: id=1] TX[0m: 0.03 Mpps, 245 Mbit/s (250 Mbit/s with framing)
[1;36m[Device: id=1] RX[0m: 0.00 Mpps, 0 Mbit/s (0 Mbit/s with framing)
[0;34m[Device: id=1] TX[0m: 0.03 Mpps, 245 Mbit/s (250 Mbit/s with framing)
[1;36m[Device: id=1] RX[0m: 0.00 Mpps, 0 Mbit/s (0 Mbit/s with framing)
[0;34m[Device: id=1] TX[0m: 0.03 Mpps, 245 Mbit/s (250 Mbit/s with framing)
[1;36m[Device: id=1] RX[0m: 0.01 Mpps, 69 Mbit/s (70 Mbit/s with framing)
[0;34m[Device: id=1] TX[0m: 0.03 Mpps, 245 Mbit/s (250 Mbit/s with framing)
[1;36m[Device: id=1] RX[0m: 0.00 Mpps, 0 Mbit/s (0 Mbit/s with framing)
[0;34m[Device: id=1] TX[0m: 0.03 Mpps, 245 Mbit/s (250 Mbit/s with framing)
[1;36m[Device: id=1] RX[0m: 0.00 Mpps, 0 Mbit/s (0 Mbit/s with framing)
[0;34m[Device: id=1] TX[0m: 0.03 Mpps, 245 Mbit/s (250 Mbit/s with framing)
[1;36m[Device: id=1] RX[0m: 0.00 Mpps, 0 Mbit/s (0 Mbit/s with framing)
[0;34m[Device: id=1] TX[0m: 0.03 Mpps, 245 Mbit/s (250 Mbit/s with framing)
[1;36m[Device: id=1] RX[0m: 0.02 Mpps, 116 Mbit/s (118 Mbit/s with framing)
[0;34m[Device: id=1] TX[0m: 0.03 Mpps, 246 Mbit/s (251 Mbit/s with framing)
[1;36m[Device: id=1] RX[0m: 0.04 Mpps, 248 Mbit/s (254 Mbit/s with framing)
[0;34m[Device: id=1] TX[0m: 0.04 Mpps, 248 Mbit/s (254 Mbit/s with framing)
[1;36m[Device: id=1] RX[0m: 0.04 Mpps, 248 Mbit/s (254 Mbit/s with framing)
[0;34m[Device: id=1] TX[0m: 0.04 Mpps, 248 Mbit/s (254 Mbit/s with framing)
[1;36m[Device: id=1] RX[0m: 0.04 Mpps, 248 Mbit/s (254 Mbit/s with framing)
[0;34m[Device: id=1] TX[0m: 0.04 Mpps, 248 Mbit/s (254 Mbit/s with framing)
[1;36m[Device: id=1] RX[0m: 0.04 Mpps, 248 Mbit/s (254 Mbit/s with framing)
[0;34m[Device: id=1] TX[0m: 0.04 Mpps, 248 Mbit/s (254 Mbit/s with framing)
[1;36m[Device: id=1] RX[0m: 0.04 Mpps, 248 Mbit/s (254 Mbit/s with framing)
[0;34m[Device: id=1] TX[0m: 0.04 Mpps, 248 Mbit/s (254 Mbit/s with framing)
[1;36m[Device: id=1] RX[0m: 0.04 Mpps, 248 Mbit/s (254 Mbit/s with framing)
[0;34m[Device: id=1] TX[0m: 0.04 Mpps, 248 Mbit/s (254 Mbit/s with framing)
[1;36m[Device: id=1] RX[0m: 0.04 Mpps, 248 Mbit/s (254 Mbit/s with framing)
[0;34m[Device: id=1] TX[0m: 0.04 Mpps, 248 Mbit/s (254 Mbit/s with framing)
[1;36m[Device: id=1] RX[0m: 0.02 Mpps, 108 Mbit/s (110 Mbit/s with framing)
[0;34m[Device: id=1] TX[0m: 0.03 Mpps, 246 Mbit/s (251 Mbit/s with framing)
[1;36m[Device: id=1] RX[0m: 0.00 Mpps, 0 Mbit/s (0 Mbit/s with framing)
[0;34m[Device: id=1] TX[0m: 0.03 Mpps, 245 Mbit/s (250 Mbit/s with framing)
[1;36m[Device: id=1] RX[0m: 0.00 Mpps, 0 Mbit/s (0 Mbit/s with framing)
[0;34m[Device: id=1] TX[0m: 0.03 Mpps, 245 Mbit/s (250 Mbit/s with framing)
[1;36m[Device: id=1] RX[0m: 0.00 Mpps, 0 Mbit/s (0 Mbit/s with framing)
[0;34m[Device: id=1] TX[0m: 0.03 Mpps, 245 Mbit/s (250 Mbit/s with framing)
[1;36m[Device: id=1] RX[0m: 0.03 Mpps, 188 Mbit/s (192 Mbit/s with framing)
[0;34m[Device: id=1] TX[0m: 0.03 Mpps, 247 Mbit/s (252 Mbit/s with framing)
[1;36m[Device: id=1] RX[0m: 0.04 Mpps, 248 Mbit/s (254 Mbit/s with framing)
[0;34m[Device: id=1] TX[0m: 0.04 Mpps, 248 Mbit/s (254 Mbit/s with framing)
[1;36m[Device: id=1] RX[0m: 0.04 Mpps, 248 Mbit/s (254 Mbit/s with framing)
[0;34m[Device: id=1] TX[0m: 0.04 Mpps, 248 Mbit/s (254 Mbit/s with framing)
[1;36m[Device: id=1] RX[0m: 0.03 Mpps, 197 Mbit/s (202 Mbit/s with framing)
[0;34m[Device: id=1] TX[0m: 0.03 Mpps, 248 Mbit/s (253 Mbit/s with framing)
[1;36m[Device: id=1] RX[0m: 0.00 Mpps, 0 Mbit/s (0 Mbit/s with framing)
[0;34m[Device: id=1] TX[0m: 0.03 Mpps, 245 Mbit/s (250 Mbit/s with framing)
[1;36m[Device: id=1] RX[0m: 0.00 Mpps, 0 Mbit/s (0 Mbit/s with framing)
[0;34m[Device: id=1] TX[0m: 0.03 Mpps, 245 Mbit/s (250 Mbit/s with framing)
[1;36m[Device: id=1] RX[0m: 0.00 Mpps, 0 Mbit/s (0 Mbit/s with framing)
[0;34m[Device: id=1] TX[0m: 0.03 Mpps, 245 Mbit/s (250 Mbit/s with framing)
Samples: 81117, Average: 126255.4 ns, StdDev: 123800.7 ns, Quartiles: 98970.0/113972.0/137722.0 ns
[1;37m[INFO]  Saving histogram to 'histogram.csv'[0m
[1;36m[Device: id=1] RX[0m: 0.02 (StdDev 0.02) Mpps, 119 (StdDev 115) Mbit/s (122 Mbit/s with framing), total 522887 packets with 457545758 bytes (incl. CRC)
[0;34m[Device: id=1] TX[0m: 0.03 (StdDev 0.00) Mpps, 246 (StdDev 2) Mbit/s (252 Mbit/s with framing), total 978774 packets with 923634816 bytes (incl. CRC)
