[1;37m[INFO]  Initializing DPDK. This will take a few seconds...[0m
EAL: Probing VFIO support...
EAL: PCI device 0000:20:00.0 on NUMA socket 0
EAL:   probe driver: 8086:1521 net_e1000_igb
EAL: PCI device 0000:20:00.1 on NUMA socket 0
EAL:   probe driver: 8086:1521 net_e1000_igb
EAL: PCI device 0000:b0:00.0 on NUMA socket 1
EAL:   probe driver: 8086:10fb net_ixgbe
[1;37m[INFO]  Found 2 usable devices:[0m
   Device 0: 08:9E:01:9B:21:1F ([0;32mIntel Corporation I350 Gigabit Network Connection[0m)
   Device 1: 64:9D:99:B1:0B:62 ([0;32mIntel Corporation 82599ES 10-Gigabit SFI/SFP+ Network Connection[0m)
PMD: ixgbe_dev_link_status_print():  Port 1: Link Down
[1;37m[INFO]  Waiting for devices to come up...[0m
[1;37m[INFO]  Device 1 (64:9D:99:B1:0B:62) is up: 10000 MBit/s[0m
[1;37m[INFO]  [0;32m1 device is up.[0m[0m
[1;36m[Device: id=1] RX[0m: 0.09 Mpps, 749 Mbit/s (764 Mbit/s with framing)
[0;34m[Device: id=1] TX[0m: 0.15 Mpps, 1228 Mbit/s (1252 Mbit/s with framing)
[1;36m[Device: id=1] RX[0m: 0.11 Mpps, 935 Mbit/s (953 Mbit/s with framing)
[0;34m[Device: id=1] TX[0m: 0.15 Mpps, 1228 Mbit/s (1252 Mbit/s with framing)
[1;36m[Device: id=1] RX[0m: 0.11 Mpps, 935 Mbit/s (953 Mbit/s with framing)
[0;34m[Device: id=1] TX[0m: 0.15 Mpps, 1228 Mbit/s (1252 Mbit/s with framing)
[1;36m[Device: id=1] RX[0m: 0.11 Mpps, 933 Mbit/s (951 Mbit/s with framing)
[0;34m[Device: id=1] TX[0m: 0.15 Mpps, 1228 Mbit/s (1252 Mbit/s with framing)
[1;36m[Device: id=1] RX[0m: 0.11 Mpps, 934 Mbit/s (953 Mbit/s with framing)
[0;34m[Device: id=1] TX[0m: 0.15 Mpps, 1228 Mbit/s (1252 Mbit/s with framing)
[1;36m[Device: id=1] RX[0m: 0.12 Mpps, 947 Mbit/s (965 Mbit/s with framing)
[0;34m[Device: id=1] TX[0m: 0.15 Mpps, 1228 Mbit/s (1252 Mbit/s with framing)
[1;36m[Device: id=1] RX[0m: 0.12 Mpps, 948 Mbit/s (967 Mbit/s with framing)
[0;34m[Device: id=1] TX[0m: 0.15 Mpps, 1228 Mbit/s (1252 Mbit/s with framing)
[1;36m[Device: id=1] RX[0m: 0.12 Mpps, 942 Mbit/s (961 Mbit/s with framing)
[0;34m[Device: id=1] TX[0m: 0.15 Mpps, 1228 Mbit/s (1252 Mbit/s with framing)
[1;36m[Device: id=1] RX[0m: 0.11 Mpps, 935 Mbit/s (953 Mbit/s with framing)
[0;34m[Device: id=1] TX[0m: 0.15 Mpps, 1228 Mbit/s (1252 Mbit/s with framing)
[1;36m[Device: id=1] RX[0m: 0.11 Mpps, 934 Mbit/s (952 Mbit/s with framing)
[0;34m[Device: id=1] TX[0m: 0.15 Mpps, 1228 Mbit/s (1252 Mbit/s with framing)
[1;36m[Device: id=1] RX[0m: 0.11 Mpps, 932 Mbit/s (950 Mbit/s with framing)
[0;34m[Device: id=1] TX[0m: 0.15 Mpps, 1228 Mbit/s (1252 Mbit/s with framing)
[1;36m[Device: id=1] RX[0m: 0.11 Mpps, 936 Mbit/s (955 Mbit/s with framing)
[0;34m[Device: id=1] TX[0m: 0.15 Mpps, 1228 Mbit/s (1252 Mbit/s with framing)
[1;36m[Device: id=1] RX[0m: 0.11 Mpps, 935 Mbit/s (953 Mbit/s with framing)
[0;34m[Device: id=1] TX[0m: 0.15 Mpps, 1228 Mbit/s (1252 Mbit/s with framing)
[1;36m[Device: id=1] RX[0m: 0.11 Mpps, 936 Mbit/s (955 Mbit/s with framing)
[0;34m[Device: id=1] TX[0m: 0.15 Mpps, 1228 Mbit/s (1252 Mbit/s with framing)
[1;36m[Device: id=1] RX[0m: 0.11 Mpps, 935 Mbit/s (953 Mbit/s with framing)
[0;34m[Device: id=1] TX[0m: 0.15 Mpps, 1228 Mbit/s (1252 Mbit/s with framing)
[1;36m[Device: id=1] RX[0m: 0.11 Mpps, 935 Mbit/s (953 Mbit/s with framing)
[0;34m[Device: id=1] TX[0m: 0.15 Mpps, 1228 Mbit/s (1252 Mbit/s with framing)
[1;36m[Device: id=1] RX[0m: 0.11 Mpps, 935 Mbit/s (953 Mbit/s with framing)
[0;34m[Device: id=1] TX[0m: 0.15 Mpps, 1228 Mbit/s (1252 Mbit/s with framing)
[1;36m[Device: id=1] RX[0m: 0.11 Mpps, 934 Mbit/s (952 Mbit/s with framing)
[0;34m[Device: id=1] TX[0m: 0.15 Mpps, 1228 Mbit/s (1252 Mbit/s with framing)
[1;36m[Device: id=1] RX[0m: 0.11 Mpps, 936 Mbit/s (954 Mbit/s with framing)
[0;34m[Device: id=1] TX[0m: 0.15 Mpps, 1228 Mbit/s (1252 Mbit/s with framing)
[1;36m[Device: id=1] RX[0m: 0.11 Mpps, 934 Mbit/s (952 Mbit/s with framing)
[0;34m[Device: id=1] TX[0m: 0.15 Mpps, 1228 Mbit/s (1252 Mbit/s with framing)
[1;36m[Device: id=1] RX[0m: 0.11 Mpps, 935 Mbit/s (953 Mbit/s with framing)
[0;34m[Device: id=1] TX[0m: 0.15 Mpps, 1228 Mbit/s (1252 Mbit/s with framing)
[1;36m[Device: id=1] RX[0m: 0.11 Mpps, 936 Mbit/s (954 Mbit/s with framing)
[0;34m[Device: id=1] TX[0m: 0.15 Mpps, 1228 Mbit/s (1252 Mbit/s with framing)
[1;36m[Device: id=1] RX[0m: 0.11 Mpps, 936 Mbit/s (955 Mbit/s with framing)
[0;34m[Device: id=1] TX[0m: 0.15 Mpps, 1228 Mbit/s (1252 Mbit/s with framing)
[1;36m[Device: id=1] RX[0m: 0.11 Mpps, 935 Mbit/s (953 Mbit/s with framing)
[0;34m[Device: id=1] TX[0m: 0.15 Mpps, 1228 Mbit/s (1252 Mbit/s with framing)
[1;36m[Device: id=1] RX[0m: 0.11 Mpps, 938 Mbit/s (956 Mbit/s with framing)
[0;34m[Device: id=1] TX[0m: 0.15 Mpps, 1228 Mbit/s (1252 Mbit/s with framing)
[1;36m[Device: id=1] RX[0m: 0.11 Mpps, 936 Mbit/s (955 Mbit/s with framing)
[0;34m[Device: id=1] TX[0m: 0.15 Mpps, 1228 Mbit/s (1252 Mbit/s with framing)
[1;36m[Device: id=1] RX[0m: 0.11 Mpps, 937 Mbit/s (955 Mbit/s with framing)
[0;34m[Device: id=1] TX[0m: 0.15 Mpps, 1228 Mbit/s (1252 Mbit/s with framing)
[1;36m[Device: id=1] RX[0m: 0.11 Mpps, 935 Mbit/s (954 Mbit/s with framing)
[0;34m[Device: id=1] TX[0m: 0.15 Mpps, 1228 Mbit/s (1252 Mbit/s with framing)
[1;36m[Device: id=1] RX[0m: 0.11 Mpps, 936 Mbit/s (954 Mbit/s with framing)
[0;34m[Device: id=1] TX[0m: 0.15 Mpps, 1228 Mbit/s (1252 Mbit/s with framing)
Samples: 1516, Average: 6102753.0 ns, StdDev: 650687.4 ns, Quartiles: 5568422.0/6088774.0/6530534.0 ns
[1;37m[INFO]  Saving histogram to 'histogram.csv'[0m
[1;36m[Device: id=1] RX[0m: 0.11 (StdDev 0.00) Mpps, 936 (StdDev 4) Mbit/s (955 Mbit/s with framing), total 3398838 packets with 3478951032 bytes (incl. CRC)
[0;34m[Device: id=1] TX[0m: 0.15 (StdDev 0.00) Mpps, 1228 (StdDev 0) Mbit/s (1252 Mbit/s with framing), total 4489730 packets with 4595272640 bytes (incl. CRC)
