/nix/store/2vwkssqpzykk37r996cafq7x63imf4sp-openjdk-21+35/bin/java  -classpath /nix/store/zw02np72fzsmga6s5mphhw7x8qlzf4sv-ycsb-0.17.0/share/conf:/nix/store/zw02np72fzsmga6s5mphhw7x8qlzf4sv-ycsb-0.17.0/share/lib/core-0.17.0.jar:/nix/store/zw02np72fzsmga6s5mphhw7x8qlzf4sv-ycsb-0.17.0/share/lib/HdrHistogram-2.1.4.jar:/nix/store/zw02np72fzsmga6s5mphhw7x8qlzf4sv-ycsb-0.17.0/share/lib/htrace-core4-4.1.0-incubating.jar:/nix/store/zw02np72fzsmga6s5mphhw7x8qlzf4sv-ycsb-0.17.0/share/lib/jackson-core-asl-1.9.4.jar:/nix/store/zw02np72fzsmga6s5mphhw7x8qlzf4sv-ycsb-0.17.0/share/lib/jackson-mapper-asl-1.9.4.jar:/nix/store/zw02np72fzsmga6s5mphhw7x8qlzf4sv-ycsb-0.17.0/share/redis-binding/lib/commons-pool2-2.4.2.jar:/nix/store/zw02np72fzsmga6s5mphhw7x8qlzf4sv-ycsb-0.17.0/share/redis-binding/lib/jedis-2.9.0.jar:/nix/store/zw02np72fzsmga6s5mphhw7x8qlzf4sv-ycsb-0.17.0/share/redis-binding/lib/redis-binding-0.17.0.jar site.ycsb.Client -t -db site.ycsb.db.RedisClient -s -P /home/host/vmuxIO/test/moonprogs//../../ycsb/share/workloads/workloada -p redis.host=10.1.0.2 -p redis.port=6389 -p operationcount=429496729 -p maxexecutiontime=61 -threads 1
Command line: -t -db site.ycsb.db.RedisClient -s -P /home/host/vmuxIO/test/moonprogs//../../ycsb/share/workloads/workloada -p redis.host=10.1.0.2 -p redis.port=6389 -p operationcount=429496729 -p maxexecutiontime=61 -threads 1
YCSB Client 0.17.0

Loading workload...
Starting test.
Maximum execution time specified as: 61 secs
DBWrapper: report latency for each error is false and specific error codes to track for latency are: []
2025-04-02 01:29:18:458 0 sec: 0 operations; est completion in 0 second 
2025-04-02 01:29:28:260 10 sec: 9322 operations; 932.11 current ops/sec; est completion in 5 days 7 hours [READ: Count=4612, Max=212991, Min=86, Avg=1053.63, 90=1970, 99=11583, 99.9=44703, 99.99=212991] [UPDATE: Count=4713, Max=209663, Min=84, Avg=1023.62, 90=2161, 99=11935, 99.9=33663, 99.99=209663] 
2025-04-02 01:29:38:260 20 sec: 25158 operations; 1583.6 current ops/sec; est completion in 3 days 22 hours [READ: Count=7972, Max=210047, Min=83, Avg=555.04, 90=636, 99=8231, 99.9=13631, 99.99=31103] [UPDATE: Count=7861, Max=216319, Min=80, Avg=698.33, 90=623, 99=8239, 99.9=19903, 99.99=213631] 
2025-04-02 01:29:48:260 30 sec: 41161 operations; 1600.3 current ops/sec; est completion in 3 days 14 hours [READ: Count=8029, Max=214527, Min=84, Avg=577.39, 90=748, 99=8115, 99.9=13023, 99.99=203903] [UPDATE: Count=7974, Max=218111, Min=77, Avg=664.26, 90=665, 99=8075, 99.9=17663, 99.99=216063] 
2025-04-02 01:29:58:260 40 sec: 56197 operations; 1503.75 current ops/sec; est completion in 3 days 12 hours [READ: Count=7538, Max=216703, Min=83, Avg=668.89, 90=873, 99=8415, 99.9=15423, 99.99=214527] [UPDATE: Count=7498, Max=223999, Min=81, Avg=654.99, 90=901, 99=8015, 99.9=15207, 99.99=209535] 
2025-04-02 01:30:08:260 50 sec: 71757 operations; 1556 current ops/sec; est completion in 3 days 11 hours [READ: Count=7713, Max=213247, Min=84, Avg=642.86, 90=822, 99=8139, 99.9=16543, 99.99=208895] [UPDATE: Count=7847, Max=210047, Min=82, Avg=637.02, 90=768, 99=8115, 99.9=13231, 99.99=209151] 
2025-04-02 01:30:18:260 60 sec: 88642 operations; 1688.5 current ops/sec; est completion in 3 days 8 hours [READ: Count=8461, Max=218367, Min=81, Avg=585.8, 90=354, 99=8171, 99.9=14143, 99.99=215167] [UPDATE: Count=8424, Max=207359, Min=79, Avg=593.94, 90=362, 99=8207, 99.9=14271, 99.99=206335] 
Maximum time elapsed. Requesting stop for the workload.
Stop requested for workload. Now Joining!
2025-04-02 01:30:19:265 61 sec: 90070 operations; 1420.9 current ops/sec; est completion in 3 days 8 hours [READ: Count=716, Max=14327, Min=94, Avg=599.94, 90=748, 99=8167, 99.9=12375, 99.99=14327] [CLEANUP: Count=1, Max=980, Min=980, Avg=980, 90=980, 99=980, 99.9=980, 99.99=980] [UPDATE: Count=712, Max=206591, Min=85, Avg=803.39, 90=434, 99=9151, 99.9=18239, 99.99=206591] 
[OVERALL], RunTime(ms), 61015
[OVERALL], Throughput(ops/sec), 1476.1943784315333
[TOTAL_GCS_Copy], Count, 8
[TOTAL_GC_TIME_Copy], Time(ms), 17
[TOTAL_GC_TIME_%_Copy], Time(%), 0.02786200114725887
[TOTAL_GCS_MarkSweepCompact], Count, 0
[TOTAL_GC_TIME_MarkSweepCompact], Time(ms), 0
[TOTAL_GC_TIME_%_MarkSweepCompact], Time(%), 0.0
[TOTAL_GCs], Count, 8
[TOTAL_GC_TIME], Time(ms), 17
[TOTAL_GC_TIME_%], Time(%), 0.02786200114725887
[READ], Operations, 45041
[READ], AverageLatency(us), 650.6619080393419
[READ], MinLatency(us), 81
[READ], MaxLatency(us), 218367
[READ], 95thPercentileLatency(us), 2805
[READ], 99thPercentileLatency(us), 8295
[READ], Return=OK, 45041
[CLEANUP], Operations, 1
[CLEANUP], AverageLatency(us), 980.0
[CLEANUP], MinLatency(us), 980
[CLEANUP], MaxLatency(us), 980
[CLEANUP], 95thPercentileLatency(us), 980
[CLEANUP], 99thPercentileLatency(us), 980
[UPDATE], Operations, 45029
[UPDATE], AverageLatency(us), 690.5771391769748
[UPDATE], MinLatency(us), 77
[UPDATE], MaxLatency(us), 223999
[UPDATE], 95thPercentileLatency(us), 2809
[UPDATE], 99thPercentileLatency(us), 8439
[UPDATE], Return=OK, 45029
AUTOTEST_DONE
