/nix/store/2vwkssqpzykk37r996cafq7x63imf4sp-openjdk-21+35/bin/java  -classpath /nix/store/zw02np72fzsmga6s5mphhw7x8qlzf4sv-ycsb-0.17.0/share/conf:/nix/store/zw02np72fzsmga6s5mphhw7x8qlzf4sv-ycsb-0.17.0/share/lib/core-0.17.0.jar:/nix/store/zw02np72fzsmga6s5mphhw7x8qlzf4sv-ycsb-0.17.0/share/lib/HdrHistogram-2.1.4.jar:/nix/store/zw02np72fzsmga6s5mphhw7x8qlzf4sv-ycsb-0.17.0/share/lib/htrace-core4-4.1.0-incubating.jar:/nix/store/zw02np72fzsmga6s5mphhw7x8qlzf4sv-ycsb-0.17.0/share/lib/jackson-core-asl-1.9.4.jar:/nix/store/zw02np72fzsmga6s5mphhw7x8qlzf4sv-ycsb-0.17.0/share/lib/jackson-mapper-asl-1.9.4.jar:/nix/store/zw02np72fzsmga6s5mphhw7x8qlzf4sv-ycsb-0.17.0/share/redis-binding/lib/commons-pool2-2.4.2.jar:/nix/store/zw02np72fzsmga6s5mphhw7x8qlzf4sv-ycsb-0.17.0/share/redis-binding/lib/jedis-2.9.0.jar:/nix/store/zw02np72fzsmga6s5mphhw7x8qlzf4sv-ycsb-0.17.0/share/redis-binding/lib/redis-binding-0.17.0.jar site.ycsb.Client -t -db site.ycsb.db.RedisClient -s -P /home/host/vmuxIO/test/moonprogs//../../ycsb/share/workloads/workloada -p redis.host=10.1.0.2 -p redis.port=6379 -p operationcount=429496729 -p maxexecutiontime=61 -threads 1
Command line: -t -db site.ycsb.db.RedisClient -s -P /home/host/vmuxIO/test/moonprogs//../../ycsb/share/workloads/workloada -p redis.host=10.1.0.2 -p redis.port=6379 -p operationcount=429496729 -p maxexecutiontime=61 -threads 1
YCSB Client 0.17.0

Loading workload...
Starting test.
Maximum execution time specified as: 61 secs
DBWrapper: report latency for each error is false and specific error codes to track for latency are: []
2025-04-02 01:29:18:717 0 sec: 0 operations; est completion in 0 second 
2025-04-02 01:29:28:449 10 sec: 9751 operations; 975.1 current ops/sec; est completion in 5 days 2 hours [READ: Count=4925, Max=76351, Min=92, Avg=909.51, 90=1780, 99=11863, 99.9=27663, 99.99=76351] [UPDATE: Count=4834, Max=219775, Min=88, Avg=1061.23, 90=2049, 99=12983, 99.9=34143, 99.99=219775] 
2025-04-02 01:29:38:449 20 sec: 28089 operations; 1833.8 current ops/sec; est completion in 3 days 12 hours [READ: Count=9144, Max=81727, Min=88, Avg=537.77, 90=617, 99=8287, 99.9=15647, 99.99=17407] [UPDATE: Count=9186, Max=18767, Min=83, Avg=541.94, 90=678, 99=8191, 99.9=14591, 99.99=17807] 
2025-04-02 01:29:48:449 30 sec: 47838 operations; 1974.9 current ops/sec; est completion in 3 days 2 hours [READ: Count=9920, Max=19823, Min=87, Avg=495.33, 90=548, 99=8147, 99.9=14191, 99.99=17343] [UPDATE: Count=9829, Max=22847, Min=83, Avg=510.39, 90=603, 99=8075, 99.9=13911, 99.99=20127] 
2025-04-02 01:29:58:449 40 sec: 66394 operations; 1855.6 current ops/sec; est completion in 2 days 23 hours [READ: Count=9279, Max=218367, Min=82, Avg=568.69, 90=524, 99=8831, 99.9=16271, 99.99=22239] [UPDATE: Count=9277, Max=19167, Min=82, Avg=502.73, 90=516, 99=8163, 99.9=13271, 99.99=18463] 
2025-04-02 01:30:08:449 50 sec: 86358 operations; 1996.4 current ops/sec; est completion in 2 days 21 hours [READ: Count=10121, Max=22111, Min=83, Avg=495.15, 90=511, 99=7999, 99.9=15183, 99.99=17823] [UPDATE: Count=9843, Max=20463, Min=83, Avg=502.39, 90=516, 99=8167, 99.9=14495, 99.99=19215] 
2025-04-02 01:30:18:449 60 sec: 106967 operations; 2060.9 current ops/sec; est completion in 2 days 18 hours [READ: Count=10315, Max=15175, Min=85, Avg=499.97, 90=362, 99=8191, 99.9=13207, 99.99=15143] [UPDATE: Count=10294, Max=18719, Min=81, Avg=466.6, 90=323, 99=8163, 99.9=13215, 99.99=18479] 
Maximum time elapsed. Requesting stop for the workload.
Stop requested for workload. Now Joining!
2025-04-02 01:30:19:461 61 sec: 109111 operations; 2120.67 current ops/sec; est completion in 2 days 18 hours [READ: Count=1055, Max=15727, Min=84, Avg=501.65, 90=503, 99=8399, 99.9=15007, 99.99=15727] [CLEANUP: Count=1, Max=1102, Min=1102, Avg=1102, 90=1102, 99=1102, 99.9=1102, 99.99=1102] [UPDATE: Count=1089, Max=13143, Min=80, Avg=438.44, 90=441, 99=8087, 99.9=10319, 99.99=13143] 
[OVERALL], RunTime(ms), 61015
[OVERALL], Throughput(ops/sec), 1788.2651806932722
[TOTAL_GCS_Copy], Count, 10
[TOTAL_GC_TIME_Copy], Time(ms), 17
[TOTAL_GC_TIME_%_Copy], Time(%), 0.02786200114725887
[TOTAL_GCS_MarkSweepCompact], Count, 0
[TOTAL_GC_TIME_MarkSweepCompact], Time(ms), 0
[TOTAL_GC_TIME_%_MarkSweepCompact], Time(%), 0.0
[TOTAL_GCs], Count, 10
[TOTAL_GC_TIME], Time(ms), 17
[TOTAL_GC_TIME_%], Time(%), 0.02786200114725887
[READ], Operations, 54759
[READ], AverageLatency(us), 553.0609580160339
[READ], MinLatency(us), 82
[READ], MaxLatency(us), 218367
[READ], 95thPercentileLatency(us), 2691
[READ], 99thPercentileLatency(us), 8423
[READ], Return=OK, 54759
[CLEANUP], Operations, 1
[CLEANUP], AverageLatency(us), 1102.0
[CLEANUP], MinLatency(us), 1102
[CLEANUP], MaxLatency(us), 1102
[CLEANUP], 95thPercentileLatency(us), 1102
[CLEANUP], 99thPercentileLatency(us), 1102
[UPDATE], Operations, 54352
[UPDATE], AverageLatency(us), 552.2215557845158
[UPDATE], MinLatency(us), 80
[UPDATE], MaxLatency(us), 219775
[UPDATE], 95thPercentileLatency(us), 2665
[UPDATE], 99thPercentileLatency(us), 8279
[UPDATE], Return=OK, 54352
AUTOTEST_DONE
