Running 1m test @ http://10.1.0.21:5000
  8 threads and 16 connections

  Thread calibration: mean lat.: 5.551ms, rate sampling interval: 18ms
  Thread calibration: mean lat.: 6.697ms, rate sampling interval: 23ms
  Thread calibration: mean lat.: 6.841ms, rate sampling interval: 23ms
  Thread calibration: mean lat.: 5.740ms, rate sampling interval: 17ms
  Thread calibration: mean lat.: 5.832ms, rate sampling interval: 20ms
  Thread calibration: mean lat.: 7.286ms, rate sampling interval: 26ms
  Thread calibration: mean lat.: 6.497ms, rate sampling interval: 22ms
  Thread calibration: mean lat.: 6.994ms, rate sampling interval: 24ms

-----------------------------------------------------------------------
Test Results @ http://10.1.0.21:5000 
  Thread Stats   Avg      Stdev     99%   +/- Stdev
    Latency     5.50ms    3.40ms  14.60ms   68.68%
    Req/Sec     2.10     10.15    55.00     95.71%
  Latency Distribution (HdrHistogram - Recorded Latency)
 50.000%    4.34ms
 75.000%    7.91ms
 90.000%   10.85ms
 99.000%   14.60ms
 99.900%   15.13ms
 99.990%   15.28ms
 99.999%   15.28ms
100.000%   15.28ms

  Detailed Percentile spectrum:
       Value   Percentile   TotalCount 1/(1-Percentile)

       1.110     0.000000            1         1.00
       2.053     0.100000           85         1.11
       2.445     0.200000          169         1.25
       3.063     0.300000          253         1.43
       3.741     0.400000          338         1.67
       4.339     0.500000          422         2.00
       4.675     0.550000          464         2.22
       5.135     0.600000          507         2.50
       5.779     0.650000          549         2.86
       6.835     0.700000          591         3.33
       7.915     0.750000          633         4.00
       8.359     0.775000          654         4.44
       8.727     0.800000          675         5.00
       9.415     0.825000          696         5.71
       9.807     0.850000          717         6.67
      10.231     0.875000          738         8.00
      10.479     0.887500          749         8.89
      10.847     0.900000          759        10.00
      11.143     0.912500          770        11.43
      11.239     0.925000          780        13.33
      11.663     0.937500          791        16.00
      11.815     0.943750          796        17.78
      12.063     0.950000          801        20.00
      12.679     0.956250          807        22.86
      13.015     0.962500          812        26.67
      13.175     0.968750          817        32.00
      13.463     0.971875          820        35.56
      13.647     0.975000          822        40.00
      13.767     0.978125          825        45.71
      14.103     0.981250          828        53.33
      14.215     0.984375          830        64.00
      14.335     0.985938          832        71.11
      14.511     0.987500          833        80.00
      14.575     0.989062          834        91.43
      14.663     0.990625          836       106.67
      14.671     0.992188          837       128.00
      14.767     0.992969          838       142.22
      14.767     0.993750          838       160.00
      14.967     0.994531          839       182.86
      15.079     0.995313          840       213.33
      15.079     0.996094          840       256.00
      15.119     0.996484          841       284.44
      15.119     0.996875          841       320.00
      15.119     0.997266          841       365.71
      15.127     0.997656          842       426.67
      15.127     0.998047          842       512.00
      15.127     0.998242          842       568.89
      15.127     0.998437          842       640.00
      15.127     0.998633          842       731.43
      15.279     0.998828          843       853.33
      15.279     1.000000          843          inf
#[Mean    =        5.502, StdDeviation   =        3.397]
#[Max     =       15.272, Total count    =          843]
#[Buckets =           27, SubBuckets     =         2048]
-----------------------------------------------------------------------
  1020 requests in 1.03m, 1.65MB read
  Socket errors: connect 0, read 0, write 0, timeout 51
Requests/sec:     16.47  
Transfer/sec:     27.23KB
AUTOTEST_DONE
