Running 1m test @ http://10.1.0.21:5000
  8 threads and 16 connections

  Thread calibration: mean lat.: 52.353ms, rate sampling interval: 392ms
  Thread calibration: mean lat.: 42.939ms, rate sampling interval: 292ms
  Thread calibration: mean lat.: 39.347ms, rate sampling interval: 290ms
  Thread calibration: mean lat.: 38.375ms, rate sampling interval: 209ms
  Thread calibration: mean lat.: 48.660ms, rate sampling interval: 376ms
  Thread calibration: mean lat.: 31.460ms, rate sampling interval: 179ms
  Thread calibration: mean lat.: 58.217ms, rate sampling interval: 355ms
  Thread calibration: mean lat.: 45.742ms, rate sampling interval: 372ms

-----------------------------------------------------------------------
Test Results @ http://10.1.0.21:5000 
  Thread Stats   Avg      Stdev     99%   +/- Stdev
    Latency    55.52ms   92.10ms 476.67ms   90.76%
    Req/Sec   130.72     24.96   193.00     72.08%
  Latency Distribution (HdrHistogram - Recorded Latency)
 50.000%   23.49ms
 75.000%   59.13ms
 90.000%  138.75ms
 99.000%  476.67ms
 99.900%  711.68ms
 99.990%  838.14ms
 99.999%  870.91ms
100.000%  873.98ms

  Detailed Percentile spectrum:
       Value   Percentile   TotalCount 1/(1-Percentile)

       0.557     0.000000            1         1.00
       2.005     0.100000         5346         1.11
       5.619     0.200000        10694         1.25
      10.327     0.300000        16046         1.43
      16.127     0.400000        21384         1.67
      23.487     0.500000        26738         2.00
      27.887     0.550000        29406         2.22
      32.831     0.600000        32093         2.50
      39.487     0.650000        34753         2.86
      47.903     0.700000        37431         3.33
      59.135     0.750000        40097         4.00
      66.303     0.775000        41432         4.44
      75.135     0.800000        42769         5.00
      85.311     0.825000        44113         5.71
      98.239     0.850000        45442         6.67
     115.519     0.875000        46780         8.00
     126.015     0.887500        47448         8.89
     138.751     0.900000        48118        10.00
     154.751     0.912500        48784        11.43
     174.207     0.925000        49451        13.33
     199.551     0.937500        50122        16.00
     213.631     0.943750        50454        17.78
     231.807     0.950000        50787        20.00
     255.615     0.956250        51123        22.86
     281.087     0.962500        51456        26.67
     314.111     0.968750        51790        32.00
     329.471     0.971875        51957        35.56
     345.599     0.975000        52126        40.00
     362.751     0.978125        52292        45.71
     381.183     0.981250        52459        53.33
     403.199     0.984375        52626        64.00
     421.375     0.985938        52709        71.11
     439.295     0.987500        52794        80.00
     460.799     0.989062        52876        91.43
     496.639     0.990625        52959       106.67
     551.423     0.992188        53043       128.00
     572.415     0.992969        53085       142.22
     584.191     0.993750        53128       160.00
     596.991     0.994531        53172       182.86
     608.767     0.995313        53210       213.33
     621.567     0.996094        53252       256.00
     628.223     0.996484        53273       284.44
     635.391     0.996875        53293       320.00
     644.095     0.997266        53315       365.71
     653.823     0.997656        53335       426.67
     674.303     0.998047        53356       512.00
     679.935     0.998242        53368       568.89
     687.103     0.998437        53377       640.00
     691.199     0.998633        53388       731.43
     705.535     0.998828        53398       853.33
     713.215     0.999023        53408      1024.00
     724.991     0.999121        53414      1137.78
     733.695     0.999219        53419      1280.00
     744.447     0.999316        53424      1462.86
     752.639     0.999414        53429      1706.67
     786.943     0.999512        53435      2048.00
     790.015     0.999561        53437      2275.56
     797.183     0.999609        53440      2560.00
     801.279     0.999658        53442      2925.71
     803.327     0.999707        53445      3413.33
     808.959     0.999756        53447      4096.00
     809.471     0.999780        53449      4551.11
     814.079     0.999805        53450      5120.00
     819.199     0.999829        53451      5851.43
     826.879     0.999854        53453      6826.67
     827.391     0.999878        53454      8192.00
     838.143     0.999890        53455      9102.22
     838.143     0.999902        53455     10240.00
     843.263     0.999915        53456     11702.86
     843.775     0.999927        53457     13653.33
     843.775     0.999939        53457     16384.00
     870.911     0.999945        53459     18204.44
     870.911     0.999951        53459     20480.00
     870.911     0.999957        53459     23405.71
     870.911     0.999963        53459     27306.67
     870.911     0.999969        53459     32768.00
     870.911     0.999973        53459     36408.89
     870.911     0.999976        53459     40960.00
     870.911     0.999979        53459     46811.43
     873.983     0.999982        53460     54613.33
     873.983     1.000000        53460          inf
#[Mean    =       55.522, StdDeviation   =       92.098]
#[Max     =      873.472, Total count    =        53460]
#[Buckets =           27, SubBuckets     =         2048]
-----------------------------------------------------------------------
  63835 requests in 1.02m, 30.21MB read
Requests/sec:   1046.14  
Transfer/sec:    506.99KB
AUTOTEST_DONE
