Running 1m test @ http://10.1.0.21:5000
  8 threads and 16 connections

  Thread calibration: mean lat.: 5135.948ms, rate sampling interval: 18251ms
  Thread calibration: mean lat.: 5180.924ms, rate sampling interval: 18186ms
  Thread calibration: mean lat.: 5138.513ms, rate sampling interval: 17956ms
  Thread calibration: mean lat.: 5199.975ms, rate sampling interval: 18153ms
  Thread calibration: mean lat.: 4978.487ms, rate sampling interval: 18006ms
  Thread calibration: mean lat.: 5085.213ms, rate sampling interval: 17973ms
  Thread calibration: mean lat.: 5147.615ms, rate sampling interval: 18120ms
  Thread calibration: mean lat.: 5081.501ms, rate sampling interval: 18333ms

-----------------------------------------------------------------------
Test Results @ http://10.1.0.21:5000 
  Thread Stats   Avg      Stdev     99%   +/- Stdev
    Latency    35.50s    14.67s    1.01m    58.03%
    Req/Sec   125.12      3.24   132.00     87.50%
  Latency Distribution (HdrHistogram - Recorded Latency)
 50.000%   35.42s 
 75.000%   48.33s 
 90.000%    0.93m 
 99.000%    1.01m 
 99.900%    1.02m 
 99.990%    1.02m 
 99.999%    1.02m 
100.000%    1.02m 

  Detailed Percentile spectrum:
       Value   Percentile   TotalCount 1/(1-Percentile)

    9994.239     0.000000            1         1.00
   15384.575     0.100000         5140         1.11
   20430.847     0.200000        10290         1.25
   25247.743     0.300000        15434         1.43
   30408.703     0.400000        20551         1.67
   35422.207     0.500000        25703         2.00
   37912.575     0.550000        28270         2.22
   40435.711     0.600000        30853         2.50
   42926.079     0.650000        33405         2.86
   45809.663     0.700000        36001         3.33
   48332.799     0.750000        38553         4.00
   49512.447     0.775000        39835         4.44
   50692.095     0.800000        41110         5.00
   52035.583     0.825000        42384         5.71
   53346.303     0.850000        43707         6.67
   54591.487     0.875000        44983         8.00
   55214.079     0.887500        45602         8.89
   55934.975     0.900000        46244        10.00
   56590.335     0.912500        46909        11.43
   57245.695     0.925000        47555        13.33
   57835.519     0.937500        48170        16.00
   58195.967     0.943750        48483        17.78
   58490.879     0.950000        48823        20.00
   58818.559     0.956250        49149        22.86
   59146.239     0.962500        49455        26.67
   59473.919     0.968750        49816        32.00
   59604.991     0.971875        49963        35.56
   59768.831     0.975000        50124        40.00
   59899.903     0.978125        50261        45.71
   60096.511     0.981250        50432        53.33
   60227.583     0.984375        50587        64.00
   60325.887     0.985938        50656        71.11
   60424.191     0.987500        50776        80.00
   60456.959     0.989062        50815        91.43
   60522.495     0.990625        50898       106.67
   60588.031     0.992188        50984       128.00
   60620.799     0.992969        51018       142.22
   60653.567     0.993750        51075       160.00
   60686.335     0.994531        51119       182.86
   60719.103     0.995313        51152       213.33
   60751.871     0.996094        51174       256.00
   60784.639     0.996484        51207       284.44
   60817.407     0.996875        51245       320.00
   60817.407     0.997266        51245       365.71
   60850.175     0.997656        51271       426.67
   60882.943     0.998047        51300       512.00
   60882.943     0.998242        51300       568.89
   60882.943     0.998437        51300       640.00
   60915.711     0.998633        51328       731.43
   60915.711     0.998828        51328       853.33
   60915.711     0.999023        51328      1024.00
   60915.711     0.999121        51328      1137.78
   60948.479     0.999219        51362      1280.00
   60948.479     0.999316        51362      1462.86
   60948.479     0.999414        51362      1706.67
   60948.479     0.999512        51362      2048.00
   60948.479     0.999561        51362      2275.56
   60948.479     0.999609        51362      2560.00
   60948.479     0.999658        51362      2925.71
   60948.479     0.999707        51362      3413.33
   60948.479     0.999756        51362      4096.00
   60948.479     0.999780        51362      4551.11
   60948.479     0.999805        51362      5120.00
   60981.247     0.999829        51372      5851.43
   60981.247     1.000000        51372          inf
#[Mean    =    35497.994, StdDeviation   =    14673.434]
#[Max     =    60948.480, Total count    =        51372]
#[Buckets =           27, SubBuckets     =         2048]
-----------------------------------------------------------------------
  61815 requests in 1.02m, 22.37MB read
  Socket errors: connect 0, read 0, write 0, timeout 252
Requests/sec:   1012.73  
Transfer/sec:    375.27KB
AUTOTEST_DONE
