Running 1m test @ http://10.1.0.21:5000
  8 threads and 16 connections

  Thread calibration: mean lat.: 4.725ms, rate sampling interval: 15ms
  Thread calibration: mean lat.: 4.450ms, rate sampling interval: 15ms
  Thread calibration: mean lat.: 6.006ms, rate sampling interval: 18ms
  Thread calibration: mean lat.: 5.460ms, rate sampling interval: 16ms
  Thread calibration: mean lat.: 5.965ms, rate sampling interval: 20ms
  Thread calibration: mean lat.: 5.073ms, rate sampling interval: 14ms
  Thread calibration: mean lat.: 4.116ms, rate sampling interval: 14ms
  Thread calibration: mean lat.: 2.933ms, rate sampling interval: 10ms

-----------------------------------------------------------------------
Test Results @ http://10.1.0.21:5000 
  Thread Stats   Avg      Stdev     99%   +/- Stdev
    Latency     4.50ms    2.76ms  11.39ms   72.45%
    Req/Sec     1.08      8.83    66.00     98.46%
  Latency Distribution (HdrHistogram - Recorded Latency)
 50.000%    3.47ms
 75.000%    7.07ms
 90.000%    8.85ms
 99.000%   11.39ms
 99.900%   13.41ms
 99.990%   13.41ms
 99.999%   13.41ms
100.000%   13.41ms

  Detailed Percentile spectrum:
       Value   Percentile   TotalCount 1/(1-Percentile)

       0.998     0.000000            1         1.00
       1.912     0.100000           44         1.11
       2.149     0.200000           89         1.25
       2.375     0.300000          130         1.43
       2.871     0.400000          173         1.67
       3.473     0.500000          216         2.00
       3.665     0.550000          238         2.22
       3.891     0.600000          260         2.50
       4.183     0.650000          281         2.86
       6.283     0.700000          303         3.33
       7.067     0.750000          324         4.00
       7.431     0.775000          335         4.44
       7.719     0.800000          346         5.00
       7.863     0.825000          357         5.71
       8.055     0.850000          368         6.67
       8.447     0.875000          378         8.00
       8.655     0.887500          384         8.89
       8.847     0.900000          389        10.00
       9.087     0.912500          395        11.43
       9.191     0.925000          400        13.33
       9.271     0.937500          405        16.00
       9.431     0.943750          408        17.78
       9.463     0.950000          411        20.00
       9.519     0.956250          414        22.86
       9.607     0.962500          416        26.67
       9.871     0.968750          419        32.00
       9.927     0.971875          420        35.56
      10.127     0.975000          422        40.00
      10.415     0.978125          423        45.71
      10.615     0.981250          424        53.33
      10.983     0.984375          426        64.00
      10.983     0.985938          426        71.11
      11.335     0.987500          427        80.00
      11.391     0.989062          428        91.43
      11.391     0.990625          428       106.67
      11.695     0.992188          429       128.00
      11.695     0.992969          429       142.22
      12.111     0.993750          430       160.00
      12.111     0.994531          430       182.86
      12.111     0.995313          430       213.33
      12.535     0.996094          431       256.00
      12.535     0.996484          431       284.44
      12.535     0.996875          431       320.00
      12.535     0.997266          431       365.71
      12.535     0.997656          431       426.67
      13.407     0.998047          432       512.00
      13.407     1.000000          432          inf
#[Mean    =        4.501, StdDeviation   =        2.756]
#[Max     =       13.400, Total count    =          432]
#[Buckets =           27, SubBuckets     =         2048]
-----------------------------------------------------------------------
  531 requests in 1.03m, 0.87MB read
  Socket errors: connect 0, read 0, write 0, timeout 155
Requests/sec:      8.56  
Transfer/sec:     14.37KB
AUTOTEST_DONE
