Running 1m test @ http://10.1.0.42:8080/wrk2-api/review/compose
  8 threads and 16 connections

  Thread calibration: mean lat.: 8.484ms, rate sampling interval: 19ms
  Thread calibration: mean lat.: 8.077ms, rate sampling interval: 17ms
  Thread calibration: mean lat.: 8.609ms, rate sampling interval: 18ms
  Thread calibration: mean lat.: 8.650ms, rate sampling interval: 18ms
  Thread calibration: mean lat.: 8.331ms, rate sampling interval: 16ms
  Thread calibration: mean lat.: 8.869ms, rate sampling interval: 20ms
  Thread calibration: mean lat.: 8.528ms, rate sampling interval: 18ms
  Thread calibration: mean lat.: 9.656ms, rate sampling interval: 24ms

-----------------------------------------------------------------------
Test Results @ http://10.1.0.42:8080/wrk2-api/review/compose 
  Thread Stats   Avg      Stdev     99%   +/- Stdev
    Latency     8.23ms    1.41ms  13.40ms   83.56%
    Req/Sec     1.06      7.65    55.00     98.06%
  Latency Distribution (HdrHistogram - Recorded Latency)
 50.000%    7.99ms
 75.000%    8.62ms
 90.000%    9.85ms
 99.000%   13.40ms
 99.900%   17.34ms
 99.990%   17.34ms
 99.999%   17.34ms
100.000%   17.34ms

  Detailed Percentile spectrum:
       Value   Percentile   TotalCount 1/(1-Percentile)

       5.195     0.000000            1         1.00
       6.951     0.100000           45         1.11
       7.199     0.200000           87         1.25
       7.463     0.300000          132         1.43
       7.743     0.400000          173         1.67
       7.987     0.500000          216         2.00
       8.079     0.550000          238         2.22
       8.199     0.600000          260         2.50
       8.327     0.650000          283         2.86
       8.463     0.700000          303         3.33
       8.623     0.750000          326         4.00
       8.703     0.775000          336         4.44
       8.791     0.800000          346         5.00
       8.975     0.825000          357         5.71
       9.183     0.850000          369         6.67
       9.455     0.875000          378         8.00
       9.639     0.887500          384         8.89
       9.855     0.900000          390        10.00
      10.191     0.912500          395        11.43
      10.407     0.925000          400        13.33
      10.823     0.937500          405        16.00
      11.287     0.943750          408        17.78
      11.463     0.950000          411        20.00
      11.631     0.956250          414        22.86
      11.807     0.962500          416        26.67
      12.039     0.968750          419        32.00
      12.151     0.971875          420        35.56
      12.295     0.975000          422        40.00
      12.319     0.978125          423        45.71
      12.359     0.981250          424        53.33
      12.831     0.984375          426        64.00
      12.831     0.985938          426        71.11
      12.951     0.987500          427        80.00
      13.399     0.989062          429        91.43
      13.399     0.990625          429       106.67
      13.399     0.992188          429       128.00
      13.399     0.992969          429       142.22
      13.983     0.993750          430       160.00
      13.983     0.994531          430       182.86
      13.983     0.995313          430       213.33
      14.359     0.996094          431       256.00
      14.359     0.996484          431       284.44
      14.359     0.996875          431       320.00
      14.359     0.997266          431       365.71
      14.359     0.997656          431       426.67
      17.343     0.998047          432       512.00
      17.343     1.000000          432          inf
#[Mean    =        8.235, StdDeviation   =        1.413]
#[Max     =       17.328, Total count    =          432]
#[Buckets =           27, SubBuckets     =         2048]
-----------------------------------------------------------------------
  530 requests in 1.03m, 95.23KB read
  Socket errors: connect 0, read 0, write 0, timeout 155
Requests/sec:      8.55  
Transfer/sec:      1.54KB
AUTOTEST_DONE
