Running 1m test @ http://10.1.0.42:8080/wrk2-api/review/compose
  8 threads and 16 connections

  Thread calibration: mean lat.: 7.639ms, rate sampling interval: 18ms
  Thread calibration: mean lat.: 7.978ms, rate sampling interval: 19ms
  Thread calibration: mean lat.: 8.172ms, rate sampling interval: 21ms
  Thread calibration: mean lat.: 7.512ms, rate sampling interval: 17ms
  Thread calibration: mean lat.: 8.447ms, rate sampling interval: 22ms
  Thread calibration: mean lat.: 7.680ms, rate sampling interval: 16ms
  Thread calibration: mean lat.: 8.673ms, rate sampling interval: 18ms
  Thread calibration: mean lat.: 7.383ms, rate sampling interval: 18ms

-----------------------------------------------------------------------
Test Results @ http://10.1.0.42:8080/wrk2-api/review/compose 
  Thread Stats   Avg      Stdev     99%   +/- Stdev
    Latency     7.45ms    1.27ms  12.53ms   82.92%
    Req/Sec     2.09     10.71    58.00     96.24%
  Latency Distribution (HdrHistogram - Recorded Latency)
 50.000%    7.16ms
 75.000%    7.81ms
 90.000%    9.12ms
 99.000%   12.53ms
 99.900%   15.37ms
 99.990%   15.38ms
 99.999%   15.38ms
100.000%   15.38ms

  Detailed Percentile spectrum:
       Value   Percentile   TotalCount 1/(1-Percentile)

       4.787     0.000000            1         1.00
       6.339     0.100000           85         1.11
       6.539     0.200000          169         1.25
       6.767     0.300000          253         1.43
       6.959     0.400000          339         1.67
       7.155     0.500000          425         2.00
       7.271     0.550000          466         2.22
       7.379     0.600000          506         2.50
       7.491     0.650000          549         2.86
       7.619     0.700000          591         3.33
       7.815     0.750000          633         4.00
       7.863     0.775000          654         4.44
       7.943     0.800000          675         5.00
       8.123     0.825000          697         5.71
       8.311     0.850000          718         6.67
       8.543     0.875000          738         8.00
       8.775     0.887500          749         8.89
       9.119     0.900000          759        10.00
       9.351     0.912500          771        11.43
       9.551     0.925000          780        13.33
       9.967     0.937500          791        16.00
      10.015     0.943750          796        17.78
      10.143     0.950000          801        20.00
      10.423     0.956250          808        22.86
      10.487     0.962500          813        26.67
      10.551     0.968750          817        32.00
      10.735     0.971875          820        35.56
      10.831     0.975000          822        40.00
      10.887     0.978125          825        45.71
      10.983     0.981250          828        53.33
      11.071     0.984375          830        64.00
      11.367     0.985938          832        71.11
      11.655     0.987500          833        80.00
      12.135     0.989062          834        91.43
      12.943     0.990625          836       106.67
      13.199     0.992188          837       128.00
      13.407     0.992969          838       142.22
      13.407     0.993750          838       160.00
      13.519     0.994531          839       182.86
      13.647     0.995313          840       213.33
      13.647     0.996094          840       256.00
      13.863     0.996484          841       284.44
      13.863     0.996875          841       320.00
      13.863     0.997266          841       365.71
      15.367     0.997656          842       426.67
      15.367     0.998047          842       512.00
      15.367     0.998242          842       568.89
      15.367     0.998437          842       640.00
      15.367     0.998633          842       731.43
      15.383     0.998828          843       853.33
      15.383     1.000000          843          inf
#[Mean    =        7.454, StdDeviation   =        1.268]
#[Max     =       15.376, Total count    =          843]
#[Buckets =           27, SubBuckets     =         2048]
-----------------------------------------------------------------------
  1020 requests in 1.03m, 183.28KB read
  Socket errors: connect 0, read 0, write 0, timeout 51
Requests/sec:     16.52  
Transfer/sec:      2.97KB
AUTOTEST_DONE
