Running 1m test @ http://10.1.0.42:8080/wrk2-api/review/compose
  8 threads and 16 connections

reconnect_socket
  Thread calibration: mean lat.: 3907.988ms, rate sampling interval: 14311ms
  Thread calibration: mean lat.: 3849.222ms, rate sampling interval: 14049ms
  Thread calibration: mean lat.: 3604.251ms, rate sampling interval: 12951ms
  Thread calibration: mean lat.: 3559.424ms, rate sampling interval: 13008ms
  Thread calibration: mean lat.: 3787.302ms, rate sampling interval: 14000ms
  Thread calibration: mean lat.: 3544.632ms, rate sampling interval: 13123ms
  Thread calibration: mean lat.: 3572.577ms, rate sampling interval: 13500ms
  Thread calibration: mean lat.: 3566.305ms, rate sampling interval: 13189ms

-----------------------------------------------------------------------
Test Results @ http://10.1.0.42:8080/wrk2-api/review/compose 
  Thread Stats   Avg      Stdev     99%   +/- Stdev
    Latency    25.43s    10.48s   43.45s    57.92%
    Req/Sec    36.79      1.29    39.00    100.00%
  Latency Distribution (HdrHistogram - Recorded Latency)
 50.000%   25.49s 
 75.000%   34.24s 
 90.000%   39.75s 
 99.000%   43.45s 
 99.900%   44.24s 
 99.990%   44.50s 
 99.999%   44.60s 
100.000%   44.60s 

  Detailed Percentile spectrum:
       Value   Percentile   TotalCount 1/(1-Percentile)

    7069.695     0.000000            1         1.00
   10928.127     0.100000         1524         1.11
   14385.151     0.200000         3050         1.25
   17973.247     0.300000         4571         1.43
   21659.647     0.400000         6096         1.67
   25493.503     0.500000         7618         2.00
   27557.887     0.550000         8378         2.22
   29736.959     0.600000         9143         2.50
   31375.359     0.650000         9904         2.86
   32882.687     0.700000        10663         3.33
   34242.559     0.750000        11430         4.00
   35127.295     0.775000        11805         4.44
   36077.567     0.800000        12195         5.00
   36962.303     0.825000        12574         5.71
   37847.039     0.850000        12949         6.67
   38764.543     0.875000        13327         8.00
   39256.063     0.887500        13518         8.89
   39747.583     0.900000        13712        10.00
   40239.103     0.912500        13904        11.43
   40730.623     0.925000        14096        13.33
   41222.143     0.937500        14287        16.00
   41484.287     0.943750        14384        17.78
   41746.431     0.950000        14477        20.00
   41975.807     0.956250        14565        22.86
   42237.951     0.962500        14661        26.67
   42500.095     0.968750        14760        32.00
   42631.167     0.971875        14805        35.56
   42762.239     0.975000        14854        40.00
   42893.311     0.978125        14900        45.71
   43024.383     0.981250        14950        53.33
   43155.455     0.984375        14995        64.00
   43220.991     0.985938        15016        71.11
   43286.527     0.987500        15038        80.00
   43384.831     0.989062        15066        91.43
   43483.135     0.990625        15093       106.67
   43581.439     0.992188        15115       128.00
   43614.207     0.992969        15124       142.22
   43679.743     0.993750        15140       160.00
   43745.279     0.994531        15151       182.86
   43810.815     0.995313        15162       213.33
   43876.351     0.996094        15173       256.00
   43909.119     0.996484        15178       284.44
   43941.887     0.996875        15184       320.00
   43974.655     0.997266        15189       365.71
   44007.423     0.997656        15193       426.67
   44072.959     0.998047        15199       512.00
   44105.727     0.998242        15203       568.89
   44138.495     0.998437        15205       640.00
   44171.263     0.998633        15209       731.43
   44204.031     0.998828        15212       853.33
   44236.799     0.999023        15215      1024.00
   44236.799     0.999121        15215      1137.78
   44269.567     0.999219        15217      1280.00
   44302.335     0.999316        15220      1462.86
   44302.335     0.999414        15220      1706.67
   44335.103     0.999512        15221      2048.00
   44367.871     0.999561        15223      2275.56
   44367.871     0.999609        15223      2560.00
   44367.871     0.999658        15223      2925.71
   44400.639     0.999707        15224      3413.33
   44466.175     0.999756        15225      4096.00
   44466.175     0.999780        15225      4551.11
   44498.943     0.999805        15226      5120.00
   44498.943     0.999829        15226      5851.43
   44498.943     0.999854        15226      6826.67
   44531.711     0.999878        15227      8192.00
   44531.711     0.999890        15227      9102.22
   44531.711     0.999902        15227     10240.00
   44531.711     0.999915        15227     11702.86
   44531.711     0.999927        15227     13653.33
   44597.247     0.999939        15228     16384.00
   44597.247     1.000000        15228          inf
#[Mean    =    25425.884, StdDeviation   =    10484.354]
#[Max     =    44564.480, Total count    =        15228]
#[Buckets =           27, SubBuckets     =         2048]
-----------------------------------------------------------------------
  17942 requests in 1.02m, 3.15MB read
  Socket errors: connect 0, read 0, write 0, timeout 16
  Non-2xx or 3xx responses: 1
Requests/sec:    293.89  
Transfer/sec:     52.81KB
AUTOTEST_DONE
