Running 1m test @ http://10.1.0.42:8080/wrk2-api/review/compose
  8 threads and 16 connections

  Thread calibration: mean lat.: 5047.550ms, rate sampling interval: 17940ms
  Thread calibration: mean lat.: 5105.631ms, rate sampling interval: 18071ms
  Thread calibration: mean lat.: 5055.420ms, rate sampling interval: 17973ms
  Thread calibration: mean lat.: 5057.959ms, rate sampling interval: 17858ms
  Thread calibration: mean lat.: 5050.805ms, rate sampling interval: 17907ms
  Thread calibration: mean lat.: 5058.613ms, rate sampling interval: 17842ms
  Thread calibration: mean lat.: 5111.113ms, rate sampling interval: 18038ms
  Thread calibration: mean lat.: 5058.927ms, rate sampling interval: 18022ms

-----------------------------------------------------------------------
Test Results @ http://10.1.0.42:8080/wrk2-api/review/compose 
  Thread Stats   Avg      Stdev     99%   +/- Stdev
    Latency    34.97s    14.29s    1.00m    59.10%
    Req/Sec    36.00      1.17    38.00    100.00%
  Latency Distribution (HdrHistogram - Recorded Latency)
 50.000%   35.55s 
 75.000%   46.86s 
 90.000%    0.91m 
 99.000%    1.00m 
 99.900%    1.01m 
 99.990%    1.01m 
 99.999%    1.01m 
100.000%    1.01m 

  Detailed Percentile spectrum:
       Value   Percentile   TotalCount 1/(1-Percentile)

    9953.279     0.000000            1         1.00
   14999.551     0.100000         1503         1.11
   20004.863     0.200000         3010         1.25
   24854.527     0.300000         4510         1.43
   30392.319     0.400000         6013         1.67
   35553.279     0.500000         7513         2.00
   38273.023     0.550000         8270         2.22
   40763.391     0.600000         9017         2.50
   42893.311     0.650000         9782         2.86
   44630.015     0.700000        10523         3.33
   46858.239     0.750000        11274         4.00
   47874.047     0.775000        11647         4.44
   49020.927     0.800000        12022         5.00
   50298.879     0.825000        12398         5.71
   51642.367     0.850000        12773         6.67
   53018.623     0.875000        13148         8.00
   53706.751     0.887500        13340         8.89
   54394.879     0.900000        13532        10.00
   55017.471     0.912500        13713        11.43
   55672.831     0.925000        13898        13.33
   56393.727     0.937500        14086        16.00
   56819.711     0.943750        14183        17.78
   57245.695     0.950000        14275        20.00
   57671.679     0.956250        14370        22.86
   58097.663     0.962500        14467        26.67
   58523.647     0.968750        14556        32.00
   58753.023     0.971875        14606        35.56
   58982.399     0.975000        14655        40.00
   59211.775     0.978125        14703        45.71
   59408.383     0.981250        14745        53.33
   59637.759     0.984375        14792        64.00
   59768.831     0.985938        14819        71.11
   59867.135     0.987500        14840        80.00
   59998.207     0.989062        14866        91.43
   60129.279     0.990625        14891       106.67
   60227.583     0.992188        14911       128.00
   60293.119     0.992969        14921       142.22
   60358.655     0.993750        14935       160.00
   60424.191     0.994531        14949       182.86
   60456.959     0.995313        14954       213.33
   60522.495     0.996094        14967       256.00
   60555.263     0.996484        14974       284.44
   60588.031     0.996875        14981       320.00
   60620.799     0.997266        14986       365.71
   60653.567     0.997656        14995       426.67
   60653.567     0.998047        14995       512.00
   60686.335     0.998242        14998       568.89
   60719.103     0.998437        15006       640.00
   60719.103     0.998633        15006       731.43
   60751.871     0.998828        15010       853.33
   60751.871     0.999023        15010      1024.00
   60784.639     0.999121        15015      1137.78
   60784.639     0.999219        15015      1280.00
   60784.639     0.999316        15015      1462.86
   60817.407     0.999414        15018      1706.67
   60817.407     0.999512        15018      2048.00
   60817.407     0.999561        15018      2275.56
   60850.175     0.999609        15023      2560.00
   60850.175     0.999658        15023      2925.71
   60850.175     0.999707        15023      3413.33
   60850.175     0.999756        15023      4096.00
   60850.175     0.999780        15023      4551.11
   60850.175     0.999805        15023      5120.00
   60850.175     0.999829        15023      5851.43
   60850.175     0.999854        15023      6826.67
   60850.175     0.999878        15023      8192.00
   60850.175     0.999890        15023      9102.22
   60850.175     0.999902        15023     10240.00
   60850.175     0.999915        15023     11702.86
   60850.175     0.999927        15023     13653.33
   60882.943     0.999939        15024     16384.00
   60882.943     1.000000        15024          inf
#[Mean    =    34967.295, StdDeviation   =    14287.135]
#[Max     =    60850.176, Total count    =        15024]
#[Buckets =           27, SubBuckets     =         2048]
-----------------------------------------------------------------------
  17913 requests in 1.02m, 3.14MB read
  Socket errors: connect 0, read 0, write 0, timeout 64
Requests/sec:    293.45  
Transfer/sec:     52.73KB
AUTOTEST_DONE
