Running 1m test @ http://10.1.0.42:8080/wrk2-api/review/compose
  8 threads and 16 connections

  Thread calibration: mean lat.: 8.408ms, rate sampling interval: 23ms
  Thread calibration: mean lat.: 8.609ms, rate sampling interval: 24ms
  Thread calibration: mean lat.: 9.083ms, rate sampling interval: 27ms
  Thread calibration: mean lat.: 8.507ms, rate sampling interval: 23ms
  Thread calibration: mean lat.: 9.601ms, rate sampling interval: 25ms
  Thread calibration: mean lat.: 8.548ms, rate sampling interval: 24ms
  Thread calibration: mean lat.: 8.408ms, rate sampling interval: 23ms
  Thread calibration: mean lat.: 8.097ms, rate sampling interval: 23ms
reconnect_socket

-----------------------------------------------------------------------
Test Results @ http://10.1.0.42:8080/wrk2-api/review/compose 
  Thread Stats   Avg      Stdev     99%   +/- Stdev
    Latency     8.54ms    3.10ms  20.16ms   86.47%
    Req/Sec     8.00     18.39    83.00     82.70%
  Latency Distribution (HdrHistogram - Recorded Latency)
 50.000%    7.18ms
 75.000%    9.81ms
 90.000%   12.62ms
 99.000%   20.16ms
 99.900%   27.39ms
 99.990%   38.37ms
 99.999%   38.37ms
100.000%   38.37ms

  Detailed Percentile spectrum:
       Value   Percentile   TotalCount 1/(1-Percentile)

       4.575     0.000000            2         1.00
       6.167     0.100000          325         1.11
       6.347     0.200000          646         1.25
       6.527     0.300000          969         1.43
       6.779     0.400000         1295         1.67
       7.183     0.500000         1612         2.00
       7.631     0.550000         1773         2.22
       8.155     0.600000         1934         2.50
       8.823     0.650000         2095         2.86
       9.375     0.700000         2258         3.33
       9.815     0.750000         2419         4.00
      10.007     0.775000         2500         4.44
      10.287     0.800000         2580         5.00
      10.559     0.825000         2660         5.71
      11.095     0.850000         2740         6.67
      11.855     0.875000         2821         8.00
      12.167     0.887500         2861         8.89
      12.623     0.900000         2902        10.00
      13.103     0.912500         2941        11.43
      13.487     0.925000         2982        13.33
      13.959     0.937500         3022        16.00
      14.231     0.943750         3042        17.78
      14.543     0.950000         3062        20.00
      14.903     0.956250         3082        22.86
      15.391     0.962500         3104        26.67
      16.159     0.968750         3123        32.00
      16.415     0.971875         3133        35.56
      16.671     0.975000         3143        40.00
      17.023     0.978125         3153        45.71
      17.631     0.981250         3163        53.33
      18.063     0.984375         3173        64.00
      18.991     0.985938         3178        71.11
      19.503     0.987500         3183        80.00
      19.759     0.989062         3188        91.43
      20.399     0.990625         3193       106.67
      21.471     0.992188         3198       128.00
      21.711     0.992969         3201       142.22
      22.207     0.993750         3203       160.00
      22.719     0.994531         3206       182.86
      23.279     0.995313         3208       213.33
      23.615     0.996094         3211       256.00
      23.967     0.996484         3212       284.44
      24.047     0.996875         3213       320.00
      24.591     0.997266         3215       365.71
      24.607     0.997656         3216       426.67
      24.847     0.998047         3217       512.00
      26.447     0.998242         3218       568.89
      26.447     0.998437         3218       640.00
      26.687     0.998633         3219       731.43
      27.391     0.998828         3220       853.33
      27.391     0.999023         3220      1024.00
      27.823     0.999121         3221      1137.78
      27.823     0.999219         3221      1280.00
      27.823     0.999316         3221      1462.86
      28.847     0.999414         3222      1706.67
      28.847     0.999512         3222      2048.00
      28.847     0.999561         3222      2275.56
      28.847     0.999609         3222      2560.00
      28.847     0.999658         3222      2925.71
      38.367     0.999707         3223      3413.33
      38.367     1.000000         3223          inf
#[Mean    =        8.540, StdDeviation   =        3.098]
#[Max     =       38.336, Total count    =         3223]
#[Buckets =           27, SubBuckets     =         2048]
-----------------------------------------------------------------------
  3914 requests in 1.02m, 703.47KB read
  Non-2xx or 3xx responses: 1
Requests/sec:     63.97  
Transfer/sec:     11.50KB
AUTOTEST_DONE
