Running 1m test @ http://10.1.0.42:8080/wrk2-api/review/compose
  8 threads and 16 connections

  Thread calibration: mean lat.: 8.361ms, rate sampling interval: 20ms
  Thread calibration: mean lat.: 9.334ms, rate sampling interval: 25ms
  Thread calibration: mean lat.: 8.295ms, rate sampling interval: 18ms
  Thread calibration: mean lat.: 10.439ms, rate sampling interval: 28ms
  Thread calibration: mean lat.: 9.155ms, rate sampling interval: 21ms
  Thread calibration: mean lat.: 8.714ms, rate sampling interval: 22ms
  Thread calibration: mean lat.: 9.007ms, rate sampling interval: 21ms
  Thread calibration: mean lat.: 8.922ms, rate sampling interval: 20ms
reconnect_socket

-----------------------------------------------------------------------
Test Results @ http://10.1.0.42:8080/wrk2-api/review/compose 
  Thread Stats   Avg      Stdev     99%   +/- Stdev
    Latency     8.82ms    1.66ms  14.11ms   72.69%
    Req/Sec     1.06      7.04    50.00     97.75%
  Latency Distribution (HdrHistogram - Recorded Latency)
 50.000%    8.45ms
 75.000%    9.62ms
 90.000%   11.06ms
 99.000%   14.11ms
 99.900%   15.48ms
 99.990%   15.48ms
 99.999%   15.48ms
100.000%   15.48ms

  Detailed Percentile spectrum:
       Value   Percentile   TotalCount 1/(1-Percentile)

       5.755     0.000000            1         1.00
       7.031     0.100000           44         1.11
       7.407     0.200000           87         1.25
       7.747     0.300000          131         1.43
       8.079     0.400000          173         1.67
       8.455     0.500000          216         2.00
       8.671     0.550000          238         2.22
       8.919     0.600000          261         2.50
       9.135     0.650000          281         2.86
       9.359     0.700000          303         3.33
       9.623     0.750000          324         4.00
       9.863     0.775000          335         4.44
      10.007     0.800000          346         5.00
      10.239     0.825000          357         5.71
      10.471     0.850000          368         6.67
      10.783     0.875000          378         8.00
      10.935     0.887500          384         8.89
      11.063     0.900000          389        10.00
      11.231     0.912500          395        11.43
      11.375     0.925000          400        13.33
      11.743     0.937500          405        16.00
      11.847     0.943750          408        17.78
      12.007     0.950000          411        20.00
      12.159     0.956250          414        22.86
      12.255     0.962500          416        26.67
      13.095     0.968750          419        32.00
      13.255     0.971875          420        35.56
      13.423     0.975000          422        40.00
      13.487     0.978125          423        45.71
      13.511     0.981250          424        53.33
      13.543     0.984375          426        64.00
      13.543     0.985938          426        71.11
      14.015     0.987500          427        80.00
      14.111     0.989062          428        91.43
      14.111     0.990625          428       106.67
      14.271     0.992188          429       128.00
      14.271     0.992969          429       142.22
      14.495     0.993750          430       160.00
      14.495     0.994531          430       182.86
      14.495     0.995313          430       213.33
      15.135     0.996094          431       256.00
      15.135     0.996484          431       284.44
      15.135     0.996875          431       320.00
      15.135     0.997266          431       365.71
      15.135     0.997656          431       426.67
      15.479     0.998047          432       512.00
      15.479     1.000000          432          inf
#[Mean    =        8.816, StdDeviation   =        1.662]
#[Max     =       15.472, Total count    =          432]
#[Buckets =           27, SubBuckets     =         2048]
-----------------------------------------------------------------------
  531 requests in 1.03m, 95.58KB read
  Socket errors: connect 0, read 0, write 0, timeout 155
  Non-2xx or 3xx responses: 1
Requests/sec:      8.56  
Transfer/sec:      1.54KB
AUTOTEST_DONE
