Running 1m test @ http://10.1.0.42:8080/wrk2-api/review/compose
  8 threads and 16 connections

reconnect_socket
reconnect_socket
reconnect_socket
reconnect_socket
reconnect_socket
reconnect_socket
reconnect_socket
  Thread calibration: mean lat.: 5118.836ms, rate sampling interval: 17940ms
  Thread calibration: mean lat.: 5202.959ms, rate sampling interval: 18169ms
  Thread calibration: mean lat.: 5188.361ms, rate sampling interval: 18169ms
  Thread calibration: mean lat.: 5224.890ms, rate sampling interval: 18186ms
  Thread calibration: mean lat.: 5106.778ms, rate sampling interval: 17973ms
  Thread calibration: mean lat.: 5164.713ms, rate sampling interval: 18071ms
  Thread calibration: mean lat.: 5136.565ms, rate sampling interval: 17973ms
  Thread calibration: mean lat.: 5143.923ms, rate sampling interval: 18022ms
reconnect_socket
reconnect_socket
reconnect_socket

-----------------------------------------------------------------------
Test Results @ http://10.1.0.42:8080/wrk2-api/review/compose 
  Thread Stats   Avg      Stdev     99%   +/- Stdev
    Latency    35.13s    14.72s    1.00m    57.21%
    Req/Sec    36.44      0.50    37.00    100.00%
  Latency Distribution (HdrHistogram - Recorded Latency)
 50.000%   35.45s 
 75.000%   48.01s 
 90.000%    0.92m 
 99.000%    1.00m 
 99.900%    1.01m 
 99.990%    1.01m 
 99.999%    1.01m 
100.000%    1.01m 

  Detailed Percentile spectrum:
       Value   Percentile   TotalCount 1/(1-Percentile)

    9986.047     0.000000            9         1.00
   14786.559     0.100000         1507         1.11
   19628.031     0.200000         3010         1.25
   24444.927     0.300000         4519         1.43
   29982.719     0.400000         6025         1.67
   35454.975     0.500000         7532         2.00
   38043.647     0.550000         8283         2.22
   40632.319     0.600000         9038         2.50
   43122.687     0.650000         9786         2.86
   45580.287     0.700000        10546         3.33
   48005.119     0.750000        11290         4.00
   49184.767     0.775000        11666         4.44
   50462.719     0.800000        12049         5.00
   51642.367     0.825000        12421         5.71
   52854.783     0.850000        12796         6.67
   54067.199     0.875000        13176         8.00
   54657.023     0.887500        13360         8.89
   55246.847     0.900000        13548        10.00
   55869.439     0.912500        13739        11.43
   56492.031     0.925000        13926        13.33
   57114.623     0.937500        14115        16.00
   57409.535     0.943750        14206        17.78
   57737.215     0.950000        14309        20.00
   58032.127     0.956250        14400        22.86
   58327.039     0.962500        14493        26.67
   58720.255     0.968750        14581        32.00
   58916.863     0.971875        14626        35.56
   59146.239     0.975000        14676        40.00
   59375.615     0.978125        14725        45.71
   59572.223     0.981250        14771        53.33
   59768.831     0.984375        14818        64.00
   59867.135     0.985938        14839        71.11
   59998.207     0.987500        14865        80.00
   60096.511     0.989062        14886        91.43
   60227.583     0.990625        14912       106.67
   60325.887     0.992188        14933       128.00
   60424.191     0.992969        14950       142.22
   60489.727     0.993750        14962       160.00
   60522.495     0.994531        14968       182.86
   60588.031     0.995313        14979       213.33
   60653.567     0.996094        14998       256.00
   60653.567     0.996484        14998       284.44
   60686.335     0.996875        15010       320.00
   60686.335     0.997266        15010       365.71
   60719.103     0.997656        15017       426.67
   60751.871     0.998047        15026       512.00
   60751.871     0.998242        15026       568.89
   60751.871     0.998437        15026       640.00
   60784.639     0.998633        15036       731.43
   60784.639     0.998828        15036       853.33
   60784.639     0.999023        15036      1024.00
   60784.639     0.999121        15036      1137.78
   60817.407     0.999219        15042      1280.00
   60817.407     0.999316        15042      1462.86
   60817.407     0.999414        15042      1706.67
   60817.407     0.999512        15042      2048.00
   60850.175     0.999561        15045      2275.56
   60850.175     0.999609        15045      2560.00
   60850.175     0.999658        15045      2925.71
   60850.175     0.999707        15045      3413.33
   60882.943     0.999756        15049      4096.00
   60882.943     1.000000        15049          inf
#[Mean    =    35134.121, StdDeviation   =    14719.594]
#[Max     =    60850.176, Total count    =        15049]
#[Buckets =           27, SubBuckets     =         2048]
-----------------------------------------------------------------------
  17954 requests in 1.02m, 3.15MB read
  Socket errors: connect 0, read 0, write 0, timeout 52
  Non-2xx or 3xx responses: 10
Requests/sec:    294.18  
Transfer/sec:     52.89KB
AUTOTEST_DONE
