Running 1m test @ http://10.1.0.42:8080/wrk2-api/review/compose
  8 threads and 16 connections

reconnect_socket
  Thread calibration: mean lat.: 13.159ms, rate sampling interval: 44ms
  Thread calibration: mean lat.: 12.114ms, rate sampling interval: 39ms
  Thread calibration: mean lat.: 12.605ms, rate sampling interval: 46ms
  Thread calibration: mean lat.: 13.355ms, rate sampling interval: 47ms
  Thread calibration: mean lat.: 13.815ms, rate sampling interval: 45ms
  Thread calibration: mean lat.: 12.155ms, rate sampling interval: 39ms
  Thread calibration: mean lat.: 13.176ms, rate sampling interval: 43ms
  Thread calibration: mean lat.: 13.308ms, rate sampling interval: 42ms
reconnect_socket

-----------------------------------------------------------------------
Test Results @ http://10.1.0.42:8080/wrk2-api/review/compose 
  Thread Stats   Avg      Stdev     99%   +/- Stdev
    Latency    13.48ms    8.56ms  47.07ms   88.54%
    Req/Sec    15.79     19.04    76.00     85.06%
  Latency Distribution (HdrHistogram - Recorded Latency)
 50.000%   10.86ms
 75.000%   16.07ms
 90.000%   23.14ms
 99.000%   47.07ms
 99.900%   87.49ms
 99.990%   99.65ms
 99.999%  115.01ms
100.000%  115.01ms

  Detailed Percentile spectrum:
       Value   Percentile   TotalCount 1/(1-Percentile)

       4.867     0.000000            1         1.00
       6.759     0.100000          653         1.11
       7.223     0.200000         1294         1.25
       8.295     0.300000         1941         1.43
       9.799     0.400000         2586         1.67
      10.863     0.500000         3235         2.00
      11.647     0.550000         3557         2.22
      12.639     0.600000         3881         2.50
      13.583     0.650000         4204         2.86
      14.655     0.700000         4527         3.33
      16.071     0.750000         4852         4.00
      16.815     0.775000         5013         4.44
      17.647     0.800000         5173         5.00
      18.767     0.825000         5334         5.71
      19.887     0.850000         5496         6.67
      21.359     0.875000         5657         8.00
      22.175     0.887500         5740         8.89
      23.135     0.900000         5819        10.00
      24.175     0.912500         5900        11.43
      25.295     0.925000         5981        13.33
      26.847     0.937500         6061        16.00
      27.695     0.943750         6103        17.78
      28.479     0.950000         6142        20.00
      29.919     0.956250         6183        22.86
      31.343     0.962500         6223        26.67
      33.503     0.968750         6264        32.00
      34.463     0.971875         6284        35.56
      35.615     0.975000         6304        40.00
      37.215     0.978125         6324        45.71
      38.879     0.981250         6344        53.33
      41.055     0.984375         6365        64.00
      42.431     0.985938         6376        71.11
      43.903     0.987500         6385        80.00
      45.407     0.989062         6395        91.43
      48.095     0.990625         6405       106.67
      50.911     0.992188         6415       128.00
      51.679     0.992969         6420       142.22
      52.959     0.993750         6425       160.00
      53.375     0.994531         6430       182.86
      54.463     0.995313         6435       213.33
      57.087     0.996094         6440       256.00
      60.991     0.996484         6443       284.44
      61.279     0.996875         6445       320.00
      62.655     0.997266         6448       365.71
      68.351     0.997656         6450       426.67
      75.263     0.998047         6453       512.00
      76.287     0.998242         6454       568.89
      77.631     0.998437         6455       640.00
      82.943     0.998633         6457       731.43
      86.143     0.998828         6458       853.33
      87.487     0.999023         6459      1024.00
      89.855     0.999121         6460      1137.78
      89.855     0.999219         6460      1280.00
      94.975     0.999316         6461      1462.86
      98.175     0.999414         6462      1706.67
      98.175     0.999512         6462      2048.00
      99.327     0.999561         6463      2275.56
      99.327     0.999609         6463      2560.00
      99.327     0.999658         6463      2925.71
      99.647     0.999707         6464      3413.33
      99.647     0.999756         6464      4096.00
      99.647     0.999780         6464      4551.11
      99.647     0.999805         6464      5120.00
      99.647     0.999829         6464      5851.43
     115.007     0.999854         6465      6826.67
     115.007     1.000000         6465          inf
#[Mean    =       13.481, StdDeviation   =        8.565]
#[Max     =      114.944, Total count    =         6465]
#[Buckets =           27, SubBuckets     =         2048]
-----------------------------------------------------------------------
  7776 requests in 1.02m, 1.36MB read
  Non-2xx or 3xx responses: 2
Requests/sec:    127.05  
Transfer/sec:     22.83KB
AUTOTEST_DONE
