Running 1m test @ http://10.1.0.42:8080/wrk2-api/review/compose
  8 threads and 16 connections

reconnect_socket
reconnect_socket
reconnect_socket
reconnect_socket
reconnect_socket
reconnect_socket
reconnect_socket
reconnect_socket
reconnect_socket
reconnect_socket
  Thread calibration: mean lat.: 5012.524ms, rate sampling interval: 17907ms
  Thread calibration: mean lat.: 5024.172ms, rate sampling interval: 17989ms
  Thread calibration: mean lat.: 5045.451ms, rate sampling interval: 18055ms
  Thread calibration: mean lat.: 5047.664ms, rate sampling interval: 18120ms
  Thread calibration: mean lat.: 5025.021ms, rate sampling interval: 17973ms
  Thread calibration: mean lat.: 5030.764ms, rate sampling interval: 18006ms
  Thread calibration: mean lat.: 4984.801ms, rate sampling interval: 17924ms
  Thread calibration: mean lat.: 5062.430ms, rate sampling interval: 18006ms
reconnect_socket

-----------------------------------------------------------------------
Test Results @ http://10.1.0.42:8080/wrk2-api/review/compose 
  Thread Stats   Avg      Stdev     99%   +/- Stdev
    Latency    34.53s    13.97s    1.00m    59.52%
    Req/Sec    36.31      0.58    37.00    100.00%
  Latency Distribution (HdrHistogram - Recorded Latency)
 50.000%   35.03s 
 75.000%   45.12s 
 90.000%    0.90m 
 99.000%    1.00m 
 99.900%    1.01m 
 99.990%    1.01m 
 99.999%    1.01m 
100.000%    1.01m 

  Detailed Percentile spectrum:
       Value   Percentile   TotalCount 1/(1-Percentile)

    9986.047     0.000000            4         1.00
   15024.127     0.100000         1508         1.11
   20037.631     0.200000         3018         1.25
   24870.911     0.300000         4522         1.43
   30048.255     0.400000         6031         1.67
   35028.991     0.500000         7537         2.00
   37552.127     0.550000         8296         2.22
   40042.495     0.600000         9049         2.50
   41713.663     0.650000         9802         2.86
   43024.383     0.700000        10553         3.33
   45121.535     0.750000        11311         4.00
   46596.095     0.775000        11690         4.44
   48136.191     0.800000        12062         5.00
   49610.751     0.825000        12436         5.71
   51118.079     0.850000        12815         6.67
   52494.335     0.875000        13194         8.00
   53149.695     0.887500        13386         8.89
   53805.055     0.900000        13565        10.00
   54591.487     0.912500        13757        11.43
   55345.151     0.925000        13950        13.33
   56131.583     0.937500        14133        16.00
   56524.799     0.943750        14229        17.78
   57081.855     0.950000        14324        20.00
   57606.143     0.956250        14416        22.86
   58032.127     0.962500        14507        26.67
   58458.111     0.968750        14604        32.00
   58687.487     0.971875        14653        35.56
   58884.095     0.975000        14698        40.00
   59113.471     0.978125        14747        45.71
   59342.847     0.981250        14794        53.33
   59572.223     0.984375        14839        64.00
   59670.527     0.985938        14862        71.11
   59801.599     0.987500        14884        80.00
   59932.671     0.989062        14908        91.43
   60063.743     0.990625        14931       106.67
   60227.583     0.992188        14959       128.00
   60260.351     0.992969        14967       142.22
   60325.887     0.993750        14979       160.00
   60391.423     0.994531        14990       182.86
   60456.959     0.995313        15002       213.33
   60522.495     0.996094        15016       256.00
   60555.263     0.996484        15020       284.44
   60588.031     0.996875        15028       320.00
   60620.799     0.997266        15034       365.71
   60653.567     0.997656        15041       426.67
   60686.335     0.998047        15046       512.00
   60686.335     0.998242        15046       568.89
   60719.103     0.998437        15051       640.00
   60751.871     0.998633        15057       731.43
   60751.871     0.998828        15057       853.33
   60784.639     0.999023        15064      1024.00
   60784.639     0.999121        15064      1137.78
   60784.639     0.999219        15064      1280.00
   60784.639     0.999316        15064      1462.86
   60784.639     0.999414        15064      1706.67
   60817.407     0.999512        15067      2048.00
   60817.407     0.999561        15067      2275.56
   60817.407     0.999609        15067      2560.00
   60817.407     0.999658        15067      2925.71
   60850.175     0.999707        15070      3413.33
   60850.175     0.999756        15070      4096.00
   60850.175     0.999780        15070      4551.11
   60850.175     0.999805        15070      5120.00
   60850.175     0.999829        15070      5851.43
   60850.175     0.999854        15070      6826.67
   60882.943     0.999878        15072      8192.00
   60882.943     1.000000        15072          inf
#[Mean    =    34528.392, StdDeviation   =    13972.185]
#[Max     =    60850.176, Total count    =        15072]
#[Buckets =           27, SubBuckets     =         2048]
-----------------------------------------------------------------------
  17888 requests in 1.02m, 3.14MB read
  Socket errors: connect 0, read 0, write 0, timeout 68
  Non-2xx or 3xx responses: 11
Requests/sec:    293.10  
Transfer/sec:     52.70KB
AUTOTEST_DONE
