Running 1m test @ http://10.1.0.44:8080
  8 threads and 16 connections

  Thread calibration: mean lat.: 5075.616ms, rate sampling interval: 18104ms
  Thread calibration: mean lat.: 5052.052ms, rate sampling interval: 18120ms
  Thread calibration: mean lat.: 5078.675ms, rate sampling interval: 18120ms
  Thread calibration: mean lat.: 5020.484ms, rate sampling interval: 18087ms
  Thread calibration: mean lat.: 5023.872ms, rate sampling interval: 18055ms
  Thread calibration: mean lat.: 5053.633ms, rate sampling interval: 18055ms
  Thread calibration: mean lat.: 5038.709ms, rate sampling interval: 18071ms
  Thread calibration: mean lat.: 5072.208ms, rate sampling interval: 18055ms

-----------------------------------------------------------------------
Test Results @ http://10.1.0.44:8080 
  Thread Stats   Avg      Stdev     99%   +/- Stdev
    Latency    19.26s     5.11s   31.90s    68.22%
    Req/Sec   358.62      3.24   364.00     75.00%
  Latency Distribution (HdrHistogram - Recorded Latency)
 50.000%   17.81s 
 75.000%   23.04s 
 90.000%   26.76s 
 99.000%   31.90s 
 99.900%   35.78s 
 99.990%   36.60s 
 99.999%   36.63s 
100.000%   36.63s 

  Detailed Percentile spectrum:
       Value   Percentile   TotalCount 1/(1-Percentile)

    9945.087     0.000000            1         1.00
   13524.991     0.100000        13488         1.11
   15572.991     0.200000        26968         1.25
   16187.391     0.300000        40599         1.43
   16809.983     0.400000        54148         1.67
   17809.407     0.500000        67460         2.00
   18333.695     0.550000        74269         2.22
   19333.119     0.600000        80956         2.50
   20234.239     0.650000        87780         2.86
   21184.511     0.700000        94438         3.33
   23035.903     0.750000       101155         4.00
   23478.271     0.775000       104576         4.44
   24248.319     0.800000       107867         5.00
   24936.447     0.825000       111230         5.71
   25853.951     0.850000       114602         6.67
   26214.399     0.875000       117984         8.00
   26443.775     0.887500       119680         8.89
   26755.071     0.900000       121410        10.00
   26951.679     0.912500       123028        11.43
   27148.287     0.925000       124798        13.33
   27410.431     0.937500       126418        16.00
   27754.495     0.943750       127238        17.78
   28442.623     0.950000       128082        20.00
   29179.903     0.956250       128915        22.86
   30130.175     0.962500       129760        26.67
   30998.527     0.968750       130613        32.00
   31129.599     0.971875       131019        35.56
   31244.287     0.975000       131496        40.00
   31326.207     0.978125       131862        45.71
   31424.511     0.981250       132316        53.33
   31539.199     0.984375       132745        64.00
   31604.735     0.985938       132957        71.11
   31670.271     0.987500       133143        80.00
   31801.343     0.989062       133349        91.43
   31948.799     0.990625       133549       106.67
   32210.943     0.992188       133757       128.00
   32489.471     0.992969       133866       142.22
   32931.839     0.993750       133966       160.00
   33456.127     0.994531       134071       182.86
   33849.343     0.995313       134184       213.33
   34209.791     0.996094       134288       256.00
   34340.863     0.996484       134335       284.44
   34635.775     0.996875       134387       320.00
   34832.383     0.997266       134440       365.71
   34996.223     0.997656       134494       426.67
   35192.831     0.998047       134545       512.00
   35323.903     0.998242       134572       568.89
   35553.279     0.998437       134605       640.00
   35618.815     0.998633       134625       731.43
   35717.119     0.998828       134655       853.33
   35782.655     0.999023       134678      1024.00
   35848.191     0.999121       134694      1137.78
   35880.959     0.999219       134707      1280.00
   35913.727     0.999316       134716      1462.86
   36044.799     0.999414       134730      1706.67
   36241.407     0.999512       134745      2048.00
   36274.175     0.999561       134750      2275.56
   36339.711     0.999609       134759      2560.00
   36372.479     0.999658       134762      2925.71
   36438.015     0.999707       134769      3413.33
   36503.551     0.999756       134778      4096.00
   36536.319     0.999780       134785      4551.11
   36536.319     0.999805       134785      5120.00
   36536.319     0.999829       134785      5851.43
   36569.087     0.999854       134792      6826.67
   36569.087     0.999878       134792      8192.00
   36601.855     0.999890       134801      9102.22
   36601.855     0.999902       134801     10240.00
   36601.855     0.999915       134801     11702.86
   36601.855     0.999927       134801     13653.33
   36601.855     0.999939       134801     16384.00
   36601.855     0.999945       134801     18204.44
   36634.623     0.999951       134808     20480.00
   36634.623     1.000000       134808          inf
#[Mean    =    19263.569, StdDeviation   =     5111.967]
#[Max     =    36601.856, Total count    =       134808]
#[Buckets =           27, SubBuckets     =         2048]
-----------------------------------------------------------------------
  161468 requests in 1.02m, 31.71MB read
  Non-2xx or 3xx responses: 16271
Requests/sec:   2646.99  
Transfer/sec:    532.38KB
AUTOTEST_DONE
