Running 1m test @ http://10.1.0.44:8080
  8 threads and 16 connections

  Thread calibration: mean lat.: 4739.598ms, rate sampling interval: 17334ms
  Thread calibration: mean lat.: 4796.836ms, rate sampling interval: 17629ms
  Thread calibration: mean lat.: 4685.952ms, rate sampling interval: 17252ms
  Thread calibration: mean lat.: 4682.965ms, rate sampling interval: 17235ms
  Thread calibration: mean lat.: 4797.003ms, rate sampling interval: 17661ms
  Thread calibration: mean lat.: 4738.488ms, rate sampling interval: 17432ms
  Thread calibration: mean lat.: 4690.597ms, rate sampling interval: 17465ms
  Thread calibration: mean lat.: 4782.304ms, rate sampling interval: 17416ms

-----------------------------------------------------------------------
Test Results @ http://10.1.0.44:8080 
  Thread Stats   Avg      Stdev     99%   +/- Stdev
    Latency    18.97s     4.28s   29.90s    67.92%
    Req/Sec   408.62     11.52   423.00     62.50%
  Latency Distribution (HdrHistogram - Recorded Latency)
 50.000%   18.55s 
 75.000%   21.74s 
 90.000%   24.59s 
 99.000%   29.90s 
 99.900%   31.36s 
 99.990%   31.92s 
 99.999%   32.00s 
100.000%   32.01s 

  Detailed Percentile spectrum:
       Value   Percentile   TotalCount 1/(1-Percentile)

    9928.703     0.000000            1         1.00
   13557.759     0.100000        14671         1.11
   15663.103     0.200000        29291         1.25
   16719.871     0.300000        44034         1.43
   17383.423     0.400000        58696         1.67
   18546.687     0.500000        73386         2.00
   19185.663     0.550000        80690         2.22
   19742.719     0.600000        88029         2.50
   20267.007     0.650000        95286         2.86
   20840.447     0.700000       102546         3.33
   21741.567     0.750000       109834         4.00
   22265.855     0.775000       113492         4.44
   22822.911     0.800000       117204         5.00
   23216.127     0.825000       120861         5.71
   23527.423     0.850000       124564         6.67
   23953.407     0.875000       128160         8.00
   24248.319     0.887500       129997         8.89
   24592.383     0.900000       131816        10.00
   25034.751     0.912500       133633        11.43
   25575.423     0.925000       135461        13.33
   26083.327     0.937500       137264        16.00
   26427.391     0.943750       138222        17.78
   26771.455     0.950000       139114        20.00
   27181.055     0.956250       140041        22.86
   27557.887     0.962500       140952        26.67
   28065.791     0.968750       141845        32.00
   28327.935     0.971875       142306        35.56
   28590.079     0.975000       142765        40.00
   28868.607     0.978125       143232        45.71
   29130.751     0.981250       143695        53.33
   29409.279     0.984375       144133        64.00
   29540.351     0.985938       144368        71.11
   29655.039     0.987500       144583        80.00
   29802.495     0.989062       144816        91.43
   29999.103     0.990625       145055       106.67
   30212.095     0.992188       145282       128.00
   30294.015     0.992969       145386       142.22
   30392.319     0.993750       145502       160.00
   30507.007     0.994531       145619       182.86
   30605.311     0.995313       145733       213.33
   30719.999     0.996094       145842       256.00
   30785.535     0.996484       145908       284.44
   30851.071     0.996875       145975       320.00
   30900.223     0.997266       146013       365.71
   30982.143     0.997656       146077       426.67
   31080.447     0.998047       146136       512.00
   31129.599     0.998242       146162       568.89
   31195.135     0.998437       146193       640.00
   31227.903     0.998633       146215       731.43
   31277.055     0.998828       146244       853.33
   31375.359     0.999023       146271      1024.00
   31440.895     0.999121       146288      1137.78
   31490.047     0.999219       146303      1280.00
   31539.199     0.999316       146317      1462.86
   31571.967     0.999414       146328      1706.67
   31653.887     0.999512       146343      2048.00
   31686.655     0.999561       146351      2275.56
   31719.423     0.999609       146356      2560.00
   31752.191     0.999658       146365      2925.71
   31784.959     0.999707       146371      3413.33
   31817.727     0.999756       146378      4096.00
   31850.495     0.999780       146385      4551.11
   31850.495     0.999805       146385      5120.00
   31866.879     0.999829       146388      5851.43
   31899.647     0.999854       146396      6826.67
   31899.647     0.999878       146396      8192.00
   31916.031     0.999890       146401      9102.22
   31916.031     0.999902       146401     10240.00
   31916.031     0.999915       146401     11702.86
   31932.415     0.999927       146404     13653.33
   31948.799     0.999939       146408     16384.00
   31948.799     0.999945       146408     18204.44
   31948.799     0.999951       146408     20480.00
   31948.799     0.999957       146408     23405.71
   31948.799     0.999963       146408     27306.67
   31965.183     0.999969       146410     32768.00
   31965.183     0.999973       146410     36408.89
   31965.183     0.999976       146410     40960.00
   31965.183     0.999979       146410     46811.43
   31981.567     0.999982       146411     54613.33
   31981.567     0.999985       146411     65536.00
   31981.567     0.999986       146411     72817.78
   31997.951     0.999988       146412     81920.00
   31997.951     0.999989       146412     93622.86
   31997.951     0.999991       146412    109226.67
   31997.951     0.999992       146412    131072.00
   31997.951     0.999993       146412    145635.56
   32014.335     0.999994       146413    163840.00
   32014.335     1.000000       146413          inf
#[Mean    =    18972.352, StdDeviation   =     4278.218]
#[Max     =    31997.952, Total count    =       146413]
#[Buckets =           27, SubBuckets     =         2048]
-----------------------------------------------------------------------
  176893 requests in 1.02m, 34.73MB read
  Non-2xx or 3xx responses: 17624
Requests/sec:   2899.81  
Transfer/sec:    583.00KB
AUTOTEST_DONE
