Running 1m test @ http://10.1.0.44:8080
  8 threads and 16 connections

  Thread calibration: mean lat.: 2.073ms, rate sampling interval: 10ms
  Thread calibration: mean lat.: 2.255ms, rate sampling interval: 10ms
  Thread calibration: mean lat.: 2.136ms, rate sampling interval: 10ms
  Thread calibration: mean lat.: 1.922ms, rate sampling interval: 10ms
  Thread calibration: mean lat.: 1.948ms, rate sampling interval: 10ms
  Thread calibration: mean lat.: 2.067ms, rate sampling interval: 10ms
  Thread calibration: mean lat.: 2.361ms, rate sampling interval: 10ms
  Thread calibration: mean lat.: 2.160ms, rate sampling interval: 10ms

-----------------------------------------------------------------------
Test Results @ http://10.1.0.44:8080 
  Thread Stats   Avg      Stdev     99%   +/- Stdev
    Latency     2.06ms    1.35ms   6.87ms   89.14%
    Req/Sec     8.32     29.66   111.00     92.37%
  Latency Distribution (HdrHistogram - Recorded Latency)
 50.000%    1.62ms
 75.000%    2.06ms
 90.000%    4.30ms
 99.000%    6.87ms
 99.900%    9.06ms
 99.990%   10.64ms
 99.999%   10.64ms
100.000%   10.64ms

  Detailed Percentile spectrum:
       Value   Percentile   TotalCount 1/(1-Percentile)

       0.855     0.000000            1         1.00
       1.181     0.100000          323         1.11
       1.280     0.200000          648         1.25
       1.366     0.300000          968         1.43
       1.477     0.400000         1290         1.67
       1.618     0.500000         1612         2.00
       1.686     0.550000         1773         2.22
       1.761     0.600000         1934         2.50
       1.853     0.650000         2095         2.86
       1.949     0.700000         2257         3.33
       2.057     0.750000         2418         4.00
       2.125     0.775000         2498         4.44
       2.201     0.800000         2581         5.00
       2.313     0.825000         2659         5.71
       2.453     0.850000         2741         6.67
       2.681     0.875000         2821         8.00
       2.963     0.887500         2861         8.89
       4.303     0.900000         2901        10.00
       4.719     0.912500         2941        11.43
       5.103     0.925000         2983        13.33
       5.347     0.937500         3023        16.00
       5.427     0.943750         3042        17.78
       5.579     0.950000         3062        20.00
       5.711     0.956250         3083        22.86
       5.911     0.962500         3103        26.67
       6.091     0.968750         3123        32.00
       6.203     0.971875         3133        35.56
       6.303     0.975000         3143        40.00
       6.391     0.978125         3154        45.71
       6.551     0.981250         3163        53.33
       6.643     0.984375         3173        64.00
       6.679     0.985938         3178        71.11
       6.727     0.987500         3183        80.00
       6.795     0.989062         3188        91.43
       6.903     0.990625         3193       106.67
       6.963     0.992188         3198       128.00
       7.079     0.992969         3201       142.22
       7.179     0.993750         3203       160.00
       7.375     0.994531         3206       182.86
       7.523     0.995313         3208       213.33
       7.651     0.996094         3211       256.00
       7.971     0.996484         3212       284.44
       7.987     0.996875         3213       320.00
       8.207     0.997266         3215       365.71
       8.319     0.997656         3216       426.67
       8.383     0.998047         3217       512.00
       8.471     0.998242         3218       568.89
       8.471     0.998437         3218       640.00
       8.991     0.998633         3219       731.43
       9.055     0.998828         3220       853.33
       9.055     0.999023         3220      1024.00
       9.495     0.999121         3221      1137.78
       9.495     0.999219         3221      1280.00
       9.495     0.999316         3221      1462.86
      10.039     0.999414         3222      1706.67
      10.039     0.999512         3222      2048.00
      10.039     0.999561         3222      2275.56
      10.039     0.999609         3222      2560.00
      10.039     0.999658         3222      2925.71
      10.639     0.999707         3223      3413.33
      10.639     1.000000         3223          inf
#[Mean    =        2.059, StdDeviation   =        1.348]
#[Max     =       10.632, Total count    =         3223]
#[Buckets =           27, SubBuckets     =         2048]
-----------------------------------------------------------------------
  3914 requests in 1.02m, 787.72KB read
  Non-2xx or 3xx responses: 402
Requests/sec:     63.72  
Transfer/sec:     12.82KB
AUTOTEST_DONE
