Running 1m test @ http://10.1.0.44:8080
  8 threads and 16 connections

  Thread calibration: mean lat.: 1.644ms, rate sampling interval: 10ms
  Thread calibration: mean lat.: 1.585ms, rate sampling interval: 10ms
  Thread calibration: mean lat.: 1.654ms, rate sampling interval: 10ms
  Thread calibration: mean lat.: 1.662ms, rate sampling interval: 10ms
  Thread calibration: mean lat.: 1.707ms, rate sampling interval: 10ms
  Thread calibration: mean lat.: 1.652ms, rate sampling interval: 10ms
  Thread calibration: mean lat.: 1.601ms, rate sampling interval: 10ms
  Thread calibration: mean lat.: 1.639ms, rate sampling interval: 10ms

-----------------------------------------------------------------------
Test Results @ http://10.1.0.44:8080 
  Thread Stats   Avg      Stdev     99%   +/- Stdev
    Latency     1.76ms    1.54ms   7.41ms   86.74%
    Req/Sec   138.18    120.35   500.00     58.91%
  Latency Distribution (HdrHistogram - Recorded Latency)
 50.000%    1.20ms
 75.000%    1.70ms
 90.000%    4.34ms
 99.000%    7.41ms
 99.900%   12.60ms
 99.990%   18.08ms
 99.999%   20.05ms
100.000%   20.62ms

  Detailed Percentile spectrum:
       Value   Percentile   TotalCount 1/(1-Percentile)

       0.605     0.000000            1         1.00
       0.798     0.100000         5371         1.11
       0.872     0.200000        10751         1.25
       0.955     0.300000        16072         1.43
       1.068     0.400000        21406         1.67
       1.196     0.500000        26797         2.00
       1.258     0.550000        29441         2.22
       1.328     0.600000        32117         2.50
       1.412     0.650000        34790         2.86
       1.520     0.700000        37449         3.33
       1.697     0.750000        40130         4.00
       1.823     0.775000        41465         4.44
       1.990     0.800000        42800         5.00
       2.225     0.825000        44149         5.71
       2.671     0.850000        45480         6.67
       3.701     0.875000        46812         8.00
       4.131     0.887500        47487         8.89
       4.339     0.900000        48157        10.00
       4.495     0.912500        48827        11.43
       4.647     0.925000        49489        13.33
       4.827     0.937500        50157        16.00
       4.939     0.943750        50497        17.78
       5.079     0.950000        50825        20.00
       5.247     0.956250        51160        22.86
       5.443     0.962500        51491        26.67
       5.703     0.968750        51832        32.00
       5.847     0.971875        51996        35.56
       6.023     0.975000        52160        40.00
       6.207     0.978125        52327        45.71
       6.431     0.981250        52496        53.33
       6.699     0.984375        52662        64.00
       6.859     0.985938        52746        71.11
       7.035     0.987500        52829        80.00
       7.271     0.989062        52913        91.43
       7.539     0.990625        52996       106.67
       7.871     0.992188        53080       128.00
       8.111     0.992969        53121       142.22
       8.343     0.993750        53164       160.00
       8.551     0.994531        53207       182.86
       8.807     0.995313        53247       213.33
       9.119     0.996094        53289       256.00
       9.343     0.996484        53309       284.44
       9.647     0.996875        53330       320.00
       9.999     0.997266        53351       365.71
      10.343     0.997656        53374       426.67
      10.775     0.998047        53393       512.00
      11.031     0.998242        53403       568.89
      11.247     0.998437        53414       640.00
      11.511     0.998633        53424       731.43
      11.967     0.998828        53435       853.33
      12.623     0.999023        53445      1024.00
      13.007     0.999121        53450      1137.78
      13.279     0.999219        53456      1280.00
      13.487     0.999316        53461      1462.86
      13.887     0.999414        53466      1706.67
      14.743     0.999512        53471      2048.00
      14.823     0.999561        53474      2275.56
      14.895     0.999609        53477      2560.00
      14.959     0.999658        53479      2925.71
      15.687     0.999707        53482      3413.33
      16.079     0.999756        53484      4096.00
      16.175     0.999780        53486      4551.11
      16.287     0.999805        53487      5120.00
      16.375     0.999829        53488      5851.43
      16.511     0.999854        53490      6826.67
      17.791     0.999878        53491      8192.00
      18.079     0.999890        53492      9102.22
      18.079     0.999902        53492     10240.00
      18.191     0.999915        53493     11702.86
      18.463     0.999927        53494     13653.33
      18.463     0.999939        53494     16384.00
      19.119     0.999945        53495     18204.44
      19.119     0.999951        53495     20480.00
      19.119     0.999957        53495     23405.71
      20.047     0.999963        53496     27306.67
      20.047     0.999969        53496     32768.00
      20.047     0.999973        53496     36408.89
      20.047     0.999976        53496     40960.00
      20.047     0.999979        53496     46811.43
      20.623     0.999982        53497     54613.33
      20.623     1.000000        53497          inf
#[Mean    =        1.759, StdDeviation   =        1.538]
#[Max     =       20.608, Total count    =        53497]
#[Buckets =           27, SubBuckets     =         2048]
-----------------------------------------------------------------------
  63883 requests in 1.02m, 12.55MB read
  Non-2xx or 3xx responses: 6456
Requests/sec:   1047.02  
Transfer/sec:    210.60KB
AUTOTEST_DONE
