Running 1m test @ http://10.1.0.44:8080
  8 threads and 16 connections

  Thread calibration: mean lat.: 1.813ms, rate sampling interval: 10ms
  Thread calibration: mean lat.: 2.036ms, rate sampling interval: 10ms
  Thread calibration: mean lat.: 1.851ms, rate sampling interval: 10ms
  Thread calibration: mean lat.: 1.702ms, rate sampling interval: 10ms
  Thread calibration: mean lat.: 1.656ms, rate sampling interval: 10ms
  Thread calibration: mean lat.: 1.838ms, rate sampling interval: 10ms
  Thread calibration: mean lat.: 1.664ms, rate sampling interval: 10ms
  Thread calibration: mean lat.: 2.014ms, rate sampling interval: 10ms

-----------------------------------------------------------------------
Test Results @ http://10.1.0.44:8080 
  Thread Stats   Avg      Stdev     99%   +/- Stdev
    Latency     1.76ms    1.24ms   6.04ms   89.26%
    Req/Sec     8.28     29.61   111.00     92.41%
  Latency Distribution (HdrHistogram - Recorded Latency)
 50.000%    1.37ms
 75.000%    1.75ms
 90.000%    3.94ms
 99.000%    6.04ms
 99.900%    7.38ms
 99.990%   10.46ms
 99.999%   10.46ms
100.000%   10.46ms

  Detailed Percentile spectrum:
       Value   Percentile   TotalCount 1/(1-Percentile)

       0.693     0.000000            1         1.00
       0.938     0.100000          323         1.11
       1.033     0.200000          645         1.25
       1.120     0.300000          967         1.43
       1.230     0.400000         1291         1.67
       1.372     0.500000         1612         2.00
       1.432     0.550000         1773         2.22
       1.498     0.600000         1934         2.50
       1.571     0.650000         2095         2.86
       1.652     0.700000         2258         3.33
       1.757     0.750000         2420         4.00
       1.828     0.775000         2499         4.44
       1.918     0.800000         2579         5.00
       2.025     0.825000         2661         5.71
       2.135     0.850000         2740         6.67
       2.319     0.875000         2823         8.00
       2.525     0.887500         2861         8.89
       3.945     0.900000         2901        10.00
       4.283     0.912500         2941        11.43
       4.619     0.925000         2983        13.33
       4.847     0.937500         3022        16.00
       4.963     0.943750         3042        17.78
       5.083     0.950000         3062        20.00
       5.255     0.956250         3082        22.86
       5.427     0.962500         3103        26.67
       5.559     0.968750         3123        32.00
       5.619     0.971875         3133        35.56
       5.659     0.975000         3144        40.00
       5.735     0.978125         3154        45.71
       5.803     0.981250         3164        53.33
       5.883     0.984375         3173        64.00
       5.927     0.985938         3178        71.11
       5.967     0.987500         3183        80.00
       6.023     0.989062         3189        91.43
       6.131     0.990625         3193       106.67
       6.179     0.992188         3198       128.00
       6.215     0.992969         3201       142.22
       6.235     0.993750         3203       160.00
       6.347     0.994531         3206       182.86
       6.363     0.995313         3208       213.33
       6.399     0.996094         3211       256.00
       6.439     0.996484         3212       284.44
       6.471     0.996875         3213       320.00
       6.811     0.997266         3215       365.71
       6.839     0.997656         3216       426.67
       6.899     0.998047         3217       512.00
       7.195     0.998242         3218       568.89
       7.195     0.998437         3218       640.00
       7.243     0.998633         3219       731.43
       7.383     0.998828         3220       853.33
       7.383     0.999023         3220      1024.00
       7.683     0.999121         3221      1137.78
       7.683     0.999219         3221      1280.00
       7.683     0.999316         3221      1462.86
       7.915     0.999414         3222      1706.67
       7.915     0.999512         3222      2048.00
       7.915     0.999561         3222      2275.56
       7.915     0.999609         3222      2560.00
       7.915     0.999658         3222      2925.71
      10.463     0.999707         3223      3413.33
      10.463     1.000000         3223          inf
#[Mean    =        1.762, StdDeviation   =        1.237]
#[Max     =       10.456, Total count    =         3223]
#[Buckets =           27, SubBuckets     =         2048]
-----------------------------------------------------------------------
  3914 requests in 1.02m, 788.33KB read
  Non-2xx or 3xx responses: 411
Requests/sec:     63.98  
Transfer/sec:     12.89KB
AUTOTEST_DONE
