Running 1m test @ http://10.1.0.44:8080
  8 threads and 16 connections

  Thread calibration: mean lat.: 1.764ms, rate sampling interval: 10ms
  Thread calibration: mean lat.: 1.875ms, rate sampling interval: 10ms
  Thread calibration: mean lat.: 1.888ms, rate sampling interval: 10ms
  Thread calibration: mean lat.: 1.821ms, rate sampling interval: 10ms
  Thread calibration: mean lat.: 1.868ms, rate sampling interval: 10ms
  Thread calibration: mean lat.: 1.825ms, rate sampling interval: 10ms
  Thread calibration: mean lat.: 1.849ms, rate sampling interval: 10ms
  Thread calibration: mean lat.: 1.825ms, rate sampling interval: 10ms

-----------------------------------------------------------------------
Test Results @ http://10.1.0.44:8080 
  Thread Stats   Avg      Stdev     99%   +/- Stdev
    Latency     1.89ms    1.29ms   6.42ms   89.05%
    Req/Sec    16.66     42.18   200.00     85.38%
  Latency Distribution (HdrHistogram - Recorded Latency)
 50.000%    1.44ms
 75.000%    1.82ms
 90.000%    4.15ms
 99.000%    6.42ms
 99.900%    8.52ms
 99.990%    9.85ms
 99.999%   11.79ms
100.000%   11.79ms

  Detailed Percentile spectrum:
       Value   Percentile   TotalCount 1/(1-Percentile)

       0.864     0.000000            1         1.00
       1.106     0.100000          651         1.11
       1.183     0.200000         1302         1.25
       1.253     0.300000         1949         1.43
       1.329     0.400000         2590         1.67
       1.441     0.500000         3235         2.00
       1.516     0.550000         3558         2.22
       1.589     0.600000         3884         2.50
       1.664     0.650000         4204         2.86
       1.740     0.700000         4529         3.33
       1.824     0.750000         4851         4.00
       1.874     0.775000         5013         4.44
       1.957     0.800000         5178         5.00
       2.042     0.825000         5335         5.71
       2.167     0.850000         5497         6.67
       2.461     0.875000         5660         8.00
       2.861     0.887500         5739         8.89
       4.199     0.900000         5820        10.00
       4.671     0.912500         5901        11.43
       4.907     0.925000         5983        13.33
       5.147     0.937500         6065        16.00
       5.267     0.943750         6104        17.78
       5.343     0.950000         6143        20.00
       5.443     0.956250         6185        22.86
       5.519     0.962500         6224        26.67
       5.663     0.968750         6264        32.00
       5.751     0.971875         6286        35.56
       5.859     0.975000         6305        40.00
       5.935     0.978125         6325        45.71
       6.031     0.981250         6345        53.33
       6.135     0.984375         6365        64.00
       6.231     0.985938         6376        71.11
       6.279     0.987500         6387        80.00
       6.375     0.989062         6396        91.43
       6.475     0.990625         6406       106.67
       6.575     0.992188         6416       128.00
       6.607     0.992969         6421       142.22
       6.675     0.993750         6426       160.00
       6.767     0.994531         6431       182.86
       6.939     0.995313         6436       213.33
       7.107     0.996094         6441       256.00
       7.215     0.996484         6444       284.44
       7.367     0.996875         6446       320.00
       7.523     0.997266         6449       365.71
       7.615     0.997656         6451       426.67
       8.151     0.998047         6454       512.00
       8.191     0.998242         6455       568.89
       8.231     0.998437         6456       640.00
       8.399     0.998633         6458       731.43
       8.479     0.998828         6459       853.33
       8.519     0.999023         6460      1024.00
       9.191     0.999121         6461      1137.78
       9.191     0.999219         6461      1280.00
       9.311     0.999316         6462      1462.86
       9.343     0.999414         6463      1706.67
       9.343     0.999512         6463      2048.00
       9.743     0.999561         6464      2275.56
       9.743     0.999609         6464      2560.00
       9.743     0.999658         6464      2925.71
       9.855     0.999707         6465      3413.33
       9.855     0.999756         6465      4096.00
       9.855     0.999780         6465      4551.11
       9.855     0.999805         6465      5120.00
       9.855     0.999829         6465      5851.43
      11.791     0.999854         6466      6826.67
      11.791     1.000000         6466          inf
#[Mean    =        1.893, StdDeviation   =        1.289]
#[Max     =       11.784, Total count    =         6466]
#[Buckets =           27, SubBuckets     =         2048]
-----------------------------------------------------------------------
  7779 requests in 1.02m, 1.53MB read
  Non-2xx or 3xx responses: 767
Requests/sec:    127.25  
Transfer/sec:     25.58KB
AUTOTEST_DONE
