/nix/store/2vwkssqpzykk37r996cafq7x63imf4sp-openjdk-21+35/bin/java  -classpath /nix/store/zw02np72fzsmga6s5mphhw7x8qlzf4sv-ycsb-0.17.0/share/conf:/nix/store/zw02np72fzsmga6s5mphhw7x8qlzf4sv-ycsb-0.17.0/share/lib/core-0.17.0.jar:/nix/store/zw02np72fzsmga6s5mphhw7x8qlzf4sv-ycsb-0.17.0/share/lib/HdrHistogram-2.1.4.jar:/nix/store/zw02np72fzsmga6s5mphhw7x8qlzf4sv-ycsb-0.17.0/share/lib/htrace-core4-4.1.0-incubating.jar:/nix/store/zw02np72fzsmga6s5mphhw7x8qlzf4sv-ycsb-0.17.0/share/lib/jackson-core-asl-1.9.4.jar:/nix/store/zw02np72fzsmga6s5mphhw7x8qlzf4sv-ycsb-0.17.0/share/lib/jackson-mapper-asl-1.9.4.jar:/nix/store/zw02np72fzsmga6s5mphhw7x8qlzf4sv-ycsb-0.17.0/share/redis-binding/lib/commons-pool2-2.4.2.jar:/nix/store/zw02np72fzsmga6s5mphhw7x8qlzf4sv-ycsb-0.17.0/share/redis-binding/lib/jedis-2.9.0.jar:/nix/store/zw02np72fzsmga6s5mphhw7x8qlzf4sv-ycsb-0.17.0/share/redis-binding/lib/redis-binding-0.17.0.jar site.ycsb.Client -t -db site.ycsb.db.RedisClient -s -P /home/host/vmuxIO/test/moonprogs//../../ycsb/share/workloads/workloada -p redis.host=10.1.0.2 -p redis.port=6384 -p operationcount=429496729 -p maxexecutiontime=61 -threads 1
Command line: -t -db site.ycsb.db.RedisClient -s -P /home/host/vmuxIO/test/moonprogs//../../ycsb/share/workloads/workloada -p redis.host=10.1.0.2 -p redis.port=6384 -p operationcount=429496729 -p maxexecutiontime=61 -threads 1
YCSB Client 0.17.0

Loading workload...
Starting test.
Maximum execution time specified as: 61 secs
DBWrapper: report latency for each error is false and specific error codes to track for latency are: []
2025-04-18 14:38:47:520 0 sec: 0 operations; est completion in 0 second 
2025-04-18 14:38:57:276 10 sec: 9431 operations; 942.44 current ops/sec; est completion in 5 days 6 hours [READ: Count=4817, Max=117759, Min=85, Avg=978.09, 90=3379, 99=8943, 99.9=17199, 99.99=117759] [UPDATE: Count=4617, Max=27439, Min=86, Avg=1045.42, 90=3901, 99=9743, 99.9=19087, 99.99=27439] 
2025-04-18 14:39:07:270 20 sec: 23307 operations; 1388.43 current ops/sec; est completion in 4 days 6 hours [READ: Count=6956, Max=13039, Min=82, Avg=687.9, 90=2515, 99=7243, 99.9=11207, 99.99=12999] [UPDATE: Count=6917, Max=16543, Min=78, Avg=741.13, 90=3107, 99=7967, 99.9=11023, 99.99=13991] 
2025-04-18 14:39:17:270 30 sec: 40624 operations; 1731.7 current ops/sec; est completion in 3 days 16 hours [READ: Count=8609, Max=12487, Min=81, Avg=583.55, 90=1410, 99=6379, 99.9=8167, 99.99=11367] [UPDATE: Count=8708, Max=11311, Min=78, Avg=564.65, 90=1161, 99=6095, 99.9=8103, 99.99=10159] 
2025-04-18 14:39:27:270 40 sec: 59866 operations; 1924.2 current ops/sec; est completion in 3 days 7 hours [READ: Count=9618, Max=203647, Min=79, Avg=521.44, 90=477, 99=5543, 99.9=8011, 99.99=13255] [UPDATE: Count=9624, Max=206335, Min=81, Avg=510.03, 90=467, 99=5695, 99.9=8107, 99.99=10183] 
2025-04-18 14:39:37:270 50 sec: 80008 operations; 2014.2 current ops/sec; est completion in 3 days 2 hours [READ: Count=10113, Max=10935, Min=83, Avg=507.17, 90=472, 99=5727, 99.9=8167, 99.99=10863] [UPDATE: Count=10029, Max=10463, Min=80, Avg=481.01, 90=427, 99=5647, 99.9=8087, 99.99=9567] 
2025-04-18 14:39:47:270 60 sec: 100766 operations; 2075.8 current ops/sec; est completion in 2 days 23 hours [READ: Count=10480, Max=11231, Min=80, Avg=490.23, 90=452, 99=5583, 99.9=8087, 99.99=9335] [UPDATE: Count=10278, Max=11983, Min=77, Avg=468.53, 90=413, 99=5547, 99.9=8159, 99.99=10967] 
Maximum time elapsed. Requesting stop for the workload.
Stop requested for workload. Now Joining!
2025-04-18 14:39:48:284 61 sec: 103721 operations; 2914.2 current ops/sec; est completion in 2 days 22 hours [READ: Count=1502, Max=12159, Min=80, Avg=327.87, 90=243, 99=4227, 99.9=8003, 99.99=12159] [CLEANUP: Count=1, Max=1021, Min=1021, Avg=1021, 90=1021, 99=1021, 99.9=1021, 99.99=1021] [UPDATE: Count=1453, Max=7935, Min=81, Avg=350.02, 90=246, 99=4235, 99.9=7807, 99.99=7935] 
[OVERALL], RunTime(ms), 61019
[OVERALL], Throughput(ops/sec), 1699.8148117799374
[TOTAL_GCS_Copy], Count, 10
[TOTAL_GC_TIME_Copy], Time(ms), 27
[TOTAL_GC_TIME_%_Copy], Time(%), 0.04424851275832118
[TOTAL_GCS_MarkSweepCompact], Count, 0
[TOTAL_GC_TIME_MarkSweepCompact], Time(ms), 0
[TOTAL_GC_TIME_%_MarkSweepCompact], Time(%), 0.0
[TOTAL_GCs], Count, 10
[TOTAL_GC_TIME], Time(ms), 27
[TOTAL_GC_TIME_%], Time(%), 0.04424851275832118
[READ], Operations, 52095
[READ], AverageLatency(us), 581.5240234187542
[READ], MinLatency(us), 79
[READ], MaxLatency(us), 203647
[READ], 95thPercentileLatency(us), 4013
[READ], 99thPercentileLatency(us), 6775
[READ], Return=OK, 52095
[CLEANUP], Operations, 1
[CLEANUP], AverageLatency(us), 1021.0
[CLEANUP], MinLatency(us), 1021
[CLEANUP], MaxLatency(us), 1021
[CLEANUP], 95thPercentileLatency(us), 1021
[CLEANUP], 99thPercentileLatency(us), 1021
[UPDATE], Operations, 51626
[UPDATE], AverageLatency(us), 579.6838802153953
[UPDATE], MinLatency(us), 77
[UPDATE], MaxLatency(us), 206335
[UPDATE], 95thPercentileLatency(us), 4017
[UPDATE], 99thPercentileLatency(us), 6871
[UPDATE], Return=OK, 51626
AUTOTEST_DONE
