/nix/store/2vwkssqpzykk37r996cafq7x63imf4sp-openjdk-21+35/bin/java  -classpath /nix/store/zw02np72fzsmga6s5mphhw7x8qlzf4sv-ycsb-0.17.0/share/conf:/nix/store/zw02np72fzsmga6s5mphhw7x8qlzf4sv-ycsb-0.17.0/share/lib/core-0.17.0.jar:/nix/store/zw02np72fzsmga6s5mphhw7x8qlzf4sv-ycsb-0.17.0/share/lib/HdrHistogram-2.1.4.jar:/nix/store/zw02np72fzsmga6s5mphhw7x8qlzf4sv-ycsb-0.17.0/share/lib/htrace-core4-4.1.0-incubating.jar:/nix/store/zw02np72fzsmga6s5mphhw7x8qlzf4sv-ycsb-0.17.0/share/lib/jackson-core-asl-1.9.4.jar:/nix/store/zw02np72fzsmga6s5mphhw7x8qlzf4sv-ycsb-0.17.0/share/lib/jackson-mapper-asl-1.9.4.jar:/nix/store/zw02np72fzsmga6s5mphhw7x8qlzf4sv-ycsb-0.17.0/share/redis-binding/lib/commons-pool2-2.4.2.jar:/nix/store/zw02np72fzsmga6s5mphhw7x8qlzf4sv-ycsb-0.17.0/share/redis-binding/lib/jedis-2.9.0.jar:/nix/store/zw02np72fzsmga6s5mphhw7x8qlzf4sv-ycsb-0.17.0/share/redis-binding/lib/redis-binding-0.17.0.jar site.ycsb.Client -t -db site.ycsb.db.RedisClient -s -P /home/host/vmuxIO/test/moonprogs//../../ycsb/share/workloads/workloada -p redis.host=10.1.0.2 -p redis.port=6388 -p operationcount=429496729 -p maxexecutiontime=61 -threads 1
Command line: -t -db site.ycsb.db.RedisClient -s -P /home/host/vmuxIO/test/moonprogs//../../ycsb/share/workloads/workloada -p redis.host=10.1.0.2 -p redis.port=6388 -p operationcount=429496729 -p maxexecutiontime=61 -threads 1
YCSB Client 0.17.0

Loading workload...
Starting test.
Maximum execution time specified as: 61 secs
DBWrapper: report latency for each error is false and specific error codes to track for latency are: []
2025-04-18 14:38:47:082 0 sec: 0 operations; est completion in 0 second 
2025-04-18 14:38:56:755 10 sec: 11020 operations; 1102 current ops/sec; est completion in 4 days 12 hours [READ: Count=5498, Max=60511, Min=84, Avg=828.44, 90=2199, 99=7667, 99.9=17967, 99.99=20287] [UPDATE: Count=5529, Max=94015, Min=90, Avg=861.51, 90=2401, 99=7755, 99.9=11991, 99.99=14135] 
2025-04-18 14:39:06:754 20 sec: 27406 operations; 1638.6 current ops/sec; est completion in 3 days 15 hours [READ: Count=8227, Max=22447, Min=84, Avg=610.16, 90=1174, 99=7011, 99.9=10071, 99.99=12023] [UPDATE: Count=8152, Max=11911, Min=81, Avg=600.53, 90=1139, 99=6591, 99.9=9319, 99.99=11759] 
2025-04-18 14:39:16:754 30 sec: 45153 operations; 1774.7 current ops/sec; est completion in 3 days 7 hours [READ: Count=8860, Max=10895, Min=84, Avg=559.41, 90=1009, 99=6067, 99.9=8231, 99.99=9615] [UPDATE: Count=8887, Max=10959, Min=84, Avg=560.66, 90=1023, 99=6439, 99.9=8167, 99.99=9239] 
2025-04-18 14:39:26:755 40 sec: 64431 operations; 1927.8 current ops/sec; est completion in 3 days 2 hours [READ: Count=9740, Max=203391, Min=84, Avg=527.99, 90=481, 99=5623, 99.9=8003, 99.99=10815] [UPDATE: Count=9538, Max=205823, Min=83, Avg=501.2, 90=438, 99=5051, 99.9=8043, 99.99=10175] 
2025-04-18 14:39:36:754 50 sec: 83329 operations; 1889.8 current ops/sec; est completion in 2 days 23 hours [READ: Count=9501, Max=11207, Min=80, Avg=536.1, 90=549, 99=6131, 99.9=8103, 99.99=10911] [UPDATE: Count=9397, Max=30975, Min=85, Avg=517.44, 90=499, 99=5651, 99.9=8231, 99.99=12119] 
2025-04-18 14:39:46:754 60 sec: 108118 operations; 2478.9 current ops/sec; est completion in 2 days 18 hours [READ: Count=12359, Max=8231, Min=83, Avg=414.31, 90=340, 99=4271, 99.9=7191, 99.99=8115] [UPDATE: Count=12430, Max=11311, Min=82, Avg=387.97, 90=328, 99=4271, 99.9=7247, 99.99=8155] 
Maximum time elapsed. Requesting stop for the workload.
Stop requested for workload. Now Joining!
2025-04-18 14:39:47:770 61 sec: 109865 operations; 1719.49 current ops/sec; est completion in 2 days 18 hours [READ: Count=874, Max=11727, Min=85, Avg=559.7, 90=1123, 99=5259, 99.9=8003, 99.99=11727] [CLEANUP: Count=1, Max=4259, Min=4256, Avg=4258, 90=4259, 99=4259, 99.9=4259, 99.99=4259] [UPDATE: Count=873, Max=8199, Min=83, Avg=595.59, 90=1263, 99=6035, 99.9=7803, 99.99=8199] 
[OVERALL], RunTime(ms), 61025
[OVERALL], Throughput(ops/sec), 1800.3277345350266
[TOTAL_GCS_Copy], Count, 10
[TOTAL_GC_TIME_Copy], Time(ms), 28
[TOTAL_GC_TIME_%_Copy], Time(%), 0.04588283490372798
[TOTAL_GCS_MarkSweepCompact], Count, 0
[TOTAL_GC_TIME_MarkSweepCompact], Time(ms), 0
[TOTAL_GC_TIME_%_MarkSweepCompact], Time(%), 0.0
[TOTAL_GCs], Count, 10
[TOTAL_GC_TIME], Time(ms), 28
[TOTAL_GC_TIME_%], Time(%), 0.04588283490372798
[READ], Operations, 55059
[READ], AverageLatency(us), 551.7109646016091
[READ], MinLatency(us), 80
[READ], MaxLatency(us), 203391
[READ], 95thPercentileLatency(us), 3783
[READ], 99thPercentileLatency(us), 6083
[READ], Return=OK, 55059
[CLEANUP], Operations, 1
[CLEANUP], AverageLatency(us), 4258.0
[CLEANUP], MinLatency(us), 4256
[CLEANUP], MaxLatency(us), 4259
[CLEANUP], 95thPercentileLatency(us), 4259
[CLEANUP], 99thPercentileLatency(us), 4259
[UPDATE], Operations, 54806
[UPDATE], AverageLatency(us), 540.5718534467029
[UPDATE], MinLatency(us), 81
[UPDATE], MaxLatency(us), 205823
[UPDATE], 95thPercentileLatency(us), 3749
[UPDATE], 99thPercentileLatency(us), 6023
[UPDATE], Return=OK, 54806
AUTOTEST_DONE
