/nix/store/2vwkssqpzykk37r996cafq7x63imf4sp-openjdk-21+35/bin/java  -classpath /nix/store/zw02np72fzsmga6s5mphhw7x8qlzf4sv-ycsb-0.17.0/share/conf:/nix/store/zw02np72fzsmga6s5mphhw7x8qlzf4sv-ycsb-0.17.0/share/lib/core-0.17.0.jar:/nix/store/zw02np72fzsmga6s5mphhw7x8qlzf4sv-ycsb-0.17.0/share/lib/HdrHistogram-2.1.4.jar:/nix/store/zw02np72fzsmga6s5mphhw7x8qlzf4sv-ycsb-0.17.0/share/lib/htrace-core4-4.1.0-incubating.jar:/nix/store/zw02np72fzsmga6s5mphhw7x8qlzf4sv-ycsb-0.17.0/share/lib/jackson-core-asl-1.9.4.jar:/nix/store/zw02np72fzsmga6s5mphhw7x8qlzf4sv-ycsb-0.17.0/share/lib/jackson-mapper-asl-1.9.4.jar:/nix/store/zw02np72fzsmga6s5mphhw7x8qlzf4sv-ycsb-0.17.0/share/redis-binding/lib/commons-pool2-2.4.2.jar:/nix/store/zw02np72fzsmga6s5mphhw7x8qlzf4sv-ycsb-0.17.0/share/redis-binding/lib/jedis-2.9.0.jar:/nix/store/zw02np72fzsmga6s5mphhw7x8qlzf4sv-ycsb-0.17.0/share/redis-binding/lib/redis-binding-0.17.0.jar site.ycsb.Client -t -db site.ycsb.db.RedisClient -s -P /home/host/vmuxIO/test/moonprogs//../../ycsb/share/workloads/workloada -p redis.host=10.1.0.2 -p redis.port=6379 -p operationcount=429496729 -p maxexecutiontime=61 -threads 1
Command line: -t -db site.ycsb.db.RedisClient -s -P /home/host/vmuxIO/test/moonprogs//../../ycsb/share/workloads/workloada -p redis.host=10.1.0.2 -p redis.port=6379 -p operationcount=429496729 -p maxexecutiontime=61 -threads 1
YCSB Client 0.17.0

Loading workload...
Starting test.
Maximum execution time specified as: 61 secs
DBWrapper: report latency for each error is false and specific error codes to track for latency are: []
2024-10-15 11:50:03:370 0 sec: 0 operations; est completion in 0 second 
2024-10-15 11:50:13:216 10 sec: 49794 operations; 4979.4 current ops/sec; est completion in 23 hours 57 minutes [READ: Count=25113, Max=46559, Min=115, Avg=191.34, 90=273, 99=409, 99.9=1195, 99.99=4455] [UPDATE: Count=24689, Max=11127, Min=110, Avg=194.49, 90=273, 99=452, 99.9=1601, 99.99=6715] 
2024-10-15 11:50:23:216 20 sec: 110570 operations; 6077.6 current ops/sec; est completion in 21 hours 34 minutes [READ: Count=30316, Max=9199, Min=115, Avg=163.34, 90=263, 99=277, 99.9=308, 99.99=609] [UPDATE: Count=30452, Max=696, Min=109, Avg=161.1, 90=263, 99=276, 99.9=298, 99.99=578] 
2024-10-15 11:50:33:216 30 sec: 171346 operations; 6077.6 current ops/sec; est completion in 20 hours 52 minutes [READ: Count=30480, Max=3691, Min=117, Avg=163.55, 90=264, 99=278, 99.9=295, 99.99=581] [UPDATE: Count=30296, Max=597, Min=111, Avg=162, 90=264, 99=277, 99.9=289, 99.99=450] 
2024-10-15 11:50:43:216 40 sec: 230549 operations; 5920.3 current ops/sec; est completion in 20 hours 41 minutes [READ: Count=29661, Max=657, Min=120, Avg=167.97, 90=268, 99=305, 99.9=394, 99.99=628] [UPDATE: Count=29542, Max=7411, Min=113, Avg=166.03, 90=267, 99=303, 99.9=390, 99.99=707] 
2024-10-15 11:50:53:216 50 sec: 289709 operations; 5916 current ops/sec; est completion in 20 hours 34 minutes [READ: Count=29712, Max=709, Min=116, Avg=167.23, 90=268, 99=281, 99.9=299, 99.99=557] [UPDATE: Count=29448, Max=3505, Min=110, Avg=167.27, 90=267, 99=280, 99.9=297, 99.99=443] 
2024-10-15 11:51:03:216 60 sec: 350060 operations; 6035.1 current ops/sec; est completion in 20 hours 25 minutes [READ: Count=30358, Max=6567, Min=115, Avg=164.61, 90=264, 99=279, 99.9=307, 99.99=600] [UPDATE: Count=29993, Max=3817, Min=113, Avg=163.2, 90=264, 99=277, 99.9=297, 99.99=568] 
Maximum time elapsed. Requesting stop for the workload.
Stop requested for workload. Now Joining!
2024-10-15 11:51:04:220 61 sec: 356050 operations; 5966.14 current ops/sec; est completion in 20 hours 25 minutes [READ: Count=3017, Max=3149, Min=119, Avg=166.92, 90=265, 99=278, 99.9=385, 99.99=3149] [CLEANUP: Count=1, Max=883, Min=883, Avg=883, 90=883, 99=883, 99.9=883, 99.99=883] [UPDATE: Count=2973, Max=430, Min=114, Avg=164.13, 90=264, 99=276, 99.9=300, 99.99=430] 
[OVERALL], RunTime(ms), 61010
[OVERALL], Throughput(ops/sec), 5835.928536305523
[TOTAL_GCS_Copy], Count, 33
[TOTAL_GC_TIME_Copy], Time(ms), 20
[TOTAL_GC_TIME_%_Copy], Time(%), 0.03278151122766759
[TOTAL_GCS_MarkSweepCompact], Count, 0
[TOTAL_GC_TIME_MarkSweepCompact], Time(ms), 0
[TOTAL_GC_TIME_%_MarkSweepCompact], Time(%), 0.0
[TOTAL_GCs], Count, 33
[TOTAL_GC_TIME], Time(ms), 20
[TOTAL_GC_TIME_%], Time(%), 0.03278151122766759
[READ], Operations, 178657
[READ], AverageLatency(us), 169.00204302098433
[READ], MinLatency(us), 115
[READ], MaxLatency(us), 46559
[READ], 95thPercentileLatency(us), 273
[READ], 99thPercentileLatency(us), 293
[READ], Return=OK, 178657
[CLEANUP], Operations, 1
[CLEANUP], AverageLatency(us), 883.0
[CLEANUP], MinLatency(us), 883
[CLEANUP], MaxLatency(us), 883
[CLEANUP], 95thPercentileLatency(us), 883
[CLEANUP], 99thPercentileLatency(us), 883
[UPDATE], Operations, 177393
[UPDATE], AverageLatency(us), 168.1521085950404
[UPDATE], MinLatency(us), 109
[UPDATE], MaxLatency(us), 11127
[UPDATE], 95thPercentileLatency(us), 271
[UPDATE], 99thPercentileLatency(us), 292
[UPDATE], Return=OK, 177393
AUTOTEST_DONE
