/nix/store/2vwkssqpzykk37r996cafq7x63imf4sp-openjdk-21+35/bin/java  -classpath /nix/store/zw02np72fzsmga6s5mphhw7x8qlzf4sv-ycsb-0.17.0/share/conf:/nix/store/zw02np72fzsmga6s5mphhw7x8qlzf4sv-ycsb-0.17.0/share/lib/core-0.17.0.jar:/nix/store/zw02np72fzsmga6s5mphhw7x8qlzf4sv-ycsb-0.17.0/share/lib/HdrHistogram-2.1.4.jar:/nix/store/zw02np72fzsmga6s5mphhw7x8qlzf4sv-ycsb-0.17.0/share/lib/htrace-core4-4.1.0-incubating.jar:/nix/store/zw02np72fzsmga6s5mphhw7x8qlzf4sv-ycsb-0.17.0/share/lib/jackson-core-asl-1.9.4.jar:/nix/store/zw02np72fzsmga6s5mphhw7x8qlzf4sv-ycsb-0.17.0/share/lib/jackson-mapper-asl-1.9.4.jar:/nix/store/zw02np72fzsmga6s5mphhw7x8qlzf4sv-ycsb-0.17.0/share/redis-binding/lib/commons-pool2-2.4.2.jar:/nix/store/zw02np72fzsmga6s5mphhw7x8qlzf4sv-ycsb-0.17.0/share/redis-binding/lib/jedis-2.9.0.jar:/nix/store/zw02np72fzsmga6s5mphhw7x8qlzf4sv-ycsb-0.17.0/share/redis-binding/lib/redis-binding-0.17.0.jar site.ycsb.Client -t -db site.ycsb.db.RedisClient -s -P /home/host/vmuxIO/test/moonprogs//../../ycsb/share/workloads/workloada -p redis.host=10.1.0.2 -p redis.port=6381 -p operationcount=429496729 -p maxexecutiontime=61 -threads 1
Command line: -t -db site.ycsb.db.RedisClient -s -P /home/host/vmuxIO/test/moonprogs//../../ycsb/share/workloads/workloada -p redis.host=10.1.0.2 -p redis.port=6381 -p operationcount=429496729 -p maxexecutiontime=61 -threads 1
YCSB Client 0.17.0

Loading workload...
Starting test.
Maximum execution time specified as: 61 secs
DBWrapper: report latency for each error is false and specific error codes to track for latency are: []
2025-04-18 14:00:39:956 0 sec: 0 operations; est completion in 0 second 
2025-04-18 14:00:49:637 10 sec: 10996 operations; 1099.38 current ops/sec; est completion in 4 days 12 hours [READ: Count=5538, Max=41695, Min=186, Avg=843.03, 90=1270, 99=5803, 99.9=11559, 99.99=36255] [UPDATE: Count=5467, Max=93823, Min=187, Avg=898.2, 90=1376, 99=7047, 99.9=13903, 99.99=35455] 
2025-04-18 14:00:59:637 20 sec: 30704 operations; 1970.8 current ops/sec; est completion in 3 days 5 hours [READ: Count=9851, Max=9647, Min=157, Avg=500.02, 90=839, 99=1063, 99.9=3717, 99.99=7251] [UPDATE: Count=9848, Max=9695, Min=156, Avg=501.99, 90=849, 99=1072, 99.9=4025, 99.99=5227] 
2025-04-18 14:01:09:637 30 sec: 54209 operations; 2350.74 current ops/sec; est completion in 2 days 18 hours [READ: Count=11756, Max=9959, Min=153, Avg=423.27, 90=790, 99=1034, 99.9=1684, 99.99=8231] [UPDATE: Count=11749, Max=20463, Min=153, Avg=419.87, 90=786, 99=1043, 99.9=1499, 99.99=6307] 
2025-04-18 14:01:19:636 40 sec: 75371 operations; 2116.2 current ops/sec; est completion in 2 days 15 hours [READ: Count=10684, Max=6127, Min=167, Avg=468.78, 90=767, 99=989, 99.9=3485, 99.99=4339] [UPDATE: Count=10479, Max=4359, Min=155, Avg=470.43, 90=773, 99=997, 99.9=2483, 99.99=4267] 
2025-04-18 14:01:29:636 50 sec: 92036 operations; 1666.5 current ops/sec; est completion in 2 days 16 hours [READ: Count=8381, Max=7223, Min=163, Avg=594.6, 90=921, 99=1231, 99.9=2521, 99.99=5879] [UPDATE: Count=8283, Max=9903, Min=158, Avg=600.05, 90=944, 99=1248, 99.9=1837, 99.99=4551] 
2025-04-18 14:01:39:636 60 sec: 121346 operations; 2931 current ops/sec; est completion in 2 days 10 hours [READ: Count=14778, Max=8067, Min=135, Avg=339.33, 90=446, 99=889, 99.9=1174, 99.99=5655] [UPDATE: Count=14532, Max=8671, Min=139, Avg=338.35, 90=452, 99=879, 99.9=1092, 99.99=7175] 
Maximum time elapsed. Requesting stop for the workload.
Stop requested for workload. Now Joining!
2025-04-18 14:01:40:656 61 sec: 124871 operations; 3459.27 current ops/sec; est completion in 2 days 10 hours [READ: Count=1743, Max=1248, Min=148, Avg=286.38, 90=328, 99=415, 99.9=561, 99.99=1248] [CLEANUP: Count=1, Max=1142, Min=1142, Avg=1142, 90=1142, 99=1142, 99.9=1142, 99.99=1142] [UPDATE: Count=1782, Max=3445, Min=146, Avg=286.51, 90=327, 99=431, 99.9=760, 99.99=3445] 
[OVERALL], RunTime(ms), 61020
[OVERALL], Throughput(ops/sec), 2046.3946247132087
[TOTAL_GCS_Copy], Count, 12
[TOTAL_GC_TIME_Copy], Time(ms), 45
[TOTAL_GC_TIME_%_Copy], Time(%), 0.07374631268436578
[TOTAL_GCS_MarkSweepCompact], Count, 0
[TOTAL_GC_TIME_MarkSweepCompact], Time(ms), 0
[TOTAL_GC_TIME_%_MarkSweepCompact], Time(%), 0.0
[TOTAL_GCs], Count, 12
[TOTAL_GC_TIME], Time(ms), 45
[TOTAL_GC_TIME_%], Time(%), 0.07374631268436578
[READ], Operations, 62731
[READ], AverageLatency(us), 479.4420302561732
[READ], MinLatency(us), 135
[READ], MaxLatency(us), 41695
[READ], 95thPercentileLatency(us), 923
[READ], 99thPercentileLatency(us), 1340
[READ], Return=OK, 62731
[CLEANUP], Operations, 1
[CLEANUP], AverageLatency(us), 1142.0
[CLEANUP], MinLatency(us), 1142
[CLEANUP], MaxLatency(us), 1142
[CLEANUP], 95thPercentileLatency(us), 1142
[CLEANUP], 99thPercentileLatency(us), 1142
[UPDATE], Operations, 62140
[UPDATE], AverageLatency(us), 484.6242838751207
[UPDATE], MinLatency(us), 139
[UPDATE], MaxLatency(us), 93823
[UPDATE], 95thPercentileLatency(us), 938
[UPDATE], 99thPercentileLatency(us), 1401
[UPDATE], Return=OK, 62140
AUTOTEST_DONE
