/nix/store/2vwkssqpzykk37r996cafq7x63imf4sp-openjdk-21+35/bin/java  -classpath /nix/store/zw02np72fzsmga6s5mphhw7x8qlzf4sv-ycsb-0.17.0/share/conf:/nix/store/zw02np72fzsmga6s5mphhw7x8qlzf4sv-ycsb-0.17.0/share/lib/core-0.17.0.jar:/nix/store/zw02np72fzsmga6s5mphhw7x8qlzf4sv-ycsb-0.17.0/share/lib/HdrHistogram-2.1.4.jar:/nix/store/zw02np72fzsmga6s5mphhw7x8qlzf4sv-ycsb-0.17.0/share/lib/htrace-core4-4.1.0-incubating.jar:/nix/store/zw02np72fzsmga6s5mphhw7x8qlzf4sv-ycsb-0.17.0/share/lib/jackson-core-asl-1.9.4.jar:/nix/store/zw02np72fzsmga6s5mphhw7x8qlzf4sv-ycsb-0.17.0/share/lib/jackson-mapper-asl-1.9.4.jar:/nix/store/zw02np72fzsmga6s5mphhw7x8qlzf4sv-ycsb-0.17.0/share/redis-binding/lib/commons-pool2-2.4.2.jar:/nix/store/zw02np72fzsmga6s5mphhw7x8qlzf4sv-ycsb-0.17.0/share/redis-binding/lib/jedis-2.9.0.jar:/nix/store/zw02np72fzsmga6s5mphhw7x8qlzf4sv-ycsb-0.17.0/share/redis-binding/lib/redis-binding-0.17.0.jar site.ycsb.Client -t -db site.ycsb.db.RedisClient -s -P /home/host/vmuxIO/test/moonprogs//../../ycsb/share/workloads/workloada -p redis.host=10.1.0.2 -p redis.port=6382 -p operationcount=429496729 -p maxexecutiontime=61 -threads 1
Command line: -t -db site.ycsb.db.RedisClient -s -P /home/host/vmuxIO/test/moonprogs//../../ycsb/share/workloads/workloada -p redis.host=10.1.0.2 -p redis.port=6382 -p operationcount=429496729 -p maxexecutiontime=61 -threads 1
YCSB Client 0.17.0

Loading workload...
Starting test.
Maximum execution time specified as: 61 secs
DBWrapper: report latency for each error is false and specific error codes to track for latency are: []
2025-04-18 14:00:40:752 0 sec: 0 operations; est completion in 0 second 
2025-04-18 14:00:50:396 10 sec: 13069 operations; 1306.77 current ops/sec; est completion in 3 days 19 hours [READ: Count=6560, Max=131327, Min=162, Avg=719.77, 90=1087, 99=5223, 99.9=14007, 99.99=19551] [UPDATE: Count=6528, Max=18575, Min=170, Avg=734.58, 90=1148, 99=5711, 99.9=11367, 99.99=17279] 
2025-04-18 14:01:00:397 20 sec: 33492 operations; 2042.1 current ops/sec; est completion in 2 days 23 hours [READ: Count=10188, Max=48863, Min=152, Avg=488.33, 90=789, 99=980, 99.9=3647, 99.99=23999] [UPDATE: Count=10216, Max=6687, Min=152, Avg=480.43, 90=799, 99=982, 99.9=1714, 99.99=6575] 
2025-04-18 14:01:10:396 30 sec: 60138 operations; 2664.87 current ops/sec; est completion in 2 days 11 hours [READ: Count=13269, Max=10471, Min=154, Avg=371.59, 90=693, 99=940, 99.9=1145, 99.99=5623] [UPDATE: Count=13378, Max=3709, Min=153, Avg=371.92, 90=701, 99=934, 99.9=1150, 99.99=2629] 
2025-04-18 14:01:20:396 40 sec: 83028 operations; 2289 current ops/sec; est completion in 2 days 9 hours [READ: Count=11454, Max=4331, Min=150, Avg=434.43, 90=767, 99=1045, 99.9=1639, 99.99=4267] [UPDATE: Count=11436, Max=4571, Min=149, Avg=434.38, 90=772, 99=1040, 99.9=1508, 99.99=3963] 
2025-04-18 14:01:30:397 50 sec: 102558 operations; 1952.8 current ops/sec; est completion in 2 days 10 hours [READ: Count=9686, Max=4875, Min=166, Avg=506.26, 90=852, 99=1219, 99.9=1552, 99.99=2995] [UPDATE: Count=9843, Max=7799, Min=166, Avg=512.33, 90=859, 99=1212, 99.9=1816, 99.99=6019] 
2025-04-18 14:01:40:395 60 sec: 131568 operations; 2901.58 current ops/sec; est completion in 2 days 6 hours [READ: Count=14506, Max=8215, Min=124, Avg=343.91, 90=521, 99=896, 99.9=1144, 99.99=4887] [UPDATE: Count=14504, Max=4415, Min=144, Avg=340.68, 90=519, 99=910, 99.9=1186, 99.99=4183] 
Maximum time elapsed. Requesting stop for the workload.
Stop requested for workload. Now Joining!
2025-04-18 14:01:41:403 61 sec: 135051 operations; 3455.36 current ops/sec; est completion in 2 days 5 hours [READ: Count=1755, Max=838, Min=145, Avg=285.56, 90=337, 99=412, 99.9=683, 99.99=838] [CLEANUP: Count=1, Max=1110, Min=1110, Avg=1110, 90=1110, 99=1110, 99.9=1110, 99.99=1110] [UPDATE: Count=1728, Max=3459, Min=146, Avg=287.54, 90=333, 99=426, 99.9=986, 99.99=3459] 
[OVERALL], RunTime(ms), 61008
[OVERALL], Throughput(ops/sec), 2213.660503540519
[TOTAL_GCS_Copy], Count, 12
[TOTAL_GC_TIME_Copy], Time(ms), 32
[TOTAL_GC_TIME_%_Copy], Time(%), 0.05245213742460005
[TOTAL_GCS_MarkSweepCompact], Count, 0
[TOTAL_GC_TIME_MarkSweepCompact], Time(ms), 0
[TOTAL_GC_TIME_%_MarkSweepCompact], Time(%), 0.0
[TOTAL_GCs], Count, 12
[TOTAL_GC_TIME], Time(ms), 32
[TOTAL_GC_TIME_%], Time(%), 0.05245213742460005
[READ], Operations, 67418
[READ], AverageLatency(us), 444.9382212465514
[READ], MinLatency(us), 124
[READ], MaxLatency(us), 131327
[READ], 95thPercentileLatency(us), 873
[READ], 99thPercentileLatency(us), 1232
[READ], Return=OK, 67418
[CLEANUP], Operations, 1
[CLEANUP], AverageLatency(us), 1110.0
[CLEANUP], MinLatency(us), 1110
[CLEANUP], MaxLatency(us), 1110
[CLEANUP], 95thPercentileLatency(us), 1110
[CLEANUP], 99thPercentileLatency(us), 1110
[UPDATE], Operations, 67633
[UPDATE], AverageLatency(us), 445.4553694202534
[UPDATE], MinLatency(us), 144
[UPDATE], MaxLatency(us), 18575
[UPDATE], 95thPercentileLatency(us), 885
[UPDATE], 99thPercentileLatency(us), 1269
[UPDATE], Return=OK, 67633
AUTOTEST_DONE
