/nix/store/2vwkssqpzykk37r996cafq7x63imf4sp-openjdk-21+35/bin/java  -classpath /nix/store/zw02np72fzsmga6s5mphhw7x8qlzf4sv-ycsb-0.17.0/share/conf:/nix/store/zw02np72fzsmga6s5mphhw7x8qlzf4sv-ycsb-0.17.0/share/lib/core-0.17.0.jar:/nix/store/zw02np72fzsmga6s5mphhw7x8qlzf4sv-ycsb-0.17.0/share/lib/HdrHistogram-2.1.4.jar:/nix/store/zw02np72fzsmga6s5mphhw7x8qlzf4sv-ycsb-0.17.0/share/lib/htrace-core4-4.1.0-incubating.jar:/nix/store/zw02np72fzsmga6s5mphhw7x8qlzf4sv-ycsb-0.17.0/share/lib/jackson-core-asl-1.9.4.jar:/nix/store/zw02np72fzsmga6s5mphhw7x8qlzf4sv-ycsb-0.17.0/share/lib/jackson-mapper-asl-1.9.4.jar:/nix/store/zw02np72fzsmga6s5mphhw7x8qlzf4sv-ycsb-0.17.0/share/redis-binding/lib/commons-pool2-2.4.2.jar:/nix/store/zw02np72fzsmga6s5mphhw7x8qlzf4sv-ycsb-0.17.0/share/redis-binding/lib/jedis-2.9.0.jar:/nix/store/zw02np72fzsmga6s5mphhw7x8qlzf4sv-ycsb-0.17.0/share/redis-binding/lib/redis-binding-0.17.0.jar site.ycsb.Client -t -db site.ycsb.db.RedisClient -s -P /home/host/vmuxIO/test/moonprogs//../../ycsb/share/workloads/workloada -p redis.host=10.1.0.2 -p redis.port=6384 -p operationcount=429496729 -p maxexecutiontime=61 -threads 1
Command line: -t -db site.ycsb.db.RedisClient -s -P /home/host/vmuxIO/test/moonprogs//../../ycsb/share/workloads/workloada -p redis.host=10.1.0.2 -p redis.port=6384 -p operationcount=429496729 -p maxexecutiontime=61 -threads 1
YCSB Client 0.17.0

Loading workload...
Starting test.
Maximum execution time specified as: 61 secs
DBWrapper: report latency for each error is false and specific error codes to track for latency are: []
2025-04-02 01:19:57:874 0 sec: 0 operations; est completion in 0 second 
2025-04-02 01:20:07:706 10 sec: 17076 operations; 1707.6 current ops/sec; est completion in 2 days 21 hours [READ: Count=8531, Max=58239, Min=83, Avg=550.29, 90=906, 99=7011, 99.9=16783, 99.99=54687] [UPDATE: Count=8549, Max=205439, Min=81, Avg=580.62, 90=893, 99=7415, 99.9=15447, 99.99=77503] 
2025-04-02 01:20:17:706 20 sec: 44047 operations; 2697.1 current ops/sec; est completion in 2 days 6 hours [READ: Count=13357, Max=33439, Min=84, Avg=374.12, 90=594, 99=4175, 99.9=8103, 99.99=15535] [UPDATE: Count=13610, Max=13359, Min=78, Avg=358.17, 90=547, 99=4151, 99.9=8075, 99.99=11279] 
2025-04-02 01:20:27:706 30 sec: 72526 operations; 2847.9 current ops/sec; est completion in 2 days 1 hour [READ: Count=14297, Max=14111, Min=76, Avg=350.78, 90=331, 99=4199, 99.9=9775, 99.99=13183] [UPDATE: Count=14182, Max=15767, Min=82, Avg=345.92, 90=334, 99=4203, 99.9=7911, 99.99=14383] 
2025-04-02 01:20:37:706 40 sec: 99809 operations; 2728.3 current ops/sec; est completion in 1 day 23 hours [READ: Count=13807, Max=12303, Min=81, Avg=371.14, 90=461, 99=4343, 99.9=9087, 99.99=11823] [UPDATE: Count=13476, Max=12071, Min=76, Avg=357.52, 90=449, 99=4195, 99.9=9079, 99.99=11999] 
2025-04-02 01:20:47:706 50 sec: 126465 operations; 2665.6 current ops/sec; est completion in 1 day 23 hours [READ: Count=13254, Max=205183, Min=80, Avg=368.67, 90=406, 99=4155, 99.9=9135, 99.99=14287] [UPDATE: Count=13402, Max=208639, Min=79, Avg=377.37, 90=417, 99=4155, 99.9=7159, 99.99=202239] 
2025-04-02 01:20:57:706 60 sec: 157636 operations; 3117.1 current ops/sec; est completion in 1 day 21 hours [READ: Count=15649, Max=13743, Min=79, Avg=329.99, 90=280, 99=4179, 99.9=7151, 99.99=9679] [UPDATE: Count=15522, Max=10767, Min=77, Avg=307.78, 90=273, 99=4167, 99.9=6667, 99.99=9143] 
Maximum time elapsed. Requesting stop for the workload.
Stop requested for workload. Now Joining!
2025-04-02 01:20:58:714 61 sec: 161031 operations; 3368.06 current ops/sec; est completion in 1 day 21 hours [READ: Count=1689, Max=13423, Min=81, Avg=270.69, 90=232, 99=4139, 99.9=4279, 99.99=13423] [CLEANUP: Count=1, Max=1041, Min=1041, Avg=1041, 90=1041, 99=1041, 99.9=1041, 99.99=1041] [UPDATE: Count=1706, Max=8035, Min=77, Avg=319.1, 90=240, 99=4167, 99.9=5007, 99.99=8035] 
[OVERALL], RunTime(ms), 61012
[OVERALL], Throughput(ops/sec), 2639.3332459188355
[TOTAL_GCS_Copy], Count, 15
[TOTAL_GC_TIME_Copy], Time(ms), 19
[TOTAL_GC_TIME_%_Copy], Time(%), 0.031141414803645184
[TOTAL_GCS_MarkSweepCompact], Count, 0
[TOTAL_GC_TIME_MarkSweepCompact], Time(ms), 0
[TOTAL_GC_TIME_%_MarkSweepCompact], Time(%), 0.0
[TOTAL_GCs], Count, 15
[TOTAL_GC_TIME], Time(ms), 19
[TOTAL_GC_TIME_%], Time(%), 0.031141414803645184
[READ], Operations, 80584
[READ], AverageLatency(us), 376.4839794500149
[READ], MinLatency(us), 76
[READ], MaxLatency(us), 205183
[READ], 95thPercentileLatency(us), 1307
[READ], 99thPercentileLatency(us), 4235
[READ], Return=OK, 80584
[CLEANUP], Operations, 1
[CLEANUP], AverageLatency(us), 1041.0
[CLEANUP], MinLatency(us), 1041
[CLEANUP], MaxLatency(us), 1041
[CLEANUP], 95thPercentileLatency(us), 1041
[CLEANUP], 99thPercentileLatency(us), 1041
[UPDATE], Operations, 80447
[UPDATE], AverageLatency(us), 372.1877012194364
[UPDATE], MinLatency(us), 76
[UPDATE], MaxLatency(us), 208639
[UPDATE], 95thPercentileLatency(us), 1233
[UPDATE], 99thPercentileLatency(us), 4203
[UPDATE], Return=OK, 80447
AUTOTEST_DONE
