/nix/store/2vwkssqpzykk37r996cafq7x63imf4sp-openjdk-21+35/bin/java  -classpath /nix/store/zw02np72fzsmga6s5mphhw7x8qlzf4sv-ycsb-0.17.0/share/conf:/nix/store/zw02np72fzsmga6s5mphhw7x8qlzf4sv-ycsb-0.17.0/share/lib/core-0.17.0.jar:/nix/store/zw02np72fzsmga6s5mphhw7x8qlzf4sv-ycsb-0.17.0/share/lib/HdrHistogram-2.1.4.jar:/nix/store/zw02np72fzsmga6s5mphhw7x8qlzf4sv-ycsb-0.17.0/share/lib/htrace-core4-4.1.0-incubating.jar:/nix/store/zw02np72fzsmga6s5mphhw7x8qlzf4sv-ycsb-0.17.0/share/lib/jackson-core-asl-1.9.4.jar:/nix/store/zw02np72fzsmga6s5mphhw7x8qlzf4sv-ycsb-0.17.0/share/lib/jackson-mapper-asl-1.9.4.jar:/nix/store/zw02np72fzsmga6s5mphhw7x8qlzf4sv-ycsb-0.17.0/share/redis-binding/lib/commons-pool2-2.4.2.jar:/nix/store/zw02np72fzsmga6s5mphhw7x8qlzf4sv-ycsb-0.17.0/share/redis-binding/lib/jedis-2.9.0.jar:/nix/store/zw02np72fzsmga6s5mphhw7x8qlzf4sv-ycsb-0.17.0/share/redis-binding/lib/redis-binding-0.17.0.jar site.ycsb.Client -t -db site.ycsb.db.RedisClient -s -P /home/host/vmuxIO/test/moonprogs//../../ycsb/share/workloads/workloada -p redis.host=10.1.0.2 -p redis.port=6379 -p operationcount=429496729 -p maxexecutiontime=61 -threads 1
Command line: -t -db site.ycsb.db.RedisClient -s -P /home/host/vmuxIO/test/moonprogs//../../ycsb/share/workloads/workloada -p redis.host=10.1.0.2 -p redis.port=6379 -p operationcount=429496729 -p maxexecutiontime=61 -threads 1
YCSB Client 0.17.0

Loading workload...
Starting test.
Maximum execution time specified as: 61 secs
DBWrapper: report latency for each error is false and specific error codes to track for latency are: []
2024-10-15 13:05:51:496 0 sec: 0 operations; est completion in 0 second 
2024-10-15 13:06:01:312 10 sec: 40837 operations; 4083.29 current ops/sec; est completion in 1 day 5 hours [READ: Count=20315, Max=50303, Min=108, Avg=232.9, 90=291, 99=333, 99.9=2059, 99.99=4271] [UPDATE: Count=20543, Max=10239, Min=107, Avg=236.95, 90=290, 99=346, 99.9=2993, 99.99=8375] 
2024-10-15 13:06:11:312 20 sec: 85075 operations; 4423.8 current ops/sec; est completion in 1 day 4 hours [READ: Count=22337, Max=2293, Min=106, Avg=224.91, 90=291, 99=312, 99.9=382, 99.99=2063] [UPDATE: Count=21880, Max=2967, Min=104, Avg=220.61, 90=288, 99=309, 99.9=468, 99.99=1944] 
2024-10-15 13:06:21:313 30 sec: 128231 operations; 4315.6 current ops/sec; est completion in 1 day 3 hours [READ: Count=21559, Max=6739, Min=112, Avg=231.58, 90=295, 99=336, 99.9=519, 99.99=2173] [UPDATE: Count=21597, Max=7119, Min=109, Avg=227.02, 90=292, 99=332, 99.9=473, 99.99=1278] 
2024-10-15 13:06:31:312 40 sec: 171015 operations; 4278.4 current ops/sec; est completion in 1 day 3 hours [READ: Count=21444, Max=10039, Min=110, Avg=233.88, 90=293, 99=329, 99.9=521, 99.99=1291] [UPDATE: Count=21340, Max=1962, Min=115, Avg=229.18, 90=291, 99=335, 99.9=550, 99.99=1770] 
2024-10-15 13:06:41:312 50 sec: 213191 operations; 4217.6 current ops/sec; est completion in 1 day 3 hours [READ: Count=20902, Max=1947, Min=113, Avg=237.8, 90=296, 99=318, 99.9=431, 99.99=833] [UPDATE: Count=21274, Max=3887, Min=104, Avg=232.28, 90=294, 99=315, 99.9=357, 99.99=1849] 
2024-10-15 13:06:51:312 60 sec: 258627 operations; 4543.6 current ops/sec; est completion in 1 day 3 hours [READ: Count=22657, Max=3151, Min=108, Avg=219.97, 90=294, 99=322, 99.9=377, 99.99=1471] [UPDATE: Count=22779, Max=3805, Min=105, Avg=216.3, 90=292, 99=320, 99.9=390, 99.99=3053] 
Maximum time elapsed. Requesting stop for the workload.
Stop requested for workload. Now Joining!
2024-10-15 13:06:52:328 61 sec: 263810 operations; 5106.4 current ops/sec; est completion in 1 day 3 hours [READ: Count=2590, Max=3551, Min=113, Avg=194.86, 90=279, 99=367, 99.9=617, 99.99=3551] [CLEANUP: Count=1, Max=1355, Min=1355, Avg=1355, 90=1355, 99=1355, 99.9=1355, 99.99=1355] [UPDATE: Count=2593, Max=1137, Min=113, Avg=191.15, 90=279, 99=358, 99.9=624, 99.99=1137] 
[OVERALL], RunTime(ms), 61023
[OVERALL], Throughput(ops/sec), 4323.1240679743705
[TOTAL_GCS_Copy], Count, 24
[TOTAL_GC_TIME_Copy], Time(ms), 19
[TOTAL_GC_TIME_%_Copy], Time(%), 0.031135801255264405
[TOTAL_GCS_MarkSweepCompact], Count, 0
[TOTAL_GC_TIME_MarkSweepCompact], Time(ms), 0
[TOTAL_GC_TIME_%_MarkSweepCompact], Time(%), 0.0
[TOTAL_GCs], Count, 24
[TOTAL_GC_TIME], Time(ms), 19
[TOTAL_GC_TIME_%], Time(%), 0.031135801255264405
[READ], Operations, 131804
[READ], AverageLatency(us), 229.2967436496616
[READ], MinLatency(us), 106
[READ], MaxLatency(us), 50303
[READ], 95thPercentileLatency(us), 301
[READ], 99thPercentileLatency(us), 323
[READ], Return=OK, 131804
[CLEANUP], Operations, 1
[CLEANUP], AverageLatency(us), 1355.0
[CLEANUP], MinLatency(us), 1355
[CLEANUP], MaxLatency(us), 1355
[CLEANUP], 95thPercentileLatency(us), 1355
[CLEANUP], 99thPercentileLatency(us), 1355
[UPDATE], Operations, 132006
[UPDATE], AverageLatency(us), 226.14322833810584
[UPDATE], MinLatency(us), 104
[UPDATE], MaxLatency(us), 10239
[UPDATE], 95thPercentileLatency(us), 299
[UPDATE], 99thPercentileLatency(us), 322
[UPDATE], Return=OK, 132006
AUTOTEST_DONE
