/nix/store/2vwkssqpzykk37r996cafq7x63imf4sp-openjdk-21+35/bin/java  -classpath /nix/store/zw02np72fzsmga6s5mphhw7x8qlzf4sv-ycsb-0.17.0/share/conf:/nix/store/zw02np72fzsmga6s5mphhw7x8qlzf4sv-ycsb-0.17.0/share/lib/core-0.17.0.jar:/nix/store/zw02np72fzsmga6s5mphhw7x8qlzf4sv-ycsb-0.17.0/share/lib/HdrHistogram-2.1.4.jar:/nix/store/zw02np72fzsmga6s5mphhw7x8qlzf4sv-ycsb-0.17.0/share/lib/htrace-core4-4.1.0-incubating.jar:/nix/store/zw02np72fzsmga6s5mphhw7x8qlzf4sv-ycsb-0.17.0/share/lib/jackson-core-asl-1.9.4.jar:/nix/store/zw02np72fzsmga6s5mphhw7x8qlzf4sv-ycsb-0.17.0/share/lib/jackson-mapper-asl-1.9.4.jar:/nix/store/zw02np72fzsmga6s5mphhw7x8qlzf4sv-ycsb-0.17.0/share/redis-binding/lib/commons-pool2-2.4.2.jar:/nix/store/zw02np72fzsmga6s5mphhw7x8qlzf4sv-ycsb-0.17.0/share/redis-binding/lib/jedis-2.9.0.jar:/nix/store/zw02np72fzsmga6s5mphhw7x8qlzf4sv-ycsb-0.17.0/share/redis-binding/lib/redis-binding-0.17.0.jar site.ycsb.Client -t -db site.ycsb.db.RedisClient -s -P /home/host/vmuxIO/test/moonprogs//../../ycsb/share/workloads/workloada -p redis.host=10.1.0.2 -p redis.port=6387 -p operationcount=429496729 -p maxexecutiontime=61 -threads 1
Command line: -t -db site.ycsb.db.RedisClient -s -P /home/host/vmuxIO/test/moonprogs//../../ycsb/share/workloads/workloada -p redis.host=10.1.0.2 -p redis.port=6387 -p operationcount=429496729 -p maxexecutiontime=61 -threads 1
YCSB Client 0.17.0

Loading workload...
Starting test.
Maximum execution time specified as: 61 secs
DBWrapper: report latency for each error is false and specific error codes to track for latency are: []
2024-10-15 13:05:49:814 0 sec: 0 operations; est completion in 0 second 
2024-10-15 13:05:59:600 10 sec: 40826 operations; 4082.6 current ops/sec; est completion in 1 day 5 hours [READ: Count=20486, Max=60607, Min=110, Avg=234.91, 90=293, 99=346, 99.9=2605, 99.99=7311] [UPDATE: Count=20355, Max=6879, Min=104, Avg=234.15, 90=292, 99=356, 99.9=3029, 99.99=5259] 
2024-10-15 13:06:09:600 20 sec: 86771 operations; 4594.5 current ops/sec; est completion in 1 day 3 hours [READ: Count=22908, Max=7851, Min=113, Avg=216.75, 90=287, 99=306, 99.9=450, 99.99=1630] [UPDATE: Count=23022, Max=3449, Min=112, Avg=212.85, 90=285, 99=304, 99.9=474, 99.99=1506] 
2024-10-15 13:06:19:600 30 sec: 132778 operations; 4600.7 current ops/sec; est completion in 1 day 2 hours [READ: Count=23117, Max=1770, Min=111, Avg=216.28, 90=293, 99=382, 99.9=579, 99.99=1654] [UPDATE: Count=22890, Max=10383, Min=104, Avg=213.73, 90=290, 99=390, 99.9=685, 99.99=2899] 
2024-10-15 13:06:29:600 40 sec: 178390 operations; 4561.2 current ops/sec; est completion in 1 day 2 hours [READ: Count=22853, Max=4073, Min=109, Avg=218.45, 90=291, 99=311, 99.9=406, 99.99=761] [UPDATE: Count=22759, Max=4207, Min=103, Avg=216.14, 90=289, 99=310, 99.9=426, 99.99=1712] 
2024-10-15 13:06:39:600 50 sec: 225268 operations; 4687.8 current ops/sec; est completion in 1 day 2 hours [READ: Count=23502, Max=4017, Min=106, Avg=213.04, 90=285, 99=304, 99.9=368, 99.99=1104] [UPDATE: Count=23376, Max=1591, Min=106, Avg=209.78, 90=283, 99=302, 99.9=349, 99.99=756] 
2024-10-15 13:06:49:600 60 sec: 269445 operations; 4417.7 current ops/sec; est completion in 1 day 2 hours [READ: Count=22190, Max=8103, Min=105, Avg=226.15, 90=295, 99=354, 99.9=589, 99.99=1616] [UPDATE: Count=21987, Max=6051, Min=102, Avg=221.92, 90=294, 99=356, 99.9=488, 99.99=1227] 
Maximum time elapsed. Requesting stop for the workload.
Stop requested for workload. Now Joining!
2024-10-15 13:06:50:615 61 sec: 274696 operations; 5168.31 current ops/sec; est completion in 1 day 2 hours [READ: Count=2644, Max=640, Min=111, Avg=193.18, 90=279, 99=295, 99.9=358, 99.99=640] [CLEANUP: Count=1, Max=915, Min=915, Avg=915, 90=915, 99=915, 99.9=915, 99.99=915] [UPDATE: Count=2607, Max=5815, Min=107, Avg=189.13, 90=277, 99=300, 99.9=446, 99.99=5815] 
[OVERALL], RunTime(ms), 61019
[OVERALL], Throughput(ops/sec), 4501.810911355479
[TOTAL_GCS_Copy], Count, 25
[TOTAL_GC_TIME_Copy], Time(ms), 18
[TOTAL_GC_TIME_%_Copy], Time(%), 0.02949900850554745
[TOTAL_GCS_MarkSweepCompact], Count, 0
[TOTAL_GC_TIME_MarkSweepCompact], Time(ms), 0
[TOTAL_GC_TIME_%_MarkSweepCompact], Time(%), 0.0
[TOTAL_GCs], Count, 25
[TOTAL_GC_TIME], Time(ms), 18
[TOTAL_GC_TIME_%], Time(%), 0.02949900850554745
[READ], Operations, 137700
[READ], AverageLatency(us), 220.08328249818445
[READ], MinLatency(us), 105
[READ], MaxLatency(us), 60607
[READ], 95thPercentileLatency(us), 299
[READ], 99thPercentileLatency(us), 329
[READ], Return=OK, 137700
[CLEANUP], Operations, 1
[CLEANUP], AverageLatency(us), 915.0
[CLEANUP], MinLatency(us), 915
[CLEANUP], MaxLatency(us), 915
[CLEANUP], 95thPercentileLatency(us), 915
[CLEANUP], 99thPercentileLatency(us), 915
[UPDATE], Operations, 136996
[UPDATE], AverageLatency(us), 217.18926829980438
[UPDATE], MinLatency(us), 102
[UPDATE], MaxLatency(us), 10383
[UPDATE], 95thPercentileLatency(us), 297
[UPDATE], 99thPercentileLatency(us), 328
[UPDATE], Return=OK, 136996
AUTOTEST_DONE
