/nix/store/2vwkssqpzykk37r996cafq7x63imf4sp-openjdk-21+35/bin/java  -classpath /nix/store/zw02np72fzsmga6s5mphhw7x8qlzf4sv-ycsb-0.17.0/share/conf:/nix/store/zw02np72fzsmga6s5mphhw7x8qlzf4sv-ycsb-0.17.0/share/lib/core-0.17.0.jar:/nix/store/zw02np72fzsmga6s5mphhw7x8qlzf4sv-ycsb-0.17.0/share/lib/HdrHistogram-2.1.4.jar:/nix/store/zw02np72fzsmga6s5mphhw7x8qlzf4sv-ycsb-0.17.0/share/lib/htrace-core4-4.1.0-incubating.jar:/nix/store/zw02np72fzsmga6s5mphhw7x8qlzf4sv-ycsb-0.17.0/share/lib/jackson-core-asl-1.9.4.jar:/nix/store/zw02np72fzsmga6s5mphhw7x8qlzf4sv-ycsb-0.17.0/share/lib/jackson-mapper-asl-1.9.4.jar:/nix/store/zw02np72fzsmga6s5mphhw7x8qlzf4sv-ycsb-0.17.0/share/redis-binding/lib/commons-pool2-2.4.2.jar:/nix/store/zw02np72fzsmga6s5mphhw7x8qlzf4sv-ycsb-0.17.0/share/redis-binding/lib/jedis-2.9.0.jar:/nix/store/zw02np72fzsmga6s5mphhw7x8qlzf4sv-ycsb-0.17.0/share/redis-binding/lib/redis-binding-0.17.0.jar site.ycsb.Client -t -db site.ycsb.db.RedisClient -s -P /home/host/vmuxIO/test/moonprogs//../../ycsb/share/workloads/workloada -p redis.host=10.1.0.2 -p redis.port=6380 -p operationcount=429496729 -p maxexecutiontime=61 -threads 1
Command line: -t -db site.ycsb.db.RedisClient -s -P /home/host/vmuxIO/test/moonprogs//../../ycsb/share/workloads/workloada -p redis.host=10.1.0.2 -p redis.port=6380 -p operationcount=429496729 -p maxexecutiontime=61 -threads 1
YCSB Client 0.17.0

Loading workload...
Starting test.
Maximum execution time specified as: 61 secs
DBWrapper: report latency for each error is false and specific error codes to track for latency are: []
2024-10-15 13:01:39:458 0 sec: 0 operations; est completion in 0 second [UPDATE: Count=1, Max=32127, Min=32112, Avg=32120, 90=32127, 99=32127, 99.9=32127, 99.99=32127] 
2024-10-15 13:01:49:253 10 sec: 16450 operations; 1645 current ops/sec; est completion in 3 days [READ: Count=8282, Max=30367, Min=218, Avg=586.85, 90=673, 99=3949, 99.9=4679, 99.99=10375] [UPDATE: Count=8168, Max=11543, Min=234, Avg=581.79, 90=675, 99=3799, 99.9=5815, 99.99=10471] 
2024-10-15 13:01:59:253 20 sec: 33739 operations; 1728.9 current ops/sec; est completion in 2 days 22 hours [READ: Count=8639, Max=4567, Min=223, Avg=573.18, 90=713, 99=916, 99.9=1233, 99.99=4335] [UPDATE: Count=8649, Max=4167, Min=221, Avg=573.01, 90=715, 99=939, 99.9=1212, 99.99=3655] 
2024-10-15 13:02:09:252 30 sec: 51543 operations; 1780.4 current ops/sec; est completion in 2 days 21 hours [READ: Count=8926, Max=4251, Min=222, Avg=557.76, 90=688, 99=930, 99.9=1256, 99.99=3397] [UPDATE: Count=8878, Max=6863, Min=229, Avg=557.6, 90=687, 99=917, 99.9=1350, 99.99=3925] 
2024-10-15 13:02:19:252 40 sec: 68910 operations; 1736.7 current ops/sec; est completion in 2 days 21 hours [READ: Count=8617, Max=9863, Min=208, Avg=572.56, 90=706, 99=935, 99.9=1321, 99.99=3369] [UPDATE: Count=8750, Max=3313, Min=220, Avg=572.1, 90=710, 99=974, 99.9=1404, 99.99=3263] 
2024-10-15 13:02:29:253 50 sec: 85293 operations; 1638.3 current ops/sec; est completion in 2 days 21 hours [READ: Count=8226, Max=4715, Min=242, Avg=608.87, 90=748, 99=1020, 99.9=1522, 99.99=4627] [UPDATE: Count=8157, Max=6803, Min=238, Avg=606.05, 90=746, 99=1004, 99.9=1335, 99.99=3403] 
2024-10-15 13:02:39:252 60 sec: 102809 operations; 1751.6 current ops/sec; est completion in 2 days 21 hours [READ: Count=8763, Max=4319, Min=236, Avg=569.12, 90=698, 99=956, 99.9=1287, 99.99=3749] [UPDATE: Count=8753, Max=8975, Min=238, Avg=566.82, 90=694, 99=936, 99.9=1327, 99.99=4139] 
Maximum time elapsed. Requesting stop for the workload.
Stop requested for workload. Now Joining!
2024-10-15 13:02:40:264 61 sec: 104933 operations; 2098.81 current ops/sec; est completion in 2 days 21 hours [READ: Count=1073, Max=4081, Min=204, Avg=476.17, 90=570, 99=773, 99.9=3697, 99.99=4081] [CLEANUP: Count=1, Max=1101, Min=1101, Avg=1101, 90=1101, 99=1101, 99.9=1101, 99.99=1101] [UPDATE: Count=1051, Max=9111, Min=219, Avg=470.22, 90=577, 99=751, 99.9=1516, 99.99=9111] 
[OVERALL], RunTime(ms), 61020
[OVERALL], Throughput(ops/sec), 1719.649295313012
[TOTAL_GCS_Copy], Count, 10
[TOTAL_GC_TIME_Copy], Time(ms), 16
[TOTAL_GC_TIME_%_Copy], Time(%), 0.02622091117666339
[TOTAL_GCS_MarkSweepCompact], Count, 0
[TOTAL_GC_TIME_MarkSweepCompact], Time(ms), 0
[TOTAL_GC_TIME_%_MarkSweepCompact], Time(%), 0.0
[TOTAL_GCs], Count, 10
[TOTAL_GC_TIME], Time(ms), 16
[TOTAL_GC_TIME_%], Time(%), 0.02622091117666339
[READ], Operations, 52526
[READ], AverageLatency(us), 575.543730723832
[READ], MinLatency(us), 204
[READ], MaxLatency(us), 30367
[READ], 95thPercentileLatency(us), 773
[READ], 99thPercentileLatency(us), 992
[READ], Return=OK, 52526
[CLEANUP], Operations, 1
[CLEANUP], AverageLatency(us), 1101.0
[CLEANUP], MinLatency(us), 1101
[CLEANUP], MaxLatency(us), 1101
[CLEANUP], 95thPercentileLatency(us), 1101
[CLEANUP], 99thPercentileLatency(us), 1101
[UPDATE], Operations, 52407
[UPDATE], AverageLatency(us), 574.2675405957219
[UPDATE], MinLatency(us), 219
[UPDATE], MaxLatency(us), 32127
[UPDATE], 95thPercentileLatency(us), 773
[UPDATE], 99thPercentileLatency(us), 993
[UPDATE], Return=OK, 52407
AUTOTEST_DONE
