/nix/store/2vwkssqpzykk37r996cafq7x63imf4sp-openjdk-21+35/bin/java  -classpath /nix/store/zw02np72fzsmga6s5mphhw7x8qlzf4sv-ycsb-0.17.0/share/conf:/nix/store/zw02np72fzsmga6s5mphhw7x8qlzf4sv-ycsb-0.17.0/share/lib/core-0.17.0.jar:/nix/store/zw02np72fzsmga6s5mphhw7x8qlzf4sv-ycsb-0.17.0/share/lib/HdrHistogram-2.1.4.jar:/nix/store/zw02np72fzsmga6s5mphhw7x8qlzf4sv-ycsb-0.17.0/share/lib/htrace-core4-4.1.0-incubating.jar:/nix/store/zw02np72fzsmga6s5mphhw7x8qlzf4sv-ycsb-0.17.0/share/lib/jackson-core-asl-1.9.4.jar:/nix/store/zw02np72fzsmga6s5mphhw7x8qlzf4sv-ycsb-0.17.0/share/lib/jackson-mapper-asl-1.9.4.jar:/nix/store/zw02np72fzsmga6s5mphhw7x8qlzf4sv-ycsb-0.17.0/share/redis-binding/lib/commons-pool2-2.4.2.jar:/nix/store/zw02np72fzsmga6s5mphhw7x8qlzf4sv-ycsb-0.17.0/share/redis-binding/lib/jedis-2.9.0.jar:/nix/store/zw02np72fzsmga6s5mphhw7x8qlzf4sv-ycsb-0.17.0/share/redis-binding/lib/redis-binding-0.17.0.jar site.ycsb.Client -t -db site.ycsb.db.RedisClient -s -P /home/host/vmuxIO/test/moonprogs//../../ycsb/share/workloads/workloada -p redis.host=10.1.0.2 -p redis.port=6390 -p operationcount=429496729 -p maxexecutiontime=61 -threads 1
Command line: -t -db site.ycsb.db.RedisClient -s -P /home/host/vmuxIO/test/moonprogs//../../ycsb/share/workloads/workloada -p redis.host=10.1.0.2 -p redis.port=6390 -p operationcount=429496729 -p maxexecutiontime=61 -threads 1
YCSB Client 0.17.0

Loading workload...
Starting test.
Maximum execution time specified as: 61 secs
DBWrapper: report latency for each error is false and specific error codes to track for latency are: []
2024-07-11 00:05:50:625 0 sec: 0 operations; est completion in 0 second 
2024-07-11 00:06:00:473 10 sec: 50903 operations; 5090.3 current ops/sec; est completion in 23 hours 26 minutes [READ: Count=25309, Max=15583, Min=106, Avg=189.64, 90=267, 99=301, 99.9=1792, 99.99=6163] [UPDATE: Count=25603, Max=23871, Min=103, Avg=187.43, 90=267, 99=302, 99.9=1723, 99.99=4975] 
2024-07-11 00:06:10:472 20 sec: 106780 operations; 5587.7 current ops/sec; est completion in 22 hours 20 minutes [READ: Count=27891, Max=3147, Min=110, Avg=180.09, 90=265, 99=283, 99.9=308, 99.99=637] [UPDATE: Count=27977, Max=2099, Min=102, Avg=172.72, 90=262, 99=282, 99.9=309, 99.99=753] 
2024-07-11 00:06:20:472 30 sec: 164917 operations; 5813.7 current ops/sec; est completion in 21 hours 41 minutes [READ: Count=29134, Max=5599, Min=106, Avg=174.39, 90=267, 99=324, 99.9=440, 99.99=692] [UPDATE: Count=29003, Max=1441, Min=103, Avg=165.94, 90=262, 99=319, 99.9=431, 99.99=690] 
2024-07-11 00:06:30:472 40 sec: 216246 operations; 5132.9 current ops/sec; est completion in 22 hours 3 minutes [READ: Count=25470, Max=4283, Min=106, Avg=196.89, 90=270, 99=288, 99.9=316, 99.99=643] [UPDATE: Count=25859, Max=3499, Min=105, Avg=189.45, 90=267, 99=284, 99.9=305, 99.99=645] 
2024-07-11 00:06:40:472 50 sec: 268085 operations; 5183.9 current ops/sec; est completion in 22 hours 14 minutes [READ: Count=25995, Max=7755, Min=104, Avg=194.87, 90=270, 99=286, 99.9=307, 99.99=737] [UPDATE: Count=25844, Max=3311, Min=107, Avg=187.57, 90=267, 99=284, 99.9=304, 99.99=613] 
2024-07-11 00:06:50:472 60 sec: 319593 operations; 5150.8 current ops/sec; est completion in 22 hours 22 minutes [READ: Count=25604, Max=662, Min=111, Avg=197.04, 90=270, 99=286, 99.9=302, 99.99=515] [UPDATE: Count=25904, Max=3211, Min=108, Avg=188, 90=267, 99=284, 99.9=305, 99.99=673] 
Maximum time elapsed. Requesting stop for the workload.
Stop requested for workload. Now Joining!
2024-07-11 00:06:51:488 61 sec: 323799 operations; 4147.93 current ops/sec; est completion in 22 hours 27 minutes [READ: Count=2089, Max=2877, Min=121, Avg=248.97, 90=319, 99=445, 99.9=717, 99.99=2877] [CLEANUP: Count=1, Max=1695, Min=1695, Avg=1695, 90=1695, 99=1695, 99.9=1695, 99.99=1695] [UPDATE: Count=2117, Max=1450, Min=114, Avg=225.9, 90=308, 99=427, 99.9=761, 99.99=1450] 
[OVERALL], RunTime(ms), 61022
[OVERALL], Throughput(ops/sec), 5306.26659237652
[TOTAL_GCS_Copy], Count, 30
[TOTAL_GC_TIME_Copy], Time(ms), 26
[TOTAL_GC_TIME_%_Copy], Time(%), 0.04260758414997869
[TOTAL_GCS_MarkSweepCompact], Count, 0
[TOTAL_GC_TIME_MarkSweepCompact], Time(ms), 0
[TOTAL_GC_TIME_%_MarkSweepCompact], Time(%), 0.0
[TOTAL_GCs], Count, 30
[TOTAL_GC_TIME], Time(ms), 26
[TOTAL_GC_TIME_%], Time(%), 0.04260758414997869
[READ], Operations, 161492
[READ], AverageLatency(us), 189.1650484234513
[READ], MinLatency(us), 104
[READ], MaxLatency(us), 15583
[READ], 95thPercentileLatency(us), 276
[READ], 99thPercentileLatency(us), 298
[READ], Return=OK, 161492
[CLEANUP], Operations, 1
[CLEANUP], AverageLatency(us), 1695.0
[CLEANUP], MinLatency(us), 1695
[CLEANUP], MaxLatency(us), 1695
[CLEANUP], 95thPercentileLatency(us), 1695
[CLEANUP], 99thPercentileLatency(us), 1695
[UPDATE], Operations, 162307
[UPDATE], AverageLatency(us), 181.9925573142255
[UPDATE], MinLatency(us), 102
[UPDATE], MaxLatency(us), 23871
[UPDATE], 95thPercentileLatency(us), 273
[UPDATE], 99thPercentileLatency(us), 294
[UPDATE], Return=OK, 162307
AUTOTEST_DONE
