/nix/store/2vwkssqpzykk37r996cafq7x63imf4sp-openjdk-21+35/bin/java  -classpath /nix/store/zw02np72fzsmga6s5mphhw7x8qlzf4sv-ycsb-0.17.0/share/conf:/nix/store/zw02np72fzsmga6s5mphhw7x8qlzf4sv-ycsb-0.17.0/share/lib/core-0.17.0.jar:/nix/store/zw02np72fzsmga6s5mphhw7x8qlzf4sv-ycsb-0.17.0/share/lib/HdrHistogram-2.1.4.jar:/nix/store/zw02np72fzsmga6s5mphhw7x8qlzf4sv-ycsb-0.17.0/share/lib/htrace-core4-4.1.0-incubating.jar:/nix/store/zw02np72fzsmga6s5mphhw7x8qlzf4sv-ycsb-0.17.0/share/lib/jackson-core-asl-1.9.4.jar:/nix/store/zw02np72fzsmga6s5mphhw7x8qlzf4sv-ycsb-0.17.0/share/lib/jackson-mapper-asl-1.9.4.jar:/nix/store/zw02np72fzsmga6s5mphhw7x8qlzf4sv-ycsb-0.17.0/share/redis-binding/lib/commons-pool2-2.4.2.jar:/nix/store/zw02np72fzsmga6s5mphhw7x8qlzf4sv-ycsb-0.17.0/share/redis-binding/lib/jedis-2.9.0.jar:/nix/store/zw02np72fzsmga6s5mphhw7x8qlzf4sv-ycsb-0.17.0/share/redis-binding/lib/redis-binding-0.17.0.jar site.ycsb.Client -t -db site.ycsb.db.RedisClient -s -P /home/host/vmuxIO/test/moonprogs//../../ycsb/share/workloads/workloada -p redis.host=10.1.0.2 -p redis.port=6381 -p operationcount=429496729 -p maxexecutiontime=61 -threads 1
Command line: -t -db site.ycsb.db.RedisClient -s -P /home/host/vmuxIO/test/moonprogs//../../ycsb/share/workloads/workloada -p redis.host=10.1.0.2 -p redis.port=6381 -p operationcount=429496729 -p maxexecutiontime=61 -threads 1
YCSB Client 0.17.0

Loading workload...
Starting test.
Maximum execution time specified as: 61 secs
DBWrapper: report latency for each error is false and specific error codes to track for latency are: []
2024-07-11 00:05:50:832 0 sec: 0 operations; est completion in 0 second 
2024-07-11 00:06:00:675 10 sec: 48951 operations; 4895.1 current ops/sec; est completion in 1 day [READ: Count=24517, Max=48927, Min=109, Avg=195.83, 90=274, 99=307, 99.9=1862, 99.99=7979] [UPDATE: Count=24444, Max=8043, Min=97, Avg=196.9, 90=275, 99=314, 99.9=2875, 99.99=6127] 
2024-07-11 00:06:10:674 20 sec: 109155 operations; 6020.4 current ops/sec; est completion in 21 hours 51 minutes [READ: Count=30107, Max=3859, Min=106, Avg=166.7, 90=260, 99=281, 99.9=334, 99.99=1500] [UPDATE: Count=30087, Max=3441, Min=104, Avg=160.48, 90=255, 99=278, 99.9=305, 99.99=823] 
2024-07-11 00:06:20:674 30 sec: 168106 operations; 5895.1 current ops/sec; est completion in 21 hours 16 minutes [READ: Count=29467, Max=5443, Min=109, Avg=170.52, 90=262, 99=312, 99.9=445, 99.99=1602] [UPDATE: Count=29484, Max=1010, Min=104, Avg=165.13, 90=258, 99=302, 99.9=407, 99.99=650] 
2024-07-11 00:06:30:674 40 sec: 230192 operations; 6208.6 current ops/sec; est completion in 20 hours 43 minutes [READ: Count=31069, Max=7803, Min=104, Avg=161.69, 90=254, 99=276, 99.9=296, 99.99=576] [UPDATE: Count=31017, Max=2071, Min=103, Avg=157.08, 90=250, 99=274, 99.9=293, 99.99=602] 
2024-07-11 00:06:40:674 50 sec: 290497 operations; 6030.5 current ops/sec; est completion in 20 hours 31 minutes [READ: Count=30052, Max=5047, Min=106, Avg=166.72, 90=261, 99=283, 99.9=304, 99.99=649] [UPDATE: Count=30253, Max=966, Min=103, Avg=161.59, 90=257, 99=282, 99.9=304, 99.99=625] 
2024-07-11 00:06:50:675 60 sec: 351342 operations; 6084.5 current ops/sec; est completion in 20 hours 21 minutes [READ: Count=30535, Max=631, Min=106, Avg=164.83, 90=258, 99=294, 99.9=386, 99.99=533] [UPDATE: Count=30310, Max=3077, Min=104, Avg=160.37, 90=254, 99=291, 99.9=397, 99.99=805] 
Maximum time elapsed. Requesting stop for the workload.
Stop requested for workload. Now Joining!
2024-07-11 00:06:51:686 61 sec: 356630 operations; 5230.46 current ops/sec; est completion in 20 hours 23 minutes [READ: Count=2631, Max=5363, Min=104, Avg=193.13, 90=293, 99=389, 99.9=635, 99.99=5363] [CLEANUP: Count=1, Max=896, Min=896, Avg=896, 90=896, 99=896, 99.9=896, 99.99=896] [UPDATE: Count=2657, Max=714, Min=107, Avg=183.95, 90=285, 99=389, 99.9=496, 99.99=714] 
[OVERALL], RunTime(ms), 61015
[OVERALL], Throughput(ops/sec), 5844.956158321725
[TOTAL_GCS_Copy], Count, 33
[TOTAL_GC_TIME_Copy], Time(ms), 22
[TOTAL_GC_TIME_%_Copy], Time(%), 0.03605670736704089
[TOTAL_GCS_MarkSweepCompact], Count, 0
[TOTAL_GC_TIME_MarkSweepCompact], Time(ms), 0
[TOTAL_GC_TIME_%_MarkSweepCompact], Time(%), 0.0
[TOTAL_GCs], Count, 33
[TOTAL_GC_TIME], Time(ms), 22
[TOTAL_GC_TIME_%], Time(%), 0.03605670736704089
[READ], Operations, 178378
[READ], AverageLatency(us), 170.53627128906032
[READ], MinLatency(us), 104
[READ], MaxLatency(us), 48927
[READ], 95thPercentileLatency(us), 272
[READ], 99thPercentileLatency(us), 293
[READ], Return=OK, 178378
[CLEANUP], Operations, 1
[CLEANUP], AverageLatency(us), 896.0
[CLEANUP], MinLatency(us), 896
[CLEANUP], MaxLatency(us), 896
[CLEANUP], 95thPercentileLatency(us), 896
[CLEANUP], 99thPercentileLatency(us), 896
[UPDATE], Operations, 178252
[UPDATE], AverageLatency(us), 166.174331844804
[UPDATE], MinLatency(us), 97
[UPDATE], MaxLatency(us), 8043
[UPDATE], 95thPercentileLatency(us), 270
[UPDATE], 99thPercentileLatency(us), 292
[UPDATE], Return=OK, 178252
AUTOTEST_DONE
