/nix/store/2vwkssqpzykk37r996cafq7x63imf4sp-openjdk-21+35/bin/java  -classpath /nix/store/zw02np72fzsmga6s5mphhw7x8qlzf4sv-ycsb-0.17.0/share/conf:/nix/store/zw02np72fzsmga6s5mphhw7x8qlzf4sv-ycsb-0.17.0/share/lib/core-0.17.0.jar:/nix/store/zw02np72fzsmga6s5mphhw7x8qlzf4sv-ycsb-0.17.0/share/lib/HdrHistogram-2.1.4.jar:/nix/store/zw02np72fzsmga6s5mphhw7x8qlzf4sv-ycsb-0.17.0/share/lib/htrace-core4-4.1.0-incubating.jar:/nix/store/zw02np72fzsmga6s5mphhw7x8qlzf4sv-ycsb-0.17.0/share/lib/jackson-core-asl-1.9.4.jar:/nix/store/zw02np72fzsmga6s5mphhw7x8qlzf4sv-ycsb-0.17.0/share/lib/jackson-mapper-asl-1.9.4.jar:/nix/store/zw02np72fzsmga6s5mphhw7x8qlzf4sv-ycsb-0.17.0/share/redis-binding/lib/commons-pool2-2.4.2.jar:/nix/store/zw02np72fzsmga6s5mphhw7x8qlzf4sv-ycsb-0.17.0/share/redis-binding/lib/jedis-2.9.0.jar:/nix/store/zw02np72fzsmga6s5mphhw7x8qlzf4sv-ycsb-0.17.0/share/redis-binding/lib/redis-binding-0.17.0.jar site.ycsb.Client -t -db site.ycsb.db.RedisClient -s -P /home/host/vmuxIO/test/moonprogs//../../ycsb/share/workloads/workloada -p redis.host=10.1.0.2 -p redis.port=6381 -p operationcount=429496729 -p maxexecutiontime=61 -threads 1
Command line: -t -db site.ycsb.db.RedisClient -s -P /home/host/vmuxIO/test/moonprogs//../../ycsb/share/workloads/workloada -p redis.host=10.1.0.2 -p redis.port=6381 -p operationcount=429496729 -p maxexecutiontime=61 -threads 1
YCSB Client 0.17.0

Loading workload...
Starting test.
Maximum execution time specified as: 61 secs
DBWrapper: report latency for each error is false and specific error codes to track for latency are: []
2024-07-19 22:50:17:566 0 sec: 0 operations; est completion in 0 second 
2024-07-19 22:50:27:363 10 sec: 72076 operations; 7207.6 current ops/sec; est completion in 16 hours 33 minutes [READ: Count=36205, Max=16751, Min=83, Avg=130.71, 90=156, 99=246, 99.9=2345, 99.99=3753] [UPDATE: Count=35888, Max=28799, Min=80, Avg=132.45, 90=157, 99=251, 99.9=2803, 99.99=5099] 
2024-07-19 22:50:37:363 20 sec: 153030 operations; 8095.4 current ops/sec; est completion in 15 hours 35 minutes [READ: Count=40432, Max=3807, Min=87, Avg=121.93, 90=139, 99=207, 99.9=279, 99.99=2531] [UPDATE: Count=40505, Max=3055, Min=81, Avg=120.14, 90=137, 99=209, 99.9=276, 99.99=2053] 
2024-07-19 22:50:47:364 30 sec: 232276 operations; 7924.6 current ops/sec; est completion in 15 hours 24 minutes [READ: Count=39769, Max=6523, Min=85, Avg=124.72, 90=158, 99=234, 99.9=416, 99.99=997] [UPDATE: Count=39477, Max=9991, Min=84, Avg=123.36, 90=158, 99=234, 99.9=398, 99.99=2811] 
2024-07-19 22:50:57:363 40 sec: 315777 operations; 8350.1 current ops/sec; est completion in 15 hours 6 minutes [READ: Count=41596, Max=7659, Min=85, Avg=118.86, 90=142, 99=238, 99.9=394, 99.99=2435] [UPDATE: Count=41905, Max=4739, Min=80, Avg=116.43, 90=141, 99=229, 99.9=369, 99.99=1413] 
2024-07-19 22:51:07:363 50 sec: 398378 operations; 8260.1 current ops/sec; est completion in 14 hours 57 minutes [READ: Count=41470, Max=4607, Min=85, Avg=119.77, 90=140, 99=202, 99.9=265, 99.99=1129] [UPDATE: Count=41131, Max=7079, Min=83, Avg=118.29, 90=139, 99=203, 99.9=256, 99.99=2333] 
2024-07-19 22:51:17:363 60 sec: 483044 operations; 8466.6 current ops/sec; est completion in 14 hours 48 minutes [READ: Count=42351, Max=3461, Min=85, Avg=117.33, 90=141, 99=216, 99.9=320, 99.99=1977] [UPDATE: Count=42315, Max=2601, Min=78, Avg=114.97, 90=138, 99=216, 99.9=298, 99.99=835] 
Maximum time elapsed. Requesting stop for the workload.
Stop requested for workload. Now Joining!
2024-07-19 22:51:18:381 61 sec: 491610 operations; 8414.54 current ops/sec; est completion in 14 hours 47 minutes [READ: Count=4328, Max=3331, Min=83, Avg=116.71, 90=152, 99=277, 99.9=912, 99.99=3331] [CLEANUP: Count=1, Max=1587, Min=1587, Avg=1587, 90=1587, 99=1587, 99.9=1587, 99.99=1587] [UPDATE: Count=4238, Max=3423, Min=74, Avg=115.34, 90=152, 99=289, 99.9=701, 99.99=3423] 
[OVERALL], RunTime(ms), 61027
[OVERALL], Throughput(ops/sec), 8055.614727907319
[TOTAL_GCS_Copy], Count, 46
[TOTAL_GC_TIME_Copy], Time(ms), 32
[TOTAL_GC_TIME_%_Copy], Time(%), 0.05243580710177462
[TOTAL_GCS_MarkSweepCompact], Count, 0
[TOTAL_GC_TIME_MarkSweepCompact], Time(ms), 0
[TOTAL_GC_TIME_%_MarkSweepCompact], Time(%), 0.0
[TOTAL_GCs], Count, 46
[TOTAL_GC_TIME], Time(ms), 32
[TOTAL_GC_TIME_%], Time(%), 0.05243580710177462
[READ], Operations, 246151
[READ], AverageLatency(us), 121.90548078212154
[READ], MinLatency(us), 83
[READ], MaxLatency(us), 16751
[READ], 95thPercentileLatency(us), 167
[READ], 99thPercentileLatency(us), 226
[READ], Return=OK, 246151
[CLEANUP], Operations, 1
[CLEANUP], AverageLatency(us), 1587.0
[CLEANUP], MinLatency(us), 1587
[CLEANUP], MaxLatency(us), 1587
[CLEANUP], 95thPercentileLatency(us), 1587
[CLEANUP], 99thPercentileLatency(us), 1587
[UPDATE], Operations, 245459
[UPDATE], AverageLatency(us), 120.54081537038772
[UPDATE], MinLatency(us), 74
[UPDATE], MaxLatency(us), 28799
[UPDATE], 95thPercentileLatency(us), 167
[UPDATE], 99thPercentileLatency(us), 226
[UPDATE], Return=OK, 245459
AUTOTEST_DONE
