/nix/store/2vwkssqpzykk37r996cafq7x63imf4sp-openjdk-21+35/bin/java  -classpath /nix/store/zw02np72fzsmga6s5mphhw7x8qlzf4sv-ycsb-0.17.0/share/conf:/nix/store/zw02np72fzsmga6s5mphhw7x8qlzf4sv-ycsb-0.17.0/share/lib/core-0.17.0.jar:/nix/store/zw02np72fzsmga6s5mphhw7x8qlzf4sv-ycsb-0.17.0/share/lib/HdrHistogram-2.1.4.jar:/nix/store/zw02np72fzsmga6s5mphhw7x8qlzf4sv-ycsb-0.17.0/share/lib/htrace-core4-4.1.0-incubating.jar:/nix/store/zw02np72fzsmga6s5mphhw7x8qlzf4sv-ycsb-0.17.0/share/lib/jackson-core-asl-1.9.4.jar:/nix/store/zw02np72fzsmga6s5mphhw7x8qlzf4sv-ycsb-0.17.0/share/lib/jackson-mapper-asl-1.9.4.jar:/nix/store/zw02np72fzsmga6s5mphhw7x8qlzf4sv-ycsb-0.17.0/share/redis-binding/lib/commons-pool2-2.4.2.jar:/nix/store/zw02np72fzsmga6s5mphhw7x8qlzf4sv-ycsb-0.17.0/share/redis-binding/lib/jedis-2.9.0.jar:/nix/store/zw02np72fzsmga6s5mphhw7x8qlzf4sv-ycsb-0.17.0/share/redis-binding/lib/redis-binding-0.17.0.jar site.ycsb.Client -t -db site.ycsb.db.RedisClient -s -P /home/host/vmuxIO/test/moonprogs//../../ycsb/share/workloads/workloada -p redis.host=10.1.0.2 -p redis.port=6379 -p operationcount=429496729 -p maxexecutiontime=61 -threads 1
Command line: -t -db site.ycsb.db.RedisClient -s -P /home/host/vmuxIO/test/moonprogs//../../ycsb/share/workloads/workloada -p redis.host=10.1.0.2 -p redis.port=6379 -p operationcount=429496729 -p maxexecutiontime=61 -threads 1
YCSB Client 0.17.0

Loading workload...
Starting test.
Maximum execution time specified as: 61 secs
DBWrapper: report latency for each error is false and specific error codes to track for latency are: []
2024-10-03 13:06:41:598 0 sec: 0 operations; est completion in 0 second 
2024-10-03 13:06:51:432 10 sec: 53543 operations; 5354.3 current ops/sec; est completion in 22 hours 16 minutes [READ: Count=26565, Max=44927, Min=103, Avg=175.18, 90=266, 99=296, 99.9=1559, 99.99=4619] [UPDATE: Count=26983, Max=7595, Min=101, Avg=182.38, 90=268, 99=305, 99.9=1667, 99.99=5347] 
2024-10-03 13:07:01:433 20 sec: 115222 operations; 6167.9 current ops/sec; est completion in 20 hours 42 minutes [READ: Count=30735, Max=4447, Min=100, Avg=160.78, 90=262, 99=287, 99.9=354, 99.99=2115] [UPDATE: Count=30939, Max=685, Min=104, Avg=159.02, 90=261, 99=285, 99.9=319, 99.99=591] 
2024-10-03 13:07:11:432 30 sec: 177764 operations; 6254.2 current ops/sec; est completion in 20 hours 7 minutes [READ: Count=31064, Max=6891, Min=106, Avg=159.52, 90=260, 99=286, 99.9=302, 99.99=668] [UPDATE: Count=31478, Max=623, Min=98, Avg=157.04, 90=258, 99=285, 99.9=305, 99.99=505] 
2024-10-03 13:07:21:432 40 sec: 238278 operations; 6051.4 current ops/sec; est completion in 20 hours 1 minute [READ: Count=30317, Max=1256, Min=101, Avg=164.68, 90=265, 99=308, 99.9=386, 99.99=632] [UPDATE: Count=30197, Max=6739, Min=105, Avg=162.3, 90=263, 99=296, 99.9=384, 99.99=599] 
2024-10-03 13:07:31:432 50 sec: 300609 operations; 6233.1 current ops/sec; est completion in 19 hours 49 minutes [READ: Count=31156, Max=1001, Min=106, Avg=159.64, 90=260, 99=286, 99.9=299, 99.99=544] [UPDATE: Count=31175, Max=6595, Min=103, Avg=157.98, 90=259, 99=285, 99.9=295, 99.99=604] 
2024-10-03 13:07:41:432 60 sec: 362161 operations; 6155.2 current ops/sec; est completion in 19 hours 44 minutes [READ: Count=30962, Max=622, Min=103, Avg=161.42, 90=261, 99=285, 99.9=298, 99.99=451] [UPDATE: Count=30590, Max=2847, Min=104, Avg=160.24, 90=260, 99=284, 99.9=296, 99.99=600] 
Maximum time elapsed. Requesting stop for the workload.
Stop requested for workload. Now Joining!
2024-10-03 13:07:42:451 61 sec: 368402 operations; 6124.63 current ops/sec; est completion in 19 hours 44 minutes [READ: Count=3070, Max=2635, Min=107, Avg=162.32, 90=261, 99=287, 99.9=344, 99.99=2635] [CLEANUP: Count=1, Max=869, Min=869, Avg=869, 90=869, 99=869, 99.9=869, 99.99=869] [UPDATE: Count=3171, Max=583, Min=107, Avg=160.24, 90=260, 99=287, 99.9=438, 99.99=583] 
[OVERALL], RunTime(ms), 61022
[OVERALL], Throughput(ops/sec), 6037.199698469404
[TOTAL_GCS_Copy], Count, 34
[TOTAL_GC_TIME_Copy], Time(ms), 19
[TOTAL_GC_TIME_%_Copy], Time(%), 0.031136311494215203
[TOTAL_GCS_MarkSweepCompact], Count, 0
[TOTAL_GC_TIME_MarkSweepCompact], Time(ms), 0
[TOTAL_GC_TIME_%_MarkSweepCompact], Time(%), 0.0
[TOTAL_GCs], Count, 34
[TOTAL_GC_TIME], Time(ms), 19
[TOTAL_GC_TIME_%], Time(%), 0.031136311494215203
[READ], Operations, 183869
[READ], AverageLatency(us), 163.22993000451407
[READ], MinLatency(us), 100
[READ], MaxLatency(us), 44927
[READ], 95thPercentileLatency(us), 273
[READ], 99thPercentileLatency(us), 289
[READ], Return=OK, 183869
[CLEANUP], Operations, 1
[CLEANUP], AverageLatency(us), 869.0
[CLEANUP], MinLatency(us), 869
[CLEANUP], MaxLatency(us), 869
[CLEANUP], 95thPercentileLatency(us), 869
[CLEANUP], 99thPercentileLatency(us), 869
[UPDATE], Operations, 184533
[UPDATE], AverageLatency(us), 162.68146618761955
[UPDATE], MinLatency(us), 98
[UPDATE], MaxLatency(us), 7595
[UPDATE], 95thPercentileLatency(us), 271
[UPDATE], 99thPercentileLatency(us), 287
[UPDATE], Return=OK, 184533
AUTOTEST_DONE
