/nix/store/2vwkssqpzykk37r996cafq7x63imf4sp-openjdk-21+35/bin/java  -classpath /nix/store/zw02np72fzsmga6s5mphhw7x8qlzf4sv-ycsb-0.17.0/share/conf:/nix/store/zw02np72fzsmga6s5mphhw7x8qlzf4sv-ycsb-0.17.0/share/lib/core-0.17.0.jar:/nix/store/zw02np72fzsmga6s5mphhw7x8qlzf4sv-ycsb-0.17.0/share/lib/HdrHistogram-2.1.4.jar:/nix/store/zw02np72fzsmga6s5mphhw7x8qlzf4sv-ycsb-0.17.0/share/lib/htrace-core4-4.1.0-incubating.jar:/nix/store/zw02np72fzsmga6s5mphhw7x8qlzf4sv-ycsb-0.17.0/share/lib/jackson-core-asl-1.9.4.jar:/nix/store/zw02np72fzsmga6s5mphhw7x8qlzf4sv-ycsb-0.17.0/share/lib/jackson-mapper-asl-1.9.4.jar:/nix/store/zw02np72fzsmga6s5mphhw7x8qlzf4sv-ycsb-0.17.0/share/redis-binding/lib/commons-pool2-2.4.2.jar:/nix/store/zw02np72fzsmga6s5mphhw7x8qlzf4sv-ycsb-0.17.0/share/redis-binding/lib/jedis-2.9.0.jar:/nix/store/zw02np72fzsmga6s5mphhw7x8qlzf4sv-ycsb-0.17.0/share/redis-binding/lib/redis-binding-0.17.0.jar site.ycsb.Client -t -db site.ycsb.db.RedisClient -s -P /home/host/vmuxIO/test/moonprogs//../../ycsb/share/workloads/workloada -p redis.host=10.1.0.2 -p redis.port=6382 -p operationcount=429496729 -p maxexecutiontime=61 -threads 1
Command line: -t -db site.ycsb.db.RedisClient -s -P /home/host/vmuxIO/test/moonprogs//../../ycsb/share/workloads/workloada -p redis.host=10.1.0.2 -p redis.port=6382 -p operationcount=429496729 -p maxexecutiontime=61 -threads 1
YCSB Client 0.17.0

Loading workload...
Starting test.
Maximum execution time specified as: 61 secs
DBWrapper: report latency for each error is false and specific error codes to track for latency are: []
2024-10-15 12:13:59:339 0 sec: 0 operations; est completion in 0 second 
2024-10-15 12:14:09:185 10 sec: 51247 operations; 5124.7 current ops/sec; est completion in 23 hours 16 minutes [READ: Count=25644, Max=47935, Min=111, Avg=187.04, 90=272, 99=297, 99.9=1833, 99.99=4635] [UPDATE: Count=25608, Max=13455, Min=109, Avg=187.77, 90=270, 99=302, 99.9=1559, 99.99=4251] 
2024-10-15 12:14:19:185 20 sec: 106568 operations; 5532.1 current ops/sec; est completion in 22 hours 23 minutes [READ: Count=27624, Max=8175, Min=112, Avg=180.34, 90=271, 99=284, 99.9=328, 99.99=1999] [UPDATE: Count=27692, Max=3393, Min=102, Avg=176.65, 90=269, 99=282, 99.9=303, 99.99=640] 
2024-10-15 12:14:29:185 30 sec: 166232 operations; 5966.4 current ops/sec; est completion in 21 hours 31 minutes [READ: Count=29932, Max=4707, Min=113, Avg=167.86, 90=268, 99=282, 99.9=327, 99.99=2447] [UPDATE: Count=29732, Max=2563, Min=106, Avg=163.75, 90=266, 99=280, 99.9=298, 99.99=608] 
2024-10-15 12:14:39:185 40 sec: 225376 operations; 5914.4 current ops/sec; est completion in 21 hours 9 minutes [READ: Count=29607, Max=695, Min=108, Avg=168.9, 90=268, 99=313, 99.9=413, 99.99=644] [UPDATE: Count=29537, Max=9735, Min=106, Avg=165.26, 90=266, 99=310, 99.9=394, 99.99=616] 
2024-10-15 12:14:49:185 50 sec: 284039 operations; 5866.3 current ops/sec; est completion in 20 hours 59 minutes [READ: Count=29539, Max=609, Min=112, Avg=169.37, 90=268, 99=281, 99.9=295, 99.99=460] [UPDATE: Count=29124, Max=4069, Min=109, Avg=167.95, 90=267, 99=280, 99.9=296, 99.99=600] 
2024-10-15 12:14:59:185 60 sec: 341966 operations; 5792.7 current ops/sec; est completion in 20 hours 54 minutes [READ: Count=29140, Max=6175, Min=115, Avg=172.18, 90=270, 99=281, 99.9=296, 99.99=592] [UPDATE: Count=28787, Max=592, Min=108, Avg=169.43, 90=268, 99=280, 99.9=296, 99.99=453] 
Maximum time elapsed. Requesting stop for the workload.
Stop requested for workload. Now Joining!
2024-10-15 12:15:00:197 61 sec: 347783 operations; 5748.02 current ops/sec; est completion in 20 hours 54 minutes [READ: Count=2880, Max=2723, Min=117, Avg=174.99, 90=270, 99=294, 99.9=446, 99.99=2723] [CLEANUP: Count=1, Max=1092, Min=1092, Avg=1092, 90=1092, 99=1092, 99.9=1092, 99.99=1092] [UPDATE: Count=2937, Max=747, Min=113, Avg=168.58, 90=267, 99=290, 99.9=384, 99.99=747] 
[OVERALL], RunTime(ms), 61016
[OVERALL], Throughput(ops/sec), 5699.865609020585
[TOTAL_GCS_Copy], Count, 32
[TOTAL_GC_TIME_Copy], Time(ms), 21
[TOTAL_GC_TIME_%_Copy], Time(%), 0.03441720204536515
[TOTAL_GCS_MarkSweepCompact], Count, 0
[TOTAL_GC_TIME_MarkSweepCompact], Time(ms), 0
[TOTAL_GC_TIME_%_MarkSweepCompact], Time(%), 0.0
[TOTAL_GCs], Count, 32
[TOTAL_GC_TIME], Time(ms), 21
[TOTAL_GC_TIME_%], Time(%), 0.03441720204536515
[READ], Operations, 174366
[READ], AverageLatency(us), 173.93050824128557
[READ], MinLatency(us), 108
[READ], MaxLatency(us), 47935
[READ], 95thPercentileLatency(us), 274
[READ], 99thPercentileLatency(us), 287
[READ], Return=OK, 174366
[CLEANUP], Operations, 1
[CLEANUP], AverageLatency(us), 1092.0
[CLEANUP], MinLatency(us), 1092
[CLEANUP], MaxLatency(us), 1092
[CLEANUP], 95thPercentileLatency(us), 1092
[CLEANUP], 99thPercentileLatency(us), 1092
[UPDATE], Operations, 173417
[UPDATE], AverageLatency(us), 171.34472398899763
[UPDATE], MinLatency(us), 102
[UPDATE], MaxLatency(us), 13455
[UPDATE], 95thPercentileLatency(us), 273
[UPDATE], 99thPercentileLatency(us), 285
[UPDATE], Return=OK, 173417
AUTOTEST_DONE
