/nix/store/2vwkssqpzykk37r996cafq7x63imf4sp-openjdk-21+35/bin/java  -classpath /nix/store/zw02np72fzsmga6s5mphhw7x8qlzf4sv-ycsb-0.17.0/share/conf:/nix/store/zw02np72fzsmga6s5mphhw7x8qlzf4sv-ycsb-0.17.0/share/lib/core-0.17.0.jar:/nix/store/zw02np72fzsmga6s5mphhw7x8qlzf4sv-ycsb-0.17.0/share/lib/HdrHistogram-2.1.4.jar:/nix/store/zw02np72fzsmga6s5mphhw7x8qlzf4sv-ycsb-0.17.0/share/lib/htrace-core4-4.1.0-incubating.jar:/nix/store/zw02np72fzsmga6s5mphhw7x8qlzf4sv-ycsb-0.17.0/share/lib/jackson-core-asl-1.9.4.jar:/nix/store/zw02np72fzsmga6s5mphhw7x8qlzf4sv-ycsb-0.17.0/share/lib/jackson-mapper-asl-1.9.4.jar:/nix/store/zw02np72fzsmga6s5mphhw7x8qlzf4sv-ycsb-0.17.0/share/redis-binding/lib/commons-pool2-2.4.2.jar:/nix/store/zw02np72fzsmga6s5mphhw7x8qlzf4sv-ycsb-0.17.0/share/redis-binding/lib/jedis-2.9.0.jar:/nix/store/zw02np72fzsmga6s5mphhw7x8qlzf4sv-ycsb-0.17.0/share/redis-binding/lib/redis-binding-0.17.0.jar site.ycsb.Client -t -db site.ycsb.db.RedisClient -s -P /home/host/vmuxIO/test/moonprogs//../../ycsb/share/workloads/workloada -p redis.host=10.1.0.2 -p redis.port=6385 -p operationcount=429496729 -p maxexecutiontime=61 -threads 1
Command line: -t -db site.ycsb.db.RedisClient -s -P /home/host/vmuxIO/test/moonprogs//../../ycsb/share/workloads/workloada -p redis.host=10.1.0.2 -p redis.port=6385 -p operationcount=429496729 -p maxexecutiontime=61 -threads 1
YCSB Client 0.17.0

Loading workload...
Starting test.
Maximum execution time specified as: 61 secs
DBWrapper: report latency for each error is false and specific error codes to track for latency are: []
2024-07-10 23:41:31:573 0 sec: 0 operations; est completion in 0 second 
2024-07-10 23:41:41:420 10 sec: 56334 operations; 5632.84 current ops/sec; est completion in 21 hours 10 minutes [READ: Count=27835, Max=47935, Min=101, Avg=167.41, 90=256, 99=332, 99.9=2509, 99.99=4619] [UPDATE: Count=28530, Max=12663, Min=99, Avg=172.15, 90=260, 99=361, 99.9=2841, 99.99=5571] 
2024-07-10 23:41:51:420 20 sec: 124233 operations; 6789.9 current ops/sec; est completion in 19 hours 12 minutes [READ: Count=33937, Max=2197, Min=99, Avg=146.13, 90=153, 99=273, 99.9=399, 99.99=1115] [UPDATE: Count=33931, Max=788, Min=97, Avg=143.85, 90=151, 99=271, 99.9=336, 99.99=523] 
2024-07-10 23:42:01:420 30 sec: 193276 operations; 6904.3 current ops/sec; est completion in 18 hours 30 minutes [READ: Count=34652, Max=7959, Min=104, Avg=144.2, 90=151, 99=271, 99.9=331, 99.99=590] [UPDATE: Count=34391, Max=1537, Min=99, Avg=142.16, 90=149, 99=269, 99.9=342, 99.99=576] 
2024-07-10 23:42:11:420 40 sec: 260013 operations; 6673.7 current ops/sec; est completion in 18 hours 20 minutes [READ: Count=33271, Max=3725, Min=100, Avg=148.9, 90=156, 99=298, 99.9=414, 99.99=742] [UPDATE: Count=33466, Max=747, Min=98, Avg=147.28, 90=156, 99=294, 99.9=400, 99.99=575] 
2024-07-10 23:42:21:420 50 sec: 328042 operations; 6802.9 current ops/sec; est completion in 18 hours 10 minutes [READ: Count=33910, Max=3003, Min=102, Avg=146.21, 90=152, 99=274, 99.9=335, 99.99=635] [UPDATE: Count=34119, Max=3829, Min=100, Avg=144.46, 90=151, 99=272, 99.9=325, 99.99=622] 
2024-07-10 23:42:31:420 60 sec: 396609 operations; 6856.7 current ops/sec; est completion in 18 hours 1 minute [READ: Count=34383, Max=886, Min=102, Avg=145.24, 90=152, 99=271, 99.9=313, 99.99=571] [UPDATE: Count=34184, Max=6919, Min=99, Avg=143.13, 90=150, 99=269, 99.9=311, 99.99=603] 
Maximum time elapsed. Requesting stop for the workload.
Stop requested for workload. Now Joining!
2024-07-10 23:42:32:432 61 sec: 403539 operations; 6847.83 current ops/sec; est completion in 18 hours 1 minute [READ: Count=3517, Max=2769, Min=106, Avg=145.5, 90=152, 99=270, 99.9=328, 99.99=2769] [CLEANUP: Count=1, Max=963, Min=963, Avg=963, 90=963, 99=963, 99.9=963, 99.99=963] [UPDATE: Count=3413, Max=438, Min=105, Avg=142.74, 90=150, 99=269, 99.9=347, 99.99=438] 
[OVERALL], RunTime(ms), 61017
[OVERALL], Throughput(ops/sec), 6613.550322041398
[TOTAL_GCS_Copy], Count, 37
[TOTAL_GC_TIME_Copy], Time(ms), 19
[TOTAL_GC_TIME_%_Copy], Time(%), 0.031138862939836438
[TOTAL_GCS_MarkSweepCompact], Count, 0
[TOTAL_GC_TIME_MarkSweepCompact], Time(ms), 0
[TOTAL_GC_TIME_%_MarkSweepCompact], Time(%), 0.0
[TOTAL_GCs], Count, 37
[TOTAL_GC_TIME], Time(ms), 19
[TOTAL_GC_TIME_%], Time(%), 0.031138862939836438
[READ], Operations, 201505
[READ], AverageLatency(us), 149.04543311580358
[READ], MinLatency(us), 99
[READ], MaxLatency(us), 47935
[READ], 95thPercentileLatency(us), 251
[READ], 99thPercentileLatency(us), 280
[READ], Return=OK, 201505
[CLEANUP], Operations, 1
[CLEANUP], AverageLatency(us), 963.0
[CLEANUP], MinLatency(us), 963
[CLEANUP], MaxLatency(us), 963
[CLEANUP], 95thPercentileLatency(us), 963
[CLEANUP], 99thPercentileLatency(us), 963
[UPDATE], Operations, 202034
[UPDATE], AverageLatency(us), 148.08881178415515
[UPDATE], MinLatency(us), 97
[UPDATE], MaxLatency(us), 12663
[UPDATE], 95thPercentileLatency(us), 253
[UPDATE], 99thPercentileLatency(us), 279
[UPDATE], Return=OK, 202034
AUTOTEST_DONE
