/nix/store/2vwkssqpzykk37r996cafq7x63imf4sp-openjdk-21+35/bin/java  -classpath /nix/store/zw02np72fzsmga6s5mphhw7x8qlzf4sv-ycsb-0.17.0/share/conf:/nix/store/zw02np72fzsmga6s5mphhw7x8qlzf4sv-ycsb-0.17.0/share/lib/core-0.17.0.jar:/nix/store/zw02np72fzsmga6s5mphhw7x8qlzf4sv-ycsb-0.17.0/share/lib/HdrHistogram-2.1.4.jar:/nix/store/zw02np72fzsmga6s5mphhw7x8qlzf4sv-ycsb-0.17.0/share/lib/htrace-core4-4.1.0-incubating.jar:/nix/store/zw02np72fzsmga6s5mphhw7x8qlzf4sv-ycsb-0.17.0/share/lib/jackson-core-asl-1.9.4.jar:/nix/store/zw02np72fzsmga6s5mphhw7x8qlzf4sv-ycsb-0.17.0/share/lib/jackson-mapper-asl-1.9.4.jar:/nix/store/zw02np72fzsmga6s5mphhw7x8qlzf4sv-ycsb-0.17.0/share/redis-binding/lib/commons-pool2-2.4.2.jar:/nix/store/zw02np72fzsmga6s5mphhw7x8qlzf4sv-ycsb-0.17.0/share/redis-binding/lib/jedis-2.9.0.jar:/nix/store/zw02np72fzsmga6s5mphhw7x8qlzf4sv-ycsb-0.17.0/share/redis-binding/lib/redis-binding-0.17.0.jar site.ycsb.Client -t -db site.ycsb.db.RedisClient -s -P /home/host/vmuxIO/test/moonprogs//../../ycsb/share/workloads/workloada -p redis.host=10.1.0.2 -p redis.port=6382 -p operationcount=429496729 -p maxexecutiontime=61 -threads 1
Command line: -t -db site.ycsb.db.RedisClient -s -P /home/host/vmuxIO/test/moonprogs//../../ycsb/share/workloads/workloada -p redis.host=10.1.0.2 -p redis.port=6382 -p operationcount=429496729 -p maxexecutiontime=61 -threads 1
YCSB Client 0.17.0

Loading workload...
Starting test.
Maximum execution time specified as: 61 secs
DBWrapper: report latency for each error is false and specific error codes to track for latency are: []
2024-10-15 12:20:33:648 0 sec: 0 operations; est completion in 0 second 
2024-10-15 12:20:43:499 10 sec: 96338 operations; 9633.8 current ops/sec; est completion in 12 hours 22 minutes [READ: Count=48016, Max=46975, Min=82, Avg=100.86, 90=111, 99=155, 99.9=442, 99.99=3287] [UPDATE: Count=48348, Max=10447, Min=79, Avg=98.52, 90=109, 99=171, 99.9=641, 99.99=3927] 
2024-10-15 12:20:53:499 20 sec: 199304 operations; 10296.6 current ops/sec; est completion in 11 hours 58 minutes [READ: Count=51393, Max=3131, Min=77, Avg=96.82, 90=106, 99=139, 99.9=206, 99.99=430] [UPDATE: Count=51547, Max=5139, Min=74, Avg=94.12, 90=103, 99=144, 99.9=219, 99.99=384] 
2024-10-15 12:21:03:499 30 sec: 301924 operations; 10262 current ops/sec; est completion in 11 hours 50 minutes [READ: Count=51211, Max=432, Min=82, Avg=97.49, 90=107, 99=140, 99.9=277, 99.99=350] [UPDATE: Count=51409, Max=3555, Min=79, Avg=94.64, 90=104, 99=146, 99.9=228, 99.99=376] 
2024-10-15 12:21:13:499 40 sec: 403788 operations; 10186.4 current ops/sec; est completion in 11 hours 48 minutes [READ: Count=50846, Max=422, Min=78, Avg=98.18, 90=110, 99=141, 99.9=290, 99.99=334] [UPDATE: Count=51018, Max=6223, Min=76, Avg=95.34, 90=108, 99=141, 99.9=275, 99.99=322] 
2024-10-15 12:21:23:499 50 sec: 508606 operations; 10481.8 current ops/sec; est completion in 11 hours 42 minutes [READ: Count=52201, Max=441, Min=81, Avg=95.33, 90=103, 99=133, 99.9=288, 99.99=338] [UPDATE: Count=52617, Max=4619, Min=79, Avg=92.74, 90=100, 99=132, 99.9=288, 99.99=344] 
2024-10-15 12:21:33:499 60 sec: 611250 operations; 10264.4 current ops/sec; est completion in 11 hours 41 minutes [READ: Count=51287, Max=3519, Min=82, Avg=97.44, 90=108, 99=134, 99.9=276, 99.99=361] [UPDATE: Count=51357, Max=4135, Min=79, Avg=94.64, 90=105, 99=131, 99.9=274, 99.99=337] 
Maximum time elapsed. Requesting stop for the workload.
Stop requested for workload. Now Joining!
2024-10-15 12:21:34:511 61 sec: 621759 operations; 10384.39 current ops/sec; est completion in 11 hours 41 minutes [READ: Count=5214, Max=850, Min=79, Avg=95.43, 90=106, 99=149, 99.9=300, 99.99=326] [CLEANUP: Count=1, Max=1000, Min=1000, Avg=1000, 90=1000, 99=1000, 99.9=1000, 99.99=1000] [UPDATE: Count=5295, Max=7451, Min=75, Avg=93.98, 90=104, 99=157, 99.9=293, 99.99=446] 
[OVERALL], RunTime(ms), 61015
[OVERALL], Throughput(ops/sec), 10190.264689010899
[TOTAL_GCS_Copy], Count, 57
[TOTAL_GC_TIME_Copy], Time(ms), 21
[TOTAL_GC_TIME_%_Copy], Time(%), 0.03441776612308448
[TOTAL_GCS_MarkSweepCompact], Count, 0
[TOTAL_GC_TIME_MarkSweepCompact], Time(ms), 0
[TOTAL_GC_TIME_%_MarkSweepCompact], Time(%), 0.0
[TOTAL_GCs], Count, 57
[TOTAL_GC_TIME], Time(ms), 21
[TOTAL_GC_TIME_%], Time(%), 0.03441776612308448
[READ], Operations, 310168
[READ], AverageLatency(us), 97.60565242062366
[READ], MinLatency(us), 77
[READ], MaxLatency(us), 46975
[READ], 95thPercentileLatency(us), 125
[READ], 99thPercentileLatency(us), 139
[READ], Return=OK, 310168
[CLEANUP], Operations, 1
[CLEANUP], AverageLatency(us), 1000.0
[CLEANUP], MinLatency(us), 1000
[CLEANUP], MaxLatency(us), 1000
[CLEANUP], 95thPercentileLatency(us), 1000
[CLEANUP], 99thPercentileLatency(us), 1000
[UPDATE], Operations, 311591
[UPDATE], AverageLatency(us), 94.94052780728583
[UPDATE], MinLatency(us), 74
[UPDATE], MaxLatency(us), 10447
[UPDATE], 95thPercentileLatency(us), 122
[UPDATE], 99thPercentileLatency(us), 142
[UPDATE], Return=OK, 311591
AUTOTEST_DONE
