/nix/store/2vwkssqpzykk37r996cafq7x63imf4sp-openjdk-21+35/bin/java  -classpath /nix/store/zw02np72fzsmga6s5mphhw7x8qlzf4sv-ycsb-0.17.0/share/conf:/nix/store/zw02np72fzsmga6s5mphhw7x8qlzf4sv-ycsb-0.17.0/share/lib/core-0.17.0.jar:/nix/store/zw02np72fzsmga6s5mphhw7x8qlzf4sv-ycsb-0.17.0/share/lib/HdrHistogram-2.1.4.jar:/nix/store/zw02np72fzsmga6s5mphhw7x8qlzf4sv-ycsb-0.17.0/share/lib/htrace-core4-4.1.0-incubating.jar:/nix/store/zw02np72fzsmga6s5mphhw7x8qlzf4sv-ycsb-0.17.0/share/lib/jackson-core-asl-1.9.4.jar:/nix/store/zw02np72fzsmga6s5mphhw7x8qlzf4sv-ycsb-0.17.0/share/lib/jackson-mapper-asl-1.9.4.jar:/nix/store/zw02np72fzsmga6s5mphhw7x8qlzf4sv-ycsb-0.17.0/share/redis-binding/lib/commons-pool2-2.4.2.jar:/nix/store/zw02np72fzsmga6s5mphhw7x8qlzf4sv-ycsb-0.17.0/share/redis-binding/lib/jedis-2.9.0.jar:/nix/store/zw02np72fzsmga6s5mphhw7x8qlzf4sv-ycsb-0.17.0/share/redis-binding/lib/redis-binding-0.17.0.jar site.ycsb.Client -t -db site.ycsb.db.RedisClient -s -P /home/host/vmuxIO/test/moonprogs//../../ycsb/share/workloads/workloada -p redis.host=10.1.0.2 -p redis.port=6389 -p operationcount=429496729 -p maxexecutiontime=61 -threads 1
Command line: -t -db site.ycsb.db.RedisClient -s -P /home/host/vmuxIO/test/moonprogs//../../ycsb/share/workloads/workloada -p redis.host=10.1.0.2 -p redis.port=6389 -p operationcount=429496729 -p maxexecutiontime=61 -threads 1
YCSB Client 0.17.0

Loading workload...
Starting test.
Maximum execution time specified as: 61 secs
DBWrapper: report latency for each error is false and specific error codes to track for latency are: []
2024-07-19 22:44:51:461 0 sec: 0 operations; est completion in 0 second 
2024-07-19 22:45:01:287 10 sec: 75556 operations; 7554.84 current ops/sec; est completion in 15 hours 47 minutes [READ: Count=37770, Max=53119, Min=84, Avg=126.82, 90=141, 99=212, 99.9=788, 99.99=6719] [UPDATE: Count=37795, Max=6915, Min=78, Avg=124.66, 90=141, 99=230, 99.9=1086, 99.99=4499] 
2024-07-19 22:45:11:287 20 sec: 162150 operations; 8659.4 current ops/sec; est completion in 14 hours 42 minutes [READ: Count=43093, Max=9887, Min=78, Avg=115.35, 90=130, 99=155, 99.9=260, 99.99=637] [UPDATE: Count=43492, Max=894, Min=79, Avg=112.19, 90=127, 99=153, 99.9=253, 99.99=363] 
2024-07-19 22:45:21:287 30 sec: 244994 operations; 8284.4 current ops/sec; est completion in 14 hours 36 minutes [READ: Count=41247, Max=7807, Min=78, Avg=120.68, 90=137, 99=180, 99.9=316, 99.99=1077] [UPDATE: Count=41597, Max=2745, Min=77, Avg=117.41, 90=133, 99=178, 99.9=302, 99.99=615] 
2024-07-19 22:45:31:287 40 sec: 328230 operations; 8323.6 current ops/sec; est completion in 14 hours 31 minutes [READ: Count=41647, Max=2993, Min=84, Avg=119.83, 90=137, 99=163, 99.9=268, 99.99=467] [UPDATE: Count=41589, Max=8999, Min=81, Avg=117.09, 90=134, 99=159, 99.9=267, 99.99=891] 
2024-07-19 22:45:41:287 50 sec: 411714 operations; 8348.4 current ops/sec; est completion in 14 hours 28 minutes [READ: Count=41792, Max=4923, Min=84, Avg=119.61, 90=134, 99=161, 99.9=259, 99.99=468] [UPDATE: Count=41692, Max=1641, Min=81, Avg=116.72, 90=131, 99=161, 99.9=256, 99.99=442] 
2024-07-19 22:45:51:287 60 sec: 495820 operations; 8410.6 current ops/sec; est completion in 14 hours 25 minutes [READ: Count=41903, Max=2599, Min=81, Avg=118.6, 90=134, 99=158, 99.9=291, 99.99=493] [UPDATE: Count=42203, Max=714, Min=76, Avg=115.69, 90=131, 99=157, 99.9=293, 99.99=422] 
Maximum time elapsed. Requesting stop for the workload.
Stop requested for workload. Now Joining!
2024-07-19 22:45:52:301 61 sec: 505050 operations; 9111.55 current ops/sec; est completion in 14 hours 23 minutes [READ: Count=4550, Max=476, Min=79, Avg=109.26, 90=129, 99=145, 99.9=313, 99.99=476] [CLEANUP: Count=1, Max=858, Min=858, Avg=858, 90=858, 99=858, 99.9=858, 99.99=858] [UPDATE: Count=4680, Max=3169, Min=77, Avg=107.05, 90=126, 99=140, 99.9=288, 99.99=3169] 
[OVERALL], RunTime(ms), 61022
[OVERALL], Throughput(ops/sec), 8276.523221133362
[TOTAL_GCS_Copy], Count, 46
[TOTAL_GC_TIME_Copy], Time(ms), 26
[TOTAL_GC_TIME_%_Copy], Time(%), 0.04260758414997869
[TOTAL_GCS_MarkSweepCompact], Count, 0
[TOTAL_GC_TIME_MarkSweepCompact], Time(ms), 0
[TOTAL_GC_TIME_%_MarkSweepCompact], Time(%), 0.0
[TOTAL_GCs], Count, 46
[TOTAL_GC_TIME], Time(ms), 26
[TOTAL_GC_TIME_%], Time(%), 0.04260758414997869
[READ], Operations, 252002
[READ], AverageLatency(us), 119.81719986349314
[READ], MinLatency(us), 78
[READ], MaxLatency(us), 53119
[READ], 95thPercentileLatency(us), 143
[READ], 99thPercentileLatency(us), 170
[READ], Return=OK, 252002
[CLEANUP], Operations, 1
[CLEANUP], AverageLatency(us), 858.0
[CLEANUP], MinLatency(us), 858
[CLEANUP], MaxLatency(us), 858
[CLEANUP], 95thPercentileLatency(us), 858
[CLEANUP], 99thPercentileLatency(us), 858
[UPDATE], Operations, 253048
[UPDATE], AverageLatency(us), 116.95164553760551
[UPDATE], MinLatency(us), 76
[UPDATE], MaxLatency(us), 8999
[UPDATE], 95thPercentileLatency(us), 140
[UPDATE], 99thPercentileLatency(us), 171
[UPDATE], Return=OK, 253048
AUTOTEST_DONE
