/nix/store/2vwkssqpzykk37r996cafq7x63imf4sp-openjdk-21+35/bin/java  -classpath /nix/store/zw02np72fzsmga6s5mphhw7x8qlzf4sv-ycsb-0.17.0/share/conf:/nix/store/zw02np72fzsmga6s5mphhw7x8qlzf4sv-ycsb-0.17.0/share/lib/core-0.17.0.jar:/nix/store/zw02np72fzsmga6s5mphhw7x8qlzf4sv-ycsb-0.17.0/share/lib/HdrHistogram-2.1.4.jar:/nix/store/zw02np72fzsmga6s5mphhw7x8qlzf4sv-ycsb-0.17.0/share/lib/htrace-core4-4.1.0-incubating.jar:/nix/store/zw02np72fzsmga6s5mphhw7x8qlzf4sv-ycsb-0.17.0/share/lib/jackson-core-asl-1.9.4.jar:/nix/store/zw02np72fzsmga6s5mphhw7x8qlzf4sv-ycsb-0.17.0/share/lib/jackson-mapper-asl-1.9.4.jar:/nix/store/zw02np72fzsmga6s5mphhw7x8qlzf4sv-ycsb-0.17.0/share/redis-binding/lib/commons-pool2-2.4.2.jar:/nix/store/zw02np72fzsmga6s5mphhw7x8qlzf4sv-ycsb-0.17.0/share/redis-binding/lib/jedis-2.9.0.jar:/nix/store/zw02np72fzsmga6s5mphhw7x8qlzf4sv-ycsb-0.17.0/share/redis-binding/lib/redis-binding-0.17.0.jar site.ycsb.Client -t -db site.ycsb.db.RedisClient -s -P /home/host/vmuxIO/test/moonprogs//../../ycsb/share/workloads/workloada -p redis.host=10.1.0.2 -p redis.port=6388 -p operationcount=429496729 -p maxexecutiontime=61 -threads 1
Command line: -t -db site.ycsb.db.RedisClient -s -P /home/host/vmuxIO/test/moonprogs//../../ycsb/share/workloads/workloada -p redis.host=10.1.0.2 -p redis.port=6388 -p operationcount=429496729 -p maxexecutiontime=61 -threads 1
YCSB Client 0.17.0

Loading workload...
 (might take a few minutes for large data sets)
Starting test.
Maximum execution time specified as: 61 secs
DBWrapper: report latency for each error is false and specific error codes to track for latency are: []
2025-02-10 04:15:42:540 0 sec: 0 operations; est completion in 0 second 
2025-02-10 04:15:51:495 10 sec: 3335 operations; 333.33 current ops/sec; est completion in 14 days 21 hours [READ: Count=1688, Max=348927, Min=60, Avg=2620.11, 90=11239, 99=28127, 99.9=40479, 99.99=348927] [UPDATE: Count=1650, Max=91519, Min=56, Avg=2754.54, 90=11983, 99=36287, 99.9=69503, 99.99=91519] 
2025-02-10 04:16:05:601 24 sec: 5546 operations; 156.73 current ops/sec; est completion in 21 days 14 hours [READ: Count=1096, Max=5160959, Min=55, Avg=8818.3, 90=15207, 99=47999, 99.9=82879, 99.99=5160959] [UPDATE: Count=1117, Max=115455, Min=55, Avg=3914.06, 90=13711, 99=58175, 99.9=93311, 99.99=115455] 
2025-02-10 04:16:11:497 30 sec: 7358 operations; 307.38 current ops/sec; est completion in 20 days 6 hours [READ: Count=899, Max=84095, Min=50, Avg=3359.4, 90=13119, 99=47103, 99.9=70207, 99.99=84095] [UPDATE: Count=908, Max=60831, Min=50, Avg=2957.12, 90=12607, 99=39935, 99.9=51007, 99.99=60831] 
2025-02-10 04:16:21:500 40 sec: 20544 operations; 1318.2 current ops/sec; est completion in 9 days 16 hours [READ: Count=6630, Max=101183, Min=46, Avg=772.09, 90=82, 99=18191, 99.9=33023, 99.99=46015] [UPDATE: Count=6556, Max=72127, Min=46, Avg=698.08, 90=79, 99=16119, 99.9=36127, 99.99=65983] 
2025-02-10 04:16:31:494 50 sec: 29126 operations; 858.72 current ops/sec; est completion in 8 days 12 hours [READ: Count=4253, Max=70207, Min=47, Avg=1163.09, 90=130, 99=17103, 99.9=23983, 99.99=70207] [UPDATE: Count=4329, Max=40863, Min=46, Avg=1153.15, 90=123, 99=19983, 99.9=30031, 99.99=40863] 
2025-02-10 04:16:41:489 60 sec: 41086 operations; 1196.48 current ops/sec; est completion in 7 days 6 hours [READ: Count=5977, Max=36191, Min=47, Avg=804.2, 90=124, 99=15983, 99.9=24079, 99.99=36159] [UPDATE: Count=5983, Max=58271, Min=46, Avg=850.35, 90=118, 99=15999, 99.9=32191, 99.99=36159] 
Maximum time elapsed. Requesting stop for the workload.
Stop requested for workload. Now Joining!
2025-02-10 04:16:42:563 61 sec: 41371 operations; 265.61 current ops/sec; est completion in 7 days 8 hours [READ: Count=143, Max=32303, Min=49, Avg=3695.92, 90=15735, 99=32271, 99.9=32303, 99.99=32303] [CLEANUP: Count=1, Max=35775, Min=35744, Avg=35760, 90=35775, 99=35775, 99.9=35775, 99.99=35775] [UPDATE: Count=142, Max=33055, Min=47, Avg=3505.16, 90=14823, 99=27823, 99.9=33055, 99.99=33055] 
[OVERALL], RunTime(ms), 61102
[OVERALL], Throughput(ops/sec), 677.0809466138588
[TOTAL_GCS_Copy], Count, 4
[TOTAL_GC_TIME_Copy], Time(ms), 95
[TOTAL_GC_TIME_%_Copy], Time(%), 0.1554777257700239
[TOTAL_GCS_MarkSweepCompact], Count, 0
[TOTAL_GC_TIME_MarkSweepCompact], Time(ms), 0
[TOTAL_GC_TIME_%_MarkSweepCompact], Time(%), 0.0
[TOTAL_GCs], Count, 4
[TOTAL_GC_TIME], Time(ms), 95
[TOTAL_GC_TIME_%], Time(%), 0.1554777257700239
[READ], Operations, 20686
[READ], AverageLatency(us), 1571.5242192787393
[READ], MinLatency(us), 46
[READ], MaxLatency(us), 5160959
[READ], 95thPercentileLatency(us), 11999
[READ], 99thPercentileLatency(us), 21663
[READ], Return=OK, 20686
[CLEANUP], Operations, 1
[CLEANUP], AverageLatency(us), 35760.0
[CLEANUP], MinLatency(us), 35744
[CLEANUP], MaxLatency(us), 35775
[CLEANUP], 95thPercentileLatency(us), 35775
[CLEANUP], 99thPercentileLatency(us), 35775
[UPDATE], Operations, 20685
[UPDATE], AverageLatency(us), 1293.4981870920958
[UPDATE], MinLatency(us), 46
[UPDATE], MaxLatency(us), 115455
[UPDATE], 95thPercentileLatency(us), 11991
[UPDATE], 99thPercentileLatency(us), 22079
[UPDATE], Return=OK, 20685
AUTOTEST_DONE
