/nix/store/2vwkssqpzykk37r996cafq7x63imf4sp-openjdk-21+35/bin/java  -classpath /nix/store/zw02np72fzsmga6s5mphhw7x8qlzf4sv-ycsb-0.17.0/share/conf:/nix/store/zw02np72fzsmga6s5mphhw7x8qlzf4sv-ycsb-0.17.0/share/lib/core-0.17.0.jar:/nix/store/zw02np72fzsmga6s5mphhw7x8qlzf4sv-ycsb-0.17.0/share/lib/HdrHistogram-2.1.4.jar:/nix/store/zw02np72fzsmga6s5mphhw7x8qlzf4sv-ycsb-0.17.0/share/lib/htrace-core4-4.1.0-incubating.jar:/nix/store/zw02np72fzsmga6s5mphhw7x8qlzf4sv-ycsb-0.17.0/share/lib/jackson-core-asl-1.9.4.jar:/nix/store/zw02np72fzsmga6s5mphhw7x8qlzf4sv-ycsb-0.17.0/share/lib/jackson-mapper-asl-1.9.4.jar:/nix/store/zw02np72fzsmga6s5mphhw7x8qlzf4sv-ycsb-0.17.0/share/redis-binding/lib/commons-pool2-2.4.2.jar:/nix/store/zw02np72fzsmga6s5mphhw7x8qlzf4sv-ycsb-0.17.0/share/redis-binding/lib/jedis-2.9.0.jar:/nix/store/zw02np72fzsmga6s5mphhw7x8qlzf4sv-ycsb-0.17.0/share/redis-binding/lib/redis-binding-0.17.0.jar site.ycsb.Client -t -db site.ycsb.db.RedisClient -s -P /home/host/vmuxIO/test/moonprogs//../../ycsb/share/workloads/workloada -p redis.host=10.1.0.2 -p redis.port=6379 -p operationcount=429496729 -p maxexecutiontime=61 -threads 1
Command line: -t -db site.ycsb.db.RedisClient -s -P /home/host/vmuxIO/test/moonprogs//../../ycsb/share/workloads/workloada -p redis.host=10.1.0.2 -p redis.port=6379 -p operationcount=429496729 -p maxexecutiontime=61 -threads 1
YCSB Client 0.17.0

Loading workload...
Starting test.
Maximum execution time specified as: 61 secs
2025-02-10 04:15:24:802 0 sec: 0 operations; est completion in 0 second 
DBWrapper: report latency for each error is false and specific error codes to track for latency are: []
2025-02-10 04:15:34:538 10 sec: 1187 operations; 118.7 current ops/sec; est completion in 41 days 21 hours [READ: Count=613, Max=303103, Min=64, Avg=7768.57, 90=7959, 99=261375, 99.9=300031, 99.99=303103] [UPDATE: Count=576, Max=333311, Min=67, Avg=8374.82, 90=10983, 99=260863, 99.9=299263, 99.99=333311] 
2025-02-10 04:15:44:538 20 sec: 3684 operations; 249.7 current ops/sec; est completion in 26 days 23 hours [READ: Count=1267, Max=299007, Min=57, Avg=3825.16, 90=4035, 99=39007, 99.9=293631, 99.99=299007] [UPDATE: Count=1228, Max=300031, Min=56, Avg=4117.32, 90=260, 99=101439, 99.9=299007, 99.99=300031] 
2025-02-10 04:15:54:538 30 sec: 13792 operations; 1010.8 current ops/sec; est completion in 10 days 19 hours [READ: Count=5067, Max=332031, Min=48, Avg=1009.23, 90=78, 99=15999, 99.9=272127, 99.99=304127] [UPDATE: Count=5041, Max=304127, Min=47, Avg=947.42, 90=76, 99=15991, 99.9=239999, 99.99=304127] 
2025-02-10 04:16:04:539 40 sec: 33009 operations; 1921.7 current ops/sec; est completion in 6 days [READ: Count=9689, Max=214143, Min=48, Avg=567.36, 90=75, 99=17695, 99.9=36191, 99.99=214143] [UPDATE: Count=9528, Max=214015, Min=46, Avg=475.84, 90=73, 99=11007, 99.9=30015, 99.99=210047] 
2025-02-10 04:16:14:538 50 sec: 41797 operations; 878.8 current ops/sec; est completion in 5 days 22 hours [READ: Count=4408, Max=257791, Min=48, Avg=1166.19, 90=83, 99=26127, 99.9=226047, 99.99=257791] [UPDATE: Count=4380, Max=269055, Min=46, Avg=1105.95, 90=81, 99=26127, 99.9=200191, 99.99=269055] 
2025-02-10 04:16:24:538 60 sec: 47368 operations; 557.1 current ops/sec; est completion in 6 days 7 hours [READ: Count=2799, Max=276223, Min=46, Avg=1880.15, 90=84, 99=24047, 99.9=228991, 99.99=276223] [UPDATE: Count=2772, Max=280575, Min=45, Avg=1705.33, 90=106, 99=23967, 99.9=216063, 99.99=280575] 
Maximum time elapsed. Requesting stop for the workload.
Stop requested for workload. Now Joining!
2025-02-10 04:16:25:551 61 sec: 48804 operations; 1418.97 current ops/sec; est completion in 6 days 5 hours [READ: Count=731, Max=25087, Min=49, Avg=716.63, 90=92, 99=18015, 99.9=25071, 99.99=25087] [CLEANUP: Count=1, Max=931, Min=931, Avg=931, 90=931, 99=931, 99.9=931, 99.99=931] [UPDATE: Count=705, Max=39039, Min=47, Avg=686.23, 90=86, 99=17247, 99.9=25071, 99.99=39039] 
[OVERALL], RunTime(ms), 61026
[OVERALL], Throughput(ops/sec), 799.7247075017206
[TOTAL_GCS_Copy], Count, 5
[TOTAL_GC_TIME_Copy], Time(ms), 21
[TOTAL_GC_TIME_%_Copy], Time(%), 0.034411562284927734
[TOTAL_GCS_MarkSweepCompact], Count, 0
[TOTAL_GC_TIME_MarkSweepCompact], Time(ms), 0
[TOTAL_GC_TIME_%_MarkSweepCompact], Time(%), 0.0
[TOTAL_GCs], Count, 5
[TOTAL_GC_TIME], Time(ms), 21
[TOTAL_GC_TIME_%], Time(%), 0.034411562284927734
[READ], Operations, 24574
[READ], AverageLatency(us), 1267.4560104175143
[READ], MinLatency(us), 46
[READ], MaxLatency(us), 332031
[READ], 95thPercentileLatency(us), 1601
[READ], 99thPercentileLatency(us), 25999
[READ], Return=OK, 24574
[CLEANUP], Operations, 1
[CLEANUP], AverageLatency(us), 931.0
[CLEANUP], MinLatency(us), 931
[CLEANUP], MaxLatency(us), 931
[CLEANUP], 95thPercentileLatency(us), 931
[CLEANUP], 99thPercentileLatency(us), 931
[UPDATE], Operations, 24230
[UPDATE], AverageLatency(us), 1206.9624432521666
[UPDATE], MinLatency(us), 45
[UPDATE], MaxLatency(us), 333311
[UPDATE], 95thPercentileLatency(us), 2007
[UPDATE], 99thPercentileLatency(us), 24143
[UPDATE], Return=OK, 24230
AUTOTEST_DONE
