/nix/store/2vwkssqpzykk37r996cafq7x63imf4sp-openjdk-21+35/bin/java  -classpath /nix/store/zw02np72fzsmga6s5mphhw7x8qlzf4sv-ycsb-0.17.0/share/conf:/nix/store/zw02np72fzsmga6s5mphhw7x8qlzf4sv-ycsb-0.17.0/share/lib/core-0.17.0.jar:/nix/store/zw02np72fzsmga6s5mphhw7x8qlzf4sv-ycsb-0.17.0/share/lib/HdrHistogram-2.1.4.jar:/nix/store/zw02np72fzsmga6s5mphhw7x8qlzf4sv-ycsb-0.17.0/share/lib/htrace-core4-4.1.0-incubating.jar:/nix/store/zw02np72fzsmga6s5mphhw7x8qlzf4sv-ycsb-0.17.0/share/lib/jackson-core-asl-1.9.4.jar:/nix/store/zw02np72fzsmga6s5mphhw7x8qlzf4sv-ycsb-0.17.0/share/lib/jackson-mapper-asl-1.9.4.jar:/nix/store/zw02np72fzsmga6s5mphhw7x8qlzf4sv-ycsb-0.17.0/share/redis-binding/lib/commons-pool2-2.4.2.jar:/nix/store/zw02np72fzsmga6s5mphhw7x8qlzf4sv-ycsb-0.17.0/share/redis-binding/lib/jedis-2.9.0.jar:/nix/store/zw02np72fzsmga6s5mphhw7x8qlzf4sv-ycsb-0.17.0/share/redis-binding/lib/redis-binding-0.17.0.jar site.ycsb.Client -t -db site.ycsb.db.RedisClient -s -P /home/host/vmuxIO/test/moonprogs//../../ycsb/share/workloads/workloada -p redis.host=10.1.0.2 -p redis.port=6386 -p operationcount=429496729 -p maxexecutiontime=61 -threads 1
Command line: -t -db site.ycsb.db.RedisClient -s -P /home/host/vmuxIO/test/moonprogs//../../ycsb/share/workloads/workloada -p redis.host=10.1.0.2 -p redis.port=6386 -p operationcount=429496729 -p maxexecutiontime=61 -threads 1
YCSB Client 0.17.0

Loading workload...
 (might take a few minutes for large data sets)
Starting test.
Maximum execution time specified as: 61 secs
2025-02-06 11:00:13:937 0 sec: 0 operations; est completion in 0 second 
DBWrapper: report latency for each error is false and specific error codes to track for latency are: []
2025-02-06 11:00:22:388 10 sec: 789 operations; 78.9 current ops/sec; est completion in 63 days [READ: Count=400, Max=297471, Min=74, Avg=9111.52, 90=25055, 99=40735, 99.9=297471, 99.99=297471] [UPDATE: Count=393, Max=601599, Min=81, Avg=9688.34, 90=24079, 99=50175, 99.9=601599, 99.99=601599] 
2025-02-06 11:00:32:400 20 sec: 4221 operations; 342.75 current ops/sec; est completion in 23 days 13 hours [READ: Count=1697, Max=50015, Min=61, Avg=2910.83, 90=13143, 99=30223, 99.9=47039, 99.99=50015] [UPDATE: Count=1731, Max=41983, Min=56, Avg=2764.14, 90=13167, 99=25967, 99.9=36319, 99.99=41983] 
2025-02-06 11:00:42:390 30 sec: 6376 operations; 215.72 current ops/sec; est completion in 23 days 9 hours [READ: Count=1066, Max=76607, Min=57, Avg=4367.77, 90=15911, 99=51999, 99.9=75007, 99.99=76607] [UPDATE: Count=1089, Max=103999, Min=51, Avg=4836.36, 90=15991, 99=50047, 99.9=95999, 99.99=103999] 
2025-02-06 11:00:52:397 40 sec: 10510 operations; 413.11 current ops/sec; est completion in 18 days 22 hours [READ: Count=2025, Max=120831, Min=52, Avg=2554.57, 90=11999, 99=23951, 99.9=45983, 99.99=120831] [UPDATE: Count=2109, Max=36351, Min=49, Avg=2257.78, 90=11991, 99=23039, 99.9=33183, 99.99=36351] 
2025-02-06 11:01:02:388 50 sec: 13154 operations; 264.64 current ops/sec; est completion in 18 days 21 hours [READ: Count=1330, Max=40255, Min=50, Avg=3865.56, 90=15999, 99=31983, 99.9=38079, 99.99=40255] [UPDATE: Count=1314, Max=61823, Min=48, Avg=3646.83, 90=15983, 99=31167, 99.9=43103, 99.99=61823] 
2025-02-06 11:01:12:393 60 sec: 16490 operations; 333.43 current ops/sec; est completion in 18 days 2 hours [READ: Count=1652, Max=62399, Min=49, Avg=2901.09, 90=12023, 99=21887, 99.9=28943, 99.99=62399] [UPDATE: Count=1684, Max=40191, Min=47, Avg=3091.02, 90=12055, 99=23999, 99.9=36095, 99.99=40191] 
Maximum time elapsed. Requesting stop for the workload.
Stop requested for workload. Now Joining!
2025-02-06 11:01:13:475 61 sec: 16843 operations; 326.25 current ops/sec; est completion in 18 days [READ: Count=179, Max=36095, Min=51, Avg=3134.41, 90=13471, 99=20495, 99.9=36095, 99.99=36095] [CLEANUP: Count=1, Max=39679, Min=39648, Avg=39664, 90=39679, 99=39679, 99.9=39679, 99.99=39679] [UPDATE: Count=174, Max=20399, Min=49, Avg=2641.89, 90=12063, 99=20031, 99.9=20399, 99.99=20399] 
[OVERALL], RunTime(ms), 61128
[OVERALL], Throughput(ops/sec), 275.53657898180865
[TOTAL_GCS_Copy], Count, 2
[TOTAL_GC_TIME_Copy], Time(ms), 123
[TOTAL_GC_TIME_%_Copy], Time(%), 0.20121711817824894
[TOTAL_GCS_MarkSweepCompact], Count, 0
[TOTAL_GC_TIME_MarkSweepCompact], Time(ms), 0
[TOTAL_GC_TIME_%_MarkSweepCompact], Time(%), 0.0
[TOTAL_GCs], Count, 2
[TOTAL_GC_TIME], Time(ms), 123
[TOTAL_GC_TIME_%], Time(%), 0.20121711817824894
[READ], Operations, 8349
[READ], AverageLatency(us), 3462.470475506049
[READ], MinLatency(us), 49
[READ], MaxLatency(us), 297471
[READ], 95thPercentileLatency(us), 18975
[READ], 99thPercentileLatency(us), 31743
[READ], Return=OK, 8349
[CLEANUP], Operations, 1
[CLEANUP], AverageLatency(us), 39664.0
[CLEANUP], MinLatency(us), 39648
[CLEANUP], MaxLatency(us), 39679
[CLEANUP], 95thPercentileLatency(us), 39679
[CLEANUP], 99thPercentileLatency(us), 39679
[UPDATE], Operations, 8494
[UPDATE], AverageLatency(us), 3423.30868848599
[UPDATE], MinLatency(us), 47
[UPDATE], MaxLatency(us), 601599
[UPDATE], 95thPercentileLatency(us), 17455
[UPDATE], 99thPercentileLatency(us), 28271
[UPDATE], Return=OK, 8494
AUTOTEST_DONE
