/nix/store/2vwkssqpzykk37r996cafq7x63imf4sp-openjdk-21+35/bin/java  -classpath /nix/store/zw02np72fzsmga6s5mphhw7x8qlzf4sv-ycsb-0.17.0/share/conf:/nix/store/zw02np72fzsmga6s5mphhw7x8qlzf4sv-ycsb-0.17.0/share/lib/core-0.17.0.jar:/nix/store/zw02np72fzsmga6s5mphhw7x8qlzf4sv-ycsb-0.17.0/share/lib/HdrHistogram-2.1.4.jar:/nix/store/zw02np72fzsmga6s5mphhw7x8qlzf4sv-ycsb-0.17.0/share/lib/htrace-core4-4.1.0-incubating.jar:/nix/store/zw02np72fzsmga6s5mphhw7x8qlzf4sv-ycsb-0.17.0/share/lib/jackson-core-asl-1.9.4.jar:/nix/store/zw02np72fzsmga6s5mphhw7x8qlzf4sv-ycsb-0.17.0/share/lib/jackson-mapper-asl-1.9.4.jar:/nix/store/zw02np72fzsmga6s5mphhw7x8qlzf4sv-ycsb-0.17.0/share/redis-binding/lib/commons-pool2-2.4.2.jar:/nix/store/zw02np72fzsmga6s5mphhw7x8qlzf4sv-ycsb-0.17.0/share/redis-binding/lib/jedis-2.9.0.jar:/nix/store/zw02np72fzsmga6s5mphhw7x8qlzf4sv-ycsb-0.17.0/share/redis-binding/lib/redis-binding-0.17.0.jar site.ycsb.Client -t -db site.ycsb.db.RedisClient -s -P /home/host/vmuxIO/test/moonprogs//../../ycsb/share/workloads/workloada -p redis.host=10.1.0.2 -p redis.port=6379 -p operationcount=429496729 -p maxexecutiontime=61 -threads 1
Command line: -t -db site.ycsb.db.RedisClient -s -P /home/host/vmuxIO/test/moonprogs//../../ycsb/share/workloads/workloada -p redis.host=10.1.0.2 -p redis.port=6379 -p operationcount=429496729 -p maxexecutiontime=61 -threads 1
YCSB Client 0.17.0

Loading workload...
Starting test.
Maximum execution time specified as: 61 secs
DBWrapper: report latency for each error is false and specific error codes to track for latency are: []
2024-10-03 03:36:16:000 0 sec: 0 operations; est completion in 0 second 
2024-10-03 03:36:25:787 10 sec: 32416 operations; 3241.6 current ops/sec; est completion in 1 day 12 hours [READ: Count=16302, Max=54847, Min=116, Avg=294.86, 90=412, 99=741, 99.9=2841, 99.99=6963] [UPDATE: Count=16130, Max=11847, Min=112, Avg=296.72, 90=415, 99=944, 99.9=3439, 99.99=6287] 
2024-10-03 03:36:35:787 20 sec: 59862 operations; 2744.6 current ops/sec; est completion in 1 day 15 hours [READ: Count=13778, Max=3043, Min=178, Avg=362.77, 90=455, 99=574, 99.9=794, 99.99=2895] [UPDATE: Count=13652, Max=3729, Min=122, Avg=356.5, 90=451, 99=576, 99.9=701, 99.99=3209] 
2024-10-03 03:36:45:787 30 sec: 87381 operations; 2751.9 current ops/sec; est completion in 1 day 16 hours [READ: Count=13884, Max=9527, Min=178, Avg=364.23, 90=452, 99=559, 99.9=680, 99.99=3709] [UPDATE: Count=13635, Max=1397, Min=191, Avg=357.1, 90=449, 99=559, 99.9=647, 99.99=1350] 
2024-10-03 03:36:55:787 40 sec: 114743 operations; 2736.2 current ops/sec; est completion in 1 day 17 hours [READ: Count=13738, Max=10055, Min=193, Avg=365.29, 90=456, 99=562, 99.9=662, 99.99=2525] [UPDATE: Count=13624, Max=2971, Min=159, Avg=360.16, 90=455, 99=558, 99.9=645, 99.99=1220] 
2024-10-03 03:37:05:787 50 sec: 142118 operations; 2737.5 current ops/sec; est completion in 1 day 17 hours [READ: Count=13758, Max=6499, Min=198, Avg=366.33, 90=459, 99=562, 99.9=625, 99.99=1645] [UPDATE: Count=13617, Max=1253, Min=187, Avg=359.37, 90=452, 99=561, 99.9=653, 99.99=941] 
2024-10-03 03:37:15:787 60 sec: 170102 operations; 2798.4 current ops/sec; est completion in 1 day 18 hours [READ: Count=13877, Max=2965, Min=185, Avg=357.97, 90=450, 99=557, 99.9=653, 99.99=942] [UPDATE: Count=14107, Max=3891, Min=163, Avg=351.86, 90=444, 99=555, 99.9=640, 99.99=760] 
Maximum time elapsed. Requesting stop for the workload.
Stop requested for workload. Now Joining!
2024-10-03 03:37:16:795 61 sec: 173776 operations; 3644.84 current ops/sec; est completion in 1 day 17 hours [READ: Count=1819, Max=8839, Min=144, Avg=272.93, 90=350, 99=416, 99.9=499, 99.99=8839] [CLEANUP: Count=1, Max=1016, Min=1016, Avg=1016, 90=1016, 99=1016, 99.9=1016, 99.99=1016] [UPDATE: Count=1855, Max=560, Min=135, Avg=270.6, 90=356, 99=423, 99.9=464, 99.99=560] 
[OVERALL], RunTime(ms), 61013
[OVERALL], Throughput(ops/sec), 2848.179896087719
[TOTAL_GCS_Copy], Count, 16
[TOTAL_GC_TIME_Copy], Time(ms), 28
[TOTAL_GC_TIME_%_Copy], Time(%), 0.045891859111992526
[TOTAL_GCS_MarkSweepCompact], Count, 0
[TOTAL_GC_TIME_MarkSweepCompact], Time(ms), 0
[TOTAL_GC_TIME_%_MarkSweepCompact], Time(%), 0.0
[TOTAL_GCs], Count, 16
[TOTAL_GC_TIME], Time(ms), 28
[TOTAL_GC_TIME_%], Time(%), 0.045891859111992526
[READ], Operations, 87156
[READ], AverageLatency(us), 348.6204736334848
[READ], MinLatency(us), 116
[READ], MaxLatency(us), 54847
[READ], 95thPercentileLatency(us), 489
[READ], 99thPercentileLatency(us), 570
[READ], Return=OK, 87156
[CLEANUP], Operations, 1
[CLEANUP], AverageLatency(us), 1016.0
[CLEANUP], MinLatency(us), 1016
[CLEANUP], MaxLatency(us), 1016
[CLEANUP], 95thPercentileLatency(us), 1016
[CLEANUP], 99thPercentileLatency(us), 1016
[UPDATE], Operations, 86620
[UPDATE], AverageLatency(us), 343.89500115446776
[UPDATE], MinLatency(us), 112
[UPDATE], MaxLatency(us), 11847
[UPDATE], 95thPercentileLatency(us), 490
[UPDATE], 99thPercentileLatency(us), 572
[UPDATE], Return=OK, 86620
AUTOTEST_DONE
