/nix/store/2vwkssqpzykk37r996cafq7x63imf4sp-openjdk-21+35/bin/java  -classpath /nix/store/zw02np72fzsmga6s5mphhw7x8qlzf4sv-ycsb-0.17.0/share/conf:/nix/store/zw02np72fzsmga6s5mphhw7x8qlzf4sv-ycsb-0.17.0/share/lib/core-0.17.0.jar:/nix/store/zw02np72fzsmga6s5mphhw7x8qlzf4sv-ycsb-0.17.0/share/lib/HdrHistogram-2.1.4.jar:/nix/store/zw02np72fzsmga6s5mphhw7x8qlzf4sv-ycsb-0.17.0/share/lib/htrace-core4-4.1.0-incubating.jar:/nix/store/zw02np72fzsmga6s5mphhw7x8qlzf4sv-ycsb-0.17.0/share/lib/jackson-core-asl-1.9.4.jar:/nix/store/zw02np72fzsmga6s5mphhw7x8qlzf4sv-ycsb-0.17.0/share/lib/jackson-mapper-asl-1.9.4.jar:/nix/store/zw02np72fzsmga6s5mphhw7x8qlzf4sv-ycsb-0.17.0/share/redis-binding/lib/commons-pool2-2.4.2.jar:/nix/store/zw02np72fzsmga6s5mphhw7x8qlzf4sv-ycsb-0.17.0/share/redis-binding/lib/jedis-2.9.0.jar:/nix/store/zw02np72fzsmga6s5mphhw7x8qlzf4sv-ycsb-0.17.0/share/redis-binding/lib/redis-binding-0.17.0.jar site.ycsb.Client -t -db site.ycsb.db.RedisClient -s -P /home/host/vmuxIO/test/moonprogs//../../ycsb/share/workloads/workloada -p redis.host=10.1.0.2 -p redis.port=6379 -p operationcount=429496729 -p maxexecutiontime=61 -threads 1
Command line: -t -db site.ycsb.db.RedisClient -s -P /home/host/vmuxIO/test/moonprogs//../../ycsb/share/workloads/workloada -p redis.host=10.1.0.2 -p redis.port=6379 -p operationcount=429496729 -p maxexecutiontime=61 -threads 1
YCSB Client 0.17.0

Loading workload...
Starting test.
Maximum execution time specified as: 61 secs
DBWrapper: report latency for each error is false and specific error codes to track for latency are: []
2024-10-03 03:36:16:735 0 sec: 0 operations; est completion in 0 second 
2024-10-03 03:36:26:494 10 sec: 30580 operations; 3057.69 current ops/sec; est completion in 1 day 15 hours [READ: Count=15217, Max=62143, Min=121, Avg=314.68, 90=415, 99=818, 99.9=3423, 99.99=6847] [UPDATE: Count=15371, Max=5467, Min=118, Avg=308.97, 90=411, 99=895, 99.9=3559, 99.99=5295] 
2024-10-03 03:36:36:494 20 sec: 58581 operations; 2800.1 current ops/sec; est completion in 1 day 16 hours [READ: Count=14052, Max=8927, Min=133, Avg=355.72, 90=437, 99=537, 99.9=766, 99.99=3777] [UPDATE: Count=13941, Max=4591, Min=101, Avg=348.83, 90=432, 99=538, 99.9=664, 99.99=4007] 
2024-10-03 03:36:46:494 30 sec: 86555 operations; 2797.68 current ops/sec; est completion in 1 day 17 hours [READ: Count=13899, Max=8039, Min=137, Avg=357.94, 90=440, 99=540, 99.9=624, 99.99=3013] [UPDATE: Count=14075, Max=4255, Min=185, Avg=351.69, 90=436, 99=537, 99.9=643, 99.99=2775] 
2024-10-03 03:36:56:494 40 sec: 114431 operations; 2787.6 current ops/sec; est completion in 1 day 17 hours [READ: Count=13971, Max=5043, Min=153, Avg=359.42, 90=443, 99=554, 99.9=637, 99.99=3003] [UPDATE: Count=13905, Max=1442, Min=126, Avg=352.76, 90=438, 99=551, 99.9=652, 99.99=938] 
2024-10-03 03:37:06:494 50 sec: 142262 operations; 2783.1 current ops/sec; est completion in 1 day 17 hours [READ: Count=14071, Max=1989, Min=171, Avg=359.59, 90=446, 99=551, 99.9=620, 99.99=926] [UPDATE: Count=13760, Max=4407, Min=185, Avg=354.38, 90=442, 99=553, 99.9=629, 99.99=1254] 
2024-10-03 03:37:16:494 60 sec: 171274 operations; 2901.2 current ops/sec; est completion in 1 day 17 hours [READ: Count=14516, Max=5323, Min=114, Avg=345.17, 90=435, 99=525, 99.9=603, 99.99=1433] [UPDATE: Count=14496, Max=2907, Min=145, Avg=339.54, 90=430, 99=530, 99.9=613, 99.99=704] 
Maximum time elapsed. Requesting stop for the workload.
Stop requested for workload. Now Joining!
2024-10-03 03:37:17:504 61 sec: 175662 operations; 4340.26 current ops/sec; est completion in 1 day 17 hours [READ: Count=2179, Max=700, Min=128, Avg=227.46, 90=296, 99=370, 99.9=420, 99.99=700] [CLEANUP: Count=1, Max=924, Min=924, Avg=924, 90=924, 99=924, 99.9=924, 99.99=924] [UPDATE: Count=2209, Max=3445, Min=115, Avg=228.06, 90=295, 99=366, 99.9=429, 99.99=3445] 
[OVERALL], RunTime(ms), 61016
[OVERALL], Throughput(ops/sec), 2878.9497836633013
[TOTAL_GCS_Copy], Count, 16
[TOTAL_GC_TIME_Copy], Time(ms), 26
[TOTAL_GC_TIME_%_Copy], Time(%), 0.04261177396092829
[TOTAL_GCS_MarkSweepCompact], Count, 0
[TOTAL_GC_TIME_MarkSweepCompact], Time(ms), 0
[TOTAL_GC_TIME_%_MarkSweepCompact], Time(%), 0.0
[TOTAL_GCs], Count, 16
[TOTAL_GC_TIME], Time(ms), 26
[TOTAL_GC_TIME_%], Time(%), 0.04261177396092829
[READ], Operations, 87905
[READ], AverageLatency(us), 345.2528525112337
[READ], MinLatency(us), 114
[READ], MaxLatency(us), 62143
[READ], 95thPercentileLatency(us), 464
[READ], 99thPercentileLatency(us), 550
[READ], Return=OK, 87905
[CLEANUP], Operations, 1
[CLEANUP], AverageLatency(us), 924.0
[CLEANUP], MinLatency(us), 924
[CLEANUP], MaxLatency(us), 924
[CLEANUP], 95thPercentileLatency(us), 924
[CLEANUP], 99thPercentileLatency(us), 924
[UPDATE], Operations, 87757
[UPDATE], AverageLatency(us), 339.2259762753968
[UPDATE], MinLatency(us), 101
[UPDATE], MaxLatency(us), 5467
[UPDATE], 95thPercentileLatency(us), 463
[UPDATE], 99thPercentileLatency(us), 551
[UPDATE], Return=OK, 87757
AUTOTEST_DONE
