/nix/store/2vwkssqpzykk37r996cafq7x63imf4sp-openjdk-21+35/bin/java  -classpath /nix/store/zw02np72fzsmga6s5mphhw7x8qlzf4sv-ycsb-0.17.0/share/conf:/nix/store/zw02np72fzsmga6s5mphhw7x8qlzf4sv-ycsb-0.17.0/share/lib/core-0.17.0.jar:/nix/store/zw02np72fzsmga6s5mphhw7x8qlzf4sv-ycsb-0.17.0/share/lib/HdrHistogram-2.1.4.jar:/nix/store/zw02np72fzsmga6s5mphhw7x8qlzf4sv-ycsb-0.17.0/share/lib/htrace-core4-4.1.0-incubating.jar:/nix/store/zw02np72fzsmga6s5mphhw7x8qlzf4sv-ycsb-0.17.0/share/lib/jackson-core-asl-1.9.4.jar:/nix/store/zw02np72fzsmga6s5mphhw7x8qlzf4sv-ycsb-0.17.0/share/lib/jackson-mapper-asl-1.9.4.jar:/nix/store/zw02np72fzsmga6s5mphhw7x8qlzf4sv-ycsb-0.17.0/share/redis-binding/lib/commons-pool2-2.4.2.jar:/nix/store/zw02np72fzsmga6s5mphhw7x8qlzf4sv-ycsb-0.17.0/share/redis-binding/lib/jedis-2.9.0.jar:/nix/store/zw02np72fzsmga6s5mphhw7x8qlzf4sv-ycsb-0.17.0/share/redis-binding/lib/redis-binding-0.17.0.jar site.ycsb.Client -t -db site.ycsb.db.RedisClient -s -P /home/host/vmuxIO/test/moonprogs//../../ycsb/share/workloads/workloada -p redis.host=10.1.0.2 -p redis.port=6383 -p operationcount=429496729 -p maxexecutiontime=61 -threads 1
Command line: -t -db site.ycsb.db.RedisClient -s -P /home/host/vmuxIO/test/moonprogs//../../ycsb/share/workloads/workloada -p redis.host=10.1.0.2 -p redis.port=6383 -p operationcount=429496729 -p maxexecutiontime=61 -threads 1
YCSB Client 0.17.0

Loading workload...
Starting test.
Maximum execution time specified as: 61 secs
DBWrapper: report latency for each error is false and specific error codes to track for latency are: []
2024-08-21 19:43:44:094 0 sec: 0 operations; est completion in 0 second 
2024-08-21 19:43:53:856 10 sec: 53265 operations; 5326.5 current ops/sec; est completion in 22 hours 23 minutes [READ: Count=26805, Max=60863, Min=102, Avg=181.08, 90=236, 99=360, 99.9=1628, 99.99=6007] [UPDATE: Count=26485, Max=12359, Min=103, Avg=175.29, 90=229, 99=356, 99.9=1697, 99.99=6635] 
2024-08-21 19:44:03:856 20 sec: 112068 operations; 5879.71 current ops/sec; est completion in 21 hours 17 minutes [READ: Count=29638, Max=9351, Min=100, Avg=169.99, 90=216, 99=309, 99.9=515, 99.99=3055] [UPDATE: Count=29140, Max=5223, Min=97, Avg=164.28, 90=210, 99=302, 99.9=492, 99.99=1454] 
2024-08-21 19:44:13:856 30 sec: 170156 operations; 5809.38 current ops/sec; est completion in 21 hours 1 minute [READ: Count=28860, Max=6275, Min=101, Avg=172.55, 90=223, 99=315, 99.9=457, 99.99=998] [UPDATE: Count=29228, Max=4163, Min=100, Avg=167.43, 90=219, 99=305, 99.9=429, 99.99=1157] 
2024-08-21 19:44:23:856 40 sec: 228004 operations; 5784.8 current ops/sec; est completion in 20 hours 55 minutes [READ: Count=28949, Max=4065, Min=100, Avg=173.09, 90=227, 99=318, 99.9=453, 99.99=737] [UPDATE: Count=28899, Max=2793, Min=100, Avg=168.14, 90=221, 99=315, 99.9=432, 99.99=706] 
2024-08-21 19:44:33:856 50 sec: 287679 operations; 5967.5 current ops/sec; est completion in 20 hours 43 minutes [READ: Count=29825, Max=4451, Min=103, Avg=167.74, 90=214, 99=299, 99.9=415, 99.99=580] [UPDATE: Count=29850, Max=2195, Min=95, Avg=163.12, 90=211, 99=296, 99.9=414, 99.99=636] 
2024-08-21 19:44:43:856 60 sec: 346674 operations; 5899.5 current ops/sec; est completion in 20 hours 37 minutes [READ: Count=29553, Max=3617, Min=95, Avg=170.11, 90=221, 99=312, 99.9=435, 99.99=703] [UPDATE: Count=29442, Max=1554, Min=92, Avg=164.63, 90=215, 99=313, 99.9=429, 99.99=516] 
Maximum time elapsed. Requesting stop for the workload.
Stop requested for workload. Now Joining!
2024-08-21 19:44:44:871 61 sec: 352462 operations; 5702.46 current ops/sec; est completion in 20 hours 38 minutes [READ: Count=2919, Max=501, Min=97, Avg=174.93, 90=244, 99=396, 99.9=443, 99.99=501] [CLEANUP: Count=1, Max=897, Min=897, Avg=897, 90=897, 99=897, 99.9=897, 99.99=897] [UPDATE: Count=2869, Max=5455, Min=94, Avg=170.78, 90=238, 99=389, 99.9=556, 99.99=5455] 
[OVERALL], RunTime(ms), 61019
[OVERALL], Throughput(ops/sec), 5776.2664088234815
[TOTAL_GCS_Copy], Count, 32
[TOTAL_GC_TIME_Copy], Time(ms), 24
[TOTAL_GC_TIME_%_Copy], Time(%), 0.03933201134072994
[TOTAL_GCS_MarkSweepCompact], Count, 0
[TOTAL_GC_TIME_MarkSweepCompact], Time(ms), 0
[TOTAL_GC_TIME_%_MarkSweepCompact], Time(%), 0.0
[TOTAL_GCs], Count, 32
[TOTAL_GC_TIME], Time(ms), 24
[TOTAL_GC_TIME_%], Time(%), 0.03933201134072994
[READ], Operations, 176549
[READ], AverageLatency(us), 172.3231170949708
[READ], MinLatency(us), 95
[READ], MaxLatency(us), 60863
[READ], 95thPercentileLatency(us), 255
[READ], 99thPercentileLatency(us), 321
[READ], Return=OK, 176549
[CLEANUP], Operations, 1
[CLEANUP], AverageLatency(us), 897.0
[CLEANUP], MinLatency(us), 897
[CLEANUP], MaxLatency(us), 897
[CLEANUP], 95thPercentileLatency(us), 897
[CLEANUP], 99thPercentileLatency(us), 897
[UPDATE], Operations, 175913
[UPDATE], AverageLatency(us), 167.0634575045619
[UPDATE], MinLatency(us), 92
[UPDATE], MaxLatency(us), 12359
[UPDATE], 95thPercentileLatency(us), 250
[UPDATE], 99thPercentileLatency(us), 315
[UPDATE], Return=OK, 175913
AUTOTEST_DONE
