/nix/store/2vwkssqpzykk37r996cafq7x63imf4sp-openjdk-21+35/bin/java  -classpath /nix/store/zw02np72fzsmga6s5mphhw7x8qlzf4sv-ycsb-0.17.0/share/conf:/nix/store/zw02np72fzsmga6s5mphhw7x8qlzf4sv-ycsb-0.17.0/share/lib/core-0.17.0.jar:/nix/store/zw02np72fzsmga6s5mphhw7x8qlzf4sv-ycsb-0.17.0/share/lib/HdrHistogram-2.1.4.jar:/nix/store/zw02np72fzsmga6s5mphhw7x8qlzf4sv-ycsb-0.17.0/share/lib/htrace-core4-4.1.0-incubating.jar:/nix/store/zw02np72fzsmga6s5mphhw7x8qlzf4sv-ycsb-0.17.0/share/lib/jackson-core-asl-1.9.4.jar:/nix/store/zw02np72fzsmga6s5mphhw7x8qlzf4sv-ycsb-0.17.0/share/lib/jackson-mapper-asl-1.9.4.jar:/nix/store/zw02np72fzsmga6s5mphhw7x8qlzf4sv-ycsb-0.17.0/share/redis-binding/lib/commons-pool2-2.4.2.jar:/nix/store/zw02np72fzsmga6s5mphhw7x8qlzf4sv-ycsb-0.17.0/share/redis-binding/lib/jedis-2.9.0.jar:/nix/store/zw02np72fzsmga6s5mphhw7x8qlzf4sv-ycsb-0.17.0/share/redis-binding/lib/redis-binding-0.17.0.jar site.ycsb.Client -t -db site.ycsb.db.RedisClient -s -P /home/host/vmuxIO/test/moonprogs//../../ycsb/share/workloads/workloada -p redis.host=10.1.0.2 -p redis.port=6379 -p operationcount=429496729 -p maxexecutiontime=61 -threads 1
Command line: -t -db site.ycsb.db.RedisClient -s -P /home/host/vmuxIO/test/moonprogs//../../ycsb/share/workloads/workloada -p redis.host=10.1.0.2 -p redis.port=6379 -p operationcount=429496729 -p maxexecutiontime=61 -threads 1
YCSB Client 0.17.0

Loading workload...
Starting test.
Maximum execution time specified as: 61 secs
DBWrapper: report latency for each error is false and specific error codes to track for latency are: []
2024-10-03 14:53:44:952 0 sec: 0 operations; est completion in 0 second 
2024-10-03 14:53:54:703 10 sec: 42324 operations; 4232.4 current ops/sec; est completion in 1 day 4 hours [READ: Count=20953, Max=67007, Min=111, Avg=226.32, 90=287, 99=494, 99.9=2137, 99.99=7131] [UPDATE: Count=21412, Max=6619, Min=104, Avg=222.03, 90=284, 99=569, 99.9=2339, 99.99=4587] 
2024-10-03 14:54:04:702 20 sec: 87703 operations; 4537.9 current ops/sec; est completion in 1 day 3 hours [READ: Count=22618, Max=6907, Min=110, Avg=218.58, 90=285, 99=461, 99.9=705, 99.99=2229] [UPDATE: Count=22720, Max=3179, Min=104, Avg=215.06, 90=280, 99=452, 99.9=722, 99.99=2193] 
2024-10-03 14:54:14:702 30 sec: 132820 operations; 4511.7 current ops/sec; est completion in 1 day 2 hours [READ: Count=22483, Max=11735, Min=115, Avg=221.13, 90=289, 99=444, 99.9=601, 99.99=805] [UPDATE: Count=22634, Max=1843, Min=116, Avg=216.62, 90=283, 99=448, 99.9=595, 99.99=999] 
2024-10-03 14:54:24:702 40 sec: 179082 operations; 4626.2 current ops/sec; est completion in 1 day 2 hours [READ: Count=23006, Max=1090, Min=110, Avg=215.29, 90=280, 99=441, 99.9=586, 99.99=837] [UPDATE: Count=23256, Max=8695, Min=110, Avg=212.07, 90=274, 99=440, 99.9=565, 99.99=831] 
2024-10-03 14:54:34:702 50 sec: 224631 operations; 4554.9 current ops/sec; est completion in 1 day 2 hours [READ: Count=22896, Max=4791, Min=116, Avg=218.99, 90=284, 99=448, 99.9=605, 99.99=909] [UPDATE: Count=22653, Max=1564, Min=114, Avg=215.14, 90=280, 99=445, 99.9=573, 99.99=827] 
2024-10-03 14:54:44:702 60 sec: 288344 operations; 6371.3 current ops/sec; est completion in 1 day [READ: Count=31768, Max=4523, Min=76, Avg=156, 90=236, 99=378, 99.9=517, 99.99=765] [UPDATE: Count=31945, Max=2679, Min=74, Avg=153.82, 90=233, 99=387, 99.9=546, 99.99=765] 
Maximum time elapsed. Requesting stop for the workload.
Stop requested for workload. Now Joining!
2024-10-03 14:54:45:713 61 sec: 298216 operations; 9764.59 current ops/sec; est completion in 1 day [READ: Count=4876, Max=4903, Min=73, Avg=101.75, 90=124, 99=147, 99.9=236, 99.99=4903] [CLEANUP: Count=1, Max=877, Min=877, Avg=877, 90=877, 99=877, 99.9=877, 99.99=877] [UPDATE: Count=4996, Max=4799, Min=70, Avg=99.35, 90=121, 99=149, 99.9=235, 99.99=4799] 
[OVERALL], RunTime(ms), 61018
[OVERALL], Throughput(ops/sec), 4887.34471795208
[TOTAL_GCS_Copy], Count, 27
[TOTAL_GC_TIME_Copy], Time(ms), 27
[TOTAL_GC_TIME_%_Copy], Time(%), 0.044249237929791206
[TOTAL_GCS_MarkSweepCompact], Count, 0
[TOTAL_GC_TIME_MarkSweepCompact], Time(ms), 0
[TOTAL_GC_TIME_%_MarkSweepCompact], Time(%), 0.0
[TOTAL_GCs], Count, 27
[TOTAL_GC_TIME], Time(ms), 27
[TOTAL_GC_TIME_%], Time(%), 0.044249237929791206
[READ], Operations, 148600
[READ], AverageLatency(us), 202.39743606998655
[READ], MinLatency(us), 73
[READ], MaxLatency(us), 67007
[READ], 95thPercentileLatency(us), 320
[READ], 99thPercentileLatency(us), 442
[READ], Return=OK, 148600
[CLEANUP], Operations, 1
[CLEANUP], AverageLatency(us), 877.0
[CLEANUP], MinLatency(us), 877
[CLEANUP], MaxLatency(us), 877
[CLEANUP], 95thPercentileLatency(us), 877
[CLEANUP], 99thPercentileLatency(us), 877
[UPDATE], Operations, 149616
[UPDATE], AverageLatency(us), 198.90114025237943
[UPDATE], MinLatency(us), 70
[UPDATE], MaxLatency(us), 8695
[UPDATE], 95thPercentileLatency(us), 317
[UPDATE], 99thPercentileLatency(us), 443
[UPDATE], Return=OK, 149616
AUTOTEST_DONE
