/nix/store/2vwkssqpzykk37r996cafq7x63imf4sp-openjdk-21+35/bin/java  -classpath /nix/store/zw02np72fzsmga6s5mphhw7x8qlzf4sv-ycsb-0.17.0/share/conf:/nix/store/zw02np72fzsmga6s5mphhw7x8qlzf4sv-ycsb-0.17.0/share/lib/core-0.17.0.jar:/nix/store/zw02np72fzsmga6s5mphhw7x8qlzf4sv-ycsb-0.17.0/share/lib/HdrHistogram-2.1.4.jar:/nix/store/zw02np72fzsmga6s5mphhw7x8qlzf4sv-ycsb-0.17.0/share/lib/htrace-core4-4.1.0-incubating.jar:/nix/store/zw02np72fzsmga6s5mphhw7x8qlzf4sv-ycsb-0.17.0/share/lib/jackson-core-asl-1.9.4.jar:/nix/store/zw02np72fzsmga6s5mphhw7x8qlzf4sv-ycsb-0.17.0/share/lib/jackson-mapper-asl-1.9.4.jar:/nix/store/zw02np72fzsmga6s5mphhw7x8qlzf4sv-ycsb-0.17.0/share/redis-binding/lib/commons-pool2-2.4.2.jar:/nix/store/zw02np72fzsmga6s5mphhw7x8qlzf4sv-ycsb-0.17.0/share/redis-binding/lib/jedis-2.9.0.jar:/nix/store/zw02np72fzsmga6s5mphhw7x8qlzf4sv-ycsb-0.17.0/share/redis-binding/lib/redis-binding-0.17.0.jar site.ycsb.Client -t -db site.ycsb.db.RedisClient -s -P /home/host/vmuxIO/test/moonprogs//../../ycsb/share/workloads/workloada -p redis.host=10.1.0.2 -p redis.port=6386 -p operationcount=429496729 -p maxexecutiontime=61 -threads 1
Command line: -t -db site.ycsb.db.RedisClient -s -P /home/host/vmuxIO/test/moonprogs//../../ycsb/share/workloads/workloada -p redis.host=10.1.0.2 -p redis.port=6386 -p operationcount=429496729 -p maxexecutiontime=61 -threads 1
YCSB Client 0.17.0

Loading workload...
Starting test.
Maximum execution time specified as: 61 secs
DBWrapper: report latency for each error is false and specific error codes to track for latency are: []
2025-04-18 14:20:39:347 0 sec: 0 operations; est completion in 0 second 
2025-04-18 14:20:49:152 10 sec: 44058 operations; 4405.8 current ops/sec; est completion in 1 day 3 hours [READ: Count=22138, Max=60991, Min=80, Avg=215.15, 90=343, 99=1051, 99.9=3403, 99.99=6187] [UPDATE: Count=21936, Max=8655, Min=81, Avg=216.9, 90=344, 99=1099, 99.9=3931, 99.99=5887] 
2025-04-18 14:20:59:152 20 sec: 87759 operations; 4370.1 current ops/sec; est completion in 1 day 3 hours [READ: Count=21702, Max=17679, Min=87, Avg=226.98, 90=366, 99=528, 99.9=870, 99.99=3497] [UPDATE: Count=21983, Max=3765, Min=84, Avg=224.4, 90=367, 99=523, 99.9=772, 99.99=3267] 
2025-04-18 14:21:09:151 30 sec: 137461 operations; 4970.2 current ops/sec; est completion in 1 day 2 hours [READ: Count=24954, Max=4299, Min=86, Avg=199.41, 90=321, 99=489, 99.9=825, 99.99=3591] [UPDATE: Count=24748, Max=21055, Min=84, Avg=198.69, 90=322, 99=486, 99.9=740, 99.99=3611] 
2025-04-18 14:21:19:151 40 sec: 189789 operations; 5232.8 current ops/sec; est completion in 1 day 1 hour [READ: Count=26192, Max=3249, Min=85, Avg=188.73, 90=313, 99=493, 99.9=717, 99.99=1138] [UPDATE: Count=26136, Max=4995, Min=86, Avg=189.11, 90=316, 99=487, 99.9=697, 99.99=3869] 
2025-04-18 14:21:29:151 50 sec: 232470 operations; 4268.1 current ops/sec; est completion in 1 day 1 hour [READ: Count=21346, Max=2111, Min=92, Avg=232.05, 90=416, 99=696, 99.9=978, 99.99=1205] [UPDATE: Count=21335, Max=6623, Min=86, Avg=232.17, 90=420, 99=704, 99.9=1048, 99.99=3785] 
2025-04-18 14:21:39:151 60 sec: 295075 operations; 6260.5 current ops/sec; est completion in 1 day [READ: Count=31326, Max=7335, Min=85, Avg=158.57, 90=227, 99=369, 99.9=516, 99.99=903] [UPDATE: Count=31279, Max=4115, Min=79, Avg=157.31, 90=230, 99=368, 99.9=522, 99.99=951] 
Maximum time elapsed. Requesting stop for the workload.
Stop requested for workload. Now Joining!
2025-04-18 14:21:40:171 61 sec: 302043 operations; 6831.37 current ops/sec; est completion in 1 day [READ: Count=3499, Max=767, Min=85, Avg=144.4, 90=190, 99=267, 99.9=377, 99.99=767] [CLEANUP: Count=1, Max=1333, Min=1333, Avg=1333, 90=1333, 99=1333, 99.9=1333, 99.99=1333] [UPDATE: Count=3469, Max=7083, Min=83, Avg=144.06, 90=188, 99=271, 99.9=373, 99.99=7083] 
[OVERALL], RunTime(ms), 61025
[OVERALL], Throughput(ops/sec), 4949.496108152396
[TOTAL_GCS_Copy], Count, 28
[TOTAL_GC_TIME_Copy], Time(ms), 23
[TOTAL_GC_TIME_%_Copy], Time(%), 0.03768947152806227
[TOTAL_GCS_MarkSweepCompact], Count, 0
[TOTAL_GC_TIME_MarkSweepCompact], Time(ms), 0
[TOTAL_GC_TIME_%_MarkSweepCompact], Time(%), 0.0
[TOTAL_GCs], Count, 28
[TOTAL_GC_TIME], Time(ms), 23
[TOTAL_GC_TIME_%], Time(%), 0.03768947152806227
[READ], Operations, 151157
[READ], AverageLatency(us), 198.6950257017538
[READ], MinLatency(us), 80
[READ], MaxLatency(us), 60991
[READ], 95thPercentileLatency(us), 397
[READ], 99thPercentileLatency(us), 577
[READ], Return=OK, 151157
[CLEANUP], Operations, 1
[CLEANUP], AverageLatency(us), 1333.0
[CLEANUP], MinLatency(us), 1333
[CLEANUP], MaxLatency(us), 1333
[CLEANUP], 95thPercentileLatency(us), 1333
[CLEANUP], 99thPercentileLatency(us), 1333
[UPDATE], Operations, 150886
[UPDATE], AverageLatency(us), 198.32270058189627
[UPDATE], MinLatency(us), 79
[UPDATE], MaxLatency(us), 21055
[UPDATE], 95thPercentileLatency(us), 400
[UPDATE], 99thPercentileLatency(us), 576
[UPDATE], Return=OK, 150886
AUTOTEST_DONE
