/nix/store/2vwkssqpzykk37r996cafq7x63imf4sp-openjdk-21+35/bin/java  -classpath /nix/store/zw02np72fzsmga6s5mphhw7x8qlzf4sv-ycsb-0.17.0/share/conf:/nix/store/zw02np72fzsmga6s5mphhw7x8qlzf4sv-ycsb-0.17.0/share/lib/core-0.17.0.jar:/nix/store/zw02np72fzsmga6s5mphhw7x8qlzf4sv-ycsb-0.17.0/share/lib/HdrHistogram-2.1.4.jar:/nix/store/zw02np72fzsmga6s5mphhw7x8qlzf4sv-ycsb-0.17.0/share/lib/htrace-core4-4.1.0-incubating.jar:/nix/store/zw02np72fzsmga6s5mphhw7x8qlzf4sv-ycsb-0.17.0/share/lib/jackson-core-asl-1.9.4.jar:/nix/store/zw02np72fzsmga6s5mphhw7x8qlzf4sv-ycsb-0.17.0/share/lib/jackson-mapper-asl-1.9.4.jar:/nix/store/zw02np72fzsmga6s5mphhw7x8qlzf4sv-ycsb-0.17.0/share/redis-binding/lib/commons-pool2-2.4.2.jar:/nix/store/zw02np72fzsmga6s5mphhw7x8qlzf4sv-ycsb-0.17.0/share/redis-binding/lib/jedis-2.9.0.jar:/nix/store/zw02np72fzsmga6s5mphhw7x8qlzf4sv-ycsb-0.17.0/share/redis-binding/lib/redis-binding-0.17.0.jar site.ycsb.Client -t -db site.ycsb.db.RedisClient -s -P /home/host/vmuxIO/test/moonprogs//../../ycsb/share/workloads/workloada -p redis.host=10.1.0.2 -p redis.port=6385 -p operationcount=429496729 -p maxexecutiontime=61 -threads 1
Command line: -t -db site.ycsb.db.RedisClient -s -P /home/host/vmuxIO/test/moonprogs//../../ycsb/share/workloads/workloada -p redis.host=10.1.0.2 -p redis.port=6385 -p operationcount=429496729 -p maxexecutiontime=61 -threads 1
YCSB Client 0.17.0

Loading workload...
Starting test.
Maximum execution time specified as: 61 secs
DBWrapper: report latency for each error is false and specific error codes to track for latency are: []
2025-04-18 14:20:41:973 0 sec: 0 operations; est completion in 0 second 
2025-04-18 14:20:51:699 10 sec: 42195 operations; 4219.5 current ops/sec; est completion in 1 day 4 hours [READ: Count=21115, Max=79807, Min=84, Avg=226.38, 90=324, 99=852, 99.9=4079, 99.99=16751] [UPDATE: Count=21099, Max=12455, Min=81, Avg=222.02, 90=325, 99=875, 99.9=3789, 99.99=9367] 
2025-04-18 14:21:01:699 20 sec: 85457 operations; 4326.2 current ops/sec; est completion in 1 day 3 hours [READ: Count=21570, Max=4107, Min=87, Avg=227.01, 90=376, 99=515, 99.9=849, 99.99=3923] [UPDATE: Count=21673, Max=4099, Min=84, Avg=228.43, 90=383, 99=533, 99.9=918, 99.99=3621] 
2025-04-18 14:21:11:699 30 sec: 124605 operations; 3914.8 current ops/sec; est completion in 1 day 4 hours [READ: Count=19587, Max=15175, Min=95, Avg=252.5, 90=408, 99=562, 99.9=1080, 99.99=3739] [UPDATE: Count=19561, Max=4823, Min=88, Avg=253.27, 90=410, 99=564, 99.9=1260, 99.99=3873] 
2025-04-18 14:21:21:699 40 sec: 158358 operations; 3375.3 current ops/sec; est completion in 1 day 6 hours [READ: Count=17099, Max=6615, Min=103, Avg=293.76, 90=443, 99=654, 99.9=936, 99.99=2595] [UPDATE: Count=16654, Max=11831, Min=90, Avg=292.45, 90=441, 99=659, 99.9=964, 99.99=1548] 
2025-04-18 14:21:31:699 50 sec: 212911 operations; 5455.3 current ops/sec; est completion in 1 day 4 hours [READ: Count=27299, Max=4363, Min=89, Avg=182.07, 90=285, 99=653, 99.9=907, 99.99=1127] [UPDATE: Count=27254, Max=14383, Min=89, Avg=180.66, 90=280, 99=643, 99.9=973, 99.99=1768] 
2025-04-18 14:21:41:699 60 sec: 284822 operations; 7191.1 current ops/sec; est completion in 1 day 1 hour [READ: Count=35802, Max=6359, Min=77, Avg=138.45, 90=173, 99=287, 99.9=415, 99.99=597] [UPDATE: Count=36109, Max=903, Min=77, Avg=136.25, 90=170, 99=288, 99.9=405, 99.99=671] 
Maximum time elapsed. Requesting stop for the workload.
Stop requested for workload. Now Joining!
2025-04-18 14:21:42:720 61 sec: 294081 operations; 9068.56 current ops/sec; est completion in 1 day [READ: Count=4575, Max=6683, Min=79, Avg=109.83, 90=134, 99=187, 99.9=348, 99.99=6683] [CLEANUP: Count=1, Max=1000, Min=1000, Avg=1000, 90=1000, 99=1000, 99.9=1000, 99.99=1000] [UPDATE: Count=4684, Max=1369, Min=77, Avg=107.38, 90=134, 99=191, 99.9=345, 99.99=1369] 
[OVERALL], RunTime(ms), 61031
[OVERALL], Throughput(ops/sec), 4818.551228064426
[TOTAL_GCS_Copy], Count, 27
[TOTAL_GC_TIME_Copy], Time(ms), 23
[TOTAL_GC_TIME_%_Copy], Time(%), 0.03768576624993856
[TOTAL_GCS_MarkSweepCompact], Count, 0
[TOTAL_GC_TIME_MarkSweepCompact], Time(ms), 0
[TOTAL_GC_TIME_%_MarkSweepCompact], Time(%), 0.0
[TOTAL_GCs], Count, 27
[TOTAL_GC_TIME], Time(ms), 23
[TOTAL_GC_TIME_%], Time(%), 0.03768576624993856
[READ], Operations, 147047
[READ], AverageLatency(us), 204.52446496698334
[READ], MinLatency(us), 77
[READ], MaxLatency(us), 79807
[READ], 95thPercentileLatency(us), 424
[READ], 99thPercentileLatency(us), 590
[READ], Return=OK, 147047
[CLEANUP], Operations, 1
[CLEANUP], AverageLatency(us), 1000.0
[CLEANUP], MinLatency(us), 1000
[CLEANUP], MaxLatency(us), 1000
[CLEANUP], 95thPercentileLatency(us), 1000
[CLEANUP], 99thPercentileLatency(us), 1000
[UPDATE], Operations, 147034
[UPDATE], AverageLatency(us), 202.71819443121998
[UPDATE], MinLatency(us), 77
[UPDATE], MaxLatency(us), 14383
[UPDATE], 95thPercentileLatency(us), 426
[UPDATE], 99thPercentileLatency(us), 592
[UPDATE], Return=OK, 147034
AUTOTEST_DONE
