[1;37m[INFO]  Initializing DPDK. This will take a few seconds...[0m
EAL: Probing VFIO support...
EAL: PCI device 0000:20:00.0 on NUMA socket 0
EAL:   probe driver: 8086:1521 net_e1000_igb
EAL: PCI device 0000:20:00.1 on NUMA socket 0
EAL:   probe driver: 8086:1521 net_e1000_igb
EAL: PCI device 0000:b0:00.0 on NUMA socket 1
EAL:   probe driver: 8086:10fb net_ixgbe
[1;37m[INFO]  Found 2 usable devices:[0m
   Device 0: 08:9E:01:9B:21:1F ([0;32mIntel Corporation I350 Gigabit Network Connection[0m)
   Device 1: 64:9D:99:B1:0B:62 ([0;32mIntel Corporation 82599ES 10-Gigabit SFI/SFP+ Network Connection[0m)
PMD: ixgbe_dev_link_status_print():  Port 1: Link Down
[1;37m[INFO]  Waiting for devices to come up...[0m
[1;37m[INFO]  Device 1 (64:9D:99:B1:0B:62) is up: 10000 MBit/s[0m
[1;37m[INFO]  [0;32m1 device is up.[0m[0m
[1;36m[Device: id=1] RX[0m: 9.86 Mpps, 5365 Mbit/s (6943 Mbit/s with framing)
[0;34m[Device: id=1] TX[0m: 9.87 Mpps, 5052 Mbit/s (6631 Mbit/s with framing)
[1;36m[Device: id=1] RX[0m: 9.99 Mpps, 5435 Mbit/s (7033 Mbit/s with framing)
[0;34m[Device: id=1] TX[0m: 9.99 Mpps, 5115 Mbit/s (6714 Mbit/s with framing)
[1;36m[Device: id=1] RX[0m: 10.00 Mpps, 5439 Mbit/s (7039 Mbit/s with framing)
[0;34m[Device: id=1] TX[0m: 10.00 Mpps, 5119 Mbit/s (6719 Mbit/s with framing)
[1;36m[Device: id=1] RX[0m: 10.00 Mpps, 5439 Mbit/s (7039 Mbit/s with framing)
[0;34m[Device: id=1] TX[0m: 10.00 Mpps, 5119 Mbit/s (6719 Mbit/s with framing)
[1;36m[Device: id=1] RX[0m: 10.00 Mpps, 5438 Mbit/s (7037 Mbit/s with framing)
[0;34m[Device: id=1] TX[0m: 10.00 Mpps, 5118 Mbit/s (6717 Mbit/s with framing)
[1;36m[Device: id=1] RX[0m: 10.00 Mpps, 5439 Mbit/s (7039 Mbit/s with framing)
[0;34m[Device: id=1] TX[0m: 10.00 Mpps, 5120 Mbit/s (6719 Mbit/s with framing)
[1;36m[Device: id=1] RX[0m: 10.00 Mpps, 5438 Mbit/s (7037 Mbit/s with framing)
[0;34m[Device: id=1] TX[0m: 10.00 Mpps, 5118 Mbit/s (6717 Mbit/s with framing)
[1;36m[Device: id=1] RX[0m: 10.00 Mpps, 5439 Mbit/s (7039 Mbit/s with framing)
[0;34m[Device: id=1] TX[0m: 10.00 Mpps, 5119 Mbit/s (6719 Mbit/s with framing)
[1;36m[Device: id=1] RX[0m: 10.00 Mpps, 5440 Mbit/s (7040 Mbit/s with framing)
[0;34m[Device: id=1] TX[0m: 10.00 Mpps, 5120 Mbit/s (6720 Mbit/s with framing)
[1;36m[Device: id=1] RX[0m: 10.00 Mpps, 5440 Mbit/s (7039 Mbit/s with framing)
[0;34m[Device: id=1] TX[0m: 10.00 Mpps, 5120 Mbit/s (6719 Mbit/s with framing)
[1;36m[Device: id=1] RX[0m: 10.00 Mpps, 5438 Mbit/s (7037 Mbit/s with framing)
[0;34m[Device: id=1] TX[0m: 10.00 Mpps, 5118 Mbit/s (6717 Mbit/s with framing)
[1;36m[Device: id=1] RX[0m: 10.00 Mpps, 5439 Mbit/s (7039 Mbit/s with framing)
[0;34m[Device: id=1] TX[0m: 10.00 Mpps, 5119 Mbit/s (6719 Mbit/s with framing)
[1;36m[Device: id=1] RX[0m: 10.00 Mpps, 5440 Mbit/s (7040 Mbit/s with framing)
[0;34m[Device: id=1] TX[0m: 10.00 Mpps, 5120 Mbit/s (6720 Mbit/s with framing)
[1;36m[Device: id=1] RX[0m: 10.00 Mpps, 5439 Mbit/s (7039 Mbit/s with framing)
[0;34m[Device: id=1] TX[0m: 10.00 Mpps, 5120 Mbit/s (6719 Mbit/s with framing)
[1;36m[Device: id=1] RX[0m: 10.00 Mpps, 5437 Mbit/s (7037 Mbit/s with framing)
[0;34m[Device: id=1] TX[0m: 10.00 Mpps, 5117 Mbit/s (6717 Mbit/s with framing)
[1;36m[Device: id=1] RX[0m: 10.00 Mpps, 5439 Mbit/s (7038 Mbit/s with framing)
[0;34m[Device: id=1] TX[0m: 10.00 Mpps, 5119 Mbit/s (6719 Mbit/s with framing)
[1;36m[Device: id=1] RX[0m: 10.00 Mpps, 5439 Mbit/s (7039 Mbit/s with framing)
[0;34m[Device: id=1] TX[0m: 10.00 Mpps, 5120 Mbit/s (6719 Mbit/s with framing)
[1;36m[Device: id=1] RX[0m: 10.00 Mpps, 5440 Mbit/s (7039 Mbit/s with framing)
[0;34m[Device: id=1] TX[0m: 10.00 Mpps, 5119 Mbit/s (6719 Mbit/s with framing)
[1;36m[Device: id=1] RX[0m: 10.00 Mpps, 5439 Mbit/s (7039 Mbit/s with framing)
[0;34m[Device: id=1] TX[0m: 10.00 Mpps, 5120 Mbit/s (6719 Mbit/s with framing)
[1;36m[Device: id=1] RX[0m: 10.00 Mpps, 5439 Mbit/s (7039 Mbit/s with framing)
[0;34m[Device: id=1] TX[0m: 10.00 Mpps, 5119 Mbit/s (6718 Mbit/s with framing)
[1;36m[Device: id=1] RX[0m: 10.00 Mpps, 5439 Mbit/s (7039 Mbit/s with framing)
[0;34m[Device: id=1] TX[0m: 10.00 Mpps, 5119 Mbit/s (6719 Mbit/s with framing)
[1;36m[Device: id=1] RX[0m: 10.00 Mpps, 5439 Mbit/s (7039 Mbit/s with framing)
[0;34m[Device: id=1] TX[0m: 10.00 Mpps, 5120 Mbit/s (6719 Mbit/s with framing)
[1;36m[Device: id=1] RX[0m: 10.00 Mpps, 5439 Mbit/s (7039 Mbit/s with framing)
[0;34m[Device: id=1] TX[0m: 10.00 Mpps, 5119 Mbit/s (6719 Mbit/s with framing)
[1;36m[Device: id=1] RX[0m: 10.00 Mpps, 5439 Mbit/s (7039 Mbit/s with framing)
[0;34m[Device: id=1] TX[0m: 10.00 Mpps, 5119 Mbit/s (6719 Mbit/s with framing)
[1;36m[Device: id=1] RX[0m: 10.00 Mpps, 5440 Mbit/s (7040 Mbit/s with framing)
[0;34m[Device: id=1] TX[0m: 10.00 Mpps, 5120 Mbit/s (6720 Mbit/s with framing)
[1;36m[Device: id=1] RX[0m: 10.00 Mpps, 5439 Mbit/s (7039 Mbit/s with framing)
[0;34m[Device: id=1] TX[0m: 10.00 Mpps, 5119 Mbit/s (6719 Mbit/s with framing)
[1;36m[Device: id=1] RX[0m: 10.00 Mpps, 5440 Mbit/s (7040 Mbit/s with framing)
[0;34m[Device: id=1] TX[0m: 10.00 Mpps, 5120 Mbit/s (6720 Mbit/s with framing)
[1;36m[Device: id=1] RX[0m: 9.99 Mpps, 5433 Mbit/s (7032 Mbit/s with framing)
[0;34m[Device: id=1] TX[0m: 9.99 Mpps, 5114 Mbit/s (6712 Mbit/s with framing)
[1;36m[Device: id=1] RX[0m: 9.99 Mpps, 5434 Mbit/s (7033 Mbit/s with framing)
[0;34m[Device: id=1] TX[0m: 9.99 Mpps, 5115 Mbit/s (6713 Mbit/s with framing)
[1;33m[WARN]  Failed to timestamp packet on transmission[0m
Samples: 12449, Average: 7155.0 ns, StdDev: 614.9 ns, Quartiles: 6899.0/7117.0/7334.0 ns
[1;37m[INFO]  Saving histogram to 'histogram.csv'[0m
[1;36m[Device: id=1] RX[0m: 10.00 (StdDev 0.00) Mpps, 5439 (StdDev 2) Mbit/s (7038 Mbit/s with framing), total 299067621 packets with 20336598228 bytes (incl. CRC)
[0;34m[Device: id=1] TX[0m: 10.00 (StdDev 0.00) Mpps, 5119 (StdDev 2) Mbit/s (6718 Mbit/s with framing), total 299068741 packets with 19140399424 bytes (incl. CRC)
