/nix/store/2vwkssqpzykk37r996cafq7x63imf4sp-openjdk-21+35/bin/java  -classpath /nix/store/zw02np72fzsmga6s5mphhw7x8qlzf4sv-ycsb-0.17.0/share/conf:/nix/store/zw02np72fzsmga6s5mphhw7x8qlzf4sv-ycsb-0.17.0/share/lib/core-0.17.0.jar:/nix/store/zw02np72fzsmga6s5mphhw7x8qlzf4sv-ycsb-0.17.0/share/lib/HdrHistogram-2.1.4.jar:/nix/store/zw02np72fzsmga6s5mphhw7x8qlzf4sv-ycsb-0.17.0/share/lib/htrace-core4-4.1.0-incubating.jar:/nix/store/zw02np72fzsmga6s5mphhw7x8qlzf4sv-ycsb-0.17.0/share/lib/jackson-core-asl-1.9.4.jar:/nix/store/zw02np72fzsmga6s5mphhw7x8qlzf4sv-ycsb-0.17.0/share/lib/jackson-mapper-asl-1.9.4.jar:/nix/store/zw02np72fzsmga6s5mphhw7x8qlzf4sv-ycsb-0.17.0/share/redis-binding/lib/commons-pool2-2.4.2.jar:/nix/store/zw02np72fzsmga6s5mphhw7x8qlzf4sv-ycsb-0.17.0/share/redis-binding/lib/jedis-2.9.0.jar:/nix/store/zw02np72fzsmga6s5mphhw7x8qlzf4sv-ycsb-0.17.0/share/redis-binding/lib/redis-binding-0.17.0.jar site.ycsb.Client -t -db site.ycsb.db.RedisClient -s -P /home/host/vmuxIO/test/moonprogs//../../ycsb/share/workloads/workloada -p redis.host=10.1.0.2 -p redis.port=6379 -p operationcount=429496729 -p maxexecutiontime=61 -threads 1
Command line: -t -db site.ycsb.db.RedisClient -s -P /home/host/vmuxIO/test/moonprogs//../../ycsb/share/workloads/workloada -p redis.host=10.1.0.2 -p redis.port=6379 -p operationcount=429496729 -p maxexecutiontime=61 -threads 1
YCSB Client 0.17.0

Loading workload...
Starting test.
Maximum execution time specified as: 61 secs
DBWrapper: report latency for each error is false and specific error codes to track for latency are: []
2024-06-19 17:21:06:017 0 sec: 0 operations; est completion in 0 second 
2024-06-19 17:21:15:841 10 sec: 37331 operations; 3732.73 current ops/sec; est completion in 1 day 7 hours [READ: Count=18642, Max=53599, Min=105, Avg=255.66, 90=303, 99=422, 99.9=3227, 99.99=8279] [UPDATE: Count=18707, Max=7211, Min=104, Avg=254.95, 90=305, 99=480, 99.9=3205, 99.99=6891] 
2024-06-19 17:21:25:841 20 sec: 78964 operations; 4163.3 current ops/sec; est completion in 1 day 6 hours [READ: Count=20836, Max=9039, Min=105, Avg=238.41, 90=304, 99=411, 99.9=708, 99.99=1949] [UPDATE: Count=20779, Max=1929, Min=104, Avg=234.37, 90=301, 99=413, 99.9=651, 99.99=1171] 
2024-06-19 17:21:35:841 30 sec: 122136 operations; 4317.2 current ops/sec; est completion in 1 day 5 hours [READ: Count=21589, Max=6223, Min=108, Avg=230.75, 90=294, 99=322, 99.9=446, 99.99=1313] [UPDATE: Count=21583, Max=1614, Min=102, Avg=227.89, 90=292, 99=320, 99.9=419, 99.99=723] 
2024-06-19 17:21:45:841 40 sec: 165205 operations; 4306.9 current ops/sec; est completion in 1 day 4 hours [READ: Count=21440, Max=8327, Min=102, Avg=231.04, 90=293, 99=320, 99.9=440, 99.99=984] [UPDATE: Count=21629, Max=4107, Min=103, Avg=229.24, 90=292, 99=318, 99.9=442, 99.99=728] 
2024-06-19 17:21:55:842 50 sec: 209470 operations; 4426.5 current ops/sec; est completion in 1 day 4 hours [READ: Count=22156, Max=4343, Min=101, Avg=224.1, 90=294, 99=332, 99.9=437, 99.99=786] [UPDATE: Count=22109, Max=1012, Min=99, Avg=223.56, 90=293, 99=332, 99.9=439, 99.99=835] 
2024-06-19 17:22:05:841 60 sec: 250584 operations; 4111.4 current ops/sec; est completion in 1 day 4 hours [READ: Count=20472, Max=9087, Min=104, Avg=242.42, 90=303, 99=404, 99.9=631, 99.99=1392] [UPDATE: Count=20642, Max=1366, Min=103, Avg=238.75, 90=301, 99=407, 99.9=565, 99.99=1264] 
Maximum time elapsed. Requesting stop for the workload.
Stop requested for workload. Now Joining!
2024-06-19 17:22:06:857 61 sec: 255849 operations; 5182.09 current ops/sec; est completion in 1 day 4 hours [READ: Count=2658, Max=640, Min=107, Avg=188.98, 90=276, 99=302, 99.9=332, 99.99=640] [CLEANUP: Count=1, Max=1244, Min=1244, Avg=1244, 90=1244, 99=1244, 99.9=1244, 99.99=1244] [UPDATE: Count=2607, Max=3777, Min=100, Avg=191.91, 90=275, 99=305, 99.9=425, 99.99=3777] 
[OVERALL], RunTime(ms), 61021
[OVERALL], Throughput(ops/sec), 4192.802477835499
[TOTAL_GCS_Copy], Count, 24
[TOTAL_GC_TIME_Copy], Time(ms), 21
[TOTAL_GC_TIME_%_Copy], Time(%), 0.034414381934088266
[TOTAL_GCS_MarkSweepCompact], Count, 0
[TOTAL_GC_TIME_MarkSweepCompact], Time(ms), 0
[TOTAL_GC_TIME_%_MarkSweepCompact], Time(%), 0.0
[TOTAL_GCs], Count, 24
[TOTAL_GC_TIME], Time(ms), 21
[TOTAL_GC_TIME_%], Time(%), 0.034414381934088266
[READ], Operations, 127793
[READ], AverageLatency(us), 235.52792406469837
[READ], MinLatency(us), 101
[READ], MaxLatency(us), 53599
[READ], 95thPercentileLatency(us), 310
[READ], 99thPercentileLatency(us), 366
[READ], Return=OK, 127793
[CLEANUP], Operations, 1
[CLEANUP], AverageLatency(us), 1244.0
[CLEANUP], MinLatency(us), 1244
[CLEANUP], MaxLatency(us), 1244
[CLEANUP], 95thPercentileLatency(us), 1244
[CLEANUP], 99thPercentileLatency(us), 1244
[UPDATE], Operations, 128056
[UPDATE], AverageLatency(us), 233.39381208221403
[UPDATE], MinLatency(us), 99
[UPDATE], MaxLatency(us), 7211
[UPDATE], 95thPercentileLatency(us), 308
[UPDATE], 99thPercentileLatency(us), 368
[UPDATE], Return=OK, 128056
AUTOTEST_DONE
