/nix/store/2vwkssqpzykk37r996cafq7x63imf4sp-openjdk-21+35/bin/java  -classpath /nix/store/zw02np72fzsmga6s5mphhw7x8qlzf4sv-ycsb-0.17.0/share/conf:/nix/store/zw02np72fzsmga6s5mphhw7x8qlzf4sv-ycsb-0.17.0/share/lib/core-0.17.0.jar:/nix/store/zw02np72fzsmga6s5mphhw7x8qlzf4sv-ycsb-0.17.0/share/lib/HdrHistogram-2.1.4.jar:/nix/store/zw02np72fzsmga6s5mphhw7x8qlzf4sv-ycsb-0.17.0/share/lib/htrace-core4-4.1.0-incubating.jar:/nix/store/zw02np72fzsmga6s5mphhw7x8qlzf4sv-ycsb-0.17.0/share/lib/jackson-core-asl-1.9.4.jar:/nix/store/zw02np72fzsmga6s5mphhw7x8qlzf4sv-ycsb-0.17.0/share/lib/jackson-mapper-asl-1.9.4.jar:/nix/store/zw02np72fzsmga6s5mphhw7x8qlzf4sv-ycsb-0.17.0/share/redis-binding/lib/commons-pool2-2.4.2.jar:/nix/store/zw02np72fzsmga6s5mphhw7x8qlzf4sv-ycsb-0.17.0/share/redis-binding/lib/jedis-2.9.0.jar:/nix/store/zw02np72fzsmga6s5mphhw7x8qlzf4sv-ycsb-0.17.0/share/redis-binding/lib/redis-binding-0.17.0.jar site.ycsb.Client -t -db site.ycsb.db.RedisClient -s -P /home/host/vmuxIO/test/moonprogs//../../ycsb/share/workloads/workloada -p redis.host=10.1.0.2 -p redis.port=6380 -p operationcount=429496729 -p maxexecutiontime=61 -threads 1
Command line: -t -db site.ycsb.db.RedisClient -s -P /home/host/vmuxIO/test/moonprogs//../../ycsb/share/workloads/workloada -p redis.host=10.1.0.2 -p redis.port=6380 -p operationcount=429496729 -p maxexecutiontime=61 -threads 1
YCSB Client 0.17.0

Loading workload...
Starting test.
Maximum execution time specified as: 61 secs
DBWrapper: report latency for each error is false and specific error codes to track for latency are: []
2025-02-05 01:22:23:827 0 sec: 0 operations; est completion in 0 second 
2025-02-05 01:22:33:588 10 sec: 88103 operations; 8810.3 current ops/sec; est completion in 13 hours 32 minutes [READ: Count=43979, Max=80511, Min=78, Avg=107.67, 90=116, 99=237, 99.9=1045, 99.99=6635] [UPDATE: Count=44128, Max=7295, Min=77, Avg=105.86, 90=116, 99=247, 99.9=1163, 99.99=4255] 
2025-02-05 01:22:43:588 20 sec: 188760 operations; 10065.7 current ops/sec; est completion in 12 hours 38 minutes [READ: Count=50195, Max=7955, Min=73, Avg=98.32, 90=109, 99=144, 99.9=186, 99.99=1891] [UPDATE: Count=50458, Max=2977, Min=76, Avg=96.77, 90=108, 99=145, 99.9=176, 99.99=516] 
2025-02-05 01:22:53:587 30 sec: 289839 operations; 10107.9 current ops/sec; est completion in 12 hours 20 minutes [READ: Count=50417, Max=7739, Min=78, Avg=98, 90=109, 99=147, 99.9=213, 99.99=484] [UPDATE: Count=50662, Max=1893, Min=72, Avg=96.75, 90=108, 99=147, 99.9=208, 99.99=468] 
2025-02-05 01:23:03:587 40 sec: 388103 operations; 9826.4 current ops/sec; est completion in 12 hours 17 minutes [READ: Count=49130, Max=3759, Min=78, Avg=100.66, 90=112, 99=181, 99.9=285, 99.99=1735] [UPDATE: Count=49134, Max=4243, Min=76, Avg=99.55, 90=111, 99=182, 99.9=269, 99.99=562] 
2025-02-05 01:23:13:587 50 sec: 489592 operations; 10148.9 current ops/sec; est completion in 12 hours 10 minutes [READ: Count=50728, Max=2105, Min=76, Avg=97.54, 90=108, 99=138, 99.9=164, 99.99=406] [UPDATE: Count=50761, Max=3913, Min=77, Avg=96.39, 90=107, 99=138, 99.9=167, 99.99=409] 
2025-02-05 01:23:23:588 60 sec: 590642 operations; 10105 current ops/sec; est completion in 12 hours 6 minutes [READ: Count=50458, Max=2873, Min=77, Avg=97.99, 90=109, 99=150, 99.9=209, 99.99=409] [UPDATE: Count=50592, Max=1895, Min=75, Avg=96.78, 90=108, 99=147, 99.9=207, 99.99=1836] 
Maximum time elapsed. Requesting stop for the workload.
Stop requested for workload. Now Joining!
2025-02-05 01:23:24:598 61 sec: 600740 operations; 9998.02 current ops/sec; est completion in 12 hours 5 minutes [READ: Count=5142, Max=2719, Min=76, Avg=99.58, 90=112, 99=156, 99.9=501, 99.99=1156] [CLEANUP: Count=1, Max=1000, Min=1000, Avg=1000, 90=1000, 99=1000, 99.9=1000, 99.99=1000] [UPDATE: Count=4956, Max=775, Min=75, Avg=96.86, 90=109, 99=149, 99.9=168, 99.99=775] 
[OVERALL], RunTime(ms), 61018
[OVERALL], Throughput(ops/sec), 9845.291553312138
[TOTAL_GCS_Copy], Count, 56
[TOTAL_GC_TIME_Copy], Time(ms), 21
[TOTAL_GC_TIME_%_Copy], Time(%), 0.03441607394539316
[TOTAL_GCS_MarkSweepCompact], Count, 0
[TOTAL_GC_TIME_MarkSweepCompact], Time(ms), 0
[TOTAL_GC_TIME_%_MarkSweepCompact], Time(%), 0.0
[TOTAL_GCs], Count, 56
[TOTAL_GC_TIME], Time(ms), 21
[TOTAL_GC_TIME_%], Time(%), 0.03441607394539316
[READ], Operations, 300049
[READ], AverageLatency(us), 99.85298401261127
[READ], MinLatency(us), 73
[READ], MaxLatency(us), 80511
[READ], 95thPercentileLatency(us), 117
[READ], 99thPercentileLatency(us), 153
[READ], Return=OK, 300049
[CLEANUP], Operations, 1
[CLEANUP], AverageLatency(us), 1000.0
[CLEANUP], MinLatency(us), 1000
[CLEANUP], MaxLatency(us), 1000
[CLEANUP], 95thPercentileLatency(us), 1000
[CLEANUP], 99thPercentileLatency(us), 1000
[UPDATE], Operations, 300691
[UPDATE], AverageLatency(us), 98.49312084498705
[UPDATE], MinLatency(us), 72
[UPDATE], MaxLatency(us), 7295
[UPDATE], 95thPercentileLatency(us), 117
[UPDATE], 99thPercentileLatency(us), 152
[UPDATE], Return=OK, 300691
AUTOTEST_DONE
