/nix/store/2vwkssqpzykk37r996cafq7x63imf4sp-openjdk-21+35/bin/java  -classpath /nix/store/zw02np72fzsmga6s5mphhw7x8qlzf4sv-ycsb-0.17.0/share/conf:/nix/store/zw02np72fzsmga6s5mphhw7x8qlzf4sv-ycsb-0.17.0/share/lib/core-0.17.0.jar:/nix/store/zw02np72fzsmga6s5mphhw7x8qlzf4sv-ycsb-0.17.0/share/lib/HdrHistogram-2.1.4.jar:/nix/store/zw02np72fzsmga6s5mphhw7x8qlzf4sv-ycsb-0.17.0/share/lib/htrace-core4-4.1.0-incubating.jar:/nix/store/zw02np72fzsmga6s5mphhw7x8qlzf4sv-ycsb-0.17.0/share/lib/jackson-core-asl-1.9.4.jar:/nix/store/zw02np72fzsmga6s5mphhw7x8qlzf4sv-ycsb-0.17.0/share/lib/jackson-mapper-asl-1.9.4.jar:/nix/store/zw02np72fzsmga6s5mphhw7x8qlzf4sv-ycsb-0.17.0/share/redis-binding/lib/commons-pool2-2.4.2.jar:/nix/store/zw02np72fzsmga6s5mphhw7x8qlzf4sv-ycsb-0.17.0/share/redis-binding/lib/jedis-2.9.0.jar:/nix/store/zw02np72fzsmga6s5mphhw7x8qlzf4sv-ycsb-0.17.0/share/redis-binding/lib/redis-binding-0.17.0.jar site.ycsb.Client -t -db site.ycsb.db.RedisClient -s -P /home/host/vmuxIO/test/moonprogs//../../ycsb/share/workloads/workloada -p redis.host=10.1.0.2 -p redis.port=6382 -p operationcount=429496729 -p maxexecutiontime=61 -threads 1
Command line: -t -db site.ycsb.db.RedisClient -s -P /home/host/vmuxIO/test/moonprogs//../../ycsb/share/workloads/workloada -p redis.host=10.1.0.2 -p redis.port=6382 -p operationcount=429496729 -p maxexecutiontime=61 -threads 1
YCSB Client 0.17.0

Loading workload...
Starting test.
Maximum execution time specified as: 61 secs
DBWrapper: report latency for each error is false and specific error codes to track for latency are: []
2024-10-15 12:56:10:296 0 sec: 0 operations; est completion in 0 second 
2024-10-15 12:56:20:144 10 sec: 88527 operations; 8852.7 current ops/sec; est completion in 13 hours 28 minutes [READ: Count=44264, Max=13151, Min=80, Avg=107.75, 90=122, 99=170, 99.9=541, 99.99=3421] [UPDATE: Count=44267, Max=23311, Min=75, Avg=107.8, 90=123, 99=177, 99.9=700, 99.99=3447] 
2024-10-15 12:56:30:144 20 sec: 186699 operations; 9817.2 current ops/sec; est completion in 12 hours 46 minutes [READ: Count=48908, Max=9431, Min=79, Avg=101.32, 90=111, 99=145, 99.9=233, 99.99=2107] [UPDATE: Count=49260, Max=5603, Min=74, Avg=99.09, 90=110, 99=143, 99.9=220, 99.99=935] 
2024-10-15 12:56:40:144 30 sec: 274530 operations; 8783.1 current ops/sec; est completion in 13 hours 1 minute [READ: Count=43793, Max=2263, Min=80, Avg=112.91, 90=131, 99=204, 99.9=348, 99.99=755] [UPDATE: Count=44038, Max=4735, Min=77, Avg=110.98, 90=129, 99=204, 99.9=347, 99.99=2025] 
2024-10-15 12:56:50:144 40 sec: 359841 operations; 8531.1 current ops/sec; est completion in 13 hours 15 minutes [READ: Count=42519, Max=8239, Min=80, Avg=116.4, 90=129, 99=172, 99.9=218, 99.99=1897] [UPDATE: Count=42792, Max=2095, Min=80, Avg=114.04, 90=127, 99=169, 99.9=207, 99.99=509] 
2024-10-15 12:57:00:144 50 sec: 444261 operations; 8442 current ops/sec; est completion in 13 hours 24 minutes [READ: Count=42300, Max=2051, Min=87, Avg=117.43, 90=130, 99=172, 99.9=239, 99.99=626] [UPDATE: Count=42120, Max=6899, Min=82, Avg=115.48, 90=128, 99=168, 99.9=232, 99.99=1962] 
2024-10-15 12:57:10:144 60 sec: 531422 operations; 8716.1 current ops/sec; est completion in 13 hours 27 minutes [READ: Count=43742, Max=4119, Min=80, Avg=113.81, 90=132, 99=208, 99.9=315, 99.99=1924] [UPDATE: Count=43419, Max=4403, Min=75, Avg=111.58, 90=130, 99=200, 99.9=316, 99.99=1971] 
Maximum time elapsed. Requesting stop for the workload.
Stop requested for workload. Now Joining!
2024-10-15 12:57:11:159 61 sec: 541561 operations; 9989.16 current ops/sec; est completion in 13 hours 25 minutes [READ: Count=5040, Max=6183, Min=75, Avg=99.52, 90=109, 99=135, 99.9=303, 99.99=2583] [CLEANUP: Count=1, Max=938, Min=938, Avg=938, 90=938, 99=938, 99.9=938, 99.99=938] [UPDATE: Count=5099, Max=2151, Min=68, Avg=96.54, 90=107, 99=130, 99.9=293, 99.99=1912] 
[OVERALL], RunTime(ms), 61021
[OVERALL], Throughput(ops/sec), 8874.993854574655
[TOTAL_GCS_Copy], Count, 50
[TOTAL_GC_TIME_Copy], Time(ms), 21
[TOTAL_GC_TIME_%_Copy], Time(%), 0.034414381934088266
[TOTAL_GCS_MarkSweepCompact], Count, 0
[TOTAL_GC_TIME_MarkSweepCompact], Time(ms), 0
[TOTAL_GC_TIME_%_MarkSweepCompact], Time(%), 0.0
[TOTAL_GCs], Count, 50
[TOTAL_GC_TIME], Time(ms), 21
[TOTAL_GC_TIME_%], Time(%), 0.034414381934088266
[READ], Operations, 270566
[READ], AverageLatency(us), 111.12218830156043
[READ], MinLatency(us), 75
[READ], MaxLatency(us), 13151
[READ], 95thPercentileLatency(us), 136
[READ], 99thPercentileLatency(us), 179
[READ], Return=OK, 270566
[CLEANUP], Operations, 1
[CLEANUP], AverageLatency(us), 938.0
[CLEANUP], MinLatency(us), 938
[CLEANUP], MaxLatency(us), 938
[CLEANUP], 95thPercentileLatency(us), 938
[CLEANUP], 99thPercentileLatency(us), 938
[UPDATE], Operations, 270995
[UPDATE], AverageLatency(us), 109.3072861122899
[UPDATE], MinLatency(us), 68
[UPDATE], MaxLatency(us), 23311
[UPDATE], 95thPercentileLatency(us), 134
[UPDATE], 99thPercentileLatency(us), 177
[UPDATE], Return=OK, 270995
AUTOTEST_DONE
