/nix/store/2vwkssqpzykk37r996cafq7x63imf4sp-openjdk-21+35/bin/java  -classpath /nix/store/zw02np72fzsmga6s5mphhw7x8qlzf4sv-ycsb-0.17.0/share/conf:/nix/store/zw02np72fzsmga6s5mphhw7x8qlzf4sv-ycsb-0.17.0/share/lib/core-0.17.0.jar:/nix/store/zw02np72fzsmga6s5mphhw7x8qlzf4sv-ycsb-0.17.0/share/lib/HdrHistogram-2.1.4.jar:/nix/store/zw02np72fzsmga6s5mphhw7x8qlzf4sv-ycsb-0.17.0/share/lib/htrace-core4-4.1.0-incubating.jar:/nix/store/zw02np72fzsmga6s5mphhw7x8qlzf4sv-ycsb-0.17.0/share/lib/jackson-core-asl-1.9.4.jar:/nix/store/zw02np72fzsmga6s5mphhw7x8qlzf4sv-ycsb-0.17.0/share/lib/jackson-mapper-asl-1.9.4.jar:/nix/store/zw02np72fzsmga6s5mphhw7x8qlzf4sv-ycsb-0.17.0/share/redis-binding/lib/commons-pool2-2.4.2.jar:/nix/store/zw02np72fzsmga6s5mphhw7x8qlzf4sv-ycsb-0.17.0/share/redis-binding/lib/jedis-2.9.0.jar:/nix/store/zw02np72fzsmga6s5mphhw7x8qlzf4sv-ycsb-0.17.0/share/redis-binding/lib/redis-binding-0.17.0.jar site.ycsb.Client -t -db site.ycsb.db.RedisClient -s -P /home/host/vmuxIO/test/moonprogs//../../ycsb/share/workloads/workloada -p redis.host=10.1.0.2 -p redis.port=6381 -p operationcount=429496729 -p maxexecutiontime=61 -threads 1
Command line: -t -db site.ycsb.db.RedisClient -s -P /home/host/vmuxIO/test/moonprogs//../../ycsb/share/workloads/workloada -p redis.host=10.1.0.2 -p redis.port=6381 -p operationcount=429496729 -p maxexecutiontime=61 -threads 1
YCSB Client 0.17.0

Loading workload...
Starting test.
Maximum execution time specified as: 61 secs
DBWrapper: report latency for each error is false and specific error codes to track for latency are: []
2024-10-03 13:38:50:833 0 sec: 0 operations; est completion in 0 second 
2024-10-03 13:39:00:668 10 sec: 84067 operations; 8406.7 current ops/sec; est completion in 14 hours 11 minutes [READ: Count=41979, Max=15903, Min=83, Avg=113.65, 90=129, 99=193, 99.9=661, 99.99=6463] [UPDATE: Count=42096, Max=24847, Min=79, Avg=112.63, 90=128, 99=206, 99.9=760, 99.99=3943] 
2024-10-03 13:39:10:668 20 sec: 181126 operations; 9705.9 current ops/sec; est completion in 13 hours 10 minutes [READ: Count=48864, Max=2259, Min=79, Avg=102.68, 90=116, 99=136, 99.9=175, 99.99=696] [UPDATE: Count=48187, Max=2693, Min=78, Avg=99.67, 90=113, 99=131, 99.9=158, 99.99=342] 
2024-10-03 13:39:20:668 30 sec: 279327 operations; 9820.1 current ops/sec; est completion in 12 hours 48 minutes [READ: Count=49055, Max=697, Min=78, Avg=101.58, 90=116, 99=133, 99.9=159, 99.99=375] [UPDATE: Count=49146, Max=3989, Min=75, Avg=98.91, 90=113, 99=131, 99.9=149, 99.99=334] 
2024-10-03 13:39:30:668 40 sec: 381716 operations; 10238.9 current ops/sec; est completion in 12 hours 29 minutes [READ: Count=51356, Max=2979, Min=77, Avg=97.56, 90=112, 99=136, 99.9=178, 99.99=393] [UPDATE: Count=51033, Max=7399, Min=74, Avg=94.96, 90=109, 99=133, 99.9=177, 99.99=391] 
2024-10-03 13:39:40:668 50 sec: 486677 operations; 10496.1 current ops/sec; est completion in 12 hours 14 minutes [READ: Count=52554, Max=2945, Min=77, Avg=95.31, 90=106, 99=131, 99.9=148, 99.99=346] [UPDATE: Count=52407, Max=7519, Min=75, Avg=92.66, 90=103, 99=127, 99.9=141, 99.99=172] 
2024-10-03 13:39:50:668 60 sec: 593475 operations; 10679.8 current ops/sec; est completion in 12 hours 2 minutes [READ: Count=53350, Max=4075, Min=76, Avg=93.73, 90=103, 99=128, 99.9=143, 99.99=282] [UPDATE: Count=53448, Max=980, Min=75, Avg=90.99, 90=101, 99=126, 99.9=139, 99.99=339] 
Maximum time elapsed. Requesting stop for the workload.
Stop requested for workload. Now Joining!
2024-10-03 13:39:51:683 61 sec: 604610 operations; 10959.65 current ops/sec; est completion in 12 hours 1 minute [READ: Count=5569, Max=543, Min=75, Avg=90.71, 90=101, 99=130, 99.9=201, 99.99=354] [CLEANUP: Count=1, Max=975, Min=975, Avg=975, 90=975, 99=975, 99.9=975, 99.99=975] [UPDATE: Count=5566, Max=2801, Min=72, Avg=88.56, 90=98, 99=126, 99.9=146, 99.99=386] 
[OVERALL], RunTime(ms), 61019
[OVERALL], Throughput(ops/sec), 9908.553073632804
[TOTAL_GCS_Copy], Count, 56
[TOTAL_GC_TIME_Copy], Time(ms), 26
[TOTAL_GC_TIME_%_Copy], Time(%), 0.04260967895245743
[TOTAL_GCS_MarkSweepCompact], Count, 0
[TOTAL_GC_TIME_MarkSweepCompact], Time(ms), 0
[TOTAL_GC_TIME_%_MarkSweepCompact], Time(%), 0.0
[TOTAL_GCs], Count, 56
[TOTAL_GC_TIME], Time(ms), 26
[TOTAL_GC_TIME_%], Time(%), 0.04260967895245743
[READ], Operations, 302727
[READ], AverageLatency(us), 100.07812649681065
[READ], MinLatency(us), 75
[READ], MaxLatency(us), 15903
[READ], 95thPercentileLatency(us), 125
[READ], 99thPercentileLatency(us), 141
[READ], Return=OK, 302727
[CLEANUP], Operations, 1
[CLEANUP], AverageLatency(us), 975.0
[CLEANUP], MinLatency(us), 975
[CLEANUP], MaxLatency(us), 975
[CLEANUP], 95thPercentileLatency(us), 975
[CLEANUP], 99thPercentileLatency(us), 975
[UPDATE], Operations, 301883
[UPDATE], AverageLatency(us), 97.59794357416615
[UPDATE], MinLatency(us), 72
[UPDATE], MaxLatency(us), 24847
[UPDATE], 95thPercentileLatency(us), 123
[UPDATE], 99thPercentileLatency(us), 141
[UPDATE], Return=OK, 301883
AUTOTEST_DONE
