/nix/store/2vwkssqpzykk37r996cafq7x63imf4sp-openjdk-21+35/bin/java  -classpath /nix/store/zw02np72fzsmga6s5mphhw7x8qlzf4sv-ycsb-0.17.0/share/conf:/nix/store/zw02np72fzsmga6s5mphhw7x8qlzf4sv-ycsb-0.17.0/share/lib/core-0.17.0.jar:/nix/store/zw02np72fzsmga6s5mphhw7x8qlzf4sv-ycsb-0.17.0/share/lib/HdrHistogram-2.1.4.jar:/nix/store/zw02np72fzsmga6s5mphhw7x8qlzf4sv-ycsb-0.17.0/share/lib/htrace-core4-4.1.0-incubating.jar:/nix/store/zw02np72fzsmga6s5mphhw7x8qlzf4sv-ycsb-0.17.0/share/lib/jackson-core-asl-1.9.4.jar:/nix/store/zw02np72fzsmga6s5mphhw7x8qlzf4sv-ycsb-0.17.0/share/lib/jackson-mapper-asl-1.9.4.jar:/nix/store/zw02np72fzsmga6s5mphhw7x8qlzf4sv-ycsb-0.17.0/share/redis-binding/lib/commons-pool2-2.4.2.jar:/nix/store/zw02np72fzsmga6s5mphhw7x8qlzf4sv-ycsb-0.17.0/share/redis-binding/lib/jedis-2.9.0.jar:/nix/store/zw02np72fzsmga6s5mphhw7x8qlzf4sv-ycsb-0.17.0/share/redis-binding/lib/redis-binding-0.17.0.jar site.ycsb.Client -t -db site.ycsb.db.RedisClient -s -P /home/host/vmuxIO/test/moonprogs//../../ycsb/share/workloads/workloada -p redis.host=10.1.0.2 -p redis.port=6379 -p operationcount=429496729 -p maxexecutiontime=61 -threads 1
Command line: -t -db site.ycsb.db.RedisClient -s -P /home/host/vmuxIO/test/moonprogs//../../ycsb/share/workloads/workloada -p redis.host=10.1.0.2 -p redis.port=6379 -p operationcount=429496729 -p maxexecutiontime=61 -threads 1
YCSB Client 0.17.0

Loading workload...
Starting test.
Maximum execution time specified as: 61 secs
DBWrapper: report latency for each error is false and specific error codes to track for latency are: []
2024-10-03 02:39:47:112 0 sec: 0 operations; est completion in 0 second 
2024-10-03 02:39:56:948 10 sec: 19176 operations; 1917.41 current ops/sec; est completion in 2 days 14 hours [READ: Count=9639, Max=16103, Min=221, Avg=504.57, 90=580, 99=3553, 99.9=4459, 99.99=15063] [UPDATE: Count=9550, Max=26863, Min=227, Avg=503.66, 90=584, 99=3431, 99.9=4671, 99.99=12863] 
2024-10-03 02:40:06:948 20 sec: 36833 operations; 1765.88 current ops/sec; est completion in 2 days 16 hours [READ: Count=8737, Max=6943, Min=209, Avg=563.46, 90=699, 99=963, 99.9=3941, 99.99=4507] [UPDATE: Count=8907, Max=4431, Min=214, Avg=557.07, 90=689, 99=955, 99.9=3987, 99.99=4379] 
2024-10-03 02:40:16:948 30 sec: 54461 operations; 1762.8 current ops/sec; est completion in 2 days 17 hours [READ: Count=8874, Max=13487, Min=225, Avg=565.88, 90=696, 99=914, 99.9=1284, 99.99=4215] [UPDATE: Count=8754, Max=3635, Min=217, Avg=560.45, 90=695, 99=913, 99.9=1375, 99.99=3273] 
2024-10-03 02:40:26:948 40 sec: 72331 operations; 1786.82 current ops/sec; est completion in 2 days 17 hours [READ: Count=8844, Max=5703, Min=236, Avg=557.68, 90=690, 99=927, 99.9=1361, 99.99=3581] [UPDATE: Count=9026, Max=8463, Min=208, Avg=555.01, 90=685, 99=904, 99.9=1281, 99.99=3639] 
2024-10-03 02:40:36:948 50 sec: 89637 operations; 1730.6 current ops/sec; est completion in 2 days 18 hours [READ: Count=8658, Max=3629, Min=218, Avg=575.25, 90=721, 99=956, 99.9=1318, 99.99=2855] [UPDATE: Count=8648, Max=5791, Min=219, Avg=575.25, 90=720, 99=971, 99.9=1553, 99.99=3593] 
2024-10-03 02:40:46:948 60 sec: 107004 operations; 1736.7 current ops/sec; est completion in 2 days 18 hours [READ: Count=8716, Max=8359, Min=228, Avg=575.06, 90=700, 99=938, 99.9=1507, 99.99=4699] [UPDATE: Count=8651, Max=3427, Min=230, Avg=570.17, 90=697, 99=927, 99.9=1526, 99.99=3327] 
Maximum time elapsed. Requesting stop for the workload.
Stop requested for workload. Now Joining!
2024-10-03 02:40:47:959 61 sec: 108769 operations; 1745.8 current ops/sec; est completion in 2 days 18 hours [READ: Count=915, Max=7523, Min=248, Avg=582.93, 90=714, 99=1097, 99.9=3799, 99.99=7523] [CLEANUP: Count=1, Max=1329, Min=1329, Avg=1329, 90=1329, 99=1329, 99.9=1329, 99.99=1329] [UPDATE: Count=850, Max=4527, Min=223, Avg=554.84, 90=694, 99=980, 99.9=1333, 99.99=4527] 
[OVERALL], RunTime(ms), 61016
[OVERALL], Throughput(ops/sec), 1782.6307853677724
[TOTAL_GCS_Copy], Count, 10
[TOTAL_GC_TIME_Copy], Time(ms), 23
[TOTAL_GC_TIME_%_Copy], Time(%), 0.0376950308115904
[TOTAL_GCS_MarkSweepCompact], Count, 0
[TOTAL_GC_TIME_MarkSweepCompact], Time(ms), 0
[TOTAL_GC_TIME_%_MarkSweepCompact], Time(%), 0.0
[TOTAL_GCs], Count, 10
[TOTAL_GC_TIME], Time(ms), 23
[TOTAL_GC_TIME_%], Time(%), 0.0376950308115904
[READ], Operations, 54383
[READ], AverageLatency(us), 556.5401136384532
[READ], MinLatency(us), 209
[READ], MaxLatency(us), 16103
[READ], 95thPercentileLatency(us), 755
[READ], 99thPercentileLatency(us), 968
[READ], Return=OK, 54383
[CLEANUP], Operations, 1
[CLEANUP], AverageLatency(us), 1329.0
[CLEANUP], MinLatency(us), 1329
[CLEANUP], MaxLatency(us), 1329
[CLEANUP], 95thPercentileLatency(us), 1329
[CLEANUP], 99thPercentileLatency(us), 1329
[UPDATE], Operations, 54386
[UPDATE], AverageLatency(us), 552.8321075276725
[UPDATE], MinLatency(us), 208
[UPDATE], MaxLatency(us), 26863
[UPDATE], 95thPercentileLatency(us), 752
[UPDATE], 99thPercentileLatency(us), 963
[UPDATE], Return=OK, 54386
AUTOTEST_DONE
