/nix/store/2vwkssqpzykk37r996cafq7x63imf4sp-openjdk-21+35/bin/java  -classpath /nix/store/zw02np72fzsmga6s5mphhw7x8qlzf4sv-ycsb-0.17.0/share/conf:/nix/store/zw02np72fzsmga6s5mphhw7x8qlzf4sv-ycsb-0.17.0/share/lib/core-0.17.0.jar:/nix/store/zw02np72fzsmga6s5mphhw7x8qlzf4sv-ycsb-0.17.0/share/lib/HdrHistogram-2.1.4.jar:/nix/store/zw02np72fzsmga6s5mphhw7x8qlzf4sv-ycsb-0.17.0/share/lib/htrace-core4-4.1.0-incubating.jar:/nix/store/zw02np72fzsmga6s5mphhw7x8qlzf4sv-ycsb-0.17.0/share/lib/jackson-core-asl-1.9.4.jar:/nix/store/zw02np72fzsmga6s5mphhw7x8qlzf4sv-ycsb-0.17.0/share/lib/jackson-mapper-asl-1.9.4.jar:/nix/store/zw02np72fzsmga6s5mphhw7x8qlzf4sv-ycsb-0.17.0/share/redis-binding/lib/commons-pool2-2.4.2.jar:/nix/store/zw02np72fzsmga6s5mphhw7x8qlzf4sv-ycsb-0.17.0/share/redis-binding/lib/jedis-2.9.0.jar:/nix/store/zw02np72fzsmga6s5mphhw7x8qlzf4sv-ycsb-0.17.0/share/redis-binding/lib/redis-binding-0.17.0.jar site.ycsb.Client -t -db site.ycsb.db.RedisClient -s -P /home/host/vmuxIO/test/moonprogs//../../ycsb/share/workloads/workloada -p redis.host=10.1.0.2 -p redis.port=6385 -p operationcount=429496729 -p maxexecutiontime=61 -threads 1
Command line: -t -db site.ycsb.db.RedisClient -s -P /home/host/vmuxIO/test/moonprogs//../../ycsb/share/workloads/workloada -p redis.host=10.1.0.2 -p redis.port=6385 -p operationcount=429496729 -p maxexecutiontime=61 -threads 1
YCSB Client 0.17.0

Loading workload...
Starting test.
Maximum execution time specified as: 61 secs
DBWrapper: report latency for each error is false and specific error codes to track for latency are: []
2024-08-21 18:40:15:677 0 sec: 0 operations; est completion in 0 second 
2024-08-21 18:40:25:482 10 sec: 14270 operations; 1427 current ops/sec; est completion in 3 days 11 hours [READ: Count=7207, Max=16111, Min=223, Avg=673.5, 90=802, 99=3779, 99.9=4715, 99.99=6991] [UPDATE: Count=7069, Max=29711, Min=231, Avg=677.46, 90=793, 99=3979, 99.9=4851, 99.99=11039] 
2024-08-21 18:40:35:482 20 sec: 30204 operations; 1593.24 current ops/sec; est completion in 3 days 6 hours [READ: Count=8064, Max=5335, Min=235, Avg=628.63, 90=798, 99=972, 99.9=2741, 99.99=5311] [UPDATE: Count=7864, Max=3507, Min=209, Avg=616.44, 90=784, 99=936, 99.9=1155, 99.99=1496] 
2024-08-21 18:40:45:482 30 sec: 46578 operations; 1637.4 current ops/sec; est completion in 3 days 4 hours [READ: Count=8157, Max=12255, Min=230, Avg=612.47, 90=778, 99=938, 99.9=1208, 99.99=5047] [UPDATE: Count=8217, Max=6659, Min=211, Avg=601.19, 90=773, 99=939, 99.9=2036, 99.99=3149] 
2024-08-21 18:40:55:482 40 sec: 62206 operations; 1562.96 current ops/sec; est completion in 3 days 4 hours [READ: Count=7819, Max=4783, Min=228, Avg=639.85, 90=813, 99=986, 99.9=1274, 99.99=4683] [UPDATE: Count=7809, Max=9415, Min=229, Avg=631.7, 90=800, 99=968, 99.9=1388, 99.99=4049] 
2024-08-21 18:41:05:482 50 sec: 78760 operations; 1655.23 current ops/sec; est completion in 3 days 3 hours [READ: Count=8271, Max=3917, Min=221, Avg=604, 90=778, 99=953, 99.9=1712, 99.99=3637] [UPDATE: Count=8283, Max=7399, Min=212, Avg=599.14, 90=773, 99=936, 99.9=1656, 99.99=4807] 
2024-08-21 18:41:15:482 60 sec: 94831 operations; 1607.26 current ops/sec; est completion in 3 days 3 hours [READ: Count=8032, Max=3603, Min=200, Avg=622.94, 90=799, 99=973, 99.9=1241, 99.99=3283] [UPDATE: Count=8039, Max=8967, Min=210, Avg=615.92, 90=789, 99=973, 99.9=1266, 99.99=3465] 
Maximum time elapsed. Requesting stop for the workload.
Stop requested for workload. Now Joining!
2024-08-21 18:41:16:496 61 sec: 96746 operations; 1886.7 current ops/sec; est completion in 3 days 3 hours [READ: Count=966, Max=8679, Min=231, Avg=529.29, 90=650, 99=767, 99.9=1016, 99.99=8679] [CLEANUP: Count=1, Max=1015, Min=1015, Avg=1015, 90=1015, 99=1015, 99.9=1015, 99.99=1015] [UPDATE: Count=949, Max=3423, Min=232, Avg=523.65, 90=640, 99=782, 99.9=2363, 99.99=3423] 
[OVERALL], RunTime(ms), 61019
[OVERALL], Throughput(ops/sec), 1585.506153820941
[TOTAL_GCS_Copy], Count, 9
[TOTAL_GC_TIME_Copy], Time(ms), 17
[TOTAL_GC_TIME_%_Copy], Time(%), 0.027860174699683708
[TOTAL_GCS_MarkSweepCompact], Count, 0
[TOTAL_GC_TIME_MarkSweepCompact], Time(ms), 0
[TOTAL_GC_TIME_%_MarkSweepCompact], Time(%), 0.0
[TOTAL_GCs], Count, 9
[TOTAL_GC_TIME], Time(ms), 17
[TOTAL_GC_TIME_%], Time(%), 0.027860174699683708
[READ], Operations, 48516
[READ], AverageLatency(us), 627.2697460631545
[READ], MinLatency(us), 200
[READ], MaxLatency(us), 16111
[READ], 95thPercentileLatency(us), 852
[READ], 99thPercentileLatency(us), 991
[READ], Return=OK, 48516
[CLEANUP], Operations, 1
[CLEANUP], AverageLatency(us), 1015.0
[CLEANUP], MinLatency(us), 1015
[CLEANUP], MaxLatency(us), 1015
[CLEANUP], 95thPercentileLatency(us), 1015
[CLEANUP], 99thPercentileLatency(us), 1015
[UPDATE], Operations, 48230
[UPDATE], AverageLatency(us), 620.3732116939664
[UPDATE], MinLatency(us), 209
[UPDATE], MaxLatency(us), 29711
[UPDATE], 95thPercentileLatency(us), 841
[UPDATE], 99thPercentileLatency(us), 980
[UPDATE], Return=OK, 48230
AUTOTEST_DONE
