/nix/store/2vwkssqpzykk37r996cafq7x63imf4sp-openjdk-21+35/bin/java  -classpath /nix/store/zw02np72fzsmga6s5mphhw7x8qlzf4sv-ycsb-0.17.0/share/conf:/nix/store/zw02np72fzsmga6s5mphhw7x8qlzf4sv-ycsb-0.17.0/share/lib/core-0.17.0.jar:/nix/store/zw02np72fzsmga6s5mphhw7x8qlzf4sv-ycsb-0.17.0/share/lib/HdrHistogram-2.1.4.jar:/nix/store/zw02np72fzsmga6s5mphhw7x8qlzf4sv-ycsb-0.17.0/share/lib/htrace-core4-4.1.0-incubating.jar:/nix/store/zw02np72fzsmga6s5mphhw7x8qlzf4sv-ycsb-0.17.0/share/lib/jackson-core-asl-1.9.4.jar:/nix/store/zw02np72fzsmga6s5mphhw7x8qlzf4sv-ycsb-0.17.0/share/lib/jackson-mapper-asl-1.9.4.jar:/nix/store/zw02np72fzsmga6s5mphhw7x8qlzf4sv-ycsb-0.17.0/share/redis-binding/lib/commons-pool2-2.4.2.jar:/nix/store/zw02np72fzsmga6s5mphhw7x8qlzf4sv-ycsb-0.17.0/share/redis-binding/lib/jedis-2.9.0.jar:/nix/store/zw02np72fzsmga6s5mphhw7x8qlzf4sv-ycsb-0.17.0/share/redis-binding/lib/redis-binding-0.17.0.jar site.ycsb.Client -t -db site.ycsb.db.RedisClient -s -P /home/host/vmuxIO/test/moonprogs//../../ycsb/share/workloads/workloada -p redis.host=10.1.0.2 -p redis.port=6379 -p operationcount=429496729 -p maxexecutiontime=61 -threads 1
Command line: -t -db site.ycsb.db.RedisClient -s -P /home/host/vmuxIO/test/moonprogs//../../ycsb/share/workloads/workloada -p redis.host=10.1.0.2 -p redis.port=6379 -p operationcount=429496729 -p maxexecutiontime=61 -threads 1
YCSB Client 0.17.0

Loading workload...
Starting test.
Maximum execution time specified as: 61 secs
DBWrapper: report latency for each error is false and specific error codes to track for latency are: []
2024-10-03 02:39:48:472 0 sec: 0 operations; est completion in 0 second 
2024-10-03 02:39:58:284 10 sec: 17646 operations; 1764.42 current ops/sec; est completion in 2 days 19 hours [READ: Count=8886, Max=17471, Min=225, Avg=547.66, 90=619, 99=3881, 99.9=4655, 99.99=6899] [UPDATE: Count=8768, Max=31455, Min=216, Avg=545.84, 90=615, 99=3739, 99.9=4723, 99.99=9183] 
2024-10-03 02:40:08:284 20 sec: 35057 operations; 1741.27 current ops/sec; est completion in 2 days 20 hours [READ: Count=8741, Max=4867, Min=216, Avg=569.77, 90=698, 99=944, 99.9=4031, 99.99=4699] [UPDATE: Count=8663, Max=10295, Min=230, Avg=568.32, 90=690, 99=961, 99.9=4045, 99.99=6251] 
2024-10-03 02:40:18:284 30 sec: 52740 operations; 1768.3 current ops/sec; est completion in 2 days 19 hours [READ: Count=8838, Max=4627, Min=228, Avg=561.39, 90=702, 99=949, 99.9=1348, 99.99=4555] [UPDATE: Count=8844, Max=3971, Min=230, Avg=559.41, 90=702, 99=940, 99.9=2213, 99.99=3257] 
2024-10-03 02:40:28:284 40 sec: 71035 operations; 1829.5 current ops/sec; est completion in 2 days 19 hours [READ: Count=9116, Max=5511, Min=228, Avg=544.32, 90=675, 99=890, 99.9=1523, 99.99=3355] [UPDATE: Count=9179, Max=3403, Min=223, Avg=541.63, 90=675, 99=890, 99.9=1403, 99.99=3301] 
2024-10-03 02:40:38:284 50 sec: 88453 operations; 1741.8 current ops/sec; est completion in 2 days 19 hours [READ: Count=8751, Max=3675, Min=219, Avg=572.16, 90=705, 99=941, 99.9=1336, 99.99=3029] [UPDATE: Count=8667, Max=10119, Min=231, Avg=570.64, 90=704, 99=941, 99.9=1391, 99.99=3409] 
2024-10-03 02:40:48:284 60 sec: 107011 operations; 1855.8 current ops/sec; est completion in 2 days 18 hours [READ: Count=9220, Max=7627, Min=208, Avg=539.9, 90=709, 99=966, 99.9=2489, 99.99=4435] [UPDATE: Count=9338, Max=2963, Min=205, Avg=531.57, 90=703, 99=935, 99.9=1430, 99.99=2359] 
Maximum time elapsed. Requesting stop for the workload.
Stop requested for workload. Now Joining!
2024-10-03 02:40:49:297 61 sec: 110951 operations; 3889.44 current ops/sec; est completion in 2 days 17 hours [READ: Count=1991, Max=2731, Min=195, Avg=253.8, 90=340, 99=408, 99.9=1198, 99.99=2731] [CLEANUP: Count=1, Max=1078, Min=1078, Avg=1078, 90=1078, 99=1078, 99.9=1078, 99.99=1078] [UPDATE: Count=1949, Max=4795, Min=199, Avg=256, 90=332, 99=397, 99.9=2653, 99.99=4795] 
[OVERALL], RunTime(ms), 61021
[OVERALL], Throughput(ops/sec), 1818.242899985251
[TOTAL_GCS_Copy], Count, 10
[TOTAL_GC_TIME_Copy], Time(ms), 19
[TOTAL_GC_TIME_%_Copy], Time(%), 0.031136821749889382
[TOTAL_GCS_MarkSweepCompact], Count, 0
[TOTAL_GC_TIME_MarkSweepCompact], Time(ms), 0
[TOTAL_GC_TIME_%_MarkSweepCompact], Time(%), 0.0
[TOTAL_GCs], Count, 10
[TOTAL_GC_TIME], Time(ms), 19
[TOTAL_GC_TIME_%], Time(%), 0.031136821749889382
[READ], Operations, 55543
[READ], AverageLatency(us), 544.8144860738527
[READ], MinLatency(us), 195
[READ], MaxLatency(us), 17471
[READ], 95thPercentileLatency(us), 752
[READ], 99thPercentileLatency(us), 973
[READ], Return=OK, 55543
[CLEANUP], Operations, 1
[CLEANUP], AverageLatency(us), 1078.0
[CLEANUP], MinLatency(us), 1078
[CLEANUP], MaxLatency(us), 1078
[CLEANUP], 95thPercentileLatency(us), 1078
[CLEANUP], 99thPercentileLatency(us), 1078
[UPDATE], Operations, 55408
[UPDATE], AverageLatency(us), 542.1036492925209
[UPDATE], MinLatency(us), 199
[UPDATE], MaxLatency(us), 31455
[UPDATE], 95thPercentileLatency(us), 749
[UPDATE], 99thPercentileLatency(us), 958
[UPDATE], Return=OK, 55408
AUTOTEST_DONE
