/nix/store/2vwkssqpzykk37r996cafq7x63imf4sp-openjdk-21+35/bin/java  -classpath /nix/store/zw02np72fzsmga6s5mphhw7x8qlzf4sv-ycsb-0.17.0/share/conf:/nix/store/zw02np72fzsmga6s5mphhw7x8qlzf4sv-ycsb-0.17.0/share/lib/core-0.17.0.jar:/nix/store/zw02np72fzsmga6s5mphhw7x8qlzf4sv-ycsb-0.17.0/share/lib/HdrHistogram-2.1.4.jar:/nix/store/zw02np72fzsmga6s5mphhw7x8qlzf4sv-ycsb-0.17.0/share/lib/htrace-core4-4.1.0-incubating.jar:/nix/store/zw02np72fzsmga6s5mphhw7x8qlzf4sv-ycsb-0.17.0/share/lib/jackson-core-asl-1.9.4.jar:/nix/store/zw02np72fzsmga6s5mphhw7x8qlzf4sv-ycsb-0.17.0/share/lib/jackson-mapper-asl-1.9.4.jar:/nix/store/zw02np72fzsmga6s5mphhw7x8qlzf4sv-ycsb-0.17.0/share/redis-binding/lib/commons-pool2-2.4.2.jar:/nix/store/zw02np72fzsmga6s5mphhw7x8qlzf4sv-ycsb-0.17.0/share/redis-binding/lib/jedis-2.9.0.jar:/nix/store/zw02np72fzsmga6s5mphhw7x8qlzf4sv-ycsb-0.17.0/share/redis-binding/lib/redis-binding-0.17.0.jar site.ycsb.Client -t -db site.ycsb.db.RedisClient -s -P /home/host/vmuxIO/test/moonprogs//../../ycsb/share/workloads/workloada -p redis.host=10.1.0.2 -p redis.port=6379 -p operationcount=429496729 -p maxexecutiontime=61 -threads 1
Command line: -t -db site.ycsb.db.RedisClient -s -P /home/host/vmuxIO/test/moonprogs//../../ycsb/share/workloads/workloada -p redis.host=10.1.0.2 -p redis.port=6379 -p operationcount=429496729 -p maxexecutiontime=61 -threads 1
YCSB Client 0.17.0

Loading workload...
Starting test.
Maximum execution time specified as: 61 secs
DBWrapper: report latency for each error is false and specific error codes to track for latency are: []
2024-10-03 02:55:56:111 0 sec: 0 operations; est completion in 0 second [UPDATE: Count=1, Max=33951, Min=33920, Avg=33936, 90=33951, 99=33951, 99.9=33951, 99.99=33951] 
2024-10-03 02:56:05:883 10 sec: 55161 operations; 5516.1 current ops/sec; est completion in 21 hours 37 minutes [READ: Count=27338, Max=38879, Min=78, Avg=173.56, 90=221, 99=294, 99.9=936, 99.99=4231] [UPDATE: Count=27824, Max=5395, Min=83, Avg=171.11, 90=218, 99=294, 99.9=994, 99.99=4219] 
2024-10-03 02:56:15:883 20 sec: 111411 operations; 5625 current ops/sec; est completion in 21 hours 24 minutes [READ: Count=28124, Max=7435, Min=93, Avg=176.63, 90=217, 99=292, 99.9=386, 99.99=589] [UPDATE: Count=28124, Max=1278, Min=91, Avg=174.95, 90=216, 99=292, 99.9=377, 99.99=491] 
2024-10-03 02:56:25:883 30 sec: 165784 operations; 5437.3 current ops/sec; est completion in 21 hours 34 minutes [READ: Count=27236, Max=7043, Min=97, Avg=183.17, 90=231, 99=295, 99.9=399, 99.99=1971] [UPDATE: Count=27137, Max=2613, Min=97, Avg=181.25, 90=232, 99=293, 99.9=387, 99.99=1553] 
2024-10-03 02:56:35:883 40 sec: 221300 operations; 5551.6 current ops/sec; est completion in 21 hours 33 minutes [READ: Count=27603, Max=2649, Min=96, Avg=179.45, 90=222, 99=296, 99.9=391, 99.99=570] [UPDATE: Count=27913, Max=5199, Min=89, Avg=177.26, 90=220, 99=295, 99.9=384, 99.99=561] 
2024-10-03 02:56:45:883 50 sec: 276460 operations; 5516 current ops/sec; est completion in 21 hours 33 minutes [READ: Count=27756, Max=7463, Min=96, Avg=180.75, 90=227, 99=304, 99.9=404, 99.99=726] [UPDATE: Count=27404, Max=1062, Min=94, Avg=178.58, 90=227, 99=297, 99.9=390, 99.99=472] 
2024-10-03 02:56:55:883 60 sec: 333378 operations; 5691.8 current ops/sec; est completion in 21 hours 27 minutes [READ: Count=28656, Max=1342, Min=89, Avg=175.34, 90=215, 99=290, 99.9=400, 99.99=486] [UPDATE: Count=28262, Max=4659, Min=87, Avg=173.03, 90=212, 99=283, 99.9=378, 99.99=474] 
Maximum time elapsed. Requesting stop for the workload.
Stop requested for workload. Now Joining!
2024-10-03 02:56:56:895 61 sec: 340353 operations; 6892.29 current ops/sec; est completion in 21 hours 22 minutes [READ: Count=3402, Max=340, Min=92, Avg=143.25, 90=172, 99=275, 99.9=327, 99.99=340] [CLEANUP: Count=1, Max=1007, Min=1007, Avg=1007, 90=1007, 99=1007, 99.9=1007, 99.99=1007] [UPDATE: Count=3573, Max=3035, Min=92, Avg=142.34, 90=172, 99=270, 99.9=344, 99.99=3035] 
[OVERALL], RunTime(ms), 61016
[OVERALL], Throughput(ops/sec), 5578.094270355316
[TOTAL_GCS_Copy], Count, 32
[TOTAL_GC_TIME_Copy], Time(ms), 17
[TOTAL_GC_TIME_%_Copy], Time(%), 0.027861544512914643
[TOTAL_GCS_MarkSweepCompact], Count, 0
[TOTAL_GC_TIME_MarkSweepCompact], Time(ms), 0
[TOTAL_GC_TIME_%_MarkSweepCompact], Time(%), 0.0
[TOTAL_GCs], Count, 32
[TOTAL_GC_TIME], Time(ms), 17
[TOTAL_GC_TIME_%], Time(%), 0.027861544512914643
[READ], Operations, 170115
[READ], AverageLatency(us), 177.4292272874232
[READ], MinLatency(us), 78
[READ], MaxLatency(us), 38879
[READ], 95thPercentileLatency(us), 250
[READ], 99thPercentileLatency(us), 295
[READ], Return=OK, 170115
[CLEANUP], Operations, 1
[CLEANUP], AverageLatency(us), 1007.0
[CLEANUP], MinLatency(us), 1007
[CLEANUP], MaxLatency(us), 1007
[CLEANUP], 95thPercentileLatency(us), 1007
[CLEANUP], 99thPercentileLatency(us), 1007
[UPDATE], Operations, 170238
[UPDATE], AverageLatency(us), 175.48424558559194
[UPDATE], MinLatency(us), 83
[UPDATE], MaxLatency(us), 33951
[UPDATE], 95thPercentileLatency(us), 248
[UPDATE], 99thPercentileLatency(us), 292
[UPDATE], Return=OK, 170238
AUTOTEST_DONE
