/nix/store/2vwkssqpzykk37r996cafq7x63imf4sp-openjdk-21+35/bin/java  -classpath /nix/store/zw02np72fzsmga6s5mphhw7x8qlzf4sv-ycsb-0.17.0/share/conf:/nix/store/zw02np72fzsmga6s5mphhw7x8qlzf4sv-ycsb-0.17.0/share/lib/core-0.17.0.jar:/nix/store/zw02np72fzsmga6s5mphhw7x8qlzf4sv-ycsb-0.17.0/share/lib/HdrHistogram-2.1.4.jar:/nix/store/zw02np72fzsmga6s5mphhw7x8qlzf4sv-ycsb-0.17.0/share/lib/htrace-core4-4.1.0-incubating.jar:/nix/store/zw02np72fzsmga6s5mphhw7x8qlzf4sv-ycsb-0.17.0/share/lib/jackson-core-asl-1.9.4.jar:/nix/store/zw02np72fzsmga6s5mphhw7x8qlzf4sv-ycsb-0.17.0/share/lib/jackson-mapper-asl-1.9.4.jar:/nix/store/zw02np72fzsmga6s5mphhw7x8qlzf4sv-ycsb-0.17.0/share/redis-binding/lib/commons-pool2-2.4.2.jar:/nix/store/zw02np72fzsmga6s5mphhw7x8qlzf4sv-ycsb-0.17.0/share/redis-binding/lib/jedis-2.9.0.jar:/nix/store/zw02np72fzsmga6s5mphhw7x8qlzf4sv-ycsb-0.17.0/share/redis-binding/lib/redis-binding-0.17.0.jar site.ycsb.Client -t -db site.ycsb.db.RedisClient -s -P /home/host/vmuxIO/test/moonprogs//../../ycsb/share/workloads/workloada -p redis.host=10.1.0.2 -p redis.port=6379 -p operationcount=429496729 -p maxexecutiontime=61 -threads 1
Command line: -t -db site.ycsb.db.RedisClient -s -P /home/host/vmuxIO/test/moonprogs//../../ycsb/share/workloads/workloada -p redis.host=10.1.0.2 -p redis.port=6379 -p operationcount=429496729 -p maxexecutiontime=61 -threads 1
YCSB Client 0.17.0

Loading workload...
Starting test.
Maximum execution time specified as: 61 secs
DBWrapper: report latency for each error is false and specific error codes to track for latency are: []
2024-07-07 17:00:08:038 0 sec: 0 operations; est completion in 0 second 
2024-07-07 17:00:17:640 10 sec: 5619 operations; 561.9 current ops/sec; est completion in 8 days 20 hours [READ: Count=2849, Max=67455, Min=112, Avg=1560.26, 90=5527, 99=11175, 99.9=22111, 99.99=67455] [UPDATE: Count=2785, Max=65279, Min=112, Avg=1777.21, 90=6363, 99=12271, 99.9=20175, 99.99=65279] 
2024-07-07 17:00:27:641 20 sec: 12974 operations; 735.35 current ops/sec; est completion in 7 days 15 hours [READ: Count=3668, Max=25135, Min=90, Avg=1324.71, 90=4531, 99=11215, 99.9=17487, 99.99=25135] [UPDATE: Count=3673, Max=26447, Min=88, Avg=1337.82, 90=4711, 99=10767, 99.9=19503, 99.99=26447] 
2024-07-07 17:00:37:639 30 sec: 25184 operations; 1221.24 current ops/sec; est completion in 5 days 22 hours [READ: Count=6137, Max=14543, Min=91, Avg=812.17, 90=3127, 99=7087, 99.9=10135, 99.99=11423] [UPDATE: Count=6072, Max=13943, Min=86, Avg=810.37, 90=3167, 99=7043, 99.9=10199, 99.99=12167] 
2024-07-07 17:00:47:639 40 sec: 36949 operations; 1176.5 current ops/sec; est completion in 5 days 9 hours [READ: Count=5968, Max=15207, Min=88, Avg=826.1, 90=3119, 99=7047, 99.9=9351, 99.99=13511] [UPDATE: Count=5797, Max=13111, Min=87, Avg=865.6, 90=3195, 99=7079, 99.9=9391, 99.99=11535] 
2024-07-07 17:00:57:639 50 sec: 45566 operations; 861.7 current ops/sec; est completion in 5 days 10 hours [READ: Count=4308, Max=212479, Min=95, Avg=1172.21, 90=3749, 99=7779, 99.9=12559, 99.99=212479] [UPDATE: Count=4309, Max=207615, Min=95, Avg=1135.63, 90=3631, 99=7723, 99.9=10295, 99.99=207615] 
2024-07-07 17:01:07:642 60 sec: 56824 operations; 1125.57 current ops/sec; est completion in 5 days 5 hours [READ: Count=5650, Max=11799, Min=83, Avg=881.36, 90=3725, 99=7783, 99.9=8703, 99.99=11111] [UPDATE: Count=5608, Max=13951, Min=86, Avg=885.28, 90=3667, 99=7799, 99.9=9879, 99.99=11031] 
Maximum time elapsed. Requesting stop for the workload.
Stop requested for workload. Now Joining!
2024-07-07 17:01:08:665 61 sec: 57895 operations; 1045.9 current ops/sec; est completion in 5 days 5 hours [READ: Count=523, Max=28799, Min=95, Avg=994.26, 90=3439, 99=7191, 99.9=12511, 99.99=28799] [CLEANUP: Count=1, Max=11087, Min=11080, Avg=11084, 90=11087, 99=11087, 99.9=11087, 99.99=11087] [UPDATE: Count=548, Max=8991, Min=90, Avg=897.87, 90=3397, 99=7191, 99.9=7915, 99.99=8991] 
[OVERALL], RunTime(ms), 61033
[OVERALL], Throughput(ops/sec), 948.5851916176495
[TOTAL_GCS_Copy], Count, 5
[TOTAL_GC_TIME_Copy], Time(ms), 55
[TOTAL_GC_TIME_%_Copy], Time(%), 0.09011518358920584
[TOTAL_GCS_MarkSweepCompact], Count, 0
[TOTAL_GC_TIME_MarkSweepCompact], Time(ms), 0
[TOTAL_GC_TIME_%_MarkSweepCompact], Time(%), 0.0
[TOTAL_GCs], Count, 5
[TOTAL_GC_TIME], Time(ms), 55
[TOTAL_GC_TIME_%], Time(%), 0.09011518358920584
[READ], Operations, 29103
[READ], AverageLatency(us), 1022.8563721953063
[READ], MinLatency(us), 83
[READ], MaxLatency(us), 212479
[READ], 95thPercentileLatency(us), 5195
[READ], 99thPercentileLatency(us), 7987
[READ], Return=OK, 29103
[CLEANUP], Operations, 1
[CLEANUP], AverageLatency(us), 11084.0
[CLEANUP], MinLatency(us), 11080
[CLEANUP], MaxLatency(us), 11087
[CLEANUP], 95thPercentileLatency(us), 11087
[CLEANUP], 99thPercentileLatency(us), 11087
[UPDATE], Operations, 28792
[UPDATE], AverageLatency(us), 1047.232738260628
[UPDATE], MinLatency(us), 86
[UPDATE], MaxLatency(us), 207615
[UPDATE], 95thPercentileLatency(us), 5511
[UPDATE], 99thPercentileLatency(us), 8071
[UPDATE], Return=OK, 28792
AUTOTEST_DONE
