/nix/store/2vwkssqpzykk37r996cafq7x63imf4sp-openjdk-21+35/bin/java  -classpath /nix/store/zw02np72fzsmga6s5mphhw7x8qlzf4sv-ycsb-0.17.0/share/conf:/nix/store/zw02np72fzsmga6s5mphhw7x8qlzf4sv-ycsb-0.17.0/share/lib/core-0.17.0.jar:/nix/store/zw02np72fzsmga6s5mphhw7x8qlzf4sv-ycsb-0.17.0/share/lib/HdrHistogram-2.1.4.jar:/nix/store/zw02np72fzsmga6s5mphhw7x8qlzf4sv-ycsb-0.17.0/share/lib/htrace-core4-4.1.0-incubating.jar:/nix/store/zw02np72fzsmga6s5mphhw7x8qlzf4sv-ycsb-0.17.0/share/lib/jackson-core-asl-1.9.4.jar:/nix/store/zw02np72fzsmga6s5mphhw7x8qlzf4sv-ycsb-0.17.0/share/lib/jackson-mapper-asl-1.9.4.jar:/nix/store/zw02np72fzsmga6s5mphhw7x8qlzf4sv-ycsb-0.17.0/share/redis-binding/lib/commons-pool2-2.4.2.jar:/nix/store/zw02np72fzsmga6s5mphhw7x8qlzf4sv-ycsb-0.17.0/share/redis-binding/lib/jedis-2.9.0.jar:/nix/store/zw02np72fzsmga6s5mphhw7x8qlzf4sv-ycsb-0.17.0/share/redis-binding/lib/redis-binding-0.17.0.jar site.ycsb.Client -t -db site.ycsb.db.RedisClient -s -P /home/host/vmuxIO/test/moonprogs//../../ycsb/share/workloads/workloada -p redis.host=10.1.0.2 -p redis.port=6379 -p operationcount=429496729 -p maxexecutiontime=61 -threads 1
Command line: -t -db site.ycsb.db.RedisClient -s -P /home/host/vmuxIO/test/moonprogs//../../ycsb/share/workloads/workloada -p redis.host=10.1.0.2 -p redis.port=6379 -p operationcount=429496729 -p maxexecutiontime=61 -threads 1
YCSB Client 0.17.0

Loading workload...
Starting test.
Maximum execution time specified as: 61 secs
DBWrapper: report latency for each error is false and specific error codes to track for latency are: []
2024-07-07 17:00:14:392 0 sec: 0 operations; est completion in 0 second 
2024-07-07 17:00:23:796 10 sec: 7218 operations; 721.3 current ops/sec; est completion in 6 days 21 hours [READ: Count=3626, Max=95615, Min=109, Avg=1167.55, 90=3367, 99=9919, 99.9=17295, 99.99=95615] [UPDATE: Count=3601, Max=183935, Min=105, Avg=1303.74, 90=3663, 99=10991, 99.9=18143, 99.99=183935] 
2024-07-07 17:00:33:785 20 sec: 24983 operations; 1777.74 current ops/sec; est completion in 3 days 23 hours [READ: Count=8939, Max=17583, Min=94, Avg=554.41, 90=609, 99=5559, 99.9=9991, 99.99=15879] [UPDATE: Count=8817, Max=16879, Min=91, Avg=550.69, 90=654, 99=5235, 99.9=10095, 99.99=16383] 
2024-07-07 17:00:43:785 30 sec: 47913 operations; 2293 current ops/sec; est completion in 3 days 2 hours [READ: Count=11455, Max=14639, Min=97, Avg=432.39, 90=469, 99=3893, 99.9=6215, 99.99=9343] [UPDATE: Count=11475, Max=13487, Min=94, Avg=431.83, 90=472, 99=3975, 99.9=6447, 99.99=10407] 
2024-07-07 17:00:53:785 40 sec: 67112 operations; 1919.9 current ops/sec; est completion in 2 days 23 hours [READ: Count=9465, Max=11807, Min=97, Avg=515.18, 90=670, 99=3655, 99.9=6495, 99.99=11375] [UPDATE: Count=9734, Max=12471, Min=95, Avg=518.4, 90=693, 99=3605, 99.9=6383, 99.99=8135] 
2024-07-07 17:01:03:785 50 sec: 81353 operations; 1424.1 current ops/sec; est completion in 3 days 1 hour [READ: Count=6981, Max=212479, Min=95, Avg=695.39, 90=730, 99=4279, 99.9=8447, 99.99=210815] [UPDATE: Count=7260, Max=210559, Min=97, Avg=702.1, 90=700, 99=4279, 99.9=10775, 99.99=206975] 
2024-07-07 17:01:13:785 60 sec: 107636 operations; 2628.3 current ops/sec; est completion in 2 days 18 hours [READ: Count=13087, Max=12231, Min=91, Avg=384.7, 90=415, 99=4111, 99.9=6179, 99.99=10855] [UPDATE: Count=13196, Max=15751, Min=92, Avg=371.3, 90=403, 99=4111, 99.9=6047, 99.99=13071] 
Maximum time elapsed. Requesting stop for the workload.
Stop requested for workload. Now Joining!
2024-07-07 17:01:14:809 61 sec: 110820 operations; 3112.41 current ops/sec; est completion in 2 days 17 hours [READ: Count=1604, Max=10607, Min=95, Avg=315.77, 90=264, 99=3267, 99.9=5147, 99.99=10607] [CLEANUP: Count=1, Max=3569, Min=3568, Avg=3569, 90=3569, 99=3569, 99.9=3569, 99.99=3569] [UPDATE: Count=1580, Max=3661, Min=95, Avg=319.36, 90=267, 99=3213, 99.9=3421, 99.99=3661] 
[OVERALL], RunTime(ms), 61027
[OVERALL], Throughput(ops/sec), 1815.9175446933325
[TOTAL_GCS_Copy], Count, 10
[TOTAL_GC_TIME_Copy], Time(ms), 76
[TOTAL_GC_TIME_%_Copy], Time(%), 0.12453504186671473
[TOTAL_GCS_MarkSweepCompact], Count, 0
[TOTAL_GC_TIME_MarkSweepCompact], Time(ms), 0
[TOTAL_GC_TIME_%_MarkSweepCompact], Time(%), 0.0
[TOTAL_GCs], Count, 10
[TOTAL_GC_TIME], Time(ms), 76
[TOTAL_GC_TIME_%], Time(%), 0.12453504186671473
[READ], Operations, 55157
[READ], AverageLatency(us), 533.2810160088475
[READ], MinLatency(us), 91
[READ], MaxLatency(us), 212479
[READ], 95thPercentileLatency(us), 3199
[READ], 99thPercentileLatency(us), 4427
[READ], Return=OK, 55157
[CLEANUP], Operations, 1
[CLEANUP], AverageLatency(us), 3569.0
[CLEANUP], MinLatency(us), 3568
[CLEANUP], MaxLatency(us), 3569
[CLEANUP], 95thPercentileLatency(us), 3569
[CLEANUP], 99thPercentileLatency(us), 3569
[UPDATE], Operations, 55663
[UPDATE], AverageLatency(us), 539.9116828054542
[UPDATE], MinLatency(us), 91
[UPDATE], MaxLatency(us), 210559
[UPDATE], 95thPercentileLatency(us), 3209
[UPDATE], 99thPercentileLatency(us), 4471
[UPDATE], Return=OK, 55663
AUTOTEST_DONE
