/nix/store/2vwkssqpzykk37r996cafq7x63imf4sp-openjdk-21+35/bin/java  -classpath /nix/store/zw02np72fzsmga6s5mphhw7x8qlzf4sv-ycsb-0.17.0/share/conf:/nix/store/zw02np72fzsmga6s5mphhw7x8qlzf4sv-ycsb-0.17.0/share/lib/core-0.17.0.jar:/nix/store/zw02np72fzsmga6s5mphhw7x8qlzf4sv-ycsb-0.17.0/share/lib/HdrHistogram-2.1.4.jar:/nix/store/zw02np72fzsmga6s5mphhw7x8qlzf4sv-ycsb-0.17.0/share/lib/htrace-core4-4.1.0-incubating.jar:/nix/store/zw02np72fzsmga6s5mphhw7x8qlzf4sv-ycsb-0.17.0/share/lib/jackson-core-asl-1.9.4.jar:/nix/store/zw02np72fzsmga6s5mphhw7x8qlzf4sv-ycsb-0.17.0/share/lib/jackson-mapper-asl-1.9.4.jar:/nix/store/zw02np72fzsmga6s5mphhw7x8qlzf4sv-ycsb-0.17.0/share/redis-binding/lib/commons-pool2-2.4.2.jar:/nix/store/zw02np72fzsmga6s5mphhw7x8qlzf4sv-ycsb-0.17.0/share/redis-binding/lib/jedis-2.9.0.jar:/nix/store/zw02np72fzsmga6s5mphhw7x8qlzf4sv-ycsb-0.17.0/share/redis-binding/lib/redis-binding-0.17.0.jar site.ycsb.Client -t -db site.ycsb.db.RedisClient -s -P /home/host/vmuxIO/test/moonprogs//../../ycsb/share/workloads/workloada -p redis.host=10.1.0.2 -p redis.port=6382 -p operationcount=429496729 -p maxexecutiontime=61 -threads 1
Command line: -t -db site.ycsb.db.RedisClient -s -P /home/host/vmuxIO/test/moonprogs//../../ycsb/share/workloads/workloada -p redis.host=10.1.0.2 -p redis.port=6382 -p operationcount=429496729 -p maxexecutiontime=61 -threads 1
YCSB Client 0.17.0

Loading workload...
Starting test.
Maximum execution time specified as: 61 secs
DBWrapper: report latency for each error is false and specific error codes to track for latency are: []
2024-07-11 17:54:29:973 0 sec: 0 operations; est completion in 0 second 
2024-07-11 17:54:39:824 10 sec: 102439 operations; 10243.9 current ops/sec; est completion in 11 hours 38 minutes [READ: Count=50967, Max=12783, Min=77, Avg=94.29, 90=106, 99=155, 99.9=511, 99.99=2973] [UPDATE: Count=51509, Max=23055, Min=74, Avg=92.12, 90=104, 99=154, 99.9=528, 99.99=3457] 
2024-07-11 17:54:49:824 20 sec: 213587 operations; 11114.8 current ops/sec; est completion in 11 hours 9 minutes [READ: Count=55402, Max=956, Min=78, Avg=89.75, 90=96, 99=131, 99.9=141, 99.99=355] [UPDATE: Count=55709, Max=2313, Min=75, Avg=87.13, 90=94, 99=128, 99.9=137, 99.99=301] 
2024-07-11 17:54:59:824 30 sec: 326464 operations; 11287.7 current ops/sec; est completion in 10 hours 57 minutes [READ: Count=56551, Max=4191, Min=74, Avg=88.59, 90=94, 99=130, 99.9=141, 99.99=350] [UPDATE: Count=56326, Max=2157, Min=72, Avg=85.85, 90=91, 99=126, 99.9=135, 99.99=323] 
2024-07-11 17:55:09:824 40 sec: 439077 operations; 11261.3 current ops/sec; est completion in 10 hours 51 minutes [READ: Count=56153, Max=483, Min=76, Avg=88.79, 90=95, 99=128, 99.9=143, 99.99=358] [UPDATE: Count=56460, Max=3737, Min=74, Avg=86.04, 90=92, 99=125, 99.9=139, 99.99=284] 
2024-07-11 17:55:19:824 50 sec: 551542 operations; 11246.5 current ops/sec; est completion in 10 hours 48 minutes [READ: Count=56506, Max=3553, Min=78, Avg=88.87, 90=94, 99=129, 99.9=137, 99.99=331] [UPDATE: Count=55959, Max=6611, Min=75, Avg=86.24, 90=91, 99=126, 99.9=133, 99.99=273] 
2024-07-11 17:55:29:824 60 sec: 663776 operations; 11223.4 current ops/sec; est completion in 10 hours 46 minutes [READ: Count=56066, Max=389, Min=78, Avg=89.04, 90=94, 99=129, 99.9=137, 99.99=286] [UPDATE: Count=56168, Max=4583, Min=75, Avg=86.46, 90=92, 99=126, 99.9=133, 99.99=293] 
Maximum time elapsed. Requesting stop for the workload.
Stop requested for workload. Now Joining!
2024-07-11 17:55:30:835 61 sec: 674956 operations; 11047.43 current ops/sec; est completion in 10 hours 46 minutes [READ: Count=5589, Max=387, Min=78, Avg=90.06, 90=97, 99=131, 99.9=147, 99.99=381] [CLEANUP: Count=1, Max=819, Min=819, Avg=819, 90=819, 99=819, 99.9=819, 99.99=819] [UPDATE: Count=5591, Max=2679, Min=75, Avg=87.9, 90=94, 99=129, 99.9=138, 99.99=281] 
[OVERALL], RunTime(ms), 61015
[OVERALL], Throughput(ops/sec), 11062.132262558387
[TOTAL_GCS_Copy], Count, 63
[TOTAL_GC_TIME_Copy], Time(ms), 26
[TOTAL_GC_TIME_%_Copy], Time(%), 0.042612472342866504
[TOTAL_GCS_MarkSweepCompact], Count, 0
[TOTAL_GC_TIME_MarkSweepCompact], Time(ms), 0
[TOTAL_GC_TIME_%_MarkSweepCompact], Time(%), 0.0
[TOTAL_GCs], Count, 63
[TOTAL_GC_TIME], Time(ms), 26
[TOTAL_GC_TIME_%], Time(%), 0.042612472342866504
[READ], Operations, 337234
[READ], AverageLatency(us), 89.82117461465926
[READ], MinLatency(us), 74
[READ], MaxLatency(us), 12783
[READ], 95thPercentileLatency(us), 109
[READ], 99thPercentileLatency(us), 131
[READ], Return=OK, 337234
[CLEANUP], Operations, 1
[CLEANUP], AverageLatency(us), 819.0
[CLEANUP], MinLatency(us), 819
[CLEANUP], MaxLatency(us), 819
[CLEANUP], 95thPercentileLatency(us), 819
[CLEANUP], 99thPercentileLatency(us), 819
[UPDATE], Operations, 337722
[UPDATE], AverageLatency(us), 87.248529855917
[UPDATE], MinLatency(us), 72
[UPDATE], MaxLatency(us), 23055
[UPDATE], 95thPercentileLatency(us), 108
[UPDATE], 99thPercentileLatency(us), 128
[UPDATE], Return=OK, 337722
AUTOTEST_DONE
