/nix/store/2vwkssqpzykk37r996cafq7x63imf4sp-openjdk-21+35/bin/java  -classpath /nix/store/zw02np72fzsmga6s5mphhw7x8qlzf4sv-ycsb-0.17.0/share/conf:/nix/store/zw02np72fzsmga6s5mphhw7x8qlzf4sv-ycsb-0.17.0/share/lib/core-0.17.0.jar:/nix/store/zw02np72fzsmga6s5mphhw7x8qlzf4sv-ycsb-0.17.0/share/lib/HdrHistogram-2.1.4.jar:/nix/store/zw02np72fzsmga6s5mphhw7x8qlzf4sv-ycsb-0.17.0/share/lib/htrace-core4-4.1.0-incubating.jar:/nix/store/zw02np72fzsmga6s5mphhw7x8qlzf4sv-ycsb-0.17.0/share/lib/jackson-core-asl-1.9.4.jar:/nix/store/zw02np72fzsmga6s5mphhw7x8qlzf4sv-ycsb-0.17.0/share/lib/jackson-mapper-asl-1.9.4.jar:/nix/store/zw02np72fzsmga6s5mphhw7x8qlzf4sv-ycsb-0.17.0/share/redis-binding/lib/commons-pool2-2.4.2.jar:/nix/store/zw02np72fzsmga6s5mphhw7x8qlzf4sv-ycsb-0.17.0/share/redis-binding/lib/jedis-2.9.0.jar:/nix/store/zw02np72fzsmga6s5mphhw7x8qlzf4sv-ycsb-0.17.0/share/redis-binding/lib/redis-binding-0.17.0.jar site.ycsb.Client -t -db site.ycsb.db.RedisClient -s -P /home/host/vmuxIO/test/moonprogs//../../ycsb/share/workloads/workloada -p redis.host=10.1.0.2 -p redis.port=6384 -p operationcount=429496729 -p maxexecutiontime=61 -threads 1
Command line: -t -db site.ycsb.db.RedisClient -s -P /home/host/vmuxIO/test/moonprogs//../../ycsb/share/workloads/workloada -p redis.host=10.1.0.2 -p redis.port=6384 -p operationcount=429496729 -p maxexecutiontime=61 -threads 1
YCSB Client 0.17.0

Loading workload...
Starting test.
Maximum execution time specified as: 61 secs
DBWrapper: report latency for each error is false and specific error codes to track for latency are: []
2025-04-02 00:30:50:202 0 sec: 0 operations; est completion in 0 second 
2025-04-02 00:30:59:995 10 sec: 111508 operations; 11150.8 current ops/sec; est completion in 10 hours 41 minutes [READ: Count=55643, Max=18703, Min=59, Avg=84.54, 90=98, 99=198, 99.9=580, 99.99=3729] [UPDATE: Count=55878, Max=36991, Min=57, Avg=85.25, 90=99, 99=199, 99.9=779, 99.99=3921] 
2025-04-02 00:31:09:995 20 sec: 236763 operations; 12525.5 current ops/sec; est completion in 10 hours 4 minutes [READ: Count=62769, Max=7987, Min=56, Avg=79.79, 90=91, 99=183, 99.9=301, 99.99=1131] [UPDATE: Count=62473, Max=4107, Min=55, Avg=77.17, 90=89, 99=184, 99.9=305, 99.99=1251] 
2025-04-02 00:31:19:995 30 sec: 359430 operations; 12266.7 current ops/sec; est completion in 9 hours 56 minutes [READ: Count=61134, Max=2141, Min=56, Avg=81.61, 90=96, 99=220, 99.9=404, 99.99=704] [UPDATE: Count=61533, Max=3455, Min=55, Avg=78.79, 90=93, 99=198, 99.9=352, 99.99=976] 
2025-04-02 00:31:29:995 40 sec: 486944 operations; 12751.4 current ops/sec; est completion in 9 hours 47 minutes [READ: Count=63721, Max=3855, Min=57, Avg=78.39, 90=88, 99=162, 99.9=308, 99.99=1942] [UPDATE: Count=63793, Max=3833, Min=56, Avg=75.89, 90=86, 99=160, 99.9=276, 99.99=1777] 
2025-04-02 00:31:39:995 50 sec: 616052 operations; 12910.8 current ops/sec; est completion in 9 hours 40 minutes [READ: Count=64903, Max=6731, Min=56, Avg=77.41, 90=87, 99=151, 99.9=313, 99.99=1079] [UPDATE: Count=64205, Max=3603, Min=56, Avg=74.93, 90=85, 99=146, 99.9=297, 99.99=1287] 
2025-04-02 00:31:49:995 60 sec: 740251 operations; 12419.9 current ops/sec; est completion in 9 hours 39 minutes [READ: Count=62132, Max=4387, Min=57, Avg=80.58, 90=93, 99=194, 99.9=337, 99.99=788] [UPDATE: Count=62067, Max=3841, Min=55, Avg=77.85, 90=91, 99=187, 99.9=313, 99.99=585] 
Maximum time elapsed. Requesting stop for the workload.
Stop requested for workload. Now Joining!
2025-04-02 00:31:51:013 61 sec: 754705 operations; 14198.43 current ops/sec; est completion in 9 hours 37 minutes [READ: Count=7198, Max=571, Min=56, Avg=69.78, 90=78, 99=98, 99.9=215, 99.99=444] [CLEANUP: Count=1, Max=1314, Min=1314, Avg=1314, 90=1314, 99=1314, 99.9=1314, 99.99=1314] [UPDATE: Count=7256, Max=3019, Min=56, Avg=68.3, 90=76, 99=93, 99.9=252, 99.99=1936] 
[OVERALL], RunTime(ms), 61022
[OVERALL], Throughput(ops/sec), 12367.752613811412
[TOTAL_GCS_Copy], Count, 69
[TOTAL_GC_TIME_Copy], Time(ms), 32
[TOTAL_GC_TIME_%_Copy], Time(%), 0.05244010356920455
[TOTAL_GCS_MarkSweepCompact], Count, 0
[TOTAL_GC_TIME_MarkSweepCompact], Time(ms), 0
[TOTAL_GC_TIME_%_MarkSweepCompact], Time(%), 0.0
[TOTAL_GCs], Count, 69
[TOTAL_GC_TIME], Time(ms), 32
[TOTAL_GC_TIME_%], Time(%), 0.05244010356920455
[READ], Operations, 377500
[READ], AverageLatency(us), 80.08001589403973
[READ], MinLatency(us), 56
[READ], MaxLatency(us), 18703
[READ], 95thPercentileLatency(us), 112
[READ], 99thPercentileLatency(us), 183
[READ], Return=OK, 377500
[CLEANUP], Operations, 1
[CLEANUP], AverageLatency(us), 1314.0
[CLEANUP], MinLatency(us), 1314
[CLEANUP], MaxLatency(us), 1314
[CLEANUP], 95thPercentileLatency(us), 1314
[CLEANUP], 99thPercentileLatency(us), 1314
[UPDATE], Operations, 377205
[UPDATE], AverageLatency(us), 77.97564454341804
[UPDATE], MinLatency(us), 55
[UPDATE], MaxLatency(us), 36991
[UPDATE], 95thPercentileLatency(us), 110
[UPDATE], 99thPercentileLatency(us), 181
[UPDATE], Return=OK, 377205
AUTOTEST_DONE
