/nix/store/2vwkssqpzykk37r996cafq7x63imf4sp-openjdk-21+35/bin/java  -classpath /nix/store/zw02np72fzsmga6s5mphhw7x8qlzf4sv-ycsb-0.17.0/share/conf:/nix/store/zw02np72fzsmga6s5mphhw7x8qlzf4sv-ycsb-0.17.0/share/lib/core-0.17.0.jar:/nix/store/zw02np72fzsmga6s5mphhw7x8qlzf4sv-ycsb-0.17.0/share/lib/HdrHistogram-2.1.4.jar:/nix/store/zw02np72fzsmga6s5mphhw7x8qlzf4sv-ycsb-0.17.0/share/lib/htrace-core4-4.1.0-incubating.jar:/nix/store/zw02np72fzsmga6s5mphhw7x8qlzf4sv-ycsb-0.17.0/share/lib/jackson-core-asl-1.9.4.jar:/nix/store/zw02np72fzsmga6s5mphhw7x8qlzf4sv-ycsb-0.17.0/share/lib/jackson-mapper-asl-1.9.4.jar:/nix/store/zw02np72fzsmga6s5mphhw7x8qlzf4sv-ycsb-0.17.0/share/redis-binding/lib/commons-pool2-2.4.2.jar:/nix/store/zw02np72fzsmga6s5mphhw7x8qlzf4sv-ycsb-0.17.0/share/redis-binding/lib/jedis-2.9.0.jar:/nix/store/zw02np72fzsmga6s5mphhw7x8qlzf4sv-ycsb-0.17.0/share/redis-binding/lib/redis-binding-0.17.0.jar site.ycsb.Client -t -db site.ycsb.db.RedisClient -s -P /home/host/vmuxIO/test/moonprogs//../../ycsb/share/workloads/workloada -p redis.host=10.1.0.2 -p redis.port=6384 -p operationcount=429496729 -p maxexecutiontime=61 -threads 1
Command line: -t -db site.ycsb.db.RedisClient -s -P /home/host/vmuxIO/test/moonprogs//../../ycsb/share/workloads/workloada -p redis.host=10.1.0.2 -p redis.port=6384 -p operationcount=429496729 -p maxexecutiontime=61 -threads 1
YCSB Client 0.17.0

Loading workload...
Starting test.
Maximum execution time specified as: 61 secs
DBWrapper: report latency for each error is false and specific error codes to track for latency are: []
2024-07-11 18:50:13:241 0 sec: 0 operations; est completion in 0 second 
2024-07-11 18:50:23:080 10 sec: 80192 operations; 8018.4 current ops/sec; est completion in 14 hours 52 minutes [READ: Count=40242, Max=48927, Min=84, Avg=118.86, 90=136, 99=196, 99.9=806, 99.99=3627] [UPDATE: Count=39960, Max=6915, Min=82, Avg=118.64, 90=138, 99=209, 99.9=1523, 99.99=4041] 
2024-07-11 18:50:33:080 20 sec: 174297 operations; 9410.5 current ops/sec; est completion in 13 hours 41 minutes [READ: Count=47167, Max=3323, Min=80, Avg=105.4, 90=116, 99=159, 99.9=211, 99.99=739] [UPDATE: Count=46928, Max=2999, Min=76, Avg=103.47, 90=115, 99=160, 99.9=237, 99.99=868] 
2024-07-11 18:50:43:080 30 sec: 268679 operations; 9438.2 current ops/sec; est completion in 13 hours 18 minutes [READ: Count=47308, Max=4451, Min=78, Avg=105.29, 90=121, 99=187, 99.9=268, 99.99=626] [UPDATE: Count=47074, Max=2331, Min=75, Avg=103.33, 90=119, 99=190, 99.9=267, 99.99=666] 
2024-07-11 18:50:53:080 40 sec: 366225 operations; 9754.6 current ops/sec; est completion in 13 hours 1 minute [READ: Count=48646, Max=4271, Min=78, Avg=102.01, 90=113, 99=166, 99.9=223, 99.99=403] [UPDATE: Count=48900, Max=7091, Min=76, Avg=99.99, 90=111, 99=165, 99.9=227, 99.99=1732] 
2024-07-11 18:51:03:080 50 sec: 465361 operations; 9913.6 current ops/sec; est completion in 12 hours 48 minutes [READ: Count=49538, Max=1836, Min=76, Avg=100.37, 90=111, 99=155, 99.9=214, 99.99=391] [UPDATE: Count=49598, Max=7807, Min=75, Avg=98.39, 90=110, 99=155, 99.9=231, 99.99=1031] 
2024-07-11 18:51:13:080 60 sec: 563666 operations; 9830.5 current ops/sec; est completion in 12 hours 40 minutes [READ: Count=49041, Max=2015, Min=77, Avg=101.06, 90=113, 99=182, 99.9=266, 99.99=530] [UPDATE: Count=49264, Max=6243, Min=75, Avg=99.23, 90=111, 99=184, 99.9=283, 99.99=1883] 
Maximum time elapsed. Requesting stop for the workload.
Stop requested for workload. Now Joining!
2024-07-11 18:51:14:092 61 sec: 572113 operations; 8355.09 current ops/sec; est completion in 12 hours 42 minutes [READ: Count=4195, Max=3959, Min=87, Avg=119.47, 90=134, 99=172, 99.9=405, 99.99=3959] [CLEANUP: Count=1, Max=1033, Min=1033, Avg=1033, 90=1033, 99=1033, 99.9=1033, 99.99=1033] [UPDATE: Count=4252, Max=2119, Min=83, Avg=115.32, 90=133, 99=168, 99.9=229, 99.99=2119] 
[OVERALL], RunTime(ms), 61017
[OVERALL], Throughput(ops/sec), 9376.288575315077
[TOTAL_GCS_Copy], Count, 53
[TOTAL_GC_TIME_Copy], Time(ms), 23
[TOTAL_GC_TIME_%_Copy], Time(%), 0.03769441303243359
[TOTAL_GCS_MarkSweepCompact], Count, 0
[TOTAL_GC_TIME_MarkSweepCompact], Time(ms), 0
[TOTAL_GC_TIME_%_MarkSweepCompact], Time(%), 0.0
[TOTAL_GCs], Count, 53
[TOTAL_GC_TIME], Time(ms), 23
[TOTAL_GC_TIME_%], Time(%), 0.03769441303243359
[READ], Operations, 286137
[READ], AverageLatency(us), 105.29209784124387
[READ], MinLatency(us), 76
[READ], MaxLatency(us), 48927
[READ], 95thPercentileLatency(us), 132
[READ], 99thPercentileLatency(us), 174
[READ], Return=OK, 286137
[CLEANUP], Operations, 1
[CLEANUP], AverageLatency(us), 1033.0
[CLEANUP], MinLatency(us), 1033
[CLEANUP], MaxLatency(us), 1033
[CLEANUP], 95thPercentileLatency(us), 1033
[CLEANUP], 99thPercentileLatency(us), 1033
[UPDATE], Operations, 285976
[UPDATE], AverageLatency(us), 103.53504839566956
[UPDATE], MinLatency(us), 75
[UPDATE], MaxLatency(us), 7807
[UPDATE], 95thPercentileLatency(us), 132
[UPDATE], 99thPercentileLatency(us), 177
[UPDATE], Return=OK, 285976
AUTOTEST_DONE
