/nix/store/2vwkssqpzykk37r996cafq7x63imf4sp-openjdk-21+35/bin/java  -classpath /nix/store/zw02np72fzsmga6s5mphhw7x8qlzf4sv-ycsb-0.17.0/share/conf:/nix/store/zw02np72fzsmga6s5mphhw7x8qlzf4sv-ycsb-0.17.0/share/lib/core-0.17.0.jar:/nix/store/zw02np72fzsmga6s5mphhw7x8qlzf4sv-ycsb-0.17.0/share/lib/HdrHistogram-2.1.4.jar:/nix/store/zw02np72fzsmga6s5mphhw7x8qlzf4sv-ycsb-0.17.0/share/lib/htrace-core4-4.1.0-incubating.jar:/nix/store/zw02np72fzsmga6s5mphhw7x8qlzf4sv-ycsb-0.17.0/share/lib/jackson-core-asl-1.9.4.jar:/nix/store/zw02np72fzsmga6s5mphhw7x8qlzf4sv-ycsb-0.17.0/share/lib/jackson-mapper-asl-1.9.4.jar:/nix/store/zw02np72fzsmga6s5mphhw7x8qlzf4sv-ycsb-0.17.0/share/redis-binding/lib/commons-pool2-2.4.2.jar:/nix/store/zw02np72fzsmga6s5mphhw7x8qlzf4sv-ycsb-0.17.0/share/redis-binding/lib/jedis-2.9.0.jar:/nix/store/zw02np72fzsmga6s5mphhw7x8qlzf4sv-ycsb-0.17.0/share/redis-binding/lib/redis-binding-0.17.0.jar site.ycsb.Client -t -db site.ycsb.db.RedisClient -s -P /home/host/vmuxIO/test/moonprogs//../../ycsb/share/workloads/workloada -p redis.host=10.1.0.2 -p redis.port=6386 -p operationcount=429496729 -p maxexecutiontime=61 -threads 1
Command line: -t -db site.ycsb.db.RedisClient -s -P /home/host/vmuxIO/test/moonprogs//../../ycsb/share/workloads/workloada -p redis.host=10.1.0.2 -p redis.port=6386 -p operationcount=429496729 -p maxexecutiontime=61 -threads 1
YCSB Client 0.17.0

Loading workload...
Starting test.
Maximum execution time specified as: 61 secs
DBWrapper: report latency for each error is false and specific error codes to track for latency are: []
2024-07-11 18:50:12:651 0 sec: 0 operations; est completion in 0 second 
2024-07-11 18:50:22:495 10 sec: 82322 operations; 8232.2 current ops/sec; est completion in 14 hours 29 minutes [READ: Count=41335, Max=15631, Min=85, Avg=116.14, 90=130, 99=196, 99.9=779, 99.99=6383] [UPDATE: Count=40990, Max=23615, Min=82, Avg=115.94, 90=130, 99=200, 99.9=1135, 99.99=3643] 
2024-07-11 18:50:32:495 20 sec: 174310 operations; 9198.8 current ops/sec; est completion in 13 hours 41 minutes [READ: Count=45989, Max=7339, Min=81, Avg=108.17, 90=121, 99=156, 99.9=213, 99.99=523] [UPDATE: Count=45996, Max=2281, Min=79, Avg=105.86, 90=118, 99=151, 99.9=206, 99.99=563] 
2024-07-11 18:50:42:495 30 sec: 261712 operations; 8740.2 current ops/sec; est completion in 13 hours 40 minutes [READ: Count=43752, Max=8751, Min=81, Avg=113.67, 90=134, 99=201, 99.9=295, 99.99=1986] [UPDATE: Count=43650, Max=2002, Min=80, Avg=111.79, 90=132, 99=202, 99.9=282, 99.99=527] 
2024-07-11 18:50:52:495 40 sec: 359172 operations; 9746 current ops/sec; est completion in 13 hours 16 minutes [READ: Count=49029, Max=8607, Min=79, Avg=102.14, 90=116, 99=155, 99.9=224, 99.99=403] [UPDATE: Count=48431, Max=2353, Min=78, Avg=99.94, 90=114, 99=153, 99.9=210, 99.99=350] 
2024-07-11 18:51:02:495 50 sec: 452137 operations; 9296.5 current ops/sec; est completion in 13 hours 10 minutes [READ: Count=46348, Max=7027, Min=80, Avg=106.97, 90=123, 99=168, 99.9=231, 99.99=394] [UPDATE: Count=46617, Max=3315, Min=77, Avg=105.08, 90=121, 99=170, 99.9=228, 99.99=476] 
2024-07-11 18:51:12:495 60 sec: 541831 operations; 8969.4 current ops/sec; est completion in 13 hours 11 minutes [READ: Count=44738, Max=2097, Min=82, Avg=110.75, 90=128, 99=186, 99.9=280, 99.99=550] [UPDATE: Count=44956, Max=2989, Min=80, Avg=108.93, 90=126, 99=184, 99.9=281, 99.99=2010] 
Maximum time elapsed. Requesting stop for the workload.
Stop requested for workload. Now Joining!
2024-07-11 18:51:13:506 61 sec: 550049 operations; 8136.63 current ops/sec; est completion in 13 hours 12 minutes [READ: Count=4199, Max=8079, Min=90, Avg=122.91, 90=137, 99=175, 99.9=238, 99.99=8079] [CLEANUP: Count=1, Max=908, Min=908, Avg=908, 90=908, 99=908, 99.9=908, 99.99=908] [UPDATE: Count=4019, Max=561, Min=87, Avg=118.73, 90=135, 99=170, 99.9=210, 99.99=561] 
[OVERALL], RunTime(ms), 61014
[OVERALL], Throughput(ops/sec), 9015.127675615433
[TOTAL_GCS_Copy], Count, 51
[TOTAL_GC_TIME_Copy], Time(ms), 25
[TOTAL_GC_TIME_%_Copy], Time(%), 0.04097420264201659
[TOTAL_GCS_MarkSweepCompact], Count, 0
[TOTAL_GC_TIME_MarkSweepCompact], Time(ms), 0
[TOTAL_GC_TIME_%_MarkSweepCompact], Time(%), 0.0
[TOTAL_GCs], Count, 51
[TOTAL_GC_TIME], Time(ms), 25
[TOTAL_GC_TIME_%], Time(%), 0.04097420264201659
[READ], Operations, 275390
[READ], AverageLatency(us), 109.6078216347725
[READ], MinLatency(us), 79
[READ], MaxLatency(us), 15631
[READ], 95thPercentileLatency(us), 138
[READ], 99thPercentileLatency(us), 177
[READ], Return=OK, 275390
[CLEANUP], Operations, 1
[CLEANUP], AverageLatency(us), 908.0
[CLEANUP], MinLatency(us), 908
[CLEANUP], MaxLatency(us), 908
[CLEANUP], 95thPercentileLatency(us), 908
[CLEANUP], 99thPercentileLatency(us), 908
[UPDATE], Operations, 274659
[UPDATE], AverageLatency(us), 107.82048285328352
[UPDATE], MinLatency(us), 77
[UPDATE], MaxLatency(us), 23615
[UPDATE], 95thPercentileLatency(us), 136
[UPDATE], 99thPercentileLatency(us), 177
[UPDATE], Return=OK, 274659
AUTOTEST_DONE
