/nix/store/2vwkssqpzykk37r996cafq7x63imf4sp-openjdk-21+35/bin/java  -classpath /nix/store/zw02np72fzsmga6s5mphhw7x8qlzf4sv-ycsb-0.17.0/share/conf:/nix/store/zw02np72fzsmga6s5mphhw7x8qlzf4sv-ycsb-0.17.0/share/lib/core-0.17.0.jar:/nix/store/zw02np72fzsmga6s5mphhw7x8qlzf4sv-ycsb-0.17.0/share/lib/HdrHistogram-2.1.4.jar:/nix/store/zw02np72fzsmga6s5mphhw7x8qlzf4sv-ycsb-0.17.0/share/lib/htrace-core4-4.1.0-incubating.jar:/nix/store/zw02np72fzsmga6s5mphhw7x8qlzf4sv-ycsb-0.17.0/share/lib/jackson-core-asl-1.9.4.jar:/nix/store/zw02np72fzsmga6s5mphhw7x8qlzf4sv-ycsb-0.17.0/share/lib/jackson-mapper-asl-1.9.4.jar:/nix/store/zw02np72fzsmga6s5mphhw7x8qlzf4sv-ycsb-0.17.0/share/redis-binding/lib/commons-pool2-2.4.2.jar:/nix/store/zw02np72fzsmga6s5mphhw7x8qlzf4sv-ycsb-0.17.0/share/redis-binding/lib/jedis-2.9.0.jar:/nix/store/zw02np72fzsmga6s5mphhw7x8qlzf4sv-ycsb-0.17.0/share/redis-binding/lib/redis-binding-0.17.0.jar site.ycsb.Client -t -db site.ycsb.db.RedisClient -s -P /home/host/vmuxIO/test/moonprogs//../../ycsb/share/workloads/workloada -p redis.host=10.1.0.2 -p redis.port=6379 -p operationcount=429496729 -p maxexecutiontime=61 -threads 1
Command line: -t -db site.ycsb.db.RedisClient -s -P /home/host/vmuxIO/test/moonprogs//../../ycsb/share/workloads/workloada -p redis.host=10.1.0.2 -p redis.port=6379 -p operationcount=429496729 -p maxexecutiontime=61 -threads 1
YCSB Client 0.17.0

Loading workload...
Starting test.
Maximum execution time specified as: 61 secs
DBWrapper: report latency for each error is false and specific error codes to track for latency are: []
2024-06-26 10:40:49:579 0 sec: 0 operations; est completion in 0 second 
2024-06-26 10:40:59:426 10 sec: 89729 operations; 8972.9 current ops/sec; est completion in 13 hours 17 minutes [READ: Count=44925, Max=42655, Min=88, Avg=108.43, 90=116, 99=146, 99.9=455, 99.99=3635] [UPDATE: Count=44807, Max=10887, Min=87, Avg=105.78, 90=113, 99=148, 99.9=645, 99.99=3049] 
2024-06-26 10:41:09:426 20 sec: 184683 operations; 9495.4 current ops/sec; est completion in 12 hours 54 minutes [READ: Count=47326, Max=5107, Min=85, Avg=104.85, 90=115, 99=131, 99.9=292, 99.99=541] [UPDATE: Count=47625, Max=2459, Min=81, Avg=102.25, 90=112, 99=129, 99.9=284, 99.99=483] 
2024-06-26 10:41:19:426 30 sec: 278750 operations; 9406.7 current ops/sec; est completion in 12 hours 49 minutes [READ: Count=47151, Max=7387, Min=86, Avg=106.15, 90=117, 99=137, 99.9=281, 99.99=448] [UPDATE: Count=46916, Max=1166, Min=84, Avg=103.53, 90=114, 99=134, 99.9=265, 99.99=385] 
2024-06-26 10:41:29:426 40 sec: 375696 operations; 9694.6 current ops/sec; est completion in 12 hours 41 minutes [READ: Count=48116, Max=743, Min=83, Avg=102.87, 90=112, 99=130, 99.9=268, 99.99=417] [UPDATE: Count=48830, Max=7423, Min=82, Avg=100.56, 90=109, 99=127, 99.9=180, 99.99=592] 
2024-06-26 10:41:39:426 50 sec: 470288 operations; 9459.2 current ops/sec; est completion in 12 hours 40 minutes [READ: Count=47227, Max=3319, Min=85, Avg=105.64, 90=117, 99=143, 99.9=215, 99.99=673] [UPDATE: Count=47365, Max=421, Min=84, Avg=102.91, 90=114, 99=140, 99.9=190, 99.99=314] 
2024-06-26 10:41:49:426 60 sec: 565780 operations; 9549.2 current ops/sec; est completion in 12 hours 38 minutes [READ: Count=47547, Max=2645, Min=84, Avg=104.6, 90=116, 99=136, 99.9=215, 99.99=376] [UPDATE: Count=47945, Max=426, Min=83, Avg=101.93, 90=113, 99=132, 99.9=194, 99.99=328] 
Maximum time elapsed. Requesting stop for the workload.
Stop requested for workload. Now Joining!
2024-06-26 10:41:50:437 61 sec: 575118 operations; 9236.4 current ops/sec; est completion in 12 hours 38 minutes [READ: Count=4734, Max=447, Min=88, Avg=107.74, 90=128, 99=138, 99.9=294, 99.99=447] [CLEANUP: Count=1, Max=875, Min=875, Avg=875, 90=875, 99=875, 99.9=875, 99.99=875] [UPDATE: Count=4604, Max=2563, Min=85, Avg=105.57, 90=125, 99=134, 99.9=289, 99.99=2563] 
[OVERALL], RunTime(ms), 61018
[OVERALL], Throughput(ops/sec), 9425.38267396506
[TOTAL_GCS_Copy], Count, 53
[TOTAL_GC_TIME_Copy], Time(ms), 24
[TOTAL_GC_TIME_%_Copy], Time(%), 0.039332655937592186
[TOTAL_GCS_MarkSweepCompact], Count, 0
[TOTAL_GC_TIME_MarkSweepCompact], Time(ms), 0
[TOTAL_GC_TIME_%_MarkSweepCompact], Time(%), 0.0
[TOTAL_GCs], Count, 53
[TOTAL_GC_TIME], Time(ms), 24
[TOTAL_GC_TIME_%], Time(%), 0.039332655937592186
[READ], Operations, 287026
[READ], AverageLatency(us), 105.43018750914551
[READ], MinLatency(us), 83
[READ], MaxLatency(us), 42655
[READ], 95thPercentileLatency(us), 125
[READ], 99thPercentileLatency(us), 138
[READ], Return=OK, 287026
[CLEANUP], Operations, 1
[CLEANUP], AverageLatency(us), 875.0
[CLEANUP], MinLatency(us), 875
[CLEANUP], MaxLatency(us), 875
[CLEANUP], 95thPercentileLatency(us), 875
[CLEANUP], 99thPercentileLatency(us), 875
[UPDATE], Operations, 288092
[UPDATE], AverageLatency(us), 102.82805492689835
[UPDATE], MinLatency(us), 81
[UPDATE], MaxLatency(us), 10887
[UPDATE], 95thPercentileLatency(us), 122
[UPDATE], 99thPercentileLatency(us), 135
[UPDATE], Return=OK, 288092
AUTOTEST_DONE
