/nix/store/2vwkssqpzykk37r996cafq7x63imf4sp-openjdk-21+35/bin/java  -classpath /nix/store/zw02np72fzsmga6s5mphhw7x8qlzf4sv-ycsb-0.17.0/share/conf:/nix/store/zw02np72fzsmga6s5mphhw7x8qlzf4sv-ycsb-0.17.0/share/lib/core-0.17.0.jar:/nix/store/zw02np72fzsmga6s5mphhw7x8qlzf4sv-ycsb-0.17.0/share/lib/HdrHistogram-2.1.4.jar:/nix/store/zw02np72fzsmga6s5mphhw7x8qlzf4sv-ycsb-0.17.0/share/lib/htrace-core4-4.1.0-incubating.jar:/nix/store/zw02np72fzsmga6s5mphhw7x8qlzf4sv-ycsb-0.17.0/share/lib/jackson-core-asl-1.9.4.jar:/nix/store/zw02np72fzsmga6s5mphhw7x8qlzf4sv-ycsb-0.17.0/share/lib/jackson-mapper-asl-1.9.4.jar:/nix/store/zw02np72fzsmga6s5mphhw7x8qlzf4sv-ycsb-0.17.0/share/redis-binding/lib/commons-pool2-2.4.2.jar:/nix/store/zw02np72fzsmga6s5mphhw7x8qlzf4sv-ycsb-0.17.0/share/redis-binding/lib/jedis-2.9.0.jar:/nix/store/zw02np72fzsmga6s5mphhw7x8qlzf4sv-ycsb-0.17.0/share/redis-binding/lib/redis-binding-0.17.0.jar site.ycsb.Client -t -db site.ycsb.db.RedisClient -s -P /home/host/vmuxIO/test/moonprogs//../../ycsb/share/workloads/workloada -p redis.host=10.1.0.2 -p redis.port=6384 -p operationcount=429496729 -p maxexecutiontime=61 -threads 1
Command line: -t -db site.ycsb.db.RedisClient -s -P /home/host/vmuxIO/test/moonprogs//../../ycsb/share/workloads/workloada -p redis.host=10.1.0.2 -p redis.port=6384 -p operationcount=429496729 -p maxexecutiontime=61 -threads 1
YCSB Client 0.17.0

Loading workload...
Starting test.
Maximum execution time specified as: 61 secs
DBWrapper: report latency for each error is false and specific error codes to track for latency are: []
2024-10-15 12:24:32:260 0 sec: 0 operations; est completion in 0 second 
2024-10-15 12:24:42:120 10 sec: 86789 operations; 8678.03 current ops/sec; est completion in 13 hours 44 minutes [READ: Count=43582, Max=45151, Min=77, Avg=110.15, 90=127, 99=246, 99.9=596, 99.99=3305] [UPDATE: Count=43213, Max=6275, Min=78, Avg=109.19, 90=125, 99=240, 99.9=1087, 99.99=3899] 
2024-10-15 12:24:52:120 20 sec: 184669 operations; 9788 current ops/sec; est completion in 12 hours 54 minutes [READ: Count=48975, Max=7291, Min=78, Avg=101.48, 90=115, 99=156, 99.9=250, 99.99=511] [UPDATE: Count=48899, Max=2327, Min=76, Avg=99.27, 90=112, 99=155, 99.9=240, 99.99=661] 
2024-10-15 12:25:02:120 30 sec: 284230 operations; 9957.1 current ops/sec; est completion in 12 hours 35 minutes [READ: Count=49823, Max=1951, Min=78, Avg=99.9, 90=112, 99=152, 99.9=217, 99.99=1214] [UPDATE: Count=49738, Max=7847, Min=76, Avg=97.91, 90=110, 99=150, 99.9=210, 99.99=536] 
2024-10-15 12:25:12:120 40 sec: 381243 operations; 9701.3 current ops/sec; est completion in 12 hours 30 minutes [READ: Count=48337, Max=1906, Min=79, Avg=102.38, 90=115, 99=192, 99.9=284, 99.99=530] [UPDATE: Count=48676, Max=4017, Min=76, Avg=100.44, 90=113, 99=190, 99.9=267, 99.99=872] 
2024-10-15 12:25:22:120 50 sec: 479964 operations; 9872.1 current ops/sec; est completion in 12 hours 24 minutes [READ: Count=49427, Max=7555, Min=77, Avg=100.71, 90=111, 99=155, 99.9=215, 99.99=393] [UPDATE: Count=49294, Max=1937, Min=76, Avg=98.8, 90=110, 99=154, 99.9=214, 99.99=1851] 
2024-10-15 12:25:32:120 60 sec: 579503 operations; 9953.9 current ops/sec; est completion in 12 hours 20 minutes [READ: Count=49729, Max=1892, Min=79, Avg=99.79, 90=110, 99=155, 99.9=226, 99.99=350] [UPDATE: Count=49810, Max=3209, Min=76, Avg=97.98, 90=109, 99=152, 99.9=221, 99.99=1086] 
Maximum time elapsed. Requesting stop for the workload.
Stop requested for workload. Now Joining!
2024-10-15 12:25:33:131 61 sec: 589061 operations; 9444.66 current ops/sec; est completion in 12 hours 20 minutes [READ: Count=4828, Max=1874, Min=79, Avg=104.69, 90=123, 99=194, 99.9=223, 99.99=1874] [CLEANUP: Count=1, Max=1031, Min=1031, Avg=1031, 90=1031, 99=1031, 99.9=1031, 99.99=1031] [UPDATE: Count=4730, Max=2785, Min=80, Avg=103.37, 90=122, 99=191, 99.9=223, 99.99=2785] 
[OVERALL], RunTime(ms), 61016
[OVERALL], Throughput(ops/sec), 9654.205454307066
[TOTAL_GCS_Copy], Count, 55
[TOTAL_GC_TIME_Copy], Time(ms), 24
[TOTAL_GC_TIME_%_Copy], Time(%), 0.03933394519470303
[TOTAL_GCS_MarkSweepCompact], Count, 0
[TOTAL_GC_TIME_MarkSweepCompact], Time(ms), 0
[TOTAL_GC_TIME_%_MarkSweepCompact], Time(%), 0.0
[TOTAL_GCs], Count, 55
[TOTAL_GC_TIME], Time(ms), 24
[TOTAL_GC_TIME_%], Time(%), 0.03933394519470303
[READ], Operations, 294701
[READ], AverageLatency(us), 102.27891659682186
[READ], MinLatency(us), 77
[READ], MaxLatency(us), 45151
[READ], 95thPercentileLatency(us), 127
[READ], 99thPercentileLatency(us), 176
[READ], Return=OK, 294701
[CLEANUP], Operations, 1
[CLEANUP], AverageLatency(us), 1031.0
[CLEANUP], MinLatency(us), 1031
[CLEANUP], MaxLatency(us), 1031
[CLEANUP], 95thPercentileLatency(us), 1031
[CLEANUP], 99thPercentileLatency(us), 1031
[UPDATE], Operations, 294360
[UPDATE], AverageLatency(us), 100.45603682565566
[UPDATE], MinLatency(us), 76
[UPDATE], MaxLatency(us), 7847
[UPDATE], 95thPercentileLatency(us), 124
[UPDATE], 99thPercentileLatency(us), 174
[UPDATE], Return=OK, 294360
AUTOTEST_DONE
