/nix/store/2vwkssqpzykk37r996cafq7x63imf4sp-openjdk-21+35/bin/java  -classpath /nix/store/zw02np72fzsmga6s5mphhw7x8qlzf4sv-ycsb-0.17.0/share/conf:/nix/store/zw02np72fzsmga6s5mphhw7x8qlzf4sv-ycsb-0.17.0/share/lib/core-0.17.0.jar:/nix/store/zw02np72fzsmga6s5mphhw7x8qlzf4sv-ycsb-0.17.0/share/lib/HdrHistogram-2.1.4.jar:/nix/store/zw02np72fzsmga6s5mphhw7x8qlzf4sv-ycsb-0.17.0/share/lib/htrace-core4-4.1.0-incubating.jar:/nix/store/zw02np72fzsmga6s5mphhw7x8qlzf4sv-ycsb-0.17.0/share/lib/jackson-core-asl-1.9.4.jar:/nix/store/zw02np72fzsmga6s5mphhw7x8qlzf4sv-ycsb-0.17.0/share/lib/jackson-mapper-asl-1.9.4.jar:/nix/store/zw02np72fzsmga6s5mphhw7x8qlzf4sv-ycsb-0.17.0/share/redis-binding/lib/commons-pool2-2.4.2.jar:/nix/store/zw02np72fzsmga6s5mphhw7x8qlzf4sv-ycsb-0.17.0/share/redis-binding/lib/jedis-2.9.0.jar:/nix/store/zw02np72fzsmga6s5mphhw7x8qlzf4sv-ycsb-0.17.0/share/redis-binding/lib/redis-binding-0.17.0.jar site.ycsb.Client -t -db site.ycsb.db.RedisClient -s -P /home/host/vmuxIO/test/moonprogs//../../ycsb/share/workloads/workloada -p redis.host=10.1.0.2 -p redis.port=6390 -p operationcount=429496729 -p maxexecutiontime=61 -threads 1
Command line: -t -db site.ycsb.db.RedisClient -s -P /home/host/vmuxIO/test/moonprogs//../../ycsb/share/workloads/workloada -p redis.host=10.1.0.2 -p redis.port=6390 -p operationcount=429496729 -p maxexecutiontime=61 -threads 1
YCSB Client 0.17.0

Loading workload...
Starting test.
Maximum execution time specified as: 61 secs
DBWrapper: report latency for each error is false and specific error codes to track for latency are: []
2024-07-11 18:55:15:734 0 sec: 0 operations; est completion in 0 second 
2024-07-11 18:55:25:533 10 sec: 17562 operations; 1756.2 current ops/sec; est completion in 2 days 19 hours [READ: Count=8779, Max=48767, Min=216, Avg=547.72, 90=634, 99=3607, 99.9=4615, 99.99=11143] [UPDATE: Count=8790, Max=10535, Min=220, Avg=549.84, 90=637, 99=3761, 99.9=4559, 99.99=7087] 
2024-07-11 18:55:35:533 20 sec: 35296 operations; 1773.22 current ops/sec; est completion in 2 days 19 hours [READ: Count=8895, Max=6095, Min=220, Avg=561.3, 90=698, 99=920, 99.9=3951, 99.99=4691] [UPDATE: Count=8832, Max=4255, Min=216, Avg=553.76, 90=693, 99=913, 99.9=1767, 99.99=4151] 
2024-07-11 18:55:45:533 30 sec: 52630 operations; 1733.57 current ops/sec; est completion in 2 days 19 hours [READ: Count=8715, Max=7923, Min=208, Avg=572.61, 90=711, 99=944, 99.9=1582, 99.99=5463] [UPDATE: Count=8619, Max=8055, Min=201, Avg=572.93, 90=717, 99=961, 99.9=1485, 99.99=4231] 
2024-07-11 18:55:55:533 40 sec: 70107 operations; 1747.7 current ops/sec; est completion in 2 days 20 hours [READ: Count=8853, Max=5331, Min=217, Avg=569.32, 90=694, 99=926, 99.9=1334, 99.99=3609] [UPDATE: Count=8624, Max=5291, Min=214, Avg=567.42, 90=695, 99=930, 99.9=1174, 99.99=3679] 
2024-07-11 18:56:05:533 50 sec: 88334 operations; 1822.7 current ops/sec; est completion in 2 days 19 hours [READ: Count=8953, Max=3273, Min=222, Avg=546.39, 90=677, 99=893, 99.9=1186, 99.99=3211] [UPDATE: Count=9274, Max=8063, Min=201, Avg=546.14, 90=673, 99=892, 99.9=1305, 99.99=3181] 
2024-07-11 18:56:15:533 60 sec: 106099 operations; 1776.5 current ops/sec; est completion in 2 days 19 hours [READ: Count=8792, Max=9191, Min=215, Avg=561.25, 90=696, 99=970, 99.9=1314, 99.99=3917] [UPDATE: Count=8973, Max=3593, Min=208, Avg=559.36, 90=697, 99=974, 99.9=1363, 99.99=3461] 
Maximum time elapsed. Requesting stop for the workload.
Stop requested for workload. Now Joining!
2024-07-11 18:56:16:545 61 sec: 108227 operations; 2102.77 current ops/sec; est completion in 2 days 19 hours [READ: Count=1073, Max=8099, Min=209, Avg=476.11, 90=597, 99=852, 99.9=4271, 99.99=8099] [CLEANUP: Count=1, Max=1054, Min=1054, Avg=1054, 90=1054, 99=1054, 99.9=1054, 99.99=1054] [UPDATE: Count=1055, Max=4491, Min=230, Avg=466.58, 90=594, 99=765, 99.9=3393, 99.99=4491] 
[OVERALL], RunTime(ms), 61023
[OVERALL], Throughput(ops/sec), 1773.5444012913165
[TOTAL_GCS_Copy], Count, 10
[TOTAL_GC_TIME_Copy], Time(ms), 17
[TOTAL_GC_TIME_%_Copy], Time(%), 0.027858348491552363
[TOTAL_GCS_MarkSweepCompact], Count, 0
[TOTAL_GC_TIME_MarkSweepCompact], Time(ms), 0
[TOTAL_GC_TIME_%_MarkSweepCompact], Time(%), 0.0
[TOTAL_GCs], Count, 10
[TOTAL_GC_TIME], Time(ms), 17
[TOTAL_GC_TIME_%], Time(%), 0.027858348491552363
[READ], Operations, 54060
[READ], AverageLatency(us), 558.0624306326304
[READ], MinLatency(us), 208
[READ], MaxLatency(us), 48767
[READ], 95thPercentileLatency(us), 752
[READ], 99thPercentileLatency(us), 951
[READ], Return=OK, 54060
[CLEANUP], Operations, 1
[CLEANUP], AverageLatency(us), 1054.0
[CLEANUP], MinLatency(us), 1054
[CLEANUP], MaxLatency(us), 1054
[CLEANUP], 95thPercentileLatency(us), 1054
[CLEANUP], 99thPercentileLatency(us), 1054
[UPDATE], Operations, 54167
[UPDATE], AverageLatency(us), 556.2725644765263
[UPDATE], MinLatency(us), 201
[UPDATE], MaxLatency(us), 10535
[UPDATE], 95thPercentileLatency(us), 755
[UPDATE], 99thPercentileLatency(us), 973
[UPDATE], Return=OK, 54167
AUTOTEST_DONE
