/nix/store/2vwkssqpzykk37r996cafq7x63imf4sp-openjdk-21+35/bin/java  -classpath /nix/store/zw02np72fzsmga6s5mphhw7x8qlzf4sv-ycsb-0.17.0/share/conf:/nix/store/zw02np72fzsmga6s5mphhw7x8qlzf4sv-ycsb-0.17.0/share/lib/core-0.17.0.jar:/nix/store/zw02np72fzsmga6s5mphhw7x8qlzf4sv-ycsb-0.17.0/share/lib/HdrHistogram-2.1.4.jar:/nix/store/zw02np72fzsmga6s5mphhw7x8qlzf4sv-ycsb-0.17.0/share/lib/htrace-core4-4.1.0-incubating.jar:/nix/store/zw02np72fzsmga6s5mphhw7x8qlzf4sv-ycsb-0.17.0/share/lib/jackson-core-asl-1.9.4.jar:/nix/store/zw02np72fzsmga6s5mphhw7x8qlzf4sv-ycsb-0.17.0/share/lib/jackson-mapper-asl-1.9.4.jar:/nix/store/zw02np72fzsmga6s5mphhw7x8qlzf4sv-ycsb-0.17.0/share/redis-binding/lib/commons-pool2-2.4.2.jar:/nix/store/zw02np72fzsmga6s5mphhw7x8qlzf4sv-ycsb-0.17.0/share/redis-binding/lib/jedis-2.9.0.jar:/nix/store/zw02np72fzsmga6s5mphhw7x8qlzf4sv-ycsb-0.17.0/share/redis-binding/lib/redis-binding-0.17.0.jar site.ycsb.Client -t -db site.ycsb.db.RedisClient -s -P /home/host/vmuxIO/test/moonprogs//../../ycsb/share/workloads/workloada -p redis.host=10.1.0.2 -p redis.port=6382 -p operationcount=429496729 -p maxexecutiontime=61 -threads 1
Command line: -t -db site.ycsb.db.RedisClient -s -P /home/host/vmuxIO/test/moonprogs//../../ycsb/share/workloads/workloada -p redis.host=10.1.0.2 -p redis.port=6382 -p operationcount=429496729 -p maxexecutiontime=61 -threads 1
YCSB Client 0.17.0

Loading workload...
Starting test.
Maximum execution time specified as: 61 secs
DBWrapper: report latency for each error is false and specific error codes to track for latency are: []
2024-07-11 00:26:24:924 0 sec: 0 operations; est completion in 0 second [UPDATE: Count=1, Max=31311, Min=31296, Avg=31304, 90=31311, 99=31311, 99.9=31311, 99.99=31311] 
2024-07-11 00:26:34:722 10 sec: 17321 operations; 1731.93 current ops/sec; est completion in 2 days 20 hours [READ: Count=8653, Max=37567, Min=215, Avg=549.22, 90=629, 99=3721, 99.9=4339, 99.99=15839] [UPDATE: Count=8669, Max=9207, Min=216, Avg=559.42, 90=636, 99=3891, 99.9=4879, 99.99=8179] 
2024-07-11 00:26:44:722 20 sec: 35152 operations; 1783.1 current ops/sec; est completion in 2 days 19 hours [READ: Count=8913, Max=4539, Min=212, Avg=556.85, 90=691, 99=917, 99.9=1237, 99.99=4479] [UPDATE: Count=8916, Max=4559, Min=229, Avg=555.51, 90=688, 99=925, 99.9=2036, 99.99=4099] 
2024-07-11 00:26:54:722 30 sec: 52429 operations; 1727.7 current ops/sec; est completion in 2 days 20 hours [READ: Count=8686, Max=7291, Min=228, Avg=579.54, 90=717, 99=978, 99.9=3775, 99.99=6963] [UPDATE: Count=8591, Max=3967, Min=223, Avg=569.4, 90=714, 99=951, 99.9=1282, 99.99=3777] 
2024-07-11 00:27:04:722 40 sec: 69195 operations; 1676.77 current ops/sec; est completion in 2 days 20 hours [READ: Count=8429, Max=9751, Min=216, Avg=593.75, 90=732, 99=953, 99.9=1473, 99.99=3925] [UPDATE: Count=8337, Max=4375, Min=223, Avg=591.15, 90=727, 99=943, 99.9=1587, 99.99=4371] 
2024-07-11 00:27:14:723 50 sec: 86782 operations; 1758.52 current ops/sec; est completion in 2 days 20 hours [READ: Count=8809, Max=7651, Min=223, Avg=565.96, 90=702, 99=924, 99.9=1253, 99.99=3555] [UPDATE: Count=8778, Max=4391, Min=213, Avg=565.62, 90=704, 99=958, 99.9=1331, 99.99=3865] 
2024-07-11 00:27:24:722 60 sec: 104356 operations; 1757.4 current ops/sec; est completion in 2 days 20 hours [READ: Count=8915, Max=9631, Min=216, Avg=568.51, 90=698, 99=929, 99.9=1404, 99.99=5755] [UPDATE: Count=8659, Max=3627, Min=215, Avg=563.9, 90=691, 99=928, 99.9=1415, 99.99=3513] 
Maximum time elapsed. Requesting stop for the workload.
Stop requested for workload. Now Joining!
2024-07-11 00:27:25:735 61 sec: 106472 operations; 2090.91 current ops/sec; est completion in 2 days 20 hours [READ: Count=1044, Max=3721, Min=237, Avg=462.58, 90=569, 99=724, 99.9=1001, 99.99=3721] [CLEANUP: Count=1, Max=1284, Min=1284, Avg=1284, 90=1284, 99=1284, 99.9=1284, 99.99=1284] [UPDATE: Count=1072, Max=8863, Min=213, Avg=487.17, 90=593, 99=903, 99.9=4539, 99.99=8863] 
[OVERALL], RunTime(ms), 61022
[OVERALL], Throughput(ops/sec), 1744.8133460063584
[TOTAL_GCS_Copy], Count, 10
[TOTAL_GC_TIME_Copy], Time(ms), 15
[TOTAL_GC_TIME_%_Copy], Time(%), 0.024581298548064633
[TOTAL_GCS_MarkSweepCompact], Count, 0
[TOTAL_GC_TIME_MarkSweepCompact], Time(ms), 0
[TOTAL_GC_TIME_%_MarkSweepCompact], Time(%), 0.0
[TOTAL_GCs], Count, 10
[TOTAL_GC_TIME], Time(ms), 15
[TOTAL_GC_TIME_%], Time(%), 0.024581298548064633
[READ], Operations, 53449
[READ], AverageLatency(us), 566.7261875806844
[READ], MinLatency(us), 212
[READ], MaxLatency(us), 37567
[READ], 95thPercentileLatency(us), 767
[READ], 99thPercentileLatency(us), 977
[READ], Return=OK, 53449
[CLEANUP], Operations, 1
[CLEANUP], AverageLatency(us), 1284.0
[CLEANUP], MinLatency(us), 1284
[CLEANUP], MaxLatency(us), 1284
[CLEANUP], 95thPercentileLatency(us), 1284
[CLEANUP], 99thPercentileLatency(us), 1284
[UPDATE], Operations, 53023
[UPDATE], AverageLatency(us), 566.2466288214548
[UPDATE], MinLatency(us), 213
[UPDATE], MaxLatency(us), 31311
[UPDATE], 95thPercentileLatency(us), 764
[UPDATE], 99thPercentileLatency(us), 993
[UPDATE], Return=OK, 53023
AUTOTEST_DONE
