/nix/store/2vwkssqpzykk37r996cafq7x63imf4sp-openjdk-21+35/bin/java  -classpath /nix/store/zw02np72fzsmga6s5mphhw7x8qlzf4sv-ycsb-0.17.0/share/conf:/nix/store/zw02np72fzsmga6s5mphhw7x8qlzf4sv-ycsb-0.17.0/share/lib/core-0.17.0.jar:/nix/store/zw02np72fzsmga6s5mphhw7x8qlzf4sv-ycsb-0.17.0/share/lib/HdrHistogram-2.1.4.jar:/nix/store/zw02np72fzsmga6s5mphhw7x8qlzf4sv-ycsb-0.17.0/share/lib/htrace-core4-4.1.0-incubating.jar:/nix/store/zw02np72fzsmga6s5mphhw7x8qlzf4sv-ycsb-0.17.0/share/lib/jackson-core-asl-1.9.4.jar:/nix/store/zw02np72fzsmga6s5mphhw7x8qlzf4sv-ycsb-0.17.0/share/lib/jackson-mapper-asl-1.9.4.jar:/nix/store/zw02np72fzsmga6s5mphhw7x8qlzf4sv-ycsb-0.17.0/share/redis-binding/lib/commons-pool2-2.4.2.jar:/nix/store/zw02np72fzsmga6s5mphhw7x8qlzf4sv-ycsb-0.17.0/share/redis-binding/lib/jedis-2.9.0.jar:/nix/store/zw02np72fzsmga6s5mphhw7x8qlzf4sv-ycsb-0.17.0/share/redis-binding/lib/redis-binding-0.17.0.jar site.ycsb.Client -t -db site.ycsb.db.RedisClient -s -P /home/host/vmuxIO/test/moonprogs//../../ycsb/share/workloads/workloada -p redis.host=10.1.0.2 -p redis.port=6379 -p operationcount=429496729 -p maxexecutiontime=61 -threads 1
Command line: -t -db site.ycsb.db.RedisClient -s -P /home/host/vmuxIO/test/moonprogs//../../ycsb/share/workloads/workloada -p redis.host=10.1.0.2 -p redis.port=6379 -p operationcount=429496729 -p maxexecutiontime=61 -threads 1
YCSB Client 0.17.0

Loading workload...
Starting test.
Maximum execution time specified as: 61 secs
DBWrapper: report latency for each error is false and specific error codes to track for latency are: []
2025-04-01 23:26:26:255 0 sec: 0 operations; est completion in 0 second 
2025-04-01 23:26:36:112 10 sec: 79644 operations; 7964.4 current ops/sec; est completion in 14 hours 58 minutes [READ: Count=39871, Max=13767, Min=87, Avg=121.68, 90=132, 99=179, 99.9=578, 99.99=3357] [UPDATE: Count=39795, Max=26799, Min=89, Avg=120.18, 90=130, 99=193, 99.9=720, 99.99=4615] 
2025-04-01 23:26:46:112 20 sec: 164050 operations; 8440.6 current ops/sec; est completion in 14 hours 32 minutes [READ: Count=42033, Max=3001, Min=90, Avg=118.38, 90=130, 99=150, 99.9=188, 99.99=601] [UPDATE: Count=42351, Max=1093, Min=88, Avg=115.26, 90=127, 99=146, 99.9=179, 99.99=456] 
2025-04-01 23:26:56:112 30 sec: 248375 operations; 8432.5 current ops/sec; est completion in 14 hours 24 minutes [READ: Count=42088, Max=5903, Min=86, Avg=118.79, 90=131, 99=149, 99.9=202, 99.99=712] [UPDATE: Count=42237, Max=1420, Min=85, Avg=115.59, 90=128, 99=146, 99.9=199, 99.99=528] 
2025-04-01 23:27:06:112 40 sec: 333007 operations; 8463.2 current ops/sec; est completion in 14 hours 19 minutes [READ: Count=42416, Max=1262, Min=92, Avg=118.29, 90=130, 99=147, 99.9=175, 99.99=356] [UPDATE: Count=42216, Max=3337, Min=90, Avg=115.32, 90=127, 99=144, 99.9=174, 99.99=817] 
2025-04-01 23:27:16:112 50 sec: 417972 operations; 8496.5 current ops/sec; est completion in 14 hours 15 minutes [READ: Count=42318, Max=7135, Min=94, Avg=117.83, 90=129, 99=144, 99.9=170, 99.99=439] [UPDATE: Count=42647, Max=6467, Min=90, Avg=114.85, 90=126, 99=141, 99.9=168, 99.99=1052] 
2025-04-01 23:27:26:112 60 sec: 503641 operations; 8566.9 current ops/sec; est completion in 14 hours 11 minutes [READ: Count=42900, Max=1364, Min=87, Avg=116.9, 90=129, 99=146, 99.9=176, 99.99=364] [UPDATE: Count=42769, Max=2825, Min=85, Avg=113.83, 90=125, 99=142, 99.9=175, 99.99=270] 
Maximum time elapsed. Requesting stop for the workload.
Stop requested for workload. Now Joining!
2025-04-01 23:27:27:127 61 sec: 512281 operations; 8512.32 current ops/sec; est completion in 14 hours 11 minutes [READ: Count=4257, Max=486, Min=96, Avg=116.95, 90=129, 99=146, 99.9=182, 99.99=486] [CLEANUP: Count=1, Max=901, Min=901, Avg=901, 90=901, 99=901, 99.9=901, 99.99=901] [UPDATE: Count=4383, Max=2451, Min=91, Avg=114.86, 90=127, 99=144, 99.9=184, 99.99=2451] 
[OVERALL], RunTime(ms), 61020
[OVERALL], Throughput(ops/sec), 8395.296624057686
[TOTAL_GCS_Copy], Count, 47
[TOTAL_GC_TIME_Copy], Time(ms), 19
[TOTAL_GC_TIME_%_Copy], Time(%), 0.031137332022287776
[TOTAL_GCS_MarkSweepCompact], Count, 0
[TOTAL_GC_TIME_MarkSweepCompact], Time(ms), 0
[TOTAL_GC_TIME_%_MarkSweepCompact], Time(%), 0.0
[TOTAL_GCs], Count, 47
[TOTAL_GC_TIME], Time(ms), 19
[TOTAL_GC_TIME_%], Time(%), 0.031137332022287776
[READ], Operations, 255883
[READ], AverageLatency(us), 118.58261392902224
[READ], MinLatency(us), 86
[READ], MaxLatency(us), 13767
[READ], 95thPercentileLatency(us), 135
[READ], 99thPercentileLatency(us), 150
[READ], Return=OK, 255883
[CLEANUP], Operations, 1
[CLEANUP], AverageLatency(us), 901.0
[CLEANUP], MinLatency(us), 901
[CLEANUP], MaxLatency(us), 901
[CLEANUP], 95thPercentileLatency(us), 901
[CLEANUP], 99thPercentileLatency(us), 901
[UPDATE], Operations, 256398
[UPDATE], AverageLatency(us), 115.77447561993463
[UPDATE], MinLatency(us), 85
[UPDATE], MaxLatency(us), 26799
[UPDATE], 95thPercentileLatency(us), 132
[UPDATE], 99thPercentileLatency(us), 148
[UPDATE], Return=OK, 256398
AUTOTEST_DONE
