/nix/store/2vwkssqpzykk37r996cafq7x63imf4sp-openjdk-21+35/bin/java  -classpath /nix/store/zw02np72fzsmga6s5mphhw7x8qlzf4sv-ycsb-0.17.0/share/conf:/nix/store/zw02np72fzsmga6s5mphhw7x8qlzf4sv-ycsb-0.17.0/share/lib/core-0.17.0.jar:/nix/store/zw02np72fzsmga6s5mphhw7x8qlzf4sv-ycsb-0.17.0/share/lib/HdrHistogram-2.1.4.jar:/nix/store/zw02np72fzsmga6s5mphhw7x8qlzf4sv-ycsb-0.17.0/share/lib/htrace-core4-4.1.0-incubating.jar:/nix/store/zw02np72fzsmga6s5mphhw7x8qlzf4sv-ycsb-0.17.0/share/lib/jackson-core-asl-1.9.4.jar:/nix/store/zw02np72fzsmga6s5mphhw7x8qlzf4sv-ycsb-0.17.0/share/lib/jackson-mapper-asl-1.9.4.jar:/nix/store/zw02np72fzsmga6s5mphhw7x8qlzf4sv-ycsb-0.17.0/share/redis-binding/lib/commons-pool2-2.4.2.jar:/nix/store/zw02np72fzsmga6s5mphhw7x8qlzf4sv-ycsb-0.17.0/share/redis-binding/lib/jedis-2.9.0.jar:/nix/store/zw02np72fzsmga6s5mphhw7x8qlzf4sv-ycsb-0.17.0/share/redis-binding/lib/redis-binding-0.17.0.jar site.ycsb.Client -t -db site.ycsb.db.RedisClient -s -P /home/host/vmuxIO/test/moonprogs//../../ycsb/share/workloads/workloada -p redis.host=10.1.0.2 -p redis.port=6379 -p operationcount=429496729 -p maxexecutiontime=61 -threads 1
Command line: -t -db site.ycsb.db.RedisClient -s -P /home/host/vmuxIO/test/moonprogs//../../ycsb/share/workloads/workloada -p redis.host=10.1.0.2 -p redis.port=6379 -p operationcount=429496729 -p maxexecutiontime=61 -threads 1
YCSB Client 0.17.0

Loading workload...
Starting test.
Maximum execution time specified as: 61 secs
DBWrapper: report latency for each error is false and specific error codes to track for latency are: []
2025-04-18 14:48:24:548 0 sec: 0 operations; est completion in 0 second 
2025-04-18 14:48:34:365 10 sec: 68818 operations; 6881.8 current ops/sec; est completion in 17 hours 20 minutes [READ: Count=34595, Max=57119, Min=58, Avg=137.18, 90=238, 99=544, 99.9=3531, 99.99=5971] [UPDATE: Count=34246, Max=6263, Min=58, Avg=138.07, 90=241, 99=596, 99.9=3683, 99.99=5271] 
2025-04-18 14:48:44:365 20 sec: 123470 operations; 5465.2 current ops/sec; est completion in 19 hours 19 minutes [READ: Count=27403, Max=28799, Min=60, Avg=182.13, 90=293, 99=450, 99.9=3221, 99.99=4103] [UPDATE: Count=27226, Max=4299, Min=59, Avg=179.39, 90=293, 99=458, 99.9=3153, 99.99=3951] 
2025-04-18 14:48:54:364 30 sec: 195399 operations; 7192.9 current ops/sec; est completion in 18 hours 18 minutes [READ: Count=35963, Max=4103, Min=58, Avg=138.12, 90=245, 99=384, 99.9=616, 99.99=1135] [UPDATE: Count=35966, Max=17151, Min=59, Avg=136.35, 90=243, 99=388, 99.9=620, 99.99=1058] 
2025-04-18 14:49:04:364 40 sec: 262684 operations; 6728.5 current ops/sec; est completion in 18 hours 9 minutes [READ: Count=33660, Max=4231, Min=59, Avg=147.49, 90=266, 99=344, 99.9=517, 99.99=3337] [UPDATE: Count=33625, Max=6511, Min=57, Avg=146.2, 90=265, 99=355, 99.9=603, 99.99=3587] 
2025-04-18 14:49:14:365 50 sec: 336254 operations; 7357 current ops/sec; est completion in 17 hours 43 minutes [READ: Count=36954, Max=4107, Min=59, Avg=135.54, 90=222, 99=331, 99.9=2821, 99.99=3765] [UPDATE: Count=36616, Max=4187, Min=57, Avg=133.01, 90=219, 99=327, 99.9=2741, 99.99=3621] 
2025-04-18 14:49:24:364 60 sec: 397563 operations; 6130.9 current ops/sec; est completion in 17 hours 59 minutes [READ: Count=30403, Max=6739, Min=61, Avg=163.63, 90=254, 99=421, 99.9=2487, 99.99=3825] [UPDATE: Count=30906, Max=3761, Min=57, Avg=159.05, 90=250, 99=411, 99.9=2151, 99.99=3159] 
Maximum time elapsed. Requesting stop for the workload.
Stop requested for workload. Now Joining!
2025-04-18 14:49:25:373 61 sec: 403861 operations; 6248.02 current ops/sec; est completion in 18 hours [READ: Count=3088, Max=3543, Min=65, Avg=158.13, 90=266, 99=336, 99.9=459, 99.99=3543] [CLEANUP: Count=1, Max=1371, Min=1371, Avg=1371, 90=1371, 99=1371, 99.9=1371, 99.99=1371] [UPDATE: Count=3210, Max=8327, Min=63, Avg=157.67, 90=266, 99=327, 99.9=385, 99.99=8327] 
[OVERALL], RunTime(ms), 61013
[OVERALL], Throughput(ops/sec), 6619.26146886729
[TOTAL_GCS_Copy], Count, 37
[TOTAL_GC_TIME_Copy], Time(ms), 22
[TOTAL_GC_TIME_%_Copy], Time(%), 0.03605788930227984
[TOTAL_GCS_MarkSweepCompact], Count, 0
[TOTAL_GC_TIME_MarkSweepCompact], Time(ms), 0
[TOTAL_GC_TIME_%_MarkSweepCompact], Time(%), 0.0
[TOTAL_GCs], Count, 37
[TOTAL_GC_TIME], Time(ms), 22
[TOTAL_GC_TIME_%], Time(%), 0.03605788930227984
[READ], Operations, 202066
[READ], AverageLatency(us), 149.16159571625113
[READ], MinLatency(us), 58
[READ], MaxLatency(us), 57119
[READ], 95thPercentileLatency(us), 293
[READ], 99thPercentileLatency(us), 417
[READ], Return=OK, 202066
[CLEANUP], Operations, 1
[CLEANUP], AverageLatency(us), 1371.0
[CLEANUP], MinLatency(us), 1371
[CLEANUP], MaxLatency(us), 1371
[CLEANUP], 95thPercentileLatency(us), 1371
[CLEANUP], 99thPercentileLatency(us), 1371
[UPDATE], Operations, 201795
[UPDATE], AverageLatency(us), 147.29990832280285
[UPDATE], MinLatency(us), 57
[UPDATE], MaxLatency(us), 17151
[UPDATE], 95thPercentileLatency(us), 293
[UPDATE], 99thPercentileLatency(us), 421
[UPDATE], Return=OK, 201795
AUTOTEST_DONE
