/nix/store/2vwkssqpzykk37r996cafq7x63imf4sp-openjdk-21+35/bin/java  -classpath /nix/store/zw02np72fzsmga6s5mphhw7x8qlzf4sv-ycsb-0.17.0/share/conf:/nix/store/zw02np72fzsmga6s5mphhw7x8qlzf4sv-ycsb-0.17.0/share/lib/core-0.17.0.jar:/nix/store/zw02np72fzsmga6s5mphhw7x8qlzf4sv-ycsb-0.17.0/share/lib/HdrHistogram-2.1.4.jar:/nix/store/zw02np72fzsmga6s5mphhw7x8qlzf4sv-ycsb-0.17.0/share/lib/htrace-core4-4.1.0-incubating.jar:/nix/store/zw02np72fzsmga6s5mphhw7x8qlzf4sv-ycsb-0.17.0/share/lib/jackson-core-asl-1.9.4.jar:/nix/store/zw02np72fzsmga6s5mphhw7x8qlzf4sv-ycsb-0.17.0/share/lib/jackson-mapper-asl-1.9.4.jar:/nix/store/zw02np72fzsmga6s5mphhw7x8qlzf4sv-ycsb-0.17.0/share/redis-binding/lib/commons-pool2-2.4.2.jar:/nix/store/zw02np72fzsmga6s5mphhw7x8qlzf4sv-ycsb-0.17.0/share/redis-binding/lib/jedis-2.9.0.jar:/nix/store/zw02np72fzsmga6s5mphhw7x8qlzf4sv-ycsb-0.17.0/share/redis-binding/lib/redis-binding-0.17.0.jar site.ycsb.Client -t -db site.ycsb.db.RedisClient -s -P /home/host/vmuxIO/test/moonprogs//../../ycsb/share/workloads/workloada -p redis.host=10.1.0.2 -p redis.port=6379 -p operationcount=429496729 -p maxexecutiontime=61 -threads 1
Command line: -t -db site.ycsb.db.RedisClient -s -P /home/host/vmuxIO/test/moonprogs//../../ycsb/share/workloads/workloada -p redis.host=10.1.0.2 -p redis.port=6379 -p operationcount=429496729 -p maxexecutiontime=61 -threads 1
YCSB Client 0.17.0

Loading workload...
Starting test.
Maximum execution time specified as: 61 secs
DBWrapper: report latency for each error is false and specific error codes to track for latency are: []
2025-04-18 14:48:28:271 0 sec: 0 operations; est completion in 0 second 
2025-04-18 14:48:38:105 10 sec: 90150 operations; 9015 current ops/sec; est completion in 13 hours 13 minutes [READ: Count=44984, Max=21919, Min=57, Avg=105.46, 90=149, 99=312, 99.9=1134, 99.99=4871] [UPDATE: Count=45179, Max=34079, Min=56, Avg=105.75, 90=146, 99=315, 99.9=1521, 99.99=4655] 
2025-04-18 14:48:48:105 20 sec: 196069 operations; 10591.9 current ops/sec; est completion in 12 hours 9 minutes [READ: Count=52879, Max=12551, Min=59, Avg=94.41, 90=130, 99=235, 99.9=400, 99.99=995] [UPDATE: Count=53027, Max=1434, Min=57, Avg=91.27, 90=126, 99=232, 99.9=365, 99.99=677] 
2025-04-18 14:48:58:104 30 sec: 284916 operations; 8884.7 current ops/sec; est completion in 12 hours 33 minutes [READ: Count=44284, Max=2739, Min=59, Avg=111.97, 90=198, 99=248, 99.9=341, 99.99=796] [UPDATE: Count=44563, Max=8999, Min=56, Avg=110.08, 90=197, 99=246, 99.9=348, 99.99=1390] 
2025-04-18 14:49:08:104 40 sec: 366650 operations; 8173.4 current ops/sec; est completion in 13 hours [READ: Count=40775, Max=3977, Min=59, Avg=122.09, 90=214, 99=316, 99.9=536, 99.99=798] [UPDATE: Count=40959, Max=3473, Min=57, Avg=119.59, 90=211, 99=316, 99.9=572, 99.99=999] 
2025-04-18 14:49:18:104 50 sec: 451433 operations; 8478.3 current ops/sec; est completion in 13 hours 12 minutes [READ: Count=42208, Max=7303, Min=60, Avg=118.32, 90=207, 99=258, 99.9=389, 99.99=794] [UPDATE: Count=42575, Max=2471, Min=58, Avg=114.53, 90=202, 99=257, 99.9=377, 99.99=800] 
2025-04-18 14:49:28:104 60 sec: 545899 operations; 9446.6 current ops/sec; est completion in 13 hours 5 minutes [READ: Count=47221, Max=2979, Min=59, Avg=105.93, 90=189, 99=248, 99.9=343, 99.99=533] [UPDATE: Count=47245, Max=3171, Min=57, Avg=102.86, 90=181, 99=244, 99.9=342, 99.99=783] 
Maximum time elapsed. Requesting stop for the workload.
Stop requested for workload. Now Joining!
2025-04-18 14:49:29:113 61 sec: 558586 operations; 12573.84 current ops/sec; est completion in 13 hours [READ: Count=6213, Max=4119, Min=61, Avg=79.68, 90=91, 99=108, 99.9=143, 99.99=619] [CLEANUP: Count=1, Max=1756, Min=1756, Avg=1756, 90=1756, 99=1756, 99.9=1756, 99.99=1756] [UPDATE: Count=6474, Max=372, Min=58, Avg=76.21, 90=87, 99=105, 99.9=136, 99.99=259] 
[OVERALL], RunTime(ms), 61013
[OVERALL], Throughput(ops/sec), 9155.19643354695
[TOTAL_GCS_Copy], Count, 51
[TOTAL_GC_TIME_Copy], Time(ms), 28
[TOTAL_GC_TIME_%_Copy], Time(%), 0.045891859111992526
[TOTAL_GCS_MarkSweepCompact], Count, 0
[TOTAL_GC_TIME_MarkSweepCompact], Time(ms), 0
[TOTAL_GC_TIME_%_MarkSweepCompact], Time(%), 0.0
[TOTAL_GCs], Count, 51
[TOTAL_GC_TIME], Time(ms), 28
[TOTAL_GC_TIME_%], Time(%), 0.045891859111992526
[READ], Operations, 278564
[READ], AverageLatency(us), 108.28410706336784
[READ], MinLatency(us), 57
[READ], MaxLatency(us), 21919
[READ], 95thPercentileLatency(us), 216
[READ], 99thPercentileLatency(us), 264
[READ], Return=OK, 278564
[CLEANUP], Operations, 1
[CLEANUP], AverageLatency(us), 1756.0
[CLEANUP], MinLatency(us), 1756
[CLEANUP], MaxLatency(us), 1756
[CLEANUP], 95thPercentileLatency(us), 1756
[CLEANUP], 99thPercentileLatency(us), 1756
[UPDATE], Operations, 280022
[UPDATE], AverageLatency(us), 105.88513759633172
[UPDATE], MinLatency(us), 56
[UPDATE], MaxLatency(us), 34079
[UPDATE], 95thPercentileLatency(us), 213
[UPDATE], 99thPercentileLatency(us), 260
[UPDATE], Return=OK, 280022
AUTOTEST_DONE
