/nix/store/2vwkssqpzykk37r996cafq7x63imf4sp-openjdk-21+35/bin/java  -classpath /nix/store/zw02np72fzsmga6s5mphhw7x8qlzf4sv-ycsb-0.17.0/share/conf:/nix/store/zw02np72fzsmga6s5mphhw7x8qlzf4sv-ycsb-0.17.0/share/lib/core-0.17.0.jar:/nix/store/zw02np72fzsmga6s5mphhw7x8qlzf4sv-ycsb-0.17.0/share/lib/HdrHistogram-2.1.4.jar:/nix/store/zw02np72fzsmga6s5mphhw7x8qlzf4sv-ycsb-0.17.0/share/lib/htrace-core4-4.1.0-incubating.jar:/nix/store/zw02np72fzsmga6s5mphhw7x8qlzf4sv-ycsb-0.17.0/share/lib/jackson-core-asl-1.9.4.jar:/nix/store/zw02np72fzsmga6s5mphhw7x8qlzf4sv-ycsb-0.17.0/share/lib/jackson-mapper-asl-1.9.4.jar:/nix/store/zw02np72fzsmga6s5mphhw7x8qlzf4sv-ycsb-0.17.0/share/redis-binding/lib/commons-pool2-2.4.2.jar:/nix/store/zw02np72fzsmga6s5mphhw7x8qlzf4sv-ycsb-0.17.0/share/redis-binding/lib/jedis-2.9.0.jar:/nix/store/zw02np72fzsmga6s5mphhw7x8qlzf4sv-ycsb-0.17.0/share/redis-binding/lib/redis-binding-0.17.0.jar site.ycsb.Client -t -db site.ycsb.db.RedisClient -s -P /home/host/vmuxIO/test/moonprogs//../../ycsb/share/workloads/workloada -p redis.host=10.1.0.2 -p redis.port=6381 -p operationcount=429496729 -p maxexecutiontime=61 -threads 1
Command line: -t -db site.ycsb.db.RedisClient -s -P /home/host/vmuxIO/test/moonprogs//../../ycsb/share/workloads/workloada -p redis.host=10.1.0.2 -p redis.port=6381 -p operationcount=429496729 -p maxexecutiontime=61 -threads 1
YCSB Client 0.17.0

Loading workload...
Starting test.
Maximum execution time specified as: 61 secs
DBWrapper: report latency for each error is false and specific error codes to track for latency are: []
2024-08-21 19:42:07:523 0 sec: 0 operations; est completion in 0 second 
2024-08-21 19:42:17:375 10 sec: 42374 operations; 4237.4 current ops/sec; est completion in 1 day 4 hours [READ: Count=21164, Max=46911, Min=100, Avg=230.88, 90=363, 99=506, 99.9=2593, 99.99=7335] [UPDATE: Count=21229, Max=12655, Min=100, Avg=223.58, 90=357, 99=507, 99.9=3505, 99.99=6051] 
2024-08-21 19:42:27:374 20 sec: 99834 operations; 5746 current ops/sec; est completion in 23 hours 53 minutes [READ: Count=28930, Max=1918, Min=97, Avg=173.33, 90=238, 99=320, 99.9=476, 99.99=824] [UPDATE: Count=28511, Max=2239, Min=95, Avg=168.29, 90=232, 99=314, 99.9=437, 99.99=974] 
2024-08-21 19:42:37:374 30 sec: 157045 operations; 5721.1 current ops/sec; est completion in 22 hours 46 minutes [READ: Count=28698, Max=1463, Min=103, Avg=174.8, 90=238, 99=331, 99.9=528, 99.99=867] [UPDATE: Count=28513, Max=7663, Min=101, Avg=170.09, 90=232, 99=321, 99.9=490, 99.99=1260] 
2024-08-21 19:42:47:374 40 sec: 214865 operations; 5782 current ops/sec; est completion in 22 hours 11 minutes [READ: Count=28839, Max=2477, Min=104, Avg=173.14, 90=228, 99=322, 99.9=455, 99.99=1144] [UPDATE: Count=28981, Max=9615, Min=95, Avg=168.27, 90=222, 99=313, 99.9=451, 99.99=869] 
2024-08-21 19:42:57:374 50 sec: 273513 operations; 5864.8 current ops/sec; est completion in 21 hours 47 minutes [READ: Count=29177, Max=1078, Min=98, Avg=170.46, 90=228, 99=317, 99.9=462, 99.99=724] [UPDATE: Count=29471, Max=6479, Min=99, Avg=166.14, 90=223, 99=309, 99.9=435, 99.99=1490] 
2024-08-21 19:43:07:374 60 sec: 329590 operations; 5607.7 current ops/sec; est completion in 21 hours 42 minutes [READ: Count=28154, Max=2001, Min=103, Avg=178.53, 90=243, 99=333, 99.9=481, 99.99=784] [UPDATE: Count=27923, Max=3641, Min=100, Avg=173.62, 90=237, 99=326, 99.9=447, 99.99=730] 
Maximum time elapsed. Requesting stop for the workload.
Stop requested for workload. Now Joining!
2024-08-21 19:43:08:389 61 sec: 335513 operations; 5835.47 current ops/sec; est completion in 21 hours 40 minutes [READ: Count=2993, Max=1031, Min=103, Avg=170.08, 90=222, 99=311, 99.9=523, 99.99=1031] [CLEANUP: Count=1, Max=1243, Min=1243, Avg=1243, 90=1243, 99=1243, 99.9=1243, 99.99=1243] [UPDATE: Count=2930, Max=3653, Min=102, Avg=166.99, 90=219, 99=315, 99.9=436, 99.99=3653] 
[OVERALL], RunTime(ms), 61020
[OVERALL], Throughput(ops/sec), 5498.410357259915
[TOTAL_GCS_Copy], Count, 31
[TOTAL_GC_TIME_Copy], Time(ms), 29
[TOTAL_GC_TIME_%_Copy], Time(%), 0.047525401507702396
[TOTAL_GCS_MarkSweepCompact], Count, 0
[TOTAL_GC_TIME_MarkSweepCompact], Time(ms), 0
[TOTAL_GC_TIME_%_MarkSweepCompact], Time(%), 0.0
[TOTAL_GCs], Count, 31
[TOTAL_GC_TIME], Time(ms), 29
[TOTAL_GC_TIME_%], Time(%), 0.047525401507702396
[READ], Operations, 167955
[READ], AverageLatency(us), 181.1128992884999
[READ], MinLatency(us), 97
[READ], MaxLatency(us), 46911
[READ], 95thPercentileLatency(us), 282
[READ], 99thPercentileLatency(us), 394
[READ], Return=OK, 167955
[CLEANUP], Operations, 1
[CLEANUP], AverageLatency(us), 1243.0
[CLEANUP], MinLatency(us), 1243
[CLEANUP], MaxLatency(us), 1243
[CLEANUP], 95thPercentileLatency(us), 1243
[CLEANUP], 99thPercentileLatency(us), 1243
[UPDATE], Operations, 167558
[UPDATE], AverageLatency(us), 176.08575538022654
[UPDATE], MinLatency(us), 95
[UPDATE], MaxLatency(us), 12655
[UPDATE], 95thPercentileLatency(us), 276
[UPDATE], 99thPercentileLatency(us), 387
[UPDATE], Return=OK, 167558
AUTOTEST_DONE
