/nix/store/2vwkssqpzykk37r996cafq7x63imf4sp-openjdk-21+35/bin/java  -classpath /nix/store/zw02np72fzsmga6s5mphhw7x8qlzf4sv-ycsb-0.17.0/share/conf:/nix/store/zw02np72fzsmga6s5mphhw7x8qlzf4sv-ycsb-0.17.0/share/lib/core-0.17.0.jar:/nix/store/zw02np72fzsmga6s5mphhw7x8qlzf4sv-ycsb-0.17.0/share/lib/HdrHistogram-2.1.4.jar:/nix/store/zw02np72fzsmga6s5mphhw7x8qlzf4sv-ycsb-0.17.0/share/lib/htrace-core4-4.1.0-incubating.jar:/nix/store/zw02np72fzsmga6s5mphhw7x8qlzf4sv-ycsb-0.17.0/share/lib/jackson-core-asl-1.9.4.jar:/nix/store/zw02np72fzsmga6s5mphhw7x8qlzf4sv-ycsb-0.17.0/share/lib/jackson-mapper-asl-1.9.4.jar:/nix/store/zw02np72fzsmga6s5mphhw7x8qlzf4sv-ycsb-0.17.0/share/redis-binding/lib/commons-pool2-2.4.2.jar:/nix/store/zw02np72fzsmga6s5mphhw7x8qlzf4sv-ycsb-0.17.0/share/redis-binding/lib/jedis-2.9.0.jar:/nix/store/zw02np72fzsmga6s5mphhw7x8qlzf4sv-ycsb-0.17.0/share/redis-binding/lib/redis-binding-0.17.0.jar site.ycsb.Client -t -db site.ycsb.db.RedisClient -s -P /home/host/vmuxIO/test/moonprogs//../../ycsb/share/workloads/workloada -p redis.host=10.1.0.2 -p redis.port=6379 -p operationcount=429496729 -p maxexecutiontime=61 -threads 1
Command line: -t -db site.ycsb.db.RedisClient -s -P /home/host/vmuxIO/test/moonprogs//../../ycsb/share/workloads/workloada -p redis.host=10.1.0.2 -p redis.port=6379 -p operationcount=429496729 -p maxexecutiontime=61 -threads 1
YCSB Client 0.17.0

Loading workload...
Starting test.
Maximum execution time specified as: 61 secs
DBWrapper: report latency for each error is false and specific error codes to track for latency are: []
2024-10-03 03:34:45:548 0 sec: 0 operations; est completion in 0 second 
2024-10-03 03:34:55:265 10 sec: 28178 operations; 2817.8 current ops/sec; est completion in 1 day 18 hours [READ: Count=14080, Max=77951, Min=132, Avg=340.41, 90=437, 99=590, 99.9=3289, 99.99=15487] [UPDATE: Count=14116, Max=7199, Min=127, Avg=335.23, 90=436, 99=614, 99.9=3683, 99.99=6115] 
2024-10-03 03:35:05:265 20 sec: 55160 operations; 2698.2 current ops/sec; est completion in 1 day 19 hours [READ: Count=13453, Max=11119, Min=171, Avg=367.93, 90=462, 99=558, 99.9=689, 99.99=2859] [UPDATE: Count=13511, Max=4359, Min=147, Avg=364, 90=459, 99=562, 99.9=710, 99.99=4163] 
2024-10-03 03:35:15:265 30 sec: 82252 operations; 2709.2 current ops/sec; est completion in 1 day 19 hours [READ: Count=13549, Max=8711, Min=159, Avg=368.71, 90=464, 99=564, 99.9=652, 99.99=2367] [UPDATE: Count=13543, Max=4103, Min=179, Avg=363.78, 90=462, 99=559, 99.9=634, 99.99=3783] 
2024-10-03 03:35:25:265 40 sec: 110784 operations; 2853.2 current ops/sec; est completion in 1 day 19 hours [READ: Count=14191, Max=3923, Min=180, Avg=350.01, 90=441, 99=537, 99.9=615, 99.99=3739] [UPDATE: Count=14341, Max=917, Min=146, Avg=345.62, 90=444, 99=534, 99.9=598, 99.99=739] 
2024-10-03 03:35:35:265 50 sec: 139262 operations; 2847.8 current ops/sec; est completion in 1 day 18 hours [READ: Count=14384, Max=7267, Min=166, Avg=351.59, 90=455, 99=542, 99.9=615, 99.99=4083] [UPDATE: Count=14094, Max=2241, Min=171, Avg=345.85, 90=454, 99=540, 99.9=604, 99.99=914] 
2024-10-03 03:35:45:265 60 sec: 170983 operations; 3172.1 current ops/sec; est completion in 1 day 17 hours [READ: Count=15795, Max=4065, Min=119, Avg=315.6, 90=425, 99=529, 99.9=593, 99.99=915] [UPDATE: Count=15926, Max=2379, Min=119, Avg=310.38, 90=419, 99=523, 99.9=588, 99.99=693] 
Maximum time elapsed. Requesting stop for the workload.
Stop requested for workload. Now Joining!
2024-10-03 03:35:46:274 61 sec: 176620 operations; 5581.19 current ops/sec; est completion in 1 day 17 hours [READ: Count=2773, Max=7631, Min=110, Avg=180.1, 90=216, 99=275, 99.9=390, 99.99=7631] [CLEANUP: Count=1, Max=1150, Min=1150, Avg=1150, 90=1150, 99=1150, 99.9=1150, 99.99=1150] [UPDATE: Count=2864, Max=460, Min=105, Avg=174.11, 90=214, 99=267, 99.9=325, 99.99=460] 
[OVERALL], RunTime(ms), 61016
[OVERALL], Throughput(ops/sec), 2894.6505834535205
[TOTAL_GCS_Copy], Count, 16
[TOTAL_GC_TIME_Copy], Time(ms), 24
[TOTAL_GC_TIME_%_Copy], Time(%), 0.03933394519470303
[TOTAL_GCS_MarkSweepCompact], Count, 0
[TOTAL_GC_TIME_MarkSweepCompact], Time(ms), 0
[TOTAL_GC_TIME_%_MarkSweepCompact], Time(%), 0.0
[TOTAL_GCs], Count, 16
[TOTAL_GC_TIME], Time(ms), 24
[TOTAL_GC_TIME_%], Time(%), 0.03933394519470303
[READ], Operations, 88225
[READ], AverageLatency(us), 342.8369396429583
[READ], MinLatency(us), 110
[READ], MaxLatency(us), 77951
[READ], 95thPercentileLatency(us), 485
[READ], 99thPercentileLatency(us), 550
[READ], Return=OK, 88225
[CLEANUP], Operations, 1
[CLEANUP], AverageLatency(us), 1150.0
[CLEANUP], MinLatency(us), 1150
[CLEANUP], MaxLatency(us), 1150
[CLEANUP], 95thPercentileLatency(us), 1150
[CLEANUP], 99thPercentileLatency(us), 1150
[UPDATE], Operations, 88395
[UPDATE], AverageLatency(us), 337.6838056451157
[UPDATE], MinLatency(us), 105
[UPDATE], MaxLatency(us), 7199
[UPDATE], 95thPercentileLatency(us), 485
[UPDATE], 99thPercentileLatency(us), 549
[UPDATE], Return=OK, 88395
AUTOTEST_DONE
