/nix/store/2vwkssqpzykk37r996cafq7x63imf4sp-openjdk-21+35/bin/java  -classpath /nix/store/zw02np72fzsmga6s5mphhw7x8qlzf4sv-ycsb-0.17.0/share/conf:/nix/store/zw02np72fzsmga6s5mphhw7x8qlzf4sv-ycsb-0.17.0/share/lib/core-0.17.0.jar:/nix/store/zw02np72fzsmga6s5mphhw7x8qlzf4sv-ycsb-0.17.0/share/lib/HdrHistogram-2.1.4.jar:/nix/store/zw02np72fzsmga6s5mphhw7x8qlzf4sv-ycsb-0.17.0/share/lib/htrace-core4-4.1.0-incubating.jar:/nix/store/zw02np72fzsmga6s5mphhw7x8qlzf4sv-ycsb-0.17.0/share/lib/jackson-core-asl-1.9.4.jar:/nix/store/zw02np72fzsmga6s5mphhw7x8qlzf4sv-ycsb-0.17.0/share/lib/jackson-mapper-asl-1.9.4.jar:/nix/store/zw02np72fzsmga6s5mphhw7x8qlzf4sv-ycsb-0.17.0/share/redis-binding/lib/commons-pool2-2.4.2.jar:/nix/store/zw02np72fzsmga6s5mphhw7x8qlzf4sv-ycsb-0.17.0/share/redis-binding/lib/jedis-2.9.0.jar:/nix/store/zw02np72fzsmga6s5mphhw7x8qlzf4sv-ycsb-0.17.0/share/redis-binding/lib/redis-binding-0.17.0.jar site.ycsb.Client -t -db site.ycsb.db.RedisClient -s -P /home/host/vmuxIO/test/moonprogs//../../ycsb/share/workloads/workloada -p redis.host=10.1.0.2 -p redis.port=6379 -p operationcount=429496729 -p maxexecutiontime=61 -threads 1
Command line: -t -db site.ycsb.db.RedisClient -s -P /home/host/vmuxIO/test/moonprogs//../../ycsb/share/workloads/workloada -p redis.host=10.1.0.2 -p redis.port=6379 -p operationcount=429496729 -p maxexecutiontime=61 -threads 1
YCSB Client 0.17.0

Loading workload...
Starting test.
Maximum execution time specified as: 61 secs
DBWrapper: report latency for each error is false and specific error codes to track for latency are: []
2024-10-03 03:34:49:290 0 sec: 0 operations; est completion in 0 second 
2024-10-03 03:34:59:074 10 sec: 26138 operations; 2613.54 current ops/sec; est completion in 1 day 21 hours [READ: Count=13045, Max=27007, Min=186, Avg=366.31, 90=449, 99=579, 99.9=1956, 99.99=7131] [UPDATE: Count=13108, Max=33759, Min=146, Avg=367.24, 90=448, 99=611, 99.9=4859, 99.99=13759] 
2024-10-03 03:35:09:074 20 sec: 53717 operations; 2757.9 current ops/sec; est completion in 1 day 20 hours [READ: Count=13852, Max=4863, Min=124, Avg=360.7, 90=447, 99=553, 99.9=702, 99.99=2315] [UPDATE: Count=13712, Max=3225, Min=119, Avg=354.87, 90=442, 99=543, 99.9=665, 99.99=3015] 
2024-10-03 03:35:19:074 30 sec: 81699 operations; 2798.48 current ops/sec; est completion in 1 day 19 hours [READ: Count=14033, Max=4707, Min=115, Avg=356.81, 90=444, 99=547, 99.9=647, 99.99=2531] [UPDATE: Count=13949, Max=7615, Min=133, Avg=351.37, 90=438, 99=544, 99.9=635, 99.99=2415] 
2024-10-03 03:35:29:074 40 sec: 111082 operations; 2938.01 current ops/sec; est completion in 1 day 18 hours [READ: Count=14759, Max=6651, Min=121, Avg=340, 90=424, 99=518, 99.9=607, 99.99=2115] [UPDATE: Count=14624, Max=1763, Min=154, Avg=335.16, 90=422, 99=523, 99.9=619, 99.99=927] 
2024-10-03 03:35:39:074 50 sec: 140488 operations; 2940.89 current ops/sec; est completion in 1 day 18 hours [READ: Count=14767, Max=5083, Min=181, Avg=340.85, 90=422, 99=518, 99.9=624, 99.99=4159] [UPDATE: Count=14639, Max=2345, Min=166, Avg=334.33, 90=419, 99=513, 99.9=603, 99.99=715] 
2024-10-03 03:35:49:074 60 sec: 189027 operations; 4853.9 current ops/sec; est completion in 1 day 13 hours [READ: Count=24136, Max=5731, Min=77, Avg=205.35, 90=359, 99=469, 99.9=568, 99.99=814] [UPDATE: Count=24403, Max=1599, Min=74, Avg=202.97, 90=355, 99=467, 99.9=595, 99.99=708] 
Maximum time elapsed. Requesting stop for the workload.
Stop requested for workload. Now Joining!
2024-10-03 03:35:50:084 61 sec: 200075 operations; 10938.61 current ops/sec; est completion in 1 day 12 hours [READ: Count=5623, Max=3333, Min=71, Avg=90.73, 90=103, 99=129, 99.9=287, 99.99=932] [CLEANUP: Count=1, Max=1022, Min=1022, Avg=1022, 90=1022, 99=1022, 99.9=1022, 99.99=1022] [UPDATE: Count=5425, Max=1760, Min=66, Avg=88.72, 90=101, 99=129, 99.9=286, 99.99=1362] 
[OVERALL], RunTime(ms), 61016
[OVERALL], Throughput(ops/sec), 3279.057952012587
[TOTAL_GCS_Copy], Count, 19
[TOTAL_GC_TIME_Copy], Time(ms), 24
[TOTAL_GC_TIME_%_Copy], Time(%), 0.03933394519470303
[TOTAL_GCS_MarkSweepCompact], Count, 0
[TOTAL_GC_TIME_MarkSweepCompact], Time(ms), 0
[TOTAL_GC_TIME_%_MarkSweepCompact], Time(%), 0.0
[TOTAL_GCs], Count, 19
[TOTAL_GC_TIME], Time(ms), 24
[TOTAL_GC_TIME_%], Time(%), 0.03933394519470303
[READ], Operations, 100215
[READ], AverageLatency(us), 302.3502669261089
[READ], MinLatency(us), 71
[READ], MaxLatency(us), 27007
[READ], 95thPercentileLatency(us), 454
[READ], 99thPercentileLatency(us), 529
[READ], Return=OK, 100215
[CLEANUP], Operations, 1
[CLEANUP], AverageLatency(us), 1022.0
[CLEANUP], MinLatency(us), 1022
[CLEANUP], MaxLatency(us), 1022
[CLEANUP], 95thPercentileLatency(us), 1022
[CLEANUP], 99thPercentileLatency(us), 1022
[UPDATE], Operations, 99860
[UPDATE], AverageLatency(us), 298.5286400961346
[UPDATE], MinLatency(us), 66
[UPDATE], MaxLatency(us), 33759
[UPDATE], 95thPercentileLatency(us), 453
[UPDATE], 99thPercentileLatency(us), 531
[UPDATE], Return=OK, 99860
AUTOTEST_DONE
