/nix/store/2vwkssqpzykk37r996cafq7x63imf4sp-openjdk-21+35/bin/java  -classpath /nix/store/zw02np72fzsmga6s5mphhw7x8qlzf4sv-ycsb-0.17.0/share/conf:/nix/store/zw02np72fzsmga6s5mphhw7x8qlzf4sv-ycsb-0.17.0/share/lib/core-0.17.0.jar:/nix/store/zw02np72fzsmga6s5mphhw7x8qlzf4sv-ycsb-0.17.0/share/lib/HdrHistogram-2.1.4.jar:/nix/store/zw02np72fzsmga6s5mphhw7x8qlzf4sv-ycsb-0.17.0/share/lib/htrace-core4-4.1.0-incubating.jar:/nix/store/zw02np72fzsmga6s5mphhw7x8qlzf4sv-ycsb-0.17.0/share/lib/jackson-core-asl-1.9.4.jar:/nix/store/zw02np72fzsmga6s5mphhw7x8qlzf4sv-ycsb-0.17.0/share/lib/jackson-mapper-asl-1.9.4.jar:/nix/store/zw02np72fzsmga6s5mphhw7x8qlzf4sv-ycsb-0.17.0/share/redis-binding/lib/commons-pool2-2.4.2.jar:/nix/store/zw02np72fzsmga6s5mphhw7x8qlzf4sv-ycsb-0.17.0/share/redis-binding/lib/jedis-2.9.0.jar:/nix/store/zw02np72fzsmga6s5mphhw7x8qlzf4sv-ycsb-0.17.0/share/redis-binding/lib/redis-binding-0.17.0.jar site.ycsb.Client -t -db site.ycsb.db.RedisClient -s -P /home/host/vmuxIO/test/moonprogs//../../ycsb/share/workloads/workloada -p redis.host=10.1.0.2 -p redis.port=6389 -p operationcount=429496729 -p maxexecutiontime=61 -threads 1
Command line: -t -db site.ycsb.db.RedisClient -s -P /home/host/vmuxIO/test/moonprogs//../../ycsb/share/workloads/workloada -p redis.host=10.1.0.2 -p redis.port=6389 -p operationcount=429496729 -p maxexecutiontime=61 -threads 1
YCSB Client 0.17.0

Loading workload...
Starting test.
Maximum execution time specified as: 61 secs
DBWrapper: report latency for each error is false and specific error codes to track for latency are: []
2024-08-21 19:42:14:472 0 sec: 0 operations; est completion in 0 second 
2024-08-21 19:42:24:232 10 sec: 47939 operations; 4793.42 current ops/sec; est completion in 1 day [READ: Count=23835, Max=65855, Min=108, Avg=197.27, 90=260, 99=422, 99.9=1144, 99.99=5331] [UPDATE: Count=24141, Max=24127, Min=104, Avg=194.71, 90=258, 99=439, 99.9=2055, 99.99=6867] 
2024-08-21 19:42:34:232 20 sec: 101865 operations; 5392.6 current ops/sec; est completion in 23 hours 25 minutes [READ: Count=27063, Max=5451, Min=108, Avg=184.71, 90=240, 99=345, 99.9=516, 99.99=3009] [UPDATE: Count=26826, Max=2531, Min=99, Avg=179.38, 90=236, 99=335, 99.9=453, 99.99=1247] 
2024-08-21 19:42:44:232 30 sec: 155657 operations; 5379.2 current ops/sec; est completion in 22 hours 59 minutes [READ: Count=27062, Max=10055, Min=104, Avg=186.33, 90=245, 99=346, 99.9=561, 99.99=1469] [UPDATE: Count=26730, Max=3267, Min=103, Avg=180.88, 90=240, 99=333, 99.9=469, 99.99=1674] 
2024-08-21 19:42:54:232 40 sec: 210790 operations; 5513.3 current ops/sec; est completion in 22 hours 37 minutes [READ: Count=27599, Max=4339, Min=101, Avg=181.97, 90=235, 99=331, 99.9=489, 99.99=1100] [UPDATE: Count=27534, Max=1320, Min=101, Avg=176.31, 90=230, 99=322, 99.9=429, 99.99=714] 
2024-08-21 19:43:04:232 50 sec: 265600 operations; 5481 current ops/sec; est completion in 22 hours 26 minutes [READ: Count=27229, Max=4355, Min=105, Avg=182.77, 90=238, 99=333, 99.9=455, 99.99=712] [UPDATE: Count=27581, Max=8207, Min=100, Avg=177.72, 90=232, 99=325, 99.9=442, 99.99=981] 
2024-08-21 19:43:14:232 60 sec: 319113 operations; 5351.3 current ops/sec; est completion in 22 hours 24 minutes [READ: Count=26956, Max=2501, Min=104, Avg=187.38, 90=260, 99=402, 99.9=520, 99.99=747] [UPDATE: Count=26557, Max=7035, Min=101, Avg=182.26, 90=255, 99=393, 99.9=494, 99.99=694] 
Maximum time elapsed. Requesting stop for the workload.
Stop requested for workload. Now Joining!
2024-08-21 19:43:15:242 61 sec: 323000 operations; 3848.51 current ops/sec; est completion in 22 hours 31 minutes [READ: Count=1929, Max=4595, Min=122, Avg=262.46, 90=382, 99=495, 99.9=989, 99.99=4595] [CLEANUP: Count=1, Max=1238, Min=1238, Avg=1238, 90=1238, 99=1238, 99.9=1238, 99.99=1238] [UPDATE: Count=1958, Max=530, Min=113, Avg=249.77, 90=371, 99=479, 99.9=517, 99.99=530] 
[OVERALL], RunTime(ms), 61018
[OVERALL], Throughput(ops/sec), 5293.519944934282
[TOTAL_GCS_Copy], Count, 30
[TOTAL_GC_TIME_Copy], Time(ms), 39
[TOTAL_GC_TIME_%_Copy], Time(%), 0.0639155658985873
[TOTAL_GCS_MarkSweepCompact], Count, 0
[TOTAL_GC_TIME_MarkSweepCompact], Time(ms), 0
[TOTAL_GC_TIME_%_MarkSweepCompact], Time(%), 0.0
[TOTAL_GCs], Count, 30
[TOTAL_GC_TIME], Time(ms), 39
[TOTAL_GC_TIME_%], Time(%), 0.0639155658985873
[READ], Operations, 161673
[READ], AverageLatency(us), 187.41160243206969
[READ], MinLatency(us), 101
[READ], MaxLatency(us), 65855
[READ], 95thPercentileLatency(us), 283
[READ], 99thPercentileLatency(us), 376
[READ], Return=OK, 161673
[CLEANUP], Operations, 1
[CLEANUP], AverageLatency(us), 1238.0
[CLEANUP], MinLatency(us), 1238
[CLEANUP], MaxLatency(us), 1238
[CLEANUP], 95thPercentileLatency(us), 1238
[CLEANUP], 99thPercentileLatency(us), 1238
[UPDATE], Operations, 161327
[UPDATE], AverageLatency(us), 182.4430814432798
[UPDATE], MinLatency(us), 99
[UPDATE], MaxLatency(us), 24127
[UPDATE], 95thPercentileLatency(us), 277
[UPDATE], 99thPercentileLatency(us), 367
[UPDATE], Return=OK, 161327
AUTOTEST_DONE
