/nix/store/2vwkssqpzykk37r996cafq7x63imf4sp-openjdk-21+35/bin/java  -classpath /nix/store/zw02np72fzsmga6s5mphhw7x8qlzf4sv-ycsb-0.17.0/share/conf:/nix/store/zw02np72fzsmga6s5mphhw7x8qlzf4sv-ycsb-0.17.0/share/lib/core-0.17.0.jar:/nix/store/zw02np72fzsmga6s5mphhw7x8qlzf4sv-ycsb-0.17.0/share/lib/HdrHistogram-2.1.4.jar:/nix/store/zw02np72fzsmga6s5mphhw7x8qlzf4sv-ycsb-0.17.0/share/lib/htrace-core4-4.1.0-incubating.jar:/nix/store/zw02np72fzsmga6s5mphhw7x8qlzf4sv-ycsb-0.17.0/share/lib/jackson-core-asl-1.9.4.jar:/nix/store/zw02np72fzsmga6s5mphhw7x8qlzf4sv-ycsb-0.17.0/share/lib/jackson-mapper-asl-1.9.4.jar:/nix/store/zw02np72fzsmga6s5mphhw7x8qlzf4sv-ycsb-0.17.0/share/redis-binding/lib/commons-pool2-2.4.2.jar:/nix/store/zw02np72fzsmga6s5mphhw7x8qlzf4sv-ycsb-0.17.0/share/redis-binding/lib/jedis-2.9.0.jar:/nix/store/zw02np72fzsmga6s5mphhw7x8qlzf4sv-ycsb-0.17.0/share/redis-binding/lib/redis-binding-0.17.0.jar site.ycsb.Client -t -db site.ycsb.db.RedisClient -s -P /home/host/vmuxIO/test/moonprogs//../../ycsb/share/workloads/workloada -p redis.host=10.1.0.2 -p redis.port=6379 -p operationcount=429496729 -p maxexecutiontime=61 -threads 1
Command line: -t -db site.ycsb.db.RedisClient -s -P /home/host/vmuxIO/test/moonprogs//../../ycsb/share/workloads/workloada -p redis.host=10.1.0.2 -p redis.port=6379 -p operationcount=429496729 -p maxexecutiontime=61 -threads 1
YCSB Client 0.17.0

Loading workload...
Starting test.
Maximum execution time specified as: 61 secs
DBWrapper: report latency for each error is false and specific error codes to track for latency are: []
2024-10-03 03:34:41:291 0 sec: 0 operations; est completion in 0 second 
2024-10-03 03:34:51:145 10 sec: 41632 operations; 4163.2 current ops/sec; est completion in 1 day 4 hours [READ: Count=20802, Max=16127, Min=88, Avg=227.64, 90=366, 99=508, 99.9=1861, 99.99=6683] [UPDATE: Count=20836, Max=23775, Min=93, Avg=230.56, 90=367, 99=535, 99.9=1968, 99.99=6495] 
2024-10-03 03:35:01:145 20 sec: 68168 operations; 2653.6 current ops/sec; est completion in 1 day 10 hours [READ: Count=13176, Max=3019, Min=140, Avg=375.17, 90=483, 99=604, 99.9=700, 99.99=1128] [UPDATE: Count=13354, Max=3027, Min=124, Avg=368.83, 90=480, 99=601, 99.9=698, 99.99=823] 
2024-10-03 03:35:11:145 30 sec: 94910 operations; 2674.2 current ops/sec; est completion in 1 day 13 hours [READ: Count=13443, Max=3061, Min=192, Avg=372.8, 90=473, 99=584, 99.9=698, 99.99=2139] [UPDATE: Count=13299, Max=8951, Min=161, Avg=369.8, 90=476, 99=589, 99.9=702, 99.99=2709] 
2024-10-03 03:35:21:145 40 sec: 122631 operations; 2772.1 current ops/sec; est completion in 1 day 14 hours [READ: Count=13879, Max=4395, Min=179, Avg=359.93, 90=455, 99=562, 99.9=663, 99.99=4279] [UPDATE: Count=13842, Max=4183, Min=180, Avg=355.87, 90=455, 99=562, 99.9=676, 99.99=3227] 
2024-10-03 03:35:31:145 50 sec: 151186 operations; 2855.5 current ops/sec; est completion in 1 day 15 hours [READ: Count=14313, Max=1291, Min=189, Avg=349.52, 90=446, 99=555, 99.9=659, 99.99=949] [UPDATE: Count=14242, Max=7995, Min=162, Avg=345.96, 90=447, 99=563, 99.9=661, 99.99=4087] 
2024-10-03 03:35:41:145 60 sec: 179357 operations; 2817.1 current ops/sec; est completion in 1 day 15 hours [READ: Count=14286, Max=3813, Min=183, Avg=355.03, 90=462, 99=569, 99.9=657, 99.99=2545] [UPDATE: Count=13885, Max=741, Min=157, Avg=349.89, 90=465, 99=564, 99.9=641, 99.99=703] 
Maximum time elapsed. Requesting stop for the workload.
Stop requested for workload. Now Joining!
2024-10-03 03:35:42:158 61 sec: 182274 operations; 2882.41 current ops/sec; est completion in 1 day 15 hours [READ: Count=1444, Max=799, Min=183, Avg=343.89, 90=433, 99=554, 99.9=643, 99.99=799] [CLEANUP: Count=1, Max=948, Min=948, Avg=948, 90=948, 99=948, 99.9=948, 99.99=948] [UPDATE: Count=1473, Max=7875, Min=160, Avg=343.88, 90=431, 99=560, 99.9=607, 99.99=7875] 
[OVERALL], RunTime(ms), 61017
[OVERALL], Throughput(ops/sec), 2987.26584394513
[TOTAL_GCS_Copy], Count, 17
[TOTAL_GC_TIME_Copy], Time(ms), 28
[TOTAL_GC_TIME_%_Copy], Time(%), 0.04588885064818001
[TOTAL_GCS_MarkSweepCompact], Count, 0
[TOTAL_GC_TIME_MarkSweepCompact], Time(ms), 0
[TOTAL_GC_TIME_%_MarkSweepCompact], Time(%), 0.0
[TOTAL_GCs], Count, 17
[TOTAL_GC_TIME], Time(ms), 28
[TOTAL_GC_TIME_%], Time(%), 0.04588885064818001
[READ], Operations, 91343
[READ], AverageLatency(us), 331.2440143196523
[READ], MinLatency(us), 88
[READ], MaxLatency(us), 16127
[READ], 95thPercentileLatency(us), 494
[READ], 99thPercentileLatency(us), 570
[READ], Return=OK, 91343
[CLEANUP], Operations, 1
[CLEANUP], AverageLatency(us), 948.0
[CLEANUP], MinLatency(us), 948
[CLEANUP], MaxLatency(us), 948
[CLEANUP], 95thPercentileLatency(us), 948
[CLEANUP], 99thPercentileLatency(us), 948
[UPDATE], Operations, 90931
[UPDATE], AverageLatency(us), 328.4379474546634
[UPDATE], MinLatency(us), 93
[UPDATE], MaxLatency(us), 23775
[UPDATE], 95thPercentileLatency(us), 496
[UPDATE], 99thPercentileLatency(us), 573
[UPDATE], Return=OK, 90931
AUTOTEST_DONE
