/nix/store/2vwkssqpzykk37r996cafq7x63imf4sp-openjdk-21+35/bin/java  -classpath /nix/store/zw02np72fzsmga6s5mphhw7x8qlzf4sv-ycsb-0.17.0/share/conf:/nix/store/zw02np72fzsmga6s5mphhw7x8qlzf4sv-ycsb-0.17.0/share/lib/core-0.17.0.jar:/nix/store/zw02np72fzsmga6s5mphhw7x8qlzf4sv-ycsb-0.17.0/share/lib/HdrHistogram-2.1.4.jar:/nix/store/zw02np72fzsmga6s5mphhw7x8qlzf4sv-ycsb-0.17.0/share/lib/htrace-core4-4.1.0-incubating.jar:/nix/store/zw02np72fzsmga6s5mphhw7x8qlzf4sv-ycsb-0.17.0/share/lib/jackson-core-asl-1.9.4.jar:/nix/store/zw02np72fzsmga6s5mphhw7x8qlzf4sv-ycsb-0.17.0/share/lib/jackson-mapper-asl-1.9.4.jar:/nix/store/zw02np72fzsmga6s5mphhw7x8qlzf4sv-ycsb-0.17.0/share/redis-binding/lib/commons-pool2-2.4.2.jar:/nix/store/zw02np72fzsmga6s5mphhw7x8qlzf4sv-ycsb-0.17.0/share/redis-binding/lib/jedis-2.9.0.jar:/nix/store/zw02np72fzsmga6s5mphhw7x8qlzf4sv-ycsb-0.17.0/share/redis-binding/lib/redis-binding-0.17.0.jar site.ycsb.Client -t -db site.ycsb.db.RedisClient -s -P /home/host/vmuxIO/test/moonprogs//../../ycsb/share/workloads/workloada -p redis.host=10.1.0.2 -p redis.port=6379 -p operationcount=429496729 -p maxexecutiontime=61 -threads 1
Command line: -t -db site.ycsb.db.RedisClient -s -P /home/host/vmuxIO/test/moonprogs//../../ycsb/share/workloads/workloada -p redis.host=10.1.0.2 -p redis.port=6379 -p operationcount=429496729 -p maxexecutiontime=61 -threads 1
YCSB Client 0.17.0

Loading workload...
Starting test.
Maximum execution time specified as: 61 secs
DBWrapper: report latency for each error is false and specific error codes to track for latency are: []
2024-10-03 03:34:48:466 0 sec: 0 operations; est completion in 0 second 
2024-10-03 03:34:58:247 10 sec: 25610 operations; 2561 current ops/sec; est completion in 1 day 22 hours [READ: Count=12747, Max=60671, Min=151, Avg=378.9, 90=472, 99=592, 99.9=2583, 99.99=12919] [UPDATE: Count=12877, Max=6543, Min=165, Avg=369.61, 90=470, 99=603, 99.9=3883, 99.99=5943] 
2024-10-03 03:35:08:246 20 sec: 52531 operations; 2692.1 current ops/sec; est completion in 1 day 21 hours [READ: Count=13482, Max=5475, Min=115, Avg=369.38, 90=469, 99=577, 99.9=700, 99.99=2985] [UPDATE: Count=13425, Max=1723, Min=112, Avg=364.97, 90=468, 99=573, 99.9=704, 99.99=1647] 
2024-10-03 03:35:18:246 30 sec: 79804 operations; 2727.3 current ops/sec; est completion in 1 day 20 hours [READ: Count=13676, Max=3537, Min=142, Avg=365.28, 90=466, 99=568, 99.9=645, 99.99=1133] [UPDATE: Count=13597, Max=8287, Min=167, Avg=361.75, 90=464, 99=566, 99.9=642, 99.99=4115] 
2024-10-03 03:35:28:246 40 sec: 108454 operations; 2865 current ops/sec; est completion in 1 day 19 hours [READ: Count=14377, Max=1592, Min=179, Avg=347.85, 90=444, 99=541, 99.9=612, 99.99=1021] [UPDATE: Count=14273, Max=9839, Min=161, Avg=344.72, 90=445, 99=539, 99.9=610, 99.99=3049] 
2024-10-03 03:35:38:246 50 sec: 137016 operations; 2856.2 current ops/sec; est completion in 1 day 19 hours [READ: Count=14289, Max=5667, Min=187, Avg=350.22, 90=450, 99=546, 99.9=619, 99.99=2343] [UPDATE: Count=14273, Max=852, Min=174, Avg=345.04, 90=451, 99=539, 99.9=602, 99.99=725] 
2024-10-03 03:35:48:246 60 sec: 184463 operations; 4744.7 current ops/sec; est completion in 1 day 14 hours [READ: Count=23646, Max=4299, Min=84, Avg=210.23, 90=365, 99=495, 99.9=574, 99.99=659] [UPDATE: Count=23801, Max=5759, Min=82, Avg=207.23, 90=360, 99=494, 99.9=566, 99.99=2397] 
Maximum time elapsed. Requesting stop for the workload.
Stop requested for workload. Now Joining!
2024-10-03 03:35:49:255 61 sec: 194510 operations; 9957.38 current ops/sec; est completion in 1 day 13 hours [READ: Count=5048, Max=422, Min=78, Avg=98.91, 90=113, 99=135, 99.9=297, 99.99=319] [CLEANUP: Count=1, Max=1071, Min=1071, Avg=1071, 90=1071, 99=1071, 99.9=1071, 99.99=1071] [UPDATE: Count=4999, Max=3535, Min=76, Avg=98.05, 90=111, 99=133, 99.9=304, 99.99=3535] 
[OVERALL], RunTime(ms), 61015
[OVERALL], Throughput(ops/sec), 3187.9046136196016
[TOTAL_GCS_Copy], Count, 18
[TOTAL_GC_TIME_Copy], Time(ms), 22
[TOTAL_GC_TIME_%_Copy], Time(%), 0.03605670736704089
[TOTAL_GCS_MarkSweepCompact], Count, 0
[TOTAL_GC_TIME_MarkSweepCompact], Time(ms), 0
[TOTAL_GC_TIME_%_MarkSweepCompact], Time(%), 0.0
[TOTAL_GCs], Count, 18
[TOTAL_GC_TIME], Time(ms), 22
[TOTAL_GC_TIME_%], Time(%), 0.03605670736704089
[READ], Operations, 97265
[READ], AverageLatency(us), 311.3269932658202
[READ], MinLatency(us), 78
[READ], MaxLatency(us), 60671
[READ], 95thPercentileLatency(us), 485
[READ], 99thPercentileLatency(us), 554
[READ], Return=OK, 97265
[CLEANUP], Operations, 1
[CLEANUP], AverageLatency(us), 1071.0
[CLEANUP], MinLatency(us), 1071
[CLEANUP], MaxLatency(us), 1071
[CLEANUP], 95thPercentileLatency(us), 1071
[CLEANUP], 99thPercentileLatency(us), 1071
[UPDATE], Operations, 97245
[UPDATE], AverageLatency(us), 306.9069360892591
[UPDATE], MinLatency(us), 76
[UPDATE], MaxLatency(us), 9839
[UPDATE], 95thPercentileLatency(us), 486
[UPDATE], 99thPercentileLatency(us), 552
[UPDATE], Return=OK, 97245
AUTOTEST_DONE
