/nix/store/2vwkssqpzykk37r996cafq7x63imf4sp-openjdk-21+35/bin/java  -classpath /nix/store/zw02np72fzsmga6s5mphhw7x8qlzf4sv-ycsb-0.17.0/share/conf:/nix/store/zw02np72fzsmga6s5mphhw7x8qlzf4sv-ycsb-0.17.0/share/lib/core-0.17.0.jar:/nix/store/zw02np72fzsmga6s5mphhw7x8qlzf4sv-ycsb-0.17.0/share/lib/HdrHistogram-2.1.4.jar:/nix/store/zw02np72fzsmga6s5mphhw7x8qlzf4sv-ycsb-0.17.0/share/lib/htrace-core4-4.1.0-incubating.jar:/nix/store/zw02np72fzsmga6s5mphhw7x8qlzf4sv-ycsb-0.17.0/share/lib/jackson-core-asl-1.9.4.jar:/nix/store/zw02np72fzsmga6s5mphhw7x8qlzf4sv-ycsb-0.17.0/share/lib/jackson-mapper-asl-1.9.4.jar:/nix/store/zw02np72fzsmga6s5mphhw7x8qlzf4sv-ycsb-0.17.0/share/redis-binding/lib/commons-pool2-2.4.2.jar:/nix/store/zw02np72fzsmga6s5mphhw7x8qlzf4sv-ycsb-0.17.0/share/redis-binding/lib/jedis-2.9.0.jar:/nix/store/zw02np72fzsmga6s5mphhw7x8qlzf4sv-ycsb-0.17.0/share/redis-binding/lib/redis-binding-0.17.0.jar site.ycsb.Client -t -db site.ycsb.db.RedisClient -s -P /home/host/vmuxIO/test/moonprogs//../../ycsb/share/workloads/workloada -p redis.host=10.1.0.2 -p redis.port=6379 -p operationcount=429496729 -p maxexecutiontime=61 -threads 1
Command line: -t -db site.ycsb.db.RedisClient -s -P /home/host/vmuxIO/test/moonprogs//../../ycsb/share/workloads/workloada -p redis.host=10.1.0.2 -p redis.port=6379 -p operationcount=429496729 -p maxexecutiontime=61 -threads 1
YCSB Client 0.17.0

Loading workload...
Starting test.
Maximum execution time specified as: 61 secs
DBWrapper: report latency for each error is false and specific error codes to track for latency are: []
2024-10-03 03:34:49:174 0 sec: 0 operations; est completion in 0 second 
2024-10-03 03:34:58:935 10 sec: 26179 operations; 2617.9 current ops/sec; est completion in 1 day 21 hours [READ: Count=13091, Max=64447, Min=154, Avg=370.55, 90=453, 99=561, 99.9=2575, 99.99=13879] [UPDATE: Count=13092, Max=7239, Min=156, Avg=362.7, 90=453, 99=578, 99.9=4279, 99.99=6843] 
2024-10-03 03:35:08:935 20 sec: 53614 operations; 2743.5 current ops/sec; est completion in 1 day 20 hours [READ: Count=13699, Max=12191, Min=151, Avg=364.22, 90=455, 99=560, 99.9=662, 99.99=5559] [UPDATE: Count=13732, Max=3383, Min=131, Avg=356.63, 90=450, 99=556, 99.9=647, 99.99=1256] 
2024-10-03 03:35:18:935 30 sec: 81439 operations; 2782.5 current ops/sec; est completion in 1 day 19 hours [READ: Count=13969, Max=7155, Min=143, Avg=359.05, 90=450, 99=547, 99.9=631, 99.99=6323] [UPDATE: Count=13856, Max=3259, Min=150, Avg=353.61, 90=448, 99=542, 99.9=618, 99.99=1188] 
2024-10-03 03:35:28:935 40 sec: 110600 operations; 2916.1 current ops/sec; est completion in 1 day 19 hours [READ: Count=14560, Max=2193, Min=161, Avg=342.71, 90=431, 99=514, 99.9=577, 99.99=958] [UPDATE: Count=14601, Max=4175, Min=127, Avg=337.42, 90=430, 99=514, 99.9=582, 99.99=1545] 
2024-10-03 03:35:38:935 50 sec: 139488 operations; 2888.8 current ops/sec; est completion in 1 day 18 hours [READ: Count=14401, Max=4447, Min=174, Avg=346.01, 90=440, 99=532, 99.9=604, 99.99=2179] [UPDATE: Count=14487, Max=1916, Min=175, Avg=341.63, 90=437, 99=523, 99.9=588, 99.99=853] 
2024-10-03 03:35:48:935 60 sec: 187571 operations; 4808.3 current ops/sec; est completion in 1 day 14 hours [READ: Count=23927, Max=7219, Min=71, Avg=207.51, 90=367, 99=467, 99.9=533, 99.99=641] [UPDATE: Count=24156, Max=4331, Min=70, Avg=204.57, 90=363, 99=467, 99.9=537, 99.99=2933] 
Maximum time elapsed. Requesting stop for the workload.
Stop requested for workload. Now Joining!
2024-10-03 03:35:49:949 61 sec: 197839 operations; 10136.23 current ops/sec; est completion in 1 day 12 hours [READ: Count=5101, Max=3357, Min=73, Avg=99.15, 90=126, 99=143, 99.9=295, 99.99=3205] [CLEANUP: Count=1, Max=861, Min=861, Avg=861, 90=861, 99=861, 99.9=861, 99.99=861] [UPDATE: Count=5167, Max=454, Min=72, Avg=95.08, 90=124, 99=138, 99.9=279, 99.99=298] 
[OVERALL], RunTime(ms), 61021
[OVERALL], Throughput(ops/sec), 3242.1461464086133
[TOTAL_GCS_Copy], Count, 18
[TOTAL_GC_TIME_Copy], Time(ms), 23
[TOTAL_GC_TIME_%_Copy], Time(%), 0.03769194211828715
[TOTAL_GCS_MarkSweepCompact], Count, 0
[TOTAL_GC_TIME_MarkSweepCompact], Time(ms), 0
[TOTAL_GC_TIME_%_MarkSweepCompact], Time(%), 0.0
[TOTAL_GCs], Count, 18
[TOTAL_GC_TIME], Time(ms), 23
[TOTAL_GC_TIME_%], Time(%), 0.03769194211828715
[READ], Operations, 98748
[READ], AverageLatency(us), 306.83659415886905
[READ], MinLatency(us), 71
[READ], MaxLatency(us), 64447
[READ], 95thPercentileLatency(us), 464
[READ], 99thPercentileLatency(us), 532
[READ], Return=OK, 98748
[CLEANUP], Operations, 1
[CLEANUP], AverageLatency(us), 861.0
[CLEANUP], MinLatency(us), 861
[CLEANUP], MaxLatency(us), 861
[CLEANUP], 95thPercentileLatency(us), 861
[CLEANUP], 99thPercentileLatency(us), 861
[UPDATE], Operations, 99091
[UPDATE], AverageLatency(us), 301.27879423963833
[UPDATE], MinLatency(us), 70
[UPDATE], MaxLatency(us), 7239
[UPDATE], 95thPercentileLatency(us), 462
[UPDATE], 99thPercentileLatency(us), 530
[UPDATE], Return=OK, 99091
AUTOTEST_DONE
