/nix/store/2vwkssqpzykk37r996cafq7x63imf4sp-openjdk-21+35/bin/java  -classpath /nix/store/zw02np72fzsmga6s5mphhw7x8qlzf4sv-ycsb-0.17.0/share/conf:/nix/store/zw02np72fzsmga6s5mphhw7x8qlzf4sv-ycsb-0.17.0/share/lib/core-0.17.0.jar:/nix/store/zw02np72fzsmga6s5mphhw7x8qlzf4sv-ycsb-0.17.0/share/lib/HdrHistogram-2.1.4.jar:/nix/store/zw02np72fzsmga6s5mphhw7x8qlzf4sv-ycsb-0.17.0/share/lib/htrace-core4-4.1.0-incubating.jar:/nix/store/zw02np72fzsmga6s5mphhw7x8qlzf4sv-ycsb-0.17.0/share/lib/jackson-core-asl-1.9.4.jar:/nix/store/zw02np72fzsmga6s5mphhw7x8qlzf4sv-ycsb-0.17.0/share/lib/jackson-mapper-asl-1.9.4.jar:/nix/store/zw02np72fzsmga6s5mphhw7x8qlzf4sv-ycsb-0.17.0/share/redis-binding/lib/commons-pool2-2.4.2.jar:/nix/store/zw02np72fzsmga6s5mphhw7x8qlzf4sv-ycsb-0.17.0/share/redis-binding/lib/jedis-2.9.0.jar:/nix/store/zw02np72fzsmga6s5mphhw7x8qlzf4sv-ycsb-0.17.0/share/redis-binding/lib/redis-binding-0.17.0.jar site.ycsb.Client -t -db site.ycsb.db.RedisClient -s -P /home/host/vmuxIO/test/moonprogs//../../ycsb/share/workloads/workloada -p redis.host=10.1.0.2 -p redis.port=6379 -p operationcount=429496729 -p maxexecutiontime=61 -threads 1
Command line: -t -db site.ycsb.db.RedisClient -s -P /home/host/vmuxIO/test/moonprogs//../../ycsb/share/workloads/workloada -p redis.host=10.1.0.2 -p redis.port=6379 -p operationcount=429496729 -p maxexecutiontime=61 -threads 1
YCSB Client 0.17.0

Loading workload...
Starting test.
Maximum execution time specified as: 61 secs
DBWrapper: report latency for each error is false and specific error codes to track for latency are: []
2024-10-03 03:34:42:068 0 sec: 0 operations; est completion in 0 second 
2024-10-03 03:34:51:922 10 sec: 42415 operations; 4241.5 current ops/sec; est completion in 1 day 4 hours [READ: Count=21335, Max=24911, Min=92, Avg=225.45, 90=356, 99=488, 99.9=2789, 99.99=8615] [UPDATE: Count=21092, Max=25023, Min=89, Avg=224.01, 90=350, 99=497, 99.9=2733, 99.99=6935] 
2024-10-03 03:35:01:922 20 sec: 69939 operations; 2752.4 current ops/sec; est completion in 1 day 10 hours [READ: Count=13685, Max=5903, Min=195, Avg=361.72, 90=446, 99=571, 99.9=677, 99.99=4103] [UPDATE: Count=13827, Max=3069, Min=183, Avg=355.36, 90=442, 99=579, 99.9=677, 99.99=977] 
2024-10-03 03:35:11:922 30 sec: 97617 operations; 2767.8 current ops/sec; est completion in 1 day 12 hours [READ: Count=13826, Max=3067, Min=121, Avg=361.68, 90=444, 99=555, 99.9=694, 99.99=2169] [UPDATE: Count=13852, Max=8083, Min=186, Avg=355.59, 90=435, 99=559, 99.9=692, 99.99=3797] 
2024-10-03 03:35:21:922 40 sec: 125972 operations; 2835.5 current ops/sec; est completion in 1 day 13 hours [READ: Count=14221, Max=9039, Min=181, Avg=353.13, 90=436, 99=546, 99.9=704, 99.99=2677] [UPDATE: Count=14134, Max=3957, Min=171, Avg=346.48, 90=430, 99=547, 99.9=695, 99.99=2965] 
2024-10-03 03:35:31:922 50 sec: 155070 operations; 2909.8 current ops/sec; est completion in 1 day 14 hours [READ: Count=14613, Max=6595, Min=173, Avg=343.53, 90=427, 99=561, 99.9=683, 99.99=990] [UPDATE: Count=14485, Max=7295, Min=135, Avg=338.83, 90=423, 99=550, 99.9=649, 99.99=835] 
2024-10-03 03:35:41:922 60 sec: 184349 operations; 2927.9 current ops/sec; est completion in 1 day 14 hours [READ: Count=14716, Max=4703, Min=185, Avg=341.71, 90=422, 99=531, 99.9=619, 99.99=1820] [UPDATE: Count=14563, Max=4127, Min=187, Avg=336.46, 90=420, 99=521, 99.9=606, 99.99=1401] 
Maximum time elapsed. Requesting stop for the workload.
Stop requested for workload. Now Joining!
2024-10-03 03:35:42:937 61 sec: 187218 operations; 2823.82 current ops/sec; est completion in 1 day 14 hours [READ: Count=1466, Max=680, Min=202, Avg=349.17, 90=438, 99=587, 99.9=648, 99.99=680] [CLEANUP: Count=1, Max=2365, Min=2364, Avg=2365, 90=2365, 99=2365, 99.9=2365, 99.99=2365] [UPDATE: Count=1403, Max=3943, Min=188, Avg=348.35, 90=451, 99=611, 99.9=701, 99.99=3943] 
[OVERALL], RunTime(ms), 61023
[OVERALL], Throughput(ops/sec), 3067.9907575832062
[TOTAL_GCS_Copy], Count, 17
[TOTAL_GC_TIME_Copy], Time(ms), 35
[TOTAL_GC_TIME_%_Copy], Time(%), 0.05735542336496076
[TOTAL_GCS_MarkSweepCompact], Count, 0
[TOTAL_GC_TIME_MarkSweepCompact], Time(ms), 0
[TOTAL_GC_TIME_%_MarkSweepCompact], Time(%), 0.0
[TOTAL_GCs], Count, 17
[TOTAL_GC_TIME], Time(ms), 35
[TOTAL_GC_TIME_%], Time(%), 0.05735542336496076
[READ], Operations, 93862
[READ], AverageLatency(us), 323.2716328226545
[READ], MinLatency(us), 92
[READ], MaxLatency(us), 24911
[READ], 95thPercentileLatency(us), 458
[READ], 99thPercentileLatency(us), 549
[READ], Return=OK, 93862
[CLEANUP], Operations, 1
[CLEANUP], AverageLatency(us), 2365.0
[CLEANUP], MinLatency(us), 2364
[CLEANUP], MaxLatency(us), 2365
[CLEANUP], 95thPercentileLatency(us), 2365
[CLEANUP], 99thPercentileLatency(us), 2365
[UPDATE], Operations, 93356
[UPDATE], AverageLatency(us), 318.7556986160504
[UPDATE], MinLatency(us), 89
[UPDATE], MaxLatency(us), 25023
[UPDATE], 95thPercentileLatency(us), 455
[UPDATE], 99thPercentileLatency(us), 550
[UPDATE], Return=OK, 93356
AUTOTEST_DONE
