/nix/store/2vwkssqpzykk37r996cafq7x63imf4sp-openjdk-21+35/bin/java  -classpath /nix/store/zw02np72fzsmga6s5mphhw7x8qlzf4sv-ycsb-0.17.0/share/conf:/nix/store/zw02np72fzsmga6s5mphhw7x8qlzf4sv-ycsb-0.17.0/share/lib/core-0.17.0.jar:/nix/store/zw02np72fzsmga6s5mphhw7x8qlzf4sv-ycsb-0.17.0/share/lib/HdrHistogram-2.1.4.jar:/nix/store/zw02np72fzsmga6s5mphhw7x8qlzf4sv-ycsb-0.17.0/share/lib/htrace-core4-4.1.0-incubating.jar:/nix/store/zw02np72fzsmga6s5mphhw7x8qlzf4sv-ycsb-0.17.0/share/lib/jackson-core-asl-1.9.4.jar:/nix/store/zw02np72fzsmga6s5mphhw7x8qlzf4sv-ycsb-0.17.0/share/lib/jackson-mapper-asl-1.9.4.jar:/nix/store/zw02np72fzsmga6s5mphhw7x8qlzf4sv-ycsb-0.17.0/share/redis-binding/lib/commons-pool2-2.4.2.jar:/nix/store/zw02np72fzsmga6s5mphhw7x8qlzf4sv-ycsb-0.17.0/share/redis-binding/lib/jedis-2.9.0.jar:/nix/store/zw02np72fzsmga6s5mphhw7x8qlzf4sv-ycsb-0.17.0/share/redis-binding/lib/redis-binding-0.17.0.jar site.ycsb.Client -t -db site.ycsb.db.RedisClient -s -P /home/host/vmuxIO/test/moonprogs//../../ycsb/share/workloads/workloada -p redis.host=10.1.0.2 -p redis.port=6388 -p operationcount=429496729 -p maxexecutiontime=61 -threads 1
Command line: -t -db site.ycsb.db.RedisClient -s -P /home/host/vmuxIO/test/moonprogs//../../ycsb/share/workloads/workloada -p redis.host=10.1.0.2 -p redis.port=6388 -p operationcount=429496729 -p maxexecutiontime=61 -threads 1
YCSB Client 0.17.0

Loading workload...
Starting test.
Maximum execution time specified as: 61 secs
DBWrapper: report latency for each error is false and specific error codes to track for latency are: []
2024-07-11 18:45:53:010 0 sec: 0 operations; est completion in 0 second 
2024-07-11 18:46:02:824 10 sec: 78036 operations; 7802.82 current ops/sec; est completion in 15 hours 17 minutes [READ: Count=38969, Max=51071, Min=75, Avg=121.62, 90=140, 99=214, 99.9=1576, 99.99=5275] [UPDATE: Count=39074, Max=4463, Min=74, Avg=120.71, 90=142, 99=224, 99.9=1512, 99.99=3915] 
2024-07-11 18:46:12:824 20 sec: 174120 operations; 9608.4 current ops/sec; est completion in 13 hours 41 minutes [READ: Count=48032, Max=12255, Min=75, Avg=103.22, 90=121, 99=169, 99.9=229, 99.99=1860] [UPDATE: Count=48045, Max=4235, Min=75, Avg=101.38, 90=120, 99=165, 99.9=228, 99.99=1931] 
2024-07-11 18:46:22:824 30 sec: 257979 operations; 8385.9 current ops/sec; est completion in 13 hours 51 minutes [READ: Count=41743, Max=2569, Min=87, Avg=117.76, 90=132, 99=209, 99.9=363, 99.99=1858] [UPDATE: Count=42116, Max=10079, Min=84, Avg=116.22, 90=131, 99=209, 99.9=353, 99.99=767] 
2024-07-11 18:46:32:824 40 sec: 352784 operations; 9480.5 current ops/sec; est completion in 13 hours 31 minutes [READ: Count=47177, Max=5043, Min=77, Avg=104.51, 90=122, 99=163, 99.9=227, 99.99=625] [UPDATE: Count=47628, Max=4635, Min=75, Avg=103.06, 90=121, 99=162, 99.9=225, 99.99=1818] 
2024-07-11 18:46:42:824 50 sec: 455565 operations; 10278.1 current ops/sec; est completion in 13 hours 4 minutes [READ: Count=51279, Max=5095, Min=75, Avg=96.68, 90=107, 99=150, 99.9=189, 99.99=1812] [UPDATE: Count=51502, Max=1811, Min=73, Avg=94.83, 90=105, 99=148, 99.9=190, 99.99=392] 
2024-07-11 18:46:52:824 60 sec: 554170 operations; 9860.5 current ops/sec; est completion in 12 hours 54 minutes [READ: Count=49438, Max=3131, Min=73, Avg=100.57, 90=114, 99=174, 99.9=277, 99.99=543] [UPDATE: Count=49167, Max=2735, Min=72, Avg=98.81, 90=112, 99=172, 99.9=274, 99.99=563] 
Maximum time elapsed. Requesting stop for the workload.
Stop requested for workload. Now Joining!
2024-07-11 18:46:53:836 61 sec: 564060 operations; 9772.73 current ops/sec; est completion in 12 hours 53 minutes [READ: Count=4920, Max=1823, Min=77, Avg=100.96, 90=112, 99=153, 99.9=417, 99.99=1823] [CLEANUP: Count=1, Max=904, Min=904, Avg=904, 90=904, 99=904, 99.9=904, 99.99=904] [UPDATE: Count=4970, Max=3997, Min=75, Avg=100.18, 90=110, 99=156, 99.9=226, 99.99=3997] 
[OVERALL], RunTime(ms), 61016
[OVERALL], Throughput(ops/sec), 9244.46046938508
[TOTAL_GCS_Copy], Count, 52
[TOTAL_GC_TIME_Copy], Time(ms), 22
[TOTAL_GC_TIME_%_Copy], Time(%), 0.03605611642847777
[TOTAL_GCS_MarkSweepCompact], Count, 0
[TOTAL_GC_TIME_MarkSweepCompact], Time(ms), 0
[TOTAL_GC_TIME_%_MarkSweepCompact], Time(%), 0.0
[TOTAL_GCs], Count, 52
[TOTAL_GC_TIME], Time(ms), 22
[TOTAL_GC_TIME_%], Time(%), 0.03605611642847777
[READ], Operations, 281558
[READ], AverageLatency(us), 106.44289631266027
[READ], MinLatency(us), 73
[READ], MaxLatency(us), 51071
[READ], 95thPercentileLatency(us), 138
[READ], 99thPercentileLatency(us), 179
[READ], Return=OK, 281558
[CLEANUP], Operations, 1
[CLEANUP], AverageLatency(us), 904.0
[CLEANUP], MinLatency(us), 904
[CLEANUP], MaxLatency(us), 904
[CLEANUP], 95thPercentileLatency(us), 904
[CLEANUP], 99thPercentileLatency(us), 904
[UPDATE], Operations, 282502
[UPDATE], AverageLatency(us), 104.88731053231481
[UPDATE], MinLatency(us), 72
[UPDATE], MaxLatency(us), 10079
[UPDATE], 95thPercentileLatency(us), 138
[UPDATE], 99thPercentileLatency(us), 179
[UPDATE], Return=OK, 282502
AUTOTEST_DONE
