/nix/store/2vwkssqpzykk37r996cafq7x63imf4sp-openjdk-21+35/bin/java  -classpath /nix/store/zw02np72fzsmga6s5mphhw7x8qlzf4sv-ycsb-0.17.0/share/conf:/nix/store/zw02np72fzsmga6s5mphhw7x8qlzf4sv-ycsb-0.17.0/share/lib/core-0.17.0.jar:/nix/store/zw02np72fzsmga6s5mphhw7x8qlzf4sv-ycsb-0.17.0/share/lib/HdrHistogram-2.1.4.jar:/nix/store/zw02np72fzsmga6s5mphhw7x8qlzf4sv-ycsb-0.17.0/share/lib/htrace-core4-4.1.0-incubating.jar:/nix/store/zw02np72fzsmga6s5mphhw7x8qlzf4sv-ycsb-0.17.0/share/lib/jackson-core-asl-1.9.4.jar:/nix/store/zw02np72fzsmga6s5mphhw7x8qlzf4sv-ycsb-0.17.0/share/lib/jackson-mapper-asl-1.9.4.jar:/nix/store/zw02np72fzsmga6s5mphhw7x8qlzf4sv-ycsb-0.17.0/share/redis-binding/lib/commons-pool2-2.4.2.jar:/nix/store/zw02np72fzsmga6s5mphhw7x8qlzf4sv-ycsb-0.17.0/share/redis-binding/lib/jedis-2.9.0.jar:/nix/store/zw02np72fzsmga6s5mphhw7x8qlzf4sv-ycsb-0.17.0/share/redis-binding/lib/redis-binding-0.17.0.jar site.ycsb.Client -t -db site.ycsb.db.RedisClient -s -P /home/host/vmuxIO/test/moonprogs//../../ycsb/share/workloads/workloada -p redis.host=10.1.0.2 -p redis.port=6383 -p operationcount=429496729 -p maxexecutiontime=61 -threads 1
Command line: -t -db site.ycsb.db.RedisClient -s -P /home/host/vmuxIO/test/moonprogs//../../ycsb/share/workloads/workloada -p redis.host=10.1.0.2 -p redis.port=6383 -p operationcount=429496729 -p maxexecutiontime=61 -threads 1
YCSB Client 0.17.0

Loading workload...
Starting test.
Maximum execution time specified as: 61 secs
DBWrapper: report latency for each error is false and specific error codes to track for latency are: []
2025-04-01 23:00:09:596 0 sec: 0 operations; est completion in 0 second 
2025-04-01 23:00:19:447 10 sec: 96984 operations; 9698.4 current ops/sec; est completion in 12 hours 17 minutes [READ: Count=48446, Max=20079, Min=80, Avg=99.69, 90=112, 99=152, 99.9=541, 99.99=3763] [UPDATE: Count=48544, Max=22543, Min=76, Avg=98.03, 90=111, 99=169, 99.9=654, 99.99=3931] 
2025-04-01 23:00:29:447 20 sec: 203536 operations; 10654.13 current ops/sec; est completion in 11 hours 43 minutes [READ: Count=53459, Max=5007, Min=81, Avg=93.75, 90=101, 99=128, 99.9=177, 99.99=433] [UPDATE: Count=53087, Max=478, Min=77, Avg=90.92, 90=98, 99=125, 99.9=173, 99.99=305] 
2025-04-01 23:00:39:447 30 sec: 308165 operations; 10463.95 current ops/sec; est completion in 11 hours 36 minutes [READ: Count=52003, Max=3807, Min=78, Avg=95.49, 90=105, 99=135, 99.9=200, 99.99=501] [UPDATE: Count=52626, Max=525, Min=75, Avg=92.88, 90=103, 99=132, 99.9=195, 99.99=381] 
2025-04-01 23:00:49:447 40 sec: 409587 operations; 10142.2 current ops/sec; est completion in 11 hours 38 minutes [READ: Count=50940, Max=740, Min=80, Avg=98.61, 90=116, 99=142, 99.9=202, 99.99=328] [UPDATE: Count=50482, Max=9063, Min=78, Avg=95.8, 90=113, 99=138, 99.9=193, 99.99=302] 
2025-04-01 23:00:59:447 50 sec: 514639 operations; 10505.2 current ops/sec; est completion in 11 hours 34 minutes [READ: Count=52747, Max=3699, Min=78, Avg=95.16, 90=104, 99=132, 99.9=176, 99.99=316] [UPDATE: Count=52305, Max=4135, Min=76, Avg=92.47, 90=101, 99=129, 99.9=181, 99.99=316] 
2025-04-01 23:01:09:447 60 sec: 618709 operations; 10407 current ops/sec; est completion in 11 hours 33 minutes [READ: Count=51954, Max=562, Min=79, Avg=95.91, 90=106, 99=137, 99.9=212, 99.99=357] [UPDATE: Count=52116, Max=7203, Min=78, Avg=93.44, 90=103, 99=136, 99.9=202, 99.99=337] 
Maximum time elapsed. Requesting stop for the workload.
Stop requested for workload. Now Joining!
2025-04-01 23:01:10:461 61 sec: 628893 operations; 10033.5 current ops/sec; est completion in 11 hours 33 minutes [READ: Count=5072, Max=505, Min=81, Avg=98.69, 90=125, 99=183, 99.9=216, 99.99=353] [CLEANUP: Count=1, Max=1012, Min=1012, Avg=1012, 90=1012, 99=1012, 99.9=1012, 99.99=1012] [UPDATE: Count=5112, Max=2713, Min=78, Avg=97.39, 90=124, 99=183, 99.9=306, 99.99=967] 
[OVERALL], RunTime(ms), 61019
[OVERALL], Throughput(ops/sec), 10306.511086710696
[TOTAL_GCS_Copy], Count, 58
[TOTAL_GC_TIME_Copy], Time(ms), 21
[TOTAL_GC_TIME_%_Copy], Time(%), 0.034415509923138694
[TOTAL_GCS_MarkSweepCompact], Count, 0
[TOTAL_GC_TIME_MarkSweepCompact], Time(ms), 0
[TOTAL_GC_TIME_%_MarkSweepCompact], Time(%), 0.0
[TOTAL_GCs], Count, 58
[TOTAL_GC_TIME], Time(ms), 21
[TOTAL_GC_TIME_%], Time(%), 0.034415509923138694
[READ], Operations, 314621
[READ], AverageLatency(us), 96.41208946637383
[READ], MinLatency(us), 78
[READ], MaxLatency(us), 20079
[READ], 95thPercentileLatency(us), 123
[READ], 99thPercentileLatency(us), 137
[READ], Return=OK, 314621
[CLEANUP], Operations, 1
[CLEANUP], AverageLatency(us), 1012.0
[CLEANUP], MinLatency(us), 1012
[CLEANUP], MaxLatency(us), 1012
[CLEANUP], 95thPercentileLatency(us), 1012
[CLEANUP], 99thPercentileLatency(us), 1012
[UPDATE], Operations, 314272
[UPDATE], AverageLatency(us), 93.91232435597189
[UPDATE], MinLatency(us), 75
[UPDATE], MaxLatency(us), 22543
[UPDATE], 95thPercentileLatency(us), 121
[UPDATE], 99thPercentileLatency(us), 136
[UPDATE], Return=OK, 314272
AUTOTEST_DONE
