/nix/store/2vwkssqpzykk37r996cafq7x63imf4sp-openjdk-21+35/bin/java  -classpath /nix/store/zw02np72fzsmga6s5mphhw7x8qlzf4sv-ycsb-0.17.0/share/conf:/nix/store/zw02np72fzsmga6s5mphhw7x8qlzf4sv-ycsb-0.17.0/share/lib/core-0.17.0.jar:/nix/store/zw02np72fzsmga6s5mphhw7x8qlzf4sv-ycsb-0.17.0/share/lib/HdrHistogram-2.1.4.jar:/nix/store/zw02np72fzsmga6s5mphhw7x8qlzf4sv-ycsb-0.17.0/share/lib/htrace-core4-4.1.0-incubating.jar:/nix/store/zw02np72fzsmga6s5mphhw7x8qlzf4sv-ycsb-0.17.0/share/lib/jackson-core-asl-1.9.4.jar:/nix/store/zw02np72fzsmga6s5mphhw7x8qlzf4sv-ycsb-0.17.0/share/lib/jackson-mapper-asl-1.9.4.jar:/nix/store/zw02np72fzsmga6s5mphhw7x8qlzf4sv-ycsb-0.17.0/share/redis-binding/lib/commons-pool2-2.4.2.jar:/nix/store/zw02np72fzsmga6s5mphhw7x8qlzf4sv-ycsb-0.17.0/share/redis-binding/lib/jedis-2.9.0.jar:/nix/store/zw02np72fzsmga6s5mphhw7x8qlzf4sv-ycsb-0.17.0/share/redis-binding/lib/redis-binding-0.17.0.jar site.ycsb.Client -t -db site.ycsb.db.RedisClient -s -P /home/host/vmuxIO/test/moonprogs//../../ycsb/share/workloads/workloada -p redis.host=10.1.0.2 -p redis.port=6379 -p operationcount=429496729 -p maxexecutiontime=61 -threads 1
Command line: -t -db site.ycsb.db.RedisClient -s -P /home/host/vmuxIO/test/moonprogs//../../ycsb/share/workloads/workloada -p redis.host=10.1.0.2 -p redis.port=6379 -p operationcount=429496729 -p maxexecutiontime=61 -threads 1
YCSB Client 0.17.0

Loading workload...
Starting test.
Maximum execution time specified as: 61 secs
DBWrapper: report latency for each error is false and specific error codes to track for latency are: []
2024-07-07 16:25:28:601 0 sec: 0 operations; est completion in 0 second 
2024-07-07 16:25:38:317 10 sec: 6117 operations; 610.72 current ops/sec; est completion in 8 days 3 hours [READ: Count=3060, Max=125951, Min=289, Avg=1539.67, 90=2625, 99=5811, 99.9=17871, 99.99=125951] [UPDATE: Count=3068, Max=24559, Min=287, Avg=1605.89, 90=2793, 99=6571, 99.9=13735, 99.99=24559] 
2024-07-07 16:25:48:285 20 sec: 10119 operations; 400.8 current ops/sec; est completion in 9 days 19 hours [READ: Count=1925, Max=101311, Min=275, Avg=2436.78, 90=5623, 99=15623, 99.9=19823, 99.99=101311] [UPDATE: Count=2066, Max=25375, Min=292, Avg=2461.29, 90=6167, 99=14599, 99.9=20927, 99.99=25375] 
2024-07-07 16:25:58:285 30 sec: 19287 operations; 916.8 current ops/sec; est completion in 7 days 17 hours [READ: Count=4529, Max=12959, Min=264, Avg=1056.65, 90=1629, 99=6011, 99.9=9223, 99.99=12959] [UPDATE: Count=4639, Max=19071, Min=267, Avg=1111.2, 90=1669, 99=6523, 99.9=10607, 99.99=19071] 
2024-07-07 16:26:08:285 40 sec: 29522 operations; 1023.5 current ops/sec; est completion in 6 days 17 hours [READ: Count=5045, Max=14263, Min=282, Avg=960.01, 90=1364, 99=1904, 99.9=6835, 99.99=10455] [UPDATE: Count=5190, Max=18767, Min=279, Avg=979.62, 90=1381, 99=1929, 99.9=9935, 99.99=15319] 
2024-07-07 16:26:18:286 50 sec: 38424 operations; 890.2 current ops/sec; est completion in 6 days 11 hours [READ: Count=4429, Max=11863, Min=279, Avg=1104.2, 90=1712, 99=3435, 99.9=7459, 99.99=11863] [UPDATE: Count=4474, Max=16071, Min=279, Avg=1131.81, 90=1782, 99=3587, 99.9=7267, 99.99=16071] 
2024-07-07 16:26:28:285 60 sec: 46906 operations; 848.2 current ops/sec; est completion in 6 days 8 hours [READ: Count=4231, Max=10871, Min=275, Avg=1160.19, 90=1651, 99=2519, 99.9=6067, 99.99=10871] [UPDATE: Count=4250, Max=17919, Min=298, Avg=1185.68, 90=1662, 99=2861, 99.9=11359, 99.99=17919] 
Maximum time elapsed. Requesting stop for the workload.
Stop requested for workload. Now Joining!
2024-07-07 16:26:29:308 61 sec: 47708 operations; 784.74 current ops/sec; est completion in 6 days 8 hours [READ: Count=383, Max=13799, Min=336, Avg=1284.72, 90=1828, 99=7211, 99.9=13799, 99.99=13799] [CLEANUP: Count=1, Max=11087, Min=11080, Avg=11084, 90=11087, 99=11087, 99.9=11087, 99.99=11087] [UPDATE: Count=419, Max=12487, Min=342, Avg=1210.89, 90=1739, 99=4871, 99.9=12487, 99.99=12487] 
[OVERALL], RunTime(ms), 61024
[OVERALL], Throughput(ops/sec), 781.790770844258
[TOTAL_GCS_Copy], Count, 4
[TOTAL_GC_TIME_Copy], Time(ms), 107
[TOTAL_GC_TIME_%_Copy], Time(%), 0.17534084950183534
[TOTAL_GCS_MarkSweepCompact], Count, 0
[TOTAL_GC_TIME_MarkSweepCompact], Time(ms), 0
[TOTAL_GC_TIME_%_MarkSweepCompact], Time(%), 0.0
[TOTAL_GCs], Count, 4
[TOTAL_GC_TIME], Time(ms), 107
[TOTAL_GC_TIME_%], Time(%), 0.17534084950183534
[READ], Operations, 23602
[READ], AverageLatency(us), 1242.3648843318363
[READ], MinLatency(us), 264
[READ], MaxLatency(us), 125951
[READ], 95thPercentileLatency(us), 2455
[READ], 99thPercentileLatency(us), 6979
[READ], Return=OK, 23602
[CLEANUP], Operations, 1
[CLEANUP], AverageLatency(us), 11084.0
[CLEANUP], MinLatency(us), 11080
[CLEANUP], MaxLatency(us), 11087
[CLEANUP], 95thPercentileLatency(us), 11087
[CLEANUP], 99thPercentileLatency(us), 11087
[UPDATE], Operations, 24106
[UPDATE], AverageLatency(us), 1280.2294449514643
[UPDATE], MinLatency(us), 267
[UPDATE], MaxLatency(us), 25375
[UPDATE], 95thPercentileLatency(us), 2693
[UPDATE], 99thPercentileLatency(us), 7647
[UPDATE], Return=OK, 24106
AUTOTEST_DONE
