/nix/store/2vwkssqpzykk37r996cafq7x63imf4sp-openjdk-21+35/bin/java  -classpath /nix/store/zw02np72fzsmga6s5mphhw7x8qlzf4sv-ycsb-0.17.0/share/conf:/nix/store/zw02np72fzsmga6s5mphhw7x8qlzf4sv-ycsb-0.17.0/share/lib/core-0.17.0.jar:/nix/store/zw02np72fzsmga6s5mphhw7x8qlzf4sv-ycsb-0.17.0/share/lib/HdrHistogram-2.1.4.jar:/nix/store/zw02np72fzsmga6s5mphhw7x8qlzf4sv-ycsb-0.17.0/share/lib/htrace-core4-4.1.0-incubating.jar:/nix/store/zw02np72fzsmga6s5mphhw7x8qlzf4sv-ycsb-0.17.0/share/lib/jackson-core-asl-1.9.4.jar:/nix/store/zw02np72fzsmga6s5mphhw7x8qlzf4sv-ycsb-0.17.0/share/lib/jackson-mapper-asl-1.9.4.jar:/nix/store/zw02np72fzsmga6s5mphhw7x8qlzf4sv-ycsb-0.17.0/share/redis-binding/lib/commons-pool2-2.4.2.jar:/nix/store/zw02np72fzsmga6s5mphhw7x8qlzf4sv-ycsb-0.17.0/share/redis-binding/lib/jedis-2.9.0.jar:/nix/store/zw02np72fzsmga6s5mphhw7x8qlzf4sv-ycsb-0.17.0/share/redis-binding/lib/redis-binding-0.17.0.jar site.ycsb.Client -t -db site.ycsb.db.RedisClient -s -P /home/host/vmuxIO/test/moonprogs//../../ycsb/share/workloads/workloada -p redis.host=10.1.0.2 -p redis.port=6379 -p operationcount=429496729 -p maxexecutiontime=61 -threads 1
Command line: -t -db site.ycsb.db.RedisClient -s -P /home/host/vmuxIO/test/moonprogs//../../ycsb/share/workloads/workloada -p redis.host=10.1.0.2 -p redis.port=6379 -p operationcount=429496729 -p maxexecutiontime=61 -threads 1
YCSB Client 0.17.0

Loading workload...
Starting test.
Maximum execution time specified as: 61 secs
DBWrapper: report latency for each error is false and specific error codes to track for latency are: []
2024-07-07 16:25:35:840 0 sec: 0 operations; est completion in 0 second 
2024-07-07 16:25:45:316 10 sec: 4821 operations; 482.1 current ops/sec; est completion in 10 days 7 hours [READ: Count=2453, Max=245887, Min=334, Avg=1925.67, 90=3321, 99=8759, 99.9=45951, 99.99=245887] [UPDATE: Count=2371, Max=84095, Min=344, Avg=1898.08, 90=3479, 99=8903, 99.9=37119, 99.99=84095] 
2024-07-07 16:25:55:316 20 sec: 10662 operations; 584.04 current ops/sec; est completion in 9 days 7 hours [READ: Count=2928, Max=208895, Min=356, Avg=1708.31, 90=2387, 99=7639, 99.9=102719, 99.99=208895] [UPDATE: Count=2910, Max=22911, Min=328, Avg=1528.95, 90=2435, 99=6643, 99.9=13447, 99.99=22911] 
2024-07-07 16:26:05:316 30 sec: 19729 operations; 906.7 current ops/sec; est completion in 7 days 13 hours [READ: Count=4581, Max=35135, Min=345, Avg=1092.17, 90=1446, 99=3995, 99.9=8179, 99.99=35135] [UPDATE: Count=4486, Max=14911, Min=336, Avg=1085.28, 90=1455, 99=4029, 99.9=9255, 99.99=14911] 
2024-07-07 16:26:15:315 40 sec: 29412 operations; 968.4 current ops/sec; est completion in 6 days 18 hours [READ: Count=4840, Max=16039, Min=350, Avg=1007.99, 90=1335, 99=1790, 99.9=5303, 99.99=16039] [UPDATE: Count=4843, Max=14935, Min=340, Avg=1027.7, 90=1368, 99=1830, 99.9=4591, 99.99=14935] 
2024-07-07 16:26:25:317 50 sec: 37723 operations; 831.02 current ops/sec; est completion in 6 days 14 hours [READ: Count=4252, Max=20143, Min=360, Avg=1185.05, 90=1646, 99=2315, 99.9=6699, 99.99=20143] [UPDATE: Count=4059, Max=19759, Min=369, Avg=1204.27, 90=1639, 99=2475, 99.9=9503, 99.99=19759] 
Maximum time elapsed. Requesting stop for the workload.
Stop requested for workload. Now Joining!
Still waiting for thread Thread-2 to complete. Workload status: true
2024-07-07 16:26:49:038 60 sec: 42598 operations; 487.55 current ops/sec; est completion in 7 days [READ: Count=2429, Max=18207, Min=339, Avg=1402.78, 90=1890, 99=3809, 99.9=8863, 99.99=18207] [UPDATE: Count=2446, Max=15943, Min=363, Avg=1426.82, 90=1920, 99=3569, 99.9=8783, 99.99=15943] 
2024-07-07 16:26:49:047 73 sec: 42598 operations; 0 current ops/sec; est completion in 8 days 14 hours [READ: Count=0, Max=0, Min=9223372036854775807, Avg=NaN, 90=0, 99=0, 99.9=0, 99.99=0] [UPDATE: Count=0, Max=0, Min=9223372036854775807, Avg=NaN, 90=0, 99=0, 99.9=0, 99.99=0] 
2024-07-07 16:26:49:057 73 sec: 42599 operations; 100 current ops/sec; est completion in 8 days 14 hours [READ: Count=0, Max=0, Min=9223372036854775807, Avg=NaN, 90=0, 99=0, 99.9=0, 99.99=0] [CLEANUP: Count=1, Max=1556, Min=1556, Avg=1556, 90=1556, 99=1556, 99.9=1556, 99.99=1556] [UPDATE: Count=1, Max=16826367, Min=16809984, Avg=16818176, 90=16826367, 99=16826367, 99.9=16826367, 99.99=16826367] 
[OVERALL], RunTime(ms), 73742
[OVERALL], Throughput(ops/sec), 577.6762225054921
[TOTAL_GCS_Copy], Count, 4
[TOTAL_GC_TIME_Copy], Time(ms), 71
[TOTAL_GC_TIME_%_Copy], Time(%), 0.09628163054975454
[TOTAL_GCS_MarkSweepCompact], Count, 0
[TOTAL_GC_TIME_MarkSweepCompact], Time(ms), 0
[TOTAL_GC_TIME_%_MarkSweepCompact], Time(%), 0.0
[TOTAL_GCs], Count, 4
[TOTAL_GC_TIME], Time(ms), 71
[TOTAL_GC_TIME_%], Time(%), 0.09628163054975454
[READ], Operations, 21483
[READ], AverageLatency(us), 1305.8552343713634
[READ], MinLatency(us), 334
[READ], MaxLatency(us), 245887
[READ], 95thPercentileLatency(us), 2251
[READ], 99thPercentileLatency(us), 4987
[READ], Return=OK, 21483
[CLEANUP], Operations, 1
[CLEANUP], AverageLatency(us), 1556.0
[CLEANUP], MinLatency(us), 1556
[CLEANUP], MaxLatency(us), 1556
[CLEANUP], 95thPercentileLatency(us), 1556
[CLEANUP], 99thPercentileLatency(us), 1556
[UPDATE], Operations, 21116
[UPDATE], AverageLatency(us), 2083.329323735556
[UPDATE], MinLatency(us), 328
[UPDATE], MaxLatency(us), 16826367
[UPDATE], 95thPercentileLatency(us), 2281
[UPDATE], 99thPercentileLatency(us), 5131
[UPDATE], Return=OK, 21116
AUTOTEST_DONE
