/nix/store/2vwkssqpzykk37r996cafq7x63imf4sp-openjdk-21+35/bin/java  -classpath /nix/store/zw02np72fzsmga6s5mphhw7x8qlzf4sv-ycsb-0.17.0/share/conf:/nix/store/zw02np72fzsmga6s5mphhw7x8qlzf4sv-ycsb-0.17.0/share/lib/core-0.17.0.jar:/nix/store/zw02np72fzsmga6s5mphhw7x8qlzf4sv-ycsb-0.17.0/share/lib/HdrHistogram-2.1.4.jar:/nix/store/zw02np72fzsmga6s5mphhw7x8qlzf4sv-ycsb-0.17.0/share/lib/htrace-core4-4.1.0-incubating.jar:/nix/store/zw02np72fzsmga6s5mphhw7x8qlzf4sv-ycsb-0.17.0/share/lib/jackson-core-asl-1.9.4.jar:/nix/store/zw02np72fzsmga6s5mphhw7x8qlzf4sv-ycsb-0.17.0/share/lib/jackson-mapper-asl-1.9.4.jar:/nix/store/zw02np72fzsmga6s5mphhw7x8qlzf4sv-ycsb-0.17.0/share/redis-binding/lib/commons-pool2-2.4.2.jar:/nix/store/zw02np72fzsmga6s5mphhw7x8qlzf4sv-ycsb-0.17.0/share/redis-binding/lib/jedis-2.9.0.jar:/nix/store/zw02np72fzsmga6s5mphhw7x8qlzf4sv-ycsb-0.17.0/share/redis-binding/lib/redis-binding-0.17.0.jar site.ycsb.Client -t -db site.ycsb.db.RedisClient -s -P /home/host/vmuxIO/test/moonprogs//../../ycsb/share/workloads/workloada -p redis.host=10.1.0.2 -p redis.port=6379 -p operationcount=429496729 -p maxexecutiontime=61 -threads 1
Command line: -t -db site.ycsb.db.RedisClient -s -P /home/host/vmuxIO/test/moonprogs//../../ycsb/share/workloads/workloada -p redis.host=10.1.0.2 -p redis.port=6379 -p operationcount=429496729 -p maxexecutiontime=61 -threads 1
YCSB Client 0.17.0

Loading workload...
Starting test.
Maximum execution time specified as: 61 secs
DBWrapper: report latency for each error is false and specific error codes to track for latency are: []
2024-07-07 16:25:37:433 0 sec: 0 operations; est completion in 0 second 
2024-07-07 16:25:46:927 10 sec: 5276 operations; 527.55 current ops/sec; est completion in 9 days 10 hours [READ: Count=2712, Max=109759, Min=346, Avg=1742.78, 90=2731, 99=8535, 99.9=29951, 99.99=109759] [UPDATE: Count=2569, Max=86015, Min=398, Avg=1792.06, 90=2981, 99=7775, 99.9=22639, 99.99=86015] 
2024-07-07 16:25:56:927 20 sec: 10329 operations; 505.35 current ops/sec; est completion in 9 days 15 hours [READ: Count=2575, Max=165375, Min=349, Avg=1864.92, 90=2707, 99=7787, 99.9=53823, 99.99=165375] [UPDATE: Count=2473, Max=769535, Min=370, Avg=2069.06, 90=2667, 99=8847, 99.9=49535, 99.99=769535] 
2024-07-07 16:26:06:927 30 sec: 17734 operations; 740.43 current ops/sec; est completion in 8 days 9 hours [READ: Count=3702, Max=14775, Min=442, Avg=1302.4, 90=1726, 99=3303, 99.9=5847, 99.99=14775] [UPDATE: Count=3703, Max=122239, Min=379, Avg=1386.42, 90=1755, 99=3579, 99.9=16527, 99.99=122239] 
2024-07-07 16:26:16:927 40 sec: 25115 operations; 738.1 current ops/sec; est completion in 7 days 22 hours [READ: Count=3674, Max=23775, Min=346, Avg=1330.66, 90=1763, 99=3273, 99.9=7707, 99.99=23775] [UPDATE: Count=3707, Max=18527, Min=387, Avg=1367.11, 90=1823, 99=3713, 99.9=11951, 99.99=18527] 
2024-07-07 16:26:26:927 50 sec: 31955 operations; 684 current ops/sec; est completion in 7 days 18 hours [READ: Count=3396, Max=20735, Min=391, Avg=1433.93, 90=1941, 99=3185, 99.9=9487, 99.99=20735] [UPDATE: Count=3444, Max=24687, Min=371, Avg=1476.82, 90=1980, 99=3995, 99.9=8911, 99.99=24687] 
2024-07-07 16:26:36:927 60 sec: 42234 operations; 1027.9 current ops/sec; est completion in 7 days 1 hour [READ: Count=5112, Max=14231, Min=273, Avg=947.16, 90=1522, 99=2977, 99.9=4859, 99.99=9103] [UPDATE: Count=5167, Max=64383, Min=283, Avg=987.32, 90=1572, 99=3415, 99.9=6579, 99.99=13111] 
Maximum time elapsed. Requesting stop for the workload.
Stop requested for workload. Now Joining!
2024-07-07 16:26:37:966 61 sec: 44384 operations; 2069.3 current ops/sec; est completion in 6 days 20 hours [READ: Count=1124, Max=6411, Min=270, Avg=478.61, 90=626, 99=1083, 99.9=6007, 99.99=6411] [CLEANUP: Count=1, Max=6979, Min=6976, Avg=6978, 90=6979, 99=6979, 99.9=6979, 99.99=6979] [UPDATE: Count=1026, Max=8079, Min=268, Avg=472.28, 90=621, 99=938, 99.9=3973, 99.99=8079] 
[OVERALL], RunTime(ms), 61044
[OVERALL], Throughput(ops/sec), 727.0821047113558
[TOTAL_GCS_Copy], Count, 4
[TOTAL_GC_TIME_Copy], Time(ms), 44
[TOTAL_GC_TIME_%_Copy], Time(%), 0.07207915601860952
[TOTAL_GCS_MarkSweepCompact], Count, 0
[TOTAL_GC_TIME_MarkSweepCompact], Time(ms), 0
[TOTAL_GC_TIME_%_MarkSweepCompact], Time(%), 0.0
[TOTAL_GCs], Count, 4
[TOTAL_GC_TIME], Time(ms), 44
[TOTAL_GC_TIME_%], Time(%), 0.07207915601860952
[READ], Operations, 22295
[READ], AverageLatency(us), 1322.6461089930478
[READ], MinLatency(us), 270
[READ], MaxLatency(us), 165375
[READ], 95thPercentileLatency(us), 2291
[READ], 99thPercentileLatency(us), 4883
[READ], Return=OK, 22295
[CLEANUP], Operations, 1
[CLEANUP], AverageLatency(us), 6978.0
[CLEANUP], MinLatency(us), 6976
[CLEANUP], MaxLatency(us), 6979
[CLEANUP], 95thPercentileLatency(us), 6979
[CLEANUP], 99thPercentileLatency(us), 6979
[UPDATE], Operations, 22089
[UPDATE], AverageLatency(us), 1385.0608447643624
[UPDATE], MinLatency(us), 268
[UPDATE], MaxLatency(us), 769535
[UPDATE], 95thPercentileLatency(us), 2387
[UPDATE], 99thPercentileLatency(us), 4939
[UPDATE], Return=OK, 22089
AUTOTEST_DONE
