/nix/store/2vwkssqpzykk37r996cafq7x63imf4sp-openjdk-21+35/bin/java  -classpath /nix/store/zw02np72fzsmga6s5mphhw7x8qlzf4sv-ycsb-0.17.0/share/conf:/nix/store/zw02np72fzsmga6s5mphhw7x8qlzf4sv-ycsb-0.17.0/share/lib/core-0.17.0.jar:/nix/store/zw02np72fzsmga6s5mphhw7x8qlzf4sv-ycsb-0.17.0/share/lib/HdrHistogram-2.1.4.jar:/nix/store/zw02np72fzsmga6s5mphhw7x8qlzf4sv-ycsb-0.17.0/share/lib/htrace-core4-4.1.0-incubating.jar:/nix/store/zw02np72fzsmga6s5mphhw7x8qlzf4sv-ycsb-0.17.0/share/lib/jackson-core-asl-1.9.4.jar:/nix/store/zw02np72fzsmga6s5mphhw7x8qlzf4sv-ycsb-0.17.0/share/lib/jackson-mapper-asl-1.9.4.jar:/nix/store/zw02np72fzsmga6s5mphhw7x8qlzf4sv-ycsb-0.17.0/share/redis-binding/lib/commons-pool2-2.4.2.jar:/nix/store/zw02np72fzsmga6s5mphhw7x8qlzf4sv-ycsb-0.17.0/share/redis-binding/lib/jedis-2.9.0.jar:/nix/store/zw02np72fzsmga6s5mphhw7x8qlzf4sv-ycsb-0.17.0/share/redis-binding/lib/redis-binding-0.17.0.jar site.ycsb.Client -t -db site.ycsb.db.RedisClient -s -P /home/host/vmuxIO/test/moonprogs//../../ycsb/share/workloads/workloada -p redis.host=10.1.0.2 -p redis.port=6382 -p operationcount=429496729 -p maxexecutiontime=61 -threads 1
Command line: -t -db site.ycsb.db.RedisClient -s -P /home/host/vmuxIO/test/moonprogs//../../ycsb/share/workloads/workloada -p redis.host=10.1.0.2 -p redis.port=6382 -p operationcount=429496729 -p maxexecutiontime=61 -threads 1
YCSB Client 0.17.0

Loading workload...
Starting test.
Maximum execution time specified as: 61 secs
DBWrapper: report latency for each error is false and specific error codes to track for latency are: []
2025-04-18 13:36:00:514 0 sec: 0 operations; est completion in 0 second 
2025-04-18 13:36:10:297 10 sec: 23786 operations; 2378.6 current ops/sec; est completion in 2 days 2 hours [READ: Count=11881, Max=71935, Min=78, Avg=404.56, 90=320, 99=4235, 99.9=7919, 99.99=9703] [UPDATE: Count=11921, Max=22415, Min=73, Avg=404.07, 90=318, 99=4291, 99.9=7991, 99.99=19663] 
2025-04-18 13:36:20:297 20 sec: 48624 operations; 2483.55 current ops/sec; est completion in 2 days 1 hour [READ: Count=12440, Max=203263, Min=78, Avg=411.81, 90=305, 99=4235, 99.9=7483, 99.99=203007] [UPDATE: Count=12382, Max=206335, Min=78, Avg=383.76, 90=298, 99=4215, 99.9=7651, 99.99=12055] 
2025-04-18 13:36:30:297 30 sec: 71498 operations; 2287.63 current ops/sec; est completion in 2 days 2 hours [READ: Count=11436, Max=207103, Min=79, Avg=432.88, 90=280, 99=4211, 99.9=7211, 99.99=206463] [UPDATE: Count=11438, Max=210559, Min=77, Avg=435.65, 90=275, 99=4215, 99.9=7467, 99.99=209663] 
2025-04-18 13:36:40:297 40 sec: 92764 operations; 2126.6 current ops/sec; est completion in 2 days 3 hours [READ: Count=10690, Max=209279, Min=75, Avg=479.81, 90=296, 99=4227, 99.9=7439, 99.99=208767] [UPDATE: Count=10576, Max=210175, Min=74, Avg=437.32, 90=293, 99=4227, 99.9=7959, 99.99=207999] 
2025-04-18 13:36:50:297 50 sec: 114269 operations; 2150.28 current ops/sec; est completion in 2 days 4 hours [READ: Count=10684, Max=209919, Min=76, Avg=429.58, 90=297, 99=4199, 99.9=7159, 99.99=209663] [UPDATE: Count=10821, Max=211839, Min=77, Avg=513.78, 90=290, 99=4199, 99.9=7167, 99.99=211711] 
2025-04-18 13:37:00:297 60 sec: 135868 operations; 2160.12 current ops/sec; est completion in 2 days 4 hours [READ: Count=10742, Max=208895, Min=80, Avg=472.1, 90=297, 99=4203, 99.9=7431, 99.99=208383] [UPDATE: Count=10857, Max=210943, Min=77, Avg=449.86, 90=292, 99=4203, 99.9=7415, 99.99=209279] 
Maximum time elapsed. Requesting stop for the workload.
Stop requested for workload. Now Joining!
2025-04-18 13:37:01:306 61 sec: 138933 operations; 3037.66 current ops/sec; est completion in 2 days 4 hours [READ: Count=1548, Max=206463, Min=81, Avg=402.94, 90=181, 99=4135, 99.9=7083, 99.99=206463] [CLEANUP: Count=1, Max=1118, Min=1118, Avg=1118, 90=1118, 99=1118, 99.9=1118, 99.99=1118] [UPDATE: Count=1517, Max=5735, Min=81, Avg=250.23, 90=171, 99=4111, 99.9=4155, 99.99=5735] 
[OVERALL], RunTime(ms), 61018
[OVERALL], Throughput(ops/sec), 2276.9182864072895
[TOTAL_GCS_Copy], Count, 13
[TOTAL_GC_TIME_Copy], Time(ms), 24
[TOTAL_GC_TIME_%_Copy], Time(%), 0.039332655937592186
[TOTAL_GCS_MarkSweepCompact], Count, 0
[TOTAL_GC_TIME_MarkSweepCompact], Time(ms), 0
[TOTAL_GC_TIME_%_MarkSweepCompact], Time(%), 0.0
[TOTAL_GCs], Count, 13
[TOTAL_GC_TIME], Time(ms), 24
[TOTAL_GC_TIME_%], Time(%), 0.039332655937592186
[READ], Operations, 69421
[READ], AverageLatency(us), 436.3773497932902
[READ], MinLatency(us), 75
[READ], MaxLatency(us), 209919
[READ], 95thPercentileLatency(us), 2004
[READ], 99thPercentileLatency(us), 4215
[READ], Return=OK, 69421
[CLEANUP], Operations, 1
[CLEANUP], AverageLatency(us), 1118.0
[CLEANUP], MinLatency(us), 1118
[CLEANUP], MaxLatency(us), 1118
[CLEANUP], 95thPercentileLatency(us), 1118
[CLEANUP], 99thPercentileLatency(us), 1118
[UPDATE], Operations, 69512
[UPDATE], AverageLatency(us), 431.58132408792727
[UPDATE], MinLatency(us), 73
[UPDATE], MaxLatency(us), 211839
[UPDATE], 95thPercentileLatency(us), 1541
[UPDATE], 99thPercentileLatency(us), 4215
[UPDATE], Return=OK, 69512
AUTOTEST_DONE
