/nix/store/2vwkssqpzykk37r996cafq7x63imf4sp-openjdk-21+35/bin/java  -classpath /nix/store/zw02np72fzsmga6s5mphhw7x8qlzf4sv-ycsb-0.17.0/share/conf:/nix/store/zw02np72fzsmga6s5mphhw7x8qlzf4sv-ycsb-0.17.0/share/lib/core-0.17.0.jar:/nix/store/zw02np72fzsmga6s5mphhw7x8qlzf4sv-ycsb-0.17.0/share/lib/HdrHistogram-2.1.4.jar:/nix/store/zw02np72fzsmga6s5mphhw7x8qlzf4sv-ycsb-0.17.0/share/lib/htrace-core4-4.1.0-incubating.jar:/nix/store/zw02np72fzsmga6s5mphhw7x8qlzf4sv-ycsb-0.17.0/share/lib/jackson-core-asl-1.9.4.jar:/nix/store/zw02np72fzsmga6s5mphhw7x8qlzf4sv-ycsb-0.17.0/share/lib/jackson-mapper-asl-1.9.4.jar:/nix/store/zw02np72fzsmga6s5mphhw7x8qlzf4sv-ycsb-0.17.0/share/redis-binding/lib/commons-pool2-2.4.2.jar:/nix/store/zw02np72fzsmga6s5mphhw7x8qlzf4sv-ycsb-0.17.0/share/redis-binding/lib/jedis-2.9.0.jar:/nix/store/zw02np72fzsmga6s5mphhw7x8qlzf4sv-ycsb-0.17.0/share/redis-binding/lib/redis-binding-0.17.0.jar site.ycsb.Client -t -db site.ycsb.db.RedisClient -s -P /home/host/vmuxIO/test/moonprogs//../../ycsb/share/workloads/workloada -p redis.host=10.1.0.2 -p redis.port=6383 -p operationcount=429496729 -p maxexecutiontime=61 -threads 1
Command line: -t -db site.ycsb.db.RedisClient -s -P /home/host/vmuxIO/test/moonprogs//../../ycsb/share/workloads/workloada -p redis.host=10.1.0.2 -p redis.port=6383 -p operationcount=429496729 -p maxexecutiontime=61 -threads 1
YCSB Client 0.17.0

Loading workload...
Starting test.
Maximum execution time specified as: 61 secs
DBWrapper: report latency for each error is false and specific error codes to track for latency are: []
2025-04-18 13:36:00:460 0 sec: 0 operations; est completion in 0 second 
2025-04-18 13:36:10:244 10 sec: 20133 operations; 2013.1 current ops/sec; est completion in 2 days 11 hours [READ: Count=10193, Max=56735, Min=85, Avg=475.59, 90=412, 99=4947, 99.9=8059, 99.99=11999] [UPDATE: Count=9965, Max=22063, Min=85, Avg=480.11, 90=413, 99=5139, 99.9=8179, 99.99=15895] 
2025-04-18 13:36:20:244 20 sec: 42383 operations; 2225 current ops/sec; est completion in 2 days 8 hours [READ: Count=11132, Max=204799, Min=78, Avg=429.59, 90=355, 99=4235, 99.9=7295, 99.99=10391] [UPDATE: Count=11093, Max=207103, Min=80, Avg=459.4, 90=348, 99=4235, 99.9=7571, 99.99=206719] 
2025-04-18 13:36:30:244 30 sec: 67513 operations; 2513 current ops/sec; est completion in 2 days 5 hours [READ: Count=12491, Max=8903, Min=80, Avg=395.38, 90=309, 99=4231, 99.9=7191, 99.99=8271] [UPDATE: Count=12639, Max=10647, Min=82, Avg=393.89, 90=311, 99=4231, 99.9=7051, 99.99=8415] 
2025-04-18 13:36:40:244 40 sec: 92669 operations; 2515.6 current ops/sec; est completion in 2 days 3 hours [READ: Count=12608, Max=8991, Min=82, Avg=391.71, 90=321, 99=4227, 99.9=7067, 99.99=8711] [UPDATE: Count=12548, Max=12111, Min=81, Avg=399.23, 90=321, 99=4235, 99.9=7163, 99.99=8095] 
2025-04-18 13:36:50:244 50 sec: 114999 operations; 2233 current ops/sec; est completion in 2 days 3 hours [READ: Count=11209, Max=10527, Min=83, Avg=424.18, 90=370, 99=4251, 99.9=7023, 99.99=10471] [UPDATE: Count=11121, Max=210175, Min=75, Avg=467.3, 90=356, 99=4239, 99.9=7527, 99.99=207871] 
2025-04-18 13:37:00:244 60 sec: 141365 operations; 2636.6 current ops/sec; est completion in 2 days 2 hours [READ: Count=13153, Max=8967, Min=85, Avg=390.44, 90=310, 99=4239, 99.9=7107, 99.99=8151] [UPDATE: Count=13213, Max=7935, Min=82, Avg=364.33, 90=304, 99=4203, 99.9=5591, 99.99=7407] 
Maximum time elapsed. Requesting stop for the workload.
Stop requested for workload. Now Joining!
2025-04-18 13:37:01:265 61 sec: 145166 operations; 3726.47 current ops/sec; est completion in 2 days 2 hours [READ: Count=1908, Max=7267, Min=82, Avg=250.88, 90=175, 99=4111, 99.9=4855, 99.99=7267] [CLEANUP: Count=1, Max=1051, Min=1051, Avg=1051, 90=1051, 99=1051, 99.9=1051, 99.99=1051] [UPDATE: Count=1893, Max=12503, Min=82, Avg=281.78, 90=179, 99=4131, 99.9=4291, 99.99=12503] 
[OVERALL], RunTime(ms), 61025
[OVERALL], Throughput(ops/sec), 2378.795575583777
[TOTAL_GCS_Copy], Count, 13
[TOTAL_GC_TIME_Copy], Time(ms), 22
[TOTAL_GC_TIME_%_Copy], Time(%), 0.036050798852929125
[TOTAL_GCS_MarkSweepCompact], Count, 0
[TOTAL_GC_TIME_MarkSweepCompact], Time(ms), 0
[TOTAL_GC_TIME_%_MarkSweepCompact], Time(%), 0.0
[TOTAL_GCs], Count, 13
[TOTAL_GC_TIME], Time(ms), 22
[TOTAL_GC_TIME_%], Time(%), 0.036050798852929125
[READ], Operations, 72694
[READ], AverageLatency(us), 410.9829697086417
[READ], MinLatency(us), 78
[READ], MaxLatency(us), 204799
[READ], 95thPercentileLatency(us), 3249
[READ], 99thPercentileLatency(us), 4247
[READ], Return=OK, 72694
[CLEANUP], Operations, 1
[CLEANUP], AverageLatency(us), 1051.0
[CLEANUP], MinLatency(us), 1051
[CLEANUP], MaxLatency(us), 1051
[CLEANUP], 95thPercentileLatency(us), 1051
[CLEANUP], 99thPercentileLatency(us), 1051
[UPDATE], Operations, 72472
[UPDATE], AverageLatency(us), 419.64477315376973
[UPDATE], MinLatency(us), 75
[UPDATE], MaxLatency(us), 210175
[UPDATE], 95thPercentileLatency(us), 3103
[UPDATE], 99thPercentileLatency(us), 4247
[UPDATE], Return=OK, 72472
AUTOTEST_DONE
