/nix/store/2vwkssqpzykk37r996cafq7x63imf4sp-openjdk-21+35/bin/java  -classpath /nix/store/zw02np72fzsmga6s5mphhw7x8qlzf4sv-ycsb-0.17.0/share/conf:/nix/store/zw02np72fzsmga6s5mphhw7x8qlzf4sv-ycsb-0.17.0/share/lib/core-0.17.0.jar:/nix/store/zw02np72fzsmga6s5mphhw7x8qlzf4sv-ycsb-0.17.0/share/lib/HdrHistogram-2.1.4.jar:/nix/store/zw02np72fzsmga6s5mphhw7x8qlzf4sv-ycsb-0.17.0/share/lib/htrace-core4-4.1.0-incubating.jar:/nix/store/zw02np72fzsmga6s5mphhw7x8qlzf4sv-ycsb-0.17.0/share/lib/jackson-core-asl-1.9.4.jar:/nix/store/zw02np72fzsmga6s5mphhw7x8qlzf4sv-ycsb-0.17.0/share/lib/jackson-mapper-asl-1.9.4.jar:/nix/store/zw02np72fzsmga6s5mphhw7x8qlzf4sv-ycsb-0.17.0/share/redis-binding/lib/commons-pool2-2.4.2.jar:/nix/store/zw02np72fzsmga6s5mphhw7x8qlzf4sv-ycsb-0.17.0/share/redis-binding/lib/jedis-2.9.0.jar:/nix/store/zw02np72fzsmga6s5mphhw7x8qlzf4sv-ycsb-0.17.0/share/redis-binding/lib/redis-binding-0.17.0.jar site.ycsb.Client -t -db site.ycsb.db.RedisClient -s -P /home/host/vmuxIO/test/moonprogs//../../ycsb/share/workloads/workloada -p redis.host=10.1.0.2 -p redis.port=6380 -p operationcount=429496729 -p maxexecutiontime=61 -threads 1
Command line: -t -db site.ycsb.db.RedisClient -s -P /home/host/vmuxIO/test/moonprogs//../../ycsb/share/workloads/workloada -p redis.host=10.1.0.2 -p redis.port=6380 -p operationcount=429496729 -p maxexecutiontime=61 -threads 1
YCSB Client 0.17.0

Loading workload...
Starting test.
Maximum execution time specified as: 61 secs
DBWrapper: report latency for each error is false and specific error codes to track for latency are: []
2025-02-01 16:39:27:532 0 sec: 0 operations; est completion in 0 second 
2025-02-01 16:39:37:482 10 sec: 83337 operations; 8333.7 current ops/sec; est completion in 14 hours 18 minutes [READ: Count=41776, Max=8431, Min=85, Avg=118.84, 90=130, 99=157, 99.9=260, 99.99=1777] [UPDATE: Count=41592, Max=12583, Min=83, Avg=115.35, 90=126, 99=161, 99.9=250, 99.99=568] 
2025-02-01 16:39:47:482 20 sec: 168867 operations; 8553 current ops/sec; est completion in 14 hours 7 minutes [READ: Count=42968, Max=3717, Min=88, Avg=117.52, 90=126, 99=140, 99.9=226, 99.99=781] [UPDATE: Count=42542, Max=1087, Min=86, Avg=113.79, 90=123, 99=135, 99.9=171, 99.99=480] 
2025-02-01 16:39:57:482 30 sec: 254043 operations; 8517.6 current ops/sec; est completion in 14 hours 4 minutes [READ: Count=42591, Max=2179, Min=86, Avg=117.77, 90=127, 99=139, 99.9=168, 99.99=992] [UPDATE: Count=42580, Max=1809, Min=82, Avg=114.62, 90=124, 99=136, 99.9=189, 99.99=587] 
2025-02-01 16:40:07:482 40 sec: 338949 operations; 8490.6 current ops/sec; est completion in 14 hours 4 minutes [READ: Count=42280, Max=3077, Min=86, Avg=118.3, 90=128, 99=143, 99.9=186, 99.99=1268] [UPDATE: Count=42629, Max=2067, Min=83, Avg=114.77, 90=124, 99=138, 99.9=181, 99.99=380] 
2025-02-01 16:40:17:482 50 sec: 423603 operations; 8465.4 current ops/sec; est completion in 14 hours 4 minutes [READ: Count=42350, Max=2115, Min=87, Avg=118.6, 90=129, 99=144, 99.9=189, 99.99=758] [UPDATE: Count=42305, Max=1294, Min=84, Avg=115.31, 90=125, 99=139, 99.9=183, 99.99=928] 
2025-02-01 16:40:27:482 60 sec: 508419 operations; 8481.6 current ops/sec; est completion in 14 hours 3 minutes [READ: Count=42488, Max=1301, Min=88, Avg=118.37, 90=128, 99=143, 99.9=170, 99.99=705] [UPDATE: Count=42329, Max=1105, Min=82, Avg=115.07, 90=125, 99=139, 99.9=159, 99.99=589] 
Maximum time elapsed. Requesting stop for the workload.
Stop requested for workload. Now Joining!
2025-02-01 16:40:28:483 61 sec: 516714 operations; 8278.44 current ops/sec; est completion in 14 hours 4 minutes [READ: Count=4188, Max=445, Min=108, Avg=121.22, 90=132, 99=145, 99.9=174, 99.99=445] [CLEANUP: Count=1, Max=850, Min=850, Avg=850, 90=850, 99=850, 99.9=850, 99.99=850] [UPDATE: Count=4096, Max=441, Min=103, Avg=117.64, 90=127, 99=142, 99.9=186, 99.99=441] 
[OVERALL], RunTime(ms), 61002
[OVERALL], Throughput(ops/sec), 8470.443592013376
[TOTAL_GCS_G1_Young_Generation], Count, 23
[TOTAL_GC_TIME_G1_Young_Generation], Time(ms), 35
[TOTAL_GC_TIME_%_G1_Young_Generation], Time(%), 0.057375168027277795
[TOTAL_GCS_G1_Concurrent_GC], Count, 0
[TOTAL_GC_TIME_G1_Concurrent_GC], Time(ms), 0
[TOTAL_GC_TIME_%_G1_Concurrent_GC], Time(%), 0.0
[TOTAL_GCS_G1_Old_Generation], Count, 0
[TOTAL_GC_TIME_G1_Old_Generation], Time(ms), 0
[TOTAL_GC_TIME_%_G1_Old_Generation], Time(%), 0.0
[TOTAL_GCs], Count, 23
[TOTAL_GC_TIME], Time(ms), 35
[TOTAL_GC_TIME_%], Time(%), 0.057375168027277795
[READ], Operations, 258641
[READ], AverageLatency(us), 118.27862945163373
[READ], MinLatency(us), 85
[READ], MaxLatency(us), 8431
[READ], 95thPercentileLatency(us), 132
[READ], 99thPercentileLatency(us), 144
[READ], Return=OK, 258641
[CLEANUP], Operations, 1
[CLEANUP], AverageLatency(us), 850.0
[CLEANUP], MinLatency(us), 850
[CLEANUP], MaxLatency(us), 850
[CLEANUP], 95thPercentileLatency(us), 850
[CLEANUP], 99thPercentileLatency(us), 850
[UPDATE], Operations, 258073
[UPDATE], AverageLatency(us), 114.86174842002069
[UPDATE], MinLatency(us), 82
[UPDATE], MaxLatency(us), 12583
[UPDATE], 95thPercentileLatency(us), 128
[UPDATE], 99thPercentileLatency(us), 141
[UPDATE], Return=OK, 258073
AUTOTEST_DONE
