/nix/store/2vwkssqpzykk37r996cafq7x63imf4sp-openjdk-21+35/bin/java  -classpath /nix/store/zw02np72fzsmga6s5mphhw7x8qlzf4sv-ycsb-0.17.0/share/conf:/nix/store/zw02np72fzsmga6s5mphhw7x8qlzf4sv-ycsb-0.17.0/share/lib/core-0.17.0.jar:/nix/store/zw02np72fzsmga6s5mphhw7x8qlzf4sv-ycsb-0.17.0/share/lib/HdrHistogram-2.1.4.jar:/nix/store/zw02np72fzsmga6s5mphhw7x8qlzf4sv-ycsb-0.17.0/share/lib/htrace-core4-4.1.0-incubating.jar:/nix/store/zw02np72fzsmga6s5mphhw7x8qlzf4sv-ycsb-0.17.0/share/lib/jackson-core-asl-1.9.4.jar:/nix/store/zw02np72fzsmga6s5mphhw7x8qlzf4sv-ycsb-0.17.0/share/lib/jackson-mapper-asl-1.9.4.jar:/nix/store/zw02np72fzsmga6s5mphhw7x8qlzf4sv-ycsb-0.17.0/share/redis-binding/lib/commons-pool2-2.4.2.jar:/nix/store/zw02np72fzsmga6s5mphhw7x8qlzf4sv-ycsb-0.17.0/share/redis-binding/lib/jedis-2.9.0.jar:/nix/store/zw02np72fzsmga6s5mphhw7x8qlzf4sv-ycsb-0.17.0/share/redis-binding/lib/redis-binding-0.17.0.jar site.ycsb.Client -t -db site.ycsb.db.RedisClient -s -P /home/host/vmuxIO/test/moonprogs//../../ycsb/share/workloads/workloada -p redis.host=10.1.0.2 -p redis.port=6379 -p operationcount=429496729 -p maxexecutiontime=61 -threads 1
Command line: -t -db site.ycsb.db.RedisClient -s -P /home/host/vmuxIO/test/moonprogs//../../ycsb/share/workloads/workloada -p redis.host=10.1.0.2 -p redis.port=6379 -p operationcount=429496729 -p maxexecutiontime=61 -threads 1
YCSB Client 0.17.0

Loading workload...
Starting test.
Maximum execution time specified as: 61 secs
DBWrapper: report latency for each error is false and specific error codes to track for latency are: []
2024-06-19 17:05:05:468 0 sec: 0 operations; est completion in 0 second 
2024-06-19 17:05:15:297 10 sec: 49526 operations; 4952.6 current ops/sec; est completion in 1 day [READ: Count=24789, Max=54591, Min=102, Avg=195.03, 90=271, 99=313, 99.9=2911, 99.99=8543] [UPDATE: Count=24741, Max=6071, Min=100, Avg=191.98, 90=269, 99=324, 99.9=2901, 99.99=4751] 
2024-06-19 17:05:25:298 20 sec: 99347 operations; 4982.1 current ops/sec; est completion in 1 day [READ: Count=24840, Max=8391, Min=106, Avg=201.89, 90=275, 99=299, 99.9=505, 99.99=3759] [UPDATE: Count=24977, Max=1067, Min=104, Avg=194.88, 90=273, 99=296, 99.9=445, 99.99=803] 
2024-06-19 17:05:35:297 30 sec: 147894 operations; 4854.7 current ops/sec; est completion in 1 day [READ: Count=24346, Max=7987, Min=99, Avg=206.32, 90=286, 99=418, 99.9=1226, 99.99=4943] [UPDATE: Count=24201, Max=3951, Min=100, Avg=199.94, 90=281, 99=414, 99.9=1102, 99.99=3683] 
2024-06-19 17:05:45:297 40 sec: 197213 operations; 4931.9 current ops/sec; est completion in 1 day [READ: Count=24710, Max=8295, Min=109, Avg=203.81, 90=277, 99=299, 99.9=408, 99.99=1230] [UPDATE: Count=24609, Max=1337, Min=105, Avg=198.08, 90=275, 99=298, 99.9=435, 99.99=963] 
2024-06-19 17:05:55:298 50 sec: 243791 operations; 4657.8 current ops/sec; est completion in 1 day [READ: Count=23387, Max=4683, Min=110, Avg=215.98, 90=285, 99=310, 99.9=473, 99.99=1163] [UPDATE: Count=23191, Max=4511, Min=106, Avg=209.19, 90=280, 99=307, 99.9=471, 99.99=2977] 
2024-06-19 17:06:05:297 60 sec: 292754 operations; 4896.3 current ops/sec; est completion in 1 day [READ: Count=24491, Max=6183, Min=100, Avg=203.97, 90=286, 99=425, 99.9=1177, 99.99=3147] [UPDATE: Count=24472, Max=6103, Min=99, Avg=199.24, 90=282, 99=416, 99.9=1035, 99.99=3883] 
Maximum time elapsed. Requesting stop for the workload.
Stop requested for workload. Now Joining!
2024-06-19 17:06:06:310 61 sec: 298397 operations; 5576.09 current ops/sec; est completion in 1 day [READ: Count=2808, Max=768, Min=105, Avg=178.32, 90=272, 99=300, 99.9=538, 99.99=768] [CLEANUP: Count=1, Max=920, Min=920, Avg=920, 90=920, 99=920, 99.9=920, 99.99=920] [UPDATE: Count=2835, Max=3619, Min=102, Avg=175.9, 90=269, 99=296, 99.9=672, 99.99=3619] 
[OVERALL], RunTime(ms), 61016
[OVERALL], Throughput(ops/sec), 4890.471351776583
[TOTAL_GCS_Copy], Count, 28
[TOTAL_GC_TIME_Copy], Time(ms), 30
[TOTAL_GC_TIME_%_Copy], Time(%), 0.04916743149337878
[TOTAL_GCS_MarkSweepCompact], Count, 0
[TOTAL_GC_TIME_MarkSweepCompact], Time(ms), 0
[TOTAL_GC_TIME_%_MarkSweepCompact], Time(%), 0.0
[TOTAL_GCs], Count, 28
[TOTAL_GC_TIME], Time(ms), 30
[TOTAL_GC_TIME_%], Time(%), 0.04916743149337878
[READ], Operations, 149371
[READ], AverageLatency(us), 203.89608424660744
[READ], MinLatency(us), 99
[READ], MaxLatency(us), 54591
[READ], 95thPercentileLatency(us), 290
[READ], 99thPercentileLatency(us), 357
[READ], Return=OK, 149371
[CLEANUP], Operations, 1
[CLEANUP], AverageLatency(us), 920.0
[CLEANUP], MinLatency(us), 920
[CLEANUP], MaxLatency(us), 920
[CLEANUP], 95thPercentileLatency(us), 920
[CLEANUP], 99thPercentileLatency(us), 920
[UPDATE], Operations, 149026
[UPDATE], AverageLatency(us), 198.33223061747614
[UPDATE], MinLatency(us), 99
[UPDATE], MaxLatency(us), 6103
[UPDATE], 95thPercentileLatency(us), 287
[UPDATE], 99thPercentileLatency(us), 355
[UPDATE], Return=OK, 149026
AUTOTEST_DONE
