/nix/store/2vwkssqpzykk37r996cafq7x63imf4sp-openjdk-21+35/bin/java  -classpath /nix/store/zw02np72fzsmga6s5mphhw7x8qlzf4sv-ycsb-0.17.0/share/conf:/nix/store/zw02np72fzsmga6s5mphhw7x8qlzf4sv-ycsb-0.17.0/share/lib/core-0.17.0.jar:/nix/store/zw02np72fzsmga6s5mphhw7x8qlzf4sv-ycsb-0.17.0/share/lib/HdrHistogram-2.1.4.jar:/nix/store/zw02np72fzsmga6s5mphhw7x8qlzf4sv-ycsb-0.17.0/share/lib/htrace-core4-4.1.0-incubating.jar:/nix/store/zw02np72fzsmga6s5mphhw7x8qlzf4sv-ycsb-0.17.0/share/lib/jackson-core-asl-1.9.4.jar:/nix/store/zw02np72fzsmga6s5mphhw7x8qlzf4sv-ycsb-0.17.0/share/lib/jackson-mapper-asl-1.9.4.jar:/nix/store/zw02np72fzsmga6s5mphhw7x8qlzf4sv-ycsb-0.17.0/share/redis-binding/lib/commons-pool2-2.4.2.jar:/nix/store/zw02np72fzsmga6s5mphhw7x8qlzf4sv-ycsb-0.17.0/share/redis-binding/lib/jedis-2.9.0.jar:/nix/store/zw02np72fzsmga6s5mphhw7x8qlzf4sv-ycsb-0.17.0/share/redis-binding/lib/redis-binding-0.17.0.jar site.ycsb.Client -t -db site.ycsb.db.RedisClient -s -P /home/host/vmuxIO/test/moonprogs//../../ycsb/share/workloads/workloada -p redis.host=10.1.0.2 -p redis.port=6379 -p operationcount=429496729 -p maxexecutiontime=61 -threads 1
Command line: -t -db site.ycsb.db.RedisClient -s -P /home/host/vmuxIO/test/moonprogs//../../ycsb/share/workloads/workloada -p redis.host=10.1.0.2 -p redis.port=6379 -p operationcount=429496729 -p maxexecutiontime=61 -threads 1
YCSB Client 0.17.0

Loading workload...
Starting test.
Maximum execution time specified as: 61 secs
DBWrapper: report latency for each error is false and specific error codes to track for latency are: []
2024-07-07 15:06:32:450 0 sec: 0 operations; est completion in 0 second 
2024-07-07 15:06:42:298 10 sec: 93936 operations; 9393.6 current ops/sec; est completion in 12 hours 41 minutes [READ: Count=47201, Max=47423, Min=71, Avg=101.79, 90=113, 99=184, 99.9=1057, 99.99=4487] [UPDATE: Count=46753, Max=10599, Min=69, Avg=100.85, 90=113, 99=202, 99.9=1037, 99.99=3621] 
2024-07-07 15:06:52:298 20 sec: 198309 operations; 10437.3 current ops/sec; est completion in 12 hours 1 minute [READ: Count=52210, Max=2231, Min=72, Avg=94.58, 90=105, 99=151, 99.9=303, 99.99=1385] [UPDATE: Count=52145, Max=2987, Min=68, Avg=93.07, 90=103, 99=147, 99.9=276, 99.99=1960] 
2024-07-07 15:07:02:297 30 sec: 304033 operations; 10572.4 current ops/sec; est completion in 11 hours 45 minutes [READ: Count=53169, Max=3775, Min=74, Avg=93.63, 90=105, 99=166, 99.9=278, 99.99=488] [UPDATE: Count=52555, Max=5711, Min=70, Avg=92.3, 90=104, 99=162, 99.9=277, 99.99=549] 
2024-07-07 15:07:12:297 40 sec: 412136 operations; 10810.3 current ops/sec; est completion in 11 hours 34 minutes [READ: Count=54135, Max=7571, Min=73, Avg=91.77, 90=101, 99=119, 99.9=156, 99.99=391] [UPDATE: Count=53968, Max=1698, Min=69, Avg=90.22, 90=100, 99=118, 99.9=156, 99.99=366] 
2024-07-07 15:07:22:297 50 sec: 520357 operations; 10822.1 current ops/sec; est completion in 11 hours 27 minutes [READ: Count=54239, Max=3035, Min=71, Avg=91.72, 90=101, 99=139, 99.9=199, 99.99=385] [UPDATE: Count=53982, Max=1750, Min=67, Avg=90.12, 90=100, 99=135, 99.9=191, 99.99=382] 
2024-07-07 15:07:32:297 60 sec: 624464 operations; 10410.7 current ops/sec; est completion in 11 hours 26 minutes [READ: Count=51841, Max=1721, Min=70, Avg=95.1, 90=107, 99=158, 99.9=265, 99.99=539] [UPDATE: Count=52266, Max=2379, Min=67, Avg=93.72, 90=106, 99=157, 99.9=265, 99.99=553] 
Maximum time elapsed. Requesting stop for the workload.
Stop requested for workload. Now Joining!
2024-07-07 15:07:33:310 61 sec: 635543 operations; 10947.63 current ops/sec; est completion in 11 hours 26 minutes [READ: Count=5537, Max=2979, Min=70, Avg=90.75, 90=100, 99=112, 99.9=126, 99.99=2335] [CLEANUP: Count=1, Max=1304, Min=1304, Avg=1304, 90=1304, 99=1304, 99.9=1304, 99.99=1304] [UPDATE: Count=5542, Max=412, Min=70, Avg=88.59, 90=99, 99=111, 99.9=127, 99.99=292] 
[OVERALL], RunTime(ms), 61020
[OVERALL], Throughput(ops/sec), 10415.322844968863
[TOTAL_GCS_Copy], Count, 59
[TOTAL_GC_TIME_Copy], Time(ms), 20
[TOTAL_GC_TIME_%_Copy], Time(%), 0.03277613897082924
[TOTAL_GCS_MarkSweepCompact], Count, 0
[TOTAL_GC_TIME_MarkSweepCompact], Time(ms), 0
[TOTAL_GC_TIME_%_MarkSweepCompact], Time(%), 0.0
[TOTAL_GCs], Count, 59
[TOTAL_GC_TIME], Time(ms), 20
[TOTAL_GC_TIME_%], Time(%), 0.03277613897082924
[READ], Operations, 318332
[READ], AverageLatency(us), 94.54234258572811
[READ], MinLatency(us), 70
[READ], MaxLatency(us), 47423
[READ], 95thPercentileLatency(us), 113
[READ], 99thPercentileLatency(us), 154
[READ], Return=OK, 318332
[CLEANUP], Operations, 1
[CLEANUP], AverageLatency(us), 1304.0
[CLEANUP], MinLatency(us), 1304
[CLEANUP], MaxLatency(us), 1304
[CLEANUP], 95thPercentileLatency(us), 1304
[CLEANUP], 99thPercentileLatency(us), 1304
[UPDATE], Operations, 317211
[UPDATE], AverageLatency(us), 93.13121865256879
[UPDATE], MinLatency(us), 67
[UPDATE], MaxLatency(us), 10599
[UPDATE], 95thPercentileLatency(us), 112
[UPDATE], 99thPercentileLatency(us), 152
[UPDATE], Return=OK, 317211
AUTOTEST_DONE
