/nix/store/2vwkssqpzykk37r996cafq7x63imf4sp-openjdk-21+35/bin/java  -classpath /nix/store/zw02np72fzsmga6s5mphhw7x8qlzf4sv-ycsb-0.17.0/share/conf:/nix/store/zw02np72fzsmga6s5mphhw7x8qlzf4sv-ycsb-0.17.0/share/lib/core-0.17.0.jar:/nix/store/zw02np72fzsmga6s5mphhw7x8qlzf4sv-ycsb-0.17.0/share/lib/HdrHistogram-2.1.4.jar:/nix/store/zw02np72fzsmga6s5mphhw7x8qlzf4sv-ycsb-0.17.0/share/lib/htrace-core4-4.1.0-incubating.jar:/nix/store/zw02np72fzsmga6s5mphhw7x8qlzf4sv-ycsb-0.17.0/share/lib/jackson-core-asl-1.9.4.jar:/nix/store/zw02np72fzsmga6s5mphhw7x8qlzf4sv-ycsb-0.17.0/share/lib/jackson-mapper-asl-1.9.4.jar:/nix/store/zw02np72fzsmga6s5mphhw7x8qlzf4sv-ycsb-0.17.0/share/redis-binding/lib/commons-pool2-2.4.2.jar:/nix/store/zw02np72fzsmga6s5mphhw7x8qlzf4sv-ycsb-0.17.0/share/redis-binding/lib/jedis-2.9.0.jar:/nix/store/zw02np72fzsmga6s5mphhw7x8qlzf4sv-ycsb-0.17.0/share/redis-binding/lib/redis-binding-0.17.0.jar site.ycsb.Client -t -db site.ycsb.db.RedisClient -s -P /home/host/vmuxIO/test/moonprogs//../../ycsb/share/workloads/workloada -p redis.host=10.1.0.2 -p redis.port=6386 -p operationcount=429496729 -p maxexecutiontime=61 -threads 1
Command line: -t -db site.ycsb.db.RedisClient -s -P /home/host/vmuxIO/test/moonprogs//../../ycsb/share/workloads/workloada -p redis.host=10.1.0.2 -p redis.port=6386 -p operationcount=429496729 -p maxexecutiontime=61 -threads 1
YCSB Client 0.17.0

Loading workload...
Starting test.
Maximum execution time specified as: 61 secs
DBWrapper: report latency for each error is false and specific error codes to track for latency are: []
2024-08-21 17:53:12:419 0 sec: 0 operations; est completion in 0 second 
2024-08-21 17:53:22:266 10 sec: 30743 operations; 3073.99 current ops/sec; est completion in 1 day 14 hours [READ: Count=15459, Max=15239, Min=138, Avg=315.29, 90=475, 99=533, 99.9=1968, 99.99=6211] [UPDATE: Count=15297, Max=24895, Min=137, Avg=313.87, 90=473, 99=534, 99.9=3391, 99.99=6003] 
2024-08-21 17:53:32:266 20 sec: 64916 operations; 3417.64 current ops/sec; est completion in 1 day 12 hours [READ: Count=17128, Max=2261, Min=113, Avg=291.93, 90=411, 99=501, 99.9=553, 99.99=1010] [UPDATE: Count=17032, Max=1982, Min=108, Avg=285.53, 90=404, 99=494, 99.9=547, 99.99=735] 
2024-08-21 17:53:42:266 30 sec: 93791 operations; 2887.5 current ops/sec; est completion in 1 day 14 hours [READ: Count=14407, Max=8287, Min=147, Avg=348.33, 90=466, 99=518, 99.9=625, 99.99=922] [UPDATE: Count=14468, Max=2637, Min=137, Avg=339.54, 90=458, 99=508, 99.9=560, 99.99=796] 
2024-08-21 17:53:52:266 40 sec: 124613 operations; 3082.2 current ops/sec; est completion in 1 day 14 hours [READ: Count=15383, Max=9383, Min=135, Avg=326.29, 90=453, 99=521, 99.9=594, 99.99=1008] [UPDATE: Count=15439, Max=797, Min=129, Avg=317.92, 90=443, 99=510, 99.9=552, 99.99=686] 
2024-08-21 17:54:02:266 50 sec: 155356 operations; 3074.3 current ops/sec; est completion in 1 day 14 hours [READ: Count=15295, Max=6655, Min=128, Avg=327.19, 90=455, 99=516, 99.9=589, 99.99=979] [UPDATE: Count=15448, Max=2057, Min=121, Avg=319.06, 90=447, 99=508, 99.9=552, 99.99=882] 
2024-08-21 17:54:12:266 60 sec: 184491 operations; 2913.21 current ops/sec; est completion in 1 day 14 hours [READ: Count=14548, Max=968, Min=145, Avg=344.57, 90=470, 99=518, 99.9=568, 99.99=837] [UPDATE: Count=14587, Max=3909, Min=140, Avg=337.38, 90=462, 99=511, 99.9=573, 99.99=3563] 
Maximum time elapsed. Requesting stop for the workload.
Stop requested for workload. Now Joining!
2024-08-21 17:54:13:277 61 sec: 187699 operations; 3173.1 current ops/sec; est completion in 1 day 14 hours [READ: Count=1629, Max=777, Min=150, Avg=314.96, 90=403, 99=503, 99.9=676, 99.99=777] [CLEANUP: Count=1, Max=1052, Min=1052, Avg=1052, 90=1052, 99=1052, 99.9=1052, 99.99=1052] [UPDATE: Count=1579, Max=4155, Min=140, Avg=309.37, 90=395, 99=492, 99.9=614, 99.99=4155] 
[OVERALL], RunTime(ms), 61020
[OVERALL], Throughput(ops/sec), 3076.0242543428385
[TOTAL_GCS_Copy], Count, 17
[TOTAL_GC_TIME_Copy], Time(ms), 18
[TOTAL_GC_TIME_%_Copy], Time(%), 0.029498525073746312
[TOTAL_GCS_MarkSweepCompact], Count, 0
[TOTAL_GC_TIME_MarkSweepCompact], Time(ms), 0
[TOTAL_GC_TIME_%_MarkSweepCompact], Time(%), 0.0
[TOTAL_GCs], Count, 17
[TOTAL_GC_TIME], Time(ms), 18
[TOTAL_GC_TIME_%], Time(%), 0.029498525073746312
[READ], Operations, 93849
[READ], AverageLatency(us), 324.3755074641179
[READ], MinLatency(us), 113
[READ], MaxLatency(us), 15239
[READ], 95thPercentileLatency(us), 485
[READ], 99thPercentileLatency(us), 519
[READ], Return=OK, 93849
[CLEANUP], Operations, 1
[CLEANUP], AverageLatency(us), 1052.0
[CLEANUP], MinLatency(us), 1052
[CLEANUP], MaxLatency(us), 1052
[CLEANUP], 95thPercentileLatency(us), 1052
[CLEANUP], 99thPercentileLatency(us), 1052
[UPDATE], Operations, 93850
[UPDATE], AverageLatency(us), 317.78272775705915
[UPDATE], MinLatency(us), 108
[UPDATE], MaxLatency(us), 24895
[UPDATE], 95thPercentileLatency(us), 478
[UPDATE], 99thPercentileLatency(us), 512
[UPDATE], Return=OK, 93850
AUTOTEST_DONE
