/nix/store/2vwkssqpzykk37r996cafq7x63imf4sp-openjdk-21+35/bin/java  -classpath /nix/store/zw02np72fzsmga6s5mphhw7x8qlzf4sv-ycsb-0.17.0/share/conf:/nix/store/zw02np72fzsmga6s5mphhw7x8qlzf4sv-ycsb-0.17.0/share/lib/core-0.17.0.jar:/nix/store/zw02np72fzsmga6s5mphhw7x8qlzf4sv-ycsb-0.17.0/share/lib/HdrHistogram-2.1.4.jar:/nix/store/zw02np72fzsmga6s5mphhw7x8qlzf4sv-ycsb-0.17.0/share/lib/htrace-core4-4.1.0-incubating.jar:/nix/store/zw02np72fzsmga6s5mphhw7x8qlzf4sv-ycsb-0.17.0/share/lib/jackson-core-asl-1.9.4.jar:/nix/store/zw02np72fzsmga6s5mphhw7x8qlzf4sv-ycsb-0.17.0/share/lib/jackson-mapper-asl-1.9.4.jar:/nix/store/zw02np72fzsmga6s5mphhw7x8qlzf4sv-ycsb-0.17.0/share/redis-binding/lib/commons-pool2-2.4.2.jar:/nix/store/zw02np72fzsmga6s5mphhw7x8qlzf4sv-ycsb-0.17.0/share/redis-binding/lib/jedis-2.9.0.jar:/nix/store/zw02np72fzsmga6s5mphhw7x8qlzf4sv-ycsb-0.17.0/share/redis-binding/lib/redis-binding-0.17.0.jar site.ycsb.Client -t -db site.ycsb.db.RedisClient -s -P /home/host/vmuxIO/test/moonprogs//../../ycsb/share/workloads/workloada -p redis.host=10.1.0.2 -p redis.port=6379 -p operationcount=429496729 -p maxexecutiontime=61 -threads 1
Command line: -t -db site.ycsb.db.RedisClient -s -P /home/host/vmuxIO/test/moonprogs//../../ycsb/share/workloads/workloada -p redis.host=10.1.0.2 -p redis.port=6379 -p operationcount=429496729 -p maxexecutiontime=61 -threads 1
YCSB Client 0.17.0

Loading workload...
Starting test.
Maximum execution time specified as: 61 secs
DBWrapper: report latency for each error is false and specific error codes to track for latency are: []
2025-04-01 21:23:28:808 0 sec: 0 operations; est completion in 0 second 
2025-04-01 21:23:38:654 10 sec: 18217 operations; 1821.52 current ops/sec; est completion in 2 days 17 hours [READ: Count=9125, Max=49887, Min=421, Avg=529.73, 90=543, 99=3097, 99.9=4499, 99.99=6955] [UPDATE: Count=9109, Max=12327, Min=419, Avg=536.14, 90=550, 99=3627, 99.9=4527, 99.99=6247] 
2025-04-01 21:23:48:658 20 sec: 39484 operations; 2126.06 current ops/sec; est completion in 2 days 12 hours [READ: Count=10763, Max=11247, Min=412, Avg=466.99, 90=538, 99=631, 99.9=1224, 99.99=4023] [UPDATE: Count=10487, Max=4443, Min=414, Avg=466.19, 90=541, 99=628, 99.9=760, 99.99=4119] 
2025-04-01 21:23:58:655 30 sec: 57953 operations; 1847.45 current ops/sec; est completion in 2 days 13 hours [READ: Count=9090, Max=5555, Min=409, Avg=537.7, 90=628, 99=756, 99.9=987, 99.99=4359] [UPDATE: Count=9379, Max=4111, Min=407, Avg=535.98, 90=624, 99=755, 99.9=1024, 99.99=3133] 
2025-04-01 21:24:08:654 40 sec: 77825 operations; 1987.2 current ops/sec; est completion in 2 days 13 hours [READ: Count=9917, Max=3849, Min=406, Avg=499.16, 90=552, 99=604, 99.9=730, 99.99=3683] [UPDATE: Count=9955, Max=7407, Min=406, Avg=501.81, 90=553, 99=600, 99.9=918, 99.99=4423] 
2025-04-01 21:24:18:654 50 sec: 98152 operations; 2032.7 current ops/sec; est completion in 2 days 12 hours [READ: Count=10165, Max=3145, Min=398, Avg=488.32, 90=546, 99=575, 99.9=701, 99.99=3043] [UPDATE: Count=10162, Max=4495, Min=386, Avg=491.15, 90=551, 99=577, 99.9=676, 99.99=3047] 
2025-04-01 21:24:28:654 60 sec: 119581 operations; 2143.11 current ops/sec; est completion in 2 days 11 hours [READ: Count=10645, Max=4363, Min=364, Avg=463.55, 90=477, 99=645, 99.9=807, 99.99=4311] [UPDATE: Count=10784, Max=3519, Min=402, Avg=464.3, 90=479, 99=635, 99.9=809, 99.99=3041] 
Maximum time elapsed. Requesting stop for the workload.
Stop requested for workload. Now Joining!
2025-04-01 21:24:29:668 61 sec: 121149 operations; 1544.83 current ops/sec; est completion in 2 days 12 hours [READ: Count=764, Max=9031, Min=486, Avg=648.11, 90=740, 99=881, 99.9=1438, 99.99=9031] [CLEANUP: Count=1, Max=1741, Min=1741, Avg=1741, 90=1741, 99=1741, 99.9=1741, 99.99=1741] [UPDATE: Count=804, Max=3115, Min=484, Avg=633.01, 90=731, 99=800, 99.9=1063, 99.99=3115] 
[OVERALL], RunTime(ms), 61022
[OVERALL], Throughput(ops/sec), 1985.3331585329881
[TOTAL_GCS_Copy], Count, 11
[TOTAL_GC_TIME_Copy], Time(ms), 17
[TOTAL_GC_TIME_%_Copy], Time(%), 0.02785880502113992
[TOTAL_GCS_MarkSweepCompact], Count, 0
[TOTAL_GC_TIME_MarkSweepCompact], Time(ms), 0
[TOTAL_GC_TIME_%_MarkSweepCompact], Time(%), 0.0
[TOTAL_GCs], Count, 11
[TOTAL_GC_TIME], Time(ms), 17
[TOTAL_GC_TIME_%], Time(%), 0.02785880502113992
[READ], Operations, 60469
[READ], AverageLatency(us), 497.6319601779424
[READ], MinLatency(us), 364
[READ], MaxLatency(us), 49887
[READ], 95thPercentileLatency(us), 603
[READ], 99thPercentileLatency(us), 703
[READ], Return=OK, 60469
[CLEANUP], Operations, 1
[CLEANUP], AverageLatency(us), 1741.0
[CLEANUP], MinLatency(us), 1741
[CLEANUP], MaxLatency(us), 1741
[CLEANUP], 95thPercentileLatency(us), 1741
[CLEANUP], 99thPercentileLatency(us), 1741
[UPDATE], Operations, 60680
[UPDATE], AverageLatency(us), 499.3759228740936
[UPDATE], MinLatency(us), 386
[UPDATE], MaxLatency(us), 12327
[UPDATE], 95thPercentileLatency(us), 603
[UPDATE], 99thPercentileLatency(us), 719
[UPDATE], Return=OK, 60680
AUTOTEST_DONE
