/nix/store/2vwkssqpzykk37r996cafq7x63imf4sp-openjdk-21+35/bin/java  -classpath /nix/store/zw02np72fzsmga6s5mphhw7x8qlzf4sv-ycsb-0.17.0/share/conf:/nix/store/zw02np72fzsmga6s5mphhw7x8qlzf4sv-ycsb-0.17.0/share/lib/core-0.17.0.jar:/nix/store/zw02np72fzsmga6s5mphhw7x8qlzf4sv-ycsb-0.17.0/share/lib/HdrHistogram-2.1.4.jar:/nix/store/zw02np72fzsmga6s5mphhw7x8qlzf4sv-ycsb-0.17.0/share/lib/htrace-core4-4.1.0-incubating.jar:/nix/store/zw02np72fzsmga6s5mphhw7x8qlzf4sv-ycsb-0.17.0/share/lib/jackson-core-asl-1.9.4.jar:/nix/store/zw02np72fzsmga6s5mphhw7x8qlzf4sv-ycsb-0.17.0/share/lib/jackson-mapper-asl-1.9.4.jar:/nix/store/zw02np72fzsmga6s5mphhw7x8qlzf4sv-ycsb-0.17.0/share/redis-binding/lib/commons-pool2-2.4.2.jar:/nix/store/zw02np72fzsmga6s5mphhw7x8qlzf4sv-ycsb-0.17.0/share/redis-binding/lib/jedis-2.9.0.jar:/nix/store/zw02np72fzsmga6s5mphhw7x8qlzf4sv-ycsb-0.17.0/share/redis-binding/lib/redis-binding-0.17.0.jar site.ycsb.Client -t -db site.ycsb.db.RedisClient -s -P /home/host/vmuxIO/test/moonprogs//../../ycsb/share/workloads/workloada -p redis.host=10.1.0.2 -p redis.port=6381 -p operationcount=429496729 -p maxexecutiontime=61 -threads 1
Command line: -t -db site.ycsb.db.RedisClient -s -P /home/host/vmuxIO/test/moonprogs//../../ycsb/share/workloads/workloada -p redis.host=10.1.0.2 -p redis.port=6381 -p operationcount=429496729 -p maxexecutiontime=61 -threads 1
YCSB Client 0.17.0

Loading workload...
Starting test.
Maximum execution time specified as: 61 secs
DBWrapper: report latency for each error is false and specific error codes to track for latency are: []
2025-02-10 03:47:35:585 0 sec: 0 operations; est completion in 0 second 
2025-02-10 03:47:45:254 10 sec: 4279 operations; 427.9 current ops/sec; est completion in 11 days 14 hours [READ: Count=2123, Max=47199, Min=96, Avg=2073.3, 90=7939, 99=14999, 99.9=20335, 99.99=47199] [UPDATE: Count=2157, Max=34495, Min=102, Avg=2362.97, 90=8215, 99=15575, 99.9=25823, 99.99=34495] 
2025-02-10 03:47:55:255 20 sec: 14759 operations; 1047.9 current ops/sec; est completion in 6 days 17 hours [READ: Count=5200, Max=17023, Min=83, Avg=970.59, 90=3269, 99=11775, 99.9=15303, 99.99=16543] [UPDATE: Count=5279, Max=19007, Min=81, Avg=920.86, 90=2417, 99=10999, 99.9=15775, 99.99=17791] 
2025-02-10 03:48:05:254 30 sec: 30513 operations; 1575.56 current ops/sec; est completion in 4 days 21 hours [READ: Count=7796, Max=15095, Min=82, Avg=656.47, 90=391, 99=8583, 99.9=12159, 99.99=14239] [UPDATE: Count=7958, Max=17231, Min=80, Avg=606.77, 90=355, 99=8303, 99.9=11991, 99.99=14319] 
2025-02-10 03:48:15:254 40 sec: 43831 operations; 1331.8 current ops/sec; est completion in 4 days 12 hours [READ: Count=6666, Max=209279, Min=82, Avg=819.59, 90=466, 99=8351, 99.9=13143, 99.99=204671] [UPDATE: Count=6652, Max=16055, Min=78, Avg=674.68, 90=407, 99=8815, 99.9=12087, 99.99=15047] 
2025-02-10 03:48:25:254 50 sec: 59030 operations; 1519.9 current ops/sec; est completion in 4 days 5 hours [READ: Count=7574, Max=15079, Min=81, Avg=650.73, 90=403, 99=8359, 99.9=12631, 99.99=14847] [UPDATE: Count=7625, Max=20623, Min=77, Avg=657.49, 90=396, 99=9159, 99.9=12143, 99.99=14143] 
2025-02-10 03:48:35:254 60 sec: 76008 operations; 1697.8 current ops/sec; est completion in 3 days 22 hours [READ: Count=8496, Max=16087, Min=81, Avg=592.65, 90=351, 99=8263, 99.9=12071, 99.99=15919] [UPDATE: Count=8482, Max=16215, Min=80, Avg=580.29, 90=342, 99=8287, 99.9=12031, 99.99=14479] 
Maximum time elapsed. Requesting stop for the workload.
Stop requested for workload. Now Joining!
2025-02-10 03:48:36:272 61 sec: 77882 operations; 1842.67 current ops/sec; est completion in 3 days 21 hours [READ: Count=945, Max=12015, Min=80, Avg=510.69, 90=306, 99=8247, 99.9=11327, 99.99=12015] [CLEANUP: Count=1, Max=1024, Min=1024, Avg=1024, 90=1024, 99=1024, 99.9=1024, 99.99=1024] [UPDATE: Count=929, Max=11575, Min=79, Avg=570.33, 90=306, 99=8319, 99.9=11175, 99.99=11575] 
[OVERALL], RunTime(ms), 61023
[OVERALL], Throughput(ops/sec), 1276.2728807171068
[TOTAL_GCS_Copy], Count, 7
[TOTAL_GC_TIME_Copy], Time(ms), 17
[TOTAL_GC_TIME_%_Copy], Time(%), 0.027858348491552363
[TOTAL_GCS_MarkSweepCompact], Count, 0
[TOTAL_GC_TIME_MarkSweepCompact], Time(ms), 0
[TOTAL_GC_TIME_%_MarkSweepCompact], Time(%), 0.0
[TOTAL_GCs], Count, 7
[TOTAL_GC_TIME], Time(ms), 17
[TOTAL_GC_TIME_%], Time(%), 0.027858348491552363
[READ], Operations, 38800
[READ], AverageLatency(us), 785.4694072164948
[READ], MinLatency(us), 80
[READ], MaxLatency(us), 209279
[READ], 95thPercentileLatency(us), 6887
[READ], 99thPercentileLatency(us), 9991
[READ], Return=OK, 38800
[CLEANUP], Operations, 1
[CLEANUP], AverageLatency(us), 1024.0
[CLEANUP], MinLatency(us), 1024
[CLEANUP], MaxLatency(us), 1024
[CLEANUP], 95thPercentileLatency(us), 1024
[CLEANUP], 99thPercentileLatency(us), 1024
[UPDATE], Operations, 39082
[UPDATE], AverageLatency(us), 760.9641011207206
[UPDATE], MinLatency(us), 77
[UPDATE], MaxLatency(us), 34495
[UPDATE], 95thPercentileLatency(us), 6907
[UPDATE], 99thPercentileLatency(us), 10079
[UPDATE], Return=OK, 39082
AUTOTEST_DONE
