/nix/store/2vwkssqpzykk37r996cafq7x63imf4sp-openjdk-21+35/bin/java  -classpath /nix/store/zw02np72fzsmga6s5mphhw7x8qlzf4sv-ycsb-0.17.0/share/conf:/nix/store/zw02np72fzsmga6s5mphhw7x8qlzf4sv-ycsb-0.17.0/share/lib/core-0.17.0.jar:/nix/store/zw02np72fzsmga6s5mphhw7x8qlzf4sv-ycsb-0.17.0/share/lib/HdrHistogram-2.1.4.jar:/nix/store/zw02np72fzsmga6s5mphhw7x8qlzf4sv-ycsb-0.17.0/share/lib/htrace-core4-4.1.0-incubating.jar:/nix/store/zw02np72fzsmga6s5mphhw7x8qlzf4sv-ycsb-0.17.0/share/lib/jackson-core-asl-1.9.4.jar:/nix/store/zw02np72fzsmga6s5mphhw7x8qlzf4sv-ycsb-0.17.0/share/lib/jackson-mapper-asl-1.9.4.jar:/nix/store/zw02np72fzsmga6s5mphhw7x8qlzf4sv-ycsb-0.17.0/share/redis-binding/lib/commons-pool2-2.4.2.jar:/nix/store/zw02np72fzsmga6s5mphhw7x8qlzf4sv-ycsb-0.17.0/share/redis-binding/lib/jedis-2.9.0.jar:/nix/store/zw02np72fzsmga6s5mphhw7x8qlzf4sv-ycsb-0.17.0/share/redis-binding/lib/redis-binding-0.17.0.jar site.ycsb.Client -t -db site.ycsb.db.RedisClient -s -P /home/host/vmuxIO/test/moonprogs//../../ycsb/share/workloads/workloada -p redis.host=10.1.0.2 -p redis.port=6384 -p operationcount=429496729 -p maxexecutiontime=61 -threads 1
Command line: -t -db site.ycsb.db.RedisClient -s -P /home/host/vmuxIO/test/moonprogs//../../ycsb/share/workloads/workloada -p redis.host=10.1.0.2 -p redis.port=6384 -p operationcount=429496729 -p maxexecutiontime=61 -threads 1
YCSB Client 0.17.0

Loading workload...
Starting test.
Maximum execution time specified as: 61 secs
2025-02-01 19:40:49:626 0 sec: 0 operations; est completion in 0 second 
DBWrapper: report latency for each error is false and specific error codes to track for latency are: []
2025-02-01 19:40:59:510 10 sec: 19608 operations; 1960.8 current ops/sec; est completion in 2 days 12 hours [READ: Count=9824, Max=47935, Min=87, Avg=493.34, 90=804, 99=4527, 99.9=15607, 99.99=37823] [UPDATE: Count=9785, Max=30127, Min=83, Avg=495.45, 90=841, 99=4747, 99.9=11639, 99.99=20431] 
2025-02-01 19:41:09:510 20 sec: 38819 operations; 1921.1 current ops/sec; est completion in 2 days 13 hours [READ: Count=9514, Max=12335, Min=78, Avg=515.69, 90=529, 99=5167, 99.9=9399, 99.99=11919] [UPDATE: Count=9703, Max=18831, Min=70, Avg=516.18, 90=590, 99=5095, 99.9=8495, 99.99=15567] 
2025-02-01 19:41:19:510 30 sec: 59327 operations; 2050.8 current ops/sec; est completion in 2 days 12 hours [READ: Count=10263, Max=10679, Min=80, Avg=494.83, 90=458, 99=5051, 99.9=8247, 99.99=9351] [UPDATE: Count=10238, Max=12159, Min=79, Avg=472.58, 90=429, 99=4723, 99.9=7879, 99.99=9439] 
2025-02-01 19:41:29:510 40 sec: 84299 operations; 2497.2 current ops/sec; est completion in 2 days 8 hours [READ: Count=12634, Max=16031, Min=72, Avg=401.93, 90=455, 99=4231, 99.9=7607, 99.99=13999] [UPDATE: Count=12339, Max=12503, Min=72, Avg=394.46, 90=456, 99=4231, 99.9=7247, 99.99=10327] 
2025-02-01 19:41:39:510 50 sec: 107270 operations; 2297.1 current ops/sec; est completion in 2 days 7 hours [READ: Count=11434, Max=13919, Min=73, Avg=437.74, 90=401, 99=4267, 99.9=6523, 99.99=12127] [UPDATE: Count=11541, Max=9447, Min=72, Avg=428.46, 90=396, 99=4259, 99.9=7075, 99.99=9439] 
2025-02-01 19:41:49:511 60 sec: 130277 operations; 2300.7 current ops/sec; est completion in 2 days 6 hours [READ: Count=11496, Max=12039, Min=80, Avg=442.11, 90=375, 99=4307, 99.9=8163, 99.99=10783] [UPDATE: Count=11506, Max=15127, Min=81, Avg=422.67, 90=363, 99=4275, 99.9=8119, 99.99=13407] 
Maximum time elapsed. Requesting stop for the workload.
Stop requested for workload. Now Joining!
2025-02-01 19:41:50:516 61 sec: 131994 operations; 1708.46 current ops/sec; est completion in 2 days 7 hours [READ: Count=869, Max=8127, Min=110, Avg=555.86, 90=679, 99=4471, 99.9=8071, 99.99=8127] [CLEANUP: Count=1, Max=1230, Min=1230, Avg=1230, 90=1230, 99=1230, 99.9=1230, 99.99=1230] [UPDATE: Count=848, Max=8455, Min=105, Avg=609.55, 90=636, 99=6119, 99.9=8327, 99.99=8455] 
[OVERALL], RunTime(ms), 61006
[OVERALL], Throughput(ops/sec), 2163.6232501721142
[TOTAL_GCS_G1_Young_Generation], Count, 7
[TOTAL_GC_TIME_G1_Young_Generation], Time(ms), 44
[TOTAL_GC_TIME_%_G1_Young_Generation], Time(%), 0.0721240533717995
[TOTAL_GCS_G1_Concurrent_GC], Count, 0
[TOTAL_GC_TIME_G1_Concurrent_GC], Time(ms), 0
[TOTAL_GC_TIME_%_G1_Concurrent_GC], Time(%), 0.0
[TOTAL_GCS_G1_Old_Generation], Count, 0
[TOTAL_GC_TIME_G1_Old_Generation], Time(ms), 0
[TOTAL_GC_TIME_%_G1_Old_Generation], Time(%), 0.0
[TOTAL_GCs], Count, 7
[TOTAL_GC_TIME], Time(ms), 44
[TOTAL_GC_TIME_%], Time(%), 0.0721240533717995
[READ], Operations, 66034
[READ], AverageLatency(us), 461.5807311385044
[READ], MinLatency(us), 72
[READ], MaxLatency(us), 47935
[READ], 95thPercentileLatency(us), 2675
[READ], 99thPercentileLatency(us), 4443
[READ], Return=OK, 66034
[CLEANUP], Operations, 1
[CLEANUP], AverageLatency(us), 1230.0
[CLEANUP], MinLatency(us), 1230
[CLEANUP], MaxLatency(us), 1230
[CLEANUP], 95thPercentileLatency(us), 1230
[CLEANUP], 99thPercentileLatency(us), 1230
[UPDATE], Operations, 65960
[UPDATE], AverageLatency(us), 453.10739842328684
[UPDATE], MinLatency(us), 70
[UPDATE], MaxLatency(us), 30127
[UPDATE], 95thPercentileLatency(us), 2475
[UPDATE], 99thPercentileLatency(us), 4415
[UPDATE], Return=OK, 65960
AUTOTEST_DONE
