/nix/store/2vwkssqpzykk37r996cafq7x63imf4sp-openjdk-21+35/bin/java  -classpath /nix/store/zw02np72fzsmga6s5mphhw7x8qlzf4sv-ycsb-0.17.0/share/conf:/nix/store/zw02np72fzsmga6s5mphhw7x8qlzf4sv-ycsb-0.17.0/share/lib/core-0.17.0.jar:/nix/store/zw02np72fzsmga6s5mphhw7x8qlzf4sv-ycsb-0.17.0/share/lib/HdrHistogram-2.1.4.jar:/nix/store/zw02np72fzsmga6s5mphhw7x8qlzf4sv-ycsb-0.17.0/share/lib/htrace-core4-4.1.0-incubating.jar:/nix/store/zw02np72fzsmga6s5mphhw7x8qlzf4sv-ycsb-0.17.0/share/lib/jackson-core-asl-1.9.4.jar:/nix/store/zw02np72fzsmga6s5mphhw7x8qlzf4sv-ycsb-0.17.0/share/lib/jackson-mapper-asl-1.9.4.jar:/nix/store/zw02np72fzsmga6s5mphhw7x8qlzf4sv-ycsb-0.17.0/share/redis-binding/lib/commons-pool2-2.4.2.jar:/nix/store/zw02np72fzsmga6s5mphhw7x8qlzf4sv-ycsb-0.17.0/share/redis-binding/lib/jedis-2.9.0.jar:/nix/store/zw02np72fzsmga6s5mphhw7x8qlzf4sv-ycsb-0.17.0/share/redis-binding/lib/redis-binding-0.17.0.jar site.ycsb.Client -t -db site.ycsb.db.RedisClient -s -P /home/host/vmuxIO/test/moonprogs//../../ycsb/share/workloads/workloada -p redis.host=10.1.0.2 -p redis.port=6383 -p operationcount=429496729 -p maxexecutiontime=61 -threads 1
Command line: -t -db site.ycsb.db.RedisClient -s -P /home/host/vmuxIO/test/moonprogs//../../ycsb/share/workloads/workloada -p redis.host=10.1.0.2 -p redis.port=6383 -p operationcount=429496729 -p maxexecutiontime=61 -threads 1
YCSB Client 0.17.0

Loading workload...
Starting test.
Maximum execution time specified as: 61 secs
DBWrapper: report latency for each error is false and specific error codes to track for latency are: []
2025-02-05 03:29:13:955 0 sec: 0 operations; est completion in 0 second 
2025-02-05 03:29:23:700 10 sec: 5498 operations; 549.8 current ops/sec; est completion in 9 days [READ: Count=2774, Max=69759, Min=93, Avg=1597.76, 90=7027, 99=12223, 99.9=19087, 99.99=69759] [UPDATE: Count=2726, Max=217599, Min=93, Avg=1900.01, 90=7903, 99=12975, 99.9=18191, 99.99=217599] 
2025-02-05 03:29:33:699 20 sec: 14970 operations; 947.2 current ops/sec; est completion in 6 days 15 hours [READ: Count=4683, Max=18143, Min=85, Avg=1086.98, 90=4007, 99=12007, 99.9=15927, 99.99=18143] [UPDATE: Count=4788, Max=27871, Min=83, Avg=1012.81, 90=3467, 99=11895, 99.9=17007, 99.99=27871] 
2025-02-05 03:29:43:699 30 sec: 28089 operations; 1311.9 current ops/sec; est completion in 5 days 7 hours [READ: Count=6587, Max=16431, Min=84, Avg=754.09, 90=519, 99=9775, 99.9=14455, 99.99=16351] [UPDATE: Count=6531, Max=16751, Min=85, Avg=758.25, 90=558, 99=9855, 99.9=12711, 99.99=15887] 
2025-02-05 03:29:53:699 40 sec: 44085 operations; 1599.6 current ops/sec; est completion in 4 days 12 hours [READ: Count=8092, Max=16183, Min=84, Avg=638.66, 90=359, 99=8335, 99.9=12151, 99.99=13927] [UPDATE: Count=7904, Max=13143, Min=81, Avg=580.83, 90=331, 99=8255, 99.9=11839, 99.99=12895] 
2025-02-05 03:30:03:699 50 sec: 58211 operations; 1412.6 current ops/sec; est completion in 4 days 6 hours [READ: Count=7069, Max=212095, Min=86, Avg=741.89, 90=425, 99=8975, 99.9=12399, 99.99=207487] [UPDATE: Count=7057, Max=16327, Min=84, Avg=693.91, 90=405, 99=8999, 99.9=12119, 99.99=16087] 
2025-02-05 03:30:13:699 60 sec: 73167 operations; 1495.6 current ops/sec; est completion in 4 days 1 hour [READ: Count=7481, Max=16231, Min=84, Avg=681.75, 90=405, 99=8375, 99.9=12279, 99.99=16079] [UPDATE: Count=7475, Max=17583, Min=83, Avg=649.26, 90=405, 99=8487, 99.9=12791, 99.99=16135] 
Maximum time elapsed. Requesting stop for the workload.
Stop requested for workload. Now Joining!
2025-02-05 03:30:14:711 61 sec: 74747 operations; 1561.26 current ops/sec; est completion in 4 days 1 hour [READ: Count=798, Max=12215, Min=92, Avg=635.61, 90=347, 99=8999, 99.9=12167, 99.99=12215] [CLEANUP: Count=1, Max=1329, Min=1329, Avg=1329, 90=1329, 99=1329, 99.9=1329, 99.99=1329] [UPDATE: Count=782, Max=15487, Min=90, Avg=644.55, 90=369, 99=8311, 99.9=10783, 99.99=15487] 
[OVERALL], RunTime(ms), 61016
[OVERALL], Throughput(ops/sec), 1225.0393339451948
[TOTAL_GCS_Copy], Count, 7
[TOTAL_GC_TIME_Copy], Time(ms), 20
[TOTAL_GC_TIME_%_Copy], Time(%), 0.03277828766225253
[TOTAL_GCS_MarkSweepCompact], Count, 0
[TOTAL_GC_TIME_MarkSweepCompact], Time(ms), 0
[TOTAL_GC_TIME_%_MarkSweepCompact], Time(%), 0.0
[TOTAL_GCs], Count, 7
[TOTAL_GC_TIME], Time(ms), 20
[TOTAL_GC_TIME_%], Time(%), 0.03277828766225253
[READ], Operations, 37484
[READ], AverageLatency(us), 813.9339451499307
[READ], MinLatency(us), 84
[READ], MaxLatency(us), 212095
[READ], 95thPercentileLatency(us), 7179
[READ], 99thPercentileLatency(us), 10207
[READ], Return=OK, 37484
[CLEANUP], Operations, 1
[CLEANUP], AverageLatency(us), 1329.0
[CLEANUP], MinLatency(us), 1329
[CLEANUP], MaxLatency(us), 1329
[CLEANUP], 95thPercentileLatency(us), 1329
[CLEANUP], 99thPercentileLatency(us), 1329
[UPDATE], Operations, 37263
[UPDATE], AverageLatency(us), 800.4169283203178
[UPDATE], MinLatency(us), 81
[UPDATE], MaxLatency(us), 217599
[UPDATE], 95thPercentileLatency(us), 7175
[UPDATE], 99thPercentileLatency(us), 10119
[UPDATE], Return=OK, 37263
AUTOTEST_DONE
