/nix/store/2vwkssqpzykk37r996cafq7x63imf4sp-openjdk-21+35/bin/java  -classpath /nix/store/zw02np72fzsmga6s5mphhw7x8qlzf4sv-ycsb-0.17.0/share/conf:/nix/store/zw02np72fzsmga6s5mphhw7x8qlzf4sv-ycsb-0.17.0/share/lib/core-0.17.0.jar:/nix/store/zw02np72fzsmga6s5mphhw7x8qlzf4sv-ycsb-0.17.0/share/lib/HdrHistogram-2.1.4.jar:/nix/store/zw02np72fzsmga6s5mphhw7x8qlzf4sv-ycsb-0.17.0/share/lib/htrace-core4-4.1.0-incubating.jar:/nix/store/zw02np72fzsmga6s5mphhw7x8qlzf4sv-ycsb-0.17.0/share/lib/jackson-core-asl-1.9.4.jar:/nix/store/zw02np72fzsmga6s5mphhw7x8qlzf4sv-ycsb-0.17.0/share/lib/jackson-mapper-asl-1.9.4.jar:/nix/store/zw02np72fzsmga6s5mphhw7x8qlzf4sv-ycsb-0.17.0/share/redis-binding/lib/commons-pool2-2.4.2.jar:/nix/store/zw02np72fzsmga6s5mphhw7x8qlzf4sv-ycsb-0.17.0/share/redis-binding/lib/jedis-2.9.0.jar:/nix/store/zw02np72fzsmga6s5mphhw7x8qlzf4sv-ycsb-0.17.0/share/redis-binding/lib/redis-binding-0.17.0.jar site.ycsb.Client -t -db site.ycsb.db.RedisClient -s -P /home/host/vmuxIO/test/moonprogs//../../ycsb/share/workloads/workloada -p redis.host=10.1.0.2 -p redis.port=6379 -p operationcount=429496729 -p maxexecutiontime=61 -threads 1
Command line: -t -db site.ycsb.db.RedisClient -s -P /home/host/vmuxIO/test/moonprogs//../../ycsb/share/workloads/workloada -p redis.host=10.1.0.2 -p redis.port=6379 -p operationcount=429496729 -p maxexecutiontime=61 -threads 1
YCSB Client 0.17.0

Loading workload...
Starting test.
Maximum execution time specified as: 61 secs
DBWrapper: report latency for each error is false and specific error codes to track for latency are: []
2024-10-03 02:26:45:537 0 sec: 0 operations; est completion in 0 second 
2024-10-03 02:26:55:392 10 sec: 93722 operations; 9372.2 current ops/sec; est completion in 12 hours 43 minutes [READ: Count=47089, Max=16591, Min=71, Avg=102.68, 90=121, 99=150, 99.9=394, 99.99=2049] [UPDATE: Count=46643, Max=22911, Min=71, Avg=101.9, 90=119, 99=149, 99.9=642, 99.99=3075] 
2024-10-03 02:27:05:392 20 sec: 191676 operations; 9795.4 current ops/sec; est completion in 12 hours 26 minutes [READ: Count=48867, Max=7407, Min=72, Avg=101.58, 90=120, 99=140, 99.9=231, 99.99=492] [UPDATE: Count=49077, Max=1287, Min=70, Avg=99.48, 90=118, 99=139, 99.9=201, 99.99=438] 
2024-10-03 02:27:15:392 30 sec: 288961 operations; 9728.5 current ops/sec; est completion in 12 hours 22 minutes [READ: Count=48884, Max=7651, Min=72, Avg=102.34, 90=122, 99=148, 99.9=223, 99.99=462] [UPDATE: Count=48401, Max=1691, Min=71, Avg=100.43, 90=120, 99=149, 99.9=227, 99.99=444] 
2024-10-03 02:27:25:392 40 sec: 385842 operations; 9688.1 current ops/sec; est completion in 12 hours 21 minutes [READ: Count=48200, Max=6695, Min=74, Avg=102.88, 90=119, 99=140, 99.9=196, 99.99=393] [UPDATE: Count=48681, Max=2985, Min=73, Avg=100.84, 90=117, 99=138, 99.9=194, 99.99=305] 
2024-10-03 02:27:35:392 50 sec: 482674 operations; 9683.2 current ops/sec; est completion in 12 hours 20 minutes [READ: Count=48098, Max=427, Min=75, Avg=102.89, 90=119, 99=138, 99.9=178, 99.99=330] [UPDATE: Count=48734, Max=3761, Min=73, Avg=100.97, 90=117, 99=135, 99.9=182, 99.99=372] 
2024-10-03 02:27:45:392 60 sec: 578629 operations; 9595.5 current ops/sec; est completion in 12 hours 21 minutes [READ: Count=48059, Max=4131, Min=75, Avg=103.88, 90=124, 99=148, 99.9=225, 99.99=383] [UPDATE: Count=47896, Max=2333, Min=71, Avg=101.73, 90=121, 99=145, 99.9=216, 99.99=428] 
Maximum time elapsed. Requesting stop for the workload.
Stop requested for workload. Now Joining!
2024-10-03 02:27:46:404 61 sec: 588826 operations; 10076.09 current ops/sec; est completion in 12 hours 20 minutes [READ: Count=5091, Max=455, Min=77, Avg=98.4, 90=112, 99=129, 99.9=161, 99.99=319] [CLEANUP: Count=1, Max=1004, Min=1004, Avg=1004, 90=1004, 99=1004, 99.9=1004, 99.99=1004] [UPDATE: Count=5106, Max=2655, Min=71, Avg=96.96, 90=110, 99=128, 99.9=158, 99.99=179] 
[OVERALL], RunTime(ms), 61015
[OVERALL], Throughput(ops/sec), 9650.512169138736
[TOTAL_GCS_Copy], Count, 54
[TOTAL_GC_TIME_Copy], Time(ms), 26
[TOTAL_GC_TIME_%_Copy], Time(%), 0.042612472342866504
[TOTAL_GCS_MarkSweepCompact], Count, 0
[TOTAL_GC_TIME_MarkSweepCompact], Time(ms), 0
[TOTAL_GC_TIME_%_MarkSweepCompact], Time(%), 0.0
[TOTAL_GCs], Count, 54
[TOTAL_GC_TIME], Time(ms), 26
[TOTAL_GC_TIME_%], Time(%), 0.042612472342866504
[READ], Operations, 294288
[READ], AverageLatency(us), 102.62985238949601
[READ], MinLatency(us), 71
[READ], MaxLatency(us), 16591
[READ], 95thPercentileLatency(us), 127
[READ], 99thPercentileLatency(us), 144
[READ], Return=OK, 294288
[CLEANUP], Operations, 1
[CLEANUP], AverageLatency(us), 1004.0
[CLEANUP], MinLatency(us), 1004
[CLEANUP], MaxLatency(us), 1004
[CLEANUP], 95thPercentileLatency(us), 1004
[CLEANUP], 99thPercentileLatency(us), 1004
[UPDATE], Operations, 294538
[UPDATE], AverageLatency(us), 100.81246901927764
[UPDATE], MinLatency(us), 70
[UPDATE], MaxLatency(us), 22911
[UPDATE], 95thPercentileLatency(us), 125
[UPDATE], 99thPercentileLatency(us), 142
[UPDATE], Return=OK, 294538
AUTOTEST_DONE
