/nix/store/2vwkssqpzykk37r996cafq7x63imf4sp-openjdk-21+35/bin/java  -classpath /nix/store/zw02np72fzsmga6s5mphhw7x8qlzf4sv-ycsb-0.17.0/share/conf:/nix/store/zw02np72fzsmga6s5mphhw7x8qlzf4sv-ycsb-0.17.0/share/lib/core-0.17.0.jar:/nix/store/zw02np72fzsmga6s5mphhw7x8qlzf4sv-ycsb-0.17.0/share/lib/HdrHistogram-2.1.4.jar:/nix/store/zw02np72fzsmga6s5mphhw7x8qlzf4sv-ycsb-0.17.0/share/lib/htrace-core4-4.1.0-incubating.jar:/nix/store/zw02np72fzsmga6s5mphhw7x8qlzf4sv-ycsb-0.17.0/share/lib/jackson-core-asl-1.9.4.jar:/nix/store/zw02np72fzsmga6s5mphhw7x8qlzf4sv-ycsb-0.17.0/share/lib/jackson-mapper-asl-1.9.4.jar:/nix/store/zw02np72fzsmga6s5mphhw7x8qlzf4sv-ycsb-0.17.0/share/redis-binding/lib/commons-pool2-2.4.2.jar:/nix/store/zw02np72fzsmga6s5mphhw7x8qlzf4sv-ycsb-0.17.0/share/redis-binding/lib/jedis-2.9.0.jar:/nix/store/zw02np72fzsmga6s5mphhw7x8qlzf4sv-ycsb-0.17.0/share/redis-binding/lib/redis-binding-0.17.0.jar site.ycsb.Client -t -db site.ycsb.db.RedisClient -s -P /home/host/vmuxIO/test/moonprogs//../../ycsb/share/workloads/workloada -p redis.host=10.1.0.2 -p redis.port=6379 -p operationcount=429496729 -p maxexecutiontime=61 -threads 1
Command line: -t -db site.ycsb.db.RedisClient -s -P /home/host/vmuxIO/test/moonprogs//../../ycsb/share/workloads/workloada -p redis.host=10.1.0.2 -p redis.port=6379 -p operationcount=429496729 -p maxexecutiontime=61 -threads 1
YCSB Client 0.17.0

Loading workload...
Starting test.
Maximum execution time specified as: 61 secs
DBWrapper: report latency for each error is false and specific error codes to track for latency are: []
2024-10-03 02:26:45:608 0 sec: 0 operations; est completion in 0 second 
2024-10-03 02:26:55:457 10 sec: 93610 operations; 9361 current ops/sec; est completion in 12 hours 44 minutes [READ: Count=46500, Max=21023, Min=74, Avg=103.12, 90=120, 99=145, 99.9=616, 99.99=3113] [UPDATE: Count=47119, Max=22751, Min=71, Avg=101.46, 90=118, 99=145, 99.9=630, 99.99=2985] 
2024-10-03 02:27:05:457 20 sec: 193445 operations; 9983.5 current ops/sec; est completion in 12 hours 19 minutes [READ: Count=49968, Max=12071, Min=73, Avg=99.98, 90=117, 99=137, 99.9=194, 99.99=496] [UPDATE: Count=49858, Max=2835, Min=71, Avg=97.32, 90=115, 99=134, 99.9=194, 99.99=473] 
2024-10-03 02:27:15:457 30 sec: 293734 operations; 10028.9 current ops/sec; est completion in 12 hours 10 minutes [READ: Count=50134, Max=8159, Min=73, Avg=99.6, 90=117, 99=138, 99.9=200, 99.99=503] [UPDATE: Count=50155, Max=1079, Min=71, Avg=96.99, 90=114, 99=134, 99.9=180, 99.99=402] 
2024-10-03 02:27:25:457 40 sec: 394300 operations; 10056.6 current ops/sec; est completion in 12 hours 5 minutes [READ: Count=50496, Max=493, Min=73, Avg=99.22, 90=117, 99=135, 99.9=157, 99.99=339] [UPDATE: Count=50070, Max=4771, Min=70, Avg=96.95, 90=114, 99=133, 99.9=163, 99.99=390] 
2024-10-03 02:27:35:457 50 sec: 493170 operations; 9887 current ops/sec; est completion in 12 hours 4 minutes [READ: Count=49565, Max=9703, Min=74, Avg=101.07, 90=118, 99=137, 99.9=163, 99.99=352] [UPDATE: Count=49305, Max=437, Min=72, Avg=98.54, 90=115, 99=134, 99.9=159, 99.99=343] 
2024-10-03 02:27:45:456 60 sec: 592623 operations; 9945.3 current ops/sec; est completion in 12 hours 3 minutes [READ: Count=49808, Max=5071, Min=74, Avg=100.41, 90=118, 99=136, 99.9=171, 99.99=424] [UPDATE: Count=49645, Max=678, Min=71, Avg=97.89, 90=116, 99=134, 99.9=174, 99.99=343] 
Maximum time elapsed. Requesting stop for the workload.
Stop requested for workload. Now Joining!
2024-10-03 02:27:46:469 61 sec: 602831 operations; 10086.96 current ops/sec; est completion in 12 hours 3 minutes [READ: Count=5168, Max=304, Min=72, Avg=98.5, 90=121, 99=134, 99.9=157, 99.99=185] [CLEANUP: Count=1, Max=1098, Min=1098, Avg=1098, 90=1098, 99=1098, 99.9=1098, 99.99=1098] [UPDATE: Count=5040, Max=2601, Min=71, Avg=96.64, 90=117, 99=131, 99.9=155, 99.99=424] 
[OVERALL], RunTime(ms), 61016
[OVERALL], Throughput(ops/sec), 9879.883964861676
[TOTAL_GCS_Copy], Count, 56
[TOTAL_GC_TIME_Copy], Time(ms), 24
[TOTAL_GC_TIME_%_Copy], Time(%), 0.03933394519470303
[TOTAL_GCS_MarkSweepCompact], Count, 0
[TOTAL_GC_TIME_MarkSweepCompact], Time(ms), 0
[TOTAL_GC_TIME_%_MarkSweepCompact], Time(%), 0.0
[TOTAL_GCs], Count, 56
[TOTAL_GC_TIME], Time(ms), 24
[TOTAL_GC_TIME_%], Time(%), 0.03933394519470303
[READ], Operations, 301639
[READ], AverageLatency(us), 100.49771083977868
[READ], MinLatency(us), 72
[READ], MaxLatency(us), 21023
[READ], 95thPercentileLatency(us), 126
[READ], 99thPercentileLatency(us), 138
[READ], Return=OK, 301639
[CLEANUP], Operations, 1
[CLEANUP], AverageLatency(us), 1098.0
[CLEANUP], MinLatency(us), 1098
[CLEANUP], MaxLatency(us), 1098
[CLEANUP], 95thPercentileLatency(us), 1098
[CLEANUP], 99thPercentileLatency(us), 1098
[UPDATE], Operations, 301192
[UPDATE], AverageLatency(us), 98.13418683099152
[UPDATE], MinLatency(us), 70
[UPDATE], MaxLatency(us), 22751
[UPDATE], 95thPercentileLatency(us), 123
[UPDATE], 99thPercentileLatency(us), 135
[UPDATE], Return=OK, 301192
AUTOTEST_DONE
