/nix/store/2vwkssqpzykk37r996cafq7x63imf4sp-openjdk-21+35/bin/java  -classpath /nix/store/zw02np72fzsmga6s5mphhw7x8qlzf4sv-ycsb-0.17.0/share/conf:/nix/store/zw02np72fzsmga6s5mphhw7x8qlzf4sv-ycsb-0.17.0/share/lib/core-0.17.0.jar:/nix/store/zw02np72fzsmga6s5mphhw7x8qlzf4sv-ycsb-0.17.0/share/lib/HdrHistogram-2.1.4.jar:/nix/store/zw02np72fzsmga6s5mphhw7x8qlzf4sv-ycsb-0.17.0/share/lib/htrace-core4-4.1.0-incubating.jar:/nix/store/zw02np72fzsmga6s5mphhw7x8qlzf4sv-ycsb-0.17.0/share/lib/jackson-core-asl-1.9.4.jar:/nix/store/zw02np72fzsmga6s5mphhw7x8qlzf4sv-ycsb-0.17.0/share/lib/jackson-mapper-asl-1.9.4.jar:/nix/store/zw02np72fzsmga6s5mphhw7x8qlzf4sv-ycsb-0.17.0/share/redis-binding/lib/commons-pool2-2.4.2.jar:/nix/store/zw02np72fzsmga6s5mphhw7x8qlzf4sv-ycsb-0.17.0/share/redis-binding/lib/jedis-2.9.0.jar:/nix/store/zw02np72fzsmga6s5mphhw7x8qlzf4sv-ycsb-0.17.0/share/redis-binding/lib/redis-binding-0.17.0.jar site.ycsb.Client -t -db site.ycsb.db.RedisClient -s -P /home/host/vmuxIO/test/moonprogs//../../ycsb/share/workloads/workloada -p redis.host=10.1.0.2 -p redis.port=6379 -p operationcount=429496729 -p maxexecutiontime=61 -threads 1
Command line: -t -db site.ycsb.db.RedisClient -s -P /home/host/vmuxIO/test/moonprogs//../../ycsb/share/workloads/workloada -p redis.host=10.1.0.2 -p redis.port=6379 -p operationcount=429496729 -p maxexecutiontime=61 -threads 1
YCSB Client 0.17.0

Loading workload...
Starting test.
Maximum execution time specified as: 61 secs
DBWrapper: report latency for each error is false and specific error codes to track for latency are: []
2024-07-11 00:51:46:336 0 sec: 0 operations; est completion in 0 second 
2024-07-11 00:51:56:153 10 sec: 67208 operations; 6720.13 current ops/sec; est completion in 17 hours 45 minutes [READ: Count=33688, Max=54495, Min=88, Avg=141.74, 90=174, 99=275, 99.9=2469, 99.99=4411] [UPDATE: Count=33545, Max=6055, Min=86, Avg=140.52, 90=176, 99=275, 99.9=2365, 99.99=3835] 
2024-07-11 00:52:06:153 20 sec: 143843 operations; 7663.5 current ops/sec; est completion in 16 hours 35 minutes [READ: Count=38456, Max=8767, Min=88, Avg=129.55, 90=157, 99=248, 99.9=383, 99.99=2335] [UPDATE: Count=38154, Max=3483, Min=84, Avg=126.83, 90=156, 99=246, 99.9=368, 99.99=2201] 
2024-07-11 00:52:16:153 30 sec: 218717 operations; 7487.4 current ops/sec; est completion in 16 hours 21 minutes [READ: Count=37343, Max=7979, Min=86, Avg=133.16, 90=173, 99=291, 99.9=923, 99.99=3431] [UPDATE: Count=37531, Max=3963, Min=84, Avg=129.75, 90=170, 99=293, 99.9=824, 99.99=3351] 
2024-07-11 00:52:26:153 40 sec: 292526 operations; 7380.9 current ops/sec; est completion in 16 hours 18 minutes [READ: Count=36685, Max=6159, Min=89, Avg=134.48, 90=171, 99=253, 99.9=836, 99.99=2209] [UPDATE: Count=37124, Max=3867, Min=85, Avg=132.33, 90=169, 99=251, 99.9=779, 99.99=2597] 
2024-07-11 00:52:36:153 50 sec: 370719 operations; 7819.3 current ops/sec; est completion in 16 hours 4 minutes [READ: Count=39158, Max=2805, Min=87, Avg=126.59, 90=151, 99=241, 99.9=297, 99.99=607] [UPDATE: Count=39035, Max=8647, Min=85, Avg=125.2, 90=150, 99=241, 99.9=340, 99.99=2277] 
2024-07-11 00:52:46:153 60 sec: 447530 operations; 7681.1 current ops/sec; est completion in 15 hours 58 minutes [READ: Count=38522, Max=3763, Min=85, Avg=129.02, 90=165, 99=261, 99.9=540, 99.99=2435] [UPDATE: Count=38289, Max=7091, Min=83, Avg=126.93, 90=162, 99=260, 99.9=502, 99.99=2449] 
Maximum time elapsed. Requesting stop for the workload.
Stop requested for workload. Now Joining!
2024-07-11 00:52:47:166 61 sec: 455775 operations; 8147.23 current ops/sec; est completion in 15 hours 57 minutes [READ: Count=4184, Max=2779, Min=88, Avg=120.99, 90=139, 99=195, 99.9=278, 99.99=2779] [CLEANUP: Count=1, Max=1242, Min=1242, Avg=1242, 90=1242, 99=1242, 99.9=1242, 99.99=1242] [UPDATE: Count=4061, Max=4343, Min=86, Avg=119.17, 90=136, 99=221, 99.9=259, 99.99=4343] 
[OVERALL], RunTime(ms), 61021
[OVERALL], Throughput(ops/sec), 7469.149964766228
[TOTAL_GCS_Copy], Count, 42
[TOTAL_GC_TIME_Copy], Time(ms), 34
[TOTAL_GC_TIME_%_Copy], Time(%), 0.055718523131380995
[TOTAL_GCS_MarkSweepCompact], Count, 0
[TOTAL_GC_TIME_MarkSweepCompact], Time(ms), 0
[TOTAL_GC_TIME_%_MarkSweepCompact], Time(%), 0.0
[TOTAL_GCs], Count, 42
[TOTAL_GC_TIME], Time(ms), 34
[TOTAL_GC_TIME_%], Time(%), 0.055718523131380995
[READ], Operations, 228036
[READ], AverageLatency(us), 131.98248083635917
[READ], MinLatency(us), 85
[READ], MaxLatency(us), 54495
[READ], 95thPercentileLatency(us), 187
[READ], 99thPercentileLatency(us), 258
[READ], Return=OK, 228036
[CLEANUP], Operations, 1
[CLEANUP], AverageLatency(us), 1242.0
[CLEANUP], MinLatency(us), 1242
[CLEANUP], MaxLatency(us), 1242
[CLEANUP], 95thPercentileLatency(us), 1242
[CLEANUP], 99thPercentileLatency(us), 1242
[UPDATE], Operations, 227739
[UPDATE], AverageLatency(us), 129.828307843628
[UPDATE], MinLatency(us), 83
[UPDATE], MaxLatency(us), 8647
[UPDATE], 95thPercentileLatency(us), 187
[UPDATE], 99thPercentileLatency(us), 256
[UPDATE], Return=OK, 227739
AUTOTEST_DONE
