/nix/store/2vwkssqpzykk37r996cafq7x63imf4sp-openjdk-21+35/bin/java  -classpath /nix/store/zw02np72fzsmga6s5mphhw7x8qlzf4sv-ycsb-0.17.0/share/conf:/nix/store/zw02np72fzsmga6s5mphhw7x8qlzf4sv-ycsb-0.17.0/share/lib/core-0.17.0.jar:/nix/store/zw02np72fzsmga6s5mphhw7x8qlzf4sv-ycsb-0.17.0/share/lib/HdrHistogram-2.1.4.jar:/nix/store/zw02np72fzsmga6s5mphhw7x8qlzf4sv-ycsb-0.17.0/share/lib/htrace-core4-4.1.0-incubating.jar:/nix/store/zw02np72fzsmga6s5mphhw7x8qlzf4sv-ycsb-0.17.0/share/lib/jackson-core-asl-1.9.4.jar:/nix/store/zw02np72fzsmga6s5mphhw7x8qlzf4sv-ycsb-0.17.0/share/lib/jackson-mapper-asl-1.9.4.jar:/nix/store/zw02np72fzsmga6s5mphhw7x8qlzf4sv-ycsb-0.17.0/share/redis-binding/lib/commons-pool2-2.4.2.jar:/nix/store/zw02np72fzsmga6s5mphhw7x8qlzf4sv-ycsb-0.17.0/share/redis-binding/lib/jedis-2.9.0.jar:/nix/store/zw02np72fzsmga6s5mphhw7x8qlzf4sv-ycsb-0.17.0/share/redis-binding/lib/redis-binding-0.17.0.jar site.ycsb.Client -t -db site.ycsb.db.RedisClient -s -P /home/host/vmuxIO/test/moonprogs//../../ycsb/share/workloads/workloada -p redis.host=10.1.0.2 -p redis.port=6387 -p operationcount=429496729 -p maxexecutiontime=61 -threads 1
Command line: -t -db site.ycsb.db.RedisClient -s -P /home/host/vmuxIO/test/moonprogs//../../ycsb/share/workloads/workloada -p redis.host=10.1.0.2 -p redis.port=6387 -p operationcount=429496729 -p maxexecutiontime=61 -threads 1
YCSB Client 0.17.0

Loading workload...
Starting test.
Maximum execution time specified as: 61 secs
DBWrapper: report latency for each error is false and specific error codes to track for latency are: []
2025-02-05 03:12:46:396 0 sec: 0 operations; est completion in 0 second 
2025-02-05 03:12:56:177 10 sec: 31656 operations; 3165.6 current ops/sec; est completion in 1 day 13 hours [READ: Count=15689, Max=62527, Min=93, Avg=305.25, 90=454, 99=2073, 99.9=4351, 99.99=13183] [UPDATE: Count=15989, Max=8951, Min=101, Avg=299.39, 90=457, 99=1910, 99.9=3981, 99.99=5779] 
2025-02-05 03:13:06:177 20 sec: 78854 operations; 4719.8 current ops/sec; est completion in 1 day 6 hours [READ: Count=23659, Max=7467, Min=99, Avg=209.77, 90=322, 99=552, 99.9=762, 99.99=2591] [UPDATE: Count=23517, Max=3751, Min=96, Avg=207.36, 90=320, 99=551, 99.9=761, 99.99=2401] 
2025-02-05 03:13:16:177 30 sec: 123932 operations; 4507.8 current ops/sec; est completion in 1 day 4 hours [READ: Count=22627, Max=12903, Min=109, Avg=220.89, 90=378, 99=489, 99.9=613, 99.99=3323] [UPDATE: Count=22451, Max=3843, Min=117, Avg=218.65, 90=377, 99=492, 99.9=701, 99.99=3229] 
2025-02-05 03:13:26:177 40 sec: 150963 operations; 2703.1 current ops/sec; est completion in 1 day 7 hours [READ: Count=13371, Max=5467, Min=125, Avg=366.71, 90=466, 99=579, 99.9=775, 99.99=4267] [UPDATE: Count=13660, Max=5107, Min=123, Avg=368.23, 90=468, 99=579, 99.9=767, 99.99=3931] 
2025-02-05 03:13:36:177 50 sec: 177480 operations; 2651.7 current ops/sec; est completion in 1 day 9 hours [READ: Count=13335, Max=3441, Min=126, Avg=373.77, 90=489, 99=621, 99.9=805, 99.99=1510] [UPDATE: Count=13182, Max=7251, Min=127, Avg=375.04, 90=489, 99=624, 99.9=791, 99.99=3411] 
2025-02-05 03:13:46:177 60 sec: 214768 operations; 3728.8 current ops/sec; est completion in 1 day 9 hours [READ: Count=18707, Max=18031, Min=120, Avg=266.92, 90=444, 99=610, 99.9=937, 99.99=3209] [UPDATE: Count=18581, Max=3975, Min=111, Avg=264.97, 90=443, 99=610, 99.9=942, 99.99=1513] 
Maximum time elapsed. Requesting stop for the workload.
Stop requested for workload. Now Joining!
2025-02-05 03:13:47:189 61 sec: 220170 operations; 5337.94 current ops/sec; est completion in 1 day 9 hours [READ: Count=2685, Max=529, Min=112, Avg=184.44, 90=212, 99=303, 99.9=483, 99.99=529] [CLEANUP: Count=1, Max=1179, Min=1179, Avg=1179, 90=1179, 99=1179, 99.9=1179, 99.99=1179] [UPDATE: Count=2717, Max=5263, Min=119, Avg=185.42, 90=213, 99=285, 99.9=456, 99.99=5263] 
[OVERALL], RunTime(ms), 61020
[OVERALL], Throughput(ops/sec), 3608.1612586037363
[TOTAL_GCS_Copy], Count, 20
[TOTAL_GC_TIME_Copy], Time(ms), 25
[TOTAL_GC_TIME_%_Copy], Time(%), 0.04097017371353654
[TOTAL_GCS_MarkSweepCompact], Count, 0
[TOTAL_GC_TIME_MarkSweepCompact], Time(ms), 0
[TOTAL_GC_TIME_%_MarkSweepCompact], Time(%), 0.0
[TOTAL_GCs], Count, 20
[TOTAL_GC_TIME], Time(ms), 25
[TOTAL_GC_TIME_%], Time(%), 0.04097017371353654
[READ], Operations, 110073
[READ], AverageLatency(us), 273.69136845547956
[READ], MinLatency(us), 93
[READ], MaxLatency(us), 62527
[READ], 95thPercentileLatency(us), 480
[READ], 99thPercentileLatency(us), 613
[READ], Return=OK, 110073
[CLEANUP], Operations, 1
[CLEANUP], AverageLatency(us), 1179.0
[CLEANUP], MinLatency(us), 1179
[CLEANUP], MaxLatency(us), 1179
[CLEANUP], 95thPercentileLatency(us), 1179
[CLEANUP], 99thPercentileLatency(us), 1179
[UPDATE], Operations, 110097
[UPDATE], AverageLatency(us), 272.24672788541017
[UPDATE], MinLatency(us), 96
[UPDATE], MaxLatency(us), 8951
[UPDATE], 95thPercentileLatency(us), 481
[UPDATE], 99thPercentileLatency(us), 615
[UPDATE], Return=OK, 110097
AUTOTEST_DONE
