/nix/store/2vwkssqpzykk37r996cafq7x63imf4sp-openjdk-21+35/bin/java  -classpath /nix/store/zw02np72fzsmga6s5mphhw7x8qlzf4sv-ycsb-0.17.0/share/conf:/nix/store/zw02np72fzsmga6s5mphhw7x8qlzf4sv-ycsb-0.17.0/share/lib/core-0.17.0.jar:/nix/store/zw02np72fzsmga6s5mphhw7x8qlzf4sv-ycsb-0.17.0/share/lib/HdrHistogram-2.1.4.jar:/nix/store/zw02np72fzsmga6s5mphhw7x8qlzf4sv-ycsb-0.17.0/share/lib/htrace-core4-4.1.0-incubating.jar:/nix/store/zw02np72fzsmga6s5mphhw7x8qlzf4sv-ycsb-0.17.0/share/lib/jackson-core-asl-1.9.4.jar:/nix/store/zw02np72fzsmga6s5mphhw7x8qlzf4sv-ycsb-0.17.0/share/lib/jackson-mapper-asl-1.9.4.jar:/nix/store/zw02np72fzsmga6s5mphhw7x8qlzf4sv-ycsb-0.17.0/share/redis-binding/lib/commons-pool2-2.4.2.jar:/nix/store/zw02np72fzsmga6s5mphhw7x8qlzf4sv-ycsb-0.17.0/share/redis-binding/lib/jedis-2.9.0.jar:/nix/store/zw02np72fzsmga6s5mphhw7x8qlzf4sv-ycsb-0.17.0/share/redis-binding/lib/redis-binding-0.17.0.jar site.ycsb.Client -t -db site.ycsb.db.RedisClient -s -P /home/host/vmuxIO/test/moonprogs//../../ycsb/share/workloads/workloada -p redis.host=10.1.0.2 -p redis.port=6379 -p operationcount=429496729 -p maxexecutiontime=61 -threads 1
Command line: -t -db site.ycsb.db.RedisClient -s -P /home/host/vmuxIO/test/moonprogs//../../ycsb/share/workloads/workloada -p redis.host=10.1.0.2 -p redis.port=6379 -p operationcount=429496729 -p maxexecutiontime=61 -threads 1
YCSB Client 0.17.0

Loading workload...
Starting test.
Maximum execution time specified as: 61 secs
DBWrapper: report latency for each error is false and specific error codes to track for latency are: []
2024-06-26 11:25:34:509 0 sec: 0 operations; est completion in 0 second 
2024-06-26 11:25:44:343 10 sec: 72553 operations; 7255.3 current ops/sec; est completion in 16 hours 26 minutes [READ: Count=36417, Max=19183, Min=79, Avg=132.49, 90=158, 99=237, 99.9=1005, 99.99=5703] [UPDATE: Count=36160, Max=25727, Min=75, Avg=129.6, 90=157, 99=238, 99.9=1201, 99.99=4073] 
2024-06-26 11:25:54:343 20 sec: 155413 operations; 8286 current ops/sec; est completion in 15 hours 20 minutes [READ: Count=41538, Max=7111, Min=77, Avg=120.83, 90=147, 99=198, 99.9=281, 99.99=1028] [UPDATE: Count=41298, Max=2999, Min=72, Avg=116.55, 90=143, 99=192, 99.9=275, 99.99=611] 
2024-06-26 11:26:04:343 30 sec: 238836 operations; 8342.3 current ops/sec; est completion in 14 hours 58 minutes [READ: Count=41646, Max=7235, Min=75, Avg=120.25, 90=151, 99=202, 99.9=276, 99.99=1081] [UPDATE: Count=41777, Max=3925, Min=69, Avg=116.03, 90=146, 99=200, 99.9=273, 99.99=674] 
2024-06-26 11:26:14:343 40 sec: 325559 operations; 8672.3 current ops/sec; est completion in 14 hours 38 minutes [READ: Count=43205, Max=7883, Min=77, Avg=115.99, 90=142, 99=183, 99.9=271, 99.99=842] [UPDATE: Count=43518, Max=997, Min=75, Avg=111.63, 90=137, 99=177, 99.9=250, 99.99=464] 
2024-06-26 11:26:24:343 50 sec: 407983 operations; 8242.4 current ops/sec; est completion in 14 hours 36 minutes [READ: Count=41229, Max=619, Min=79, Avg=121.77, 90=151, 99=198, 99.9=265, 99.99=375] [UPDATE: Count=41195, Max=5215, Min=77, Avg=117.89, 90=147, 99=195, 99.9=269, 99.99=542] 
2024-06-26 11:26:34:343 60 sec: 492869 operations; 8488.6 current ops/sec; est completion in 14 hours 30 minutes [READ: Count=42348, Max=8759, Min=79, Avg=118.68, 90=146, 99=191, 99.9=256, 99.99=646] [UPDATE: Count=42538, Max=665, Min=77, Avg=113.88, 90=141, 99=185, 99.9=248, 99.99=426] 
Maximum time elapsed. Requesting stop for the workload.
Stop requested for workload. Now Joining!
2024-06-26 11:26:35:358 61 sec: 502772 operations; 9756.65 current ops/sec; est completion in 14 hours 27 minutes [READ: Count=5011, Max=1187, Min=80, Avg=102.02, 90=116, 99=134, 99.9=284, 99.99=321] [CLEANUP: Count=1, Max=2049, Min=2048, Avg=2049, 90=2049, 99=2049, 99.9=2049, 99.99=2049] [UPDATE: Count=4892, Max=4379, Min=77, Avg=98.72, 90=112, 99=130, 99.9=171, 99.99=4379] 
[OVERALL], RunTime(ms), 61021
[OVERALL], Throughput(ops/sec), 8239.327444650202
[TOTAL_GCS_Copy], Count, 46
[TOTAL_GC_TIME_Copy], Time(ms), 39
[TOTAL_GC_TIME_%_Copy], Time(%), 0.06391242359187821
[TOTAL_GCS_MarkSweepCompact], Count, 0
[TOTAL_GC_TIME_MarkSweepCompact], Time(ms), 0
[TOTAL_GC_TIME_%_MarkSweepCompact], Time(%), 0.0
[TOTAL_GCs], Count, 46
[TOTAL_GC_TIME], Time(ms), 39
[TOTAL_GC_TIME_%], Time(%), 0.06391242359187821
[READ], Operations, 251394
[READ], AverageLatency(us), 121.01029061950564
[READ], MinLatency(us), 75
[READ], MaxLatency(us), 19183
[READ], 95thPercentileLatency(us), 164
[READ], 99thPercentileLatency(us), 202
[READ], Return=OK, 251394
[CLEANUP], Operations, 1
[CLEANUP], AverageLatency(us), 2049.0
[CLEANUP], MinLatency(us), 2048
[CLEANUP], MaxLatency(us), 2049
[CLEANUP], 95thPercentileLatency(us), 2049
[CLEANUP], 99thPercentileLatency(us), 2049
[UPDATE], Operations, 251378
[UPDATE], AverageLatency(us), 116.91108211538003
[UPDATE], MinLatency(us), 69
[UPDATE], MaxLatency(us), 25727
[UPDATE], 95thPercentileLatency(us), 160
[UPDATE], 99thPercentileLatency(us), 199
[UPDATE], Return=OK, 251378
AUTOTEST_DONE
