/nix/store/2vwkssqpzykk37r996cafq7x63imf4sp-openjdk-21+35/bin/java  -classpath /nix/store/zw02np72fzsmga6s5mphhw7x8qlzf4sv-ycsb-0.17.0/share/conf:/nix/store/zw02np72fzsmga6s5mphhw7x8qlzf4sv-ycsb-0.17.0/share/lib/core-0.17.0.jar:/nix/store/zw02np72fzsmga6s5mphhw7x8qlzf4sv-ycsb-0.17.0/share/lib/HdrHistogram-2.1.4.jar:/nix/store/zw02np72fzsmga6s5mphhw7x8qlzf4sv-ycsb-0.17.0/share/lib/htrace-core4-4.1.0-incubating.jar:/nix/store/zw02np72fzsmga6s5mphhw7x8qlzf4sv-ycsb-0.17.0/share/lib/jackson-core-asl-1.9.4.jar:/nix/store/zw02np72fzsmga6s5mphhw7x8qlzf4sv-ycsb-0.17.0/share/lib/jackson-mapper-asl-1.9.4.jar:/nix/store/zw02np72fzsmga6s5mphhw7x8qlzf4sv-ycsb-0.17.0/share/redis-binding/lib/commons-pool2-2.4.2.jar:/nix/store/zw02np72fzsmga6s5mphhw7x8qlzf4sv-ycsb-0.17.0/share/redis-binding/lib/jedis-2.9.0.jar:/nix/store/zw02np72fzsmga6s5mphhw7x8qlzf4sv-ycsb-0.17.0/share/redis-binding/lib/redis-binding-0.17.0.jar site.ycsb.Client -t -db site.ycsb.db.RedisClient -s -P /home/host/vmuxIO/test/moonprogs//../../ycsb/share/workloads/workloada -p redis.host=10.1.0.2 -p redis.port=6381 -p operationcount=429496729 -p maxexecutiontime=61 -threads 1
Command line: -t -db site.ycsb.db.RedisClient -s -P /home/host/vmuxIO/test/moonprogs//../../ycsb/share/workloads/workloada -p redis.host=10.1.0.2 -p redis.port=6381 -p operationcount=429496729 -p maxexecutiontime=61 -threads 1
YCSB Client 0.17.0

Loading workload...
Starting test.
Maximum execution time specified as: 61 secs
DBWrapper: report latency for each error is false and specific error codes to track for latency are: []
2025-04-18 13:52:45:232 0 sec: 0 operations; est completion in 0 second 
2025-04-18 13:52:55:073 10 sec: 6033 operations; 603.24 current ops/sec; est completion in 8 days 5 hours [READ: Count=3015, Max=24543, Min=487, Avg=1607.99, 90=2721, 99=5375, 99.9=8007, 99.99=24543] [UPDATE: Count=3046, Max=25519, Min=436, Avg=1604.33, 90=2603, 99=5487, 99.9=12239, 99.99=25519] 
2025-04-18 13:53:05:073 20 sec: 11455 operations; 542.2 current ops/sec; est completion in 8 days 16 hours [READ: Count=2709, Max=28751, Min=476, Avg=1837.64, 90=4435, 99=6783, 99.9=9175, 99.99=28751] [UPDATE: Count=2685, Max=16031, Min=492, Avg=1824.05, 90=4427, 99=6179, 99.9=10047, 99.99=16031] 
2025-04-18 13:53:15:074 30 sec: 18865 operations; 741 current ops/sec; est completion in 7 days 21 hours [READ: Count=3662, Max=17487, Min=470, Avg=1343.94, 90=1855, 99=5007, 99.9=6915, 99.99=17487] [UPDATE: Count=3748, Max=13431, Min=490, Avg=1343.38, 90=1856, 99=5107, 99.9=6647, 99.99=13431] 
2025-04-18 13:53:25:073 40 sec: 27211 operations; 834.6 current ops/sec; est completion in 7 days 7 hours [READ: Count=4196, Max=7679, Min=434, Avg=1198.66, 90=1684, 99=2529, 99.9=4991, 99.99=7679] [UPDATE: Count=4150, Max=10111, Min=459, Avg=1187.14, 90=1663, 99=2375, 99.9=4923, 99.99=10111] 
2025-04-18 13:53:35:073 50 sec: 34050 operations; 683.97 current ops/sec; est completion in 7 days 7 hours [READ: Count=3372, Max=17423, Min=469, Avg=1456.2, 90=2027, 99=3117, 99.9=5291, 99.99=17423] [UPDATE: Count=3467, Max=10687, Min=580, Avg=1452.15, 90=2029, 99=2905, 99.9=5327, 99.99=10687] 
2025-04-18 13:53:45:073 60 sec: 42083 operations; 803.3 current ops/sec; est completion in 7 days 2 hours [READ: Count=4026, Max=10647, Min=480, Avg=1242.72, 90=1769, 99=2673, 99.9=5291, 99.99=10647] [UPDATE: Count=4007, Max=23823, Min=475, Avg=1236.22, 90=1733, 99=2875, 99.9=8783, 99.99=23823] 
Maximum time elapsed. Requesting stop for the workload.
Stop requested for workload. Now Joining!
2025-04-18 13:53:46:084 61 sec: 42961 operations; 867.59 current ops/sec; est completion in 7 days 1 hour [READ: Count=461, Max=16639, Min=432, Avg=1144.65, 90=1491, 99=2371, 99.9=16639, 99.99=16639] [CLEANUP: Count=1, Max=4611, Min=4608, Avg=4610, 90=4611, 99=4611, 99.9=4611, 99.99=4611] [UPDATE: Count=417, Max=7639, Min=458, Avg=1139.81, 90=1490, 99=2127, 99.9=7639, 99.99=7639] 
[OVERALL], RunTime(ms), 61017
[OVERALL], Throughput(ops/sec), 704.0824688201649
[TOTAL_GCS_Copy], Count, 4
[TOTAL_GC_TIME_Copy], Time(ms), 18
[TOTAL_GC_TIME_%_Copy], Time(%), 0.029499975416687155
[TOTAL_GCS_MarkSweepCompact], Count, 0
[TOTAL_GC_TIME_MarkSweepCompact], Time(ms), 0
[TOTAL_GC_TIME_%_MarkSweepCompact], Time(%), 0.0
[TOTAL_GCs], Count, 4
[TOTAL_GC_TIME], Time(ms), 18
[TOTAL_GC_TIME_%], Time(%), 0.029499975416687155
[READ], Operations, 21441
[READ], AverageLatency(us), 1409.381745254419
[READ], MinLatency(us), 432
[READ], MaxLatency(us), 28751
[READ], 95thPercentileLatency(us), 2623
[READ], 99thPercentileLatency(us), 5051
[READ], Return=OK, 21441
[CLEANUP], Operations, 1
[CLEANUP], AverageLatency(us), 4610.0
[CLEANUP], MinLatency(us), 4608
[CLEANUP], MaxLatency(us), 4611
[CLEANUP], 95thPercentileLatency(us), 4611
[CLEANUP], 99thPercentileLatency(us), 4611
[UPDATE], Operations, 21520
[UPDATE], AverageLatency(us), 1403.7849442379181
[UPDATE], MinLatency(us), 436
[UPDATE], MaxLatency(us), 25519
[UPDATE], 95thPercentileLatency(us), 2601
[UPDATE], 99thPercentileLatency(us), 5075
[UPDATE], Return=OK, 21520
AUTOTEST_DONE
