EAL: Detected CPU lcores: 24
EAL: Detected NUMA nodes: 1
EAL: Static memory layout is selected, amount of reserved memory can be adjusted with -m or --socket-mem
EAL: Detected shared linkage of DPDK
EAL: Multi-process socket /var/run/dpdk/rte/mp_socket
EAL: Selected IOVA mode 'VA'
EAL: 512 hugepages of size 2097152 reserved, but no mounted hugetlbfs found for that size
EAL: VFIO support initialized
EAL: Using IOMMU type 1 (Type 1)
EAL: Ignore mapping IO port bar(1)
EAL: Ignore mapping IO port bar(4)
EAL: Probe PCI driver: net_ice (8086:1592) device: 0000:51:00.0 (socket 0)
ice_load_pkg_type(): Active package is: 1.3.26.0, ICE OS Default Package (single VLAN mode)
TELEMETRY: No legacy callbacks, legacy socket not created
[1;33m[WARN]  malloc() allocates objects >= 1 MiB from LuaJIT memory space.[0m
[1;33m[WARN]  Install libjemalloc if you encounter out of memory errors.[0m
[1;37m[INFO]  Initializing DPDK. This will take a few seconds...[0m
[1;37m[INFO]  Found 1 usable devices:[0m
   Device 0: B4:96:91:B3:8B:04 ([0;32mIntel Corporation Ethernet Controller E810-C for QSFP[0m)
[1;37m[INFO]  Waiting for devices to come up...[0m
[1;37m[INFO]  Device 0 (B4:96:91:B3:8B:04) is up: full-duplex 100000 MBit/s[0m
[1;37m[INFO]  [0;32m1 device is up.[0m[0m
[1;36m[Device: id=0] RX[0m: 13.24 Mpps, 13556 Mbit/s (15674 Mbit/s with framing)
[0;34m[Device: id=0] TX[0m: 26.20 Mpps, 26833 Mbit/s (31026 Mbit/s with framing)
[1;36m[Device: id=0] RX[0m: 13.21 Mpps, 13531 Mbit/s (15645 Mbit/s with framing)
[0;34m[Device: id=0] TX[0m: 26.21 Mpps, 26834 Mbit/s (31027 Mbit/s with framing)
[1;36m[Device: id=0] RX[0m: 13.21 Mpps, 13527 Mbit/s (15641 Mbit/s with framing)
[0;34m[Device: id=0] TX[0m: 26.21 Mpps, 26834 Mbit/s (31027 Mbit/s with framing)
[1;36m[Device: id=0] RX[0m: 13.07 Mpps, 13388 Mbit/s (15480 Mbit/s with framing)
[0;34m[Device: id=0] TX[0m: 26.21 Mpps, 26834 Mbit/s (31027 Mbit/s with framing)
[1;36m[Device: id=0] RX[0m: 13.07 Mpps, 13383 Mbit/s (15474 Mbit/s with framing)
[0;34m[Device: id=0] TX[0m: 26.21 Mpps, 26834 Mbit/s (31027 Mbit/s with framing)
[1;36m[Device: id=0] RX[0m: 13.07 Mpps, 13382 Mbit/s (15473 Mbit/s with framing)
[0;34m[Device: id=0] TX[0m: 26.21 Mpps, 26834 Mbit/s (31027 Mbit/s with framing)
[1;36m[Device: id=0] RX[0m: 13.25 Mpps, 13566 Mbit/s (15686 Mbit/s with framing)
[0;34m[Device: id=0] TX[0m: 26.21 Mpps, 26834 Mbit/s (31027 Mbit/s with framing)
[1;36m[Device: id=0] RX[0m: 13.10 Mpps, 13411 Mbit/s (15506 Mbit/s with framing)
[0;34m[Device: id=0] TX[0m: 26.21 Mpps, 26834 Mbit/s (31027 Mbit/s with framing)
[1;36m[Device: id=0] RX[0m: 13.19 Mpps, 13509 Mbit/s (15619 Mbit/s with framing)
[0;34m[Device: id=0] TX[0m: 26.21 Mpps, 26834 Mbit/s (31027 Mbit/s with framing)
[1;36m[Device: id=0] RX[0m: 13.11 Mpps, 13420 Mbit/s (15517 Mbit/s with framing)
[0;34m[Device: id=0] TX[0m: 26.21 Mpps, 26834 Mbit/s (31027 Mbit/s with framing)
[1;36m[Device: id=0] RX[0m: 13.06 Mpps, 13372 Mbit/s (15462 Mbit/s with framing)
[0;34m[Device: id=0] TX[0m: 26.21 Mpps, 26834 Mbit/s (31027 Mbit/s with framing)
[1;36m[Device: id=0] RX[0m: 13.05 Mpps, 13362 Mbit/s (15449 Mbit/s with framing)
[0;34m[Device: id=0] TX[0m: 26.21 Mpps, 26834 Mbit/s (31027 Mbit/s with framing)
[1;36m[Device: id=0] RX[0m: 13.07 Mpps, 13379 Mbit/s (15470 Mbit/s with framing)
[0;34m[Device: id=0] TX[0m: 26.21 Mpps, 26834 Mbit/s (31027 Mbit/s with framing)
[1;36m[Device: id=0] RX[0m: 13.04 Mpps, 13355 Mbit/s (15442 Mbit/s with framing)
[0;34m[Device: id=0] TX[0m: 26.21 Mpps, 26834 Mbit/s (31027 Mbit/s with framing)
[1;36m[Device: id=0] RX[0m: 13.05 Mpps, 13363 Mbit/s (15451 Mbit/s with framing)
[0;34m[Device: id=0] TX[0m: 26.21 Mpps, 26834 Mbit/s (31027 Mbit/s with framing)
[1;36m[Device: id=0] RX[0m: 12.91 Mpps, 13220 Mbit/s (15285 Mbit/s with framing)
[0;34m[Device: id=0] TX[0m: 26.21 Mpps, 26834 Mbit/s (31027 Mbit/s with framing)
[1;36m[Device: id=0] RX[0m: 13.18 Mpps, 13500 Mbit/s (15609 Mbit/s with framing)
[0;34m[Device: id=0] TX[0m: 26.21 Mpps, 26834 Mbit/s (31027 Mbit/s with framing)
[1;36m[Device: id=0] RX[0m: 13.04 Mpps, 13350 Mbit/s (15436 Mbit/s with framing)
[0;34m[Device: id=0] TX[0m: 26.21 Mpps, 26834 Mbit/s (31027 Mbit/s with framing)
[1;36m[Device: id=0] RX[0m: 13.06 Mpps, 13374 Mbit/s (15464 Mbit/s with framing)
[0;34m[Device: id=0] TX[0m: 26.21 Mpps, 26834 Mbit/s (31027 Mbit/s with framing)
[1;36m[Device: id=0] RX[0m: 13.03 Mpps, 13344 Mbit/s (15429 Mbit/s with framing)
[0;34m[Device: id=0] TX[0m: 26.21 Mpps, 26834 Mbit/s (31027 Mbit/s with framing)
[1;36m[Device: id=0] RX[0m: 13.21 Mpps, 13528 Mbit/s (15642 Mbit/s with framing)
[0;34m[Device: id=0] TX[0m: 26.21 Mpps, 26835 Mbit/s (31027 Mbit/s with framing)
[1;36m[Device: id=0] RX[0m: 13.03 Mpps, 13347 Mbit/s (15433 Mbit/s with framing)
[0;34m[Device: id=0] TX[0m: 26.21 Mpps, 26834 Mbit/s (31027 Mbit/s with framing)
[1;36m[Device: id=0] RX[0m: 13.36 Mpps, 13685 Mbit/s (15823 Mbit/s with framing)
[0;34m[Device: id=0] TX[0m: 26.21 Mpps, 26834 Mbit/s (31027 Mbit/s with framing)
[1;36m[Device: id=0] RX[0m: 12.90 Mpps, 13213 Mbit/s (15278 Mbit/s with framing)
[0;34m[Device: id=0] TX[0m: 26.21 Mpps, 26834 Mbit/s (31027 Mbit/s with framing)
[1;36m[Device: id=0] RX[0m: 13.04 Mpps, 13358 Mbit/s (15445 Mbit/s with framing)
[0;34m[Device: id=0] TX[0m: 26.21 Mpps, 26834 Mbit/s (31027 Mbit/s with framing)
[1;36m[Device: id=0] RX[0m: 13.04 Mpps, 13357 Mbit/s (15444 Mbit/s with framing)
[0;34m[Device: id=0] TX[0m: 26.20 Mpps, 26832 Mbit/s (31025 Mbit/s with framing)
[1;36m[Device: id=0] RX[0m: 13.29 Mpps, 13608 Mbit/s (15734 Mbit/s with framing)
[0;34m[Device: id=0] TX[0m: 26.21 Mpps, 26834 Mbit/s (31027 Mbit/s with framing)
[1;36m[Device: id=0] RX[0m: 13.13 Mpps, 13442 Mbit/s (15543 Mbit/s with framing)
[0;34m[Device: id=0] TX[0m: 26.21 Mpps, 26834 Mbit/s (31027 Mbit/s with framing)
[1;36m[Device: id=0] RX[0m: 12.83 Mpps, 13143 Mbit/s (15196 Mbit/s with framing)
[0;34m[Device: id=0] TX[0m: 26.21 Mpps, 26834 Mbit/s (31027 Mbit/s with framing)
Samples: 1710, Average: 46640.1 ns, StdDev: 2547.1 ns, Quartiles: 45654.0/46819.0/47836.0 ns
[1;37m[INFO]  Saving histogram to '/tmp/histogram.csv'[0m
[1;36m[Device: id=0] RX[0m: 10.51 Mpps, 10757 Mbit/s (12438 Mbit/s with framing)
[1;36m[Device: id=0] RX[0m: 13.00 (StdDev 0.49) Mpps, 13316 (StdDev 506) Mbit/s (15397 Mbit/s with framing), total 392415965 packets with 50229133844 bytes (incl. CRC)
[0;34m[Device: id=0] TX[0m: 26.21 (StdDev 0.00) Mpps, 26834 (StdDev 0) Mbit/s (31027 Mbit/s with framing), total 785504202 packets with 100544339136 bytes (incl. CRC)
