EAL: Detected CPU lcores: 24
EAL: Detected NUMA nodes: 1
EAL: Static memory layout is selected, amount of reserved memory can be adjusted with -m or --socket-mem
EAL: Detected shared linkage of DPDK
EAL: Multi-process socket /var/run/dpdk/rte/mp_socket
EAL: Selected IOVA mode 'VA'
EAL: 512 hugepages of size 2097152 reserved, but no mounted hugetlbfs found for that size
EAL: VFIO support initialized
EAL: Using IOMMU type 1 (Type 1)
EAL: Ignore mapping IO port bar(1)
EAL: Ignore mapping IO port bar(4)
EAL: Probe PCI driver: net_ice (8086:1592) device: 0000:51:00.0 (socket 0)
ice_load_pkg_type(): Active package is: 1.3.26.0, ICE OS Default Package (single VLAN mode)
TELEMETRY: No legacy callbacks, legacy socket not created
[1;33m[WARN]  malloc() allocates objects >= 1 MiB from LuaJIT memory space.[0m
[1;33m[WARN]  Install libjemalloc if you encounter out of memory errors.[0m
[1;37m[INFO]  Initializing DPDK. This will take a few seconds...[0m
[1;37m[INFO]  Found 1 usable devices:[0m
   Device 0: B4:96:91:B3:8B:04 ([0;32mIntel Corporation Ethernet Controller E810-C for QSFP[0m)
[1;37m[INFO]  Waiting for devices to come up...[0m
[1;37m[INFO]  Device 0 (B4:96:91:B3:8B:04) is up: full-duplex 100000 MBit/s[0m
[1;37m[INFO]  [0;32m1 device is up.[0m[0m
[1;36m[Device: id=0] RX[0m: 12.76 Mpps, 6531 Mbit/s (8572 Mbit/s with framing)
[0;34m[Device: id=0] TX[0m: 36.85 Mpps, 18865 Mbit/s (24760 Mbit/s with framing)
[1;36m[Device: id=0] RX[0m: 12.76 Mpps, 6532 Mbit/s (8573 Mbit/s with framing)
[0;34m[Device: id=0] TX[0m: 36.85 Mpps, 18866 Mbit/s (24761 Mbit/s with framing)
[1;36m[Device: id=0] RX[0m: 12.60 Mpps, 6451 Mbit/s (8467 Mbit/s with framing)
[0;34m[Device: id=0] TX[0m: 36.84 Mpps, 18864 Mbit/s (24760 Mbit/s with framing)
[1;36m[Device: id=0] RX[0m: 12.41 Mpps, 6355 Mbit/s (8341 Mbit/s with framing)
[0;34m[Device: id=0] TX[0m: 36.85 Mpps, 18866 Mbit/s (24761 Mbit/s with framing)
[1;36m[Device: id=0] RX[0m: 12.60 Mpps, 6451 Mbit/s (8466 Mbit/s with framing)
[0;34m[Device: id=0] TX[0m: 36.85 Mpps, 18866 Mbit/s (24761 Mbit/s with framing)
[1;36m[Device: id=0] RX[0m: 12.61 Mpps, 6458 Mbit/s (8476 Mbit/s with framing)
[0;34m[Device: id=0] TX[0m: 36.85 Mpps, 18866 Mbit/s (24761 Mbit/s with framing)
[1;36m[Device: id=0] RX[0m: 12.64 Mpps, 6471 Mbit/s (8493 Mbit/s with framing)
[0;34m[Device: id=0] TX[0m: 36.85 Mpps, 18866 Mbit/s (24761 Mbit/s with framing)
[1;36m[Device: id=0] RX[0m: 12.76 Mpps, 6532 Mbit/s (8574 Mbit/s with framing)
[0;34m[Device: id=0] TX[0m: 36.85 Mpps, 18866 Mbit/s (24761 Mbit/s with framing)
[1;36m[Device: id=0] RX[0m: 12.60 Mpps, 6453 Mbit/s (8469 Mbit/s with framing)
[0;34m[Device: id=0] TX[0m: 36.85 Mpps, 18866 Mbit/s (24761 Mbit/s with framing)
[1;36m[Device: id=0] RX[0m: 12.62 Mpps, 6462 Mbit/s (8481 Mbit/s with framing)
[0;34m[Device: id=0] TX[0m: 36.85 Mpps, 18866 Mbit/s (24761 Mbit/s with framing)
[1;36m[Device: id=0] RX[0m: 12.59 Mpps, 6448 Mbit/s (8463 Mbit/s with framing)
[0;34m[Device: id=0] TX[0m: 36.85 Mpps, 18866 Mbit/s (24761 Mbit/s with framing)
[1;36m[Device: id=0] RX[0m: 12.59 Mpps, 6449 Mbit/s (8464 Mbit/s with framing)
[0;34m[Device: id=0] TX[0m: 36.84 Mpps, 18864 Mbit/s (24759 Mbit/s with framing)
[1;36m[Device: id=0] RX[0m: 12.79 Mpps, 6548 Mbit/s (8594 Mbit/s with framing)
[0;34m[Device: id=0] TX[0m: 36.85 Mpps, 18866 Mbit/s (24761 Mbit/s with framing)
[1;36m[Device: id=0] RX[0m: 12.62 Mpps, 6463 Mbit/s (8483 Mbit/s with framing)
[0;34m[Device: id=0] TX[0m: 36.85 Mpps, 18866 Mbit/s (24761 Mbit/s with framing)
[1;36m[Device: id=0] RX[0m: 12.43 Mpps, 6362 Mbit/s (8350 Mbit/s with framing)
[0;34m[Device: id=0] TX[0m: 36.85 Mpps, 18866 Mbit/s (24761 Mbit/s with framing)
[1;36m[Device: id=0] RX[0m: 12.44 Mpps, 6369 Mbit/s (8359 Mbit/s with framing)
[0;34m[Device: id=0] TX[0m: 36.85 Mpps, 18866 Mbit/s (24761 Mbit/s with framing)
[1;36m[Device: id=0] RX[0m: 12.62 Mpps, 6459 Mbit/s (8478 Mbit/s with framing)
[0;34m[Device: id=0] TX[0m: 36.85 Mpps, 18866 Mbit/s (24761 Mbit/s with framing)
[1;36m[Device: id=0] RX[0m: 12.62 Mpps, 6463 Mbit/s (8482 Mbit/s with framing)
[0;34m[Device: id=0] TX[0m: 36.85 Mpps, 18866 Mbit/s (24761 Mbit/s with framing)
[1;36m[Device: id=0] RX[0m: 12.77 Mpps, 6538 Mbit/s (8581 Mbit/s with framing)
[0;34m[Device: id=0] TX[0m: 36.85 Mpps, 18866 Mbit/s (24761 Mbit/s with framing)
[1;36m[Device: id=0] RX[0m: 12.57 Mpps, 6438 Mbit/s (8450 Mbit/s with framing)
[0;34m[Device: id=0] TX[0m: 36.85 Mpps, 18866 Mbit/s (24761 Mbit/s with framing)
[1;36m[Device: id=0] RX[0m: 12.57 Mpps, 6438 Mbit/s (8450 Mbit/s with framing)
[0;34m[Device: id=0] TX[0m: 36.85 Mpps, 18866 Mbit/s (24761 Mbit/s with framing)
[1;36m[Device: id=0] RX[0m: 12.56 Mpps, 6433 Mbit/s (8443 Mbit/s with framing)
[0;34m[Device: id=0] TX[0m: 36.85 Mpps, 18866 Mbit/s (24761 Mbit/s with framing)
[1;36m[Device: id=0] RX[0m: 12.79 Mpps, 6550 Mbit/s (8597 Mbit/s with framing)
[0;34m[Device: id=0] TX[0m: 36.85 Mpps, 18866 Mbit/s (24761 Mbit/s with framing)
[1;36m[Device: id=0] RX[0m: 12.43 Mpps, 6366 Mbit/s (8356 Mbit/s with framing)
[0;34m[Device: id=0] TX[0m: 36.85 Mpps, 18866 Mbit/s (24761 Mbit/s with framing)
[1;36m[Device: id=0] RX[0m: 12.61 Mpps, 6454 Mbit/s (8471 Mbit/s with framing)
[0;34m[Device: id=0] TX[0m: 36.85 Mpps, 18866 Mbit/s (24761 Mbit/s with framing)
[1;36m[Device: id=0] RX[0m: 12.44 Mpps, 6370 Mbit/s (8361 Mbit/s with framing)
[0;34m[Device: id=0] TX[0m: 36.85 Mpps, 18866 Mbit/s (24761 Mbit/s with framing)
[1;36m[Device: id=0] RX[0m: 12.43 Mpps, 6363 Mbit/s (8351 Mbit/s with framing)
[0;34m[Device: id=0] TX[0m: 36.85 Mpps, 18866 Mbit/s (24761 Mbit/s with framing)
[1;36m[Device: id=0] RX[0m: 12.76 Mpps, 6535 Mbit/s (8578 Mbit/s with framing)
[0;34m[Device: id=0] TX[0m: 36.83 Mpps, 18855 Mbit/s (24748 Mbit/s with framing)
[1;36m[Device: id=0] RX[0m: 12.42 Mpps, 6359 Mbit/s (8346 Mbit/s with framing)
[0;34m[Device: id=0] TX[0m: 36.85 Mpps, 18866 Mbit/s (24761 Mbit/s with framing)
Samples: 657, Average: 48658.6 ns, StdDev: 2807.1 ns, Quartiles: 47818.0/48601.0/49494.0 ns
[1;37m[INFO]  Saving histogram to '/tmp/histogram.csv'[0m
[1;36m[Device: id=0] RX[0m: 10.29 Mpps, 5266 Mbit/s (6912 Mbit/s with framing)
[1;36m[Device: id=0] RX[0m: 12.52 (StdDev 0.44) Mpps, 6408 (StdDev 228) Mbit/s (8411 Mbit/s with framing), total 377605027 packets with 24166721812 bytes (incl. CRC)
[0;34m[Device: id=0] TX[0m: 36.85 (StdDev 0.00) Mpps, 18865 (StdDev 2) Mbit/s (24761 Mbit/s with framing), total 1104547485 packets with 70691041088 bytes (incl. CRC)
