EAL: Detected CPU lcores: 24
EAL: Detected NUMA nodes: 1
EAL: Static memory layout is selected, amount of reserved memory can be adjusted with -m or --socket-mem
EAL: Detected shared linkage of DPDK
EAL: Multi-process socket /var/run/dpdk/rte/mp_socket
EAL: Selected IOVA mode 'VA'
EAL: 512 hugepages of size 2097152 reserved, but no mounted hugetlbfs found for that size
EAL: VFIO support initialized
EAL: Using IOMMU type 1 (Type 1)
EAL: Ignore mapping IO port bar(1)
EAL: Ignore mapping IO port bar(4)
EAL: Probe PCI driver: net_ice (8086:1592) device: 0000:51:00.0 (socket 0)
ice_load_pkg_type(): Active package is: 1.3.26.0, ICE OS Default Package (single VLAN mode)
TELEMETRY: No legacy callbacks, legacy socket not created
[1;33m[WARN]  malloc() allocates objects >= 1 MiB from LuaJIT memory space.[0m
[1;33m[WARN]  Install libjemalloc if you encounter out of memory errors.[0m
[1;37m[INFO]  Initializing DPDK. This will take a few seconds...[0m
[1;37m[INFO]  Found 1 usable devices:[0m
   Device 0: B4:96:91:B3:8B:04 ([0;32mIntel Corporation Ethernet Controller E810-C for QSFP[0m)
[1;37m[INFO]  Waiting for devices to come up...[0m
[1;37m[INFO]  Device 0 (B4:96:91:B3:8B:04) is up: full-duplex 100000 MBit/s[0m
[1;37m[INFO]  [0;32m1 device is up.[0m[0m
Could not set max bandwidth limit for queue 0!
[1;36m[Device: id=0] RX[0m: 13.91 Mpps, 56982 Mbit/s (59208 Mbit/s with framing)
[0;34m[Device: id=0] TX[0m: 23.49 Mpps, 96233 Mbit/s (99992 Mbit/s with framing)
[1;36m[Device: id=0] RX[0m: 13.77 Mpps, 56400 Mbit/s (58603 Mbit/s with framing)
[0;34m[Device: id=0] TX[0m: 23.49 Mpps, 96235 Mbit/s (99994 Mbit/s with framing)
[1;36m[Device: id=0] RX[0m: 14.02 Mpps, 57446 Mbit/s (59690 Mbit/s with framing)
[0;34m[Device: id=0] TX[0m: 23.49 Mpps, 96235 Mbit/s (99994 Mbit/s with framing)
[1;36m[Device: id=0] RX[0m: 13.84 Mpps, 56700 Mbit/s (58915 Mbit/s with framing)
[0;34m[Device: id=0] TX[0m: 23.49 Mpps, 96235 Mbit/s (99994 Mbit/s with framing)
[1;36m[Device: id=0] RX[0m: 14.04 Mpps, 57489 Mbit/s (59735 Mbit/s with framing)
[0;34m[Device: id=0] TX[0m: 23.49 Mpps, 96235 Mbit/s (99994 Mbit/s with framing)
[1;36m[Device: id=0] RX[0m: 14.03 Mpps, 57485 Mbit/s (59730 Mbit/s with framing)
[0;34m[Device: id=0] TX[0m: 23.49 Mpps, 96235 Mbit/s (99994 Mbit/s with framing)
[1;36m[Device: id=0] RX[0m: 13.69 Mpps, 56065 Mbit/s (58255 Mbit/s with framing)
[0;34m[Device: id=0] TX[0m: 23.49 Mpps, 96235 Mbit/s (99994 Mbit/s with framing)
[1;36m[Device: id=0] RX[0m: 13.01 Mpps, 53292 Mbit/s (55374 Mbit/s with framing)
[0;34m[Device: id=0] TX[0m: 23.49 Mpps, 96235 Mbit/s (99994 Mbit/s with framing)
[1;36m[Device: id=0] RX[0m: 13.78 Mpps, 56424 Mbit/s (58628 Mbit/s with framing)
[0;34m[Device: id=0] TX[0m: 23.49 Mpps, 96235 Mbit/s (99994 Mbit/s with framing)
[1;36m[Device: id=0] RX[0m: 13.58 Mpps, 55635 Mbit/s (57808 Mbit/s with framing)
[0;34m[Device: id=0] TX[0m: 23.49 Mpps, 96235 Mbit/s (99994 Mbit/s with framing)
[1;36m[Device: id=0] RX[0m: 13.82 Mpps, 56609 Mbit/s (58820 Mbit/s with framing)
[0;34m[Device: id=0] TX[0m: 23.50 Mpps, 96236 Mbit/s (99995 Mbit/s with framing)
[1;36m[Device: id=0] RX[0m: 13.64 Mpps, 55888 Mbit/s (58072 Mbit/s with framing)
[0;34m[Device: id=0] TX[0m: 23.49 Mpps, 96234 Mbit/s (99993 Mbit/s with framing)
[1;36m[Device: id=0] RX[0m: 14.02 Mpps, 57427 Mbit/s (59671 Mbit/s with framing)
[0;34m[Device: id=0] TX[0m: 23.49 Mpps, 96235 Mbit/s (99994 Mbit/s with framing)
[1;36m[Device: id=0] RX[0m: 13.88 Mpps, 56840 Mbit/s (59061 Mbit/s with framing)
[0;34m[Device: id=0] TX[0m: 23.49 Mpps, 96235 Mbit/s (99994 Mbit/s with framing)
[1;36m[Device: id=0] RX[0m: 13.57 Mpps, 55565 Mbit/s (57735 Mbit/s with framing)
[0;34m[Device: id=0] TX[0m: 23.49 Mpps, 96235 Mbit/s (99994 Mbit/s with framing)
[1;36m[Device: id=0] RX[0m: 13.86 Mpps, 56774 Mbit/s (58991 Mbit/s with framing)
[0;34m[Device: id=0] TX[0m: 23.49 Mpps, 96235 Mbit/s (99994 Mbit/s with framing)
[1;36m[Device: id=0] RX[0m: 13.70 Mpps, 56096 Mbit/s (58287 Mbit/s with framing)
[0;34m[Device: id=0] TX[0m: 23.49 Mpps, 96235 Mbit/s (99994 Mbit/s with framing)
[1;36m[Device: id=0] RX[0m: 13.33 Mpps, 54613 Mbit/s (56746 Mbit/s with framing)
[0;34m[Device: id=0] TX[0m: 23.49 Mpps, 96235 Mbit/s (99994 Mbit/s with framing)
[1;36m[Device: id=0] RX[0m: 13.67 Mpps, 55977 Mbit/s (58163 Mbit/s with framing)
[0;34m[Device: id=0] TX[0m: 23.49 Mpps, 96235 Mbit/s (99994 Mbit/s with framing)
[1;36m[Device: id=0] RX[0m: 13.73 Mpps, 56242 Mbit/s (58439 Mbit/s with framing)
[0;34m[Device: id=0] TX[0m: 23.49 Mpps, 96234 Mbit/s (99993 Mbit/s with framing)
[1;36m[Device: id=0] RX[0m: 13.70 Mpps, 56116 Mbit/s (58308 Mbit/s with framing)
[0;34m[Device: id=0] TX[0m: 23.49 Mpps, 96235 Mbit/s (99994 Mbit/s with framing)
[1;36m[Device: id=0] RX[0m: 13.64 Mpps, 55878 Mbit/s (58061 Mbit/s with framing)
[0;34m[Device: id=0] TX[0m: 23.49 Mpps, 96235 Mbit/s (99994 Mbit/s with framing)
[1;36m[Device: id=0] RX[0m: 13.58 Mpps, 55625 Mbit/s (57798 Mbit/s with framing)
[0;34m[Device: id=0] TX[0m: 23.50 Mpps, 96236 Mbit/s (99995 Mbit/s with framing)
[1;36m[Device: id=0] RX[0m: 13.73 Mpps, 56240 Mbit/s (58437 Mbit/s with framing)
[0;34m[Device: id=0] TX[0m: 23.49 Mpps, 96234 Mbit/s (99993 Mbit/s with framing)
[1;36m[Device: id=0] RX[0m: 13.76 Mpps, 56349 Mbit/s (58550 Mbit/s with framing)
[0;34m[Device: id=0] TX[0m: 23.49 Mpps, 96235 Mbit/s (99994 Mbit/s with framing)
[1;36m[Device: id=0] RX[0m: 13.79 Mpps, 56464 Mbit/s (58669 Mbit/s with framing)
[0;34m[Device: id=0] TX[0m: 23.49 Mpps, 96234 Mbit/s (99993 Mbit/s with framing)
[1;36m[Device: id=0] RX[0m: 13.87 Mpps, 56803 Mbit/s (59022 Mbit/s with framing)
[0;34m[Device: id=0] TX[0m: 23.49 Mpps, 96235 Mbit/s (99994 Mbit/s with framing)
[1;36m[Device: id=0] RX[0m: 14.06 Mpps, 57586 Mbit/s (59835 Mbit/s with framing)
[0;34m[Device: id=0] TX[0m: 23.49 Mpps, 96235 Mbit/s (99994 Mbit/s with framing)
[1;36m[Device: id=0] RX[0m: 14.06 Mpps, 57578 Mbit/s (59827 Mbit/s with framing)
[0;34m[Device: id=0] TX[0m: 23.49 Mpps, 96235 Mbit/s (99994 Mbit/s with framing)
Samples: 1953, Average: 45790.5 ns, StdDev: 4002.6 ns, Quartiles: 43274.0/43775.0/47408.0 ns
[1;37m[INFO]  Saving histogram to '/tmp/histogram.csv'[0m
[1;36m[Device: id=0] RX[0m: 11.42 Mpps, 46796 Mbit/s (48624 Mbit/s with framing)
[1;36m[Device: id=0] RX[0m: 13.68 (StdDev 0.49) Mpps, 56014 (StdDev 1997) Mbit/s (58202 Mbit/s with framing), total 412641195 packets with 211271423572 bytes (incl. CRC)
[0;34m[Device: id=0] TX[0m: 23.49 (StdDev 0.00) Mpps, 96235 (StdDev 0) Mbit/s (99994 Mbit/s with framing), total 704279095 packets with 360589394368 bytes (incl. CRC)
