EAL: Detected CPU lcores: 24
EAL: Detected NUMA nodes: 1
EAL: Static memory layout is selected, amount of reserved memory can be adjusted with -m or --socket-mem
EAL: Detected shared linkage of DPDK
EAL: Multi-process socket /var/run/dpdk/rte/mp_socket
EAL: Selected IOVA mode 'VA'
EAL: 512 hugepages of size 2097152 reserved, but no mounted hugetlbfs found for that size
EAL: VFIO support initialized
EAL: Using IOMMU type 1 (Type 1)
EAL: Ignore mapping IO port bar(1)
EAL: Ignore mapping IO port bar(4)
EAL: Probe PCI driver: net_ice (8086:1592) device: 0000:51:00.0 (socket 0)
ice_load_pkg_type(): Active package is: 1.3.26.0, ICE OS Default Package (single VLAN mode)
TELEMETRY: No legacy callbacks, legacy socket not created
[1;33m[WARN]  malloc() allocates objects >= 1 MiB from LuaJIT memory space.[0m
[1;33m[WARN]  Install libjemalloc if you encounter out of memory errors.[0m
[1;37m[INFO]  Initializing DPDK. This will take a few seconds...[0m
[1;37m[INFO]  Found 1 usable devices:[0m
   Device 0: B4:96:91:B3:8B:04 ([0;32mIntel Corporation Ethernet Controller E810-C for QSFP[0m)
[1;37m[INFO]  Waiting for devices to come up...[0m
[1;37m[INFO]  Device 0 (B4:96:91:B3:8B:04) is up: full-duplex 100000 MBit/s[0m
[1;37m[INFO]  [0;32m1 device is up.[0m[0m
Could not set max bandwidth limit for queue 0!
[1;36m[Device: id=0] RX[0m: 11.21 Mpps, 91809 Mbit/s (93602 Mbit/s with framing)
[0;34m[Device: id=0] TX[0m: 11.97 Mpps, 98084 Mbit/s (99999 Mbit/s with framing)
[1;36m[Device: id=0] RX[0m: 11.37 Mpps, 93104 Mbit/s (94923 Mbit/s with framing)
[0;34m[Device: id=0] TX[0m: 11.97 Mpps, 98085 Mbit/s (100001 Mbit/s with framing)
[1;36m[Device: id=0] RX[0m: 11.57 Mpps, 94797 Mbit/s (96648 Mbit/s with framing)
[0;34m[Device: id=0] TX[0m: 11.97 Mpps, 98084 Mbit/s (100000 Mbit/s with framing)
[1;36m[Device: id=0] RX[0m: 10.87 Mpps, 89063 Mbit/s (90802 Mbit/s with framing)
[0;34m[Device: id=0] TX[0m: 11.97 Mpps, 98085 Mbit/s (100000 Mbit/s with framing)
[1;36m[Device: id=0] RX[0m: 11.53 Mpps, 94430 Mbit/s (96274 Mbit/s with framing)
[0;34m[Device: id=0] TX[0m: 11.97 Mpps, 98085 Mbit/s (100000 Mbit/s with framing)
[1;36m[Device: id=0] RX[0m: 11.32 Mpps, 92686 Mbit/s (94496 Mbit/s with framing)
[0;34m[Device: id=0] TX[0m: 11.97 Mpps, 98085 Mbit/s (100001 Mbit/s with framing)
[1;36m[Device: id=0] RX[0m: 11.12 Mpps, 91062 Mbit/s (92841 Mbit/s with framing)
[0;34m[Device: id=0] TX[0m: 11.97 Mpps, 98085 Mbit/s (100001 Mbit/s with framing)
[1;36m[Device: id=0] RX[0m: 11.50 Mpps, 94235 Mbit/s (96076 Mbit/s with framing)
[0;34m[Device: id=0] TX[0m: 11.97 Mpps, 98084 Mbit/s (100000 Mbit/s with framing)
[1;36m[Device: id=0] RX[0m: 11.43 Mpps, 93607 Mbit/s (95436 Mbit/s with framing)
[0;34m[Device: id=0] TX[0m: 11.97 Mpps, 98084 Mbit/s (100000 Mbit/s with framing)
[1;36m[Device: id=0] RX[0m: 11.30 Mpps, 92560 Mbit/s (94368 Mbit/s with framing)
[0;34m[Device: id=0] TX[0m: 11.97 Mpps, 98084 Mbit/s (100000 Mbit/s with framing)
[1;36m[Device: id=0] RX[0m: 11.60 Mpps, 95017 Mbit/s (96873 Mbit/s with framing)
[0;34m[Device: id=0] TX[0m: 11.97 Mpps, 98085 Mbit/s (100001 Mbit/s with framing)
[1;36m[Device: id=0] RX[0m: 11.63 Mpps, 95234 Mbit/s (97095 Mbit/s with framing)
[0;34m[Device: id=0] TX[0m: 11.97 Mpps, 98084 Mbit/s (100000 Mbit/s with framing)
[1;36m[Device: id=0] RX[0m: 11.48 Mpps, 94053 Mbit/s (95890 Mbit/s with framing)
[0;34m[Device: id=0] TX[0m: 11.97 Mpps, 98084 Mbit/s (100000 Mbit/s with framing)
[1;36m[Device: id=0] RX[0m: 11.56 Mpps, 94717 Mbit/s (96567 Mbit/s with framing)
[0;34m[Device: id=0] TX[0m: 11.97 Mpps, 98085 Mbit/s (100000 Mbit/s with framing)
[1;36m[Device: id=0] RX[0m: 11.53 Mpps, 94457 Mbit/s (96302 Mbit/s with framing)
[0;34m[Device: id=0] TX[0m: 11.97 Mpps, 98085 Mbit/s (100000 Mbit/s with framing)
[1;36m[Device: id=0] RX[0m: 11.54 Mpps, 94543 Mbit/s (96390 Mbit/s with framing)
[0;34m[Device: id=0] TX[0m: 11.97 Mpps, 98085 Mbit/s (100000 Mbit/s with framing)
[1;36m[Device: id=0] RX[0m: 11.60 Mpps, 94976 Mbit/s (96831 Mbit/s with framing)
[0;34m[Device: id=0] TX[0m: 11.97 Mpps, 98084 Mbit/s (100000 Mbit/s with framing)
[1;36m[Device: id=0] RX[0m: 11.50 Mpps, 94177 Mbit/s (96016 Mbit/s with framing)
[0;34m[Device: id=0] TX[0m: 11.97 Mpps, 98084 Mbit/s (100000 Mbit/s with framing)
[1;36m[Device: id=0] RX[0m: 11.42 Mpps, 93576 Mbit/s (95404 Mbit/s with framing)
[0;34m[Device: id=0] TX[0m: 11.97 Mpps, 98085 Mbit/s (100000 Mbit/s with framing)
[1;36m[Device: id=0] RX[0m: 11.42 Mpps, 93535 Mbit/s (95362 Mbit/s with framing)
[0;34m[Device: id=0] TX[0m: 11.97 Mpps, 98085 Mbit/s (100000 Mbit/s with framing)
[1;36m[Device: id=0] RX[0m: 11.28 Mpps, 92392 Mbit/s (94196 Mbit/s with framing)
[0;34m[Device: id=0] TX[0m: 11.97 Mpps, 98085 Mbit/s (100001 Mbit/s with framing)
[1;36m[Device: id=0] RX[0m: 11.49 Mpps, 94116 Mbit/s (95955 Mbit/s with framing)
[0;34m[Device: id=0] TX[0m: 11.97 Mpps, 98084 Mbit/s (100000 Mbit/s with framing)
[1;36m[Device: id=0] RX[0m: 11.44 Mpps, 93723 Mbit/s (95554 Mbit/s with framing)
[0;34m[Device: id=0] TX[0m: 11.97 Mpps, 98085 Mbit/s (100000 Mbit/s with framing)
[1;36m[Device: id=0] RX[0m: 11.59 Mpps, 94899 Mbit/s (96753 Mbit/s with framing)
[0;34m[Device: id=0] TX[0m: 11.97 Mpps, 98085 Mbit/s (100000 Mbit/s with framing)
[1;36m[Device: id=0] RX[0m: 11.50 Mpps, 94216 Mbit/s (96057 Mbit/s with framing)
[0;34m[Device: id=0] TX[0m: 11.97 Mpps, 98084 Mbit/s (100000 Mbit/s with framing)
[1;36m[Device: id=0] RX[0m: 11.39 Mpps, 93290 Mbit/s (95113 Mbit/s with framing)
[0;34m[Device: id=0] TX[0m: 11.97 Mpps, 98085 Mbit/s (100000 Mbit/s with framing)
[1;36m[Device: id=0] RX[0m: 11.58 Mpps, 94885 Mbit/s (96738 Mbit/s with framing)
[0;34m[Device: id=0] TX[0m: 11.97 Mpps, 98085 Mbit/s (100000 Mbit/s with framing)
[1;36m[Device: id=0] RX[0m: 11.49 Mpps, 94152 Mbit/s (95991 Mbit/s with framing)
[0;34m[Device: id=0] TX[0m: 11.97 Mpps, 98085 Mbit/s (100000 Mbit/s with framing)
[1;36m[Device: id=0] RX[0m: 11.48 Mpps, 94044 Mbit/s (95882 Mbit/s with framing)
[0;34m[Device: id=0] TX[0m: 11.97 Mpps, 98085 Mbit/s (100000 Mbit/s with framing)
Samples: 44040, Average: 127246.1 ns, StdDev: 11045.5 ns, Quartiles: 125408.0/126666.0/127889.0 ns
[1;37m[INFO]  Saving histogram to '/tmp/histogram.csv'[0m
[1;36m[Device: id=0] RX[0m: 9.43 Mpps, 77207 Mbit/s (78716 Mbit/s with framing)
[1;36m[Device: id=0] RX[0m: 11.38 (StdDev 0.41) Mpps, 93198 (StdDev 3337) Mbit/s (95019 Mbit/s with framing), total 342867055 packets with 351053589524 bytes (incl. CRC)
[0;34m[Device: id=0] TX[0m: 11.97 (StdDev 0.00) Mpps, 98085 (StdDev 0) Mbit/s (100000 Mbit/s with framing), total 358800031 packets with 367368481664 bytes (incl. CRC)
