EAL: Detected CPU lcores: 24
EAL: Detected NUMA nodes: 1
EAL: Static memory layout is selected, amount of reserved memory can be adjusted with -m or --socket-mem
EAL: Detected shared linkage of DPDK
EAL: Multi-process socket /var/run/dpdk/rte/mp_socket
EAL: Selected IOVA mode 'VA'
EAL: 512 hugepages of size 2097152 reserved, but no mounted hugetlbfs found for that size
EAL: VFIO support initialized
EAL: Using IOMMU type 1 (Type 1)
EAL: Ignore mapping IO port bar(1)
EAL: Ignore mapping IO port bar(4)
EAL: Probe PCI driver: net_ice (8086:1592) device: 0000:51:00.0 (socket 0)
ice_load_pkg_type(): Active package is: 1.3.26.0, ICE OS Default Package (single VLAN mode)
TELEMETRY: No legacy callbacks, legacy socket not created
[1;33m[WARN]  malloc() allocates objects >= 1 MiB from LuaJIT memory space.[0m
[1;33m[WARN]  Install libjemalloc if you encounter out of memory errors.[0m
[1;37m[INFO]  Initializing DPDK. This will take a few seconds...[0m
[1;37m[INFO]  Found 1 usable devices:[0m
   Device 0: B4:96:91:B3:8B:04 ([0;32mIntel Corporation Ethernet Controller E810-C for QSFP[0m)
[1;37m[INFO]  Waiting for devices to come up...[0m
[1;37m[INFO]  Device 0 (B4:96:91:B3:8B:04) is up: full-duplex 100000 MBit/s[0m
[1;37m[INFO]  [0;32m1 device is up.[0m[0m
Could not set max bandwidth limit for queue 0!
[1;36m[Device: id=0] RX[0m: 11.42 Mpps, 93534 Mbit/s (95361 Mbit/s with framing)
[0;34m[Device: id=0] TX[0m: 11.97 Mpps, 98084 Mbit/s (99999 Mbit/s with framing)
[1;36m[Device: id=0] RX[0m: 11.34 Mpps, 92851 Mbit/s (94664 Mbit/s with framing)
[0;34m[Device: id=0] TX[0m: 11.97 Mpps, 98085 Mbit/s (100000 Mbit/s with framing)
[1;36m[Device: id=0] RX[0m: 11.19 Mpps, 91685 Mbit/s (93476 Mbit/s with framing)
[0;34m[Device: id=0] TX[0m: 11.97 Mpps, 98085 Mbit/s (100000 Mbit/s with framing)
[1;36m[Device: id=0] RX[0m: 10.93 Mpps, 89525 Mbit/s (91274 Mbit/s with framing)
[0;34m[Device: id=0] TX[0m: 11.97 Mpps, 98085 Mbit/s (100000 Mbit/s with framing)
[1;36m[Device: id=0] RX[0m: 11.40 Mpps, 93341 Mbit/s (95164 Mbit/s with framing)
[0;34m[Device: id=0] TX[0m: 11.97 Mpps, 98084 Mbit/s (100000 Mbit/s with framing)
[1;36m[Device: id=0] RX[0m: 11.25 Mpps, 92150 Mbit/s (93950 Mbit/s with framing)
[0;34m[Device: id=0] TX[0m: 11.97 Mpps, 98085 Mbit/s (100000 Mbit/s with framing)
[1;36m[Device: id=0] RX[0m: 11.53 Mpps, 94470 Mbit/s (96315 Mbit/s with framing)
[0;34m[Device: id=0] TX[0m: 11.97 Mpps, 98085 Mbit/s (100001 Mbit/s with framing)
[1;36m[Device: id=0] RX[0m: 11.32 Mpps, 92693 Mbit/s (94503 Mbit/s with framing)
[0;34m[Device: id=0] TX[0m: 11.97 Mpps, 98085 Mbit/s (100000 Mbit/s with framing)
[1;36m[Device: id=0] RX[0m: 11.41 Mpps, 93424 Mbit/s (95249 Mbit/s with framing)
[0;34m[Device: id=0] TX[0m: 11.97 Mpps, 98085 Mbit/s (100001 Mbit/s with framing)
[1;36m[Device: id=0] RX[0m: 11.40 Mpps, 93416 Mbit/s (95241 Mbit/s with framing)
[0;34m[Device: id=0] TX[0m: 11.97 Mpps, 98084 Mbit/s (100000 Mbit/s with framing)
[1;36m[Device: id=0] RX[0m: 11.50 Mpps, 94190 Mbit/s (96029 Mbit/s with framing)
[0;34m[Device: id=0] TX[0m: 11.97 Mpps, 98085 Mbit/s (100001 Mbit/s with framing)
[1;36m[Device: id=0] RX[0m: 11.08 Mpps, 90770 Mbit/s (92543 Mbit/s with framing)
[0;34m[Device: id=0] TX[0m: 11.97 Mpps, 98085 Mbit/s (100000 Mbit/s with framing)
[1;36m[Device: id=0] RX[0m: 11.22 Mpps, 91901 Mbit/s (93696 Mbit/s with framing)
[0;34m[Device: id=0] TX[0m: 11.97 Mpps, 98085 Mbit/s (100000 Mbit/s with framing)
[1;36m[Device: id=0] RX[0m: 11.29 Mpps, 92508 Mbit/s (94315 Mbit/s with framing)
[0;34m[Device: id=0] TX[0m: 11.97 Mpps, 98084 Mbit/s (100000 Mbit/s with framing)
[1;36m[Device: id=0] RX[0m: 11.16 Mpps, 91435 Mbit/s (93221 Mbit/s with framing)
[0;34m[Device: id=0] TX[0m: 11.97 Mpps, 98085 Mbit/s (100001 Mbit/s with framing)
[1;36m[Device: id=0] RX[0m: 10.83 Mpps, 88718 Mbit/s (90451 Mbit/s with framing)
[0;34m[Device: id=0] TX[0m: 11.97 Mpps, 98085 Mbit/s (100001 Mbit/s with framing)
[1;36m[Device: id=0] RX[0m: 11.37 Mpps, 93105 Mbit/s (94924 Mbit/s with framing)
[0;34m[Device: id=0] TX[0m: 11.97 Mpps, 98085 Mbit/s (100001 Mbit/s with framing)
[1;36m[Device: id=0] RX[0m: 11.20 Mpps, 91715 Mbit/s (93507 Mbit/s with framing)
[0;34m[Device: id=0] TX[0m: 11.97 Mpps, 98084 Mbit/s (100000 Mbit/s with framing)
[1;36m[Device: id=0] RX[0m: 11.17 Mpps, 91533 Mbit/s (93321 Mbit/s with framing)
[0;34m[Device: id=0] TX[0m: 11.97 Mpps, 98085 Mbit/s (100000 Mbit/s with framing)
[1;36m[Device: id=0] RX[0m: 10.88 Mpps, 89155 Mbit/s (90897 Mbit/s with framing)
[0;34m[Device: id=0] TX[0m: 11.97 Mpps, 98085 Mbit/s (100000 Mbit/s with framing)
[1;36m[Device: id=0] RX[0m: 11.12 Mpps, 91072 Mbit/s (92851 Mbit/s with framing)
[0;34m[Device: id=0] TX[0m: 11.97 Mpps, 98085 Mbit/s (100001 Mbit/s with framing)
[1;36m[Device: id=0] RX[0m: 11.31 Mpps, 92625 Mbit/s (94434 Mbit/s with framing)
[0;34m[Device: id=0] TX[0m: 11.97 Mpps, 98085 Mbit/s (100000 Mbit/s with framing)
[1;36m[Device: id=0] RX[0m: 11.15 Mpps, 91324 Mbit/s (93108 Mbit/s with framing)
[0;34m[Device: id=0] TX[0m: 11.97 Mpps, 98084 Mbit/s (100000 Mbit/s with framing)
[1;36m[Device: id=0] RX[0m: 11.18 Mpps, 91595 Mbit/s (93384 Mbit/s with framing)
[0;34m[Device: id=0] TX[0m: 11.97 Mpps, 98085 Mbit/s (100000 Mbit/s with framing)
[1;36m[Device: id=0] RX[0m: 11.39 Mpps, 93309 Mbit/s (95132 Mbit/s with framing)
[0;34m[Device: id=0] TX[0m: 11.97 Mpps, 98085 Mbit/s (100000 Mbit/s with framing)
[1;36m[Device: id=0] RX[0m: 11.45 Mpps, 93822 Mbit/s (95654 Mbit/s with framing)
[0;34m[Device: id=0] TX[0m: 11.97 Mpps, 98085 Mbit/s (100000 Mbit/s with framing)
[1;36m[Device: id=0] RX[0m: 11.46 Mpps, 93845 Mbit/s (95678 Mbit/s with framing)
[0;34m[Device: id=0] TX[0m: 11.97 Mpps, 98086 Mbit/s (100002 Mbit/s with framing)
[1;36m[Device: id=0] RX[0m: 11.34 Mpps, 92865 Mbit/s (94679 Mbit/s with framing)
[0;34m[Device: id=0] TX[0m: 11.97 Mpps, 98083 Mbit/s (99999 Mbit/s with framing)
[1;36m[Device: id=0] RX[0m: 11.37 Mpps, 93107 Mbit/s (94926 Mbit/s with framing)
[0;34m[Device: id=0] TX[0m: 11.97 Mpps, 98084 Mbit/s (100000 Mbit/s with framing)
Samples: 39696, Average: 129674.4 ns, StdDev: 11230.3 ns, Quartiles: 127513.0/128537.0/129474.0 ns
[1;37m[INFO]  Saving histogram to '/tmp/histogram.csv'[0m
[1;36m[Device: id=0] RX[0m: 9.45 Mpps, 77409 Mbit/s (78921 Mbit/s with framing)
[1;36m[Device: id=0] RX[0m: 11.20 (StdDev 0.38) Mpps, 91709 (StdDev 3102) Mbit/s (93500 Mbit/s with framing), total 337856382 packets with 345926830612 bytes (incl. CRC)
[0;34m[Device: id=0] TX[0m: 11.97 (StdDev 0.00) Mpps, 98085 (StdDev 0) Mbit/s (100000 Mbit/s with framing), total 358893896 packets with 367468666944 bytes (incl. CRC)
