EAL: Detected CPU lcores: 24
EAL: Detected NUMA nodes: 1
EAL: Static memory layout is selected, amount of reserved memory can be adjusted with -m or --socket-mem
EAL: Detected shared linkage of DPDK
EAL: Multi-process socket /var/run/dpdk/rte/mp_socket
EAL: Selected IOVA mode 'VA'
EAL: 512 hugepages of size 2097152 reserved, but no mounted hugetlbfs found for that size
EAL: VFIO support initialized
EAL: Using IOMMU type 1 (Type 1)
EAL: Ignore mapping IO port bar(1)
EAL: Ignore mapping IO port bar(4)
EAL: Probe PCI driver: net_ice (8086:1592) device: 0000:51:00.0 (socket 0)
ice_load_pkg_type(): Active package is: 1.3.26.0, ICE OS Default Package (single VLAN mode)
TELEMETRY: No legacy callbacks, legacy socket not created
[1;33m[WARN]  malloc() allocates objects >= 1 MiB from LuaJIT memory space.[0m
[1;33m[WARN]  Install libjemalloc if you encounter out of memory errors.[0m
[1;37m[INFO]  Initializing DPDK. This will take a few seconds...[0m
[1;37m[INFO]  Found 1 usable devices:[0m
   Device 0: B4:96:91:B3:8B:04 ([0;32mIntel Corporation Ethernet Controller E810-C for QSFP[0m)
[1;37m[INFO]  Waiting for devices to come up...[0m
[1;37m[INFO]  Device 0 (B4:96:91:B3:8B:04) is up: full-duplex 100000 MBit/s[0m
[1;37m[INFO]  [0;32m1 device is up.[0m[0m
[1;36m[Device: id=0] RX[0m: 12.44 Mpps, 12733 Mbit/s (14723 Mbit/s with framing)
[0;34m[Device: id=0] TX[0m: 31.47 Mpps, 32220 Mbit/s (37255 Mbit/s with framing)
[1;36m[Device: id=0] RX[0m: 12.42 Mpps, 12721 Mbit/s (14708 Mbit/s with framing)
[0;34m[Device: id=0] TX[0m: 31.47 Mpps, 32224 Mbit/s (37259 Mbit/s with framing)
[1;36m[Device: id=0] RX[0m: 12.42 Mpps, 12715 Mbit/s (14702 Mbit/s with framing)
[0;34m[Device: id=0] TX[0m: 31.47 Mpps, 32224 Mbit/s (37259 Mbit/s with framing)
[1;36m[Device: id=0] RX[0m: 12.25 Mpps, 12544 Mbit/s (14504 Mbit/s with framing)
[0;34m[Device: id=0] TX[0m: 31.47 Mpps, 32224 Mbit/s (37259 Mbit/s with framing)
[1;36m[Device: id=0] RX[0m: 12.42 Mpps, 12714 Mbit/s (14701 Mbit/s with framing)
[0;34m[Device: id=0] TX[0m: 31.47 Mpps, 32224 Mbit/s (37259 Mbit/s with framing)
[1;36m[Device: id=0] RX[0m: 12.54 Mpps, 12843 Mbit/s (14849 Mbit/s with framing)
[0;34m[Device: id=0] TX[0m: 31.47 Mpps, 32224 Mbit/s (37259 Mbit/s with framing)
[1;36m[Device: id=0] RX[0m: 12.56 Mpps, 12864 Mbit/s (14874 Mbit/s with framing)
[0;34m[Device: id=0] TX[0m: 31.47 Mpps, 32224 Mbit/s (37259 Mbit/s with framing)
[1;36m[Device: id=0] RX[0m: 12.22 Mpps, 12510 Mbit/s (14465 Mbit/s with framing)
[0;34m[Device: id=0] TX[0m: 31.47 Mpps, 32224 Mbit/s (37259 Mbit/s with framing)
[1;36m[Device: id=0] RX[0m: 12.22 Mpps, 12511 Mbit/s (14466 Mbit/s with framing)
[0;34m[Device: id=0] TX[0m: 31.47 Mpps, 32224 Mbit/s (37259 Mbit/s with framing)
[1;36m[Device: id=0] RX[0m: 12.23 Mpps, 12519 Mbit/s (14476 Mbit/s with framing)
[0;34m[Device: id=0] TX[0m: 31.46 Mpps, 32218 Mbit/s (37252 Mbit/s with framing)
[1;36m[Device: id=0] RX[0m: 12.45 Mpps, 12751 Mbit/s (14744 Mbit/s with framing)
[0;34m[Device: id=0] TX[0m: 31.47 Mpps, 32224 Mbit/s (37259 Mbit/s with framing)
[1;36m[Device: id=0] RX[0m: 12.57 Mpps, 12872 Mbit/s (14883 Mbit/s with framing)
[0;34m[Device: id=0] TX[0m: 31.47 Mpps, 32224 Mbit/s (37259 Mbit/s with framing)
[1;36m[Device: id=0] RX[0m: 12.68 Mpps, 12986 Mbit/s (15015 Mbit/s with framing)
[0;34m[Device: id=0] TX[0m: 31.47 Mpps, 32224 Mbit/s (37259 Mbit/s with framing)
[1;36m[Device: id=0] RX[0m: 12.39 Mpps, 12688 Mbit/s (14671 Mbit/s with framing)
[0;34m[Device: id=0] TX[0m: 31.47 Mpps, 32224 Mbit/s (37259 Mbit/s with framing)
[1;36m[Device: id=0] RX[0m: 12.41 Mpps, 12708 Mbit/s (14693 Mbit/s with framing)
[0;34m[Device: id=0] TX[0m: 31.47 Mpps, 32224 Mbit/s (37259 Mbit/s with framing)
[1;36m[Device: id=0] RX[0m: 12.16 Mpps, 12450 Mbit/s (14395 Mbit/s with framing)
[0;34m[Device: id=0] TX[0m: 31.47 Mpps, 32224 Mbit/s (37259 Mbit/s with framing)
[1;36m[Device: id=0] RX[0m: 12.12 Mpps, 12415 Mbit/s (14354 Mbit/s with framing)
[0;34m[Device: id=0] TX[0m: 31.47 Mpps, 32224 Mbit/s (37259 Mbit/s with framing)
[1;36m[Device: id=0] RX[0m: 12.61 Mpps, 12908 Mbit/s (14925 Mbit/s with framing)
[0;34m[Device: id=0] TX[0m: 31.47 Mpps, 32224 Mbit/s (37259 Mbit/s with framing)
[1;36m[Device: id=0] RX[0m: 12.19 Mpps, 12485 Mbit/s (14436 Mbit/s with framing)
[0;34m[Device: id=0] TX[0m: 31.47 Mpps, 32224 Mbit/s (37259 Mbit/s with framing)
[1;36m[Device: id=0] RX[0m: 12.35 Mpps, 12648 Mbit/s (14625 Mbit/s with framing)
[0;34m[Device: id=0] TX[0m: 31.47 Mpps, 32224 Mbit/s (37259 Mbit/s with framing)
[1;36m[Device: id=0] RX[0m: 12.36 Mpps, 12658 Mbit/s (14636 Mbit/s with framing)
[0;34m[Device: id=0] TX[0m: 31.47 Mpps, 32224 Mbit/s (37259 Mbit/s with framing)
[1;36m[Device: id=0] RX[0m: 12.53 Mpps, 12832 Mbit/s (14837 Mbit/s with framing)
[0;34m[Device: id=0] TX[0m: 31.47 Mpps, 32224 Mbit/s (37259 Mbit/s with framing)
[1;36m[Device: id=0] RX[0m: 12.02 Mpps, 12313 Mbit/s (14237 Mbit/s with framing)
[0;34m[Device: id=0] TX[0m: 31.47 Mpps, 32224 Mbit/s (37259 Mbit/s with framing)
[1;36m[Device: id=0] RX[0m: 12.22 Mpps, 12512 Mbit/s (14467 Mbit/s with framing)
[0;34m[Device: id=0] TX[0m: 31.47 Mpps, 32224 Mbit/s (37259 Mbit/s with framing)
[1;36m[Device: id=0] RX[0m: 12.06 Mpps, 12345 Mbit/s (14274 Mbit/s with framing)
[0;34m[Device: id=0] TX[0m: 31.47 Mpps, 32224 Mbit/s (37259 Mbit/s with framing)
[1;36m[Device: id=0] RX[0m: 12.20 Mpps, 12495 Mbit/s (14447 Mbit/s with framing)
[0;34m[Device: id=0] TX[0m: 31.47 Mpps, 32223 Mbit/s (37258 Mbit/s with framing)
[1;36m[Device: id=0] RX[0m: 12.49 Mpps, 12787 Mbit/s (14785 Mbit/s with framing)
[0;34m[Device: id=0] TX[0m: 31.47 Mpps, 32224 Mbit/s (37260 Mbit/s with framing)
[1;36m[Device: id=0] RX[0m: 12.04 Mpps, 12329 Mbit/s (14255 Mbit/s with framing)
[0;34m[Device: id=0] TX[0m: 31.47 Mpps, 32224 Mbit/s (37259 Mbit/s with framing)
[1;36m[Device: id=0] RX[0m: 12.48 Mpps, 12776 Mbit/s (14772 Mbit/s with framing)
[0;34m[Device: id=0] TX[0m: 31.47 Mpps, 32224 Mbit/s (37259 Mbit/s with framing)
Samples: 1098, Average: 49436.2 ns, StdDev: 3146.7 ns, Quartiles: 48272.0/49544.0/50746.0 ns
[1;37m[INFO]  Saving histogram to '/tmp/histogram.csv'[0m
[1;36m[Device: id=0] RX[0m: 10.28 Mpps, 10531 Mbit/s (12177 Mbit/s with framing)
[1;36m[Device: id=0] RX[0m: 12.27 (StdDev 0.42) Mpps, 12567 (StdDev 432) Mbit/s (14530 Mbit/s with framing), total 370206824 packets with 47386402836 bytes (incl. CRC)
[0;34m[Device: id=0] TX[0m: 31.47 (StdDev 0.00) Mpps, 32224 (StdDev 1) Mbit/s (37259 Mbit/s with framing), total 943499359 packets with 120767758912 bytes (incl. CRC)
