EAL: Detected CPU lcores: 24
EAL: Detected NUMA nodes: 1
EAL: Static memory layout is selected, amount of reserved memory can be adjusted with -m or --socket-mem
EAL: Detected shared linkage of DPDK
EAL: Multi-process socket /var/run/dpdk/rte/mp_socket
EAL: Selected IOVA mode 'VA'
EAL: 512 hugepages of size 2097152 reserved, but no mounted hugetlbfs found for that size
EAL: VFIO support initialized
EAL: Using IOMMU type 1 (Type 1)
EAL: Ignore mapping IO port bar(1)
EAL: Ignore mapping IO port bar(4)
EAL: Probe PCI driver: net_ice (8086:1592) device: 0000:51:00.0 (socket 0)
ice_load_pkg_type(): Active package is: 1.3.26.0, ICE OS Default Package (single VLAN mode)
TELEMETRY: No legacy callbacks, legacy socket not created
[1;33m[WARN]  malloc() allocates objects >= 1 MiB from LuaJIT memory space.[0m
[1;33m[WARN]  Install libjemalloc if you encounter out of memory errors.[0m
[1;37m[INFO]  Initializing DPDK. This will take a few seconds...[0m
[1;37m[INFO]  Found 1 usable devices:[0m
   Device 0: B4:96:91:B3:8B:04 ([0;32mIntel Corporation Ethernet Controller E810-C for QSFP[0m)
[1;37m[INFO]  Waiting for devices to come up...[0m
[1;37m[INFO]  Device 0 (B4:96:91:B3:8B:04) is up: full-duplex 100000 MBit/s[0m
[1;37m[INFO]  [0;32m1 device is up.[0m[0m
Could not set max bandwidth limit for queue 0!
[1;36m[Device: id=0] RX[0m: 13.76 Mpps, 77519 Mbit/s (79721 Mbit/s with framing)
[0;34m[Device: id=0] TX[0m: 17.26 Mpps, 97233 Mbit/s (99995 Mbit/s with framing)
[1;36m[Device: id=0] RX[0m: 13.18 Mpps, 74230 Mbit/s (76339 Mbit/s with framing)
[0;34m[Device: id=0] TX[0m: 17.26 Mpps, 97235 Mbit/s (99997 Mbit/s with framing)
[1;36m[Device: id=0] RX[0m: 13.32 Mpps, 75023 Mbit/s (77154 Mbit/s with framing)
[0;34m[Device: id=0] TX[0m: 17.26 Mpps, 97234 Mbit/s (99997 Mbit/s with framing)
[1;36m[Device: id=0] RX[0m: 13.04 Mpps, 73446 Mbit/s (75533 Mbit/s with framing)
[0;34m[Device: id=0] TX[0m: 17.26 Mpps, 97235 Mbit/s (99997 Mbit/s with framing)
[1;36m[Device: id=0] RX[0m: 13.60 Mpps, 76590 Mbit/s (78766 Mbit/s with framing)
[0;34m[Device: id=0] TX[0m: 17.26 Mpps, 97235 Mbit/s (99997 Mbit/s with framing)
[1;36m[Device: id=0] RX[0m: 13.34 Mpps, 75134 Mbit/s (77268 Mbit/s with framing)
[0;34m[Device: id=0] TX[0m: 17.26 Mpps, 97235 Mbit/s (99997 Mbit/s with framing)
[1;36m[Device: id=0] RX[0m: 13.05 Mpps, 73492 Mbit/s (75579 Mbit/s with framing)
[0;34m[Device: id=0] TX[0m: 17.26 Mpps, 97235 Mbit/s (99997 Mbit/s with framing)
[1;36m[Device: id=0] RX[0m: 12.87 Mpps, 72477 Mbit/s (74536 Mbit/s with framing)
[0;34m[Device: id=0] TX[0m: 17.26 Mpps, 97235 Mbit/s (99997 Mbit/s with framing)
[1;36m[Device: id=0] RX[0m: 12.51 Mpps, 70457 Mbit/s (72459 Mbit/s with framing)
[0;34m[Device: id=0] TX[0m: 17.26 Mpps, 97235 Mbit/s (99997 Mbit/s with framing)
[1;36m[Device: id=0] RX[0m: 13.32 Mpps, 74993 Mbit/s (77123 Mbit/s with framing)
[0;34m[Device: id=0] TX[0m: 17.26 Mpps, 97235 Mbit/s (99997 Mbit/s with framing)
[1;36m[Device: id=0] RX[0m: 12.57 Mpps, 70781 Mbit/s (72792 Mbit/s with framing)
[0;34m[Device: id=0] TX[0m: 17.26 Mpps, 97235 Mbit/s (99997 Mbit/s with framing)
[1;36m[Device: id=0] RX[0m: 13.33 Mpps, 75052 Mbit/s (77184 Mbit/s with framing)
[0;34m[Device: id=0] TX[0m: 17.26 Mpps, 97235 Mbit/s (99997 Mbit/s with framing)
[1;36m[Device: id=0] RX[0m: 13.05 Mpps, 73481 Mbit/s (75569 Mbit/s with framing)
[0;34m[Device: id=0] TX[0m: 17.26 Mpps, 97235 Mbit/s (99997 Mbit/s with framing)
[1;36m[Device: id=0] RX[0m: 13.02 Mpps, 73323 Mbit/s (75406 Mbit/s with framing)
[0;34m[Device: id=0] TX[0m: 17.26 Mpps, 97235 Mbit/s (99997 Mbit/s with framing)
[1;36m[Device: id=0] RX[0m: 13.10 Mpps, 73757 Mbit/s (75853 Mbit/s with framing)
[0;34m[Device: id=0] TX[0m: 17.26 Mpps, 97235 Mbit/s (99997 Mbit/s with framing)
[1;36m[Device: id=0] RX[0m: 13.25 Mpps, 74618 Mbit/s (76738 Mbit/s with framing)
[0;34m[Device: id=0] TX[0m: 17.26 Mpps, 97235 Mbit/s (99997 Mbit/s with framing)
[1;36m[Device: id=0] RX[0m: 13.79 Mpps, 77674 Mbit/s (79880 Mbit/s with framing)
[0;34m[Device: id=0] TX[0m: 17.26 Mpps, 97235 Mbit/s (99997 Mbit/s with framing)
[1;36m[Device: id=0] RX[0m: 13.39 Mpps, 75396 Mbit/s (77538 Mbit/s with framing)
[0;34m[Device: id=0] TX[0m: 17.26 Mpps, 97235 Mbit/s (99997 Mbit/s with framing)
[1;36m[Device: id=0] RX[0m: 13.39 Mpps, 75430 Mbit/s (77573 Mbit/s with framing)
[0;34m[Device: id=0] TX[0m: 17.26 Mpps, 97235 Mbit/s (99997 Mbit/s with framing)
[1;36m[Device: id=0] RX[0m: 13.34 Mpps, 75147 Mbit/s (77282 Mbit/s with framing)
[0;34m[Device: id=0] TX[0m: 17.26 Mpps, 97235 Mbit/s (99997 Mbit/s with framing)
[1;36m[Device: id=0] RX[0m: 13.41 Mpps, 75520 Mbit/s (77666 Mbit/s with framing)
[0;34m[Device: id=0] TX[0m: 17.27 Mpps, 97236 Mbit/s (99998 Mbit/s with framing)
[1;36m[Device: id=0] RX[0m: 13.38 Mpps, 75330 Mbit/s (77470 Mbit/s with framing)
[0;34m[Device: id=0] TX[0m: 17.26 Mpps, 97234 Mbit/s (99997 Mbit/s with framing)
[1;36m[Device: id=0] RX[0m: 13.85 Mpps, 78002 Mbit/s (80218 Mbit/s with framing)
[0;34m[Device: id=0] TX[0m: 17.26 Mpps, 97235 Mbit/s (99997 Mbit/s with framing)
[1;36m[Device: id=0] RX[0m: 13.73 Mpps, 77302 Mbit/s (79498 Mbit/s with framing)
[0;34m[Device: id=0] TX[0m: 17.26 Mpps, 97234 Mbit/s (99996 Mbit/s with framing)
[1;36m[Device: id=0] RX[0m: 13.21 Mpps, 74422 Mbit/s (76536 Mbit/s with framing)
[0;34m[Device: id=0] TX[0m: 17.26 Mpps, 97235 Mbit/s (99997 Mbit/s with framing)
[1;36m[Device: id=0] RX[0m: 13.12 Mpps, 73864 Mbit/s (75963 Mbit/s with framing)
[0;34m[Device: id=0] TX[0m: 17.26 Mpps, 97235 Mbit/s (99997 Mbit/s with framing)
[1;36m[Device: id=0] RX[0m: 13.16 Mpps, 74094 Mbit/s (76199 Mbit/s with framing)
[0;34m[Device: id=0] TX[0m: 17.26 Mpps, 97235 Mbit/s (99997 Mbit/s with framing)
[1;36m[Device: id=0] RX[0m: 13.43 Mpps, 75613 Mbit/s (77761 Mbit/s with framing)
[0;34m[Device: id=0] TX[0m: 17.26 Mpps, 97235 Mbit/s (99997 Mbit/s with framing)
[1;36m[Device: id=0] RX[0m: 13.04 Mpps, 73440 Mbit/s (75527 Mbit/s with framing)
[0;34m[Device: id=0] TX[0m: 17.26 Mpps, 97235 Mbit/s (99997 Mbit/s with framing)
Samples: 4833, Average: 48629.2 ns, StdDev: 10638.8 ns, Quartiles: 43949.0/44493.0/46165.0 ns
[1;37m[INFO]  Saving histogram to '/tmp/histogram.csv'[0m
[1;36m[Device: id=0] RX[0m: 11.14 Mpps, 62726 Mbit/s (64508 Mbit/s with framing)
[1;36m[Device: id=0] RX[0m: 13.17 (StdDev 0.49) Mpps, 74166 (StdDev 2786) Mbit/s (76273 Mbit/s with framing), total 397641057 packets with 279936207316 bytes (incl. CRC)
[0;34m[Device: id=0] TX[0m: 17.26 (StdDev 0.00) Mpps, 97235 (StdDev 0) Mbit/s (99997 Mbit/s with framing), total 517589331 packets with 364378907840 bytes (incl. CRC)
