EAL: Detected CPU lcores: 24
EAL: Detected NUMA nodes: 1
EAL: Static memory layout is selected, amount of reserved memory can be adjusted with -m or --socket-mem
EAL: Detected shared linkage of DPDK
EAL: Multi-process socket /var/run/dpdk/rte/mp_socket
EAL: Selected IOVA mode 'VA'
EAL: 512 hugepages of size 2097152 reserved, but no mounted hugetlbfs found for that size
EAL: VFIO support initialized
EAL: Using IOMMU type 1 (Type 1)
EAL: Ignore mapping IO port bar(1)
EAL: Ignore mapping IO port bar(4)
EAL: Probe PCI driver: net_ice (8086:1592) device: 0000:51:00.0 (socket 0)
ice_load_pkg_type(): Active package is: 1.3.26.0, ICE OS Default Package (single VLAN mode)
TELEMETRY: No legacy callbacks, legacy socket not created
[1;33m[WARN]  malloc() allocates objects >= 1 MiB from LuaJIT memory space.[0m
[1;33m[WARN]  Install libjemalloc if you encounter out of memory errors.[0m
[1;37m[INFO]  Initializing DPDK. This will take a few seconds...[0m
[1;37m[INFO]  Found 1 usable devices:[0m
   Device 0: B4:96:91:B3:8B:04 ([0;32mIntel Corporation Ethernet Controller E810-C for QSFP[0m)
[1;37m[INFO]  Waiting for devices to come up...[0m
[1;37m[INFO]  Device 0 (B4:96:91:B3:8B:04) is up: full-duplex 100000 MBit/s[0m
[1;37m[INFO]  [0;32m1 device is up.[0m[0m
Could not set max bandwidth limit for queue 0!
[1;36m[Device: id=0] RX[0m: 8.08 Mpps, 98071 Mbit/s (99363 Mbit/s with framing)
[0;34m[Device: id=0] TX[0m: 8.13 Mpps, 98699 Mbit/s (100000 Mbit/s with framing)
[1;36m[Device: id=0] RX[0m: 8.07 Mpps, 98025 Mbit/s (99316 Mbit/s with framing)
[0;34m[Device: id=0] TX[0m: 8.13 Mpps, 98700 Mbit/s (100000 Mbit/s with framing)
[1;36m[Device: id=0] RX[0m: 8.07 Mpps, 98038 Mbit/s (99330 Mbit/s with framing)
[0;34m[Device: id=0] TX[0m: 8.13 Mpps, 98700 Mbit/s (100000 Mbit/s with framing)
[1;36m[Device: id=0] RX[0m: 8.08 Mpps, 98051 Mbit/s (99343 Mbit/s with framing)
[0;34m[Device: id=0] TX[0m: 8.13 Mpps, 98700 Mbit/s (100000 Mbit/s with framing)
[1;36m[Device: id=0] RX[0m: 8.08 Mpps, 98102 Mbit/s (99395 Mbit/s with framing)
[0;34m[Device: id=0] TX[0m: 8.13 Mpps, 98700 Mbit/s (100001 Mbit/s with framing)
[1;36m[Device: id=0] RX[0m: 8.08 Mpps, 98047 Mbit/s (99339 Mbit/s with framing)
[0;34m[Device: id=0] TX[0m: 8.13 Mpps, 98700 Mbit/s (100000 Mbit/s with framing)
[1;36m[Device: id=0] RX[0m: 8.08 Mpps, 98089 Mbit/s (99382 Mbit/s with framing)
[0;34m[Device: id=0] TX[0m: 8.13 Mpps, 98700 Mbit/s (100000 Mbit/s with framing)
[1;36m[Device: id=0] RX[0m: 8.08 Mpps, 98075 Mbit/s (99368 Mbit/s with framing)
[0;34m[Device: id=0] TX[0m: 8.13 Mpps, 98700 Mbit/s (100001 Mbit/s with framing)
[1;36m[Device: id=0] RX[0m: 8.08 Mpps, 98050 Mbit/s (99342 Mbit/s with framing)
[0;34m[Device: id=0] TX[0m: 8.13 Mpps, 98700 Mbit/s (100000 Mbit/s with framing)
[1;36m[Device: id=0] RX[0m: 8.07 Mpps, 98002 Mbit/s (99294 Mbit/s with framing)
[0;34m[Device: id=0] TX[0m: 8.13 Mpps, 98700 Mbit/s (100000 Mbit/s with framing)
[1;36m[Device: id=0] RX[0m: 8.07 Mpps, 98040 Mbit/s (99332 Mbit/s with framing)
[0;34m[Device: id=0] TX[0m: 8.13 Mpps, 98700 Mbit/s (100000 Mbit/s with framing)
[1;36m[Device: id=0] RX[0m: 8.08 Mpps, 98072 Mbit/s (99364 Mbit/s with framing)
[0;34m[Device: id=0] TX[0m: 8.13 Mpps, 98700 Mbit/s (100001 Mbit/s with framing)
[1;36m[Device: id=0] RX[0m: 8.07 Mpps, 98031 Mbit/s (99323 Mbit/s with framing)
[0;34m[Device: id=0] TX[0m: 8.13 Mpps, 98700 Mbit/s (100000 Mbit/s with framing)
[1;36m[Device: id=0] RX[0m: 8.07 Mpps, 98037 Mbit/s (99329 Mbit/s with framing)
[0;34m[Device: id=0] TX[0m: 8.13 Mpps, 98700 Mbit/s (100001 Mbit/s with framing)
[1;36m[Device: id=0] RX[0m: 8.08 Mpps, 98071 Mbit/s (99363 Mbit/s with framing)
[0;34m[Device: id=0] TX[0m: 8.13 Mpps, 98700 Mbit/s (100001 Mbit/s with framing)
[1;36m[Device: id=0] RX[0m: 8.07 Mpps, 97965 Mbit/s (99256 Mbit/s with framing)
[0;34m[Device: id=0] TX[0m: 8.13 Mpps, 98700 Mbit/s (100000 Mbit/s with framing)
[1;36m[Device: id=0] RX[0m: 8.07 Mpps, 98021 Mbit/s (99312 Mbit/s with framing)
[0;34m[Device: id=0] TX[0m: 8.13 Mpps, 98700 Mbit/s (100000 Mbit/s with framing)
[1;36m[Device: id=0] RX[0m: 8.07 Mpps, 98007 Mbit/s (99299 Mbit/s with framing)
[0;34m[Device: id=0] TX[0m: 8.13 Mpps, 98700 Mbit/s (100000 Mbit/s with framing)
[1;36m[Device: id=0] RX[0m: 8.08 Mpps, 98064 Mbit/s (99356 Mbit/s with framing)
[0;34m[Device: id=0] TX[0m: 8.13 Mpps, 98700 Mbit/s (100001 Mbit/s with framing)
[1;36m[Device: id=0] RX[0m: 8.07 Mpps, 98010 Mbit/s (99301 Mbit/s with framing)
[0;34m[Device: id=0] TX[0m: 8.13 Mpps, 98701 Mbit/s (100002 Mbit/s with framing)
[1;36m[Device: id=0] RX[0m: 8.07 Mpps, 97977 Mbit/s (99268 Mbit/s with framing)
[0;34m[Device: id=0] TX[0m: 8.13 Mpps, 98699 Mbit/s (100000 Mbit/s with framing)
[1;36m[Device: id=0] RX[0m: 8.07 Mpps, 98009 Mbit/s (99301 Mbit/s with framing)
[0;34m[Device: id=0] TX[0m: 8.13 Mpps, 98699 Mbit/s (100000 Mbit/s with framing)
[1;36m[Device: id=0] RX[0m: 8.07 Mpps, 97977 Mbit/s (99268 Mbit/s with framing)
[0;34m[Device: id=0] TX[0m: 8.13 Mpps, 98700 Mbit/s (100000 Mbit/s with framing)
[1;36m[Device: id=0] RX[0m: 8.07 Mpps, 97953 Mbit/s (99243 Mbit/s with framing)
[0;34m[Device: id=0] TX[0m: 8.13 Mpps, 98700 Mbit/s (100000 Mbit/s with framing)
[1;36m[Device: id=0] RX[0m: 8.07 Mpps, 97962 Mbit/s (99253 Mbit/s with framing)
[0;34m[Device: id=0] TX[0m: 8.13 Mpps, 98700 Mbit/s (100000 Mbit/s with framing)
[1;36m[Device: id=0] RX[0m: 8.07 Mpps, 97977 Mbit/s (99269 Mbit/s with framing)
[0;34m[Device: id=0] TX[0m: 8.13 Mpps, 98700 Mbit/s (100000 Mbit/s with framing)
[1;36m[Device: id=0] RX[0m: 8.07 Mpps, 97967 Mbit/s (99258 Mbit/s with framing)
[0;34m[Device: id=0] TX[0m: 8.13 Mpps, 98700 Mbit/s (100000 Mbit/s with framing)
[1;36m[Device: id=0] RX[0m: 8.07 Mpps, 97980 Mbit/s (99271 Mbit/s with framing)
[0;34m[Device: id=0] TX[0m: 8.13 Mpps, 98700 Mbit/s (100000 Mbit/s with framing)
[1;36m[Device: id=0] RX[0m: 8.07 Mpps, 97974 Mbit/s (99265 Mbit/s with framing)
[0;34m[Device: id=0] TX[0m: 8.13 Mpps, 98700 Mbit/s (100000 Mbit/s with framing)
Samples: 56019, Average: 186835.0 ns, StdDev: 11136.2 ns, Quartiles: 185274.0/186790.0/188169.0 ns
[1;37m[INFO]  Saving histogram to '/tmp/histogram.csv'[0m
[1;36m[Device: id=0] RX[0m: 6.62 Mpps, 80412 Mbit/s (81471 Mbit/s with framing)
[1;36m[Device: id=0] RX[0m: 8.02 (StdDev 0.27) Mpps, 97413 (StdDev 3270) Mbit/s (98697 Mbit/s with framing), total 241988320 packets with 367256818666 bytes (incl. CRC)
[0;34m[Device: id=0] TX[0m: 8.13 (StdDev 0.00) Mpps, 98700 (StdDev 0) Mbit/s (100000 Mbit/s with framing), total 243661482 packets with 369796380428 bytes (incl. CRC)
