EAL: Detected CPU lcores: 24
EAL: Detected NUMA nodes: 1
EAL: Static memory layout is selected, amount of reserved memory can be adjusted with -m or --socket-mem
EAL: Detected shared linkage of DPDK
EAL: Multi-process socket /var/run/dpdk/rte/mp_socket
EAL: Selected IOVA mode 'VA'
EAL: 512 hugepages of size 2097152 reserved, but no mounted hugetlbfs found for that size
EAL: VFIO support initialized
EAL: Using IOMMU type 1 (Type 1)
EAL: Ignore mapping IO port bar(1)
EAL: Ignore mapping IO port bar(4)
EAL: Probe PCI driver: net_ice (8086:1592) device: 0000:51:00.0 (socket 0)
ice_load_pkg_type(): Active package is: 1.3.26.0, ICE OS Default Package (single VLAN mode)
TELEMETRY: No legacy callbacks, legacy socket not created
[1;33m[WARN]  malloc() allocates objects >= 1 MiB from LuaJIT memory space.[0m
[1;33m[WARN]  Install libjemalloc if you encounter out of memory errors.[0m
[1;37m[INFO]  Initializing DPDK. This will take a few seconds...[0m
[1;37m[INFO]  Found 1 usable devices:[0m
   Device 0: B4:96:91:B3:8B:04 ([0;32mIntel Corporation Ethernet Controller E810-C for QSFP[0m)
[1;37m[INFO]  Waiting for devices to come up...[0m
[1;37m[INFO]  Device 0 (B4:96:91:B3:8B:04) is up: full-duplex 100000 MBit/s[0m
[1;37m[INFO]  [0;32m1 device is up.[0m[0m
[1;36m[Device: id=0] RX[0m: 14.27 Mpps, 58444 Mbit/s (60726 Mbit/s with framing)
[0;34m[Device: id=0] TX[0m: 15.76 Mpps, 64568 Mbit/s (67090 Mbit/s with framing)
[1;36m[Device: id=0] RX[0m: 14.09 Mpps, 57715 Mbit/s (59970 Mbit/s with framing)
[0;34m[Device: id=0] TX[0m: 15.76 Mpps, 64569 Mbit/s (67091 Mbit/s with framing)
[1;36m[Device: id=0] RX[0m: 14.26 Mpps, 58416 Mbit/s (60698 Mbit/s with framing)
[0;34m[Device: id=0] TX[0m: 15.76 Mpps, 64569 Mbit/s (67092 Mbit/s with framing)
[1;36m[Device: id=0] RX[0m: 14.29 Mpps, 58520 Mbit/s (60806 Mbit/s with framing)
[0;34m[Device: id=0] TX[0m: 15.76 Mpps, 64569 Mbit/s (67092 Mbit/s with framing)
[1;36m[Device: id=0] RX[0m: 14.01 Mpps, 57382 Mbit/s (59624 Mbit/s with framing)
[0;34m[Device: id=0] TX[0m: 15.76 Mpps, 64569 Mbit/s (67092 Mbit/s with framing)
[1;36m[Device: id=0] RX[0m: 14.41 Mpps, 59025 Mbit/s (61331 Mbit/s with framing)
[0;34m[Device: id=0] TX[0m: 15.76 Mpps, 64569 Mbit/s (67092 Mbit/s with framing)
[1;36m[Device: id=0] RX[0m: 14.52 Mpps, 59485 Mbit/s (61809 Mbit/s with framing)
[0;34m[Device: id=0] TX[0m: 15.76 Mpps, 64569 Mbit/s (67091 Mbit/s with framing)
[1;36m[Device: id=0] RX[0m: 14.22 Mpps, 58250 Mbit/s (60525 Mbit/s with framing)
[0;34m[Device: id=0] TX[0m: 15.76 Mpps, 64569 Mbit/s (67092 Mbit/s with framing)
[1;36m[Device: id=0] RX[0m: 14.12 Mpps, 57833 Mbit/s (60092 Mbit/s with framing)
[0;34m[Device: id=0] TX[0m: 15.76 Mpps, 64569 Mbit/s (67092 Mbit/s with framing)
[1;36m[Device: id=0] RX[0m: 14.05 Mpps, 57545 Mbit/s (59793 Mbit/s with framing)
[0;34m[Device: id=0] TX[0m: 15.76 Mpps, 64569 Mbit/s (67092 Mbit/s with framing)
[1;36m[Device: id=0] RX[0m: 14.67 Mpps, 60076 Mbit/s (62423 Mbit/s with framing)
[0;34m[Device: id=0] TX[0m: 15.76 Mpps, 64569 Mbit/s (67092 Mbit/s with framing)
[1;36m[Device: id=0] RX[0m: 14.54 Mpps, 59574 Mbit/s (61901 Mbit/s with framing)
[0;34m[Device: id=0] TX[0m: 15.76 Mpps, 64569 Mbit/s (67092 Mbit/s with framing)
[1;36m[Device: id=0] RX[0m: 14.52 Mpps, 59477 Mbit/s (61800 Mbit/s with framing)
[0;34m[Device: id=0] TX[0m: 15.76 Mpps, 64569 Mbit/s (67092 Mbit/s with framing)
[1;36m[Device: id=0] RX[0m: 14.14 Mpps, 57908 Mbit/s (60170 Mbit/s with framing)
[0;34m[Device: id=0] TX[0m: 15.76 Mpps, 64569 Mbit/s (67091 Mbit/s with framing)
[1;36m[Device: id=0] RX[0m: 14.36 Mpps, 58810 Mbit/s (61107 Mbit/s with framing)
[0;34m[Device: id=0] TX[0m: 15.76 Mpps, 64569 Mbit/s (67092 Mbit/s with framing)
[1;36m[Device: id=0] RX[0m: 14.38 Mpps, 58896 Mbit/s (61196 Mbit/s with framing)
[0;34m[Device: id=0] TX[0m: 15.76 Mpps, 64569 Mbit/s (67092 Mbit/s with framing)
[1;36m[Device: id=0] RX[0m: 14.21 Mpps, 58219 Mbit/s (60493 Mbit/s with framing)
[0;34m[Device: id=0] TX[0m: 15.76 Mpps, 64569 Mbit/s (67091 Mbit/s with framing)
[1;36m[Device: id=0] RX[0m: 14.37 Mpps, 58845 Mbit/s (61144 Mbit/s with framing)
[0;34m[Device: id=0] TX[0m: 15.76 Mpps, 64569 Mbit/s (67092 Mbit/s with framing)
[1;36m[Device: id=0] RX[0m: 14.47 Mpps, 59258 Mbit/s (61573 Mbit/s with framing)
[0;34m[Device: id=0] TX[0m: 15.76 Mpps, 64569 Mbit/s (67092 Mbit/s with framing)
[1;36m[Device: id=0] RX[0m: 14.36 Mpps, 58824 Mbit/s (61122 Mbit/s with framing)
[0;34m[Device: id=0] TX[0m: 15.76 Mpps, 64569 Mbit/s (67092 Mbit/s with framing)
[1;36m[Device: id=0] RX[0m: 14.55 Mpps, 59610 Mbit/s (61939 Mbit/s with framing)
[0;34m[Device: id=0] TX[0m: 15.76 Mpps, 64569 Mbit/s (67092 Mbit/s with framing)
[1;36m[Device: id=0] RX[0m: 14.48 Mpps, 59298 Mbit/s (61614 Mbit/s with framing)
[0;34m[Device: id=0] TX[0m: 15.76 Mpps, 64567 Mbit/s (67089 Mbit/s with framing)
[1;36m[Device: id=0] RX[0m: 14.52 Mpps, 59480 Mbit/s (61803 Mbit/s with framing)
[0;34m[Device: id=0] TX[0m: 15.76 Mpps, 64569 Mbit/s (67092 Mbit/s with framing)
[1;36m[Device: id=0] RX[0m: 14.31 Mpps, 58600 Mbit/s (60889 Mbit/s with framing)
[0;34m[Device: id=0] TX[0m: 15.76 Mpps, 64569 Mbit/s (67092 Mbit/s with framing)
[1;36m[Device: id=0] RX[0m: 14.46 Mpps, 59246 Mbit/s (61560 Mbit/s with framing)
[0;34m[Device: id=0] TX[0m: 15.76 Mpps, 64569 Mbit/s (67092 Mbit/s with framing)
[1;36m[Device: id=0] RX[0m: 14.51 Mpps, 59412 Mbit/s (61733 Mbit/s with framing)
[0;34m[Device: id=0] TX[0m: 15.76 Mpps, 64569 Mbit/s (67092 Mbit/s with framing)
[1;36m[Device: id=0] RX[0m: 14.48 Mpps, 59313 Mbit/s (61630 Mbit/s with framing)
[0;34m[Device: id=0] TX[0m: 15.76 Mpps, 64569 Mbit/s (67092 Mbit/s with framing)
[1;36m[Device: id=0] RX[0m: 14.51 Mpps, 59439 Mbit/s (61760 Mbit/s with framing)
[0;34m[Device: id=0] TX[0m: 15.76 Mpps, 64569 Mbit/s (67092 Mbit/s with framing)
[1;36m[Device: id=0] RX[0m: 14.52 Mpps, 59466 Mbit/s (61789 Mbit/s with framing)
[0;34m[Device: id=0] TX[0m: 15.76 Mpps, 64569 Mbit/s (67092 Mbit/s with framing)
Samples: 15509, Average: 42291.2 ns, StdDev: 4123.5 ns, Quartiles: 40848.0/41396.0/42181.0 ns
[1;37m[INFO]  Saving histogram to '/tmp/histogram.csv'[0m
[1;36m[Device: id=0] RX[0m: 12.14 Mpps, 49715 Mbit/s (51657 Mbit/s with framing)
[1;36m[Device: id=0] RX[0m: 14.29 (StdDev 0.45) Mpps, 58539 (StdDev 1837) Mbit/s (60826 Mbit/s with framing), total 430941825 packets with 220635269460 bytes (incl. CRC)
[0;34m[Device: id=0] TX[0m: 15.76 (StdDev 0.00) Mpps, 64569 (StdDev 0) Mbit/s (67091 Mbit/s with framing), total 472714041 packets with 242022084352 bytes (incl. CRC)
