EAL: Detected CPU lcores: 24
EAL: Detected NUMA nodes: 1
EAL: Static memory layout is selected, amount of reserved memory can be adjusted with -m or --socket-mem
EAL: Detected shared linkage of DPDK
EAL: Multi-process socket /var/run/dpdk/rte/mp_socket
EAL: Selected IOVA mode 'VA'
EAL: 512 hugepages of size 2097152 reserved, but no mounted hugetlbfs found for that size
EAL: VFIO support initialized
EAL: Using IOMMU type 1 (Type 1)
EAL: Ignore mapping IO port bar(1)
EAL: Ignore mapping IO port bar(4)
EAL: Probe PCI driver: net_ice (8086:1592) device: 0000:51:00.0 (socket 0)
ice_load_pkg_type(): Active package is: 1.3.26.0, ICE OS Default Package (single VLAN mode)
TELEMETRY: No legacy callbacks, legacy socket not created
[1;33m[WARN]  malloc() allocates objects >= 1 MiB from LuaJIT memory space.[0m
[1;33m[WARN]  Install libjemalloc if you encounter out of memory errors.[0m
[1;37m[INFO]  Initializing DPDK. This will take a few seconds...[0m
[1;37m[INFO]  Found 1 usable devices:[0m
   Device 0: B4:96:91:B3:8B:04 ([0;32mIntel Corporation Ethernet Controller E810-C for QSFP[0m)
[1;37m[INFO]  Waiting for devices to come up...[0m
[1;37m[INFO]  Device 0 (B4:96:91:B3:8B:04) is up: full-duplex 100000 MBit/s[0m
[1;37m[INFO]  [0;32m1 device is up.[0m[0m
Could not set max bandwidth limit for queue 0!
[1;36m[Device: id=0] RX[0m: 11.55 Mpps, 94612 Mbit/s (96460 Mbit/s with framing)
[0;34m[Device: id=0] TX[0m: 11.97 Mpps, 98084 Mbit/s (99999 Mbit/s with framing)
[1;36m[Device: id=0] RX[0m: 11.58 Mpps, 94852 Mbit/s (96705 Mbit/s with framing)
[0;34m[Device: id=0] TX[0m: 11.97 Mpps, 98084 Mbit/s (100000 Mbit/s with framing)
[1;36m[Device: id=0] RX[0m: 11.40 Mpps, 93339 Mbit/s (95162 Mbit/s with framing)
[0;34m[Device: id=0] TX[0m: 11.97 Mpps, 98085 Mbit/s (100000 Mbit/s with framing)
[1;36m[Device: id=0] RX[0m: 11.35 Mpps, 92983 Mbit/s (94799 Mbit/s with framing)
[0;34m[Device: id=0] TX[0m: 11.97 Mpps, 98085 Mbit/s (100000 Mbit/s with framing)
[1;36m[Device: id=0] RX[0m: 11.46 Mpps, 93896 Mbit/s (95730 Mbit/s with framing)
[0;34m[Device: id=0] TX[0m: 11.97 Mpps, 98085 Mbit/s (100001 Mbit/s with framing)
[1;36m[Device: id=0] RX[0m: 11.23 Mpps, 91945 Mbit/s (93741 Mbit/s with framing)
[0;34m[Device: id=0] TX[0m: 11.97 Mpps, 98085 Mbit/s (100000 Mbit/s with framing)
[1;36m[Device: id=0] RX[0m: 11.59 Mpps, 94956 Mbit/s (96811 Mbit/s with framing)
[0;34m[Device: id=0] TX[0m: 11.97 Mpps, 98085 Mbit/s (100000 Mbit/s with framing)
[1;36m[Device: id=0] RX[0m: 10.88 Mpps, 89106 Mbit/s (90847 Mbit/s with framing)
[0;34m[Device: id=0] TX[0m: 11.97 Mpps, 98085 Mbit/s (100000 Mbit/s with framing)
[1;36m[Device: id=0] RX[0m: 11.40 Mpps, 93407 Mbit/s (95231 Mbit/s with framing)
[0;34m[Device: id=0] TX[0m: 11.97 Mpps, 98085 Mbit/s (100001 Mbit/s with framing)
[1;36m[Device: id=0] RX[0m: 11.24 Mpps, 92049 Mbit/s (93847 Mbit/s with framing)
[0;34m[Device: id=0] TX[0m: 11.97 Mpps, 98084 Mbit/s (100000 Mbit/s with framing)
[1;36m[Device: id=0] RX[0m: 11.13 Mpps, 91182 Mbit/s (92963 Mbit/s with framing)
[0;34m[Device: id=0] TX[0m: 11.97 Mpps, 98085 Mbit/s (100000 Mbit/s with framing)
[1;36m[Device: id=0] RX[0m: 11.34 Mpps, 92914 Mbit/s (94729 Mbit/s with framing)
[0;34m[Device: id=0] TX[0m: 11.97 Mpps, 98085 Mbit/s (100000 Mbit/s with framing)
[1;36m[Device: id=0] RX[0m: 10.96 Mpps, 89786 Mbit/s (91539 Mbit/s with framing)
[0;34m[Device: id=0] TX[0m: 11.97 Mpps, 98085 Mbit/s (100001 Mbit/s with framing)
[1;36m[Device: id=0] RX[0m: 11.16 Mpps, 91386 Mbit/s (93171 Mbit/s with framing)
[0;34m[Device: id=0] TX[0m: 11.97 Mpps, 98085 Mbit/s (100000 Mbit/s with framing)
[1;36m[Device: id=0] RX[0m: 11.25 Mpps, 92165 Mbit/s (93965 Mbit/s with framing)
[0;34m[Device: id=0] TX[0m: 11.97 Mpps, 98084 Mbit/s (100000 Mbit/s with framing)
[1;36m[Device: id=0] RX[0m: 11.18 Mpps, 91544 Mbit/s (93332 Mbit/s with framing)
[0;34m[Device: id=0] TX[0m: 11.97 Mpps, 98085 Mbit/s (100000 Mbit/s with framing)
[1;36m[Device: id=0] RX[0m: 11.42 Mpps, 93568 Mbit/s (95395 Mbit/s with framing)
[0;34m[Device: id=0] TX[0m: 11.97 Mpps, 98085 Mbit/s (100000 Mbit/s with framing)
[1;36m[Device: id=0] RX[0m: 10.48 Mpps, 85848 Mbit/s (87525 Mbit/s with framing)
[0;34m[Device: id=0] TX[0m: 11.97 Mpps, 98085 Mbit/s (100001 Mbit/s with framing)
[1;36m[Device: id=0] RX[0m: 10.91 Mpps, 89394 Mbit/s (91140 Mbit/s with framing)
[0;34m[Device: id=0] TX[0m: 11.97 Mpps, 98085 Mbit/s (100000 Mbit/s with framing)
[1;36m[Device: id=0] RX[0m: 10.76 Mpps, 88113 Mbit/s (89835 Mbit/s with framing)
[0;34m[Device: id=0] TX[0m: 11.97 Mpps, 98085 Mbit/s (100000 Mbit/s with framing)
[1;36m[Device: id=0] RX[0m: 10.62 Mpps, 86997 Mbit/s (88696 Mbit/s with framing)
[0;34m[Device: id=0] TX[0m: 11.97 Mpps, 98085 Mbit/s (100000 Mbit/s with framing)
[1;36m[Device: id=0] RX[0m: 10.71 Mpps, 87757 Mbit/s (89471 Mbit/s with framing)
[0;34m[Device: id=0] TX[0m: 11.97 Mpps, 98085 Mbit/s (100000 Mbit/s with framing)
[1;36m[Device: id=0] RX[0m: 10.89 Mpps, 89165 Mbit/s (90907 Mbit/s with framing)
[0;34m[Device: id=0] TX[0m: 11.97 Mpps, 98085 Mbit/s (100001 Mbit/s with framing)
[1;36m[Device: id=0] RX[0m: 10.81 Mpps, 88514 Mbit/s (90243 Mbit/s with framing)
[0;34m[Device: id=0] TX[0m: 11.97 Mpps, 98084 Mbit/s (100000 Mbit/s with framing)
[1;36m[Device: id=0] RX[0m: 11.10 Mpps, 90906 Mbit/s (92681 Mbit/s with framing)
[0;34m[Device: id=0] TX[0m: 11.97 Mpps, 98085 Mbit/s (100001 Mbit/s with framing)
[1;36m[Device: id=0] RX[0m: 11.11 Mpps, 91043 Mbit/s (92821 Mbit/s with framing)
[0;34m[Device: id=0] TX[0m: 11.97 Mpps, 98085 Mbit/s (100001 Mbit/s with framing)
[1;36m[Device: id=0] RX[0m: 11.14 Mpps, 91286 Mbit/s (93069 Mbit/s with framing)
[0;34m[Device: id=0] TX[0m: 11.97 Mpps, 98086 Mbit/s (100002 Mbit/s with framing)
[1;36m[Device: id=0] RX[0m: 11.50 Mpps, 94175 Mbit/s (96015 Mbit/s with framing)
[0;34m[Device: id=0] TX[0m: 11.97 Mpps, 98084 Mbit/s (100000 Mbit/s with framing)
[1;36m[Device: id=0] RX[0m: 11.43 Mpps, 93604 Mbit/s (95433 Mbit/s with framing)
[0;34m[Device: id=0] TX[0m: 11.97 Mpps, 98085 Mbit/s (100001 Mbit/s with framing)
Samples: 36769, Average: 126915.7 ns, StdDev: 11101.9 ns, Quartiles: 124346.0/126111.0/127568.0 ns
[1;37m[INFO]  Saving histogram to '/tmp/histogram.csv'[0m
[1;36m[Device: id=0] RX[0m: 9.30 Mpps, 76156 Mbit/s (77643 Mbit/s with framing)
[1;36m[Device: id=0] RX[0m: 11.08 (StdDev 0.45) Mpps, 90760 (StdDev 3696) Mbit/s (92533 Mbit/s with framing), total 334605791 packets with 342601035422 bytes (incl. CRC)
[0;34m[Device: id=0] TX[0m: 11.97 (StdDev 0.00) Mpps, 98085 (StdDev 0) Mbit/s (100000 Mbit/s with framing), total 359050556 packets with 367631835264 bytes (incl. CRC)
