EAL: Detected CPU lcores: 24
EAL: Detected NUMA nodes: 1
EAL: Static memory layout is selected, amount of reserved memory can be adjusted with -m or --socket-mem
EAL: Detected shared linkage of DPDK
EAL: Multi-process socket /var/run/dpdk/rte/mp_socket
EAL: Selected IOVA mode 'VA'
EAL: 512 hugepages of size 2097152 reserved, but no mounted hugetlbfs found for that size
EAL: VFIO support initialized
EAL: Using IOMMU type 1 (Type 1)
EAL: Ignore mapping IO port bar(1)
EAL: Ignore mapping IO port bar(4)
EAL: Probe PCI driver: net_ice (8086:1592) device: 0000:51:00.0 (socket 0)
ice_load_pkg_type(): Active package is: 1.3.26.0, ICE OS Default Package (single VLAN mode)
TELEMETRY: No legacy callbacks, legacy socket not created
[1;33m[WARN]  malloc() allocates objects >= 1 MiB from LuaJIT memory space.[0m
[1;33m[WARN]  Install libjemalloc if you encounter out of memory errors.[0m
[1;37m[INFO]  Initializing DPDK. This will take a few seconds...[0m
[1;37m[INFO]  Found 1 usable devices:[0m
   Device 0: B4:96:91:B3:8B:04 ([0;32mIntel Corporation Ethernet Controller E810-C for QSFP[0m)
[1;37m[INFO]  Waiting for devices to come up...[0m
[1;37m[INFO]  Device 0 (B4:96:91:B3:8B:04) is up: full-duplex 100000 MBit/s[0m
[1;37m[INFO]  [0;32m1 device is up.[0m[0m
Could not set max bandwidth limit for queue 0!
[1;36m[Device: id=0] RX[0m: 11.94 Mpps, 24448 Mbit/s (26359 Mbit/s with framing)
[0;34m[Device: id=0] TX[0m: 45.28 Mpps, 92742 Mbit/s (99987 Mbit/s with framing)
[1;36m[Device: id=0] RX[0m: 11.51 Mpps, 23581 Mbit/s (25423 Mbit/s with framing)
[0;34m[Device: id=0] TX[0m: 45.29 Mpps, 92744 Mbit/s (99990 Mbit/s with framing)
[1;36m[Device: id=0] RX[0m: 12.13 Mpps, 24835 Mbit/s (26775 Mbit/s with framing)
[0;34m[Device: id=0] TX[0m: 45.28 Mpps, 92736 Mbit/s (99982 Mbit/s with framing)
[1;36m[Device: id=0] RX[0m: 11.93 Mpps, 24441 Mbit/s (26351 Mbit/s with framing)
[0;34m[Device: id=0] TX[0m: 45.29 Mpps, 92744 Mbit/s (99990 Mbit/s with framing)
[1;36m[Device: id=0] RX[0m: 11.90 Mpps, 24371 Mbit/s (26275 Mbit/s with framing)
[0;34m[Device: id=0] TX[0m: 45.28 Mpps, 92737 Mbit/s (99982 Mbit/s with framing)
[1;36m[Device: id=0] RX[0m: 12.09 Mpps, 24750 Mbit/s (26684 Mbit/s with framing)
[0;34m[Device: id=0] TX[0m: 45.29 Mpps, 92744 Mbit/s (99990 Mbit/s with framing)
[1;36m[Device: id=0] RX[0m: 12.52 Mpps, 25639 Mbit/s (27642 Mbit/s with framing)
[0;34m[Device: id=0] TX[0m: 45.14 Mpps, 92445 Mbit/s (99668 Mbit/s with framing)
[1;36m[Device: id=0] RX[0m: 12.11 Mpps, 24792 Mbit/s (26729 Mbit/s with framing)
[0;34m[Device: id=0] TX[0m: 45.28 Mpps, 92726 Mbit/s (99971 Mbit/s with framing)
[1;36m[Device: id=0] RX[0m: 11.97 Mpps, 24517 Mbit/s (26432 Mbit/s with framing)
[0;34m[Device: id=0] TX[0m: 45.29 Mpps, 92744 Mbit/s (99990 Mbit/s with framing)
[1;36m[Device: id=0] RX[0m: 11.56 Mpps, 23677 Mbit/s (25527 Mbit/s with framing)
[0;34m[Device: id=0] TX[0m: 45.28 Mpps, 92736 Mbit/s (99981 Mbit/s with framing)
[1;36m[Device: id=0] RX[0m: 11.57 Mpps, 23703 Mbit/s (25554 Mbit/s with framing)
[0;34m[Device: id=0] TX[0m: 45.29 Mpps, 92744 Mbit/s (99990 Mbit/s with framing)
[1;36m[Device: id=0] RX[0m: 11.96 Mpps, 24493 Mbit/s (26406 Mbit/s with framing)
[0;34m[Device: id=0] TX[0m: 45.29 Mpps, 92744 Mbit/s (99990 Mbit/s with framing)
[1;36m[Device: id=0] RX[0m: 12.09 Mpps, 24760 Mbit/s (26694 Mbit/s with framing)
[0;34m[Device: id=0] TX[0m: 45.29 Mpps, 92744 Mbit/s (99990 Mbit/s with framing)
[1;36m[Device: id=0] RX[0m: 11.92 Mpps, 24403 Mbit/s (26310 Mbit/s with framing)
[0;34m[Device: id=0] TX[0m: 45.28 Mpps, 92737 Mbit/s (99982 Mbit/s with framing)
[1;36m[Device: id=0] RX[0m: 11.93 Mpps, 24425 Mbit/s (26334 Mbit/s with framing)
[0;34m[Device: id=0] TX[0m: 45.28 Mpps, 92737 Mbit/s (99983 Mbit/s with framing)
[1;36m[Device: id=0] RX[0m: 12.12 Mpps, 24812 Mbit/s (26751 Mbit/s with framing)
[0;34m[Device: id=0] TX[0m: 45.29 Mpps, 92744 Mbit/s (99990 Mbit/s with framing)
[1;36m[Device: id=0] RX[0m: 11.73 Mpps, 24025 Mbit/s (25902 Mbit/s with framing)
[0;34m[Device: id=0] TX[0m: 45.28 Mpps, 92737 Mbit/s (99982 Mbit/s with framing)
[1;36m[Device: id=0] RX[0m: 11.83 Mpps, 24224 Mbit/s (26117 Mbit/s with framing)
[0;34m[Device: id=0] TX[0m: 45.28 Mpps, 92731 Mbit/s (99975 Mbit/s with framing)
[1;36m[Device: id=0] RX[0m: 12.10 Mpps, 24784 Mbit/s (26720 Mbit/s with framing)
[0;34m[Device: id=0] TX[0m: 45.29 Mpps, 92744 Mbit/s (99990 Mbit/s with framing)
[1;36m[Device: id=0] RX[0m: 11.58 Mpps, 23708 Mbit/s (25560 Mbit/s with framing)
[0;34m[Device: id=0] TX[0m: 45.28 Mpps, 92737 Mbit/s (99982 Mbit/s with framing)
[1;36m[Device: id=0] RX[0m: 11.76 Mpps, 24086 Mbit/s (25967 Mbit/s with framing)
[0;34m[Device: id=0] TX[0m: 45.29 Mpps, 92745 Mbit/s (99990 Mbit/s with framing)
[1;36m[Device: id=0] RX[0m: 11.79 Mpps, 24142 Mbit/s (26028 Mbit/s with framing)
[0;34m[Device: id=0] TX[0m: 45.29 Mpps, 92744 Mbit/s (99990 Mbit/s with framing)
[1;36m[Device: id=0] RX[0m: 11.99 Mpps, 24554 Mbit/s (26472 Mbit/s with framing)
[0;34m[Device: id=0] TX[0m: 45.29 Mpps, 92744 Mbit/s (99990 Mbit/s with framing)
[1;36m[Device: id=0] RX[0m: 11.81 Mpps, 24178 Mbit/s (26067 Mbit/s with framing)
[0;34m[Device: id=0] TX[0m: 45.28 Mpps, 92736 Mbit/s (99981 Mbit/s with framing)
[1;36m[Device: id=0] RX[0m: 11.83 Mpps, 24221 Mbit/s (26113 Mbit/s with framing)
[0;34m[Device: id=0] TX[0m: 45.28 Mpps, 92737 Mbit/s (99982 Mbit/s with framing)
[1;36m[Device: id=0] RX[0m: 11.83 Mpps, 24220 Mbit/s (26113 Mbit/s with framing)
[0;34m[Device: id=0] TX[0m: 45.28 Mpps, 92738 Mbit/s (99983 Mbit/s with framing)
[1;36m[Device: id=0] RX[0m: 11.84 Mpps, 24244 Mbit/s (26138 Mbit/s with framing)
[0;34m[Device: id=0] TX[0m: 45.28 Mpps, 92737 Mbit/s (99982 Mbit/s with framing)
[1;36m[Device: id=0] RX[0m: 12.31 Mpps, 25208 Mbit/s (27178 Mbit/s with framing)
[0;34m[Device: id=0] TX[0m: 45.28 Mpps, 92742 Mbit/s (99988 Mbit/s with framing)
[1;36m[Device: id=0] RX[0m: 11.79 Mpps, 24145 Mbit/s (26032 Mbit/s with framing)
[0;34m[Device: id=0] TX[0m: 45.28 Mpps, 92737 Mbit/s (99982 Mbit/s with framing)
Samples: 502, Average: 51673.7 ns, StdDev: 4057.6 ns, Quartiles: 46480.0/53277.0/54034.0 ns
[1;37m[INFO]  Saving histogram to '/tmp/histogram.csv'[0m
[1;36m[Device: id=0] RX[0m: 10.26 Mpps, 21016 Mbit/s (22658 Mbit/s with framing)
[1;36m[Device: id=0] RX[0m: 11.85 (StdDev 0.38) Mpps, 24274 (StdDev 775) Mbit/s (26171 Mbit/s with framing), total 357452068 packets with 91507631764 bytes (incl. CRC)
[0;34m[Device: id=0] TX[0m: 45.28 (StdDev 0.03) Mpps, 92729 (StdDev 56) Mbit/s (99974 Mbit/s with framing), total 1357778659 packets with 347590973760 bytes (incl. CRC)
