EAL: Detected CPU lcores: 24
EAL: Detected NUMA nodes: 1
EAL: Static memory layout is selected, amount of reserved memory can be adjusted with -m or --socket-mem
EAL: Detected shared linkage of DPDK
EAL: Multi-process socket /var/run/dpdk/rte/mp_socket
EAL: Selected IOVA mode 'VA'
EAL: 512 hugepages of size 2097152 reserved, but no mounted hugetlbfs found for that size
EAL: VFIO support initialized
EAL: Using IOMMU type 1 (Type 1)
EAL: Ignore mapping IO port bar(1)
EAL: Ignore mapping IO port bar(4)
EAL: Probe PCI driver: net_ice (8086:1592) device: 0000:51:00.0 (socket 0)
ice_load_pkg_type(): Active package is: 1.3.26.0, ICE OS Default Package (single VLAN mode)
TELEMETRY: No legacy callbacks, legacy socket not created
[1;33m[WARN]  malloc() allocates objects >= 1 MiB from LuaJIT memory space.[0m
[1;33m[WARN]  Install libjemalloc if you encounter out of memory errors.[0m
[1;37m[INFO]  Initializing DPDK. This will take a few seconds...[0m
[1;37m[INFO]  Found 1 usable devices:[0m
   Device 0: B4:96:91:B3:8B:04 ([0;32mIntel Corporation Ethernet Controller E810-C for QSFP[0m)
[1;37m[INFO]  Waiting for devices to come up...[0m
[1;37m[INFO]  Device 0 (B4:96:91:B3:8B:04) is up: full-duplex 100000 MBit/s[0m
[1;37m[INFO]  [0;32m1 device is up.[0m[0m
Could not set max bandwidth limit for queue 0!
[1;36m[Device: id=0] RX[0m: 13.42 Mpps, 82429 Mbit/s (84576 Mbit/s with framing)
[0;34m[Device: id=0] TX[0m: 15.86 Mpps, 97459 Mbit/s (99997 Mbit/s with framing)
[1;36m[Device: id=0] RX[0m: 13.42 Mpps, 82449 Mbit/s (84596 Mbit/s with framing)
[0;34m[Device: id=0] TX[0m: 15.86 Mpps, 97460 Mbit/s (99998 Mbit/s with framing)
[1;36m[Device: id=0] RX[0m: 13.75 Mpps, 84447 Mbit/s (86647 Mbit/s with framing)
[0;34m[Device: id=0] TX[0m: 15.86 Mpps, 97460 Mbit/s (99998 Mbit/s with framing)
[1;36m[Device: id=0] RX[0m: 13.78 Mpps, 84653 Mbit/s (86858 Mbit/s with framing)
[0;34m[Device: id=0] TX[0m: 15.86 Mpps, 97460 Mbit/s (99998 Mbit/s with framing)
[1;36m[Device: id=0] RX[0m: 13.56 Mpps, 83297 Mbit/s (85466 Mbit/s with framing)
[0;34m[Device: id=0] TX[0m: 15.86 Mpps, 97460 Mbit/s (99998 Mbit/s with framing)
[1;36m[Device: id=0] RX[0m: 13.91 Mpps, 85475 Mbit/s (87701 Mbit/s with framing)
[0;34m[Device: id=0] TX[0m: 15.86 Mpps, 97460 Mbit/s (99998 Mbit/s with framing)
[1;36m[Device: id=0] RX[0m: 13.83 Mpps, 84994 Mbit/s (87207 Mbit/s with framing)
[0;34m[Device: id=0] TX[0m: 15.86 Mpps, 97460 Mbit/s (99998 Mbit/s with framing)
[1;36m[Device: id=0] RX[0m: 13.33 Mpps, 81900 Mbit/s (84033 Mbit/s with framing)
[0;34m[Device: id=0] TX[0m: 15.86 Mpps, 97460 Mbit/s (99998 Mbit/s with framing)
[1;36m[Device: id=0] RX[0m: 13.46 Mpps, 82710 Mbit/s (84864 Mbit/s with framing)
[0;34m[Device: id=0] TX[0m: 15.86 Mpps, 97460 Mbit/s (99998 Mbit/s with framing)
[1;36m[Device: id=0] RX[0m: 13.96 Mpps, 85748 Mbit/s (87981 Mbit/s with framing)
[0;34m[Device: id=0] TX[0m: 15.86 Mpps, 97460 Mbit/s (99998 Mbit/s with framing)
[1;36m[Device: id=0] RX[0m: 13.51 Mpps, 82990 Mbit/s (85151 Mbit/s with framing)
[0;34m[Device: id=0] TX[0m: 15.86 Mpps, 97460 Mbit/s (99998 Mbit/s with framing)
[1;36m[Device: id=0] RX[0m: 14.11 Mpps, 86703 Mbit/s (88961 Mbit/s with framing)
[0;34m[Device: id=0] TX[0m: 15.86 Mpps, 97460 Mbit/s (99998 Mbit/s with framing)
[1;36m[Device: id=0] RX[0m: 13.76 Mpps, 84509 Mbit/s (86710 Mbit/s with framing)
[0;34m[Device: id=0] TX[0m: 15.86 Mpps, 97460 Mbit/s (99998 Mbit/s with framing)
[1;36m[Device: id=0] RX[0m: 13.63 Mpps, 83755 Mbit/s (85936 Mbit/s with framing)
[0;34m[Device: id=0] TX[0m: 15.86 Mpps, 97460 Mbit/s (99998 Mbit/s with framing)
[1;36m[Device: id=0] RX[0m: 13.84 Mpps, 85037 Mbit/s (87252 Mbit/s with framing)
[0;34m[Device: id=0] TX[0m: 15.86 Mpps, 97460 Mbit/s (99998 Mbit/s with framing)
[1;36m[Device: id=0] RX[0m: 13.26 Mpps, 81465 Mbit/s (83587 Mbit/s with framing)
[0;34m[Device: id=0] TX[0m: 15.86 Mpps, 97460 Mbit/s (99998 Mbit/s with framing)
[1;36m[Device: id=0] RX[0m: 13.81 Mpps, 84844 Mbit/s (87053 Mbit/s with framing)
[0;34m[Device: id=0] TX[0m: 15.86 Mpps, 97461 Mbit/s (99999 Mbit/s with framing)
[1;36m[Device: id=0] RX[0m: 13.89 Mpps, 85329 Mbit/s (87551 Mbit/s with framing)
[0;34m[Device: id=0] TX[0m: 15.86 Mpps, 97460 Mbit/s (99998 Mbit/s with framing)
[1;36m[Device: id=0] RX[0m: 13.43 Mpps, 82494 Mbit/s (84643 Mbit/s with framing)
[0;34m[Device: id=0] TX[0m: 15.86 Mpps, 97460 Mbit/s (99998 Mbit/s with framing)
[1;36m[Device: id=0] RX[0m: 13.82 Mpps, 84927 Mbit/s (87139 Mbit/s with framing)
[0;34m[Device: id=0] TX[0m: 15.86 Mpps, 97460 Mbit/s (99998 Mbit/s with framing)
[1;36m[Device: id=0] RX[0m: 13.67 Mpps, 84003 Mbit/s (86191 Mbit/s with framing)
[0;34m[Device: id=0] TX[0m: 15.86 Mpps, 97460 Mbit/s (99998 Mbit/s with framing)
[1;36m[Device: id=0] RX[0m: 13.82 Mpps, 84922 Mbit/s (87133 Mbit/s with framing)
[0;34m[Device: id=0] TX[0m: 15.86 Mpps, 97460 Mbit/s (99998 Mbit/s with framing)
[1;36m[Device: id=0] RX[0m: 13.82 Mpps, 84922 Mbit/s (87134 Mbit/s with framing)
[0;34m[Device: id=0] TX[0m: 15.86 Mpps, 97460 Mbit/s (99998 Mbit/s with framing)
[1;36m[Device: id=0] RX[0m: 13.43 Mpps, 82523 Mbit/s (84672 Mbit/s with framing)
[0;34m[Device: id=0] TX[0m: 15.86 Mpps, 97460 Mbit/s (99998 Mbit/s with framing)
[1;36m[Device: id=0] RX[0m: 13.91 Mpps, 85431 Mbit/s (87655 Mbit/s with framing)
[0;34m[Device: id=0] TX[0m: 15.86 Mpps, 97460 Mbit/s (99998 Mbit/s with framing)
[1;36m[Device: id=0] RX[0m: 14.06 Mpps, 86362 Mbit/s (88611 Mbit/s with framing)
[0;34m[Device: id=0] TX[0m: 15.86 Mpps, 97460 Mbit/s (99998 Mbit/s with framing)
[1;36m[Device: id=0] RX[0m: 13.14 Mpps, 80722 Mbit/s (82824 Mbit/s with framing)
[0;34m[Device: id=0] TX[0m: 15.86 Mpps, 97461 Mbit/s (99999 Mbit/s with framing)
[1;36m[Device: id=0] RX[0m: 13.78 Mpps, 84662 Mbit/s (86867 Mbit/s with framing)
[0;34m[Device: id=0] TX[0m: 15.86 Mpps, 97460 Mbit/s (99998 Mbit/s with framing)
[1;36m[Device: id=0] RX[0m: 13.75 Mpps, 84469 Mbit/s (86669 Mbit/s with framing)
[0;34m[Device: id=0] TX[0m: 15.86 Mpps, 97460 Mbit/s (99998 Mbit/s with framing)
Samples: 10383, Average: 50016.7 ns, StdDev: 23056.8 ns, Quartiles: 43012.0/43424.0/44019.0 ns
[1;37m[INFO]  Saving histogram to '/tmp/histogram.csv'[0m
[1;36m[Device: id=0] RX[0m: 11.33 Mpps, 69631 Mbit/s (71445 Mbit/s with framing)
[1;36m[Device: id=0] RX[0m: 13.61 (StdDev 0.50) Mpps, 83634 (StdDev 3065) Mbit/s (85812 Mbit/s with framing), total 410234799 packets with 315053020372 bytes (incl. CRC)
[0;34m[Device: id=0] TX[0m: 15.86 (StdDev 0.00) Mpps, 97460 (StdDev 0) Mbit/s (99998 Mbit/s with framing), total 475387523 packets with 365089370432 bytes (incl. CRC)
