EAL: Detected CPU lcores: 24
EAL: Detected NUMA nodes: 1
EAL: Static memory layout is selected, amount of reserved memory can be adjusted with -m or --socket-mem
EAL: Detected shared linkage of DPDK
EAL: Multi-process socket /var/run/dpdk/rte/mp_socket
EAL: Selected IOVA mode 'VA'
EAL: 512 hugepages of size 2097152 reserved, but no mounted hugetlbfs found for that size
EAL: VFIO support initialized
EAL: Using IOMMU type 1 (Type 1)
EAL: Ignore mapping IO port bar(1)
EAL: Ignore mapping IO port bar(4)
EAL: Probe PCI driver: net_ice (8086:1592) device: 0000:51:00.0 (socket 0)
ice_load_pkg_type(): Active package is: 1.3.26.0, ICE OS Default Package (single VLAN mode)
TELEMETRY: No legacy callbacks, legacy socket not created
[1;33m[WARN]  malloc() allocates objects >= 1 MiB from LuaJIT memory space.[0m
[1;33m[WARN]  Install libjemalloc if you encounter out of memory errors.[0m
[1;37m[INFO]  Initializing DPDK. This will take a few seconds...[0m
[1;37m[INFO]  Found 1 usable devices:[0m
   Device 0: B4:96:91:B3:8B:04 ([0;32mIntel Corporation Ethernet Controller E810-C for QSFP[0m)
[1;37m[INFO]  Waiting for devices to come up...[0m
[1;37m[INFO]  Device 0 (B4:96:91:B3:8B:04) is up: full-duplex 100000 MBit/s[0m
[1;37m[INFO]  [0;32m1 device is up.[0m[0m
[1;36m[Device: id=0] RX[0m: 12.81 Mpps, 72128 Mbit/s (74177 Mbit/s with framing)
[0;34m[Device: id=0] TX[0m: 15.75 Mpps, 88708 Mbit/s (91228 Mbit/s with framing)
[1;36m[Device: id=0] RX[0m: 13.16 Mpps, 74143 Mbit/s (76250 Mbit/s with framing)
[0;34m[Device: id=0] TX[0m: 15.75 Mpps, 88709 Mbit/s (91229 Mbit/s with framing)
[1;36m[Device: id=0] RX[0m: 12.55 Mpps, 70677 Mbit/s (72685 Mbit/s with framing)
[0;34m[Device: id=0] TX[0m: 15.75 Mpps, 88709 Mbit/s (91229 Mbit/s with framing)
[1;36m[Device: id=0] RX[0m: 12.54 Mpps, 70646 Mbit/s (72653 Mbit/s with framing)
[0;34m[Device: id=0] TX[0m: 15.75 Mpps, 88709 Mbit/s (91229 Mbit/s with framing)
[1;36m[Device: id=0] RX[0m: 13.13 Mpps, 73935 Mbit/s (76035 Mbit/s with framing)
[0;34m[Device: id=0] TX[0m: 15.75 Mpps, 88709 Mbit/s (91229 Mbit/s with framing)
[1;36m[Device: id=0] RX[0m: 12.81 Mpps, 72162 Mbit/s (74212 Mbit/s with framing)
[0;34m[Device: id=0] TX[0m: 15.75 Mpps, 88709 Mbit/s (91229 Mbit/s with framing)
[1;36m[Device: id=0] RX[0m: 13.12 Mpps, 73912 Mbit/s (76012 Mbit/s with framing)
[0;34m[Device: id=0] TX[0m: 15.75 Mpps, 88710 Mbit/s (91230 Mbit/s with framing)
[1;36m[Device: id=0] RX[0m: 12.81 Mpps, 72128 Mbit/s (74177 Mbit/s with framing)
[0;34m[Device: id=0] TX[0m: 15.75 Mpps, 88709 Mbit/s (91229 Mbit/s with framing)
[1;36m[Device: id=0] RX[0m: 12.67 Mpps, 71347 Mbit/s (73374 Mbit/s with framing)
[0;34m[Device: id=0] TX[0m: 15.75 Mpps, 88709 Mbit/s (91229 Mbit/s with framing)
[1;36m[Device: id=0] RX[0m: 13.33 Mpps, 75090 Mbit/s (77223 Mbit/s with framing)
[0;34m[Device: id=0] TX[0m: 15.75 Mpps, 88709 Mbit/s (91229 Mbit/s with framing)
[1;36m[Device: id=0] RX[0m: 12.64 Mpps, 71185 Mbit/s (73207 Mbit/s with framing)
[0;34m[Device: id=0] TX[0m: 15.75 Mpps, 88709 Mbit/s (91229 Mbit/s with framing)
[1;36m[Device: id=0] RX[0m: 12.85 Mpps, 72365 Mbit/s (74421 Mbit/s with framing)
[0;34m[Device: id=0] TX[0m: 15.75 Mpps, 88709 Mbit/s (91229 Mbit/s with framing)
[1;36m[Device: id=0] RX[0m: 12.84 Mpps, 72333 Mbit/s (74388 Mbit/s with framing)
[0;34m[Device: id=0] TX[0m: 15.75 Mpps, 88709 Mbit/s (91230 Mbit/s with framing)
[1;36m[Device: id=0] RX[0m: 13.01 Mpps, 73282 Mbit/s (75364 Mbit/s with framing)
[0;34m[Device: id=0] TX[0m: 15.75 Mpps, 88709 Mbit/s (91229 Mbit/s with framing)
[1;36m[Device: id=0] RX[0m: 12.68 Mpps, 71418 Mbit/s (73447 Mbit/s with framing)
[0;34m[Device: id=0] TX[0m: 15.75 Mpps, 88709 Mbit/s (91229 Mbit/s with framing)
[1;36m[Device: id=0] RX[0m: 12.84 Mpps, 72295 Mbit/s (74349 Mbit/s with framing)
[0;34m[Device: id=0] TX[0m: 15.75 Mpps, 88709 Mbit/s (91229 Mbit/s with framing)
[1;36m[Device: id=0] RX[0m: 13.42 Mpps, 75568 Mbit/s (77715 Mbit/s with framing)
[0;34m[Device: id=0] TX[0m: 15.75 Mpps, 88707 Mbit/s (91227 Mbit/s with framing)
[1;36m[Device: id=0] RX[0m: 13.39 Mpps, 75398 Mbit/s (77540 Mbit/s with framing)
[0;34m[Device: id=0] TX[0m: 15.75 Mpps, 88709 Mbit/s (91229 Mbit/s with framing)
[1;36m[Device: id=0] RX[0m: 12.80 Mpps, 72089 Mbit/s (74137 Mbit/s with framing)
[0;34m[Device: id=0] TX[0m: 15.75 Mpps, 88709 Mbit/s (91229 Mbit/s with framing)
[1;36m[Device: id=0] RX[0m: 13.18 Mpps, 74222 Mbit/s (76331 Mbit/s with framing)
[0;34m[Device: id=0] TX[0m: 15.75 Mpps, 88710 Mbit/s (91230 Mbit/s with framing)
[1;36m[Device: id=0] RX[0m: 13.10 Mpps, 73772 Mbit/s (75868 Mbit/s with framing)
[0;34m[Device: id=0] TX[0m: 15.75 Mpps, 88708 Mbit/s (91229 Mbit/s with framing)
[1;36m[Device: id=0] RX[0m: 12.88 Mpps, 72527 Mbit/s (74588 Mbit/s with framing)
[0;34m[Device: id=0] TX[0m: 15.75 Mpps, 88709 Mbit/s (91229 Mbit/s with framing)
[1;36m[Device: id=0] RX[0m: 12.80 Mpps, 72084 Mbit/s (74132 Mbit/s with framing)
[0;34m[Device: id=0] TX[0m: 15.75 Mpps, 88709 Mbit/s (91229 Mbit/s with framing)
[1;36m[Device: id=0] RX[0m: 13.42 Mpps, 75590 Mbit/s (77737 Mbit/s with framing)
[0;34m[Device: id=0] TX[0m: 15.75 Mpps, 88709 Mbit/s (91229 Mbit/s with framing)
[1;36m[Device: id=0] RX[0m: 13.45 Mpps, 75735 Mbit/s (77887 Mbit/s with framing)
[0;34m[Device: id=0] TX[0m: 15.75 Mpps, 88709 Mbit/s (91229 Mbit/s with framing)
[1;36m[Device: id=0] RX[0m: 13.43 Mpps, 75633 Mbit/s (77781 Mbit/s with framing)
[0;34m[Device: id=0] TX[0m: 15.75 Mpps, 88709 Mbit/s (91229 Mbit/s with framing)
[1;36m[Device: id=0] RX[0m: 13.57 Mpps, 76426 Mbit/s (78597 Mbit/s with framing)
[0;34m[Device: id=0] TX[0m: 15.75 Mpps, 88709 Mbit/s (91229 Mbit/s with framing)
[1;36m[Device: id=0] RX[0m: 13.97 Mpps, 78678 Mbit/s (80913 Mbit/s with framing)
[0;34m[Device: id=0] TX[0m: 15.75 Mpps, 88709 Mbit/s (91229 Mbit/s with framing)
[1;36m[Device: id=0] RX[0m: 13.62 Mpps, 76733 Mbit/s (78913 Mbit/s with framing)
[0;34m[Device: id=0] TX[0m: 15.75 Mpps, 88709 Mbit/s (91229 Mbit/s with framing)
Samples: 8238, Average: 46447.7 ns, StdDev: 5985.7 ns, Quartiles: 43389.0/43859.0/44907.0 ns
[1;37m[INFO]  Saving histogram to '/tmp/histogram.csv'[0m
[1;36m[Device: id=0] RX[0m: 11.21 Mpps, 63146 Mbit/s (64940 Mbit/s with framing)
[1;36m[Device: id=0] RX[0m: 13.01 (StdDev 0.50) Mpps, 73259 (StdDev 2805) Mbit/s (75340 Mbit/s with framing), total 392064054 packets with 276007821524 bytes (incl. CRC)
[0;34m[Device: id=0] TX[0m: 15.75 (StdDev 0.00) Mpps, 88709 (StdDev 1) Mbit/s (91229 Mbit/s with framing), total 472107962 packets with 332357867264 bytes (incl. CRC)
