EAL: Detected CPU lcores: 24
EAL: Detected NUMA nodes: 1
EAL: Static memory layout is selected, amount of reserved memory can be adjusted with -m or --socket-mem
EAL: Detected shared linkage of DPDK
EAL: Multi-process socket /var/run/dpdk/rte/mp_socket
EAL: Selected IOVA mode 'VA'
EAL: 512 hugepages of size 2097152 reserved, but no mounted hugetlbfs found for that size
EAL: VFIO support initialized
EAL: Using IOMMU type 1 (Type 1)
EAL: Ignore mapping IO port bar(1)
EAL: Ignore mapping IO port bar(4)
EAL: Probe PCI driver: net_ice (8086:1592) device: 0000:51:00.0 (socket 0)
ice_load_pkg_type(): Active package is: 1.3.26.0, ICE OS Default Package (single VLAN mode)
TELEMETRY: No legacy callbacks, legacy socket not created
[1;33m[WARN]  malloc() allocates objects >= 1 MiB from LuaJIT memory space.[0m
[1;33m[WARN]  Install libjemalloc if you encounter out of memory errors.[0m
[1;37m[INFO]  Initializing DPDK. This will take a few seconds...[0m
[1;37m[INFO]  Found 1 usable devices:[0m
   Device 0: B4:96:91:B3:8B:04 ([0;32mIntel Corporation Ethernet Controller E810-C for QSFP[0m)
[1;37m[INFO]  Waiting for devices to come up...[0m
[1;37m[INFO]  Device 0 (B4:96:91:B3:8B:04) is up: full-duplex 100000 MBit/s[0m
[1;37m[INFO]  [0;32m1 device is up.[0m[0m
[1;36m[Device: id=0] RX[0m: 13.70 Mpps, 14031 Mbit/s (16223 Mbit/s with framing)
[0;34m[Device: id=0] TX[0m: 21.06 Mpps, 21561 Mbit/s (24930 Mbit/s with framing)
[1;36m[Device: id=0] RX[0m: 13.81 Mpps, 14142 Mbit/s (16352 Mbit/s with framing)
[0;34m[Device: id=0] TX[0m: 21.06 Mpps, 21562 Mbit/s (24931 Mbit/s with framing)
[1;36m[Device: id=0] RX[0m: 13.56 Mpps, 13889 Mbit/s (16059 Mbit/s with framing)
[0;34m[Device: id=0] TX[0m: 21.06 Mpps, 21562 Mbit/s (24931 Mbit/s with framing)
[1;36m[Device: id=0] RX[0m: 13.94 Mpps, 14279 Mbit/s (16510 Mbit/s with framing)
[0;34m[Device: id=0] TX[0m: 21.06 Mpps, 21561 Mbit/s (24930 Mbit/s with framing)
[1;36m[Device: id=0] RX[0m: 14.00 Mpps, 14333 Mbit/s (16572 Mbit/s with framing)
[0;34m[Device: id=0] TX[0m: 21.06 Mpps, 21562 Mbit/s (24931 Mbit/s with framing)
[1;36m[Device: id=0] RX[0m: 13.72 Mpps, 14050 Mbit/s (16246 Mbit/s with framing)
[0;34m[Device: id=0] TX[0m: 21.06 Mpps, 21562 Mbit/s (24931 Mbit/s with framing)
[1;36m[Device: id=0] RX[0m: 13.84 Mpps, 14168 Mbit/s (16382 Mbit/s with framing)
[0;34m[Device: id=0] TX[0m: 21.06 Mpps, 21562 Mbit/s (24931 Mbit/s with framing)
[1;36m[Device: id=0] RX[0m: 13.69 Mpps, 14020 Mbit/s (16211 Mbit/s with framing)
[0;34m[Device: id=0] TX[0m: 21.06 Mpps, 21562 Mbit/s (24931 Mbit/s with framing)
[1;36m[Device: id=0] RX[0m: 13.59 Mpps, 13912 Mbit/s (16086 Mbit/s with framing)
[0;34m[Device: id=0] TX[0m: 21.06 Mpps, 21562 Mbit/s (24931 Mbit/s with framing)
[1;36m[Device: id=0] RX[0m: 13.84 Mpps, 14177 Mbit/s (16392 Mbit/s with framing)
[0;34m[Device: id=0] TX[0m: 21.06 Mpps, 21562 Mbit/s (24931 Mbit/s with framing)
[1;36m[Device: id=0] RX[0m: 13.89 Mpps, 14225 Mbit/s (16447 Mbit/s with framing)
[0;34m[Device: id=0] TX[0m: 21.06 Mpps, 21562 Mbit/s (24931 Mbit/s with framing)
[1;36m[Device: id=0] RX[0m: 13.88 Mpps, 14217 Mbit/s (16439 Mbit/s with framing)
[0;34m[Device: id=0] TX[0m: 21.06 Mpps, 21562 Mbit/s (24931 Mbit/s with framing)
[1;36m[Device: id=0] RX[0m: 13.58 Mpps, 13907 Mbit/s (16079 Mbit/s with framing)
[0;34m[Device: id=0] TX[0m: 21.06 Mpps, 21562 Mbit/s (24931 Mbit/s with framing)
[1;36m[Device: id=0] RX[0m: 13.86 Mpps, 14191 Mbit/s (16408 Mbit/s with framing)
[0;34m[Device: id=0] TX[0m: 21.06 Mpps, 21562 Mbit/s (24931 Mbit/s with framing)
[1;36m[Device: id=0] RX[0m: 13.98 Mpps, 14317 Mbit/s (16554 Mbit/s with framing)
[0;34m[Device: id=0] TX[0m: 21.06 Mpps, 21562 Mbit/s (24931 Mbit/s with framing)
[1;36m[Device: id=0] RX[0m: 13.71 Mpps, 14035 Mbit/s (16228 Mbit/s with framing)
[0;34m[Device: id=0] TX[0m: 21.06 Mpps, 21562 Mbit/s (24931 Mbit/s with framing)
[1;36m[Device: id=0] RX[0m: 13.68 Mpps, 14007 Mbit/s (16196 Mbit/s with framing)
[0;34m[Device: id=0] TX[0m: 21.06 Mpps, 21562 Mbit/s (24931 Mbit/s with framing)
[1;36m[Device: id=0] RX[0m: 13.89 Mpps, 14222 Mbit/s (16445 Mbit/s with framing)
[0;34m[Device: id=0] TX[0m: 21.06 Mpps, 21562 Mbit/s (24931 Mbit/s with framing)
[1;36m[Device: id=0] RX[0m: 13.73 Mpps, 14059 Mbit/s (16255 Mbit/s with framing)
[0;34m[Device: id=0] TX[0m: 21.06 Mpps, 21562 Mbit/s (24931 Mbit/s with framing)
[1;36m[Device: id=0] RX[0m: 13.72 Mpps, 14050 Mbit/s (16245 Mbit/s with framing)
[0;34m[Device: id=0] TX[0m: 21.06 Mpps, 21562 Mbit/s (24931 Mbit/s with framing)
[1;36m[Device: id=0] RX[0m: 13.59 Mpps, 13917 Mbit/s (16091 Mbit/s with framing)
[0;34m[Device: id=0] TX[0m: 21.06 Mpps, 21562 Mbit/s (24931 Mbit/s with framing)
[1;36m[Device: id=0] RX[0m: 13.82 Mpps, 14154 Mbit/s (16365 Mbit/s with framing)
[0;34m[Device: id=0] TX[0m: 21.06 Mpps, 21562 Mbit/s (24931 Mbit/s with framing)
[1;36m[Device: id=0] RX[0m: 13.75 Mpps, 14085 Mbit/s (16285 Mbit/s with framing)
[0;34m[Device: id=0] TX[0m: 21.06 Mpps, 21561 Mbit/s (24929 Mbit/s with framing)
[1;36m[Device: id=0] RX[0m: 13.72 Mpps, 14047 Mbit/s (16242 Mbit/s with framing)
[0;34m[Device: id=0] TX[0m: 21.06 Mpps, 21562 Mbit/s (24931 Mbit/s with framing)
[1;36m[Device: id=0] RX[0m: 13.70 Mpps, 14025 Mbit/s (16216 Mbit/s with framing)
[0;34m[Device: id=0] TX[0m: 21.06 Mpps, 21562 Mbit/s (24931 Mbit/s with framing)
[1;36m[Device: id=0] RX[0m: 13.73 Mpps, 14060 Mbit/s (16256 Mbit/s with framing)
[0;34m[Device: id=0] TX[0m: 21.06 Mpps, 21562 Mbit/s (24931 Mbit/s with framing)
[1;36m[Device: id=0] RX[0m: 13.59 Mpps, 13913 Mbit/s (16087 Mbit/s with framing)
[0;34m[Device: id=0] TX[0m: 21.06 Mpps, 21562 Mbit/s (24931 Mbit/s with framing)
[1;36m[Device: id=0] RX[0m: 13.72 Mpps, 14046 Mbit/s (16241 Mbit/s with framing)
[0;34m[Device: id=0] TX[0m: 21.06 Mpps, 21561 Mbit/s (24930 Mbit/s with framing)
[1;36m[Device: id=0] RX[0m: 13.83 Mpps, 14166 Mbit/s (16379 Mbit/s with framing)
[0;34m[Device: id=0] TX[0m: 21.06 Mpps, 21562 Mbit/s (24931 Mbit/s with framing)
Samples: 3368, Average: 44089.2 ns, StdDev: 2790.8 ns, Quartiles: 42811.0/43974.0/45039.0 ns
[1;37m[INFO]  Saving histogram to '/tmp/histogram.csv'[0m
[1;36m[Device: id=0] RX[0m: 11.40 Mpps, 11671 Mbit/s (13494 Mbit/s with framing)
[1;36m[Device: id=0] RX[0m: 13.68 (StdDev 0.46) Mpps, 14010 (StdDev 467) Mbit/s (16199 Mbit/s with framing), total 412642187 packets with 52817984148 bytes (incl. CRC)
[0;34m[Device: id=0] TX[0m: 21.06 (StdDev 0.00) Mpps, 21562 (StdDev 0) Mbit/s (24931 Mbit/s with framing), total 631443966 packets with 80824523520 bytes (incl. CRC)
