EAL: Detected CPU lcores: 24
EAL: Detected NUMA nodes: 1
EAL: Static memory layout is selected, amount of reserved memory can be adjusted with -m or --socket-mem
EAL: Detected shared linkage of DPDK
EAL: Multi-process socket /var/run/dpdk/rte/mp_socket
EAL: Selected IOVA mode 'VA'
EAL: 512 hugepages of size 2097152 reserved, but no mounted hugetlbfs found for that size
EAL: VFIO support initialized
EAL: Using IOMMU type 1 (Type 1)
EAL: Ignore mapping IO port bar(1)
EAL: Ignore mapping IO port bar(4)
EAL: Probe PCI driver: net_ice (8086:1592) device: 0000:51:00.0 (socket 0)
ice_load_pkg_type(): Active package is: 1.3.26.0, ICE OS Default Package (single VLAN mode)
TELEMETRY: No legacy callbacks, legacy socket not created
[1;33m[WARN]  malloc() allocates objects >= 1 MiB from LuaJIT memory space.[0m
[1;33m[WARN]  Install libjemalloc if you encounter out of memory errors.[0m
[1;37m[INFO]  Initializing DPDK. This will take a few seconds...[0m
[1;37m[INFO]  Found 1 usable devices:[0m
   Device 0: B4:96:91:B3:8B:04 ([0;32mIntel Corporation Ethernet Controller E810-C for QSFP[0m)
[1;37m[INFO]  Waiting for devices to come up...[0m
[1;37m[INFO]  Device 0 (B4:96:91:B3:8B:04) is up: full-duplex 100000 MBit/s[0m
[1;37m[INFO]  [0;32m1 device is up.[0m[0m
Could not set max bandwidth limit for queue 0!
[1;36m[Device: id=0] RX[0m: 12.27 Mpps, 37684 Mbit/s (39646 Mbit/s with framing)
[0;34m[Device: id=0] TX[0m: 30.93 Mpps, 95020 Mbit/s (99969 Mbit/s with framing)
[1;36m[Device: id=0] RX[0m: 11.74 Mpps, 36067 Mbit/s (37945 Mbit/s with framing)
[0;34m[Device: id=0] TX[0m: 30.94 Mpps, 95042 Mbit/s (99992 Mbit/s with framing)
[1;36m[Device: id=0] RX[0m: 12.11 Mpps, 37201 Mbit/s (39139 Mbit/s with framing)
[0;34m[Device: id=0] TX[0m: 30.94 Mpps, 95042 Mbit/s (99992 Mbit/s with framing)
[1;36m[Device: id=0] RX[0m: 11.86 Mpps, 36435 Mbit/s (38332 Mbit/s with framing)
[0;34m[Device: id=0] TX[0m: 30.94 Mpps, 95042 Mbit/s (99992 Mbit/s with framing)
[1;36m[Device: id=0] RX[0m: 12.45 Mpps, 38259 Mbit/s (40251 Mbit/s with framing)
[0;34m[Device: id=0] TX[0m: 30.94 Mpps, 95042 Mbit/s (99992 Mbit/s with framing)
[1;36m[Device: id=0] RX[0m: 11.51 Mpps, 35347 Mbit/s (37188 Mbit/s with framing)
[0;34m[Device: id=0] TX[0m: 30.94 Mpps, 95042 Mbit/s (99992 Mbit/s with framing)
[1;36m[Device: id=0] RX[0m: 12.17 Mpps, 37375 Mbit/s (39322 Mbit/s with framing)
[0;34m[Device: id=0] TX[0m: 30.94 Mpps, 95042 Mbit/s (99992 Mbit/s with framing)
[1;36m[Device: id=0] RX[0m: 12.37 Mpps, 38013 Mbit/s (39993 Mbit/s with framing)
[0;34m[Device: id=0] TX[0m: 30.94 Mpps, 95042 Mbit/s (99992 Mbit/s with framing)
[1;36m[Device: id=0] RX[0m: 12.34 Mpps, 37907 Mbit/s (39882 Mbit/s with framing)
[0;34m[Device: id=0] TX[0m: 30.94 Mpps, 95042 Mbit/s (99992 Mbit/s with framing)
[1;36m[Device: id=0] RX[0m: 12.77 Mpps, 39222 Mbit/s (41265 Mbit/s with framing)
[0;34m[Device: id=0] TX[0m: 30.94 Mpps, 95042 Mbit/s (99992 Mbit/s with framing)
[1;36m[Device: id=0] RX[0m: 13.03 Mpps, 40031 Mbit/s (42116 Mbit/s with framing)
[0;34m[Device: id=0] TX[0m: 30.94 Mpps, 95042 Mbit/s (99992 Mbit/s with framing)
[1;36m[Device: id=0] RX[0m: 12.29 Mpps, 37750 Mbit/s (39717 Mbit/s with framing)
[0;34m[Device: id=0] TX[0m: 30.94 Mpps, 95042 Mbit/s (99993 Mbit/s with framing)
[1;36m[Device: id=0] RX[0m: 12.68 Mpps, 38952 Mbit/s (40980 Mbit/s with framing)
[0;34m[Device: id=0] TX[0m: 30.94 Mpps, 95042 Mbit/s (99992 Mbit/s with framing)
[1;36m[Device: id=0] RX[0m: 12.34 Mpps, 37912 Mbit/s (39887 Mbit/s with framing)
[0;34m[Device: id=0] TX[0m: 30.94 Mpps, 95042 Mbit/s (99992 Mbit/s with framing)
[1;36m[Device: id=0] RX[0m: 12.39 Mpps, 38054 Mbit/s (40036 Mbit/s with framing)
[0;34m[Device: id=0] TX[0m: 30.94 Mpps, 95042 Mbit/s (99992 Mbit/s with framing)
[1;36m[Device: id=0] RX[0m: 12.62 Mpps, 38779 Mbit/s (40799 Mbit/s with framing)
[0;34m[Device: id=0] TX[0m: 30.94 Mpps, 95043 Mbit/s (99993 Mbit/s with framing)
[1;36m[Device: id=0] RX[0m: 12.42 Mpps, 38147 Mbit/s (40134 Mbit/s with framing)
[0;34m[Device: id=0] TX[0m: 30.94 Mpps, 95041 Mbit/s (99991 Mbit/s with framing)
[1;36m[Device: id=0] RX[0m: 12.41 Mpps, 38114 Mbit/s (40099 Mbit/s with framing)
[0;34m[Device: id=0] TX[0m: 30.94 Mpps, 95042 Mbit/s (99992 Mbit/s with framing)
[1;36m[Device: id=0] RX[0m: 11.59 Mpps, 35618 Mbit/s (37473 Mbit/s with framing)
[0;34m[Device: id=0] TX[0m: 30.94 Mpps, 95043 Mbit/s (99993 Mbit/s with framing)
[1;36m[Device: id=0] RX[0m: 12.70 Mpps, 39008 Mbit/s (41040 Mbit/s with framing)
[0;34m[Device: id=0] TX[0m: 30.94 Mpps, 95041 Mbit/s (99991 Mbit/s with framing)
[1;36m[Device: id=0] RX[0m: 12.50 Mpps, 38413 Mbit/s (40414 Mbit/s with framing)
[0;34m[Device: id=0] TX[0m: 30.94 Mpps, 95042 Mbit/s (99992 Mbit/s with framing)
[1;36m[Device: id=0] RX[0m: 12.62 Mpps, 38764 Mbit/s (40783 Mbit/s with framing)
[0;34m[Device: id=0] TX[0m: 30.94 Mpps, 95042 Mbit/s (99992 Mbit/s with framing)
[1;36m[Device: id=0] RX[0m: 12.56 Mpps, 38591 Mbit/s (40601 Mbit/s with framing)
[0;34m[Device: id=0] TX[0m: 30.94 Mpps, 95041 Mbit/s (99991 Mbit/s with framing)
[1;36m[Device: id=0] RX[0m: 12.51 Mpps, 38444 Mbit/s (40446 Mbit/s with framing)
[0;34m[Device: id=0] TX[0m: 30.94 Mpps, 95042 Mbit/s (99992 Mbit/s with framing)
[1;36m[Device: id=0] RX[0m: 12.69 Mpps, 38983 Mbit/s (41013 Mbit/s with framing)
[0;34m[Device: id=0] TX[0m: 30.94 Mpps, 95042 Mbit/s (99992 Mbit/s with framing)
[1;36m[Device: id=0] RX[0m: 12.69 Mpps, 38980 Mbit/s (41010 Mbit/s with framing)
[0;34m[Device: id=0] TX[0m: 30.94 Mpps, 95042 Mbit/s (99992 Mbit/s with framing)
[1;36m[Device: id=0] RX[0m: 12.00 Mpps, 36870 Mbit/s (38790 Mbit/s with framing)
[0;34m[Device: id=0] TX[0m: 30.94 Mpps, 95042 Mbit/s (99992 Mbit/s with framing)
[1;36m[Device: id=0] RX[0m: 12.17 Mpps, 37393 Mbit/s (39340 Mbit/s with framing)
[0;34m[Device: id=0] TX[0m: 30.94 Mpps, 95042 Mbit/s (99992 Mbit/s with framing)
[1;36m[Device: id=0] RX[0m: 12.06 Mpps, 37051 Mbit/s (38981 Mbit/s with framing)
[0;34m[Device: id=0] TX[0m: 30.94 Mpps, 95042 Mbit/s (99992 Mbit/s with framing)
Samples: 1013, Average: 50175.6 ns, StdDev: 4695.5 ns, Quartiles: 46375.0/47453.0/54754.0 ns
[1;37m[INFO]  Saving histogram to '/tmp/histogram.csv'[0m
[1;36m[Device: id=0] RX[0m: 10.08 Mpps, 30959 Mbit/s (32572 Mbit/s with framing)
[1;36m[Device: id=0] RX[0m: 12.26 (StdDev 0.55) Mpps, 37677 (StdDev 1696) Mbit/s (39640 Mbit/s with framing), total 369810717 packets with 142006995156 bytes (incl. CRC)
[0;34m[Device: id=0] TX[0m: 30.94 (StdDev 0.00) Mpps, 95042 (StdDev 0) Mbit/s (99992 Mbit/s with framing), total 926904542 packets with 355930571008 bytes (incl. CRC)
