EAL: Detected CPU lcores: 24
EAL: Detected NUMA nodes: 1
EAL: Static memory layout is selected, amount of reserved memory can be adjusted with -m or --socket-mem
EAL: Detected shared linkage of DPDK
EAL: Multi-process socket /var/run/dpdk/rte/mp_socket
EAL: Selected IOVA mode 'VA'
EAL: 512 hugepages of size 2097152 reserved, but no mounted hugetlbfs found for that size
EAL: VFIO support initialized
EAL: Using IOMMU type 1 (Type 1)
EAL: Ignore mapping IO port bar(1)
EAL: Ignore mapping IO port bar(4)
EAL: Probe PCI driver: net_ice (8086:1592) device: 0000:51:00.0 (socket 0)
ice_load_pkg_type(): Active package is: 1.3.26.0, ICE OS Default Package (single VLAN mode)
TELEMETRY: No legacy callbacks, legacy socket not created
[1;33m[WARN]  malloc() allocates objects >= 1 MiB from LuaJIT memory space.[0m
[1;33m[WARN]  Install libjemalloc if you encounter out of memory errors.[0m
[1;37m[INFO]  Initializing DPDK. This will take a few seconds...[0m
[1;37m[INFO]  Found 1 usable devices:[0m
   Device 0: B4:96:91:B3:8B:04 ([0;32mIntel Corporation Ethernet Controller E810-C for QSFP[0m)
[1;37m[INFO]  Waiting for devices to come up...[0m
[1;37m[INFO]  Device 0 (B4:96:91:B3:8B:04) is up: full-duplex 100000 MBit/s[0m
[1;37m[INFO]  [0;32m1 device is up.[0m[0m
Could not set max bandwidth limit for queue 0!
[1;36m[Device: id=0] RX[0m: 11.43 Mpps, 93674 Mbit/s (95503 Mbit/s with framing)
[0;34m[Device: id=0] TX[0m: 11.97 Mpps, 98084 Mbit/s (99999 Mbit/s with framing)
[1;36m[Device: id=0] RX[0m: 11.57 Mpps, 94808 Mbit/s (96660 Mbit/s with framing)
[0;34m[Device: id=0] TX[0m: 11.97 Mpps, 98084 Mbit/s (100000 Mbit/s with framing)
[1;36m[Device: id=0] RX[0m: 11.35 Mpps, 92980 Mbit/s (94796 Mbit/s with framing)
[0;34m[Device: id=0] TX[0m: 11.97 Mpps, 98085 Mbit/s (100000 Mbit/s with framing)
[1;36m[Device: id=0] RX[0m: 11.57 Mpps, 94786 Mbit/s (96638 Mbit/s with framing)
[0;34m[Device: id=0] TX[0m: 11.97 Mpps, 98085 Mbit/s (100001 Mbit/s with framing)
[1;36m[Device: id=0] RX[0m: 11.12 Mpps, 91061 Mbit/s (92840 Mbit/s with framing)
[0;34m[Device: id=0] TX[0m: 11.97 Mpps, 98085 Mbit/s (100000 Mbit/s with framing)
[1;36m[Device: id=0] RX[0m: 11.24 Mpps, 92076 Mbit/s (93874 Mbit/s with framing)
[0;34m[Device: id=0] TX[0m: 11.97 Mpps, 98084 Mbit/s (100000 Mbit/s with framing)
[1;36m[Device: id=0] RX[0m: 11.48 Mpps, 94029 Mbit/s (95866 Mbit/s with framing)
[0;34m[Device: id=0] TX[0m: 11.97 Mpps, 98085 Mbit/s (100000 Mbit/s with framing)
[1;36m[Device: id=0] RX[0m: 11.38 Mpps, 93251 Mbit/s (95072 Mbit/s with framing)
[0;34m[Device: id=0] TX[0m: 11.97 Mpps, 98085 Mbit/s (100001 Mbit/s with framing)
[1;36m[Device: id=0] RX[0m: 11.21 Mpps, 91809 Mbit/s (93603 Mbit/s with framing)
[0;34m[Device: id=0] TX[0m: 11.97 Mpps, 98085 Mbit/s (100000 Mbit/s with framing)
[1;36m[Device: id=0] RX[0m: 11.42 Mpps, 93568 Mbit/s (95396 Mbit/s with framing)
[0;34m[Device: id=0] TX[0m: 11.97 Mpps, 98084 Mbit/s (100000 Mbit/s with framing)
[1;36m[Device: id=0] RX[0m: 11.32 Mpps, 92748 Mbit/s (94559 Mbit/s with framing)
[0;34m[Device: id=0] TX[0m: 11.97 Mpps, 98085 Mbit/s (100000 Mbit/s with framing)
[1;36m[Device: id=0] RX[0m: 11.28 Mpps, 92425 Mbit/s (94230 Mbit/s with framing)
[0;34m[Device: id=0] TX[0m: 11.97 Mpps, 98085 Mbit/s (100000 Mbit/s with framing)
[1;36m[Device: id=0] RX[0m: 11.38 Mpps, 93179 Mbit/s (94999 Mbit/s with framing)
[0;34m[Device: id=0] TX[0m: 11.97 Mpps, 98085 Mbit/s (100000 Mbit/s with framing)
[1;36m[Device: id=0] RX[0m: 11.06 Mpps, 90611 Mbit/s (92381 Mbit/s with framing)
[0;34m[Device: id=0] TX[0m: 11.97 Mpps, 98085 Mbit/s (100000 Mbit/s with framing)
[1;36m[Device: id=0] RX[0m: 11.31 Mpps, 92648 Mbit/s (94458 Mbit/s with framing)
[0;34m[Device: id=0] TX[0m: 11.97 Mpps, 98085 Mbit/s (100000 Mbit/s with framing)
[1;36m[Device: id=0] RX[0m: 11.48 Mpps, 94047 Mbit/s (95884 Mbit/s with framing)
[0;34m[Device: id=0] TX[0m: 11.97 Mpps, 98084 Mbit/s (100000 Mbit/s with framing)
[1;36m[Device: id=0] RX[0m: 11.68 Mpps, 95682 Mbit/s (97551 Mbit/s with framing)
[0;34m[Device: id=0] TX[0m: 11.97 Mpps, 98085 Mbit/s (100000 Mbit/s with framing)
[1;36m[Device: id=0] RX[0m: 11.55 Mpps, 94607 Mbit/s (96455 Mbit/s with framing)
[0;34m[Device: id=0] TX[0m: 11.97 Mpps, 98085 Mbit/s (100001 Mbit/s with framing)
[1;36m[Device: id=0] RX[0m: 11.65 Mpps, 95460 Mbit/s (97325 Mbit/s with framing)
[0;34m[Device: id=0] TX[0m: 11.97 Mpps, 98084 Mbit/s (100000 Mbit/s with framing)
[1;36m[Device: id=0] RX[0m: 11.52 Mpps, 94335 Mbit/s (96178 Mbit/s with framing)
[0;34m[Device: id=0] TX[0m: 11.97 Mpps, 98085 Mbit/s (100000 Mbit/s with framing)
[1;36m[Device: id=0] RX[0m: 11.72 Mpps, 95978 Mbit/s (97853 Mbit/s with framing)
[0;34m[Device: id=0] TX[0m: 11.97 Mpps, 98084 Mbit/s (100000 Mbit/s with framing)
[1;36m[Device: id=0] RX[0m: 11.45 Mpps, 93764 Mbit/s (95596 Mbit/s with framing)
[0;34m[Device: id=0] TX[0m: 11.97 Mpps, 98085 Mbit/s (100000 Mbit/s with framing)
[1;36m[Device: id=0] RX[0m: 11.64 Mpps, 95304 Mbit/s (97166 Mbit/s with framing)
[0;34m[Device: id=0] TX[0m: 11.97 Mpps, 98085 Mbit/s (100000 Mbit/s with framing)
[1;36m[Device: id=0] RX[0m: 11.62 Mpps, 95205 Mbit/s (97064 Mbit/s with framing)
[0;34m[Device: id=0] TX[0m: 11.97 Mpps, 98085 Mbit/s (100000 Mbit/s with framing)
[1;36m[Device: id=0] RX[0m: 11.51 Mpps, 94252 Mbit/s (96093 Mbit/s with framing)
[0;34m[Device: id=0] TX[0m: 11.97 Mpps, 98084 Mbit/s (100000 Mbit/s with framing)
[1;36m[Device: id=0] RX[0m: 11.62 Mpps, 95152 Mbit/s (97011 Mbit/s with framing)
[0;34m[Device: id=0] TX[0m: 11.97 Mpps, 98084 Mbit/s (100000 Mbit/s with framing)
[1;36m[Device: id=0] RX[0m: 11.20 Mpps, 91709 Mbit/s (93501 Mbit/s with framing)
[0;34m[Device: id=0] TX[0m: 11.97 Mpps, 98085 Mbit/s (100000 Mbit/s with framing)
[1;36m[Device: id=0] RX[0m: 11.37 Mpps, 93092 Mbit/s (94911 Mbit/s with framing)
[0;34m[Device: id=0] TX[0m: 11.97 Mpps, 98085 Mbit/s (100000 Mbit/s with framing)
[1;36m[Device: id=0] RX[0m: 11.49 Mpps, 94093 Mbit/s (95931 Mbit/s with framing)
[0;34m[Device: id=0] TX[0m: 11.97 Mpps, 98085 Mbit/s (100000 Mbit/s with framing)
Samples: 45217, Average: 127296.5 ns, StdDev: 10996.7 ns, Quartiles: 125594.0/126781.0/127853.0 ns
[1;37m[INFO]  Saving histogram to '/tmp/histogram.csv'[0m
[1;36m[Device: id=0] RX[0m: 9.35 Mpps, 76620 Mbit/s (78116 Mbit/s with framing)
[1;36m[Device: id=0] RX[0m: 11.36 (StdDev 0.42) Mpps, 93079 (StdDev 3463) Mbit/s (94897 Mbit/s with framing), total 342845930 packets with 351030827604 bytes (incl. CRC)
[0;34m[Device: id=0] TX[0m: 11.97 (StdDev 0.00) Mpps, 98085 (StdDev 0) Mbit/s (100000 Mbit/s with framing), total 358911315 packets with 367481316160 bytes (incl. CRC)
