EAL: Detected CPU lcores: 24
EAL: Detected NUMA nodes: 1
EAL: Static memory layout is selected, amount of reserved memory can be adjusted with -m or --socket-mem
EAL: Detected shared linkage of DPDK
EAL: Multi-process socket /var/run/dpdk/rte/mp_socket
EAL: Selected IOVA mode 'VA'
EAL: 512 hugepages of size 2097152 reserved, but no mounted hugetlbfs found for that size
EAL: VFIO support initialized
EAL: Using IOMMU type 1 (Type 1)
EAL: Ignore mapping IO port bar(1)
EAL: Ignore mapping IO port bar(4)
EAL: Probe PCI driver: net_ice (8086:1592) device: 0000:51:00.0 (socket 0)
ice_load_pkg_type(): Active package is: 1.3.26.0, ICE OS Default Package (single VLAN mode)
TELEMETRY: No legacy callbacks, legacy socket not created
[1;33m[WARN]  malloc() allocates objects >= 1 MiB from LuaJIT memory space.[0m
[1;33m[WARN]  Install libjemalloc if you encounter out of memory errors.[0m
[1;37m[INFO]  Initializing DPDK. This will take a few seconds...[0m
[1;37m[INFO]  Found 1 usable devices:[0m
   Device 0: B4:96:91:B3:8B:04 ([0;32mIntel Corporation Ethernet Controller E810-C for QSFP[0m)
[1;37m[INFO]  Waiting for devices to come up...[0m
[1;37m[INFO]  Device 0 (B4:96:91:B3:8B:04) is up: full-duplex 100000 MBit/s[0m
[1;37m[INFO]  [0;32m1 device is up.[0m[0m
[1;36m[Device: id=0] RX[0m: 11.95 Mpps, 6118 Mbit/s (8029 Mbit/s with framing)
[0;34m[Device: id=0] TX[0m: 57.64 Mpps, 29510 Mbit/s (38731 Mbit/s with framing)
[1;36m[Device: id=0] RX[0m: 11.92 Mpps, 6101 Mbit/s (8007 Mbit/s with framing)
[0;34m[Device: id=0] TX[0m: 57.61 Mpps, 29496 Mbit/s (38713 Mbit/s with framing)
[1;36m[Device: id=0] RX[0m: 12.10 Mpps, 6195 Mbit/s (8131 Mbit/s with framing)
[0;34m[Device: id=0] TX[0m: 57.65 Mpps, 29516 Mbit/s (38740 Mbit/s with framing)
[1;36m[Device: id=0] RX[0m: 11.92 Mpps, 6104 Mbit/s (8012 Mbit/s with framing)
[0;34m[Device: id=0] TX[0m: 57.63 Mpps, 29504 Mbit/s (38724 Mbit/s with framing)
[1;36m[Device: id=0] RX[0m: 11.91 Mpps, 6099 Mbit/s (8005 Mbit/s with framing)
[0;34m[Device: id=0] TX[0m: 57.55 Mpps, 29466 Mbit/s (38674 Mbit/s with framing)
[1;36m[Device: id=0] RX[0m: 11.93 Mpps, 6110 Mbit/s (8019 Mbit/s with framing)
[0;34m[Device: id=0] TX[0m: 57.60 Mpps, 29492 Mbit/s (38709 Mbit/s with framing)
[1;36m[Device: id=0] RX[0m: 11.95 Mpps, 6120 Mbit/s (8032 Mbit/s with framing)
[0;34m[Device: id=0] TX[0m: 57.62 Mpps, 29501 Mbit/s (38720 Mbit/s with framing)
[1;36m[Device: id=0] RX[0m: 12.12 Mpps, 6208 Mbit/s (8148 Mbit/s with framing)
[0;34m[Device: id=0] TX[0m: 57.61 Mpps, 29494 Mbit/s (38711 Mbit/s with framing)
[1;36m[Device: id=0] RX[0m: 11.97 Mpps, 6129 Mbit/s (8044 Mbit/s with framing)
[0;34m[Device: id=0] TX[0m: 57.65 Mpps, 29516 Mbit/s (38739 Mbit/s with framing)
[1;36m[Device: id=0] RX[0m: 12.11 Mpps, 6201 Mbit/s (8139 Mbit/s with framing)
[0;34m[Device: id=0] TX[0m: 57.54 Mpps, 29461 Mbit/s (38667 Mbit/s with framing)
[1;36m[Device: id=0] RX[0m: 11.96 Mpps, 6126 Mbit/s (8040 Mbit/s with framing)
[0;34m[Device: id=0] TX[0m: 57.64 Mpps, 29510 Mbit/s (38731 Mbit/s with framing)
[1;36m[Device: id=0] RX[0m: 11.98 Mpps, 6135 Mbit/s (8052 Mbit/s with framing)
[0;34m[Device: id=0] TX[0m: 57.61 Mpps, 29495 Mbit/s (38712 Mbit/s with framing)
[1;36m[Device: id=0] RX[0m: 12.17 Mpps, 6233 Mbit/s (8181 Mbit/s with framing)
[0;34m[Device: id=0] TX[0m: 57.64 Mpps, 29510 Mbit/s (38732 Mbit/s with framing)
[1;36m[Device: id=0] RX[0m: 12.16 Mpps, 6227 Mbit/s (8173 Mbit/s with framing)
[0;34m[Device: id=0] TX[0m: 57.61 Mpps, 29496 Mbit/s (38713 Mbit/s with framing)
[1;36m[Device: id=0] RX[0m: 12.17 Mpps, 6229 Mbit/s (8176 Mbit/s with framing)
[0;34m[Device: id=0] TX[0m: 57.58 Mpps, 29482 Mbit/s (38695 Mbit/s with framing)
[1;36m[Device: id=0] RX[0m: 11.98 Mpps, 6131 Mbit/s (8048 Mbit/s with framing)
[0;34m[Device: id=0] TX[0m: 57.61 Mpps, 29494 Mbit/s (38711 Mbit/s with framing)
[1;36m[Device: id=0] RX[0m: 12.00 Mpps, 6145 Mbit/s (8066 Mbit/s with framing)
[0;34m[Device: id=0] TX[0m: 57.64 Mpps, 29511 Mbit/s (38733 Mbit/s with framing)
[1;36m[Device: id=0] RX[0m: 12.35 Mpps, 6322 Mbit/s (8297 Mbit/s with framing)
[0;34m[Device: id=0] TX[0m: 57.48 Mpps, 29431 Mbit/s (38628 Mbit/s with framing)
[1;36m[Device: id=0] RX[0m: 12.19 Mpps, 6244 Mbit/s (8195 Mbit/s with framing)
[0;34m[Device: id=0] TX[0m: 57.64 Mpps, 29513 Mbit/s (38735 Mbit/s with framing)
[1;36m[Device: id=0] RX[0m: 11.96 Mpps, 6125 Mbit/s (8039 Mbit/s with framing)
[0;34m[Device: id=0] TX[0m: 57.55 Mpps, 29467 Mbit/s (38675 Mbit/s with framing)
[1;36m[Device: id=0] RX[0m: 11.98 Mpps, 6131 Mbit/s (8047 Mbit/s with framing)
[0;34m[Device: id=0] TX[0m: 57.65 Mpps, 29515 Mbit/s (38739 Mbit/s with framing)
[1;36m[Device: id=0] RX[0m: 11.96 Mpps, 6126 Mbit/s (8040 Mbit/s with framing)
[0;34m[Device: id=0] TX[0m: 57.62 Mpps, 29502 Mbit/s (38722 Mbit/s with framing)
[1;36m[Device: id=0] RX[0m: 11.95 Mpps, 6121 Mbit/s (8034 Mbit/s with framing)
[0;34m[Device: id=0] TX[0m: 57.66 Mpps, 29524 Mbit/s (38751 Mbit/s with framing)
[1;36m[Device: id=0] RX[0m: 11.91 Mpps, 6098 Mbit/s (8004 Mbit/s with framing)
[0;34m[Device: id=0] TX[0m: 57.61 Mpps, 29497 Mbit/s (38715 Mbit/s with framing)
[1;36m[Device: id=0] RX[0m: 12.24 Mpps, 6267 Mbit/s (8225 Mbit/s with framing)
[0;34m[Device: id=0] TX[0m: 57.57 Mpps, 29475 Mbit/s (38686 Mbit/s with framing)
[1;36m[Device: id=0] RX[0m: 12.21 Mpps, 6251 Mbit/s (8205 Mbit/s with framing)
[0;34m[Device: id=0] TX[0m: 57.63 Mpps, 29505 Mbit/s (38726 Mbit/s with framing)
[1;36m[Device: id=0] RX[0m: 12.32 Mpps, 6307 Mbit/s (8278 Mbit/s with framing)
[0;34m[Device: id=0] TX[0m: 57.65 Mpps, 29516 Mbit/s (38740 Mbit/s with framing)
[1;36m[Device: id=0] RX[0m: 12.14 Mpps, 6214 Mbit/s (8155 Mbit/s with framing)
[0;34m[Device: id=0] TX[0m: 57.62 Mpps, 29502 Mbit/s (38721 Mbit/s with framing)
[1;36m[Device: id=0] RX[0m: 12.18 Mpps, 6234 Mbit/s (8182 Mbit/s with framing)
[0;34m[Device: id=0] TX[0m: 57.64 Mpps, 29512 Mbit/s (38734 Mbit/s with framing)
Samples: 385, Average: 51943.4 ns, StdDev: 17001.5 ns, Quartiles: 50109.0/51004.0/52084.0 ns
[1;37m[INFO]  Saving histogram to '/tmp/histogram.csv'[0m
[1;36m[Device: id=0] RX[0m: 10.15 Mpps, 5196 Mbit/s (6820 Mbit/s with framing)
[1;36m[Device: id=0] RX[0m: 12.00 (StdDev 0.38) Mpps, 6142 (StdDev 194) Mbit/s (8062 Mbit/s with framing), total 361657265 packets with 23146066132 bytes (incl. CRC)
[0;34m[Device: id=0] TX[0m: 57.61 (StdDev 0.04) Mpps, 29496 (StdDev 21) Mbit/s (38714 Mbit/s with framing), total 1727076710 packets with 110532912512 bytes (incl. CRC)
