EAL: Detected CPU lcores: 24
EAL: Detected NUMA nodes: 1
EAL: Static memory layout is selected, amount of reserved memory can be adjusted with -m or --socket-mem
EAL: Detected shared linkage of DPDK
EAL: Multi-process socket /var/run/dpdk/rte/mp_socket
EAL: Selected IOVA mode 'VA'
EAL: 512 hugepages of size 2097152 reserved, but no mounted hugetlbfs found for that size
EAL: VFIO support initialized
EAL: Using IOMMU type 1 (Type 1)
EAL: Ignore mapping IO port bar(1)
EAL: Ignore mapping IO port bar(4)
EAL: Probe PCI driver: net_ice (8086:1592) device: 0000:51:00.0 (socket 0)
ice_load_pkg_type(): Active package is: 1.3.26.0, ICE OS Default Package (single VLAN mode)
TELEMETRY: No legacy callbacks, legacy socket not created
[1;33m[WARN]  malloc() allocates objects >= 1 MiB from LuaJIT memory space.[0m
[1;33m[WARN]  Install libjemalloc if you encounter out of memory errors.[0m
[1;37m[INFO]  Initializing DPDK. This will take a few seconds...[0m
[1;37m[INFO]  Found 1 usable devices:[0m
   Device 0: B4:96:91:B3:8B:04 ([0;32mIntel Corporation Ethernet Controller E810-C for QSFP[0m)
[1;37m[INFO]  Waiting for devices to come up...[0m
[1;37m[INFO]  Device 0 (B4:96:91:B3:8B:04) is up: full-duplex 100000 MBit/s[0m
[1;37m[INFO]  [0;32m1 device is up.[0m[0m
Could not set max bandwidth limit for queue 0!
[1;36m[Device: id=0] RX[0m: 12.57 Mpps, 38602 Mbit/s (40613 Mbit/s with framing)
[0;34m[Device: id=0] TX[0m: 30.93 Mpps, 95027 Mbit/s (99976 Mbit/s with framing)
[1;36m[Device: id=0] RX[0m: 12.51 Mpps, 38435 Mbit/s (40437 Mbit/s with framing)
[0;34m[Device: id=0] TX[0m: 30.94 Mpps, 95041 Mbit/s (99991 Mbit/s with framing)
[1;36m[Device: id=0] RX[0m: 11.58 Mpps, 35574 Mbit/s (37427 Mbit/s with framing)
[0;34m[Device: id=0] TX[0m: 30.94 Mpps, 95042 Mbit/s (99992 Mbit/s with framing)
[1;36m[Device: id=0] RX[0m: 12.70 Mpps, 39017 Mbit/s (41049 Mbit/s with framing)
[0;34m[Device: id=0] TX[0m: 30.94 Mpps, 95042 Mbit/s (99992 Mbit/s with framing)
[1;36m[Device: id=0] RX[0m: 12.69 Mpps, 38991 Mbit/s (41022 Mbit/s with framing)
[0;34m[Device: id=0] TX[0m: 30.94 Mpps, 95042 Mbit/s (99992 Mbit/s with framing)
[1;36m[Device: id=0] RX[0m: 12.33 Mpps, 37892 Mbit/s (39865 Mbit/s with framing)
[0;34m[Device: id=0] TX[0m: 30.94 Mpps, 95042 Mbit/s (99992 Mbit/s with framing)
[1;36m[Device: id=0] RX[0m: 12.26 Mpps, 37655 Mbit/s (39616 Mbit/s with framing)
[0;34m[Device: id=0] TX[0m: 30.94 Mpps, 95042 Mbit/s (99992 Mbit/s with framing)
[1;36m[Device: id=0] RX[0m: 12.31 Mpps, 37815 Mbit/s (39785 Mbit/s with framing)
[0;34m[Device: id=0] TX[0m: 30.94 Mpps, 95042 Mbit/s (99992 Mbit/s with framing)
[1;36m[Device: id=0] RX[0m: 12.44 Mpps, 38221 Mbit/s (40211 Mbit/s with framing)
[0;34m[Device: id=0] TX[0m: 30.94 Mpps, 95042 Mbit/s (99992 Mbit/s with framing)
[1;36m[Device: id=0] RX[0m: 12.04 Mpps, 36999 Mbit/s (38926 Mbit/s with framing)
[0;34m[Device: id=0] TX[0m: 30.94 Mpps, 95042 Mbit/s (99992 Mbit/s with framing)
[1;36m[Device: id=0] RX[0m: 12.38 Mpps, 38023 Mbit/s (40003 Mbit/s with framing)
[0;34m[Device: id=0] TX[0m: 30.94 Mpps, 95043 Mbit/s (99993 Mbit/s with framing)
[1;36m[Device: id=0] RX[0m: 11.96 Mpps, 36745 Mbit/s (38658 Mbit/s with framing)
[0;34m[Device: id=0] TX[0m: 30.94 Mpps, 95041 Mbit/s (99991 Mbit/s with framing)
[1;36m[Device: id=0] RX[0m: 12.09 Mpps, 37151 Mbit/s (39086 Mbit/s with framing)
[0;34m[Device: id=0] TX[0m: 30.94 Mpps, 95042 Mbit/s (99992 Mbit/s with framing)
[1;36m[Device: id=0] RX[0m: 12.02 Mpps, 36937 Mbit/s (38860 Mbit/s with framing)
[0;34m[Device: id=0] TX[0m: 30.94 Mpps, 95042 Mbit/s (99992 Mbit/s with framing)
[1;36m[Device: id=0] RX[0m: 12.06 Mpps, 37040 Mbit/s (38970 Mbit/s with framing)
[0;34m[Device: id=0] TX[0m: 30.94 Mpps, 95042 Mbit/s (99992 Mbit/s with framing)
[1;36m[Device: id=0] RX[0m: 12.18 Mpps, 37432 Mbit/s (39382 Mbit/s with framing)
[0;34m[Device: id=0] TX[0m: 30.94 Mpps, 95042 Mbit/s (99992 Mbit/s with framing)
[1;36m[Device: id=0] RX[0m: 11.99 Mpps, 36832 Mbit/s (38751 Mbit/s with framing)
[0;34m[Device: id=0] TX[0m: 30.94 Mpps, 95042 Mbit/s (99992 Mbit/s with framing)
[1;36m[Device: id=0] RX[0m: 12.21 Mpps, 37518 Mbit/s (39473 Mbit/s with framing)
[0;34m[Device: id=0] TX[0m: 30.94 Mpps, 95042 Mbit/s (99992 Mbit/s with framing)
[1;36m[Device: id=0] RX[0m: 12.43 Mpps, 38185 Mbit/s (40174 Mbit/s with framing)
[0;34m[Device: id=0] TX[0m: 30.94 Mpps, 95042 Mbit/s (99992 Mbit/s with framing)
[1;36m[Device: id=0] RX[0m: 12.42 Mpps, 38169 Mbit/s (40156 Mbit/s with framing)
[0;34m[Device: id=0] TX[0m: 30.94 Mpps, 95042 Mbit/s (99992 Mbit/s with framing)
[1;36m[Device: id=0] RX[0m: 12.61 Mpps, 38739 Mbit/s (40756 Mbit/s with framing)
[0;34m[Device: id=0] TX[0m: 30.94 Mpps, 95042 Mbit/s (99993 Mbit/s with framing)
[1;36m[Device: id=0] RX[0m: 12.42 Mpps, 38141 Mbit/s (40128 Mbit/s with framing)
[0;34m[Device: id=0] TX[0m: 30.94 Mpps, 95041 Mbit/s (99992 Mbit/s with framing)
[1;36m[Device: id=0] RX[0m: 12.17 Mpps, 37391 Mbit/s (39338 Mbit/s with framing)
[0;34m[Device: id=0] TX[0m: 30.94 Mpps, 95042 Mbit/s (99992 Mbit/s with framing)
[1;36m[Device: id=0] RX[0m: 12.15 Mpps, 37325 Mbit/s (39269 Mbit/s with framing)
[0;34m[Device: id=0] TX[0m: 30.94 Mpps, 95042 Mbit/s (99992 Mbit/s with framing)
[1;36m[Device: id=0] RX[0m: 12.66 Mpps, 38892 Mbit/s (40918 Mbit/s with framing)
[0;34m[Device: id=0] TX[0m: 30.94 Mpps, 95041 Mbit/s (99991 Mbit/s with framing)
[1;36m[Device: id=0] RX[0m: 12.12 Mpps, 37228 Mbit/s (39167 Mbit/s with framing)
[0;34m[Device: id=0] TX[0m: 30.94 Mpps, 95042 Mbit/s (99992 Mbit/s with framing)
[1;36m[Device: id=0] RX[0m: 12.19 Mpps, 37446 Mbit/s (39396 Mbit/s with framing)
[0;34m[Device: id=0] TX[0m: 30.94 Mpps, 95042 Mbit/s (99992 Mbit/s with framing)
[1;36m[Device: id=0] RX[0m: 12.29 Mpps, 37764 Mbit/s (39731 Mbit/s with framing)
[0;34m[Device: id=0] TX[0m: 30.94 Mpps, 95042 Mbit/s (99992 Mbit/s with framing)
[1;36m[Device: id=0] RX[0m: 11.89 Mpps, 36519 Mbit/s (38421 Mbit/s with framing)
[0;34m[Device: id=0] TX[0m: 30.94 Mpps, 95042 Mbit/s (99992 Mbit/s with framing)
Samples: 953, Average: 50775.2 ns, StdDev: 5143.0 ns, Quartiles: 46325.0/49714.0/54777.0 ns
[1;37m[INFO]  Saving histogram to '/tmp/histogram.csv'[0m
[1;36m[Device: id=0] RX[0m: 9.83 Mpps, 30187 Mbit/s (31760 Mbit/s with framing)
[1;36m[Device: id=0] RX[0m: 12.17 (StdDev 0.52) Mpps, 37388 (StdDev 1594) Mbit/s (39336 Mbit/s with framing), total 367413186 packets with 141086360148 bytes (incl. CRC)
[0;34m[Device: id=0] TX[0m: 30.94 (StdDev 0.00) Mpps, 95042 (StdDev 0) Mbit/s (99992 Mbit/s with framing), total 927585298 packets with 356192002496 bytes (incl. CRC)
