EAL: Detected CPU lcores: 24
EAL: Detected NUMA nodes: 1
EAL: Static memory layout is selected, amount of reserved memory can be adjusted with -m or --socket-mem
EAL: Detected shared linkage of DPDK
EAL: Multi-process socket /var/run/dpdk/rte/mp_socket
EAL: Selected IOVA mode 'VA'
EAL: 512 hugepages of size 2097152 reserved, but no mounted hugetlbfs found for that size
EAL: VFIO support initialized
EAL: Using IOMMU type 1 (Type 1)
EAL: Ignore mapping IO port bar(1)
EAL: Ignore mapping IO port bar(4)
EAL: Probe PCI driver: net_ice (8086:1592) device: 0000:51:00.0 (socket 0)
ice_load_pkg_type(): Active package is: 1.3.26.0, ICE OS Default Package (single VLAN mode)
TELEMETRY: No legacy callbacks, legacy socket not created
[1;33m[WARN]  malloc() allocates objects >= 1 MiB from LuaJIT memory space.[0m
[1;33m[WARN]  Install libjemalloc if you encounter out of memory errors.[0m
[1;37m[INFO]  Initializing DPDK. This will take a few seconds...[0m
[1;37m[INFO]  Found 1 usable devices:[0m
   Device 0: B4:96:91:B3:8B:04 ([0;32mIntel Corporation Ethernet Controller E810-C for QSFP[0m)
[1;37m[INFO]  Waiting for devices to come up...[0m
[1;37m[INFO]  Device 0 (B4:96:91:B3:8B:04) is up: full-duplex 100000 MBit/s[0m
[1;37m[INFO]  [0;32m1 device is up.[0m[0m
Could not set max bandwidth limit for queue 0!
[1;36m[Device: id=0] RX[0m: 13.07 Mpps, 80317 Mbit/s (82408 Mbit/s with framing)
[0;34m[Device: id=0] TX[0m: 15.86 Mpps, 97456 Mbit/s (99994 Mbit/s with framing)
[1;36m[Device: id=0] RX[0m: 13.32 Mpps, 81808 Mbit/s (83938 Mbit/s with framing)
[0;34m[Device: id=0] TX[0m: 15.86 Mpps, 97460 Mbit/s (99998 Mbit/s with framing)
[1;36m[Device: id=0] RX[0m: 13.05 Mpps, 80205 Mbit/s (82294 Mbit/s with framing)
[0;34m[Device: id=0] TX[0m: 15.86 Mpps, 97460 Mbit/s (99998 Mbit/s with framing)
[1;36m[Device: id=0] RX[0m: 13.00 Mpps, 79862 Mbit/s (81941 Mbit/s with framing)
[0;34m[Device: id=0] TX[0m: 15.86 Mpps, 97460 Mbit/s (99998 Mbit/s with framing)
[1;36m[Device: id=0] RX[0m: 13.21 Mpps, 81170 Mbit/s (83284 Mbit/s with framing)
[0;34m[Device: id=0] TX[0m: 15.86 Mpps, 97460 Mbit/s (99998 Mbit/s with framing)
[1;36m[Device: id=0] RX[0m: 13.40 Mpps, 82354 Mbit/s (84499 Mbit/s with framing)
[0;34m[Device: id=0] TX[0m: 15.86 Mpps, 97460 Mbit/s (99998 Mbit/s with framing)
[1;36m[Device: id=0] RX[0m: 13.58 Mpps, 83447 Mbit/s (85620 Mbit/s with framing)
[0;34m[Device: id=0] TX[0m: 15.86 Mpps, 97460 Mbit/s (99998 Mbit/s with framing)
[1;36m[Device: id=0] RX[0m: 13.73 Mpps, 84380 Mbit/s (86578 Mbit/s with framing)
[0;34m[Device: id=0] TX[0m: 15.86 Mpps, 97460 Mbit/s (99998 Mbit/s with framing)
[1;36m[Device: id=0] RX[0m: 13.59 Mpps, 83522 Mbit/s (85697 Mbit/s with framing)
[0;34m[Device: id=0] TX[0m: 15.86 Mpps, 97460 Mbit/s (99998 Mbit/s with framing)
[1;36m[Device: id=0] RX[0m: 13.71 Mpps, 84257 Mbit/s (86451 Mbit/s with framing)
[0;34m[Device: id=0] TX[0m: 15.86 Mpps, 97460 Mbit/s (99998 Mbit/s with framing)
[1;36m[Device: id=0] RX[0m: 13.88 Mpps, 85252 Mbit/s (87473 Mbit/s with framing)
[0;34m[Device: id=0] TX[0m: 15.86 Mpps, 97460 Mbit/s (99998 Mbit/s with framing)
[1;36m[Device: id=0] RX[0m: 13.53 Mpps, 83098 Mbit/s (85262 Mbit/s with framing)
[0;34m[Device: id=0] TX[0m: 15.86 Mpps, 97460 Mbit/s (99998 Mbit/s with framing)
[1;36m[Device: id=0] RX[0m: 13.43 Mpps, 82507 Mbit/s (84655 Mbit/s with framing)
[0;34m[Device: id=0] TX[0m: 15.86 Mpps, 97460 Mbit/s (99998 Mbit/s with framing)
[1;36m[Device: id=0] RX[0m: 12.90 Mpps, 79286 Mbit/s (81351 Mbit/s with framing)
[0;34m[Device: id=0] TX[0m: 15.86 Mpps, 97460 Mbit/s (99998 Mbit/s with framing)
[1;36m[Device: id=0] RX[0m: 13.31 Mpps, 81790 Mbit/s (83920 Mbit/s with framing)
[0;34m[Device: id=0] TX[0m: 15.86 Mpps, 97460 Mbit/s (99998 Mbit/s with framing)
[1;36m[Device: id=0] RX[0m: 13.32 Mpps, 81836 Mbit/s (83967 Mbit/s with framing)
[0;34m[Device: id=0] TX[0m: 15.86 Mpps, 97460 Mbit/s (99998 Mbit/s with framing)
[1;36m[Device: id=0] RX[0m: 13.50 Mpps, 82936 Mbit/s (85096 Mbit/s with framing)
[0;34m[Device: id=0] TX[0m: 15.86 Mpps, 97460 Mbit/s (99998 Mbit/s with framing)
[1;36m[Device: id=0] RX[0m: 13.64 Mpps, 83821 Mbit/s (86004 Mbit/s with framing)
[0;34m[Device: id=0] TX[0m: 15.86 Mpps, 97460 Mbit/s (99998 Mbit/s with framing)
[1;36m[Device: id=0] RX[0m: 12.98 Mpps, 79744 Mbit/s (81820 Mbit/s with framing)
[0;34m[Device: id=0] TX[0m: 15.86 Mpps, 97460 Mbit/s (99998 Mbit/s with framing)
[1;36m[Device: id=0] RX[0m: 13.25 Mpps, 81414 Mbit/s (83534 Mbit/s with framing)
[0;34m[Device: id=0] TX[0m: 15.86 Mpps, 97461 Mbit/s (99999 Mbit/s with framing)
[1;36m[Device: id=0] RX[0m: 12.72 Mpps, 78127 Mbit/s (80162 Mbit/s with framing)
[0;34m[Device: id=0] TX[0m: 15.86 Mpps, 97459 Mbit/s (99997 Mbit/s with framing)
[1;36m[Device: id=0] RX[0m: 12.96 Mpps, 79621 Mbit/s (81694 Mbit/s with framing)
[0;34m[Device: id=0] TX[0m: 15.86 Mpps, 97460 Mbit/s (99998 Mbit/s with framing)
[1;36m[Device: id=0] RX[0m: 13.34 Mpps, 81961 Mbit/s (84095 Mbit/s with framing)
[0;34m[Device: id=0] TX[0m: 15.86 Mpps, 97459 Mbit/s (99998 Mbit/s with framing)
[1;36m[Device: id=0] RX[0m: 12.82 Mpps, 78767 Mbit/s (80818 Mbit/s with framing)
[0;34m[Device: id=0] TX[0m: 15.86 Mpps, 97460 Mbit/s (99998 Mbit/s with framing)
[1;36m[Device: id=0] RX[0m: 13.96 Mpps, 85756 Mbit/s (87989 Mbit/s with framing)
[0;34m[Device: id=0] TX[0m: 15.86 Mpps, 97460 Mbit/s (99998 Mbit/s with framing)
[1;36m[Device: id=0] RX[0m: 13.52 Mpps, 83066 Mbit/s (85229 Mbit/s with framing)
[0;34m[Device: id=0] TX[0m: 15.86 Mpps, 97460 Mbit/s (99998 Mbit/s with framing)
[1;36m[Device: id=0] RX[0m: 13.33 Mpps, 81892 Mbit/s (84025 Mbit/s with framing)
[0;34m[Device: id=0] TX[0m: 15.86 Mpps, 97460 Mbit/s (99998 Mbit/s with framing)
[1;36m[Device: id=0] RX[0m: 13.64 Mpps, 83802 Mbit/s (85985 Mbit/s with framing)
[0;34m[Device: id=0] TX[0m: 15.86 Mpps, 97460 Mbit/s (99998 Mbit/s with framing)
[1;36m[Device: id=0] RX[0m: 13.34 Mpps, 81983 Mbit/s (84118 Mbit/s with framing)
[0;34m[Device: id=0] TX[0m: 15.86 Mpps, 97460 Mbit/s (99998 Mbit/s with framing)
Samples: 8435, Average: 53639.1 ns, StdDev: 27392.9 ns, Quartiles: 43539.0/43963.0/44578.0 ns
[1;37m[INFO]  Saving histogram to '/tmp/histogram.csv'[0m
[1;36m[Device: id=0] RX[0m: 10.83 Mpps, 66567 Mbit/s (68301 Mbit/s with framing)
[1;36m[Device: id=0] RX[0m: 13.27 (StdDev 0.56) Mpps, 81525 (StdDev 3455) Mbit/s (83648 Mbit/s with framing), total 399953253 packets with 307158162132 bytes (incl. CRC)
[0;34m[Device: id=0] TX[0m: 15.86 (StdDev 0.00) Mpps, 97460 (StdDev 0) Mbit/s (99998 Mbit/s with framing), total 475494060 packets with 365172540416 bytes (incl. CRC)
