EAL: Detected CPU lcores: 24
EAL: Detected NUMA nodes: 1
EAL: Static memory layout is selected, amount of reserved memory can be adjusted with -m or --socket-mem
EAL: Detected shared linkage of DPDK
EAL: Multi-process socket /var/run/dpdk/rte/mp_socket
EAL: Selected IOVA mode 'VA'
EAL: 512 hugepages of size 2097152 reserved, but no mounted hugetlbfs found for that size
EAL: VFIO support initialized
EAL: Using IOMMU type 1 (Type 1)
EAL: Ignore mapping IO port bar(1)
EAL: Ignore mapping IO port bar(4)
EAL: Probe PCI driver: net_ice (8086:1592) device: 0000:51:00.0 (socket 0)
ice_load_pkg_type(): Active package is: 1.3.26.0, ICE OS Default Package (single VLAN mode)
TELEMETRY: No legacy callbacks, legacy socket not created
[1;33m[WARN]  malloc() allocates objects >= 1 MiB from LuaJIT memory space.[0m
[1;33m[WARN]  Install libjemalloc if you encounter out of memory errors.[0m
[1;37m[INFO]  Initializing DPDK. This will take a few seconds...[0m
[1;37m[INFO]  Found 1 usable devices:[0m
   Device 0: B4:96:91:B3:8B:04 ([0;32mIntel Corporation Ethernet Controller E810-C for QSFP[0m)
[1;37m[INFO]  Waiting for devices to come up...[0m
[1;37m[INFO]  Device 0 (B4:96:91:B3:8B:04) is up: full-duplex 100000 MBit/s[0m
[1;37m[INFO]  [0;32m1 device is up.[0m[0m
[1;36m[Device: id=0] RX[0m: 12.07 Mpps, 6181 Mbit/s (8113 Mbit/s with framing)
[0;34m[Device: id=0] TX[0m: 52.40 Mpps, 26831 Mbit/s (35216 Mbit/s with framing)
[1;36m[Device: id=0] RX[0m: 12.06 Mpps, 6177 Mbit/s (8107 Mbit/s with framing)
[0;34m[Device: id=0] TX[0m: 52.41 Mpps, 26832 Mbit/s (35217 Mbit/s with framing)
[1;36m[Device: id=0] RX[0m: 11.92 Mpps, 6103 Mbit/s (8010 Mbit/s with framing)
[0;34m[Device: id=0] TX[0m: 52.37 Mpps, 26811 Mbit/s (35190 Mbit/s with framing)
[1;36m[Device: id=0] RX[0m: 12.08 Mpps, 6184 Mbit/s (8116 Mbit/s with framing)
[0;34m[Device: id=0] TX[0m: 52.41 Mpps, 26832 Mbit/s (35217 Mbit/s with framing)
[1;36m[Device: id=0] RX[0m: 12.08 Mpps, 6185 Mbit/s (8118 Mbit/s with framing)
[0;34m[Device: id=0] TX[0m: 52.41 Mpps, 26833 Mbit/s (35218 Mbit/s with framing)
[1;36m[Device: id=0] RX[0m: 12.09 Mpps, 6189 Mbit/s (8123 Mbit/s with framing)
[0;34m[Device: id=0] TX[0m: 52.41 Mpps, 26833 Mbit/s (35218 Mbit/s with framing)
[1;36m[Device: id=0] RX[0m: 12.09 Mpps, 6190 Mbit/s (8125 Mbit/s with framing)
[0;34m[Device: id=0] TX[0m: 52.41 Mpps, 26833 Mbit/s (35218 Mbit/s with framing)
[1;36m[Device: id=0] RX[0m: 12.11 Mpps, 6199 Mbit/s (8136 Mbit/s with framing)
[0;34m[Device: id=0] TX[0m: 52.41 Mpps, 26833 Mbit/s (35218 Mbit/s with framing)
[1;36m[Device: id=0] RX[0m: 11.94 Mpps, 6112 Mbit/s (8022 Mbit/s with framing)
[0;34m[Device: id=0] TX[0m: 52.41 Mpps, 26832 Mbit/s (35217 Mbit/s with framing)
[1;36m[Device: id=0] RX[0m: 12.23 Mpps, 6263 Mbit/s (8220 Mbit/s with framing)
[0;34m[Device: id=0] TX[0m: 52.41 Mpps, 26833 Mbit/s (35218 Mbit/s with framing)
[1;36m[Device: id=0] RX[0m: 11.92 Mpps, 6103 Mbit/s (8010 Mbit/s with framing)
[0;34m[Device: id=0] TX[0m: 52.41 Mpps, 26833 Mbit/s (35218 Mbit/s with framing)
[1;36m[Device: id=0] RX[0m: 11.92 Mpps, 6105 Mbit/s (8013 Mbit/s with framing)
[0;34m[Device: id=0] TX[0m: 52.41 Mpps, 26833 Mbit/s (35218 Mbit/s with framing)
[1;36m[Device: id=0] RX[0m: 11.95 Mpps, 6120 Mbit/s (8032 Mbit/s with framing)
[0;34m[Device: id=0] TX[0m: 52.41 Mpps, 26833 Mbit/s (35218 Mbit/s with framing)
[1;36m[Device: id=0] RX[0m: 11.91 Mpps, 6099 Mbit/s (8005 Mbit/s with framing)
[0;34m[Device: id=0] TX[0m: 52.41 Mpps, 26832 Mbit/s (35217 Mbit/s with framing)
[1;36m[Device: id=0] RX[0m: 12.09 Mpps, 6188 Mbit/s (8122 Mbit/s with framing)
[0;34m[Device: id=0] TX[0m: 52.41 Mpps, 26833 Mbit/s (35218 Mbit/s with framing)
[1;36m[Device: id=0] RX[0m: 11.93 Mpps, 6106 Mbit/s (8014 Mbit/s with framing)
[0;34m[Device: id=0] TX[0m: 52.41 Mpps, 26833 Mbit/s (35218 Mbit/s with framing)
[1;36m[Device: id=0] RX[0m: 11.90 Mpps, 6095 Mbit/s (7999 Mbit/s with framing)
[0;34m[Device: id=0] TX[0m: 52.41 Mpps, 26833 Mbit/s (35218 Mbit/s with framing)
[1;36m[Device: id=0] RX[0m: 11.92 Mpps, 6103 Mbit/s (8010 Mbit/s with framing)
[0;34m[Device: id=0] TX[0m: 52.41 Mpps, 26833 Mbit/s (35218 Mbit/s with framing)
[1;36m[Device: id=0] RX[0m: 11.91 Mpps, 6097 Mbit/s (8003 Mbit/s with framing)
[0;34m[Device: id=0] TX[0m: 52.41 Mpps, 26832 Mbit/s (35217 Mbit/s with framing)
[1;36m[Device: id=0] RX[0m: 11.91 Mpps, 6099 Mbit/s (8005 Mbit/s with framing)
[0;34m[Device: id=0] TX[0m: 52.41 Mpps, 26833 Mbit/s (35218 Mbit/s with framing)
[1;36m[Device: id=0] RX[0m: 11.91 Mpps, 6099 Mbit/s (8004 Mbit/s with framing)
[0;34m[Device: id=0] TX[0m: 52.41 Mpps, 26833 Mbit/s (35218 Mbit/s with framing)
[1;36m[Device: id=0] RX[0m: 11.92 Mpps, 6105 Mbit/s (8013 Mbit/s with framing)
[0;34m[Device: id=0] TX[0m: 52.41 Mpps, 26832 Mbit/s (35217 Mbit/s with framing)
[1;36m[Device: id=0] RX[0m: 11.92 Mpps, 6104 Mbit/s (8012 Mbit/s with framing)
[0;34m[Device: id=0] TX[0m: 52.40 Mpps, 26830 Mbit/s (35214 Mbit/s with framing)
[1;36m[Device: id=0] RX[0m: 11.91 Mpps, 6096 Mbit/s (8001 Mbit/s with framing)
[0;34m[Device: id=0] TX[0m: 52.37 Mpps, 26815 Mbit/s (35195 Mbit/s with framing)
[1;36m[Device: id=0] RX[0m: 12.21 Mpps, 6251 Mbit/s (8204 Mbit/s with framing)
[0;34m[Device: id=0] TX[0m: 52.41 Mpps, 26833 Mbit/s (35218 Mbit/s with framing)
[1;36m[Device: id=0] RX[0m: 11.89 Mpps, 6085 Mbit/s (7987 Mbit/s with framing)
[0;34m[Device: id=0] TX[0m: 52.41 Mpps, 26833 Mbit/s (35218 Mbit/s with framing)
[1;36m[Device: id=0] RX[0m: 11.90 Mpps, 6095 Mbit/s (8000 Mbit/s with framing)
[0;34m[Device: id=0] TX[0m: 52.41 Mpps, 26833 Mbit/s (35218 Mbit/s with framing)
[1;36m[Device: id=0] RX[0m: 11.89 Mpps, 6090 Mbit/s (7993 Mbit/s with framing)
[0;34m[Device: id=0] TX[0m: 52.41 Mpps, 26833 Mbit/s (35218 Mbit/s with framing)
[1;36m[Device: id=0] RX[0m: 11.91 Mpps, 6096 Mbit/s (8002 Mbit/s with framing)
[0;34m[Device: id=0] TX[0m: 52.40 Mpps, 26829 Mbit/s (35213 Mbit/s with framing)
Samples: 422, Average: 51412.3 ns, StdDev: 2914.8 ns, Quartiles: 50078.0/50758.0/51650.0 ns
[1;37m[INFO]  Saving histogram to '/tmp/histogram.csv'[0m
[1;36m[Device: id=0] RX[0m: 9.64 Mpps, 4936 Mbit/s (6478 Mbit/s with framing)
[1;36m[Device: id=0] RX[0m: 11.90 (StdDev 0.45) Mpps, 6092 (StdDev 228) Mbit/s (7996 Mbit/s with framing), total 359017146 packets with 22977097428 bytes (incl. CRC)
[0;34m[Device: id=0] TX[0m: 52.40 (StdDev 0.01) Mpps, 26831 (StdDev 5) Mbit/s (35216 Mbit/s with framing), total 1570415433 packets with 100506590912 bytes (incl. CRC)
