EAL: Detected CPU lcores: 24
EAL: Detected NUMA nodes: 1
EAL: Static memory layout is selected, amount of reserved memory can be adjusted with -m or --socket-mem
EAL: Detected shared linkage of DPDK
EAL: Multi-process socket /var/run/dpdk/rte/mp_socket
EAL: Selected IOVA mode 'VA'
EAL: 512 hugepages of size 2097152 reserved, but no mounted hugetlbfs found for that size
EAL: VFIO support initialized
EAL: Using IOMMU type 1 (Type 1)
EAL: Ignore mapping IO port bar(1)
EAL: Ignore mapping IO port bar(4)
EAL: Probe PCI driver: net_ice (8086:1592) device: 0000:51:00.0 (socket 0)
ice_load_pkg_type(): Active package is: 1.3.26.0, ICE OS Default Package (single VLAN mode)
TELEMETRY: No legacy callbacks, legacy socket not created
[1;33m[WARN]  malloc() allocates objects >= 1 MiB from LuaJIT memory space.[0m
[1;33m[WARN]  Install libjemalloc if you encounter out of memory errors.[0m
[1;37m[INFO]  Initializing DPDK. This will take a few seconds...[0m
[1;37m[INFO]  Found 1 usable devices:[0m
   Device 0: B4:96:91:B3:8B:04 ([0;32mIntel Corporation Ethernet Controller E810-C for QSFP[0m)
[1;37m[INFO]  Waiting for devices to come up...[0m
[1;37m[INFO]  Device 0 (B4:96:91:B3:8B:04) is up: full-duplex 100000 MBit/s[0m
[1;37m[INFO]  [0;32m1 device is up.[0m[0m
[1;36m[Device: id=0] RX[0m: 12.11 Mpps, 6198 Mbit/s (8135 Mbit/s with framing)
[0;34m[Device: id=0] TX[0m: 42.11 Mpps, 21560 Mbit/s (28297 Mbit/s with framing)
[1;36m[Device: id=0] RX[0m: 12.08 Mpps, 6185 Mbit/s (8118 Mbit/s with framing)
[0;34m[Device: id=0] TX[0m: 42.11 Mpps, 21560 Mbit/s (28298 Mbit/s with framing)
[1;36m[Device: id=0] RX[0m: 12.22 Mpps, 6257 Mbit/s (8213 Mbit/s with framing)
[0;34m[Device: id=0] TX[0m: 42.11 Mpps, 21560 Mbit/s (28298 Mbit/s with framing)
[1;36m[Device: id=0] RX[0m: 12.21 Mpps, 6250 Mbit/s (8204 Mbit/s with framing)
[0;34m[Device: id=0] TX[0m: 42.09 Mpps, 21550 Mbit/s (28284 Mbit/s with framing)
[1;36m[Device: id=0] RX[0m: 12.02 Mpps, 6156 Mbit/s (8079 Mbit/s with framing)
[0;34m[Device: id=0] TX[0m: 42.11 Mpps, 21560 Mbit/s (28298 Mbit/s with framing)
[1;36m[Device: id=0] RX[0m: 12.01 Mpps, 6148 Mbit/s (8069 Mbit/s with framing)
[0;34m[Device: id=0] TX[0m: 42.11 Mpps, 21559 Mbit/s (28296 Mbit/s with framing)
[1;36m[Device: id=0] RX[0m: 12.00 Mpps, 6144 Mbit/s (8064 Mbit/s with framing)
[0;34m[Device: id=0] TX[0m: 42.11 Mpps, 21560 Mbit/s (28298 Mbit/s with framing)
[1;36m[Device: id=0] RX[0m: 12.12 Mpps, 6204 Mbit/s (8143 Mbit/s with framing)
[0;34m[Device: id=0] TX[0m: 42.11 Mpps, 21561 Mbit/s (28298 Mbit/s with framing)
[1;36m[Device: id=0] RX[0m: 12.00 Mpps, 6145 Mbit/s (8066 Mbit/s with framing)
[0;34m[Device: id=0] TX[0m: 42.11 Mpps, 21561 Mbit/s (28298 Mbit/s with framing)
[1;36m[Device: id=0] RX[0m: 11.97 Mpps, 6130 Mbit/s (8045 Mbit/s with framing)
[0;34m[Device: id=0] TX[0m: 42.11 Mpps, 21561 Mbit/s (28298 Mbit/s with framing)
[1;36m[Device: id=0] RX[0m: 11.97 Mpps, 6127 Mbit/s (8041 Mbit/s with framing)
[0;34m[Device: id=0] TX[0m: 42.11 Mpps, 21561 Mbit/s (28298 Mbit/s with framing)
[1;36m[Device: id=0] RX[0m: 11.96 Mpps, 6125 Mbit/s (8039 Mbit/s with framing)
[0;34m[Device: id=0] TX[0m: 42.11 Mpps, 21561 Mbit/s (28298 Mbit/s with framing)
[1;36m[Device: id=0] RX[0m: 11.99 Mpps, 6138 Mbit/s (8057 Mbit/s with framing)
[0;34m[Device: id=0] TX[0m: 42.11 Mpps, 21561 Mbit/s (28298 Mbit/s with framing)
[1;36m[Device: id=0] RX[0m: 12.15 Mpps, 6218 Mbit/s (8162 Mbit/s with framing)
[0;34m[Device: id=0] TX[0m: 42.11 Mpps, 21561 Mbit/s (28298 Mbit/s with framing)
[1;36m[Device: id=0] RX[0m: 11.97 Mpps, 6128 Mbit/s (8042 Mbit/s with framing)
[0;34m[Device: id=0] TX[0m: 42.11 Mpps, 21561 Mbit/s (28298 Mbit/s with framing)
[1;36m[Device: id=0] RX[0m: 11.95 Mpps, 6119 Mbit/s (8031 Mbit/s with framing)
[0;34m[Device: id=0] TX[0m: 42.11 Mpps, 21561 Mbit/s (28298 Mbit/s with framing)
[1;36m[Device: id=0] RX[0m: 12.11 Mpps, 6199 Mbit/s (8136 Mbit/s with framing)
[0;34m[Device: id=0] TX[0m: 42.11 Mpps, 21561 Mbit/s (28298 Mbit/s with framing)
[1;36m[Device: id=0] RX[0m: 12.07 Mpps, 6181 Mbit/s (8113 Mbit/s with framing)
[0;34m[Device: id=0] TX[0m: 42.11 Mpps, 21561 Mbit/s (28298 Mbit/s with framing)
[1;36m[Device: id=0] RX[0m: 12.08 Mpps, 6184 Mbit/s (8117 Mbit/s with framing)
[0;34m[Device: id=0] TX[0m: 42.11 Mpps, 21561 Mbit/s (28298 Mbit/s with framing)
[1;36m[Device: id=0] RX[0m: 11.92 Mpps, 6104 Mbit/s (8011 Mbit/s with framing)
[0;34m[Device: id=0] TX[0m: 42.11 Mpps, 21561 Mbit/s (28298 Mbit/s with framing)
[1;36m[Device: id=0] RX[0m: 11.92 Mpps, 6104 Mbit/s (8011 Mbit/s with framing)
[0;34m[Device: id=0] TX[0m: 42.11 Mpps, 21561 Mbit/s (28299 Mbit/s with framing)
[1;36m[Device: id=0] RX[0m: 11.90 Mpps, 6091 Mbit/s (7994 Mbit/s with framing)
[0;34m[Device: id=0] TX[0m: 42.11 Mpps, 21560 Mbit/s (28298 Mbit/s with framing)
[1;36m[Device: id=0] RX[0m: 11.88 Mpps, 6082 Mbit/s (7982 Mbit/s with framing)
[0;34m[Device: id=0] TX[0m: 42.11 Mpps, 21561 Mbit/s (28298 Mbit/s with framing)
[1;36m[Device: id=0] RX[0m: 12.06 Mpps, 6173 Mbit/s (8103 Mbit/s with framing)
[0;34m[Device: id=0] TX[0m: 42.11 Mpps, 21560 Mbit/s (28298 Mbit/s with framing)
[1;36m[Device: id=0] RX[0m: 11.90 Mpps, 6091 Mbit/s (7995 Mbit/s with framing)
[0;34m[Device: id=0] TX[0m: 42.11 Mpps, 21561 Mbit/s (28298 Mbit/s with framing)
[1;36m[Device: id=0] RX[0m: 11.92 Mpps, 6103 Mbit/s (8010 Mbit/s with framing)
[0;34m[Device: id=0] TX[0m: 42.11 Mpps, 21560 Mbit/s (28298 Mbit/s with framing)
[1;36m[Device: id=0] RX[0m: 11.94 Mpps, 6114 Mbit/s (8024 Mbit/s with framing)
[0;34m[Device: id=0] TX[0m: 42.11 Mpps, 21560 Mbit/s (28298 Mbit/s with framing)
[1;36m[Device: id=0] RX[0m: 11.92 Mpps, 6103 Mbit/s (8010 Mbit/s with framing)
[0;34m[Device: id=0] TX[0m: 42.11 Mpps, 21561 Mbit/s (28298 Mbit/s with framing)
[1;36m[Device: id=0] RX[0m: 12.29 Mpps, 6291 Mbit/s (8256 Mbit/s with framing)
[0;34m[Device: id=0] TX[0m: 42.11 Mpps, 21561 Mbit/s (28298 Mbit/s with framing)
Samples: 519, Average: 50964.3 ns, StdDev: 3009.4 ns, Quartiles: 49721.0/50518.0/51435.0 ns
[1;37m[INFO]  Saving histogram to '/tmp/histogram.csv'[0m
[1;36m[Device: id=0] RX[0m: 9.82 Mpps, 5029 Mbit/s (6600 Mbit/s with framing)
[1;36m[Device: id=0] RX[0m: 11.94 (StdDev 0.42) Mpps, 6115 (StdDev 216) Mbit/s (8025 Mbit/s with framing), total 360331620 packets with 23061223764 bytes (incl. CRC)
[0;34m[Device: id=0] TX[0m: 42.11 (StdDev 0.00) Mpps, 21560 (StdDev 2) Mbit/s (28298 Mbit/s with framing), total 1262343378 packets with 80789979008 bytes (incl. CRC)
