EAL: Detected CPU lcores: 24
EAL: Detected NUMA nodes: 1
EAL: Static memory layout is selected, amount of reserved memory can be adjusted with -m or --socket-mem
EAL: Detected shared linkage of DPDK
EAL: Multi-process socket /var/run/dpdk/rte/mp_socket
EAL: Selected IOVA mode 'VA'
EAL: 512 hugepages of size 2097152 reserved, but no mounted hugetlbfs found for that size
EAL: VFIO support initialized
EAL: Using IOMMU type 1 (Type 1)
EAL: Ignore mapping IO port bar(1)
EAL: Ignore mapping IO port bar(4)
EAL: Probe PCI driver: net_ice (8086:1592) device: 0000:51:00.0 (socket 0)
ice_load_pkg_type(): Active package is: 1.3.26.0, ICE OS Default Package (single VLAN mode)
TELEMETRY: No legacy callbacks, legacy socket not created
[1;33m[WARN]  malloc() allocates objects >= 1 MiB from LuaJIT memory space.[0m
[1;33m[WARN]  Install libjemalloc if you encounter out of memory errors.[0m
[1;37m[INFO]  Initializing DPDK. This will take a few seconds...[0m
[1;37m[INFO]  Found 1 usable devices:[0m
   Device 0: B4:96:91:B3:8B:04 ([0;32mIntel Corporation Ethernet Controller E810-C for QSFP[0m)
[1;37m[INFO]  Waiting for devices to come up...[0m
[1;37m[INFO]  Device 0 (B4:96:91:B3:8B:04) is up: full-duplex 100000 MBit/s[0m
[1;37m[INFO]  [0;32m1 device is up.[0m[0m
Could not set max bandwidth limit for queue 0!
[1;36m[Device: id=0] RX[0m: 8.07 Mpps, 98010 Mbit/s (99301 Mbit/s with framing)
[0;34m[Device: id=0] TX[0m: 8.13 Mpps, 98699 Mbit/s (100000 Mbit/s with framing)
[1;36m[Device: id=0] RX[0m: 8.07 Mpps, 97965 Mbit/s (99256 Mbit/s with framing)
[0;34m[Device: id=0] TX[0m: 8.13 Mpps, 98700 Mbit/s (100000 Mbit/s with framing)
[1;36m[Device: id=0] RX[0m: 8.07 Mpps, 98030 Mbit/s (99322 Mbit/s with framing)
[0;34m[Device: id=0] TX[0m: 8.13 Mpps, 98700 Mbit/s (100000 Mbit/s with framing)
[1;36m[Device: id=0] RX[0m: 8.07 Mpps, 97992 Mbit/s (99283 Mbit/s with framing)
[0;34m[Device: id=0] TX[0m: 8.13 Mpps, 98700 Mbit/s (100000 Mbit/s with framing)
[1;36m[Device: id=0] RX[0m: 8.08 Mpps, 98065 Mbit/s (99357 Mbit/s with framing)
[0;34m[Device: id=0] TX[0m: 8.13 Mpps, 98700 Mbit/s (100001 Mbit/s with framing)
[1;36m[Device: id=0] RX[0m: 8.07 Mpps, 97980 Mbit/s (99271 Mbit/s with framing)
[0;34m[Device: id=0] TX[0m: 8.13 Mpps, 98700 Mbit/s (100001 Mbit/s with framing)
[1;36m[Device: id=0] RX[0m: 8.07 Mpps, 97981 Mbit/s (99273 Mbit/s with framing)
[0;34m[Device: id=0] TX[0m: 8.13 Mpps, 98700 Mbit/s (100000 Mbit/s with framing)
[1;36m[Device: id=0] RX[0m: 8.07 Mpps, 98022 Mbit/s (99314 Mbit/s with framing)
[0;34m[Device: id=0] TX[0m: 8.13 Mpps, 98700 Mbit/s (100000 Mbit/s with framing)
[1;36m[Device: id=0] RX[0m: 8.07 Mpps, 98031 Mbit/s (99322 Mbit/s with framing)
[0;34m[Device: id=0] TX[0m: 8.13 Mpps, 98700 Mbit/s (100000 Mbit/s with framing)
[1;36m[Device: id=0] RX[0m: 8.07 Mpps, 98007 Mbit/s (99299 Mbit/s with framing)
[0;34m[Device: id=0] TX[0m: 8.13 Mpps, 98700 Mbit/s (100000 Mbit/s with framing)
[1;36m[Device: id=0] RX[0m: 8.08 Mpps, 98042 Mbit/s (99334 Mbit/s with framing)
[0;34m[Device: id=0] TX[0m: 8.13 Mpps, 98700 Mbit/s (100000 Mbit/s with framing)
[1;36m[Device: id=0] RX[0m: 8.07 Mpps, 98025 Mbit/s (99317 Mbit/s with framing)
[0;34m[Device: id=0] TX[0m: 8.13 Mpps, 98700 Mbit/s (100001 Mbit/s with framing)
[1;36m[Device: id=0] RX[0m: 8.07 Mpps, 98015 Mbit/s (99307 Mbit/s with framing)
[0;34m[Device: id=0] TX[0m: 8.13 Mpps, 98700 Mbit/s (100000 Mbit/s with framing)
[1;36m[Device: id=0] RX[0m: 8.07 Mpps, 98014 Mbit/s (99306 Mbit/s with framing)
[0;34m[Device: id=0] TX[0m: 8.13 Mpps, 98700 Mbit/s (100001 Mbit/s with framing)
[1;36m[Device: id=0] RX[0m: 8.07 Mpps, 98030 Mbit/s (99322 Mbit/s with framing)
[0;34m[Device: id=0] TX[0m: 8.13 Mpps, 98700 Mbit/s (100000 Mbit/s with framing)
[1;36m[Device: id=0] RX[0m: 8.07 Mpps, 98027 Mbit/s (99319 Mbit/s with framing)
[0;34m[Device: id=0] TX[0m: 8.13 Mpps, 98700 Mbit/s (100000 Mbit/s with framing)
[1;36m[Device: id=0] RX[0m: 8.07 Mpps, 98013 Mbit/s (99304 Mbit/s with framing)
[0;34m[Device: id=0] TX[0m: 8.13 Mpps, 98700 Mbit/s (100001 Mbit/s with framing)
[1;36m[Device: id=0] RX[0m: 8.07 Mpps, 97994 Mbit/s (99285 Mbit/s with framing)
[0;34m[Device: id=0] TX[0m: 8.13 Mpps, 98700 Mbit/s (100000 Mbit/s with framing)
[1;36m[Device: id=0] RX[0m: 8.07 Mpps, 97974 Mbit/s (99266 Mbit/s with framing)
[0;34m[Device: id=0] TX[0m: 8.13 Mpps, 98700 Mbit/s (100001 Mbit/s with framing)
[1;36m[Device: id=0] RX[0m: 8.08 Mpps, 98061 Mbit/s (99353 Mbit/s with framing)
[0;34m[Device: id=0] TX[0m: 8.13 Mpps, 98700 Mbit/s (100000 Mbit/s with framing)
[1;36m[Device: id=0] RX[0m: 8.07 Mpps, 98014 Mbit/s (99306 Mbit/s with framing)
[0;34m[Device: id=0] TX[0m: 8.13 Mpps, 98700 Mbit/s (100001 Mbit/s with framing)
[1;36m[Device: id=0] RX[0m: 8.07 Mpps, 98021 Mbit/s (99313 Mbit/s with framing)
[0;34m[Device: id=0] TX[0m: 8.13 Mpps, 98700 Mbit/s (100000 Mbit/s with framing)
[1;36m[Device: id=0] RX[0m: 8.08 Mpps, 98048 Mbit/s (99340 Mbit/s with framing)
[0;34m[Device: id=0] TX[0m: 8.13 Mpps, 98700 Mbit/s (100001 Mbit/s with framing)
[1;36m[Device: id=0] RX[0m: 8.08 Mpps, 98060 Mbit/s (99352 Mbit/s with framing)
[0;34m[Device: id=0] TX[0m: 8.13 Mpps, 98700 Mbit/s (100000 Mbit/s with framing)
[1;36m[Device: id=0] RX[0m: 8.07 Mpps, 97995 Mbit/s (99286 Mbit/s with framing)
[0;34m[Device: id=0] TX[0m: 8.13 Mpps, 98700 Mbit/s (100000 Mbit/s with framing)
[1;36m[Device: id=0] RX[0m: 8.07 Mpps, 97983 Mbit/s (99274 Mbit/s with framing)
[0;34m[Device: id=0] TX[0m: 8.13 Mpps, 98700 Mbit/s (100000 Mbit/s with framing)
[1;36m[Device: id=0] RX[0m: 8.08 Mpps, 98045 Mbit/s (99337 Mbit/s with framing)
[0;34m[Device: id=0] TX[0m: 8.13 Mpps, 98701 Mbit/s (100002 Mbit/s with framing)
[1;36m[Device: id=0] RX[0m: 8.07 Mpps, 98002 Mbit/s (99294 Mbit/s with framing)
[0;34m[Device: id=0] TX[0m: 8.13 Mpps, 98699 Mbit/s (100000 Mbit/s with framing)
[1;36m[Device: id=0] RX[0m: 8.07 Mpps, 98038 Mbit/s (99330 Mbit/s with framing)
[0;34m[Device: id=0] TX[0m: 8.13 Mpps, 98700 Mbit/s (100000 Mbit/s with framing)
Samples: 55384, Average: 188574.5 ns, StdDev: 11496.3 ns, Quartiles: 187497.0/188790.0/190004.0 ns
[1;37m[INFO]  Saving histogram to '/tmp/histogram.csv'[0m
[1;36m[Device: id=0] RX[0m: 6.62 Mpps, 80399 Mbit/s (81458 Mbit/s with framing)
[1;36m[Device: id=0] RX[0m: 8.02 (StdDev 0.27) Mpps, 97409 (StdDev 3272) Mbit/s (98693 Mbit/s with framing), total 241957510 packets with 367210972376 bytes (incl. CRC)
[0;34m[Device: id=0] TX[0m: 8.13 (StdDev 0.00) Mpps, 98700 (StdDev 0) Mbit/s (100000 Mbit/s with framing), total 243643145 packets with 369769439072 bytes (incl. CRC)
