EAL: Detected CPU lcores: 24
EAL: Detected NUMA nodes: 1
EAL: Static memory layout is selected, amount of reserved memory can be adjusted with -m or --socket-mem
EAL: Detected shared linkage of DPDK
EAL: Multi-process socket /var/run/dpdk/rte/mp_socket
EAL: Selected IOVA mode 'VA'
EAL: 512 hugepages of size 2097152 reserved, but no mounted hugetlbfs found for that size
EAL: VFIO support initialized
EAL: Using IOMMU type 1 (Type 1)
EAL: Ignore mapping IO port bar(1)
EAL: Ignore mapping IO port bar(4)
EAL: Probe PCI driver: net_ice (8086:1592) device: 0000:51:00.0 (socket 0)
ice_load_pkg_type(): Active package is: 1.3.26.0, ICE OS Default Package (single VLAN mode)
TELEMETRY: No legacy callbacks, legacy socket not created
[1;33m[WARN]  malloc() allocates objects >= 1 MiB from LuaJIT memory space.[0m
[1;33m[WARN]  Install libjemalloc if you encounter out of memory errors.[0m
[1;37m[INFO]  Initializing DPDK. This will take a few seconds...[0m
[1;37m[INFO]  Found 1 usable devices:[0m
   Device 0: B4:96:91:B3:8B:04 ([0;32mIntel Corporation Ethernet Controller E810-C for QSFP[0m)
[1;37m[INFO]  Waiting for devices to come up...[0m
[1;37m[INFO]  Device 0 (B4:96:91:B3:8B:04) is up: full-duplex 100000 MBit/s[0m
[1;37m[INFO]  [0;32m1 device is up.[0m[0m
Could not set max bandwidth limit for queue 0!
[1;36m[Device: id=0] RX[0m: 13.73 Mpps, 66334 Mbit/s (68530 Mbit/s with framing)
[0;34m[Device: id=0] TX[0m: 20.03 Mpps, 96789 Mbit/s (99993 Mbit/s with framing)
[1;36m[Device: id=0] RX[0m: 13.89 Mpps, 67123 Mbit/s (69346 Mbit/s with framing)
[0;34m[Device: id=0] TX[0m: 20.03 Mpps, 96785 Mbit/s (99990 Mbit/s with framing)
[1;36m[Device: id=0] RX[0m: 13.88 Mpps, 67077 Mbit/s (69299 Mbit/s with framing)
[0;34m[Device: id=0] TX[0m: 20.03 Mpps, 96791 Mbit/s (99996 Mbit/s with framing)
[1;36m[Device: id=0] RX[0m: 14.04 Mpps, 67829 Mbit/s (70075 Mbit/s with framing)
[0;34m[Device: id=0] TX[0m: 20.03 Mpps, 96790 Mbit/s (99995 Mbit/s with framing)
[1;36m[Device: id=0] RX[0m: 13.90 Mpps, 67149 Mbit/s (69372 Mbit/s with framing)
[0;34m[Device: id=0] TX[0m: 20.03 Mpps, 96791 Mbit/s (99996 Mbit/s with framing)
[1;36m[Device: id=0] RX[0m: 13.85 Mpps, 66903 Mbit/s (69118 Mbit/s with framing)
[0;34m[Device: id=0] TX[0m: 20.03 Mpps, 96791 Mbit/s (99996 Mbit/s with framing)
[1;36m[Device: id=0] RX[0m: 13.89 Mpps, 67093 Mbit/s (69315 Mbit/s with framing)
[0;34m[Device: id=0] TX[0m: 20.03 Mpps, 96789 Mbit/s (99994 Mbit/s with framing)
[1;36m[Device: id=0] RX[0m: 13.83 Mpps, 66842 Mbit/s (69055 Mbit/s with framing)
[0;34m[Device: id=0] TX[0m: 20.03 Mpps, 96791 Mbit/s (99996 Mbit/s with framing)
[1;36m[Device: id=0] RX[0m: 13.91 Mpps, 67197 Mbit/s (69423 Mbit/s with framing)
[0;34m[Device: id=0] TX[0m: 20.03 Mpps, 96791 Mbit/s (99996 Mbit/s with framing)
[1;36m[Device: id=0] RX[0m: 13.95 Mpps, 67408 Mbit/s (69640 Mbit/s with framing)
[0;34m[Device: id=0] TX[0m: 20.03 Mpps, 96790 Mbit/s (99995 Mbit/s with framing)
[1;36m[Device: id=0] RX[0m: 13.82 Mpps, 66773 Mbit/s (68984 Mbit/s with framing)
[0;34m[Device: id=0] TX[0m: 20.03 Mpps, 96790 Mbit/s (99996 Mbit/s with framing)
[1;36m[Device: id=0] RX[0m: 13.86 Mpps, 66964 Mbit/s (69181 Mbit/s with framing)
[0;34m[Device: id=0] TX[0m: 20.03 Mpps, 96790 Mbit/s (99995 Mbit/s with framing)
[1;36m[Device: id=0] RX[0m: 13.87 Mpps, 67014 Mbit/s (69233 Mbit/s with framing)
[0;34m[Device: id=0] TX[0m: 20.03 Mpps, 96791 Mbit/s (99996 Mbit/s with framing)
[1;36m[Device: id=0] RX[0m: 14.02 Mpps, 67750 Mbit/s (69993 Mbit/s with framing)
[0;34m[Device: id=0] TX[0m: 20.03 Mpps, 96791 Mbit/s (99996 Mbit/s with framing)
[1;36m[Device: id=0] RX[0m: 13.69 Mpps, 66166 Mbit/s (68357 Mbit/s with framing)
[0;34m[Device: id=0] TX[0m: 20.03 Mpps, 96791 Mbit/s (99996 Mbit/s with framing)
[1;36m[Device: id=0] RX[0m: 14.09 Mpps, 68086 Mbit/s (70340 Mbit/s with framing)
[0;34m[Device: id=0] TX[0m: 20.03 Mpps, 96791 Mbit/s (99996 Mbit/s with framing)
[1;36m[Device: id=0] RX[0m: 13.72 Mpps, 66305 Mbit/s (68500 Mbit/s with framing)
[0;34m[Device: id=0] TX[0m: 20.03 Mpps, 96791 Mbit/s (99996 Mbit/s with framing)
[1;36m[Device: id=0] RX[0m: 13.86 Mpps, 66973 Mbit/s (69191 Mbit/s with framing)
[0;34m[Device: id=0] TX[0m: 20.03 Mpps, 96791 Mbit/s (99996 Mbit/s with framing)
[1;36m[Device: id=0] RX[0m: 13.94 Mpps, 67363 Mbit/s (69594 Mbit/s with framing)
[0;34m[Device: id=0] TX[0m: 20.03 Mpps, 96791 Mbit/s (99996 Mbit/s with framing)
[1;36m[Device: id=0] RX[0m: 13.76 Mpps, 66508 Mbit/s (68711 Mbit/s with framing)
[0;34m[Device: id=0] TX[0m: 20.03 Mpps, 96791 Mbit/s (99996 Mbit/s with framing)
[1;36m[Device: id=0] RX[0m: 14.08 Mpps, 68050 Mbit/s (70303 Mbit/s with framing)
[0;34m[Device: id=0] TX[0m: 20.03 Mpps, 96791 Mbit/s (99996 Mbit/s with framing)
[1;36m[Device: id=0] RX[0m: 13.72 Mpps, 66276 Mbit/s (68470 Mbit/s with framing)
[0;34m[Device: id=0] TX[0m: 20.03 Mpps, 96790 Mbit/s (99995 Mbit/s with framing)
[1;36m[Device: id=0] RX[0m: 13.92 Mpps, 67240 Mbit/s (69466 Mbit/s with framing)
[0;34m[Device: id=0] TX[0m: 20.03 Mpps, 96790 Mbit/s (99995 Mbit/s with framing)
[1;36m[Device: id=0] RX[0m: 13.86 Mpps, 66959 Mbit/s (69176 Mbit/s with framing)
[0;34m[Device: id=0] TX[0m: 20.03 Mpps, 96790 Mbit/s (99996 Mbit/s with framing)
[1;36m[Device: id=0] RX[0m: 13.99 Mpps, 67588 Mbit/s (69826 Mbit/s with framing)
[0;34m[Device: id=0] TX[0m: 20.03 Mpps, 96791 Mbit/s (99996 Mbit/s with framing)
[1;36m[Device: id=0] RX[0m: 13.65 Mpps, 65963 Mbit/s (68147 Mbit/s with framing)
[0;34m[Device: id=0] TX[0m: 20.03 Mpps, 96791 Mbit/s (99996 Mbit/s with framing)
[1;36m[Device: id=0] RX[0m: 13.90 Mpps, 67188 Mbit/s (69413 Mbit/s with framing)
[0;34m[Device: id=0] TX[0m: 20.03 Mpps, 96790 Mbit/s (99995 Mbit/s with framing)
[1;36m[Device: id=0] RX[0m: 13.82 Mpps, 66802 Mbit/s (69014 Mbit/s with framing)
[0;34m[Device: id=0] TX[0m: 20.03 Mpps, 96790 Mbit/s (99995 Mbit/s with framing)
[1;36m[Device: id=0] RX[0m: 13.74 Mpps, 66403 Mbit/s (68602 Mbit/s with framing)
[0;34m[Device: id=0] TX[0m: 20.03 Mpps, 96791 Mbit/s (99996 Mbit/s with framing)
Samples: 3358, Average: 45816.3 ns, StdDev: 7546.2 ns, Quartiles: 43359.0/43817.0/44821.0 ns
[1;37m[INFO]  Saving histogram to '/tmp/histogram.csv'[0m
[1;36m[Device: id=0] RX[0m: 11.19 Mpps, 54066 Mbit/s (55856 Mbit/s with framing)
[1;36m[Device: id=0] RX[0m: 13.78 (StdDev 0.51) Mpps, 66588 (StdDev 2466) Mbit/s (68793 Mbit/s with framing), total 415442209 packets with 250925287488 bytes (incl. CRC)
[0;34m[Device: id=0] TX[0m: 20.03 (StdDev 0.00) Mpps, 96790 (StdDev 1) Mbit/s (99995 Mbit/s with framing), total 600329582 packets with 362596500980 bytes (incl. CRC)
