EAL: Detected CPU lcores: 24
EAL: Detected NUMA nodes: 1
EAL: Static memory layout is selected, amount of reserved memory can be adjusted with -m or --socket-mem
EAL: Detected shared linkage of DPDK
EAL: Multi-process socket /var/run/dpdk/rte/mp_socket
EAL: Selected IOVA mode 'VA'
EAL: 512 hugepages of size 2097152 reserved, but no mounted hugetlbfs found for that size
EAL: VFIO support initialized
EAL: Using IOMMU type 1 (Type 1)
EAL: Ignore mapping IO port bar(1)
EAL: Ignore mapping IO port bar(4)
EAL: Probe PCI driver: net_ice (8086:1592) device: 0000:51:00.0 (socket 0)
ice_load_pkg_type(): Active package is: 1.3.26.0, ICE OS Default Package (single VLAN mode)
TELEMETRY: No legacy callbacks, legacy socket not created
[1;33m[WARN]  malloc() allocates objects >= 1 MiB from LuaJIT memory space.[0m
[1;33m[WARN]  Install libjemalloc if you encounter out of memory errors.[0m
[1;37m[INFO]  Initializing DPDK. This will take a few seconds...[0m
[1;37m[INFO]  Found 1 usable devices:[0m
   Device 0: B4:96:91:B3:8B:04 ([0;32mIntel Corporation Ethernet Controller E810-C for QSFP[0m)
[1;37m[INFO]  Waiting for devices to come up...[0m
[1;37m[INFO]  Device 0 (B4:96:91:B3:8B:04) is up: full-duplex 100000 MBit/s[0m
[1;37m[INFO]  [0;32m1 device is up.[0m[0m
Could not set max bandwidth limit for queue 0!
[1;36m[Device: id=0] RX[0m: 11.41 Mpps, 93469 Mbit/s (95295 Mbit/s with framing)
[0;34m[Device: id=0] TX[0m: 11.97 Mpps, 98083 Mbit/s (99999 Mbit/s with framing)
[1;36m[Device: id=0] RX[0m: 11.26 Mpps, 92234 Mbit/s (94036 Mbit/s with framing)
[0;34m[Device: id=0] TX[0m: 11.97 Mpps, 98084 Mbit/s (100000 Mbit/s with framing)
[1;36m[Device: id=0] RX[0m: 11.60 Mpps, 94986 Mbit/s (96841 Mbit/s with framing)
[0;34m[Device: id=0] TX[0m: 11.97 Mpps, 98085 Mbit/s (100000 Mbit/s with framing)
[1;36m[Device: id=0] RX[0m: 11.47 Mpps, 93952 Mbit/s (95787 Mbit/s with framing)
[0;34m[Device: id=0] TX[0m: 11.97 Mpps, 98085 Mbit/s (100000 Mbit/s with framing)
[1;36m[Device: id=0] RX[0m: 11.43 Mpps, 93627 Mbit/s (95456 Mbit/s with framing)
[0;34m[Device: id=0] TX[0m: 11.97 Mpps, 98085 Mbit/s (100001 Mbit/s with framing)
[1;36m[Device: id=0] RX[0m: 11.40 Mpps, 93415 Mbit/s (95240 Mbit/s with framing)
[0;34m[Device: id=0] TX[0m: 11.97 Mpps, 98084 Mbit/s (100000 Mbit/s with framing)
[1;36m[Device: id=0] RX[0m: 11.42 Mpps, 93567 Mbit/s (95395 Mbit/s with framing)
[0;34m[Device: id=0] TX[0m: 11.97 Mpps, 98085 Mbit/s (100001 Mbit/s with framing)
[1;36m[Device: id=0] RX[0m: 11.46 Mpps, 93843 Mbit/s (95676 Mbit/s with framing)
[0;34m[Device: id=0] TX[0m: 11.97 Mpps, 98085 Mbit/s (100000 Mbit/s with framing)
[1;36m[Device: id=0] RX[0m: 11.24 Mpps, 92036 Mbit/s (93833 Mbit/s with framing)
[0;34m[Device: id=0] TX[0m: 11.97 Mpps, 98085 Mbit/s (100001 Mbit/s with framing)
[1;36m[Device: id=0] RX[0m: 11.64 Mpps, 95347 Mbit/s (97210 Mbit/s with framing)
[0;34m[Device: id=0] TX[0m: 11.97 Mpps, 98084 Mbit/s (100000 Mbit/s with framing)
[1;36m[Device: id=0] RX[0m: 11.37 Mpps, 93141 Mbit/s (94961 Mbit/s with framing)
[0;34m[Device: id=0] TX[0m: 11.97 Mpps, 98085 Mbit/s (100001 Mbit/s with framing)
[1;36m[Device: id=0] RX[0m: 11.58 Mpps, 94852 Mbit/s (96705 Mbit/s with framing)
[0;34m[Device: id=0] TX[0m: 11.97 Mpps, 98084 Mbit/s (100000 Mbit/s with framing)
[1;36m[Device: id=0] RX[0m: 11.43 Mpps, 93616 Mbit/s (95445 Mbit/s with framing)
[0;34m[Device: id=0] TX[0m: 11.97 Mpps, 98085 Mbit/s (100000 Mbit/s with framing)
[1;36m[Device: id=0] RX[0m: 11.36 Mpps, 93012 Mbit/s (94829 Mbit/s with framing)
[0;34m[Device: id=0] TX[0m: 11.97 Mpps, 98085 Mbit/s (100001 Mbit/s with framing)
[1;36m[Device: id=0] RX[0m: 11.42 Mpps, 93543 Mbit/s (95371 Mbit/s with framing)
[0;34m[Device: id=0] TX[0m: 11.97 Mpps, 98085 Mbit/s (100001 Mbit/s with framing)
[1;36m[Device: id=0] RX[0m: 11.24 Mpps, 92074 Mbit/s (93872 Mbit/s with framing)
[0;34m[Device: id=0] TX[0m: 11.97 Mpps, 98083 Mbit/s (99999 Mbit/s with framing)
[1;36m[Device: id=0] RX[0m: 11.53 Mpps, 94450 Mbit/s (96295 Mbit/s with framing)
[0;34m[Device: id=0] TX[0m: 11.97 Mpps, 98085 Mbit/s (100001 Mbit/s with framing)
[1;36m[Device: id=0] RX[0m: 11.39 Mpps, 93299 Mbit/s (95121 Mbit/s with framing)
[0;34m[Device: id=0] TX[0m: 11.97 Mpps, 98084 Mbit/s (100000 Mbit/s with framing)
[1;36m[Device: id=0] RX[0m: 11.26 Mpps, 92192 Mbit/s (93993 Mbit/s with framing)
[0;34m[Device: id=0] TX[0m: 11.97 Mpps, 98085 Mbit/s (100000 Mbit/s with framing)
[1;36m[Device: id=0] RX[0m: 11.19 Mpps, 91620 Mbit/s (93410 Mbit/s with framing)
[0;34m[Device: id=0] TX[0m: 11.97 Mpps, 98085 Mbit/s (100000 Mbit/s with framing)
[1;36m[Device: id=0] RX[0m: 11.38 Mpps, 93224 Mbit/s (95045 Mbit/s with framing)
[0;34m[Device: id=0] TX[0m: 11.97 Mpps, 98085 Mbit/s (100000 Mbit/s with framing)
[1;36m[Device: id=0] RX[0m: 11.43 Mpps, 93634 Mbit/s (95463 Mbit/s with framing)
[0;34m[Device: id=0] TX[0m: 11.97 Mpps, 98085 Mbit/s (100000 Mbit/s with framing)
[1;36m[Device: id=0] RX[0m: 11.32 Mpps, 92762 Mbit/s (94574 Mbit/s with framing)
[0;34m[Device: id=0] TX[0m: 11.97 Mpps, 98085 Mbit/s (100000 Mbit/s with framing)
[1;36m[Device: id=0] RX[0m: 11.36 Mpps, 93034 Mbit/s (94852 Mbit/s with framing)
[0;34m[Device: id=0] TX[0m: 11.97 Mpps, 98085 Mbit/s (100001 Mbit/s with framing)
[1;36m[Device: id=0] RX[0m: 11.46 Mpps, 93889 Mbit/s (95723 Mbit/s with framing)
[0;34m[Device: id=0] TX[0m: 11.97 Mpps, 98084 Mbit/s (100000 Mbit/s with framing)
[1;36m[Device: id=0] RX[0m: 11.32 Mpps, 92690 Mbit/s (94500 Mbit/s with framing)
[0;34m[Device: id=0] TX[0m: 11.97 Mpps, 98085 Mbit/s (100000 Mbit/s with framing)
[1;36m[Device: id=0] RX[0m: 11.35 Mpps, 92980 Mbit/s (94796 Mbit/s with framing)
[0;34m[Device: id=0] TX[0m: 11.97 Mpps, 98085 Mbit/s (100000 Mbit/s with framing)
[1;36m[Device: id=0] RX[0m: 11.43 Mpps, 93587 Mbit/s (95415 Mbit/s with framing)
[0;34m[Device: id=0] TX[0m: 11.97 Mpps, 98085 Mbit/s (100000 Mbit/s with framing)
[1;36m[Device: id=0] RX[0m: 11.26 Mpps, 92193 Mbit/s (93994 Mbit/s with framing)
[0;34m[Device: id=0] TX[0m: 11.97 Mpps, 98085 Mbit/s (100000 Mbit/s with framing)
Samples: 42730, Average: 127096.5 ns, StdDev: 11036.6 ns, Quartiles: 125301.0/126509.0/127645.0 ns
[1;37m[INFO]  Saving histogram to '/tmp/histogram.csv'[0m
[1;36m[Device: id=0] RX[0m: 9.09 Mpps, 74445 Mbit/s (75900 Mbit/s with framing)
[1;36m[Device: id=0] RX[0m: 11.31 (StdDev 0.44) Mpps, 92664 (StdDev 3618) Mbit/s (94474 Mbit/s with framing), total 341288210 packets with 349438109844 bytes (incl. CRC)
[0;34m[Device: id=0] TX[0m: 11.97 (StdDev 0.00) Mpps, 98085 (StdDev 0) Mbit/s (100000 Mbit/s with framing), total 358834229 packets with 367404710976 bytes (incl. CRC)
