EAL: Detected CPU lcores: 24
EAL: Detected NUMA nodes: 1
EAL: Static memory layout is selected, amount of reserved memory can be adjusted with -m or --socket-mem
EAL: Detected shared linkage of DPDK
EAL: Multi-process socket /var/run/dpdk/rte/mp_socket
EAL: Selected IOVA mode 'VA'
EAL: 512 hugepages of size 2097152 reserved, but no mounted hugetlbfs found for that size
EAL: VFIO support initialized
EAL: Using IOMMU type 1 (Type 1)
EAL: Ignore mapping IO port bar(1)
EAL: Ignore mapping IO port bar(4)
EAL: Probe PCI driver: net_ice (8086:1592) device: 0000:51:00.0 (socket 0)
ice_load_pkg_type(): Active package is: 1.3.26.0, ICE OS Default Package (single VLAN mode)
TELEMETRY: No legacy callbacks, legacy socket not created
[1;33m[WARN]  malloc() allocates objects >= 1 MiB from LuaJIT memory space.[0m
[1;33m[WARN]  Install libjemalloc if you encounter out of memory errors.[0m
[1;37m[INFO]  Initializing DPDK. This will take a few seconds...[0m
[1;37m[INFO]  Found 1 usable devices:[0m
   Device 0: B4:96:91:B3:8B:04 ([0;32mIntel Corporation Ethernet Controller E810-C for QSFP[0m)
[1;37m[INFO]  Waiting for devices to come up...[0m
[1;37m[INFO]  Device 0 (B4:96:91:B3:8B:04) is up: full-duplex 100000 MBit/s[0m
[1;37m[INFO]  [0;32m1 device is up.[0m[0m
[1;36m[Device: id=0] RX[0m: 11.85 Mpps, 12131 Mbit/s (14027 Mbit/s with framing)
[0;34m[Device: id=0] TX[0m: 41.99 Mpps, 43002 Mbit/s (49721 Mbit/s with framing)
[1;36m[Device: id=0] RX[0m: 11.67 Mpps, 11953 Mbit/s (13820 Mbit/s with framing)
[0;34m[Device: id=0] TX[0m: 42.00 Mpps, 43004 Mbit/s (49723 Mbit/s with framing)
[1;36m[Device: id=0] RX[0m: 12.02 Mpps, 12306 Mbit/s (14229 Mbit/s with framing)
[0;34m[Device: id=0] TX[0m: 42.00 Mpps, 43003 Mbit/s (49723 Mbit/s with framing)
[1;36m[Device: id=0] RX[0m: 11.85 Mpps, 12137 Mbit/s (14034 Mbit/s with framing)
[0;34m[Device: id=0] TX[0m: 42.00 Mpps, 43003 Mbit/s (49723 Mbit/s with framing)
[1;36m[Device: id=0] RX[0m: 12.20 Mpps, 12493 Mbit/s (14445 Mbit/s with framing)
[0;34m[Device: id=0] TX[0m: 41.99 Mpps, 43003 Mbit/s (49722 Mbit/s with framing)
[1;36m[Device: id=0] RX[0m: 11.68 Mpps, 11965 Mbit/s (13834 Mbit/s with framing)
[0;34m[Device: id=0] TX[0m: 42.00 Mpps, 43003 Mbit/s (49723 Mbit/s with framing)
[1;36m[Device: id=0] RX[0m: 11.87 Mpps, 12157 Mbit/s (14056 Mbit/s with framing)
[0;34m[Device: id=0] TX[0m: 42.00 Mpps, 43004 Mbit/s (49723 Mbit/s with framing)
[1;36m[Device: id=0] RX[0m: 11.84 Mpps, 12120 Mbit/s (14014 Mbit/s with framing)
[0;34m[Device: id=0] TX[0m: 42.00 Mpps, 43003 Mbit/s (49723 Mbit/s with framing)
[1;36m[Device: id=0] RX[0m: 12.34 Mpps, 12635 Mbit/s (14609 Mbit/s with framing)
[0;34m[Device: id=0] TX[0m: 42.00 Mpps, 43003 Mbit/s (49723 Mbit/s with framing)
[1;36m[Device: id=0] RX[0m: 11.70 Mpps, 11981 Mbit/s (13853 Mbit/s with framing)
[0;34m[Device: id=0] TX[0m: 41.99 Mpps, 42999 Mbit/s (49718 Mbit/s with framing)
[1;36m[Device: id=0] RX[0m: 11.70 Mpps, 11986 Mbit/s (13858 Mbit/s with framing)
[0;34m[Device: id=0] TX[0m: 42.00 Mpps, 43003 Mbit/s (49723 Mbit/s with framing)
[1;36m[Device: id=0] RX[0m: 11.69 Mpps, 11973 Mbit/s (13844 Mbit/s with framing)
[0;34m[Device: id=0] TX[0m: 42.00 Mpps, 43004 Mbit/s (49723 Mbit/s with framing)
[1;36m[Device: id=0] RX[0m: 11.86 Mpps, 12146 Mbit/s (14044 Mbit/s with framing)
[0;34m[Device: id=0] TX[0m: 42.00 Mpps, 43003 Mbit/s (49723 Mbit/s with framing)
[1;36m[Device: id=0] RX[0m: 12.04 Mpps, 12325 Mbit/s (14251 Mbit/s with framing)
[0;34m[Device: id=0] TX[0m: 42.00 Mpps, 43003 Mbit/s (49723 Mbit/s with framing)
[1;36m[Device: id=0] RX[0m: 11.86 Mpps, 12146 Mbit/s (14044 Mbit/s with framing)
[0;34m[Device: id=0] TX[0m: 42.00 Mpps, 43003 Mbit/s (49723 Mbit/s with framing)
[1;36m[Device: id=0] RX[0m: 11.69 Mpps, 11966 Mbit/s (13836 Mbit/s with framing)
[0;34m[Device: id=0] TX[0m: 42.00 Mpps, 43003 Mbit/s (49722 Mbit/s with framing)
[1;36m[Device: id=0] RX[0m: 11.67 Mpps, 11946 Mbit/s (13812 Mbit/s with framing)
[0;34m[Device: id=0] TX[0m: 42.00 Mpps, 43003 Mbit/s (49723 Mbit/s with framing)
[1;36m[Device: id=0] RX[0m: 11.82 Mpps, 12107 Mbit/s (13999 Mbit/s with framing)
[0;34m[Device: id=0] TX[0m: 42.00 Mpps, 43003 Mbit/s (49723 Mbit/s with framing)
[1;36m[Device: id=0] RX[0m: 11.99 Mpps, 12278 Mbit/s (14197 Mbit/s with framing)
[0;34m[Device: id=0] TX[0m: 42.00 Mpps, 43003 Mbit/s (49723 Mbit/s with framing)
[1;36m[Device: id=0] RX[0m: 11.98 Mpps, 12267 Mbit/s (14184 Mbit/s with framing)
[0;34m[Device: id=0] TX[0m: 42.00 Mpps, 43003 Mbit/s (49722 Mbit/s with framing)
[1;36m[Device: id=0] RX[0m: 11.82 Mpps, 12101 Mbit/s (13992 Mbit/s with framing)
[0;34m[Device: id=0] TX[0m: 42.00 Mpps, 43003 Mbit/s (49723 Mbit/s with framing)
[1;36m[Device: id=0] RX[0m: 11.67 Mpps, 11949 Mbit/s (13815 Mbit/s with framing)
[0;34m[Device: id=0] TX[0m: 42.00 Mpps, 43003 Mbit/s (49722 Mbit/s with framing)
[1;36m[Device: id=0] RX[0m: 12.01 Mpps, 12296 Mbit/s (14217 Mbit/s with framing)
[0;34m[Device: id=0] TX[0m: 42.00 Mpps, 43003 Mbit/s (49723 Mbit/s with framing)
[1;36m[Device: id=0] RX[0m: 11.66 Mpps, 11935 Mbit/s (13800 Mbit/s with framing)
[0;34m[Device: id=0] TX[0m: 42.00 Mpps, 43003 Mbit/s (49722 Mbit/s with framing)
[1;36m[Device: id=0] RX[0m: 11.66 Mpps, 11938 Mbit/s (13803 Mbit/s with framing)
[0;34m[Device: id=0] TX[0m: 42.00 Mpps, 43003 Mbit/s (49723 Mbit/s with framing)
[1;36m[Device: id=0] RX[0m: 11.65 Mpps, 11933 Mbit/s (13797 Mbit/s with framing)
[0;34m[Device: id=0] TX[0m: 41.99 Mpps, 43002 Mbit/s (49722 Mbit/s with framing)
[1;36m[Device: id=0] RX[0m: 11.64 Mpps, 11921 Mbit/s (13783 Mbit/s with framing)
[0;34m[Device: id=0] TX[0m: 42.00 Mpps, 43003 Mbit/s (49723 Mbit/s with framing)
[1;36m[Device: id=0] RX[0m: 11.85 Mpps, 12136 Mbit/s (14033 Mbit/s with framing)
[0;34m[Device: id=0] TX[0m: 42.00 Mpps, 43003 Mbit/s (49723 Mbit/s with framing)
[1;36m[Device: id=0] RX[0m: 11.99 Mpps, 12280 Mbit/s (14199 Mbit/s with framing)
[0;34m[Device: id=0] TX[0m: 42.00 Mpps, 43003 Mbit/s (49722 Mbit/s with framing)
Samples: 559, Average: 51446.6 ns, StdDev: 3510.6 ns, Quartiles: 50483.0/51466.0/52567.0 ns
[1;37m[INFO]  Saving histogram to '/tmp/histogram.csv'[0m
[1;36m[Device: id=0] RX[0m: 9.92 Mpps, 10158 Mbit/s (11746 Mbit/s with framing)
[1;36m[Device: id=0] RX[0m: 11.77 (StdDev 0.40) Mpps, 12053 (StdDev 407) Mbit/s (13936 Mbit/s with framing), total 354952378 packets with 45462237396 bytes (incl. CRC)
[0;34m[Device: id=0] TX[0m: 42.00 (StdDev 0.00) Mpps, 43003 (StdDev 1) Mbit/s (49722 Mbit/s with framing), total 1259765346 packets with 161249843264 bytes (incl. CRC)
