EAL: Detected CPU lcores: 24
EAL: Detected NUMA nodes: 1
EAL: Static memory layout is selected, amount of reserved memory can be adjusted with -m or --socket-mem
EAL: Detected shared linkage of DPDK
EAL: Multi-process socket /var/run/dpdk/rte/mp_socket
EAL: Selected IOVA mode 'VA'
EAL: 512 hugepages of size 2097152 reserved, but no mounted hugetlbfs found for that size
EAL: VFIO support initialized
EAL: Using IOMMU type 1 (Type 1)
EAL: Ignore mapping IO port bar(1)
EAL: Ignore mapping IO port bar(4)
EAL: Probe PCI driver: net_ice (8086:1592) device: 0000:51:00.0 (socket 0)
ice_load_pkg_type(): Active package is: 1.3.26.0, ICE OS Default Package (single VLAN mode)
TELEMETRY: No legacy callbacks, legacy socket not created
[1;33m[WARN]  malloc() allocates objects >= 1 MiB from LuaJIT memory space.[0m
[1;33m[WARN]  Install libjemalloc if you encounter out of memory errors.[0m
[1;37m[INFO]  Initializing DPDK. This will take a few seconds...[0m
[1;37m[INFO]  Found 1 usable devices:[0m
   Device 0: B4:96:91:B3:8B:04 ([0;32mIntel Corporation Ethernet Controller E810-C for QSFP[0m)
[1;37m[INFO]  Waiting for devices to come up...[0m
[1;37m[INFO]  Device 0 (B4:96:91:B3:8B:04) is up: full-duplex 100000 MBit/s[0m
[1;37m[INFO]  [0;32m1 device is up.[0m[0m
Could not set max bandwidth limit for queue 0!
[1;36m[Device: id=0] RX[0m: 14.52 Mpps, 81775 Mbit/s (84099 Mbit/s with framing)
[0;34m[Device: id=0] TX[0m: 17.26 Mpps, 97233 Mbit/s (99995 Mbit/s with framing)
[1;36m[Device: id=0] RX[0m: 14.39 Mpps, 81047 Mbit/s (83350 Mbit/s with framing)
[0;34m[Device: id=0] TX[0m: 17.26 Mpps, 97231 Mbit/s (99994 Mbit/s with framing)
[1;36m[Device: id=0] RX[0m: 14.18 Mpps, 79876 Mbit/s (82146 Mbit/s with framing)
[0;34m[Device: id=0] TX[0m: 17.26 Mpps, 97235 Mbit/s (99997 Mbit/s with framing)
[1;36m[Device: id=0] RX[0m: 14.45 Mpps, 81394 Mbit/s (83707 Mbit/s with framing)
[0;34m[Device: id=0] TX[0m: 17.26 Mpps, 97234 Mbit/s (99997 Mbit/s with framing)
[1;36m[Device: id=0] RX[0m: 14.47 Mpps, 81491 Mbit/s (83806 Mbit/s with framing)
[0;34m[Device: id=0] TX[0m: 17.26 Mpps, 97235 Mbit/s (99997 Mbit/s with framing)
[1;36m[Device: id=0] RX[0m: 14.52 Mpps, 81793 Mbit/s (84116 Mbit/s with framing)
[0;34m[Device: id=0] TX[0m: 17.26 Mpps, 97235 Mbit/s (99997 Mbit/s with framing)
[1;36m[Device: id=0] RX[0m: 14.39 Mpps, 81064 Mbit/s (83367 Mbit/s with framing)
[0;34m[Device: id=0] TX[0m: 17.26 Mpps, 97234 Mbit/s (99997 Mbit/s with framing)
[1;36m[Device: id=0] RX[0m: 14.40 Mpps, 81127 Mbit/s (83432 Mbit/s with framing)
[0;34m[Device: id=0] TX[0m: 17.26 Mpps, 97234 Mbit/s (99997 Mbit/s with framing)
[1;36m[Device: id=0] RX[0m: 14.38 Mpps, 81006 Mbit/s (83307 Mbit/s with framing)
[0;34m[Device: id=0] TX[0m: 17.26 Mpps, 97235 Mbit/s (99997 Mbit/s with framing)
[1;36m[Device: id=0] RX[0m: 14.62 Mpps, 82315 Mbit/s (84654 Mbit/s with framing)
[0;34m[Device: id=0] TX[0m: 17.26 Mpps, 97235 Mbit/s (99997 Mbit/s with framing)
[1;36m[Device: id=0] RX[0m: 14.34 Mpps, 80784 Mbit/s (83079 Mbit/s with framing)
[0;34m[Device: id=0] TX[0m: 17.27 Mpps, 97236 Mbit/s (99998 Mbit/s with framing)
[1;36m[Device: id=0] RX[0m: 14.38 Mpps, 80999 Mbit/s (83300 Mbit/s with framing)
[0;34m[Device: id=0] TX[0m: 17.27 Mpps, 97235 Mbit/s (99997 Mbit/s with framing)
[1;36m[Device: id=0] RX[0m: 14.43 Mpps, 81248 Mbit/s (83556 Mbit/s with framing)
[0;34m[Device: id=0] TX[0m: 17.26 Mpps, 97234 Mbit/s (99996 Mbit/s with framing)
[1;36m[Device: id=0] RX[0m: 14.30 Mpps, 80547 Mbit/s (82835 Mbit/s with framing)
[0;34m[Device: id=0] TX[0m: 17.26 Mpps, 97235 Mbit/s (99997 Mbit/s with framing)
[1;36m[Device: id=0] RX[0m: 14.57 Mpps, 82035 Mbit/s (84366 Mbit/s with framing)
[0;34m[Device: id=0] TX[0m: 17.27 Mpps, 97235 Mbit/s (99997 Mbit/s with framing)
[1;36m[Device: id=0] RX[0m: 14.36 Mpps, 80878 Mbit/s (83175 Mbit/s with framing)
[0;34m[Device: id=0] TX[0m: 17.26 Mpps, 97235 Mbit/s (99997 Mbit/s with framing)
[1;36m[Device: id=0] RX[0m: 14.51 Mpps, 81735 Mbit/s (84058 Mbit/s with framing)
[0;34m[Device: id=0] TX[0m: 17.27 Mpps, 97235 Mbit/s (99997 Mbit/s with framing)
[1;36m[Device: id=0] RX[0m: 14.61 Mpps, 82286 Mbit/s (84624 Mbit/s with framing)
[0;34m[Device: id=0] TX[0m: 17.26 Mpps, 97235 Mbit/s (99997 Mbit/s with framing)
[1;36m[Device: id=0] RX[0m: 14.40 Mpps, 81075 Mbit/s (83378 Mbit/s with framing)
[0;34m[Device: id=0] TX[0m: 17.26 Mpps, 97235 Mbit/s (99997 Mbit/s with framing)
[1;36m[Device: id=0] RX[0m: 14.22 Mpps, 80059 Mbit/s (82334 Mbit/s with framing)
[0;34m[Device: id=0] TX[0m: 17.26 Mpps, 97235 Mbit/s (99997 Mbit/s with framing)
[1;36m[Device: id=0] RX[0m: 14.55 Mpps, 81939 Mbit/s (84267 Mbit/s with framing)
[0;34m[Device: id=0] TX[0m: 17.27 Mpps, 97236 Mbit/s (99998 Mbit/s with framing)
[1;36m[Device: id=0] RX[0m: 14.57 Mpps, 82083 Mbit/s (84415 Mbit/s with framing)
[0;34m[Device: id=0] TX[0m: 17.26 Mpps, 97234 Mbit/s (99997 Mbit/s with framing)
[1;36m[Device: id=0] RX[0m: 14.30 Mpps, 80541 Mbit/s (82829 Mbit/s with framing)
[0;34m[Device: id=0] TX[0m: 17.26 Mpps, 97235 Mbit/s (99997 Mbit/s with framing)
[1;36m[Device: id=0] RX[0m: 14.49 Mpps, 81610 Mbit/s (83929 Mbit/s with framing)
[0;34m[Device: id=0] TX[0m: 17.26 Mpps, 97235 Mbit/s (99997 Mbit/s with framing)
[1;36m[Device: id=0] RX[0m: 14.32 Mpps, 80655 Mbit/s (82946 Mbit/s with framing)
[0;34m[Device: id=0] TX[0m: 17.27 Mpps, 97235 Mbit/s (99997 Mbit/s with framing)
[1;36m[Device: id=0] RX[0m: 14.42 Mpps, 81200 Mbit/s (83506 Mbit/s with framing)
[0;34m[Device: id=0] TX[0m: 17.26 Mpps, 97235 Mbit/s (99997 Mbit/s with framing)
[1;36m[Device: id=0] RX[0m: 14.62 Mpps, 82321 Mbit/s (84660 Mbit/s with framing)
[0;34m[Device: id=0] TX[0m: 17.26 Mpps, 97235 Mbit/s (99997 Mbit/s with framing)
[1;36m[Device: id=0] RX[0m: 14.41 Mpps, 81152 Mbit/s (83458 Mbit/s with framing)
[0;34m[Device: id=0] TX[0m: 17.26 Mpps, 97235 Mbit/s (99997 Mbit/s with framing)
[1;36m[Device: id=0] RX[0m: 14.35 Mpps, 80802 Mbit/s (83098 Mbit/s with framing)
[0;34m[Device: id=0] TX[0m: 17.26 Mpps, 97235 Mbit/s (99997 Mbit/s with framing)
Samples: 6931, Average: 43773.3 ns, StdDev: 7344.7 ns, Quartiles: 42078.0/42501.0/43075.0 ns
[1;37m[INFO]  Saving histogram to '/tmp/histogram.csv'[0m
[1;36m[Device: id=0] RX[0m: 11.89 Mpps, 66961 Mbit/s (68863 Mbit/s with framing)
[1;36m[Device: id=0] RX[0m: 14.34 (StdDev 0.48) Mpps, 80759 (StdDev 2729) Mbit/s (83054 Mbit/s with framing), total 432619232 packets with 304559508948 bytes (incl. CRC)
[0;34m[Device: id=0] TX[0m: 17.26 (StdDev 0.00) Mpps, 97235 (StdDev 1) Mbit/s (99997 Mbit/s with framing), total 517559656 packets with 364356688064 bytes (incl. CRC)
