/nix/store/2vwkssqpzykk37r996cafq7x63imf4sp-openjdk-21+35/bin/java  -classpath /nix/store/zw02np72fzsmga6s5mphhw7x8qlzf4sv-ycsb-0.17.0/share/conf:/nix/store/zw02np72fzsmga6s5mphhw7x8qlzf4sv-ycsb-0.17.0/share/lib/core-0.17.0.jar:/nix/store/zw02np72fzsmga6s5mphhw7x8qlzf4sv-ycsb-0.17.0/share/lib/HdrHistogram-2.1.4.jar:/nix/store/zw02np72fzsmga6s5mphhw7x8qlzf4sv-ycsb-0.17.0/share/lib/htrace-core4-4.1.0-incubating.jar:/nix/store/zw02np72fzsmga6s5mphhw7x8qlzf4sv-ycsb-0.17.0/share/lib/jackson-core-asl-1.9.4.jar:/nix/store/zw02np72fzsmga6s5mphhw7x8qlzf4sv-ycsb-0.17.0/share/lib/jackson-mapper-asl-1.9.4.jar:/nix/store/zw02np72fzsmga6s5mphhw7x8qlzf4sv-ycsb-0.17.0/share/redis-binding/lib/commons-pool2-2.4.2.jar:/nix/store/zw02np72fzsmga6s5mphhw7x8qlzf4sv-ycsb-0.17.0/share/redis-binding/lib/jedis-2.9.0.jar:/nix/store/zw02np72fzsmga6s5mphhw7x8qlzf4sv-ycsb-0.17.0/share/redis-binding/lib/redis-binding-0.17.0.jar site.ycsb.Client -t -db site.ycsb.db.RedisClient -s -P /home/host/vmuxIO/test/moonprogs//../../ycsb/share/workloads/workloada -p redis.host=10.1.0.2 -p redis.port=6389 -p operationcount=429496729 -p maxexecutiontime=61 -threads 1
Command line: -t -db site.ycsb.db.RedisClient -s -P /home/host/vmuxIO/test/moonprogs//../../ycsb/share/workloads/workloada -p redis.host=10.1.0.2 -p redis.port=6389 -p operationcount=429496729 -p maxexecutiontime=61 -threads 1
YCSB Client 0.17.0

Loading workload...
Starting test.
Maximum execution time specified as: 61 secs
DBWrapper: report latency for each error is false and specific error codes to track for latency are: []
2024-10-15 13:23:17:429 0 sec: 0 operations; est completion in 0 second 
2024-10-15 13:23:27:227 10 sec: 66543 operations; 6654.3 current ops/sec; est completion in 17 hours 55 minutes [READ: Count=33350, Max=54559, Min=89, Avg=142.56, 90=168, 99=260, 99.9=2801, 99.99=4903] [UPDATE: Count=33217, Max=11447, Min=90, Avg=141.85, 90=170, 99=256, 99.9=2687, 99.99=4427] 
2024-10-15 13:23:37:227 20 sec: 139416 operations; 7287.3 current ops/sec; est completion in 17 hours 6 minutes [READ: Count=36634, Max=4551, Min=91, Avg=135.41, 90=175, 99=264, 99.9=448, 99.99=2183] [UPDATE: Count=36215, Max=4119, Min=87, Avg=133.45, 90=173, 99=262, 99.9=433, 99.99=2797] 
2024-10-15 13:23:47:227 30 sec: 217224 operations; 7780.8 current ops/sec; est completion in 16 hours 28 minutes [READ: Count=38996, Max=9855, Min=92, Avg=127.83, 90=145, 99=219, 99.9=309, 99.99=2753] [UPDATE: Count=38812, Max=6115, Min=89, Avg=125.09, 90=143, 99=223, 99.9=279, 99.99=1065] 
2024-10-15 13:23:57:227 40 sec: 291610 operations; 7438.6 current ops/sec; est completion in 16 hours 21 minutes [READ: Count=37375, Max=2801, Min=91, Avg=133.38, 90=178, 99=235, 99.9=331, 99.99=1230] [UPDATE: Count=37011, Max=4235, Min=88, Avg=131.18, 90=176, 99=230, 99.9=337, 99.99=2767] 
2024-10-15 13:24:07:227 50 sec: 362639 operations; 7102.9 current ops/sec; est completion in 16 hours 26 minutes [READ: Count=35371, Max=8663, Min=92, Avg=139.99, 90=175, 99=277, 99.9=416, 99.99=2797] [UPDATE: Count=35658, Max=2731, Min=93, Avg=136.81, 90=170, 99=269, 99.9=408, 99.99=699] 
2024-10-15 13:24:17:227 60 sec: 439977 operations; 7733.8 current ops/sec; est completion in 16 hours 15 minutes [READ: Count=38552, Max=2881, Min=88, Avg=128.02, 90=148, 99=204, 99.9=279, 99.99=2497] [UPDATE: Count=38786, Max=9071, Min=91, Avg=126.25, 90=147, 99=205, 99.9=288, 99.99=1701] 
Maximum time elapsed. Requesting stop for the workload.
Stop requested for workload. Now Joining!
2024-10-15 13:24:18:241 61 sec: 449010 operations; 8908.28 current ops/sec; est completion in 16 hours 11 minutes [READ: Count=4392, Max=6027, Min=84, Avg=112.27, 90=136, 99=165, 99.9=293, 99.99=6027] [CLEANUP: Count=1, Max=1051, Min=1051, Avg=1051, 90=1051, 99=1051, 99.9=1051, 99.99=1051] [UPDATE: Count=4641, Max=227, Min=83, Avg=108.43, 90=133, 99=161, 99.9=198, 99.99=227] 
[OVERALL], RunTime(ms), 61018
[OVERALL], Throughput(ops/sec), 7358.648267724278
[TOTAL_GCS_Copy], Count, 41
[TOTAL_GC_TIME_Copy], Time(ms), 26
[TOTAL_GC_TIME_%_Copy], Time(%), 0.042610377265724864
[TOTAL_GCS_MarkSweepCompact], Count, 0
[TOTAL_GC_TIME_MarkSweepCompact], Time(ms), 0
[TOTAL_GC_TIME_%_MarkSweepCompact], Time(%), 0.0
[TOTAL_GCs], Count, 41
[TOTAL_GC_TIME], Time(ms), 26
[TOTAL_GC_TIME_%], Time(%), 0.042610377265724864
[READ], Operations, 224670
[READ], AverageLatency(us), 133.81937063248319
[READ], MinLatency(us), 84
[READ], MaxLatency(us), 54559
[READ], 95thPercentileLatency(us), 187
[READ], 99thPercentileLatency(us), 247
[READ], Return=OK, 224670
[CLEANUP], Operations, 1
[CLEANUP], AverageLatency(us), 1051.0
[CLEANUP], MinLatency(us), 1051
[CLEANUP], MaxLatency(us), 1051
[CLEANUP], 95thPercentileLatency(us), 1051
[CLEANUP], 99thPercentileLatency(us), 1051
[UPDATE], Operations, 224340
[UPDATE], AverageLatency(us), 131.6422528305251
[UPDATE], MinLatency(us), 83
[UPDATE], MaxLatency(us), 11447
[UPDATE], 95thPercentileLatency(us), 185
[UPDATE], 99thPercentileLatency(us), 243
[UPDATE], Return=OK, 224340
AUTOTEST_DONE
