Running 1m test @ http://10.1.0.21:5000
  8 threads and 16 connections

  Thread calibration: mean lat.: 5.283ms, rate sampling interval: 18ms
  Thread calibration: mean lat.: 5.306ms, rate sampling interval: 19ms
  Thread calibration: mean lat.: 4.877ms, rate sampling interval: 17ms
  Thread calibration: mean lat.: 5.178ms, rate sampling interval: 17ms
  Thread calibration: mean lat.: 5.522ms, rate sampling interval: 19ms
  Thread calibration: mean lat.: 5.050ms, rate sampling interval: 17ms
  Thread calibration: mean lat.: 3.584ms, rate sampling interval: 10ms
  Thread calibration: mean lat.: 3.670ms, rate sampling interval: 10ms

-----------------------------------------------------------------------
Test Results @ http://10.1.0.21:5000 
  Thread Stats   Avg      Stdev     99%   +/- Stdev
    Latency     5.14ms    3.09ms  12.23ms   71.93%
    Req/Sec     1.09      9.13    58.00     98.45%
  Latency Distribution (HdrHistogram - Recorded Latency)
 50.000%    4.07ms
 75.000%    8.21ms
 90.000%    9.85ms
 99.000%   12.23ms
 99.900%   14.36ms
 99.990%   14.36ms
 99.999%   14.36ms
100.000%   14.36ms

  Detailed Percentile spectrum:
       Value   Percentile   TotalCount 1/(1-Percentile)

       1.636     0.000000            1         1.00
       2.305     0.100000           44         1.11
       2.487     0.200000           87         1.25
       2.691     0.300000          130         1.43
       3.247     0.400000          173         1.67
       4.065     0.500000          216         2.00
       4.211     0.550000          238         2.22
       4.391     0.600000          260         2.50
       4.615     0.650000          281         2.86
       7.267     0.700000          302         3.33
       8.207     0.750000          324         4.00
       8.503     0.775000          335         4.44
       8.847     0.800000          345         5.00
       9.015     0.825000          356         5.71
       9.175     0.850000          367         6.67
       9.551     0.875000          378         8.00
       9.743     0.887500          383         8.89
       9.847     0.900000          388        10.00
      10.095     0.912500          394        11.43
      10.399     0.925000          399        13.33
      10.663     0.937500          405        16.00
      10.703     0.943750          407        17.78
      10.839     0.950000          410        20.00
      10.879     0.956250          413        22.86
      11.079     0.962500          415        26.67
      11.487     0.968750          418        32.00
      11.639     0.971875          420        35.56
      11.911     0.975000          421        40.00
      12.103     0.978125          422        45.71
      12.119     0.981250          423        53.33
      12.207     0.984375          425        64.00
      12.207     0.985938          425        71.11
      12.215     0.987500          426        80.00
      12.231     0.989062          427        91.43
      12.231     0.990625          427       106.67
      12.367     0.992188          428       128.00
      12.367     0.992969          428       142.22
      13.527     0.993750          429       160.00
      13.527     0.994531          429       182.86
      13.527     0.995313          429       213.33
      13.855     0.996094          430       256.00
      13.855     0.996484          430       284.44
      13.855     0.996875          430       320.00
      13.855     0.997266          430       365.71
      13.855     0.997656          430       426.67
      14.359     0.998047          431       512.00
      14.359     1.000000          431          inf
#[Mean    =        5.136, StdDeviation   =        3.093]
#[Max     =       14.352, Total count    =          431]
#[Buckets =           27, SubBuckets     =         2048]
-----------------------------------------------------------------------
  531 requests in 1.03m, 0.90MB read
  Socket errors: connect 0, read 0, write 0, timeout 154
Requests/sec:      8.56  
Transfer/sec:     14.82KB
AUTOTEST_DONE
