Running 1m test @ http://10.1.0.42:8080/wrk2-api/review/compose
  8 threads and 16 connections

  Thread calibration: mean lat.: 7.848ms, rate sampling interval: 18ms
  Thread calibration: mean lat.: 7.809ms, rate sampling interval: 16ms
  Thread calibration: mean lat.: 7.635ms, rate sampling interval: 15ms
  Thread calibration: mean lat.: 7.606ms, rate sampling interval: 16ms
  Thread calibration: mean lat.: 7.962ms, rate sampling interval: 17ms
  Thread calibration: mean lat.: 9.265ms, rate sampling interval: 20ms
  Thread calibration: mean lat.: 7.838ms, rate sampling interval: 17ms
  Thread calibration: mean lat.: 7.964ms, rate sampling interval: 17ms

-----------------------------------------------------------------------
Test Results @ http://10.1.0.42:8080/wrk2-api/review/compose 
  Thread Stats   Avg      Stdev     99%   +/- Stdev
    Latency     7.88ms    1.00ms  11.45ms   80.97%
    Req/Sec     1.06      8.02    58.00     98.25%
  Latency Distribution (HdrHistogram - Recorded Latency)
 50.000%    7.72ms
 75.000%    8.12ms
 90.000%    8.82ms
 99.000%   11.45ms
 99.900%   12.75ms
 99.990%   12.75ms
 99.999%   12.75ms
100.000%   12.75ms

  Detailed Percentile spectrum:
       Value   Percentile   TotalCount 1/(1-Percentile)

       6.003     0.000000            1         1.00
       6.903     0.100000           44         1.11
       7.231     0.200000           88         1.25
       7.455     0.300000          130         1.43
       7.603     0.400000          173         1.67
       7.723     0.500000          217         2.00
       7.807     0.550000          238         2.22
       7.875     0.600000          259         2.50
       7.951     0.650000          283         2.86
       8.019     0.700000          302         3.33
       8.135     0.750000          324         4.00
       8.223     0.775000          338         4.44
       8.271     0.800000          345         5.00
       8.375     0.825000          356         5.71
       8.495     0.850000          367         6.67
       8.663     0.875000          379         8.00
       8.759     0.887500          383         8.89
       8.823     0.900000          388        10.00
       8.983     0.912500          394        11.43
       9.159     0.925000          399        13.33
       9.527     0.937500          405        16.00
       9.743     0.943750          407        17.78
      10.023     0.950000          410        20.00
      10.599     0.956250          413        22.86
      10.935     0.962500          415        26.67
      11.119     0.968750          418        32.00
      11.183     0.971875          419        35.56
      11.215     0.975000          421        40.00
      11.295     0.978125          422        45.71
      11.303     0.981250          423        53.33
      11.351     0.984375          425        64.00
      11.351     0.985938          425        71.11
      11.367     0.987500          426        80.00
      11.455     0.989062          427        91.43
      11.455     0.990625          427       106.67
      11.567     0.992188          428       128.00
      11.567     0.992969          428       142.22
      11.807     0.993750          430       160.00
      11.807     0.994531          430       182.86
      11.807     0.995313          430       213.33
      11.807     0.996094          430       256.00
      11.807     0.996484          430       284.44
      11.807     0.996875          430       320.00
      11.807     0.997266          430       365.71
      11.807     0.997656          430       426.67
      12.751     0.998047          431       512.00
      12.751     1.000000          431          inf
#[Mean    =        7.880, StdDeviation   =        1.001]
#[Max     =       12.744, Total count    =          431]
#[Buckets =           27, SubBuckets     =         2048]
-----------------------------------------------------------------------
  530 requests in 1.03m, 95.23KB read
  Socket errors: connect 0, read 0, write 0, timeout 157
Requests/sec:      8.55  
Transfer/sec:      1.54KB
AUTOTEST_DONE
