Running 1m test @ http://10.1.0.42:8080/wrk2-api/review/compose
  8 threads and 16 connections

  Thread calibration: mean lat.: 8.011ms, rate sampling interval: 19ms
  Thread calibration: mean lat.: 8.399ms, rate sampling interval: 18ms
  Thread calibration: mean lat.: 8.432ms, rate sampling interval: 18ms
  Thread calibration: mean lat.: 8.217ms, rate sampling interval: 16ms
  Thread calibration: mean lat.: 7.943ms, rate sampling interval: 16ms
  Thread calibration: mean lat.: 8.208ms, rate sampling interval: 17ms
  Thread calibration: mean lat.: 10.183ms, rate sampling interval: 18ms
  Thread calibration: mean lat.: 9.059ms, rate sampling interval: 23ms

-----------------------------------------------------------------------
Test Results @ http://10.1.0.42:8080/wrk2-api/review/compose 
  Thread Stats   Avg      Stdev     99%   +/- Stdev
    Latency     8.00ms    1.28ms  12.69ms   82.18%
    Req/Sec     1.07      7.81    58.00     98.13%
  Latency Distribution (HdrHistogram - Recorded Latency)
 50.000%    7.76ms
 75.000%    8.27ms
 90.000%    9.22ms
 99.000%   12.69ms
 99.900%   16.88ms
 99.990%   16.88ms
 99.999%   16.88ms
100.000%   16.88ms

  Detailed Percentile spectrum:
       Value   Percentile   TotalCount 1/(1-Percentile)

       5.483     0.000000            1         1.00
       6.763     0.100000           44         1.11
       7.211     0.200000           87         1.25
       7.435     0.300000          130         1.43
       7.647     0.400000          173         1.67
       7.763     0.500000          216         2.00
       7.847     0.550000          239         2.22
       7.955     0.600000          260         2.50
       8.047     0.650000          281         2.86
       8.175     0.700000          304         3.33
       8.271     0.750000          324         4.00
       8.383     0.775000          336         4.44
       8.479     0.800000          346         5.00
       8.607     0.825000          357         5.71
       8.751     0.850000          368         6.67
       9.015     0.875000          378         8.00
       9.119     0.887500          384         8.89
       9.215     0.900000          389        10.00
       9.655     0.912500          395        11.43
       9.871     0.925000          401        13.33
      10.191     0.937500          405        16.00
      10.423     0.943750          408        17.78
      10.767     0.950000          411        20.00
      10.951     0.956250          414        22.86
      11.087     0.962500          416        26.67
      11.535     0.968750          419        32.00
      11.807     0.971875          420        35.56
      11.911     0.975000          422        40.00
      11.919     0.978125          423        45.71
      11.983     0.981250          424        53.33
      12.423     0.984375          426        64.00
      12.423     0.985938          426        71.11
      12.471     0.987500          427        80.00
      12.687     0.989062          428        91.43
      12.687     0.990625          428       106.67
      12.951     0.992188          429       128.00
      12.951     0.992969          429       142.22
      13.575     0.993750          430       160.00
      13.575     0.994531          430       182.86
      13.575     0.995313          430       213.33
      13.855     0.996094          431       256.00
      13.855     0.996484          431       284.44
      13.855     0.996875          431       320.00
      13.855     0.997266          431       365.71
      13.855     0.997656          431       426.67
      16.879     0.998047          432       512.00
      16.879     1.000000          432          inf
#[Mean    =        8.003, StdDeviation   =        1.283]
#[Max     =       16.864, Total count    =          432]
#[Buckets =           27, SubBuckets     =         2048]
-----------------------------------------------------------------------
  529 requests in 1.03m, 95.05KB read
  Socket errors: connect 0, read 0, write 0, timeout 159
Requests/sec:      8.53  
Transfer/sec:      1.53KB
AUTOTEST_DONE
