Running 1m test @ http://10.1.0.42:8080/wrk2-api/review/compose
  8 threads and 16 connections

  Thread calibration: mean lat.: 8.248ms, rate sampling interval: 16ms
  Thread calibration: mean lat.: 7.833ms, rate sampling interval: 17ms
  Thread calibration: mean lat.: 7.928ms, rate sampling interval: 16ms
  Thread calibration: mean lat.: 7.792ms, rate sampling interval: 17ms
  Thread calibration: mean lat.: 7.867ms, rate sampling interval: 17ms
  Thread calibration: mean lat.: 7.614ms, rate sampling interval: 15ms
  Thread calibration: mean lat.: 7.667ms, rate sampling interval: 16ms
  Thread calibration: mean lat.: 8.522ms, rate sampling interval: 17ms

-----------------------------------------------------------------------
Test Results @ http://10.1.0.42:8080/wrk2-api/review/compose 
  Thread Stats   Avg      Stdev     99%   +/- Stdev
    Latency     7.73ms    1.01ms  11.42ms   81.67%
    Req/Sec     1.07      8.12    62.00     98.29%
  Latency Distribution (HdrHistogram - Recorded Latency)
 50.000%    7.61ms
 75.000%    8.02ms
 90.000%    8.56ms
 99.000%   11.42ms
 99.900%   13.01ms
 99.990%   13.01ms
 99.999%   13.01ms
100.000%   13.01ms

  Detailed Percentile spectrum:
       Value   Percentile   TotalCount 1/(1-Percentile)

       5.223     0.000000            1         1.00
       6.771     0.100000           44         1.11
       7.075     0.200000           87         1.25
       7.295     0.300000          130         1.43
       7.435     0.400000          173         1.67
       7.607     0.500000          216         2.00
       7.695     0.550000          239         2.22
       7.771     0.600000          259         2.50
       7.847     0.650000          282         2.86
       7.927     0.700000          302         3.33
       8.023     0.750000          324         4.00
       8.067     0.775000          335         4.44
       8.115     0.800000          345         5.00
       8.179     0.825000          357         5.71
       8.295     0.850000          367         6.67
       8.375     0.875000          379         8.00
       8.455     0.887500          383         8.89
       8.559     0.900000          388        10.00
       8.855     0.912500          394        11.43
       9.207     0.925000          399        13.33
       9.607     0.937500          405        16.00
       9.791     0.943750          407        17.78
       9.991     0.950000          410        20.00
      10.239     0.956250          413        22.86
      10.319     0.962500          415        26.67
      10.471     0.968750          418        32.00
      10.511     0.971875          419        35.56
      10.735     0.975000          421        40.00
      10.991     0.978125          422        45.71
      11.295     0.981250          423        53.33
      11.375     0.984375          425        64.00
      11.375     0.985938          425        71.11
      11.391     0.987500          426        80.00
      11.423     0.989062          427        91.43
      11.423     0.990625          427       106.67
      11.567     0.992188          428       128.00
      11.567     0.992969          428       142.22
      11.927     0.993750          429       160.00
      11.927     0.994531          429       182.86
      11.927     0.995313          429       213.33
      12.015     0.996094          430       256.00
      12.015     0.996484          430       284.44
      12.015     0.996875          430       320.00
      12.015     0.997266          430       365.71
      12.015     0.997656          430       426.67
      13.007     0.998047          431       512.00
      13.007     1.000000          431          inf
#[Mean    =        7.729, StdDeviation   =        1.009]
#[Max     =       13.000, Total count    =          431]
#[Buckets =           27, SubBuckets     =         2048]
-----------------------------------------------------------------------
  529 requests in 1.03m, 95.05KB read
  Socket errors: connect 0, read 0, write 0, timeout 158
Requests/sec:      8.53  
Transfer/sec:      1.53KB
AUTOTEST_DONE
