Running 1m test @ http://10.1.0.44:8080
  8 threads and 16 connections

  Thread calibration: mean lat.: 2.638ms, rate sampling interval: 10ms
  Thread calibration: mean lat.: 2.374ms, rate sampling interval: 10ms
  Thread calibration: mean lat.: 2.566ms, rate sampling interval: 10ms
  Thread calibration: mean lat.: 2.563ms, rate sampling interval: 10ms
  Thread calibration: mean lat.: 2.861ms, rate sampling interval: 10ms
  Thread calibration: mean lat.: 2.625ms, rate sampling interval: 10ms
  Thread calibration: mean lat.: 2.048ms, rate sampling interval: 10ms
  Thread calibration: mean lat.: 3.008ms, rate sampling interval: 11ms

-----------------------------------------------------------------------
Test Results @ http://10.1.0.44:8080 
  Thread Stats   Avg      Stdev     99%   +/- Stdev
    Latency     2.39ms    1.11ms   6.68ms   90.72%
    Req/Sec     1.10     10.70    90.00     98.94%
  Latency Distribution (HdrHistogram - Recorded Latency)
 50.000%    2.08ms
 75.000%    2.53ms
 90.000%    3.00ms
 99.000%    6.68ms
 99.900%   10.03ms
 99.990%   10.03ms
 99.999%   10.03ms
100.000%   10.03ms

  Detailed Percentile spectrum:
       Value   Percentile   TotalCount 1/(1-Percentile)

       1.133     0.000000            1         1.00
       1.600     0.100000           44         1.11
       1.749     0.200000           87         1.25
       1.869     0.300000          130         1.43
       1.989     0.400000          175         1.67
       2.083     0.500000          216         2.00
       2.143     0.550000          239         2.22
       2.219     0.600000          259         2.50
       2.299     0.650000          282         2.86
       2.385     0.700000          303         3.33
       2.539     0.750000          324         4.00
       2.569     0.775000          335         4.44
       2.629     0.800000          345         5.00
       2.687     0.825000          356         5.71
       2.783     0.850000          367         6.67
       2.897     0.875000          378         8.00
       2.925     0.887500          383         8.89
       2.999     0.900000          388        10.00
       3.175     0.912500          394        11.43
       4.599     0.925000          399        13.33
       5.043     0.937500          405        16.00
       5.091     0.943750          407        17.78
       5.215     0.950000          410        20.00
       5.371     0.956250          413        22.86
       5.451     0.962500          416        26.67
       5.719     0.968750          419        32.00
       5.719     0.971875          419        35.56
       5.847     0.975000          421        40.00
       5.863     0.978125          422        45.71
       5.907     0.981250          423        53.33
       6.299     0.984375          425        64.00
       6.299     0.985938          425        71.11
       6.531     0.987500          426        80.00
       6.679     0.989062          427        91.43
       6.679     0.990625          427       106.67
       6.859     0.992188          428       128.00
       6.859     0.992969          428       142.22
       7.215     0.993750          429       160.00
       7.215     0.994531          429       182.86
       7.215     0.995313          429       213.33
       7.927     0.996094          430       256.00
       7.927     0.996484          430       284.44
       7.927     0.996875          430       320.00
       7.927     0.997266          430       365.71
       7.927     0.997656          430       426.67
      10.031     0.998047          431       512.00
      10.031     1.000000          431          inf
#[Mean    =        2.387, StdDeviation   =        1.107]
#[Max     =       10.024, Total count    =          431]
#[Buckets =           27, SubBuckets     =         2048]
-----------------------------------------------------------------------
  530 requests in 1.03m, 106.43KB read
  Socket errors: connect 0, read 0, write 0, timeout 157
  Non-2xx or 3xx responses: 51
Requests/sec:      8.55  
Transfer/sec:      1.72KB
AUTOTEST_DONE
