Running 1m test @ http://10.1.0.44:8080
  8 threads and 16 connections

  Thread calibration: mean lat.: 2.533ms, rate sampling interval: 10ms
  Thread calibration: mean lat.: 2.118ms, rate sampling interval: 10ms
  Thread calibration: mean lat.: 3.243ms, rate sampling interval: 11ms
  Thread calibration: mean lat.: 2.399ms, rate sampling interval: 10ms
  Thread calibration: mean lat.: 2.493ms, rate sampling interval: 10ms
  Thread calibration: mean lat.: 3.352ms, rate sampling interval: 12ms
  Thread calibration: mean lat.: 2.227ms, rate sampling interval: 10ms
  Thread calibration: mean lat.: 2.628ms, rate sampling interval: 10ms

-----------------------------------------------------------------------
Test Results @ http://10.1.0.44:8080 
  Thread Stats   Avg      Stdev     99%   +/- Stdev
    Latency     2.48ms    3.10ms   6.64ms   96.29%
    Req/Sec     1.10     10.59    83.00     98.92%
  Latency Distribution (HdrHistogram - Recorded Latency)
 50.000%    2.06ms
 75.000%    2.47ms
 90.000%    2.92ms
 99.000%    6.64ms
 99.900%   63.07ms
 99.990%   63.07ms
 99.999%   63.07ms
100.000%   63.07ms

  Detailed Percentile spectrum:
       Value   Percentile   TotalCount 1/(1-Percentile)

       1.054     0.000000            1         1.00
       1.588     0.100000           44         1.11
       1.756     0.200000           87         1.25
       1.859     0.300000          131         1.43
       1.953     0.400000          173         1.67
       2.057     0.500000          217         2.00
       2.123     0.550000          238         2.22
       2.201     0.600000          260         2.50
       2.277     0.650000          281         2.86
       2.389     0.700000          302         3.33
       2.471     0.750000          324         4.00
       2.521     0.775000          335         4.44
       2.573     0.800000          345         5.00
       2.653     0.825000          356         5.71
       2.739     0.850000          369         6.67
       2.805     0.875000          378         8.00
       2.849     0.887500          384         8.89
       2.925     0.900000          388        10.00
       3.051     0.912500          394        11.43
       4.411     0.925000          399        13.33
       4.867     0.937500          405        16.00
       5.187     0.943750          407        17.78
       5.235     0.950000          410        20.00
       5.483     0.956250          413        22.86
       5.559     0.962500          415        26.67
       5.843     0.968750          418        32.00
       5.967     0.971875          419        35.56
       6.195     0.975000          421        40.00
       6.211     0.978125          422        45.71
       6.215     0.981250          423        53.33
       6.347     0.984375          425        64.00
       6.347     0.985938          425        71.11
       6.619     0.987500          426        80.00
       6.639     0.989062          427        91.43
       6.639     0.990625          427       106.67
       6.811     0.992188          428       128.00
       6.811     0.992969          428       142.22
       6.851     0.993750          429       160.00
       6.851     0.994531          429       182.86
       6.851     0.995313          429       213.33
       7.623     0.996094          430       256.00
       7.623     0.996484          430       284.44
       7.623     0.996875          430       320.00
       7.623     0.997266          430       365.71
       7.623     0.997656          430       426.67
      63.071     0.998047          431       512.00
      63.071     1.000000          431          inf
#[Mean    =        2.481, StdDeviation   =        3.101]
#[Max     =       63.040, Total count    =          431]
#[Buckets =           27, SubBuckets     =         2048]
-----------------------------------------------------------------------
  531 requests in 1.03m, 106.43KB read
  Socket errors: connect 0, read 0, write 0, timeout 155
  Non-2xx or 3xx responses: 48
Requests/sec:      8.56  
Transfer/sec:      1.72KB
AUTOTEST_DONE
