Running 1m test @ http://10.1.0.44:8080
  8 threads and 16 connections

  Thread calibration: mean lat.: 3.097ms, rate sampling interval: 10ms
  Thread calibration: mean lat.: 2.482ms, rate sampling interval: 10ms
  Thread calibration: mean lat.: 2.480ms, rate sampling interval: 10ms
  Thread calibration: mean lat.: 2.529ms, rate sampling interval: 10ms
  Thread calibration: mean lat.: 2.286ms, rate sampling interval: 10ms
  Thread calibration: mean lat.: 2.180ms, rate sampling interval: 10ms
  Thread calibration: mean lat.: 2.689ms, rate sampling interval: 10ms
  Thread calibration: mean lat.: 2.868ms, rate sampling interval: 10ms

-----------------------------------------------------------------------
Test Results @ http://10.1.0.44:8080 
  Thread Stats   Avg      Stdev     99%   +/- Stdev
    Latency     2.51ms    1.17ms   6.63ms   87.04%
    Req/Sec     1.11     10.79   100.00     98.95%
  Latency Distribution (HdrHistogram - Recorded Latency)
 50.000%    2.17ms
 75.000%    2.61ms
 90.000%    3.78ms
 99.000%    6.63ms
 99.900%    7.92ms
 99.990%    7.92ms
 99.999%    7.92ms
100.000%    7.92ms

  Detailed Percentile spectrum:
       Value   Percentile   TotalCount 1/(1-Percentile)

       1.086     0.000000            1         1.00
       1.672     0.100000           45         1.11
       1.824     0.200000           87         1.25
       1.936     0.300000          130         1.43
       2.041     0.400000          173         1.67
       2.169     0.500000          216         2.00
       2.211     0.550000          239         2.22
       2.285     0.600000          260         2.50
       2.385     0.650000          282         2.86
       2.521     0.700000          303         3.33
       2.609     0.750000          324         4.00
       2.655     0.775000          335         4.44
       2.705     0.800000          347         5.00
       2.791     0.825000          357         5.71
       2.911     0.850000          368         6.67
       3.025     0.875000          378         8.00
       3.339     0.887500          384         8.89
       3.779     0.900000          389        10.00
       4.827     0.912500          396        11.43
       5.087     0.925000          400        13.33
       5.311     0.937500          405        16.00
       5.399     0.943750          408        17.78
       5.483     0.950000          411        20.00
       5.675     0.956250          414        22.86
       6.095     0.962500          416        26.67
       6.339     0.968750          419        32.00
       6.359     0.971875          420        35.56
       6.431     0.975000          422        40.00
       6.479     0.978125          423        45.71
       6.487     0.981250          424        53.33
       6.507     0.984375          426        64.00
       6.507     0.985938          426        71.11
       6.579     0.987500          427        80.00
       6.631     0.989062          428        91.43
       6.631     0.990625          428       106.67
       6.807     0.992188          429       128.00
       6.807     0.992969          429       142.22
       6.939     0.993750          430       160.00
       6.939     0.994531          430       182.86
       6.939     0.995313          430       213.33
       6.987     0.996094          431       256.00
       6.987     0.996484          431       284.44
       6.987     0.996875          431       320.00
       6.987     0.997266          431       365.71
       6.987     0.997656          431       426.67
       7.919     0.998047          432       512.00
       7.919     1.000000          432          inf
#[Mean    =        2.510, StdDeviation   =        1.173]
#[Max     =        7.916, Total count    =          432]
#[Buckets =           27, SubBuckets     =         2048]
-----------------------------------------------------------------------
  531 requests in 1.03m, 106.83KB read
  Socket errors: connect 0, read 0, write 0, timeout 157
  Non-2xx or 3xx responses: 54
Requests/sec:      8.56  
Transfer/sec:      1.72KB
AUTOTEST_DONE
