Running 1m test @ http://10.1.0.44:8080
  8 threads and 16 connections

  Thread calibration: mean lat.: 2.676ms, rate sampling interval: 10ms
  Thread calibration: mean lat.: 3.190ms, rate sampling interval: 11ms
  Thread calibration: mean lat.: 2.431ms, rate sampling interval: 10ms
  Thread calibration: mean lat.: 2.487ms, rate sampling interval: 10ms
  Thread calibration: mean lat.: 2.513ms, rate sampling interval: 10ms
  Thread calibration: mean lat.: 2.761ms, rate sampling interval: 10ms
  Thread calibration: mean lat.: 2.999ms, rate sampling interval: 10ms
  Thread calibration: mean lat.: 2.677ms, rate sampling interval: 10ms

-----------------------------------------------------------------------
Test Results @ http://10.1.0.44:8080 
  Thread Stats   Avg      Stdev     99%   +/- Stdev
    Latency     2.57ms    2.06ms   7.36ms   90.95%
    Req/Sec     1.10     10.70    90.00     98.94%
  Latency Distribution (HdrHistogram - Recorded Latency)
 50.000%    2.11ms
 75.000%    2.59ms
 90.000%    3.90ms
 99.000%    7.36ms
 99.900%   35.52ms
 99.990%   35.52ms
 99.999%   35.52ms
100.000%   35.52ms

  Detailed Percentile spectrum:
       Value   Percentile   TotalCount 1/(1-Percentile)

       1.035     0.000000            1         1.00
       1.650     0.100000           44         1.11
       1.831     0.200000           89         1.25
       1.916     0.300000          130         1.43
       1.995     0.400000          173         1.67
       2.109     0.500000          216         2.00
       2.195     0.550000          238         2.22
       2.249     0.600000          259         2.50
       2.339     0.650000          281         2.86
       2.471     0.700000          302         3.33
       2.599     0.750000          324         4.00
       2.679     0.775000          335         4.44
       2.723     0.800000          346         5.00
       2.807     0.825000          356         5.71
       2.871     0.850000          368         6.67
       3.085     0.875000          378         8.00
       3.261     0.887500          383         8.89
       3.901     0.900000          388        10.00
       4.763     0.912500          394        11.43
       4.983     0.925000          399        13.33
       5.143     0.937500          405        16.00
       5.283     0.943750          407        17.78
       5.399     0.950000          410        20.00
       5.751     0.956250          413        22.86
       5.887     0.962500          415        26.67
       6.099     0.968750          418        32.00
       6.199     0.971875          419        35.56
       6.315     0.975000          421        40.00
       6.323     0.978125          422        45.71
       6.367     0.981250          423        53.33
       6.899     0.984375          425        64.00
       6.899     0.985938          425        71.11
       7.019     0.987500          426        80.00
       7.363     0.989062          427        91.43
       7.363     0.990625          427       106.67
       7.559     0.992188          428       128.00
       7.559     0.992969          428       142.22
       8.647     0.993750          429       160.00
       8.647     0.994531          429       182.86
       8.647     0.995313          429       213.33
      15.975     0.996094          430       256.00
      15.975     0.996484          430       284.44
      15.975     0.996875          430       320.00
      15.975     0.997266          430       365.71
      15.975     0.997656          430       426.67
      35.519     0.998047          431       512.00
      35.519     1.000000          431          inf
#[Mean    =        2.575, StdDeviation   =        2.064]
#[Max     =       35.488, Total count    =          431]
#[Buckets =           27, SubBuckets     =         2048]
-----------------------------------------------------------------------
  530 requests in 1.03m, 106.64KB read
  Socket errors: connect 0, read 0, write 0, timeout 157
  Non-2xx or 3xx responses: 54
Requests/sec:      8.55  
Transfer/sec:      1.72KB
AUTOTEST_DONE
