/nix/store/2vwkssqpzykk37r996cafq7x63imf4sp-openjdk-21+35/bin/java  -classpath /nix/store/zw02np72fzsmga6s5mphhw7x8qlzf4sv-ycsb-0.17.0/share/conf:/nix/store/zw02np72fzsmga6s5mphhw7x8qlzf4sv-ycsb-0.17.0/share/lib/core-0.17.0.jar:/nix/store/zw02np72fzsmga6s5mphhw7x8qlzf4sv-ycsb-0.17.0/share/lib/HdrHistogram-2.1.4.jar:/nix/store/zw02np72fzsmga6s5mphhw7x8qlzf4sv-ycsb-0.17.0/share/lib/htrace-core4-4.1.0-incubating.jar:/nix/store/zw02np72fzsmga6s5mphhw7x8qlzf4sv-ycsb-0.17.0/share/lib/jackson-core-asl-1.9.4.jar:/nix/store/zw02np72fzsmga6s5mphhw7x8qlzf4sv-ycsb-0.17.0/share/lib/jackson-mapper-asl-1.9.4.jar:/nix/store/zw02np72fzsmga6s5mphhw7x8qlzf4sv-ycsb-0.17.0/share/redis-binding/lib/commons-pool2-2.4.2.jar:/nix/store/zw02np72fzsmga6s5mphhw7x8qlzf4sv-ycsb-0.17.0/share/redis-binding/lib/jedis-2.9.0.jar:/nix/store/zw02np72fzsmga6s5mphhw7x8qlzf4sv-ycsb-0.17.0/share/redis-binding/lib/redis-binding-0.17.0.jar site.ycsb.Client -t -db site.ycsb.db.RedisClient -s -P /home/host/vmuxIO/test/moonprogs//../../ycsb/share/workloads/workloada -p redis.host=10.1.0.2 -p redis.port=6390 -p operationcount=429496729 -p maxexecutiontime=61 -threads 1
Command line: -t -db site.ycsb.db.RedisClient -s -P /home/host/vmuxIO/test/moonprogs//../../ycsb/share/workloads/workloada -p redis.host=10.1.0.2 -p redis.port=6390 -p operationcount=429496729 -p maxexecutiontime=61 -threads 1
YCSB Client 0.17.0

Loading workload...
Starting test.
Maximum execution time specified as: 61 secs
DBWrapper: report latency for each error is false and specific error codes to track for latency are: []
2025-02-05 02:31:06:529 0 sec: 0 operations; est completion in 0 second 
2025-02-05 02:31:16:338 10 sec: 50664 operations; 5066.4 current ops/sec; est completion in 23 hours 32 minutes [READ: Count=25081, Max=20831, Min=79, Avg=186.06, 90=214, 99=2097, 99.9=4019, 99.99=5999] [UPDATE: Count=25610, Max=32319, Min=78, Avg=190.23, 90=218, 99=2143, 99.9=3955, 99.99=6367] 
2025-02-05 02:31:26:339 20 sec: 99552 operations; 4888.31 current ops/sec; est completion in 23 hours 57 minutes [READ: Count=24578, Max=22991, Min=77, Avg=203.08, 90=232, 99=2617, 99.9=3953, 99.99=4303] [UPDATE: Count=24283, Max=7603, Min=78, Avg=201.22, 90=230, 99=2649, 99.9=3913, 99.99=4723] 
2025-02-05 02:31:36:337 30 sec: 139068 operations; 3952 current ops/sec; est completion in 1 day 1 hour [READ: Count=19590, Max=204287, Min=75, Avg=260.4, 90=271, 99=3125, 99.9=4043, 99.99=5923] [UPDATE: Count=19926, Max=8231, Min=77, Avg=241.06, 90=265, 99=3073, 99.9=3999, 99.99=4179] 
2025-02-05 02:31:46:337 40 sec: 188682 operations; 4961.4 current ops/sec; est completion in 1 day 1 hour [READ: Count=24716, Max=5527, Min=79, Avg=197.71, 90=220, 99=2679, 99.9=3991, 99.99=4271] [UPDATE: Count=24898, Max=7203, Min=75, Avg=201.29, 90=219, 99=2891, 99.9=3985, 99.99=6687] 
2025-02-05 02:31:56:337 50 sec: 238703 operations; 5002.1 current ops/sec; est completion in 1 day [READ: Count=25043, Max=203391, Min=78, Avg=202.83, 90=215, 99=2491, 99.9=4029, 99.99=4475] [UPDATE: Count=24978, Max=6575, Min=72, Avg=193.33, 90=212, 99=2561, 99.9=3997, 99.99=4583] 
2025-02-05 02:32:06:337 60 sec: 287220 operations; 4851.7 current ops/sec; est completion in 1 day [READ: Count=24331, Max=10007, Min=79, Avg=200.74, 90=242, 99=2479, 99.9=4007, 99.99=7071] [UPDATE: Count=24186, Max=102591, Min=76, Avg=206.73, 90=240, 99=2665, 99.9=4003, 99.99=6823] 
Maximum time elapsed. Requesting stop for the workload.
Stop requested for workload. Now Joining!
2025-02-05 02:32:07:350 61 sec: 295346 operations; 8029.64 current ops/sec; est completion in 1 day [READ: Count=3987, Max=8719, Min=76, Avg=123.45, 90=143, 99=286, 99.9=2711, 99.99=8719] [CLEANUP: Count=1, Max=5115, Min=5112, Avg=5114, 90=5115, 99=5115, 99.9=5115, 99.99=5115] [UPDATE: Count=4139, Max=3891, Min=73, Avg=120.89, 90=141, 99=286, 99.9=3107, 99.99=3891] 
[OVERALL], RunTime(ms), 61022
[OVERALL], Throughput(ops/sec), 4839.992133984465
[TOTAL_GCS_Copy], Count, 27
[TOTAL_GC_TIME_Copy], Time(ms), 26
[TOTAL_GC_TIME_%_Copy], Time(%), 0.04260758414997869
[TOTAL_GCS_MarkSweepCompact], Count, 0
[TOTAL_GC_TIME_MarkSweepCompact], Time(ms), 0
[TOTAL_GC_TIME_%_MarkSweepCompact], Time(%), 0.0
[TOTAL_GCs], Count, 27
[TOTAL_GC_TIME], Time(ms), 26
[TOTAL_GC_TIME_%], Time(%), 0.04260758414997869
[READ], Operations, 147326
[READ], AverageLatency(us), 204.31870138332678
[READ], MinLatency(us), 75
[READ], MaxLatency(us), 204287
[READ], 95thPercentileLatency(us), 289
[READ], 99thPercentileLatency(us), 2679
[READ], Return=OK, 147326
[CLEANUP], Operations, 1
[CLEANUP], AverageLatency(us), 5114.0
[CLEANUP], MinLatency(us), 5112
[CLEANUP], MaxLatency(us), 5115
[CLEANUP], 95thPercentileLatency(us), 5115
[CLEANUP], 99thPercentileLatency(us), 5115
[UPDATE], Operations, 148020
[UPDATE], AverageLatency(us), 202.01626807188217
[UPDATE], MinLatency(us), 72
[UPDATE], MaxLatency(us), 102591
[UPDATE], 95thPercentileLatency(us), 289
[UPDATE], 99thPercentileLatency(us), 2703
[UPDATE], Return=OK, 148020
AUTOTEST_DONE
