/nix/store/2vwkssqpzykk37r996cafq7x63imf4sp-openjdk-21+35/bin/java  -classpath /nix/store/zw02np72fzsmga6s5mphhw7x8qlzf4sv-ycsb-0.17.0/share/conf:/nix/store/zw02np72fzsmga6s5mphhw7x8qlzf4sv-ycsb-0.17.0/share/lib/core-0.17.0.jar:/nix/store/zw02np72fzsmga6s5mphhw7x8qlzf4sv-ycsb-0.17.0/share/lib/HdrHistogram-2.1.4.jar:/nix/store/zw02np72fzsmga6s5mphhw7x8qlzf4sv-ycsb-0.17.0/share/lib/htrace-core4-4.1.0-incubating.jar:/nix/store/zw02np72fzsmga6s5mphhw7x8qlzf4sv-ycsb-0.17.0/share/lib/jackson-core-asl-1.9.4.jar:/nix/store/zw02np72fzsmga6s5mphhw7x8qlzf4sv-ycsb-0.17.0/share/lib/jackson-mapper-asl-1.9.4.jar:/nix/store/zw02np72fzsmga6s5mphhw7x8qlzf4sv-ycsb-0.17.0/share/redis-binding/lib/commons-pool2-2.4.2.jar:/nix/store/zw02np72fzsmga6s5mphhw7x8qlzf4sv-ycsb-0.17.0/share/redis-binding/lib/jedis-2.9.0.jar:/nix/store/zw02np72fzsmga6s5mphhw7x8qlzf4sv-ycsb-0.17.0/share/redis-binding/lib/redis-binding-0.17.0.jar site.ycsb.Client -t -db site.ycsb.db.RedisClient -s -P /home/host/vmuxIO/test/moonprogs//../../ycsb/share/workloads/workloada -p redis.host=10.1.0.2 -p redis.port=6380 -p operationcount=429496729 -p maxexecutiontime=61 -threads 1
Command line: -t -db site.ycsb.db.RedisClient -s -P /home/host/vmuxIO/test/moonprogs//../../ycsb/share/workloads/workloada -p redis.host=10.1.0.2 -p redis.port=6380 -p operationcount=429496729 -p maxexecutiontime=61 -threads 1
YCSB Client 0.17.0

Loading workload...
Starting test.
Maximum execution time specified as: 61 secs
DBWrapper: report latency for each error is false and specific error codes to track for latency are: []
2025-02-05 02:31:08:094 0 sec: 0 operations; est completion in 0 second 
2025-02-05 02:31:17:820 10 sec: 19649 operations; 1964.9 current ops/sec; est completion in 2 days 12 hours [READ: Count=9849, Max=204671, Min=81, Avg=503.64, 90=409, 99=5655, 99.9=8303, 99.99=20287] [UPDATE: Count=9815, Max=49535, Min=77, Avg=465.19, 90=392, 99=5519, 99.9=8215, 99.99=11167] 
2025-02-05 02:31:27:820 20 sec: 43227 operations; 2357.8 current ops/sec; est completion in 2 days 7 hours [READ: Count=11847, Max=11255, Min=79, Avg=431.71, 90=291, 99=4455, 99.9=8115, 99.99=10175] [UPDATE: Count=11716, Max=10151, Min=78, Avg=408.83, 90=280, 99=4515, 99.9=8055, 99.99=9031] 
2025-02-05 02:31:37:820 30 sec: 61148 operations; 1792.1 current ops/sec; est completion in 2 days 10 hours [READ: Count=8952, Max=212735, Min=74, Avg=569.02, 90=622, 99=5923, 99.9=8207, 99.99=202239] [UPDATE: Count=8969, Max=208511, Min=80, Avg=539.29, 90=468, 99=5835, 99.9=8111, 99.99=201343] 
2025-02-05 02:31:47:820 40 sec: 85430 operations; 2428.2 current ops/sec; est completion in 2 days 7 hours [READ: Count=11978, Max=203775, Min=80, Avg=417.35, 90=279, 99=4303, 99.9=7995, 99.99=9223] [UPDATE: Count=12304, Max=17535, Min=75, Avg=401.9, 90=271, 99=4743, 99.9=8103, 99.99=10479] 
2025-02-05 02:31:57:820 50 sec: 109717 operations; 2428.7 current ops/sec; est completion in 2 days 6 hours [READ: Count=12120, Max=13607, Min=80, Avg=419.72, 90=284, 99=5067, 99.9=8023, 99.99=9239] [UPDATE: Count=12167, Max=9215, Min=79, Avg=399.46, 90=271, 99=4307, 99.9=8007, 99.99=8623] 
2025-02-05 02:32:07:820 60 sec: 132884 operations; 2316.7 current ops/sec; est completion in 2 days 5 hours [READ: Count=11465, Max=10199, Min=80, Avg=434.03, 90=327, 99=4911, 99.9=8051, 99.99=9199] [UPDATE: Count=11702, Max=9071, Min=77, Avg=424.97, 90=318, 99=4891, 99.9=8003, 99.99=8423] 
Maximum time elapsed. Requesting stop for the workload.
Stop requested for workload. Now Joining!
2025-02-05 02:32:08:842 61 sec: 136706 operations; 3739.73 current ops/sec; est completion in 2 days 5 hours [READ: Count=1930, Max=15639, Min=80, Avg=271.4, 90=174, 99=4111, 99.9=5083, 99.99=15639] [CLEANUP: Count=1, Max=1048, Min=1048, Avg=1048, 90=1048, 99=1048, 99.9=1048, 99.99=1048] [UPDATE: Count=1892, Max=6195, Min=78, Avg=260.29, 90=178, 99=4131, 99.9=4487, 99.99=6195] 
[OVERALL], RunTime(ms), 61030
[OVERALL], Throughput(ops/sec), 2239.980337538915
[TOTAL_GCS_Copy], Count, 13
[TOTAL_GC_TIME_Copy], Time(ms), 22
[TOTAL_GC_TIME_%_Copy], Time(%), 0.0360478453219728
[TOTAL_GCS_MarkSweepCompact], Count, 0
[TOTAL_GC_TIME_MarkSweepCompact], Time(ms), 0
[TOTAL_GC_TIME_%_MarkSweepCompact], Time(%), 0.0
[TOTAL_GCs], Count, 13
[TOTAL_GC_TIME], Time(ms), 22
[TOTAL_GC_TIME_%], Time(%), 0.0360478453219728
[READ], Operations, 68141
[READ], AverageLatency(us), 451.3390323006707
[READ], MinLatency(us), 74
[READ], MaxLatency(us), 212735
[READ], 95thPercentileLatency(us), 3593
[READ], 99thPercentileLatency(us), 5023
[READ], Return=OK, 68141
[CLEANUP], Operations, 1
[CLEANUP], AverageLatency(us), 1048.0
[CLEANUP], MinLatency(us), 1048
[CLEANUP], MaxLatency(us), 1048
[CLEANUP], 95thPercentileLatency(us), 1048
[CLEANUP], 99thPercentileLatency(us), 1048
[UPDATE], Operations, 68565
[UPDATE], AverageLatency(us), 429.71290016772406
[UPDATE], MinLatency(us), 75
[UPDATE], MaxLatency(us), 208511
[UPDATE], 95thPercentileLatency(us), 3437
[UPDATE], 99thPercentileLatency(us), 4943
[UPDATE], Return=OK, 68565
AUTOTEST_DONE
