/nix/store/2vwkssqpzykk37r996cafq7x63imf4sp-openjdk-21+35/bin/java  -classpath /nix/store/zw02np72fzsmga6s5mphhw7x8qlzf4sv-ycsb-0.17.0/share/conf:/nix/store/zw02np72fzsmga6s5mphhw7x8qlzf4sv-ycsb-0.17.0/share/lib/core-0.17.0.jar:/nix/store/zw02np72fzsmga6s5mphhw7x8qlzf4sv-ycsb-0.17.0/share/lib/HdrHistogram-2.1.4.jar:/nix/store/zw02np72fzsmga6s5mphhw7x8qlzf4sv-ycsb-0.17.0/share/lib/htrace-core4-4.1.0-incubating.jar:/nix/store/zw02np72fzsmga6s5mphhw7x8qlzf4sv-ycsb-0.17.0/share/lib/jackson-core-asl-1.9.4.jar:/nix/store/zw02np72fzsmga6s5mphhw7x8qlzf4sv-ycsb-0.17.0/share/lib/jackson-mapper-asl-1.9.4.jar:/nix/store/zw02np72fzsmga6s5mphhw7x8qlzf4sv-ycsb-0.17.0/share/redis-binding/lib/commons-pool2-2.4.2.jar:/nix/store/zw02np72fzsmga6s5mphhw7x8qlzf4sv-ycsb-0.17.0/share/redis-binding/lib/jedis-2.9.0.jar:/nix/store/zw02np72fzsmga6s5mphhw7x8qlzf4sv-ycsb-0.17.0/share/redis-binding/lib/redis-binding-0.17.0.jar site.ycsb.Client -t -db site.ycsb.db.RedisClient -s -P /home/host/vmuxIO/test/moonprogs//../../ycsb/share/workloads/workloada -p redis.host=10.1.0.2 -p redis.port=6384 -p operationcount=429496729 -p maxexecutiontime=61 -threads 1
Command line: -t -db site.ycsb.db.RedisClient -s -P /home/host/vmuxIO/test/moonprogs//../../ycsb/share/workloads/workloada -p redis.host=10.1.0.2 -p redis.port=6384 -p operationcount=429496729 -p maxexecutiontime=61 -threads 1
YCSB Client 0.17.0

Loading workload...
Starting test.
Maximum execution time specified as: 61 secs
DBWrapper: report latency for each error is false and specific error codes to track for latency are: []
2025-04-01 23:07:36:789 0 sec: 0 operations; est completion in 0 second 
2025-04-01 23:07:46:642 10 sec: 88913 operations; 8891.3 current ops/sec; est completion in 13 hours 24 minutes [READ: Count=44337, Max=44959, Min=82, Avg=107.92, 90=119, 99=175, 99.9=452, 99.99=3449] [UPDATE: Count=44580, Max=5927, Min=79, Avg=106.85, 90=119, 99=182, 99.9=953, 99.99=3163] 
2025-04-01 23:07:56:643 20 sec: 186079 operations; 9716.6 current ops/sec; est completion in 12 hours 49 minutes [READ: Count=48724, Max=11719, Min=80, Avg=102.35, 90=113, 99=155, 99.9=188, 99.99=637] [UPDATE: Count=48438, Max=2177, Min=78, Avg=100.17, 90=111, 99=152, 99.9=180, 99.99=597] 
2025-04-01 23:08:06:643 30 sec: 284290 operations; 9821.1 current ops/sec; est completion in 12 hours 34 minutes [READ: Count=49145, Max=4151, Min=80, Avg=101.31, 90=112, 99=158, 99.9=232, 99.99=475] [UPDATE: Count=49066, Max=4863, Min=77, Avg=99.23, 90=110, 99=155, 99.9=223, 99.99=1990] 
2025-04-01 23:08:16:642 40 sec: 380586 operations; 9629.6 current ops/sec; est completion in 12 hours 31 minutes [READ: Count=48127, Max=2229, Min=81, Avg=102.96, 90=114, 99=168, 99.9=269, 99.99=475] [UPDATE: Count=48169, Max=11151, Min=80, Avg=101.52, 90=113, 99=173, 99.9=292, 99.99=740] 
2025-04-01 23:08:26:642 50 sec: 480480 operations; 9989.4 current ops/sec; est completion in 12 hours 24 minutes [READ: Count=49809, Max=2127, Min=81, Avg=99.66, 90=110, 99=129, 99.9=184, 99.99=373] [UPDATE: Count=50085, Max=4077, Min=79, Avg=97.51, 90=107, 99=126, 99.9=166, 99.99=300] 
2025-04-01 23:08:36:642 60 sec: 579183 operations; 9870.3 current ops/sec; est completion in 12 hours 20 minutes [READ: Count=49252, Max=7063, Min=81, Avg=100.8, 90=111, 99=137, 99.9=202, 99.99=342] [UPDATE: Count=49451, Max=2081, Min=79, Avg=98.66, 90=109, 99=131, 99.9=194, 99.99=320] 
Maximum time elapsed. Requesting stop for the workload.
Stop requested for workload. Now Joining!
2025-04-01 23:08:37:655 61 sec: 588454 operations; 9152.02 current ops/sec; est completion in 12 hours 21 minutes [READ: Count=4618, Max=3883, Min=81, Avg=108.46, 90=114, 99=174, 99.9=2679, 99.99=3883] [CLEANUP: Count=1, Max=1340, Min=1340, Avg=1340, 90=1340, 99=1340, 99.9=1340, 99.99=1340] [UPDATE: Count=4653, Max=3883, Min=80, Avg=106.25, 90=112, 99=169, 99.9=3323, 99.99=3883] 
[OVERALL], RunTime(ms), 61019
[OVERALL], Throughput(ops/sec), 9643.783083957456
[TOTAL_GCS_Copy], Count, 54
[TOTAL_GC_TIME_Copy], Time(ms), 19
[TOTAL_GC_TIME_%_Copy], Time(%), 0.0311378423114112
[TOTAL_GCS_MarkSweepCompact], Count, 0
[TOTAL_GC_TIME_MarkSweepCompact], Time(ms), 0
[TOTAL_GC_TIME_%_MarkSweepCompact], Time(%), 0.0
[TOTAL_GCs], Count, 54
[TOTAL_GC_TIME], Time(ms), 19
[TOTAL_GC_TIME_%], Time(%), 0.0311378423114112
[READ], Operations, 294012
[READ], AverageLatency(us), 102.4966770063807
[READ], MinLatency(us), 80
[READ], MaxLatency(us), 44959
[READ], 95thPercentileLatency(us), 120
[READ], 99thPercentileLatency(us), 157
[READ], Return=OK, 294012
[CLEANUP], Operations, 1
[CLEANUP], AverageLatency(us), 1340.0
[CLEANUP], MinLatency(us), 1340
[CLEANUP], MaxLatency(us), 1340
[CLEANUP], 95thPercentileLatency(us), 1340
[CLEANUP], 99thPercentileLatency(us), 1340
[UPDATE], Operations, 294442
[UPDATE], AverageLatency(us), 100.63712377989553
[UPDATE], MinLatency(us), 77
[UPDATE], MaxLatency(us), 11151
[UPDATE], 95thPercentileLatency(us), 119
[UPDATE], 99thPercentileLatency(us), 155
[UPDATE], Return=OK, 294442
AUTOTEST_DONE
