/nix/store/2vwkssqpzykk37r996cafq7x63imf4sp-openjdk-21+35/bin/java  -classpath /nix/store/zw02np72fzsmga6s5mphhw7x8qlzf4sv-ycsb-0.17.0/share/conf:/nix/store/zw02np72fzsmga6s5mphhw7x8qlzf4sv-ycsb-0.17.0/share/lib/core-0.17.0.jar:/nix/store/zw02np72fzsmga6s5mphhw7x8qlzf4sv-ycsb-0.17.0/share/lib/HdrHistogram-2.1.4.jar:/nix/store/zw02np72fzsmga6s5mphhw7x8qlzf4sv-ycsb-0.17.0/share/lib/htrace-core4-4.1.0-incubating.jar:/nix/store/zw02np72fzsmga6s5mphhw7x8qlzf4sv-ycsb-0.17.0/share/lib/jackson-core-asl-1.9.4.jar:/nix/store/zw02np72fzsmga6s5mphhw7x8qlzf4sv-ycsb-0.17.0/share/lib/jackson-mapper-asl-1.9.4.jar:/nix/store/zw02np72fzsmga6s5mphhw7x8qlzf4sv-ycsb-0.17.0/share/redis-binding/lib/commons-pool2-2.4.2.jar:/nix/store/zw02np72fzsmga6s5mphhw7x8qlzf4sv-ycsb-0.17.0/share/redis-binding/lib/jedis-2.9.0.jar:/nix/store/zw02np72fzsmga6s5mphhw7x8qlzf4sv-ycsb-0.17.0/share/redis-binding/lib/redis-binding-0.17.0.jar site.ycsb.Client -t -db site.ycsb.db.RedisClient -s -P /home/host/vmuxIO/test/moonprogs//../../ycsb/share/workloads/workloada -p redis.host=10.1.0.2 -p redis.port=6380 -p operationcount=429496729 -p maxexecutiontime=61 -threads 1
Command line: -t -db site.ycsb.db.RedisClient -s -P /home/host/vmuxIO/test/moonprogs//../../ycsb/share/workloads/workloada -p redis.host=10.1.0.2 -p redis.port=6380 -p operationcount=429496729 -p maxexecutiontime=61 -threads 1
YCSB Client 0.17.0

Loading workload...
Starting test.
Maximum execution time specified as: 61 secs
DBWrapper: report latency for each error is false and specific error codes to track for latency are: []
2024-10-03 13:25:44:065 0 sec: 0 operations; est completion in 0 second 
2024-10-03 13:25:53:868 10 sec: 25040 operations; 2503.75 current ops/sec; est completion in 1 day 23 hours [READ: Count=12493, Max=59071, Min=198, Avg=382.75, 90=468, 99=1783, 99.9=4399, 99.99=7515] [UPDATE: Count=12718, Max=6639, Min=199, Avg=381.36, 90=470, 99=2753, 99.9=4347, 99.99=5811] 
2024-10-03 13:26:03:869 20 sec: 57152 operations; 3210.88 current ops/sec; est completion in 1 day 17 hours [READ: Count=16065, Max=4005, Min=180, Avg=310.3, 90=410, 99=503, 99.9=855, 99.99=3859] [UPDATE: Count=15876, Max=4007, Min=191, Avg=304.18, 90=407, 99=490, 99.9=585, 99.99=3265] 
2024-10-03 13:26:13:868 30 sec: 88412 operations; 3126.63 current ops/sec; est completion in 1 day 16 hours [READ: Count=15887, Max=13135, Min=193, Avg=321.99, 90=422, 99=506, 99.9=695, 99.99=3207] [UPDATE: Count=15373, Max=3247, Min=186, Avg=312.94, 90=415, 99=493, 99.9=580, 99.99=2855] 
2024-10-03 13:26:23:868 40 sec: 117776 operations; 2936.11 current ops/sec; est completion in 1 day 16 hours [READ: Count=14675, Max=5743, Min=189, Avg=342.18, 90=452, 99=586, 99.9=868, 99.99=3371] [UPDATE: Count=14689, Max=2831, Min=190, Avg=333.65, 90=445, 99=562, 99.9=703, 99.99=2771] 
2024-10-03 13:26:33:868 50 sec: 149430 operations; 3165.4 current ops/sec; est completion in 1 day 15 hours [READ: Count=15782, Max=4291, Min=185, Avg=317.22, 90=418, 99=491, 99.9=563, 99.99=2671] [UPDATE: Count=15872, Max=3027, Min=193, Avg=310.67, 90=414, 99=486, 99.9=570, 99.99=2777] 
2024-10-03 13:26:43:868 60 sec: 180740 operations; 3131.31 current ops/sec; est completion in 1 day 15 hours [READ: Count=15580, Max=7459, Min=196, Avg=320.87, 90=421, 99=490, 99.9=618, 99.99=4295] [UPDATE: Count=15730, Max=3981, Min=187, Avg=313.86, 90=416, 99=494, 99.9=599, 99.99=3055] 
Maximum time elapsed. Requesting stop for the workload.
Stop requested for workload. Now Joining!
2024-10-03 13:26:44:879 61 sec: 184426 operations; 3642.29 current ops/sec; est completion in 1 day 15 hours [READ: Count=1810, Max=2913, Min=192, Avg=272.25, 90=371, 99=451, 99.9=1119, 99.99=2913] [CLEANUP: Count=1, Max=1208, Min=1208, Avg=1208, 90=1208, 99=1208, 99.9=1208, 99.99=1208] [UPDATE: Count=1876, Max=5395, Min=199, Avg=271.26, 90=362, 99=446, 99.9=738, 99.99=5395] 
[OVERALL], RunTime(ms), 61015
[OVERALL], Throughput(ops/sec), 3022.633778579038
[TOTAL_GCS_Copy], Count, 17
[TOTAL_GC_TIME_Copy], Time(ms), 28
[TOTAL_GC_TIME_%_Copy], Time(%), 0.04589035483077932
[TOTAL_GCS_MarkSweepCompact], Count, 0
[TOTAL_GC_TIME_MarkSweepCompact], Time(ms), 0
[TOTAL_GC_TIME_%_MarkSweepCompact], Time(%), 0.0
[TOTAL_GCs], Count, 17
[TOTAL_GC_TIME], Time(ms), 28
[TOTAL_GC_TIME_%], Time(%), 0.04589035483077932
[READ], Operations, 92292
[READ], AverageLatency(us), 329.410414770511
[READ], MinLatency(us), 180
[READ], MaxLatency(us), 59071
[READ], 95thPercentileLatency(us), 461
[READ], 99thPercentileLatency(us), 549
[READ], Return=OK, 92292
[CLEANUP], Operations, 1
[CLEANUP], AverageLatency(us), 1208.0
[CLEANUP], MinLatency(us), 1208
[CLEANUP], MaxLatency(us), 1208
[CLEANUP], 95thPercentileLatency(us), 1208
[CLEANUP], 99thPercentileLatency(us), 1208
[UPDATE], Operations, 92134
[UPDATE], AverageLatency(us), 323.0940912149695
[UPDATE], MinLatency(us), 186
[UPDATE], MaxLatency(us), 6639
[UPDATE], 95thPercentileLatency(us), 457
[UPDATE], 99thPercentileLatency(us), 540
[UPDATE], Return=OK, 92134
AUTOTEST_DONE
