/nix/store/2vwkssqpzykk37r996cafq7x63imf4sp-openjdk-21+35/bin/java  -classpath /nix/store/zw02np72fzsmga6s5mphhw7x8qlzf4sv-ycsb-0.17.0/share/conf:/nix/store/zw02np72fzsmga6s5mphhw7x8qlzf4sv-ycsb-0.17.0/share/lib/core-0.17.0.jar:/nix/store/zw02np72fzsmga6s5mphhw7x8qlzf4sv-ycsb-0.17.0/share/lib/HdrHistogram-2.1.4.jar:/nix/store/zw02np72fzsmga6s5mphhw7x8qlzf4sv-ycsb-0.17.0/share/lib/htrace-core4-4.1.0-incubating.jar:/nix/store/zw02np72fzsmga6s5mphhw7x8qlzf4sv-ycsb-0.17.0/share/lib/jackson-core-asl-1.9.4.jar:/nix/store/zw02np72fzsmga6s5mphhw7x8qlzf4sv-ycsb-0.17.0/share/lib/jackson-mapper-asl-1.9.4.jar:/nix/store/zw02np72fzsmga6s5mphhw7x8qlzf4sv-ycsb-0.17.0/share/redis-binding/lib/commons-pool2-2.4.2.jar:/nix/store/zw02np72fzsmga6s5mphhw7x8qlzf4sv-ycsb-0.17.0/share/redis-binding/lib/jedis-2.9.0.jar:/nix/store/zw02np72fzsmga6s5mphhw7x8qlzf4sv-ycsb-0.17.0/share/redis-binding/lib/redis-binding-0.17.0.jar site.ycsb.Client -t -db site.ycsb.db.RedisClient -s -P /home/host/vmuxIO/test/moonprogs//../../ycsb/share/workloads/workloada -p redis.host=10.1.0.2 -p redis.port=6380 -p operationcount=429496729 -p maxexecutiontime=61 -threads 1
Command line: -t -db site.ycsb.db.RedisClient -s -P /home/host/vmuxIO/test/moonprogs//../../ycsb/share/workloads/workloada -p redis.host=10.1.0.2 -p redis.port=6380 -p operationcount=429496729 -p maxexecutiontime=61 -threads 1
YCSB Client 0.17.0

Loading workload...
Starting test.
Maximum execution time specified as: 61 secs
DBWrapper: report latency for each error is false and specific error codes to track for latency are: []
2024-10-03 13:25:43:726 0 sec: 0 operations; est completion in 0 second 
2024-10-03 13:25:53:559 10 sec: 28458 operations; 2845.52 current ops/sec; est completion in 1 day 17 hours [READ: Count=14337, Max=15271, Min=199, Avg=336.75, 90=443, 99=549, 99.9=3745, 99.99=11535] [UPDATE: Count=14211, Max=24751, Min=209, Avg=337.49, 90=445, 99=569, 99.9=3389, 99.99=4827] 
2024-10-03 13:26:03:566 20 sec: 38481 operations; 1001.7 current ops/sec; est completion in 2 days 14 hours [READ: Count=5079, Max=209791, Min=203, Avg=986.59, 90=457, 99=557, 99.9=206079, 99.99=209407] [UPDATE: Count=4976, Max=210303, Min=204, Avg=954.95, 90=456, 99=547, 99.9=205695, 99.99=210303] 
2024-10-03 13:26:13:559 30 sec: 47289 operations; 881.33 current ops/sec; est completion in 3 days 3 hours [READ: Count=4348, Max=208639, Min=199, Avg=1093.05, 90=446, 99=547, 99.9=207487, 99.99=208639] [UPDATE: Count=4348, Max=209535, Min=200, Avg=1232.31, 90=446, 99=545, 99.9=207615, 99.99=209535] 
2024-10-03 13:26:23:559 40 sec: 55945 operations; 865.69 current ops/sec; est completion in 3 days 13 hours [READ: Count=4335, Max=209407, Min=201, Avg=1099.96, 90=450, 99=567, 99.9=207487, 99.99=209407] [UPDATE: Count=4311, Max=209407, Min=198, Avg=1189.53, 90=445, 99=571, 99.9=206975, 99.99=209407] 
2024-10-03 13:26:33:559 50 sec: 64555 operations; 861 current ops/sec; est completion in 3 days 20 hours [READ: Count=4291, Max=209279, Min=199, Avg=1206.04, 90=448, 99=547, 99.9=208383, 99.99=209279] [UPDATE: Count=4319, Max=210047, Min=199, Avg=1099.25, 90=446, 99=543, 99.9=206335, 99.99=210047] 
2024-10-03 13:26:43:559 60 sec: 73175 operations; 862 current ops/sec; est completion in 4 days 1 hour [READ: Count=4355, Max=208255, Min=191, Avg=1427.24, 90=465, 99=542, 99.9=206847, 99.99=208255] [UPDATE: Count=4265, Max=209151, Min=198, Avg=870.29, 90=459, 99=526, 99.9=205823, 99.99=209151] 
Maximum time elapsed. Requesting stop for the workload.
Stop requested for workload. Now Joining!
2024-10-03 13:26:44:577 61 sec: 74129 operations; 938.05 current ops/sec; est completion in 4 days 2 hours [READ: Count=454, Max=202111, Min=195, Avg=798.77, 90=457, 99=606, 99.9=202111, 99.99=202111] [CLEANUP: Count=1, Max=4103, Min=4100, Avg=4102, 90=4103, 99=4103, 99.9=4103, 99.99=4103] [UPDATE: Count=500, Max=207103, Min=208, Avg=1575.95, 90=451, 99=825, 99.9=207103, 99.99=207103] 
[OVERALL], RunTime(ms), 61026
[OVERALL], Throughput(ops/sec), 1214.7117621997181
[TOTAL_GCS_Copy], Count, 7
[TOTAL_GC_TIME_Copy], Time(ms), 15
[TOTAL_GC_TIME_%_Copy], Time(%), 0.02457968734637695
[TOTAL_GCS_MarkSweepCompact], Count, 0
[TOTAL_GC_TIME_MarkSweepCompact], Time(ms), 0
[TOTAL_GC_TIME_%_MarkSweepCompact], Time(%), 0.0
[TOTAL_GCs], Count, 7
[TOTAL_GC_TIME], Time(ms), 15
[TOTAL_GC_TIME_%], Time(%), 0.02457968734637695
[READ], Operations, 37199
[READ], AverageLatency(us), 836.3982633941772
[READ], MinLatency(us), 191
[READ], MaxLatency(us), 209791
[READ], 95thPercentileLatency(us), 477
[READ], 99thPercentileLatency(us), 552
[READ], Return=OK, 37199
[CLEANUP], Operations, 1
[CLEANUP], AverageLatency(us), 4102.0
[CLEANUP], MinLatency(us), 4100
[CLEANUP], MaxLatency(us), 4103
[CLEANUP], 95thPercentileLatency(us), 4103
[CLEANUP], 99thPercentileLatency(us), 4103
[UPDATE], Operations, 36930
[UPDATE], AverageLatency(us), 792.8925264012997
[UPDATE], MinLatency(us), 198
[UPDATE], MaxLatency(us), 210303
[UPDATE], 95thPercentileLatency(us), 475
[UPDATE], 99thPercentileLatency(us), 558
[UPDATE], Return=OK, 36930
AUTOTEST_DONE
