/nix/store/2vwkssqpzykk37r996cafq7x63imf4sp-openjdk-21+35/bin/java  -classpath /nix/store/zw02np72fzsmga6s5mphhw7x8qlzf4sv-ycsb-0.17.0/share/conf:/nix/store/zw02np72fzsmga6s5mphhw7x8qlzf4sv-ycsb-0.17.0/share/lib/core-0.17.0.jar:/nix/store/zw02np72fzsmga6s5mphhw7x8qlzf4sv-ycsb-0.17.0/share/lib/HdrHistogram-2.1.4.jar:/nix/store/zw02np72fzsmga6s5mphhw7x8qlzf4sv-ycsb-0.17.0/share/lib/htrace-core4-4.1.0-incubating.jar:/nix/store/zw02np72fzsmga6s5mphhw7x8qlzf4sv-ycsb-0.17.0/share/lib/jackson-core-asl-1.9.4.jar:/nix/store/zw02np72fzsmga6s5mphhw7x8qlzf4sv-ycsb-0.17.0/share/lib/jackson-mapper-asl-1.9.4.jar:/nix/store/zw02np72fzsmga6s5mphhw7x8qlzf4sv-ycsb-0.17.0/share/redis-binding/lib/commons-pool2-2.4.2.jar:/nix/store/zw02np72fzsmga6s5mphhw7x8qlzf4sv-ycsb-0.17.0/share/redis-binding/lib/jedis-2.9.0.jar:/nix/store/zw02np72fzsmga6s5mphhw7x8qlzf4sv-ycsb-0.17.0/share/redis-binding/lib/redis-binding-0.17.0.jar site.ycsb.Client -t -db site.ycsb.db.RedisClient -s -P /home/host/vmuxIO/test/moonprogs//../../ycsb/share/workloads/workloada -p redis.host=10.1.0.2 -p redis.port=6384 -p operationcount=429496729 -p maxexecutiontime=61 -threads 1
Command line: -t -db site.ycsb.db.RedisClient -s -P /home/host/vmuxIO/test/moonprogs//../../ycsb/share/workloads/workloada -p redis.host=10.1.0.2 -p redis.port=6384 -p operationcount=429496729 -p maxexecutiontime=61 -threads 1
YCSB Client 0.17.0

Loading workload...
Starting test.
Maximum execution time specified as: 61 secs
DBWrapper: report latency for each error is false and specific error codes to track for latency are: []
2024-10-15 12:32:56:802 0 sec: 0 operations; est completion in 0 second 
2024-10-15 12:33:06:640 10 sec: 28124 operations; 2812.4 current ops/sec; est completion in 1 day 18 hours [READ: Count=14065, Max=17743, Min=198, Avg=339.44, 90=450, 99=548, 99.9=3615, 99.99=8775] [UPDATE: Count=14153, Max=24991, Min=202, Avg=345.37, 90=453, 99=589, 99.9=4135, 99.99=8191] 
2024-10-15 12:33:16:642 20 sec: 59771 operations; 3164.07 current ops/sec; est completion in 1 day 15 hours [READ: Count=15775, Max=4085, Min=199, Avg=315.25, 90=427, 99=484, 99.9=972, 99.99=4009] [UPDATE: Count=15778, Max=4379, Min=200, Avg=309.2, 90=424, 99=479, 99.9=591, 99.99=2913] 
2024-10-15 12:33:26:641 30 sec: 90777 operations; 3101.22 current ops/sec; est completion in 1 day 15 hours [READ: Count=15370, Max=9463, Min=215, Avg=322.94, 90=432, 99=486, 99.9=585, 99.99=2857] [UPDATE: Count=15636, Max=2965, Min=220, Avg=317.55, 90=429, 99=479, 99.9=588, 99.99=2571] 
2024-10-15 12:33:36:640 40 sec: 121665 operations; 3088.8 current ops/sec; est completion in 1 day 15 hours [READ: Count=15534, Max=10583, Min=194, Avg=322.72, 90=429, 99=539, 99.9=773, 99.99=4135] [UPDATE: Count=15354, Max=4259, Min=198, Avg=319.13, 90=428, 99=548, 99.9=833, 99.99=3955] 
2024-10-15 12:33:46:640 50 sec: 153674 operations; 3200.9 current ops/sec; est completion in 1 day 14 hours [READ: Count=16002, Max=5383, Min=193, Avg=313.18, 90=419, 99=474, 99.9=542, 99.99=2921] [UPDATE: Count=16007, Max=3241, Min=195, Avg=307.7, 90=415, 99=468, 99.9=523, 99.99=731] 
2024-10-15 12:33:56:640 60 sec: 185214 operations; 3154 current ops/sec; est completion in 1 day 14 hours [READ: Count=15846, Max=3275, Min=198, Avg=317.2, 90=423, 99=482, 99.9=638, 99.99=2977] [UPDATE: Count=15694, Max=4057, Min=197, Avg=312.67, 90=419, 99=477, 99.9=569, 99.99=1306] 
Maximum time elapsed. Requesting stop for the workload.
Stop requested for workload. Now Joining!
2024-10-15 12:33:57:653 61 sec: 188335 operations; 3080.95 current ops/sec; est completion in 1 day 14 hours [READ: Count=1582, Max=693, Min=203, Avg=321.17, 90=430, 99=478, 99.9=675, 99.99=693] [CLEANUP: Count=1, Max=1229, Min=1229, Avg=1229, 90=1229, 99=1229, 99.9=1229, 99.99=1229] [UPDATE: Count=1539, Max=6831, Min=204, Avg=322.93, 90=428, 99=479, 99.9=665, 99.99=6831] 
[OVERALL], RunTime(ms), 61018
[OVERALL], Throughput(ops/sec), 3086.5482316693433
[TOTAL_GCS_Copy], Count, 17
[TOTAL_GC_TIME_Copy], Time(ms), 20
[TOTAL_GC_TIME_%_Copy], Time(%), 0.03277721328132682
[TOTAL_GCS_MarkSweepCompact], Count, 0
[TOTAL_GC_TIME_MarkSweepCompact], Time(ms), 0
[TOTAL_GC_TIME_%_MarkSweepCompact], Time(%), 0.0
[TOTAL_GCs], Count, 17
[TOTAL_GC_TIME], Time(ms), 20
[TOTAL_GC_TIME_%], Time(%), 0.03277721328132682
[READ], Operations, 94174
[READ], AverageLatency(us), 321.4254252766156
[READ], MinLatency(us), 193
[READ], MaxLatency(us), 17743
[READ], 95thPercentileLatency(us), 450
[READ], 99thPercentileLatency(us), 503
[READ], Return=OK, 94174
[CLEANUP], Operations, 1
[CLEANUP], AverageLatency(us), 1229.0
[CLEANUP], MinLatency(us), 1229
[CLEANUP], MaxLatency(us), 1229
[CLEANUP], 95thPercentileLatency(us), 1229
[CLEANUP], 99thPercentileLatency(us), 1229
[UPDATE], Operations, 94161
[UPDATE], AverageLatency(us), 318.19253193997514
[UPDATE], MinLatency(us), 195
[UPDATE], MaxLatency(us), 24991
[UPDATE], 95thPercentileLatency(us), 448
[UPDATE], 99thPercentileLatency(us), 502
[UPDATE], Return=OK, 94161
AUTOTEST_DONE
