EAL: Detected CPU lcores: 24
EAL: Detected NUMA nodes: 1
EAL: Static memory layout is selected, amount of reserved memory can be adjusted with -m or --socket-mem
EAL: Detected shared linkage of DPDK
EAL: Multi-process socket /var/run/dpdk/rte/mp_socket
EAL: Selected IOVA mode 'PA'
EAL: 512 hugepages of size 2097152 reserved, but no mounted hugetlbfs found for that size
EAL: VFIO support initialized
EAL: Probe PCI driver: net_ice (8086:1592) device: 0000:51:00.0 (socket 0)
ice_load_pkg_type(): Active package is: 1.3.26.0, ICE OS Default Package (single VLAN mode)
TELEMETRY: No legacy callbacks, legacy socket not created
[1;33m[WARN]  malloc() allocates objects >= 1 MiB from LuaJIT memory space.[0m
[1;33m[WARN]  Install libjemalloc if you encounter out of memory errors.[0m
[1;37m[INFO]  Initializing DPDK. This will take a few seconds...[0m
[1;37m[INFO]  Found 1 usable devices:[0m
   Device 0: B4:96:91:B3:8B:04 ([0;32mIntel Corporation Ethernet Controller E810-C for QSFP[0m)
[1;37m[INFO]  Waiting for devices to come up...[0m
[1;37m[INFO]  Device 0 (B4:96:91:B3:8B:04) is up: full-duplex 100000 MBit/s[0m
[1;37m[INFO]  [0;32m1 device is up.[0m[0m
[1;36m[Device: id=0] RX[0m: 0.55 Mpps, 4517 Mbit/s (4606 Mbit/s with framing)
[0;34m[Device: id=0] TX[0m: 0.58 Mpps, 4717 Mbit/s (4809 Mbit/s with framing)
[1;36m[Device: id=0] RX[0m: 0.54 Mpps, 4458 Mbit/s (4545 Mbit/s with framing)
[0;34m[Device: id=0] TX[0m: 0.58 Mpps, 4717 Mbit/s (4809 Mbit/s with framing)
[1;36m[Device: id=0] RX[0m: 0.54 Mpps, 4408 Mbit/s (4494 Mbit/s with framing)
[0;34m[Device: id=0] TX[0m: 0.58 Mpps, 4717 Mbit/s (4809 Mbit/s with framing)
[1;36m[Device: id=0] RX[0m: 0.53 Mpps, 4349 Mbit/s (4434 Mbit/s with framing)
[0;34m[Device: id=0] TX[0m: 0.58 Mpps, 4717 Mbit/s (4809 Mbit/s with framing)
[1;36m[Device: id=0] RX[0m: 0.54 Mpps, 4424 Mbit/s (4511 Mbit/s with framing)
[0;34m[Device: id=0] TX[0m: 0.58 Mpps, 4717 Mbit/s (4809 Mbit/s with framing)
[1;36m[Device: id=0] RX[0m: 0.55 Mpps, 4529 Mbit/s (4618 Mbit/s with framing)
[0;34m[Device: id=0] TX[0m: 0.58 Mpps, 4717 Mbit/s (4809 Mbit/s with framing)
[1;36m[Device: id=0] RX[0m: 0.55 Mpps, 4475 Mbit/s (4562 Mbit/s with framing)
[0;34m[Device: id=0] TX[0m: 0.58 Mpps, 4717 Mbit/s (4809 Mbit/s with framing)
[1;36m[Device: id=0] RX[0m: 0.55 Mpps, 4465 Mbit/s (4552 Mbit/s with framing)
[0;34m[Device: id=0] TX[0m: 0.58 Mpps, 4717 Mbit/s (4809 Mbit/s with framing)
[1;36m[Device: id=0] RX[0m: 0.55 Mpps, 4483 Mbit/s (4570 Mbit/s with framing)
[0;34m[Device: id=0] TX[0m: 0.58 Mpps, 4717 Mbit/s (4809 Mbit/s with framing)
[1;36m[Device: id=0] RX[0m: 0.55 Mpps, 4484 Mbit/s (4571 Mbit/s with framing)
[0;34m[Device: id=0] TX[0m: 0.58 Mpps, 4717 Mbit/s (4809 Mbit/s with framing)
[1;36m[Device: id=0] RX[0m: 0.55 Mpps, 4488 Mbit/s (4576 Mbit/s with framing)
[0;34m[Device: id=0] TX[0m: 0.58 Mpps, 4717 Mbit/s (4809 Mbit/s with framing)
[1;36m[Device: id=0] RX[0m: 0.54 Mpps, 4423 Mbit/s (4509 Mbit/s with framing)
[0;34m[Device: id=0] TX[0m: 0.58 Mpps, 4717 Mbit/s (4809 Mbit/s with framing)
[1;36m[Device: id=0] RX[0m: 0.55 Mpps, 4469 Mbit/s (4556 Mbit/s with framing)
[0;34m[Device: id=0] TX[0m: 0.58 Mpps, 4717 Mbit/s (4809 Mbit/s with framing)
[1;36m[Device: id=0] RX[0m: 0.55 Mpps, 4473 Mbit/s (4560 Mbit/s with framing)
[0;34m[Device: id=0] TX[0m: 0.58 Mpps, 4717 Mbit/s (4809 Mbit/s with framing)
[1;36m[Device: id=0] RX[0m: 0.55 Mpps, 4470 Mbit/s (4557 Mbit/s with framing)
[0;34m[Device: id=0] TX[0m: 0.58 Mpps, 4717 Mbit/s (4809 Mbit/s with framing)
[1;36m[Device: id=0] RX[0m: 0.54 Mpps, 4455 Mbit/s (4542 Mbit/s with framing)
[0;34m[Device: id=0] TX[0m: 0.58 Mpps, 4717 Mbit/s (4809 Mbit/s with framing)
[1;36m[Device: id=0] RX[0m: 0.53 Mpps, 4360 Mbit/s (4446 Mbit/s with framing)
[0;34m[Device: id=0] TX[0m: 0.58 Mpps, 4717 Mbit/s (4809 Mbit/s with framing)
[1;36m[Device: id=0] RX[0m: 0.52 Mpps, 4286 Mbit/s (4370 Mbit/s with framing)
[0;34m[Device: id=0] TX[0m: 0.58 Mpps, 4717 Mbit/s (4809 Mbit/s with framing)
[1;36m[Device: id=0] RX[0m: 0.54 Mpps, 4417 Mbit/s (4503 Mbit/s with framing)
[0;34m[Device: id=0] TX[0m: 0.58 Mpps, 4717 Mbit/s (4809 Mbit/s with framing)
[1;36m[Device: id=0] RX[0m: 0.55 Mpps, 4492 Mbit/s (4580 Mbit/s with framing)
[0;34m[Device: id=0] TX[0m: 0.58 Mpps, 4717 Mbit/s (4809 Mbit/s with framing)
[1;36m[Device: id=0] RX[0m: 0.55 Mpps, 4467 Mbit/s (4554 Mbit/s with framing)
[0;34m[Device: id=0] TX[0m: 0.58 Mpps, 4717 Mbit/s (4809 Mbit/s with framing)
[1;36m[Device: id=0] RX[0m: 0.55 Mpps, 4486 Mbit/s (4573 Mbit/s with framing)
[0;34m[Device: id=0] TX[0m: 0.58 Mpps, 4717 Mbit/s (4809 Mbit/s with framing)
[1;36m[Device: id=0] RX[0m: 0.55 Mpps, 4464 Mbit/s (4552 Mbit/s with framing)
[0;34m[Device: id=0] TX[0m: 0.58 Mpps, 4717 Mbit/s (4809 Mbit/s with framing)
[1;36m[Device: id=0] RX[0m: 0.55 Mpps, 4495 Mbit/s (4583 Mbit/s with framing)
[0;34m[Device: id=0] TX[0m: 0.58 Mpps, 4717 Mbit/s (4809 Mbit/s with framing)
[1;36m[Device: id=0] RX[0m: 0.55 Mpps, 4492 Mbit/s (4580 Mbit/s with framing)
[0;34m[Device: id=0] TX[0m: 0.58 Mpps, 4717 Mbit/s (4809 Mbit/s with framing)
[1;36m[Device: id=0] RX[0m: 0.55 Mpps, 4486 Mbit/s (4574 Mbit/s with framing)
[0;34m[Device: id=0] TX[0m: 0.58 Mpps, 4717 Mbit/s (4809 Mbit/s with framing)
[1;36m[Device: id=0] RX[0m: 0.55 Mpps, 4479 Mbit/s (4567 Mbit/s with framing)
[0;34m[Device: id=0] TX[0m: 0.58 Mpps, 4717 Mbit/s (4809 Mbit/s with framing)
[1;36m[Device: id=0] RX[0m: 0.54 Mpps, 4441 Mbit/s (4528 Mbit/s with framing)
[0;34m[Device: id=0] TX[0m: 0.58 Mpps, 4717 Mbit/s (4809 Mbit/s with framing)
[1;36m[Device: id=0] RX[0m: 0.55 Mpps, 4486 Mbit/s (4573 Mbit/s with framing)
[0;34m[Device: id=0] TX[0m: 0.58 Mpps, 4717 Mbit/s (4809 Mbit/s with framing)
Samples: 5979, Average: 2349255.8 ns, StdDev: 78835.4 ns, Quartiles: 2292955.0/2337644.0/2396316.0 ns
[1;37m[INFO]  Saving histogram to '/tmp/histogram.csv'[0m
[1;36m[Device: id=0] RX[0m: 0.44 Mpps, 3624 Mbit/s (3695 Mbit/s with framing)
[1;36m[Device: id=0] RX[0m: 0.54 (StdDev 0.02) Mpps, 4425 (StdDev 162) Mbit/s (4511 Mbit/s with framing), total 16307160 packets with 16692339014 bytes (incl. CRC)
[0;34m[Device: id=0] TX[0m: 0.58 (StdDev 0.00) Mpps, 4717 (StdDev 0) Mbit/s (4809 Mbit/s with framing), total 17261213 packets with 17669351552 bytes (incl. CRC)
