EAL: Detected CPU lcores: 24
EAL: Detected NUMA nodes: 1
EAL: Static memory layout is selected, amount of reserved memory can be adjusted with -m or --socket-mem
EAL: Detected shared linkage of DPDK
EAL: Multi-process socket /var/run/dpdk/rte/mp_socket
EAL: Selected IOVA mode 'PA'
EAL: 512 hugepages of size 2097152 reserved, but no mounted hugetlbfs found for that size
EAL: VFIO support initialized
EAL: Probe PCI driver: net_ice (8086:1592) device: 0000:51:00.0 (socket 0)
ice_load_pkg_type(): Active package is: 1.3.26.0, ICE OS Default Package (single VLAN mode)
TELEMETRY: No legacy callbacks, legacy socket not created
[1;33m[WARN]  malloc() allocates objects >= 1 MiB from LuaJIT memory space.[0m
[1;33m[WARN]  Install libjemalloc if you encounter out of memory errors.[0m
[1;37m[INFO]  Initializing DPDK. This will take a few seconds...[0m
[1;37m[INFO]  Found 1 usable devices:[0m
   Device 0: B4:96:91:B3:8B:04 ([0;32mIntel Corporation Ethernet Controller E810-C for QSFP[0m)
[1;37m[INFO]  Waiting for devices to come up...[0m
[1;37m[INFO]  Device 0 (B4:96:91:B3:8B:04) is up: full-duplex 100000 MBit/s[0m
[1;37m[INFO]  [0;32m1 device is up.[0m[0m
[1;36m[Device: id=0] RX[0m: 0.63 Mpps, 5156 Mbit/s (5257 Mbit/s with framing)
[0;34m[Device: id=0] TX[0m: 0.63 Mpps, 5156 Mbit/s (5257 Mbit/s with framing)
[1;36m[Device: id=0] RX[0m: 0.63 Mpps, 5157 Mbit/s (5258 Mbit/s with framing)
[0;34m[Device: id=0] TX[0m: 0.63 Mpps, 5157 Mbit/s (5258 Mbit/s with framing)
[1;36m[Device: id=0] RX[0m: 0.63 Mpps, 5157 Mbit/s (5259 Mbit/s with framing)
[0;34m[Device: id=0] TX[0m: 0.63 Mpps, 5157 Mbit/s (5258 Mbit/s with framing)
[1;36m[Device: id=0] RX[0m: 0.63 Mpps, 5157 Mbit/s (5258 Mbit/s with framing)
[0;34m[Device: id=0] TX[0m: 0.63 Mpps, 5157 Mbit/s (5258 Mbit/s with framing)
[1;36m[Device: id=0] RX[0m: 0.62 Mpps, 5041 Mbit/s (5139 Mbit/s with framing)
[0;34m[Device: id=0] TX[0m: 0.63 Mpps, 5157 Mbit/s (5258 Mbit/s with framing)
[1;36m[Device: id=0] RX[0m: 0.62 Mpps, 5072 Mbit/s (5171 Mbit/s with framing)
[0;34m[Device: id=0] TX[0m: 0.63 Mpps, 5157 Mbit/s (5258 Mbit/s with framing)
[1;36m[Device: id=0] RX[0m: 0.63 Mpps, 5157 Mbit/s (5258 Mbit/s with framing)
[0;34m[Device: id=0] TX[0m: 0.63 Mpps, 5157 Mbit/s (5258 Mbit/s with framing)
[1;36m[Device: id=0] RX[0m: 0.63 Mpps, 5158 Mbit/s (5259 Mbit/s with framing)
[0;34m[Device: id=0] TX[0m: 0.63 Mpps, 5157 Mbit/s (5259 Mbit/s with framing)
[1;36m[Device: id=0] RX[0m: 0.63 Mpps, 5157 Mbit/s (5258 Mbit/s with framing)
[0;34m[Device: id=0] TX[0m: 0.63 Mpps, 5157 Mbit/s (5258 Mbit/s with framing)
[1;36m[Device: id=0] RX[0m: 0.61 Mpps, 4951 Mbit/s (5048 Mbit/s with framing)
[0;34m[Device: id=0] TX[0m: 0.63 Mpps, 5157 Mbit/s (5258 Mbit/s with framing)
[1;36m[Device: id=0] RX[0m: 0.60 Mpps, 4931 Mbit/s (5028 Mbit/s with framing)
[0;34m[Device: id=0] TX[0m: 0.63 Mpps, 5157 Mbit/s (5258 Mbit/s with framing)
[1;36m[Device: id=0] RX[0m: 0.61 Mpps, 4960 Mbit/s (5057 Mbit/s with framing)
[0;34m[Device: id=0] TX[0m: 0.63 Mpps, 5157 Mbit/s (5258 Mbit/s with framing)
[1;36m[Device: id=0] RX[0m: 0.61 Mpps, 4952 Mbit/s (5049 Mbit/s with framing)
[0;34m[Device: id=0] TX[0m: 0.63 Mpps, 5157 Mbit/s (5258 Mbit/s with framing)
[1;36m[Device: id=0] RX[0m: 0.62 Mpps, 5034 Mbit/s (5133 Mbit/s with framing)
[0;34m[Device: id=0] TX[0m: 0.63 Mpps, 5157 Mbit/s (5258 Mbit/s with framing)
[1;36m[Device: id=0] RX[0m: 0.63 Mpps, 5146 Mbit/s (5247 Mbit/s with framing)
[0;34m[Device: id=0] TX[0m: 0.63 Mpps, 5157 Mbit/s (5258 Mbit/s with framing)
[1;36m[Device: id=0] RX[0m: 0.63 Mpps, 5157 Mbit/s (5258 Mbit/s with framing)
[0;34m[Device: id=0] TX[0m: 0.63 Mpps, 5157 Mbit/s (5258 Mbit/s with framing)
[1;36m[Device: id=0] RX[0m: 0.63 Mpps, 5158 Mbit/s (5259 Mbit/s with framing)
[0;34m[Device: id=0] TX[0m: 0.63 Mpps, 5157 Mbit/s (5258 Mbit/s with framing)
[1;36m[Device: id=0] RX[0m: 0.63 Mpps, 5158 Mbit/s (5259 Mbit/s with framing)
[0;34m[Device: id=0] TX[0m: 0.63 Mpps, 5157 Mbit/s (5258 Mbit/s with framing)
[1;36m[Device: id=0] RX[0m: 0.63 Mpps, 5157 Mbit/s (5258 Mbit/s with framing)
[0;34m[Device: id=0] TX[0m: 0.63 Mpps, 5157 Mbit/s (5258 Mbit/s with framing)
[1;36m[Device: id=0] RX[0m: 0.63 Mpps, 5151 Mbit/s (5252 Mbit/s with framing)
[0;34m[Device: id=0] TX[0m: 0.63 Mpps, 5157 Mbit/s (5258 Mbit/s with framing)
[1;36m[Device: id=0] RX[0m: 0.63 Mpps, 5158 Mbit/s (5259 Mbit/s with framing)
[0;34m[Device: id=0] TX[0m: 0.63 Mpps, 5157 Mbit/s (5258 Mbit/s with framing)
[1;36m[Device: id=0] RX[0m: 0.63 Mpps, 5157 Mbit/s (5258 Mbit/s with framing)
[0;34m[Device: id=0] TX[0m: 0.63 Mpps, 5157 Mbit/s (5258 Mbit/s with framing)
[1;36m[Device: id=0] RX[0m: 0.63 Mpps, 5157 Mbit/s (5258 Mbit/s with framing)
[0;34m[Device: id=0] TX[0m: 0.63 Mpps, 5157 Mbit/s (5258 Mbit/s with framing)
[1;36m[Device: id=0] RX[0m: 0.63 Mpps, 5157 Mbit/s (5258 Mbit/s with framing)
[0;34m[Device: id=0] TX[0m: 0.63 Mpps, 5157 Mbit/s (5259 Mbit/s with framing)
[1;36m[Device: id=0] RX[0m: 0.63 Mpps, 5155 Mbit/s (5256 Mbit/s with framing)
[0;34m[Device: id=0] TX[0m: 0.63 Mpps, 5157 Mbit/s (5258 Mbit/s with framing)
[1;36m[Device: id=0] RX[0m: 0.63 Mpps, 5146 Mbit/s (5247 Mbit/s with framing)
[0;34m[Device: id=0] TX[0m: 0.63 Mpps, 5157 Mbit/s (5258 Mbit/s with framing)
[1;36m[Device: id=0] RX[0m: 0.63 Mpps, 5158 Mbit/s (5259 Mbit/s with framing)
[0;34m[Device: id=0] TX[0m: 0.63 Mpps, 5157 Mbit/s (5259 Mbit/s with framing)
[1;36m[Device: id=0] RX[0m: 0.63 Mpps, 5157 Mbit/s (5258 Mbit/s with framing)
[0;34m[Device: id=0] TX[0m: 0.63 Mpps, 5157 Mbit/s (5258 Mbit/s with framing)
[1;36m[Device: id=0] RX[0m: 0.63 Mpps, 5157 Mbit/s (5258 Mbit/s with framing)
[0;34m[Device: id=0] TX[0m: 0.63 Mpps, 5157 Mbit/s (5258 Mbit/s with framing)
Samples: 56854, Average: 185082.6 ns, StdDev: 78594.7 ns, Quartiles: 142140.0/160008.0/185969.0 ns
[1;37m[INFO]  Saving histogram to '/tmp/histogram.csv'[0m
[1;36m[Device: id=0] RX[0m: 0.52 Mpps, 4284 Mbit/s (4368 Mbit/s with framing)
[1;36m[Device: id=0] RX[0m: 0.62 (StdDev 0.02) Mpps, 5086 (StdDev 172) Mbit/s (5186 Mbit/s with framing), total 18782645 packets with 19178058406 bytes (incl. CRC)
[0;34m[Device: id=0] TX[0m: 0.63 (StdDev 0.00) Mpps, 5157 (StdDev 0) Mbit/s (5258 Mbit/s with framing), total 18927650 packets with 19327287680 bytes (incl. CRC)
