EAL: Detected CPU lcores: 24
EAL: Detected NUMA nodes: 1
EAL: Static memory layout is selected, amount of reserved memory can be adjusted with -m or --socket-mem
EAL: Detected shared linkage of DPDK
EAL: Multi-process socket /var/run/dpdk/rte/mp_socket
EAL: Selected IOVA mode 'PA'
EAL: 512 hugepages of size 2097152 reserved, but no mounted hugetlbfs found for that size
EAL: Probe PCI driver: net_ice (8086:1592) device: 0000:51:00.0 (socket 0)
ice_load_pkg_type(): Active package is: 1.3.26.0, ICE OS Default Package (single VLAN mode)
TELEMETRY: No legacy callbacks, legacy socket not created
[1;33m[WARN]  malloc() allocates objects >= 1 MiB from LuaJIT memory space.[0m
[1;33m[WARN]  Install libjemalloc if you encounter out of memory errors.[0m
[1;37m[INFO]  Initializing DPDK. This will take a few seconds...[0m
[1;37m[INFO]  Found 1 usable devices:[0m
   Device 0: B4:96:91:B3:8B:04 ([0;32mIntel Corporation Ethernet Controller E810-C for QSFP[0m)
[1;37m[INFO]  Waiting for devices to come up...[0m
[1;37m[INFO]  Device 0 (B4:96:91:B3:8B:04) is up: full-duplex 100000 MBit/s[0m
[1;37m[INFO]  [0;32m1 device is up.[0m[0m
[1;36m[Device: id=0] RX[0m: 0.31 Mpps, 2522 Mbit/s (2571 Mbit/s with framing)
[0;34m[Device: id=0] TX[0m: 0.39 Mpps, 3223 Mbit/s (3286 Mbit/s with framing)
[1;36m[Device: id=0] RX[0m: 0.30 Mpps, 2418 Mbit/s (2465 Mbit/s with framing)
[0;34m[Device: id=0] TX[0m: 0.39 Mpps, 3223 Mbit/s (3286 Mbit/s with framing)
[1;36m[Device: id=0] RX[0m: 0.31 Mpps, 2535 Mbit/s (2584 Mbit/s with framing)
[0;34m[Device: id=0] TX[0m: 0.39 Mpps, 3223 Mbit/s (3286 Mbit/s with framing)
[1;36m[Device: id=0] RX[0m: 0.31 Mpps, 2534 Mbit/s (2584 Mbit/s with framing)
[0;34m[Device: id=0] TX[0m: 0.39 Mpps, 3223 Mbit/s (3286 Mbit/s with framing)
[1;36m[Device: id=0] RX[0m: 0.28 Mpps, 2292 Mbit/s (2337 Mbit/s with framing)
[0;34m[Device: id=0] TX[0m: 0.39 Mpps, 3223 Mbit/s (3286 Mbit/s with framing)
[1;36m[Device: id=0] RX[0m: 0.29 Mpps, 2345 Mbit/s (2391 Mbit/s with framing)
[0;34m[Device: id=0] TX[0m: 0.39 Mpps, 3223 Mbit/s (3286 Mbit/s with framing)
[1;36m[Device: id=0] RX[0m: 0.31 Mpps, 2520 Mbit/s (2569 Mbit/s with framing)
[0;34m[Device: id=0] TX[0m: 0.39 Mpps, 3223 Mbit/s (3286 Mbit/s with framing)
[1;36m[Device: id=0] RX[0m: 0.31 Mpps, 2528 Mbit/s (2577 Mbit/s with framing)
[0;34m[Device: id=0] TX[0m: 0.39 Mpps, 3223 Mbit/s (3286 Mbit/s with framing)
[1;36m[Device: id=0] RX[0m: 0.31 Mpps, 2535 Mbit/s (2584 Mbit/s with framing)
[0;34m[Device: id=0] TX[0m: 0.39 Mpps, 3223 Mbit/s (3286 Mbit/s with framing)
[1;36m[Device: id=0] RX[0m: 0.31 Mpps, 2533 Mbit/s (2582 Mbit/s with framing)
[0;34m[Device: id=0] TX[0m: 0.39 Mpps, 3223 Mbit/s (3286 Mbit/s with framing)
[1;36m[Device: id=0] RX[0m: 0.31 Mpps, 2531 Mbit/s (2581 Mbit/s with framing)
[0;34m[Device: id=0] TX[0m: 0.39 Mpps, 3223 Mbit/s (3286 Mbit/s with framing)
[1;36m[Device: id=0] RX[0m: 0.31 Mpps, 2507 Mbit/s (2556 Mbit/s with framing)
[0;34m[Device: id=0] TX[0m: 0.39 Mpps, 3223 Mbit/s (3286 Mbit/s with framing)
[1;36m[Device: id=0] RX[0m: 0.31 Mpps, 2560 Mbit/s (2610 Mbit/s with framing)
[0;34m[Device: id=0] TX[0m: 0.39 Mpps, 3223 Mbit/s (3286 Mbit/s with framing)
[1;36m[Device: id=0] RX[0m: 0.31 Mpps, 2564 Mbit/s (2614 Mbit/s with framing)
[0;34m[Device: id=0] TX[0m: 0.39 Mpps, 3223 Mbit/s (3286 Mbit/s with framing)
[1;36m[Device: id=0] RX[0m: 0.31 Mpps, 2572 Mbit/s (2622 Mbit/s with framing)
[0;34m[Device: id=0] TX[0m: 0.39 Mpps, 3223 Mbit/s (3286 Mbit/s with framing)
[1;36m[Device: id=0] RX[0m: 0.29 Mpps, 2363 Mbit/s (2409 Mbit/s with framing)
[0;34m[Device: id=0] TX[0m: 0.39 Mpps, 3223 Mbit/s (3286 Mbit/s with framing)
[1;36m[Device: id=0] RX[0m: 0.29 Mpps, 2369 Mbit/s (2415 Mbit/s with framing)
[0;34m[Device: id=0] TX[0m: 0.39 Mpps, 3223 Mbit/s (3286 Mbit/s with framing)
[1;36m[Device: id=0] RX[0m: 0.31 Mpps, 2570 Mbit/s (2620 Mbit/s with framing)
[0;34m[Device: id=0] TX[0m: 0.39 Mpps, 3223 Mbit/s (3286 Mbit/s with framing)
[1;36m[Device: id=0] RX[0m: 0.31 Mpps, 2571 Mbit/s (2622 Mbit/s with framing)
[0;34m[Device: id=0] TX[0m: 0.39 Mpps, 3223 Mbit/s (3286 Mbit/s with framing)
[1;36m[Device: id=0] RX[0m: 0.31 Mpps, 2563 Mbit/s (2613 Mbit/s with framing)
[0;34m[Device: id=0] TX[0m: 0.39 Mpps, 3223 Mbit/s (3286 Mbit/s with framing)
[1;36m[Device: id=0] RX[0m: 0.31 Mpps, 2572 Mbit/s (2622 Mbit/s with framing)
[0;34m[Device: id=0] TX[0m: 0.39 Mpps, 3223 Mbit/s (3286 Mbit/s with framing)
[1;36m[Device: id=0] RX[0m: 0.31 Mpps, 2559 Mbit/s (2609 Mbit/s with framing)
[0;34m[Device: id=0] TX[0m: 0.39 Mpps, 3223 Mbit/s (3286 Mbit/s with framing)
[1;36m[Device: id=0] RX[0m: 0.31 Mpps, 2564 Mbit/s (2614 Mbit/s with framing)
[0;34m[Device: id=0] TX[0m: 0.39 Mpps, 3223 Mbit/s (3286 Mbit/s with framing)
[1;36m[Device: id=0] RX[0m: 0.31 Mpps, 2567 Mbit/s (2617 Mbit/s with framing)
[0;34m[Device: id=0] TX[0m: 0.39 Mpps, 3223 Mbit/s (3286 Mbit/s with framing)
[1;36m[Device: id=0] RX[0m: 0.31 Mpps, 2570 Mbit/s (2620 Mbit/s with framing)
[0;34m[Device: id=0] TX[0m: 0.39 Mpps, 3223 Mbit/s (3286 Mbit/s with framing)
[1;36m[Device: id=0] RX[0m: 0.31 Mpps, 2572 Mbit/s (2623 Mbit/s with framing)
[0;34m[Device: id=0] TX[0m: 0.39 Mpps, 3223 Mbit/s (3286 Mbit/s with framing)
[1;36m[Device: id=0] RX[0m: 0.31 Mpps, 2561 Mbit/s (2611 Mbit/s with framing)
[0;34m[Device: id=0] TX[0m: 0.39 Mpps, 3223 Mbit/s (3286 Mbit/s with framing)
[1;36m[Device: id=0] RX[0m: 0.31 Mpps, 2556 Mbit/s (2606 Mbit/s with framing)
[0;34m[Device: id=0] TX[0m: 0.39 Mpps, 3223 Mbit/s (3286 Mbit/s with framing)
[1;36m[Device: id=0] RX[0m: 0.31 Mpps, 2565 Mbit/s (2615 Mbit/s with framing)
[0;34m[Device: id=0] TX[0m: 0.39 Mpps, 3223 Mbit/s (3286 Mbit/s with framing)
Samples: 1781, Average: 6414022.2 ns, StdDev: 319476.9 ns, Quartiles: 6264311.0/6357945.0/6459828.0 ns
[1;37m[INFO]  Saving histogram to '/tmp/histogram.csv'[0m
[1;36m[Device: id=0] RX[0m: 0.25 Mpps, 2083 Mbit/s (2124 Mbit/s with framing)
[1;36m[Device: id=0] RX[0m: 0.31 (StdDev 0.01) Mpps, 2503 (StdDev 113) Mbit/s (2552 Mbit/s with framing), total 9215440 packets with 9434900948 bytes (incl. CRC)
[0;34m[Device: id=0] TX[0m: 0.39 (StdDev 0.00) Mpps, 3223 (StdDev 0) Mbit/s (3286 Mbit/s with framing), total 11788505 packets with 12069075264 bytes (incl. CRC)
