EAL: Detected CPU lcores: 24
EAL: Detected NUMA nodes: 1
EAL: Static memory layout is selected, amount of reserved memory can be adjusted with -m or --socket-mem
EAL: Detected shared linkage of DPDK
EAL: Multi-process socket /var/run/dpdk/rte/mp_socket
EAL: Selected IOVA mode 'PA'
EAL: 512 hugepages of size 2097152 reserved, but no mounted hugetlbfs found for that size
EAL: VFIO support initialized
EAL: Probe PCI driver: net_ice (8086:1592) device: 0000:51:00.0 (socket 0)
ice_load_pkg_type(): Active package is: 1.3.26.0, ICE OS Default Package (single VLAN mode)
TELEMETRY: No legacy callbacks, legacy socket not created
[1;33m[WARN]  malloc() allocates objects >= 1 MiB from LuaJIT memory space.[0m
[1;33m[WARN]  Install libjemalloc if you encounter out of memory errors.[0m
[1;37m[INFO]  Initializing DPDK. This will take a few seconds...[0m
[1;37m[INFO]  Found 1 usable devices:[0m
   Device 0: B4:96:91:B3:8B:04 ([0;32mIntel Corporation Ethernet Controller E810-C for QSFP[0m)
[1;37m[INFO]  Waiting for devices to come up...[0m
[1;37m[INFO]  Device 0 (B4:96:91:B3:8B:04) is up: full-duplex 100000 MBit/s[0m
[1;37m[INFO]  [0;32m1 device is up.[0m[0m
[1;36m[Device: id=0] RX[0m: 0.26 Mpps, 2153 Mbit/s (2195 Mbit/s with framing)
[0;34m[Device: id=0] TX[0m: 0.26 Mpps, 2153 Mbit/s (2195 Mbit/s with framing)
[1;36m[Device: id=0] RX[0m: 0.26 Mpps, 2154 Mbit/s (2197 Mbit/s with framing)
[0;34m[Device: id=0] TX[0m: 0.27 Mpps, 2154 Mbit/s (2197 Mbit/s with framing)
[1;36m[Device: id=0] RX[0m: 0.27 Mpps, 2155 Mbit/s (2197 Mbit/s with framing)
[0;34m[Device: id=0] TX[0m: 0.26 Mpps, 2154 Mbit/s (2197 Mbit/s with framing)
[1;36m[Device: id=0] RX[0m: 0.27 Mpps, 2154 Mbit/s (2197 Mbit/s with framing)
[0;34m[Device: id=0] TX[0m: 0.27 Mpps, 2154 Mbit/s (2197 Mbit/s with framing)
[1;36m[Device: id=0] RX[0m: 0.27 Mpps, 2154 Mbit/s (2197 Mbit/s with framing)
[0;34m[Device: id=0] TX[0m: 0.26 Mpps, 2154 Mbit/s (2197 Mbit/s with framing)
[1;36m[Device: id=0] RX[0m: 0.27 Mpps, 2154 Mbit/s (2197 Mbit/s with framing)
[0;34m[Device: id=0] TX[0m: 0.27 Mpps, 2154 Mbit/s (2197 Mbit/s with framing)
[1;36m[Device: id=0] RX[0m: 0.26 Mpps, 2155 Mbit/s (2197 Mbit/s with framing)
[0;34m[Device: id=0] TX[0m: 0.26 Mpps, 2154 Mbit/s (2197 Mbit/s with framing)
[1;36m[Device: id=0] RX[0m: 0.27 Mpps, 2154 Mbit/s (2197 Mbit/s with framing)
[0;34m[Device: id=0] TX[0m: 0.27 Mpps, 2154 Mbit/s (2197 Mbit/s with framing)
[1;36m[Device: id=0] RX[0m: 0.25 Mpps, 2008 Mbit/s (2047 Mbit/s with framing)
[0;34m[Device: id=0] TX[0m: 0.26 Mpps, 2154 Mbit/s (2197 Mbit/s with framing)
[1;36m[Device: id=0] RX[0m: 0.27 Mpps, 2154 Mbit/s (2197 Mbit/s with framing)
[0;34m[Device: id=0] TX[0m: 0.26 Mpps, 2154 Mbit/s (2197 Mbit/s with framing)
[1;36m[Device: id=0] RX[0m: 0.25 Mpps, 1998 Mbit/s (2037 Mbit/s with framing)
[0;34m[Device: id=0] TX[0m: 0.26 Mpps, 2154 Mbit/s (2197 Mbit/s with framing)
[1;36m[Device: id=0] RX[0m: 0.25 Mpps, 2007 Mbit/s (2047 Mbit/s with framing)
[0;34m[Device: id=0] TX[0m: 0.26 Mpps, 2154 Mbit/s (2197 Mbit/s with framing)
[1;36m[Device: id=0] RX[0m: 0.23 Mpps, 1882 Mbit/s (1919 Mbit/s with framing)
[0;34m[Device: id=0] TX[0m: 0.26 Mpps, 2154 Mbit/s (2197 Mbit/s with framing)
[1;36m[Device: id=0] RX[0m: 0.27 Mpps, 2154 Mbit/s (2197 Mbit/s with framing)
[0;34m[Device: id=0] TX[0m: 0.27 Mpps, 2154 Mbit/s (2197 Mbit/s with framing)
[1;36m[Device: id=0] RX[0m: 0.26 Mpps, 2154 Mbit/s (2197 Mbit/s with framing)
[0;34m[Device: id=0] TX[0m: 0.26 Mpps, 2154 Mbit/s (2197 Mbit/s with framing)
[1;36m[Device: id=0] RX[0m: 0.26 Mpps, 2155 Mbit/s (2197 Mbit/s with framing)
[0;34m[Device: id=0] TX[0m: 0.26 Mpps, 2154 Mbit/s (2197 Mbit/s with framing)
[1;36m[Device: id=0] RX[0m: 0.26 Mpps, 2138 Mbit/s (2180 Mbit/s with framing)
[0;34m[Device: id=0] TX[0m: 0.26 Mpps, 2154 Mbit/s (2197 Mbit/s with framing)
[1;36m[Device: id=0] RX[0m: 0.26 Mpps, 2154 Mbit/s (2197 Mbit/s with framing)
[0;34m[Device: id=0] TX[0m: 0.26 Mpps, 2154 Mbit/s (2197 Mbit/s with framing)
[1;36m[Device: id=0] RX[0m: 0.18 Mpps, 1444 Mbit/s (1473 Mbit/s with framing)
[0;34m[Device: id=0] TX[0m: 0.26 Mpps, 2154 Mbit/s (2196 Mbit/s with framing)
[1;36m[Device: id=0] RX[0m: 0.24 Mpps, 1987 Mbit/s (2026 Mbit/s with framing)
[0;34m[Device: id=0] TX[0m: 0.26 Mpps, 2154 Mbit/s (2197 Mbit/s with framing)
[1;36m[Device: id=0] RX[0m: 0.20 Mpps, 1643 Mbit/s (1675 Mbit/s with framing)
[0;34m[Device: id=0] TX[0m: 0.26 Mpps, 2154 Mbit/s (2196 Mbit/s with framing)
[1;36m[Device: id=0] RX[0m: 0.21 Mpps, 1703 Mbit/s (1737 Mbit/s with framing)
[0;34m[Device: id=0] TX[0m: 0.26 Mpps, 2154 Mbit/s (2196 Mbit/s with framing)
[1;36m[Device: id=0] RX[0m: 0.23 Mpps, 1845 Mbit/s (1882 Mbit/s with framing)
[0;34m[Device: id=0] TX[0m: 0.26 Mpps, 2154 Mbit/s (2197 Mbit/s with framing)
[1;36m[Device: id=0] RX[0m: 0.26 Mpps, 2154 Mbit/s (2197 Mbit/s with framing)
[0;34m[Device: id=0] TX[0m: 0.26 Mpps, 2154 Mbit/s (2197 Mbit/s with framing)
[1;36m[Device: id=0] RX[0m: 0.26 Mpps, 2154 Mbit/s (2197 Mbit/s with framing)
[0;34m[Device: id=0] TX[0m: 0.26 Mpps, 2154 Mbit/s (2197 Mbit/s with framing)
[1;36m[Device: id=0] RX[0m: 0.17 Mpps, 1396 Mbit/s (1424 Mbit/s with framing)
[0;34m[Device: id=0] TX[0m: 0.26 Mpps, 2154 Mbit/s (2196 Mbit/s with framing)
[1;36m[Device: id=0] RX[0m: 0.22 Mpps, 1759 Mbit/s (1793 Mbit/s with framing)
[0;34m[Device: id=0] TX[0m: 0.26 Mpps, 2154 Mbit/s (2197 Mbit/s with framing)
[1;36m[Device: id=0] RX[0m: 0.27 Mpps, 2154 Mbit/s (2197 Mbit/s with framing)
[0;34m[Device: id=0] TX[0m: 0.27 Mpps, 2154 Mbit/s (2197 Mbit/s with framing)
[1;36m[Device: id=0] RX[0m: 0.18 Mpps, 1490 Mbit/s (1519 Mbit/s with framing)
[0;34m[Device: id=0] TX[0m: 0.26 Mpps, 2154 Mbit/s (2196 Mbit/s with framing)
Samples: 54592, Average: 189993.6 ns, StdDev: 136469.8 ns, Quartiles: 156544.0/180470.0/211142.0 ns
[1;37m[INFO]  Saving histogram to '/tmp/histogram.csv'[0m
[1;36m[Device: id=0] RX[0m: 0.12 Mpps, 942 Mbit/s (960 Mbit/s with framing)
[1;36m[Device: id=0] RX[0m: 0.24 (StdDev 0.04) Mpps, 1950 (StdDev 309) Mbit/s (1989 Mbit/s with framing), total 7254553 packets with 7375446400 bytes (incl. CRC)
[0;34m[Device: id=0] TX[0m: 0.26 (StdDev 0.00) Mpps, 2154 (StdDev 0) Mbit/s (2197 Mbit/s with framing), total 7934690 packets with 8072579008 bytes (incl. CRC)
