EAL: Detected CPU lcores: 24
EAL: Detected NUMA nodes: 1
EAL: Static memory layout is selected, amount of reserved memory can be adjusted with -m or --socket-mem
EAL: Detected shared linkage of DPDK
EAL: Multi-process socket /var/run/dpdk/rte/mp_socket
EAL: Selected IOVA mode 'PA'
EAL: 512 hugepages of size 2097152 reserved, but no mounted hugetlbfs found for that size
EAL: Probe PCI driver: net_ice (8086:1592) device: 0000:51:00.0 (socket 0)
ice_load_pkg_type(): Active package is: 1.3.26.0, ICE OS Default Package (single VLAN mode)
TELEMETRY: No legacy callbacks, legacy socket not created
[1;33m[WARN]  malloc() allocates objects >= 1 MiB from LuaJIT memory space.[0m
[1;33m[WARN]  Install libjemalloc if you encounter out of memory errors.[0m
[1;37m[INFO]  Initializing DPDK. This will take a few seconds...[0m
[1;37m[INFO]  Found 1 usable devices:[0m
   Device 0: B4:96:91:B3:8B:04 ([0;32mIntel Corporation Ethernet Controller E810-C for QSFP[0m)
[1;37m[INFO]  Waiting for devices to come up...[0m
[1;37m[INFO]  Device 0 (B4:96:91:B3:8B:04) is up: full-duplex 100000 MBit/s[0m
[1;37m[INFO]  [0;32m1 device is up.[0m[0m
[1;36m[Device: id=0] RX[0m: 0.32 Mpps, 2583 Mbit/s (2633 Mbit/s with framing)
[0;34m[Device: id=0] TX[0m: 0.43 Mpps, 3530 Mbit/s (3599 Mbit/s with framing)
[1;36m[Device: id=0] RX[0m: 0.31 Mpps, 2562 Mbit/s (2613 Mbit/s with framing)
[0;34m[Device: id=0] TX[0m: 0.43 Mpps, 3530 Mbit/s (3599 Mbit/s with framing)
[1;36m[Device: id=0] RX[0m: 0.31 Mpps, 2573 Mbit/s (2623 Mbit/s with framing)
[0;34m[Device: id=0] TX[0m: 0.43 Mpps, 3530 Mbit/s (3599 Mbit/s with framing)
[1;36m[Device: id=0] RX[0m: 0.32 Mpps, 2596 Mbit/s (2647 Mbit/s with framing)
[0;34m[Device: id=0] TX[0m: 0.43 Mpps, 3530 Mbit/s (3599 Mbit/s with framing)
[1;36m[Device: id=0] RX[0m: 0.31 Mpps, 2569 Mbit/s (2619 Mbit/s with framing)
[0;34m[Device: id=0] TX[0m: 0.43 Mpps, 3530 Mbit/s (3599 Mbit/s with framing)
[1;36m[Device: id=0] RX[0m: 0.30 Mpps, 2461 Mbit/s (2509 Mbit/s with framing)
[0;34m[Device: id=0] TX[0m: 0.43 Mpps, 3530 Mbit/s (3599 Mbit/s with framing)
[1;36m[Device: id=0] RX[0m: 0.29 Mpps, 2374 Mbit/s (2421 Mbit/s with framing)
[0;34m[Device: id=0] TX[0m: 0.43 Mpps, 3530 Mbit/s (3599 Mbit/s with framing)
[1;36m[Device: id=0] RX[0m: 0.31 Mpps, 2552 Mbit/s (2602 Mbit/s with framing)
[0;34m[Device: id=0] TX[0m: 0.43 Mpps, 3530 Mbit/s (3599 Mbit/s with framing)
[1;36m[Device: id=0] RX[0m: 0.31 Mpps, 2567 Mbit/s (2617 Mbit/s with framing)
[0;34m[Device: id=0] TX[0m: 0.43 Mpps, 3530 Mbit/s (3599 Mbit/s with framing)
[1;36m[Device: id=0] RX[0m: 0.31 Mpps, 2568 Mbit/s (2618 Mbit/s with framing)
[0;34m[Device: id=0] TX[0m: 0.43 Mpps, 3530 Mbit/s (3599 Mbit/s with framing)
[1;36m[Device: id=0] RX[0m: 0.31 Mpps, 2576 Mbit/s (2626 Mbit/s with framing)
[0;34m[Device: id=0] TX[0m: 0.43 Mpps, 3530 Mbit/s (3599 Mbit/s with framing)
[1;36m[Device: id=0] RX[0m: 0.31 Mpps, 2561 Mbit/s (2611 Mbit/s with framing)
[0;34m[Device: id=0] TX[0m: 0.43 Mpps, 3530 Mbit/s (3599 Mbit/s with framing)
[1;36m[Device: id=0] RX[0m: 0.31 Mpps, 2568 Mbit/s (2618 Mbit/s with framing)
[0;34m[Device: id=0] TX[0m: 0.43 Mpps, 3530 Mbit/s (3599 Mbit/s with framing)
[1;36m[Device: id=0] RX[0m: 0.31 Mpps, 2579 Mbit/s (2629 Mbit/s with framing)
[0;34m[Device: id=0] TX[0m: 0.43 Mpps, 3530 Mbit/s (3599 Mbit/s with framing)
[1;36m[Device: id=0] RX[0m: 0.32 Mpps, 2591 Mbit/s (2641 Mbit/s with framing)
[0;34m[Device: id=0] TX[0m: 0.43 Mpps, 3530 Mbit/s (3599 Mbit/s with framing)
[1;36m[Device: id=0] RX[0m: 0.32 Mpps, 2612 Mbit/s (2663 Mbit/s with framing)
[0;34m[Device: id=0] TX[0m: 0.43 Mpps, 3530 Mbit/s (3599 Mbit/s with framing)
[1;36m[Device: id=0] RX[0m: 0.32 Mpps, 2581 Mbit/s (2631 Mbit/s with framing)
[0;34m[Device: id=0] TX[0m: 0.43 Mpps, 3530 Mbit/s (3599 Mbit/s with framing)
[1;36m[Device: id=0] RX[0m: 0.32 Mpps, 2612 Mbit/s (2663 Mbit/s with framing)
[0;34m[Device: id=0] TX[0m: 0.43 Mpps, 3530 Mbit/s (3599 Mbit/s with framing)
[1;36m[Device: id=0] RX[0m: 0.32 Mpps, 2619 Mbit/s (2670 Mbit/s with framing)
[0;34m[Device: id=0] TX[0m: 0.43 Mpps, 3530 Mbit/s (3599 Mbit/s with framing)
[1;36m[Device: id=0] RX[0m: 0.32 Mpps, 2604 Mbit/s (2655 Mbit/s with framing)
[0;34m[Device: id=0] TX[0m: 0.43 Mpps, 3530 Mbit/s (3599 Mbit/s with framing)
[1;36m[Device: id=0] RX[0m: 0.32 Mpps, 2605 Mbit/s (2656 Mbit/s with framing)
[0;34m[Device: id=0] TX[0m: 0.43 Mpps, 3530 Mbit/s (3599 Mbit/s with framing)
[1;36m[Device: id=0] RX[0m: 0.32 Mpps, 2595 Mbit/s (2646 Mbit/s with framing)
[0;34m[Device: id=0] TX[0m: 0.43 Mpps, 3530 Mbit/s (3599 Mbit/s with framing)
[1;36m[Device: id=0] RX[0m: 0.32 Mpps, 2647 Mbit/s (2699 Mbit/s with framing)
[0;34m[Device: id=0] TX[0m: 0.43 Mpps, 3530 Mbit/s (3599 Mbit/s with framing)
[1;36m[Device: id=0] RX[0m: 0.32 Mpps, 2646 Mbit/s (2698 Mbit/s with framing)
[0;34m[Device: id=0] TX[0m: 0.43 Mpps, 3530 Mbit/s (3599 Mbit/s with framing)
[1;36m[Device: id=0] RX[0m: 0.32 Mpps, 2652 Mbit/s (2704 Mbit/s with framing)
[0;34m[Device: id=0] TX[0m: 0.43 Mpps, 3530 Mbit/s (3599 Mbit/s with framing)
[1;36m[Device: id=0] RX[0m: 0.31 Mpps, 2578 Mbit/s (2628 Mbit/s with framing)
[0;34m[Device: id=0] TX[0m: 0.43 Mpps, 3530 Mbit/s (3599 Mbit/s with framing)
[1;36m[Device: id=0] RX[0m: 0.31 Mpps, 2553 Mbit/s (2603 Mbit/s with framing)
[0;34m[Device: id=0] TX[0m: 0.43 Mpps, 3530 Mbit/s (3599 Mbit/s with framing)
[1;36m[Device: id=0] RX[0m: 0.32 Mpps, 2657 Mbit/s (2709 Mbit/s with framing)
[0;34m[Device: id=0] TX[0m: 0.43 Mpps, 3530 Mbit/s (3599 Mbit/s with framing)
[1;36m[Device: id=0] RX[0m: 0.33 Mpps, 2665 Mbit/s (2717 Mbit/s with framing)
[0;34m[Device: id=0] TX[0m: 0.43 Mpps, 3530 Mbit/s (3599 Mbit/s with framing)
Samples: 1664, Average: 4657086.4 ns, StdDev: 168873.2 ns, Quartiles: 4550430.0/4639118.0/4738507.0 ns
[1;37m[INFO]  Saving histogram to '/tmp/histogram.csv'[0m
[1;36m[Device: id=0] RX[0m: 0.26 Mpps, 2143 Mbit/s (2185 Mbit/s with framing)
[1;36m[Device: id=0] RX[0m: 0.31 (StdDev 0.01) Mpps, 2568 (StdDev 100) Mbit/s (2618 Mbit/s with framing), total 9457371 packets with 9681962332 bytes (incl. CRC)
[0;34m[Device: id=0] TX[0m: 0.43 (StdDev 0.00) Mpps, 3530 (StdDev 0) Mbit/s (3599 Mbit/s with framing), total 12915575 packets with 13223063488 bytes (incl. CRC)
