EAL: Detected CPU lcores: 24
EAL: Detected NUMA nodes: 1
EAL: Static memory layout is selected, amount of reserved memory can be adjusted with -m or --socket-mem
EAL: Detected shared linkage of DPDK
EAL: Multi-process socket /var/run/dpdk/rte/mp_socket
EAL: Selected IOVA mode 'PA'
EAL: 512 hugepages of size 2097152 reserved, but no mounted hugetlbfs found for that size
EAL: VFIO support initialized
EAL: Probe PCI driver: net_ice (8086:1592) device: 0000:51:00.0 (socket 0)
ice_load_pkg_type(): Active package is: 1.3.26.0, ICE OS Default Package (single VLAN mode)
TELEMETRY: No legacy callbacks, legacy socket not created
[1;33m[WARN]  malloc() allocates objects >= 1 MiB from LuaJIT memory space.[0m
[1;33m[WARN]  Install libjemalloc if you encounter out of memory errors.[0m
[1;37m[INFO]  Initializing DPDK. This will take a few seconds...[0m
[1;37m[INFO]  Found 1 usable devices:[0m
   Device 0: B4:96:91:B3:8B:04 ([0;32mIntel Corporation Ethernet Controller E810-C for QSFP[0m)
[1;37m[INFO]  Waiting for devices to come up...[0m
[1;37m[INFO]  Device 0 (B4:96:91:B3:8B:04) is up: full-duplex 100000 MBit/s[0m
[1;37m[INFO]  [0;32m1 device is up.[0m[0m
[1;36m[Device: id=0] RX[0m: 0.37 Mpps, 191 Mbit/s (251 Mbit/s with framing)
[0;34m[Device: id=0] TX[0m: 0.74 Mpps, 377 Mbit/s (495 Mbit/s with framing)
[1;36m[Device: id=0] RX[0m: 0.37 Mpps, 190 Mbit/s (250 Mbit/s with framing)
[0;34m[Device: id=0] TX[0m: 0.74 Mpps, 377 Mbit/s (495 Mbit/s with framing)
[1;36m[Device: id=0] RX[0m: 0.37 Mpps, 189 Mbit/s (248 Mbit/s with framing)
[0;34m[Device: id=0] TX[0m: 0.74 Mpps, 377 Mbit/s (495 Mbit/s with framing)
[1;36m[Device: id=0] RX[0m: 0.37 Mpps, 189 Mbit/s (248 Mbit/s with framing)
[0;34m[Device: id=0] TX[0m: 0.74 Mpps, 377 Mbit/s (495 Mbit/s with framing)
[1;36m[Device: id=0] RX[0m: 0.36 Mpps, 187 Mbit/s (245 Mbit/s with framing)
[0;34m[Device: id=0] TX[0m: 0.74 Mpps, 377 Mbit/s (495 Mbit/s with framing)
[1;36m[Device: id=0] RX[0m: 0.37 Mpps, 188 Mbit/s (246 Mbit/s with framing)
[0;34m[Device: id=0] TX[0m: 0.74 Mpps, 377 Mbit/s (495 Mbit/s with framing)
[1;36m[Device: id=0] RX[0m: 0.37 Mpps, 188 Mbit/s (247 Mbit/s with framing)
[0;34m[Device: id=0] TX[0m: 0.74 Mpps, 377 Mbit/s (495 Mbit/s with framing)
[1;36m[Device: id=0] RX[0m: 0.37 Mpps, 187 Mbit/s (245 Mbit/s with framing)
[0;34m[Device: id=0] TX[0m: 0.74 Mpps, 377 Mbit/s (495 Mbit/s with framing)
[1;36m[Device: id=0] RX[0m: 0.37 Mpps, 188 Mbit/s (247 Mbit/s with framing)
[0;34m[Device: id=0] TX[0m: 0.74 Mpps, 377 Mbit/s (495 Mbit/s with framing)
[1;36m[Device: id=0] RX[0m: 0.37 Mpps, 187 Mbit/s (246 Mbit/s with framing)
[0;34m[Device: id=0] TX[0m: 0.74 Mpps, 377 Mbit/s (495 Mbit/s with framing)
[1;36m[Device: id=0] RX[0m: 0.36 Mpps, 187 Mbit/s (245 Mbit/s with framing)
[0;34m[Device: id=0] TX[0m: 0.74 Mpps, 377 Mbit/s (495 Mbit/s with framing)
[1;36m[Device: id=0] RX[0m: 0.37 Mpps, 188 Mbit/s (247 Mbit/s with framing)
[0;34m[Device: id=0] TX[0m: 0.74 Mpps, 377 Mbit/s (495 Mbit/s with framing)
[1;36m[Device: id=0] RX[0m: 0.30 Mpps, 156 Mbit/s (204 Mbit/s with framing)
[0;34m[Device: id=0] TX[0m: 0.74 Mpps, 377 Mbit/s (495 Mbit/s with framing)
[1;36m[Device: id=0] RX[0m: 0.30 Mpps, 155 Mbit/s (203 Mbit/s with framing)
[0;34m[Device: id=0] TX[0m: 0.74 Mpps, 377 Mbit/s (495 Mbit/s with framing)
[1;36m[Device: id=0] RX[0m: 0.30 Mpps, 155 Mbit/s (203 Mbit/s with framing)
[0;34m[Device: id=0] TX[0m: 0.74 Mpps, 377 Mbit/s (495 Mbit/s with framing)
[1;36m[Device: id=0] RX[0m: 0.27 Mpps, 140 Mbit/s (183 Mbit/s with framing)
[0;34m[Device: id=0] TX[0m: 0.74 Mpps, 377 Mbit/s (495 Mbit/s with framing)
[1;36m[Device: id=0] RX[0m: 0.30 Mpps, 155 Mbit/s (204 Mbit/s with framing)
[0;34m[Device: id=0] TX[0m: 0.74 Mpps, 377 Mbit/s (495 Mbit/s with framing)
[1;36m[Device: id=0] RX[0m: 0.30 Mpps, 156 Mbit/s (205 Mbit/s with framing)
[0;34m[Device: id=0] TX[0m: 0.74 Mpps, 377 Mbit/s (495 Mbit/s with framing)
[1;36m[Device: id=0] RX[0m: 0.30 Mpps, 156 Mbit/s (205 Mbit/s with framing)
[0;34m[Device: id=0] TX[0m: 0.74 Mpps, 377 Mbit/s (495 Mbit/s with framing)
[1;36m[Device: id=0] RX[0m: 0.30 Mpps, 156 Mbit/s (205 Mbit/s with framing)
[0;34m[Device: id=0] TX[0m: 0.74 Mpps, 377 Mbit/s (495 Mbit/s with framing)
[1;36m[Device: id=0] RX[0m: 0.31 Mpps, 156 Mbit/s (205 Mbit/s with framing)
[0;34m[Device: id=0] TX[0m: 0.74 Mpps, 377 Mbit/s (495 Mbit/s with framing)
[1;36m[Device: id=0] RX[0m: 0.27 Mpps, 140 Mbit/s (183 Mbit/s with framing)
[0;34m[Device: id=0] TX[0m: 0.74 Mpps, 377 Mbit/s (495 Mbit/s with framing)
[1;36m[Device: id=0] RX[0m: 0.30 Mpps, 156 Mbit/s (205 Mbit/s with framing)
[0;34m[Device: id=0] TX[0m: 0.74 Mpps, 377 Mbit/s (495 Mbit/s with framing)
[1;36m[Device: id=0] RX[0m: 0.31 Mpps, 157 Mbit/s (206 Mbit/s with framing)
[0;34m[Device: id=0] TX[0m: 0.74 Mpps, 377 Mbit/s (495 Mbit/s with framing)
[1;36m[Device: id=0] RX[0m: 0.30 Mpps, 155 Mbit/s (203 Mbit/s with framing)
[0;34m[Device: id=0] TX[0m: 0.74 Mpps, 377 Mbit/s (495 Mbit/s with framing)
[1;36m[Device: id=0] RX[0m: 0.30 Mpps, 156 Mbit/s (204 Mbit/s with framing)
[0;34m[Device: id=0] TX[0m: 0.74 Mpps, 377 Mbit/s (495 Mbit/s with framing)
[1;36m[Device: id=0] RX[0m: 0.30 Mpps, 156 Mbit/s (205 Mbit/s with framing)
[0;34m[Device: id=0] TX[0m: 0.74 Mpps, 377 Mbit/s (495 Mbit/s with framing)
[1;36m[Device: id=0] RX[0m: 0.30 Mpps, 155 Mbit/s (204 Mbit/s with framing)
[0;34m[Device: id=0] TX[0m: 0.74 Mpps, 377 Mbit/s (495 Mbit/s with framing)
[1;36m[Device: id=0] RX[0m: 0.30 Mpps, 155 Mbit/s (203 Mbit/s with framing)
[0;34m[Device: id=0] TX[0m: 0.74 Mpps, 377 Mbit/s (495 Mbit/s with framing)
Samples: 682, Average: 5510280.4 ns, StdDev: 644812.9 ns, Quartiles: 5194187.0/5454297.0/5848691.0 ns
[1;37m[INFO]  Saving histogram to '/tmp/histogram.csv'[0m
[1;36m[Device: id=0] RX[0m: 0.25 Mpps, 129 Mbit/s (170 Mbit/s with framing)
[1;36m[Device: id=0] RX[0m: 0.32 (StdDev 0.04) Mpps, 166 (StdDev 19) Mbit/s (218 Mbit/s with framing), total 9818187 packets with 628376890 bytes (incl. CRC)
[0;34m[Device: id=0] TX[0m: 0.74 (StdDev 0.00) Mpps, 377 (StdDev 0) Mbit/s (495 Mbit/s with framing), total 22082254 packets with 1413264256 bytes (incl. CRC)
