EAL: Detected CPU lcores: 24
EAL: Detected NUMA nodes: 1
EAL: Static memory layout is selected, amount of reserved memory can be adjusted with -m or --socket-mem
EAL: Detected shared linkage of DPDK
EAL: Multi-process socket /var/run/dpdk/rte/mp_socket
EAL: Selected IOVA mode 'PA'
EAL: 512 hugepages of size 2097152 reserved, but no mounted hugetlbfs found for that size
EAL: Probe PCI driver: net_ice (8086:1592) device: 0000:51:00.0 (socket 0)
ice_load_pkg_type(): Active package is: 1.3.26.0, ICE OS Default Package (single VLAN mode)
TELEMETRY: No legacy callbacks, legacy socket not created
[1;33m[WARN]  malloc() allocates objects >= 1 MiB from LuaJIT memory space.[0m
[1;33m[WARN]  Install libjemalloc if you encounter out of memory errors.[0m
[1;37m[INFO]  Initializing DPDK. This will take a few seconds...[0m
[1;37m[INFO]  Found 1 usable devices:[0m
   Device 0: B4:96:91:B3:8B:04 ([0;32mIntel Corporation Ethernet Controller E810-C for QSFP[0m)
[1;37m[INFO]  Waiting for devices to come up...[0m
[1;37m[INFO]  Device 0 (B4:96:91:B3:8B:04) is up: full-duplex 100000 MBit/s[0m
[1;37m[INFO]  [0;32m1 device is up.[0m[0m
[1;36m[Device: id=0] RX[0m: 0.40 Mpps, 3285 Mbit/s (3349 Mbit/s with framing)
[0;34m[Device: id=0] TX[0m: 0.47 Mpps, 3867 Mbit/s (3943 Mbit/s with framing)
[1;36m[Device: id=0] RX[0m: 0.40 Mpps, 3283 Mbit/s (3347 Mbit/s with framing)
[0;34m[Device: id=0] TX[0m: 0.47 Mpps, 3867 Mbit/s (3943 Mbit/s with framing)
[1;36m[Device: id=0] RX[0m: 0.40 Mpps, 3285 Mbit/s (3349 Mbit/s with framing)
[0;34m[Device: id=0] TX[0m: 0.47 Mpps, 3867 Mbit/s (3943 Mbit/s with framing)
[1;36m[Device: id=0] RX[0m: 0.40 Mpps, 3264 Mbit/s (3328 Mbit/s with framing)
[0;34m[Device: id=0] TX[0m: 0.47 Mpps, 3867 Mbit/s (3943 Mbit/s with framing)
[1;36m[Device: id=0] RX[0m: 0.39 Mpps, 3233 Mbit/s (3296 Mbit/s with framing)
[0;34m[Device: id=0] TX[0m: 0.47 Mpps, 3867 Mbit/s (3943 Mbit/s with framing)
[1;36m[Device: id=0] RX[0m: 0.40 Mpps, 3277 Mbit/s (3341 Mbit/s with framing)
[0;34m[Device: id=0] TX[0m: 0.47 Mpps, 3867 Mbit/s (3943 Mbit/s with framing)
[1;36m[Device: id=0] RX[0m: 0.40 Mpps, 3274 Mbit/s (3338 Mbit/s with framing)
[0;34m[Device: id=0] TX[0m: 0.47 Mpps, 3867 Mbit/s (3943 Mbit/s with framing)
[1;36m[Device: id=0] RX[0m: 0.40 Mpps, 3275 Mbit/s (3339 Mbit/s with framing)
[0;34m[Device: id=0] TX[0m: 0.47 Mpps, 3867 Mbit/s (3943 Mbit/s with framing)
[1;36m[Device: id=0] RX[0m: 0.40 Mpps, 3270 Mbit/s (3334 Mbit/s with framing)
[0;34m[Device: id=0] TX[0m: 0.47 Mpps, 3867 Mbit/s (3943 Mbit/s with framing)
[1;36m[Device: id=0] RX[0m: 0.40 Mpps, 3267 Mbit/s (3331 Mbit/s with framing)
[0;34m[Device: id=0] TX[0m: 0.47 Mpps, 3867 Mbit/s (3943 Mbit/s with framing)
[1;36m[Device: id=0] RX[0m: 0.40 Mpps, 3278 Mbit/s (3342 Mbit/s with framing)
[0;34m[Device: id=0] TX[0m: 0.47 Mpps, 3867 Mbit/s (3943 Mbit/s with framing)
[1;36m[Device: id=0] RX[0m: 0.40 Mpps, 3274 Mbit/s (3338 Mbit/s with framing)
[0;34m[Device: id=0] TX[0m: 0.47 Mpps, 3867 Mbit/s (3943 Mbit/s with framing)
[1;36m[Device: id=0] RX[0m: 0.40 Mpps, 3291 Mbit/s (3355 Mbit/s with framing)
[0;34m[Device: id=0] TX[0m: 0.47 Mpps, 3867 Mbit/s (3943 Mbit/s with framing)
[1;36m[Device: id=0] RX[0m: 0.40 Mpps, 3283 Mbit/s (3348 Mbit/s with framing)
[0;34m[Device: id=0] TX[0m: 0.47 Mpps, 3867 Mbit/s (3943 Mbit/s with framing)
[1;36m[Device: id=0] RX[0m: 0.40 Mpps, 3279 Mbit/s (3343 Mbit/s with framing)
[0;34m[Device: id=0] TX[0m: 0.47 Mpps, 3867 Mbit/s (3943 Mbit/s with framing)
[1;36m[Device: id=0] RX[0m: 0.40 Mpps, 3277 Mbit/s (3341 Mbit/s with framing)
[0;34m[Device: id=0] TX[0m: 0.47 Mpps, 3867 Mbit/s (3943 Mbit/s with framing)
[1;36m[Device: id=0] RX[0m: 0.40 Mpps, 3288 Mbit/s (3353 Mbit/s with framing)
[0;34m[Device: id=0] TX[0m: 0.47 Mpps, 3867 Mbit/s (3943 Mbit/s with framing)
[1;36m[Device: id=0] RX[0m: 0.40 Mpps, 3280 Mbit/s (3344 Mbit/s with framing)
[0;34m[Device: id=0] TX[0m: 0.47 Mpps, 3867 Mbit/s (3943 Mbit/s with framing)
[1;36m[Device: id=0] RX[0m: 0.40 Mpps, 3276 Mbit/s (3340 Mbit/s with framing)
[0;34m[Device: id=0] TX[0m: 0.47 Mpps, 3867 Mbit/s (3943 Mbit/s with framing)
[1;36m[Device: id=0] RX[0m: 0.40 Mpps, 3272 Mbit/s (3336 Mbit/s with framing)
[0;34m[Device: id=0] TX[0m: 0.47 Mpps, 3867 Mbit/s (3943 Mbit/s with framing)
[1;36m[Device: id=0] RX[0m: 0.40 Mpps, 3282 Mbit/s (3346 Mbit/s with framing)
[0;34m[Device: id=0] TX[0m: 0.47 Mpps, 3867 Mbit/s (3943 Mbit/s with framing)
[1;36m[Device: id=0] RX[0m: 0.40 Mpps, 3265 Mbit/s (3329 Mbit/s with framing)
[0;34m[Device: id=0] TX[0m: 0.47 Mpps, 3867 Mbit/s (3943 Mbit/s with framing)
[1;36m[Device: id=0] RX[0m: 0.40 Mpps, 3264 Mbit/s (3327 Mbit/s with framing)
[0;34m[Device: id=0] TX[0m: 0.47 Mpps, 3867 Mbit/s (3943 Mbit/s with framing)
[1;36m[Device: id=0] RX[0m: 0.40 Mpps, 3275 Mbit/s (3339 Mbit/s with framing)
[0;34m[Device: id=0] TX[0m: 0.47 Mpps, 3867 Mbit/s (3943 Mbit/s with framing)
[1;36m[Device: id=0] RX[0m: 0.40 Mpps, 3260 Mbit/s (3323 Mbit/s with framing)
[0;34m[Device: id=0] TX[0m: 0.47 Mpps, 3867 Mbit/s (3943 Mbit/s with framing)
[1;36m[Device: id=0] RX[0m: 0.40 Mpps, 3274 Mbit/s (3338 Mbit/s with framing)
[0;34m[Device: id=0] TX[0m: 0.47 Mpps, 3867 Mbit/s (3943 Mbit/s with framing)
[1;36m[Device: id=0] RX[0m: 0.40 Mpps, 3275 Mbit/s (3339 Mbit/s with framing)
[0;34m[Device: id=0] TX[0m: 0.47 Mpps, 3867 Mbit/s (3943 Mbit/s with framing)
[1;36m[Device: id=0] RX[0m: 0.40 Mpps, 3264 Mbit/s (3328 Mbit/s with framing)
[0;34m[Device: id=0] TX[0m: 0.47 Mpps, 3867 Mbit/s (3943 Mbit/s with framing)
[1;36m[Device: id=0] RX[0m: 0.40 Mpps, 3280 Mbit/s (3344 Mbit/s with framing)
[0;34m[Device: id=0] TX[0m: 0.47 Mpps, 3867 Mbit/s (3943 Mbit/s with framing)
Samples: 3347, Average: 2577675.3 ns, StdDev: 51841.4 ns, Quartiles: 2541468.0/2575306.0/2608646.0 ns
[1;37m[INFO]  Saving histogram to '/tmp/histogram.csv'[0m
[1;36m[Device: id=0] RX[0m: 0.33 Mpps, 2665 Mbit/s (2717 Mbit/s with framing)
[1;36m[Device: id=0] RX[0m: 0.40 (StdDev 0.01) Mpps, 3253 (StdDev 114) Mbit/s (3316 Mbit/s with framing), total 11979829 packets with 12263676256 bytes (incl. CRC)
[0;34m[Device: id=0] TX[0m: 0.47 (StdDev 0.00) Mpps, 3867 (StdDev 0) Mbit/s (3943 Mbit/s with framing), total 14148998 packets with 14484542912 bytes (incl. CRC)
