EAL: Detected CPU lcores: 24
EAL: Detected NUMA nodes: 1
EAL: Static memory layout is selected, amount of reserved memory can be adjusted with -m or --socket-mem
EAL: Detected shared linkage of DPDK
EAL: Multi-process socket /var/run/dpdk/rte/mp_socket
EAL: Selected IOVA mode 'PA'
EAL: 512 hugepages of size 2097152 reserved, but no mounted hugetlbfs found for that size
EAL: VFIO support initialized
EAL: Probe PCI driver: net_ice (8086:1592) device: 0000:51:00.0 (socket 0)
ice_load_pkg_type(): Active package is: 1.3.26.0, ICE OS Default Package (single VLAN mode)
TELEMETRY: No legacy callbacks, legacy socket not created
[1;33m[WARN]  malloc() allocates objects >= 1 MiB from LuaJIT memory space.[0m
[1;33m[WARN]  Install libjemalloc if you encounter out of memory errors.[0m
[1;37m[INFO]  Initializing DPDK. This will take a few seconds...[0m
[1;37m[INFO]  Found 1 usable devices:[0m
   Device 0: B4:96:91:B3:8B:04 ([0;32mIntel Corporation Ethernet Controller E810-C for QSFP[0m)
[1;37m[INFO]  Waiting for devices to come up...[0m
[1;37m[INFO]  Device 0 (B4:96:91:B3:8B:04) is up: full-duplex 100000 MBit/s[0m
[1;37m[INFO]  [0;32m1 device is up.[0m[0m
[1;36m[Device: id=0] RX[0m: 0.42 Mpps, 3442 Mbit/s (3510 Mbit/s with framing)
[0;34m[Device: id=0] TX[0m: 0.42 Mpps, 3442 Mbit/s (3510 Mbit/s with framing)
[1;36m[Device: id=0] RX[0m: 0.42 Mpps, 3443 Mbit/s (3511 Mbit/s with framing)
[0;34m[Device: id=0] TX[0m: 0.42 Mpps, 3443 Mbit/s (3511 Mbit/s with framing)
[1;36m[Device: id=0] RX[0m: 0.42 Mpps, 3443 Mbit/s (3511 Mbit/s with framing)
[0;34m[Device: id=0] TX[0m: 0.42 Mpps, 3443 Mbit/s (3511 Mbit/s with framing)
[1;36m[Device: id=0] RX[0m: 0.41 Mpps, 3340 Mbit/s (3405 Mbit/s with framing)
[0;34m[Device: id=0] TX[0m: 0.42 Mpps, 3443 Mbit/s (3511 Mbit/s with framing)
[1;36m[Device: id=0] RX[0m: 0.00 Mpps, 0 Mbit/s (0 Mbit/s with framing)
[0;34m[Device: id=0] TX[0m: 0.42 Mpps, 3442 Mbit/s (3510 Mbit/s with framing)
[1;36m[Device: id=0] RX[0m: 0.00 Mpps, 0 Mbit/s (0 Mbit/s with framing)
[0;34m[Device: id=0] TX[0m: 0.42 Mpps, 3442 Mbit/s (3510 Mbit/s with framing)
[1;36m[Device: id=0] RX[0m: 0.00 Mpps, 0 Mbit/s (0 Mbit/s with framing)
[0;34m[Device: id=0] TX[0m: 0.42 Mpps, 3442 Mbit/s (3510 Mbit/s with framing)
[1;36m[Device: id=0] RX[0m: 0.39 Mpps, 3151 Mbit/s (3213 Mbit/s with framing)
[0;34m[Device: id=0] TX[0m: 0.42 Mpps, 3443 Mbit/s (3511 Mbit/s with framing)
[1;36m[Device: id=0] RX[0m: 0.39 Mpps, 3223 Mbit/s (3286 Mbit/s with framing)
[0;34m[Device: id=0] TX[0m: 0.42 Mpps, 3443 Mbit/s (3511 Mbit/s with framing)
[1;36m[Device: id=0] RX[0m: 0.00 Mpps, 0 Mbit/s (0 Mbit/s with framing)
[0;34m[Device: id=0] TX[0m: 0.42 Mpps, 3442 Mbit/s (3510 Mbit/s with framing)
[1;36m[Device: id=0] RX[0m: 0.00 Mpps, 0 Mbit/s (0 Mbit/s with framing)
[0;34m[Device: id=0] TX[0m: 0.42 Mpps, 3442 Mbit/s (3510 Mbit/s with framing)
[1;36m[Device: id=0] RX[0m: 0.00 Mpps, 0 Mbit/s (0 Mbit/s with framing)
[0;34m[Device: id=0] TX[0m: 0.42 Mpps, 3442 Mbit/s (3510 Mbit/s with framing)
[1;36m[Device: id=0] RX[0m: 0.37 Mpps, 3047 Mbit/s (3107 Mbit/s with framing)
[0;34m[Device: id=0] TX[0m: 0.42 Mpps, 3443 Mbit/s (3511 Mbit/s with framing)
[1;36m[Device: id=0] RX[0m: 0.42 Mpps, 3443 Mbit/s (3511 Mbit/s with framing)
[0;34m[Device: id=0] TX[0m: 0.42 Mpps, 3443 Mbit/s (3511 Mbit/s with framing)
[1;36m[Device: id=0] RX[0m: 0.09 Mpps, 697 Mbit/s (710 Mbit/s with framing)
[0;34m[Device: id=0] TX[0m: 0.42 Mpps, 3443 Mbit/s (3510 Mbit/s with framing)
[1;36m[Device: id=0] RX[0m: 0.00 Mpps, 0 Mbit/s (0 Mbit/s with framing)
[0;34m[Device: id=0] TX[0m: 0.42 Mpps, 3442 Mbit/s (3510 Mbit/s with framing)
[1;36m[Device: id=0] RX[0m: 0.00 Mpps, 0 Mbit/s (0 Mbit/s with framing)
[0;34m[Device: id=0] TX[0m: 0.42 Mpps, 3442 Mbit/s (3510 Mbit/s with framing)
[1;36m[Device: id=0] RX[0m: 0.00 Mpps, 0 Mbit/s (0 Mbit/s with framing)
[0;34m[Device: id=0] TX[0m: 0.42 Mpps, 3442 Mbit/s (3510 Mbit/s with framing)
[1;36m[Device: id=0] RX[0m: 0.38 Mpps, 3099 Mbit/s (3160 Mbit/s with framing)
[0;34m[Device: id=0] TX[0m: 0.42 Mpps, 3443 Mbit/s (3511 Mbit/s with framing)
[1;36m[Device: id=0] RX[0m: 0.42 Mpps, 3443 Mbit/s (3511 Mbit/s with framing)
[0;34m[Device: id=0] TX[0m: 0.42 Mpps, 3443 Mbit/s (3511 Mbit/s with framing)
[1;36m[Device: id=0] RX[0m: 0.42 Mpps, 3443 Mbit/s (3511 Mbit/s with framing)
[0;34m[Device: id=0] TX[0m: 0.42 Mpps, 3443 Mbit/s (3511 Mbit/s with framing)
[1;36m[Device: id=0] RX[0m: 0.42 Mpps, 3443 Mbit/s (3511 Mbit/s with framing)
[0;34m[Device: id=0] TX[0m: 0.42 Mpps, 3443 Mbit/s (3511 Mbit/s with framing)
[1;36m[Device: id=0] RX[0m: 0.17 Mpps, 1378 Mbit/s (1405 Mbit/s with framing)
[0;34m[Device: id=0] TX[0m: 0.42 Mpps, 3443 Mbit/s (3510 Mbit/s with framing)
[1;36m[Device: id=0] RX[0m: 0.00 Mpps, 0 Mbit/s (0 Mbit/s with framing)
[0;34m[Device: id=0] TX[0m: 0.42 Mpps, 3442 Mbit/s (3510 Mbit/s with framing)
[1;36m[Device: id=0] RX[0m: 0.00 Mpps, 0 Mbit/s (0 Mbit/s with framing)
[0;34m[Device: id=0] TX[0m: 0.42 Mpps, 3442 Mbit/s (3510 Mbit/s with framing)
[1;36m[Device: id=0] RX[0m: 0.00 Mpps, 0 Mbit/s (0 Mbit/s with framing)
[0;34m[Device: id=0] TX[0m: 0.42 Mpps, 3442 Mbit/s (3510 Mbit/s with framing)
[1;36m[Device: id=0] RX[0m: 0.40 Mpps, 3239 Mbit/s (3303 Mbit/s with framing)
[0;34m[Device: id=0] TX[0m: 0.42 Mpps, 3443 Mbit/s (3511 Mbit/s with framing)
[1;36m[Device: id=0] RX[0m: 0.42 Mpps, 3443 Mbit/s (3511 Mbit/s with framing)
[0;34m[Device: id=0] TX[0m: 0.42 Mpps, 3443 Mbit/s (3511 Mbit/s with framing)
[1;36m[Device: id=0] RX[0m: 0.42 Mpps, 3443 Mbit/s (3511 Mbit/s with framing)
[0;34m[Device: id=0] TX[0m: 0.42 Mpps, 3443 Mbit/s (3511 Mbit/s with framing)
Samples: 28196, Average: 226662.3 ns, StdDev: 41994.5 ns, Quartiles: 199321.0/228895.0/250188.0 ns
[1;37m[INFO]  Saving histogram to '/tmp/histogram.csv'[0m
[1;36m[Device: id=0] RX[0m: 0.19 Mpps, 1514 Mbit/s (1544 Mbit/s with framing)
[1;36m[Device: id=0] RX[0m: 0.21 (StdDev 0.20) Mpps, 1732 (StdDev 1619) Mbit/s (1766 Mbit/s with framing), total 6611961 packets with 6743124960 bytes (incl. CRC)
[0;34m[Device: id=0] TX[0m: 0.42 (StdDev 0.00) Mpps, 3443 (StdDev 0) Mbit/s (3510 Mbit/s with framing), total 12619877 packets with 12895008128 bytes (incl. CRC)
