EAL: Detected CPU lcores: 24
EAL: Detected NUMA nodes: 1
EAL: Static memory layout is selected, amount of reserved memory can be adjusted with -m or --socket-mem
EAL: Detected shared linkage of DPDK
EAL: Multi-process socket /var/run/dpdk/rte/mp_socket
EAL: Selected IOVA mode 'PA'
EAL: 512 hugepages of size 2097152 reserved, but no mounted hugetlbfs found for that size
EAL: VFIO support initialized
EAL: Probe PCI driver: net_ice (8086:1592) device: 0000:51:00.0 (socket 0)
ice_load_pkg_type(): Active package is: 1.3.26.0, ICE OS Default Package (single VLAN mode)
TELEMETRY: No legacy callbacks, legacy socket not created
[1;33m[WARN]  malloc() allocates objects >= 1 MiB from LuaJIT memory space.[0m
[1;33m[WARN]  Install libjemalloc if you encounter out of memory errors.[0m
[1;37m[INFO]  Initializing DPDK. This will take a few seconds...[0m
[1;37m[INFO]  Found 1 usable devices:[0m
   Device 0: B4:96:91:B3:8B:04 ([0;32mIntel Corporation Ethernet Controller E810-C for QSFP[0m)
[1;37m[INFO]  Waiting for devices to come up...[0m
[1;37m[INFO]  Device 0 (B4:96:91:B3:8B:04) is up: full-duplex 100000 MBit/s[0m
[1;37m[INFO]  [0;32m1 device is up.[0m[0m
[1;36m[Device: id=0] RX[0m: 0.11 Mpps, 54 Mbit/s (71 Mbit/s with framing)
[0;34m[Device: id=0] TX[0m: 0.11 Mpps, 54 Mbit/s (71 Mbit/s with framing)
[1;36m[Device: id=0] RX[0m: 0.09 Mpps, 44 Mbit/s (58 Mbit/s with framing)
[0;34m[Device: id=0] TX[0m: 0.11 Mpps, 55 Mbit/s (72 Mbit/s with framing)
[1;36m[Device: id=0] RX[0m: 0.00 Mpps, 0 Mbit/s (0 Mbit/s with framing)
[0;34m[Device: id=0] TX[0m: 0.11 Mpps, 54 Mbit/s (71 Mbit/s with framing)
[1;36m[Device: id=0] RX[0m: 0.00 Mpps, 0 Mbit/s (0 Mbit/s with framing)
[0;34m[Device: id=0] TX[0m: 0.11 Mpps, 54 Mbit/s (71 Mbit/s with framing)
[1;36m[Device: id=0] RX[0m: 0.00 Mpps, 0 Mbit/s (0 Mbit/s with framing)
[0;34m[Device: id=0] TX[0m: 0.11 Mpps, 54 Mbit/s (71 Mbit/s with framing)
[1;36m[Device: id=0] RX[0m: 0.11 Mpps, 55 Mbit/s (72 Mbit/s with framing)
[0;34m[Device: id=0] TX[0m: 0.11 Mpps, 55 Mbit/s (72 Mbit/s with framing)
[1;36m[Device: id=0] RX[0m: 0.11 Mpps, 55 Mbit/s (72 Mbit/s with framing)
[0;34m[Device: id=0] TX[0m: 0.11 Mpps, 55 Mbit/s (72 Mbit/s with framing)
[1;36m[Device: id=0] RX[0m: 0.11 Mpps, 55 Mbit/s (72 Mbit/s with framing)
[0;34m[Device: id=0] TX[0m: 0.11 Mpps, 55 Mbit/s (72 Mbit/s with framing)
[1;36m[Device: id=0] RX[0m: 0.11 Mpps, 55 Mbit/s (72 Mbit/s with framing)
[0;34m[Device: id=0] TX[0m: 0.11 Mpps, 55 Mbit/s (72 Mbit/s with framing)
[1;36m[Device: id=0] RX[0m: 0.08 Mpps, 40 Mbit/s (52 Mbit/s with framing)
[0;34m[Device: id=0] TX[0m: 0.11 Mpps, 55 Mbit/s (72 Mbit/s with framing)
[1;36m[Device: id=0] RX[0m: 0.00 Mpps, 0 Mbit/s (0 Mbit/s with framing)
[0;34m[Device: id=0] TX[0m: 0.11 Mpps, 54 Mbit/s (71 Mbit/s with framing)
[1;36m[Device: id=0] RX[0m: 0.00 Mpps, 0 Mbit/s (0 Mbit/s with framing)
[0;34m[Device: id=0] TX[0m: 0.11 Mpps, 54 Mbit/s (71 Mbit/s with framing)
[1;36m[Device: id=0] RX[0m: 0.00 Mpps, 2 Mbit/s (3 Mbit/s with framing)
[0;34m[Device: id=0] TX[0m: 0.11 Mpps, 54 Mbit/s (71 Mbit/s with framing)
[1;36m[Device: id=0] RX[0m: 0.11 Mpps, 55 Mbit/s (72 Mbit/s with framing)
[0;34m[Device: id=0] TX[0m: 0.11 Mpps, 55 Mbit/s (72 Mbit/s with framing)
[1;36m[Device: id=0] RX[0m: 0.11 Mpps, 55 Mbit/s (72 Mbit/s with framing)
[0;34m[Device: id=0] TX[0m: 0.11 Mpps, 55 Mbit/s (72 Mbit/s with framing)
[1;36m[Device: id=0] RX[0m: 0.11 Mpps, 55 Mbit/s (72 Mbit/s with framing)
[0;34m[Device: id=0] TX[0m: 0.11 Mpps, 55 Mbit/s (72 Mbit/s with framing)
[1;36m[Device: id=0] RX[0m: 0.11 Mpps, 55 Mbit/s (72 Mbit/s with framing)
[0;34m[Device: id=0] TX[0m: 0.11 Mpps, 55 Mbit/s (72 Mbit/s with framing)
[1;36m[Device: id=0] RX[0m: 0.11 Mpps, 55 Mbit/s (72 Mbit/s with framing)
[0;34m[Device: id=0] TX[0m: 0.11 Mpps, 55 Mbit/s (72 Mbit/s with framing)
[1;36m[Device: id=0] RX[0m: 0.11 Mpps, 55 Mbit/s (72 Mbit/s with framing)
[0;34m[Device: id=0] TX[0m: 0.11 Mpps, 55 Mbit/s (72 Mbit/s with framing)
[1;36m[Device: id=0] RX[0m: 0.11 Mpps, 55 Mbit/s (72 Mbit/s with framing)
[0;34m[Device: id=0] TX[0m: 0.11 Mpps, 55 Mbit/s (72 Mbit/s with framing)
[1;36m[Device: id=0] RX[0m: 0.11 Mpps, 55 Mbit/s (72 Mbit/s with framing)
[0;34m[Device: id=0] TX[0m: 0.11 Mpps, 55 Mbit/s (72 Mbit/s with framing)
[1;36m[Device: id=0] RX[0m: 0.11 Mpps, 55 Mbit/s (72 Mbit/s with framing)
[0;34m[Device: id=0] TX[0m: 0.11 Mpps, 55 Mbit/s (72 Mbit/s with framing)
[1;36m[Device: id=0] RX[0m: 0.11 Mpps, 55 Mbit/s (72 Mbit/s with framing)
[0;34m[Device: id=0] TX[0m: 0.11 Mpps, 55 Mbit/s (72 Mbit/s with framing)
[1;36m[Device: id=0] RX[0m: 0.11 Mpps, 55 Mbit/s (72 Mbit/s with framing)
[0;34m[Device: id=0] TX[0m: 0.11 Mpps, 55 Mbit/s (72 Mbit/s with framing)
[1;36m[Device: id=0] RX[0m: 0.11 Mpps, 55 Mbit/s (72 Mbit/s with framing)
[0;34m[Device: id=0] TX[0m: 0.11 Mpps, 55 Mbit/s (72 Mbit/s with framing)
[1;36m[Device: id=0] RX[0m: 0.11 Mpps, 55 Mbit/s (72 Mbit/s with framing)
[0;34m[Device: id=0] TX[0m: 0.11 Mpps, 55 Mbit/s (72 Mbit/s with framing)
[1;36m[Device: id=0] RX[0m: 0.11 Mpps, 55 Mbit/s (72 Mbit/s with framing)
[0;34m[Device: id=0] TX[0m: 0.11 Mpps, 55 Mbit/s (72 Mbit/s with framing)
[1;36m[Device: id=0] RX[0m: 0.11 Mpps, 55 Mbit/s (72 Mbit/s with framing)
[0;34m[Device: id=0] TX[0m: 0.11 Mpps, 55 Mbit/s (72 Mbit/s with framing)
[1;36m[Device: id=0] RX[0m: 0.11 Mpps, 55 Mbit/s (72 Mbit/s with framing)
[0;34m[Device: id=0] TX[0m: 0.11 Mpps, 55 Mbit/s (72 Mbit/s with framing)
Samples: 49618, Average: 128825.0 ns, StdDev: 35934.0 ns, Quartiles: 100699.0/128423.0/156981.0 ns
[1;37m[INFO]  Saving histogram to '/tmp/histogram.csv'[0m
[1;36m[Device: id=0] RX[0m: 0.09 Mpps, 46 Mbit/s (61 Mbit/s with framing)
[1;36m[Device: id=0] RX[0m: 0.08 (StdDev 0.04) Mpps, 42 (StdDev 22) Mbit/s (56 Mbit/s with framing), total 2523064 packets with 161488522 bytes (incl. CRC)
[0;34m[Device: id=0] TX[0m: 0.11 (StdDev 0.00) Mpps, 55 (StdDev 0) Mbit/s (72 Mbit/s with framing), total 3200397 packets with 204825408 bytes (incl. CRC)
