EAL: Detected CPU lcores: 24
EAL: Detected NUMA nodes: 1
EAL: Static memory layout is selected, amount of reserved memory can be adjusted with -m or --socket-mem
EAL: Detected shared linkage of DPDK
EAL: Multi-process socket /var/run/dpdk/rte/mp_socket
EAL: Selected IOVA mode 'PA'
EAL: 512 hugepages of size 2097152 reserved, but no mounted hugetlbfs found for that size
EAL: VFIO support initialized
EAL: Probe PCI driver: net_ice (8086:1592) device: 0000:51:00.0 (socket 0)
ice_load_pkg_type(): Active package is: 1.3.26.0, ICE OS Default Package (single VLAN mode)
TELEMETRY: No legacy callbacks, legacy socket not created
[1;33m[WARN]  malloc() allocates objects >= 1 MiB from LuaJIT memory space.[0m
[1;33m[WARN]  Install libjemalloc if you encounter out of memory errors.[0m
[1;37m[INFO]  Initializing DPDK. This will take a few seconds...[0m
[1;37m[INFO]  Found 1 usable devices:[0m
   Device 0: B4:96:91:B3:8B:04 ([0;32mIntel Corporation Ethernet Controller E810-C for QSFP[0m)
[1;37m[INFO]  Waiting for devices to come up...[0m
[1;37m[INFO]  Device 0 (B4:96:91:B3:8B:04) is up: full-duplex 100000 MBit/s[0m
[1;37m[INFO]  [0;32m1 device is up.[0m[0m
[1;36m[Device: id=0] RX[0m: 0.29 Mpps, 2352 Mbit/s (2397 Mbit/s with framing)
[0;34m[Device: id=0] TX[0m: 0.58 Mpps, 4717 Mbit/s (4809 Mbit/s with framing)
[1;36m[Device: id=0] RX[0m: 0.29 Mpps, 2361 Mbit/s (2408 Mbit/s with framing)
[0;34m[Device: id=0] TX[0m: 0.58 Mpps, 4717 Mbit/s (4809 Mbit/s with framing)
[1;36m[Device: id=0] RX[0m: 0.29 Mpps, 2358 Mbit/s (2404 Mbit/s with framing)
[0;34m[Device: id=0] TX[0m: 0.58 Mpps, 4717 Mbit/s (4809 Mbit/s with framing)
[1;36m[Device: id=0] RX[0m: 0.29 Mpps, 2375 Mbit/s (2422 Mbit/s with framing)
[0;34m[Device: id=0] TX[0m: 0.58 Mpps, 4717 Mbit/s (4809 Mbit/s with framing)
[1;36m[Device: id=0] RX[0m: 0.28 Mpps, 2312 Mbit/s (2357 Mbit/s with framing)
[0;34m[Device: id=0] TX[0m: 0.58 Mpps, 4717 Mbit/s (4809 Mbit/s with framing)
[1;36m[Device: id=0] RX[0m: 0.28 Mpps, 2301 Mbit/s (2346 Mbit/s with framing)
[0;34m[Device: id=0] TX[0m: 0.58 Mpps, 4717 Mbit/s (4809 Mbit/s with framing)
[1;36m[Device: id=0] RX[0m: 0.28 Mpps, 2334 Mbit/s (2379 Mbit/s with framing)
[0;34m[Device: id=0] TX[0m: 0.58 Mpps, 4717 Mbit/s (4809 Mbit/s with framing)
[1;36m[Device: id=0] RX[0m: 0.28 Mpps, 2315 Mbit/s (2361 Mbit/s with framing)
[0;34m[Device: id=0] TX[0m: 0.58 Mpps, 4717 Mbit/s (4809 Mbit/s with framing)
[1;36m[Device: id=0] RX[0m: 0.30 Mpps, 2421 Mbit/s (2468 Mbit/s with framing)
[0;34m[Device: id=0] TX[0m: 0.58 Mpps, 4717 Mbit/s (4809 Mbit/s with framing)
[1;36m[Device: id=0] RX[0m: 0.29 Mpps, 2393 Mbit/s (2439 Mbit/s with framing)
[0;34m[Device: id=0] TX[0m: 0.58 Mpps, 4717 Mbit/s (4809 Mbit/s with framing)
[1;36m[Device: id=0] RX[0m: 0.29 Mpps, 2399 Mbit/s (2446 Mbit/s with framing)
[0;34m[Device: id=0] TX[0m: 0.58 Mpps, 4717 Mbit/s (4809 Mbit/s with framing)
[1;36m[Device: id=0] RX[0m: 0.29 Mpps, 2359 Mbit/s (2405 Mbit/s with framing)
[0;34m[Device: id=0] TX[0m: 0.58 Mpps, 4717 Mbit/s (4809 Mbit/s with framing)
[1;36m[Device: id=0] RX[0m: 0.28 Mpps, 2254 Mbit/s (2298 Mbit/s with framing)
[0;34m[Device: id=0] TX[0m: 0.58 Mpps, 4717 Mbit/s (4809 Mbit/s with framing)
[1;36m[Device: id=0] RX[0m: 0.28 Mpps, 2256 Mbit/s (2300 Mbit/s with framing)
[0;34m[Device: id=0] TX[0m: 0.58 Mpps, 4717 Mbit/s (4809 Mbit/s with framing)
[1;36m[Device: id=0] RX[0m: 0.28 Mpps, 2303 Mbit/s (2348 Mbit/s with framing)
[0;34m[Device: id=0] TX[0m: 0.58 Mpps, 4717 Mbit/s (4809 Mbit/s with framing)
[1;36m[Device: id=0] RX[0m: 0.29 Mpps, 2337 Mbit/s (2382 Mbit/s with framing)
[0;34m[Device: id=0] TX[0m: 0.58 Mpps, 4717 Mbit/s (4809 Mbit/s with framing)
[1;36m[Device: id=0] RX[0m: 0.29 Mpps, 2346 Mbit/s (2392 Mbit/s with framing)
[0;34m[Device: id=0] TX[0m: 0.58 Mpps, 4717 Mbit/s (4809 Mbit/s with framing)
[1;36m[Device: id=0] RX[0m: 0.29 Mpps, 2343 Mbit/s (2389 Mbit/s with framing)
[0;34m[Device: id=0] TX[0m: 0.58 Mpps, 4717 Mbit/s (4809 Mbit/s with framing)
[1;36m[Device: id=0] RX[0m: 0.28 Mpps, 2328 Mbit/s (2373 Mbit/s with framing)
[0;34m[Device: id=0] TX[0m: 0.58 Mpps, 4717 Mbit/s (4809 Mbit/s with framing)
[1;36m[Device: id=0] RX[0m: 0.28 Mpps, 2324 Mbit/s (2370 Mbit/s with framing)
[0;34m[Device: id=0] TX[0m: 0.58 Mpps, 4717 Mbit/s (4809 Mbit/s with framing)
[1;36m[Device: id=0] RX[0m: 0.28 Mpps, 2332 Mbit/s (2377 Mbit/s with framing)
[0;34m[Device: id=0] TX[0m: 0.58 Mpps, 4717 Mbit/s (4809 Mbit/s with framing)
[1;36m[Device: id=0] RX[0m: 0.28 Mpps, 2309 Mbit/s (2354 Mbit/s with framing)
[0;34m[Device: id=0] TX[0m: 0.58 Mpps, 4717 Mbit/s (4809 Mbit/s with framing)
[1;36m[Device: id=0] RX[0m: 0.29 Mpps, 2343 Mbit/s (2389 Mbit/s with framing)
[0;34m[Device: id=0] TX[0m: 0.58 Mpps, 4717 Mbit/s (4809 Mbit/s with framing)
[1;36m[Device: id=0] RX[0m: 0.30 Mpps, 2449 Mbit/s (2497 Mbit/s with framing)
[0;34m[Device: id=0] TX[0m: 0.58 Mpps, 4717 Mbit/s (4809 Mbit/s with framing)
[1;36m[Device: id=0] RX[0m: 0.30 Mpps, 2437 Mbit/s (2485 Mbit/s with framing)
[0;34m[Device: id=0] TX[0m: 0.58 Mpps, 4717 Mbit/s (4809 Mbit/s with framing)
[1;36m[Device: id=0] RX[0m: 0.30 Mpps, 2419 Mbit/s (2466 Mbit/s with framing)
[0;34m[Device: id=0] TX[0m: 0.58 Mpps, 4717 Mbit/s (4809 Mbit/s with framing)
[1;36m[Device: id=0] RX[0m: 0.30 Mpps, 2420 Mbit/s (2467 Mbit/s with framing)
[0;34m[Device: id=0] TX[0m: 0.58 Mpps, 4717 Mbit/s (4809 Mbit/s with framing)
[1;36m[Device: id=0] RX[0m: 0.30 Mpps, 2435 Mbit/s (2483 Mbit/s with framing)
[0;34m[Device: id=0] TX[0m: 0.58 Mpps, 4717 Mbit/s (4809 Mbit/s with framing)
[1;36m[Device: id=0] RX[0m: 0.30 Mpps, 2442 Mbit/s (2490 Mbit/s with framing)
[0;34m[Device: id=0] TX[0m: 0.58 Mpps, 4717 Mbit/s (4809 Mbit/s with framing)
Samples: 955, Average: 5185300.0 ns, StdDev: 244128.2 ns, Quartiles: 5024460.0/5175847.0/5313418.0 ns
[1;37m[INFO]  Saving histogram to '/tmp/histogram.csv'[0m
[1;36m[Device: id=0] RX[0m: 0.29 (StdDev 0.01) Mpps, 2357 (StdDev 55) Mbit/s (2403 Mbit/s with framing), total 8630732 packets with 8836159047 bytes (incl. CRC)
[0;34m[Device: id=0] TX[0m: 0.58 (StdDev 0.00) Mpps, 4717 (StdDev 0) Mbit/s (4809 Mbit/s with framing), total 17249336 packets with 17661346432 bytes (incl. CRC)
