EAL: Detected CPU lcores: 24
EAL: Detected NUMA nodes: 1
EAL: Static memory layout is selected, amount of reserved memory can be adjusted with -m or --socket-mem
EAL: Detected shared linkage of DPDK
EAL: Multi-process socket /var/run/dpdk/rte/mp_socket
EAL: Selected IOVA mode 'PA'
EAL: 512 hugepages of size 2097152 reserved, but no mounted hugetlbfs found for that size
EAL: Probe PCI driver: net_ice (8086:1592) device: 0000:51:00.0 (socket 0)
ice_load_pkg_type(): Active package is: 1.3.26.0, ICE OS Default Package (single VLAN mode)
TELEMETRY: No legacy callbacks, legacy socket not created
[1;33m[WARN]  malloc() allocates objects >= 1 MiB from LuaJIT memory space.[0m
[1;33m[WARN]  Install libjemalloc if you encounter out of memory errors.[0m
[1;37m[INFO]  Initializing DPDK. This will take a few seconds...[0m
[1;37m[INFO]  Found 1 usable devices:[0m
   Device 0: B4:96:91:B3:8B:04 ([0;32mIntel Corporation Ethernet Controller E810-C for QSFP[0m)
[1;37m[INFO]  Waiting for devices to come up...[0m
[1;37m[INFO]  Device 0 (B4:96:91:B3:8B:04) is up: full-duplex 100000 MBit/s[0m
[1;37m[INFO]  [0;32m1 device is up.[0m[0m
[1;36m[Device: id=0] RX[0m: 0.36 Mpps, 2954 Mbit/s (3012 Mbit/s with framing)
[0;34m[Device: id=0] TX[0m: 0.53 Mpps, 4307 Mbit/s (4391 Mbit/s with framing)
[1;36m[Device: id=0] RX[0m: 0.35 Mpps, 2903 Mbit/s (2960 Mbit/s with framing)
[0;34m[Device: id=0] TX[0m: 0.53 Mpps, 4307 Mbit/s (4391 Mbit/s with framing)
[1;36m[Device: id=0] RX[0m: 0.35 Mpps, 2896 Mbit/s (2953 Mbit/s with framing)
[0;34m[Device: id=0] TX[0m: 0.53 Mpps, 4307 Mbit/s (4391 Mbit/s with framing)
[1;36m[Device: id=0] RX[0m: 0.36 Mpps, 2936 Mbit/s (2993 Mbit/s with framing)
[0;34m[Device: id=0] TX[0m: 0.53 Mpps, 4307 Mbit/s (4391 Mbit/s with framing)
[1;36m[Device: id=0] RX[0m: 0.36 Mpps, 2959 Mbit/s (3017 Mbit/s with framing)
[0;34m[Device: id=0] TX[0m: 0.53 Mpps, 4307 Mbit/s (4391 Mbit/s with framing)
[1;36m[Device: id=0] RX[0m: 0.36 Mpps, 2923 Mbit/s (2980 Mbit/s with framing)
[0;34m[Device: id=0] TX[0m: 0.53 Mpps, 4307 Mbit/s (4391 Mbit/s with framing)
[1;36m[Device: id=0] RX[0m: 0.36 Mpps, 2918 Mbit/s (2975 Mbit/s with framing)
[0;34m[Device: id=0] TX[0m: 0.53 Mpps, 4307 Mbit/s (4391 Mbit/s with framing)
[1;36m[Device: id=0] RX[0m: 0.36 Mpps, 2916 Mbit/s (2973 Mbit/s with framing)
[0;34m[Device: id=0] TX[0m: 0.53 Mpps, 4307 Mbit/s (4391 Mbit/s with framing)
[1;36m[Device: id=0] RX[0m: 0.37 Mpps, 3017 Mbit/s (3076 Mbit/s with framing)
[0;34m[Device: id=0] TX[0m: 0.53 Mpps, 4307 Mbit/s (4391 Mbit/s with framing)
[1;36m[Device: id=0] RX[0m: 0.38 Mpps, 3087 Mbit/s (3148 Mbit/s with framing)
[0;34m[Device: id=0] TX[0m: 0.53 Mpps, 4307 Mbit/s (4391 Mbit/s with framing)
[1;36m[Device: id=0] RX[0m: 0.38 Mpps, 3114 Mbit/s (3175 Mbit/s with framing)
[0;34m[Device: id=0] TX[0m: 0.53 Mpps, 4307 Mbit/s (4391 Mbit/s with framing)
[1;36m[Device: id=0] RX[0m: 0.38 Mpps, 3089 Mbit/s (3150 Mbit/s with framing)
[0;34m[Device: id=0] TX[0m: 0.53 Mpps, 4307 Mbit/s (4391 Mbit/s with framing)
[1;36m[Device: id=0] RX[0m: 0.36 Mpps, 2955 Mbit/s (3013 Mbit/s with framing)
[0;34m[Device: id=0] TX[0m: 0.53 Mpps, 4307 Mbit/s (4391 Mbit/s with framing)
[1;36m[Device: id=0] RX[0m: 0.36 Mpps, 2948 Mbit/s (3005 Mbit/s with framing)
[0;34m[Device: id=0] TX[0m: 0.53 Mpps, 4307 Mbit/s (4391 Mbit/s with framing)
[1;36m[Device: id=0] RX[0m: 0.36 Mpps, 2943 Mbit/s (3000 Mbit/s with framing)
[0;34m[Device: id=0] TX[0m: 0.53 Mpps, 4307 Mbit/s (4391 Mbit/s with framing)
[1;36m[Device: id=0] RX[0m: 0.36 Mpps, 2939 Mbit/s (2997 Mbit/s with framing)
[0;34m[Device: id=0] TX[0m: 0.53 Mpps, 4307 Mbit/s (4391 Mbit/s with framing)
[1;36m[Device: id=0] RX[0m: 0.36 Mpps, 2965 Mbit/s (3023 Mbit/s with framing)
[0;34m[Device: id=0] TX[0m: 0.53 Mpps, 4307 Mbit/s (4391 Mbit/s with framing)
[1;36m[Device: id=0] RX[0m: 0.36 Mpps, 2961 Mbit/s (3019 Mbit/s with framing)
[0;34m[Device: id=0] TX[0m: 0.53 Mpps, 4307 Mbit/s (4391 Mbit/s with framing)
[1;36m[Device: id=0] RX[0m: 0.36 Mpps, 2963 Mbit/s (3021 Mbit/s with framing)
[0;34m[Device: id=0] TX[0m: 0.53 Mpps, 4307 Mbit/s (4391 Mbit/s with framing)
[1;36m[Device: id=0] RX[0m: 0.37 Mpps, 3011 Mbit/s (3070 Mbit/s with framing)
[0;34m[Device: id=0] TX[0m: 0.53 Mpps, 4307 Mbit/s (4391 Mbit/s with framing)
[1;36m[Device: id=0] RX[0m: 0.38 Mpps, 3086 Mbit/s (3146 Mbit/s with framing)
[0;34m[Device: id=0] TX[0m: 0.53 Mpps, 4307 Mbit/s (4391 Mbit/s with framing)
[1;36m[Device: id=0] RX[0m: 0.38 Mpps, 3085 Mbit/s (3146 Mbit/s with framing)
[0;34m[Device: id=0] TX[0m: 0.53 Mpps, 4307 Mbit/s (4391 Mbit/s with framing)
[1;36m[Device: id=0] RX[0m: 0.38 Mpps, 3083 Mbit/s (3144 Mbit/s with framing)
[0;34m[Device: id=0] TX[0m: 0.53 Mpps, 4307 Mbit/s (4391 Mbit/s with framing)
[1;36m[Device: id=0] RX[0m: 0.36 Mpps, 2986 Mbit/s (3044 Mbit/s with framing)
[0;34m[Device: id=0] TX[0m: 0.53 Mpps, 4307 Mbit/s (4391 Mbit/s with framing)
[1;36m[Device: id=0] RX[0m: 0.36 Mpps, 2942 Mbit/s (3000 Mbit/s with framing)
[0;34m[Device: id=0] TX[0m: 0.53 Mpps, 4307 Mbit/s (4391 Mbit/s with framing)
[1;36m[Device: id=0] RX[0m: 0.36 Mpps, 2956 Mbit/s (3014 Mbit/s with framing)
[0;34m[Device: id=0] TX[0m: 0.53 Mpps, 4307 Mbit/s (4391 Mbit/s with framing)
[1;36m[Device: id=0] RX[0m: 0.36 Mpps, 2915 Mbit/s (2972 Mbit/s with framing)
[0;34m[Device: id=0] TX[0m: 0.53 Mpps, 4307 Mbit/s (4391 Mbit/s with framing)
[1;36m[Device: id=0] RX[0m: 0.35 Mpps, 2899 Mbit/s (2956 Mbit/s with framing)
[0;34m[Device: id=0] TX[0m: 0.53 Mpps, 4307 Mbit/s (4391 Mbit/s with framing)
[1;36m[Device: id=0] RX[0m: 0.35 Mpps, 2896 Mbit/s (2952 Mbit/s with framing)
[0;34m[Device: id=0] TX[0m: 0.53 Mpps, 4307 Mbit/s (4391 Mbit/s with framing)
Samples: 1994, Average: 1480034.5 ns, StdDev: 63041.1 ns, Quartiles: 1438973.0/1486961.0/1523387.0 ns
[1;37m[INFO]  Saving histogram to '/tmp/histogram.csv'[0m
[1;36m[Device: id=0] RX[0m: 0.36 (StdDev 0.01) Mpps, 2975 (StdDev 69) Mbit/s (3033 Mbit/s with framing), total 10872885 packets with 11131129894 bytes (incl. CRC)
[0;34m[Device: id=0] TX[0m: 0.53 (StdDev 0.00) Mpps, 4307 (StdDev 0) Mbit/s (4391 Mbit/s with framing), total 15752604 packets with 16127505216 bytes (incl. CRC)
