EAL: Detected CPU lcores: 24
EAL: Detected NUMA nodes: 1
EAL: Static memory layout is selected, amount of reserved memory can be adjusted with -m or --socket-mem
EAL: Detected shared linkage of DPDK
EAL: Multi-process socket /var/run/dpdk/rte/mp_socket
EAL: Selected IOVA mode 'PA'
EAL: 512 hugepages of size 2097152 reserved, but no mounted hugetlbfs found for that size
EAL: VFIO support initialized
EAL: Probe PCI driver: net_ice (8086:1592) device: 0000:51:00.0 (socket 0)
ice_load_pkg_type(): Active package is: 1.3.26.0, ICE OS Default Package (single VLAN mode)
TELEMETRY: No legacy callbacks, legacy socket not created
[1;33m[WARN]  malloc() allocates objects >= 1 MiB from LuaJIT memory space.[0m
[1;33m[WARN]  Install libjemalloc if you encounter out of memory errors.[0m
[1;37m[INFO]  Initializing DPDK. This will take a few seconds...[0m
[1;37m[INFO]  Found 1 usable devices:[0m
   Device 0: B4:96:91:B3:8B:04 ([0;32mIntel Corporation Ethernet Controller E810-C for QSFP[0m)
[1;37m[INFO]  Waiting for devices to come up...[0m
[1;37m[INFO]  Device 0 (B4:96:91:B3:8B:04) is up: full-duplex 100000 MBit/s[0m
[1;37m[INFO]  [0;32m1 device is up.[0m[0m
[1;36m[Device: id=0] RX[0m: 0.35 Mpps, 181 Mbit/s (238 Mbit/s with framing)
[0;34m[Device: id=0] TX[0m: 0.63 Mpps, 322 Mbit/s (423 Mbit/s with framing)
[1;36m[Device: id=0] RX[0m: 0.36 Mpps, 183 Mbit/s (240 Mbit/s with framing)
[0;34m[Device: id=0] TX[0m: 0.63 Mpps, 322 Mbit/s (423 Mbit/s with framing)
[1;36m[Device: id=0] RX[0m: 0.34 Mpps, 174 Mbit/s (228 Mbit/s with framing)
[0;34m[Device: id=0] TX[0m: 0.63 Mpps, 322 Mbit/s (423 Mbit/s with framing)
[1;36m[Device: id=0] RX[0m: 0.34 Mpps, 172 Mbit/s (226 Mbit/s with framing)
[0;34m[Device: id=0] TX[0m: 0.63 Mpps, 322 Mbit/s (423 Mbit/s with framing)
[1;36m[Device: id=0] RX[0m: 0.35 Mpps, 180 Mbit/s (237 Mbit/s with framing)
[0;34m[Device: id=0] TX[0m: 0.63 Mpps, 322 Mbit/s (423 Mbit/s with framing)
[1;36m[Device: id=0] RX[0m: 0.37 Mpps, 188 Mbit/s (246 Mbit/s with framing)
[0;34m[Device: id=0] TX[0m: 0.63 Mpps, 322 Mbit/s (423 Mbit/s with framing)
[1;36m[Device: id=0] RX[0m: 0.35 Mpps, 178 Mbit/s (233 Mbit/s with framing)
[0;34m[Device: id=0] TX[0m: 0.63 Mpps, 322 Mbit/s (423 Mbit/s with framing)
[1;36m[Device: id=0] RX[0m: 0.35 Mpps, 177 Mbit/s (233 Mbit/s with framing)
[0;34m[Device: id=0] TX[0m: 0.63 Mpps, 322 Mbit/s (423 Mbit/s with framing)
[1;36m[Device: id=0] RX[0m: 0.35 Mpps, 178 Mbit/s (234 Mbit/s with framing)
[0;34m[Device: id=0] TX[0m: 0.63 Mpps, 322 Mbit/s (423 Mbit/s with framing)
[1;36m[Device: id=0] RX[0m: 0.35 Mpps, 178 Mbit/s (234 Mbit/s with framing)
[0;34m[Device: id=0] TX[0m: 0.63 Mpps, 322 Mbit/s (423 Mbit/s with framing)
[1;36m[Device: id=0] RX[0m: 0.35 Mpps, 179 Mbit/s (235 Mbit/s with framing)
[0;34m[Device: id=0] TX[0m: 0.63 Mpps, 322 Mbit/s (423 Mbit/s with framing)
[1;36m[Device: id=0] RX[0m: 0.35 Mpps, 178 Mbit/s (233 Mbit/s with framing)
[0;34m[Device: id=0] TX[0m: 0.63 Mpps, 322 Mbit/s (423 Mbit/s with framing)
[1;36m[Device: id=0] RX[0m: 0.33 Mpps, 168 Mbit/s (221 Mbit/s with framing)
[0;34m[Device: id=0] TX[0m: 0.63 Mpps, 322 Mbit/s (423 Mbit/s with framing)
[1;36m[Device: id=0] RX[0m: 0.33 Mpps, 170 Mbit/s (223 Mbit/s with framing)
[0;34m[Device: id=0] TX[0m: 0.63 Mpps, 322 Mbit/s (423 Mbit/s with framing)
[1;36m[Device: id=0] RX[0m: 0.33 Mpps, 169 Mbit/s (221 Mbit/s with framing)
[0;34m[Device: id=0] TX[0m: 0.63 Mpps, 322 Mbit/s (423 Mbit/s with framing)
[1;36m[Device: id=0] RX[0m: 0.35 Mpps, 179 Mbit/s (235 Mbit/s with framing)
[0;34m[Device: id=0] TX[0m: 0.63 Mpps, 322 Mbit/s (423 Mbit/s with framing)
[1;36m[Device: id=0] RX[0m: 0.35 Mpps, 179 Mbit/s (235 Mbit/s with framing)
[0;34m[Device: id=0] TX[0m: 0.63 Mpps, 322 Mbit/s (423 Mbit/s with framing)
[1;36m[Device: id=0] RX[0m: 0.35 Mpps, 177 Mbit/s (232 Mbit/s with framing)
[0;34m[Device: id=0] TX[0m: 0.63 Mpps, 322 Mbit/s (423 Mbit/s with framing)
[1;36m[Device: id=0] RX[0m: 0.35 Mpps, 178 Mbit/s (234 Mbit/s with framing)
[0;34m[Device: id=0] TX[0m: 0.63 Mpps, 322 Mbit/s (423 Mbit/s with framing)
[1;36m[Device: id=0] RX[0m: 0.35 Mpps, 179 Mbit/s (234 Mbit/s with framing)
[0;34m[Device: id=0] TX[0m: 0.63 Mpps, 322 Mbit/s (423 Mbit/s with framing)
[1;36m[Device: id=0] RX[0m: 0.35 Mpps, 179 Mbit/s (234 Mbit/s with framing)
[0;34m[Device: id=0] TX[0m: 0.63 Mpps, 322 Mbit/s (423 Mbit/s with framing)
[1;36m[Device: id=0] RX[0m: 0.35 Mpps, 178 Mbit/s (234 Mbit/s with framing)
[0;34m[Device: id=0] TX[0m: 0.63 Mpps, 322 Mbit/s (423 Mbit/s with framing)
[1;36m[Device: id=0] RX[0m: 0.33 Mpps, 169 Mbit/s (222 Mbit/s with framing)
[0;34m[Device: id=0] TX[0m: 0.63 Mpps, 322 Mbit/s (423 Mbit/s with framing)
[1;36m[Device: id=0] RX[0m: 0.33 Mpps, 170 Mbit/s (223 Mbit/s with framing)
[0;34m[Device: id=0] TX[0m: 0.63 Mpps, 322 Mbit/s (423 Mbit/s with framing)
[1;36m[Device: id=0] RX[0m: 0.33 Mpps, 170 Mbit/s (223 Mbit/s with framing)
[0;34m[Device: id=0] TX[0m: 0.63 Mpps, 322 Mbit/s (423 Mbit/s with framing)
[1;36m[Device: id=0] RX[0m: 0.34 Mpps, 174 Mbit/s (228 Mbit/s with framing)
[0;34m[Device: id=0] TX[0m: 0.63 Mpps, 322 Mbit/s (423 Mbit/s with framing)
[1;36m[Device: id=0] RX[0m: 0.34 Mpps, 177 Mbit/s (232 Mbit/s with framing)
[0;34m[Device: id=0] TX[0m: 0.63 Mpps, 322 Mbit/s (423 Mbit/s with framing)
[1;36m[Device: id=0] RX[0m: 0.35 Mpps, 179 Mbit/s (234 Mbit/s with framing)
[0;34m[Device: id=0] TX[0m: 0.63 Mpps, 322 Mbit/s (423 Mbit/s with framing)
[1;36m[Device: id=0] RX[0m: 0.35 Mpps, 181 Mbit/s (237 Mbit/s with framing)
[0;34m[Device: id=0] TX[0m: 0.63 Mpps, 322 Mbit/s (423 Mbit/s with framing)
Samples: 860, Average: 5683789.9 ns, StdDev: 243808.9 ns, Quartiles: 5533520.0/5684641.0/5827293.0 ns
[1;37m[INFO]  Saving histogram to '/tmp/histogram.csv'[0m
[1;36m[Device: id=0] RX[0m: 0.29 Mpps, 151 Mbit/s (198 Mbit/s with framing)
[1;36m[Device: id=0] RX[0m: 0.34 (StdDev 0.01) Mpps, 176 (StdDev 7) Mbit/s (230 Mbit/s with framing), total 10349895 packets with 662406210 bytes (incl. CRC)
[0;34m[Device: id=0] TX[0m: 0.63 (StdDev 0.00) Mpps, 322 (StdDev 0) Mbit/s (423 Mbit/s with framing), total 18872570 packets with 1207844480 bytes (incl. CRC)
