EAL: Detected CPU lcores: 24
EAL: Detected NUMA nodes: 1
EAL: Static memory layout is selected, amount of reserved memory can be adjusted with -m or --socket-mem
EAL: Detected shared linkage of DPDK
EAL: Multi-process socket /var/run/dpdk/rte/mp_socket
EAL: Selected IOVA mode 'PA'
EAL: 512 hugepages of size 2097152 reserved, but no mounted hugetlbfs found for that size
EAL: Probe PCI driver: net_ice (8086:1592) device: 0000:51:00.0 (socket 0)
ice_load_pkg_type(): Active package is: 1.3.26.0, ICE OS Default Package (single VLAN mode)
TELEMETRY: No legacy callbacks, legacy socket not created
[1;33m[WARN]  malloc() allocates objects >= 1 MiB from LuaJIT memory space.[0m
[1;33m[WARN]  Install libjemalloc if you encounter out of memory errors.[0m
[1;37m[INFO]  Initializing DPDK. This will take a few seconds...[0m
[1;37m[INFO]  Found 1 usable devices:[0m
   Device 0: B4:96:91:B3:8B:04 ([0;32mIntel Corporation Ethernet Controller E810-C for QSFP[0m)
[1;37m[INFO]  Waiting for devices to come up...[0m
[1;37m[INFO]  Device 0 (B4:96:91:B3:8B:04) is up: full-duplex 100000 MBit/s[0m
[1;37m[INFO]  [0;32m1 device is up.[0m[0m
[1;36m[Device: id=0] RX[0m: 0.32 Mpps, 2604 Mbit/s (2655 Mbit/s with framing)
[0;34m[Device: id=0] TX[0m: 0.37 Mpps, 3018 Mbit/s (3077 Mbit/s with framing)
[1;36m[Device: id=0] RX[0m: 0.32 Mpps, 2616 Mbit/s (2667 Mbit/s with framing)
[0;34m[Device: id=0] TX[0m: 0.37 Mpps, 3018 Mbit/s (3077 Mbit/s with framing)
[1;36m[Device: id=0] RX[0m: 0.31 Mpps, 2541 Mbit/s (2590 Mbit/s with framing)
[0;34m[Device: id=0] TX[0m: 0.37 Mpps, 3018 Mbit/s (3077 Mbit/s with framing)
[1;36m[Device: id=0] RX[0m: 0.29 Mpps, 2401 Mbit/s (2448 Mbit/s with framing)
[0;34m[Device: id=0] TX[0m: 0.37 Mpps, 3018 Mbit/s (3077 Mbit/s with framing)
[1;36m[Device: id=0] RX[0m: 0.30 Mpps, 2420 Mbit/s (2467 Mbit/s with framing)
[0;34m[Device: id=0] TX[0m: 0.37 Mpps, 3018 Mbit/s (3077 Mbit/s with framing)
[1;36m[Device: id=0] RX[0m: 0.29 Mpps, 2414 Mbit/s (2461 Mbit/s with framing)
[0;34m[Device: id=0] TX[0m: 0.37 Mpps, 3018 Mbit/s (3077 Mbit/s with framing)
[1;36m[Device: id=0] RX[0m: 0.32 Mpps, 2608 Mbit/s (2659 Mbit/s with framing)
[0;34m[Device: id=0] TX[0m: 0.37 Mpps, 3018 Mbit/s (3077 Mbit/s with framing)
[1;36m[Device: id=0] RX[0m: 0.32 Mpps, 2614 Mbit/s (2665 Mbit/s with framing)
[0;34m[Device: id=0] TX[0m: 0.37 Mpps, 3018 Mbit/s (3077 Mbit/s with framing)
[1;36m[Device: id=0] RX[0m: 0.32 Mpps, 2621 Mbit/s (2672 Mbit/s with framing)
[0;34m[Device: id=0] TX[0m: 0.37 Mpps, 3018 Mbit/s (3077 Mbit/s with framing)
[1;36m[Device: id=0] RX[0m: 0.32 Mpps, 2614 Mbit/s (2665 Mbit/s with framing)
[0;34m[Device: id=0] TX[0m: 0.37 Mpps, 3018 Mbit/s (3077 Mbit/s with framing)
[1;36m[Device: id=0] RX[0m: 0.32 Mpps, 2611 Mbit/s (2662 Mbit/s with framing)
[0;34m[Device: id=0] TX[0m: 0.37 Mpps, 3018 Mbit/s (3077 Mbit/s with framing)
[1;36m[Device: id=0] RX[0m: 0.32 Mpps, 2620 Mbit/s (2672 Mbit/s with framing)
[0;34m[Device: id=0] TX[0m: 0.37 Mpps, 3018 Mbit/s (3077 Mbit/s with framing)
[1;36m[Device: id=0] RX[0m: 0.32 Mpps, 2613 Mbit/s (2664 Mbit/s with framing)
[0;34m[Device: id=0] TX[0m: 0.37 Mpps, 3018 Mbit/s (3077 Mbit/s with framing)
[1;36m[Device: id=0] RX[0m: 0.32 Mpps, 2616 Mbit/s (2667 Mbit/s with framing)
[0;34m[Device: id=0] TX[0m: 0.37 Mpps, 3018 Mbit/s (3077 Mbit/s with framing)
[1;36m[Device: id=0] RX[0m: 0.32 Mpps, 2626 Mbit/s (2678 Mbit/s with framing)
[0;34m[Device: id=0] TX[0m: 0.37 Mpps, 3018 Mbit/s (3077 Mbit/s with framing)
[1;36m[Device: id=0] RX[0m: 0.32 Mpps, 2609 Mbit/s (2660 Mbit/s with framing)
[0;34m[Device: id=0] TX[0m: 0.37 Mpps, 3018 Mbit/s (3077 Mbit/s with framing)
[1;36m[Device: id=0] RX[0m: 0.30 Mpps, 2446 Mbit/s (2494 Mbit/s with framing)
[0;34m[Device: id=0] TX[0m: 0.37 Mpps, 3018 Mbit/s (3077 Mbit/s with framing)
[1;36m[Device: id=0] RX[0m: 0.30 Mpps, 2460 Mbit/s (2508 Mbit/s with framing)
[0;34m[Device: id=0] TX[0m: 0.37 Mpps, 3018 Mbit/s (3077 Mbit/s with framing)
[1;36m[Device: id=0] RX[0m: 0.30 Mpps, 2435 Mbit/s (2483 Mbit/s with framing)
[0;34m[Device: id=0] TX[0m: 0.37 Mpps, 3018 Mbit/s (3077 Mbit/s with framing)
[1;36m[Device: id=0] RX[0m: 0.29 Mpps, 2413 Mbit/s (2460 Mbit/s with framing)
[0;34m[Device: id=0] TX[0m: 0.37 Mpps, 3018 Mbit/s (3077 Mbit/s with framing)
[1;36m[Device: id=0] RX[0m: 0.30 Mpps, 2487 Mbit/s (2535 Mbit/s with framing)
[0;34m[Device: id=0] TX[0m: 0.37 Mpps, 3018 Mbit/s (3077 Mbit/s with framing)
[1;36m[Device: id=0] RX[0m: 0.32 Mpps, 2650 Mbit/s (2702 Mbit/s with framing)
[0;34m[Device: id=0] TX[0m: 0.37 Mpps, 3018 Mbit/s (3077 Mbit/s with framing)
[1;36m[Device: id=0] RX[0m: 0.32 Mpps, 2658 Mbit/s (2710 Mbit/s with framing)
[0;34m[Device: id=0] TX[0m: 0.37 Mpps, 3018 Mbit/s (3077 Mbit/s with framing)
[1;36m[Device: id=0] RX[0m: 0.32 Mpps, 2649 Mbit/s (2701 Mbit/s with framing)
[0;34m[Device: id=0] TX[0m: 0.37 Mpps, 3018 Mbit/s (3077 Mbit/s with framing)
[1;36m[Device: id=0] RX[0m: 0.33 Mpps, 2665 Mbit/s (2717 Mbit/s with framing)
[0;34m[Device: id=0] TX[0m: 0.37 Mpps, 3018 Mbit/s (3077 Mbit/s with framing)
[1;36m[Device: id=0] RX[0m: 0.32 Mpps, 2636 Mbit/s (2688 Mbit/s with framing)
[0;34m[Device: id=0] TX[0m: 0.37 Mpps, 3018 Mbit/s (3077 Mbit/s with framing)
[1;36m[Device: id=0] RX[0m: 0.31 Mpps, 2523 Mbit/s (2572 Mbit/s with framing)
[0;34m[Device: id=0] TX[0m: 0.37 Mpps, 3018 Mbit/s (3077 Mbit/s with framing)
[1;36m[Device: id=0] RX[0m: 0.32 Mpps, 2629 Mbit/s (2680 Mbit/s with framing)
[0;34m[Device: id=0] TX[0m: 0.37 Mpps, 3018 Mbit/s (3077 Mbit/s with framing)
[1;36m[Device: id=0] RX[0m: 0.32 Mpps, 2652 Mbit/s (2704 Mbit/s with framing)
[0;34m[Device: id=0] TX[0m: 0.37 Mpps, 3018 Mbit/s (3077 Mbit/s with framing)
Samples: 2122, Average: 6194800.7 ns, StdDev: 296825.5 ns, Quartiles: 5984533.0/6155958.0/6363355.0 ns
[1;37m[INFO]  Saving histogram to '/tmp/histogram.csv'[0m
[1;36m[Device: id=0] RX[0m: 0.28 Mpps, 2255 Mbit/s (2299 Mbit/s with framing)
[1;36m[Device: id=0] RX[0m: 0.31 (StdDev 0.01) Mpps, 2555 (StdDev 106) Mbit/s (2605 Mbit/s with framing), total 9412761 packets with 9636628583 bytes (incl. CRC)
[0;34m[Device: id=0] TX[0m: 0.37 (StdDev 0.00) Mpps, 3018 (StdDev 0) Mbit/s (3077 Mbit/s with framing), total 11050494 packets with 11313169664 bytes (incl. CRC)
