EAL: Detected CPU lcores: 24
EAL: Detected NUMA nodes: 1
EAL: Static memory layout is selected, amount of reserved memory can be adjusted with -m or --socket-mem
EAL: Detected shared linkage of DPDK
EAL: Multi-process socket /var/run/dpdk/rte/mp_socket
EAL: Selected IOVA mode 'PA'
EAL: 512 hugepages of size 2097152 reserved, but no mounted hugetlbfs found for that size
EAL: VFIO support initialized
EAL: Probe PCI driver: net_ice (8086:1592) device: 0000:51:00.0 (socket 0)
ice_load_pkg_type(): Active package is: 1.3.26.0, ICE OS Default Package (single VLAN mode)
TELEMETRY: No legacy callbacks, legacy socket not created
[1;33m[WARN]  malloc() allocates objects >= 1 MiB from LuaJIT memory space.[0m
[1;33m[WARN]  Install libjemalloc if you encounter out of memory errors.[0m
[1;37m[INFO]  Initializing DPDK. This will take a few seconds...[0m
[1;37m[INFO]  Found 1 usable devices:[0m
   Device 0: B4:96:91:B3:8B:04 ([0;32mIntel Corporation Ethernet Controller E810-C for QSFP[0m)
[1;37m[INFO]  Waiting for devices to come up...[0m
[1;37m[INFO]  Device 0 (B4:96:91:B3:8B:04) is up: full-duplex 100000 MBit/s[0m
[1;37m[INFO]  [0;32m1 device is up.[0m[0m
[1;36m[Device: id=0] RX[0m: 0.68 Mpps, 350 Mbit/s (459 Mbit/s with framing)
[0;34m[Device: id=0] TX[0m: 0.68 Mpps, 350 Mbit/s (459 Mbit/s with framing)
[1;36m[Device: id=0] RX[0m: 0.69 Mpps, 351 Mbit/s (460 Mbit/s with framing)
[0;34m[Device: id=0] TX[0m: 0.69 Mpps, 351 Mbit/s (460 Mbit/s with framing)
[1;36m[Device: id=0] RX[0m: 0.68 Mpps, 350 Mbit/s (460 Mbit/s with framing)
[0;34m[Device: id=0] TX[0m: 0.69 Mpps, 351 Mbit/s (460 Mbit/s with framing)
[1;36m[Device: id=0] RX[0m: 0.69 Mpps, 351 Mbit/s (460 Mbit/s with framing)
[0;34m[Device: id=0] TX[0m: 0.69 Mpps, 351 Mbit/s (460 Mbit/s with framing)
[1;36m[Device: id=0] RX[0m: 0.69 Mpps, 351 Mbit/s (461 Mbit/s with framing)
[0;34m[Device: id=0] TX[0m: 0.69 Mpps, 351 Mbit/s (460 Mbit/s with framing)
[1;36m[Device: id=0] RX[0m: 0.69 Mpps, 351 Mbit/s (460 Mbit/s with framing)
[0;34m[Device: id=0] TX[0m: 0.69 Mpps, 351 Mbit/s (460 Mbit/s with framing)
[1;36m[Device: id=0] RX[0m: 0.69 Mpps, 351 Mbit/s (461 Mbit/s with framing)
[0;34m[Device: id=0] TX[0m: 0.69 Mpps, 351 Mbit/s (461 Mbit/s with framing)
[1;36m[Device: id=0] RX[0m: 0.69 Mpps, 351 Mbit/s (460 Mbit/s with framing)
[0;34m[Device: id=0] TX[0m: 0.69 Mpps, 351 Mbit/s (460 Mbit/s with framing)
[1;36m[Device: id=0] RX[0m: 0.69 Mpps, 351 Mbit/s (461 Mbit/s with framing)
[0;34m[Device: id=0] TX[0m: 0.69 Mpps, 351 Mbit/s (461 Mbit/s with framing)
[1;36m[Device: id=0] RX[0m: 0.69 Mpps, 351 Mbit/s (461 Mbit/s with framing)
[0;34m[Device: id=0] TX[0m: 0.69 Mpps, 351 Mbit/s (461 Mbit/s with framing)
[1;36m[Device: id=0] RX[0m: 0.69 Mpps, 351 Mbit/s (461 Mbit/s with framing)
[0;34m[Device: id=0] TX[0m: 0.69 Mpps, 351 Mbit/s (461 Mbit/s with framing)
[1;36m[Device: id=0] RX[0m: 0.69 Mpps, 351 Mbit/s (461 Mbit/s with framing)
[0;34m[Device: id=0] TX[0m: 0.69 Mpps, 351 Mbit/s (461 Mbit/s with framing)
[1;36m[Device: id=0] RX[0m: 0.69 Mpps, 351 Mbit/s (461 Mbit/s with framing)
[0;34m[Device: id=0] TX[0m: 0.69 Mpps, 351 Mbit/s (461 Mbit/s with framing)
[1;36m[Device: id=0] RX[0m: 0.69 Mpps, 351 Mbit/s (460 Mbit/s with framing)
[0;34m[Device: id=0] TX[0m: 0.69 Mpps, 351 Mbit/s (460 Mbit/s with framing)
[1;36m[Device: id=0] RX[0m: 0.69 Mpps, 351 Mbit/s (461 Mbit/s with framing)
[0;34m[Device: id=0] TX[0m: 0.69 Mpps, 351 Mbit/s (461 Mbit/s with framing)
[1;36m[Device: id=0] RX[0m: 0.67 Mpps, 345 Mbit/s (453 Mbit/s with framing)
[0;34m[Device: id=0] TX[0m: 0.69 Mpps, 351 Mbit/s (460 Mbit/s with framing)
[1;36m[Device: id=0] RX[0m: 0.69 Mpps, 351 Mbit/s (461 Mbit/s with framing)
[0;34m[Device: id=0] TX[0m: 0.69 Mpps, 351 Mbit/s (461 Mbit/s with framing)
[1;36m[Device: id=0] RX[0m: 0.69 Mpps, 351 Mbit/s (460 Mbit/s with framing)
[0;34m[Device: id=0] TX[0m: 0.69 Mpps, 351 Mbit/s (460 Mbit/s with framing)
[1;36m[Device: id=0] RX[0m: 0.69 Mpps, 351 Mbit/s (461 Mbit/s with framing)
[0;34m[Device: id=0] TX[0m: 0.69 Mpps, 351 Mbit/s (461 Mbit/s with framing)
[1;36m[Device: id=0] RX[0m: 0.69 Mpps, 351 Mbit/s (460 Mbit/s with framing)
[0;34m[Device: id=0] TX[0m: 0.69 Mpps, 351 Mbit/s (460 Mbit/s with framing)
[1;36m[Device: id=0] RX[0m: 0.69 Mpps, 351 Mbit/s (461 Mbit/s with framing)
[0;34m[Device: id=0] TX[0m: 0.69 Mpps, 351 Mbit/s (461 Mbit/s with framing)
[1;36m[Device: id=0] RX[0m: 0.69 Mpps, 351 Mbit/s (461 Mbit/s with framing)
[0;34m[Device: id=0] TX[0m: 0.69 Mpps, 351 Mbit/s (460 Mbit/s with framing)
[1;36m[Device: id=0] RX[0m: 0.69 Mpps, 351 Mbit/s (461 Mbit/s with framing)
[0;34m[Device: id=0] TX[0m: 0.69 Mpps, 351 Mbit/s (460 Mbit/s with framing)
[1;36m[Device: id=0] RX[0m: 0.69 Mpps, 351 Mbit/s (460 Mbit/s with framing)
[0;34m[Device: id=0] TX[0m: 0.69 Mpps, 351 Mbit/s (460 Mbit/s with framing)
[1;36m[Device: id=0] RX[0m: 0.69 Mpps, 351 Mbit/s (461 Mbit/s with framing)
[0;34m[Device: id=0] TX[0m: 0.69 Mpps, 351 Mbit/s (461 Mbit/s with framing)
[1;36m[Device: id=0] RX[0m: 0.69 Mpps, 351 Mbit/s (460 Mbit/s with framing)
[0;34m[Device: id=0] TX[0m: 0.69 Mpps, 351 Mbit/s (460 Mbit/s with framing)
[1;36m[Device: id=0] RX[0m: 0.69 Mpps, 351 Mbit/s (461 Mbit/s with framing)
[0;34m[Device: id=0] TX[0m: 0.69 Mpps, 351 Mbit/s (461 Mbit/s with framing)
[1;36m[Device: id=0] RX[0m: 0.69 Mpps, 351 Mbit/s (460 Mbit/s with framing)
[0;34m[Device: id=0] TX[0m: 0.69 Mpps, 351 Mbit/s (460 Mbit/s with framing)
[1;36m[Device: id=0] RX[0m: 0.69 Mpps, 351 Mbit/s (461 Mbit/s with framing)
[0;34m[Device: id=0] TX[0m: 0.69 Mpps, 351 Mbit/s (460 Mbit/s with framing)
Samples: 62720, Average: 173549.1 ns, StdDev: 32333.3 ns, Quartiles: 153953.0/172519.0/192149.0 ns
[1;37m[INFO]  Saving histogram to '/tmp/histogram.csv'[0m
[1;36m[Device: id=0] RX[0m: 0.55 Mpps, 283 Mbit/s (372 Mbit/s with framing)
[1;36m[Device: id=0] RX[0m: 0.68 (StdDev 0.02) Mpps, 348 (StdDev 13) Mbit/s (457 Mbit/s with framing), total 20513166 packets with 1312869166 bytes (incl. CRC)
[0;34m[Device: id=0] TX[0m: 0.69 (StdDev 0.00) Mpps, 351 (StdDev 0) Mbit/s (460 Mbit/s with framing), total 20525009 packets with 1313600576 bytes (incl. CRC)
