EAL: Detected CPU lcores: 24
EAL: Detected NUMA nodes: 1
EAL: Static memory layout is selected, amount of reserved memory can be adjusted with -m or --socket-mem
EAL: Detected shared linkage of DPDK
EAL: Multi-process socket /var/run/dpdk/rte/mp_socket
EAL: Selected IOVA mode 'PA'
EAL: 512 hugepages of size 2097152 reserved, but no mounted hugetlbfs found for that size
EAL: VFIO support initialized
EAL: Probe PCI driver: net_ice (8086:1592) device: 0000:51:00.0 (socket 0)
ice_load_pkg_type(): Active package is: 1.3.26.0, ICE OS Default Package (single VLAN mode)
TELEMETRY: No legacy callbacks, legacy socket not created
[1;33m[WARN]  malloc() allocates objects >= 1 MiB from LuaJIT memory space.[0m
[1;33m[WARN]  Install libjemalloc if you encounter out of memory errors.[0m
[1;37m[INFO]  Initializing DPDK. This will take a few seconds...[0m
[1;37m[INFO]  Found 1 usable devices:[0m
   Device 0: B4:96:91:B3:8B:04 ([0;32mIntel Corporation Ethernet Controller E810-C for QSFP[0m)
[1;37m[INFO]  Waiting for devices to come up...[0m
[1;37m[INFO]  Device 0 (B4:96:91:B3:8B:04) is up: full-duplex 100000 MBit/s[0m
[1;37m[INFO]  [0;32m1 device is up.[0m[0m
[1;36m[Device: id=0] RX[0m: 0.26 Mpps, 2153 Mbit/s (2195 Mbit/s with framing)
[0;34m[Device: id=0] TX[0m: 0.26 Mpps, 2153 Mbit/s (2195 Mbit/s with framing)
[1;36m[Device: id=0] RX[0m: 0.26 Mpps, 2154 Mbit/s (2197 Mbit/s with framing)
[0;34m[Device: id=0] TX[0m: 0.26 Mpps, 2154 Mbit/s (2197 Mbit/s with framing)
[1;36m[Device: id=0] RX[0m: 0.27 Mpps, 2155 Mbit/s (2197 Mbit/s with framing)
[0;34m[Device: id=0] TX[0m: 0.27 Mpps, 2155 Mbit/s (2197 Mbit/s with framing)
[1;36m[Device: id=0] RX[0m: 0.27 Mpps, 2154 Mbit/s (2197 Mbit/s with framing)
[0;34m[Device: id=0] TX[0m: 0.27 Mpps, 2154 Mbit/s (2197 Mbit/s with framing)
[1;36m[Device: id=0] RX[0m: 0.27 Mpps, 2155 Mbit/s (2197 Mbit/s with framing)
[0;34m[Device: id=0] TX[0m: 0.27 Mpps, 2154 Mbit/s (2197 Mbit/s with framing)
[1;36m[Device: id=0] RX[0m: 0.08 Mpps, 621 Mbit/s (634 Mbit/s with framing)
[0;34m[Device: id=0] TX[0m: 0.26 Mpps, 2154 Mbit/s (2196 Mbit/s with framing)
[1;36m[Device: id=0] RX[0m: 0.00 Mpps, 0 Mbit/s (0 Mbit/s with framing)
[0;34m[Device: id=0] TX[0m: 0.26 Mpps, 2153 Mbit/s (2195 Mbit/s with framing)
[1;36m[Device: id=0] RX[0m: 0.00 Mpps, 0 Mbit/s (0 Mbit/s with framing)
[0;34m[Device: id=0] TX[0m: 0.26 Mpps, 2153 Mbit/s (2195 Mbit/s with framing)
[1;36m[Device: id=0] RX[0m: 0.06 Mpps, 448 Mbit/s (457 Mbit/s with framing)
[0;34m[Device: id=0] TX[0m: 0.26 Mpps, 2154 Mbit/s (2196 Mbit/s with framing)
[1;36m[Device: id=0] RX[0m: 0.00 Mpps, 0 Mbit/s (0 Mbit/s with framing)
[0;34m[Device: id=0] TX[0m: 0.26 Mpps, 2153 Mbit/s (2195 Mbit/s with framing)
[1;36m[Device: id=0] RX[0m: 0.00 Mpps, 0 Mbit/s (0 Mbit/s with framing)
[0;34m[Device: id=0] TX[0m: 0.26 Mpps, 2153 Mbit/s (2195 Mbit/s with framing)
[1;36m[Device: id=0] RX[0m: 0.00 Mpps, 0 Mbit/s (0 Mbit/s with framing)
[0;34m[Device: id=0] TX[0m: 0.26 Mpps, 2153 Mbit/s (2195 Mbit/s with framing)
[1;36m[Device: id=0] RX[0m: 0.10 Mpps, 811 Mbit/s (827 Mbit/s with framing)
[0;34m[Device: id=0] TX[0m: 0.26 Mpps, 2154 Mbit/s (2196 Mbit/s with framing)
[1;36m[Device: id=0] RX[0m: 0.00 Mpps, 0 Mbit/s (0 Mbit/s with framing)
[0;34m[Device: id=0] TX[0m: 0.26 Mpps, 2153 Mbit/s (2195 Mbit/s with framing)
[1;36m[Device: id=0] RX[0m: 0.00 Mpps, 0 Mbit/s (0 Mbit/s with framing)
[0;34m[Device: id=0] TX[0m: 0.26 Mpps, 2153 Mbit/s (2195 Mbit/s with framing)
[1;36m[Device: id=0] RX[0m: 0.00 Mpps, 0 Mbit/s (0 Mbit/s with framing)
[0;34m[Device: id=0] TX[0m: 0.26 Mpps, 2153 Mbit/s (2195 Mbit/s with framing)
[1;36m[Device: id=0] RX[0m: 0.13 Mpps, 1094 Mbit/s (1116 Mbit/s with framing)
[0;34m[Device: id=0] TX[0m: 0.26 Mpps, 2154 Mbit/s (2196 Mbit/s with framing)
[1;36m[Device: id=0] RX[0m: 0.00 Mpps, 0 Mbit/s (0 Mbit/s with framing)
[0;34m[Device: id=0] TX[0m: 0.26 Mpps, 2153 Mbit/s (2195 Mbit/s with framing)
[1;36m[Device: id=0] RX[0m: 0.00 Mpps, 0 Mbit/s (0 Mbit/s with framing)
[0;34m[Device: id=0] TX[0m: 0.26 Mpps, 2153 Mbit/s (2195 Mbit/s with framing)
[1;36m[Device: id=0] RX[0m: 0.00 Mpps, 0 Mbit/s (0 Mbit/s with framing)
[0;34m[Device: id=0] TX[0m: 0.26 Mpps, 2153 Mbit/s (2195 Mbit/s with framing)
[1;36m[Device: id=0] RX[0m: 0.04 Mpps, 316 Mbit/s (323 Mbit/s with framing)
[0;34m[Device: id=0] TX[0m: 0.26 Mpps, 2154 Mbit/s (2196 Mbit/s with framing)
[1;36m[Device: id=0] RX[0m: 0.00 Mpps, 0 Mbit/s (0 Mbit/s with framing)
[0;34m[Device: id=0] TX[0m: 0.26 Mpps, 2153 Mbit/s (2195 Mbit/s with framing)
[1;36m[Device: id=0] RX[0m: 0.00 Mpps, 0 Mbit/s (0 Mbit/s with framing)
[0;34m[Device: id=0] TX[0m: 0.26 Mpps, 2153 Mbit/s (2195 Mbit/s with framing)
[1;36m[Device: id=0] RX[0m: 0.00 Mpps, 0 Mbit/s (0 Mbit/s with framing)
[0;34m[Device: id=0] TX[0m: 0.26 Mpps, 2153 Mbit/s (2195 Mbit/s with framing)
[1;36m[Device: id=0] RX[0m: 0.03 Mpps, 261 Mbit/s (266 Mbit/s with framing)
[0;34m[Device: id=0] TX[0m: 0.26 Mpps, 2153 Mbit/s (2196 Mbit/s with framing)
[1;36m[Device: id=0] RX[0m: 0.00 Mpps, 0 Mbit/s (0 Mbit/s with framing)
[0;34m[Device: id=0] TX[0m: 0.26 Mpps, 2153 Mbit/s (2195 Mbit/s with framing)
[1;36m[Device: id=0] RX[0m: 0.00 Mpps, 0 Mbit/s (0 Mbit/s with framing)
[0;34m[Device: id=0] TX[0m: 0.26 Mpps, 2153 Mbit/s (2195 Mbit/s with framing)
[1;36m[Device: id=0] RX[0m: 0.00 Mpps, 0 Mbit/s (0 Mbit/s with framing)
[0;34m[Device: id=0] TX[0m: 0.26 Mpps, 2153 Mbit/s (2195 Mbit/s with framing)
[1;36m[Device: id=0] RX[0m: 0.15 Mpps, 1242 Mbit/s (1267 Mbit/s with framing)
[0;34m[Device: id=0] TX[0m: 0.26 Mpps, 2154 Mbit/s (2196 Mbit/s with framing)
Samples: 13369, Average: 132859.2 ns, StdDev: 40319.0 ns, Quartiles: 113919.0/132333.0/151255.0 ns
[1;37m[INFO]  Saving histogram to '/tmp/histogram.csv'[0m
[1;36m[Device: id=0] RX[0m: 0.00 Mpps, 0 Mbit/s (0 Mbit/s with framing)
[1;36m[Device: id=0] RX[0m: 0.06 (StdDev 0.09) Mpps, 462 (StdDev 768) Mbit/s (472 Mbit/s with framing), total 1924002 packets with 1956883978 bytes (incl. CRC)
[0;34m[Device: id=0] TX[0m: 0.26 (StdDev 0.00) Mpps, 2154 (StdDev 0) Mbit/s (2196 Mbit/s with framing), total 7892588 packets with 8068093952 bytes (incl. CRC)
