EAL: Detected CPU lcores: 24
EAL: Detected NUMA nodes: 1
EAL: Static memory layout is selected, amount of reserved memory can be adjusted with -m or --socket-mem
EAL: Detected shared linkage of DPDK
EAL: Multi-process socket /var/run/dpdk/rte/mp_socket
EAL: Selected IOVA mode 'PA'
EAL: 512 hugepages of size 2097152 reserved, but no mounted hugetlbfs found for that size
EAL: Probe PCI driver: net_ice (8086:1592) device: 0000:51:00.0 (socket 0)
ice_load_pkg_type(): Active package is: 1.3.26.0, ICE OS Default Package (single VLAN mode)
TELEMETRY: No legacy callbacks, legacy socket not created
[1;33m[WARN]  malloc() allocates objects >= 1 MiB from LuaJIT memory space.[0m
[1;33m[WARN]  Install libjemalloc if you encounter out of memory errors.[0m
[1;37m[INFO]  Initializing DPDK. This will take a few seconds...[0m
[1;37m[INFO]  Found 1 usable devices:[0m
   Device 0: B4:96:91:B3:8B:04 ([0;32mIntel Corporation Ethernet Controller E810-C for QSFP[0m)
[1;37m[INFO]  Waiting for devices to come up...[0m
[1;37m[INFO]  Device 0 (B4:96:91:B3:8B:04) is up: full-duplex 100000 MBit/s[0m
[1;37m[INFO]  [0;32m1 device is up.[0m[0m
[1;36m[Device: id=0] RX[0m: 0.32 Mpps, 2606 Mbit/s (2657 Mbit/s with framing)
[0;34m[Device: id=0] TX[0m: 0.42 Mpps, 3442 Mbit/s (3510 Mbit/s with framing)
[1;36m[Device: id=0] RX[0m: 0.32 Mpps, 2600 Mbit/s (2651 Mbit/s with framing)
[0;34m[Device: id=0] TX[0m: 0.42 Mpps, 3442 Mbit/s (3510 Mbit/s with framing)
[1;36m[Device: id=0] RX[0m: 0.32 Mpps, 2627 Mbit/s (2679 Mbit/s with framing)
[0;34m[Device: id=0] TX[0m: 0.42 Mpps, 3442 Mbit/s (3510 Mbit/s with framing)
[1;36m[Device: id=0] RX[0m: 0.32 Mpps, 2640 Mbit/s (2692 Mbit/s with framing)
[0;34m[Device: id=0] TX[0m: 0.42 Mpps, 3442 Mbit/s (3510 Mbit/s with framing)
[1;36m[Device: id=0] RX[0m: 0.32 Mpps, 2619 Mbit/s (2671 Mbit/s with framing)
[0;34m[Device: id=0] TX[0m: 0.42 Mpps, 3442 Mbit/s (3510 Mbit/s with framing)
[1;36m[Device: id=0] RX[0m: 0.32 Mpps, 2629 Mbit/s (2680 Mbit/s with framing)
[0;34m[Device: id=0] TX[0m: 0.42 Mpps, 3442 Mbit/s (3510 Mbit/s with framing)
[1;36m[Device: id=0] RX[0m: 0.32 Mpps, 2607 Mbit/s (2658 Mbit/s with framing)
[0;34m[Device: id=0] TX[0m: 0.42 Mpps, 3442 Mbit/s (3510 Mbit/s with framing)
[1;36m[Device: id=0] RX[0m: 0.32 Mpps, 2627 Mbit/s (2679 Mbit/s with framing)
[0;34m[Device: id=0] TX[0m: 0.42 Mpps, 3442 Mbit/s (3510 Mbit/s with framing)
[1;36m[Device: id=0] RX[0m: 0.32 Mpps, 2623 Mbit/s (2674 Mbit/s with framing)
[0;34m[Device: id=0] TX[0m: 0.42 Mpps, 3442 Mbit/s (3510 Mbit/s with framing)
[1;36m[Device: id=0] RX[0m: 0.32 Mpps, 2626 Mbit/s (2677 Mbit/s with framing)
[0;34m[Device: id=0] TX[0m: 0.42 Mpps, 3442 Mbit/s (3510 Mbit/s with framing)
[1;36m[Device: id=0] RX[0m: 0.32 Mpps, 2632 Mbit/s (2684 Mbit/s with framing)
[0;34m[Device: id=0] TX[0m: 0.42 Mpps, 3442 Mbit/s (3510 Mbit/s with framing)
[1;36m[Device: id=0] RX[0m: 0.32 Mpps, 2641 Mbit/s (2692 Mbit/s with framing)
[0;34m[Device: id=0] TX[0m: 0.42 Mpps, 3442 Mbit/s (3510 Mbit/s with framing)
[1;36m[Device: id=0] RX[0m: 0.32 Mpps, 2623 Mbit/s (2675 Mbit/s with framing)
[0;34m[Device: id=0] TX[0m: 0.42 Mpps, 3442 Mbit/s (3510 Mbit/s with framing)
[1;36m[Device: id=0] RX[0m: 0.32 Mpps, 2639 Mbit/s (2690 Mbit/s with framing)
[0;34m[Device: id=0] TX[0m: 0.42 Mpps, 3442 Mbit/s (3510 Mbit/s with framing)
[1;36m[Device: id=0] RX[0m: 0.32 Mpps, 2639 Mbit/s (2691 Mbit/s with framing)
[0;34m[Device: id=0] TX[0m: 0.42 Mpps, 3442 Mbit/s (3510 Mbit/s with framing)
[1;36m[Device: id=0] RX[0m: 0.32 Mpps, 2624 Mbit/s (2675 Mbit/s with framing)
[0;34m[Device: id=0] TX[0m: 0.42 Mpps, 3442 Mbit/s (3510 Mbit/s with framing)
[1;36m[Device: id=0] RX[0m: 0.32 Mpps, 2618 Mbit/s (2670 Mbit/s with framing)
[0;34m[Device: id=0] TX[0m: 0.42 Mpps, 3442 Mbit/s (3510 Mbit/s with framing)
[1;36m[Device: id=0] RX[0m: 0.32 Mpps, 2617 Mbit/s (2668 Mbit/s with framing)
[0;34m[Device: id=0] TX[0m: 0.42 Mpps, 3442 Mbit/s (3510 Mbit/s with framing)
[1;36m[Device: id=0] RX[0m: 0.32 Mpps, 2618 Mbit/s (2670 Mbit/s with framing)
[0;34m[Device: id=0] TX[0m: 0.42 Mpps, 3442 Mbit/s (3510 Mbit/s with framing)
[1;36m[Device: id=0] RX[0m: 0.32 Mpps, 2615 Mbit/s (2666 Mbit/s with framing)
[0;34m[Device: id=0] TX[0m: 0.42 Mpps, 3442 Mbit/s (3510 Mbit/s with framing)
[1;36m[Device: id=0] RX[0m: 0.32 Mpps, 2631 Mbit/s (2682 Mbit/s with framing)
[0;34m[Device: id=0] TX[0m: 0.42 Mpps, 3442 Mbit/s (3510 Mbit/s with framing)
[1;36m[Device: id=0] RX[0m: 0.32 Mpps, 2635 Mbit/s (2686 Mbit/s with framing)
[0;34m[Device: id=0] TX[0m: 0.42 Mpps, 3442 Mbit/s (3510 Mbit/s with framing)
[1;36m[Device: id=0] RX[0m: 0.32 Mpps, 2630 Mbit/s (2682 Mbit/s with framing)
[0;34m[Device: id=0] TX[0m: 0.42 Mpps, 3442 Mbit/s (3510 Mbit/s with framing)
[1;36m[Device: id=0] RX[0m: 0.32 Mpps, 2645 Mbit/s (2696 Mbit/s with framing)
[0;34m[Device: id=0] TX[0m: 0.42 Mpps, 3442 Mbit/s (3510 Mbit/s with framing)
[1;36m[Device: id=0] RX[0m: 0.32 Mpps, 2630 Mbit/s (2681 Mbit/s with framing)
[0;34m[Device: id=0] TX[0m: 0.42 Mpps, 3442 Mbit/s (3510 Mbit/s with framing)
[1;36m[Device: id=0] RX[0m: 0.32 Mpps, 2645 Mbit/s (2696 Mbit/s with framing)
[0;34m[Device: id=0] TX[0m: 0.42 Mpps, 3442 Mbit/s (3510 Mbit/s with framing)
[1;36m[Device: id=0] RX[0m: 0.32 Mpps, 2645 Mbit/s (2697 Mbit/s with framing)
[0;34m[Device: id=0] TX[0m: 0.42 Mpps, 3442 Mbit/s (3510 Mbit/s with framing)
[1;36m[Device: id=0] RX[0m: 0.32 Mpps, 2597 Mbit/s (2648 Mbit/s with framing)
[0;34m[Device: id=0] TX[0m: 0.42 Mpps, 3442 Mbit/s (3510 Mbit/s with framing)
[1;36m[Device: id=0] RX[0m: 0.32 Mpps, 2635 Mbit/s (2687 Mbit/s with framing)
[0;34m[Device: id=0] TX[0m: 0.42 Mpps, 3442 Mbit/s (3510 Mbit/s with framing)
Samples: 1630, Average: 6118584.7 ns, StdDev: 162866.2 ns, Quartiles: 6015471.0/6121893.0/6218922.0 ns
[1;37m[INFO]  Saving histogram to '/tmp/histogram.csv'[0m
[1;36m[Device: id=0] RX[0m: 0.27 Mpps, 2206 Mbit/s (2249 Mbit/s with framing)
[1;36m[Device: id=0] RX[0m: 0.32 (StdDev 0.01) Mpps, 2613 (StdDev 79) Mbit/s (2664 Mbit/s with framing), total 9617345 packets with 9846142399 bytes (incl. CRC)
[0;34m[Device: id=0] TX[0m: 0.42 (StdDev 0.00) Mpps, 3442 (StdDev 0) Mbit/s (3510 Mbit/s with framing), total 12601716 packets with 12901835968 bytes (incl. CRC)
