EAL: Detected CPU lcores: 24
EAL: Detected NUMA nodes: 1
EAL: Static memory layout is selected, amount of reserved memory can be adjusted with -m or --socket-mem
EAL: Detected shared linkage of DPDK
EAL: Multi-process socket /var/run/dpdk/rte/mp_socket
EAL: Selected IOVA mode 'PA'
EAL: 512 hugepages of size 2097152 reserved, but no mounted hugetlbfs found for that size
EAL: VFIO support initialized
EAL: Probe PCI driver: net_ice (8086:1592) device: 0000:51:00.0 (socket 0)
ice_load_pkg_type(): Active package is: 1.3.26.0, ICE OS Default Package (single VLAN mode)
TELEMETRY: No legacy callbacks, legacy socket not created
[1;33m[WARN]  malloc() allocates objects >= 1 MiB from LuaJIT memory space.[0m
[1;33m[WARN]  Install libjemalloc if you encounter out of memory errors.[0m
[1;37m[INFO]  Initializing DPDK. This will take a few seconds...[0m
[1;37m[INFO]  Found 1 usable devices:[0m
   Device 0: B4:96:91:B3:8B:04 ([0;32mIntel Corporation Ethernet Controller E810-C for QSFP[0m)
[1;37m[INFO]  Waiting for devices to come up...[0m
[1;37m[INFO]  Device 0 (B4:96:91:B3:8B:04) is up: full-duplex 100000 MBit/s[0m
[1;37m[INFO]  [0;32m1 device is up.[0m[0m
[1;36m[Device: id=0] RX[0m: 0.32 Mpps, 2636 Mbit/s (2688 Mbit/s with framing)
[0;34m[Device: id=0] TX[0m: 0.37 Mpps, 3018 Mbit/s (3077 Mbit/s with framing)
[1;36m[Device: id=0] RX[0m: 0.31 Mpps, 2564 Mbit/s (2614 Mbit/s with framing)
[0;34m[Device: id=0] TX[0m: 0.37 Mpps, 3018 Mbit/s (3077 Mbit/s with framing)
[1;36m[Device: id=0] RX[0m: 0.32 Mpps, 2626 Mbit/s (2677 Mbit/s with framing)
[0;34m[Device: id=0] TX[0m: 0.37 Mpps, 3018 Mbit/s (3077 Mbit/s with framing)
[1;36m[Device: id=0] RX[0m: 0.32 Mpps, 2596 Mbit/s (2647 Mbit/s with framing)
[0;34m[Device: id=0] TX[0m: 0.37 Mpps, 3018 Mbit/s (3077 Mbit/s with framing)
[1;36m[Device: id=0] RX[0m: 0.32 Mpps, 2592 Mbit/s (2643 Mbit/s with framing)
[0;34m[Device: id=0] TX[0m: 0.37 Mpps, 3018 Mbit/s (3077 Mbit/s with framing)
[1;36m[Device: id=0] RX[0m: 0.32 Mpps, 2626 Mbit/s (2677 Mbit/s with framing)
[0;34m[Device: id=0] TX[0m: 0.37 Mpps, 3018 Mbit/s (3077 Mbit/s with framing)
[1;36m[Device: id=0] RX[0m: 0.32 Mpps, 2640 Mbit/s (2692 Mbit/s with framing)
[0;34m[Device: id=0] TX[0m: 0.37 Mpps, 3018 Mbit/s (3077 Mbit/s with framing)
[1;36m[Device: id=0] RX[0m: 0.32 Mpps, 2646 Mbit/s (2697 Mbit/s with framing)
[0;34m[Device: id=0] TX[0m: 0.37 Mpps, 3018 Mbit/s (3077 Mbit/s with framing)
[1;36m[Device: id=0] RX[0m: 0.32 Mpps, 2647 Mbit/s (2699 Mbit/s with framing)
[0;34m[Device: id=0] TX[0m: 0.37 Mpps, 3018 Mbit/s (3077 Mbit/s with framing)
[1;36m[Device: id=0] RX[0m: 0.32 Mpps, 2640 Mbit/s (2692 Mbit/s with framing)
[0;34m[Device: id=0] TX[0m: 0.37 Mpps, 3018 Mbit/s (3077 Mbit/s with framing)
[1;36m[Device: id=0] RX[0m: 0.32 Mpps, 2651 Mbit/s (2702 Mbit/s with framing)
[0;34m[Device: id=0] TX[0m: 0.37 Mpps, 3018 Mbit/s (3077 Mbit/s with framing)
[1;36m[Device: id=0] RX[0m: 0.33 Mpps, 2672 Mbit/s (2724 Mbit/s with framing)
[0;34m[Device: id=0] TX[0m: 0.37 Mpps, 3018 Mbit/s (3077 Mbit/s with framing)
[1;36m[Device: id=0] RX[0m: 0.33 Mpps, 2668 Mbit/s (2720 Mbit/s with framing)
[0;34m[Device: id=0] TX[0m: 0.37 Mpps, 3018 Mbit/s (3077 Mbit/s with framing)
[1;36m[Device: id=0] RX[0m: 0.33 Mpps, 2670 Mbit/s (2722 Mbit/s with framing)
[0;34m[Device: id=0] TX[0m: 0.37 Mpps, 3018 Mbit/s (3077 Mbit/s with framing)
[1;36m[Device: id=0] RX[0m: 0.33 Mpps, 2665 Mbit/s (2717 Mbit/s with framing)
[0;34m[Device: id=0] TX[0m: 0.37 Mpps, 3018 Mbit/s (3077 Mbit/s with framing)
[1;36m[Device: id=0] RX[0m: 0.33 Mpps, 2678 Mbit/s (2730 Mbit/s with framing)
[0;34m[Device: id=0] TX[0m: 0.37 Mpps, 3018 Mbit/s (3077 Mbit/s with framing)
[1;36m[Device: id=0] RX[0m: 0.33 Mpps, 2687 Mbit/s (2740 Mbit/s with framing)
[0;34m[Device: id=0] TX[0m: 0.37 Mpps, 3018 Mbit/s (3077 Mbit/s with framing)
[1;36m[Device: id=0] RX[0m: 0.33 Mpps, 2689 Mbit/s (2742 Mbit/s with framing)
[0;34m[Device: id=0] TX[0m: 0.37 Mpps, 3018 Mbit/s (3077 Mbit/s with framing)
[1;36m[Device: id=0] RX[0m: 0.33 Mpps, 2698 Mbit/s (2750 Mbit/s with framing)
[0;34m[Device: id=0] TX[0m: 0.37 Mpps, 3018 Mbit/s (3077 Mbit/s with framing)
[1;36m[Device: id=0] RX[0m: 0.33 Mpps, 2677 Mbit/s (2729 Mbit/s with framing)
[0;34m[Device: id=0] TX[0m: 0.37 Mpps, 3018 Mbit/s (3077 Mbit/s with framing)
[1;36m[Device: id=0] RX[0m: 0.32 Mpps, 2658 Mbit/s (2710 Mbit/s with framing)
[0;34m[Device: id=0] TX[0m: 0.37 Mpps, 3018 Mbit/s (3077 Mbit/s with framing)
[1;36m[Device: id=0] RX[0m: 0.33 Mpps, 2677 Mbit/s (2730 Mbit/s with framing)
[0;34m[Device: id=0] TX[0m: 0.37 Mpps, 3018 Mbit/s (3077 Mbit/s with framing)
[1;36m[Device: id=0] RX[0m: 0.33 Mpps, 2667 Mbit/s (2720 Mbit/s with framing)
[0;34m[Device: id=0] TX[0m: 0.37 Mpps, 3018 Mbit/s (3077 Mbit/s with framing)
[1;36m[Device: id=0] RX[0m: 0.33 Mpps, 2690 Mbit/s (2742 Mbit/s with framing)
[0;34m[Device: id=0] TX[0m: 0.37 Mpps, 3018 Mbit/s (3077 Mbit/s with framing)
[1;36m[Device: id=0] RX[0m: 0.33 Mpps, 2692 Mbit/s (2745 Mbit/s with framing)
[0;34m[Device: id=0] TX[0m: 0.37 Mpps, 3018 Mbit/s (3077 Mbit/s with framing)
[1;36m[Device: id=0] RX[0m: 0.33 Mpps, 2676 Mbit/s (2728 Mbit/s with framing)
[0;34m[Device: id=0] TX[0m: 0.37 Mpps, 3018 Mbit/s (3077 Mbit/s with framing)
[1;36m[Device: id=0] RX[0m: 0.33 Mpps, 2695 Mbit/s (2748 Mbit/s with framing)
[0;34m[Device: id=0] TX[0m: 0.37 Mpps, 3018 Mbit/s (3077 Mbit/s with framing)
[1;36m[Device: id=0] RX[0m: 0.33 Mpps, 2700 Mbit/s (2753 Mbit/s with framing)
[0;34m[Device: id=0] TX[0m: 0.37 Mpps, 3018 Mbit/s (3077 Mbit/s with framing)
[1;36m[Device: id=0] RX[0m: 0.33 Mpps, 2696 Mbit/s (2749 Mbit/s with framing)
[0;34m[Device: id=0] TX[0m: 0.37 Mpps, 3018 Mbit/s (3077 Mbit/s with framing)
Samples: 2925, Average: 4520130.7 ns, StdDev: 135022.6 ns, Quartiles: 4433721.0/4516361.0/4600709.0 ns
[1;37m[INFO]  Saving histogram to '/tmp/histogram.csv'[0m
[1;36m[Device: id=0] RX[0m: 0.27 Mpps, 2233 Mbit/s (2276 Mbit/s with framing)
[1;36m[Device: id=0] RX[0m: 0.32 (StdDev 0.01) Mpps, 2645 (StdDev 86) Mbit/s (2697 Mbit/s with framing), total 9738112 packets with 9968236861 bytes (incl. CRC)
[0;34m[Device: id=0] TX[0m: 0.37 (StdDev 0.00) Mpps, 3018 (StdDev 0) Mbit/s (3077 Mbit/s with framing), total 11043452 packets with 11305133888 bytes (incl. CRC)
