EAL: Detected CPU lcores: 24
EAL: Detected NUMA nodes: 1
EAL: Static memory layout is selected, amount of reserved memory can be adjusted with -m or --socket-mem
EAL: Detected shared linkage of DPDK
EAL: Multi-process socket /var/run/dpdk/rte/mp_socket
EAL: Selected IOVA mode 'PA'
EAL: 512 hugepages of size 2097152 reserved, but no mounted hugetlbfs found for that size
EAL: VFIO support initialized
EAL: Probe PCI driver: net_ice (8086:1592) device: 0000:51:00.0 (socket 0)
ice_load_pkg_type(): Active package is: 1.3.26.0, ICE OS Default Package (single VLAN mode)
TELEMETRY: No legacy callbacks, legacy socket not created
[1;33m[WARN]  malloc() allocates objects >= 1 MiB from LuaJIT memory space.[0m
[1;33m[WARN]  Install libjemalloc if you encounter out of memory errors.[0m
[1;37m[INFO]  Initializing DPDK. This will take a few seconds...[0m
[1;37m[INFO]  Found 1 usable devices:[0m
   Device 0: B4:96:91:B3:8B:04 ([0;32mIntel Corporation Ethernet Controller E810-C for QSFP[0m)
[1;37m[INFO]  Waiting for devices to come up...[0m
[1;37m[INFO]  Device 0 (B4:96:91:B3:8B:04) is up: full-duplex 100000 MBit/s[0m
[1;37m[INFO]  [0;32m1 device is up.[0m[0m
[1;36m[Device: id=0] RX[0m: 0.66 Mpps, 5366 Mbit/s (5471 Mbit/s with framing)
[0;34m[Device: id=0] TX[0m: 0.84 Mpps, 6885 Mbit/s (7019 Mbit/s with framing)
[1;36m[Device: id=0] RX[0m: 0.65 Mpps, 5360 Mbit/s (5465 Mbit/s with framing)
[0;34m[Device: id=0] TX[0m: 0.84 Mpps, 6885 Mbit/s (7019 Mbit/s with framing)
[1;36m[Device: id=0] RX[0m: 0.65 Mpps, 5364 Mbit/s (5469 Mbit/s with framing)
[0;34m[Device: id=0] TX[0m: 0.84 Mpps, 6885 Mbit/s (7019 Mbit/s with framing)
[1;36m[Device: id=0] RX[0m: 0.65 Mpps, 5356 Mbit/s (5461 Mbit/s with framing)
[0;34m[Device: id=0] TX[0m: 0.84 Mpps, 6885 Mbit/s (7019 Mbit/s with framing)
[1;36m[Device: id=0] RX[0m: 0.65 Mpps, 5317 Mbit/s (5421 Mbit/s with framing)
[0;34m[Device: id=0] TX[0m: 0.84 Mpps, 6885 Mbit/s (7019 Mbit/s with framing)
[1;36m[Device: id=0] RX[0m: 0.65 Mpps, 5352 Mbit/s (5456 Mbit/s with framing)
[0;34m[Device: id=0] TX[0m: 0.84 Mpps, 6885 Mbit/s (7019 Mbit/s with framing)
[1;36m[Device: id=0] RX[0m: 0.66 Mpps, 5377 Mbit/s (5482 Mbit/s with framing)
[0;34m[Device: id=0] TX[0m: 0.84 Mpps, 6885 Mbit/s (7019 Mbit/s with framing)
[1;36m[Device: id=0] RX[0m: 0.66 Mpps, 5365 Mbit/s (5470 Mbit/s with framing)
[0;34m[Device: id=0] TX[0m: 0.84 Mpps, 6885 Mbit/s (7019 Mbit/s with framing)
[1;36m[Device: id=0] RX[0m: 0.65 Mpps, 5340 Mbit/s (5444 Mbit/s with framing)
[0;34m[Device: id=0] TX[0m: 0.84 Mpps, 6885 Mbit/s (7019 Mbit/s with framing)
[1;36m[Device: id=0] RX[0m: 0.65 Mpps, 5295 Mbit/s (5399 Mbit/s with framing)
[0;34m[Device: id=0] TX[0m: 0.84 Mpps, 6885 Mbit/s (7019 Mbit/s with framing)
[1;36m[Device: id=0] RX[0m: 0.65 Mpps, 5356 Mbit/s (5460 Mbit/s with framing)
[0;34m[Device: id=0] TX[0m: 0.84 Mpps, 6885 Mbit/s (7019 Mbit/s with framing)
[1;36m[Device: id=0] RX[0m: 0.65 Mpps, 5349 Mbit/s (5453 Mbit/s with framing)
[0;34m[Device: id=0] TX[0m: 0.84 Mpps, 6885 Mbit/s (7019 Mbit/s with framing)
[1;36m[Device: id=0] RX[0m: 0.66 Mpps, 5369 Mbit/s (5473 Mbit/s with framing)
[0;34m[Device: id=0] TX[0m: 0.84 Mpps, 6885 Mbit/s (7019 Mbit/s with framing)
[1;36m[Device: id=0] RX[0m: 0.65 Mpps, 5354 Mbit/s (5459 Mbit/s with framing)
[0;34m[Device: id=0] TX[0m: 0.84 Mpps, 6885 Mbit/s (7019 Mbit/s with framing)
[1;36m[Device: id=0] RX[0m: 0.65 Mpps, 5305 Mbit/s (5409 Mbit/s with framing)
[0;34m[Device: id=0] TX[0m: 0.84 Mpps, 6885 Mbit/s (7019 Mbit/s with framing)
[1;36m[Device: id=0] RX[0m: 0.66 Mpps, 5384 Mbit/s (5489 Mbit/s with framing)
[0;34m[Device: id=0] TX[0m: 0.84 Mpps, 6885 Mbit/s (7019 Mbit/s with framing)
[1;36m[Device: id=0] RX[0m: 0.66 Mpps, 5396 Mbit/s (5501 Mbit/s with framing)
[0;34m[Device: id=0] TX[0m: 0.84 Mpps, 6885 Mbit/s (7019 Mbit/s with framing)
[1;36m[Device: id=0] RX[0m: 0.66 Mpps, 5379 Mbit/s (5484 Mbit/s with framing)
[0;34m[Device: id=0] TX[0m: 0.84 Mpps, 6885 Mbit/s (7019 Mbit/s with framing)
[1;36m[Device: id=0] RX[0m: 0.66 Mpps, 5372 Mbit/s (5477 Mbit/s with framing)
[0;34m[Device: id=0] TX[0m: 0.84 Mpps, 6885 Mbit/s (7019 Mbit/s with framing)
[1;36m[Device: id=0] RX[0m: 0.65 Mpps, 5312 Mbit/s (5415 Mbit/s with framing)
[0;34m[Device: id=0] TX[0m: 0.84 Mpps, 6885 Mbit/s (7019 Mbit/s with framing)
[1;36m[Device: id=0] RX[0m: 0.66 Mpps, 5379 Mbit/s (5484 Mbit/s with framing)
[0;34m[Device: id=0] TX[0m: 0.84 Mpps, 6885 Mbit/s (7019 Mbit/s with framing)
[1;36m[Device: id=0] RX[0m: 0.66 Mpps, 5394 Mbit/s (5500 Mbit/s with framing)
[0;34m[Device: id=0] TX[0m: 0.84 Mpps, 6885 Mbit/s (7019 Mbit/s with framing)
[1;36m[Device: id=0] RX[0m: 0.66 Mpps, 5376 Mbit/s (5481 Mbit/s with framing)
[0;34m[Device: id=0] TX[0m: 0.84 Mpps, 6885 Mbit/s (7019 Mbit/s with framing)
[1;36m[Device: id=0] RX[0m: 0.66 Mpps, 5383 Mbit/s (5488 Mbit/s with framing)
[0;34m[Device: id=0] TX[0m: 0.84 Mpps, 6885 Mbit/s (7019 Mbit/s with framing)
[1;36m[Device: id=0] RX[0m: 0.63 Mpps, 5148 Mbit/s (5249 Mbit/s with framing)
[0;34m[Device: id=0] TX[0m: 0.84 Mpps, 6885 Mbit/s (7019 Mbit/s with framing)
[1;36m[Device: id=0] RX[0m: 0.65 Mpps, 5342 Mbit/s (5447 Mbit/s with framing)
[0;34m[Device: id=0] TX[0m: 0.84 Mpps, 6885 Mbit/s (7019 Mbit/s with framing)
[1;36m[Device: id=0] RX[0m: 0.65 Mpps, 5345 Mbit/s (5450 Mbit/s with framing)
[0;34m[Device: id=0] TX[0m: 0.84 Mpps, 6885 Mbit/s (7019 Mbit/s with framing)
[1;36m[Device: id=0] RX[0m: 0.65 Mpps, 5359 Mbit/s (5464 Mbit/s with framing)
[0;34m[Device: id=0] TX[0m: 0.84 Mpps, 6885 Mbit/s (7019 Mbit/s with framing)
[1;36m[Device: id=0] RX[0m: 0.66 Mpps, 5371 Mbit/s (5476 Mbit/s with framing)
[0;34m[Device: id=0] TX[0m: 0.84 Mpps, 6885 Mbit/s (7019 Mbit/s with framing)
Samples: 3232, Average: 883748.8 ns, StdDev: 48270.0 ns, Quartiles: 849725.0/880122.0/913460.0 ns
[1;37m[INFO]  Saving histogram to '/tmp/histogram.csv'[0m
[1;36m[Device: id=0] RX[0m: 0.52 Mpps, 4268 Mbit/s (4351 Mbit/s with framing)
[1;36m[Device: id=0] RX[0m: 0.65 (StdDev 0.03) Mpps, 5313 (StdDev 206) Mbit/s (5416 Mbit/s with framing), total 19564251 packets with 20029904638 bytes (incl. CRC)
[0;34m[Device: id=0] TX[0m: 0.84 (StdDev 0.00) Mpps, 6885 (StdDev 0) Mbit/s (7019 Mbit/s with framing), total 25182126 packets with 25782128064 bytes (incl. CRC)
