EAL: Detected CPU lcores: 24
EAL: Detected NUMA nodes: 1
EAL: Static memory layout is selected, amount of reserved memory can be adjusted with -m or --socket-mem
EAL: Detected shared linkage of DPDK
EAL: Multi-process socket /var/run/dpdk/rte/mp_socket
EAL: Selected IOVA mode 'PA'
EAL: 512 hugepages of size 2097152 reserved, but no mounted hugetlbfs found for that size
EAL: VFIO support initialized
EAL: Probe PCI driver: net_ice (8086:1592) device: 0000:51:00.0 (socket 0)
ice_load_pkg_type(): Active package is: 1.3.26.0, ICE OS Default Package (single VLAN mode)
TELEMETRY: No legacy callbacks, legacy socket not created
[1;33m[WARN]  malloc() allocates objects >= 1 MiB from LuaJIT memory space.[0m
[1;33m[WARN]  Install libjemalloc if you encounter out of memory errors.[0m
[1;37m[INFO]  Initializing DPDK. This will take a few seconds...[0m
[1;37m[INFO]  Found 1 usable devices:[0m
   Device 0: B4:96:91:B3:8B:04 ([0;32mIntel Corporation Ethernet Controller E810-C for QSFP[0m)
[1;37m[INFO]  Waiting for devices to come up...[0m
[1;37m[INFO]  Device 0 (B4:96:91:B3:8B:04) is up: full-duplex 100000 MBit/s[0m
[1;37m[INFO]  [0;32m1 device is up.[0m[0m
[1;36m[Device: id=0] RX[0m: 0.36 Mpps, 2975 Mbit/s (3034 Mbit/s with framing)
[0;34m[Device: id=0] TX[0m: 0.58 Mpps, 4717 Mbit/s (4809 Mbit/s with framing)
[1;36m[Device: id=0] RX[0m: 0.36 Mpps, 2953 Mbit/s (3011 Mbit/s with framing)
[0;34m[Device: id=0] TX[0m: 0.58 Mpps, 4717 Mbit/s (4809 Mbit/s with framing)
[1;36m[Device: id=0] RX[0m: 0.36 Mpps, 2952 Mbit/s (3010 Mbit/s with framing)
[0;34m[Device: id=0] TX[0m: 0.58 Mpps, 4717 Mbit/s (4809 Mbit/s with framing)
[1;36m[Device: id=0] RX[0m: 0.33 Mpps, 2681 Mbit/s (2733 Mbit/s with framing)
[0;34m[Device: id=0] TX[0m: 0.58 Mpps, 4717 Mbit/s (4809 Mbit/s with framing)
[1;36m[Device: id=0] RX[0m: 0.36 Mpps, 2944 Mbit/s (3002 Mbit/s with framing)
[0;34m[Device: id=0] TX[0m: 0.58 Mpps, 4717 Mbit/s (4809 Mbit/s with framing)
[1;36m[Device: id=0] RX[0m: 0.36 Mpps, 2947 Mbit/s (3005 Mbit/s with framing)
[0;34m[Device: id=0] TX[0m: 0.58 Mpps, 4717 Mbit/s (4809 Mbit/s with framing)
[1;36m[Device: id=0] RX[0m: 0.36 Mpps, 2949 Mbit/s (3007 Mbit/s with framing)
[0;34m[Device: id=0] TX[0m: 0.58 Mpps, 4717 Mbit/s (4809 Mbit/s with framing)
[1;36m[Device: id=0] RX[0m: 0.36 Mpps, 2957 Mbit/s (3015 Mbit/s with framing)
[0;34m[Device: id=0] TX[0m: 0.58 Mpps, 4717 Mbit/s (4809 Mbit/s with framing)
[1;36m[Device: id=0] RX[0m: 0.36 Mpps, 2948 Mbit/s (3006 Mbit/s with framing)
[0;34m[Device: id=0] TX[0m: 0.58 Mpps, 4717 Mbit/s (4809 Mbit/s with framing)
[1;36m[Device: id=0] RX[0m: 0.36 Mpps, 2975 Mbit/s (3034 Mbit/s with framing)
[0;34m[Device: id=0] TX[0m: 0.58 Mpps, 4717 Mbit/s (4809 Mbit/s with framing)
[1;36m[Device: id=0] RX[0m: 0.36 Mpps, 2972 Mbit/s (3030 Mbit/s with framing)
[0;34m[Device: id=0] TX[0m: 0.58 Mpps, 4717 Mbit/s (4809 Mbit/s with framing)
[1;36m[Device: id=0] RX[0m: 0.36 Mpps, 2969 Mbit/s (3027 Mbit/s with framing)
[0;34m[Device: id=0] TX[0m: 0.58 Mpps, 4717 Mbit/s (4809 Mbit/s with framing)
[1;36m[Device: id=0] RX[0m: 0.36 Mpps, 2985 Mbit/s (3044 Mbit/s with framing)
[0;34m[Device: id=0] TX[0m: 0.58 Mpps, 4717 Mbit/s (4809 Mbit/s with framing)
[1;36m[Device: id=0] RX[0m: 0.36 Mpps, 2952 Mbit/s (3010 Mbit/s with framing)
[0;34m[Device: id=0] TX[0m: 0.58 Mpps, 4717 Mbit/s (4809 Mbit/s with framing)
[1;36m[Device: id=0] RX[0m: 0.36 Mpps, 2965 Mbit/s (3023 Mbit/s with framing)
[0;34m[Device: id=0] TX[0m: 0.58 Mpps, 4717 Mbit/s (4809 Mbit/s with framing)
[1;36m[Device: id=0] RX[0m: 0.36 Mpps, 2958 Mbit/s (3016 Mbit/s with framing)
[0;34m[Device: id=0] TX[0m: 0.58 Mpps, 4717 Mbit/s (4809 Mbit/s with framing)
[1;36m[Device: id=0] RX[0m: 0.36 Mpps, 2955 Mbit/s (3013 Mbit/s with framing)
[0;34m[Device: id=0] TX[0m: 0.58 Mpps, 4717 Mbit/s (4809 Mbit/s with framing)
[1;36m[Device: id=0] RX[0m: 0.36 Mpps, 2955 Mbit/s (3013 Mbit/s with framing)
[0;34m[Device: id=0] TX[0m: 0.58 Mpps, 4717 Mbit/s (4809 Mbit/s with framing)
[1;36m[Device: id=0] RX[0m: 0.36 Mpps, 2942 Mbit/s (2999 Mbit/s with framing)
[0;34m[Device: id=0] TX[0m: 0.58 Mpps, 4717 Mbit/s (4809 Mbit/s with framing)
[1;36m[Device: id=0] RX[0m: 0.36 Mpps, 2946 Mbit/s (3003 Mbit/s with framing)
[0;34m[Device: id=0] TX[0m: 0.58 Mpps, 4717 Mbit/s (4809 Mbit/s with framing)
[1;36m[Device: id=0] RX[0m: 0.36 Mpps, 2956 Mbit/s (3014 Mbit/s with framing)
[0;34m[Device: id=0] TX[0m: 0.58 Mpps, 4717 Mbit/s (4809 Mbit/s with framing)
[1;36m[Device: id=0] RX[0m: 0.36 Mpps, 2967 Mbit/s (3025 Mbit/s with framing)
[0;34m[Device: id=0] TX[0m: 0.58 Mpps, 4717 Mbit/s (4809 Mbit/s with framing)
[1;36m[Device: id=0] RX[0m: 0.36 Mpps, 2970 Mbit/s (3028 Mbit/s with framing)
[0;34m[Device: id=0] TX[0m: 0.58 Mpps, 4717 Mbit/s (4809 Mbit/s with framing)
[1;36m[Device: id=0] RX[0m: 0.36 Mpps, 2944 Mbit/s (3001 Mbit/s with framing)
[0;34m[Device: id=0] TX[0m: 0.58 Mpps, 4717 Mbit/s (4809 Mbit/s with framing)
[1;36m[Device: id=0] RX[0m: 0.36 Mpps, 2944 Mbit/s (3002 Mbit/s with framing)
[0;34m[Device: id=0] TX[0m: 0.58 Mpps, 4717 Mbit/s (4809 Mbit/s with framing)
[1;36m[Device: id=0] RX[0m: 0.36 Mpps, 2952 Mbit/s (3010 Mbit/s with framing)
[0;34m[Device: id=0] TX[0m: 0.58 Mpps, 4717 Mbit/s (4809 Mbit/s with framing)
[1;36m[Device: id=0] RX[0m: 0.36 Mpps, 2950 Mbit/s (3008 Mbit/s with framing)
[0;34m[Device: id=0] TX[0m: 0.58 Mpps, 4717 Mbit/s (4809 Mbit/s with framing)
[1;36m[Device: id=0] RX[0m: 0.36 Mpps, 2953 Mbit/s (3010 Mbit/s with framing)
[0;34m[Device: id=0] TX[0m: 0.58 Mpps, 4717 Mbit/s (4809 Mbit/s with framing)
[1;36m[Device: id=0] RX[0m: 0.36 Mpps, 2947 Mbit/s (3004 Mbit/s with framing)
[0;34m[Device: id=0] TX[0m: 0.58 Mpps, 4717 Mbit/s (4809 Mbit/s with framing)
Samples: 1562, Average: 1478974.6 ns, StdDev: 66357.7 ns, Quartiles: 1455294.0/1483668.0/1503674.0 ns
[1;37m[INFO]  Saving histogram to '/tmp/histogram.csv'[0m
[1;36m[Device: id=0] RX[0m: 0.36 (StdDev 0.01) Mpps, 2946 (StdDev 53) Mbit/s (3004 Mbit/s with framing), total 10775962 packets with 11032302085 bytes (incl. CRC)
[0;34m[Device: id=0] TX[0m: 0.58 (StdDev 0.00) Mpps, 4717 (StdDev 0) Mbit/s (4809 Mbit/s with framing), total 17245585 packets with 17656686400 bytes (incl. CRC)
