EAL: Detected CPU lcores: 24
EAL: Detected NUMA nodes: 1
EAL: Static memory layout is selected, amount of reserved memory can be adjusted with -m or --socket-mem
EAL: Detected shared linkage of DPDK
EAL: Multi-process socket /var/run/dpdk/rte/mp_socket
EAL: Selected IOVA mode 'PA'
EAL: 512 hugepages of size 2097152 reserved, but no mounted hugetlbfs found for that size
EAL: VFIO support initialized
EAL: Probe PCI driver: net_ice (8086:1592) device: 0000:51:00.0 (socket 0)
ice_load_pkg_type(): Active package is: 1.3.26.0, ICE OS Default Package (single VLAN mode)
TELEMETRY: No legacy callbacks, legacy socket not created
[1;33m[WARN]  malloc() allocates objects >= 1 MiB from LuaJIT memory space.[0m
[1;33m[WARN]  Install libjemalloc if you encounter out of memory errors.[0m
[1;37m[INFO]  Initializing DPDK. This will take a few seconds...[0m
[1;37m[INFO]  Found 1 usable devices:[0m
   Device 0: B4:96:91:B3:8B:04 ([0;32mIntel Corporation Ethernet Controller E810-C for QSFP[0m)
[1;37m[INFO]  Waiting for devices to come up...[0m
[1;37m[INFO]  Device 0 (B4:96:91:B3:8B:04) is up: full-duplex 100000 MBit/s[0m
[1;37m[INFO]  [0;32m1 device is up.[0m[0m
[1;36m[Device: id=0] RX[0m: 0.37 Mpps, 3039 Mbit/s (3098 Mbit/s with framing)
[0;34m[Device: id=0] TX[0m: 0.63 Mpps, 5156 Mbit/s (5257 Mbit/s with framing)
[1;36m[Device: id=0] RX[0m: 0.37 Mpps, 3039 Mbit/s (3098 Mbit/s with framing)
[0;34m[Device: id=0] TX[0m: 0.63 Mpps, 5156 Mbit/s (5257 Mbit/s with framing)
[1;36m[Device: id=0] RX[0m: 0.37 Mpps, 3052 Mbit/s (3112 Mbit/s with framing)
[0;34m[Device: id=0] TX[0m: 0.63 Mpps, 5156 Mbit/s (5257 Mbit/s with framing)
[1;36m[Device: id=0] RX[0m: 0.37 Mpps, 3044 Mbit/s (3103 Mbit/s with framing)
[0;34m[Device: id=0] TX[0m: 0.63 Mpps, 5156 Mbit/s (5257 Mbit/s with framing)
[1;36m[Device: id=0] RX[0m: 0.37 Mpps, 3045 Mbit/s (3105 Mbit/s with framing)
[0;34m[Device: id=0] TX[0m: 0.63 Mpps, 5156 Mbit/s (5257 Mbit/s with framing)
[1;36m[Device: id=0] RX[0m: 0.37 Mpps, 2996 Mbit/s (3055 Mbit/s with framing)
[0;34m[Device: id=0] TX[0m: 0.63 Mpps, 5156 Mbit/s (5257 Mbit/s with framing)
[1;36m[Device: id=0] RX[0m: 0.36 Mpps, 2933 Mbit/s (2990 Mbit/s with framing)
[0;34m[Device: id=0] TX[0m: 0.63 Mpps, 5156 Mbit/s (5257 Mbit/s with framing)
[1;36m[Device: id=0] RX[0m: 0.36 Mpps, 2954 Mbit/s (3011 Mbit/s with framing)
[0;34m[Device: id=0] TX[0m: 0.63 Mpps, 5156 Mbit/s (5257 Mbit/s with framing)
[1;36m[Device: id=0] RX[0m: 0.36 Mpps, 2939 Mbit/s (2997 Mbit/s with framing)
[0;34m[Device: id=0] TX[0m: 0.63 Mpps, 5156 Mbit/s (5257 Mbit/s with framing)
[1;36m[Device: id=0] RX[0m: 0.36 Mpps, 2958 Mbit/s (3016 Mbit/s with framing)
[0;34m[Device: id=0] TX[0m: 0.63 Mpps, 5156 Mbit/s (5257 Mbit/s with framing)
[1;36m[Device: id=0] RX[0m: 0.36 Mpps, 2946 Mbit/s (3003 Mbit/s with framing)
[0;34m[Device: id=0] TX[0m: 0.63 Mpps, 5156 Mbit/s (5257 Mbit/s with framing)
[1;36m[Device: id=0] RX[0m: 0.37 Mpps, 3016 Mbit/s (3075 Mbit/s with framing)
[0;34m[Device: id=0] TX[0m: 0.63 Mpps, 5156 Mbit/s (5257 Mbit/s with framing)
[1;36m[Device: id=0] RX[0m: 0.37 Mpps, 3024 Mbit/s (3083 Mbit/s with framing)
[0;34m[Device: id=0] TX[0m: 0.63 Mpps, 5156 Mbit/s (5257 Mbit/s with framing)
[1;36m[Device: id=0] RX[0m: 0.37 Mpps, 2999 Mbit/s (3058 Mbit/s with framing)
[0;34m[Device: id=0] TX[0m: 0.63 Mpps, 5156 Mbit/s (5257 Mbit/s with framing)
[1;36m[Device: id=0] RX[0m: 0.36 Mpps, 2971 Mbit/s (3029 Mbit/s with framing)
[0;34m[Device: id=0] TX[0m: 0.63 Mpps, 5156 Mbit/s (5257 Mbit/s with framing)
[1;36m[Device: id=0] RX[0m: 0.36 Mpps, 2966 Mbit/s (3024 Mbit/s with framing)
[0;34m[Device: id=0] TX[0m: 0.63 Mpps, 5156 Mbit/s (5257 Mbit/s with framing)
[1;36m[Device: id=0] RX[0m: 0.36 Mpps, 2976 Mbit/s (3034 Mbit/s with framing)
[0;34m[Device: id=0] TX[0m: 0.63 Mpps, 5156 Mbit/s (5257 Mbit/s with framing)
[1;36m[Device: id=0] RX[0m: 0.36 Mpps, 2959 Mbit/s (3017 Mbit/s with framing)
[0;34m[Device: id=0] TX[0m: 0.63 Mpps, 5156 Mbit/s (5257 Mbit/s with framing)
[1;36m[Device: id=0] RX[0m: 0.36 Mpps, 2968 Mbit/s (3026 Mbit/s with framing)
[0;34m[Device: id=0] TX[0m: 0.63 Mpps, 5156 Mbit/s (5257 Mbit/s with framing)
[1;36m[Device: id=0] RX[0m: 0.36 Mpps, 2970 Mbit/s (3028 Mbit/s with framing)
[0;34m[Device: id=0] TX[0m: 0.63 Mpps, 5156 Mbit/s (5257 Mbit/s with framing)
[1;36m[Device: id=0] RX[0m: 0.36 Mpps, 2957 Mbit/s (3015 Mbit/s with framing)
[0;34m[Device: id=0] TX[0m: 0.63 Mpps, 5156 Mbit/s (5257 Mbit/s with framing)
[1;36m[Device: id=0] RX[0m: 0.36 Mpps, 2947 Mbit/s (3004 Mbit/s with framing)
[0;34m[Device: id=0] TX[0m: 0.63 Mpps, 5156 Mbit/s (5257 Mbit/s with framing)
[1;36m[Device: id=0] RX[0m: 0.36 Mpps, 2969 Mbit/s (3027 Mbit/s with framing)
[0;34m[Device: id=0] TX[0m: 0.63 Mpps, 5156 Mbit/s (5257 Mbit/s with framing)
[1;36m[Device: id=0] RX[0m: 0.37 Mpps, 3000 Mbit/s (3059 Mbit/s with framing)
[0;34m[Device: id=0] TX[0m: 0.63 Mpps, 5156 Mbit/s (5257 Mbit/s with framing)
[1;36m[Device: id=0] RX[0m: 0.36 Mpps, 2953 Mbit/s (3011 Mbit/s with framing)
[0;34m[Device: id=0] TX[0m: 0.63 Mpps, 5156 Mbit/s (5257 Mbit/s with framing)
[1;36m[Device: id=0] RX[0m: 0.36 Mpps, 2929 Mbit/s (2987 Mbit/s with framing)
[0;34m[Device: id=0] TX[0m: 0.63 Mpps, 5156 Mbit/s (5257 Mbit/s with framing)
[1;36m[Device: id=0] RX[0m: 0.36 Mpps, 2931 Mbit/s (2988 Mbit/s with framing)
[0;34m[Device: id=0] TX[0m: 0.63 Mpps, 5156 Mbit/s (5257 Mbit/s with framing)
[1;36m[Device: id=0] RX[0m: 0.36 Mpps, 2946 Mbit/s (3004 Mbit/s with framing)
[0;34m[Device: id=0] TX[0m: 0.63 Mpps, 5156 Mbit/s (5257 Mbit/s with framing)
[1;36m[Device: id=0] RX[0m: 0.36 Mpps, 2938 Mbit/s (2996 Mbit/s with framing)
[0;34m[Device: id=0] TX[0m: 0.63 Mpps, 5156 Mbit/s (5257 Mbit/s with framing)
Samples: 1277, Average: 1504214.5 ns, StdDev: 60516.8 ns, Quartiles: 1472051.0/1504931.0/1541912.0 ns
[1;37m[INFO]  Saving histogram to '/tmp/histogram.csv'[0m
[1;36m[Device: id=0] RX[0m: 0.29 Mpps, 2389 Mbit/s (2436 Mbit/s with framing)
[1;36m[Device: id=0] RX[0m: 0.36 (StdDev 0.01) Mpps, 2956 (StdDev 115) Mbit/s (3013 Mbit/s with framing), total 10890138 packets with 11149488798 bytes (incl. CRC)
[0;34m[Device: id=0] TX[0m: 0.63 (StdDev 0.00) Mpps, 5156 (StdDev 0) Mbit/s (5257 Mbit/s with framing), total 18859276 packets with 19309353664 bytes (incl. CRC)
