EAL: Detected CPU lcores: 24
EAL: Detected NUMA nodes: 1
EAL: Static memory layout is selected, amount of reserved memory can be adjusted with -m or --socket-mem
EAL: Detected shared linkage of DPDK
EAL: Multi-process socket /var/run/dpdk/rte/mp_socket
EAL: Selected IOVA mode 'PA'
EAL: 512 hugepages of size 2097152 reserved, but no mounted hugetlbfs found for that size
EAL: Probe PCI driver: net_ice (8086:1592) device: 0000:51:00.0 (socket 0)
ice_load_pkg_type(): Active package is: 1.3.26.0, ICE OS Default Package (single VLAN mode)
TELEMETRY: No legacy callbacks, legacy socket not created
[1;33m[WARN]  malloc() allocates objects >= 1 MiB from LuaJIT memory space.[0m
[1;33m[WARN]  Install libjemalloc if you encounter out of memory errors.[0m
[1;37m[INFO]  Initializing DPDK. This will take a few seconds...[0m
[1;37m[INFO]  Found 1 usable devices:[0m
   Device 0: B4:96:91:B3:8B:04 ([0;32mIntel Corporation Ethernet Controller E810-C for QSFP[0m)
[1;37m[INFO]  Waiting for devices to come up...[0m
[1;37m[INFO]  Device 0 (B4:96:91:B3:8B:04) is up: full-duplex 100000 MBit/s[0m
[1;37m[INFO]  [0;32m1 device is up.[0m[0m
[1;36m[Device: id=0] RX[0m: 0.28 Mpps, 2322 Mbit/s (2367 Mbit/s with framing)
[0;34m[Device: id=0] TX[0m: 0.31 Mpps, 2578 Mbit/s (2628 Mbit/s with framing)
[1;36m[Device: id=0] RX[0m: 0.28 Mpps, 2304 Mbit/s (2349 Mbit/s with framing)
[0;34m[Device: id=0] TX[0m: 0.32 Mpps, 2579 Mbit/s (2629 Mbit/s with framing)
[1;36m[Device: id=0] RX[0m: 0.28 Mpps, 2305 Mbit/s (2350 Mbit/s with framing)
[0;34m[Device: id=0] TX[0m: 0.32 Mpps, 2579 Mbit/s (2629 Mbit/s with framing)
[1;36m[Device: id=0] RX[0m: 0.28 Mpps, 2307 Mbit/s (2352 Mbit/s with framing)
[0;34m[Device: id=0] TX[0m: 0.32 Mpps, 2579 Mbit/s (2629 Mbit/s with framing)
[1;36m[Device: id=0] RX[0m: 0.28 Mpps, 2313 Mbit/s (2359 Mbit/s with framing)
[0;34m[Device: id=0] TX[0m: 0.32 Mpps, 2579 Mbit/s (2629 Mbit/s with framing)
[1;36m[Device: id=0] RX[0m: 0.28 Mpps, 2295 Mbit/s (2340 Mbit/s with framing)
[0;34m[Device: id=0] TX[0m: 0.32 Mpps, 2578 Mbit/s (2629 Mbit/s with framing)
[1;36m[Device: id=0] RX[0m: 0.28 Mpps, 2314 Mbit/s (2359 Mbit/s with framing)
[0;34m[Device: id=0] TX[0m: 0.32 Mpps, 2579 Mbit/s (2629 Mbit/s with framing)
[1;36m[Device: id=0] RX[0m: 0.28 Mpps, 2317 Mbit/s (2362 Mbit/s with framing)
[0;34m[Device: id=0] TX[0m: 0.32 Mpps, 2579 Mbit/s (2629 Mbit/s with framing)
[1;36m[Device: id=0] RX[0m: 0.28 Mpps, 2322 Mbit/s (2368 Mbit/s with framing)
[0;34m[Device: id=0] TX[0m: 0.32 Mpps, 2579 Mbit/s (2629 Mbit/s with framing)
[1;36m[Device: id=0] RX[0m: 0.28 Mpps, 2316 Mbit/s (2361 Mbit/s with framing)
[0;34m[Device: id=0] TX[0m: 0.32 Mpps, 2579 Mbit/s (2629 Mbit/s with framing)
[1;36m[Device: id=0] RX[0m: 0.29 Mpps, 2340 Mbit/s (2386 Mbit/s with framing)
[0;34m[Device: id=0] TX[0m: 0.32 Mpps, 2579 Mbit/s (2629 Mbit/s with framing)
[1;36m[Device: id=0] RX[0m: 0.30 Mpps, 2444 Mbit/s (2492 Mbit/s with framing)
[0;34m[Device: id=0] TX[0m: 0.32 Mpps, 2579 Mbit/s (2629 Mbit/s with framing)
[1;36m[Device: id=0] RX[0m: 0.31 Mpps, 2508 Mbit/s (2557 Mbit/s with framing)
[0;34m[Device: id=0] TX[0m: 0.32 Mpps, 2578 Mbit/s (2629 Mbit/s with framing)
[1;36m[Device: id=0] RX[0m: 0.31 Mpps, 2503 Mbit/s (2552 Mbit/s with framing)
[0;34m[Device: id=0] TX[0m: 0.32 Mpps, 2578 Mbit/s (2629 Mbit/s with framing)
[1;36m[Device: id=0] RX[0m: 0.30 Mpps, 2480 Mbit/s (2529 Mbit/s with framing)
[0;34m[Device: id=0] TX[0m: 0.32 Mpps, 2579 Mbit/s (2629 Mbit/s with framing)
[1;36m[Device: id=0] RX[0m: 0.30 Mpps, 2456 Mbit/s (2504 Mbit/s with framing)
[0;34m[Device: id=0] TX[0m: 0.32 Mpps, 2579 Mbit/s (2629 Mbit/s with framing)
[1;36m[Device: id=0] RX[0m: 0.30 Mpps, 2485 Mbit/s (2534 Mbit/s with framing)
[0;34m[Device: id=0] TX[0m: 0.32 Mpps, 2578 Mbit/s (2629 Mbit/s with framing)
[1;36m[Device: id=0] RX[0m: 0.31 Mpps, 2495 Mbit/s (2544 Mbit/s with framing)
[0;34m[Device: id=0] TX[0m: 0.32 Mpps, 2579 Mbit/s (2629 Mbit/s with framing)
[1;36m[Device: id=0] RX[0m: 0.31 Mpps, 2495 Mbit/s (2543 Mbit/s with framing)
[0;34m[Device: id=0] TX[0m: 0.32 Mpps, 2579 Mbit/s (2629 Mbit/s with framing)
[1;36m[Device: id=0] RX[0m: 0.30 Mpps, 2466 Mbit/s (2515 Mbit/s with framing)
[0;34m[Device: id=0] TX[0m: 0.32 Mpps, 2579 Mbit/s (2629 Mbit/s with framing)
[1;36m[Device: id=0] RX[0m: 0.30 Mpps, 2470 Mbit/s (2518 Mbit/s with framing)
[0;34m[Device: id=0] TX[0m: 0.32 Mpps, 2578 Mbit/s (2629 Mbit/s with framing)
[1;36m[Device: id=0] RX[0m: 0.30 Mpps, 2488 Mbit/s (2537 Mbit/s with framing)
[0;34m[Device: id=0] TX[0m: 0.32 Mpps, 2578 Mbit/s (2629 Mbit/s with framing)
[1;36m[Device: id=0] RX[0m: 0.30 Mpps, 2487 Mbit/s (2536 Mbit/s with framing)
[0;34m[Device: id=0] TX[0m: 0.32 Mpps, 2579 Mbit/s (2629 Mbit/s with framing)
[1;36m[Device: id=0] RX[0m: 0.30 Mpps, 2490 Mbit/s (2539 Mbit/s with framing)
[0;34m[Device: id=0] TX[0m: 0.32 Mpps, 2579 Mbit/s (2629 Mbit/s with framing)
[1;36m[Device: id=0] RX[0m: 0.30 Mpps, 2489 Mbit/s (2537 Mbit/s with framing)
[0;34m[Device: id=0] TX[0m: 0.32 Mpps, 2578 Mbit/s (2629 Mbit/s with framing)
[1;36m[Device: id=0] RX[0m: 0.30 Mpps, 2465 Mbit/s (2513 Mbit/s with framing)
[0;34m[Device: id=0] TX[0m: 0.32 Mpps, 2578 Mbit/s (2629 Mbit/s with framing)
[1;36m[Device: id=0] RX[0m: 0.30 Mpps, 2493 Mbit/s (2542 Mbit/s with framing)
[0;34m[Device: id=0] TX[0m: 0.32 Mpps, 2579 Mbit/s (2629 Mbit/s with framing)
[1;36m[Device: id=0] RX[0m: 0.30 Mpps, 2488 Mbit/s (2537 Mbit/s with framing)
[0;34m[Device: id=0] TX[0m: 0.32 Mpps, 2578 Mbit/s (2629 Mbit/s with framing)
[1;36m[Device: id=0] RX[0m: 0.31 Mpps, 2498 Mbit/s (2547 Mbit/s with framing)
[0;34m[Device: id=0] TX[0m: 0.32 Mpps, 2578 Mbit/s (2629 Mbit/s with framing)
Samples: 20959, Average: 726541.1 ns, StdDev: 95145.4 ns, Quartiles: 667734.0/697761.0/734275.0 ns
[1;37m[INFO]  Saving histogram to '/tmp/histogram.csv'[0m
[1;36m[Device: id=0] RX[0m: 0.25 Mpps, 2064 Mbit/s (2104 Mbit/s with framing)
[1;36m[Device: id=0] RX[0m: 0.29 (StdDev 0.01) Mpps, 2410 (StdDev 106) Mbit/s (2457 Mbit/s with framing), total 8880234 packets with 9072784368 bytes (incl. CRC)
[0;34m[Device: id=0] TX[0m: 0.32 (StdDev 0.00) Mpps, 2579 (StdDev 0) Mbit/s (2629 Mbit/s with framing), total 9455569 packets with 9662382016 bytes (incl. CRC)
