EAL: Detected CPU lcores: 24
EAL: Detected NUMA nodes: 1
EAL: Static memory layout is selected, amount of reserved memory can be adjusted with -m or --socket-mem
EAL: Detected shared linkage of DPDK
EAL: Multi-process socket /var/run/dpdk/rte/mp_socket
EAL: Selected IOVA mode 'PA'
EAL: 512 hugepages of size 2097152 reserved, but no mounted hugetlbfs found for that size
EAL: VFIO support initialized
EAL: Probe PCI driver: net_ice (8086:1592) device: 0000:51:00.0 (socket 0)
ice_load_pkg_type(): Active package is: 1.3.26.0, ICE OS Default Package (single VLAN mode)
TELEMETRY: No legacy callbacks, legacy socket not created
[1;33m[WARN]  malloc() allocates objects >= 1 MiB from LuaJIT memory space.[0m
[1;33m[WARN]  Install libjemalloc if you encounter out of memory errors.[0m
[1;37m[INFO]  Initializing DPDK. This will take a few seconds...[0m
[1;37m[INFO]  Found 1 usable devices:[0m
   Device 0: B4:96:91:B3:8B:04 ([0;32mIntel Corporation Ethernet Controller E810-C for QSFP[0m)
[1;37m[INFO]  Waiting for devices to come up...[0m
[1;37m[INFO]  Device 0 (B4:96:91:B3:8B:04) is up: full-duplex 100000 MBit/s[0m
[1;37m[INFO]  [0;32m1 device is up.[0m[0m
[1;36m[Device: id=0] RX[0m: 0.67 Mpps, 5490 Mbit/s (5597 Mbit/s with framing)
[0;34m[Device: id=0] TX[0m: 0.68 Mpps, 5596 Mbit/s (5705 Mbit/s with framing)
[1;36m[Device: id=0] RX[0m: 0.67 Mpps, 5455 Mbit/s (5562 Mbit/s with framing)
[0;34m[Device: id=0] TX[0m: 0.68 Mpps, 5596 Mbit/s (5706 Mbit/s with framing)
[1;36m[Device: id=0] RX[0m: 0.67 Mpps, 5442 Mbit/s (5548 Mbit/s with framing)
[0;34m[Device: id=0] TX[0m: 0.68 Mpps, 5596 Mbit/s (5706 Mbit/s with framing)
[1;36m[Device: id=0] RX[0m: 0.66 Mpps, 5374 Mbit/s (5479 Mbit/s with framing)
[0;34m[Device: id=0] TX[0m: 0.68 Mpps, 5596 Mbit/s (5705 Mbit/s with framing)
[1;36m[Device: id=0] RX[0m: 0.66 Mpps, 5374 Mbit/s (5479 Mbit/s with framing)
[0;34m[Device: id=0] TX[0m: 0.68 Mpps, 5596 Mbit/s (5706 Mbit/s with framing)
[1;36m[Device: id=0] RX[0m: 0.66 Mpps, 5381 Mbit/s (5487 Mbit/s with framing)
[0;34m[Device: id=0] TX[0m: 0.68 Mpps, 5596 Mbit/s (5705 Mbit/s with framing)
[1;36m[Device: id=0] RX[0m: 0.66 Mpps, 5394 Mbit/s (5499 Mbit/s with framing)
[0;34m[Device: id=0] TX[0m: 0.68 Mpps, 5596 Mbit/s (5705 Mbit/s with framing)
[1;36m[Device: id=0] RX[0m: 0.66 Mpps, 5391 Mbit/s (5496 Mbit/s with framing)
[0;34m[Device: id=0] TX[0m: 0.68 Mpps, 5596 Mbit/s (5706 Mbit/s with framing)
[1;36m[Device: id=0] RX[0m: 0.65 Mpps, 5344 Mbit/s (5449 Mbit/s with framing)
[0;34m[Device: id=0] TX[0m: 0.68 Mpps, 5596 Mbit/s (5706 Mbit/s with framing)
[1;36m[Device: id=0] RX[0m: 0.66 Mpps, 5377 Mbit/s (5483 Mbit/s with framing)
[0;34m[Device: id=0] TX[0m: 0.68 Mpps, 5596 Mbit/s (5706 Mbit/s with framing)
[1;36m[Device: id=0] RX[0m: 0.66 Mpps, 5386 Mbit/s (5492 Mbit/s with framing)
[0;34m[Device: id=0] TX[0m: 0.68 Mpps, 5596 Mbit/s (5706 Mbit/s with framing)
[1;36m[Device: id=0] RX[0m: 0.65 Mpps, 5357 Mbit/s (5462 Mbit/s with framing)
[0;34m[Device: id=0] TX[0m: 0.68 Mpps, 5596 Mbit/s (5705 Mbit/s with framing)
[1;36m[Device: id=0] RX[0m: 0.66 Mpps, 5393 Mbit/s (5499 Mbit/s with framing)
[0;34m[Device: id=0] TX[0m: 0.68 Mpps, 5596 Mbit/s (5706 Mbit/s with framing)
[1;36m[Device: id=0] RX[0m: 0.65 Mpps, 5332 Mbit/s (5436 Mbit/s with framing)
[0;34m[Device: id=0] TX[0m: 0.68 Mpps, 5596 Mbit/s (5705 Mbit/s with framing)
[1;36m[Device: id=0] RX[0m: 0.64 Mpps, 5249 Mbit/s (5351 Mbit/s with framing)
[0;34m[Device: id=0] TX[0m: 0.68 Mpps, 5596 Mbit/s (5705 Mbit/s with framing)
[1;36m[Device: id=0] RX[0m: 0.64 Mpps, 5248 Mbit/s (5350 Mbit/s with framing)
[0;34m[Device: id=0] TX[0m: 0.68 Mpps, 5596 Mbit/s (5705 Mbit/s with framing)
[1;36m[Device: id=0] RX[0m: 0.64 Mpps, 5261 Mbit/s (5364 Mbit/s with framing)
[0;34m[Device: id=0] TX[0m: 0.68 Mpps, 5596 Mbit/s (5705 Mbit/s with framing)
[1;36m[Device: id=0] RX[0m: 0.64 Mpps, 5230 Mbit/s (5332 Mbit/s with framing)
[0;34m[Device: id=0] TX[0m: 0.68 Mpps, 5596 Mbit/s (5705 Mbit/s with framing)
[1;36m[Device: id=0] RX[0m: 0.64 Mpps, 5238 Mbit/s (5340 Mbit/s with framing)
[0;34m[Device: id=0] TX[0m: 0.68 Mpps, 5596 Mbit/s (5705 Mbit/s with framing)
[1;36m[Device: id=0] RX[0m: 0.63 Mpps, 5164 Mbit/s (5265 Mbit/s with framing)
[0;34m[Device: id=0] TX[0m: 0.68 Mpps, 5596 Mbit/s (5705 Mbit/s with framing)
[1;36m[Device: id=0] RX[0m: 0.63 Mpps, 5187 Mbit/s (5289 Mbit/s with framing)
[0;34m[Device: id=0] TX[0m: 0.68 Mpps, 5596 Mbit/s (5705 Mbit/s with framing)
[1;36m[Device: id=0] RX[0m: 0.63 Mpps, 5191 Mbit/s (5292 Mbit/s with framing)
[0;34m[Device: id=0] TX[0m: 0.68 Mpps, 5596 Mbit/s (5705 Mbit/s with framing)
[1;36m[Device: id=0] RX[0m: 0.63 Mpps, 5191 Mbit/s (5292 Mbit/s with framing)
[0;34m[Device: id=0] TX[0m: 0.68 Mpps, 5596 Mbit/s (5705 Mbit/s with framing)
[1;36m[Device: id=0] RX[0m: 0.63 Mpps, 5183 Mbit/s (5284 Mbit/s with framing)
[0;34m[Device: id=0] TX[0m: 0.68 Mpps, 5596 Mbit/s (5705 Mbit/s with framing)
[1;36m[Device: id=0] RX[0m: 0.63 Mpps, 5193 Mbit/s (5294 Mbit/s with framing)
[0;34m[Device: id=0] TX[0m: 0.68 Mpps, 5596 Mbit/s (5705 Mbit/s with framing)
[1;36m[Device: id=0] RX[0m: 0.64 Mpps, 5203 Mbit/s (5305 Mbit/s with framing)
[0;34m[Device: id=0] TX[0m: 0.68 Mpps, 5596 Mbit/s (5705 Mbit/s with framing)
[1;36m[Device: id=0] RX[0m: 0.63 Mpps, 5194 Mbit/s (5296 Mbit/s with framing)
[0;34m[Device: id=0] TX[0m: 0.68 Mpps, 5596 Mbit/s (5705 Mbit/s with framing)
[1;36m[Device: id=0] RX[0m: 0.63 Mpps, 5197 Mbit/s (5298 Mbit/s with framing)
[0;34m[Device: id=0] TX[0m: 0.68 Mpps, 5596 Mbit/s (5705 Mbit/s with framing)
[1;36m[Device: id=0] RX[0m: 0.63 Mpps, 5185 Mbit/s (5287 Mbit/s with framing)
[0;34m[Device: id=0] TX[0m: 0.68 Mpps, 5596 Mbit/s (5705 Mbit/s with framing)
Samples: 14923, Average: 488252.6 ns, StdDev: 173666.6 ns, Quartiles: 366189.0/413847.0/593394.0 ns
[1;37m[INFO]  Saving histogram to '/tmp/histogram.csv'[0m
[1;36m[Device: id=0] RX[0m: 0.52 Mpps, 4222 Mbit/s (4305 Mbit/s with framing)
[1;36m[Device: id=0] RX[0m: 0.64 (StdDev 0.03) Mpps, 5253 (StdDev 219) Mbit/s (5356 Mbit/s with framing), total 19380554 packets with 19830571698 bytes (incl. CRC)
[0;34m[Device: id=0] TX[0m: 0.68 (StdDev 0.00) Mpps, 5596 (StdDev 0) Mbit/s (5705 Mbit/s with framing), total 20488141 packets with 20964711424 bytes (incl. CRC)
