EAL: Detected CPU lcores: 24
EAL: Detected NUMA nodes: 1
EAL: Static memory layout is selected, amount of reserved memory can be adjusted with -m or --socket-mem
EAL: Detected shared linkage of DPDK
EAL: Multi-process socket /var/run/dpdk/rte/mp_socket
EAL: Selected IOVA mode 'PA'
EAL: 512 hugepages of size 2097152 reserved, but no mounted hugetlbfs found for that size
EAL: VFIO support initialized
EAL: Probe PCI driver: net_ice (8086:1592) device: 0000:51:00.0 (socket 0)
ice_load_pkg_type(): Active package is: 1.3.26.0, ICE OS Default Package (single VLAN mode)
TELEMETRY: No legacy callbacks, legacy socket not created
[1;33m[WARN]  malloc() allocates objects >= 1 MiB from LuaJIT memory space.[0m
[1;33m[WARN]  Install libjemalloc if you encounter out of memory errors.[0m
[1;37m[INFO]  Initializing DPDK. This will take a few seconds...[0m
[1;37m[INFO]  Found 1 usable devices:[0m
   Device 0: B4:96:91:B3:8B:04 ([0;32mIntel Corporation Ethernet Controller E810-C for QSFP[0m)
[1;37m[INFO]  Waiting for devices to come up...[0m
[1;37m[INFO]  Device 0 (B4:96:91:B3:8B:04) is up: full-duplex 100000 MBit/s[0m
[1;37m[INFO]  [0;32m1 device is up.[0m[0m
[1;36m[Device: id=0] RX[0m: 0.62 Mpps, 5069 Mbit/s (5168 Mbit/s with framing)
[0;34m[Device: id=0] TX[0m: 0.74 Mpps, 6035 Mbit/s (6153 Mbit/s with framing)
[1;36m[Device: id=0] RX[0m: 0.62 Mpps, 5068 Mbit/s (5167 Mbit/s with framing)
[0;34m[Device: id=0] TX[0m: 0.74 Mpps, 6036 Mbit/s (6155 Mbit/s with framing)
[1;36m[Device: id=0] RX[0m: 0.62 Mpps, 5054 Mbit/s (5153 Mbit/s with framing)
[0;34m[Device: id=0] TX[0m: 0.74 Mpps, 6036 Mbit/s (6155 Mbit/s with framing)
[1;36m[Device: id=0] RX[0m: 0.61 Mpps, 5012 Mbit/s (5111 Mbit/s with framing)
[0;34m[Device: id=0] TX[0m: 0.74 Mpps, 6036 Mbit/s (6154 Mbit/s with framing)
[1;36m[Device: id=0] RX[0m: 0.61 Mpps, 5001 Mbit/s (5099 Mbit/s with framing)
[0;34m[Device: id=0] TX[0m: 0.74 Mpps, 6036 Mbit/s (6155 Mbit/s with framing)
[1;36m[Device: id=0] RX[0m: 0.61 Mpps, 5013 Mbit/s (5111 Mbit/s with framing)
[0;34m[Device: id=0] TX[0m: 0.74 Mpps, 6036 Mbit/s (6154 Mbit/s with framing)
[1;36m[Device: id=0] RX[0m: 0.62 Mpps, 5023 Mbit/s (5121 Mbit/s with framing)
[0;34m[Device: id=0] TX[0m: 0.74 Mpps, 6036 Mbit/s (6155 Mbit/s with framing)
[1;36m[Device: id=0] RX[0m: 0.62 Mpps, 5024 Mbit/s (5123 Mbit/s with framing)
[0;34m[Device: id=0] TX[0m: 0.74 Mpps, 6036 Mbit/s (6154 Mbit/s with framing)
[1;36m[Device: id=0] RX[0m: 0.62 Mpps, 5040 Mbit/s (5139 Mbit/s with framing)
[0;34m[Device: id=0] TX[0m: 0.74 Mpps, 6036 Mbit/s (6155 Mbit/s with framing)
[1;36m[Device: id=0] RX[0m: 0.62 Mpps, 5065 Mbit/s (5164 Mbit/s with framing)
[0;34m[Device: id=0] TX[0m: 0.74 Mpps, 6036 Mbit/s (6154 Mbit/s with framing)
[1;36m[Device: id=0] RX[0m: 0.62 Mpps, 5077 Mbit/s (5176 Mbit/s with framing)
[0;34m[Device: id=0] TX[0m: 0.74 Mpps, 6036 Mbit/s (6155 Mbit/s with framing)
[1;36m[Device: id=0] RX[0m: 0.62 Mpps, 5071 Mbit/s (5171 Mbit/s with framing)
[0;34m[Device: id=0] TX[0m: 0.74 Mpps, 6036 Mbit/s (6155 Mbit/s with framing)
[1;36m[Device: id=0] RX[0m: 0.61 Mpps, 5019 Mbit/s (5118 Mbit/s with framing)
[0;34m[Device: id=0] TX[0m: 0.74 Mpps, 6036 Mbit/s (6155 Mbit/s with framing)
[1;36m[Device: id=0] RX[0m: 0.61 Mpps, 5002 Mbit/s (5100 Mbit/s with framing)
[0;34m[Device: id=0] TX[0m: 0.74 Mpps, 6036 Mbit/s (6154 Mbit/s with framing)
[1;36m[Device: id=0] RX[0m: 0.61 Mpps, 4967 Mbit/s (5064 Mbit/s with framing)
[0;34m[Device: id=0] TX[0m: 0.74 Mpps, 6036 Mbit/s (6155 Mbit/s with framing)
[1;36m[Device: id=0] RX[0m: 0.62 Mpps, 5025 Mbit/s (5124 Mbit/s with framing)
[0;34m[Device: id=0] TX[0m: 0.74 Mpps, 6036 Mbit/s (6155 Mbit/s with framing)
[1;36m[Device: id=0] RX[0m: 0.62 Mpps, 5027 Mbit/s (5126 Mbit/s with framing)
[0;34m[Device: id=0] TX[0m: 0.74 Mpps, 6036 Mbit/s (6155 Mbit/s with framing)
[1;36m[Device: id=0] RX[0m: 0.62 Mpps, 5029 Mbit/s (5128 Mbit/s with framing)
[0;34m[Device: id=0] TX[0m: 0.74 Mpps, 6036 Mbit/s (6155 Mbit/s with framing)
[1;36m[Device: id=0] RX[0m: 0.61 Mpps, 5012 Mbit/s (5110 Mbit/s with framing)
[0;34m[Device: id=0] TX[0m: 0.74 Mpps, 6036 Mbit/s (6155 Mbit/s with framing)
[1;36m[Device: id=0] RX[0m: 0.61 Mpps, 4979 Mbit/s (5076 Mbit/s with framing)
[0;34m[Device: id=0] TX[0m: 0.74 Mpps, 6036 Mbit/s (6154 Mbit/s with framing)
[1;36m[Device: id=0] RX[0m: 0.62 Mpps, 5023 Mbit/s (5121 Mbit/s with framing)
[0;34m[Device: id=0] TX[0m: 0.74 Mpps, 6036 Mbit/s (6155 Mbit/s with framing)
[1;36m[Device: id=0] RX[0m: 0.61 Mpps, 5019 Mbit/s (5117 Mbit/s with framing)
[0;34m[Device: id=0] TX[0m: 0.74 Mpps, 6036 Mbit/s (6154 Mbit/s with framing)
[1;36m[Device: id=0] RX[0m: 0.61 Mpps, 4993 Mbit/s (5091 Mbit/s with framing)
[0;34m[Device: id=0] TX[0m: 0.74 Mpps, 6036 Mbit/s (6155 Mbit/s with framing)
[1;36m[Device: id=0] RX[0m: 0.61 Mpps, 5020 Mbit/s (5118 Mbit/s with framing)
[0;34m[Device: id=0] TX[0m: 0.74 Mpps, 6036 Mbit/s (6155 Mbit/s with framing)
[1;36m[Device: id=0] RX[0m: 0.61 Mpps, 4949 Mbit/s (5046 Mbit/s with framing)
[0;34m[Device: id=0] TX[0m: 0.74 Mpps, 6036 Mbit/s (6155 Mbit/s with framing)
[1;36m[Device: id=0] RX[0m: 0.62 Mpps, 5021 Mbit/s (5120 Mbit/s with framing)
[0;34m[Device: id=0] TX[0m: 0.74 Mpps, 6036 Mbit/s (6155 Mbit/s with framing)
[1;36m[Device: id=0] RX[0m: 0.61 Mpps, 5014 Mbit/s (5112 Mbit/s with framing)
[0;34m[Device: id=0] TX[0m: 0.74 Mpps, 6036 Mbit/s (6155 Mbit/s with framing)
[1;36m[Device: id=0] RX[0m: 0.61 Mpps, 5004 Mbit/s (5102 Mbit/s with framing)
[0;34m[Device: id=0] TX[0m: 0.74 Mpps, 6036 Mbit/s (6155 Mbit/s with framing)
[1;36m[Device: id=0] RX[0m: 0.61 Mpps, 4975 Mbit/s (5072 Mbit/s with framing)
[0;34m[Device: id=0] TX[0m: 0.74 Mpps, 6036 Mbit/s (6155 Mbit/s with framing)
Samples: 63783, Average: 88245.4 ns, StdDev: 42389.4 ns, Quartiles: 49316.0/88951.0/124960.0 ns
[1;37m[INFO]  Saving histogram to '/tmp/histogram.csv'[0m
[1;36m[Device: id=0] RX[0m: 0.50 Mpps, 4046 Mbit/s (4125 Mbit/s with framing)
[1;36m[Device: id=0] RX[0m: 0.61 (StdDev 0.02) Mpps, 4985 (StdDev 183) Mbit/s (5083 Mbit/s with framing), total 18418197 packets with 18798549358 bytes (incl. CRC)
[0;34m[Device: id=0] TX[0m: 0.74 (StdDev 0.00) Mpps, 6036 (StdDev 0) Mbit/s (6155 Mbit/s with framing), total 22144675 packets with 22614917568 bytes (incl. CRC)
