EAL: Detected CPU lcores: 24
EAL: Detected NUMA nodes: 1
EAL: Static memory layout is selected, amount of reserved memory can be adjusted with -m or --socket-mem
EAL: Detected shared linkage of DPDK
EAL: Multi-process socket /var/run/dpdk/rte/mp_socket
EAL: Selected IOVA mode 'PA'
EAL: 512 hugepages of size 2097152 reserved, but no mounted hugetlbfs found for that size
EAL: Probe PCI driver: net_ice (8086:1592) device: 0000:51:00.0 (socket 0)
ice_load_pkg_type(): Active package is: 1.3.26.0, ICE OS Default Package (single VLAN mode)
TELEMETRY: No legacy callbacks, legacy socket not created
[1;33m[WARN]  malloc() allocates objects >= 1 MiB from LuaJIT memory space.[0m
[1;33m[WARN]  Install libjemalloc if you encounter out of memory errors.[0m
[1;37m[INFO]  Initializing DPDK. This will take a few seconds...[0m
[1;37m[INFO]  Found 1 usable devices:[0m
   Device 0: B4:96:91:B3:8B:04 ([0;32mIntel Corporation Ethernet Controller E810-C for QSFP[0m)
[1;37m[INFO]  Waiting for devices to come up...[0m
[1;37m[INFO]  Device 0 (B4:96:91:B3:8B:04) is up: full-duplex 100000 MBit/s[0m
[1;37m[INFO]  [0;32m1 device is up.[0m[0m
[1;36m[Device: id=0] RX[0m: 0.31 Mpps, 2540 Mbit/s (2590 Mbit/s with framing)
[0;34m[Device: id=0] TX[0m: 0.43 Mpps, 3530 Mbit/s (3599 Mbit/s with framing)
[1;36m[Device: id=0] RX[0m: 0.32 Mpps, 2606 Mbit/s (2657 Mbit/s with framing)
[0;34m[Device: id=0] TX[0m: 0.43 Mpps, 3530 Mbit/s (3599 Mbit/s with framing)
[1;36m[Device: id=0] RX[0m: 0.32 Mpps, 2619 Mbit/s (2671 Mbit/s with framing)
[0;34m[Device: id=0] TX[0m: 0.43 Mpps, 3530 Mbit/s (3599 Mbit/s with framing)
[1;36m[Device: id=0] RX[0m: 0.32 Mpps, 2604 Mbit/s (2655 Mbit/s with framing)
[0;34m[Device: id=0] TX[0m: 0.43 Mpps, 3530 Mbit/s (3599 Mbit/s with framing)
[1;36m[Device: id=0] RX[0m: 0.32 Mpps, 2603 Mbit/s (2654 Mbit/s with framing)
[0;34m[Device: id=0] TX[0m: 0.43 Mpps, 3530 Mbit/s (3599 Mbit/s with framing)
[1;36m[Device: id=0] RX[0m: 0.32 Mpps, 2608 Mbit/s (2659 Mbit/s with framing)
[0;34m[Device: id=0] TX[0m: 0.43 Mpps, 3530 Mbit/s (3599 Mbit/s with framing)
[1;36m[Device: id=0] RX[0m: 0.32 Mpps, 2620 Mbit/s (2672 Mbit/s with framing)
[0;34m[Device: id=0] TX[0m: 0.43 Mpps, 3530 Mbit/s (3599 Mbit/s with framing)
[1;36m[Device: id=0] RX[0m: 0.32 Mpps, 2642 Mbit/s (2694 Mbit/s with framing)
[0;34m[Device: id=0] TX[0m: 0.43 Mpps, 3530 Mbit/s (3599 Mbit/s with framing)
[1;36m[Device: id=0] RX[0m: 0.32 Mpps, 2630 Mbit/s (2682 Mbit/s with framing)
[0;34m[Device: id=0] TX[0m: 0.43 Mpps, 3530 Mbit/s (3599 Mbit/s with framing)
[1;36m[Device: id=0] RX[0m: 0.32 Mpps, 2632 Mbit/s (2683 Mbit/s with framing)
[0;34m[Device: id=0] TX[0m: 0.43 Mpps, 3530 Mbit/s (3599 Mbit/s with framing)
[1;36m[Device: id=0] RX[0m: 0.32 Mpps, 2631 Mbit/s (2682 Mbit/s with framing)
[0;34m[Device: id=0] TX[0m: 0.43 Mpps, 3530 Mbit/s (3599 Mbit/s with framing)
[1;36m[Device: id=0] RX[0m: 0.32 Mpps, 2605 Mbit/s (2656 Mbit/s with framing)
[0;34m[Device: id=0] TX[0m: 0.43 Mpps, 3530 Mbit/s (3599 Mbit/s with framing)
[1;36m[Device: id=0] RX[0m: 0.32 Mpps, 2595 Mbit/s (2646 Mbit/s with framing)
[0;34m[Device: id=0] TX[0m: 0.43 Mpps, 3530 Mbit/s (3599 Mbit/s with framing)
[1;36m[Device: id=0] RX[0m: 0.32 Mpps, 2595 Mbit/s (2646 Mbit/s with framing)
[0;34m[Device: id=0] TX[0m: 0.43 Mpps, 3530 Mbit/s (3599 Mbit/s with framing)
[1;36m[Device: id=0] RX[0m: 0.32 Mpps, 2606 Mbit/s (2657 Mbit/s with framing)
[0;34m[Device: id=0] TX[0m: 0.43 Mpps, 3530 Mbit/s (3599 Mbit/s with framing)
[1;36m[Device: id=0] RX[0m: 0.32 Mpps, 2628 Mbit/s (2679 Mbit/s with framing)
[0;34m[Device: id=0] TX[0m: 0.43 Mpps, 3530 Mbit/s (3599 Mbit/s with framing)
[1;36m[Device: id=0] RX[0m: 0.32 Mpps, 2622 Mbit/s (2673 Mbit/s with framing)
[0;34m[Device: id=0] TX[0m: 0.43 Mpps, 3530 Mbit/s (3599 Mbit/s with framing)
[1;36m[Device: id=0] RX[0m: 0.32 Mpps, 2634 Mbit/s (2686 Mbit/s with framing)
[0;34m[Device: id=0] TX[0m: 0.43 Mpps, 3530 Mbit/s (3599 Mbit/s with framing)
[1;36m[Device: id=0] RX[0m: 0.32 Mpps, 2630 Mbit/s (2681 Mbit/s with framing)
[0;34m[Device: id=0] TX[0m: 0.43 Mpps, 3530 Mbit/s (3599 Mbit/s with framing)
[1;36m[Device: id=0] RX[0m: 0.32 Mpps, 2634 Mbit/s (2686 Mbit/s with framing)
[0;34m[Device: id=0] TX[0m: 0.43 Mpps, 3530 Mbit/s (3599 Mbit/s with framing)
[1;36m[Device: id=0] RX[0m: 0.32 Mpps, 2631 Mbit/s (2682 Mbit/s with framing)
[0;34m[Device: id=0] TX[0m: 0.43 Mpps, 3530 Mbit/s (3599 Mbit/s with framing)
[1;36m[Device: id=0] RX[0m: 0.32 Mpps, 2614 Mbit/s (2665 Mbit/s with framing)
[0;34m[Device: id=0] TX[0m: 0.43 Mpps, 3530 Mbit/s (3599 Mbit/s with framing)
[1;36m[Device: id=0] RX[0m: 0.32 Mpps, 2623 Mbit/s (2675 Mbit/s with framing)
[0;34m[Device: id=0] TX[0m: 0.43 Mpps, 3530 Mbit/s (3599 Mbit/s with framing)
[1;36m[Device: id=0] RX[0m: 0.32 Mpps, 2632 Mbit/s (2683 Mbit/s with framing)
[0;34m[Device: id=0] TX[0m: 0.43 Mpps, 3530 Mbit/s (3599 Mbit/s with framing)
[1;36m[Device: id=0] RX[0m: 0.32 Mpps, 2637 Mbit/s (2688 Mbit/s with framing)
[0;34m[Device: id=0] TX[0m: 0.43 Mpps, 3530 Mbit/s (3599 Mbit/s with framing)
[1;36m[Device: id=0] RX[0m: 0.32 Mpps, 2629 Mbit/s (2680 Mbit/s with framing)
[0;34m[Device: id=0] TX[0m: 0.43 Mpps, 3530 Mbit/s (3599 Mbit/s with framing)
[1;36m[Device: id=0] RX[0m: 0.31 Mpps, 2570 Mbit/s (2621 Mbit/s with framing)
[0;34m[Device: id=0] TX[0m: 0.43 Mpps, 3530 Mbit/s (3599 Mbit/s with framing)
[1;36m[Device: id=0] RX[0m: 0.32 Mpps, 2637 Mbit/s (2689 Mbit/s with framing)
[0;34m[Device: id=0] TX[0m: 0.43 Mpps, 3530 Mbit/s (3599 Mbit/s with framing)
[1;36m[Device: id=0] RX[0m: 0.32 Mpps, 2629 Mbit/s (2680 Mbit/s with framing)
[0;34m[Device: id=0] TX[0m: 0.43 Mpps, 3530 Mbit/s (3599 Mbit/s with framing)
Samples: 1657, Average: 6174337.9 ns, StdDev: 185691.7 ns, Quartiles: 6053363.0/6170953.0/6284998.0 ns
[1;37m[INFO]  Saving histogram to '/tmp/histogram.csv'[0m
[1;36m[Device: id=0] RX[0m: 0.27 Mpps, 2202 Mbit/s (2245 Mbit/s with framing)
[1;36m[Device: id=0] RX[0m: 0.32 (StdDev 0.01) Mpps, 2605 (StdDev 79) Mbit/s (2656 Mbit/s with framing), total 9582007 packets with 9809933152 bytes (incl. CRC)
[0;34m[Device: id=0] TX[0m: 0.43 (StdDev 0.00) Mpps, 3530 (StdDev 0) Mbit/s (3599 Mbit/s with framing), total 12921922 packets with 13229726848 bytes (incl. CRC)
