EAL: Detected CPU lcores: 24
EAL: Detected NUMA nodes: 1
EAL: Static memory layout is selected, amount of reserved memory can be adjusted with -m or --socket-mem
EAL: Detected shared linkage of DPDK
EAL: Multi-process socket /var/run/dpdk/rte/mp_socket
EAL: Selected IOVA mode 'PA'
EAL: 512 hugepages of size 2097152 reserved, but no mounted hugetlbfs found for that size
EAL: VFIO support initialized
EAL: Probe PCI driver: net_ice (8086:1592) device: 0000:51:00.0 (socket 0)
ice_load_pkg_type(): Active package is: 1.3.26.0, ICE OS Default Package (single VLAN mode)
TELEMETRY: No legacy callbacks, legacy socket not created
[1;33m[WARN]  malloc() allocates objects >= 1 MiB from LuaJIT memory space.[0m
[1;33m[WARN]  Install libjemalloc if you encounter out of memory errors.[0m
[1;37m[INFO]  Initializing DPDK. This will take a few seconds...[0m
[1;37m[INFO]  Found 1 usable devices:[0m
   Device 0: B4:96:91:B3:8B:04 ([0;32mIntel Corporation Ethernet Controller E810-C for QSFP[0m)
[1;37m[INFO]  Waiting for devices to come up...[0m
[1;37m[INFO]  Device 0 (B4:96:91:B3:8B:04) is up: full-duplex 100000 MBit/s[0m
[1;37m[INFO]  [0;32m1 device is up.[0m[0m
[1;36m[Device: id=0] RX[0m: 0.29 Mpps, 2405 Mbit/s (2452 Mbit/s with framing)
[0;34m[Device: id=0] TX[0m: 0.68 Mpps, 5596 Mbit/s (5705 Mbit/s with framing)
[1;36m[Device: id=0] RX[0m: 0.30 Mpps, 2421 Mbit/s (2468 Mbit/s with framing)
[0;34m[Device: id=0] TX[0m: 0.68 Mpps, 5596 Mbit/s (5705 Mbit/s with framing)
[1;36m[Device: id=0] RX[0m: 0.30 Mpps, 2430 Mbit/s (2477 Mbit/s with framing)
[0;34m[Device: id=0] TX[0m: 0.68 Mpps, 5596 Mbit/s (5705 Mbit/s with framing)
[1;36m[Device: id=0] RX[0m: 0.30 Mpps, 2436 Mbit/s (2484 Mbit/s with framing)
[0;34m[Device: id=0] TX[0m: 0.68 Mpps, 5596 Mbit/s (5705 Mbit/s with framing)
[1;36m[Device: id=0] RX[0m: 0.30 Mpps, 2434 Mbit/s (2482 Mbit/s with framing)
[0;34m[Device: id=0] TX[0m: 0.68 Mpps, 5596 Mbit/s (5705 Mbit/s with framing)
[1;36m[Device: id=0] RX[0m: 0.29 Mpps, 2402 Mbit/s (2449 Mbit/s with framing)
[0;34m[Device: id=0] TX[0m: 0.68 Mpps, 5596 Mbit/s (5705 Mbit/s with framing)
[1;36m[Device: id=0] RX[0m: 0.29 Mpps, 2411 Mbit/s (2458 Mbit/s with framing)
[0;34m[Device: id=0] TX[0m: 0.68 Mpps, 5596 Mbit/s (5705 Mbit/s with framing)
[1;36m[Device: id=0] RX[0m: 0.30 Mpps, 2425 Mbit/s (2473 Mbit/s with framing)
[0;34m[Device: id=0] TX[0m: 0.68 Mpps, 5596 Mbit/s (5705 Mbit/s with framing)
[1;36m[Device: id=0] RX[0m: 0.30 Mpps, 2421 Mbit/s (2468 Mbit/s with framing)
[0;34m[Device: id=0] TX[0m: 0.68 Mpps, 5596 Mbit/s (5705 Mbit/s with framing)
[1;36m[Device: id=0] RX[0m: 0.30 Mpps, 2423 Mbit/s (2470 Mbit/s with framing)
[0;34m[Device: id=0] TX[0m: 0.68 Mpps, 5596 Mbit/s (5705 Mbit/s with framing)
[1;36m[Device: id=0] RX[0m: 0.30 Mpps, 2425 Mbit/s (2472 Mbit/s with framing)
[0;34m[Device: id=0] TX[0m: 0.68 Mpps, 5596 Mbit/s (5705 Mbit/s with framing)
[1;36m[Device: id=0] RX[0m: 0.30 Mpps, 2428 Mbit/s (2476 Mbit/s with framing)
[0;34m[Device: id=0] TX[0m: 0.68 Mpps, 5596 Mbit/s (5705 Mbit/s with framing)
[1;36m[Device: id=0] RX[0m: 0.30 Mpps, 2430 Mbit/s (2477 Mbit/s with framing)
[0;34m[Device: id=0] TX[0m: 0.68 Mpps, 5596 Mbit/s (5705 Mbit/s with framing)
[1;36m[Device: id=0] RX[0m: 0.30 Mpps, 2437 Mbit/s (2485 Mbit/s with framing)
[0;34m[Device: id=0] TX[0m: 0.68 Mpps, 5596 Mbit/s (5705 Mbit/s with framing)
[1;36m[Device: id=0] RX[0m: 0.30 Mpps, 2433 Mbit/s (2481 Mbit/s with framing)
[0;34m[Device: id=0] TX[0m: 0.68 Mpps, 5596 Mbit/s (5705 Mbit/s with framing)
[1;36m[Device: id=0] RX[0m: 0.29 Mpps, 2415 Mbit/s (2463 Mbit/s with framing)
[0;34m[Device: id=0] TX[0m: 0.68 Mpps, 5596 Mbit/s (5705 Mbit/s with framing)
[1;36m[Device: id=0] RX[0m: 0.29 Mpps, 2378 Mbit/s (2425 Mbit/s with framing)
[0;34m[Device: id=0] TX[0m: 0.68 Mpps, 5596 Mbit/s (5705 Mbit/s with framing)
[1;36m[Device: id=0] RX[0m: 0.29 Mpps, 2377 Mbit/s (2423 Mbit/s with framing)
[0;34m[Device: id=0] TX[0m: 0.68 Mpps, 5596 Mbit/s (5705 Mbit/s with framing)
[1;36m[Device: id=0] RX[0m: 0.29 Mpps, 2367 Mbit/s (2413 Mbit/s with framing)
[0;34m[Device: id=0] TX[0m: 0.68 Mpps, 5596 Mbit/s (5705 Mbit/s with framing)
[1;36m[Device: id=0] RX[0m: 0.29 Mpps, 2366 Mbit/s (2412 Mbit/s with framing)
[0;34m[Device: id=0] TX[0m: 0.68 Mpps, 5596 Mbit/s (5705 Mbit/s with framing)
[1;36m[Device: id=0] RX[0m: 0.29 Mpps, 2346 Mbit/s (2392 Mbit/s with framing)
[0;34m[Device: id=0] TX[0m: 0.68 Mpps, 5596 Mbit/s (5705 Mbit/s with framing)
[1;36m[Device: id=0] RX[0m: 0.29 Mpps, 2344 Mbit/s (2390 Mbit/s with framing)
[0;34m[Device: id=0] TX[0m: 0.68 Mpps, 5596 Mbit/s (5705 Mbit/s with framing)
[1;36m[Device: id=0] RX[0m: 0.29 Mpps, 2370 Mbit/s (2416 Mbit/s with framing)
[0;34m[Device: id=0] TX[0m: 0.68 Mpps, 5596 Mbit/s (5705 Mbit/s with framing)
[1;36m[Device: id=0] RX[0m: 0.29 Mpps, 2376 Mbit/s (2422 Mbit/s with framing)
[0;34m[Device: id=0] TX[0m: 0.68 Mpps, 5596 Mbit/s (5705 Mbit/s with framing)
[1;36m[Device: id=0] RX[0m: 0.29 Mpps, 2365 Mbit/s (2412 Mbit/s with framing)
[0;34m[Device: id=0] TX[0m: 0.68 Mpps, 5596 Mbit/s (5705 Mbit/s with framing)
[1;36m[Device: id=0] RX[0m: 0.29 Mpps, 2359 Mbit/s (2405 Mbit/s with framing)
[0;34m[Device: id=0] TX[0m: 0.68 Mpps, 5596 Mbit/s (5705 Mbit/s with framing)
[1;36m[Device: id=0] RX[0m: 0.29 Mpps, 2364 Mbit/s (2411 Mbit/s with framing)
[0;34m[Device: id=0] TX[0m: 0.68 Mpps, 5596 Mbit/s (5705 Mbit/s with framing)
[1;36m[Device: id=0] RX[0m: 0.29 Mpps, 2355 Mbit/s (2401 Mbit/s with framing)
[0;34m[Device: id=0] TX[0m: 0.68 Mpps, 5596 Mbit/s (5705 Mbit/s with framing)
[1;36m[Device: id=0] RX[0m: 0.29 Mpps, 2346 Mbit/s (2392 Mbit/s with framing)
[0;34m[Device: id=0] TX[0m: 0.68 Mpps, 5596 Mbit/s (5705 Mbit/s with framing)
Samples: 764, Average: 6794507.5 ns, StdDev: 330203.5 ns, Quartiles: 6637078.0/6801952.0/6959252.0 ns
[1;37m[INFO]  Saving histogram to '/tmp/histogram.csv'[0m
[1;36m[Device: id=0] RX[0m: 0.29 (StdDev 0.00) Mpps, 2396 (StdDev 33) Mbit/s (2443 Mbit/s with framing), total 8760099 packets with 8969606375 bytes (incl. CRC)
[0;34m[Device: id=0] TX[0m: 0.68 (StdDev 0.00) Mpps, 5596 (StdDev 0) Mbit/s (5705 Mbit/s with framing), total 20465426 packets with 20954792512 bytes (incl. CRC)
