EAL: Detected CPU lcores: 24
EAL: Detected NUMA nodes: 1
EAL: Static memory layout is selected, amount of reserved memory can be adjusted with -m or --socket-mem
EAL: Detected shared linkage of DPDK
EAL: Multi-process socket /var/run/dpdk/rte/mp_socket
EAL: Selected IOVA mode 'PA'
EAL: 512 hugepages of size 2097152 reserved, but no mounted hugetlbfs found for that size
EAL: VFIO support initialized
EAL: Probe PCI driver: net_ice (8086:1592) device: 0000:51:00.0 (socket 0)
ice_load_pkg_type(): Active package is: 1.3.26.0, ICE OS Default Package (single VLAN mode)
TELEMETRY: No legacy callbacks, legacy socket not created
[1;33m[WARN]  malloc() allocates objects >= 1 MiB from LuaJIT memory space.[0m
[1;33m[WARN]  Install libjemalloc if you encounter out of memory errors.[0m
[1;37m[INFO]  Initializing DPDK. This will take a few seconds...[0m
[1;37m[INFO]  Found 1 usable devices:[0m
   Device 0: B4:96:91:B3:8B:04 ([0;32mIntel Corporation Ethernet Controller E810-C for QSFP[0m)
[1;37m[INFO]  Waiting for devices to come up...[0m
[1;37m[INFO]  Device 0 (B4:96:91:B3:8B:04) is up: full-duplex 100000 MBit/s[0m
[1;37m[INFO]  [0;32m1 device is up.[0m[0m
[1;36m[Device: id=0] RX[0m: 0.16 Mpps, 83 Mbit/s (109 Mbit/s with framing)
[0;34m[Device: id=0] TX[0m: 0.21 Mpps, 108 Mbit/s (141 Mbit/s with framing)
[1;36m[Device: id=0] RX[0m: 0.20 Mpps, 100 Mbit/s (132 Mbit/s with framing)
[0;34m[Device: id=0] TX[0m: 0.21 Mpps, 109 Mbit/s (143 Mbit/s with framing)
[1;36m[Device: id=0] RX[0m: 0.21 Mpps, 109 Mbit/s (143 Mbit/s with framing)
[0;34m[Device: id=0] TX[0m: 0.21 Mpps, 109 Mbit/s (143 Mbit/s with framing)
[1;36m[Device: id=0] RX[0m: 0.21 Mpps, 109 Mbit/s (143 Mbit/s with framing)
[0;34m[Device: id=0] TX[0m: 0.21 Mpps, 109 Mbit/s (143 Mbit/s with framing)
[1;36m[Device: id=0] RX[0m: 0.21 Mpps, 108 Mbit/s (142 Mbit/s with framing)
[0;34m[Device: id=0] TX[0m: 0.21 Mpps, 109 Mbit/s (143 Mbit/s with framing)
[1;36m[Device: id=0] RX[0m: 0.08 Mpps, 42 Mbit/s (56 Mbit/s with framing)
[0;34m[Device: id=0] TX[0m: 0.21 Mpps, 108 Mbit/s (142 Mbit/s with framing)
[1;36m[Device: id=0] RX[0m: 0.12 Mpps, 63 Mbit/s (83 Mbit/s with framing)
[0;34m[Device: id=0] TX[0m: 0.21 Mpps, 108 Mbit/s (142 Mbit/s with framing)
[1;36m[Device: id=0] RX[0m: 0.21 Mpps, 109 Mbit/s (143 Mbit/s with framing)
[0;34m[Device: id=0] TX[0m: 0.21 Mpps, 109 Mbit/s (143 Mbit/s with framing)
[1;36m[Device: id=0] RX[0m: 0.21 Mpps, 109 Mbit/s (143 Mbit/s with framing)
[0;34m[Device: id=0] TX[0m: 0.21 Mpps, 109 Mbit/s (143 Mbit/s with framing)
[1;36m[Device: id=0] RX[0m: 0.21 Mpps, 109 Mbit/s (143 Mbit/s with framing)
[0;34m[Device: id=0] TX[0m: 0.21 Mpps, 109 Mbit/s (143 Mbit/s with framing)
[1;36m[Device: id=0] RX[0m: 0.21 Mpps, 109 Mbit/s (143 Mbit/s with framing)
[0;34m[Device: id=0] TX[0m: 0.21 Mpps, 109 Mbit/s (143 Mbit/s with framing)
[1;36m[Device: id=0] RX[0m: 0.21 Mpps, 109 Mbit/s (143 Mbit/s with framing)
[0;34m[Device: id=0] TX[0m: 0.21 Mpps, 109 Mbit/s (143 Mbit/s with framing)
[1;36m[Device: id=0] RX[0m: 0.21 Mpps, 109 Mbit/s (143 Mbit/s with framing)
[0;34m[Device: id=0] TX[0m: 0.21 Mpps, 109 Mbit/s (143 Mbit/s with framing)
[1;36m[Device: id=0] RX[0m: 0.21 Mpps, 109 Mbit/s (143 Mbit/s with framing)
[0;34m[Device: id=0] TX[0m: 0.21 Mpps, 109 Mbit/s (143 Mbit/s with framing)
[1;36m[Device: id=0] RX[0m: 0.21 Mpps, 109 Mbit/s (143 Mbit/s with framing)
[0;34m[Device: id=0] TX[0m: 0.21 Mpps, 109 Mbit/s (143 Mbit/s with framing)
[1;36m[Device: id=0] RX[0m: 0.21 Mpps, 109 Mbit/s (143 Mbit/s with framing)
[0;34m[Device: id=0] TX[0m: 0.21 Mpps, 109 Mbit/s (143 Mbit/s with framing)
[1;36m[Device: id=0] RX[0m: 0.21 Mpps, 109 Mbit/s (143 Mbit/s with framing)
[0;34m[Device: id=0] TX[0m: 0.21 Mpps, 109 Mbit/s (143 Mbit/s with framing)
[1;36m[Device: id=0] RX[0m: 0.21 Mpps, 109 Mbit/s (143 Mbit/s with framing)
[0;34m[Device: id=0] TX[0m: 0.21 Mpps, 109 Mbit/s (143 Mbit/s with framing)
[1;36m[Device: id=0] RX[0m: 0.21 Mpps, 109 Mbit/s (143 Mbit/s with framing)
[0;34m[Device: id=0] TX[0m: 0.21 Mpps, 109 Mbit/s (143 Mbit/s with framing)
[1;36m[Device: id=0] RX[0m: 0.21 Mpps, 109 Mbit/s (143 Mbit/s with framing)
[0;34m[Device: id=0] TX[0m: 0.21 Mpps, 109 Mbit/s (143 Mbit/s with framing)
[1;36m[Device: id=0] RX[0m: 0.21 Mpps, 109 Mbit/s (143 Mbit/s with framing)
[0;34m[Device: id=0] TX[0m: 0.21 Mpps, 109 Mbit/s (143 Mbit/s with framing)
[1;36m[Device: id=0] RX[0m: 0.21 Mpps, 109 Mbit/s (143 Mbit/s with framing)
[0;34m[Device: id=0] TX[0m: 0.21 Mpps, 109 Mbit/s (143 Mbit/s with framing)
[1;36m[Device: id=0] RX[0m: 0.21 Mpps, 109 Mbit/s (143 Mbit/s with framing)
[0;34m[Device: id=0] TX[0m: 0.21 Mpps, 109 Mbit/s (143 Mbit/s with framing)
[1;36m[Device: id=0] RX[0m: 0.21 Mpps, 109 Mbit/s (143 Mbit/s with framing)
[0;34m[Device: id=0] TX[0m: 0.21 Mpps, 109 Mbit/s (143 Mbit/s with framing)
[1;36m[Device: id=0] RX[0m: 0.21 Mpps, 109 Mbit/s (143 Mbit/s with framing)
[0;34m[Device: id=0] TX[0m: 0.21 Mpps, 109 Mbit/s (143 Mbit/s with framing)
[1;36m[Device: id=0] RX[0m: 0.21 Mpps, 109 Mbit/s (143 Mbit/s with framing)
[0;34m[Device: id=0] TX[0m: 0.21 Mpps, 109 Mbit/s (143 Mbit/s with framing)
[1;36m[Device: id=0] RX[0m: 0.21 Mpps, 109 Mbit/s (143 Mbit/s with framing)
[0;34m[Device: id=0] TX[0m: 0.21 Mpps, 109 Mbit/s (143 Mbit/s with framing)
[1;36m[Device: id=0] RX[0m: 0.21 Mpps, 109 Mbit/s (143 Mbit/s with framing)
[0;34m[Device: id=0] TX[0m: 0.21 Mpps, 109 Mbit/s (143 Mbit/s with framing)
[1;36m[Device: id=0] RX[0m: 0.18 Mpps, 93 Mbit/s (122 Mbit/s with framing)
[0;34m[Device: id=0] TX[0m: 0.21 Mpps, 109 Mbit/s (142 Mbit/s with framing)
Samples: 60581, Average: 133323.4 ns, StdDev: 34484.9 ns, Quartiles: 111086.0/132872.0/158152.0 ns
[1;37m[INFO]  Saving histogram to '/tmp/histogram.csv'[0m
[1;36m[Device: id=0] RX[0m: 0.20 (StdDev 0.03) Mpps, 104 (StdDev 15) Mbit/s (136 Mbit/s with framing), total 6022419 packets with 385460615 bytes (incl. CRC)
[0;34m[Device: id=0] TX[0m: 0.21 (StdDev 0.00) Mpps, 109 (StdDev 0) Mbit/s (143 Mbit/s with framing), total 6354828 packets with 406708992 bytes (incl. CRC)
