EAL: Detected CPU lcores: 24
EAL: Detected NUMA nodes: 1
EAL: Static memory layout is selected, amount of reserved memory can be adjusted with -m or --socket-mem
EAL: Detected shared linkage of DPDK
EAL: Multi-process socket /var/run/dpdk/rte/mp_socket
EAL: Selected IOVA mode 'PA'
EAL: 512 hugepages of size 2097152 reserved, but no mounted hugetlbfs found for that size
EAL: Probe PCI driver: net_ice (8086:1592) device: 0000:51:00.0 (socket 0)
ice_load_pkg_type(): Active package is: 1.3.26.0, ICE OS Default Package (single VLAN mode)
TELEMETRY: No legacy callbacks, legacy socket not created
[1;33m[WARN]  malloc() allocates objects >= 1 MiB from LuaJIT memory space.[0m
[1;33m[WARN]  Install libjemalloc if you encounter out of memory errors.[0m
[1;37m[INFO]  Initializing DPDK. This will take a few seconds...[0m
[1;37m[INFO]  Found 1 usable devices:[0m
   Device 0: B4:96:91:B3:8B:04 ([0;32mIntel Corporation Ethernet Controller E810-C for QSFP[0m)
[1;37m[INFO]  Waiting for devices to come up...[0m
[1;37m[INFO]  Device 0 (B4:96:91:B3:8B:04) is up: full-duplex 100000 MBit/s[0m
[1;37m[INFO]  [0;32m1 device is up.[0m[0m
[1;36m[Device: id=0] RX[0m: 0.16 Mpps, 1289 Mbit/s (1314 Mbit/s with framing)
[0;34m[Device: id=0] TX[0m: 0.16 Mpps, 1289 Mbit/s (1314 Mbit/s with framing)
[1;36m[Device: id=0] RX[0m: 0.07 Mpps, 533 Mbit/s (543 Mbit/s with framing)
[0;34m[Device: id=0] TX[0m: 0.16 Mpps, 1289 Mbit/s (1315 Mbit/s with framing)
[1;36m[Device: id=0] RX[0m: 0.00 Mpps, 0 Mbit/s (0 Mbit/s with framing)
[0;34m[Device: id=0] TX[0m: 0.16 Mpps, 1289 Mbit/s (1314 Mbit/s with framing)
[1;36m[Device: id=0] RX[0m: 0.00 Mpps, 0 Mbit/s (0 Mbit/s with framing)
[0;34m[Device: id=0] TX[0m: 0.16 Mpps, 1289 Mbit/s (1314 Mbit/s with framing)
[1;36m[Device: id=0] RX[0m: 0.00 Mpps, 0 Mbit/s (0 Mbit/s with framing)
[0;34m[Device: id=0] TX[0m: 0.16 Mpps, 1289 Mbit/s (1314 Mbit/s with framing)
[1;36m[Device: id=0] RX[0m: 0.14 Mpps, 1126 Mbit/s (1148 Mbit/s with framing)
[0;34m[Device: id=0] TX[0m: 0.16 Mpps, 1290 Mbit/s (1316 Mbit/s with framing)
[1;36m[Device: id=0] RX[0m: 0.16 Mpps, 1290 Mbit/s (1316 Mbit/s with framing)
[0;34m[Device: id=0] TX[0m: 0.16 Mpps, 1290 Mbit/s (1316 Mbit/s with framing)
[1;36m[Device: id=0] RX[0m: 0.16 Mpps, 1290 Mbit/s (1316 Mbit/s with framing)
[0;34m[Device: id=0] TX[0m: 0.16 Mpps, 1290 Mbit/s (1316 Mbit/s with framing)
[1;36m[Device: id=0] RX[0m: 0.16 Mpps, 1290 Mbit/s (1316 Mbit/s with framing)
[0;34m[Device: id=0] TX[0m: 0.16 Mpps, 1290 Mbit/s (1316 Mbit/s with framing)
[1;36m[Device: id=0] RX[0m: 0.16 Mpps, 1290 Mbit/s (1316 Mbit/s with framing)
[0;34m[Device: id=0] TX[0m: 0.16 Mpps, 1290 Mbit/s (1316 Mbit/s with framing)
[1;36m[Device: id=0] RX[0m: 0.16 Mpps, 1290 Mbit/s (1316 Mbit/s with framing)
[0;34m[Device: id=0] TX[0m: 0.16 Mpps, 1290 Mbit/s (1316 Mbit/s with framing)
[1;36m[Device: id=0] RX[0m: 0.16 Mpps, 1290 Mbit/s (1316 Mbit/s with framing)
[0;34m[Device: id=0] TX[0m: 0.16 Mpps, 1290 Mbit/s (1316 Mbit/s with framing)
[1;36m[Device: id=0] RX[0m: 0.16 Mpps, 1290 Mbit/s (1316 Mbit/s with framing)
[0;34m[Device: id=0] TX[0m: 0.16 Mpps, 1290 Mbit/s (1316 Mbit/s with framing)
[1;36m[Device: id=0] RX[0m: 0.16 Mpps, 1290 Mbit/s (1316 Mbit/s with framing)
[0;34m[Device: id=0] TX[0m: 0.16 Mpps, 1290 Mbit/s (1316 Mbit/s with framing)
[1;36m[Device: id=0] RX[0m: 0.16 Mpps, 1290 Mbit/s (1316 Mbit/s with framing)
[0;34m[Device: id=0] TX[0m: 0.16 Mpps, 1290 Mbit/s (1316 Mbit/s with framing)
[1;36m[Device: id=0] RX[0m: 0.16 Mpps, 1290 Mbit/s (1316 Mbit/s with framing)
[0;34m[Device: id=0] TX[0m: 0.16 Mpps, 1290 Mbit/s (1316 Mbit/s with framing)
[1;36m[Device: id=0] RX[0m: 0.16 Mpps, 1290 Mbit/s (1316 Mbit/s with framing)
[0;34m[Device: id=0] TX[0m: 0.16 Mpps, 1290 Mbit/s (1316 Mbit/s with framing)
[1;36m[Device: id=0] RX[0m: 0.16 Mpps, 1290 Mbit/s (1316 Mbit/s with framing)
[0;34m[Device: id=0] TX[0m: 0.16 Mpps, 1290 Mbit/s (1316 Mbit/s with framing)
[1;36m[Device: id=0] RX[0m: 0.16 Mpps, 1290 Mbit/s (1316 Mbit/s with framing)
[0;34m[Device: id=0] TX[0m: 0.16 Mpps, 1290 Mbit/s (1316 Mbit/s with framing)
[1;36m[Device: id=0] RX[0m: 0.16 Mpps, 1290 Mbit/s (1316 Mbit/s with framing)
[0;34m[Device: id=0] TX[0m: 0.16 Mpps, 1290 Mbit/s (1316 Mbit/s with framing)
[1;36m[Device: id=0] RX[0m: 0.16 Mpps, 1290 Mbit/s (1316 Mbit/s with framing)
[0;34m[Device: id=0] TX[0m: 0.16 Mpps, 1290 Mbit/s (1316 Mbit/s with framing)
[1;36m[Device: id=0] RX[0m: 0.16 Mpps, 1290 Mbit/s (1316 Mbit/s with framing)
[0;34m[Device: id=0] TX[0m: 0.16 Mpps, 1290 Mbit/s (1316 Mbit/s with framing)
[1;36m[Device: id=0] RX[0m: 0.16 Mpps, 1290 Mbit/s (1316 Mbit/s with framing)
[0;34m[Device: id=0] TX[0m: 0.16 Mpps, 1290 Mbit/s (1316 Mbit/s with framing)
[1;36m[Device: id=0] RX[0m: 0.16 Mpps, 1290 Mbit/s (1316 Mbit/s with framing)
[0;34m[Device: id=0] TX[0m: 0.16 Mpps, 1290 Mbit/s (1316 Mbit/s with framing)
[1;36m[Device: id=0] RX[0m: 0.16 Mpps, 1290 Mbit/s (1316 Mbit/s with framing)
[0;34m[Device: id=0] TX[0m: 0.16 Mpps, 1290 Mbit/s (1316 Mbit/s with framing)
[1;36m[Device: id=0] RX[0m: 0.16 Mpps, 1290 Mbit/s (1316 Mbit/s with framing)
[0;34m[Device: id=0] TX[0m: 0.16 Mpps, 1290 Mbit/s (1316 Mbit/s with framing)
[1;36m[Device: id=0] RX[0m: 0.16 Mpps, 1290 Mbit/s (1316 Mbit/s with framing)
[0;34m[Device: id=0] TX[0m: 0.16 Mpps, 1290 Mbit/s (1316 Mbit/s with framing)
[1;36m[Device: id=0] RX[0m: 0.16 Mpps, 1290 Mbit/s (1316 Mbit/s with framing)
[0;34m[Device: id=0] TX[0m: 0.16 Mpps, 1290 Mbit/s (1316 Mbit/s with framing)
[1;36m[Device: id=0] RX[0m: 0.16 Mpps, 1290 Mbit/s (1316 Mbit/s with framing)
[0;34m[Device: id=0] TX[0m: 0.16 Mpps, 1290 Mbit/s (1316 Mbit/s with framing)
Samples: 55366, Average: 128356.8 ns, StdDev: 30072.5 ns, Quartiles: 104984.0/128434.0/153382.0 ns
[1;37m[INFO]  Saving histogram to '/tmp/histogram.csv'[0m
[1;36m[Device: id=0] RX[0m: 0.13 Mpps, 1053 Mbit/s (1074 Mbit/s with framing)
[1;36m[Device: id=0] RX[0m: 0.14 (StdDev 0.05) Mpps, 1117 (StdDev 413) Mbit/s (1139 Mbit/s with framing), total 4183639 packets with 4230891440 bytes (incl. CRC)
[0;34m[Device: id=0] TX[0m: 0.16 (StdDev 0.00) Mpps, 1290 (StdDev 0) Mbit/s (1316 Mbit/s with framing), total 4770988 packets with 4832161792 bytes (incl. CRC)
