EAL: Detected CPU lcores: 24
EAL: Detected NUMA nodes: 1
EAL: Static memory layout is selected, amount of reserved memory can be adjusted with -m or --socket-mem
EAL: Detected shared linkage of DPDK
EAL: Multi-process socket /var/run/dpdk/rte/mp_socket
EAL: Selected IOVA mode 'PA'
EAL: 512 hugepages of size 2097152 reserved, but no mounted hugetlbfs found for that size
EAL: VFIO support initialized
EAL: Probe PCI driver: net_ice (8086:1592) device: 0000:51:00.0 (socket 0)
ice_load_pkg_type(): Active package is: 1.3.26.0, ICE OS Default Package (single VLAN mode)
TELEMETRY: No legacy callbacks, legacy socket not created
[1;33m[WARN]  malloc() allocates objects >= 1 MiB from LuaJIT memory space.[0m
[1;33m[WARN]  Install libjemalloc if you encounter out of memory errors.[0m
[1;37m[INFO]  Initializing DPDK. This will take a few seconds...[0m
[1;37m[INFO]  Found 1 usable devices:[0m
   Device 0: B4:96:91:B3:8B:04 ([0;32mIntel Corporation Ethernet Controller E810-C for QSFP[0m)
[1;37m[INFO]  Waiting for devices to come up...[0m
[1;37m[INFO]  Device 0 (B4:96:91:B3:8B:04) is up: full-duplex 100000 MBit/s[0m
[1;37m[INFO]  [0;32m1 device is up.[0m[0m
[1;36m[Device: id=0] RX[0m: 0.68 Mpps, 349 Mbit/s (459 Mbit/s with framing)
[0;34m[Device: id=0] TX[0m: 0.74 Mpps, 377 Mbit/s (495 Mbit/s with framing)
[1;36m[Device: id=0] RX[0m: 0.68 Mpps, 350 Mbit/s (460 Mbit/s with framing)
[0;34m[Device: id=0] TX[0m: 0.74 Mpps, 378 Mbit/s (497 Mbit/s with framing)
[1;36m[Device: id=0] RX[0m: 0.69 Mpps, 351 Mbit/s (461 Mbit/s with framing)
[0;34m[Device: id=0] TX[0m: 0.74 Mpps, 378 Mbit/s (497 Mbit/s with framing)
[1;36m[Device: id=0] RX[0m: 0.69 Mpps, 352 Mbit/s (462 Mbit/s with framing)
[0;34m[Device: id=0] TX[0m: 0.74 Mpps, 378 Mbit/s (497 Mbit/s with framing)
[1;36m[Device: id=0] RX[0m: 0.69 Mpps, 352 Mbit/s (461 Mbit/s with framing)
[0;34m[Device: id=0] TX[0m: 0.74 Mpps, 378 Mbit/s (497 Mbit/s with framing)
[1;36m[Device: id=0] RX[0m: 0.68 Mpps, 349 Mbit/s (458 Mbit/s with framing)
[0;34m[Device: id=0] TX[0m: 0.74 Mpps, 378 Mbit/s (497 Mbit/s with framing)
[1;36m[Device: id=0] RX[0m: 0.69 Mpps, 352 Mbit/s (462 Mbit/s with framing)
[0;34m[Device: id=0] TX[0m: 0.74 Mpps, 378 Mbit/s (497 Mbit/s with framing)
[1;36m[Device: id=0] RX[0m: 0.69 Mpps, 352 Mbit/s (462 Mbit/s with framing)
[0;34m[Device: id=0] TX[0m: 0.74 Mpps, 378 Mbit/s (497 Mbit/s with framing)
[1;36m[Device: id=0] RX[0m: 0.69 Mpps, 352 Mbit/s (462 Mbit/s with framing)
[0;34m[Device: id=0] TX[0m: 0.74 Mpps, 378 Mbit/s (497 Mbit/s with framing)
[1;36m[Device: id=0] RX[0m: 0.69 Mpps, 351 Mbit/s (461 Mbit/s with framing)
[0;34m[Device: id=0] TX[0m: 0.74 Mpps, 378 Mbit/s (497 Mbit/s with framing)
[1;36m[Device: id=0] RX[0m: 0.68 Mpps, 348 Mbit/s (457 Mbit/s with framing)
[0;34m[Device: id=0] TX[0m: 0.74 Mpps, 378 Mbit/s (497 Mbit/s with framing)
[1;36m[Device: id=0] RX[0m: 0.68 Mpps, 351 Mbit/s (460 Mbit/s with framing)
[0;34m[Device: id=0] TX[0m: 0.74 Mpps, 378 Mbit/s (497 Mbit/s with framing)
[1;36m[Device: id=0] RX[0m: 0.69 Mpps, 352 Mbit/s (462 Mbit/s with framing)
[0;34m[Device: id=0] TX[0m: 0.74 Mpps, 378 Mbit/s (497 Mbit/s with framing)
[1;36m[Device: id=0] RX[0m: 0.69 Mpps, 352 Mbit/s (462 Mbit/s with framing)
[0;34m[Device: id=0] TX[0m: 0.74 Mpps, 378 Mbit/s (497 Mbit/s with framing)
[1;36m[Device: id=0] RX[0m: 0.69 Mpps, 352 Mbit/s (462 Mbit/s with framing)
[0;34m[Device: id=0] TX[0m: 0.74 Mpps, 378 Mbit/s (497 Mbit/s with framing)
[1;36m[Device: id=0] RX[0m: 0.70 Mpps, 357 Mbit/s (468 Mbit/s with framing)
[0;34m[Device: id=0] TX[0m: 0.74 Mpps, 378 Mbit/s (497 Mbit/s with framing)
[1;36m[Device: id=0] RX[0m: 0.72 Mpps, 367 Mbit/s (482 Mbit/s with framing)
[0;34m[Device: id=0] TX[0m: 0.74 Mpps, 378 Mbit/s (497 Mbit/s with framing)
[1;36m[Device: id=0] RX[0m: 0.72 Mpps, 368 Mbit/s (483 Mbit/s with framing)
[0;34m[Device: id=0] TX[0m: 0.74 Mpps, 378 Mbit/s (497 Mbit/s with framing)
[1;36m[Device: id=0] RX[0m: 0.72 Mpps, 370 Mbit/s (485 Mbit/s with framing)
[0;34m[Device: id=0] TX[0m: 0.74 Mpps, 378 Mbit/s (497 Mbit/s with framing)
[1;36m[Device: id=0] RX[0m: 0.72 Mpps, 369 Mbit/s (484 Mbit/s with framing)
[0;34m[Device: id=0] TX[0m: 0.74 Mpps, 378 Mbit/s (497 Mbit/s with framing)
[1;36m[Device: id=0] RX[0m: 0.69 Mpps, 355 Mbit/s (466 Mbit/s with framing)
[0;34m[Device: id=0] TX[0m: 0.74 Mpps, 378 Mbit/s (497 Mbit/s with framing)
[1;36m[Device: id=0] RX[0m: 0.68 Mpps, 351 Mbit/s (460 Mbit/s with framing)
[0;34m[Device: id=0] TX[0m: 0.74 Mpps, 378 Mbit/s (497 Mbit/s with framing)
[1;36m[Device: id=0] RX[0m: 0.69 Mpps, 352 Mbit/s (461 Mbit/s with framing)
[0;34m[Device: id=0] TX[0m: 0.74 Mpps, 378 Mbit/s (497 Mbit/s with framing)
[1;36m[Device: id=0] RX[0m: 0.69 Mpps, 351 Mbit/s (461 Mbit/s with framing)
[0;34m[Device: id=0] TX[0m: 0.74 Mpps, 378 Mbit/s (497 Mbit/s with framing)
[1;36m[Device: id=0] RX[0m: 0.69 Mpps, 352 Mbit/s (462 Mbit/s with framing)
[0;34m[Device: id=0] TX[0m: 0.74 Mpps, 378 Mbit/s (497 Mbit/s with framing)
[1;36m[Device: id=0] RX[0m: 0.68 Mpps, 349 Mbit/s (458 Mbit/s with framing)
[0;34m[Device: id=0] TX[0m: 0.74 Mpps, 378 Mbit/s (497 Mbit/s with framing)
[1;36m[Device: id=0] RX[0m: 0.69 Mpps, 352 Mbit/s (462 Mbit/s with framing)
[0;34m[Device: id=0] TX[0m: 0.74 Mpps, 378 Mbit/s (497 Mbit/s with framing)
[1;36m[Device: id=0] RX[0m: 0.69 Mpps, 352 Mbit/s (462 Mbit/s with framing)
[0;34m[Device: id=0] TX[0m: 0.74 Mpps, 378 Mbit/s (497 Mbit/s with framing)
[1;36m[Device: id=0] RX[0m: 0.69 Mpps, 352 Mbit/s (462 Mbit/s with framing)
[0;34m[Device: id=0] TX[0m: 0.74 Mpps, 378 Mbit/s (497 Mbit/s with framing)
Samples: 64033, Average: 89159.1 ns, StdDev: 41565.4 ns, Quartiles: 51372.0/89404.0/124508.0 ns
[1;37m[INFO]  Saving histogram to '/tmp/histogram.csv'[0m
[1;36m[Device: id=0] RX[0m: 0.57 Mpps, 289 Mbit/s (380 Mbit/s with framing)
[1;36m[Device: id=0] RX[0m: 0.69 (StdDev 0.03) Mpps, 352 (StdDev 13) Mbit/s (462 Mbit/s with framing), total 20703311 packets with 1325024782 bytes (incl. CRC)
[0;34m[Device: id=0] TX[0m: 0.74 (StdDev 0.00) Mpps, 378 (StdDev 0) Mbit/s (497 Mbit/s with framing), total 22144058 packets with 1417219712 bytes (incl. CRC)
