EAL: Detected CPU lcores: 24
EAL: Detected NUMA nodes: 1
EAL: Static memory layout is selected, amount of reserved memory can be adjusted with -m or --socket-mem
EAL: Detected shared linkage of DPDK
EAL: Multi-process socket /var/run/dpdk/rte/mp_socket
EAL: Selected IOVA mode 'PA'
EAL: 512 hugepages of size 2097152 reserved, but no mounted hugetlbfs found for that size
EAL: VFIO support initialized
EAL: Probe PCI driver: net_ice (8086:1592) device: 0000:51:00.0 (socket 0)
ice_load_pkg_type(): Active package is: 1.3.26.0, ICE OS Default Package (single VLAN mode)
TELEMETRY: No legacy callbacks, legacy socket not created
[1;33m[WARN]  malloc() allocates objects >= 1 MiB from LuaJIT memory space.[0m
[1;33m[WARN]  Install libjemalloc if you encounter out of memory errors.[0m
[1;37m[INFO]  Initializing DPDK. This will take a few seconds...[0m
[1;37m[INFO]  Found 1 usable devices:[0m
   Device 0: B4:96:91:B3:8B:04 ([0;32mIntel Corporation Ethernet Controller E810-C for QSFP[0m)
[1;37m[INFO]  Waiting for devices to come up...[0m
[1;37m[INFO]  Device 0 (B4:96:91:B3:8B:04) is up: full-duplex 100000 MBit/s[0m
[1;37m[INFO]  [0;32m1 device is up.[0m[0m
[1;36m[Device: id=0] RX[0m: 0.63 Mpps, 322 Mbit/s (423 Mbit/s with framing)
[0;34m[Device: id=0] TX[0m: 0.63 Mpps, 322 Mbit/s (423 Mbit/s with framing)
[1;36m[Device: id=0] RX[0m: 0.63 Mpps, 323 Mbit/s (424 Mbit/s with framing)
[0;34m[Device: id=0] TX[0m: 0.63 Mpps, 323 Mbit/s (424 Mbit/s with framing)
[1;36m[Device: id=0] RX[0m: 0.63 Mpps, 323 Mbit/s (424 Mbit/s with framing)
[0;34m[Device: id=0] TX[0m: 0.63 Mpps, 323 Mbit/s (424 Mbit/s with framing)
[1;36m[Device: id=0] RX[0m: 0.63 Mpps, 323 Mbit/s (424 Mbit/s with framing)
[0;34m[Device: id=0] TX[0m: 0.63 Mpps, 323 Mbit/s (424 Mbit/s with framing)
[1;36m[Device: id=0] RX[0m: 0.63 Mpps, 323 Mbit/s (424 Mbit/s with framing)
[0;34m[Device: id=0] TX[0m: 0.63 Mpps, 323 Mbit/s (424 Mbit/s with framing)
[1;36m[Device: id=0] RX[0m: 0.63 Mpps, 323 Mbit/s (424 Mbit/s with framing)
[0;34m[Device: id=0] TX[0m: 0.63 Mpps, 323 Mbit/s (424 Mbit/s with framing)
[1;36m[Device: id=0] RX[0m: 0.63 Mpps, 323 Mbit/s (424 Mbit/s with framing)
[0;34m[Device: id=0] TX[0m: 0.63 Mpps, 323 Mbit/s (424 Mbit/s with framing)
[1;36m[Device: id=0] RX[0m: 0.63 Mpps, 323 Mbit/s (424 Mbit/s with framing)
[0;34m[Device: id=0] TX[0m: 0.63 Mpps, 323 Mbit/s (424 Mbit/s with framing)
[1;36m[Device: id=0] RX[0m: 0.63 Mpps, 323 Mbit/s (424 Mbit/s with framing)
[0;34m[Device: id=0] TX[0m: 0.63 Mpps, 323 Mbit/s (424 Mbit/s with framing)
[1;36m[Device: id=0] RX[0m: 0.63 Mpps, 323 Mbit/s (424 Mbit/s with framing)
[0;34m[Device: id=0] TX[0m: 0.63 Mpps, 323 Mbit/s (424 Mbit/s with framing)
[1;36m[Device: id=0] RX[0m: 0.63 Mpps, 323 Mbit/s (424 Mbit/s with framing)
[0;34m[Device: id=0] TX[0m: 0.63 Mpps, 323 Mbit/s (424 Mbit/s with framing)
[1;36m[Device: id=0] RX[0m: 0.63 Mpps, 323 Mbit/s (424 Mbit/s with framing)
[0;34m[Device: id=0] TX[0m: 0.63 Mpps, 323 Mbit/s (424 Mbit/s with framing)
[1;36m[Device: id=0] RX[0m: 0.63 Mpps, 323 Mbit/s (424 Mbit/s with framing)
[0;34m[Device: id=0] TX[0m: 0.63 Mpps, 323 Mbit/s (424 Mbit/s with framing)
[1;36m[Device: id=0] RX[0m: 0.63 Mpps, 323 Mbit/s (424 Mbit/s with framing)
[0;34m[Device: id=0] TX[0m: 0.63 Mpps, 323 Mbit/s (424 Mbit/s with framing)
[1;36m[Device: id=0] RX[0m: 0.63 Mpps, 323 Mbit/s (424 Mbit/s with framing)
[0;34m[Device: id=0] TX[0m: 0.63 Mpps, 323 Mbit/s (424 Mbit/s with framing)
[1;36m[Device: id=0] RX[0m: 0.63 Mpps, 323 Mbit/s (424 Mbit/s with framing)
[0;34m[Device: id=0] TX[0m: 0.63 Mpps, 323 Mbit/s (424 Mbit/s with framing)
[1;36m[Device: id=0] RX[0m: 0.63 Mpps, 323 Mbit/s (424 Mbit/s with framing)
[0;34m[Device: id=0] TX[0m: 0.63 Mpps, 323 Mbit/s (424 Mbit/s with framing)
[1;36m[Device: id=0] RX[0m: 0.63 Mpps, 323 Mbit/s (424 Mbit/s with framing)
[0;34m[Device: id=0] TX[0m: 0.63 Mpps, 323 Mbit/s (424 Mbit/s with framing)
[1;36m[Device: id=0] RX[0m: 0.63 Mpps, 323 Mbit/s (424 Mbit/s with framing)
[0;34m[Device: id=0] TX[0m: 0.63 Mpps, 323 Mbit/s (424 Mbit/s with framing)
[1;36m[Device: id=0] RX[0m: 0.63 Mpps, 323 Mbit/s (424 Mbit/s with framing)
[0;34m[Device: id=0] TX[0m: 0.63 Mpps, 323 Mbit/s (424 Mbit/s with framing)
[1;36m[Device: id=0] RX[0m: 0.63 Mpps, 323 Mbit/s (424 Mbit/s with framing)
[0;34m[Device: id=0] TX[0m: 0.63 Mpps, 323 Mbit/s (424 Mbit/s with framing)
[1;36m[Device: id=0] RX[0m: 0.63 Mpps, 323 Mbit/s (424 Mbit/s with framing)
[0;34m[Device: id=0] TX[0m: 0.63 Mpps, 323 Mbit/s (424 Mbit/s with framing)
[1;36m[Device: id=0] RX[0m: 0.63 Mpps, 323 Mbit/s (424 Mbit/s with framing)
[0;34m[Device: id=0] TX[0m: 0.63 Mpps, 323 Mbit/s (424 Mbit/s with framing)
[1;36m[Device: id=0] RX[0m: 0.63 Mpps, 323 Mbit/s (424 Mbit/s with framing)
[0;34m[Device: id=0] TX[0m: 0.63 Mpps, 323 Mbit/s (424 Mbit/s with framing)
[1;36m[Device: id=0] RX[0m: 0.63 Mpps, 323 Mbit/s (424 Mbit/s with framing)
[0;34m[Device: id=0] TX[0m: 0.63 Mpps, 323 Mbit/s (424 Mbit/s with framing)
[1;36m[Device: id=0] RX[0m: 0.63 Mpps, 323 Mbit/s (424 Mbit/s with framing)
[0;34m[Device: id=0] TX[0m: 0.63 Mpps, 323 Mbit/s (424 Mbit/s with framing)
[1;36m[Device: id=0] RX[0m: 0.63 Mpps, 323 Mbit/s (424 Mbit/s with framing)
[0;34m[Device: id=0] TX[0m: 0.63 Mpps, 323 Mbit/s (424 Mbit/s with framing)
[1;36m[Device: id=0] RX[0m: 0.63 Mpps, 323 Mbit/s (424 Mbit/s with framing)
[0;34m[Device: id=0] TX[0m: 0.63 Mpps, 323 Mbit/s (424 Mbit/s with framing)
[1;36m[Device: id=0] RX[0m: 0.63 Mpps, 323 Mbit/s (424 Mbit/s with framing)
[0;34m[Device: id=0] TX[0m: 0.63 Mpps, 323 Mbit/s (424 Mbit/s with framing)
Samples: 46519, Average: 287972.8 ns, StdDev: 42343.8 ns, Quartiles: 259429.0/286927.0/317190.0 ns
[1;37m[INFO]  Saving histogram to '/tmp/histogram.csv'[0m
[1;36m[Device: id=0] RX[0m: 0.51 Mpps, 261 Mbit/s (343 Mbit/s with framing)
[1;36m[Device: id=0] RX[0m: 0.63 (StdDev 0.02) Mpps, 321 (StdDev 11) Mbit/s (421 Mbit/s with framing), total 18907568 packets with 1210097262 bytes (incl. CRC)
[0;34m[Device: id=0] TX[0m: 0.63 (StdDev 0.00) Mpps, 323 (StdDev 0) Mbit/s (424 Mbit/s with framing), total 18906986 packets with 1210047104 bytes (incl. CRC)
