EAL: Detected CPU lcores: 24
EAL: Detected NUMA nodes: 1
EAL: Static memory layout is selected, amount of reserved memory can be adjusted with -m or --socket-mem
EAL: Detected shared linkage of DPDK
EAL: Multi-process socket /var/run/dpdk/rte/mp_socket
EAL: Selected IOVA mode 'PA'
EAL: 512 hugepages of size 2097152 reserved, but no mounted hugetlbfs found for that size
EAL: VFIO support initialized
EAL: Probe PCI driver: net_ice (8086:1592) device: 0000:51:00.0 (socket 0)
ice_load_pkg_type(): Active package is: 1.3.26.0, ICE OS Default Package (single VLAN mode)
TELEMETRY: No legacy callbacks, legacy socket not created
[1;33m[WARN]  malloc() allocates objects >= 1 MiB from LuaJIT memory space.[0m
[1;33m[WARN]  Install libjemalloc if you encounter out of memory errors.[0m
[1;37m[INFO]  Initializing DPDK. This will take a few seconds...[0m
[1;37m[INFO]  Found 1 usable devices:[0m
   Device 0: B4:96:91:B3:8B:04 ([0;32mIntel Corporation Ethernet Controller E810-C for QSFP[0m)
[1;37m[INFO]  Waiting for devices to come up...[0m
[1;37m[INFO]  Device 0 (B4:96:91:B3:8B:04) is up: full-duplex 100000 MBit/s[0m
[1;37m[INFO]  [0;32m1 device is up.[0m[0m
[1;36m[Device: id=0] RX[0m: 0.32 Mpps, 2658 Mbit/s (2710 Mbit/s with framing)
[0;34m[Device: id=0] TX[0m: 0.47 Mpps, 3867 Mbit/s (3943 Mbit/s with framing)
[1;36m[Device: id=0] RX[0m: 0.32 Mpps, 2657 Mbit/s (2709 Mbit/s with framing)
[0;34m[Device: id=0] TX[0m: 0.47 Mpps, 3867 Mbit/s (3943 Mbit/s with framing)
[1;36m[Device: id=0] RX[0m: 0.32 Mpps, 2660 Mbit/s (2712 Mbit/s with framing)
[0;34m[Device: id=0] TX[0m: 0.47 Mpps, 3867 Mbit/s (3943 Mbit/s with framing)
[1;36m[Device: id=0] RX[0m: 0.33 Mpps, 2668 Mbit/s (2721 Mbit/s with framing)
[0;34m[Device: id=0] TX[0m: 0.47 Mpps, 3867 Mbit/s (3943 Mbit/s with framing)
[1;36m[Device: id=0] RX[0m: 0.33 Mpps, 2669 Mbit/s (2722 Mbit/s with framing)
[0;34m[Device: id=0] TX[0m: 0.47 Mpps, 3867 Mbit/s (3943 Mbit/s with framing)
[1;36m[Device: id=0] RX[0m: 0.32 Mpps, 2660 Mbit/s (2712 Mbit/s with framing)
[0;34m[Device: id=0] TX[0m: 0.47 Mpps, 3867 Mbit/s (3943 Mbit/s with framing)
[1;36m[Device: id=0] RX[0m: 0.33 Mpps, 2690 Mbit/s (2743 Mbit/s with framing)
[0;34m[Device: id=0] TX[0m: 0.47 Mpps, 3867 Mbit/s (3943 Mbit/s with framing)
[1;36m[Device: id=0] RX[0m: 0.33 Mpps, 2692 Mbit/s (2745 Mbit/s with framing)
[0;34m[Device: id=0] TX[0m: 0.47 Mpps, 3867 Mbit/s (3943 Mbit/s with framing)
[1;36m[Device: id=0] RX[0m: 0.33 Mpps, 2677 Mbit/s (2730 Mbit/s with framing)
[0;34m[Device: id=0] TX[0m: 0.47 Mpps, 3867 Mbit/s (3943 Mbit/s with framing)
[1;36m[Device: id=0] RX[0m: 0.32 Mpps, 2659 Mbit/s (2711 Mbit/s with framing)
[0;34m[Device: id=0] TX[0m: 0.47 Mpps, 3867 Mbit/s (3943 Mbit/s with framing)
[1;36m[Device: id=0] RX[0m: 0.32 Mpps, 2649 Mbit/s (2701 Mbit/s with framing)
[0;34m[Device: id=0] TX[0m: 0.47 Mpps, 3867 Mbit/s (3943 Mbit/s with framing)
[1;36m[Device: id=0] RX[0m: 0.32 Mpps, 2650 Mbit/s (2702 Mbit/s with framing)
[0;34m[Device: id=0] TX[0m: 0.47 Mpps, 3867 Mbit/s (3943 Mbit/s with framing)
[1;36m[Device: id=0] RX[0m: 0.32 Mpps, 2644 Mbit/s (2696 Mbit/s with framing)
[0;34m[Device: id=0] TX[0m: 0.47 Mpps, 3867 Mbit/s (3943 Mbit/s with framing)
[1;36m[Device: id=0] RX[0m: 0.32 Mpps, 2657 Mbit/s (2709 Mbit/s with framing)
[0;34m[Device: id=0] TX[0m: 0.47 Mpps, 3867 Mbit/s (3943 Mbit/s with framing)
[1;36m[Device: id=0] RX[0m: 0.32 Mpps, 2662 Mbit/s (2714 Mbit/s with framing)
[0;34m[Device: id=0] TX[0m: 0.47 Mpps, 3867 Mbit/s (3943 Mbit/s with framing)
[1;36m[Device: id=0] RX[0m: 0.32 Mpps, 2660 Mbit/s (2712 Mbit/s with framing)
[0;34m[Device: id=0] TX[0m: 0.47 Mpps, 3867 Mbit/s (3943 Mbit/s with framing)
[1;36m[Device: id=0] RX[0m: 0.32 Mpps, 2645 Mbit/s (2697 Mbit/s with framing)
[0;34m[Device: id=0] TX[0m: 0.47 Mpps, 3867 Mbit/s (3943 Mbit/s with framing)
[1;36m[Device: id=0] RX[0m: 0.32 Mpps, 2659 Mbit/s (2711 Mbit/s with framing)
[0;34m[Device: id=0] TX[0m: 0.47 Mpps, 3867 Mbit/s (3943 Mbit/s with framing)
[1;36m[Device: id=0] RX[0m: 0.33 Mpps, 2663 Mbit/s (2715 Mbit/s with framing)
[0;34m[Device: id=0] TX[0m: 0.47 Mpps, 3867 Mbit/s (3943 Mbit/s with framing)
[1;36m[Device: id=0] RX[0m: 0.33 Mpps, 2674 Mbit/s (2726 Mbit/s with framing)
[0;34m[Device: id=0] TX[0m: 0.47 Mpps, 3867 Mbit/s (3943 Mbit/s with framing)
[1;36m[Device: id=0] RX[0m: 0.33 Mpps, 2663 Mbit/s (2715 Mbit/s with framing)
[0;34m[Device: id=0] TX[0m: 0.47 Mpps, 3867 Mbit/s (3943 Mbit/s with framing)
[1;36m[Device: id=0] RX[0m: 0.33 Mpps, 2684 Mbit/s (2736 Mbit/s with framing)
[0;34m[Device: id=0] TX[0m: 0.47 Mpps, 3867 Mbit/s (3943 Mbit/s with framing)
[1;36m[Device: id=0] RX[0m: 0.33 Mpps, 2697 Mbit/s (2750 Mbit/s with framing)
[0;34m[Device: id=0] TX[0m: 0.47 Mpps, 3867 Mbit/s (3943 Mbit/s with framing)
[1;36m[Device: id=0] RX[0m: 0.33 Mpps, 2683 Mbit/s (2735 Mbit/s with framing)
[0;34m[Device: id=0] TX[0m: 0.47 Mpps, 3867 Mbit/s (3943 Mbit/s with framing)
[1;36m[Device: id=0] RX[0m: 0.33 Mpps, 2689 Mbit/s (2741 Mbit/s with framing)
[0;34m[Device: id=0] TX[0m: 0.47 Mpps, 3867 Mbit/s (3943 Mbit/s with framing)
[1;36m[Device: id=0] RX[0m: 0.33 Mpps, 2722 Mbit/s (2775 Mbit/s with framing)
[0;34m[Device: id=0] TX[0m: 0.47 Mpps, 3867 Mbit/s (3943 Mbit/s with framing)
[1;36m[Device: id=0] RX[0m: 0.33 Mpps, 2734 Mbit/s (2787 Mbit/s with framing)
[0;34m[Device: id=0] TX[0m: 0.47 Mpps, 3867 Mbit/s (3943 Mbit/s with framing)
[1;36m[Device: id=0] RX[0m: 0.34 Mpps, 2758 Mbit/s (2812 Mbit/s with framing)
[0;34m[Device: id=0] TX[0m: 0.47 Mpps, 3867 Mbit/s (3943 Mbit/s with framing)
[1;36m[Device: id=0] RX[0m: 0.34 Mpps, 2767 Mbit/s (2821 Mbit/s with framing)
[0;34m[Device: id=0] TX[0m: 0.47 Mpps, 3867 Mbit/s (3943 Mbit/s with framing)
Samples: 1639, Average: 4513372.1 ns, StdDev: 129951.6 ns, Quartiles: 4428816.0/4520369.0/4599317.0 ns
[1;37m[INFO]  Saving histogram to '/tmp/histogram.csv'[0m
[1;36m[Device: id=0] RX[0m: 0.28 Mpps, 2263 Mbit/s (2307 Mbit/s with framing)
[1;36m[Device: id=0] RX[0m: 0.33 (StdDev 0.01) Mpps, 2664 (StdDev 83) Mbit/s (2716 Mbit/s with framing), total 9804524 packets with 10037466912 bytes (incl. CRC)
[0;34m[Device: id=0] TX[0m: 0.47 (StdDev 0.00) Mpps, 3867 (StdDev 0) Mbit/s (3943 Mbit/s with framing), total 14145859 packets with 14482854976 bytes (incl. CRC)
