EAL: Detected CPU lcores: 24
EAL: Detected NUMA nodes: 1
EAL: Static memory layout is selected, amount of reserved memory can be adjusted with -m or --socket-mem
EAL: Detected shared linkage of DPDK
EAL: Multi-process socket /var/run/dpdk/rte/mp_socket
EAL: Selected IOVA mode 'PA'
EAL: 512 hugepages of size 2097152 reserved, but no mounted hugetlbfs found for that size
EAL: VFIO support initialized
EAL: Probe PCI driver: net_ice (8086:1592) device: 0000:51:00.0 (socket 0)
ice_load_pkg_type(): Active package is: 1.3.26.0, ICE OS Default Package (single VLAN mode)
TELEMETRY: No legacy callbacks, legacy socket not created
[1;33m[WARN]  malloc() allocates objects >= 1 MiB from LuaJIT memory space.[0m
[1;33m[WARN]  Install libjemalloc if you encounter out of memory errors.[0m
[1;37m[INFO]  Initializing DPDK. This will take a few seconds...[0m
[1;37m[INFO]  Found 1 usable devices:[0m
   Device 0: B4:96:91:B3:8B:04 ([0;32mIntel Corporation Ethernet Controller E810-C for QSFP[0m)
[1;37m[INFO]  Waiting for devices to come up...[0m
[1;37m[INFO]  Device 0 (B4:96:91:B3:8B:04) is up: full-duplex 100000 MBit/s[0m
[1;37m[INFO]  [0;32m1 device is up.[0m[0m
[1;36m[Device: id=0] RX[0m: 0.33 Mpps, 2719 Mbit/s (2772 Mbit/s with framing)
[0;34m[Device: id=0] TX[0m: 0.63 Mpps, 5156 Mbit/s (5257 Mbit/s with framing)
[1;36m[Device: id=0] RX[0m: 0.33 Mpps, 2726 Mbit/s (2779 Mbit/s with framing)
[0;34m[Device: id=0] TX[0m: 0.63 Mpps, 5156 Mbit/s (5257 Mbit/s with framing)
[1;36m[Device: id=0] RX[0m: 0.33 Mpps, 2712 Mbit/s (2765 Mbit/s with framing)
[0;34m[Device: id=0] TX[0m: 0.63 Mpps, 5156 Mbit/s (5257 Mbit/s with framing)
[1;36m[Device: id=0] RX[0m: 0.34 Mpps, 2763 Mbit/s (2816 Mbit/s with framing)
[0;34m[Device: id=0] TX[0m: 0.63 Mpps, 5156 Mbit/s (5257 Mbit/s with framing)
[1;36m[Device: id=0] RX[0m: 0.33 Mpps, 2737 Mbit/s (2791 Mbit/s with framing)
[0;34m[Device: id=0] TX[0m: 0.63 Mpps, 5156 Mbit/s (5257 Mbit/s with framing)
[1;36m[Device: id=0] RX[0m: 0.34 Mpps, 2761 Mbit/s (2815 Mbit/s with framing)
[0;34m[Device: id=0] TX[0m: 0.63 Mpps, 5156 Mbit/s (5257 Mbit/s with framing)
[1;36m[Device: id=0] RX[0m: 0.34 Mpps, 2752 Mbit/s (2806 Mbit/s with framing)
[0;34m[Device: id=0] TX[0m: 0.63 Mpps, 5156 Mbit/s (5257 Mbit/s with framing)
[1;36m[Device: id=0] RX[0m: 0.33 Mpps, 2693 Mbit/s (2745 Mbit/s with framing)
[0;34m[Device: id=0] TX[0m: 0.63 Mpps, 5156 Mbit/s (5257 Mbit/s with framing)
[1;36m[Device: id=0] RX[0m: 0.33 Mpps, 2696 Mbit/s (2748 Mbit/s with framing)
[0;34m[Device: id=0] TX[0m: 0.63 Mpps, 5156 Mbit/s (5257 Mbit/s with framing)
[1;36m[Device: id=0] RX[0m: 0.33 Mpps, 2695 Mbit/s (2747 Mbit/s with framing)
[0;34m[Device: id=0] TX[0m: 0.63 Mpps, 5156 Mbit/s (5257 Mbit/s with framing)
[1;36m[Device: id=0] RX[0m: 0.33 Mpps, 2720 Mbit/s (2773 Mbit/s with framing)
[0;34m[Device: id=0] TX[0m: 0.63 Mpps, 5156 Mbit/s (5257 Mbit/s with framing)
[1;36m[Device: id=0] RX[0m: 0.32 Mpps, 2647 Mbit/s (2698 Mbit/s with framing)
[0;34m[Device: id=0] TX[0m: 0.63 Mpps, 5156 Mbit/s (5257 Mbit/s with framing)
[1;36m[Device: id=0] RX[0m: 0.32 Mpps, 2618 Mbit/s (2669 Mbit/s with framing)
[0;34m[Device: id=0] TX[0m: 0.63 Mpps, 5156 Mbit/s (5257 Mbit/s with framing)
[1;36m[Device: id=0] RX[0m: 0.32 Mpps, 2620 Mbit/s (2671 Mbit/s with framing)
[0;34m[Device: id=0] TX[0m: 0.63 Mpps, 5156 Mbit/s (5257 Mbit/s with framing)
[1;36m[Device: id=0] RX[0m: 0.33 Mpps, 2699 Mbit/s (2751 Mbit/s with framing)
[0;34m[Device: id=0] TX[0m: 0.63 Mpps, 5156 Mbit/s (5257 Mbit/s with framing)
[1;36m[Device: id=0] RX[0m: 0.33 Mpps, 2728 Mbit/s (2782 Mbit/s with framing)
[0;34m[Device: id=0] TX[0m: 0.63 Mpps, 5156 Mbit/s (5257 Mbit/s with framing)
[1;36m[Device: id=0] RX[0m: 0.33 Mpps, 2738 Mbit/s (2791 Mbit/s with framing)
[0;34m[Device: id=0] TX[0m: 0.63 Mpps, 5156 Mbit/s (5257 Mbit/s with framing)
[1;36m[Device: id=0] RX[0m: 0.33 Mpps, 2689 Mbit/s (2741 Mbit/s with framing)
[0;34m[Device: id=0] TX[0m: 0.63 Mpps, 5156 Mbit/s (5257 Mbit/s with framing)
[1;36m[Device: id=0] RX[0m: 0.32 Mpps, 2599 Mbit/s (2650 Mbit/s with framing)
[0;34m[Device: id=0] TX[0m: 0.63 Mpps, 5156 Mbit/s (5257 Mbit/s with framing)
[1;36m[Device: id=0] RX[0m: 0.32 Mpps, 2652 Mbit/s (2704 Mbit/s with framing)
[0;34m[Device: id=0] TX[0m: 0.63 Mpps, 5156 Mbit/s (5257 Mbit/s with framing)
[1;36m[Device: id=0] RX[0m: 0.33 Mpps, 2668 Mbit/s (2720 Mbit/s with framing)
[0;34m[Device: id=0] TX[0m: 0.63 Mpps, 5156 Mbit/s (5257 Mbit/s with framing)
[1;36m[Device: id=0] RX[0m: 0.33 Mpps, 2681 Mbit/s (2733 Mbit/s with framing)
[0;34m[Device: id=0] TX[0m: 0.63 Mpps, 5156 Mbit/s (5257 Mbit/s with framing)
[1;36m[Device: id=0] RX[0m: 0.33 Mpps, 2722 Mbit/s (2775 Mbit/s with framing)
[0;34m[Device: id=0] TX[0m: 0.63 Mpps, 5156 Mbit/s (5257 Mbit/s with framing)
[1;36m[Device: id=0] RX[0m: 0.32 Mpps, 2643 Mbit/s (2695 Mbit/s with framing)
[0;34m[Device: id=0] TX[0m: 0.63 Mpps, 5156 Mbit/s (5257 Mbit/s with framing)
[1;36m[Device: id=0] RX[0m: 0.32 Mpps, 2658 Mbit/s (2710 Mbit/s with framing)
[0;34m[Device: id=0] TX[0m: 0.63 Mpps, 5156 Mbit/s (5257 Mbit/s with framing)
[1;36m[Device: id=0] RX[0m: 0.33 Mpps, 2691 Mbit/s (2743 Mbit/s with framing)
[0;34m[Device: id=0] TX[0m: 0.63 Mpps, 5156 Mbit/s (5257 Mbit/s with framing)
[1;36m[Device: id=0] RX[0m: 0.33 Mpps, 2702 Mbit/s (2754 Mbit/s with framing)
[0;34m[Device: id=0] TX[0m: 0.63 Mpps, 5156 Mbit/s (5257 Mbit/s with framing)
[1;36m[Device: id=0] RX[0m: 0.33 Mpps, 2705 Mbit/s (2758 Mbit/s with framing)
[0;34m[Device: id=0] TX[0m: 0.63 Mpps, 5156 Mbit/s (5257 Mbit/s with framing)
[1;36m[Device: id=0] RX[0m: 0.33 Mpps, 2704 Mbit/s (2757 Mbit/s with framing)
[0;34m[Device: id=0] TX[0m: 0.63 Mpps, 5156 Mbit/s (5257 Mbit/s with framing)
Samples: 1061, Average: 4516819.0 ns, StdDev: 173849.3 ns, Quartiles: 4414619.0/4507341.0/4600596.0 ns
[1;37m[INFO]  Saving histogram to '/tmp/histogram.csv'[0m
[1;36m[Device: id=0] RX[0m: 0.27 Mpps, 2236 Mbit/s (2280 Mbit/s with framing)
[1;36m[Device: id=0] RX[0m: 0.33 (StdDev 0.01) Mpps, 2678 (StdDev 95) Mbit/s (2730 Mbit/s with framing), total 9864047 packets with 10098978898 bytes (incl. CRC)
[0;34m[Device: id=0] TX[0m: 0.63 (StdDev 0.00) Mpps, 5156 (StdDev 0) Mbit/s (5257 Mbit/s with framing), total 18870553 packets with 19321337152 bytes (incl. CRC)
