EAL: Detected CPU lcores: 24
EAL: Detected NUMA nodes: 1
EAL: Static memory layout is selected, amount of reserved memory can be adjusted with -m or --socket-mem
EAL: Detected shared linkage of DPDK
EAL: Multi-process socket /var/run/dpdk/rte/mp_socket
EAL: Selected IOVA mode 'PA'
EAL: 512 hugepages of size 2097152 reserved, but no mounted hugetlbfs found for that size
EAL: VFIO support initialized
EAL: Probe PCI driver: net_ice (8086:1592) device: 0000:51:00.0 (socket 0)
ice_load_pkg_type(): Active package is: 1.3.26.0, ICE OS Default Package (single VLAN mode)
TELEMETRY: No legacy callbacks, legacy socket not created
[1;33m[WARN]  malloc() allocates objects >= 1 MiB from LuaJIT memory space.[0m
[1;33m[WARN]  Install libjemalloc if you encounter out of memory errors.[0m
[1;37m[INFO]  Initializing DPDK. This will take a few seconds...[0m
[1;37m[INFO]  Found 1 usable devices:[0m
   Device 0: B4:96:91:B3:8B:04 ([0;32mIntel Corporation Ethernet Controller E810-C for QSFP[0m)
[1;37m[INFO]  Waiting for devices to come up...[0m
[1;37m[INFO]  Device 0 (B4:96:91:B3:8B:04) is up: full-duplex 100000 MBit/s[0m
[1;37m[INFO]  [0;32m1 device is up.[0m[0m
[1;36m[Device: id=0] RX[0m: 0.34 Mpps, 2762 Mbit/s (2816 Mbit/s with framing)
[0;34m[Device: id=0] TX[0m: 0.79 Mpps, 6445 Mbit/s (6571 Mbit/s with framing)
[1;36m[Device: id=0] RX[0m: 0.33 Mpps, 2738 Mbit/s (2791 Mbit/s with framing)
[0;34m[Device: id=0] TX[0m: 0.79 Mpps, 6445 Mbit/s (6571 Mbit/s with framing)
[1;36m[Device: id=0] RX[0m: 0.34 Mpps, 2746 Mbit/s (2800 Mbit/s with framing)
[0;34m[Device: id=0] TX[0m: 0.79 Mpps, 6445 Mbit/s (6571 Mbit/s with framing)
[1;36m[Device: id=0] RX[0m: 0.33 Mpps, 2729 Mbit/s (2783 Mbit/s with framing)
[0;34m[Device: id=0] TX[0m: 0.79 Mpps, 6445 Mbit/s (6571 Mbit/s with framing)
[1;36m[Device: id=0] RX[0m: 0.33 Mpps, 2715 Mbit/s (2768 Mbit/s with framing)
[0;34m[Device: id=0] TX[0m: 0.79 Mpps, 6445 Mbit/s (6571 Mbit/s with framing)
[1;36m[Device: id=0] RX[0m: 0.33 Mpps, 2726 Mbit/s (2779 Mbit/s with framing)
[0;34m[Device: id=0] TX[0m: 0.79 Mpps, 6445 Mbit/s (6571 Mbit/s with framing)
[1;36m[Device: id=0] RX[0m: 0.33 Mpps, 2727 Mbit/s (2781 Mbit/s with framing)
[0;34m[Device: id=0] TX[0m: 0.79 Mpps, 6445 Mbit/s (6571 Mbit/s with framing)
[1;36m[Device: id=0] RX[0m: 0.33 Mpps, 2732 Mbit/s (2786 Mbit/s with framing)
[0;34m[Device: id=0] TX[0m: 0.79 Mpps, 6445 Mbit/s (6571 Mbit/s with framing)
[1;36m[Device: id=0] RX[0m: 0.33 Mpps, 2721 Mbit/s (2774 Mbit/s with framing)
[0;34m[Device: id=0] TX[0m: 0.79 Mpps, 6445 Mbit/s (6571 Mbit/s with framing)
[1;36m[Device: id=0] RX[0m: 0.33 Mpps, 2738 Mbit/s (2792 Mbit/s with framing)
[0;34m[Device: id=0] TX[0m: 0.79 Mpps, 6445 Mbit/s (6571 Mbit/s with framing)
[1;36m[Device: id=0] RX[0m: 0.34 Mpps, 2755 Mbit/s (2809 Mbit/s with framing)
[0;34m[Device: id=0] TX[0m: 0.79 Mpps, 6445 Mbit/s (6571 Mbit/s with framing)
[1;36m[Device: id=0] RX[0m: 0.33 Mpps, 2742 Mbit/s (2795 Mbit/s with framing)
[0;34m[Device: id=0] TX[0m: 0.79 Mpps, 6445 Mbit/s (6571 Mbit/s with framing)
[1;36m[Device: id=0] RX[0m: 0.33 Mpps, 2738 Mbit/s (2791 Mbit/s with framing)
[0;34m[Device: id=0] TX[0m: 0.79 Mpps, 6445 Mbit/s (6571 Mbit/s with framing)
[1;36m[Device: id=0] RX[0m: 0.33 Mpps, 2739 Mbit/s (2793 Mbit/s with framing)
[0;34m[Device: id=0] TX[0m: 0.79 Mpps, 6445 Mbit/s (6571 Mbit/s with framing)
[1;36m[Device: id=0] RX[0m: 0.33 Mpps, 2739 Mbit/s (2792 Mbit/s with framing)
[0;34m[Device: id=0] TX[0m: 0.79 Mpps, 6445 Mbit/s (6571 Mbit/s with framing)
[1;36m[Device: id=0] RX[0m: 0.33 Mpps, 2735 Mbit/s (2789 Mbit/s with framing)
[0;34m[Device: id=0] TX[0m: 0.79 Mpps, 6445 Mbit/s (6571 Mbit/s with framing)
[1;36m[Device: id=0] RX[0m: 0.33 Mpps, 2730 Mbit/s (2784 Mbit/s with framing)
[0;34m[Device: id=0] TX[0m: 0.79 Mpps, 6445 Mbit/s (6571 Mbit/s with framing)
[1;36m[Device: id=0] RX[0m: 0.34 Mpps, 2762 Mbit/s (2816 Mbit/s with framing)
[0;34m[Device: id=0] TX[0m: 0.79 Mpps, 6445 Mbit/s (6571 Mbit/s with framing)
[1;36m[Device: id=0] RX[0m: 0.33 Mpps, 2721 Mbit/s (2774 Mbit/s with framing)
[0;34m[Device: id=0] TX[0m: 0.79 Mpps, 6445 Mbit/s (6571 Mbit/s with framing)
[1;36m[Device: id=0] RX[0m: 0.33 Mpps, 2683 Mbit/s (2736 Mbit/s with framing)
[0;34m[Device: id=0] TX[0m: 0.79 Mpps, 6445 Mbit/s (6571 Mbit/s with framing)
[1;36m[Device: id=0] RX[0m: 0.33 Mpps, 2729 Mbit/s (2782 Mbit/s with framing)
[0;34m[Device: id=0] TX[0m: 0.79 Mpps, 6445 Mbit/s (6571 Mbit/s with framing)
[1;36m[Device: id=0] RX[0m: 0.33 Mpps, 2706 Mbit/s (2759 Mbit/s with framing)
[0;34m[Device: id=0] TX[0m: 0.79 Mpps, 6445 Mbit/s (6571 Mbit/s with framing)
[1;36m[Device: id=0] RX[0m: 0.33 Mpps, 2673 Mbit/s (2726 Mbit/s with framing)
[0;34m[Device: id=0] TX[0m: 0.79 Mpps, 6445 Mbit/s (6571 Mbit/s with framing)
[1;36m[Device: id=0] RX[0m: 0.33 Mpps, 2678 Mbit/s (2730 Mbit/s with framing)
[0;34m[Device: id=0] TX[0m: 0.79 Mpps, 6445 Mbit/s (6571 Mbit/s with framing)
[1;36m[Device: id=0] RX[0m: 0.33 Mpps, 2663 Mbit/s (2715 Mbit/s with framing)
[0;34m[Device: id=0] TX[0m: 0.79 Mpps, 6445 Mbit/s (6571 Mbit/s with framing)
[1;36m[Device: id=0] RX[0m: 0.33 Mpps, 2738 Mbit/s (2792 Mbit/s with framing)
[0;34m[Device: id=0] TX[0m: 0.79 Mpps, 6445 Mbit/s (6571 Mbit/s with framing)
[1;36m[Device: id=0] RX[0m: 0.33 Mpps, 2726 Mbit/s (2779 Mbit/s with framing)
[0;34m[Device: id=0] TX[0m: 0.79 Mpps, 6445 Mbit/s (6571 Mbit/s with framing)
[1;36m[Device: id=0] RX[0m: 0.33 Mpps, 2687 Mbit/s (2739 Mbit/s with framing)
[0;34m[Device: id=0] TX[0m: 0.79 Mpps, 6445 Mbit/s (6571 Mbit/s with framing)
[1;36m[Device: id=0] RX[0m: 0.33 Mpps, 2699 Mbit/s (2752 Mbit/s with framing)
[0;34m[Device: id=0] TX[0m: 0.79 Mpps, 6445 Mbit/s (6571 Mbit/s with framing)
Samples: 878, Average: 4492170.6 ns, StdDev: 142983.3 ns, Quartiles: 4405111.0/4494127.0/4573214.0 ns
[1;37m[INFO]  Saving histogram to '/tmp/histogram.csv'[0m
[1;36m[Device: id=0] RX[0m: 0.27 Mpps, 2213 Mbit/s (2257 Mbit/s with framing)
[1;36m[Device: id=0] RX[0m: 0.33 (StdDev 0.01) Mpps, 2705 (StdDev 98) Mbit/s (2757 Mbit/s with framing), total 9962829 packets with 10200306731 bytes (incl. CRC)
[0;34m[Device: id=0] TX[0m: 0.79 (StdDev 0.00) Mpps, 6445 (StdDev 0) Mbit/s (6571 Mbit/s with framing), total 23575514 packets with 24139348736 bytes (incl. CRC)
