EAL: Detected CPU lcores: 24
EAL: Detected NUMA nodes: 1
EAL: Static memory layout is selected, amount of reserved memory can be adjusted with -m or --socket-mem
EAL: Detected shared linkage of DPDK
EAL: Multi-process socket /var/run/dpdk/rte/mp_socket
EAL: Selected IOVA mode 'PA'
EAL: 512 hugepages of size 2097152 reserved, but no mounted hugetlbfs found for that size
EAL: VFIO support initialized
EAL: Probe PCI driver: net_ice (8086:1592) device: 0000:51:00.0 (socket 0)
ice_load_pkg_type(): Active package is: 1.3.26.0, ICE OS Default Package (single VLAN mode)
TELEMETRY: No legacy callbacks, legacy socket not created
[1;33m[WARN]  malloc() allocates objects >= 1 MiB from LuaJIT memory space.[0m
[1;33m[WARN]  Install libjemalloc if you encounter out of memory errors.[0m
[1;37m[INFO]  Initializing DPDK. This will take a few seconds...[0m
[1;37m[INFO]  Found 1 usable devices:[0m
   Device 0: B4:96:91:B3:8B:04 ([0;32mIntel Corporation Ethernet Controller E810-C for QSFP[0m)
[1;37m[INFO]  Waiting for devices to come up...[0m
[1;37m[INFO]  Device 0 (B4:96:91:B3:8B:04) is up: full-duplex 100000 MBit/s[0m
[1;37m[INFO]  [0;32m1 device is up.[0m[0m
[1;36m[Device: id=0] RX[0m: 0.64 Mpps, 5269 Mbit/s (5372 Mbit/s with framing)
[0;34m[Device: id=0] TX[0m: 0.74 Mpps, 6035 Mbit/s (6153 Mbit/s with framing)
[1;36m[Device: id=0] RX[0m: 0.65 Mpps, 5298 Mbit/s (5401 Mbit/s with framing)
[0;34m[Device: id=0] TX[0m: 0.74 Mpps, 6035 Mbit/s (6153 Mbit/s with framing)
[1;36m[Device: id=0] RX[0m: 0.64 Mpps, 5262 Mbit/s (5365 Mbit/s with framing)
[0;34m[Device: id=0] TX[0m: 0.74 Mpps, 6035 Mbit/s (6153 Mbit/s with framing)
[1;36m[Device: id=0] RX[0m: 0.64 Mpps, 5244 Mbit/s (5346 Mbit/s with framing)
[0;34m[Device: id=0] TX[0m: 0.74 Mpps, 6035 Mbit/s (6153 Mbit/s with framing)
[1;36m[Device: id=0] RX[0m: 0.64 Mpps, 5245 Mbit/s (5348 Mbit/s with framing)
[0;34m[Device: id=0] TX[0m: 0.74 Mpps, 6035 Mbit/s (6153 Mbit/s with framing)
[1;36m[Device: id=0] RX[0m: 0.64 Mpps, 5241 Mbit/s (5343 Mbit/s with framing)
[0;34m[Device: id=0] TX[0m: 0.74 Mpps, 6035 Mbit/s (6153 Mbit/s with framing)
[1;36m[Device: id=0] RX[0m: 0.64 Mpps, 5235 Mbit/s (5338 Mbit/s with framing)
[0;34m[Device: id=0] TX[0m: 0.74 Mpps, 6035 Mbit/s (6153 Mbit/s with framing)
[1;36m[Device: id=0] RX[0m: 0.64 Mpps, 5230 Mbit/s (5332 Mbit/s with framing)
[0;34m[Device: id=0] TX[0m: 0.74 Mpps, 6035 Mbit/s (6153 Mbit/s with framing)
[1;36m[Device: id=0] RX[0m: 0.63 Mpps, 5146 Mbit/s (5246 Mbit/s with framing)
[0;34m[Device: id=0] TX[0m: 0.74 Mpps, 6035 Mbit/s (6153 Mbit/s with framing)
[1;36m[Device: id=0] RX[0m: 0.65 Mpps, 5296 Mbit/s (5400 Mbit/s with framing)
[0;34m[Device: id=0] TX[0m: 0.74 Mpps, 6035 Mbit/s (6153 Mbit/s with framing)
[1;36m[Device: id=0] RX[0m: 0.65 Mpps, 5293 Mbit/s (5396 Mbit/s with framing)
[0;34m[Device: id=0] TX[0m: 0.74 Mpps, 6035 Mbit/s (6153 Mbit/s with framing)
[1;36m[Device: id=0] RX[0m: 0.65 Mpps, 5297 Mbit/s (5400 Mbit/s with framing)
[0;34m[Device: id=0] TX[0m: 0.74 Mpps, 6035 Mbit/s (6153 Mbit/s with framing)
[1;36m[Device: id=0] RX[0m: 0.65 Mpps, 5289 Mbit/s (5393 Mbit/s with framing)
[0;34m[Device: id=0] TX[0m: 0.74 Mpps, 6035 Mbit/s (6153 Mbit/s with framing)
[1;36m[Device: id=0] RX[0m: 0.64 Mpps, 5276 Mbit/s (5379 Mbit/s with framing)
[0;34m[Device: id=0] TX[0m: 0.74 Mpps, 6035 Mbit/s (6153 Mbit/s with framing)
[1;36m[Device: id=0] RX[0m: 0.65 Mpps, 5322 Mbit/s (5426 Mbit/s with framing)
[0;34m[Device: id=0] TX[0m: 0.74 Mpps, 6035 Mbit/s (6153 Mbit/s with framing)
[1;36m[Device: id=0] RX[0m: 0.65 Mpps, 5314 Mbit/s (5417 Mbit/s with framing)
[0;34m[Device: id=0] TX[0m: 0.74 Mpps, 6035 Mbit/s (6153 Mbit/s with framing)
[1;36m[Device: id=0] RX[0m: 0.65 Mpps, 5305 Mbit/s (5409 Mbit/s with framing)
[0;34m[Device: id=0] TX[0m: 0.74 Mpps, 6035 Mbit/s (6153 Mbit/s with framing)
[1;36m[Device: id=0] RX[0m: 0.65 Mpps, 5313 Mbit/s (5417 Mbit/s with framing)
[0;34m[Device: id=0] TX[0m: 0.74 Mpps, 6035 Mbit/s (6153 Mbit/s with framing)
[1;36m[Device: id=0] RX[0m: 0.65 Mpps, 5305 Mbit/s (5409 Mbit/s with framing)
[0;34m[Device: id=0] TX[0m: 0.74 Mpps, 6035 Mbit/s (6153 Mbit/s with framing)
[1;36m[Device: id=0] RX[0m: 0.65 Mpps, 5332 Mbit/s (5436 Mbit/s with framing)
[0;34m[Device: id=0] TX[0m: 0.74 Mpps, 6035 Mbit/s (6153 Mbit/s with framing)
[1;36m[Device: id=0] RX[0m: 0.65 Mpps, 5320 Mbit/s (5424 Mbit/s with framing)
[0;34m[Device: id=0] TX[0m: 0.74 Mpps, 6035 Mbit/s (6153 Mbit/s with framing)
[1;36m[Device: id=0] RX[0m: 0.65 Mpps, 5324 Mbit/s (5428 Mbit/s with framing)
[0;34m[Device: id=0] TX[0m: 0.74 Mpps, 6035 Mbit/s (6153 Mbit/s with framing)
[1;36m[Device: id=0] RX[0m: 0.66 Mpps, 5408 Mbit/s (5514 Mbit/s with framing)
[0;34m[Device: id=0] TX[0m: 0.74 Mpps, 6035 Mbit/s (6153 Mbit/s with framing)
[1;36m[Device: id=0] RX[0m: 0.66 Mpps, 5393 Mbit/s (5498 Mbit/s with framing)
[0;34m[Device: id=0] TX[0m: 0.74 Mpps, 6035 Mbit/s (6153 Mbit/s with framing)
[1;36m[Device: id=0] RX[0m: 0.66 Mpps, 5409 Mbit/s (5515 Mbit/s with framing)
[0;34m[Device: id=0] TX[0m: 0.74 Mpps, 6035 Mbit/s (6153 Mbit/s with framing)
[1;36m[Device: id=0] RX[0m: 0.66 Mpps, 5407 Mbit/s (5513 Mbit/s with framing)
[0;34m[Device: id=0] TX[0m: 0.74 Mpps, 6035 Mbit/s (6153 Mbit/s with framing)
[1;36m[Device: id=0] RX[0m: 0.66 Mpps, 5405 Mbit/s (5511 Mbit/s with framing)
[0;34m[Device: id=0] TX[0m: 0.74 Mpps, 6035 Mbit/s (6153 Mbit/s with framing)
[1;36m[Device: id=0] RX[0m: 0.66 Mpps, 5398 Mbit/s (5504 Mbit/s with framing)
[0;34m[Device: id=0] TX[0m: 0.74 Mpps, 6035 Mbit/s (6153 Mbit/s with framing)
[1;36m[Device: id=0] RX[0m: 0.65 Mpps, 5361 Mbit/s (5466 Mbit/s with framing)
[0;34m[Device: id=0] TX[0m: 0.74 Mpps, 6035 Mbit/s (6153 Mbit/s with framing)
Samples: 4468, Average: 1890283.0 ns, StdDev: 195976.2 ns, Quartiles: 1699898.0/1959392.0/2064228.0 ns
[1;37m[INFO]  Saving histogram to '/tmp/histogram.csv'[0m
[1;36m[Device: id=0] RX[0m: 0.53 Mpps, 4359 Mbit/s (4444 Mbit/s with framing)
[1;36m[Device: id=0] RX[0m: 0.64 (StdDev 0.02) Mpps, 5277 (StdDev 188) Mbit/s (5380 Mbit/s with framing), total 19429553 packets with 19891124036 bytes (incl. CRC)
[0;34m[Device: id=0] TX[0m: 0.74 (StdDev 0.00) Mpps, 6035 (StdDev 0) Mbit/s (6153 Mbit/s with framing), total 22083131 packets with 22608043072 bytes (incl. CRC)
