EAL: Detected CPU lcores: 24
EAL: Detected NUMA nodes: 1
EAL: Static memory layout is selected, amount of reserved memory can be adjusted with -m or --socket-mem
EAL: Detected shared linkage of DPDK
EAL: Multi-process socket /var/run/dpdk/rte/mp_socket
EAL: Selected IOVA mode 'PA'
EAL: 512 hugepages of size 2097152 reserved, but no mounted hugetlbfs found for that size
EAL: VFIO support initialized
EAL: Probe PCI driver: net_ice (8086:1592) device: 0000:51:00.0 (socket 0)
ice_load_pkg_type(): Active package is: 1.3.26.0, ICE OS Default Package (single VLAN mode)
TELEMETRY: No legacy callbacks, legacy socket not created
[1;33m[WARN]  malloc() allocates objects >= 1 MiB from LuaJIT memory space.[0m
[1;33m[WARN]  Install libjemalloc if you encounter out of memory errors.[0m
[1;37m[INFO]  Initializing DPDK. This will take a few seconds...[0m
[1;37m[INFO]  Found 1 usable devices:[0m
   Device 0: B4:96:91:B3:8B:04 ([0;32mIntel Corporation Ethernet Controller E810-C for QSFP[0m)
[1;37m[INFO]  Waiting for devices to come up...[0m
[1;37m[INFO]  Device 0 (B4:96:91:B3:8B:04) is up: full-duplex 100000 MBit/s[0m
[1;37m[INFO]  [0;32m1 device is up.[0m[0m
[1;36m[Device: id=0] RX[0m: 0.66 Mpps, 5438 Mbit/s (5544 Mbit/s with framing)
[0;34m[Device: id=0] TX[0m: 0.74 Mpps, 6035 Mbit/s (6153 Mbit/s with framing)
[1;36m[Device: id=0] RX[0m: 0.66 Mpps, 5436 Mbit/s (5542 Mbit/s with framing)
[0;34m[Device: id=0] TX[0m: 0.74 Mpps, 6035 Mbit/s (6153 Mbit/s with framing)
[1;36m[Device: id=0] RX[0m: 0.66 Mpps, 5440 Mbit/s (5547 Mbit/s with framing)
[0;34m[Device: id=0] TX[0m: 0.74 Mpps, 6035 Mbit/s (6153 Mbit/s with framing)
[1;36m[Device: id=0] RX[0m: 0.66 Mpps, 5409 Mbit/s (5515 Mbit/s with framing)
[0;34m[Device: id=0] TX[0m: 0.74 Mpps, 6035 Mbit/s (6153 Mbit/s with framing)
[1;36m[Device: id=0] RX[0m: 0.66 Mpps, 5416 Mbit/s (5522 Mbit/s with framing)
[0;34m[Device: id=0] TX[0m: 0.74 Mpps, 6035 Mbit/s (6153 Mbit/s with framing)
[1;36m[Device: id=0] RX[0m: 0.66 Mpps, 5419 Mbit/s (5525 Mbit/s with framing)
[0;34m[Device: id=0] TX[0m: 0.74 Mpps, 6035 Mbit/s (6153 Mbit/s with framing)
[1;36m[Device: id=0] RX[0m: 0.67 Mpps, 5461 Mbit/s (5568 Mbit/s with framing)
[0;34m[Device: id=0] TX[0m: 0.74 Mpps, 6035 Mbit/s (6153 Mbit/s with framing)
[1;36m[Device: id=0] RX[0m: 0.66 Mpps, 5442 Mbit/s (5548 Mbit/s with framing)
[0;34m[Device: id=0] TX[0m: 0.74 Mpps, 6035 Mbit/s (6153 Mbit/s with framing)
[1;36m[Device: id=0] RX[0m: 0.67 Mpps, 5451 Mbit/s (5557 Mbit/s with framing)
[0;34m[Device: id=0] TX[0m: 0.74 Mpps, 6035 Mbit/s (6153 Mbit/s with framing)
[1;36m[Device: id=0] RX[0m: 0.66 Mpps, 5390 Mbit/s (5496 Mbit/s with framing)
[0;34m[Device: id=0] TX[0m: 0.74 Mpps, 6035 Mbit/s (6153 Mbit/s with framing)
[1;36m[Device: id=0] RX[0m: 0.65 Mpps, 5331 Mbit/s (5435 Mbit/s with framing)
[0;34m[Device: id=0] TX[0m: 0.74 Mpps, 6035 Mbit/s (6153 Mbit/s with framing)
[1;36m[Device: id=0] RX[0m: 0.67 Mpps, 5479 Mbit/s (5587 Mbit/s with framing)
[0;34m[Device: id=0] TX[0m: 0.74 Mpps, 6035 Mbit/s (6153 Mbit/s with framing)
[1;36m[Device: id=0] RX[0m: 0.67 Mpps, 5485 Mbit/s (5592 Mbit/s with framing)
[0;34m[Device: id=0] TX[0m: 0.74 Mpps, 6035 Mbit/s (6153 Mbit/s with framing)
[1;36m[Device: id=0] RX[0m: 0.67 Mpps, 5475 Mbit/s (5582 Mbit/s with framing)
[0;34m[Device: id=0] TX[0m: 0.74 Mpps, 6035 Mbit/s (6153 Mbit/s with framing)
[1;36m[Device: id=0] RX[0m: 0.67 Mpps, 5452 Mbit/s (5558 Mbit/s with framing)
[0;34m[Device: id=0] TX[0m: 0.74 Mpps, 6035 Mbit/s (6153 Mbit/s with framing)
[1;36m[Device: id=0] RX[0m: 0.66 Mpps, 5374 Mbit/s (5479 Mbit/s with framing)
[0;34m[Device: id=0] TX[0m: 0.74 Mpps, 6035 Mbit/s (6153 Mbit/s with framing)
[1;36m[Device: id=0] RX[0m: 0.67 Mpps, 5503 Mbit/s (5610 Mbit/s with framing)
[0;34m[Device: id=0] TX[0m: 0.74 Mpps, 6035 Mbit/s (6153 Mbit/s with framing)
[1;36m[Device: id=0] RX[0m: 0.67 Mpps, 5524 Mbit/s (5632 Mbit/s with framing)
[0;34m[Device: id=0] TX[0m: 0.74 Mpps, 6035 Mbit/s (6153 Mbit/s with framing)
[1;36m[Device: id=0] RX[0m: 0.67 Mpps, 5503 Mbit/s (5611 Mbit/s with framing)
[0;34m[Device: id=0] TX[0m: 0.74 Mpps, 6035 Mbit/s (6153 Mbit/s with framing)
[1;36m[Device: id=0] RX[0m: 0.67 Mpps, 5505 Mbit/s (5613 Mbit/s with framing)
[0;34m[Device: id=0] TX[0m: 0.74 Mpps, 6035 Mbit/s (6153 Mbit/s with framing)
[1;36m[Device: id=0] RX[0m: 0.66 Mpps, 5445 Mbit/s (5551 Mbit/s with framing)
[0;34m[Device: id=0] TX[0m: 0.74 Mpps, 6035 Mbit/s (6153 Mbit/s with framing)
[1;36m[Device: id=0] RX[0m: 0.67 Mpps, 5498 Mbit/s (5606 Mbit/s with framing)
[0;34m[Device: id=0] TX[0m: 0.74 Mpps, 6035 Mbit/s (6153 Mbit/s with framing)
[1;36m[Device: id=0] RX[0m: 0.67 Mpps, 5491 Mbit/s (5598 Mbit/s with framing)
[0;34m[Device: id=0] TX[0m: 0.74 Mpps, 6035 Mbit/s (6153 Mbit/s with framing)
[1;36m[Device: id=0] RX[0m: 0.67 Mpps, 5501 Mbit/s (5608 Mbit/s with framing)
[0;34m[Device: id=0] TX[0m: 0.74 Mpps, 6035 Mbit/s (6153 Mbit/s with framing)
[1;36m[Device: id=0] RX[0m: 0.67 Mpps, 5525 Mbit/s (5633 Mbit/s with framing)
[0;34m[Device: id=0] TX[0m: 0.74 Mpps, 6035 Mbit/s (6153 Mbit/s with framing)
[1;36m[Device: id=0] RX[0m: 0.67 Mpps, 5506 Mbit/s (5614 Mbit/s with framing)
[0;34m[Device: id=0] TX[0m: 0.74 Mpps, 6035 Mbit/s (6153 Mbit/s with framing)
[1;36m[Device: id=0] RX[0m: 0.67 Mpps, 5522 Mbit/s (5630 Mbit/s with framing)
[0;34m[Device: id=0] TX[0m: 0.74 Mpps, 6035 Mbit/s (6153 Mbit/s with framing)
[1;36m[Device: id=0] RX[0m: 0.67 Mpps, 5509 Mbit/s (5617 Mbit/s with framing)
[0;34m[Device: id=0] TX[0m: 0.74 Mpps, 6035 Mbit/s (6153 Mbit/s with framing)
[1;36m[Device: id=0] RX[0m: 0.67 Mpps, 5518 Mbit/s (5626 Mbit/s with framing)
[0;34m[Device: id=0] TX[0m: 0.74 Mpps, 6035 Mbit/s (6153 Mbit/s with framing)
Samples: 5206, Average: 1201936.7 ns, StdDev: 126864.0 ns, Quartiles: 1174252.0/1232203.0/1280548.0 ns
[1;37m[INFO]  Saving histogram to '/tmp/histogram.csv'[0m
[1;36m[Device: id=0] RX[0m: 0.56 Mpps, 4598 Mbit/s (4688 Mbit/s with framing)
[1;36m[Device: id=0] RX[0m: 0.66 (StdDev 0.02) Mpps, 5435 (StdDev 168) Mbit/s (5541 Mbit/s with framing), total 20008067 packets with 20482476254 bytes (incl. CRC)
[0;34m[Device: id=0] TX[0m: 0.74 (StdDev 0.00) Mpps, 6035 (StdDev 0) Mbit/s (6153 Mbit/s with framing), total 22092741 packets with 22616960192 bytes (incl. CRC)
