EAL: Detected CPU lcores: 24
EAL: Detected NUMA nodes: 1
EAL: Static memory layout is selected, amount of reserved memory can be adjusted with -m or --socket-mem
EAL: Detected shared linkage of DPDK
EAL: Multi-process socket /var/run/dpdk/rte/mp_socket
EAL: Selected IOVA mode 'PA'
EAL: 512 hugepages of size 2097152 reserved, but no mounted hugetlbfs found for that size
EAL: VFIO support initialized
EAL: Probe PCI driver: net_ice (8086:1592) device: 0000:51:00.0 (socket 0)
ice_load_pkg_type(): Active package is: 1.3.26.0, ICE OS Default Package (single VLAN mode)
TELEMETRY: No legacy callbacks, legacy socket not created
[1;33m[WARN]  malloc() allocates objects >= 1 MiB from LuaJIT memory space.[0m
[1;33m[WARN]  Install libjemalloc if you encounter out of memory errors.[0m
[1;37m[INFO]  Initializing DPDK. This will take a few seconds...[0m
[1;37m[INFO]  Found 1 usable devices:[0m
   Device 0: B4:96:91:B3:8B:04 ([0;32mIntel Corporation Ethernet Controller E810-C for QSFP[0m)
[1;37m[INFO]  Waiting for devices to come up...[0m
[1;37m[INFO]  Device 0 (B4:96:91:B3:8B:04) is up: full-duplex 100000 MBit/s[0m
[1;37m[INFO]  [0;32m1 device is up.[0m[0m
[1;36m[Device: id=0] RX[0m: 0.29 Mpps, 2413 Mbit/s (2460 Mbit/s with framing)
[0;34m[Device: id=0] TX[0m: 0.47 Mpps, 3867 Mbit/s (3943 Mbit/s with framing)
[1;36m[Device: id=0] RX[0m: 0.30 Mpps, 2422 Mbit/s (2470 Mbit/s with framing)
[0;34m[Device: id=0] TX[0m: 0.47 Mpps, 3867 Mbit/s (3943 Mbit/s with framing)
[1;36m[Device: id=0] RX[0m: 0.29 Mpps, 2401 Mbit/s (2448 Mbit/s with framing)
[0;34m[Device: id=0] TX[0m: 0.47 Mpps, 3867 Mbit/s (3943 Mbit/s with framing)
[1;36m[Device: id=0] RX[0m: 0.30 Mpps, 2417 Mbit/s (2464 Mbit/s with framing)
[0;34m[Device: id=0] TX[0m: 0.47 Mpps, 3867 Mbit/s (3943 Mbit/s with framing)
[1;36m[Device: id=0] RX[0m: 0.29 Mpps, 2414 Mbit/s (2461 Mbit/s with framing)
[0;34m[Device: id=0] TX[0m: 0.47 Mpps, 3867 Mbit/s (3943 Mbit/s with framing)
[1;36m[Device: id=0] RX[0m: 0.28 Mpps, 2311 Mbit/s (2356 Mbit/s with framing)
[0;34m[Device: id=0] TX[0m: 0.47 Mpps, 3867 Mbit/s (3943 Mbit/s with framing)
[1;36m[Device: id=0] RX[0m: 0.28 Mpps, 2294 Mbit/s (2339 Mbit/s with framing)
[0;34m[Device: id=0] TX[0m: 0.47 Mpps, 3867 Mbit/s (3943 Mbit/s with framing)
[1;36m[Device: id=0] RX[0m: 0.27 Mpps, 2223 Mbit/s (2266 Mbit/s with framing)
[0;34m[Device: id=0] TX[0m: 0.47 Mpps, 3867 Mbit/s (3943 Mbit/s with framing)
[1;36m[Device: id=0] RX[0m: 0.30 Mpps, 2420 Mbit/s (2467 Mbit/s with framing)
[0;34m[Device: id=0] TX[0m: 0.47 Mpps, 3867 Mbit/s (3943 Mbit/s with framing)
[1;36m[Device: id=0] RX[0m: 0.30 Mpps, 2429 Mbit/s (2476 Mbit/s with framing)
[0;34m[Device: id=0] TX[0m: 0.47 Mpps, 3867 Mbit/s (3943 Mbit/s with framing)
[1;36m[Device: id=0] RX[0m: 0.30 Mpps, 2423 Mbit/s (2471 Mbit/s with framing)
[0;34m[Device: id=0] TX[0m: 0.47 Mpps, 3867 Mbit/s (3943 Mbit/s with framing)
[1;36m[Device: id=0] RX[0m: 0.30 Mpps, 2430 Mbit/s (2477 Mbit/s with framing)
[0;34m[Device: id=0] TX[0m: 0.47 Mpps, 3867 Mbit/s (3943 Mbit/s with framing)
[1;36m[Device: id=0] RX[0m: 0.29 Mpps, 2409 Mbit/s (2456 Mbit/s with framing)
[0;34m[Device: id=0] TX[0m: 0.47 Mpps, 3867 Mbit/s (3943 Mbit/s with framing)
[1;36m[Device: id=0] RX[0m: 0.30 Mpps, 2427 Mbit/s (2475 Mbit/s with framing)
[0;34m[Device: id=0] TX[0m: 0.47 Mpps, 3867 Mbit/s (3943 Mbit/s with framing)
[1;36m[Device: id=0] RX[0m: 0.28 Mpps, 2321 Mbit/s (2366 Mbit/s with framing)
[0;34m[Device: id=0] TX[0m: 0.47 Mpps, 3867 Mbit/s (3943 Mbit/s with framing)
[1;36m[Device: id=0] RX[0m: 0.28 Mpps, 2274 Mbit/s (2318 Mbit/s with framing)
[0;34m[Device: id=0] TX[0m: 0.47 Mpps, 3867 Mbit/s (3943 Mbit/s with framing)
[1;36m[Device: id=0] RX[0m: 0.26 Mpps, 2162 Mbit/s (2204 Mbit/s with framing)
[0;34m[Device: id=0] TX[0m: 0.47 Mpps, 3867 Mbit/s (3943 Mbit/s with framing)
[1;36m[Device: id=0] RX[0m: 0.29 Mpps, 2388 Mbit/s (2435 Mbit/s with framing)
[0;34m[Device: id=0] TX[0m: 0.47 Mpps, 3867 Mbit/s (3943 Mbit/s with framing)
[1;36m[Device: id=0] RX[0m: 0.30 Mpps, 2427 Mbit/s (2475 Mbit/s with framing)
[0;34m[Device: id=0] TX[0m: 0.47 Mpps, 3867 Mbit/s (3943 Mbit/s with framing)
[1;36m[Device: id=0] RX[0m: 0.30 Mpps, 2434 Mbit/s (2482 Mbit/s with framing)
[0;34m[Device: id=0] TX[0m: 0.47 Mpps, 3867 Mbit/s (3943 Mbit/s with framing)
[1;36m[Device: id=0] RX[0m: 0.30 Mpps, 2418 Mbit/s (2465 Mbit/s with framing)
[0;34m[Device: id=0] TX[0m: 0.47 Mpps, 3867 Mbit/s (3943 Mbit/s with framing)
[1;36m[Device: id=0] RX[0m: 0.30 Mpps, 2428 Mbit/s (2476 Mbit/s with framing)
[0;34m[Device: id=0] TX[0m: 0.47 Mpps, 3867 Mbit/s (3943 Mbit/s with framing)
[1;36m[Device: id=0] RX[0m: 0.30 Mpps, 2423 Mbit/s (2471 Mbit/s with framing)
[0;34m[Device: id=0] TX[0m: 0.47 Mpps, 3867 Mbit/s (3943 Mbit/s with framing)
[1;36m[Device: id=0] RX[0m: 0.30 Mpps, 2433 Mbit/s (2481 Mbit/s with framing)
[0;34m[Device: id=0] TX[0m: 0.47 Mpps, 3867 Mbit/s (3943 Mbit/s with framing)
[1;36m[Device: id=0] RX[0m: 0.29 Mpps, 2416 Mbit/s (2463 Mbit/s with framing)
[0;34m[Device: id=0] TX[0m: 0.47 Mpps, 3867 Mbit/s (3943 Mbit/s with framing)
[1;36m[Device: id=0] RX[0m: 0.30 Mpps, 2417 Mbit/s (2464 Mbit/s with framing)
[0;34m[Device: id=0] TX[0m: 0.47 Mpps, 3867 Mbit/s (3943 Mbit/s with framing)
[1;36m[Device: id=0] RX[0m: 0.30 Mpps, 2435 Mbit/s (2482 Mbit/s with framing)
[0;34m[Device: id=0] TX[0m: 0.47 Mpps, 3867 Mbit/s (3943 Mbit/s with framing)
[1;36m[Device: id=0] RX[0m: 0.30 Mpps, 2423 Mbit/s (2471 Mbit/s with framing)
[0;34m[Device: id=0] TX[0m: 0.47 Mpps, 3867 Mbit/s (3943 Mbit/s with framing)
[1;36m[Device: id=0] RX[0m: 0.30 Mpps, 2432 Mbit/s (2479 Mbit/s with framing)
[0;34m[Device: id=0] TX[0m: 0.47 Mpps, 3867 Mbit/s (3943 Mbit/s with framing)
Samples: 1117, Average: 6772121.3 ns, StdDev: 285681.7 ns, Quartiles: 6585542.0/6740678.0/6896647.0 ns
[1;37m[INFO]  Saving histogram to '/tmp/histogram.csv'[0m
[1;36m[Device: id=0] RX[0m: 0.25 Mpps, 2014 Mbit/s (2054 Mbit/s with framing)
[1;36m[Device: id=0] RX[0m: 0.29 (StdDev 0.01) Mpps, 2375 (StdDev 99) Mbit/s (2421 Mbit/s with framing), total 8746469 packets with 8955310375 bytes (incl. CRC)
[0;34m[Device: id=0] TX[0m: 0.47 (StdDev 0.00) Mpps, 3867 (StdDev 0) Mbit/s (3943 Mbit/s with framing), total 14151979 packets with 14489636416 bytes (incl. CRC)
