EAL: Detected CPU lcores: 24
EAL: Detected NUMA nodes: 1
EAL: Static memory layout is selected, amount of reserved memory can be adjusted with -m or --socket-mem
EAL: Detected shared linkage of DPDK
EAL: Multi-process socket /var/run/dpdk/rte/mp_socket
EAL: Selected IOVA mode 'PA'
EAL: 512 hugepages of size 2097152 reserved, but no mounted hugetlbfs found for that size
EAL: VFIO support initialized
EAL: Probe PCI driver: net_ice (8086:1592) device: 0000:51:00.0 (socket 0)
ice_load_pkg_type(): Active package is: 1.3.26.0, ICE OS Default Package (single VLAN mode)
TELEMETRY: No legacy callbacks, legacy socket not created
[1;33m[WARN]  malloc() allocates objects >= 1 MiB from LuaJIT memory space.[0m
[1;33m[WARN]  Install libjemalloc if you encounter out of memory errors.[0m
[1;37m[INFO]  Initializing DPDK. This will take a few seconds...[0m
[1;37m[INFO]  Found 1 usable devices:[0m
   Device 0: B4:96:91:B3:8B:04 ([0;32mIntel Corporation Ethernet Controller E810-C for QSFP[0m)
[1;37m[INFO]  Waiting for devices to come up...[0m
[1;37m[INFO]  Device 0 (B4:96:91:B3:8B:04) is up: full-duplex 100000 MBit/s[0m
[1;37m[INFO]  [0;32m1 device is up.[0m[0m
[1;36m[Device: id=0] RX[0m: 0.64 Mpps, 5231 Mbit/s (5334 Mbit/s with framing)
[0;34m[Device: id=0] TX[0m: 0.68 Mpps, 5596 Mbit/s (5705 Mbit/s with framing)
[1;36m[Device: id=0] RX[0m: 0.64 Mpps, 5224 Mbit/s (5326 Mbit/s with framing)
[0;34m[Device: id=0] TX[0m: 0.68 Mpps, 5596 Mbit/s (5705 Mbit/s with framing)
[1;36m[Device: id=0] RX[0m: 0.65 Mpps, 5342 Mbit/s (5446 Mbit/s with framing)
[0;34m[Device: id=0] TX[0m: 0.68 Mpps, 5596 Mbit/s (5705 Mbit/s with framing)
[1;36m[Device: id=0] RX[0m: 0.65 Mpps, 5344 Mbit/s (5448 Mbit/s with framing)
[0;34m[Device: id=0] TX[0m: 0.68 Mpps, 5596 Mbit/s (5705 Mbit/s with framing)
[1;36m[Device: id=0] RX[0m: 0.65 Mpps, 5338 Mbit/s (5443 Mbit/s with framing)
[0;34m[Device: id=0] TX[0m: 0.68 Mpps, 5596 Mbit/s (5705 Mbit/s with framing)
[1;36m[Device: id=0] RX[0m: 0.65 Mpps, 5306 Mbit/s (5409 Mbit/s with framing)
[0;34m[Device: id=0] TX[0m: 0.68 Mpps, 5596 Mbit/s (5705 Mbit/s with framing)
[1;36m[Device: id=0] RX[0m: 0.65 Mpps, 5325 Mbit/s (5429 Mbit/s with framing)
[0;34m[Device: id=0] TX[0m: 0.68 Mpps, 5596 Mbit/s (5705 Mbit/s with framing)
[1;36m[Device: id=0] RX[0m: 0.64 Mpps, 5258 Mbit/s (5360 Mbit/s with framing)
[0;34m[Device: id=0] TX[0m: 0.68 Mpps, 5596 Mbit/s (5705 Mbit/s with framing)
[1;36m[Device: id=0] RX[0m: 0.65 Mpps, 5352 Mbit/s (5457 Mbit/s with framing)
[0;34m[Device: id=0] TX[0m: 0.68 Mpps, 5596 Mbit/s (5705 Mbit/s with framing)
[1;36m[Device: id=0] RX[0m: 0.65 Mpps, 5360 Mbit/s (5465 Mbit/s with framing)
[0;34m[Device: id=0] TX[0m: 0.68 Mpps, 5596 Mbit/s (5705 Mbit/s with framing)
[1;36m[Device: id=0] RX[0m: 0.65 Mpps, 5326 Mbit/s (5430 Mbit/s with framing)
[0;34m[Device: id=0] TX[0m: 0.68 Mpps, 5596 Mbit/s (5705 Mbit/s with framing)
[1;36m[Device: id=0] RX[0m: 0.65 Mpps, 5325 Mbit/s (5429 Mbit/s with framing)
[0;34m[Device: id=0] TX[0m: 0.68 Mpps, 5596 Mbit/s (5705 Mbit/s with framing)
[1;36m[Device: id=0] RX[0m: 0.65 Mpps, 5343 Mbit/s (5447 Mbit/s with framing)
[0;34m[Device: id=0] TX[0m: 0.68 Mpps, 5596 Mbit/s (5705 Mbit/s with framing)
[1;36m[Device: id=0] RX[0m: 0.65 Mpps, 5350 Mbit/s (5455 Mbit/s with framing)
[0;34m[Device: id=0] TX[0m: 0.68 Mpps, 5596 Mbit/s (5705 Mbit/s with framing)
[1;36m[Device: id=0] RX[0m: 0.65 Mpps, 5349 Mbit/s (5454 Mbit/s with framing)
[0;34m[Device: id=0] TX[0m: 0.68 Mpps, 5596 Mbit/s (5705 Mbit/s with framing)
[1;36m[Device: id=0] RX[0m: 0.65 Mpps, 5285 Mbit/s (5388 Mbit/s with framing)
[0;34m[Device: id=0] TX[0m: 0.68 Mpps, 5596 Mbit/s (5705 Mbit/s with framing)
[1;36m[Device: id=0] RX[0m: 0.65 Mpps, 5349 Mbit/s (5453 Mbit/s with framing)
[0;34m[Device: id=0] TX[0m: 0.68 Mpps, 5596 Mbit/s (5705 Mbit/s with framing)
[1;36m[Device: id=0] RX[0m: 0.65 Mpps, 5347 Mbit/s (5452 Mbit/s with framing)
[0;34m[Device: id=0] TX[0m: 0.68 Mpps, 5596 Mbit/s (5705 Mbit/s with framing)
[1;36m[Device: id=0] RX[0m: 0.65 Mpps, 5364 Mbit/s (5468 Mbit/s with framing)
[0;34m[Device: id=0] TX[0m: 0.68 Mpps, 5596 Mbit/s (5705 Mbit/s with framing)
[1;36m[Device: id=0] RX[0m: 0.66 Mpps, 5376 Mbit/s (5481 Mbit/s with framing)
[0;34m[Device: id=0] TX[0m: 0.68 Mpps, 5596 Mbit/s (5705 Mbit/s with framing)
[1;36m[Device: id=0] RX[0m: 0.65 Mpps, 5335 Mbit/s (5440 Mbit/s with framing)
[0;34m[Device: id=0] TX[0m: 0.68 Mpps, 5596 Mbit/s (5705 Mbit/s with framing)
[1;36m[Device: id=0] RX[0m: 0.65 Mpps, 5327 Mbit/s (5431 Mbit/s with framing)
[0;34m[Device: id=0] TX[0m: 0.68 Mpps, 5596 Mbit/s (5705 Mbit/s with framing)
[1;36m[Device: id=0] RX[0m: 0.65 Mpps, 5330 Mbit/s (5434 Mbit/s with framing)
[0;34m[Device: id=0] TX[0m: 0.68 Mpps, 5596 Mbit/s (5705 Mbit/s with framing)
[1;36m[Device: id=0] RX[0m: 0.65 Mpps, 5324 Mbit/s (5428 Mbit/s with framing)
[0;34m[Device: id=0] TX[0m: 0.68 Mpps, 5596 Mbit/s (5705 Mbit/s with framing)
[1;36m[Device: id=0] RX[0m: 0.65 Mpps, 5336 Mbit/s (5440 Mbit/s with framing)
[0;34m[Device: id=0] TX[0m: 0.68 Mpps, 5596 Mbit/s (5705 Mbit/s with framing)
[1;36m[Device: id=0] RX[0m: 0.64 Mpps, 5239 Mbit/s (5341 Mbit/s with framing)
[0;34m[Device: id=0] TX[0m: 0.68 Mpps, 5596 Mbit/s (5705 Mbit/s with framing)
[1;36m[Device: id=0] RX[0m: 0.63 Mpps, 5199 Mbit/s (5301 Mbit/s with framing)
[0;34m[Device: id=0] TX[0m: 0.68 Mpps, 5596 Mbit/s (5705 Mbit/s with framing)
[1;36m[Device: id=0] RX[0m: 0.64 Mpps, 5228 Mbit/s (5330 Mbit/s with framing)
[0;34m[Device: id=0] TX[0m: 0.68 Mpps, 5596 Mbit/s (5705 Mbit/s with framing)
[1;36m[Device: id=0] RX[0m: 0.64 Mpps, 5245 Mbit/s (5347 Mbit/s with framing)
[0;34m[Device: id=0] TX[0m: 0.68 Mpps, 5596 Mbit/s (5705 Mbit/s with framing)
Samples: 5897, Average: 2346746.6 ns, StdDev: 215785.8 ns, Quartiles: 2322284.0/2417578.0/2484743.0 ns
[1;37m[INFO]  Saving histogram to '/tmp/histogram.csv'[0m
[1;36m[Device: id=0] RX[0m: 0.53 Mpps, 4320 Mbit/s (4404 Mbit/s with framing)
[1;36m[Device: id=0] RX[0m: 0.64 (StdDev 0.02) Mpps, 5281 (StdDev 191) Mbit/s (5384 Mbit/s with framing), total 19436106 packets with 19896461518 bytes (incl. CRC)
[0;34m[Device: id=0] TX[0m: 0.68 (StdDev 0.00) Mpps, 5596 (StdDev 0) Mbit/s (5705 Mbit/s with framing), total 20478547 packets with 20963969728 bytes (incl. CRC)
