EAL: Detected CPU lcores: 24
EAL: Detected NUMA nodes: 1
EAL: Static memory layout is selected, amount of reserved memory can be adjusted with -m or --socket-mem
EAL: Detected shared linkage of DPDK
EAL: Multi-process socket /var/run/dpdk/rte/mp_socket
EAL: Selected IOVA mode 'PA'
EAL: 512 hugepages of size 2097152 reserved, but no mounted hugetlbfs found for that size
EAL: VFIO support initialized
EAL: Probe PCI driver: net_ice (8086:1592) device: 0000:51:00.0 (socket 0)
ice_load_pkg_type(): Active package is: 1.3.26.0, ICE OS Default Package (single VLAN mode)
TELEMETRY: No legacy callbacks, legacy socket not created
[1;33m[WARN]  malloc() allocates objects >= 1 MiB from LuaJIT memory space.[0m
[1;33m[WARN]  Install libjemalloc if you encounter out of memory errors.[0m
[1;37m[INFO]  Initializing DPDK. This will take a few seconds...[0m
[1;37m[INFO]  Found 1 usable devices:[0m
   Device 0: B4:96:91:B3:8B:04 ([0;32mIntel Corporation Ethernet Controller E810-C for QSFP[0m)
[1;37m[INFO]  Waiting for devices to come up...[0m
[1;37m[INFO]  Device 0 (B4:96:91:B3:8B:04) is up: full-duplex 100000 MBit/s[0m
[1;37m[INFO]  [0;32m1 device is up.[0m[0m
[1;36m[Device: id=0] RX[0m: 0.39 Mpps, 3225 Mbit/s (3288 Mbit/s with framing)
[0;34m[Device: id=0] TX[0m: 0.68 Mpps, 5596 Mbit/s (5705 Mbit/s with framing)
[1;36m[Device: id=0] RX[0m: 0.39 Mpps, 3229 Mbit/s (3292 Mbit/s with framing)
[0;34m[Device: id=0] TX[0m: 0.68 Mpps, 5596 Mbit/s (5705 Mbit/s with framing)
[1;36m[Device: id=0] RX[0m: 0.39 Mpps, 3235 Mbit/s (3298 Mbit/s with framing)
[0;34m[Device: id=0] TX[0m: 0.68 Mpps, 5596 Mbit/s (5705 Mbit/s with framing)
[1;36m[Device: id=0] RX[0m: 0.39 Mpps, 3206 Mbit/s (3269 Mbit/s with framing)
[0;34m[Device: id=0] TX[0m: 0.68 Mpps, 5596 Mbit/s (5705 Mbit/s with framing)
[1;36m[Device: id=0] RX[0m: 0.39 Mpps, 3196 Mbit/s (3258 Mbit/s with framing)
[0;34m[Device: id=0] TX[0m: 0.68 Mpps, 5596 Mbit/s (5705 Mbit/s with framing)
[1;36m[Device: id=0] RX[0m: 0.39 Mpps, 3190 Mbit/s (3252 Mbit/s with framing)
[0;34m[Device: id=0] TX[0m: 0.68 Mpps, 5596 Mbit/s (5705 Mbit/s with framing)
[1;36m[Device: id=0] RX[0m: 0.39 Mpps, 3174 Mbit/s (3236 Mbit/s with framing)
[0;34m[Device: id=0] TX[0m: 0.68 Mpps, 5596 Mbit/s (5705 Mbit/s with framing)
[1;36m[Device: id=0] RX[0m: 0.39 Mpps, 3211 Mbit/s (3274 Mbit/s with framing)
[0;34m[Device: id=0] TX[0m: 0.68 Mpps, 5596 Mbit/s (5705 Mbit/s with framing)
[1;36m[Device: id=0] RX[0m: 0.39 Mpps, 3214 Mbit/s (3276 Mbit/s with framing)
[0;34m[Device: id=0] TX[0m: 0.68 Mpps, 5596 Mbit/s (5705 Mbit/s with framing)
[1;36m[Device: id=0] RX[0m: 0.39 Mpps, 3212 Mbit/s (3275 Mbit/s with framing)
[0;34m[Device: id=0] TX[0m: 0.68 Mpps, 5596 Mbit/s (5705 Mbit/s with framing)
[1;36m[Device: id=0] RX[0m: 0.39 Mpps, 3192 Mbit/s (3254 Mbit/s with framing)
[0;34m[Device: id=0] TX[0m: 0.68 Mpps, 5596 Mbit/s (5705 Mbit/s with framing)
[1;36m[Device: id=0] RX[0m: 0.39 Mpps, 3195 Mbit/s (3258 Mbit/s with framing)
[0;34m[Device: id=0] TX[0m: 0.68 Mpps, 5596 Mbit/s (5705 Mbit/s with framing)
[1;36m[Device: id=0] RX[0m: 0.39 Mpps, 3190 Mbit/s (3252 Mbit/s with framing)
[0;34m[Device: id=0] TX[0m: 0.68 Mpps, 5596 Mbit/s (5705 Mbit/s with framing)
[1;36m[Device: id=0] RX[0m: 0.39 Mpps, 3193 Mbit/s (3255 Mbit/s with framing)
[0;34m[Device: id=0] TX[0m: 0.68 Mpps, 5596 Mbit/s (5705 Mbit/s with framing)
[1;36m[Device: id=0] RX[0m: 0.39 Mpps, 3196 Mbit/s (3259 Mbit/s with framing)
[0;34m[Device: id=0] TX[0m: 0.68 Mpps, 5596 Mbit/s (5705 Mbit/s with framing)
[1;36m[Device: id=0] RX[0m: 0.39 Mpps, 3155 Mbit/s (3216 Mbit/s with framing)
[0;34m[Device: id=0] TX[0m: 0.68 Mpps, 5596 Mbit/s (5705 Mbit/s with framing)
[1;36m[Device: id=0] RX[0m: 0.40 Mpps, 3263 Mbit/s (3327 Mbit/s with framing)
[0;34m[Device: id=0] TX[0m: 0.68 Mpps, 5596 Mbit/s (5705 Mbit/s with framing)
[1;36m[Device: id=0] RX[0m: 0.40 Mpps, 3266 Mbit/s (3330 Mbit/s with framing)
[0;34m[Device: id=0] TX[0m: 0.68 Mpps, 5596 Mbit/s (5705 Mbit/s with framing)
[1;36m[Device: id=0] RX[0m: 0.40 Mpps, 3274 Mbit/s (3338 Mbit/s with framing)
[0;34m[Device: id=0] TX[0m: 0.68 Mpps, 5596 Mbit/s (5705 Mbit/s with framing)
[1;36m[Device: id=0] RX[0m: 0.40 Mpps, 3264 Mbit/s (3328 Mbit/s with framing)
[0;34m[Device: id=0] TX[0m: 0.68 Mpps, 5596 Mbit/s (5705 Mbit/s with framing)
[1;36m[Device: id=0] RX[0m: 0.40 Mpps, 3243 Mbit/s (3306 Mbit/s with framing)
[0;34m[Device: id=0] TX[0m: 0.68 Mpps, 5596 Mbit/s (5705 Mbit/s with framing)
[1;36m[Device: id=0] RX[0m: 0.40 Mpps, 3263 Mbit/s (3327 Mbit/s with framing)
[0;34m[Device: id=0] TX[0m: 0.68 Mpps, 5596 Mbit/s (5705 Mbit/s with framing)
[1;36m[Device: id=0] RX[0m: 0.40 Mpps, 3262 Mbit/s (3326 Mbit/s with framing)
[0;34m[Device: id=0] TX[0m: 0.68 Mpps, 5596 Mbit/s (5705 Mbit/s with framing)
[1;36m[Device: id=0] RX[0m: 0.40 Mpps, 3270 Mbit/s (3334 Mbit/s with framing)
[0;34m[Device: id=0] TX[0m: 0.68 Mpps, 5596 Mbit/s (5705 Mbit/s with framing)
[1;36m[Device: id=0] RX[0m: 0.40 Mpps, 3257 Mbit/s (3321 Mbit/s with framing)
[0;34m[Device: id=0] TX[0m: 0.68 Mpps, 5596 Mbit/s (5705 Mbit/s with framing)
[1;36m[Device: id=0] RX[0m: 0.39 Mpps, 3219 Mbit/s (3282 Mbit/s with framing)
[0;34m[Device: id=0] TX[0m: 0.68 Mpps, 5596 Mbit/s (5705 Mbit/s with framing)
[1;36m[Device: id=0] RX[0m: 0.39 Mpps, 3228 Mbit/s (3291 Mbit/s with framing)
[0;34m[Device: id=0] TX[0m: 0.68 Mpps, 5596 Mbit/s (5705 Mbit/s with framing)
[1;36m[Device: id=0] RX[0m: 0.39 Mpps, 3228 Mbit/s (3291 Mbit/s with framing)
[0;34m[Device: id=0] TX[0m: 0.68 Mpps, 5596 Mbit/s (5705 Mbit/s with framing)
[1;36m[Device: id=0] RX[0m: 0.39 Mpps, 3220 Mbit/s (3283 Mbit/s with framing)
[0;34m[Device: id=0] TX[0m: 0.68 Mpps, 5596 Mbit/s (5705 Mbit/s with framing)
Samples: 1386, Average: 2660824.5 ns, StdDev: 63577.0 ns, Quartiles: 2617145.0/2658752.0/2701599.0 ns
[1;37m[INFO]  Saving histogram to '/tmp/histogram.csv'[0m
[1;36m[Device: id=0] RX[0m: 0.32 Mpps, 2584 Mbit/s (2635 Mbit/s with framing)
[1;36m[Device: id=0] RX[0m: 0.39 (StdDev 0.02) Mpps, 3201 (StdDev 123) Mbit/s (3264 Mbit/s with framing), total 11786682 packets with 12067779118 bytes (incl. CRC)
[0;34m[Device: id=0] TX[0m: 0.68 (StdDev 0.00) Mpps, 5596 (StdDev 0) Mbit/s (5705 Mbit/s with framing), total 20463859 packets with 20952479296 bytes (incl. CRC)
