EAL: Detected CPU lcores: 24
EAL: Detected NUMA nodes: 1
EAL: Static memory layout is selected, amount of reserved memory can be adjusted with -m or --socket-mem
EAL: Detected shared linkage of DPDK
EAL: Multi-process socket /var/run/dpdk/rte/mp_socket
EAL: Selected IOVA mode 'PA'
EAL: 512 hugepages of size 2097152 reserved, but no mounted hugetlbfs found for that size
EAL: VFIO support initialized
EAL: Probe PCI driver: net_ice (8086:1592) device: 0000:51:00.0 (socket 0)
ice_load_pkg_type(): Active package is: 1.3.26.0, ICE OS Default Package (single VLAN mode)
TELEMETRY: No legacy callbacks, legacy socket not created
[1;33m[WARN]  malloc() allocates objects >= 1 MiB from LuaJIT memory space.[0m
[1;33m[WARN]  Install libjemalloc if you encounter out of memory errors.[0m
[1;37m[INFO]  Initializing DPDK. This will take a few seconds...[0m
[1;37m[INFO]  Found 1 usable devices:[0m
   Device 0: B4:96:91:B3:8B:04 ([0;32mIntel Corporation Ethernet Controller E810-C for QSFP[0m)
[1;37m[INFO]  Waiting for devices to come up...[0m
[1;37m[INFO]  Device 0 (B4:96:91:B3:8B:04) is up: full-duplex 100000 MBit/s[0m
[1;37m[INFO]  [0;32m1 device is up.[0m[0m
[1;36m[Device: id=0] RX[0m: 0.34 Mpps, 176 Mbit/s (232 Mbit/s with framing)
[0;34m[Device: id=0] TX[0m: 0.63 Mpps, 322 Mbit/s (423 Mbit/s with framing)
[1;36m[Device: id=0] RX[0m: 0.34 Mpps, 176 Mbit/s (231 Mbit/s with framing)
[0;34m[Device: id=0] TX[0m: 0.63 Mpps, 322 Mbit/s (423 Mbit/s with framing)
[1;36m[Device: id=0] RX[0m: 0.35 Mpps, 177 Mbit/s (233 Mbit/s with framing)
[0;34m[Device: id=0] TX[0m: 0.63 Mpps, 322 Mbit/s (423 Mbit/s with framing)
[1;36m[Device: id=0] RX[0m: 0.34 Mpps, 175 Mbit/s (230 Mbit/s with framing)
[0;34m[Device: id=0] TX[0m: 0.63 Mpps, 322 Mbit/s (423 Mbit/s with framing)
[1;36m[Device: id=0] RX[0m: 0.34 Mpps, 176 Mbit/s (231 Mbit/s with framing)
[0;34m[Device: id=0] TX[0m: 0.63 Mpps, 322 Mbit/s (423 Mbit/s with framing)
[1;36m[Device: id=0] RX[0m: 0.34 Mpps, 175 Mbit/s (230 Mbit/s with framing)
[0;34m[Device: id=0] TX[0m: 0.63 Mpps, 322 Mbit/s (423 Mbit/s with framing)
[1;36m[Device: id=0] RX[0m: 0.35 Mpps, 177 Mbit/s (232 Mbit/s with framing)
[0;34m[Device: id=0] TX[0m: 0.63 Mpps, 322 Mbit/s (423 Mbit/s with framing)
[1;36m[Device: id=0] RX[0m: 0.35 Mpps, 177 Mbit/s (233 Mbit/s with framing)
[0;34m[Device: id=0] TX[0m: 0.63 Mpps, 322 Mbit/s (423 Mbit/s with framing)
[1;36m[Device: id=0] RX[0m: 0.35 Mpps, 178 Mbit/s (233 Mbit/s with framing)
[0;34m[Device: id=0] TX[0m: 0.63 Mpps, 322 Mbit/s (423 Mbit/s with framing)
[1;36m[Device: id=0] RX[0m: 0.35 Mpps, 178 Mbit/s (234 Mbit/s with framing)
[0;34m[Device: id=0] TX[0m: 0.63 Mpps, 322 Mbit/s (423 Mbit/s with framing)
[1;36m[Device: id=0] RX[0m: 0.35 Mpps, 178 Mbit/s (234 Mbit/s with framing)
[0;34m[Device: id=0] TX[0m: 0.63 Mpps, 322 Mbit/s (423 Mbit/s with framing)
[1;36m[Device: id=0] RX[0m: 0.35 Mpps, 177 Mbit/s (232 Mbit/s with framing)
[0;34m[Device: id=0] TX[0m: 0.63 Mpps, 322 Mbit/s (423 Mbit/s with framing)
[1;36m[Device: id=0] RX[0m: 0.35 Mpps, 177 Mbit/s (233 Mbit/s with framing)
[0;34m[Device: id=0] TX[0m: 0.63 Mpps, 322 Mbit/s (423 Mbit/s with framing)
[1;36m[Device: id=0] RX[0m: 0.35 Mpps, 178 Mbit/s (233 Mbit/s with framing)
[0;34m[Device: id=0] TX[0m: 0.63 Mpps, 322 Mbit/s (423 Mbit/s with framing)
[1;36m[Device: id=0] RX[0m: 0.35 Mpps, 178 Mbit/s (233 Mbit/s with framing)
[0;34m[Device: id=0] TX[0m: 0.63 Mpps, 322 Mbit/s (423 Mbit/s with framing)
[1;36m[Device: id=0] RX[0m: 0.35 Mpps, 178 Mbit/s (234 Mbit/s with framing)
[0;34m[Device: id=0] TX[0m: 0.63 Mpps, 322 Mbit/s (423 Mbit/s with framing)
[1;36m[Device: id=0] RX[0m: 0.28 Mpps, 145 Mbit/s (190 Mbit/s with framing)
[0;34m[Device: id=0] TX[0m: 0.63 Mpps, 322 Mbit/s (423 Mbit/s with framing)
[1;36m[Device: id=0] RX[0m: 0.27 Mpps, 136 Mbit/s (179 Mbit/s with framing)
[0;34m[Device: id=0] TX[0m: 0.63 Mpps, 322 Mbit/s (423 Mbit/s with framing)
[1;36m[Device: id=0] RX[0m: 0.28 Mpps, 144 Mbit/s (189 Mbit/s with framing)
[0;34m[Device: id=0] TX[0m: 0.63 Mpps, 322 Mbit/s (423 Mbit/s with framing)
[1;36m[Device: id=0] RX[0m: 0.28 Mpps, 144 Mbit/s (189 Mbit/s with framing)
[0;34m[Device: id=0] TX[0m: 0.63 Mpps, 322 Mbit/s (423 Mbit/s with framing)
[1;36m[Device: id=0] RX[0m: 0.27 Mpps, 140 Mbit/s (184 Mbit/s with framing)
[0;34m[Device: id=0] TX[0m: 0.63 Mpps, 322 Mbit/s (423 Mbit/s with framing)
[1;36m[Device: id=0] RX[0m: 0.28 Mpps, 142 Mbit/s (186 Mbit/s with framing)
[0;34m[Device: id=0] TX[0m: 0.63 Mpps, 322 Mbit/s (423 Mbit/s with framing)
[1;36m[Device: id=0] RX[0m: 0.28 Mpps, 143 Mbit/s (188 Mbit/s with framing)
[0;34m[Device: id=0] TX[0m: 0.63 Mpps, 322 Mbit/s (423 Mbit/s with framing)
[1;36m[Device: id=0] RX[0m: 0.28 Mpps, 143 Mbit/s (188 Mbit/s with framing)
[0;34m[Device: id=0] TX[0m: 0.63 Mpps, 322 Mbit/s (423 Mbit/s with framing)
[1;36m[Device: id=0] RX[0m: 0.28 Mpps, 143 Mbit/s (188 Mbit/s with framing)
[0;34m[Device: id=0] TX[0m: 0.63 Mpps, 322 Mbit/s (423 Mbit/s with framing)
[1;36m[Device: id=0] RX[0m: 0.28 Mpps, 144 Mbit/s (189 Mbit/s with framing)
[0;34m[Device: id=0] TX[0m: 0.63 Mpps, 322 Mbit/s (423 Mbit/s with framing)
[1;36m[Device: id=0] RX[0m: 0.33 Mpps, 168 Mbit/s (221 Mbit/s with framing)
[0;34m[Device: id=0] TX[0m: 0.63 Mpps, 322 Mbit/s (423 Mbit/s with framing)
[1;36m[Device: id=0] RX[0m: 0.35 Mpps, 178 Mbit/s (233 Mbit/s with framing)
[0;34m[Device: id=0] TX[0m: 0.63 Mpps, 322 Mbit/s (423 Mbit/s with framing)
[1;36m[Device: id=0] RX[0m: 0.34 Mpps, 176 Mbit/s (231 Mbit/s with framing)
[0;34m[Device: id=0] TX[0m: 0.63 Mpps, 322 Mbit/s (423 Mbit/s with framing)
Samples: 951, Average: 6026196.7 ns, StdDev: 588244.3 ns, Quartiles: 5690455.0/5815089.0/6085916.0 ns
[1;37m[INFO]  Saving histogram to '/tmp/histogram.csv'[0m
[1;36m[Device: id=0] RX[0m: 0.29 Mpps, 148 Mbit/s (194 Mbit/s with framing)
[1;36m[Device: id=0] RX[0m: 0.32 (StdDev 0.03) Mpps, 164 (StdDev 17) Mbit/s (215 Mbit/s with framing), total 9671984 packets with 619019950 bytes (incl. CRC)
[0;34m[Device: id=0] TX[0m: 0.63 (StdDev 0.00) Mpps, 322 (StdDev 0) Mbit/s (423 Mbit/s with framing), total 18875146 packets with 1208009344 bytes (incl. CRC)
