EAL: Detected CPU lcores: 24
EAL: Detected NUMA nodes: 1
EAL: Static memory layout is selected, amount of reserved memory can be adjusted with -m or --socket-mem
EAL: Detected shared linkage of DPDK
EAL: Multi-process socket /var/run/dpdk/rte/mp_socket
EAL: Selected IOVA mode 'PA'
EAL: 512 hugepages of size 2097152 reserved, but no mounted hugetlbfs found for that size
EAL: Probe PCI driver: net_ice (8086:1592) device: 0000:51:00.0 (socket 0)
ice_load_pkg_type(): Active package is: 1.3.26.0, ICE OS Default Package (single VLAN mode)
TELEMETRY: No legacy callbacks, legacy socket not created
[1;33m[WARN]  malloc() allocates objects >= 1 MiB from LuaJIT memory space.[0m
[1;33m[WARN]  Install libjemalloc if you encounter out of memory errors.[0m
[1;37m[INFO]  Initializing DPDK. This will take a few seconds...[0m
[1;37m[INFO]  Found 1 usable devices:[0m
   Device 0: B4:96:91:B3:8B:04 ([0;32mIntel Corporation Ethernet Controller E810-C for QSFP[0m)
[1;37m[INFO]  Waiting for devices to come up...[0m
[1;37m[INFO]  Device 0 (B4:96:91:B3:8B:04) is up: full-duplex 100000 MBit/s[0m
[1;37m[INFO]  [0;32m1 device is up.[0m[0m
[1;36m[Device: id=0] RX[0m: 0.32 Mpps, 2624 Mbit/s (2675 Mbit/s with framing)
[0;34m[Device: id=0] TX[0m: 0.45 Mpps, 3662 Mbit/s (3734 Mbit/s with framing)
[1;36m[Device: id=0] RX[0m: 0.32 Mpps, 2607 Mbit/s (2658 Mbit/s with framing)
[0;34m[Device: id=0] TX[0m: 0.45 Mpps, 3662 Mbit/s (3734 Mbit/s with framing)
[1;36m[Device: id=0] RX[0m: 0.32 Mpps, 2610 Mbit/s (2661 Mbit/s with framing)
[0;34m[Device: id=0] TX[0m: 0.45 Mpps, 3662 Mbit/s (3734 Mbit/s with framing)
[1;36m[Device: id=0] RX[0m: 0.32 Mpps, 2619 Mbit/s (2670 Mbit/s with framing)
[0;34m[Device: id=0] TX[0m: 0.45 Mpps, 3662 Mbit/s (3734 Mbit/s with framing)
[1;36m[Device: id=0] RX[0m: 0.32 Mpps, 2613 Mbit/s (2664 Mbit/s with framing)
[0;34m[Device: id=0] TX[0m: 0.45 Mpps, 3662 Mbit/s (3734 Mbit/s with framing)
[1;36m[Device: id=0] RX[0m: 0.33 Mpps, 2679 Mbit/s (2731 Mbit/s with framing)
[0;34m[Device: id=0] TX[0m: 0.45 Mpps, 3662 Mbit/s (3734 Mbit/s with framing)
[1;36m[Device: id=0] RX[0m: 0.32 Mpps, 2653 Mbit/s (2705 Mbit/s with framing)
[0;34m[Device: id=0] TX[0m: 0.45 Mpps, 3662 Mbit/s (3734 Mbit/s with framing)
[1;36m[Device: id=0] RX[0m: 0.33 Mpps, 2666 Mbit/s (2718 Mbit/s with framing)
[0;34m[Device: id=0] TX[0m: 0.45 Mpps, 3662 Mbit/s (3734 Mbit/s with framing)
[1;36m[Device: id=0] RX[0m: 0.33 Mpps, 2687 Mbit/s (2740 Mbit/s with framing)
[0;34m[Device: id=0] TX[0m: 0.45 Mpps, 3662 Mbit/s (3734 Mbit/s with framing)
[1;36m[Device: id=0] RX[0m: 0.33 Mpps, 2676 Mbit/s (2729 Mbit/s with framing)
[0;34m[Device: id=0] TX[0m: 0.45 Mpps, 3662 Mbit/s (3734 Mbit/s with framing)
[1;36m[Device: id=0] RX[0m: 0.33 Mpps, 2672 Mbit/s (2725 Mbit/s with framing)
[0;34m[Device: id=0] TX[0m: 0.45 Mpps, 3662 Mbit/s (3734 Mbit/s with framing)
[1;36m[Device: id=0] RX[0m: 0.33 Mpps, 2673 Mbit/s (2725 Mbit/s with framing)
[0;34m[Device: id=0] TX[0m: 0.45 Mpps, 3662 Mbit/s (3734 Mbit/s with framing)
[1;36m[Device: id=0] RX[0m: 0.33 Mpps, 2680 Mbit/s (2733 Mbit/s with framing)
[0;34m[Device: id=0] TX[0m: 0.45 Mpps, 3662 Mbit/s (3734 Mbit/s with framing)
[1;36m[Device: id=0] RX[0m: 0.32 Mpps, 2660 Mbit/s (2712 Mbit/s with framing)
[0;34m[Device: id=0] TX[0m: 0.45 Mpps, 3662 Mbit/s (3734 Mbit/s with framing)
[1;36m[Device: id=0] RX[0m: 0.33 Mpps, 2688 Mbit/s (2741 Mbit/s with framing)
[0;34m[Device: id=0] TX[0m: 0.45 Mpps, 3662 Mbit/s (3734 Mbit/s with framing)
[1;36m[Device: id=0] RX[0m: 0.33 Mpps, 2684 Mbit/s (2736 Mbit/s with framing)
[0;34m[Device: id=0] TX[0m: 0.45 Mpps, 3662 Mbit/s (3734 Mbit/s with framing)
[1;36m[Device: id=0] RX[0m: 0.33 Mpps, 2742 Mbit/s (2796 Mbit/s with framing)
[0;34m[Device: id=0] TX[0m: 0.45 Mpps, 3662 Mbit/s (3734 Mbit/s with framing)
[1;36m[Device: id=0] RX[0m: 0.33 Mpps, 2740 Mbit/s (2794 Mbit/s with framing)
[0;34m[Device: id=0] TX[0m: 0.45 Mpps, 3662 Mbit/s (3734 Mbit/s with framing)
[1;36m[Device: id=0] RX[0m: 0.34 Mpps, 2745 Mbit/s (2799 Mbit/s with framing)
[0;34m[Device: id=0] TX[0m: 0.45 Mpps, 3662 Mbit/s (3734 Mbit/s with framing)
[1;36m[Device: id=0] RX[0m: 0.33 Mpps, 2733 Mbit/s (2786 Mbit/s with framing)
[0;34m[Device: id=0] TX[0m: 0.45 Mpps, 3662 Mbit/s (3734 Mbit/s with framing)
[1;36m[Device: id=0] RX[0m: 0.33 Mpps, 2728 Mbit/s (2781 Mbit/s with framing)
[0;34m[Device: id=0] TX[0m: 0.45 Mpps, 3662 Mbit/s (3734 Mbit/s with framing)
[1;36m[Device: id=0] RX[0m: 0.33 Mpps, 2739 Mbit/s (2792 Mbit/s with framing)
[0;34m[Device: id=0] TX[0m: 0.45 Mpps, 3662 Mbit/s (3734 Mbit/s with framing)
[1;36m[Device: id=0] RX[0m: 0.33 Mpps, 2739 Mbit/s (2793 Mbit/s with framing)
[0;34m[Device: id=0] TX[0m: 0.45 Mpps, 3662 Mbit/s (3734 Mbit/s with framing)
[1;36m[Device: id=0] RX[0m: 0.33 Mpps, 2731 Mbit/s (2784 Mbit/s with framing)
[0;34m[Device: id=0] TX[0m: 0.45 Mpps, 3662 Mbit/s (3734 Mbit/s with framing)
[1;36m[Device: id=0] RX[0m: 0.33 Mpps, 2744 Mbit/s (2797 Mbit/s with framing)
[0;34m[Device: id=0] TX[0m: 0.45 Mpps, 3662 Mbit/s (3734 Mbit/s with framing)
[1;36m[Device: id=0] RX[0m: 0.32 Mpps, 2622 Mbit/s (2673 Mbit/s with framing)
[0;34m[Device: id=0] TX[0m: 0.45 Mpps, 3662 Mbit/s (3734 Mbit/s with framing)
[1;36m[Device: id=0] RX[0m: 0.33 Mpps, 2683 Mbit/s (2735 Mbit/s with framing)
[0;34m[Device: id=0] TX[0m: 0.45 Mpps, 3662 Mbit/s (3734 Mbit/s with framing)
[1;36m[Device: id=0] RX[0m: 0.33 Mpps, 2682 Mbit/s (2734 Mbit/s with framing)
[0;34m[Device: id=0] TX[0m: 0.45 Mpps, 3662 Mbit/s (3734 Mbit/s with framing)
[1;36m[Device: id=0] RX[0m: 0.33 Mpps, 2680 Mbit/s (2733 Mbit/s with framing)
[0;34m[Device: id=0] TX[0m: 0.45 Mpps, 3662 Mbit/s (3734 Mbit/s with framing)
Samples: 1480, Average: 5983468.2 ns, StdDev: 225589.9 ns, Quartiles: 5827462.0/5978936.0/6133431.0 ns
[1;37m[INFO]  Saving histogram to '/tmp/histogram.csv'[0m
[1;36m[Device: id=0] RX[0m: 0.27 Mpps, 2199 Mbit/s (2242 Mbit/s with framing)
[1;36m[Device: id=0] RX[0m: 0.33 (StdDev 0.01) Mpps, 2668 (StdDev 100) Mbit/s (2720 Mbit/s with framing), total 9816628 packets with 10050805396 bytes (incl. CRC)
[0;34m[Device: id=0] TX[0m: 0.45 (StdDev 0.00) Mpps, 3662 (StdDev 0) Mbit/s (3734 Mbit/s with framing), total 13400518 packets with 13719892672 bytes (incl. CRC)
