/nix/store/2vwkssqpzykk37r996cafq7x63imf4sp-openjdk-21+35/bin/java  -classpath /nix/store/zw02np72fzsmga6s5mphhw7x8qlzf4sv-ycsb-0.17.0/share/conf:/nix/store/zw02np72fzsmga6s5mphhw7x8qlzf4sv-ycsb-0.17.0/share/lib/core-0.17.0.jar:/nix/store/zw02np72fzsmga6s5mphhw7x8qlzf4sv-ycsb-0.17.0/share/lib/HdrHistogram-2.1.4.jar:/nix/store/zw02np72fzsmga6s5mphhw7x8qlzf4sv-ycsb-0.17.0/share/lib/htrace-core4-4.1.0-incubating.jar:/nix/store/zw02np72fzsmga6s5mphhw7x8qlzf4sv-ycsb-0.17.0/share/lib/jackson-core-asl-1.9.4.jar:/nix/store/zw02np72fzsmga6s5mphhw7x8qlzf4sv-ycsb-0.17.0/share/lib/jackson-mapper-asl-1.9.4.jar:/nix/store/zw02np72fzsmga6s5mphhw7x8qlzf4sv-ycsb-0.17.0/share/redis-binding/lib/commons-pool2-2.4.2.jar:/nix/store/zw02np72fzsmga6s5mphhw7x8qlzf4sv-ycsb-0.17.0/share/redis-binding/lib/jedis-2.9.0.jar:/nix/store/zw02np72fzsmga6s5mphhw7x8qlzf4sv-ycsb-0.17.0/share/redis-binding/lib/redis-binding-0.17.0.jar site.ycsb.Client -t -db site.ycsb.db.RedisClient -s -P /home/host/vmuxIO/test/moonprogs//../../ycsb/share/workloads/workloada -p redis.host=10.1.0.2 -p redis.port=6381 -p operationcount=429496729 -p maxexecutiontime=61 -threads 1
Command line: -t -db site.ycsb.db.RedisClient -s -P /home/host/vmuxIO/test/moonprogs//../../ycsb/share/workloads/workloada -p redis.host=10.1.0.2 -p redis.port=6381 -p operationcount=429496729 -p maxexecutiontime=61 -threads 1
YCSB Client 0.17.0

Loading workload...
Starting test.
Maximum execution time specified as: 61 secs
DBWrapper: report latency for each error is false and specific error codes to track for latency are: []
2025-04-01 23:03:20:486 0 sec: 0 operations; est completion in 0 second 
2025-04-01 23:03:30:335 10 sec: 88460 operations; 8846 current ops/sec; est completion in 13 hours 29 minutes [READ: Count=44049, Max=13663, Min=79, Avg=107.7, 90=121, 99=185, 99.9=702, 99.99=5271] [UPDATE: Count=44415, Max=22687, Min=78, Avg=107.62, 90=122, 99=191, 99.9=879, 99.99=3137] 
2025-04-01 23:03:40:335 20 sec: 187660 operations; 9920 current ops/sec; est completion in 12 hours 42 minutes [READ: Count=49626, Max=11551, Min=78, Avg=100.32, 90=111, 99=154, 99.9=244, 99.99=517] [UPDATE: Count=49570, Max=2163, Min=77, Avg=98.1, 90=109, 99=151, 99.9=208, 99.99=1339] 
2025-04-01 23:03:50:335 30 sec: 283060 operations; 9540 current ops/sec; est completion in 12 hours 38 minutes [READ: Count=47408, Max=4731, Min=81, Avg=104.31, 90=115, 99=189, 99.9=267, 99.99=822] [UPDATE: Count=47992, Max=2099, Min=78, Avg=102.23, 90=113, 99=188, 99.9=273, 99.99=533] 
2025-04-01 23:04:00:335 40 sec: 380423 operations; 9736.3 current ops/sec; est completion in 12 hours 32 minutes [READ: Count=48825, Max=4037, Min=80, Avg=102.19, 90=112, 99=163, 99.9=251, 99.99=2040] [UPDATE: Count=48538, Max=7459, Min=78, Avg=100.21, 90=111, 99=158, 99.9=226, 99.99=588] 
2025-04-01 23:04:10:335 50 sec: 477599 operations; 9717.6 current ops/sec; est completion in 12 hours 28 minutes [READ: Count=48506, Max=2095, Min=79, Avg=102.26, 90=113, 99=159, 99.9=229, 99.99=427] [UPDATE: Count=48670, Max=7159, Min=78, Avg=100.6, 90=111, 99=156, 99.9=244, 99.99=341] 
2025-04-01 23:04:20:335 60 sec: 573282 operations; 9568.3 current ops/sec; est completion in 12 hours 28 minutes [READ: Count=47881, Max=2165, Min=81, Avg=103.68, 90=117, 99=186, 99.9=270, 99.99=546] [UPDATE: Count=47802, Max=6051, Min=79, Avg=102.2, 90=115, 99=190, 99.9=276, 99.99=2033] 
Maximum time elapsed. Requesting stop for the workload.
Stop requested for workload. Now Joining!
2025-04-01 23:04:21:348 61 sec: 582998 operations; 9600.79 current ops/sec; est completion in 12 hours 28 minutes [READ: Count=4852, Max=3721, Min=80, Avg=104.14, 90=113, 99=229, 99.9=529, 99.99=3721] [CLEANUP: Count=1, Max=1052, Min=1052, Avg=1052, 90=1052, 99=1052, 99.9=1052, 99.99=1052] [UPDATE: Count=4864, Max=2657, Min=78, Avg=100.77, 90=110, 99=212, 99.9=807, 99.99=2657] 
[OVERALL], RunTime(ms), 61016
[OVERALL], Throughput(ops/sec), 9554.83807525895
[TOTAL_GCS_Copy], Count, 54
[TOTAL_GC_TIME_Copy], Time(ms), 24
[TOTAL_GC_TIME_%_Copy], Time(%), 0.03933394519470303
[TOTAL_GCS_MarkSweepCompact], Count, 0
[TOTAL_GC_TIME_MarkSweepCompact], Time(ms), 0
[TOTAL_GC_TIME_%_MarkSweepCompact], Time(%), 0.0
[TOTAL_GCs], Count, 54
[TOTAL_GC_TIME], Time(ms), 24
[TOTAL_GC_TIME_%], Time(%), 0.03933394519470303
[READ], Operations, 291147
[READ], AverageLatency(us), 103.33693632426231
[READ], MinLatency(us), 78
[READ], MaxLatency(us), 13663
[READ], 95thPercentileLatency(us), 124
[READ], 99thPercentileLatency(us), 173
[READ], Return=OK, 291147
[CLEANUP], Operations, 1
[CLEANUP], AverageLatency(us), 1052.0
[CLEANUP], MinLatency(us), 1052
[CLEANUP], MaxLatency(us), 1052
[CLEANUP], 95thPercentileLatency(us), 1052
[CLEANUP], 99thPercentileLatency(us), 1052
[UPDATE], Operations, 291851
[UPDATE], AverageLatency(us), 101.71111971519714
[UPDATE], MinLatency(us), 77
[UPDATE], MaxLatency(us), 22687
[UPDATE], 95thPercentileLatency(us), 123
[UPDATE], 99thPercentileLatency(us), 173
[UPDATE], Return=OK, 291851
AUTOTEST_DONE
