[1;37m[INFO]  Initializing DPDK. This will take a few seconds...[0m
EAL: Probing VFIO support...
EAL: PCI device 0000:20:00.0 on NUMA socket 0
EAL:   probe driver: 8086:1521 net_e1000_igb
EAL: PCI device 0000:20:00.1 on NUMA socket 0
EAL:   probe driver: 8086:1521 net_e1000_igb
EAL: PCI device 0000:b0:00.0 on NUMA socket 1
EAL:   probe driver: 8086:10fb net_ixgbe
[1;37m[INFO]  Found 2 usable devices:[0m
   Device 0: 08:9E:01:9B:21:1F ([0;32mIntel Corporation I350 Gigabit Network Connection[0m)
   Device 1: 64:9D:99:B1:0B:62 ([0;32mIntel Corporation 82599ES 10-Gigabit SFI/SFP+ Network Connection[0m)
PMD: ixgbe_dev_link_status_print():  Port 1: Link Down
[1;37m[INFO]  Waiting for devices to come up...[0m
[1;37m[INFO]  Device 1 (64:9D:99:B1:0B:62) is up: 10000 MBit/s[0m
[1;37m[INFO]  [0;32m1 device is up.[0m[0m
[1;36m[Device: id=1] RX[0m: 0.00 Mpps, 0 Mbit/s (0 Mbit/s with framing)
[0;34m[Device: id=1] TX[0m: 0.08 Mpps, 636 Mbit/s (648 Mbit/s with framing)
[1;36m[Device: id=1] RX[0m: 0.00 Mpps, 29 Mbit/s (30 Mbit/s with framing)
[0;34m[Device: id=1] TX[0m: 0.08 Mpps, 655 Mbit/s (668 Mbit/s with framing)
[1;36m[Device: id=1] RX[0m: 0.00 Mpps, 34 Mbit/s (35 Mbit/s with framing)
[0;34m[Device: id=1] TX[0m: 0.08 Mpps, 655 Mbit/s (668 Mbit/s with framing)
[1;36m[Device: id=1] RX[0m: 0.00 Mpps, 34 Mbit/s (35 Mbit/s with framing)
[0;34m[Device: id=1] TX[0m: 0.08 Mpps, 655 Mbit/s (668 Mbit/s with framing)
[1;36m[Device: id=1] RX[0m: 0.00 Mpps, 34 Mbit/s (35 Mbit/s with framing)
[0;34m[Device: id=1] TX[0m: 0.08 Mpps, 655 Mbit/s (668 Mbit/s with framing)
[1;36m[Device: id=1] RX[0m: 0.00 Mpps, 34 Mbit/s (35 Mbit/s with framing)
[0;34m[Device: id=1] TX[0m: 0.08 Mpps, 655 Mbit/s (668 Mbit/s with framing)
[1;36m[Device: id=1] RX[0m: 0.00 Mpps, 34 Mbit/s (34 Mbit/s with framing)
[0;34m[Device: id=1] TX[0m: 0.08 Mpps, 655 Mbit/s (668 Mbit/s with framing)
[1;36m[Device: id=1] RX[0m: 0.00 Mpps, 34 Mbit/s (35 Mbit/s with framing)
[0;34m[Device: id=1] TX[0m: 0.08 Mpps, 655 Mbit/s (668 Mbit/s with framing)
[1;36m[Device: id=1] RX[0m: 0.00 Mpps, 34 Mbit/s (35 Mbit/s with framing)
[0;34m[Device: id=1] TX[0m: 0.08 Mpps, 655 Mbit/s (668 Mbit/s with framing)
[1;36m[Device: id=1] RX[0m: 0.00 Mpps, 34 Mbit/s (35 Mbit/s with framing)
[0;34m[Device: id=1] TX[0m: 0.08 Mpps, 655 Mbit/s (668 Mbit/s with framing)
[1;36m[Device: id=1] RX[0m: 0.00 Mpps, 34 Mbit/s (35 Mbit/s with framing)
[0;34m[Device: id=1] TX[0m: 0.08 Mpps, 655 Mbit/s (668 Mbit/s with framing)
[1;36m[Device: id=1] RX[0m: 0.00 Mpps, 28 Mbit/s (29 Mbit/s with framing)
[0;34m[Device: id=1] TX[0m: 0.08 Mpps, 655 Mbit/s (668 Mbit/s with framing)
[1;36m[Device: id=1] RX[0m: 0.00 Mpps, 30 Mbit/s (30 Mbit/s with framing)
[0;34m[Device: id=1] TX[0m: 0.08 Mpps, 655 Mbit/s (668 Mbit/s with framing)
[1;36m[Device: id=1] RX[0m: 0.00 Mpps, 30 Mbit/s (30 Mbit/s with framing)
[0;34m[Device: id=1] TX[0m: 0.08 Mpps, 655 Mbit/s (668 Mbit/s with framing)
[1;36m[Device: id=1] RX[0m: 0.00 Mpps, 29 Mbit/s (30 Mbit/s with framing)
[0;34m[Device: id=1] TX[0m: 0.08 Mpps, 655 Mbit/s (668 Mbit/s with framing)
[1;36m[Device: id=1] RX[0m: 0.00 Mpps, 30 Mbit/s (30 Mbit/s with framing)
[0;34m[Device: id=1] TX[0m: 0.08 Mpps, 655 Mbit/s (668 Mbit/s with framing)
[1;36m[Device: id=1] RX[0m: 0.00 Mpps, 30 Mbit/s (30 Mbit/s with framing)
[0;34m[Device: id=1] TX[0m: 0.08 Mpps, 655 Mbit/s (668 Mbit/s with framing)
[1;36m[Device: id=1] RX[0m: 0.00 Mpps, 30 Mbit/s (30 Mbit/s with framing)
[0;34m[Device: id=1] TX[0m: 0.08 Mpps, 655 Mbit/s (668 Mbit/s with framing)
[1;36m[Device: id=1] RX[0m: 0.00 Mpps, 30 Mbit/s (30 Mbit/s with framing)
[0;34m[Device: id=1] TX[0m: 0.08 Mpps, 655 Mbit/s (668 Mbit/s with framing)
[1;36m[Device: id=1] RX[0m: 0.00 Mpps, 30 Mbit/s (30 Mbit/s with framing)
[0;34m[Device: id=1] TX[0m: 0.08 Mpps, 655 Mbit/s (668 Mbit/s with framing)
[1;36m[Device: id=1] RX[0m: 0.00 Mpps, 30 Mbit/s (30 Mbit/s with framing)
[0;34m[Device: id=1] TX[0m: 0.08 Mpps, 655 Mbit/s (668 Mbit/s with framing)
[1;36m[Device: id=1] RX[0m: 0.00 Mpps, 31 Mbit/s (32 Mbit/s with framing)
[0;34m[Device: id=1] TX[0m: 0.08 Mpps, 655 Mbit/s (668 Mbit/s with framing)
[1;36m[Device: id=1] RX[0m: 0.00 Mpps, 30 Mbit/s (31 Mbit/s with framing)
[0;34m[Device: id=1] TX[0m: 0.08 Mpps, 655 Mbit/s (668 Mbit/s with framing)
[1;36m[Device: id=1] RX[0m: 0.00 Mpps, 34 Mbit/s (35 Mbit/s with framing)
[0;34m[Device: id=1] TX[0m: 0.08 Mpps, 655 Mbit/s (668 Mbit/s with framing)
[1;36m[Device: id=1] RX[0m: 0.00 Mpps, 34 Mbit/s (35 Mbit/s with framing)
[0;34m[Device: id=1] TX[0m: 0.08 Mpps, 655 Mbit/s (668 Mbit/s with framing)
[1;36m[Device: id=1] RX[0m: 0.00 Mpps, 34 Mbit/s (35 Mbit/s with framing)
[0;34m[Device: id=1] TX[0m: 0.08 Mpps, 655 Mbit/s (668 Mbit/s with framing)
[1;36m[Device: id=1] RX[0m: 0.00 Mpps, 30 Mbit/s (30 Mbit/s with framing)
[0;34m[Device: id=1] TX[0m: 0.08 Mpps, 655 Mbit/s (668 Mbit/s with framing)
[1;36m[Device: id=1] RX[0m: 0.00 Mpps, 32 Mbit/s (33 Mbit/s with framing)
[0;34m[Device: id=1] TX[0m: 0.08 Mpps, 655 Mbit/s (668 Mbit/s with framing)
[1;36m[Device: id=1] RX[0m: 0.00 Mpps, 35 Mbit/s (36 Mbit/s with framing)
[0;34m[Device: id=1] TX[0m: 0.08 Mpps, 655 Mbit/s (668 Mbit/s with framing)
Samples: 46, Average: 17223585.5 ns, StdDev: 1363260.9 ns, Quartiles: 16188268.0/16779007.0/18728985.0 ns
[1;37m[INFO]  Saving histogram to 'histogram.csv'[0m
[1;36m[Device: id=1] RX[0m: 0.00 (StdDev 0.00) Mpps, 32 (StdDev 2) Mbit/s (32 Mbit/s with framing), total 113218 packets with 115881542 bytes (incl. CRC)
[0;34m[Device: id=1] TX[0m: 0.08 (StdDev 0.00) Mpps, 655 (StdDev 0) Mbit/s (668 Mbit/s with framing), total 2394391 packets with 2450452864 bytes (incl. CRC)
