[1;37m[INFO]  Initializing DPDK. This will take a few seconds...[0m
EAL: Probing VFIO support...
EAL: PCI device 0000:20:00.0 on NUMA socket 0
EAL:   probe driver: 8086:1521 net_e1000_igb
EAL: PCI device 0000:20:00.1 on NUMA socket 0
EAL:   probe driver: 8086:1521 net_e1000_igb
EAL: PCI device 0000:b0:00.0 on NUMA socket 1
EAL:   probe driver: 8086:10fb net_ixgbe
[1;37m[INFO]  Found 2 usable devices:[0m
   Device 0: 08:9E:01:9B:21:1F ([0;32mIntel Corporation I350 Gigabit Network Connection[0m)
   Device 1: 64:9D:99:B1:0B:62 ([0;32mIntel Corporation 82599ES 10-Gigabit SFI/SFP+ Network Connection[0m)
PMD: ixgbe_dev_link_status_print():  Port 1: Link Down
[1;37m[INFO]  Waiting for devices to come up...[0m
[1;37m[INFO]  Device 1 (64:9D:99:B1:0B:62) is up: 10000 MBit/s[0m
[1;37m[INFO]  [0;32m1 device is up.[0m[0m
[1;36m[Device: id=1] RX[0m: 0.00 Mpps, 28 Mbit/s (29 Mbit/s with framing)
[0;34m[Device: id=1] TX[0m: 0.08 Mpps, 649 Mbit/s (661 Mbit/s with framing)
[1;36m[Device: id=1] RX[0m: 0.00 Mpps, 29 Mbit/s (30 Mbit/s with framing)
[0;34m[Device: id=1] TX[0m: 0.08 Mpps, 655 Mbit/s (668 Mbit/s with framing)
[1;36m[Device: id=1] RX[0m: 0.00 Mpps, 30 Mbit/s (30 Mbit/s with framing)
[0;34m[Device: id=1] TX[0m: 0.08 Mpps, 655 Mbit/s (668 Mbit/s with framing)
[1;36m[Device: id=1] RX[0m: 0.00 Mpps, 29 Mbit/s (30 Mbit/s with framing)
[0;34m[Device: id=1] TX[0m: 0.08 Mpps, 655 Mbit/s (668 Mbit/s with framing)
[1;36m[Device: id=1] RX[0m: 0.00 Mpps, 29 Mbit/s (30 Mbit/s with framing)
[0;34m[Device: id=1] TX[0m: 0.08 Mpps, 655 Mbit/s (668 Mbit/s with framing)
[1;36m[Device: id=1] RX[0m: 0.00 Mpps, 30 Mbit/s (30 Mbit/s with framing)
[0;34m[Device: id=1] TX[0m: 0.08 Mpps, 655 Mbit/s (668 Mbit/s with framing)
[1;36m[Device: id=1] RX[0m: 0.00 Mpps, 30 Mbit/s (30 Mbit/s with framing)
[0;34m[Device: id=1] TX[0m: 0.08 Mpps, 655 Mbit/s (668 Mbit/s with framing)
[1;36m[Device: id=1] RX[0m: 0.00 Mpps, 32 Mbit/s (33 Mbit/s with framing)
[0;34m[Device: id=1] TX[0m: 0.08 Mpps, 655 Mbit/s (668 Mbit/s with framing)
[1;36m[Device: id=1] RX[0m: 0.00 Mpps, 34 Mbit/s (35 Mbit/s with framing)
[0;34m[Device: id=1] TX[0m: 0.08 Mpps, 655 Mbit/s (668 Mbit/s with framing)
[1;36m[Device: id=1] RX[0m: 0.00 Mpps, 34 Mbit/s (35 Mbit/s with framing)
[0;34m[Device: id=1] TX[0m: 0.08 Mpps, 655 Mbit/s (668 Mbit/s with framing)
[1;36m[Device: id=1] RX[0m: 0.00 Mpps, 34 Mbit/s (35 Mbit/s with framing)
[0;34m[Device: id=1] TX[0m: 0.08 Mpps, 655 Mbit/s (668 Mbit/s with framing)
[1;36m[Device: id=1] RX[0m: 0.00 Mpps, 34 Mbit/s (34 Mbit/s with framing)
[0;34m[Device: id=1] TX[0m: 0.08 Mpps, 655 Mbit/s (668 Mbit/s with framing)
[1;36m[Device: id=1] RX[0m: 0.00 Mpps, 32 Mbit/s (32 Mbit/s with framing)
[0;34m[Device: id=1] TX[0m: 0.08 Mpps, 655 Mbit/s (668 Mbit/s with framing)
[1;36m[Device: id=1] RX[0m: 0.00 Mpps, 30 Mbit/s (30 Mbit/s with framing)
[0;34m[Device: id=1] TX[0m: 0.08 Mpps, 655 Mbit/s (668 Mbit/s with framing)
[1;36m[Device: id=1] RX[0m: 0.00 Mpps, 30 Mbit/s (30 Mbit/s with framing)
[0;34m[Device: id=1] TX[0m: 0.08 Mpps, 655 Mbit/s (668 Mbit/s with framing)
[1;36m[Device: id=1] RX[0m: 0.00 Mpps, 30 Mbit/s (30 Mbit/s with framing)
[0;34m[Device: id=1] TX[0m: 0.08 Mpps, 655 Mbit/s (668 Mbit/s with framing)
[1;36m[Device: id=1] RX[0m: 0.00 Mpps, 28 Mbit/s (29 Mbit/s with framing)
[0;34m[Device: id=1] TX[0m: 0.08 Mpps, 655 Mbit/s (668 Mbit/s with framing)
[1;36m[Device: id=1] RX[0m: 0.00 Mpps, 38 Mbit/s (39 Mbit/s with framing)
[0;34m[Device: id=1] TX[0m: 0.08 Mpps, 655 Mbit/s (668 Mbit/s with framing)
[1;36m[Device: id=1] RX[0m: 0.01 Mpps, 44 Mbit/s (45 Mbit/s with framing)
[0;34m[Device: id=1] TX[0m: 0.08 Mpps, 655 Mbit/s (668 Mbit/s with framing)
[1;36m[Device: id=1] RX[0m: 0.01 Mpps, 43 Mbit/s (43 Mbit/s with framing)
[0;34m[Device: id=1] TX[0m: 0.08 Mpps, 655 Mbit/s (668 Mbit/s with framing)
[1;36m[Device: id=1] RX[0m: 0.00 Mpps, 38 Mbit/s (39 Mbit/s with framing)
[0;34m[Device: id=1] TX[0m: 0.08 Mpps, 655 Mbit/s (668 Mbit/s with framing)
[1;36m[Device: id=1] RX[0m: 0.00 Mpps, 36 Mbit/s (37 Mbit/s with framing)
[0;34m[Device: id=1] TX[0m: 0.08 Mpps, 655 Mbit/s (668 Mbit/s with framing)
[1;36m[Device: id=1] RX[0m: 0.01 Mpps, 47 Mbit/s (47 Mbit/s with framing)
[0;34m[Device: id=1] TX[0m: 0.08 Mpps, 655 Mbit/s (668 Mbit/s with framing)
[1;36m[Device: id=1] RX[0m: 0.01 Mpps, 42 Mbit/s (42 Mbit/s with framing)
[0;34m[Device: id=1] TX[0m: 0.08 Mpps, 655 Mbit/s (668 Mbit/s with framing)
[1;36m[Device: id=1] RX[0m: 0.00 Mpps, 34 Mbit/s (35 Mbit/s with framing)
[0;34m[Device: id=1] TX[0m: 0.08 Mpps, 655 Mbit/s (668 Mbit/s with framing)
[1;36m[Device: id=1] RX[0m: 0.00 Mpps, 34 Mbit/s (35 Mbit/s with framing)
[0;34m[Device: id=1] TX[0m: 0.08 Mpps, 655 Mbit/s (668 Mbit/s with framing)
[1;36m[Device: id=1] RX[0m: 0.00 Mpps, 34 Mbit/s (35 Mbit/s with framing)
[0;34m[Device: id=1] TX[0m: 0.08 Mpps, 655 Mbit/s (668 Mbit/s with framing)
[1;36m[Device: id=1] RX[0m: 0.00 Mpps, 34 Mbit/s (35 Mbit/s with framing)
[0;34m[Device: id=1] TX[0m: 0.08 Mpps, 655 Mbit/s (668 Mbit/s with framing)
[1;36m[Device: id=1] RX[0m: 0.00 Mpps, 40 Mbit/s (40 Mbit/s with framing)
[0;34m[Device: id=1] TX[0m: 0.08 Mpps, 655 Mbit/s (668 Mbit/s with framing)
Samples: 46, Average: 15193324.4 ns, StdDev: 2919918.2 ns, Quartiles: 12331212.0/16082182.0/17903736.0 ns
[1;37m[INFO]  Saving histogram to 'histogram.csv'[0m
[1;36m[Device: id=1] RX[0m: 0.00 (StdDev 0.00) Mpps, 34 (StdDev 5) Mbit/s (35 Mbit/s with framing), total 126928 packets with 129927262 bytes (incl. CRC)
[0;34m[Device: id=1] TX[0m: 0.08 (StdDev 0.00) Mpps, 655 (StdDev 0) Mbit/s (668 Mbit/s with framing), total 2393949 packets with 2450001216 bytes (incl. CRC)
