[1;37m[INFO]  Initializing DPDK. This will take a few seconds...[0m
EAL: Probing VFIO support...
EAL: PCI device 0000:20:00.0 on NUMA socket 0
EAL:   probe driver: 8086:1521 net_e1000_igb
EAL: PCI device 0000:20:00.1 on NUMA socket 0
EAL:   probe driver: 8086:1521 net_e1000_igb
EAL: PCI device 0000:b0:00.0 on NUMA socket 1
EAL:   probe driver: 8086:10fb net_ixgbe
[1;37m[INFO]  Found 2 usable devices:[0m
   Device 0: 08:9E:01:9B:21:1F ([0;32mIntel Corporation I350 Gigabit Network Connection[0m)
   Device 1: 64:9D:99:B1:0B:62 ([0;32mIntel Corporation 82599ES 10-Gigabit SFI/SFP+ Network Connection[0m)
PMD: ixgbe_dev_link_status_print():  Port 1: Link Down
[1;37m[INFO]  Waiting for devices to come up...[0m
[1;37m[INFO]  Device 1 (64:9D:99:B1:0B:62) is up: 10000 MBit/s[0m
[1;37m[INFO]  [0;32m1 device is up.[0m[0m
[1;36m[Device: id=1] RX[0m: 0.00 Mpps, 26 Mbit/s (27 Mbit/s with framing)
[0;34m[Device: id=1] TX[0m: 0.14 Mpps, 1170 Mbit/s (1193 Mbit/s with framing)
[1;36m[Device: id=1] RX[0m: 0.01 Mpps, 44 Mbit/s (45 Mbit/s with framing)
[0;34m[Device: id=1] TX[0m: 0.15 Mpps, 1228 Mbit/s (1252 Mbit/s with framing)
[1;36m[Device: id=1] RX[0m: 0.01 Mpps, 45 Mbit/s (46 Mbit/s with framing)
[0;34m[Device: id=1] TX[0m: 0.15 Mpps, 1228 Mbit/s (1252 Mbit/s with framing)
[1;36m[Device: id=1] RX[0m: 0.01 Mpps, 43 Mbit/s (44 Mbit/s with framing)
[0;34m[Device: id=1] TX[0m: 0.15 Mpps, 1228 Mbit/s (1252 Mbit/s with framing)
[1;36m[Device: id=1] RX[0m: 0.01 Mpps, 43 Mbit/s (44 Mbit/s with framing)
[0;34m[Device: id=1] TX[0m: 0.15 Mpps, 1228 Mbit/s (1252 Mbit/s with framing)
[1;36m[Device: id=1] RX[0m: 0.01 Mpps, 43 Mbit/s (44 Mbit/s with framing)
[0;34m[Device: id=1] TX[0m: 0.15 Mpps, 1228 Mbit/s (1252 Mbit/s with framing)
[1;36m[Device: id=1] RX[0m: 0.01 Mpps, 43 Mbit/s (44 Mbit/s with framing)
[0;34m[Device: id=1] TX[0m: 0.15 Mpps, 1228 Mbit/s (1252 Mbit/s with framing)
[1;36m[Device: id=1] RX[0m: 0.01 Mpps, 43 Mbit/s (44 Mbit/s with framing)
[0;34m[Device: id=1] TX[0m: 0.15 Mpps, 1228 Mbit/s (1252 Mbit/s with framing)
[1;36m[Device: id=1] RX[0m: 0.01 Mpps, 43 Mbit/s (44 Mbit/s with framing)
[0;34m[Device: id=1] TX[0m: 0.15 Mpps, 1228 Mbit/s (1252 Mbit/s with framing)
[1;36m[Device: id=1] RX[0m: 0.01 Mpps, 43 Mbit/s (44 Mbit/s with framing)
[0;34m[Device: id=1] TX[0m: 0.15 Mpps, 1228 Mbit/s (1252 Mbit/s with framing)
[1;36m[Device: id=1] RX[0m: 0.01 Mpps, 43 Mbit/s (44 Mbit/s with framing)
[0;34m[Device: id=1] TX[0m: 0.15 Mpps, 1228 Mbit/s (1252 Mbit/s with framing)
[1;36m[Device: id=1] RX[0m: 0.01 Mpps, 43 Mbit/s (44 Mbit/s with framing)
[0;34m[Device: id=1] TX[0m: 0.15 Mpps, 1228 Mbit/s (1252 Mbit/s with framing)
[1;36m[Device: id=1] RX[0m: 0.01 Mpps, 43 Mbit/s (44 Mbit/s with framing)
[0;34m[Device: id=1] TX[0m: 0.15 Mpps, 1228 Mbit/s (1252 Mbit/s with framing)
[1;36m[Device: id=1] RX[0m: 0.01 Mpps, 43 Mbit/s (44 Mbit/s with framing)
[0;34m[Device: id=1] TX[0m: 0.15 Mpps, 1228 Mbit/s (1252 Mbit/s with framing)
[1;36m[Device: id=1] RX[0m: 0.01 Mpps, 43 Mbit/s (44 Mbit/s with framing)
[0;34m[Device: id=1] TX[0m: 0.15 Mpps, 1228 Mbit/s (1252 Mbit/s with framing)
[1;36m[Device: id=1] RX[0m: 0.01 Mpps, 43 Mbit/s (44 Mbit/s with framing)
[0;34m[Device: id=1] TX[0m: 0.15 Mpps, 1228 Mbit/s (1252 Mbit/s with framing)
[1;36m[Device: id=1] RX[0m: 0.01 Mpps, 43 Mbit/s (44 Mbit/s with framing)
[0;34m[Device: id=1] TX[0m: 0.15 Mpps, 1228 Mbit/s (1252 Mbit/s with framing)
[1;36m[Device: id=1] RX[0m: 0.01 Mpps, 43 Mbit/s (44 Mbit/s with framing)
[0;34m[Device: id=1] TX[0m: 0.15 Mpps, 1228 Mbit/s (1252 Mbit/s with framing)
[1;36m[Device: id=1] RX[0m: 0.01 Mpps, 43 Mbit/s (44 Mbit/s with framing)
[0;34m[Device: id=1] TX[0m: 0.15 Mpps, 1228 Mbit/s (1252 Mbit/s with framing)
[1;36m[Device: id=1] RX[0m: 0.01 Mpps, 43 Mbit/s (44 Mbit/s with framing)
[0;34m[Device: id=1] TX[0m: 0.15 Mpps, 1228 Mbit/s (1252 Mbit/s with framing)
[1;36m[Device: id=1] RX[0m: 0.01 Mpps, 43 Mbit/s (44 Mbit/s with framing)
[0;34m[Device: id=1] TX[0m: 0.15 Mpps, 1228 Mbit/s (1252 Mbit/s with framing)
[1;36m[Device: id=1] RX[0m: 0.01 Mpps, 43 Mbit/s (44 Mbit/s with framing)
[0;34m[Device: id=1] TX[0m: 0.15 Mpps, 1228 Mbit/s (1252 Mbit/s with framing)
[1;36m[Device: id=1] RX[0m: 0.01 Mpps, 43 Mbit/s (44 Mbit/s with framing)
[0;34m[Device: id=1] TX[0m: 0.15 Mpps, 1228 Mbit/s (1252 Mbit/s with framing)
[1;36m[Device: id=1] RX[0m: 0.01 Mpps, 43 Mbit/s (44 Mbit/s with framing)
[0;34m[Device: id=1] TX[0m: 0.15 Mpps, 1228 Mbit/s (1252 Mbit/s with framing)
[1;36m[Device: id=1] RX[0m: 0.01 Mpps, 43 Mbit/s (44 Mbit/s with framing)
[0;34m[Device: id=1] TX[0m: 0.15 Mpps, 1228 Mbit/s (1252 Mbit/s with framing)
[1;36m[Device: id=1] RX[0m: 0.01 Mpps, 43 Mbit/s (44 Mbit/s with framing)
[0;34m[Device: id=1] TX[0m: 0.15 Mpps, 1228 Mbit/s (1252 Mbit/s with framing)
[1;36m[Device: id=1] RX[0m: 0.01 Mpps, 43 Mbit/s (44 Mbit/s with framing)
[0;34m[Device: id=1] TX[0m: 0.15 Mpps, 1228 Mbit/s (1252 Mbit/s with framing)
[1;36m[Device: id=1] RX[0m: 0.01 Mpps, 43 Mbit/s (44 Mbit/s with framing)
[0;34m[Device: id=1] TX[0m: 0.15 Mpps, 1228 Mbit/s (1252 Mbit/s with framing)
[1;36m[Device: id=1] RX[0m: 0.01 Mpps, 43 Mbit/s (44 Mbit/s with framing)
[0;34m[Device: id=1] TX[0m: 0.15 Mpps, 1228 Mbit/s (1252 Mbit/s with framing)
Samples: 44, Average: 13006737.8 ns, StdDev: 451606.9 ns, Quartiles: 12619071.0/13015987.0/13469100.0 ns
[1;37m[INFO]  Saving histogram to 'histogram.csv'[0m
[1;36m[Device: id=1] RX[0m: 0.00 Mpps, 36 Mbit/s (36 Mbit/s with framing)
[1;36m[Device: id=1] RX[0m: 0.01 (StdDev 0.00) Mpps, 43 (StdDev 1) Mbit/s (44 Mbit/s with framing), total 155633 packets with 159322232 bytes (incl. CRC)
[0;34m[Device: id=1] TX[0m: 0.15 (StdDev 0.00) Mpps, 1228 (StdDev 0) Mbit/s (1252 Mbit/s with framing), total 4488447 packets with 4594767168 bytes (incl. CRC)
