[1;37m[INFO]  Initializing DPDK. This will take a few seconds...[0m
EAL: Probing VFIO support...
EAL: PCI device 0000:20:00.0 on NUMA socket 0
EAL:   probe driver: 8086:1521 net_e1000_igb
EAL: PCI device 0000:20:00.1 on NUMA socket 0
EAL:   probe driver: 8086:1521 net_e1000_igb
EAL: PCI device 0000:b0:00.0 on NUMA socket 1
EAL:   probe driver: 8086:10fb net_ixgbe
[1;37m[INFO]  Found 2 usable devices:[0m
   Device 0: 08:9E:01:9B:21:1F ([0;32mIntel Corporation I350 Gigabit Network Connection[0m)
   Device 1: 64:9D:99:B1:0B:62 ([0;32mIntel Corporation 82599ES 10-Gigabit SFI/SFP+ Network Connection[0m)
PMD: ixgbe_dev_link_status_print(): Port 1: Link Up - speed 0 Mbps - half-duplex
[1;37m[INFO]  Waiting for devices to come up...[0m
[1;37m[INFO]  Device 1 (64:9D:99:B1:0B:62) is up: 10000 MBit/s[0m
[1;37m[INFO]  [0;32m1 device is up.[0m[0m
[1;36m[Device: id=1] RX[0m: 0.00 Mpps, 0 Mbit/s (0 Mbit/s with framing)
[0;34m[Device: id=1] TX[0m: 0.01 Mpps, 81 Mbit/s (83 Mbit/s with framing)
[1;36m[Device: id=1] RX[0m: 0.01 Mpps, 47 Mbit/s (48 Mbit/s with framing)
[0;34m[Device: id=1] TX[0m: 0.01 Mpps, 82 Mbit/s (83 Mbit/s with framing)
[1;36m[Device: id=1] RX[0m: 0.01 Mpps, 82 Mbit/s (84 Mbit/s with framing)
[0;34m[Device: id=1] TX[0m: 0.01 Mpps, 82 Mbit/s (84 Mbit/s with framing)
[1;36m[Device: id=1] RX[0m: 0.01 Mpps, 82 Mbit/s (84 Mbit/s with framing)
[0;34m[Device: id=1] TX[0m: 0.01 Mpps, 82 Mbit/s (84 Mbit/s with framing)
[1;36m[Device: id=1] RX[0m: 0.01 Mpps, 82 Mbit/s (84 Mbit/s with framing)
[0;34m[Device: id=1] TX[0m: 0.01 Mpps, 82 Mbit/s (84 Mbit/s with framing)
[1;36m[Device: id=1] RX[0m: 0.01 Mpps, 82 Mbit/s (84 Mbit/s with framing)
[0;34m[Device: id=1] TX[0m: 0.01 Mpps, 82 Mbit/s (84 Mbit/s with framing)
[1;36m[Device: id=1] RX[0m: 0.01 Mpps, 82 Mbit/s (84 Mbit/s with framing)
[0;34m[Device: id=1] TX[0m: 0.01 Mpps, 82 Mbit/s (84 Mbit/s with framing)
[1;36m[Device: id=1] RX[0m: 0.01 Mpps, 82 Mbit/s (84 Mbit/s with framing)
[0;34m[Device: id=1] TX[0m: 0.01 Mpps, 82 Mbit/s (84 Mbit/s with framing)
[1;36m[Device: id=1] RX[0m: 0.01 Mpps, 82 Mbit/s (84 Mbit/s with framing)
[0;34m[Device: id=1] TX[0m: 0.01 Mpps, 82 Mbit/s (84 Mbit/s with framing)
[1;36m[Device: id=1] RX[0m: 0.01 Mpps, 82 Mbit/s (84 Mbit/s with framing)
[0;34m[Device: id=1] TX[0m: 0.01 Mpps, 82 Mbit/s (84 Mbit/s with framing)
[1;36m[Device: id=1] RX[0m: 0.01 Mpps, 82 Mbit/s (84 Mbit/s with framing)
[0;34m[Device: id=1] TX[0m: 0.01 Mpps, 82 Mbit/s (84 Mbit/s with framing)
[1;36m[Device: id=1] RX[0m: 0.01 Mpps, 82 Mbit/s (84 Mbit/s with framing)
[0;34m[Device: id=1] TX[0m: 0.01 Mpps, 82 Mbit/s (84 Mbit/s with framing)
[1;36m[Device: id=1] RX[0m: 0.01 Mpps, 82 Mbit/s (84 Mbit/s with framing)
[0;34m[Device: id=1] TX[0m: 0.01 Mpps, 82 Mbit/s (84 Mbit/s with framing)
[1;36m[Device: id=1] RX[0m: 0.01 Mpps, 82 Mbit/s (84 Mbit/s with framing)
[0;34m[Device: id=1] TX[0m: 0.01 Mpps, 82 Mbit/s (84 Mbit/s with framing)
[1;36m[Device: id=1] RX[0m: 0.01 Mpps, 82 Mbit/s (84 Mbit/s with framing)
[0;34m[Device: id=1] TX[0m: 0.01 Mpps, 82 Mbit/s (84 Mbit/s with framing)
[1;36m[Device: id=1] RX[0m: 0.01 Mpps, 82 Mbit/s (84 Mbit/s with framing)
[0;34m[Device: id=1] TX[0m: 0.01 Mpps, 82 Mbit/s (84 Mbit/s with framing)
[1;36m[Device: id=1] RX[0m: 0.01 Mpps, 82 Mbit/s (84 Mbit/s with framing)
[0;34m[Device: id=1] TX[0m: 0.01 Mpps, 82 Mbit/s (84 Mbit/s with framing)
[1;36m[Device: id=1] RX[0m: 0.01 Mpps, 82 Mbit/s (84 Mbit/s with framing)
[0;34m[Device: id=1] TX[0m: 0.01 Mpps, 82 Mbit/s (84 Mbit/s with framing)
[1;36m[Device: id=1] RX[0m: 0.01 Mpps, 82 Mbit/s (84 Mbit/s with framing)
[0;34m[Device: id=1] TX[0m: 0.01 Mpps, 82 Mbit/s (84 Mbit/s with framing)
[1;36m[Device: id=1] RX[0m: 0.01 Mpps, 82 Mbit/s (84 Mbit/s with framing)
[0;34m[Device: id=1] TX[0m: 0.01 Mpps, 82 Mbit/s (84 Mbit/s with framing)
[1;36m[Device: id=1] RX[0m: 0.01 Mpps, 82 Mbit/s (84 Mbit/s with framing)
[0;34m[Device: id=1] TX[0m: 0.01 Mpps, 82 Mbit/s (84 Mbit/s with framing)
[1;36m[Device: id=1] RX[0m: 0.01 Mpps, 82 Mbit/s (84 Mbit/s with framing)
[0;34m[Device: id=1] TX[0m: 0.01 Mpps, 82 Mbit/s (84 Mbit/s with framing)
[1;36m[Device: id=1] RX[0m: 0.01 Mpps, 82 Mbit/s (84 Mbit/s with framing)
[0;34m[Device: id=1] TX[0m: 0.01 Mpps, 82 Mbit/s (84 Mbit/s with framing)
[1;36m[Device: id=1] RX[0m: 0.01 Mpps, 82 Mbit/s (84 Mbit/s with framing)
[0;34m[Device: id=1] TX[0m: 0.01 Mpps, 82 Mbit/s (84 Mbit/s with framing)
[1;36m[Device: id=1] RX[0m: 0.01 Mpps, 82 Mbit/s (84 Mbit/s with framing)
[0;34m[Device: id=1] TX[0m: 0.01 Mpps, 82 Mbit/s (84 Mbit/s with framing)
[1;36m[Device: id=1] RX[0m: 0.01 Mpps, 82 Mbit/s (84 Mbit/s with framing)
[0;34m[Device: id=1] TX[0m: 0.01 Mpps, 82 Mbit/s (84 Mbit/s with framing)
[1;36m[Device: id=1] RX[0m: 0.01 Mpps, 82 Mbit/s (84 Mbit/s with framing)
[0;34m[Device: id=1] TX[0m: 0.01 Mpps, 82 Mbit/s (84 Mbit/s with framing)
[1;36m[Device: id=1] RX[0m: 0.01 Mpps, 82 Mbit/s (84 Mbit/s with framing)
[0;34m[Device: id=1] TX[0m: 0.01 Mpps, 82 Mbit/s (84 Mbit/s with framing)
[1;36m[Device: id=1] RX[0m: 0.01 Mpps, 82 Mbit/s (84 Mbit/s with framing)
[0;34m[Device: id=1] TX[0m: 0.01 Mpps, 82 Mbit/s (84 Mbit/s with framing)
[1;33m[WARN]  Failed to timestamp packet on transmission[0m
Samples: 48429, Average: 342902.3 ns, StdDev: 68682.7 ns, Quartiles: 303731.0/320160.0/377843.0 ns
[1;37m[INFO]  Saving histogram to 'histogram.csv'[0m
[1;36m[Device: id=1] RX[0m: 0.01 (StdDev 0.00) Mpps, 81 (StdDev 7) Mbit/s (82 Mbit/s with framing), total 331294 packets with 292748536 bytes (incl. CRC)
[0;34m[Device: id=1] TX[0m: 0.01 (StdDev 0.00) Mpps, 82 (StdDev 0) Mbit/s (84 Mbit/s with framing), total 345746 packets with 307532864 bytes (incl. CRC)
