/nix/store/2vwkssqpzykk37r996cafq7x63imf4sp-openjdk-21+35/bin/java  -classpath /nix/store/zw02np72fzsmga6s5mphhw7x8qlzf4sv-ycsb-0.17.0/share/conf:/nix/store/zw02np72fzsmga6s5mphhw7x8qlzf4sv-ycsb-0.17.0/share/lib/core-0.17.0.jar:/nix/store/zw02np72fzsmga6s5mphhw7x8qlzf4sv-ycsb-0.17.0/share/lib/HdrHistogram-2.1.4.jar:/nix/store/zw02np72fzsmga6s5mphhw7x8qlzf4sv-ycsb-0.17.0/share/lib/htrace-core4-4.1.0-incubating.jar:/nix/store/zw02np72fzsmga6s5mphhw7x8qlzf4sv-ycsb-0.17.0/share/lib/jackson-core-asl-1.9.4.jar:/nix/store/zw02np72fzsmga6s5mphhw7x8qlzf4sv-ycsb-0.17.0/share/lib/jackson-mapper-asl-1.9.4.jar:/nix/store/zw02np72fzsmga6s5mphhw7x8qlzf4sv-ycsb-0.17.0/share/redis-binding/lib/commons-pool2-2.4.2.jar:/nix/store/zw02np72fzsmga6s5mphhw7x8qlzf4sv-ycsb-0.17.0/share/redis-binding/lib/jedis-2.9.0.jar:/nix/store/zw02np72fzsmga6s5mphhw7x8qlzf4sv-ycsb-0.17.0/share/redis-binding/lib/redis-binding-0.17.0.jar site.ycsb.Client -t -db site.ycsb.db.RedisClient -s -P /home/host/vmuxIO/test/moonprogs//../../ycsb/share/workloads/workloada -p redis.host=10.1.0.2 -p redis.port=6381 -p operationcount=429496729 -p maxexecutiontime=61 -threads 1
Command line: -t -db site.ycsb.db.RedisClient -s -P /home/host/vmuxIO/test/moonprogs//../../ycsb/share/workloads/workloada -p redis.host=10.1.0.2 -p redis.port=6381 -p operationcount=429496729 -p maxexecutiontime=61 -threads 1
YCSB Client 0.17.0

Loading workload...
Starting test.
Maximum execution time specified as: 61 secs
DBWrapper: report latency for each error is false and specific error codes to track for latency are: []
2024-10-15 14:00:50:688 0 sec: 0 operations; est completion in 0 second 
2024-10-15 14:01:00:469 10 sec: 48468 operations; 4846.8 current ops/sec; est completion in 1 day [READ: Count=24286, Max=54879, Min=102, Avg=196.21, 90=251, 99=415, 99.9=1706, 99.99=9655] [UPDATE: Count=24202, Max=13007, Min=106, Avg=195.34, 90=250, 99=436, 99.9=2143, 99.99=6643] 
2024-10-15 14:01:10:469 20 sec: 95894 operations; 4742.6 current ops/sec; est completion in 1 day [READ: Count=23594, Max=1402, Min=110, Avg=209.2, 90=273, 99=435, 99.9=601, 99.99=849] [UPDATE: Count=23812, Max=1290, Min=104, Avg=205.56, 90=270, 99=430, 99.9=559, 99.99=893] 
2024-10-15 14:01:20:469 30 sec: 144321 operations; 4842.7 current ops/sec; est completion in 1 day [READ: Count=24003, Max=7411, Min=113, Avg=205.59, 90=265, 99=435, 99.9=596, 99.99=3039] [UPDATE: Count=24424, Max=5499, Min=108, Avg=202.05, 90=260, 99=427, 99.9=582, 99.99=3961] 
2024-10-15 14:01:30:469 40 sec: 193130 operations; 4880.9 current ops/sec; est completion in 1 day [READ: Count=24490, Max=2361, Min=108, Avg=204.18, 90=263, 99=421, 99.9=565, 99.99=971] [UPDATE: Count=24319, Max=2631, Min=104, Avg=200.33, 90=258, 99=423, 99.9=553, 99.99=892] 
2024-10-15 14:01:40:469 50 sec: 241242 operations; 4811.2 current ops/sec; est completion in 1 day [READ: Count=24129, Max=4659, Min=111, Avg=206.63, 90=267, 99=436, 99.9=684, 99.99=3475] [UPDATE: Count=23983, Max=10383, Min=108, Avg=204.12, 90=266, 99=427, 99.9=625, 99.99=2211] 
2024-10-15 14:01:50:469 60 sec: 289891 operations; 4864.9 current ops/sec; est completion in 1 day [READ: Count=24279, Max=3341, Min=94, Avg=205.31, 90=277, 99=437, 99.9=613, 99.99=1915] [UPDATE: Count=24370, Max=4207, Min=96, Avg=200.72, 90=271, 99=429, 99.9=632, 99.99=2059] 
Maximum time elapsed. Requesting stop for the workload.
Stop requested for workload. Now Joining!
2024-10-15 14:01:51:484 61 sec: 297742 operations; 7727.36 current ops/sec; est completion in 1 day [READ: Count=3933, Max=695, Min=85, Avg=128.06, 90=148, 99=269, 99.9=343, 99.99=695] [CLEANUP: Count=1, Max=1180, Min=1180, Avg=1180, 90=1180, 99=1180, 99.9=1180, 99.99=1180] [UPDATE: Count=3918, Max=5099, Min=75, Avg=125.99, 90=146, 99=256, 99.9=335, 99.99=5099] 
[OVERALL], RunTime(ms), 61023
[OVERALL], Throughput(ops/sec), 4879.176703865755
[TOTAL_GCS_Copy], Count, 27
[TOTAL_GC_TIME_Copy], Time(ms), 25
[TOTAL_GC_TIME_%_Copy], Time(%), 0.04096815954640054
[TOTAL_GCS_MarkSweepCompact], Count, 0
[TOTAL_GC_TIME_MarkSweepCompact], Time(ms), 0
[TOTAL_GC_TIME_%_MarkSweepCompact], Time(%), 0.0
[TOTAL_GCs], Count, 27
[TOTAL_GC_TIME], Time(ms), 25
[TOTAL_GC_TIME_%], Time(%), 0.04096815954640054
[READ], Operations, 148714
[READ], AverageLatency(us), 202.47156958995117
[READ], MinLatency(us), 85
[READ], MaxLatency(us), 54879
[READ], 95thPercentileLatency(us), 304
[READ], 99thPercentileLatency(us), 430
[READ], Return=OK, 148714
[CLEANUP], Operations, 1
[CLEANUP], AverageLatency(us), 1180.0
[CLEANUP], MinLatency(us), 1180
[CLEANUP], MaxLatency(us), 1180
[CLEANUP], 95thPercentileLatency(us), 1180
[CLEANUP], 99thPercentileLatency(us), 1180
[UPDATE], Operations, 149028
[UPDATE], AverageLatency(us), 199.35387980782136
[UPDATE], MinLatency(us), 75
[UPDATE], MaxLatency(us), 13007
[UPDATE], 95thPercentileLatency(us), 302
[UPDATE], 99thPercentileLatency(us), 426
[UPDATE], Return=OK, 149028
AUTOTEST_DONE
