/nix/store/2vwkssqpzykk37r996cafq7x63imf4sp-openjdk-21+35/bin/java  -classpath /nix/store/zw02np72fzsmga6s5mphhw7x8qlzf4sv-ycsb-0.17.0/share/conf:/nix/store/zw02np72fzsmga6s5mphhw7x8qlzf4sv-ycsb-0.17.0/share/lib/core-0.17.0.jar:/nix/store/zw02np72fzsmga6s5mphhw7x8qlzf4sv-ycsb-0.17.0/share/lib/HdrHistogram-2.1.4.jar:/nix/store/zw02np72fzsmga6s5mphhw7x8qlzf4sv-ycsb-0.17.0/share/lib/htrace-core4-4.1.0-incubating.jar:/nix/store/zw02np72fzsmga6s5mphhw7x8qlzf4sv-ycsb-0.17.0/share/lib/jackson-core-asl-1.9.4.jar:/nix/store/zw02np72fzsmga6s5mphhw7x8qlzf4sv-ycsb-0.17.0/share/lib/jackson-mapper-asl-1.9.4.jar:/nix/store/zw02np72fzsmga6s5mphhw7x8qlzf4sv-ycsb-0.17.0/share/redis-binding/lib/commons-pool2-2.4.2.jar:/nix/store/zw02np72fzsmga6s5mphhw7x8qlzf4sv-ycsb-0.17.0/share/redis-binding/lib/jedis-2.9.0.jar:/nix/store/zw02np72fzsmga6s5mphhw7x8qlzf4sv-ycsb-0.17.0/share/redis-binding/lib/redis-binding-0.17.0.jar site.ycsb.Client -t -db site.ycsb.db.RedisClient -s -P /home/host/vmuxIO/test/moonprogs//../../ycsb/share/workloads/workloada -p redis.host=10.1.0.2 -p redis.port=6387 -p operationcount=429496729 -p maxexecutiontime=61 -threads 1
Command line: -t -db site.ycsb.db.RedisClient -s -P /home/host/vmuxIO/test/moonprogs//../../ycsb/share/workloads/workloada -p redis.host=10.1.0.2 -p redis.port=6387 -p operationcount=429496729 -p maxexecutiontime=61 -threads 1
YCSB Client 0.17.0

Loading workload...
Starting test.
Maximum execution time specified as: 61 secs
DBWrapper: report latency for each error is false and specific error codes to track for latency are: []
2024-10-15 14:00:51:278 0 sec: 0 operations; est completion in 0 second [UPDATE: Count=1, Max=40671, Min=40640, Avg=40656, 90=40671, 99=40671, 99.9=40671, 99.99=40671] 
2024-10-15 14:01:01:017 10 sec: 44142 operations; 4414.2 current ops/sec; est completion in 1 day 3 hours [READ: Count=22306, Max=38687, Min=105, Avg=212.9, 90=282, 99=482, 99.9=1950, 99.99=7115] [UPDATE: Count=21836, Max=21247, Min=110, Avg=214.2, 90=285, 99=500, 99.9=2657, 99.99=9839] 
2024-10-15 14:01:11:017 20 sec: 89570 operations; 4542.8 current ops/sec; est completion in 1 day 2 hours [READ: Count=22678, Max=1879, Min=108, Avg=218.88, 90=301, 99=471, 99.9=649, 99.99=1118] [UPDATE: Count=22749, Max=3475, Min=107, Avg=214.63, 90=295, 99=463, 99.9=625, 99.99=1947] 
2024-10-15 14:01:21:017 30 sec: 133845 operations; 4427.5 current ops/sec; est completion in 1 day 2 hours [READ: Count=22173, Max=6535, Min=110, Avg=225.76, 90=309, 99=478, 99.9=660, 99.99=2983] [UPDATE: Count=22102, Max=3593, Min=102, Avg=220.76, 90=304, 99=468, 99.9=662, 99.99=2879] 
2024-10-15 14:01:31:017 40 sec: 179832 operations; 4598.7 current ops/sec; est completion in 1 day 2 hours [READ: Count=22916, Max=4843, Min=112, Avg=217.24, 90=295, 99=449, 99.9=594, 99.99=1136] [UPDATE: Count=23071, Max=2557, Min=112, Avg=213.04, 90=287, 99=453, 99.9=591, 99.99=1044] 
2024-10-15 14:01:41:017 50 sec: 225365 operations; 4553.3 current ops/sec; est completion in 1 day 2 hours [READ: Count=22869, Max=1586, Min=111, Avg=218.6, 90=295, 99=461, 99.9=611, 99.99=703] [UPDATE: Count=22664, Max=8319, Min=112, Avg=215.87, 90=293, 99=465, 99.9=639, 99.99=2983] 
2024-10-15 14:01:51:017 60 sec: 274253 operations; 4888.8 current ops/sec; est completion in 1 day 2 hours [READ: Count=24464, Max=6523, Min=96, Avg=204.04, 90=286, 99=455, 99.9=613, 99.99=769] [UPDATE: Count=24424, Max=2809, Min=92, Avg=200.43, 90=284, 99=454, 99.9=614, 99.99=806] 
Maximum time elapsed. Requesting stop for the workload.
Stop requested for workload. Now Joining!
2024-10-15 14:01:52:027 61 sec: 281251 operations; 6928.71 current ops/sec; est completion in 1 day 1 hour [READ: Count=3519, Max=556, Min=90, Avg=142.34, 90=172, 99=272, 99.9=332, 99.99=556] [CLEANUP: Count=1, Max=1261, Min=1261, Avg=1261, 90=1261, 99=1261, 99.9=1261, 99.99=1261] [UPDATE: Count=3479, Max=8359, Min=87, Avg=140.72, 90=168, 99=260, 99.9=320, 99.99=8359] 
[OVERALL], RunTime(ms), 61015
[OVERALL], Throughput(ops/sec), 4609.538638039826
[TOTAL_GCS_Copy], Count, 26
[TOTAL_GC_TIME_Copy], Time(ms), 31
[TOTAL_GC_TIME_%_Copy], Time(%), 0.05080717856264853
[TOTAL_GCS_MarkSweepCompact], Count, 0
[TOTAL_GC_TIME_MarkSweepCompact], Time(ms), 0
[TOTAL_GC_TIME_%_MarkSweepCompact], Time(%), 0.0
[TOTAL_GCs], Count, 26
[TOTAL_GC_TIME], Time(ms), 31
[TOTAL_GC_TIME_%], Time(%), 0.05080717856264853
[READ], Operations, 140925
[READ], AverageLatency(us), 214.21517119034948
[READ], MinLatency(us), 90
[READ], MaxLatency(us), 38687
[READ], 95thPercentileLatency(us), 341
[READ], 99thPercentileLatency(us), 464
[READ], Return=OK, 140925
[CLEANUP], Operations, 1
[CLEANUP], AverageLatency(us), 1261.0
[CLEANUP], MinLatency(us), 1261
[CLEANUP], MaxLatency(us), 1261
[CLEANUP], 95thPercentileLatency(us), 1261
[CLEANUP], 99thPercentileLatency(us), 1261
[UPDATE], Operations, 140326
[UPDATE], AverageLatency(us), 211.45030144093042
[UPDATE], MinLatency(us), 87
[UPDATE], MaxLatency(us), 40671
[UPDATE], 95thPercentileLatency(us), 339
[UPDATE], 99thPercentileLatency(us), 464
[UPDATE], Return=OK, 140326
AUTOTEST_DONE
