/nix/store/2vwkssqpzykk37r996cafq7x63imf4sp-openjdk-21+35/bin/java  -classpath /nix/store/zw02np72fzsmga6s5mphhw7x8qlzf4sv-ycsb-0.17.0/share/conf:/nix/store/zw02np72fzsmga6s5mphhw7x8qlzf4sv-ycsb-0.17.0/share/lib/core-0.17.0.jar:/nix/store/zw02np72fzsmga6s5mphhw7x8qlzf4sv-ycsb-0.17.0/share/lib/HdrHistogram-2.1.4.jar:/nix/store/zw02np72fzsmga6s5mphhw7x8qlzf4sv-ycsb-0.17.0/share/lib/htrace-core4-4.1.0-incubating.jar:/nix/store/zw02np72fzsmga6s5mphhw7x8qlzf4sv-ycsb-0.17.0/share/lib/jackson-core-asl-1.9.4.jar:/nix/store/zw02np72fzsmga6s5mphhw7x8qlzf4sv-ycsb-0.17.0/share/lib/jackson-mapper-asl-1.9.4.jar:/nix/store/zw02np72fzsmga6s5mphhw7x8qlzf4sv-ycsb-0.17.0/share/redis-binding/lib/commons-pool2-2.4.2.jar:/nix/store/zw02np72fzsmga6s5mphhw7x8qlzf4sv-ycsb-0.17.0/share/redis-binding/lib/jedis-2.9.0.jar:/nix/store/zw02np72fzsmga6s5mphhw7x8qlzf4sv-ycsb-0.17.0/share/redis-binding/lib/redis-binding-0.17.0.jar site.ycsb.Client -t -db site.ycsb.db.RedisClient -s -P /home/host/vmuxIO/test/moonprogs//../../ycsb/share/workloads/workloada -p redis.host=10.1.0.2 -p redis.port=6387 -p operationcount=429496729 -p maxexecutiontime=61 -threads 1
Command line: -t -db site.ycsb.db.RedisClient -s -P /home/host/vmuxIO/test/moonprogs//../../ycsb/share/workloads/workloada -p redis.host=10.1.0.2 -p redis.port=6387 -p operationcount=429496729 -p maxexecutiontime=61 -threads 1
YCSB Client 0.17.0

Loading workload...
Starting test.
Maximum execution time specified as: 61 secs
DBWrapper: report latency for each error is false and specific error codes to track for latency are: []
2024-10-15 14:00:52:546 0 sec: 0 operations; est completion in 0 second 
2024-10-15 14:01:02:311 10 sec: 44925 operations; 4492.5 current ops/sec; est completion in 1 day 2 hours [READ: Count=22488, Max=83263, Min=110, Avg=214.2, 90=272, 99=458, 99.9=2071, 99.99=11911] [UPDATE: Count=22466, Max=5415, Min=104, Avg=208.48, 90=269, 99=469, 99.9=2285, 99.99=4547] 
2024-10-15 14:01:12:310 20 sec: 90851 operations; 4592.6 current ops/sec; est completion in 1 day 2 hours [READ: Count=23005, Max=11335, Min=109, Avg=216.55, 90=283, 99=442, 99.9=913, 99.99=3817] [UPDATE: Count=22892, Max=3991, Min=110, Avg=211.78, 90=276, 99=439, 99.9=688, 99.99=3587] 
2024-10-15 14:01:22:310 30 sec: 136670 operations; 4581.9 current ops/sec; est completion in 1 day 2 hours [READ: Count=22938, Max=12215, Min=108, Avg=218.28, 90=292, 99=449, 99.9=651, 99.99=1425] [UPDATE: Count=22881, Max=3639, Min=101, Avg=212.99, 90=286, 99=431, 99.9=607, 99.99=2093] 
2024-10-15 14:01:32:310 40 sec: 183597 operations; 4692.7 current ops/sec; est completion in 1 day 1 hour [READ: Count=23540, Max=3583, Min=111, Avg=212.65, 90=279, 99=435, 99.9=570, 99.99=1212] [UPDATE: Count=23387, Max=1540, Min=106, Avg=208.85, 90=275, 99=427, 99.9=549, 99.99=1178] 
2024-10-15 14:01:42:310 50 sec: 229437 operations; 4584 current ops/sec; est completion in 1 day 1 hour [READ: Count=22905, Max=1827, Min=111, Avg=217.47, 90=287, 99=438, 99.9=598, 99.99=747] [UPDATE: Count=22935, Max=5823, Min=104, Avg=214.08, 90=284, 99=436, 99.9=590, 99.99=3003] 
2024-10-15 14:01:52:310 60 sec: 282941 operations; 5350.4 current ops/sec; est completion in 1 day 1 hour [READ: Count=26688, Max=807, Min=83, Avg=186.31, 90=261, 99=413, 99.9=533, 99.99=680] [UPDATE: Count=26816, Max=4651, Min=81, Avg=183.13, 90=258, 99=403, 99.9=543, 99.99=931] 
Maximum time elapsed. Requesting stop for the workload.
Stop requested for workload. Now Joining!
2024-10-15 14:01:53:320 61 sec: 292460 operations; 9424.75 current ops/sec; est completion in 1 day [READ: Count=4697, Max=2427, Min=80, Avg=105.78, 90=122, 99=146, 99.9=317, 99.99=2427] [CLEANUP: Count=1, Max=1244, Min=1244, Avg=1244, 90=1244, 99=1244, 99.9=1244, 99.99=1244] [UPDATE: Count=4822, Max=3105, Min=78, Avg=102.93, 90=120, 99=141, 99.9=273, 99.99=3105] 
[OVERALL], RunTime(ms), 61016
[OVERALL], Throughput(ops/sec), 4793.169004851186
[TOTAL_GCS_Copy], Count, 27
[TOTAL_GC_TIME_Copy], Time(ms), 30
[TOTAL_GC_TIME_%_Copy], Time(%), 0.04916743149337878
[TOTAL_GCS_MarkSweepCompact], Count, 0
[TOTAL_GC_TIME_MarkSweepCompact], Time(ms), 0
[TOTAL_GC_TIME_%_MarkSweepCompact], Time(%), 0.0
[TOTAL_GCs], Count, 27
[TOTAL_GC_TIME], Time(ms), 30
[TOTAL_GC_TIME_%], Time(%), 0.04916743149337878
[READ], Operations, 146261
[READ], AverageLatency(us), 206.90116982654297
[READ], MinLatency(us), 80
[READ], MaxLatency(us), 83263
[READ], 95thPercentileLatency(us), 323
[READ], 99thPercentileLatency(us), 436
[READ], Return=OK, 146261
[CLEANUP], Operations, 1
[CLEANUP], AverageLatency(us), 1244.0
[CLEANUP], MinLatency(us), 1244
[CLEANUP], MaxLatency(us), 1244
[CLEANUP], 95thPercentileLatency(us), 1244
[CLEANUP], 99thPercentileLatency(us), 1244
[UPDATE], Operations, 146199
[UPDATE], AverageLatency(us), 202.50873124987174
[UPDATE], MinLatency(us), 78
[UPDATE], MaxLatency(us), 5823
[UPDATE], 95thPercentileLatency(us), 319
[UPDATE], 99thPercentileLatency(us), 430
[UPDATE], Return=OK, 146199
AUTOTEST_DONE
