/nix/store/2vwkssqpzykk37r996cafq7x63imf4sp-openjdk-21+35/bin/java  -classpath /nix/store/zw02np72fzsmga6s5mphhw7x8qlzf4sv-ycsb-0.17.0/share/conf:/nix/store/zw02np72fzsmga6s5mphhw7x8qlzf4sv-ycsb-0.17.0/share/lib/core-0.17.0.jar:/nix/store/zw02np72fzsmga6s5mphhw7x8qlzf4sv-ycsb-0.17.0/share/lib/HdrHistogram-2.1.4.jar:/nix/store/zw02np72fzsmga6s5mphhw7x8qlzf4sv-ycsb-0.17.0/share/lib/htrace-core4-4.1.0-incubating.jar:/nix/store/zw02np72fzsmga6s5mphhw7x8qlzf4sv-ycsb-0.17.0/share/lib/jackson-core-asl-1.9.4.jar:/nix/store/zw02np72fzsmga6s5mphhw7x8qlzf4sv-ycsb-0.17.0/share/lib/jackson-mapper-asl-1.9.4.jar:/nix/store/zw02np72fzsmga6s5mphhw7x8qlzf4sv-ycsb-0.17.0/share/redis-binding/lib/commons-pool2-2.4.2.jar:/nix/store/zw02np72fzsmga6s5mphhw7x8qlzf4sv-ycsb-0.17.0/share/redis-binding/lib/jedis-2.9.0.jar:/nix/store/zw02np72fzsmga6s5mphhw7x8qlzf4sv-ycsb-0.17.0/share/redis-binding/lib/redis-binding-0.17.0.jar site.ycsb.Client -t -db site.ycsb.db.RedisClient -s -P /home/host/vmuxIO/test/moonprogs//../../ycsb/share/workloads/workloada -p redis.host=10.1.0.2 -p redis.port=6386 -p operationcount=429496729 -p maxexecutiontime=61 -threads 1
Command line: -t -db site.ycsb.db.RedisClient -s -P /home/host/vmuxIO/test/moonprogs//../../ycsb/share/workloads/workloada -p redis.host=10.1.0.2 -p redis.port=6386 -p operationcount=429496729 -p maxexecutiontime=61 -threads 1
YCSB Client 0.17.0

Loading workload...
Starting test.
Maximum execution time specified as: 61 secs
DBWrapper: report latency for each error is false and specific error codes to track for latency are: []
2024-10-15 14:00:47:526 0 sec: 0 operations; est completion in 0 second 
2024-10-15 14:00:57:359 10 sec: 52195 operations; 5218.98 current ops/sec; est completion in 22 hours 51 minutes [READ: Count=26032, Max=57151, Min=96, Avg=183.42, 90=235, 99=406, 99.9=2173, 99.99=3789] [UPDATE: Count=26195, Max=14831, Min=95, Avg=182.71, 90=234, 99=433, 99.9=2975, 99.99=5259] 
2024-10-15 14:01:07:359 20 sec: 97655 operations; 4546 current ops/sec; est completion in 1 day [READ: Count=22781, Max=5007, Min=113, Avg=217.81, 90=287, 99=442, 99.9=617, 99.99=921] [UPDATE: Count=22647, Max=4843, Min=103, Avg=215.64, 90=287, 99=440, 99.9=608, 99.99=1959] 
2024-10-15 14:01:17:359 30 sec: 142798 operations; 4514.3 current ops/sec; est completion in 1 day 1 hour [READ: Count=22565, Max=7663, Min=113, Avg=220.67, 90=289, 99=446, 99.9=656, 99.99=2903] [UPDATE: Count=22578, Max=4559, Min=109, Avg=217.13, 90=288, 99=450, 99.9=624, 99.99=1931] 
2024-10-15 14:01:27:359 40 sec: 189541 operations; 4674.3 current ops/sec; est completion in 1 day 1 hour [READ: Count=23235, Max=868, Min=119, Avg=212.9, 90=276, 99=433, 99.9=586, 99.99=836] [UPDATE: Count=23508, Max=4615, Min=111, Avg=210.09, 90=273, 99=433, 99.9=570, 99.99=1675] 
2024-10-15 14:01:37:359 50 sec: 234739 operations; 4519.8 current ops/sec; est completion in 1 day 1 hour [READ: Count=22692, Max=7263, Min=117, Avg=220.95, 90=293, 99=446, 99.9=619, 99.99=2317] [UPDATE: Count=22506, Max=963, Min=108, Avg=216.67, 90=287, 99=440, 99.9=588, 99.99=787] 
2024-10-15 14:01:47:359 60 sec: 279972 operations; 4523.3 current ops/sec; est completion in 1 day 1 hour [READ: Count=22723, Max=4111, Min=115, Avg=220.25, 90=290, 99=450, 99.9=607, 99.99=2099] [UPDATE: Count=22510, Max=7363, Min=108, Avg=217.05, 90=288, 99=435, 99.9=602, 99.99=3925] 
Maximum time elapsed. Requesting stop for the workload.
Stop requested for workload. Now Joining!
2024-10-15 14:01:48:371 61 sec: 284546 operations; 4519.76 current ops/sec; est completion in 1 day 1 hour [READ: Count=2323, Max=586, Min=120, Avg=218.57, 90=289, 99=434, 99.9=530, 99.99=586] [CLEANUP: Count=1, Max=1117, Min=1117, Avg=1117, 90=1117, 99=1117, 99.9=1117, 99.99=1117] [UPDATE: Count=2251, Max=5615, Min=109, Avg=218.01, 90=285, 99=433, 99.9=695, 99.99=5615] 
[OVERALL], RunTime(ms), 61018
[OVERALL], Throughput(ops/sec), 4663.312465174211
[TOTAL_GCS_Copy], Count, 26
[TOTAL_GC_TIME_Copy], Time(ms), 24
[TOTAL_GC_TIME_%_Copy], Time(%), 0.039332655937592186
[TOTAL_GCS_MarkSweepCompact], Count, 0
[TOTAL_GC_TIME_MarkSweepCompact], Time(ms), 0
[TOTAL_GC_TIME_%_MarkSweepCompact], Time(%), 0.0
[TOTAL_GCs], Count, 26
[TOTAL_GC_TIME], Time(ms), 24
[TOTAL_GC_TIME_%], Time(%), 0.039332655937592186
[READ], Operations, 142351
[READ], AverageLatency(us), 212.07652914275278
[READ], MinLatency(us), 96
[READ], MaxLatency(us), 57151
[READ], 95thPercentileLatency(us), 325
[READ], 99thPercentileLatency(us), 441
[READ], Return=OK, 142351
[CLEANUP], Operations, 1
[CLEANUP], AverageLatency(us), 1117.0
[CLEANUP], MinLatency(us), 1117
[CLEANUP], MaxLatency(us), 1117
[CLEANUP], 95thPercentileLatency(us), 1117
[CLEANUP], 99thPercentileLatency(us), 1117
[UPDATE], Operations, 142195
[UPDATE], AverageLatency(us), 209.31597454200218
[UPDATE], MinLatency(us), 95
[UPDATE], MaxLatency(us), 14831
[UPDATE], 95thPercentileLatency(us), 324
[UPDATE], 99thPercentileLatency(us), 440
[UPDATE], Return=OK, 142195
AUTOTEST_DONE
