/nix/store/2vwkssqpzykk37r996cafq7x63imf4sp-openjdk-21+35/bin/java  -classpath /nix/store/zw02np72fzsmga6s5mphhw7x8qlzf4sv-ycsb-0.17.0/share/conf:/nix/store/zw02np72fzsmga6s5mphhw7x8qlzf4sv-ycsb-0.17.0/share/lib/core-0.17.0.jar:/nix/store/zw02np72fzsmga6s5mphhw7x8qlzf4sv-ycsb-0.17.0/share/lib/HdrHistogram-2.1.4.jar:/nix/store/zw02np72fzsmga6s5mphhw7x8qlzf4sv-ycsb-0.17.0/share/lib/htrace-core4-4.1.0-incubating.jar:/nix/store/zw02np72fzsmga6s5mphhw7x8qlzf4sv-ycsb-0.17.0/share/lib/jackson-core-asl-1.9.4.jar:/nix/store/zw02np72fzsmga6s5mphhw7x8qlzf4sv-ycsb-0.17.0/share/lib/jackson-mapper-asl-1.9.4.jar:/nix/store/zw02np72fzsmga6s5mphhw7x8qlzf4sv-ycsb-0.17.0/share/redis-binding/lib/commons-pool2-2.4.2.jar:/nix/store/zw02np72fzsmga6s5mphhw7x8qlzf4sv-ycsb-0.17.0/share/redis-binding/lib/jedis-2.9.0.jar:/nix/store/zw02np72fzsmga6s5mphhw7x8qlzf4sv-ycsb-0.17.0/share/redis-binding/lib/redis-binding-0.17.0.jar site.ycsb.Client -t -db site.ycsb.db.RedisClient -s -P /home/host/vmuxIO/test/moonprogs//../../ycsb/share/workloads/workloada -p redis.host=10.1.0.2 -p redis.port=6381 -p operationcount=429496729 -p maxexecutiontime=61 -threads 1
Command line: -t -db site.ycsb.db.RedisClient -s -P /home/host/vmuxIO/test/moonprogs//../../ycsb/share/workloads/workloada -p redis.host=10.1.0.2 -p redis.port=6381 -p operationcount=429496729 -p maxexecutiontime=61 -threads 1
YCSB Client 0.17.0

Loading workload...
Starting test.
Maximum execution time specified as: 61 secs
DBWrapper: report latency for each error is false and specific error codes to track for latency are: []
2024-10-15 12:09:03:240 0 sec: 0 operations; est completion in 0 second 
2024-10-15 12:09:13:085 10 sec: 35926 operations; 3592.6 current ops/sec; est completion in 1 day 9 hours [READ: Count=17868, Max=17535, Min=192, Avg=265.75, 90=340, 99=525, 99.9=3427, 99.99=7811] [UPDATE: Count=18122, Max=24847, Min=200, Avg=269.43, 90=343, 99=545, 99.9=3645, 99.99=4767] 
2024-10-15 12:09:23:085 20 sec: 75734 operations; 3980.4 current ops/sec; est completion in 1 day 7 hours [READ: Count=19860, Max=4615, Min=191, Avg=249.55, 90=341, 99=394, 99.9=702, 99.99=4295] [UPDATE: Count=19884, Max=4315, Min=194, Avg=245.77, 90=330, 99=392, 99.9=546, 99.99=3601] 
2024-10-15 12:09:33:084 30 sec: 114628 operations; 3889.79 current ops/sec; est completion in 1 day 7 hours [READ: Count=19654, Max=11375, Min=194, Avg=256.76, 90=361, 99=414, 99.9=566, 99.99=808] [UPDATE: Count=19240, Max=2937, Min=196, Avg=253.18, 90=352, 99=411, 99.9=557, 99.99=2699] 
2024-10-15 12:09:43:084 40 sec: 154047 operations; 3941.9 current ops/sec; est completion in 1 day 6 hours [READ: Count=19747, Max=3001, Min=191, Avg=253.42, 90=348, 99=417, 99.9=533, 99.99=2819] [UPDATE: Count=19672, Max=5495, Min=192, Avg=250.07, 90=344, 99=405, 99.9=529, 99.99=857] 
2024-10-15 12:09:53:084 50 sec: 194583 operations; 4053.6 current ops/sec; est completion in 1 day 6 hours [READ: Count=20180, Max=2631, Min=193, Avg=246.69, 90=348, 99=389, 99.9=463, 99.99=2551] [UPDATE: Count=20356, Max=5579, Min=194, Avg=243.22, 90=342, 99=386, 99.9=499, 99.99=768] 
2024-10-15 12:10:03:084 60 sec: 235130 operations; 4054.7 current ops/sec; est completion in 1 day 6 hours [READ: Count=20305, Max=3141, Min=193, Avg=246.99, 90=348, 99=390, 99.9=498, 99.99=2605] [UPDATE: Count=20242, Max=4199, Min=194, Avg=242.46, 90=338, 99=385, 99.9=481, 99.99=1646] 
Maximum time elapsed. Requesting stop for the workload.
Stop requested for workload. Now Joining!
2024-10-15 12:10:04:096 61 sec: 239099 operations; 3921.94 current ops/sec; est completion in 1 day 6 hours [READ: Count=1947, Max=7147, Min=206, Avg=255.52, 90=357, 99=402, 99.9=575, 99.99=7147] [CLEANUP: Count=1, Max=1075, Min=1075, Avg=1075, 90=1075, 99=1075, 99.9=1075, 99.99=1075] [UPDATE: Count=2022, Max=3765, Min=206, Avg=250, 90=353, 99=395, 99.9=613, 99.99=3765] 
[OVERALL], RunTime(ms), 61021
[OVERALL], Throughput(ops/sec), 3918.3068124088427
[TOTAL_GCS_Copy], Count, 22
[TOTAL_GC_TIME_Copy], Time(ms), 17
[TOTAL_GC_TIME_%_Copy], Time(%), 0.027859261565690498
[TOTAL_GCS_MarkSweepCompact], Count, 0
[TOTAL_GC_TIME_MarkSweepCompact], Time(ms), 0
[TOTAL_GC_TIME_%_MarkSweepCompact], Time(%), 0.0
[TOTAL_GCs], Count, 22
[TOTAL_GC_TIME], Time(ms), 17
[TOTAL_GC_TIME_%], Time(%), 0.027859261565690498
[READ], Operations, 119561
[READ], AverageLatency(us), 252.97462383218607
[READ], MinLatency(us), 191
[READ], MaxLatency(us), 17535
[READ], 95thPercentileLatency(us), 369
[READ], 99thPercentileLatency(us), 413
[READ], Return=OK, 119561
[CLEANUP], Operations, 1
[CLEANUP], AverageLatency(us), 1075.0
[CLEANUP], MinLatency(us), 1075
[CLEANUP], MaxLatency(us), 1075
[CLEANUP], 95thPercentileLatency(us), 1075
[CLEANUP], 99thPercentileLatency(us), 1075
[UPDATE], Operations, 119538
[UPDATE], AverageLatency(us), 250.3331743880607
[UPDATE], MinLatency(us), 192
[UPDATE], MaxLatency(us), 24847
[UPDATE], 95thPercentileLatency(us), 366
[UPDATE], 99thPercentileLatency(us), 413
[UPDATE], Return=OK, 119538
AUTOTEST_DONE
