/nix/store/2vwkssqpzykk37r996cafq7x63imf4sp-openjdk-21+35/bin/java  -classpath /nix/store/zw02np72fzsmga6s5mphhw7x8qlzf4sv-ycsb-0.17.0/share/conf:/nix/store/zw02np72fzsmga6s5mphhw7x8qlzf4sv-ycsb-0.17.0/share/lib/core-0.17.0.jar:/nix/store/zw02np72fzsmga6s5mphhw7x8qlzf4sv-ycsb-0.17.0/share/lib/HdrHistogram-2.1.4.jar:/nix/store/zw02np72fzsmga6s5mphhw7x8qlzf4sv-ycsb-0.17.0/share/lib/htrace-core4-4.1.0-incubating.jar:/nix/store/zw02np72fzsmga6s5mphhw7x8qlzf4sv-ycsb-0.17.0/share/lib/jackson-core-asl-1.9.4.jar:/nix/store/zw02np72fzsmga6s5mphhw7x8qlzf4sv-ycsb-0.17.0/share/lib/jackson-mapper-asl-1.9.4.jar:/nix/store/zw02np72fzsmga6s5mphhw7x8qlzf4sv-ycsb-0.17.0/share/redis-binding/lib/commons-pool2-2.4.2.jar:/nix/store/zw02np72fzsmga6s5mphhw7x8qlzf4sv-ycsb-0.17.0/share/redis-binding/lib/jedis-2.9.0.jar:/nix/store/zw02np72fzsmga6s5mphhw7x8qlzf4sv-ycsb-0.17.0/share/redis-binding/lib/redis-binding-0.17.0.jar site.ycsb.Client -t -db site.ycsb.db.RedisClient -s -P /home/host/vmuxIO/test/moonprogs//../../ycsb/share/workloads/workloada -p redis.host=10.1.0.2 -p redis.port=6379 -p operationcount=429496729 -p maxexecutiontime=61 -threads 1
Command line: -t -db site.ycsb.db.RedisClient -s -P /home/host/vmuxIO/test/moonprogs//../../ycsb/share/workloads/workloada -p redis.host=10.1.0.2 -p redis.port=6379 -p operationcount=429496729 -p maxexecutiontime=61 -threads 1
YCSB Client 0.17.0

Loading workload...
Starting test.
Maximum execution time specified as: 61 secs
DBWrapper: report latency for each error is false and specific error codes to track for latency are: []
2024-06-30 02:04:19:301 0 sec: 0 operations; est completion in 0 second 
2024-06-30 02:04:29:126 10 sec: 8336 operations; 833.52 current ops/sec; est completion in 5 days 23 hours [READ: Count=4197, Max=209919, Min=129, Avg=1280.22, 90=1588, 99=4299, 99.9=205439, 99.99=209919] [UPDATE: Count=4139, Max=206079, Min=142, Avg=1004.83, 90=1522, 99=4081, 99.9=5687, 99.99=206079] 
2024-06-30 02:04:39:126 20 sec: 17539 operations; 920.39 current ops/sec; est completion in 5 days 16 hours [READ: Count=4598, Max=209407, Min=94, Avg=1161.46, 90=797, 99=3443, 99.9=206463, 99.99=209407] [UPDATE: Count=4605, Max=210047, Min=87, Avg=1003.08, 90=868, 99=3515, 99.9=206207, 99.99=210047] 
redis.clients.jedis.exceptions.JedisConnectionException: java.net.SocketTimeoutException: Read timed out
	at redis.clients.util.RedisInputStream.ensureFill(RedisInputStream.java:202)
	at redis.clients.util.RedisInputStream.readByte(RedisInputStream.java:40)
	at redis.clients.jedis.Protocol.process(Protocol.java:151)
	at redis.clients.jedis.Protocol.read(Protocol.java:215)
	at redis.clients.jedis.Connection.readProtocolWithCheckingBroken(Connection.java:340)
	at redis.clients.jedis.Connection.getBinaryMultiBulkReply(Connection.java:276)
	at redis.clients.jedis.Jedis.hgetAll(Jedis.java:848)
	at site.ycsb.db.RedisClient.read(RedisClient.java:118)
	at site.ycsb.DBWrapper.read(DBWrapper.java:135)
	at site.ycsb.workloads.CoreWorkload.doTransactionRead(CoreWorkload.java:722)
	at site.ycsb.workloads.CoreWorkload.doTransaction(CoreWorkload.java:644)
	at site.ycsb.ClientThread.run(ClientThread.java:122)
	at java.base/java.lang.Thread.run(Thread.java:1583)
Caused by: java.net.SocketTimeoutException: Read timed out
	at java.base/sun.nio.ch.NioSocketImpl.timedRead(NioSocketImpl.java:278)
	at java.base/sun.nio.ch.NioSocketImpl.implRead(NioSocketImpl.java:304)
	at java.base/sun.nio.ch.NioSocketImpl.read(NioSocketImpl.java:346)
	at java.base/sun.nio.ch.NioSocketImpl$1.read(NioSocketImpl.java:796)
	at java.base/java.net.Socket$SocketInputStream.read(Socket.java:1099)
	at java.base/java.io.InputStream.read(InputStream.java:220)
	at redis.clients.util.RedisInputStream.ensureFill(RedisInputStream.java:196)
	... 12 more
redis.clients.jedis.exceptions.JedisConnectionException: java.net.SocketTimeoutException: Read timed out
	at redis.clients.util.RedisInputStream.ensureFill(RedisInputStream.java:202)
	at redis.clients.util.RedisInputStream.readByte(RedisInputStream.java:40)
	at redis.clients.jedis.Protocol.process(Protocol.java:151)
	at redis.clients.jedis.Protocol.read(Protocol.java:215)
	at redis.clients.jedis.Connection.readProtocolWithCheckingBroken(Connection.java:340)
	at redis.clients.jedis.Connection.getBinaryMultiBulkReply(Connection.java:276)
	at redis.clients.jedis.Jedis.hgetAll(Jedis.java:848)
	at site.ycsb.db.RedisClient.read(RedisClient.java:118)
	at site.ycsb.DBWrapper.read(DBWrapper.java:135)
	at site.ycsb.workloads.CoreWorkload.doTransactionRead(CoreWorkload.java:722)
	at site.ycsb.workloads.CoreWorkload.doTransaction(CoreWorkload.java:644)
	at site.ycsb.ClientThread.run(ClientThread.java:122)
	at java.base/java.lang.Thread.run(Thread.java:1583)
Caused by: java.net.SocketTimeoutException: Read timed out
	at java.base/sun.nio.ch.NioSocketImpl.timedRead(NioSocketImpl.java:278)
	at java.base/sun.nio.ch.NioSocketImpl.implRead(NioSocketImpl.java:304)
	at java.base/sun.nio.ch.NioSocketImpl.read(NioSocketImpl.java:346)
	at java.base/sun.nio.ch.NioSocketImpl$1.read(NioSocketImpl.java:796)
	at java.base/java.net.Socket$SocketInputStream.read(Socket.java:1099)
	at java.base/java.io.InputStream.read(InputStream.java:220)
	at redis.clients.util.RedisInputStream.ensureFill(RedisInputStream.java:196)
	... 12 more
AUTOTEST_DONE
