/nix/store/2vwkssqpzykk37r996cafq7x63imf4sp-openjdk-21+35/bin/java  -classpath /nix/store/zw02np72fzsmga6s5mphhw7x8qlzf4sv-ycsb-0.17.0/share/conf:/nix/store/zw02np72fzsmga6s5mphhw7x8qlzf4sv-ycsb-0.17.0/share/lib/core-0.17.0.jar:/nix/store/zw02np72fzsmga6s5mphhw7x8qlzf4sv-ycsb-0.17.0/share/lib/HdrHistogram-2.1.4.jar:/nix/store/zw02np72fzsmga6s5mphhw7x8qlzf4sv-ycsb-0.17.0/share/lib/htrace-core4-4.1.0-incubating.jar:/nix/store/zw02np72fzsmga6s5mphhw7x8qlzf4sv-ycsb-0.17.0/share/lib/jackson-core-asl-1.9.4.jar:/nix/store/zw02np72fzsmga6s5mphhw7x8qlzf4sv-ycsb-0.17.0/share/lib/jackson-mapper-asl-1.9.4.jar:/nix/store/zw02np72fzsmga6s5mphhw7x8qlzf4sv-ycsb-0.17.0/share/redis-binding/lib/commons-pool2-2.4.2.jar:/nix/store/zw02np72fzsmga6s5mphhw7x8qlzf4sv-ycsb-0.17.0/share/redis-binding/lib/jedis-2.9.0.jar:/nix/store/zw02np72fzsmga6s5mphhw7x8qlzf4sv-ycsb-0.17.0/share/redis-binding/lib/redis-binding-0.17.0.jar site.ycsb.Client -t -db site.ycsb.db.RedisClient -s -P /home/host/vmuxIO/test/moonprogs//../../ycsb/share/workloads/workloada -p redis.host=10.1.0.2 -p redis.port=6385 -p operationcount=429496729 -p maxexecutiontime=61 -threads 1
Command line: -t -db site.ycsb.db.RedisClient -s -P /home/host/vmuxIO/test/moonprogs//../../ycsb/share/workloads/workloada -p redis.host=10.1.0.2 -p redis.port=6385 -p operationcount=429496729 -p maxexecutiontime=61 -threads 1
YCSB Client 0.17.0

Loading workload...
Starting test.
Maximum execution time specified as: 61 secs
DBWrapper: report latency for each error is false and specific error codes to track for latency are: []
2024-07-11 00:37:45:423 0 sec: 0 operations; est completion in 0 second 
2024-07-11 00:37:55:274 10 sec: 67377 operations; 6737.7 current ops/sec; est completion in 17 hours 42 minutes [READ: Count=33785, Max=46911, Min=95, Avg=143.1, 90=167, 99=258, 99.9=917, 99.99=3389] [UPDATE: Count=33617, Max=16271, Min=92, Avg=140.91, 90=165, 99=253, 99.9=947, 99.99=4491] 
2024-07-11 00:38:05:274 20 sec: 140890 operations; 7351.3 current ops/sec; est completion in 16 hours 55 minutes [READ: Count=36713, Max=2219, Min=91, Avg=135.13, 90=154, 99=243, 99.9=274, 99.99=680] [UPDATE: Count=36775, Max=1939, Min=92, Avg=132.47, 90=151, 99=241, 99.9=269, 99.99=474] 
2024-07-11 00:38:15:274 30 sec: 213203 operations; 7231.3 current ops/sec; est completion in 16 hours 46 minutes [READ: Count=35969, Max=2993, Min=91, Avg=137.83, 90=159, 99=255, 99.9=289, 99.99=720] [UPDATE: Count=36344, Max=9159, Min=90, Avg=135.24, 90=157, 99=250, 99.9=282, 99.99=653] 
2024-07-11 00:38:25:274 40 sec: 288340 operations; 7513.7 current ops/sec; est completion in 16 hours 32 minutes [READ: Count=37683, Max=8131, Min=89, Avg=132.84, 90=152, 99=253, 99.9=273, 99.99=539] [UPDATE: Count=37454, Max=2083, Min=84, Avg=129.82, 90=149, 99=248, 99.9=269, 99.99=500] 
2024-07-11 00:38:35:274 50 sec: 360420 operations; 7208 current ops/sec; est completion in 16 hours 32 minutes [READ: Count=36060, Max=1047, Min=96, Avg=138.02, 90=158, 99=258, 99.9=301, 99.99=462] [UPDATE: Count=36020, Max=4267, Min=91, Avg=135.53, 90=156, 99=254, 99.9=290, 99.99=465] 
2024-07-11 00:38:45:274 60 sec: 434442 operations; 7402.2 current ops/sec; est completion in 16 hours 27 minutes [READ: Count=36977, Max=3385, Min=93, Avg=134.63, 90=157, 99=249, 99.9=273, 99.99=524] [UPDATE: Count=37045, Max=4049, Min=89, Avg=132.02, 90=155, 99=246, 99.9=266, 99.99=546] 
Maximum time elapsed. Requesting stop for the workload.
Stop requested for workload. Now Joining!
2024-07-11 00:38:46:286 61 sec: 441807 operations; 7277.67 current ops/sec; est completion in 16 hours 27 minutes [READ: Count=3679, Max=2827, Min=98, Avg=137.5, 90=153, 99=250, 99.9=264, 99.99=2827] [CLEANUP: Count=1, Max=874, Min=874, Avg=874, 90=874, 99=874, 99.9=874, 99.99=874] [UPDATE: Count=3686, Max=264, Min=98, Avg=133.21, 90=149, 99=244, 99.9=261, 99.99=264] 
[OVERALL], RunTime(ms), 61017
[OVERALL], Throughput(ops/sec), 7240.719799400167
[TOTAL_GCS_Copy], Count, 41
[TOTAL_GC_TIME_Copy], Time(ms), 23
[TOTAL_GC_TIME_%_Copy], Time(%), 0.03769441303243359
[TOTAL_GCS_MarkSweepCompact], Count, 0
[TOTAL_GC_TIME_MarkSweepCompact], Time(ms), 0
[TOTAL_GC_TIME_%_MarkSweepCompact], Time(%), 0.0
[TOTAL_GCs], Count, 41
[TOTAL_GC_TIME], Time(ms), 23
[TOTAL_GC_TIME_%], Time(%), 0.03769441303243359
[READ], Operations, 220866
[READ], AverageLatency(us), 136.82453614408738
[READ], MinLatency(us), 89
[READ], MaxLatency(us), 46911
[READ], 95thPercentileLatency(us), 170
[READ], 99thPercentileLatency(us), 254
[READ], Return=OK, 220866
[CLEANUP], Operations, 1
[CLEANUP], AverageLatency(us), 874.0
[CLEANUP], MinLatency(us), 874
[CLEANUP], MaxLatency(us), 874
[CLEANUP], 95thPercentileLatency(us), 874
[CLEANUP], 99thPercentileLatency(us), 874
[UPDATE], Operations, 220941
[UPDATE], AverageLatency(us), 134.19426905825537
[UPDATE], MinLatency(us), 84
[UPDATE], MaxLatency(us), 16271
[UPDATE], 95thPercentileLatency(us), 168
[UPDATE], 99thPercentileLatency(us), 250
[UPDATE], Return=OK, 220941
AUTOTEST_DONE
