/nix/store/2vwkssqpzykk37r996cafq7x63imf4sp-openjdk-21+35/bin/java  -classpath /nix/store/zw02np72fzsmga6s5mphhw7x8qlzf4sv-ycsb-0.17.0/share/conf:/nix/store/zw02np72fzsmga6s5mphhw7x8qlzf4sv-ycsb-0.17.0/share/lib/core-0.17.0.jar:/nix/store/zw02np72fzsmga6s5mphhw7x8qlzf4sv-ycsb-0.17.0/share/lib/HdrHistogram-2.1.4.jar:/nix/store/zw02np72fzsmga6s5mphhw7x8qlzf4sv-ycsb-0.17.0/share/lib/htrace-core4-4.1.0-incubating.jar:/nix/store/zw02np72fzsmga6s5mphhw7x8qlzf4sv-ycsb-0.17.0/share/lib/jackson-core-asl-1.9.4.jar:/nix/store/zw02np72fzsmga6s5mphhw7x8qlzf4sv-ycsb-0.17.0/share/lib/jackson-mapper-asl-1.9.4.jar:/nix/store/zw02np72fzsmga6s5mphhw7x8qlzf4sv-ycsb-0.17.0/share/redis-binding/lib/commons-pool2-2.4.2.jar:/nix/store/zw02np72fzsmga6s5mphhw7x8qlzf4sv-ycsb-0.17.0/share/redis-binding/lib/jedis-2.9.0.jar:/nix/store/zw02np72fzsmga6s5mphhw7x8qlzf4sv-ycsb-0.17.0/share/redis-binding/lib/redis-binding-0.17.0.jar site.ycsb.Client -t -db site.ycsb.db.RedisClient -s -P /home/host/vmuxIO/test/moonprogs//../../ycsb/share/workloads/workloada -p redis.host=10.1.0.2 -p redis.port=6380 -p operationcount=429496729 -p maxexecutiontime=61 -threads 1
Command line: -t -db site.ycsb.db.RedisClient -s -P /home/host/vmuxIO/test/moonprogs//../../ycsb/share/workloads/workloada -p redis.host=10.1.0.2 -p redis.port=6380 -p operationcount=429496729 -p maxexecutiontime=61 -threads 1
YCSB Client 0.17.0

Loading workload...
Starting test.
Maximum execution time specified as: 61 secs
DBWrapper: report latency for each error is false and specific error codes to track for latency are: []
2024-10-15 12:12:52:959 0 sec: 0 operations; est completion in 0 second 
2024-10-15 12:13:02:812 10 sec: 57751 operations; 5775.1 current ops/sec; est completion in 20 hours 39 minutes [READ: Count=28715, Max=45727, Min=97, Avg=164.86, 90=256, 99=426, 99.9=1546, 99.99=5211] [UPDATE: Count=29044, Max=5571, Min=95, Avg=165.38, 90=260, 99=442, 99.9=2439, 99.99=4307] 
2024-10-15 12:13:12:812 20 sec: 128505 operations; 7074.69 current ops/sec; est completion in 18 hours 33 minutes [READ: Count=35344, Max=7927, Min=96, Avg=140.05, 90=147, 99=244, 99.9=293, 99.99=849] [UPDATE: Count=35402, Max=2715, Min=98, Avg=138.45, 90=145, 99=245, 99.9=291, 99.99=841] 
2024-10-15 12:13:22:812 30 sec: 198752 operations; 7025.4 current ops/sec; est completion in 18 hours [READ: Count=35267, Max=7223, Min=101, Avg=141.59, 90=149, 99=250, 99.9=291, 99.99=515] [UPDATE: Count=34980, Max=863, Min=98, Avg=139.72, 90=147, 99=182, 99.9=286, 99.99=521] 
2024-10-15 12:13:32:812 40 sec: 267260 operations; 6850.8 current ops/sec; est completion in 17 hours 50 minutes [READ: Count=34185, Max=1069, Min=101, Avg=144.8, 90=152, 99=288, 99.9=362, 99.99=615] [UPDATE: Count=34323, Max=8375, Min=95, Avg=143.35, 90=151, 99=285, 99.9=359, 99.99=840] 
2024-10-15 12:13:42:812 50 sec: 338221 operations; 7096.1 current ops/sec; est completion in 17 hours 37 minutes [READ: Count=35487, Max=864, Min=99, Avg=139.96, 90=147, 99=195, 99.9=289, 99.99=436] [UPDATE: Count=35474, Max=3857, Min=96, Avg=138.52, 90=145, 99=177, 99.9=286, 99.99=340] 
2024-10-15 12:13:52:812 60 sec: 409192 operations; 7097.1 current ops/sec; est completion in 17 hours 28 minutes [READ: Count=35438, Max=861, Min=100, Avg=139.93, 90=147, 99=251, 99.9=290, 99.99=474] [UPDATE: Count=35533, Max=7143, Min=96, Avg=138.43, 90=145, 99=181, 99.9=287, 99.99=451] 
Maximum time elapsed. Requesting stop for the workload.
Stop requested for workload. Now Joining!
2024-10-15 12:13:53:824 61 sec: 416329 operations; 7045.41 current ops/sec; est completion in 17 hours 28 minutes [READ: Count=3661, Max=2611, Min=103, Avg=140.99, 90=147, 99=262, 99.9=333, 99.99=2611] [CLEANUP: Count=1, Max=855, Min=855, Avg=855, 90=855, 99=855, 99.9=855, 99.99=855] [UPDATE: Count=3476, Max=442, Min=101, Avg=138.94, 90=146, 99=258, 99.9=284, 99.99=442] 
[OVERALL], RunTime(ms), 61017
[OVERALL], Throughput(ops/sec), 6823.164036252192
[TOTAL_GCS_Copy], Count, 39
[TOTAL_GC_TIME_Copy], Time(ms), 23
[TOTAL_GC_TIME_%_Copy], Time(%), 0.03769441303243359
[TOTAL_GCS_MarkSweepCompact], Count, 0
[TOTAL_GC_TIME_MarkSweepCompact], Time(ms), 0
[TOTAL_GC_TIME_%_MarkSweepCompact], Time(%), 0.0
[TOTAL_GCs], Count, 39
[TOTAL_GC_TIME], Time(ms), 23
[TOTAL_GC_TIME_%], Time(%), 0.03769441303243359
[READ], Operations, 208097
[READ], AverageLatency(us), 144.4939955885957
[READ], MinLatency(us), 96
[READ], MaxLatency(us), 45727
[READ], 95thPercentileLatency(us), 156
[READ], 99thPercentileLatency(us), 282
[READ], Return=OK, 208097
[CLEANUP], Operations, 1
[CLEANUP], AverageLatency(us), 855.0
[CLEANUP], MinLatency(us), 855
[CLEANUP], MaxLatency(us), 855
[CLEANUP], 95thPercentileLatency(us), 855
[CLEANUP], 99thPercentileLatency(us), 855
[UPDATE], Operations, 208232
[UPDATE], AverageLatency(us), 143.24328633447308
[UPDATE], MinLatency(us), 95
[UPDATE], MaxLatency(us), 8375
[UPDATE], 95thPercentileLatency(us), 155
[UPDATE], 99thPercentileLatency(us), 283
[UPDATE], Return=OK, 208232
AUTOTEST_DONE
