/nix/store/2vwkssqpzykk37r996cafq7x63imf4sp-openjdk-21+35/bin/java  -classpath /nix/store/zw02np72fzsmga6s5mphhw7x8qlzf4sv-ycsb-0.17.0/share/conf:/nix/store/zw02np72fzsmga6s5mphhw7x8qlzf4sv-ycsb-0.17.0/share/lib/core-0.17.0.jar:/nix/store/zw02np72fzsmga6s5mphhw7x8qlzf4sv-ycsb-0.17.0/share/lib/HdrHistogram-2.1.4.jar:/nix/store/zw02np72fzsmga6s5mphhw7x8qlzf4sv-ycsb-0.17.0/share/lib/htrace-core4-4.1.0-incubating.jar:/nix/store/zw02np72fzsmga6s5mphhw7x8qlzf4sv-ycsb-0.17.0/share/lib/jackson-core-asl-1.9.4.jar:/nix/store/zw02np72fzsmga6s5mphhw7x8qlzf4sv-ycsb-0.17.0/share/lib/jackson-mapper-asl-1.9.4.jar:/nix/store/zw02np72fzsmga6s5mphhw7x8qlzf4sv-ycsb-0.17.0/share/redis-binding/lib/commons-pool2-2.4.2.jar:/nix/store/zw02np72fzsmga6s5mphhw7x8qlzf4sv-ycsb-0.17.0/share/redis-binding/lib/jedis-2.9.0.jar:/nix/store/zw02np72fzsmga6s5mphhw7x8qlzf4sv-ycsb-0.17.0/share/redis-binding/lib/redis-binding-0.17.0.jar site.ycsb.Client -t -db site.ycsb.db.RedisClient -s -P /home/host/vmuxIO/test/moonprogs//../../ycsb/share/workloads/workloada -p redis.host=10.1.0.2 -p redis.port=6381 -p operationcount=429496729 -p maxexecutiontime=61 -threads 1
Command line: -t -db site.ycsb.db.RedisClient -s -P /home/host/vmuxIO/test/moonprogs//../../ycsb/share/workloads/workloada -p redis.host=10.1.0.2 -p redis.port=6381 -p operationcount=429496729 -p maxexecutiontime=61 -threads 1
YCSB Client 0.17.0

Loading workload...
Starting test.
Maximum execution time specified as: 61 secs
DBWrapper: report latency for each error is false and specific error codes to track for latency are: []
2024-10-15 12:12:53:192 0 sec: 0 operations; est completion in 0 second 
2024-10-15 12:13:03:040 10 sec: 45401 operations; 4540.1 current ops/sec; est completion in 1 day 2 hours [READ: Count=22713, Max=46751, Min=113, Avg=212.54, 90=280, 99=443, 99.9=1187, 99.99=6111] [UPDATE: Count=22698, Max=10231, Min=107, Avg=210.78, 90=279, 99=477, 99.9=2021, 99.99=4975] 
2024-10-15 12:13:13:040 20 sec: 106116 operations; 6071.5 current ops/sec; est completion in 22 hours 28 minutes [READ: Count=30489, Max=8031, Min=114, Avg=164.68, 90=264, 99=280, 99.9=352, 99.99=761] [UPDATE: Count=30216, Max=885, Min=106, Avg=160.08, 90=261, 99=278, 99.9=299, 99.99=566] 
2024-10-15 12:13:23:040 30 sec: 168756 operations; 6264 current ops/sec; est completion in 21 hours 12 minutes [READ: Count=31358, Max=4523, Min=112, Avg=159.54, 90=260, 99=277, 99.9=291, 99.99=442] [UPDATE: Count=31282, Max=646, Min=100, Avg=156.57, 90=258, 99=276, 99.9=292, 99.99=589] 
2024-10-15 12:13:33:040 40 sec: 228933 operations; 6017.7 current ops/sec; est completion in 20 hours 50 minutes [READ: Count=30135, Max=707, Min=113, Avg=166.43, 90=266, 99=303, 99.9=385, 99.99=617] [UPDATE: Count=30042, Max=6759, Min=111, Avg=162.4, 90=263, 99=299, 99.9=383, 99.99=619] 
2024-10-15 12:13:43:040 50 sec: 290606 operations; 6167.3 current ops/sec; est completion in 20 hours 30 minutes [READ: Count=30887, Max=642, Min=108, Avg=162.09, 90=261, 99=278, 99.9=293, 99.99=602] [UPDATE: Count=30786, Max=7095, Min=104, Avg=159.01, 90=258, 99=277, 99.9=291, 99.99=446] 
2024-10-15 12:13:53:040 60 sec: 352693 operations; 6208.7 current ops/sec; est completion in 20 hours 16 minutes [READ: Count=31198, Max=3577, Min=113, Avg=160.88, 90=262, 99=278, 99.9=291, 99.99=513] [UPDATE: Count=30889, Max=6023, Min=113, Avg=158.05, 90=260, 99=276, 99.9=289, 99.99=629] 
Maximum time elapsed. Requesting stop for the workload.
Stop requested for workload. Now Joining!
2024-10-15 12:13:54:051 61 sec: 359128 operations; 6364.99 current ops/sec; est completion in 20 hours 15 minutes [READ: Count=3209, Max=387, Min=120, Avg=156.74, 90=247, 99=276, 99.9=291, 99.99=387] [CLEANUP: Count=1, Max=868, Min=868, Avg=868, 90=868, 99=868, 99.9=868, 99.99=868] [UPDATE: Count=3226, Max=2899, Min=110, Avg=153.79, 90=162, 99=276, 99.9=342, 99.99=2899] 
[OVERALL], RunTime(ms), 61016
[OVERALL], Throughput(ops/sec), 5885.800445784712
[TOTAL_GCS_Copy], Count, 33
[TOTAL_GC_TIME_Copy], Time(ms), 18
[TOTAL_GC_TIME_%_Copy], Time(%), 0.029500458896027273
[TOTAL_GCS_MarkSweepCompact], Count, 0
[TOTAL_GC_TIME_MarkSweepCompact], Time(ms), 0
[TOTAL_GC_TIME_%_MarkSweepCompact], Time(%), 0.0
[TOTAL_GCs], Count, 33
[TOTAL_GC_TIME], Time(ms), 18
[TOTAL_GC_TIME_%], Time(%), 0.029500458896027273
[READ], Operations, 179989
[READ], AverageLatency(us), 168.872281083844
[READ], MinLatency(us), 108
[READ], MaxLatency(us), 46751
[READ], 95thPercentileLatency(us), 273
[READ], 99thPercentileLatency(us), 294
[READ], Return=OK, 179989
[CLEANUP], Operations, 1
[CLEANUP], AverageLatency(us), 868.0
[CLEANUP], MinLatency(us), 868
[CLEANUP], MaxLatency(us), 868
[CLEANUP], 95thPercentileLatency(us), 868
[CLEANUP], 99thPercentileLatency(us), 868
[UPDATE], Operations, 179139
[UPDATE], AverageLatency(us), 165.63407186598116
[UPDATE], MinLatency(us), 100
[UPDATE], MaxLatency(us), 10231
[UPDATE], 95thPercentileLatency(us), 271
[UPDATE], 99thPercentileLatency(us), 295
[UPDATE], Return=OK, 179139
AUTOTEST_DONE
