Running 1m test @ http://10.1.0.21:5000
  8 threads and 16 connections

  Thread calibration: mean lat.: 5.089ms, rate sampling interval: 19ms
  Thread calibration: mean lat.: 4.579ms, rate sampling interval: 17ms
  Thread calibration: mean lat.: 4.077ms, rate sampling interval: 15ms
  Thread calibration: mean lat.: 4.462ms, rate sampling interval: 16ms
  Thread calibration: mean lat.: 3.555ms, rate sampling interval: 13ms
  Thread calibration: mean lat.: 3.608ms, rate sampling interval: 13ms
  Thread calibration: mean lat.: 4.263ms, rate sampling interval: 15ms
  Thread calibration: mean lat.: 5.454ms, rate sampling interval: 20ms

-----------------------------------------------------------------------
Test Results @ http://10.1.0.21:5000 
  Thread Stats   Avg      Stdev     99%   +/- Stdev
    Latency     4.46ms    3.14ms  14.03ms   81.91%
    Req/Sec     4.03     16.59    76.00     94.08%
  Latency Distribution (HdrHistogram - Recorded Latency)
 50.000%    3.08ms
 75.000%    6.92ms
 90.000%    8.41ms
 99.000%   14.03ms
 99.900%   22.32ms
 99.990%   24.80ms
 99.999%   24.80ms
100.000%   24.80ms

  Detailed Percentile spectrum:
       Value   Percentile   TotalCount 1/(1-Percentile)

       0.862     0.000000            1         1.00
       1.720     0.100000          161         1.11
       1.841     0.200000          322         1.25
       2.030     0.300000          484         1.43
       2.863     0.400000          644         1.67
       3.083     0.500000          808         2.00
       3.227     0.550000          885         2.22
       3.437     0.600000          966         2.50
       4.627     0.650000         1046         2.86
       6.503     0.700000         1128         3.33
       6.919     0.750000         1208         4.00
       7.143     0.775000         1247         4.44
       7.399     0.800000         1288         5.00
       7.639     0.825000         1329         5.71
       7.851     0.850000         1368         6.67
       8.039     0.875000         1408         8.00
       8.199     0.887500         1428         8.89
       8.415     0.900000         1449        10.00
       8.607     0.912500         1469        11.43
       8.887     0.925000         1489        13.33
       9.239     0.937500         1509        16.00
       9.431     0.943750         1519        17.78
       9.767     0.950000         1529        20.00
      10.143     0.956250         1539        22.86
      10.575     0.962500         1549        26.67
      10.887     0.968750         1559        32.00
      11.439     0.971875         1564        35.56
      11.799     0.975000         1570        40.00
      12.031     0.978125         1574        45.71
      12.559     0.981250         1579        53.33
      12.943     0.984375         1584        64.00
      13.319     0.985938         1587        71.11
      13.647     0.987500         1589        80.00
      13.959     0.989062         1592        91.43
      14.471     0.990625         1594       106.67
      15.247     0.992188         1597       128.00
      15.407     0.992969         1598       142.22
      15.903     0.993750         1599       160.00
      16.607     0.994531         1601       182.86
      17.007     0.995313         1602       213.33
      18.031     0.996094         1603       256.00
      18.671     0.996484         1604       284.44
      18.671     0.996875         1604       320.00
      18.831     0.997266         1605       365.71
      20.239     0.997656         1606       426.67
      20.239     0.998047         1606       512.00
      22.319     0.998242         1607       568.89
      22.319     0.998437         1607       640.00
      22.319     0.998633         1607       731.43
      24.687     0.998828         1608       853.33
      24.687     0.999023         1608      1024.00
      24.687     0.999121         1608      1137.78
      24.687     0.999219         1608      1280.00
      24.687     0.999316         1608      1462.86
      24.799     0.999414         1609      1706.67
      24.799     1.000000         1609          inf
#[Mean    =        4.456, StdDeviation   =        3.135]
#[Max     =       24.784, Total count    =         1609]
#[Buckets =           27, SubBuckets     =         2048]
-----------------------------------------------------------------------
  1963 requests in 1.03m, 3.11MB read
  Socket errors: connect 0, read 0, write 0, timeout 12
Requests/sec:     31.66  
Transfer/sec:     51.36KB
AUTOTEST_DONE
