Running 1m test @ http://10.1.0.21:5000
  8 threads and 16 connections

  Thread calibration: mean lat.: 5.314ms, rate sampling interval: 21ms
  Thread calibration: mean lat.: 4.740ms, rate sampling interval: 18ms
  Thread calibration: mean lat.: 4.855ms, rate sampling interval: 20ms
  Thread calibration: mean lat.: 5.022ms, rate sampling interval: 19ms
  Thread calibration: mean lat.: 4.805ms, rate sampling interval: 20ms
  Thread calibration: mean lat.: 4.934ms, rate sampling interval: 19ms
  Thread calibration: mean lat.: 5.098ms, rate sampling interval: 20ms
  Thread calibration: mean lat.: 4.901ms, rate sampling interval: 20ms

-----------------------------------------------------------------------
Test Results @ http://10.1.0.21:5000 
  Thread Stats   Avg      Stdev     99%   +/- Stdev
    Latency     4.89ms    3.56ms  14.14ms   76.56%
    Req/Sec    32.39     41.04   157.00     86.99%
  Latency Distribution (HdrHistogram - Recorded Latency)
 50.000%    3.30ms
 75.000%    8.26ms
 90.000%   10.08ms
 99.000%   14.14ms
 99.900%   20.45ms
 99.990%   22.91ms
 99.999%   24.06ms
100.000%   24.06ms

  Detailed Percentile spectrum:
       Value   Percentile   TotalCount 1/(1-Percentile)

       0.696     0.000000            1         1.00
       1.805     0.100000         1305         1.11
       1.913     0.200000         2594         1.25
       2.047     0.300000         3892         1.43
       3.043     0.400000         5187         1.67
       3.297     0.500000         6494         2.00
       3.393     0.550000         7133         2.22
       3.523     0.600000         7782         2.50
       3.927     0.650000         8427         2.86
       7.719     0.700000         9076         3.33
       8.255     0.750000         9731         4.00
       8.487     0.775000        10051         4.44
       8.719     0.800000        10376         5.00
       8.983     0.825000        10699         5.71
       9.295     0.850000        11025         6.67
       9.655     0.875000        11350         8.00
       9.855     0.887500        11512         8.89
      10.079     0.900000        11672        10.00
      10.319     0.912500        11830        11.43
      10.575     0.925000        11992        13.33
      10.911     0.937500        12155        16.00
      11.079     0.943750        12237        17.78
      11.255     0.950000        12318        20.00
      11.479     0.956250        12399        22.86
      11.711     0.962500        12481        26.67
      11.983     0.968750        12559        32.00
      12.151     0.971875        12602        35.56
      12.335     0.975000        12640        40.00
      12.575     0.978125        12682        45.71
      12.791     0.981250        12721        53.33
      13.079     0.984375        12762        64.00
      13.351     0.985938        12782        71.11
      13.663     0.987500        12803        80.00
      13.935     0.989062        12823        91.43
      14.295     0.990625        12843       106.67
      14.903     0.992188        12863       128.00
      15.319     0.992969        12873       142.22
      15.559     0.993750        12883       160.00
      16.287     0.994531        12894       182.86
      16.639     0.995313        12904       213.33
      17.167     0.996094        12916       256.00
      17.295     0.996484        12919       284.44
      17.567     0.996875        12924       320.00
      18.095     0.997266        12929       365.71
      18.271     0.997656        12934       426.67
      18.703     0.998047        12939       512.00
      18.959     0.998242        12942       568.89
      19.343     0.998437        12944       640.00
      19.807     0.998633        12947       731.43
      20.367     0.998828        12949       853.33
      20.639     0.999023        12952      1024.00
      20.831     0.999121        12954      1137.78
      20.831     0.999219        12954      1280.00
      20.895     0.999316        12956      1462.86
      21.215     0.999414        12957      1706.67
      21.663     0.999512        12958      2048.00
      21.759     0.999561        12959      2275.56
      21.759     0.999609        12959      2560.00
      21.903     0.999658        12960      2925.71
      22.671     0.999707        12962      3413.33
      22.671     0.999756        12962      4096.00
      22.671     0.999780        12962      4551.11
      22.671     0.999805        12962      5120.00
      22.671     0.999829        12962      5851.43
      22.911     0.999854        12963      6826.67
      22.911     0.999878        12963      8192.00
      22.911     0.999890        12963      9102.22
      22.911     0.999902        12963     10240.00
      22.911     0.999915        12963     11702.86
      24.063     0.999927        12964     13653.33
      24.063     1.000000        12964          inf
#[Mean    =        4.889, StdDeviation   =        3.555]
#[Max     =       24.048, Total count    =        12964]
#[Buckets =           27, SubBuckets     =         2048]
-----------------------------------------------------------------------
  15553 requests in 1.02m, 23.60MB read
Requests/sec:    254.62  
Transfer/sec:    395.62KB
AUTOTEST_DONE
