Running 1m test @ http://10.1.0.21:5000
  8 threads and 16 connections

  Thread calibration: mean lat.: 8.607ms, rate sampling interval: 34ms
  Thread calibration: mean lat.: 8.903ms, rate sampling interval: 35ms
  Thread calibration: mean lat.: 8.206ms, rate sampling interval: 35ms
  Thread calibration: mean lat.: 7.081ms, rate sampling interval: 31ms
  Thread calibration: mean lat.: 8.313ms, rate sampling interval: 35ms
  Thread calibration: mean lat.: 8.511ms, rate sampling interval: 35ms
  Thread calibration: mean lat.: 8.003ms, rate sampling interval: 33ms
  Thread calibration: mean lat.: 7.518ms, rate sampling interval: 31ms

-----------------------------------------------------------------------
Test Results @ http://10.1.0.21:5000 
  Thread Stats   Avg      Stdev     99%   +/- Stdev
    Latency     8.23ms    7.43ms  31.42ms   86.42%
    Req/Sec    64.52     44.25   187.00     71.39%
  Latency Distribution (HdrHistogram - Recorded Latency)
 50.000%    5.66ms
 75.000%   11.99ms
 90.000%   17.38ms
 99.000%   31.42ms
 99.900%   58.88ms
 99.990%  140.29ms
 99.999%  210.18ms
100.000%  210.18ms

  Detailed Percentile spectrum:
       Value   Percentile   TotalCount 1/(1-Percentile)

       0.672     0.000000            1         1.00
       1.908     0.100000         2622         1.11
       2.185     0.200000         5222         1.25
       2.941     0.300000         7830         1.43
       4.163     0.400000        10446         1.67
       5.659     0.500000        13049         2.00
       6.739     0.550000        14353         2.22
       8.511     0.600000        15667         2.50
       9.655     0.650000        16963         2.86
      10.735     0.700000        18273         3.33
      11.991     0.750000        19585         4.00
      12.671     0.775000        20228         4.44
      13.399     0.800000        20883         5.00
      14.223     0.825000        21532         5.71
      15.095     0.850000        22183         6.67
      16.055     0.875000        22837         8.00
      16.671     0.887500        23168         8.89
      17.375     0.900000        23487        10.00
      18.223     0.912500        23821        11.43
      19.023     0.925000        24140        13.33
      20.159     0.937500        24468        16.00
      20.751     0.943750        24632        17.78
      21.343     0.950000        24793        20.00
      22.031     0.956250        24958        22.86
      22.943     0.962500        25120        26.67
      23.967     0.968750        25281        32.00
      24.623     0.971875        25364        35.56
      25.343     0.975000        25445        40.00
      26.207     0.978125        25526        45.71
      27.023     0.981250        25607        53.33
      28.207     0.984375        25689        64.00
      28.943     0.985938        25730        71.11
      29.711     0.987500        25770        80.00
      30.863     0.989062        25812        91.43
      31.839     0.990625        25852       106.67
      33.471     0.992188        25893       128.00
      34.303     0.992969        25914       142.22
      35.295     0.993750        25933       160.00
      35.999     0.994531        25954       182.86
      37.055     0.995313        25974       213.33
      39.263     0.996094        25996       256.00
      40.287     0.996484        26005       284.44
      41.119     0.996875        26015       320.00
      42.783     0.997266        26025       365.71
      44.831     0.997656        26035       426.67
      47.135     0.998047        26046       512.00
      48.319     0.998242        26051       568.89
      50.047     0.998437        26056       640.00
      52.095     0.998633        26061       731.43
      57.215     0.998828        26066       853.33
      59.135     0.999023        26071      1024.00
      60.735     0.999121        26074      1137.78
      62.335     0.999219        26076      1280.00
      65.183     0.999316        26079      1462.86
      68.607     0.999414        26081      1706.67
      72.511     0.999512        26084      2048.00
      74.239     0.999561        26085      2275.56
      75.455     0.999609        26086      2560.00
      82.367     0.999658        26088      2925.71
      87.103     0.999707        26089      3413.33
      87.167     0.999756        26090      4096.00
      87.743     0.999780        26091      4551.11
      87.743     0.999805        26091      5120.00
     138.623     0.999829        26092      5851.43
     140.287     0.999854        26093      6826.67
     140.287     0.999878        26093      8192.00
     163.327     0.999890        26094      9102.22
     163.327     0.999902        26094     10240.00
     163.327     0.999915        26094     11702.86
     166.399     0.999927        26095     13653.33
     166.399     0.999939        26095     16384.00
     166.399     0.999945        26095     18204.44
     166.399     0.999951        26095     20480.00
     166.399     0.999957        26095     23405.71
     210.175     0.999963        26096     27306.67
     210.175     1.000000        26096          inf
#[Mean    =        8.228, StdDeviation   =        7.433]
#[Max     =      210.048, Total count    =        26096]
#[Buckets =           27, SubBuckets     =         2048]
-----------------------------------------------------------------------
  31195 requests in 1.02m, 22.59MB read
Requests/sec:    511.17  
Transfer/sec:    379.11KB
AUTOTEST_DONE
