Running 1m test @ http://10.1.0.21:5000
  8 threads and 16 connections

  Thread calibration: mean lat.: 6.141ms, rate sampling interval: 25ms
  Thread calibration: mean lat.: 6.473ms, rate sampling interval: 24ms
  Thread calibration: mean lat.: 5.645ms, rate sampling interval: 23ms
  Thread calibration: mean lat.: 5.407ms, rate sampling interval: 21ms
  Thread calibration: mean lat.: 6.219ms, rate sampling interval: 24ms
  Thread calibration: mean lat.: 6.685ms, rate sampling interval: 27ms
  Thread calibration: mean lat.: 6.327ms, rate sampling interval: 27ms
  Thread calibration: mean lat.: 6.037ms, rate sampling interval: 24ms

-----------------------------------------------------------------------
Test Results @ http://10.1.0.21:5000 
  Thread Stats   Avg      Stdev     99%   +/- Stdev
    Latency     6.22ms    4.45ms  17.02ms   74.56%
    Req/Sec     8.00     18.51    83.00     82.68%
  Latency Distribution (HdrHistogram - Recorded Latency)
 50.000%    4.26ms
 75.000%   10.47ms
 90.000%   12.76ms
 99.000%   17.02ms
 99.900%   24.27ms
 99.990%   30.17ms
 99.999%   30.17ms
100.000%   30.17ms

  Detailed Percentile spectrum:
       Value   Percentile   TotalCount 1/(1-Percentile)

       0.735     0.000000            1         1.00
       2.197     0.100000          328         1.11
       2.373     0.200000          648         1.25
       2.593     0.300000          967         1.43
       3.895     0.400000         1290         1.67
       4.255     0.500000         1615         2.00
       4.403     0.550000         1773         2.22
       4.747     0.600000         1936         2.50
       6.291     0.650000         2095         2.86
       9.767     0.700000         2257         3.33
      10.479     0.750000         2418         4.00
      10.775     0.775000         2499         4.44
      11.063     0.800000         2579         5.00
      11.439     0.825000         2659         5.71
      11.847     0.850000         2740         6.67
      12.231     0.875000         2821         8.00
      12.495     0.887500         2861         8.89
      12.759     0.900000         2902        10.00
      13.111     0.912500         2942        11.43
      13.423     0.925000         2983        13.33
      13.823     0.937500         3022        16.00
      14.007     0.943750         3042        17.78
      14.287     0.950000         3062        20.00
      14.527     0.956250         3082        22.86
      14.871     0.962500         3105        26.67
      15.191     0.968750         3123        32.00
      15.383     0.971875         3133        35.56
      15.647     0.975000         3144        40.00
      15.855     0.978125         3153        45.71
      15.999     0.981250         3163        53.33
      16.287     0.984375         3173        64.00
      16.559     0.985938         3178        71.11
      16.815     0.987500         3184        80.00
      16.911     0.989062         3189        91.43
      17.215     0.990625         3193       106.67
      17.535     0.992188         3198       128.00
      17.839     0.992969         3201       142.22
      18.111     0.993750         3203       160.00
      18.431     0.994531         3207       182.86
      18.959     0.995313         3208       213.33
      19.599     0.996094         3211       256.00
      19.695     0.996484         3212       284.44
      19.903     0.996875         3213       320.00
      20.223     0.997266         3215       365.71
      20.575     0.997656         3216       426.67
      20.751     0.998047         3217       512.00
      21.455     0.998242         3218       568.89
      21.455     0.998437         3218       640.00
      22.767     0.998633         3219       731.43
      24.271     0.998828         3220       853.33
      24.271     0.999023         3220      1024.00
      25.103     0.999121         3221      1137.78
      25.103     0.999219         3221      1280.00
      25.103     0.999316         3221      1462.86
      25.439     0.999414         3222      1706.67
      25.439     0.999512         3222      2048.00
      25.439     0.999561         3222      2275.56
      25.439     0.999609         3222      2560.00
      25.439     0.999658         3222      2925.71
      30.175     0.999707         3223      3413.33
      30.175     1.000000         3223          inf
#[Mean    =        6.217, StdDeviation   =        4.455]
#[Max     =       30.160, Total count    =         3223]
#[Buckets =           27, SubBuckets     =         2048]
-----------------------------------------------------------------------
  3914 requests in 1.02m, 6.25MB read
Requests/sec:     63.98  
Transfer/sec:    104.67KB
AUTOTEST_DONE
