Running 1m test @ http://10.1.0.21:5000
  8 threads and 16 connections

  Thread calibration: mean lat.: 6.166ms, rate sampling interval: 24ms
  Thread calibration: mean lat.: 5.068ms, rate sampling interval: 21ms
  Thread calibration: mean lat.: 6.685ms, rate sampling interval: 26ms
  Thread calibration: mean lat.: 5.159ms, rate sampling interval: 20ms
  Thread calibration: mean lat.: 4.380ms, rate sampling interval: 19ms
  Thread calibration: mean lat.: 6.126ms, rate sampling interval: 22ms
  Thread calibration: mean lat.: 6.399ms, rate sampling interval: 24ms
  Thread calibration: mean lat.: 5.454ms, rate sampling interval: 22ms

-----------------------------------------------------------------------
Test Results @ http://10.1.0.21:5000 
  Thread Stats   Avg      Stdev     99%   +/- Stdev
    Latency     6.11ms    4.27ms  16.17ms   74.26%
    Req/Sec     2.09      9.80    50.00     95.55%
  Latency Distribution (HdrHistogram - Recorded Latency)
 50.000%    4.32ms
 75.000%   10.32ms
 90.000%   12.65ms
 99.000%   16.17ms
 99.900%   17.06ms
 99.990%   17.68ms
 99.999%   17.68ms
100.000%   17.68ms

  Detailed Percentile spectrum:
       Value   Percentile   TotalCount 1/(1-Percentile)

       1.243     0.000000            1         1.00
       2.249     0.100000           86         1.11
       2.413     0.200000          169         1.25
       2.603     0.300000          253         1.43
       3.981     0.400000          338         1.67
       4.323     0.500000          422         2.00
       4.443     0.550000          464         2.22
       4.651     0.600000          508         2.50
       4.955     0.650000          548         2.86
       9.607     0.700000          591         3.33
      10.327     0.750000          633         4.00
      10.607     0.775000          654         4.44
      10.887     0.800000          675         5.00
      11.287     0.825000          696         5.71
      11.639     0.850000          717         6.67
      12.087     0.875000          740         8.00
      12.367     0.887500          749         8.89
      12.655     0.900000          759        10.00
      13.015     0.912500          770        11.43
      13.327     0.925000          780        13.33
      13.831     0.937500          791        16.00
      14.047     0.943750          796        17.78
      14.183     0.950000          801        20.00
      14.623     0.956250          807        22.86
      14.807     0.962500          812        26.67
      14.943     0.968750          817        32.00
      15.087     0.971875          820        35.56
      15.191     0.975000          822        40.00
      15.431     0.978125          825        45.71
      15.599     0.981250          828        53.33
      15.695     0.984375          830        64.00
      15.999     0.985938          832        71.11
      16.071     0.987500          833        80.00
      16.167     0.989062          834        91.43
      16.287     0.990625          836       106.67
      16.703     0.992188          837       128.00
      16.767     0.992969          838       142.22
      16.767     0.993750          838       160.00
      16.831     0.994531          839       182.86
      16.879     0.995313          840       213.33
      16.879     0.996094          840       256.00
      17.007     0.996484          841       284.44
      17.007     0.996875          841       320.00
      17.007     0.997266          841       365.71
      17.055     0.997656          842       426.67
      17.055     0.998047          842       512.00
      17.055     0.998242          842       568.89
      17.055     0.998437          842       640.00
      17.055     0.998633          842       731.43
      17.679     0.998828          843       853.33
      17.679     1.000000          843          inf
#[Mean    =        6.113, StdDeviation   =        4.265]
#[Max     =       17.664, Total count    =          843]
#[Buckets =           27, SubBuckets     =         2048]
-----------------------------------------------------------------------
  1019 requests in 1.03m, 1.69MB read
  Socket errors: connect 0, read 0, write 0, timeout 53
Requests/sec:     16.43  
Transfer/sec:     27.98KB
AUTOTEST_DONE
