Running 1m test @ http://10.1.0.42:8080/wrk2-api/review/compose
  8 threads and 16 connections

  Thread calibration: mean lat.: 2416.630ms, rate sampling interval: 8073ms
  Thread calibration: mean lat.: 2098.498ms, rate sampling interval: 7143ms
  Thread calibration: mean lat.: 2075.551ms, rate sampling interval: 7184ms
  Thread calibration: mean lat.: 1776.819ms, rate sampling interval: 6320ms
  Thread calibration: mean lat.: 2386.817ms, rate sampling interval: 8040ms
  Thread calibration: mean lat.: 2193.882ms, rate sampling interval: 7852ms
  Thread calibration: mean lat.: 2439.377ms, rate sampling interval: 8224ms
  Thread calibration: mean lat.: 2043.174ms, rate sampling interval: 6873ms

-----------------------------------------------------------------------
Test Results @ http://10.1.0.42:8080/wrk2-api/review/compose 
  Thread Stats   Avg      Stdev     99%   +/- Stdev
    Latency    14.49s     5.99s   25.76s    58.96%
    Req/Sec    36.45      1.02    38.00     98.11%
  Latency Distribution (HdrHistogram - Recorded Latency)
 50.000%   14.52s 
 75.000%   19.23s 
 90.000%   22.79s 
 99.000%   25.76s 
 99.900%   26.31s 
 99.990%   26.51s 
 99.999%   26.59s 
100.000%   26.59s 

  Detailed Percentile spectrum:
       Value   Percentile   TotalCount 1/(1-Percentile)

    3364.863     0.000000            2         1.00
    6115.327     0.100000         1512         1.11
    8413.183     0.200000         3019         1.25
   10584.063     0.300000         4522         1.43
   12779.519     0.400000         6028         1.67
   14516.223     0.500000         7541         2.00
   15409.151     0.550000         8288         2.22
   16269.311     0.600000         9040         2.50
   17154.047     0.650000         9793         2.86
   18137.087     0.700000        10561         3.33
   19234.815     0.750000        11308         4.00
   19972.095     0.775000        11686         4.44
   20611.071     0.800000        12055         5.00
   21200.895     0.825000        12439         5.71
   21708.799     0.850000        12814         6.67
   22249.471     0.875000        13189         8.00
   22495.231     0.887500        13379         8.89
   22790.143     0.900000        13570        10.00
   23117.823     0.912500        13755        11.43
   23412.735     0.925000        13938        13.33
   23707.647     0.937500        14125        16.00
   23887.871     0.943750        14227        17.78
   24051.711     0.950000        14316        20.00
   24281.087     0.956250        14410        22.86
   24526.847     0.962500        14505        26.67
   24772.607     0.968750        14601        32.00
   24870.911     0.971875        14644        35.56
   25034.751     0.975000        14692        40.00
   25182.207     0.978125        14740        45.71
   25313.279     0.981250        14790        53.33
   25460.735     0.984375        14836        64.00
   25542.655     0.985938        14857        71.11
   25608.191     0.987500        14879        80.00
   25722.879     0.989062        14905        91.43
   25804.799     0.990625        14931       106.67
   25870.335     0.992188        14949       128.00
   25919.487     0.992969        14966       142.22
   25952.255     0.993750        14972       160.00
   26034.175     0.994531        14987       182.86
   26099.711     0.995313        15000       213.33
   26132.479     0.996094        15013       256.00
   26148.863     0.996484        15020       284.44
   26148.863     0.996875        15020       320.00
   26181.631     0.997266        15029       365.71
   26198.015     0.997656        15031       426.67
   26230.783     0.998047        15038       512.00
   26247.167     0.998242        15040       568.89
   26263.551     0.998437        15043       640.00
   26279.935     0.998633        15046       731.43
   26296.319     0.998828        15050       853.33
   26312.703     0.999023        15053      1024.00
   26312.703     0.999121        15053      1137.78
   26345.471     0.999219        15055      1280.00
   26361.855     0.999316        15056      1462.86
   26378.239     0.999414        15059      1706.67
   26378.239     0.999512        15059      2048.00
   26427.391     0.999561        15061      2275.56
   26427.391     0.999609        15061      2560.00
   26427.391     0.999658        15061      2925.71
   26460.159     0.999707        15063      3413.33
   26460.159     0.999756        15063      4096.00
   26460.159     0.999780        15063      4551.11
   26509.311     0.999805        15064      5120.00
   26509.311     0.999829        15064      5851.43
   26509.311     0.999854        15064      6826.67
   26558.463     0.999878        15065      8192.00
   26558.463     0.999890        15065      9102.22
   26558.463     0.999902        15065     10240.00
   26558.463     0.999915        15065     11702.86
   26558.463     0.999927        15065     13653.33
   26591.231     0.999939        15066     16384.00
   26591.231     1.000000        15066          inf
#[Mean    =    14489.587, StdDeviation   =     5985.882]
#[Max     =    26574.848, Total count    =        15066]
#[Buckets =           27, SubBuckets     =         2048]
-----------------------------------------------------------------------
  18082 requests in 1.02m, 3.17MB read
  Socket errors: connect 0, read 0, write 0, timeout 31
Requests/sec:    296.19  
Transfer/sec:     53.22KB
AUTOTEST_DONE
