Running 1m test @ http://10.1.0.42:8080/wrk2-api/review/compose
  8 threads and 16 connections

  Thread calibration: mean lat.: 8.380ms, rate sampling interval: 17ms
  Thread calibration: mean lat.: 7.647ms, rate sampling interval: 15ms
  Thread calibration: mean lat.: 7.869ms, rate sampling interval: 16ms
  Thread calibration: mean lat.: 7.651ms, rate sampling interval: 15ms
  Thread calibration: mean lat.: 7.677ms, rate sampling interval: 16ms
  Thread calibration: mean lat.: 7.704ms, rate sampling interval: 16ms
  Thread calibration: mean lat.: 7.650ms, rate sampling interval: 15ms
  Thread calibration: mean lat.: 8.393ms, rate sampling interval: 18ms

-----------------------------------------------------------------------
Test Results @ http://10.1.0.42:8080/wrk2-api/review/compose 
  Thread Stats   Avg      Stdev     99%   +/- Stdev
    Latency     7.70ms  685.84us  10.22ms   83.10%
    Req/Sec     1.08      8.29    62.00     98.33%
  Latency Distribution (HdrHistogram - Recorded Latency)
 50.000%    7.64ms
 75.000%    7.91ms
 90.000%    8.33ms
 99.000%   10.22ms
 99.900%   14.84ms
 99.990%   14.84ms
 99.999%   14.84ms
100.000%   14.84ms

  Detailed Percentile spectrum:
       Value   Percentile   TotalCount 1/(1-Percentile)

       5.931     0.000000            1         1.00
       7.111     0.100000           45         1.11
       7.271     0.200000           87         1.25
       7.399     0.300000          130         1.43
       7.551     0.400000          173         1.67
       7.639     0.500000          216         2.00
       7.687     0.550000          240         2.22
       7.739     0.600000          260         2.50
       7.787     0.650000          282         2.86
       7.847     0.700000          303         3.33
       7.907     0.750000          327         4.00
       7.947     0.775000          337         4.44
       8.011     0.800000          346         5.00
       8.083     0.825000          357         5.71
       8.147     0.850000          368         6.67
       8.231     0.875000          378         8.00
       8.295     0.887500          384         8.89
       8.327     0.900000          390        10.00
       8.423     0.912500          395        11.43
       8.527     0.925000          401        13.33
       8.591     0.937500          406        16.00
       8.623     0.943750          408        17.78
       8.735     0.950000          412        20.00
       8.815     0.956250          414        22.86
       8.847     0.962500          416        26.67
       9.039     0.968750          419        32.00
       9.103     0.971875          420        35.56
       9.183     0.975000          422        40.00
       9.199     0.978125          423        45.71
       9.215     0.981250          425        53.33
       9.647     0.984375          426        64.00
       9.647     0.985938          426        71.11
       9.775     0.987500          427        80.00
      10.215     0.989062          428        91.43
      10.215     0.990625          428       106.67
      10.455     0.992188          429       128.00
      10.455     0.992969          429       142.22
      10.855     0.993750          430       160.00
      10.855     0.994531          430       182.86
      10.855     0.995313          430       213.33
      10.911     0.996094          431       256.00
      10.911     0.996484          431       284.44
      10.911     0.996875          431       320.00
      10.911     0.997266          431       365.71
      10.911     0.997656          431       426.67
      14.839     0.998047          432       512.00
      14.839     1.000000          432          inf
#[Mean    =        7.699, StdDeviation   =        0.686]
#[Max     =       14.832, Total count    =          432]
#[Buckets =           27, SubBuckets     =         2048]
-----------------------------------------------------------------------
  530 requests in 1.03m, 95.23KB read
  Socket errors: connect 0, read 0, write 0, timeout 156
Requests/sec:      8.55  
Transfer/sec:      1.54KB
AUTOTEST_DONE
