Running 1m test @ http://10.1.0.42:8080/wrk2-api/review/compose
  8 threads and 16 connections

  Thread calibration: mean lat.: 7.803ms, rate sampling interval: 16ms
  Thread calibration: mean lat.: 7.652ms, rate sampling interval: 16ms
  Thread calibration: mean lat.: 7.549ms, rate sampling interval: 15ms
  Thread calibration: mean lat.: 7.726ms, rate sampling interval: 16ms
  Thread calibration: mean lat.: 7.536ms, rate sampling interval: 15ms
  Thread calibration: mean lat.: 8.174ms, rate sampling interval: 16ms
  Thread calibration: mean lat.: 7.501ms, rate sampling interval: 16ms
  Thread calibration: mean lat.: 7.438ms, rate sampling interval: 16ms

-----------------------------------------------------------------------
Test Results @ http://10.1.0.42:8080/wrk2-api/review/compose 
  Thread Stats   Avg      Stdev     99%   +/- Stdev
    Latency     7.47ms  716.07us   8.94ms   83.29%
    Req/Sec     1.07      8.36    66.00     98.36%
  Latency Distribution (HdrHistogram - Recorded Latency)
 50.000%    7.42ms
 75.000%    7.72ms
 90.000%    8.14ms
 99.000%    8.94ms
 99.900%   15.84ms
 99.990%   15.84ms
 99.999%   15.84ms
100.000%   15.84ms

  Detailed Percentile spectrum:
       Value   Percentile   TotalCount 1/(1-Percentile)

       5.419     0.000000            1         1.00
       6.855     0.100000           44         1.11
       7.035     0.200000           89         1.25
       7.155     0.300000          130         1.43
       7.343     0.400000          173         1.67
       7.419     0.500000          216         2.00
       7.475     0.550000          238         2.22
       7.527     0.600000          260         2.50
       7.583     0.650000          282         2.86
       7.635     0.700000          303         3.33
       7.731     0.750000          325         4.00
       7.775     0.775000          335         4.44
       7.855     0.800000          345         5.00
       7.911     0.825000          356         5.71
       7.959     0.850000          367         6.67
       8.059     0.875000          378         8.00
       8.111     0.887500          383         8.89
       8.135     0.900000          388        10.00
       8.239     0.912500          395        11.43
       8.279     0.925000          399        13.33
       8.415     0.937500          406        16.00
       8.423     0.943750          407        17.78
       8.471     0.950000          411        20.00
       8.495     0.956250          413        22.86
       8.511     0.962500          415        26.67
       8.583     0.968750          418        32.00
       8.607     0.971875          419        35.56
       8.647     0.975000          421        40.00
       8.655     0.978125          422        45.71
       8.703     0.981250          423        53.33
       8.823     0.984375          425        64.00
       8.823     0.985938          425        71.11
       8.871     0.987500          426        80.00
       8.935     0.989062          427        91.43
       8.935     0.990625          427       106.67
       9.111     0.992188          428       128.00
       9.111     0.992969          428       142.22
      10.471     0.993750          429       160.00
      10.471     0.994531          429       182.86
      10.471     0.995313          429       213.33
      12.167     0.996094          430       256.00
      12.167     0.996484          430       284.44
      12.167     0.996875          430       320.00
      12.167     0.997266          430       365.71
      12.167     0.997656          430       426.67
      15.839     0.998047          431       512.00
      15.839     1.000000          431          inf
#[Mean    =        7.473, StdDeviation   =        0.716]
#[Max     =       15.832, Total count    =          431]
#[Buckets =           27, SubBuckets     =         2048]
-----------------------------------------------------------------------
  530 requests in 1.03m, 95.23KB read
  Socket errors: connect 0, read 0, write 0, timeout 157
Requests/sec:      8.55  
Transfer/sec:      1.54KB
AUTOTEST_DONE
