Running 1m test @ http://10.1.0.42:8080/wrk2-api/review/compose
  8 threads and 16 connections

  Thread calibration: mean lat.: 2490.338ms, rate sampling interval: 8212ms
  Thread calibration: mean lat.: 2187.153ms, rate sampling interval: 8155ms
  Thread calibration: mean lat.: 2050.750ms, rate sampling interval: 6918ms
  Thread calibration: mean lat.: 2022.199ms, rate sampling interval: 7143ms
  Thread calibration: mean lat.: 2367.185ms, rate sampling interval: 8359ms
  Thread calibration: mean lat.: 2157.803ms, rate sampling interval: 7446ms
  Thread calibration: mean lat.: 2233.841ms, rate sampling interval: 7598ms
  Thread calibration: mean lat.: 2245.907ms, rate sampling interval: 7200ms
reconnect_socket
reconnect_socket
reconnect_socket
reconnect_socket
reconnect_socket
reconnect_socket
reconnect_socket
reconnect_socket
reconnect_socket
reconnect_socket
reconnect_socket
reconnect_socket
reconnect_socket
reconnect_socket
reconnect_socket
reconnect_socket
reconnect_socket
reconnect_socket
reconnect_socket
reconnect_socket
reconnect_socket
reconnect_socket
reconnect_socket
reconnect_socket
reconnect_socket
reconnect_socket
reconnect_socket
reconnect_socket
reconnect_socket
reconnect_socket
reconnect_socket
reconnect_socket
reconnect_socket
reconnect_socket
reconnect_socket
reconnect_socket
reconnect_socket
reconnect_socket
reconnect_socket
reconnect_socket
reconnect_socket
reconnect_socket
reconnect_socket
reconnect_socket
reconnect_socket
reconnect_socket
reconnect_socket
reconnect_socket
reconnect_socket
reconnect_socket
reconnect_socket
reconnect_socket
reconnect_socket
reconnect_socket
reconnect_socket
reconnect_socket
reconnect_socket
reconnect_socket
reconnect_socket
reconnect_socket
reconnect_socket
reconnect_socket
reconnect_socket
reconnect_socket
reconnect_socket
reconnect_socket
reconnect_socket
reconnect_socket
reconnect_socket
reconnect_socket
reconnect_socket
reconnect_socket
reconnect_socket
reconnect_socket
reconnect_socket
reconnect_socket
reconnect_socket
reconnect_socket
reconnect_socket
reconnect_socket
reconnect_socket
reconnect_socket
reconnect_socket
reconnect_socket
reconnect_socket
reconnect_socket
reconnect_socket
reconnect_socket
reconnect_socket
reconnect_socket
reconnect_socket
reconnect_socket
reconnect_socket
reconnect_socket
reconnect_socket
reconnect_socket
reconnect_socket
reconnect_socket
reconnect_socket
reconnect_socket
reconnect_socket
reconnect_socket
reconnect_socket
reconnect_socket
reconnect_socket
reconnect_socket
reconnect_socket
reconnect_socket
reconnect_socket
reconnect_socket
reconnect_socket
reconnect_socket
reconnect_socket
reconnect_socket
reconnect_socket
reconnect_socket
reconnect_socket
reconnect_socket
reconnect_socket
reconnect_socket
reconnect_socket
reconnect_socket
reconnect_socket
reconnect_socket
reconnect_socket
reconnect_socket
reconnect_socket
reconnect_socket
reconnect_socket
reconnect_socket
reconnect_socket
reconnect_socket
reconnect_socket
reconnect_socket
reconnect_socket
reconnect_socket
reconnect_socket
reconnect_socket
reconnect_socket
reconnect_socket
reconnect_socket
reconnect_socket
reconnect_socket
reconnect_socket
reconnect_socket
reconnect_socket
reconnect_socket
reconnect_socket
reconnect_socket
reconnect_socket
reconnect_socket
reconnect_socket
reconnect_socket
reconnect_socket
reconnect_socket
reconnect_socket
reconnect_socket
reconnect_socket
reconnect_socket
reconnect_socket
reconnect_socket
reconnect_socket
reconnect_socket
reconnect_socket
reconnect_socket
reconnect_socket
reconnect_socket
reconnect_socket
reconnect_socket
reconnect_socket
reconnect_socket
reconnect_socket
reconnect_socket
reconnect_socket
reconnect_socket
reconnect_socket
reconnect_socket
reconnect_socket
reconnect_socket
reconnect_socket
reconnect_socket
reconnect_socket
reconnect_socket
reconnect_socket
reconnect_socket
reconnect_socket
reconnect_socket
reconnect_socket
reconnect_socket
reconnect_socket
reconnect_socket
reconnect_socket
reconnect_socket
reconnect_socket
reconnect_socket
reconnect_socket
reconnect_socket
reconnect_socket
reconnect_socket
reconnect_socket
reconnect_socket
reconnect_socket
reconnect_socket
reconnect_socket
reconnect_socket
reconnect_socket
reconnect_socket
reconnect_socket
reconnect_socket
reconnect_socket
reconnect_socket
reconnect_socket
reconnect_socket
reconnect_socket
reconnect_socket
reconnect_socket
reconnect_socket
reconnect_socket
reconnect_socket
reconnect_socket
reconnect_socket
reconnect_socket
reconnect_socket
reconnect_socket
reconnect_socket
reconnect_socket
reconnect_socket
reconnect_socket
reconnect_socket
reconnect_socket
reconnect_socket
reconnect_socket
reconnect_socket
reconnect_socket
reconnect_socket
reconnect_socket
reconnect_socket
reconnect_socket
reconnect_socket
reconnect_socket
reconnect_socket
reconnect_socket
reconnect_socket
reconnect_socket
reconnect_socket
reconnect_socket
reconnect_socket
reconnect_socket
reconnect_socket
reconnect_socket
reconnect_socket
reconnect_socket
reconnect_socket
reconnect_socket
reconnect_socket
reconnect_socket
reconnect_socket
reconnect_socket
reconnect_socket
reconnect_socket
reconnect_socket
reconnect_socket
reconnect_socket
reconnect_socket
reconnect_socket
reconnect_socket
reconnect_socket
reconnect_socket
reconnect_socket
reconnect_socket
reconnect_socket
reconnect_socket
reconnect_socket
reconnect_socket
reconnect_socket
reconnect_socket
reconnect_socket
reconnect_socket
reconnect_socket
reconnect_socket
reconnect_socket
reconnect_socket
reconnect_socket
reconnect_socket
reconnect_socket
reconnect_socket
reconnect_socket
reconnect_socket
reconnect_socket
reconnect_socket
reconnect_socket
reconnect_socket
reconnect_socket
reconnect_socket
reconnect_socket
reconnect_socket
reconnect_socket
reconnect_socket
reconnect_socket
reconnect_socket
reconnect_socket
reconnect_socket
reconnect_socket
reconnect_socket
reconnect_socket
reconnect_socket
reconnect_socket
reconnect_socket
reconnect_socket
reconnect_socket
reconnect_socket
reconnect_socket
reconnect_socket
reconnect_socket
reconnect_socket
reconnect_socket
reconnect_socket
reconnect_socket
reconnect_socket
reconnect_socket

-----------------------------------------------------------------------
Test Results @ http://10.1.0.42:8080/wrk2-api/review/compose 
  Thread Stats   Avg      Stdev     99%   +/- Stdev
    Latency    15.03s     6.31s   26.41s    58.09%
    Req/Sec    36.02      1.57    38.00     90.20%
  Latency Distribution (HdrHistogram - Recorded Latency)
 50.000%   15.24s 
 75.000%   20.17s 
 90.000%   23.77s 
 99.000%   26.41s 
 99.900%   27.10s 
 99.990%   27.33s 
 99.999%   27.36s 
100.000%   27.36s 

  Detailed Percentile spectrum:
       Value   Percentile   TotalCount 1/(1-Percentile)

    3184.639     0.000000            1         1.00
    6307.839     0.100000         1494         1.11
    8257.535     0.200000         2989         1.25
   10952.703     0.300000         4486         1.43
   13230.079     0.400000         5978         1.67
   15237.119     0.500000         7466         2.00
   16171.007     0.550000         8215         2.22
   17154.047     0.600000         8963         2.50
   18087.935     0.650000         9710         2.86
   19070.975     0.700000        10457         3.33
   20168.703     0.750000        11203         4.00
   20774.911     0.775000        11576         4.44
   21315.583     0.800000        11951         5.00
   21970.943     0.825000        12325         5.71
   22609.919     0.850000        12703         6.67
   23166.975     0.875000        13074         8.00
   23511.039     0.887500        13252         8.89
   23773.183     0.900000        13443        10.00
   24068.095     0.912500        13633        11.43
   24379.391     0.925000        13815        13.33
   24641.535     0.937500        13999        16.00
   24838.143     0.943750        14092        17.78
   24985.599     0.950000        14192        20.00
   25116.671     0.956250        14281        22.86
   25264.127     0.962500        14372        26.67
   25509.887     0.968750        14465        32.00
   25673.727     0.971875        14517        35.56
   25772.031     0.975000        14559        40.00
   25886.719     0.978125        14609        45.71
   26034.175     0.981250        14654        53.33
   26148.863     0.984375        14705        64.00
   26230.783     0.985938        14724        71.11
   26279.935     0.987500        14745        80.00
   26345.471     0.989062        14768        91.43
   26460.159     0.990625        14797       106.67
   26509.311     0.992188        14815       128.00
   26574.847     0.992969        14831       142.22
   26623.999     0.993750        14841       160.00
   26689.535     0.994531        14854       182.86
   26755.071     0.995313        14864       213.33
   26820.607     0.996094        14874       256.00
   26853.375     0.996484        14879       284.44
   26869.759     0.996875        14886       320.00
   26918.911     0.997266        14892       365.71
   26968.063     0.997656        14898       426.67
   27017.215     0.998047        14902       512.00
   27033.599     0.998242        14906       568.89
   27049.983     0.998437        14909       640.00
   27066.367     0.998633        14912       731.43
   27099.135     0.998828        14917       853.33
   27099.135     0.999023        14917      1024.00
   27148.287     0.999121        14919      1137.78
   27164.671     0.999219        14920      1280.00
   27181.055     0.999316        14921      1462.86
   27230.207     0.999414        14924      1706.67
   27230.207     0.999512        14924      2048.00
   27246.591     0.999561        14925      2275.56
   27262.975     0.999609        14927      2560.00
   27262.975     0.999658        14927      2925.71
   27262.975     0.999707        14927      3413.33
   27295.743     0.999756        14929      4096.00
   27295.743     0.999780        14929      4551.11
   27295.743     0.999805        14929      5120.00
   27295.743     0.999829        14929      5851.43
   27295.743     0.999854        14929      6826.67
   27328.511     0.999878        14930      8192.00
   27328.511     0.999890        14930      9102.22
   27328.511     0.999902        14930     10240.00
   27328.511     0.999915        14930     11702.86
   27328.511     0.999927        14930     13653.33
   27361.279     0.999939        14931     16384.00
   27361.279     1.000000        14931          inf
#[Mean    =    15034.397, StdDeviation   =     6308.813]
#[Max     =    27344.896, Total count    =        14931]
#[Buckets =           27, SubBuckets     =         2048]
-----------------------------------------------------------------------
  17901 requests in 1.02m, 3.19MB read
  Socket errors: connect 0, read 0, write 0, timeout 9
  Non-2xx or 3xx responses: 320
Requests/sec:    293.32  
Transfer/sec:     53.59KB
AUTOTEST_DONE
