Running 1m test @ http://10.1.0.42:8080/wrk2-api/review/compose
  8 threads and 16 connections

reconnect_socket
  Thread calibration: mean lat.: 93.423ms, rate sampling interval: 514ms
  Thread calibration: mean lat.: 110.024ms, rate sampling interval: 665ms
  Thread calibration: mean lat.: 76.134ms, rate sampling interval: 291ms
  Thread calibration: mean lat.: 80.779ms, rate sampling interval: 393ms
  Thread calibration: mean lat.: 135.403ms, rate sampling interval: 748ms
  Thread calibration: mean lat.: 195.212ms, rate sampling interval: 1015ms
  Thread calibration: mean lat.: 87.144ms, rate sampling interval: 338ms
  Thread calibration: mean lat.: 73.843ms, rate sampling interval: 281ms

-----------------------------------------------------------------------
Test Results @ http://10.1.0.42:8080/wrk2-api/review/compose 
  Thread Stats   Avg      Stdev     99%   +/- Stdev
    Latency    69.35ms   80.34ms 422.14ms   88.13%
    Req/Sec    31.56      8.44    51.00     72.09%
  Latency Distribution (HdrHistogram - Recorded Latency)
 50.000%   39.07ms
 75.000%   80.64ms
 90.000%  167.93ms
 99.000%  422.14ms
 99.900%  572.93ms
 99.990%  628.22ms
 99.999%  629.76ms
100.000%  629.76ms

  Detailed Percentile spectrum:
       Value   Percentile   TotalCount 1/(1-Percentile)

       4.927     0.000000            1         1.00
      14.351     0.100000         1302         1.11
      20.495     0.200000         2601         1.25
      25.967     0.300000         3902         1.43
      31.759     0.400000         5202         1.67
      39.071     0.500000         6502         2.00
      43.999     0.550000         7156         2.22
      49.919     0.600000         7802         2.50
      57.727     0.650000         8452         2.86
      67.199     0.700000         9103         3.33
      80.639     0.750000         9754         4.00
      88.511     0.775000        10079         4.44
      97.791     0.800000        10403         5.00
     109.823     0.825000        10730         5.71
     125.311     0.850000        11053         6.67
     145.023     0.875000        11378         8.00
     154.623     0.887500        11544         8.89
     167.935     0.900000        11704        10.00
     178.431     0.912500        11868        11.43
     193.023     0.925000        12028        13.33
     210.687     0.937500        12191        16.00
     220.799     0.943750        12272        17.78
     233.343     0.950000        12353        20.00
     245.631     0.956250        12435        22.86
     261.503     0.962500        12516        26.67
     279.807     0.968750        12597        32.00
     292.095     0.971875        12638        35.56
     305.407     0.975000        12679        40.00
     323.327     0.978125        12719        45.71
     345.087     0.981250        12760        53.33
     365.311     0.984375        12800        64.00
     378.367     0.985938        12821        71.11
     395.007     0.987500        12841        80.00
     412.159     0.989062        12861        91.43
     431.359     0.990625        12882       106.67
     444.671     0.992188        12902       128.00
     459.775     0.992969        12912       142.22
     472.063     0.993750        12922       160.00
     482.815     0.994531        12932       182.86
     495.359     0.995313        12943       213.33
     508.415     0.996094        12953       256.00
     513.279     0.996484        12958       284.44
     515.327     0.996875        12963       320.00
     520.703     0.997266        12968       365.71
     528.895     0.997656        12973       426.67
     539.647     0.998047        12978       512.00
     546.303     0.998242        12982       568.89
     546.815     0.998437        12983       640.00
     565.759     0.998633        12986       731.43
     566.783     0.998828        12988       853.33
     578.559     0.999023        12992      1024.00
     578.559     0.999121        12992      1137.78
     581.119     0.999219        12993      1280.00
     589.311     0.999316        12995      1462.86
     591.871     0.999414        12996      1706.67
     595.455     0.999512        12997      2048.00
     599.039     0.999561        12998      2275.56
     599.039     0.999609        12998      2560.00
     599.551     0.999658        12999      2925.71
     608.255     0.999707        13000      3413.33
     608.255     0.999756        13000      4096.00
     627.199     0.999780        13001      4551.11
     627.199     0.999805        13001      5120.00
     627.199     0.999829        13001      5851.43
     628.223     0.999854        13002      6826.67
     628.223     0.999878        13002      8192.00
     628.223     0.999890        13002      9102.22
     628.223     0.999902        13002     10240.00
     628.223     0.999915        13002     11702.86
     629.759     0.999927        13003     13653.33
     629.759     1.000000        13003          inf
#[Mean    =       69.349, StdDeviation   =       80.342]
#[Max     =      629.248, Total count    =        13003]
#[Buckets =           27, SubBuckets     =         2048]
-----------------------------------------------------------------------
  15537 requests in 1.02m, 2.73MB read
  Non-2xx or 3xx responses: 1
Requests/sec:    254.58  
Transfer/sec:     45.75KB
AUTOTEST_DONE
