Running 1m test @ http://10.1.0.44:8080
  8 threads and 16 connections

  Thread calibration: mean lat.: 2.169ms, rate sampling interval: 11ms
  Thread calibration: mean lat.: 1.869ms, rate sampling interval: 10ms
  Thread calibration: mean lat.: 2.232ms, rate sampling interval: 12ms
  Thread calibration: mean lat.: 2.249ms, rate sampling interval: 13ms
  Thread calibration: mean lat.: 2.158ms, rate sampling interval: 12ms
  Thread calibration: mean lat.: 2.108ms, rate sampling interval: 11ms
  Thread calibration: mean lat.: 2.011ms, rate sampling interval: 10ms
  Thread calibration: mean lat.: 1.964ms, rate sampling interval: 10ms

-----------------------------------------------------------------------
Test Results @ http://10.1.0.44:8080 
  Thread Stats   Avg      Stdev     99%   +/- Stdev
    Latency     2.07ms    1.78ms   8.23ms   89.41%
    Req/Sec    16.47     39.80   181.00     83.98%
  Latency Distribution (HdrHistogram - Recorded Latency)
 50.000%    1.37ms
 75.000%    1.90ms
 90.000%    4.88ms
 99.000%    8.23ms
 99.900%   11.40ms
 99.990%   12.42ms
 99.999%   12.87ms
100.000%   12.87ms

  Detailed Percentile spectrum:
       Value   Percentile   TotalCount 1/(1-Percentile)

       0.815     0.000000            1         1.00
       1.139     0.100000          648         1.11
       1.188     0.200000         1301         1.25
       1.232     0.300000         1943         1.43
       1.288     0.400000         2588         1.67
       1.371     0.500000         3237         2.00
       1.455     0.550000         3557         2.22
       1.689     0.600000         3880         2.50
       1.775     0.650000         4204         2.86
       1.840     0.700000         4528         3.33
       1.897     0.750000         4856         4.00
       1.930     0.775000         5014         4.44
       1.965     0.800000         5173         5.00
       2.019     0.825000         5335         5.71
       2.099     0.850000         5500         6.67
       2.275     0.875000         5658         8.00
       2.775     0.887500         5739         8.89
       4.883     0.900000         5820        10.00
       5.983     0.912500         5901        11.43
       6.515     0.925000         5982        13.33
       6.995     0.937500         6062        16.00
       7.119     0.943750         6105        17.78
       7.203     0.950000         6144        20.00
       7.255     0.956250         6185        22.86
       7.339     0.962500         6224        26.67
       7.455     0.968750         6264        32.00
       7.507     0.971875         6285        35.56
       7.575     0.975000         6306        40.00
       7.647     0.978125         6325        45.71
       7.743     0.981250         6345        53.33
       7.871     0.984375         6365        64.00
       7.971     0.985938         6377        71.11
       8.099     0.987500         6386        80.00
       8.191     0.989062         6397        91.43
       8.279     0.990625         6406       106.67
       8.511     0.992188         6417       128.00
       8.551     0.992969         6421       142.22
       8.727     0.993750         6426       160.00
       8.975     0.994531         6431       182.86
       9.071     0.995313         6436       213.33
       9.191     0.996094         6441       256.00
       9.271     0.996484         6444       284.44
       9.335     0.996875         6446       320.00
       9.583     0.997266         6449       365.71
       9.775     0.997656         6451       426.67
      10.295     0.998047         6454       512.00
      10.567     0.998242         6455       568.89
      10.815     0.998437         6456       640.00
      11.151     0.998633         6458       731.43
      11.207     0.998828         6459       853.33
      11.399     0.999023         6460      1024.00
      11.647     0.999121         6461      1137.78
      11.647     0.999219         6461      1280.00
      11.927     0.999316         6462      1462.86
      11.951     0.999414         6463      1706.67
      11.951     0.999512         6463      2048.00
      11.999     0.999561         6464      2275.56
      11.999     0.999609         6464      2560.00
      11.999     0.999658         6464      2925.71
      12.423     0.999707         6465      3413.33
      12.423     0.999756         6465      4096.00
      12.423     0.999780         6465      4551.11
      12.423     0.999805         6465      5120.00
      12.423     0.999829         6465      5851.43
      12.871     0.999854         6466      6826.67
      12.871     1.000000         6466          inf
#[Mean    =        2.069, StdDeviation   =        1.784]
#[Max     =       12.864, Total count    =         6466]
#[Buckets =           27, SubBuckets     =         2048]
-----------------------------------------------------------------------
  7779 requests in 1.02m, 1.53MB read
  Non-2xx or 3xx responses: 791
Requests/sec:    127.29  
Transfer/sec:     25.61KB
AUTOTEST_DONE
