Running 1m test @ http://10.1.0.44:8080
  8 threads and 16 connections

  Thread calibration: mean lat.: 314.044ms, rate sampling interval: 1021ms
  Thread calibration: mean lat.: 523.265ms, rate sampling interval: 1569ms
  Thread calibration: mean lat.: 267.400ms, rate sampling interval: 1015ms
  Thread calibration: mean lat.: 357.594ms, rate sampling interval: 1198ms
  Thread calibration: mean lat.: 364.790ms, rate sampling interval: 1219ms
  Thread calibration: mean lat.: 424.406ms, rate sampling interval: 1426ms
  Thread calibration: mean lat.: 525.359ms, rate sampling interval: 1469ms
  Thread calibration: mean lat.: 306.735ms, rate sampling interval: 1149ms

-----------------------------------------------------------------------
Test Results @ http://10.1.0.44:8080 
  Thread Stats   Avg      Stdev     99%   +/- Stdev
    Latency   184.07ms  226.63ms 863.23ms   82.76%
    Req/Sec   257.14     21.89   305.00     82.87%
  Latency Distribution (HdrHistogram - Recorded Latency)
 50.000%   72.89ms
 75.000%  274.43ms
 90.000%  563.71ms
 99.000%  863.23ms
 99.900%  971.78ms
 99.990%    1.00s 
 99.999%    1.01s 
100.000%    1.01s 

  Detailed Percentile spectrum:
       Value   Percentile   TotalCount 1/(1-Percentile)

       1.093     0.000000            1         1.00
       8.027     0.100000        10504         1.11
      14.583     0.200000        21016         1.25
      25.071     0.300000        31511         1.43
      43.039     0.400000        42017         1.67
      72.895     0.500000        52525         2.00
      95.615     0.550000        57770         2.22
     126.591     0.600000        63018         2.50
     168.703     0.650000        68270         2.86
     218.495     0.700000        73522         3.33
     274.431     0.750000        78774         4.00
     311.295     0.775000        81404         4.44
     354.815     0.800000        84030         5.00
     403.967     0.825000        86653         5.71
     457.983     0.850000        89291         6.67
     507.903     0.875000        91905         8.00
     532.991     0.887500        93221         8.89
     563.711     0.900000        94531        10.00
     601.599     0.912500        95849        11.43
     638.463     0.925000        97160        13.33
     667.647     0.937500        98473        16.00
     680.447     0.943750        99141        17.78
     694.783     0.950000        99809        20.00
     708.095     0.956250       100448        22.86
     722.943     0.962500       101095        26.67
     741.375     0.968750       101753        32.00
     754.687     0.971875       102079        35.56
     770.047     0.975000       102411        40.00
     786.943     0.978125       102741        45.71
     801.791     0.981250       103066        53.33
     820.735     0.984375       103389        64.00
     831.999     0.985938       103557        71.11
     844.799     0.987500       103719        80.00
     856.063     0.989062       103884        91.43
     869.887     0.990625       104046       106.67
     883.711     0.992188       104215       128.00
     889.855     0.992969       104294       142.22
     897.023     0.993750       104376       160.00
     906.239     0.994531       104458       182.86
     913.407     0.995313       104540       213.33
     920.063     0.996094       104620       256.00
     924.159     0.996484       104664       284.44
     929.279     0.996875       104705       320.00
     935.935     0.997266       104744       365.71
     942.591     0.997656       104786       426.67
     951.807     0.998047       104825       512.00
     957.951     0.998242       104846       568.89
     963.071     0.998437       104868       640.00
     966.143     0.998633       104887       731.43
     969.727     0.998828       104912       853.33
     972.287     0.999023       104930      1024.00
     974.847     0.999121       104938      1137.78
     977.919     0.999219       104949      1280.00
     980.479     0.999316       104960      1462.86
     981.503     0.999414       104971      1706.67
     983.551     0.999512       104981      2048.00
     984.575     0.999561       104986      2275.56
     985.599     0.999609       104989      2560.00
     986.111     0.999658       104995      2925.71
     988.671     0.999707       105000      3413.33
     990.719     0.999756       105005      4096.00
     991.231     0.999780       105007      4551.11
     993.279     0.999805       105010      5120.00
     996.351     0.999829       105013      5851.43
     997.375     0.999854       105015      6826.67
    1001.471     0.999878       105018      8192.00
    1001.983     0.999890       105019      9102.22
    1003.007     0.999902       105020     10240.00
    1006.591     0.999915       105022     11702.86
    1007.103     0.999927       105025     13653.33
    1007.103     0.999939       105025     16384.00
    1007.103     0.999945       105025     18204.44
    1007.103     0.999951       105025     20480.00
    1008.127     0.999957       105026     23405.71
    1008.639     0.999963       105027     27306.67
    1008.639     0.999969       105027     32768.00
    1012.223     0.999973       105028     36408.89
    1012.223     0.999976       105028     40960.00
    1012.223     0.999979       105028     46811.43
    1013.759     0.999982       105029     54613.33
    1013.759     0.999985       105029     65536.00
    1013.759     0.999986       105029     72817.78
    1013.759     0.999988       105029     81920.00
    1013.759     0.999989       105029     93622.86
    1014.271     0.999991       105030    109226.67
    1014.271     1.000000       105030          inf
#[Mean    =      184.072, StdDeviation   =      226.627]
#[Max     =     1013.760, Total count    =       105030]
#[Buckets =           27, SubBuckets     =         2048]
-----------------------------------------------------------------------
  125010 requests in 1.02m, 24.54MB read
  Non-2xx or 3xx responses: 12356
Requests/sec:   2049.16  
Transfer/sec:    411.87KB
AUTOTEST_DONE
