Running 1m test @ http://10.1.0.44:8080
  8 threads and 16 connections

  Thread calibration: mean lat.: 3.126ms, rate sampling interval: 13ms
  Thread calibration: mean lat.: 3.222ms, rate sampling interval: 13ms
  Thread calibration: mean lat.: 3.210ms, rate sampling interval: 15ms
  Thread calibration: mean lat.: 3.116ms, rate sampling interval: 13ms
  Thread calibration: mean lat.: 3.021ms, rate sampling interval: 12ms
  Thread calibration: mean lat.: 3.234ms, rate sampling interval: 14ms
  Thread calibration: mean lat.: 3.321ms, rate sampling interval: 15ms
  Thread calibration: mean lat.: 3.144ms, rate sampling interval: 13ms

-----------------------------------------------------------------------
Test Results @ http://10.1.0.44:8080 
  Thread Stats   Avg      Stdev     99%   +/- Stdev
    Latency     3.09ms    2.34ms  11.70ms   87.07%
    Req/Sec    66.11     71.24   285.00     81.07%
  Latency Distribution (HdrHistogram - Recorded Latency)
 50.000%    2.20ms
 75.000%    3.16ms
 90.000%    7.03ms
 99.000%   11.70ms
 99.900%   16.56ms
 99.990%   19.14ms
 99.999%   22.54ms
100.000%   22.54ms

  Detailed Percentile spectrum:
       Value   Percentile   TotalCount 1/(1-Percentile)

       1.031     0.000000            1         1.00
       1.476     0.100000         2624         1.11
       1.640     0.200000         5226         1.25
       1.839     0.300000         7833         1.43
       2.033     0.400000        10459         1.67
       2.205     0.500000        13065         2.00
       2.317     0.550000        14360         2.22
       2.455     0.600000        15663         2.50
       2.629     0.650000        16973         2.86
       2.861     0.700000        18268         3.33
       3.165     0.750000        19573         4.00
       3.379     0.775000        20229         4.44
       3.627     0.800000        20874         5.00
       3.981     0.825000        21529         5.71
       4.567     0.850000        22181         6.67
       5.707     0.875000        22830         8.00
       6.395     0.887500        23156         8.89
       7.031     0.900000        23484        10.00
       7.403     0.912500        23809        11.43
       7.743     0.925000        24137        13.33
       8.063     0.937500        24463        16.00
       8.263     0.943750        24627        17.78
       8.495     0.950000        24789        20.00
       8.751     0.956250        24953        22.86
       9.023     0.962500        25114        26.67
       9.383     0.968750        25276        32.00
       9.591     0.971875        25360        35.56
       9.855     0.975000        25439        40.00
      10.151     0.978125        25522        45.71
      10.535     0.981250        25603        53.33
      10.823     0.984375        25685        64.00
      11.039     0.985938        25725        71.11
      11.303     0.987500        25766        80.00
      11.535     0.989062        25806        91.43
      11.799     0.990625        25847       106.67
      12.159     0.992188        25889       128.00
      12.327     0.992969        25908       142.22
      12.591     0.993750        25928       160.00
      12.911     0.994531        25949       182.86
      13.231     0.995313        25969       213.33
      13.807     0.996094        25990       256.00
      13.975     0.996484        26000       284.44
      14.311     0.996875        26010       320.00
      14.543     0.997266        26020       365.71
      15.015     0.997656        26031       426.67
      15.431     0.998047        26041       512.00
      15.671     0.998242        26046       568.89
      15.847     0.998437        26051       640.00
      16.015     0.998633        26056       731.43
      16.303     0.998828        26061       853.33
      16.575     0.999023        26066      1024.00
      16.655     0.999121        26069      1137.78
      16.703     0.999219        26071      1280.00
      16.831     0.999316        26074      1462.86
      17.359     0.999414        26076      1706.67
      17.679     0.999512        26079      2048.00
      17.775     0.999561        26080      2275.56
      18.175     0.999609        26081      2560.00
      18.271     0.999658        26083      2925.71
      18.351     0.999707        26084      3413.33
      18.399     0.999756        26085      4096.00
      18.655     0.999780        26086      4551.11
      18.655     0.999805        26086      5120.00
      18.847     0.999829        26087      5851.43
      19.135     0.999854        26088      6826.67
      19.135     0.999878        26088      8192.00
      20.287     0.999890        26089      9102.22
      20.287     0.999902        26089     10240.00
      20.287     0.999915        26089     11702.86
      21.343     0.999927        26090     13653.33
      21.343     0.999939        26090     16384.00
      21.343     0.999945        26090     18204.44
      21.343     0.999951        26090     20480.00
      21.343     0.999957        26090     23405.71
      22.543     0.999963        26091     27306.67
      22.543     1.000000        26091          inf
#[Mean    =        3.088, StdDeviation   =        2.341]
#[Max     =       22.528, Total count    =        26091]
#[Buckets =           27, SubBuckets     =         2048]
-----------------------------------------------------------------------
  31195 requests in 1.02m, 6.12MB read
  Non-2xx or 3xx responses: 3078
Requests/sec:    511.15  
Transfer/sec:    102.73KB
AUTOTEST_DONE
