Running 1m test @ http://10.1.0.44:8080
  8 threads and 16 connections

  Thread calibration: mean lat.: 2.515ms, rate sampling interval: 12ms
  Thread calibration: mean lat.: 2.417ms, rate sampling interval: 10ms
  Thread calibration: mean lat.: 2.647ms, rate sampling interval: 14ms
  Thread calibration: mean lat.: 2.404ms, rate sampling interval: 10ms
  Thread calibration: mean lat.: 2.251ms, rate sampling interval: 10ms
  Thread calibration: mean lat.: 2.448ms, rate sampling interval: 11ms
  Thread calibration: mean lat.: 2.339ms, rate sampling interval: 10ms
  Thread calibration: mean lat.: 2.670ms, rate sampling interval: 14ms

-----------------------------------------------------------------------
Test Results @ http://10.1.0.44:8080 
  Thread Stats   Avg      Stdev     99%   +/- Stdev
    Latency     2.46ms    1.86ms   8.73ms   89.11%
    Req/Sec    16.54     39.72   153.00     83.78%
  Latency Distribution (HdrHistogram - Recorded Latency)
 50.000%    1.78ms
 75.000%    2.27ms
 90.000%    5.63ms
 99.000%    8.73ms
 99.900%   11.88ms
 99.990%   15.47ms
 99.999%   16.29ms
100.000%   16.29ms

  Detailed Percentile spectrum:
       Value   Percentile   TotalCount 1/(1-Percentile)

       1.126     0.000000            1         1.00
       1.430     0.100000          652         1.11
       1.490     0.200000         1296         1.25
       1.551     0.300000         1944         1.43
       1.635     0.400000         2588         1.67
       1.781     0.500000         3233         2.00
       1.919     0.550000         3556         2.22
       2.049     0.600000         3879         2.50
       2.121     0.650000         4204         2.86
       2.189     0.700000         4528         3.33
       2.269     0.750000         4857         4.00
       2.315     0.775000         5015         4.44
       2.383     0.800000         5173         5.00
       2.477     0.825000         5334         5.71
       2.657     0.850000         5496         6.67
       3.177     0.875000         5657         8.00
       3.905     0.887500         5738         8.89
       5.631     0.900000         5819        10.00
       6.515     0.912500         5900        11.43
       7.107     0.925000         5981        13.33
       7.363     0.937500         6061        16.00
       7.479     0.943750         6104        17.78
       7.583     0.950000         6144        20.00
       7.683     0.956250         6184        22.86
       7.835     0.962500         6224        26.67
       7.939     0.968750         6263        32.00
       8.007     0.971875         6284        35.56
       8.075     0.975000         6304        40.00
       8.163     0.978125         6325        45.71
       8.271     0.981250         6345        53.33
       8.439     0.984375         6366        64.00
       8.487     0.985938         6375        71.11
       8.575     0.987500         6385        80.00
       8.711     0.989062         6395        91.43
       8.783     0.990625         6405       106.67
       9.087     0.992188         6415       128.00
       9.191     0.992969         6420       142.22
       9.423     0.993750         6425       160.00
       9.567     0.994531         6430       182.86
       9.879     0.995313         6435       213.33
      10.047     0.996094         6440       256.00
      10.239     0.996484         6443       284.44
      10.599     0.996875         6445       320.00
      10.767     0.997266         6448       365.71
      11.143     0.997656         6450       426.67
      11.263     0.998047         6453       512.00
      11.415     0.998242         6454       568.89
      11.471     0.998437         6455       640.00
      11.551     0.998633         6457       731.43
      11.615     0.998828         6458       853.33
      11.879     0.999023         6459      1024.00
      13.255     0.999121         6460      1137.78
      13.255     0.999219         6460      1280.00
      13.671     0.999316         6461      1462.86
      13.695     0.999414         6462      1706.67
      13.695     0.999512         6462      2048.00
      14.559     0.999561         6463      2275.56
      14.559     0.999609         6463      2560.00
      14.559     0.999658         6463      2925.71
      15.471     0.999707         6464      3413.33
      15.471     0.999756         6464      4096.00
      15.471     0.999780         6464      4551.11
      15.471     0.999805         6464      5120.00
      15.471     0.999829         6464      5851.43
      16.287     0.999854         6465      6826.67
      16.287     1.000000         6465          inf
#[Mean    =        2.464, StdDeviation   =        1.864]
#[Max     =       16.280, Total count    =         6465]
#[Buckets =           27, SubBuckets     =         2048]
-----------------------------------------------------------------------
  7778 requests in 1.02m, 1.53MB read
  Non-2xx or 3xx responses: 780
Requests/sec:    127.26  
Transfer/sec:     25.59KB
AUTOTEST_DONE
