Running 1m test @ http://10.1.0.44:8080
  8 threads and 16 connections

  Thread calibration: mean lat.: 6.593ms, rate sampling interval: 23ms
  Thread calibration: mean lat.: 9.335ms, rate sampling interval: 32ms
  Thread calibration: mean lat.: 8.336ms, rate sampling interval: 35ms
  Thread calibration: mean lat.: 8.789ms, rate sampling interval: 32ms
  Thread calibration: mean lat.: 7.267ms, rate sampling interval: 29ms
  Thread calibration: mean lat.: 7.694ms, rate sampling interval: 29ms
  Thread calibration: mean lat.: 8.874ms, rate sampling interval: 39ms
  Thread calibration: mean lat.: 9.276ms, rate sampling interval: 38ms

-----------------------------------------------------------------------
Test Results @ http://10.1.0.44:8080 
  Thread Stats   Avg      Stdev     99%   +/- Stdev
    Latency     9.66ms    7.88ms  37.69ms   74.56%
    Req/Sec     7.87     16.19    64.00     79.55%
  Latency Distribution (HdrHistogram - Recorded Latency)
 50.000%    7.84ms
 75.000%   12.98ms
 90.000%   19.89ms
 99.000%   37.69ms
 99.900%   48.83ms
 99.990%   58.78ms
 99.999%   58.78ms
100.000%   58.78ms

  Detailed Percentile spectrum:
       Value   Percentile   TotalCount 1/(1-Percentile)

       0.630     0.000000            1         1.00
       1.429     0.100000          323         1.11
       3.317     0.200000          645         1.25
       4.687     0.300000          967         1.43
       6.175     0.400000         1290         1.67
       7.839     0.500000         1613         2.00
       8.663     0.550000         1773         2.22
       9.655     0.600000         1934         2.50
      10.671     0.650000         2095         2.86
      11.823     0.700000         2258         3.33
      12.991     0.750000         2418         4.00
      13.839     0.775000         2499         4.44
      14.719     0.800000         2580         5.00
      15.671     0.825000         2659         5.71
      16.735     0.850000         2742         6.67
      18.063     0.875000         2822         8.00
      18.943     0.887500         2861         8.89
      19.887     0.900000         2901        10.00
      20.975     0.912500         2941        11.43
      22.319     0.925000         2982        13.33
      24.079     0.937500         3022        16.00
      24.719     0.943750         3042        17.78
      25.759     0.950000         3062        20.00
      26.815     0.956250         3082        22.86
      27.727     0.962500         3103        26.67
      28.847     0.968750         3123        32.00
      29.599     0.971875         3133        35.56
      30.463     0.975000         3143        40.00
      31.311     0.978125         3153        45.71
      32.351     0.981250         3163        53.33
      33.759     0.984375         3174        64.00
      34.495     0.985938         3178        71.11
      35.167     0.987500         3183        80.00
      36.415     0.989062         3188        91.43
      37.887     0.990625         3193       106.67
      38.559     0.992188         3198       128.00
      39.135     0.992969         3201       142.22
      39.807     0.993750         3203       160.00
      40.735     0.994531         3206       182.86
      40.927     0.995313         3208       213.33
      41.887     0.996094         3211       256.00
      41.919     0.996484         3212       284.44
      43.167     0.996875         3213       320.00
      44.447     0.997266         3215       365.71
      46.975     0.997656         3216       426.67
      47.167     0.998047         3217       512.00
      47.999     0.998242         3218       568.89
      47.999     0.998437         3218       640.00
      48.511     0.998633         3219       731.43
      48.831     0.998828         3220       853.33
      48.831     0.999023         3220      1024.00
      51.615     0.999121         3221      1137.78
      51.615     0.999219         3221      1280.00
      51.615     0.999316         3221      1462.86
      55.871     0.999414         3222      1706.67
      55.871     0.999512         3222      2048.00
      55.871     0.999561         3222      2275.56
      55.871     0.999609         3222      2560.00
      55.871     0.999658         3222      2925.71
      58.783     0.999707         3223      3413.33
      58.783     1.000000         3223          inf
#[Mean    =        9.664, StdDeviation   =        7.884]
#[Max     =       58.752, Total count    =         3223]
#[Buckets =           27, SubBuckets     =         2048]
-----------------------------------------------------------------------
  3914 requests in 1.02m, 786.44KB read
  Non-2xx or 3xx responses: 383
Requests/sec:     63.86  
Transfer/sec:     12.83KB
AUTOTEST_DONE
