Running 1m test @ http://10.1.0.44:8080
  8 threads and 16 connections

  Thread calibration: mean lat.: 2.300ms, rate sampling interval: 10ms
  Thread calibration: mean lat.: 2.316ms, rate sampling interval: 10ms
  Thread calibration: mean lat.: 2.246ms, rate sampling interval: 10ms
  Thread calibration: mean lat.: 2.380ms, rate sampling interval: 10ms
  Thread calibration: mean lat.: 2.264ms, rate sampling interval: 10ms
  Thread calibration: mean lat.: 2.297ms, rate sampling interval: 10ms
  Thread calibration: mean lat.: 2.270ms, rate sampling interval: 10ms
  Thread calibration: mean lat.: 2.248ms, rate sampling interval: 10ms

-----------------------------------------------------------------------
Test Results @ http://10.1.0.44:8080 
  Thread Stats   Avg      Stdev     99%   +/- Stdev
    Latency     2.32ms    1.48ms   7.24ms   84.76%
    Req/Sec   270.68    165.74   700.00     63.94%
  Latency Distribution (HdrHistogram - Recorded Latency)
 50.000%    1.81ms
 75.000%    2.63ms
 90.000%    4.32ms
 99.000%    7.24ms
 99.900%   10.32ms
 99.990%   29.74ms
 99.999%   61.89ms
100.000%   62.72ms

  Detailed Percentile spectrum:
       Value   Percentile   TotalCount 1/(1-Percentile)

       0.781     0.000000            1         1.00
       1.243     0.100000        10506         1.11
       1.340     0.200000        21018         1.25
       1.443     0.300000        31467         1.43
       1.597     0.400000        41963         1.67
       1.814     0.500000        52425         2.00
       1.910     0.550000        57646         2.22
       2.016     0.600000        62882         2.50
       2.145     0.650000        68186         2.86
       2.331     0.700000        73380         3.33
       2.627     0.750000        78610         4.00
       2.859     0.775000        81232         4.44
       3.149     0.800000        83846         5.00
       3.487     0.825000        86467         5.71
       3.829     0.850000        89094         6.67
       4.075     0.875000        91702         8.00
       4.191     0.887500        93026         8.89
       4.315     0.900000        94344        10.00
       4.455     0.912500        95647        11.43
       4.619     0.925000        96939        13.33
       4.843     0.937500        98254        16.00
       4.975     0.943750        98918        17.78
       5.123     0.950000        99564        20.00
       5.291     0.956250       100223        22.86
       5.495     0.962500       100883        26.67
       5.739     0.968750       101533        32.00
       5.867     0.971875       101857        35.56
       6.019     0.975000       102186        40.00
       6.183     0.978125       102511        45.71
       6.395     0.981250       102835        53.33
       6.643     0.984375       103165        64.00
       6.787     0.985938       103327        71.11
       6.951     0.987500       103489        80.00
       7.123     0.989062       103652        91.43
       7.319     0.990625       103816       106.67
       7.623     0.992188       103981       128.00
       7.755     0.992969       104062       142.22
       7.915     0.993750       104147       160.00
       8.063     0.994531       104226       182.86
       8.295     0.995313       104307       213.33
       8.527     0.996094       104389       256.00
       8.663     0.996484       104431       284.44
       8.823     0.996875       104473       320.00
       9.023     0.997266       104514       365.71
       9.167     0.997656       104553       426.67
       9.367     0.998047       104594       512.00
       9.575     0.998242       104615       568.89
       9.687     0.998437       104635       640.00
       9.951     0.998633       104655       731.43
      10.151     0.998828       104677       853.33
      10.367     0.999023       104696      1024.00
      10.463     0.999121       104706      1137.78
      10.767     0.999219       104718      1280.00
      10.959     0.999316       104727      1462.86
      11.183     0.999414       104737      1706.67
      11.767     0.999512       104747      2048.00
      11.951     0.999561       104752      2275.56
      12.287     0.999609       104758      2560.00
      12.575     0.999658       104763      2925.71
      13.183     0.999707       104768      3413.33
      14.919     0.999756       104773      4096.00
      15.527     0.999780       104775      4551.11
      18.031     0.999805       104778      5120.00
      22.415     0.999829       104781      5851.43
      24.287     0.999854       104783      6826.67
      25.951     0.999878       104786      8192.00
      29.039     0.999890       104787      9102.22
      29.743     0.999902       104788     10240.00
      32.799     0.999915       104790     11702.86
      36.863     0.999927       104791     13653.33
      58.303     0.999939       104792     16384.00
      59.519     0.999945       104793     18204.44
      59.519     0.999951       104793     20480.00
      60.127     0.999957       104794     23405.71
      61.119     0.999963       104795     27306.67
      61.119     0.999969       104795     32768.00
      61.535     0.999973       104796     36408.89
      61.535     0.999976       104796     40960.00
      61.535     0.999979       104796     46811.43
      61.887     0.999982       104797     54613.33
      61.887     0.999985       104797     65536.00
      61.887     0.999986       104797     72817.78
      61.887     0.999988       104797     81920.00
      61.887     0.999989       104797     93622.86
      62.719     0.999991       104798    109226.67
      62.719     1.000000       104798          inf
#[Mean    =        2.318, StdDeviation   =        1.481]
#[Max     =       62.688, Total count    =       104798]
#[Buckets =           27, SubBuckets     =         2048]
-----------------------------------------------------------------------
  125069 requests in 1.02m, 24.56MB read
  Non-2xx or 3xx responses: 12587
Requests/sec:   2050.26  
Transfer/sec:    412.34KB
AUTOTEST_DONE
