Running 1m test @ http://10.1.0.44:8080
  8 threads and 16 connections

  Thread calibration: mean lat.: 14.896ms, rate sampling interval: 61ms
  Thread calibration: mean lat.: 13.622ms, rate sampling interval: 53ms
  Thread calibration: mean lat.: 13.943ms, rate sampling interval: 58ms
  Thread calibration: mean lat.: 13.587ms, rate sampling interval: 58ms
  Thread calibration: mean lat.: 13.910ms, rate sampling interval: 53ms
  Thread calibration: mean lat.: 15.843ms, rate sampling interval: 71ms
  Thread calibration: mean lat.: 14.287ms, rate sampling interval: 59ms
  Thread calibration: mean lat.: 13.775ms, rate sampling interval: 55ms

-----------------------------------------------------------------------
Test Results @ http://10.1.0.44:8080 
  Thread Stats   Avg      Stdev     99%   +/- Stdev
    Latency    10.88ms    8.98ms  40.42ms   78.84%
    Req/Sec    31.65     23.56    96.00     70.48%
  Latency Distribution (HdrHistogram - Recorded Latency)
 50.000%    8.82ms
 75.000%   14.69ms
 90.000%   21.58ms
 99.000%   40.42ms
 99.900%   72.45ms
 99.990%  154.62ms
 99.999%  154.88ms
100.000%  154.88ms

  Detailed Percentile spectrum:
       Value   Percentile   TotalCount 1/(1-Percentile)

       0.569     0.000000            2         1.00
       2.197     0.100000         1299         1.11
       4.043     0.200000         2595         1.25
       5.587     0.300000         3890         1.43
       7.075     0.400000         5187         1.67
       8.823     0.500000         6487         2.00
       9.831     0.550000         7130         2.22
      10.871     0.600000         7783         2.50
      11.943     0.650000         8432         2.86
      13.199     0.700000         9075         3.33
      14.695     0.750000         9724         4.00
      15.375     0.775000        10047         4.44
      16.167     0.800000        10372         5.00
      17.167     0.825000        10696         5.71
      18.559     0.850000        11018         6.67
      19.823     0.875000        11345         8.00
      20.639     0.887500        11505         8.89
      21.583     0.900000        11667        10.00
      22.479     0.912500        11832        11.43
      23.631     0.925000        11993        13.33
      24.815     0.937500        12152        16.00
      25.663     0.943750        12235        17.78
      26.399     0.950000        12314        20.00
      27.599     0.956250        12398        22.86
      28.847     0.962500        12476        26.67
      30.495     0.968750        12557        32.00
      31.151     0.971875        12600        35.56
      32.239     0.975000        12638        40.00
      34.047     0.978125        12679        45.71
      35.615     0.981250        12719        53.33
      37.215     0.984375        12760        64.00
      37.823     0.985938        12780        71.11
      38.751     0.987500        12800        80.00
      39.743     0.989062        12821        91.43
      40.895     0.990625        12842       106.67
      42.975     0.992188        12861       128.00
      45.151     0.992969        12871       142.22
      46.783     0.993750        12881       160.00
      48.927     0.994531        12892       182.86
      51.007     0.995313        12902       213.33
      53.503     0.996094        12912       256.00
      54.655     0.996484        12917       284.44
      58.079     0.996875        12922       320.00
      59.455     0.997266        12927       365.71
      61.567     0.997656        12932       426.67
      65.983     0.998047        12937       512.00
      66.623     0.998242        12940       568.89
      68.735     0.998437        12942       640.00
      69.567     0.998633        12945       731.43
      71.039     0.998828        12947       853.33
      72.831     0.999023        12950      1024.00
      74.111     0.999121        12951      1137.78
      77.375     0.999219        12952      1280.00
      87.423     0.999316        12954      1462.86
      93.311     0.999414        12955      1706.67
      96.703     0.999512        12956      2048.00
     103.423     0.999561        12957      2275.56
     103.423     0.999609        12957      2560.00
     105.599     0.999658        12958      2925.71
     109.631     0.999707        12959      3413.33
     109.631     0.999756        12959      4096.00
     137.727     0.999780        12960      4551.11
     137.727     0.999805        12960      5120.00
     137.727     0.999829        12960      5851.43
     154.623     0.999854        12961      6826.67
     154.623     0.999878        12961      8192.00
     154.623     0.999890        12961      9102.22
     154.623     0.999902        12961     10240.00
     154.623     0.999915        12961     11702.86
     154.879     0.999927        12962     13653.33
     154.879     1.000000        12962          inf
#[Mean    =       10.879, StdDeviation   =        8.981]
#[Max     =      154.752, Total count    =        12962]
#[Buckets =           27, SubBuckets     =         2048]
-----------------------------------------------------------------------
  15551 requests in 1.02m, 3.05MB read
  Non-2xx or 3xx responses: 1573
Requests/sec:    254.74  
Transfer/sec:     51.24KB
AUTOTEST_DONE
