Running 1m test @ http://10.1.0.44:8080
  8 threads and 16 connections

  Thread calibration: mean lat.: 841.985ms, rate sampling interval: 3305ms
  Thread calibration: mean lat.: 1173.844ms, rate sampling interval: 4100ms
  Thread calibration: mean lat.: 1137.957ms, rate sampling interval: 3831ms
  Thread calibration: mean lat.: 1132.878ms, rate sampling interval: 3862ms
  Thread calibration: mean lat.: 1239.546ms, rate sampling interval: 4308ms
  Thread calibration: mean lat.: 1161.493ms, rate sampling interval: 3919ms
  Thread calibration: mean lat.: 1104.496ms, rate sampling interval: 3627ms
  Thread calibration: mean lat.: 1080.355ms, rate sampling interval: 3733ms

-----------------------------------------------------------------------
Test Results @ http://10.1.0.44:8080 
  Thread Stats   Avg      Stdev     99%   +/- Stdev
    Latency     7.29s     3.78s   17.27s    67.31%
    Req/Sec   361.81     75.87   446.00     69.23%
  Latency Distribution (HdrHistogram - Recorded Latency)
 50.000%    6.80s 
 75.000%    8.78s 
 90.000%   13.35s 
 99.000%   17.27s 
 99.900%   18.07s 
 99.990%   18.22s 
 99.999%   18.28s 
100.000%   18.30s 

  Detailed Percentile spectrum:
       Value   Percentile   TotalCount 1/(1-Percentile)

    1589.247     0.000000            2         1.00
    3067.903     0.100000        14685         1.11
    3788.799     0.200000        29329         1.25
    4653.055     0.300000        43964         1.43
    5902.335     0.400000        58648         1.67
    6799.359     0.500000        73298         2.00
    7217.151     0.550000        80620         2.22
    7602.175     0.600000        87954         2.50
    7958.527     0.650000        95301         2.86
    8335.359     0.700000       102588         3.33
    8781.823     0.750000       109921         4.00
    9158.655     0.775000       113595         4.44
    9904.127     0.800000       117247         5.00
   10723.327     0.825000       120918         5.71
   11567.103     0.850000       124568         6.67
   12443.647     0.875000       128231         8.00
   12877.823     0.887500       130070         8.89
   13352.959     0.900000       131905        10.00
   13811.711     0.912500       133716        11.43
   14270.463     0.925000       135558        13.33
   14811.135     0.937500       137390        16.00
   15089.663     0.943750       138313        17.78
   15409.151     0.950000       139215        20.00
   15712.255     0.956250       140135        22.86
   16031.743     0.962500       141066        26.67
   16285.695     0.968750       141963        32.00
   16408.575     0.971875       142419        35.56
   16523.263     0.975000       142875        40.00
   16662.527     0.978125       143360        45.71
   16809.983     0.981250       143813        53.33
   16973.823     0.984375       144271        64.00
   17055.743     0.985938       144520        71.11
   17121.279     0.987500       144713        80.00
   17219.583     0.989062       144973        91.43
   17317.887     0.990625       145208       106.67
   17416.191     0.992188       145409       128.00
   17481.727     0.992969       145519       142.22
   17547.263     0.993750       145656       160.00
   17596.415     0.994531       145746       182.86
   17645.567     0.995313       145861       213.33
   17727.487     0.996094       145994       256.00
   17743.871     0.996484       146038       284.44
   17776.639     0.996875       146085       320.00
   17825.791     0.997266       146148       365.71
   17874.943     0.997656       146194       426.67
   17940.479     0.998047       146275       512.00
   17956.863     0.998242       146296       568.89
   17973.247     0.998437       146311       640.00
   18006.015     0.998633       146346       731.43
   18055.167     0.998828       146385       853.33
   18071.551     0.999023       146409      1024.00
   18071.551     0.999121       146409      1137.78
   18087.935     0.999219       146431      1280.00
   18104.319     0.999316       146444      1462.86
   18120.703     0.999414       146459      1706.67
   18137.087     0.999512       146480      2048.00
   18137.087     0.999561       146480      2275.56
   18137.087     0.999609       146480      2560.00
   18153.471     0.999658       146502      2925.71
   18153.471     0.999707       146502      3413.33
   18153.471     0.999756       146502      4096.00
   18169.855     0.999780       146514      4551.11
   18169.855     0.999805       146514      5120.00
   18169.855     0.999829       146514      5851.43
   18186.239     0.999854       146519      6826.67
   18202.623     0.999878       146521      8192.00
   18202.623     0.999890       146521      9102.22
   18219.007     0.999902       146524     10240.00
   18235.391     0.999915       146527     11702.86
   18235.391     0.999927       146527     13653.33
   18251.775     0.999939       146530     16384.00
   18251.775     0.999945       146530     18204.44
   18251.775     0.999951       146530     20480.00
   18268.159     0.999957       146532     23405.71
   18268.159     0.999963       146532     27306.67
   18284.543     0.999969       146536     32768.00
   18284.543     0.999973       146536     36408.89
   18284.543     0.999976       146536     40960.00
   18284.543     0.999979       146536     46811.43
   18284.543     0.999982       146536     54613.33
   18284.543     0.999985       146536     65536.00
   18284.543     0.999986       146536     72817.78
   18284.543     0.999988       146536     81920.00
   18284.543     0.999989       146536     93622.86
   18284.543     0.999991       146536    109226.67
   18284.543     0.999992       146536    131072.00
   18284.543     0.999993       146536    145635.56
   18300.927     0.999994       146537    163840.00
   18300.927     1.000000       146537          inf
#[Mean    =     7292.128, StdDeviation   =     3780.387]
#[Max     =    18284.544, Total count    =       146537]
#[Buckets =           27, SubBuckets     =         2048]
-----------------------------------------------------------------------
  178527 requests in 1.02m, 35.04MB read
  Non-2xx or 3xx responses: 17674
Requests/sec:   2926.68  
Transfer/sec:    588.28KB
AUTOTEST_DONE
