/nix/store/2vwkssqpzykk37r996cafq7x63imf4sp-openjdk-21+35/bin/java  -classpath /nix/store/zw02np72fzsmga6s5mphhw7x8qlzf4sv-ycsb-0.17.0/share/conf:/nix/store/zw02np72fzsmga6s5mphhw7x8qlzf4sv-ycsb-0.17.0/share/lib/core-0.17.0.jar:/nix/store/zw02np72fzsmga6s5mphhw7x8qlzf4sv-ycsb-0.17.0/share/lib/HdrHistogram-2.1.4.jar:/nix/store/zw02np72fzsmga6s5mphhw7x8qlzf4sv-ycsb-0.17.0/share/lib/htrace-core4-4.1.0-incubating.jar:/nix/store/zw02np72fzsmga6s5mphhw7x8qlzf4sv-ycsb-0.17.0/share/lib/jackson-core-asl-1.9.4.jar:/nix/store/zw02np72fzsmga6s5mphhw7x8qlzf4sv-ycsb-0.17.0/share/lib/jackson-mapper-asl-1.9.4.jar:/nix/store/zw02np72fzsmga6s5mphhw7x8qlzf4sv-ycsb-0.17.0/share/redis-binding/lib/commons-pool2-2.4.2.jar:/nix/store/zw02np72fzsmga6s5mphhw7x8qlzf4sv-ycsb-0.17.0/share/redis-binding/lib/jedis-2.9.0.jar:/nix/store/zw02np72fzsmga6s5mphhw7x8qlzf4sv-ycsb-0.17.0/share/redis-binding/lib/redis-binding-0.17.0.jar site.ycsb.Client -t -db site.ycsb.db.RedisClient -s -P /home/host/vmuxIO/test/moonprogs//../../ycsb/share/workloads/workloada -p redis.host=10.1.0.2 -p redis.port=6379 -p operationcount=429496729 -p maxexecutiontime=61 -threads 1
Command line: -t -db site.ycsb.db.RedisClient -s -P /home/host/vmuxIO/test/moonprogs//../../ycsb/share/workloads/workloada -p redis.host=10.1.0.2 -p redis.port=6379 -p operationcount=429496729 -p maxexecutiontime=61 -threads 1
YCSB Client 0.17.0

Loading workload...
Starting test.
Maximum execution time specified as: 61 secs
DBWrapper: report latency for each error is false and specific error codes to track for latency are: []
2024-10-03 03:11:39:338 0 sec: 0 operations; est completion in 0 second 
2024-10-03 03:11:49:183 10 sec: 11794 operations; 1179.4 current ops/sec; est completion in 4 days 5 hours [READ: Count=5918, Max=46687, Min=225, Avg=816.3, 90=1313, 99=4403, 99.9=6027, 99.99=12175] [UPDATE: Count=5881, Max=9487, Min=235, Avg=824.63, 90=1338, 99=4471, 99.9=5955, 99.99=7047] 
2024-10-03 03:11:59:183 20 sec: 19859 operations; 806.5 current ops/sec; est completion in 5 days [READ: Count=4035, Max=11039, Min=251, Avg=1238.15, 90=1773, 99=4731, 99.9=5743, 99.99=11039] [UPDATE: Count=4025, Max=7487, Min=241, Avg=1225.41, 90=1734, 99=4687, 99.9=5523, 99.99=7487] 
2024-10-03 03:12:09:183 30 sec: 28113 operations; 825.4 current ops/sec; est completion in 5 days 7 hours [READ: Count=4130, Max=9527, Min=256, Avg=1218.48, 90=1779, 99=2433, 99.9=5539, 99.99=9527] [UPDATE: Count=4124, Max=8011, Min=247, Avg=1195.27, 90=1727, 99=2355, 99.9=5291, 99.99=8011] 
2024-10-03 03:12:19:183 40 sec: 36443 operations; 833 current ops/sec; est completion in 5 days 10 hours [READ: Count=4171, Max=10527, Min=263, Avg=1196.73, 90=1754, 99=2279, 99.9=4999, 99.99=10527] [UPDATE: Count=4159, Max=6035, Min=265, Avg=1194.27, 90=1751, 99=2303, 99.9=4057, 99.99=6035] 
2024-10-03 03:12:29:183 50 sec: 44663 operations; 822 current ops/sec; est completion in 5 days 13 hours [READ: Count=4055, Max=9631, Min=255, Avg=1218.64, 90=1782, 99=2391, 99.9=3857, 99.99=9631] [UPDATE: Count=4165, Max=4831, Min=212, Avg=1205.2, 90=1778, 99=2383, 99.9=4255, 99.99=4831] 
2024-10-03 03:12:39:182 60 sec: 52952 operations; 828.9 current ops/sec; est completion in 5 days 15 hours [READ: Count=4133, Max=5467, Min=247, Avg=1200.92, 90=1757, 99=2325, 99.9=4207, 99.99=5467] [UPDATE: Count=4156, Max=11071, Min=253, Avg=1202.11, 90=1772, 99=2439, 99.9=4323, 99.99=11071] 
Maximum time elapsed. Requesting stop for the workload.
Stop requested for workload. Now Joining!
2024-10-03 03:12:40:198 61 sec: 53776 operations; 811.02 current ops/sec; est completion in 5 days 15 hours [READ: Count=415, Max=5239, Min=365, Avg=1234.06, 90=1849, 99=2701, 99.9=5239, 99.99=5239] [CLEANUP: Count=1, Max=1495, Min=1495, Avg=1495, 90=1495, 99=1495, 99.9=1495, 99.99=1495] [UPDATE: Count=409, Max=8343, Min=279, Avg=1197.88, 90=1722, 99=2389, 99.9=8343, 99.99=8343] 
[OVERALL], RunTime(ms), 61020
[OVERALL], Throughput(ops/sec), 881.2848246476565
[TOTAL_GCS_Copy], Count, 5
[TOTAL_GC_TIME_Copy], Time(ms), 17
[TOTAL_GC_TIME_%_Copy], Time(%), 0.027859718125204852
[TOTAL_GCS_MarkSweepCompact], Count, 0
[TOTAL_GC_TIME_MarkSweepCompact], Time(ms), 0
[TOTAL_GC_TIME_%_MarkSweepCompact], Time(%), 0.0
[TOTAL_GCs], Count, 5
[TOTAL_GC_TIME], Time(ms), 17
[TOTAL_GC_TIME_%], Time(%), 0.027859718125204852
[READ], Operations, 26857
[READ], AverageLatency(us), 1126.9997393603157
[READ], MinLatency(us), 225
[READ], MaxLatency(us), 46687
[READ], 95thPercentileLatency(us), 1974
[READ], 99thPercentileLatency(us), 3903
[READ], Return=OK, 26857
[CLEANUP], Operations, 1
[CLEANUP], AverageLatency(us), 1495.0
[CLEANUP], MinLatency(us), 1495
[CLEANUP], MaxLatency(us), 1495
[CLEANUP], 95thPercentileLatency(us), 1495
[CLEANUP], 99thPercentileLatency(us), 1495
[UPDATE], Operations, 26919
[UPDATE], AverageLatency(us), 1121.28110256696
[UPDATE], MinLatency(us), 212
[UPDATE], MaxLatency(us), 11071
[UPDATE], 95thPercentileLatency(us), 1956
[UPDATE], 99thPercentileLatency(us), 3847
[UPDATE], Return=OK, 26919
AUTOTEST_DONE
