/nix/store/2vwkssqpzykk37r996cafq7x63imf4sp-openjdk-21+35/bin/java  -classpath /nix/store/zw02np72fzsmga6s5mphhw7x8qlzf4sv-ycsb-0.17.0/share/conf:/nix/store/zw02np72fzsmga6s5mphhw7x8qlzf4sv-ycsb-0.17.0/share/lib/core-0.17.0.jar:/nix/store/zw02np72fzsmga6s5mphhw7x8qlzf4sv-ycsb-0.17.0/share/lib/HdrHistogram-2.1.4.jar:/nix/store/zw02np72fzsmga6s5mphhw7x8qlzf4sv-ycsb-0.17.0/share/lib/htrace-core4-4.1.0-incubating.jar:/nix/store/zw02np72fzsmga6s5mphhw7x8qlzf4sv-ycsb-0.17.0/share/lib/jackson-core-asl-1.9.4.jar:/nix/store/zw02np72fzsmga6s5mphhw7x8qlzf4sv-ycsb-0.17.0/share/lib/jackson-mapper-asl-1.9.4.jar:/nix/store/zw02np72fzsmga6s5mphhw7x8qlzf4sv-ycsb-0.17.0/share/redis-binding/lib/commons-pool2-2.4.2.jar:/nix/store/zw02np72fzsmga6s5mphhw7x8qlzf4sv-ycsb-0.17.0/share/redis-binding/lib/jedis-2.9.0.jar:/nix/store/zw02np72fzsmga6s5mphhw7x8qlzf4sv-ycsb-0.17.0/share/redis-binding/lib/redis-binding-0.17.0.jar site.ycsb.Client -t -db site.ycsb.db.RedisClient -s -P /home/host/vmuxIO/test/moonprogs//../../ycsb/share/workloads/workloada -p redis.host=10.1.0.2 -p redis.port=6390 -p operationcount=429496729 -p maxexecutiontime=61 -threads 1
Command line: -t -db site.ycsb.db.RedisClient -s -P /home/host/vmuxIO/test/moonprogs//../../ycsb/share/workloads/workloada -p redis.host=10.1.0.2 -p redis.port=6390 -p operationcount=429496729 -p maxexecutiontime=61 -threads 1
YCSB Client 0.17.0

Loading workload...
Starting test.
Maximum execution time specified as: 61 secs
DBWrapper: report latency for each error is false and specific error codes to track for latency are: []
2024-08-21 19:16:39:501 0 sec: 0 operations; est completion in 0 second [UPDATE: Count=1, Max=29951, Min=29936, Avg=29944, 90=29951, 99=29951, 99.9=29951, 99.99=29951] 
2024-08-21 19:16:49:275 10 sec: 7541 operations; 754.02 current ops/sec; est completion in 6 days 14 hours [READ: Count=3766, Max=32687, Min=377, Avg=1265.07, 90=1707, 99=4703, 99.9=6327, 99.99=32687] [UPDATE: Count=3775, Max=15247, Min=284, Avg=1281.34, 90=1771, 99=4871, 99.9=7943, 99.99=15247] 
2024-08-21 19:16:59:274 20 sec: 15343 operations; 780.2 current ops/sec; est completion in 6 days 11 hours [READ: Count=3960, Max=10991, Min=349, Avg=1272.86, 90=1707, 99=3665, 99.9=5659, 99.99=10991] [UPDATE: Count=3841, Max=6419, Min=308, Avg=1275.96, 90=1715, 99=4155, 99.9=5623, 99.99=6419] 
2024-08-21 19:17:09:274 30 sec: 23276 operations; 793.3 current ops/sec; est completion in 6 days 9 hours [READ: Count=3947, Max=7235, Min=335, Avg=1259.8, 90=1692, 99=2229, 99.9=4963, 99.99=7235] [UPDATE: Count=3986, Max=12111, Min=334, Avg=1249.66, 90=1697, 99=2229, 99.9=5463, 99.99=12111] 
2024-08-21 19:17:19:274 40 sec: 31402 operations; 812.6 current ops/sec; est completion in 6 days 7 hours [READ: Count=4102, Max=5355, Min=288, Avg=1236.41, 90=1689, 99=2197, 99.9=4089, 99.99=5355] [UPDATE: Count=4024, Max=9383, Min=291, Avg=1213.89, 90=1660, 99=2111, 99.9=2853, 99.99=9383] 
2024-08-21 19:17:29:274 50 sec: 39654 operations; 825.2 current ops/sec; est completion in 6 days 6 hours [READ: Count=4110, Max=8927, Min=304, Avg=1216.49, 90=1654, 99=2221, 99.9=4013, 99.99=8927] [UPDATE: Count=4142, Max=5651, Min=292, Avg=1197.49, 90=1654, 99=2261, 99.9=4731, 99.99=5651] 
2024-08-21 19:17:39:274 60 sec: 48985 operations; 933.1 current ops/sec; est completion in 6 days 2 hours [READ: Count=4626, Max=5303, Min=281, Avg=1067.62, 90=1533, 99=2103, 99.9=3575, 99.99=5303] [UPDATE: Count=4705, Max=9135, Min=269, Avg=1066.24, 90=1524, 99=2117, 99.9=3763, 99.99=9135] 
Maximum time elapsed. Requesting stop for the workload.
Stop requested for workload. Now Joining!
2024-08-21 19:17:40:283 61 sec: 50624 operations; 1624.38 current ops/sec; est completion in 5 days 23 hours [READ: Count=818, Max=4579, Min=225, Avg=605.78, 90=756, 99=939, 99.9=3995, 99.99=4579] [CLEANUP: Count=1, Max=1304, Min=1304, Avg=1304, 90=1304, 99=1304, 99.9=1304, 99.99=1304] [UPDATE: Count=821, Max=5919, Min=235, Avg=612.87, 90=759, 99=976, 99.9=4155, 99.99=5919] 
[OVERALL], RunTime(ms), 61014
[OVERALL], Throughput(ops/sec), 829.7112138197791
[TOTAL_GCS_Copy], Count, 5
[TOTAL_GC_TIME_Copy], Time(ms), 19
[TOTAL_GC_TIME_%_Copy], Time(%), 0.031140394007932604
[TOTAL_GCS_MarkSweepCompact], Count, 0
[TOTAL_GC_TIME_MarkSweepCompact], Time(ms), 0
[TOTAL_GC_TIME_%_MarkSweepCompact], Time(%), 0.0
[TOTAL_GCs], Count, 5
[TOTAL_GC_TIME], Time(ms), 19
[TOTAL_GC_TIME_%], Time(%), 0.031140394007932604
[READ], Operations, 25329
[READ], AverageLatency(us), 1195.5890876070907
[READ], MinLatency(us), 225
[READ], MaxLatency(us), 32687
[READ], 95thPercentileLatency(us), 1844
[READ], 99thPercentileLatency(us), 2509
[READ], Return=OK, 25329
[CLEANUP], Operations, 1
[CLEANUP], AverageLatency(us), 1304.0
[CLEANUP], MinLatency(us), 1304
[CLEANUP], MaxLatency(us), 1304
[CLEANUP], 95thPercentileLatency(us), 1304
[CLEANUP], 99thPercentileLatency(us), 1304
[UPDATE], Operations, 25295
[UPDATE], AverageLatency(us), 1190.4971733544178
[UPDATE], MinLatency(us), 235
[UPDATE], MaxLatency(us), 29951
[UPDATE], 95thPercentileLatency(us), 1848
[UPDATE], 99thPercentileLatency(us), 2693
[UPDATE], Return=OK, 25295
AUTOTEST_DONE
