/nix/store/2vwkssqpzykk37r996cafq7x63imf4sp-openjdk-21+35/bin/java  -classpath /nix/store/zw02np72fzsmga6s5mphhw7x8qlzf4sv-ycsb-0.17.0/share/conf:/nix/store/zw02np72fzsmga6s5mphhw7x8qlzf4sv-ycsb-0.17.0/share/lib/core-0.17.0.jar:/nix/store/zw02np72fzsmga6s5mphhw7x8qlzf4sv-ycsb-0.17.0/share/lib/HdrHistogram-2.1.4.jar:/nix/store/zw02np72fzsmga6s5mphhw7x8qlzf4sv-ycsb-0.17.0/share/lib/htrace-core4-4.1.0-incubating.jar:/nix/store/zw02np72fzsmga6s5mphhw7x8qlzf4sv-ycsb-0.17.0/share/lib/jackson-core-asl-1.9.4.jar:/nix/store/zw02np72fzsmga6s5mphhw7x8qlzf4sv-ycsb-0.17.0/share/lib/jackson-mapper-asl-1.9.4.jar:/nix/store/zw02np72fzsmga6s5mphhw7x8qlzf4sv-ycsb-0.17.0/share/redis-binding/lib/commons-pool2-2.4.2.jar:/nix/store/zw02np72fzsmga6s5mphhw7x8qlzf4sv-ycsb-0.17.0/share/redis-binding/lib/jedis-2.9.0.jar:/nix/store/zw02np72fzsmga6s5mphhw7x8qlzf4sv-ycsb-0.17.0/share/redis-binding/lib/redis-binding-0.17.0.jar site.ycsb.Client -t -db site.ycsb.db.RedisClient -s -P /home/host/vmuxIO/test/moonprogs//../../ycsb/share/workloads/workloada -p redis.host=10.1.0.2 -p redis.port=6384 -p operationcount=429496729 -p maxexecutiontime=61 -threads 1
Command line: -t -db site.ycsb.db.RedisClient -s -P /home/host/vmuxIO/test/moonprogs//../../ycsb/share/workloads/workloada -p redis.host=10.1.0.2 -p redis.port=6384 -p operationcount=429496729 -p maxexecutiontime=61 -threads 1
YCSB Client 0.17.0

Loading workload...
Starting test.
Maximum execution time specified as: 61 secs
DBWrapper: report latency for each error is false and specific error codes to track for latency are: []
2024-08-21 19:16:41:775 0 sec: 0 operations; est completion in 0 second 
2024-08-21 19:16:51:544 10 sec: 6832 operations; 683.13 current ops/sec; est completion in 7 days 6 hours [READ: Count=3410, Max=60191, Min=322, Avg=1417.68, 90=1834, 99=4923, 99.9=6627, 99.99=60191] [UPDATE: Count=3429, Max=11207, Min=382, Avg=1398.84, 90=1849, 99=4955, 99.9=7071, 99.99=11207] 
2024-08-21 19:17:01:544 20 sec: 14303 operations; 747.17 current ops/sec; est completion in 6 days 22 hours [READ: Count=3777, Max=11167, Min=303, Avg=1337.37, 90=1769, 99=4711, 99.9=5755, 99.99=11167] [UPDATE: Count=3687, Max=8035, Min=280, Avg=1321.75, 90=1758, 99=4647, 99.9=5695, 99.99=8035] 
2024-08-21 19:17:11:544 30 sec: 22175 operations; 787.12 current ops/sec; est completion in 6 days 17 hours [READ: Count=3982, Max=8087, Min=283, Avg=1266.52, 90=1714, 99=2253, 99.9=5047, 99.99=8087] [UPDATE: Count=3890, Max=13503, Min=258, Avg=1264.06, 90=1707, 99=2229, 99.9=5039, 99.99=13503] 
2024-08-21 19:17:21:544 40 sec: 30257 operations; 808.28 current ops/sec; est completion in 6 days 13 hours [READ: Count=4032, Max=4319, Min=283, Avg=1234.48, 90=1663, 99=2119, 99.9=2683, 99.99=4319] [UPDATE: Count=4050, Max=12431, Min=278, Avg=1228.81, 90=1668, 99=2187, 99.9=4455, 99.99=12431] 
2024-08-21 19:17:31:544 50 sec: 38264 operations; 800.62 current ops/sec; est completion in 6 days 11 hours [READ: Count=3969, Max=7311, Min=362, Avg=1249.2, 90=1683, 99=2283, 99.9=3539, 99.99=7311] [UPDATE: Count=4038, Max=9015, Min=265, Avg=1237.11, 90=1679, 99=2259, 99.9=4979, 99.99=9015] 
2024-08-21 19:17:41:544 60 sec: 49102 operations; 1083.8 current ops/sec; est completion in 6 days 1 hour [READ: Count=5352, Max=4727, Min=269, Avg=919.81, 90=1417, 99=1970, 99.9=3831, 99.99=4591] [UPDATE: Count=5486, Max=10071, Min=261, Avg=916.88, 90=1411, 99=1971, 99.9=4251, 99.99=6719] 
Maximum time elapsed. Requesting stop for the workload.
Stop requested for workload. Now Joining!
2024-08-21 19:17:42:560 61 sec: 50944 operations; 1812.99 current ops/sec; est completion in 5 days 22 hours [READ: Count=943, Max=4427, Min=201, Avg=551.85, 90=671, 99=817, 99.9=3267, 99.99=4427] [CLEANUP: Count=1, Max=1144, Min=1144, Avg=1144, 90=1144, 99=1144, 99.9=1144, 99.99=1144] [UPDATE: Count=899, Max=8903, Min=212, Avg=542.05, 90=654, 99=763, 99.9=3269, 99.99=8903] 
[OVERALL], RunTime(ms), 61024
[OVERALL], Throughput(ops/sec), 834.8190875721028
[TOTAL_GCS_Copy], Count, 5
[TOTAL_GC_TIME_Copy], Time(ms), 14
[TOTAL_GC_TIME_%_Copy], Time(%), 0.022941793392763504
[TOTAL_GCS_MarkSweepCompact], Count, 0
[TOTAL_GC_TIME_MarkSweepCompact], Time(ms), 0
[TOTAL_GC_TIME_%_MarkSweepCompact], Time(%), 0.0
[TOTAL_GCs], Count, 5
[TOTAL_GC_TIME], Time(ms), 14
[TOTAL_GC_TIME_%], Time(%), 0.022941793392763504
[READ], Operations, 25465
[READ], AverageLatency(us), 1190.1650500687217
[READ], MinLatency(us), 201
[READ], MaxLatency(us), 60191
[READ], 95thPercentileLatency(us), 1860
[READ], 99thPercentileLatency(us), 2721
[READ], Return=OK, 25465
[CLEANUP], Operations, 1
[CLEANUP], AverageLatency(us), 1144.0
[CLEANUP], MinLatency(us), 1144
[CLEANUP], MaxLatency(us), 1144
[CLEANUP], 95thPercentileLatency(us), 1144
[CLEANUP], 99thPercentileLatency(us), 1144
[UPDATE], Operations, 25479
[UPDATE], AverageLatency(us), 1180.4470348129832
[UPDATE], MinLatency(us), 212
[UPDATE], MaxLatency(us), 13503
[UPDATE], 95thPercentileLatency(us), 1856
[UPDATE], 99thPercentileLatency(us), 2959
[UPDATE], Return=OK, 25479
AUTOTEST_DONE
