/nix/store/2vwkssqpzykk37r996cafq7x63imf4sp-openjdk-21+35/bin/java  -classpath /nix/store/zw02np72fzsmga6s5mphhw7x8qlzf4sv-ycsb-0.17.0/share/conf:/nix/store/zw02np72fzsmga6s5mphhw7x8qlzf4sv-ycsb-0.17.0/share/lib/core-0.17.0.jar:/nix/store/zw02np72fzsmga6s5mphhw7x8qlzf4sv-ycsb-0.17.0/share/lib/HdrHistogram-2.1.4.jar:/nix/store/zw02np72fzsmga6s5mphhw7x8qlzf4sv-ycsb-0.17.0/share/lib/htrace-core4-4.1.0-incubating.jar:/nix/store/zw02np72fzsmga6s5mphhw7x8qlzf4sv-ycsb-0.17.0/share/lib/jackson-core-asl-1.9.4.jar:/nix/store/zw02np72fzsmga6s5mphhw7x8qlzf4sv-ycsb-0.17.0/share/lib/jackson-mapper-asl-1.9.4.jar:/nix/store/zw02np72fzsmga6s5mphhw7x8qlzf4sv-ycsb-0.17.0/share/redis-binding/lib/commons-pool2-2.4.2.jar:/nix/store/zw02np72fzsmga6s5mphhw7x8qlzf4sv-ycsb-0.17.0/share/redis-binding/lib/jedis-2.9.0.jar:/nix/store/zw02np72fzsmga6s5mphhw7x8qlzf4sv-ycsb-0.17.0/share/redis-binding/lib/redis-binding-0.17.0.jar site.ycsb.Client -t -db site.ycsb.db.RedisClient -s -P /home/host/vmuxIO/test/moonprogs//../../ycsb/share/workloads/workloada -p redis.host=10.1.0.2 -p redis.port=6379 -p operationcount=429496729 -p maxexecutiontime=61 -threads 1
Command line: -t -db site.ycsb.db.RedisClient -s -P /home/host/vmuxIO/test/moonprogs//../../ycsb/share/workloads/workloada -p redis.host=10.1.0.2 -p redis.port=6379 -p operationcount=429496729 -p maxexecutiontime=61 -threads 1
YCSB Client 0.17.0

Loading workload...
Starting test.
Maximum execution time specified as: 61 secs
DBWrapper: report latency for each error is false and specific error codes to track for latency are: []
2024-10-03 03:11:39:492 0 sec: 0 operations; est completion in 0 second 
2024-10-03 03:11:49:278 10 sec: 11541 operations; 1154.1 current ops/sec; est completion in 4 days 7 hours [READ: Count=5742, Max=58783, Min=229, Avg=836.81, 90=1358, 99=4419, 99.9=5827, 99.99=8027] [UPDATE: Count=5801, Max=7379, Min=241, Avg=830.25, 90=1384, 99=4391, 99.9=5903, 99.99=7287] 
2024-10-03 03:11:59:278 20 sec: 19306 operations; 776.5 current ops/sec; est completion in 5 days 3 hours [READ: Count=3914, Max=15919, Min=271, Avg=1269.28, 90=1794, 99=4791, 99.9=6147, 99.99=15919] [UPDATE: Count=3849, Max=9047, Min=294, Avg=1294.85, 90=1842, 99=4939, 99.9=5699, 99.99=9047] 
2024-10-03 03:12:09:278 30 sec: 27435 operations; 812.9 current ops/sec; est completion in 5 days 10 hours [READ: Count=4081, Max=12927, Min=225, Avg=1225.63, 90=1779, 99=2391, 99.9=5331, 99.99=12927] [UPDATE: Count=4048, Max=8343, Min=269, Avg=1222.48, 90=1763, 99=2397, 99.9=4847, 99.99=8343] 
2024-10-03 03:12:19:278 40 sec: 35569 operations; 813.4 current ops/sec; est completion in 5 days 14 hours [READ: Count=4169, Max=9839, Min=267, Avg=1224.18, 90=1793, 99=2399, 99.9=3253, 99.99=9839] [UPDATE: Count=3965, Max=5579, Min=252, Avg=1224.13, 90=1787, 99=2331, 99.9=4819, 99.99=5579] 
2024-10-03 03:12:29:278 50 sec: 43664 operations; 809.42 current ops/sec; est completion in 5 days 16 hours [READ: Count=4133, Max=9375, Min=234, Avg=1225.75, 90=1808, 99=2409, 99.9=4215, 99.99=9375] [UPDATE: Count=3962, Max=6051, Min=286, Avg=1235.59, 90=1816, 99=2461, 99.9=4519, 99.99=6051] 
2024-10-03 03:12:39:278 60 sec: 51901 operations; 823.7 current ops/sec; est completion in 5 days 17 hours [READ: Count=4107, Max=5739, Min=265, Avg=1206.21, 90=1768, 99=2373, 99.9=4503, 99.99=5739] [UPDATE: Count=4130, Max=9343, Min=258, Avg=1211.36, 90=1762, 99=2313, 99.9=4827, 99.99=9343] 
Maximum time elapsed. Requesting stop for the workload.
Stop requested for workload. Now Joining!
2024-10-03 03:12:40:290 61 sec: 52692 operations; 782.39 current ops/sec; est completion in 5 days 18 hours [READ: Count=382, Max=2775, Min=356, Avg=1249.2, 90=1807, 99=2373, 99.9=2775, 99.99=2775] [CLEANUP: Count=1, Max=1355, Min=1355, Avg=1355, 90=1355, 99=1355, 99.9=1355, 99.99=1355] [UPDATE: Count=409, Max=8775, Min=381, Avg=1289.49, 90=1829, 99=2719, 99.9=8775, 99.99=8775] 
[OVERALL], RunTime(ms), 61021
[OVERALL], Throughput(ops/sec), 863.5060061290376
[TOTAL_GCS_Copy], Count, 5
[TOTAL_GC_TIME_Copy], Time(ms), 16
[TOTAL_GC_TIME_%_Copy], Time(%), 0.026220481473591063
[TOTAL_GCS_MarkSweepCompact], Count, 0
[TOTAL_GC_TIME_MarkSweepCompact], Time(ms), 0
[TOTAL_GC_TIME_%_MarkSweepCompact], Time(%), 0.0
[TOTAL_GCs], Count, 5
[TOTAL_GC_TIME], Time(ms), 16
[TOTAL_GC_TIME_%], Time(%), 0.026220481473591063
[READ], Operations, 26528
[READ], AverageLatency(us), 1145.032984016888
[READ], MinLatency(us), 225
[READ], MaxLatency(us), 58783
[READ], 95thPercentileLatency(us), 1985
[READ], 99thPercentileLatency(us), 3825
[READ], Return=OK, 26528
[CLEANUP], Operations, 1
[CLEANUP], AverageLatency(us), 1355.0
[CLEANUP], MinLatency(us), 1355
[CLEANUP], MaxLatency(us), 1355
[CLEANUP], 95thPercentileLatency(us), 1355
[CLEANUP], 99thPercentileLatency(us), 1355
[UPDATE], Operations, 26164
[UPDATE], AverageLatency(us), 1147.691025837028
[UPDATE], MinLatency(us), 241
[UPDATE], MaxLatency(us), 9343
[UPDATE], 95thPercentileLatency(us), 2001
[UPDATE], 99thPercentileLatency(us), 3929
[UPDATE], Return=OK, 26164
AUTOTEST_DONE
