/nix/store/2vwkssqpzykk37r996cafq7x63imf4sp-openjdk-21+35/bin/java  -classpath /nix/store/zw02np72fzsmga6s5mphhw7x8qlzf4sv-ycsb-0.17.0/share/conf:/nix/store/zw02np72fzsmga6s5mphhw7x8qlzf4sv-ycsb-0.17.0/share/lib/core-0.17.0.jar:/nix/store/zw02np72fzsmga6s5mphhw7x8qlzf4sv-ycsb-0.17.0/share/lib/HdrHistogram-2.1.4.jar:/nix/store/zw02np72fzsmga6s5mphhw7x8qlzf4sv-ycsb-0.17.0/share/lib/htrace-core4-4.1.0-incubating.jar:/nix/store/zw02np72fzsmga6s5mphhw7x8qlzf4sv-ycsb-0.17.0/share/lib/jackson-core-asl-1.9.4.jar:/nix/store/zw02np72fzsmga6s5mphhw7x8qlzf4sv-ycsb-0.17.0/share/lib/jackson-mapper-asl-1.9.4.jar:/nix/store/zw02np72fzsmga6s5mphhw7x8qlzf4sv-ycsb-0.17.0/share/redis-binding/lib/commons-pool2-2.4.2.jar:/nix/store/zw02np72fzsmga6s5mphhw7x8qlzf4sv-ycsb-0.17.0/share/redis-binding/lib/jedis-2.9.0.jar:/nix/store/zw02np72fzsmga6s5mphhw7x8qlzf4sv-ycsb-0.17.0/share/redis-binding/lib/redis-binding-0.17.0.jar site.ycsb.Client -t -db site.ycsb.db.RedisClient -s -P /home/host/vmuxIO/test/moonprogs//../../ycsb/share/workloads/workloada -p redis.host=10.1.0.2 -p redis.port=6379 -p operationcount=429496729 -p maxexecutiontime=61 -threads 1
Command line: -t -db site.ycsb.db.RedisClient -s -P /home/host/vmuxIO/test/moonprogs//../../ycsb/share/workloads/workloada -p redis.host=10.1.0.2 -p redis.port=6379 -p operationcount=429496729 -p maxexecutiontime=61 -threads 1
YCSB Client 0.17.0

Loading workload...
Starting test.
Maximum execution time specified as: 61 secs
DBWrapper: report latency for each error is false and specific error codes to track for latency are: []
2024-10-03 03:11:39:086 0 sec: 0 operations; est completion in 0 second 
2024-10-03 03:11:48:883 10 sec: 12077 operations; 1207.7 current ops/sec; est completion in 4 days 2 hours [READ: Count=5980, Max=59007, Min=236, Avg=804.68, 90=1276, 99=4479, 99.9=7007, 99.99=11727] [UPDATE: Count=6102, Max=7219, Min=236, Avg=793.48, 90=1299, 99=4447, 99.9=5963, 99.99=6987] 
2024-10-03 03:11:58:883 20 sec: 20174 operations; 809.7 current ops/sec; est completion in 4 days 22 hours [READ: Count=3992, Max=9863, Min=263, Avg=1217.15, 90=1731, 99=4707, 99.9=5703, 99.99=9863] [UPDATE: Count=4100, Max=11551, Min=273, Avg=1237.88, 90=1752, 99=4739, 99.9=6543, 99.99=11551] 
2024-10-03 03:12:08:883 30 sec: 28742 operations; 856.8 current ops/sec; est completion in 5 days 4 hours [READ: Count=4274, Max=11647, Min=286, Avg=1160.16, 90=1686, 99=2281, 99.9=5051, 99.99=11647] [UPDATE: Count=4294, Max=5915, Min=238, Avg=1163.96, 90=1698, 99=2457, 99.9=5311, 99.99=5915] 
2024-10-03 03:12:18:883 40 sec: 37243 operations; 850.1 current ops/sec; est completion in 5 days 8 hours [READ: Count=4221, Max=6891, Min=263, Avg=1171.36, 90=1720, 99=2247, 99.9=4307, 99.99=6891] [UPDATE: Count=4280, Max=7575, Min=256, Avg=1169.68, 90=1734, 99=2279, 99.9=4579, 99.99=7575] 
2024-10-03 03:12:28:884 50 sec: 45723 operations; 848 current ops/sec; est completion in 5 days 10 hours [READ: Count=4166, Max=7771, Min=227, Avg=1168.15, 90=1705, 99=2425, 99.9=4455, 99.99=7771] [UPDATE: Count=4314, Max=8999, Min=225, Avg=1180.5, 90=1760, 99=2399, 99.9=4595, 99.99=8999] 
2024-10-03 03:12:38:884 60 sec: 54147 operations; 842.4 current ops/sec; est completion in 5 days 12 hours [READ: Count=4189, Max=9511, Min=262, Avg=1180.29, 90=1742, 99=2397, 99.9=4763, 99.99=9511] [UPDATE: Count=4235, Max=4675, Min=243, Avg=1183.92, 90=1755, 99=2357, 99.9=3257, 99.99=4675] 
Maximum time elapsed. Requesting stop for the workload.
Stop requested for workload. Now Joining!
2024-10-03 03:12:39:898 61 sec: 54975 operations; 815.76 current ops/sec; est completion in 5 days 12 hours [READ: Count=400, Max=5351, Min=219, Avg=1154.07, 90=1670, 99=2473, 99.9=5351, 99.99=5351] [CLEANUP: Count=1, Max=1619, Min=1619, Avg=1619, 90=1619, 99=1619, 99.9=1619, 99.99=1619] [UPDATE: Count=428, Max=10479, Min=219, Avg=1277.18, 90=1779, 99=3607, 99.9=10479, 99.99=10479] 
[OVERALL], RunTime(ms), 61020
[OVERALL], Throughput(ops/sec), 900.9341199606687
[TOTAL_GCS_Copy], Count, 5
[TOTAL_GC_TIME_Copy], Time(ms), 16
[TOTAL_GC_TIME_%_Copy], Time(%), 0.02622091117666339
[TOTAL_GCS_MarkSweepCompact], Count, 0
[TOTAL_GC_TIME_MarkSweepCompact], Time(ms), 0
[TOTAL_GC_TIME_%_MarkSweepCompact], Time(%), 0.0
[TOTAL_GCs], Count, 5
[TOTAL_GC_TIME], Time(ms), 16
[TOTAL_GC_TIME_%], Time(%), 0.02622091117666339
[READ], Operations, 27222
[READ], AverageLatency(us), 1096.393835868048
[READ], MinLatency(us), 219
[READ], MaxLatency(us), 59007
[READ], 95thPercentileLatency(us), 1921
[READ], 99thPercentileLatency(us), 3607
[READ], Return=OK, 27222
[CLEANUP], Operations, 1
[CLEANUP], AverageLatency(us), 1619.0
[CLEANUP], MinLatency(us), 1619
[CLEANUP], MaxLatency(us), 1619
[CLEANUP], 95thPercentileLatency(us), 1619
[CLEANUP], 99thPercentileLatency(us), 1619
[UPDATE], Operations, 27753
[UPDATE], AverageLatency(us), 1101.6689366915289
[UPDATE], MinLatency(us), 219
[UPDATE], MaxLatency(us), 11551
[UPDATE], 95thPercentileLatency(us), 1956
[UPDATE], 99thPercentileLatency(us), 3859
[UPDATE], Return=OK, 27753
AUTOTEST_DONE
