/nix/store/2vwkssqpzykk37r996cafq7x63imf4sp-openjdk-21+35/bin/java  -classpath /nix/store/zw02np72fzsmga6s5mphhw7x8qlzf4sv-ycsb-0.17.0/share/conf:/nix/store/zw02np72fzsmga6s5mphhw7x8qlzf4sv-ycsb-0.17.0/share/lib/core-0.17.0.jar:/nix/store/zw02np72fzsmga6s5mphhw7x8qlzf4sv-ycsb-0.17.0/share/lib/HdrHistogram-2.1.4.jar:/nix/store/zw02np72fzsmga6s5mphhw7x8qlzf4sv-ycsb-0.17.0/share/lib/htrace-core4-4.1.0-incubating.jar:/nix/store/zw02np72fzsmga6s5mphhw7x8qlzf4sv-ycsb-0.17.0/share/lib/jackson-core-asl-1.9.4.jar:/nix/store/zw02np72fzsmga6s5mphhw7x8qlzf4sv-ycsb-0.17.0/share/lib/jackson-mapper-asl-1.9.4.jar:/nix/store/zw02np72fzsmga6s5mphhw7x8qlzf4sv-ycsb-0.17.0/share/redis-binding/lib/commons-pool2-2.4.2.jar:/nix/store/zw02np72fzsmga6s5mphhw7x8qlzf4sv-ycsb-0.17.0/share/redis-binding/lib/jedis-2.9.0.jar:/nix/store/zw02np72fzsmga6s5mphhw7x8qlzf4sv-ycsb-0.17.0/share/redis-binding/lib/redis-binding-0.17.0.jar site.ycsb.Client -t -db site.ycsb.db.RedisClient -s -P /home/host/vmuxIO/test/moonprogs//../../ycsb/share/workloads/workloada -p redis.host=10.1.0.2 -p redis.port=6380 -p operationcount=429496729 -p maxexecutiontime=61 -threads 1
Command line: -t -db site.ycsb.db.RedisClient -s -P /home/host/vmuxIO/test/moonprogs//../../ycsb/share/workloads/workloada -p redis.host=10.1.0.2 -p redis.port=6380 -p operationcount=429496729 -p maxexecutiontime=61 -threads 1
YCSB Client 0.17.0

Loading workload...
Starting test.
Maximum execution time specified as: 61 secs
DBWrapper: report latency for each error is false and specific error codes to track for latency are: []
2025-04-18 12:49:31:069 0 sec: 0 operations; est completion in 0 second 
2025-04-18 12:49:40:926 10 sec: 84777 operations; 8477.7 current ops/sec; est completion in 14 hours 4 minutes [READ: Count=42436, Max=45919, Min=77, Avg=112.87, 90=130, 99=245, 99.9=2025, 99.99=3909] [UPDATE: Count=42345, Max=10015, Min=77, Avg=112.33, 90=131, 99=250, 99.9=1987, 99.99=4531] 
2025-04-18 12:49:50:926 20 sec: 178073 operations; 9329.6 current ops/sec; est completion in 13 hours 23 minutes [READ: Count=46616, Max=10047, Min=77, Avg=106.46, 90=135, 99=213, 99.9=359, 99.99=1252] [UPDATE: Count=46676, Max=4095, Min=77, Avg=104.33, 90=133, 99=215, 99.9=353, 99.99=1268] 
2025-04-18 12:50:00:926 30 sec: 272483 operations; 9441 current ops/sec; est completion in 13 hours 7 minutes [READ: Count=46980, Max=4979, Min=77, Avg=105.41, 90=132, 99=196, 99.9=447, 99.99=2117] [UPDATE: Count=47430, Max=3985, Min=75, Avg=103.25, 90=131, 99=190, 99.9=414, 99.99=2075] 
2025-04-18 12:50:10:926 40 sec: 372677 operations; 10019.4 current ops/sec; est completion in 12 hours 47 minutes [READ: Count=49886, Max=2075, Min=76, Avg=99.14, 90=110, 99=159, 99.9=250, 99.99=715] [UPDATE: Count=50308, Max=7355, Min=73, Avg=97.33, 90=108, 99=155, 99.9=246, 99.99=1017] 
2025-04-18 12:50:20:926 50 sec: 468190 operations; 9551.3 current ops/sec; est completion in 12 hours 43 minutes [READ: Count=47614, Max=2079, Min=77, Avg=103.94, 90=119, 99=218, 99.9=344, 99.99=715] [UPDATE: Count=47899, Max=6435, Min=75, Avg=102.1, 90=117, 99=218, 99.9=359, 99.99=2044] 
2025-04-18 12:50:30:926 60 sec: 568918 operations; 10072.8 current ops/sec; est completion in 12 hours 33 minutes [READ: Count=50299, Max=2319, Min=74, Avg=98.61, 90=110, 99=156, 99.9=282, 99.99=1196] [UPDATE: Count=50429, Max=3475, Min=73, Avg=96.78, 90=108, 99=154, 99.9=269, 99.99=532] 
Maximum time elapsed. Requesting stop for the workload.
Stop requested for workload. Now Joining!
2025-04-18 12:50:31:931 61 sec: 578889 operations; 9931.27 current ops/sec; est completion in 12 hours 33 minutes [READ: Count=4966, Max=3385, Min=79, Avg=99.68, 90=110, 99=154, 99.9=295, 99.99=3385] [CLEANUP: Count=1, Max=1181, Min=1181, Avg=1181, 90=1181, 99=1181, 99.9=1181, 99.99=1181] [UPDATE: Count=5005, Max=2049, Min=78, Avg=97.37, 90=108, 99=152, 99.9=268, 99.99=389] 
[OVERALL], RunTime(ms), 61009
[OVERALL], Throughput(ops/sec), 9488.583651592387
[TOTAL_GCS_Copy], Count, 53
[TOTAL_GC_TIME_Copy], Time(ms), 21
[TOTAL_GC_TIME_%_Copy], Time(%), 0.0344211509777246
[TOTAL_GCS_MarkSweepCompact], Count, 0
[TOTAL_GC_TIME_MarkSweepCompact], Time(ms), 0
[TOTAL_GC_TIME_%_MarkSweepCompact], Time(%), 0.0
[TOTAL_GCs], Count, 53
[TOTAL_GC_TIME], Time(ms), 21
[TOTAL_GC_TIME_%], Time(%), 0.0344211509777246
[READ], Operations, 288797
[READ], AverageLatency(us), 104.06945363005849
[READ], MinLatency(us), 74
[READ], MaxLatency(us), 45919
[READ], 95thPercentileLatency(us), 143
[READ], 99thPercentileLatency(us), 202
[READ], Return=OK, 288797
[CLEANUP], Operations, 1
[CLEANUP], AverageLatency(us), 1181.0
[CLEANUP], MinLatency(us), 1181
[CLEANUP], MaxLatency(us), 1181
[CLEANUP], 95thPercentileLatency(us), 1181
[CLEANUP], 99thPercentileLatency(us), 1181
[UPDATE], Operations, 290092
[UPDATE], AverageLatency(us), 102.30433793417261
[UPDATE], MinLatency(us), 73
[UPDATE], MaxLatency(us), 10015
[UPDATE], 95thPercentileLatency(us), 142
[UPDATE], 99thPercentileLatency(us), 202
[UPDATE], Return=OK, 290092
AUTOTEST_DONE
