/nix/store/2vwkssqpzykk37r996cafq7x63imf4sp-openjdk-21+35/bin/java  -classpath /nix/store/zw02np72fzsmga6s5mphhw7x8qlzf4sv-ycsb-0.17.0/share/conf:/nix/store/zw02np72fzsmga6s5mphhw7x8qlzf4sv-ycsb-0.17.0/share/lib/core-0.17.0.jar:/nix/store/zw02np72fzsmga6s5mphhw7x8qlzf4sv-ycsb-0.17.0/share/lib/HdrHistogram-2.1.4.jar:/nix/store/zw02np72fzsmga6s5mphhw7x8qlzf4sv-ycsb-0.17.0/share/lib/htrace-core4-4.1.0-incubating.jar:/nix/store/zw02np72fzsmga6s5mphhw7x8qlzf4sv-ycsb-0.17.0/share/lib/jackson-core-asl-1.9.4.jar:/nix/store/zw02np72fzsmga6s5mphhw7x8qlzf4sv-ycsb-0.17.0/share/lib/jackson-mapper-asl-1.9.4.jar:/nix/store/zw02np72fzsmga6s5mphhw7x8qlzf4sv-ycsb-0.17.0/share/redis-binding/lib/commons-pool2-2.4.2.jar:/nix/store/zw02np72fzsmga6s5mphhw7x8qlzf4sv-ycsb-0.17.0/share/redis-binding/lib/jedis-2.9.0.jar:/nix/store/zw02np72fzsmga6s5mphhw7x8qlzf4sv-ycsb-0.17.0/share/redis-binding/lib/redis-binding-0.17.0.jar site.ycsb.Client -t -db site.ycsb.db.RedisClient -s -P /home/host/vmuxIO/test/moonprogs//../../ycsb/share/workloads/workloada -p redis.host=10.1.0.2 -p redis.port=6381 -p operationcount=429496729 -p maxexecutiontime=61 -threads 1
Command line: -t -db site.ycsb.db.RedisClient -s -P /home/host/vmuxIO/test/moonprogs//../../ycsb/share/workloads/workloada -p redis.host=10.1.0.2 -p redis.port=6381 -p operationcount=429496729 -p maxexecutiontime=61 -threads 1
YCSB Client 0.17.0

Loading workload...
Starting test.
Maximum execution time specified as: 61 secs
DBWrapper: report latency for each error is false and specific error codes to track for latency are: []
2025-04-18 12:49:30:917 0 sec: 0 operations; est completion in 0 second 
2025-04-18 12:49:40:764 10 sec: 79013 operations; 7901.3 current ops/sec; est completion in 15 hours 5 minutes [READ: Count=39351, Max=47103, Min=78, Avg=122.35, 90=146, 99=261, 99.9=3001, 99.99=4073] [UPDATE: Count=39667, Max=4575, Min=73, Avg=119.8, 90=148, 99=260, 99.9=2757, 99.99=3921] 
2025-04-18 12:49:50:765 20 sec: 172550 operations; 9353.7 current ops/sec; est completion in 13 hours 49 minutes [READ: Count=46473, Max=7727, Min=78, Avg=105.87, 90=121, 99=231, 99.9=382, 99.99=900] [UPDATE: Count=47059, Max=4085, Min=76, Avg=104.21, 90=119, 99=227, 99.9=355, 99.99=1743] 
2025-04-18 12:50:00:764 30 sec: 269388 operations; 9683.8 current ops/sec; est completion in 13 hours 16 minutes [READ: Count=48718, Max=7559, Min=75, Avg=102.52, 90=118, 99=170, 99.9=288, 99.99=1554] [UPDATE: Count=48120, Max=2293, Min=75, Avg=100.73, 90=117, 99=168, 99.9=278, 99.99=654] 
2025-04-18 12:50:10:764 40 sec: 366564 operations; 9717.6 current ops/sec; est completion in 13 hours [READ: Count=48668, Max=2207, Min=77, Avg=101.79, 90=117, 99=163, 99.9=233, 99.99=429] [UPDATE: Count=48508, Max=9471, Min=74, Avg=100.82, 90=117, 99=166, 99.9=214, 99.99=2065] 
2025-04-18 12:50:20:765 50 sec: 460697 operations; 9413.3 current ops/sec; est completion in 12 hours 56 minutes [READ: Count=46994, Max=2327, Min=78, Avg=105.41, 90=132, 99=221, 99.9=360, 99.99=771] [UPDATE: Count=47139, Max=4367, Min=76, Avg=103.7, 90=132, 99=215, 99.9=342, 99.99=531] 
2025-04-18 12:50:30:764 60 sec: 555643 operations; 9494.6 current ops/sec; est completion in 12 hours 51 minutes [READ: Count=47781, Max=4827, Min=79, Avg=104.42, 90=121, 99=206, 99.9=324, 99.99=556] [UPDATE: Count=47165, Max=2279, Min=75, Avg=102.91, 90=119, 99=209, 99.9=305, 99.99=386] 
Maximum time elapsed. Requesting stop for the workload.
Stop requested for workload. Now Joining!
2025-04-18 12:50:31:772 61 sec: 565030 operations; 9321.75 current ops/sec; est completion in 12 hours 51 minutes [READ: Count=4773, Max=543, Min=79, Avg=105.6, 90=127, 99=238, 99.9=268, 99.99=543] [CLEANUP: Count=1, Max=1129, Min=1129, Avg=1129, 90=1129, 99=1129, 99.9=1129, 99.99=1129] [UPDATE: Count=4614, Max=2905, Min=76, Avg=105.27, 90=128, 99=219, 99.9=365, 99.99=2905] 
[OVERALL], RunTime(ms), 61012
[OVERALL], Throughput(ops/sec), 9260.965056054547
[TOTAL_GCS_Copy], Count, 52
[TOTAL_GC_TIME_Copy], Time(ms), 23
[TOTAL_GC_TIME_%_Copy], Time(%), 0.03769750213072838
[TOTAL_GCS_MarkSweepCompact], Count, 0
[TOTAL_GC_TIME_MarkSweepCompact], Time(ms), 0
[TOTAL_GC_TIME_%_MarkSweepCompact], Time(%), 0.0
[TOTAL_GCs], Count, 52
[TOTAL_GC_TIME], Time(ms), 23
[TOTAL_GC_TIME_%], Time(%), 0.03769750213072838
[READ], Operations, 282758
[READ], AverageLatency(us), 106.55873927528134
[READ], MinLatency(us), 75
[READ], MaxLatency(us), 47103
[READ], 95thPercentileLatency(us), 149
[READ], 99thPercentileLatency(us), 211
[READ], Return=OK, 282758
[CLEANUP], Operations, 1
[CLEANUP], AverageLatency(us), 1129.0
[CLEANUP], MinLatency(us), 1129
[CLEANUP], MaxLatency(us), 1129
[CLEANUP], 95thPercentileLatency(us), 1129
[CLEANUP], 99thPercentileLatency(us), 1129
[UPDATE], Operations, 282272
[UPDATE], AverageLatency(us), 104.94098245663757
[UPDATE], MinLatency(us), 73
[UPDATE], MaxLatency(us), 9471
[UPDATE], 95thPercentileLatency(us), 148
[UPDATE], 99thPercentileLatency(us), 209
[UPDATE], Return=OK, 282272
AUTOTEST_DONE
