[1;37m[INFO]  Initializing DPDK. This will take a few seconds...[0m
EAL: Probing VFIO support...
EAL: PCI device 0000:20:00.0 on NUMA socket 0
EAL:   probe driver: 8086:1521 net_e1000_igb
EAL: PCI device 0000:20:00.1 on NUMA socket 0
EAL:   probe driver: 8086:1521 net_e1000_igb
EAL: PCI device 0000:b0:00.0 on NUMA socket 1
EAL:   probe driver: 8086:10fb net_ixgbe
[1;37m[INFO]  Found 2 usable devices:[0m
   Device 0: 08:9E:01:9B:21:1F ([0;32mIntel Corporation I350 Gigabit Network Connection[0m)
   Device 1: 64:9D:99:B1:0B:62 ([0;32mIntel Corporation 82599ES 10-Gigabit SFI/SFP+ Network Connection[0m)
PMD: ixgbe_dev_link_status_print():  Port 1: Link Down
[1;37m[INFO]  Waiting for devices to come up...[0m
[1;37m[INFO]  Device 1 (64:9D:99:B1:0B:62) is up: 10000 MBit/s[0m
[1;37m[INFO]  [0;32m1 device is up.[0m[0m
[1;36m[Device: id=1] RX[0m: 1.52 Mpps, 780 Mbit/s (1024 Mbit/s with framing)
[0;34m[Device: id=1] TX[0m: 1.55 Mpps, 795 Mbit/s (1043 Mbit/s with framing)
[1;36m[Device: id=1] RX[0m: 1.58 Mpps, 807 Mbit/s (1059 Mbit/s with framing)
[0;34m[Device: id=1] TX[0m: 1.60 Mpps, 819 Mbit/s (1075 Mbit/s with framing)
[1;36m[Device: id=1] RX[0m: 1.58 Mpps, 807 Mbit/s (1059 Mbit/s with framing)
[0;34m[Device: id=1] TX[0m: 1.60 Mpps, 820 Mbit/s (1076 Mbit/s with framing)
[1;36m[Device: id=1] RX[0m: 1.58 Mpps, 807 Mbit/s (1060 Mbit/s with framing)
[0;34m[Device: id=1] TX[0m: 1.60 Mpps, 820 Mbit/s (1076 Mbit/s with framing)
[1;36m[Device: id=1] RX[0m: 1.58 Mpps, 807 Mbit/s (1060 Mbit/s with framing)
[0;34m[Device: id=1] TX[0m: 1.60 Mpps, 820 Mbit/s (1076 Mbit/s with framing)
[1;36m[Device: id=1] RX[0m: 1.58 Mpps, 807 Mbit/s (1059 Mbit/s with framing)
[0;34m[Device: id=1] TX[0m: 1.60 Mpps, 820 Mbit/s (1076 Mbit/s with framing)
[1;36m[Device: id=1] RX[0m: 1.58 Mpps, 807 Mbit/s (1059 Mbit/s with framing)
[0;34m[Device: id=1] TX[0m: 1.60 Mpps, 820 Mbit/s (1076 Mbit/s with framing)
[1;36m[Device: id=1] RX[0m: 1.58 Mpps, 807 Mbit/s (1060 Mbit/s with framing)
[0;34m[Device: id=1] TX[0m: 1.60 Mpps, 820 Mbit/s (1076 Mbit/s with framing)
[1;36m[Device: id=1] RX[0m: 1.58 Mpps, 807 Mbit/s (1059 Mbit/s with framing)
[0;34m[Device: id=1] TX[0m: 1.60 Mpps, 820 Mbit/s (1076 Mbit/s with framing)
[1;36m[Device: id=1] RX[0m: 1.58 Mpps, 807 Mbit/s (1059 Mbit/s with framing)
[0;34m[Device: id=1] TX[0m: 1.60 Mpps, 820 Mbit/s (1076 Mbit/s with framing)
[1;36m[Device: id=1] RX[0m: 1.58 Mpps, 807 Mbit/s (1059 Mbit/s with framing)
[0;34m[Device: id=1] TX[0m: 1.60 Mpps, 820 Mbit/s (1076 Mbit/s with framing)
[1;36m[Device: id=1] RX[0m: 1.58 Mpps, 807 Mbit/s (1059 Mbit/s with framing)
[0;34m[Device: id=1] TX[0m: 1.60 Mpps, 820 Mbit/s (1076 Mbit/s with framing)
[1;36m[Device: id=1] RX[0m: 1.58 Mpps, 807 Mbit/s (1060 Mbit/s with framing)
[0;34m[Device: id=1] TX[0m: 1.60 Mpps, 820 Mbit/s (1076 Mbit/s with framing)
[1;36m[Device: id=1] RX[0m: 1.58 Mpps, 807 Mbit/s (1059 Mbit/s with framing)
[0;34m[Device: id=1] TX[0m: 1.60 Mpps, 820 Mbit/s (1076 Mbit/s with framing)
[1;36m[Device: id=1] RX[0m: 1.58 Mpps, 807 Mbit/s (1060 Mbit/s with framing)
[0;34m[Device: id=1] TX[0m: 1.60 Mpps, 820 Mbit/s (1076 Mbit/s with framing)
[1;36m[Device: id=1] RX[0m: 1.58 Mpps, 807 Mbit/s (1059 Mbit/s with framing)
[0;34m[Device: id=1] TX[0m: 1.60 Mpps, 820 Mbit/s (1076 Mbit/s with framing)
[1;36m[Device: id=1] RX[0m: 1.58 Mpps, 807 Mbit/s (1059 Mbit/s with framing)
[0;34m[Device: id=1] TX[0m: 1.60 Mpps, 820 Mbit/s (1076 Mbit/s with framing)
[1;36m[Device: id=1] RX[0m: 1.58 Mpps, 807 Mbit/s (1059 Mbit/s with framing)
[0;34m[Device: id=1] TX[0m: 1.60 Mpps, 820 Mbit/s (1076 Mbit/s with framing)
[1;36m[Device: id=1] RX[0m: 1.58 Mpps, 807 Mbit/s (1059 Mbit/s with framing)
[0;34m[Device: id=1] TX[0m: 1.60 Mpps, 820 Mbit/s (1076 Mbit/s with framing)
[1;36m[Device: id=1] RX[0m: 1.58 Mpps, 807 Mbit/s (1060 Mbit/s with framing)
[0;34m[Device: id=1] TX[0m: 1.60 Mpps, 820 Mbit/s (1076 Mbit/s with framing)
[1;36m[Device: id=1] RX[0m: 1.58 Mpps, 808 Mbit/s (1060 Mbit/s with framing)
[0;34m[Device: id=1] TX[0m: 1.60 Mpps, 820 Mbit/s (1076 Mbit/s with framing)
[1;36m[Device: id=1] RX[0m: 1.57 Mpps, 806 Mbit/s (1058 Mbit/s with framing)
[0;34m[Device: id=1] TX[0m: 1.60 Mpps, 820 Mbit/s (1076 Mbit/s with framing)
[1;36m[Device: id=1] RX[0m: 1.58 Mpps, 807 Mbit/s (1059 Mbit/s with framing)
[0;34m[Device: id=1] TX[0m: 1.60 Mpps, 820 Mbit/s (1076 Mbit/s with framing)
[1;36m[Device: id=1] RX[0m: 1.58 Mpps, 807 Mbit/s (1059 Mbit/s with framing)
[0;34m[Device: id=1] TX[0m: 1.60 Mpps, 820 Mbit/s (1076 Mbit/s with framing)
[1;36m[Device: id=1] RX[0m: 1.58 Mpps, 807 Mbit/s (1059 Mbit/s with framing)
[0;34m[Device: id=1] TX[0m: 1.60 Mpps, 820 Mbit/s (1076 Mbit/s with framing)
[1;36m[Device: id=1] RX[0m: 1.57 Mpps, 806 Mbit/s (1058 Mbit/s with framing)
[0;34m[Device: id=1] TX[0m: 1.60 Mpps, 820 Mbit/s (1076 Mbit/s with framing)
[1;36m[Device: id=1] RX[0m: 1.58 Mpps, 807 Mbit/s (1060 Mbit/s with framing)
[0;34m[Device: id=1] TX[0m: 1.60 Mpps, 820 Mbit/s (1076 Mbit/s with framing)
[1;36m[Device: id=1] RX[0m: 1.58 Mpps, 807 Mbit/s (1060 Mbit/s with framing)
[0;34m[Device: id=1] TX[0m: 1.60 Mpps, 820 Mbit/s (1076 Mbit/s with framing)
[1;36m[Device: id=1] RX[0m: 1.58 Mpps, 807 Mbit/s (1060 Mbit/s with framing)
[0;34m[Device: id=1] TX[0m: 1.60 Mpps, 820 Mbit/s (1076 Mbit/s with framing)
[1;33m[WARN]  Failed to timestamp packet on transmission[0m
Samples: 6026, Average: 3343510.6 ns, StdDev: 14751.2 ns, Quartiles: 3334663.0/3342963.0/3351552.0 ns
[1;37m[INFO]  Saving histogram to 'histogram.csv'[0m
[1;36m[Device: id=1] RX[0m: 1.58 (StdDev 0.00) Mpps, 807 (StdDev 0) Mbit/s (1059 Mbit/s with framing), total 47195450 packets with 3020508870 bytes (incl. CRC)
[0;34m[Device: id=1] TX[0m: 1.60 (StdDev 0.00) Mpps, 820 (StdDev 0) Mbit/s (1076 Mbit/s with framing), total 47925203 packets with 3067212992 bytes (incl. CRC)
