Running 1m test @ http://10.1.0.21:5000
  8 threads and 16 connections

  Thread calibration: mean lat.: 6.824ms, rate sampling interval: 27ms
  Thread calibration: mean lat.: 7.356ms, rate sampling interval: 24ms
  Thread calibration: mean lat.: 7.602ms, rate sampling interval: 25ms
  Thread calibration: mean lat.: 7.646ms, rate sampling interval: 25ms
  Thread calibration: mean lat.: 6.116ms, rate sampling interval: 25ms
  Thread calibration: mean lat.: 6.394ms, rate sampling interval: 24ms
  Thread calibration: mean lat.: 5.817ms, rate sampling interval: 23ms
  Thread calibration: mean lat.: 6.873ms, rate sampling interval: 23ms

-----------------------------------------------------------------------
Test Results @ http://10.1.0.21:5000 
  Thread Stats   Avg      Stdev     99%   +/- Stdev
    Latency     6.44ms    4.48ms  16.90ms   72.48%
    Req/Sec     2.08      9.24    43.00     95.09%
  Latency Distribution (HdrHistogram - Recorded Latency)
 50.000%    4.62ms
 75.000%   11.08ms
 90.000%   13.18ms
 99.000%   16.90ms
 99.900%   19.45ms
 99.990%   21.60ms
 99.999%   21.60ms
100.000%   21.60ms

  Detailed Percentile spectrum:
       Value   Percentile   TotalCount 1/(1-Percentile)

       1.398     0.000000            1         1.00
       2.455     0.100000           86         1.11
       2.613     0.200000          169         1.25
       2.811     0.300000          254         1.43
       3.701     0.400000          338         1.67
       4.619     0.500000          423         2.00
       4.799     0.550000          464         2.22
       5.007     0.600000          507         2.50
       5.287     0.650000          548         2.86
      10.303     0.700000          591         3.33
      11.087     0.750000          633         4.00
      11.327     0.775000          654         4.44
      11.663     0.800000          675         5.00
      11.927     0.825000          696         5.71
      12.247     0.850000          717         6.67
      12.607     0.875000          738         8.00
      12.847     0.887500          749         8.89
      13.183     0.900000          760        10.00
      13.479     0.912500          770        11.43
      13.847     0.925000          780        13.33
      14.135     0.937500          791        16.00
      14.455     0.943750          796        17.78
      14.759     0.950000          801        20.00
      15.007     0.956250          807        22.86
      15.247     0.962500          812        26.67
      15.519     0.968750          817        32.00
      15.791     0.971875          820        35.56
      16.023     0.975000          822        40.00
      16.143     0.978125          825        45.71
      16.479     0.981250          828        53.33
      16.639     0.984375          830        64.00
      16.767     0.985938          832        71.11
      16.799     0.987500          834        80.00
      16.799     0.989062          834        91.43
      17.055     0.990625          836       106.67
      17.071     0.992188          837       128.00
      17.775     0.992969          838       142.22
      17.775     0.993750          838       160.00
      18.511     0.994531          839       182.86
      18.623     0.995313          840       213.33
      18.623     0.996094          840       256.00
      18.943     0.996484          841       284.44
      18.943     0.996875          841       320.00
      18.943     0.997266          841       365.71
      19.455     0.997656          842       426.67
      19.455     0.998047          842       512.00
      19.455     0.998242          842       568.89
      19.455     0.998437          842       640.00
      19.455     0.998633          842       731.43
      21.599     0.998828          843       853.33
      21.599     1.000000          843          inf
#[Mean    =        6.440, StdDeviation   =        4.483]
#[Max     =       21.584, Total count    =          843]
#[Buckets =           27, SubBuckets     =         2048]
-----------------------------------------------------------------------
  1019 requests in 1.03m, 1.73MB read
  Socket errors: connect 0, read 0, write 0, timeout 51
Requests/sec:     16.43  
Transfer/sec:     28.59KB
AUTOTEST_DONE
