Running 1m test @ http://10.1.0.21:5000
  8 threads and 16 connections

  Thread calibration: mean lat.: 3.987ms, rate sampling interval: 17ms
  Thread calibration: mean lat.: 4.489ms, rate sampling interval: 22ms
  Thread calibration: mean lat.: 3.998ms, rate sampling interval: 17ms
  Thread calibration: mean lat.: 3.912ms, rate sampling interval: 19ms
  Thread calibration: mean lat.: 3.222ms, rate sampling interval: 14ms
  Thread calibration: mean lat.: 4.366ms, rate sampling interval: 20ms
  Thread calibration: mean lat.: 4.492ms, rate sampling interval: 19ms
  Thread calibration: mean lat.: 5.105ms, rate sampling interval: 18ms

-----------------------------------------------------------------------
Test Results @ http://10.1.0.21:5000 
  Thread Stats   Avg      Stdev     99%   +/- Stdev
    Latency     4.04ms    2.75ms  11.10ms   73.55%
    Req/Sec     2.08     10.91    58.00     96.36%
  Latency Distribution (HdrHistogram - Recorded Latency)
 50.000%    2.99ms
 75.000%    6.88ms
 90.000%    8.33ms
 99.000%   11.10ms
 99.900%   11.91ms
 99.990%   12.53ms
 99.999%   12.53ms
100.000%   12.53ms

  Detailed Percentile spectrum:
       Value   Percentile   TotalCount 1/(1-Percentile)

       0.738     0.000000            1         1.00
       1.580     0.100000           86         1.11
       1.705     0.200000          169         1.25
       1.840     0.300000          254         1.43
       2.725     0.400000          338         1.67
       2.991     0.500000          422         2.00
       3.109     0.550000          464         2.22
       3.205     0.600000          506         2.50
       3.341     0.650000          548         2.86
       4.515     0.700000          591         3.33
       6.883     0.750000          633         4.00
       7.071     0.775000          655         4.44
       7.239     0.800000          675         5.00
       7.439     0.825000          697         5.71
       7.687     0.850000          717         6.67
       7.995     0.875000          738         8.00
       8.111     0.887500          749         8.89
       8.327     0.900000          759        10.00
       8.559     0.912500          770        11.43
       8.735     0.925000          780        13.33
       8.935     0.937500          791        16.00
       9.023     0.943750          796        17.78
       9.231     0.950000          801        20.00
       9.343     0.956250          807        22.86
       9.535     0.962500          812        26.67
       9.807     0.968750          817        32.00
       9.895     0.971875          820        35.56
       9.959     0.975000          822        40.00
      10.143     0.978125          825        45.71
      10.399     0.981250          828        53.33
      10.487     0.984375          830        64.00
      10.727     0.985938          832        71.11
      10.863     0.987500          833        80.00
      10.991     0.989062          834        91.43
      11.343     0.990625          836       106.67
      11.471     0.992188          837       128.00
      11.511     0.992969          838       142.22
      11.511     0.993750          838       160.00
      11.535     0.994531          839       182.86
      11.543     0.995313          840       213.33
      11.543     0.996094          840       256.00
      11.783     0.996484          841       284.44
      11.783     0.996875          841       320.00
      11.783     0.997266          841       365.71
      11.911     0.997656          842       426.67
      11.911     0.998047          842       512.00
      11.911     0.998242          842       568.89
      11.911     0.998437          842       640.00
      11.911     0.998633          842       731.43
      12.527     0.998828          843       853.33
      12.527     1.000000          843          inf
#[Mean    =        4.039, StdDeviation   =        2.754]
#[Max     =       12.520, Total count    =          843]
#[Buckets =           27, SubBuckets     =         2048]
-----------------------------------------------------------------------
  1020 requests in 1.03m, 1.57MB read
  Socket errors: connect 0, read 0, write 0, timeout 51
Requests/sec:     16.48  
Transfer/sec:     25.95KB
AUTOTEST_DONE
