Running 1m test @ http://10.1.0.21:5000
  8 threads and 16 connections

  Thread calibration: mean lat.: 7.756ms, rate sampling interval: 33ms
  Thread calibration: mean lat.: 7.339ms, rate sampling interval: 31ms
  Thread calibration: mean lat.: 7.702ms, rate sampling interval: 31ms
  Thread calibration: mean lat.: 7.834ms, rate sampling interval: 31ms
  Thread calibration: mean lat.: 7.105ms, rate sampling interval: 30ms
  Thread calibration: mean lat.: 7.574ms, rate sampling interval: 31ms
  Thread calibration: mean lat.: 7.268ms, rate sampling interval: 29ms
  Thread calibration: mean lat.: 7.578ms, rate sampling interval: 30ms

-----------------------------------------------------------------------
Test Results @ http://10.1.0.21:5000 
  Thread Stats   Avg      Stdev     99%   +/- Stdev
    Latency     7.69ms    6.26ms  27.10ms   83.58%
    Req/Sec    64.63     46.03   200.00     72.64%
  Latency Distribution (HdrHistogram - Recorded Latency)
 50.000%    5.45ms
 75.000%   11.49ms
 90.000%   16.27ms
 99.000%   27.10ms
 99.900%   39.04ms
 99.990%   55.65ms
 99.999%   61.15ms
100.000%   61.15ms

  Detailed Percentile spectrum:
       Value   Percentile   TotalCount 1/(1-Percentile)

       0.619     0.000000            1         1.00
       1.795     0.100000         2624         1.11
       2.047     0.200000         5222         1.25
       2.889     0.300000         7828         1.43
       4.053     0.400000        10441         1.67
       5.455     0.500000        13051         2.00
       6.495     0.550000        14355         2.22
       8.119     0.600000        15656         2.50
       9.351     0.650000        16966         2.86
      10.423     0.700000        18272         3.33
      11.487     0.750000        19572         4.00
      12.063     0.775000        20222         4.44
      12.703     0.800000        20879         5.00
      13.407     0.825000        21527         5.71
      14.199     0.850000        22180         6.67
      15.119     0.875000        22830         8.00
      15.655     0.887500        23156         8.89
      16.271     0.900000        23484        10.00
      16.911     0.912500        23819        11.43
      17.599     0.925000        24135        13.33
      18.527     0.937500        24461        16.00
      19.023     0.943750        24625        17.78
      19.535     0.950000        24792        20.00
      20.111     0.956250        24953        22.86
      20.895     0.962500        25117        26.67
      21.807     0.968750        25278        32.00
      22.287     0.971875        25359        35.56
      22.943     0.975000        25442        40.00
      23.519     0.978125        25521        45.71
      24.351     0.981250        25602        53.33
      25.135     0.984375        25684        64.00
      25.583     0.985938        25725        71.11
      26.095     0.987500        25765        80.00
      26.623     0.989062        25806        91.43
      27.407     0.990625        25847       106.67
      28.911     0.992188        25889       128.00
      29.295     0.992969        25908       142.22
      29.791     0.993750        25928       160.00
      30.399     0.994531        25950       182.86
      30.863     0.995313        25969       213.33
      31.791     0.996094        25990       256.00
      32.207     0.996484        26000       284.44
      32.895     0.996875        26010       320.00
      33.567     0.997266        26020       365.71
      34.431     0.997656        26031       426.67
      35.391     0.998047        26041       512.00
      35.743     0.998242        26047       568.89
      36.319     0.998437        26051       640.00
      37.087     0.998633        26056       731.43
      38.463     0.998828        26061       853.33
      39.071     0.999023        26066      1024.00
      39.967     0.999121        26069      1137.78
      40.127     0.999219        26071      1280.00
      40.895     0.999316        26074      1462.86
      42.463     0.999414        26076      1706.67
      42.815     0.999512        26079      2048.00
      43.103     0.999561        26080      2275.56
      43.519     0.999609        26081      2560.00
      44.991     0.999658        26083      2925.71
      46.751     0.999707        26084      3413.33
      47.359     0.999756        26085      4096.00
      48.703     0.999780        26086      4551.11
      48.703     0.999805        26086      5120.00
      49.855     0.999829        26087      5851.43
      55.647     0.999854        26088      6826.67
      55.647     0.999878        26088      8192.00
      55.711     0.999890        26089      9102.22
      55.711     0.999902        26089     10240.00
      55.711     0.999915        26089     11702.86
      58.015     0.999927        26090     13653.33
      58.015     0.999939        26090     16384.00
      58.015     0.999945        26090     18204.44
      58.015     0.999951        26090     20480.00
      58.015     0.999957        26090     23405.71
      61.151     0.999963        26091     27306.67
      61.151     1.000000        26091          inf
#[Mean    =        7.689, StdDeviation   =        6.265]
#[Max     =       61.120, Total count    =        26091]
#[Buckets =           27, SubBuckets     =         2048]
-----------------------------------------------------------------------
  31192 requests in 1.02m, 29.52MB read
Requests/sec:    511.26  
Transfer/sec:    495.51KB
AUTOTEST_DONE
