Running 1m test @ http://10.1.0.21:5000
  8 threads and 16 connections

  Thread calibration: mean lat.: 3.874ms, rate sampling interval: 17ms
  Thread calibration: mean lat.: 3.812ms, rate sampling interval: 17ms
  Thread calibration: mean lat.: 4.160ms, rate sampling interval: 16ms
  Thread calibration: mean lat.: 4.389ms, rate sampling interval: 16ms
  Thread calibration: mean lat.: 4.211ms, rate sampling interval: 18ms
  Thread calibration: mean lat.: 4.370ms, rate sampling interval: 17ms
  Thread calibration: mean lat.: 3.094ms, rate sampling interval: 14ms
  Thread calibration: mean lat.: 3.969ms, rate sampling interval: 15ms

-----------------------------------------------------------------------
Test Results @ http://10.1.0.21:5000 
  Thread Stats   Avg      Stdev     99%   +/- Stdev
    Latency     4.09ms    2.99ms  11.72ms   76.67%
    Req/Sec     8.13     22.86    76.00     87.99%
  Latency Distribution (HdrHistogram - Recorded Latency)
 50.000%    2.80ms
 75.000%    6.90ms
 90.000%    8.63ms
 99.000%   11.72ms
 99.900%   14.45ms
 99.990%   18.43ms
 99.999%   18.43ms
100.000%   18.43ms

  Detailed Percentile spectrum:
       Value   Percentile   TotalCount 1/(1-Percentile)

       0.656     0.000000            1         1.00
       1.479     0.100000          324         1.11
       1.584     0.200000          645         1.25
       1.708     0.300000          969         1.43
       2.567     0.400000         1291         1.67
       2.797     0.500000         1612         2.00
       2.901     0.550000         1773         2.22
       3.029     0.600000         1935         2.50
       3.415     0.650000         2095         2.86
       6.471     0.700000         2258         3.33
       6.899     0.750000         2419         4.00
       7.127     0.775000         2499         4.44
       7.363     0.800000         2579         5.00
       7.619     0.825000         2659         5.71
       7.907     0.850000         2743         6.67
       8.231     0.875000         2821         8.00
       8.423     0.887500         2862         8.89
       8.631     0.900000         2902        10.00
       8.855     0.912500         2943        11.43
       9.055     0.925000         2982        13.33
       9.311     0.937500         3022        16.00
       9.503     0.943750         3042        17.78
       9.663     0.950000         3063        20.00
       9.831     0.956250         3082        22.86
      10.047     0.962500         3103        26.67
      10.359     0.968750         3123        32.00
      10.543     0.971875         3133        35.56
      10.695     0.975000         3144        40.00
      10.895     0.978125         3153        45.71
      11.111     0.981250         3164        53.33
      11.311     0.984375         3173        64.00
      11.359     0.985938         3178        71.11
      11.535     0.987500         3183        80.00
      11.647     0.989062         3188        91.43
      11.767     0.990625         3193       106.67
      12.031     0.992188         3198       128.00
      12.239     0.992969         3201       142.22
      12.407     0.993750         3203       160.00
      12.567     0.994531         3206       182.86
      12.639     0.995313         3210       213.33
      12.847     0.996094         3211       256.00
      12.911     0.996484         3212       284.44
      12.999     0.996875         3213       320.00
      13.367     0.997266         3215       365.71
      13.391     0.997656         3216       426.67
      13.415     0.998047         3217       512.00
      13.479     0.998242         3218       568.89
      13.479     0.998437         3218       640.00
      14.143     0.998633         3219       731.43
      14.447     0.998828         3220       853.33
      14.447     0.999023         3220      1024.00
      14.935     0.999121         3221      1137.78
      14.935     0.999219         3221      1280.00
      14.935     0.999316         3221      1462.86
      15.103     0.999414         3222      1706.67
      15.103     0.999512         3222      2048.00
      15.103     0.999561         3222      2275.56
      15.103     0.999609         3222      2560.00
      15.103     0.999658         3222      2925.71
      18.431     0.999707         3223      3413.33
      18.431     1.000000         3223          inf
#[Mean    =        4.095, StdDeviation   =        2.990]
#[Max     =       18.416, Total count    =         3223]
#[Buckets =           27, SubBuckets     =         2048]
-----------------------------------------------------------------------
  3914 requests in 1.02m, 5.18MB read
Requests/sec:     63.88  
Transfer/sec:     86.55KB
AUTOTEST_DONE
