Running 1m test @ http://10.1.0.21:5000
  8 threads and 16 connections

  Thread calibration: mean lat.: 6.390ms, rate sampling interval: 28ms
  Thread calibration: mean lat.: 5.494ms, rate sampling interval: 22ms
  Thread calibration: mean lat.: 5.197ms, rate sampling interval: 23ms
  Thread calibration: mean lat.: 6.060ms, rate sampling interval: 25ms
  Thread calibration: mean lat.: 5.845ms, rate sampling interval: 23ms
  Thread calibration: mean lat.: 4.394ms, rate sampling interval: 22ms
  Thread calibration: mean lat.: 5.687ms, rate sampling interval: 24ms
  Thread calibration: mean lat.: 5.353ms, rate sampling interval: 22ms

-----------------------------------------------------------------------
Test Results @ http://10.1.0.21:5000 
  Thread Stats   Avg      Stdev     99%   +/- Stdev
    Latency     5.67ms    4.38ms  16.32ms   77.23%
    Req/Sec     7.98     18.57    83.00     83.08%
  Latency Distribution (HdrHistogram - Recorded Latency)
 50.000%    3.81ms
 75.000%    9.64ms
 90.000%   12.41ms
 99.000%   16.32ms
 99.900%   21.12ms
 99.990%   26.09ms
 99.999%   26.09ms
100.000%   26.09ms

  Detailed Percentile spectrum:
       Value   Percentile   TotalCount 1/(1-Percentile)

       0.709     0.000000            1         1.00
       1.820     0.100000          326         1.11
       1.969     0.200000          647         1.25
       2.127     0.300000          970         1.43
       3.355     0.400000         1290         1.67
       3.807     0.500000         1614         2.00
       3.951     0.550000         1773         2.22
       4.139     0.600000         1936         2.50
       4.959     0.650000         2097         2.86
       8.863     0.700000         2260         3.33
       9.647     0.750000         2418         4.00
       9.991     0.775000         2498         4.44
      10.367     0.800000         2581         5.00
      10.727     0.825000         2659         5.71
      11.223     0.850000         2741         6.67
      11.863     0.875000         2821         8.00
      12.119     0.887500         2861         8.89
      12.415     0.900000         2901        10.00
      12.743     0.912500         2941        11.43
      13.231     0.925000         2982        13.33
      13.623     0.937500         3022        16.00
      13.791     0.943750         3044        17.78
      13.911     0.950000         3062        20.00
      14.231     0.956250         3082        22.86
      14.479     0.962500         3103        26.67
      14.903     0.968750         3124        32.00
      14.967     0.971875         3133        35.56
      15.095     0.975000         3143        40.00
      15.335     0.978125         3153        45.71
      15.535     0.981250         3163        53.33
      15.695     0.984375         3173        64.00
      15.831     0.985938         3178        71.11
      16.103     0.987500         3184        80.00
      16.263     0.989062         3188        91.43
      16.343     0.990625         3193       106.67
      16.655     0.992188         3198       128.00
      17.103     0.992969         3201       142.22
      17.231     0.993750         3203       160.00
      17.695     0.994531         3206       182.86
      17.967     0.995313         3208       213.33
      18.303     0.996094         3212       256.00
      18.303     0.996484         3212       284.44
      18.639     0.996875         3213       320.00
      18.895     0.997266         3215       365.71
      19.407     0.997656         3216       426.67
      19.871     0.998047         3217       512.00
      19.951     0.998242         3218       568.89
      19.951     0.998437         3218       640.00
      21.055     0.998633         3219       731.43
      21.119     0.998828         3220       853.33
      21.119     0.999023         3220      1024.00
      21.999     0.999121         3221      1137.78
      21.999     0.999219         3221      1280.00
      21.999     0.999316         3221      1462.86
      22.607     0.999414         3222      1706.67
      22.607     0.999512         3222      2048.00
      22.607     0.999561         3222      2275.56
      22.607     0.999609         3222      2560.00
      22.607     0.999658         3222      2925.71
      26.095     0.999707         3223      3413.33
      26.095     1.000000         3223          inf
#[Mean    =        5.675, StdDeviation   =        4.380]
#[Max     =       26.080, Total count    =         3223]
#[Buckets =           27, SubBuckets     =         2048]
-----------------------------------------------------------------------
  3914 requests in 1.02m, 5.49MB read
Requests/sec:     63.71  
Transfer/sec:     91.46KB
AUTOTEST_DONE
