Running 1m test @ http://10.1.0.21:5000
  8 threads and 16 connections

  Thread calibration: mean lat.: 7.889ms, rate sampling interval: 29ms
  Thread calibration: mean lat.: 5.528ms, rate sampling interval: 23ms
  Thread calibration: mean lat.: 6.943ms, rate sampling interval: 26ms
  Thread calibration: mean lat.: 6.681ms, rate sampling interval: 26ms
  Thread calibration: mean lat.: 6.234ms, rate sampling interval: 28ms
  Thread calibration: mean lat.: 6.638ms, rate sampling interval: 24ms
  Thread calibration: mean lat.: 7.043ms, rate sampling interval: 28ms
  Thread calibration: mean lat.: 5.947ms, rate sampling interval: 26ms

-----------------------------------------------------------------------
Test Results @ http://10.1.0.21:5000 
  Thread Stats   Avg      Stdev     99%   +/- Stdev
    Latency     6.42ms    4.64ms  17.69ms   74.15%
    Req/Sec     3.96     12.30    43.00     90.19%
  Latency Distribution (HdrHistogram - Recorded Latency)
 50.000%    4.47ms
 75.000%   11.02ms
 90.000%   13.49ms
 99.000%   17.69ms
 99.900%   22.17ms
 99.990%   25.76ms
 99.999%   25.76ms
100.000%   25.76ms

  Detailed Percentile spectrum:
       Value   Percentile   TotalCount 1/(1-Percentile)

       1.033     0.000000            1         1.00
       2.405     0.100000          161         1.11
       2.591     0.200000          322         1.25
       2.793     0.300000          485         1.43
       3.669     0.400000          644         1.67
       4.475     0.500000          806         2.00
       4.623     0.550000          885         2.22
       4.839     0.600000          966         2.50
       5.255     0.650000         1046         2.86
       9.503     0.700000         1127         3.33
      11.023     0.750000         1207         4.00
      11.383     0.775000         1249         4.44
      11.751     0.800000         1289         5.00
      12.127     0.825000         1332         5.71
      12.479     0.850000         1368         6.67
      12.991     0.875000         1408         8.00
      13.239     0.887500         1428         8.89
      13.495     0.900000         1449        10.00
      13.759     0.912500         1469        11.43
      14.159     0.925000         1491        13.33
      14.647     0.937500         1509        16.00
      14.903     0.943750         1519        17.78
      15.039     0.950000         1530        20.00
      15.271     0.956250         1540        22.86
      15.495     0.962500         1549        26.67
      15.799     0.968750         1560        32.00
      16.007     0.971875         1564        35.56
      16.231     0.975000         1569        40.00
      16.623     0.978125         1574        45.71
      16.911     0.981250         1579        53.33
      17.039     0.984375         1584        64.00
      17.055     0.985938         1587        71.11
      17.167     0.987500         1589        80.00
      17.519     0.989062         1592        91.43
      18.239     0.990625         1594       106.67
      18.463     0.992188         1597       128.00
      18.591     0.992969         1598       142.22
      18.959     0.993750         1599       160.00
      19.199     0.994531         1601       182.86
      19.887     0.995313         1602       213.33
      20.639     0.996094         1603       256.00
      20.831     0.996484         1604       284.44
      20.831     0.996875         1604       320.00
      21.647     0.997266         1605       365.71
      22.143     0.997656         1606       426.67
      22.143     0.998047         1606       512.00
      22.175     0.998242         1607       568.89
      22.175     0.998437         1607       640.00
      22.175     0.998633         1607       731.43
      22.927     0.998828         1608       853.33
      22.927     0.999023         1608      1024.00
      22.927     0.999121         1608      1137.78
      22.927     0.999219         1608      1280.00
      22.927     0.999316         1608      1462.86
      25.759     0.999414         1609      1706.67
      25.759     1.000000         1609          inf
#[Mean    =        6.418, StdDeviation   =        4.639]
#[Max     =       25.744, Total count    =         1609]
#[Buckets =           27, SubBuckets     =         2048]
-----------------------------------------------------------------------
  1963 requests in 1.03m, 2.79MB read
  Socket errors: connect 0, read 0, write 0, timeout 12
Requests/sec:     31.66  
Transfer/sec:     46.04KB
AUTOTEST_DONE
