Running 1m test @ http://10.1.0.42:8080/wrk2-api/review/compose
  8 threads and 16 connections

  Thread calibration: mean lat.: 11.952ms, rate sampling interval: 29ms
  Thread calibration: mean lat.: 11.423ms, rate sampling interval: 23ms
  Thread calibration: mean lat.: 10.865ms, rate sampling interval: 22ms
  Thread calibration: mean lat.: 11.772ms, rate sampling interval: 30ms
  Thread calibration: mean lat.: 13.880ms, rate sampling interval: 33ms
  Thread calibration: mean lat.: 11.074ms, rate sampling interval: 22ms
  Thread calibration: mean lat.: 11.308ms, rate sampling interval: 23ms
  Thread calibration: mean lat.: 10.952ms, rate sampling interval: 23ms

-----------------------------------------------------------------------
Test Results @ http://10.1.0.42:8080/wrk2-api/review/compose 
  Thread Stats   Avg      Stdev     99%   +/- Stdev
    Latency    11.01ms    2.05ms  18.06ms   79.63%
    Req/Sec     1.05      6.51    45.00     97.39%
  Latency Distribution (HdrHistogram - Recorded Latency)
 50.000%   10.81ms
 75.000%   11.35ms
 90.000%   12.55ms
 99.000%   18.06ms
 99.900%   19.71ms
 99.990%   19.71ms
 99.999%   19.71ms
100.000%   19.71ms

  Detailed Percentile spectrum:
       Value   Percentile   TotalCount 1/(1-Percentile)

       6.163     0.000000            1         1.00
       8.631     0.100000           44         1.11
      10.151     0.200000           87         1.25
      10.431     0.300000          132         1.43
      10.615     0.400000          173         1.67
      10.815     0.500000          218         2.00
      10.879     0.550000          238         2.22
      10.967     0.600000          262         2.50
      11.071     0.650000          281         2.86
      11.175     0.700000          306         3.33
      11.351     0.750000          324         4.00
      11.447     0.775000          335         4.44
      11.527     0.800000          346         5.00
      11.607     0.825000          357         5.71
      11.703     0.850000          369         6.67
      11.983     0.875000          378         8.00
      12.247     0.887500          384         8.89
      12.551     0.900000          389        10.00
      14.255     0.912500          395        11.43
      14.511     0.925000          400        13.33
      15.447     0.937500          405        16.00
      15.615     0.943750          408        17.78
      15.735     0.950000          411        20.00
      16.247     0.956250          414        22.86
      16.495     0.962500          416        26.67
      16.911     0.968750          419        32.00
      17.279     0.971875          420        35.56
      17.455     0.975000          423        40.00
      17.455     0.978125          423        45.71
      17.679     0.981250          424        53.33
      18.015     0.984375          426        64.00
      18.015     0.985938          426        71.11
      18.031     0.987500          427        80.00
      18.063     0.989062          428        91.43
      18.063     0.990625          428       106.67
      18.431     0.992188          429       128.00
      18.431     0.992969          429       142.22
      18.703     0.993750          430       160.00
      18.703     0.994531          430       182.86
      18.703     0.995313          430       213.33
      18.735     0.996094          431       256.00
      18.735     0.996484          431       284.44
      18.735     0.996875          431       320.00
      18.735     0.997266          431       365.71
      18.735     0.997656          431       426.67
      19.711     0.998047          432       512.00
      19.711     1.000000          432          inf
#[Mean    =       11.010, StdDeviation   =        2.054]
#[Max     =       19.696, Total count    =          432]
#[Buckets =           27, SubBuckets     =         2048]
-----------------------------------------------------------------------
  529 requests in 1.03m, 95.05KB read
  Socket errors: connect 0, read 0, write 0, timeout 158
Requests/sec:      8.53  
Transfer/sec:      1.53KB
AUTOTEST_DONE
