Running 1m test @ http://10.1.0.42:8080/wrk2-api/review/compose
  8 threads and 16 connections

reconnect_socket
reconnect_socket
reconnect_socket
reconnect_socket
  Thread calibration: mean lat.: 14.234ms, rate sampling interval: 50ms
  Thread calibration: mean lat.: 15.109ms, rate sampling interval: 54ms
  Thread calibration: mean lat.: 14.063ms, rate sampling interval: 44ms
  Thread calibration: mean lat.: 14.275ms, rate sampling interval: 50ms
  Thread calibration: mean lat.: 13.256ms, rate sampling interval: 42ms
  Thread calibration: mean lat.: 12.907ms, rate sampling interval: 40ms
  Thread calibration: mean lat.: 13.753ms, rate sampling interval: 50ms
  Thread calibration: mean lat.: 13.726ms, rate sampling interval: 49ms

-----------------------------------------------------------------------
Test Results @ http://10.1.0.42:8080/wrk2-api/review/compose 
  Thread Stats   Avg      Stdev     99%   +/- Stdev
    Latency    13.56ms    7.63ms  39.78ms   86.13%
    Req/Sec    15.81     18.44    75.00     83.20%
  Latency Distribution (HdrHistogram - Recorded Latency)
 50.000%   11.30ms
 75.000%   16.54ms
 90.000%   23.38ms
 99.000%   39.78ms
 99.900%   57.92ms
 99.990%   90.75ms
 99.999%  120.77ms
100.000%  120.77ms

  Detailed Percentile spectrum:
       Value   Percentile   TotalCount 1/(1-Percentile)

       4.683     0.000000            1         1.00
       6.871     0.100000          648         1.11
       7.435     0.200000         1294         1.25
       8.567     0.300000         1941         1.43
       9.999     0.400000         2591         1.67
      11.303     0.500000         3235         2.00
      12.127     0.550000         3560         2.22
      13.111     0.600000         3882         2.50
      14.207     0.650000         4205         2.86
      15.263     0.700000         4530         3.33
      16.543     0.750000         4852         4.00
      17.359     0.775000         5016         4.44
      18.223     0.800000         5176         5.00
      19.199     0.825000         5338         5.71
      20.335     0.850000         5499         6.67
      21.631     0.875000         5664         8.00
      22.415     0.887500         5741         8.89
      23.391     0.900000         5822        10.00
      24.447     0.912500         5904        11.43
      25.311     0.925000         5986        13.33
      26.575     0.937500         6064        16.00
      27.151     0.943750         6105        17.78
      27.967     0.950000         6145        20.00
      28.607     0.956250         6186        22.86
      30.015     0.962500         6226        26.67
      31.231     0.968750         6266        32.00
      31.711     0.971875         6287        35.56
      32.383     0.975000         6307        40.00
      33.439     0.978125         6328        45.71
      35.039     0.981250         6347        53.33
      37.055     0.984375         6367        64.00
      37.759     0.985938         6378        71.11
      38.527     0.987500         6388        80.00
      39.423     0.989062         6398        91.43
      40.607     0.990625         6408       106.67
      41.951     0.992188         6418       128.00
      43.711     0.992969         6423       142.22
      45.023     0.993750         6428       160.00
      46.303     0.994531         6433       182.86
      48.031     0.995313         6438       213.33
      51.583     0.996094         6443       256.00
      52.479     0.996484         6446       284.44
      52.959     0.996875         6448       320.00
      53.919     0.997266         6451       365.71
      54.527     0.997656         6453       426.67
      56.127     0.998047         6456       512.00
      56.223     0.998242         6457       568.89
      56.287     0.998437         6458       640.00
      56.671     0.998633         6460       731.43
      57.727     0.998828         6461       853.33
      57.919     0.999023         6462      1024.00
      61.503     0.999121         6463      1137.78
      61.503     0.999219         6463      1280.00
      64.255     0.999316         6464      1462.86
      68.479     0.999414         6465      1706.67
      68.479     0.999512         6465      2048.00
      77.567     0.999561         6466      2275.56
      77.567     0.999609         6466      2560.00
      77.567     0.999658         6466      2925.71
      90.751     0.999707         6467      3413.33
      90.751     0.999756         6467      4096.00
      90.751     0.999780         6467      4551.11
      90.751     0.999805         6467      5120.00
      90.751     0.999829         6467      5851.43
     120.767     0.999854         6468      6826.67
     120.767     1.000000         6468          inf
#[Mean    =       13.558, StdDeviation   =        7.628]
#[Max     =      120.704, Total count    =         6468]
#[Buckets =           27, SubBuckets     =         2048]
-----------------------------------------------------------------------
  7778 requests in 1.02m, 1.37MB read
  Non-2xx or 3xx responses: 4
Requests/sec:    127.23  
Transfer/sec:     22.87KB
AUTOTEST_DONE
