Running 1m test @ http://10.1.0.42:8080/wrk2-api/review/compose
  8 threads and 16 connections

  Thread calibration: mean lat.: 91.075ms, rate sampling interval: 365ms
  Thread calibration: mean lat.: 104.739ms, rate sampling interval: 474ms
  Thread calibration: mean lat.: 82.478ms, rate sampling interval: 299ms
  Thread calibration: mean lat.: 99.295ms, rate sampling interval: 413ms
  Thread calibration: mean lat.: 131.082ms, rate sampling interval: 686ms
  Thread calibration: mean lat.: 82.658ms, rate sampling interval: 334ms
  Thread calibration: mean lat.: 85.900ms, rate sampling interval: 332ms
  Thread calibration: mean lat.: 100.790ms, rate sampling interval: 427ms

-----------------------------------------------------------------------
Test Results @ http://10.1.0.42:8080/wrk2-api/review/compose 
  Thread Stats   Avg      Stdev     99%   +/- Stdev
    Latency   172.37ms  211.10ms   1.06s    88.00%
    Req/Sec    31.21      6.91    46.00     76.28%
  Latency Distribution (HdrHistogram - Recorded Latency)
 50.000%   90.88ms
 75.000%  206.98ms
 90.000%  421.12ms
 99.000%    1.06s 
 99.900%    1.47s 
 99.990%    1.55s 
 99.999%    1.55s 
100.000%    1.55s 

  Detailed Percentile spectrum:
       Value   Percentile   TotalCount 1/(1-Percentile)

       7.147     0.000000            1         1.00
      27.423     0.100000         1295         1.11
      38.719     0.200000         2589         1.25
      50.527     0.300000         3886         1.43
      67.007     0.400000         5177         1.67
      90.879     0.500000         6474         2.00
     106.623     0.550000         7120         2.22
     125.567     0.600000         7766         2.50
     146.815     0.650000         8414         2.86
     173.823     0.700000         9061         3.33
     206.975     0.750000         9709         4.00
     230.527     0.775000        10032         4.44
     257.663     0.800000        10354         5.00
     292.351     0.825000        10678         5.71
     327.167     0.850000        11001         6.67
     374.783     0.875000        11326         8.00
     397.567     0.887500        11488         8.89
     421.119     0.900000        11648        10.00
     449.279     0.912500        11811        11.43
     484.095     0.925000        11973        13.33
     539.647     0.937500        12135        16.00
     571.903     0.943750        12216        17.78
     610.303     0.950000        12295        20.00
     656.383     0.956250        12376        22.86
     716.799     0.962500        12457        26.67
     781.823     0.968750        12538        32.00
     823.295     0.971875        12579        35.56
     857.087     0.975000        12619        40.00
     891.391     0.978125        12659        45.71
     918.527     0.981250        12701        53.33
     967.167     0.984375        12740        64.00
     993.791     0.985938        12761        71.11
    1015.295     0.987500        12781        80.00
    1038.335     0.989062        12801        91.43
    1072.127     0.990625        12821       106.67
    1097.727     0.992188        12842       128.00
    1113.087     0.992969        12852       142.22
    1126.399     0.993750        12862       160.00
    1143.807     0.994531        12872       182.86
    1163.263     0.995313        12882       213.33
    1176.575     0.996094        12892       256.00
    1181.695     0.996484        12897       284.44
    1197.055     0.996875        12902       320.00
    1214.463     0.997266        12907       365.71
    1239.039     0.997656        12912       426.67
    1327.103     0.998047        12917       512.00
    1371.135     0.998242        12920       568.89
    1384.447     0.998437        12922       640.00
    1442.815     0.998633        12925       731.43
    1455.103     0.998828        12927       853.33
    1476.607     0.999023        12930      1024.00
    1478.655     0.999121        12931      1137.78
    1492.991     0.999219        12932      1280.00
    1502.207     0.999316        12934      1462.86
    1509.375     0.999414        12935      1706.67
    1514.495     0.999512        12936      2048.00
    1532.927     0.999561        12937      2275.56
    1532.927     0.999609        12937      2560.00
    1540.095     0.999658        12938      2925.71
    1541.119     0.999707        12939      3413.33
    1541.119     0.999756        12939      4096.00
    1542.143     0.999780        12940      4551.11
    1542.143     0.999805        12940      5120.00
    1542.143     0.999829        12940      5851.43
    1545.215     0.999854        12941      6826.67
    1545.215     0.999878        12941      8192.00
    1545.215     0.999890        12941      9102.22
    1545.215     0.999902        12941     10240.00
    1545.215     0.999915        12941     11702.86
    1547.263     0.999927        12942     13653.33
    1547.263     1.000000        12942          inf
#[Mean    =      172.369, StdDeviation   =      211.098]
#[Max     =     1546.240, Total count    =        12942]
#[Buckets =           27, SubBuckets     =         2048]
-----------------------------------------------------------------------
  15494 requests in 1.02m, 2.72MB read
Requests/sec:    253.89  
Transfer/sec:     45.62KB
AUTOTEST_DONE
