Running 1m test @ http://10.1.0.42:8080/wrk2-api/review/compose
  8 threads and 16 connections

reconnect_socket
reconnect_socket
reconnect_socket
reconnect_socket
  Thread calibration: mean lat.: 71.500ms, rate sampling interval: 397ms
  Thread calibration: mean lat.: 22.232ms, rate sampling interval: 63ms
  Thread calibration: mean lat.: 19.602ms, rate sampling interval: 64ms
  Thread calibration: mean lat.: 18.107ms, rate sampling interval: 58ms
  Thread calibration: mean lat.: 16.701ms, rate sampling interval: 52ms
  Thread calibration: mean lat.: 51.915ms, rate sampling interval: 269ms
  Thread calibration: mean lat.: 18.257ms, rate sampling interval: 67ms
  Thread calibration: mean lat.: 17.807ms, rate sampling interval: 61ms
reconnect_socket
reconnect_socket
reconnect_socket

-----------------------------------------------------------------------
Test Results @ http://10.1.0.42:8080/wrk2-api/review/compose 
  Thread Stats   Avg      Stdev     99%   +/- Stdev
    Latency    34.19ms   59.06ms 322.30ms   92.69%
    Req/Sec    15.54     15.79    64.00     86.22%
  Latency Distribution (HdrHistogram - Recorded Latency)
 50.000%   16.94ms
 75.000%   28.40ms
 90.000%   63.29ms
 99.000%  322.30ms
 99.900%  568.83ms
 99.990%  692.22ms
 99.999%  700.93ms
100.000%  700.93ms

  Detailed Percentile spectrum:
       Value   Percentile   TotalCount 1/(1-Percentile)

       5.995     0.000000            1         1.00
       8.431     0.100000          647         1.11
      10.119     0.200000         1297         1.25
      12.047     0.300000         1941         1.43
      14.343     0.400000         2588         1.67
      16.943     0.500000         3236         2.00
      18.511     0.550000         3561         2.22
      20.303     0.600000         3883         2.50
      22.447     0.650000         4207         2.86
      25.103     0.700000         4530         3.33
      28.399     0.750000         4853         4.00
      30.719     0.775000         5015         4.44
      32.831     0.800000         5176         5.00
      36.063     0.825000         5339         5.71
      40.735     0.850000         5500         6.67
      48.703     0.875000         5662         8.00
      54.143     0.887500         5743         8.89
      63.295     0.900000         5823        10.00
      75.391     0.912500         5904        11.43
      91.327     0.925000         5985        13.33
     108.863     0.937500         6066        16.00
     120.575     0.943750         6107        17.78
     133.503     0.950000         6147        20.00
     151.039     0.956250         6187        22.86
     168.831     0.962500         6228        26.67
     188.799     0.968750         6268        32.00
     203.135     0.971875         6289        35.56
     217.855     0.975000         6309        40.00
     234.495     0.978125         6329        45.71
     252.799     0.981250         6349        53.33
     270.335     0.984375         6369        64.00
     286.975     0.985938         6380        71.11
     304.127     0.987500         6390        80.00
     318.719     0.989062         6400        91.43
     333.567     0.990625         6411       106.67
     358.399     0.992188         6420       128.00
     380.671     0.992969         6425       142.22
     387.071     0.993750         6430       160.00
     404.991     0.994531         6435       182.86
     416.767     0.995313         6440       213.33
     437.759     0.996094         6445       256.00
     445.439     0.996484         6448       284.44
     447.487     0.996875         6450       320.00
     455.935     0.997266         6453       365.71
     481.279     0.997656         6455       426.67
     498.175     0.998047         6458       512.00
     505.087     0.998242         6459       568.89
     505.855     0.998437         6460       640.00
     531.967     0.998633         6462       731.43
     550.911     0.998828         6463       853.33
     568.831     0.999023         6464      1024.00
     623.103     0.999121         6465      1137.78
     623.103     0.999219         6465      1280.00
     633.855     0.999316         6466      1462.86
     639.487     0.999414         6467      1706.67
     639.487     0.999512         6467      2048.00
     646.143     0.999561         6468      2275.56
     646.143     0.999609         6468      2560.00
     646.143     0.999658         6468      2925.71
     692.223     0.999707         6469      3413.33
     692.223     0.999756         6469      4096.00
     692.223     0.999780         6469      4551.11
     692.223     0.999805         6469      5120.00
     692.223     0.999829         6469      5851.43
     700.927     0.999854         6470      6826.67
     700.927     1.000000         6470          inf
#[Mean    =       34.186, StdDeviation   =       59.061]
#[Max     =      700.416, Total count    =         6470]
#[Buckets =           27, SubBuckets     =         2048]
-----------------------------------------------------------------------
  7775 requests in 1.02m, 1.37MB read
  Non-2xx or 3xx responses: 7
Requests/sec:    127.16  
Transfer/sec:     22.87KB
AUTOTEST_DONE
