Running 1m test @ http://10.1.0.42:8080/wrk2-api/review/compose
  8 threads and 16 connections

  Thread calibration: mean lat.: 8.462ms, rate sampling interval: 18ms
  Thread calibration: mean lat.: 7.838ms, rate sampling interval: 16ms
  Thread calibration: mean lat.: 8.238ms, rate sampling interval: 19ms
  Thread calibration: mean lat.: 8.105ms, rate sampling interval: 17ms
  Thread calibration: mean lat.: 7.922ms, rate sampling interval: 16ms
  Thread calibration: mean lat.: 7.838ms, rate sampling interval: 16ms
  Thread calibration: mean lat.: 7.960ms, rate sampling interval: 16ms
  Thread calibration: mean lat.: 8.817ms, rate sampling interval: 18ms

-----------------------------------------------------------------------
Test Results @ http://10.1.0.42:8080/wrk2-api/review/compose 
  Thread Stats   Avg      Stdev     99%   +/- Stdev
    Latency     8.22ms    1.27ms  12.77ms   85.19%
    Req/Sec     1.07      8.04    58.00     98.23%
  Latency Distribution (HdrHistogram - Recorded Latency)
 50.000%    7.86ms
 75.000%    8.31ms
 90.000%    9.98ms
 99.000%   12.77ms
 99.900%   14.65ms
 99.990%   14.65ms
 99.999%   14.65ms
100.000%   14.65ms

  Detailed Percentile spectrum:
       Value   Percentile   TotalCount 1/(1-Percentile)

       5.683     0.000000            1         1.00
       7.343     0.100000           45         1.11
       7.523     0.200000           87         1.25
       7.647     0.300000          131         1.43
       7.747     0.400000          173         1.67
       7.863     0.500000          216         2.00
       7.923     0.550000          239         2.22
       7.999     0.600000          260         2.50
       8.079     0.650000          282         2.86
       8.167     0.700000          303         3.33
       8.311     0.750000          324         4.00
       8.391     0.775000          336         4.44
       8.495     0.800000          347         5.00
       8.647     0.825000          357         5.71
       8.839     0.850000          368         6.67
       9.223     0.875000          379         8.00
       9.631     0.887500          384         8.89
       9.983     0.900000          389        10.00
      10.295     0.912500          395        11.43
      10.527     0.925000          400        13.33
      10.935     0.937500          405        16.00
      11.031     0.943750          408        17.78
      11.327     0.950000          411        20.00
      11.719     0.956250          414        22.86
      11.823     0.962500          416        26.67
      11.943     0.968750          419        32.00
      11.991     0.971875          420        35.56
      12.207     0.975000          422        40.00
      12.215     0.978125          423        45.71
      12.311     0.981250          424        53.33
      12.455     0.984375          426        64.00
      12.455     0.985938          426        71.11
      12.703     0.987500          427        80.00
      12.767     0.989062          428        91.43
      12.767     0.990625          428       106.67
      12.951     0.992188          429       128.00
      12.951     0.992969          429       142.22
      13.791     0.993750          430       160.00
      13.791     0.994531          430       182.86
      13.791     0.995313          430       213.33
      14.295     0.996094          431       256.00
      14.295     0.996484          431       284.44
      14.295     0.996875          431       320.00
      14.295     0.997266          431       365.71
      14.295     0.997656          431       426.67
      14.647     0.998047          432       512.00
      14.647     1.000000          432          inf
#[Mean    =        8.218, StdDeviation   =        1.274]
#[Max     =       14.640, Total count    =          432]
#[Buckets =           27, SubBuckets     =         2048]
-----------------------------------------------------------------------
  530 requests in 1.03m, 95.23KB read
  Socket errors: connect 0, read 0, write 0, timeout 156
Requests/sec:      8.55  
Transfer/sec:      1.54KB
AUTOTEST_DONE
