Running 1m test @ http://10.1.0.42:8080/wrk2-api/review/compose
  8 threads and 16 connections

  Thread calibration: mean lat.: 10.795ms, rate sampling interval: 31ms
  Thread calibration: mean lat.: 11.119ms, rate sampling interval: 23ms
  Thread calibration: mean lat.: 11.261ms, rate sampling interval: 22ms
  Thread calibration: mean lat.: 14.321ms, rate sampling interval: 36ms
  Thread calibration: mean lat.: 10.150ms, rate sampling interval: 21ms
  Thread calibration: mean lat.: 9.798ms, rate sampling interval: 21ms
  Thread calibration: mean lat.: 9.692ms, rate sampling interval: 21ms
  Thread calibration: mean lat.: 13.374ms, rate sampling interval: 28ms

-----------------------------------------------------------------------
Test Results @ http://10.1.0.42:8080/wrk2-api/review/compose 
  Thread Stats   Avg      Stdev     99%   +/- Stdev
    Latency    10.84ms    1.95ms  17.53ms   83.29%
    Req/Sec     1.07      6.80    47.00     97.47%
  Latency Distribution (HdrHistogram - Recorded Latency)
 50.000%   10.51ms
 75.000%   10.98ms
 90.000%   12.47ms
 99.000%   17.53ms
 99.900%   21.02ms
 99.990%   21.02ms
 99.999%   21.02ms
100.000%   21.02ms

  Detailed Percentile spectrum:
       Value   Percentile   TotalCount 1/(1-Percentile)

       5.827     0.000000            1         1.00
       9.655     0.100000           44         1.11
       9.991     0.200000           88         1.25
      10.207     0.300000          133         1.43
      10.359     0.400000          177         1.67
      10.511     0.500000          216         2.00
      10.575     0.550000          240         2.22
      10.639     0.600000          259         2.50
      10.751     0.650000          282         2.86
      10.839     0.700000          302         3.33
      10.975     0.750000          325         4.00
      11.039     0.775000          335         4.44
      11.111     0.800000          346         5.00
      11.175     0.825000          356         5.71
      11.295     0.850000          367         6.67
      11.599     0.875000          378         8.00
      11.807     0.887500          383         8.89
      12.471     0.900000          388        10.00
      13.079     0.912500          394        11.43
      14.767     0.925000          399        13.33
      15.247     0.937500          405        16.00
      15.599     0.943750          407        17.78
      15.871     0.950000          410        20.00
      16.303     0.956250          413        22.86
      16.375     0.962500          415        26.67
      16.927     0.968750          418        32.00
      17.007     0.971875          419        35.56
      17.103     0.975000          421        40.00
      17.135     0.978125          422        45.71
      17.231     0.981250          423        53.33
      17.295     0.984375          425        64.00
      17.295     0.985938          425        71.11
      17.359     0.987500          426        80.00
      17.535     0.989062          427        91.43
      17.535     0.990625          427       106.67
      17.839     0.992188          428       128.00
      17.839     0.992969          428       142.22
      17.855     0.993750          429       160.00
      17.855     0.994531          429       182.86
      17.855     0.995313          429       213.33
      20.271     0.996094          430       256.00
      20.271     0.996484          430       284.44
      20.271     0.996875          430       320.00
      20.271     0.997266          430       365.71
      20.271     0.997656          430       426.67
      21.023     0.998047          431       512.00
      21.023     1.000000          431          inf
#[Mean    =       10.841, StdDeviation   =        1.950]
#[Max     =       21.008, Total count    =          431]
#[Buckets =           27, SubBuckets     =         2048]
-----------------------------------------------------------------------
  528 requests in 1.03m, 94.88KB read
  Socket errors: connect 0, read 0, write 0, timeout 168
Requests/sec:      8.51  
Transfer/sec:      1.53KB
AUTOTEST_DONE
