Running 1m test @ http://10.1.0.42:8080/wrk2-api/review/compose
  8 threads and 16 connections

  Thread calibration: mean lat.: 13.979ms, rate sampling interval: 45ms
  Thread calibration: mean lat.: 11.517ms, rate sampling interval: 28ms
  Thread calibration: mean lat.: 11.250ms, rate sampling interval: 31ms
  Thread calibration: mean lat.: 11.351ms, rate sampling interval: 31ms
  Thread calibration: mean lat.: 13.519ms, rate sampling interval: 40ms
  Thread calibration: mean lat.: 11.996ms, rate sampling interval: 33ms
  Thread calibration: mean lat.: 11.330ms, rate sampling interval: 32ms
  Thread calibration: mean lat.: 11.736ms, rate sampling interval: 32ms

-----------------------------------------------------------------------
Test Results @ http://10.1.0.42:8080/wrk2-api/review/compose 
  Thread Stats   Avg      Stdev     99%   +/- Stdev
    Latency    12.64ms    4.61ms  28.70ms   83.90%
    Req/Sec     3.95     11.01    37.00     87.70%
  Latency Distribution (HdrHistogram - Recorded Latency)
 50.000%   10.41ms
 75.000%   15.17ms
 90.000%   18.38ms
 99.000%   28.70ms
 99.900%   37.22ms
 99.990%   38.56ms
 99.999%   38.56ms
100.000%   38.56ms

  Detailed Percentile spectrum:
       Value   Percentile   TotalCount 1/(1-Percentile)

       5.407     0.000000            1         1.00
       9.423     0.100000          162         1.11
       9.751     0.200000          326         1.25
       9.975     0.300000          485         1.43
      10.199     0.400000          649         1.67
      10.415     0.500000          809         2.00
      10.583     0.550000          886         2.22
      10.887     0.600000          967         2.50
      11.839     0.650000         1046         2.86
      13.743     0.700000         1127         3.33
      15.167     0.750000         1209         4.00
      15.631     0.775000         1247         4.44
      16.031     0.800000         1288         5.00
      16.399     0.825000         1328         5.71
      16.847     0.850000         1369         6.67
      17.391     0.875000         1408         8.00
      17.727     0.887500         1428         8.89
      18.463     0.900000         1449        10.00
      19.519     0.912500         1469        11.43
      20.447     0.925000         1489        13.33
      21.759     0.937500         1509        16.00
      22.159     0.943750         1520        17.78
      22.543     0.950000         1529        20.00
      22.879     0.956250         1539        22.86
      23.343     0.962500         1549        26.67
      23.935     0.968750         1559        32.00
      24.287     0.971875         1564        35.56
      25.375     0.975000         1569        40.00
      25.935     0.978125         1574        45.71
      26.639     0.981250         1579        53.33
      27.839     0.984375         1585        64.00
      28.239     0.985938         1587        71.11
      28.447     0.987500         1589        80.00
      28.655     0.989062         1592        91.43
      28.847     0.990625         1595       106.67
      29.567     0.992188         1597       128.00
      29.823     0.992969         1598       142.22
      29.887     0.993750         1599       160.00
      31.119     0.994531         1601       182.86
      31.599     0.995313         1602       213.33
      34.079     0.996094         1603       256.00
      34.879     0.996484         1604       284.44
      34.879     0.996875         1604       320.00
      34.943     0.997266         1605       365.71
      35.455     0.997656         1606       426.67
      35.455     0.998047         1606       512.00
      37.215     0.998242         1607       568.89
      37.215     0.998437         1607       640.00
      37.215     0.998633         1607       731.43
      37.983     0.998828         1608       853.33
      37.983     0.999023         1608      1024.00
      37.983     0.999121         1608      1137.78
      37.983     0.999219         1608      1280.00
      37.983     0.999316         1608      1462.86
      38.559     0.999414         1609      1706.67
      38.559     1.000000         1609          inf
#[Mean    =       12.640, StdDeviation   =        4.609]
#[Max     =       38.528, Total count    =         1609]
#[Buckets =           27, SubBuckets     =         2048]
-----------------------------------------------------------------------
  1964 requests in 1.03m, 352.91KB read
  Socket errors: connect 0, read 0, write 0, timeout 11
Requests/sec:     31.75  
Transfer/sec:      5.70KB
AUTOTEST_DONE
