Running 1m test @ http://10.1.0.44:8080
  8 threads and 16 connections

  Thread calibration: mean lat.: 3.209ms, rate sampling interval: 12ms
  Thread calibration: mean lat.: 3.177ms, rate sampling interval: 12ms
  Thread calibration: mean lat.: 3.241ms, rate sampling interval: 13ms
  Thread calibration: mean lat.: 3.433ms, rate sampling interval: 13ms
  Thread calibration: mean lat.: 3.174ms, rate sampling interval: 12ms
  Thread calibration: mean lat.: 3.268ms, rate sampling interval: 12ms
  Thread calibration: mean lat.: 3.301ms, rate sampling interval: 12ms
  Thread calibration: mean lat.: 3.190ms, rate sampling interval: 12ms

-----------------------------------------------------------------------
Test Results @ http://10.1.0.44:8080 
  Thread Stats   Avg      Stdev     99%   +/- Stdev
    Latency     3.50ms    2.49ms  12.64ms   85.62%
    Req/Sec    66.52     75.54   272.00     81.56%
  Latency Distribution (HdrHistogram - Recorded Latency)
 50.000%    2.55ms
 75.000%    3.96ms
 90.000%    7.18ms
 99.000%   12.64ms
 99.900%   18.45ms
 99.990%   25.33ms
 99.999%   30.38ms
100.000%   30.38ms

  Detailed Percentile spectrum:
       Value   Percentile   TotalCount 1/(1-Percentile)

       1.059     0.000000            1         1.00
       1.631     0.100000         2616         1.11
       1.838     0.200000         5227         1.25
       2.059     0.300000         7830         1.43
       2.273     0.400000        10440         1.67
       2.547     0.500000        13061         2.00
       2.721     0.550000        14364         2.22
       2.921     0.600000        15668         2.50
       3.165     0.650000        16971         2.86
       3.493     0.700000        18268         3.33
       3.963     0.750000        19570         4.00
       4.283     0.775000        20224         4.44
       4.691     0.800000        20877         5.00
       5.191     0.825000        21532         5.71
       5.831     0.850000        22184         6.67
       6.463     0.875000        22834         8.00
       6.815     0.887500        23158         8.89
       7.183     0.900000        23488        10.00
       7.519     0.912500        23810        11.43
       7.875     0.925000        24141        13.33
       8.263     0.937500        24471        16.00
       8.495     0.943750        24627        17.78
       8.743     0.950000        24789        20.00
       9.039     0.956250        24956        22.86
       9.375     0.962500        25115        26.67
       9.767     0.968750        25283        32.00
      10.055     0.971875        25365        35.56
      10.319     0.975000        25442        40.00
      10.639     0.978125        25523        45.71
      11.095     0.981250        25605        53.33
      11.487     0.984375        25686        64.00
      11.735     0.985938        25727        71.11
      12.015     0.987500        25767        80.00
      12.343     0.989062        25809        91.43
      12.879     0.990625        25851       106.67
      13.279     0.992188        25892       128.00
      13.479     0.992969        25910       142.22
      13.751     0.993750        25931       160.00
      14.183     0.994531        25951       182.86
      14.583     0.995313        25972       213.33
      15.055     0.996094        25992       256.00
      15.231     0.996484        26002       284.44
      15.511     0.996875        26012       320.00
      15.703     0.997266        26022       365.71
      16.095     0.997656        26032       426.67
      16.607     0.998047        26044       512.00
      16.783     0.998242        26048       568.89
      17.343     0.998437        26054       640.00
      17.967     0.998633        26058       731.43
      18.239     0.998828        26063       853.33
      18.495     0.999023        26069      1024.00
      18.607     0.999121        26071      1137.78
      18.703     0.999219        26073      1280.00
      18.895     0.999316        26076      1462.86
      19.391     0.999414        26078      1706.67
      20.095     0.999512        26081      2048.00
      20.111     0.999561        26082      2275.56
      20.591     0.999609        26083      2560.00
      21.535     0.999658        26085      2925.71
      22.111     0.999707        26086      3413.33
      22.271     0.999756        26087      4096.00
      23.103     0.999780        26088      4551.11
      23.103     0.999805        26088      5120.00
      24.479     0.999829        26089      5851.43
      25.327     0.999854        26090      6826.67
      25.327     0.999878        26090      8192.00
      27.311     0.999890        26091      9102.22
      27.311     0.999902        26091     10240.00
      27.311     0.999915        26091     11702.86
      29.967     0.999927        26092     13653.33
      29.967     0.999939        26092     16384.00
      29.967     0.999945        26092     18204.44
      29.967     0.999951        26092     20480.00
      29.967     0.999957        26092     23405.71
      30.383     0.999963        26093     27306.67
      30.383     1.000000        26093          inf
#[Mean    =        3.503, StdDeviation   =        2.487]
#[Max     =       30.368, Total count    =        26093]
#[Buckets =           27, SubBuckets     =         2048]
-----------------------------------------------------------------------
  31194 requests in 1.02m, 6.13MB read
  Non-2xx or 3xx responses: 3124
Requests/sec:    511.23  
Transfer/sec:    102.80KB
AUTOTEST_DONE
