Running 1m test @ http://10.1.0.44:8080
  8 threads and 16 connections

  Thread calibration: mean lat.: 2.751ms, rate sampling interval: 13ms
  Thread calibration: mean lat.: 2.640ms, rate sampling interval: 13ms
  Thread calibration: mean lat.: 2.675ms, rate sampling interval: 12ms
  Thread calibration: mean lat.: 2.739ms, rate sampling interval: 13ms
  Thread calibration: mean lat.: 2.760ms, rate sampling interval: 13ms
  Thread calibration: mean lat.: 2.630ms, rate sampling interval: 12ms
  Thread calibration: mean lat.: 2.851ms, rate sampling interval: 13ms
  Thread calibration: mean lat.: 2.831ms, rate sampling interval: 14ms

-----------------------------------------------------------------------
Test Results @ http://10.1.0.44:8080 
  Thread Stats   Avg      Stdev     99%   +/- Stdev
    Latency     2.70ms    2.75ms  12.54ms   87.38%
    Req/Sec   132.73    103.82   416.00     64.64%
  Latency Distribution (HdrHistogram - Recorded Latency)
 50.000%    1.77ms
 75.000%    2.51ms
 90.000%    6.64ms
 99.000%   12.54ms
 99.900%   21.60ms
 99.990%   62.94ms
 99.999%   70.08ms
100.000%   70.27ms

  Detailed Percentile spectrum:
       Value   Percentile   TotalCount 1/(1-Percentile)

       0.667     0.000000            1         1.00
       1.156     0.100000         5228         1.11
       1.266     0.200000        10467         1.25
       1.402     0.300000        15674         1.43
       1.598     0.400000        20887         1.67
       1.775     0.500000        26115         2.00
       1.860     0.550000        28737         2.22
       1.963     0.600000        31348         2.50
       2.093     0.650000        33952         2.86
       2.265     0.700000        36550         3.33
       2.509     0.750000        39165         4.00
       2.681     0.775000        40467         4.44
       2.909     0.800000        41772         5.00
       3.261     0.825000        43080         5.71
       3.943     0.850000        44382         6.67
       5.523     0.875000        45691         8.00
       6.119     0.887500        46346         8.89
       6.643     0.900000        46993        10.00
       6.995     0.912500        47650        11.43
       7.315     0.925000        48304        13.33
       7.707     0.937500        48955        16.00
       7.939     0.943750        49279        17.78
       8.231     0.950000        49604        20.00
       8.591     0.956250        49931        22.86
       9.023     0.962500        50258        26.67
       9.551     0.968750        50583        32.00
       9.823     0.971875        50746        35.56
      10.143     0.975000        50911        40.00
      10.495     0.978125        51073        45.71
      10.943     0.981250        51236        53.33
      11.399     0.984375        51399        64.00
      11.679     0.985938        51485        71.11
      11.959     0.987500        51566        80.00
      12.319     0.989062        51644        91.43
      12.735     0.990625        51727       106.67
      13.327     0.992188        51807       128.00
      13.655     0.992969        51847       142.22
      13.975     0.993750        51888       160.00
      14.439     0.994531        51929       182.86
      14.967     0.995313        51970       213.33
      15.423     0.996094        52011       256.00
      15.855     0.996484        52031       284.44
      16.335     0.996875        52052       320.00
      16.687     0.997266        52073       365.71
      17.247     0.997656        52092       426.67
      18.063     0.998047        52113       512.00
      18.671     0.998242        52123       568.89
      19.391     0.998437        52133       640.00
      19.871     0.998633        52143       731.43
      20.719     0.998828        52153       853.33
      22.495     0.999023        52164      1024.00
      25.215     0.999121        52169      1137.78
      26.447     0.999219        52174      1280.00
      30.191     0.999316        52179      1462.86
      30.991     0.999414        52184      1706.67
      31.567     0.999512        52189      2048.00
      34.271     0.999561        52192      2275.56
      39.807     0.999609        52194      2560.00
      42.463     0.999658        52197      2925.71
      44.063     0.999707        52199      3413.33
      48.735     0.999756        52202      4096.00
      50.207     0.999780        52203      4551.11
      50.559     0.999805        52204      5120.00
      51.423     0.999829        52206      5851.43
      55.839     0.999854        52207      6826.67
      56.831     0.999878        52208      8192.00
      62.943     0.999890        52209      9102.22
      62.943     0.999902        52209     10240.00
      64.959     0.999915        52210     11702.86
      68.991     0.999927        52211     13653.33
      68.991     0.999939        52211     16384.00
      69.119     0.999945        52212     18204.44
      69.119     0.999951        52212     20480.00
      69.119     0.999957        52212     23405.71
      70.079     0.999963        52213     27306.67
      70.079     0.999969        52213     32768.00
      70.079     0.999973        52213     36408.89
      70.079     0.999976        52213     40960.00
      70.079     0.999979        52213     46811.43
      70.271     0.999982        52214     54613.33
      70.271     1.000000        52214          inf
#[Mean    =        2.701, StdDeviation   =        2.745]
#[Max     =       70.208, Total count    =        52214]
#[Buckets =           27, SubBuckets     =         2048]
-----------------------------------------------------------------------
  62362 requests in 1.02m, 12.24MB read
  Non-2xx or 3xx responses: 6214
Requests/sec:   1021.72  
Transfer/sec:    205.42KB
AUTOTEST_DONE
