Running 1m test @ http://10.1.0.44:8080
  8 threads and 16 connections

  Thread calibration: mean lat.: 3.081ms, rate sampling interval: 11ms
  Thread calibration: mean lat.: 2.853ms, rate sampling interval: 10ms
  Thread calibration: mean lat.: 2.932ms, rate sampling interval: 11ms
  Thread calibration: mean lat.: 2.708ms, rate sampling interval: 10ms
  Thread calibration: mean lat.: 2.815ms, rate sampling interval: 11ms
  Thread calibration: mean lat.: 2.539ms, rate sampling interval: 10ms
  Thread calibration: mean lat.: 3.196ms, rate sampling interval: 11ms
  Thread calibration: mean lat.: 3.026ms, rate sampling interval: 10ms

-----------------------------------------------------------------------
Test Results @ http://10.1.0.44:8080 
  Thread Stats   Avg      Stdev     99%   +/- Stdev
    Latency     2.68ms    1.85ms   8.49ms   80.64%
    Req/Sec     8.24     28.77   111.00     92.06%
  Latency Distribution (HdrHistogram - Recorded Latency)
 50.000%    1.86ms
 75.000%    3.91ms
 90.000%    5.22ms
 99.000%    8.49ms
 99.900%   10.06ms
 99.990%   11.30ms
 99.999%   11.30ms
100.000%   11.30ms

  Detailed Percentile spectrum:
       Value   Percentile   TotalCount 1/(1-Percentile)

       0.768     0.000000            1         1.00
       0.944     0.100000          326         1.11
       1.059     0.200000          645         1.25
       1.299     0.300000          968         1.43
       1.569     0.400000         1290         1.67
       1.863     0.500000         1612         2.00
       2.229     0.550000         1773         2.22
       2.631     0.600000         1934         2.50
       3.081     0.650000         2096         2.86
       3.549     0.700000         2258         3.33
       3.917     0.750000         2419         4.00
       4.159     0.775000         2498         4.44
       4.391     0.800000         2579         5.00
       4.615     0.825000         2660         5.71
       4.775     0.850000         2741         6.67
       4.955     0.875000         2821         8.00
       5.083     0.887500         2863         8.89
       5.215     0.900000         2902        10.00
       5.307     0.912500         2942        11.43
       5.415     0.925000         2982        13.33
       5.603     0.937500         3024        16.00
       5.723     0.943750         3042        17.78
       5.919     0.950000         3062        20.00
       6.271     0.956250         3082        22.86
       6.703     0.962500         3103        26.67
       7.107     0.968750         3123        32.00
       7.295     0.971875         3133        35.56
       7.495     0.975000         3143        40.00
       7.751     0.978125         3153        45.71
       8.023     0.981250         3163        53.33
       8.215     0.984375         3173        64.00
       8.295     0.985938         3178        71.11
       8.335     0.987500         3183        80.00
       8.423     0.989062         3188        91.43
       8.535     0.990625         3193       106.67
       8.735     0.992188         3198       128.00
       8.927     0.992969         3201       142.22
       8.959     0.993750         3204       160.00
       9.055     0.994531         3206       182.86
       9.079     0.995313         3208       213.33
       9.319     0.996094         3212       256.00
       9.319     0.996484         3212       284.44
       9.375     0.996875         3213       320.00
       9.439     0.997266         3215       365.71
       9.567     0.997656         3216       426.67
       9.575     0.998047         3217       512.00
       9.775     0.998242         3218       568.89
       9.775     0.998437         3218       640.00
       9.935     0.998633         3219       731.43
      10.055     0.998828         3220       853.33
      10.055     0.999023         3220      1024.00
      10.167     0.999121         3221      1137.78
      10.167     0.999219         3221      1280.00
      10.167     0.999316         3221      1462.86
      10.207     0.999414         3222      1706.67
      10.207     0.999512         3222      2048.00
      10.207     0.999561         3222      2275.56
      10.207     0.999609         3222      2560.00
      10.207     0.999658         3222      2925.71
      11.295     0.999707         3223      3413.33
      11.295     1.000000         3223          inf
#[Mean    =        2.676, StdDeviation   =        1.848]
#[Max     =       11.288, Total count    =         3223]
#[Buckets =           27, SubBuckets     =         2048]
-----------------------------------------------------------------------
  3914 requests in 1.02m, 786.57KB read
  Non-2xx or 3xx responses: 385
Requests/sec:     63.99  
Transfer/sec:     12.86KB
AUTOTEST_DONE
