Running 1m test @ http://10.1.0.44:8080
  8 threads and 16 connections

  Thread calibration: mean lat.: 3.052ms, rate sampling interval: 11ms
  Thread calibration: mean lat.: 3.110ms, rate sampling interval: 11ms
  Thread calibration: mean lat.: 3.014ms, rate sampling interval: 10ms
  Thread calibration: mean lat.: 3.076ms, rate sampling interval: 11ms
  Thread calibration: mean lat.: 3.094ms, rate sampling interval: 11ms
  Thread calibration: mean lat.: 3.182ms, rate sampling interval: 11ms
  Thread calibration: mean lat.: 3.143ms, rate sampling interval: 11ms
  Thread calibration: mean lat.: 2.868ms, rate sampling interval: 10ms

-----------------------------------------------------------------------
Test Results @ http://10.1.0.44:8080 
  Thread Stats   Avg      Stdev     99%   +/- Stdev
    Latency     2.99ms    2.05ms   9.26ms   77.24%
    Req/Sec    66.79     81.75   300.00     84.75%
  Latency Distribution (HdrHistogram - Recorded Latency)
 50.000%    2.38ms
 75.000%    4.38ms
 90.000%    5.49ms
 99.000%    9.26ms
 99.900%   11.95ms
 99.990%   23.34ms
 99.999%   39.49ms
100.000%   39.49ms

  Detailed Percentile spectrum:
       Value   Percentile   TotalCount 1/(1-Percentile)

       0.700     0.000000            1         1.00
       0.963     0.100000         2616         1.11
       1.143     0.200000         5221         1.25
       1.436     0.300000         7838         1.43
       1.741     0.400000        10443         1.67
       2.379     0.500000        13047         2.00
       2.775     0.550000        14351         2.22
       3.191     0.600000        15658         2.50
       3.605     0.650000        16960         2.86
       3.993     0.700000        18269         3.33
       4.375     0.750000        19575         4.00
       4.563     0.775000        20231         4.44
       4.727     0.800000        20879         5.00
       4.883     0.825000        21529         5.71
       5.047     0.850000        22193         6.67
       5.227     0.875000        22834         8.00
       5.343     0.887500        23161         8.89
       5.487     0.900000        23491        10.00
       5.663     0.912500        23810        11.43
       5.907     0.925000        24138        13.33
       6.279     0.937500        24463        16.00
       6.539     0.943750        24628        17.78
       6.815     0.950000        24788        20.00
       7.151     0.956250        24956        22.86
       7.459     0.962500        25115        26.67
       7.807     0.968750        25280        32.00
       7.979     0.971875        25362        35.56
       8.119     0.975000        25440        40.00
       8.319     0.978125        25522        45.71
       8.511     0.981250        25605        53.33
       8.767     0.984375        25687        64.00
       8.919     0.985938        25727        71.11
       9.039     0.987500        25769        80.00
       9.151     0.989062        25807        91.43
       9.311     0.990625        25850       106.67
       9.455     0.992188        25892       128.00
       9.567     0.992969        25909       142.22
       9.727     0.993750        25930       160.00
       9.903     0.994531        25953       182.86
      10.119     0.995313        25971       213.33
      10.335     0.996094        25995       256.00
      10.431     0.996484        26001       284.44
      10.623     0.996875        26011       320.00
      10.879     0.997266        26021       365.71
      11.079     0.997656        26031       426.67
      11.367     0.998047        26042       512.00
      11.495     0.998242        26048       568.89
      11.599     0.998437        26052       640.00
      11.671     0.998633        26057       731.43
      11.727     0.998828        26062       853.33
      11.959     0.999023        26067      1024.00
      12.359     0.999121        26070      1137.78
      12.535     0.999219        26072      1280.00
      12.791     0.999316        26075      1462.86
      12.831     0.999414        26077      1706.67
      12.999     0.999512        26080      2048.00
      13.071     0.999561        26081      2275.56
      13.343     0.999609        26082      2560.00
      13.959     0.999658        26084      2925.71
      14.015     0.999707        26085      3413.33
      14.207     0.999756        26086      4096.00
      14.431     0.999780        26087      4551.11
      14.431     0.999805        26087      5120.00
      14.943     0.999829        26088      5851.43
      23.343     0.999854        26089      6826.67
      23.343     0.999878        26089      8192.00
      24.447     0.999890        26090      9102.22
      24.447     0.999902        26090     10240.00
      24.447     0.999915        26090     11702.86
      38.495     0.999927        26091     13653.33
      38.495     0.999939        26091     16384.00
      38.495     0.999945        26091     18204.44
      38.495     0.999951        26091     20480.00
      38.495     0.999957        26091     23405.71
      39.487     0.999963        26092     27306.67
      39.487     1.000000        26092          inf
#[Mean    =        2.987, StdDeviation   =        2.052]
#[Max     =       39.456, Total count    =        26092]
#[Buckets =           27, SubBuckets     =         2048]
-----------------------------------------------------------------------
  31196 requests in 1.02m, 6.12MB read
  Non-2xx or 3xx responses: 3062
Requests/sec:    511.16  
Transfer/sec:    102.72KB
AUTOTEST_DONE
