Running 1m test @ http://10.1.0.44:8080
  8 threads and 16 connections

  Thread calibration: mean lat.: 3.496ms, rate sampling interval: 12ms
  Thread calibration: mean lat.: 3.605ms, rate sampling interval: 12ms
  Thread calibration: mean lat.: 3.447ms, rate sampling interval: 12ms
  Thread calibration: mean lat.: 3.479ms, rate sampling interval: 12ms
  Thread calibration: mean lat.: 3.604ms, rate sampling interval: 13ms
  Thread calibration: mean lat.: 3.540ms, rate sampling interval: 13ms
  Thread calibration: mean lat.: 3.469ms, rate sampling interval: 12ms
  Thread calibration: mean lat.: 3.537ms, rate sampling interval: 13ms

-----------------------------------------------------------------------
Test Results @ http://10.1.0.44:8080 
  Thread Stats   Avg      Stdev     99%   +/- Stdev
    Latency     3.59ms    2.37ms  11.07ms   73.80%
    Req/Sec   133.01    107.16   454.00     60.59%
  Latency Distribution (HdrHistogram - Recorded Latency)
 50.000%    3.14ms
 75.000%    4.93ms
 90.000%    6.49ms
 99.000%   11.07ms
 99.900%   15.76ms
 99.990%   25.66ms
 99.999%   28.58ms
100.000%   31.63ms

  Detailed Percentile spectrum:
       Value   Percentile   TotalCount 1/(1-Percentile)

       0.699     0.000000            1         1.00
       1.099     0.100000         5226         1.11
       1.440     0.200000        10461         1.25
       1.817     0.300000        15675         1.43
       2.405     0.400000        20888         1.67
       3.141     0.500000        26110         2.00
       3.527     0.550000        28726         2.22
       3.911     0.600000        31333         2.50
       4.275     0.650000        33956         2.86
       4.611     0.700000        36580         3.33
       4.931     0.750000        39191         4.00
       5.095     0.775000        40482         4.44
       5.267     0.800000        41791         5.00
       5.471     0.825000        43087         5.71
       5.715     0.850000        44393         6.67
       6.043     0.875000        45688         8.00
       6.247     0.887500        46352         8.89
       6.495     0.900000        46995        10.00
       6.827     0.912500        47646        11.43
       7.195     0.925000        48301        13.33
       7.663     0.937500        48953        16.00
       7.895     0.943750        49280        17.78
       8.151     0.950000        49605        20.00
       8.439     0.956250        49935        22.86
       8.743     0.962500        50261        26.67
       9.095     0.968750        50593        32.00
       9.279     0.971875        50746        35.56
       9.471     0.975000        50909        40.00
       9.695     0.978125        51073        45.71
       9.927     0.981250        51236        53.33
      10.223     0.984375        51401        64.00
      10.391     0.985938        51484        71.11
      10.647     0.987500        51564        80.00
      10.895     0.989062        51645        91.43
      11.191     0.990625        51726       106.67
      11.559     0.992188        51811       128.00
      11.759     0.992969        51847       142.22
      12.031     0.993750        51889       160.00
      12.231     0.994531        51930       182.86
      12.519     0.995313        51970       213.33
      12.855     0.996094        52011       256.00
      13.055     0.996484        52031       284.44
      13.167     0.996875        52051       320.00
      13.455     0.997266        52072       365.71
      13.815     0.997656        52092       426.67
      14.279     0.998047        52113       512.00
      14.559     0.998242        52123       568.89
      14.751     0.998437        52133       640.00
      15.007     0.998633        52144       731.43
      15.327     0.998828        52153       853.33
      15.799     0.999023        52164      1024.00
      16.063     0.999121        52169      1137.78
      16.271     0.999219        52174      1280.00
      16.863     0.999316        52179      1462.86
      17.487     0.999414        52184      1706.67
      18.143     0.999512        52189      2048.00
      18.319     0.999561        52192      2275.56
      18.639     0.999609        52194      2560.00
      19.151     0.999658        52197      2925.71
      20.511     0.999707        52199      3413.33
      21.855     0.999756        52202      4096.00
      22.143     0.999780        52203      4551.11
      22.527     0.999805        52204      5120.00
      23.999     0.999829        52206      5851.43
      24.655     0.999854        52207      6826.67
      25.327     0.999878        52208      8192.00
      25.663     0.999890        52209      9102.22
      25.663     0.999902        52209     10240.00
      25.919     0.999915        52210     11702.86
      28.223     0.999927        52211     13653.33
      28.223     0.999939        52211     16384.00
      28.463     0.999945        52212     18204.44
      28.463     0.999951        52212     20480.00
      28.463     0.999957        52212     23405.71
      28.575     0.999963        52213     27306.67
      28.575     0.999969        52213     32768.00
      28.575     0.999973        52213     36408.89
      28.575     0.999976        52213     40960.00
      28.575     0.999979        52213     46811.43
      31.631     0.999982        52214     54613.33
      31.631     1.000000        52214          inf
#[Mean    =        3.585, StdDeviation   =        2.375]
#[Max     =       31.616, Total count    =        52214]
#[Buckets =           27, SubBuckets     =         2048]
-----------------------------------------------------------------------
  62359 requests in 1.02m, 12.24MB read
  Non-2xx or 3xx responses: 6088
Requests/sec:   1021.67  
Transfer/sec:    205.27KB
AUTOTEST_DONE
