Running 1m test @ http://10.1.0.44:8080
  8 threads and 16 connections

  Thread calibration: mean lat.: 681.144ms, rate sampling interval: 2398ms
  Thread calibration: mean lat.: 534.547ms, rate sampling interval: 1900ms
  Thread calibration: mean lat.: 543.360ms, rate sampling interval: 1818ms
  Thread calibration: mean lat.: 472.040ms, rate sampling interval: 1772ms
  Thread calibration: mean lat.: 487.717ms, rate sampling interval: 1466ms
  Thread calibration: mean lat.: 637.436ms, rate sampling interval: 2306ms
  Thread calibration: mean lat.: 516.975ms, rate sampling interval: 1600ms
  Thread calibration: mean lat.: 569.915ms, rate sampling interval: 1838ms

-----------------------------------------------------------------------
Test Results @ http://10.1.0.44:8080 
  Thread Stats   Avg      Stdev     99%   +/- Stdev
    Latency     4.88s     3.62s   14.47s    72.30%
    Req/Sec   377.48     95.26   503.00     45.16%
  Latency Distribution (HdrHistogram - Recorded Latency)
 50.000%    3.70s 
 75.000%    6.13s 
 90.000%   11.35s 
 99.000%   14.47s 
 99.900%   15.05s 
 99.990%   15.36s 
 99.999%   15.40s 
100.000%   15.41s 

  Detailed Percentile spectrum:
       Value   Percentile   TotalCount 1/(1-Percentile)

     483.071     0.000000            2         1.00
    1262.591     0.100000        15352         1.11
    1970.175     0.200000        30675         1.25
    2975.743     0.300000        46070         1.43
    3381.247     0.400000        61456         1.67
    3700.735     0.500000        76709         2.00
    3923.967     0.550000        84439         2.22
    4118.527     0.600000        92030         2.50
    4313.087     0.650000        99778         2.86
    4644.863     0.700000       107376         3.33
    6131.711     0.750000       115042         4.00
    6942.719     0.775000       118871         4.44
    7790.591     0.800000       122710         5.00
    8568.831     0.825000       126534         5.71
    9543.679     0.850000       130382         6.67
   10518.527     0.875000       134206         8.00
   10928.127     0.887500       136149         8.89
   11354.111     0.900000       138074        10.00
   11739.135     0.912500       139967        11.43
   12173.311     0.925000       141883        13.33
   12615.679     0.937500       143818        16.00
   12812.287     0.943750       144762        17.78
   13025.279     0.950000       145720        20.00
   13230.079     0.956250       146699        22.86
   13418.495     0.962500       147657        26.67
   13623.295     0.968750       148582        32.00
   13746.175     0.971875       149071        35.56
   13852.671     0.975000       149566        40.00
   13959.167     0.978125       150032        45.71
   14073.855     0.981250       150531        53.33
   14221.311     0.984375       150994        64.00
   14295.039     0.985938       151219        71.11
   14360.575     0.987500       151458        80.00
   14434.303     0.989062       151699        91.43
   14491.647     0.990625       151967       106.67
   14557.183     0.992188       152185       128.00
   14598.143     0.992969       152316       142.22
   14639.103     0.993750       152432       160.00
   14680.063     0.994531       152565       182.86
   14712.831     0.995313       152663       213.33
   14761.983     0.996094       152774       256.00
   14794.751     0.996484       152842       284.44
   14835.711     0.996875       152906       320.00
   14868.479     0.997266       152954       365.71
   14901.247     0.997656       153018       426.67
   14950.399     0.998047       153080       512.00
   14974.975     0.998242       153113       568.89
   14999.551     0.998437       153146       640.00
   15015.935     0.998633       153166       731.43
   15032.319     0.998828       153196       853.33
   15056.895     0.999023       153228      1024.00
   15097.855     0.999121       153247      1137.78
   15106.047     0.999219       153254      1280.00
   15122.431     0.999316       153270      1462.86
   15147.007     0.999414       153284      1706.67
   15179.775     0.999512       153302      2048.00
   15196.159     0.999561       153310      2275.56
   15204.351     0.999609       153317      2560.00
   15212.543     0.999658       153326      2925.71
   15228.927     0.999707       153329      3413.33
   15278.079     0.999756       153337      4096.00
   15294.463     0.999780       153341      4551.11
   15302.655     0.999805       153345      5120.00
   15310.847     0.999829       153348      5851.43
   15327.231     0.999854       153353      6826.67
   15335.423     0.999878       153355      8192.00
   15359.999     0.999890       153358      9102.22
   15368.191     0.999902       153359     10240.00
   15376.383     0.999915       153362     11702.86
   15376.383     0.999927       153362     13653.33
   15392.767     0.999939       153366     16384.00
   15392.767     0.999945       153366     18204.44
   15392.767     0.999951       153366     20480.00
   15400.959     0.999957       153372     23405.71
   15400.959     0.999963       153372     27306.67
   15400.959     0.999969       153372     32768.00
   15400.959     0.999973       153372     36408.89
   15400.959     0.999976       153372     40960.00
   15400.959     0.999979       153372     46811.43
   15400.959     0.999982       153372     54613.33
   15400.959     0.999985       153372     65536.00
   15400.959     0.999986       153372     72817.78
   15400.959     0.999988       153372     81920.00
   15400.959     0.999989       153372     93622.86
   15400.959     0.999991       153372    109226.67
   15400.959     0.999992       153372    131072.00
   15400.959     0.999993       153372    145635.56
   15409.151     0.999994       153373    163840.00
   15409.151     1.000000       153373          inf
#[Mean    =     4876.922, StdDeviation   =     3616.642]
#[Max     =    15400.960, Total count    =       153373]
#[Buckets =           27, SubBuckets     =         2048]
-----------------------------------------------------------------------
  190397 requests in 1.02m, 37.38MB read
  Non-2xx or 3xx responses: 18971
Requests/sec:   3120.60  
Transfer/sec:    627.40KB
AUTOTEST_DONE
