/nix/store/2vwkssqpzykk37r996cafq7x63imf4sp-openjdk-21+35/bin/java  -classpath /nix/store/zw02np72fzsmga6s5mphhw7x8qlzf4sv-ycsb-0.17.0/share/conf:/nix/store/zw02np72fzsmga6s5mphhw7x8qlzf4sv-ycsb-0.17.0/share/lib/core-0.17.0.jar:/nix/store/zw02np72fzsmga6s5mphhw7x8qlzf4sv-ycsb-0.17.0/share/lib/HdrHistogram-2.1.4.jar:/nix/store/zw02np72fzsmga6s5mphhw7x8qlzf4sv-ycsb-0.17.0/share/lib/htrace-core4-4.1.0-incubating.jar:/nix/store/zw02np72fzsmga6s5mphhw7x8qlzf4sv-ycsb-0.17.0/share/lib/jackson-core-asl-1.9.4.jar:/nix/store/zw02np72fzsmga6s5mphhw7x8qlzf4sv-ycsb-0.17.0/share/lib/jackson-mapper-asl-1.9.4.jar:/nix/store/zw02np72fzsmga6s5mphhw7x8qlzf4sv-ycsb-0.17.0/share/redis-binding/lib/commons-pool2-2.4.2.jar:/nix/store/zw02np72fzsmga6s5mphhw7x8qlzf4sv-ycsb-0.17.0/share/redis-binding/lib/jedis-2.9.0.jar:/nix/store/zw02np72fzsmga6s5mphhw7x8qlzf4sv-ycsb-0.17.0/share/redis-binding/lib/redis-binding-0.17.0.jar site.ycsb.Client -t -db site.ycsb.db.RedisClient -s -P /home/host/vmuxIO/test/moonprogs//../../ycsb/share/workloads/workloada -p redis.host=10.1.0.2 -p redis.port=6390 -p operationcount=429496729 -p maxexecutiontime=61 -threads 1
Command line: -t -db site.ycsb.db.RedisClient -s -P /home/host/vmuxIO/test/moonprogs//../../ycsb/share/workloads/workloada -p redis.host=10.1.0.2 -p redis.port=6390 -p operationcount=429496729 -p maxexecutiontime=61 -threads 1
YCSB Client 0.17.0

Loading workload...
Starting test.
Maximum execution time specified as: 61 secs
DBWrapper: report latency for each error is false and specific error codes to track for latency are: []
2025-02-10 03:40:21:423 0 sec: 0 operations; est completion in 0 second 
2025-02-10 03:40:31:164 10 sec: 49351 operations; 4934.61 current ops/sec; est completion in 1 day [READ: Count=24781, Max=26543, Min=77, Avg=191.04, 90=282, 99=1230, 99.9=3763, 99.99=10199] [UPDATE: Count=24596, Max=35135, Min=78, Avg=193.06, 90=282, 99=1360, 99.9=3767, 99.99=9423] 
2025-02-10 03:40:41:164 20 sec: 90012 operations; 4066.1 current ops/sec; est completion in 1 day 2 hours [READ: Count=20427, Max=3119, Min=82, Avg=240.83, 90=404, 99=628, 99.9=1062, 99.99=2655] [UPDATE: Count=20208, Max=4699, Min=77, Avg=242.95, 90=405, 99=632, 99.9=1121, 99.99=3713] 
2025-02-10 03:40:51:164 30 sec: 127147 operations; 3713.5 current ops/sec; est completion in 1 day 4 hours [READ: Count=18600, Max=7171, Min=86, Avg=264.25, 90=414, 99=570, 99.9=787, 99.99=2899] [UPDATE: Count=18535, Max=4731, Min=81, Avg=268.37, 90=416, 99=597, 99.9=1044, 99.99=3411] 
2025-02-10 03:41:01:164 40 sec: 164502 operations; 3735.87 current ops/sec; est completion in 1 day 4 hours [READ: Count=18768, Max=5059, Min=86, Avg=264.29, 90=414, 99=565, 99.9=839, 99.99=3377] [UPDATE: Count=18587, Max=11767, Min=84, Avg=266.17, 90=419, 99=583, 99.9=798, 99.99=2945] 
2025-02-10 03:41:11:164 50 sec: 200024 operations; 3551.84 current ops/sec; est completion in 1 day 5 hours [READ: Count=17792, Max=11367, Min=87, Avg=279.32, 90=416, 99=663, 99.9=943, 99.99=1600] [UPDATE: Count=17730, Max=1417, Min=86, Avg=278.33, 90=421, 99=655, 99.9=926, 99.99=1110] 
2025-02-10 03:41:21:164 60 sec: 242695 operations; 4267.53 current ops/sec; est completion in 1 day 5 hours [READ: Count=21310, Max=8127, Min=76, Avg=231.53, 90=414, 99=600, 99.9=857, 99.99=1984] [UPDATE: Count=21361, Max=3801, Min=76, Avg=232.72, 90=416, 99=613, 99.9=832, 99.99=1720] 
Maximum time elapsed. Requesting stop for the workload.
Stop requested for workload. Now Joining!
2025-02-10 03:41:22:173 61 sec: 251312 operations; 8540.14 current ops/sec; est completion in 1 day 4 hours [READ: Count=4282, Max=6839, Min=77, Avg=117.02, 90=143, 99=255, 99.9=459, 99.99=6839] [CLEANUP: Count=1, Max=1059, Min=1059, Avg=1059, 90=1059, 99=1059, 99.9=1059, 99.99=1059] [UPDATE: Count=4335, Max=373, Min=73, Avg=113.42, 90=144, 99=252, 99.9=309, 99.99=373] 
[OVERALL], RunTime(ms), 61017
[OVERALL], Throughput(ops/sec), 4118.721012176934
[TOTAL_GCS_Copy], Count, 23
[TOTAL_GC_TIME_Copy], Time(ms), 25
[TOTAL_GC_TIME_%_Copy], Time(%), 0.04097218807873215
[TOTAL_GCS_MarkSweepCompact], Count, 0
[TOTAL_GC_TIME_MarkSweepCompact], Time(ms), 0
[TOTAL_GC_TIME_%_MarkSweepCompact], Time(%), 0.0
[TOTAL_GCs], Count, 23
[TOTAL_GC_TIME], Time(ms), 25
[TOTAL_GC_TIME_%], Time(%), 0.04097218807873215
[READ], Operations, 125960
[READ], AverageLatency(us), 237.64077484915848
[READ], MinLatency(us), 76
[READ], MaxLatency(us), 26543
[READ], 95thPercentileLatency(us), 453
[READ], 99thPercentileLatency(us), 623
[READ], Return=OK, 125960
[CLEANUP], Operations, 1
[CLEANUP], AverageLatency(us), 1059.0
[CLEANUP], MinLatency(us), 1059
[CLEANUP], MaxLatency(us), 1059
[CLEANUP], 95thPercentileLatency(us), 1059
[CLEANUP], 99thPercentileLatency(us), 1059
[UPDATE], Operations, 125352
[UPDATE], AverageLatency(us), 239.1433084434233
[UPDATE], MinLatency(us), 73
[UPDATE], MaxLatency(us), 35135
[UPDATE], 95thPercentileLatency(us), 457
[UPDATE], 99thPercentileLatency(us), 635
[UPDATE], Return=OK, 125352
AUTOTEST_DONE
