/nix/store/2vwkssqpzykk37r996cafq7x63imf4sp-openjdk-21+35/bin/java  -classpath /nix/store/zw02np72fzsmga6s5mphhw7x8qlzf4sv-ycsb-0.17.0/share/conf:/nix/store/zw02np72fzsmga6s5mphhw7x8qlzf4sv-ycsb-0.17.0/share/lib/core-0.17.0.jar:/nix/store/zw02np72fzsmga6s5mphhw7x8qlzf4sv-ycsb-0.17.0/share/lib/HdrHistogram-2.1.4.jar:/nix/store/zw02np72fzsmga6s5mphhw7x8qlzf4sv-ycsb-0.17.0/share/lib/htrace-core4-4.1.0-incubating.jar:/nix/store/zw02np72fzsmga6s5mphhw7x8qlzf4sv-ycsb-0.17.0/share/lib/jackson-core-asl-1.9.4.jar:/nix/store/zw02np72fzsmga6s5mphhw7x8qlzf4sv-ycsb-0.17.0/share/lib/jackson-mapper-asl-1.9.4.jar:/nix/store/zw02np72fzsmga6s5mphhw7x8qlzf4sv-ycsb-0.17.0/share/redis-binding/lib/commons-pool2-2.4.2.jar:/nix/store/zw02np72fzsmga6s5mphhw7x8qlzf4sv-ycsb-0.17.0/share/redis-binding/lib/jedis-2.9.0.jar:/nix/store/zw02np72fzsmga6s5mphhw7x8qlzf4sv-ycsb-0.17.0/share/redis-binding/lib/redis-binding-0.17.0.jar site.ycsb.Client -t -db site.ycsb.db.RedisClient -s -P /home/host/vmuxIO/test/moonprogs//../../ycsb/share/workloads/workloada -p redis.host=10.1.0.2 -p redis.port=6379 -p operationcount=429496729 -p maxexecutiontime=61 -threads 1
Command line: -t -db site.ycsb.db.RedisClient -s -P /home/host/vmuxIO/test/moonprogs//../../ycsb/share/workloads/workloada -p redis.host=10.1.0.2 -p redis.port=6379 -p operationcount=429496729 -p maxexecutiontime=61 -threads 1
YCSB Client 0.17.0

Loading workload...
Starting test.
Maximum execution time specified as: 61 secs
DBWrapper: report latency for each error is false and specific error codes to track for latency are: []
2024-10-03 02:22:50:556 0 sec: 0 operations; est completion in 0 second 
2024-10-03 02:23:00:412 10 sec: 76669 operations; 7666.9 current ops/sec; est completion in 15 hours 33 minutes [READ: Count=38261, Max=18991, Min=90, Avg=125.76, 90=143, 99=198, 99.9=918, 99.99=3361] [UPDATE: Count=38410, Max=24895, Min=88, Avg=125.14, 90=141, 99=208, 99.9=968, 99.99=5139] 
2024-10-03 02:23:10:412 20 sec: 159753 operations; 8308.4 current ops/sec; est completion in 14 hours 55 minutes [READ: Count=41523, Max=4099, Min=90, Avg=119.99, 90=135, 99=160, 99.9=243, 99.99=1012] [UPDATE: Count=41559, Max=1155, Min=85, Avg=117.33, 90=132, 99=158, 99.9=229, 99.99=385] 
2024-10-03 02:23:20:412 30 sec: 246186 operations; 8643.3 current ops/sec; est completion in 14 hours 31 minutes [READ: Count=43304, Max=5635, Min=84, Avg=115.65, 90=130, 99=154, 99.9=236, 99.99=523] [UPDATE: Count=43129, Max=447, Min=83, Avg=112.92, 90=127, 99=155, 99.9=222, 99.99=387] 
2024-10-03 02:23:30:412 40 sec: 332049 operations; 8586.3 current ops/sec; est completion in 14 hours 21 minutes [READ: Count=42926, Max=3387, Min=88, Avg=116.25, 90=130, 99=149, 99.9=188, 99.99=416] [UPDATE: Count=42937, Max=577, Min=88, Avg=113.92, 90=128, 99=147, 99.9=185, 99.99=313] 
2024-10-03 02:23:40:412 50 sec: 415703 operations; 8365.4 current ops/sec; est completion in 14 hours 20 minutes [READ: Count=41865, Max=5979, Min=90, Avg=119.33, 90=134, 99=159, 99.9=247, 99.99=436] [UPDATE: Count=41789, Max=1064, Min=90, Avg=116.8, 90=132, 99=157, 99.9=236, 99.99=328] 
2024-10-03 02:23:50:412 60 sec: 497286 operations; 8158.3 current ops/sec; est completion in 14 hours 22 minutes [READ: Count=40822, Max=479, Min=87, Avg=122.01, 90=138, 99=163, 99.9=211, 99.99=427] [UPDATE: Count=40761, Max=2677, Min=87, Avg=119.78, 90=135, 99=163, 99.9=235, 99.99=376] 
Maximum time elapsed. Requesting stop for the workload.
Stop requested for workload. Now Joining!
2024-10-03 02:23:51:429 61 sec: 506460 operations; 9020.65 current ops/sec; est completion in 14 hours 21 minutes [READ: Count=4640, Max=1015, Min=86, Avg=109.97, 90=124, 99=141, 99.9=306, 99.99=1015] [CLEANUP: Count=1, Max=5531, Min=5528, Avg=5530, 90=5531, 99=5531, 99.9=5531, 99.99=5531] [UPDATE: Count=4534, Max=2543, Min=87, Avg=107.31, 90=120, 99=140, 99.9=191, 99.99=2543] 
[OVERALL], RunTime(ms), 61018
[OVERALL], Throughput(ops/sec), 8300.173719230392
[TOTAL_GCS_Copy], Count, 47
[TOTAL_GC_TIME_Copy], Time(ms), 22
[TOTAL_GC_TIME_%_Copy], Time(%), 0.0360549346094595
[TOTAL_GCS_MarkSweepCompact], Count, 0
[TOTAL_GC_TIME_MarkSweepCompact], Time(ms), 0
[TOTAL_GC_TIME_%_MarkSweepCompact], Time(%), 0.0
[TOTAL_GCs], Count, 47
[TOTAL_GC_TIME], Time(ms), 22
[TOTAL_GC_TIME_%], Time(%), 0.0360549346094595
[READ], Operations, 253341
[READ], AverageLatency(us), 119.52076055593055
[READ], MinLatency(us), 84
[READ], MaxLatency(us), 18991
[READ], 95thPercentileLatency(us), 142
[READ], 99thPercentileLatency(us), 167
[READ], Return=OK, 253341
[CLEANUP], Operations, 1
[CLEANUP], AverageLatency(us), 5530.0
[CLEANUP], MinLatency(us), 5528
[CLEANUP], MaxLatency(us), 5531
[CLEANUP], 95thPercentileLatency(us), 5531
[CLEANUP], 99thPercentileLatency(us), 5531
[UPDATE], Operations, 253119
[UPDATE], AverageLatency(us), 117.31214567061343
[UPDATE], MinLatency(us), 83
[UPDATE], MaxLatency(us), 24895
[UPDATE], 95thPercentileLatency(us), 140
[UPDATE], 99thPercentileLatency(us), 168
[UPDATE], Return=OK, 253119
AUTOTEST_DONE
