/nix/store/2vwkssqpzykk37r996cafq7x63imf4sp-openjdk-21+35/bin/java  -classpath /nix/store/zw02np72fzsmga6s5mphhw7x8qlzf4sv-ycsb-0.17.0/share/conf:/nix/store/zw02np72fzsmga6s5mphhw7x8qlzf4sv-ycsb-0.17.0/share/lib/core-0.17.0.jar:/nix/store/zw02np72fzsmga6s5mphhw7x8qlzf4sv-ycsb-0.17.0/share/lib/HdrHistogram-2.1.4.jar:/nix/store/zw02np72fzsmga6s5mphhw7x8qlzf4sv-ycsb-0.17.0/share/lib/htrace-core4-4.1.0-incubating.jar:/nix/store/zw02np72fzsmga6s5mphhw7x8qlzf4sv-ycsb-0.17.0/share/lib/jackson-core-asl-1.9.4.jar:/nix/store/zw02np72fzsmga6s5mphhw7x8qlzf4sv-ycsb-0.17.0/share/lib/jackson-mapper-asl-1.9.4.jar:/nix/store/zw02np72fzsmga6s5mphhw7x8qlzf4sv-ycsb-0.17.0/share/redis-binding/lib/commons-pool2-2.4.2.jar:/nix/store/zw02np72fzsmga6s5mphhw7x8qlzf4sv-ycsb-0.17.0/share/redis-binding/lib/jedis-2.9.0.jar:/nix/store/zw02np72fzsmga6s5mphhw7x8qlzf4sv-ycsb-0.17.0/share/redis-binding/lib/redis-binding-0.17.0.jar site.ycsb.Client -t -db site.ycsb.db.RedisClient -s -P /home/host/vmuxIO/test/moonprogs//../../ycsb/share/workloads/workloada -p redis.host=10.1.0.2 -p redis.port=6379 -p operationcount=429496729 -p maxexecutiontime=61 -threads 1
Command line: -t -db site.ycsb.db.RedisClient -s -P /home/host/vmuxIO/test/moonprogs//../../ycsb/share/workloads/workloada -p redis.host=10.1.0.2 -p redis.port=6379 -p operationcount=429496729 -p maxexecutiontime=61 -threads 1
YCSB Client 0.17.0

Loading workload...
Starting test.
Maximum execution time specified as: 61 secs
DBWrapper: report latency for each error is false and specific error codes to track for latency are: []
2024-10-03 02:22:49:344 0 sec: 0 operations; est completion in 0 second 
2024-10-03 02:22:59:192 10 sec: 77330 operations; 7732.23 current ops/sec; est completion in 15 hours 25 minutes [READ: Count=38503, Max=15055, Min=89, Avg=124.61, 90=139, 99=246, 99.9=704, 99.99=4323] [UPDATE: Count=38839, Max=24431, Min=84, Avg=123.74, 90=138, 99=249, 99.9=900, 99.99=3865] 
2024-10-03 02:23:09:192 20 sec: 161136 operations; 8380.6 current ops/sec; est completion in 14 hours 48 minutes [READ: Count=41854, Max=9207, Min=89, Avg=118.82, 90=135, 99=170, 99.9=260, 99.99=477] [UPDATE: Count=41940, Max=1878, Min=86, Avg=116.65, 90=133, 99=168, 99.9=259, 99.99=431] 
2024-10-03 02:23:19:192 30 sec: 245367 operations; 8423.1 current ops/sec; est completion in 14 hours 34 minutes [READ: Count=42159, Max=3357, Min=86, Avg=118.32, 90=133, 99=197, 99.9=267, 99.99=457] [UPDATE: Count=42072, Max=502, Min=83, Avg=116.25, 90=131, 99=194, 99.9=262, 99.99=417] 
2024-10-03 02:23:29:192 40 sec: 327027 operations; 8166 current ops/sec; est completion in 14 hours 34 minutes [READ: Count=40911, Max=7539, Min=91, Avg=121.9, 90=137, 99=164, 99.9=259, 99.99=399] [UPDATE: Count=40749, Max=501, Min=90, Avg=119.91, 90=136, 99=163, 99.9=249, 99.99=302] 
2024-10-03 02:23:39:192 50 sec: 408120 operations; 8109.3 current ops/sec; est completion in 14 hours 36 minutes [READ: Count=40497, Max=7547, Min=91, Avg=122.79, 90=138, 99=160, 99.9=256, 99.99=332] [UPDATE: Count=40596, Max=1254, Min=91, Avg=120.79, 90=136, 99=160, 99.9=254, 99.99=321] 
2024-10-03 02:23:49:192 60 sec: 491241 operations; 8312.1 current ops/sec; est completion in 14 hours 33 minutes [READ: Count=41696, Max=457, Min=87, Avg=119.56, 90=135, 99=168, 99.9=261, 99.99=375] [UPDATE: Count=41425, Max=3781, Min=84, Avg=117.84, 90=133, 99=171, 99.9=259, 99.99=574] 
Maximum time elapsed. Requesting stop for the workload.
Stop requested for workload. Now Joining!
2024-10-03 02:23:50:202 61 sec: 499604 operations; 8280.2 current ops/sec; est completion in 14 hours 33 minutes [READ: Count=4175, Max=441, Min=96, Avg=119.82, 90=134, 99=168, 99.9=256, 99.99=441] [CLEANUP: Count=1, Max=969, Min=969, Avg=969, 90=969, 99=969, 99.9=969, 99.99=969] [UPDATE: Count=4188, Max=2577, Min=90, Avg=118.36, 90=132, 99=170, 99.9=263, 99.99=2577] 
[OVERALL], RunTime(ms), 61019
[OVERALL], Throughput(ops/sec), 8187.679247447516
[TOTAL_GCS_Copy], Count, 46
[TOTAL_GC_TIME_Copy], Time(ms), 21
[TOTAL_GC_TIME_%_Copy], Time(%), 0.034415509923138694
[TOTAL_GCS_MarkSweepCompact], Count, 0
[TOTAL_GC_TIME_MarkSweepCompact], Time(ms), 0
[TOTAL_GC_TIME_%_MarkSweepCompact], Time(%), 0.0
[TOTAL_GCs], Count, 46
[TOTAL_GC_TIME], Time(ms), 21
[TOTAL_GC_TIME_%], Time(%), 0.034415509923138694
[READ], Operations, 249795
[READ], AverageLatency(us), 120.91452991452991
[READ], MinLatency(us), 86
[READ], MaxLatency(us), 15055
[READ], 95thPercentileLatency(us), 143
[READ], 99thPercentileLatency(us), 176
[READ], Return=OK, 249795
[CLEANUP], Operations, 1
[CLEANUP], AverageLatency(us), 969.0
[CLEANUP], MinLatency(us), 969
[CLEANUP], MaxLatency(us), 969
[CLEANUP], 95thPercentileLatency(us), 969
[CLEANUP], 99thPercentileLatency(us), 969
[UPDATE], Operations, 249809
[UPDATE], AverageLatency(us), 119.11479170085946
[UPDATE], MinLatency(us), 83
[UPDATE], MaxLatency(us), 24431
[UPDATE], 95thPercentileLatency(us), 142
[UPDATE], 99thPercentileLatency(us), 181
[UPDATE], Return=OK, 249809
AUTOTEST_DONE
