/nix/store/2vwkssqpzykk37r996cafq7x63imf4sp-openjdk-21+35/bin/java  -classpath /nix/store/zw02np72fzsmga6s5mphhw7x8qlzf4sv-ycsb-0.17.0/share/conf:/nix/store/zw02np72fzsmga6s5mphhw7x8qlzf4sv-ycsb-0.17.0/share/lib/core-0.17.0.jar:/nix/store/zw02np72fzsmga6s5mphhw7x8qlzf4sv-ycsb-0.17.0/share/lib/HdrHistogram-2.1.4.jar:/nix/store/zw02np72fzsmga6s5mphhw7x8qlzf4sv-ycsb-0.17.0/share/lib/htrace-core4-4.1.0-incubating.jar:/nix/store/zw02np72fzsmga6s5mphhw7x8qlzf4sv-ycsb-0.17.0/share/lib/jackson-core-asl-1.9.4.jar:/nix/store/zw02np72fzsmga6s5mphhw7x8qlzf4sv-ycsb-0.17.0/share/lib/jackson-mapper-asl-1.9.4.jar:/nix/store/zw02np72fzsmga6s5mphhw7x8qlzf4sv-ycsb-0.17.0/share/redis-binding/lib/commons-pool2-2.4.2.jar:/nix/store/zw02np72fzsmga6s5mphhw7x8qlzf4sv-ycsb-0.17.0/share/redis-binding/lib/jedis-2.9.0.jar:/nix/store/zw02np72fzsmga6s5mphhw7x8qlzf4sv-ycsb-0.17.0/share/redis-binding/lib/redis-binding-0.17.0.jar site.ycsb.Client -t -db site.ycsb.db.RedisClient -s -P /home/host/vmuxIO/test/moonprogs//../../ycsb/share/workloads/workloada -p redis.host=10.1.0.2 -p redis.port=6382 -p operationcount=429496729 -p maxexecutiontime=61 -threads 1
Command line: -t -db site.ycsb.db.RedisClient -s -P /home/host/vmuxIO/test/moonprogs//../../ycsb/share/workloads/workloada -p redis.host=10.1.0.2 -p redis.port=6382 -p operationcount=429496729 -p maxexecutiontime=61 -threads 1
YCSB Client 0.17.0

Loading workload...
Starting test.
Maximum execution time specified as: 61 secs
DBWrapper: report latency for each error is false and specific error codes to track for latency are: []
2024-10-03 13:48:59:006 0 sec: 0 operations; est completion in 0 second 
2024-10-03 13:49:08:849 10 sec: 83580 operations; 8358 current ops/sec; est completion in 14 hours 16 minutes [READ: Count=41983, Max=48767, Min=84, Avg=114.45, 90=127, 99=222, 99.9=784, 99.99=3451] [UPDATE: Count=41605, Max=8123, Min=82, Avg=114.58, 90=126, 99=234, 99.9=1474, 99.99=3973] 
2024-10-03 13:49:18:849 20 sec: 181670 operations; 9809 current ops/sec; est completion in 13 hours 7 minutes [READ: Count=48903, Max=12143, Min=78, Avg=101.37, 90=113, 99=157, 99.9=240, 99.99=1070] [UPDATE: Count=49179, Max=2207, Min=76, Avg=99.22, 90=111, 99=153, 99.9=222, 99.99=507] 
2024-10-03 13:49:28:849 30 sec: 270672 operations; 8900.2 current ops/sec; est completion in 13 hours 12 minutes [READ: Count=44577, Max=3755, Min=77, Avg=111.34, 90=131, 99=205, 99.9=287, 99.99=1233] [UPDATE: Count=44425, Max=7399, Min=76, Avg=109.77, 90=129, 99=206, 99.9=287, 99.99=1886] 
2024-10-03 13:49:38:849 40 sec: 366124 operations; 9545.2 current ops/sec; est completion in 13 hours 1 minute [READ: Count=47559, Max=7779, Min=78, Avg=104.1, 90=118, 99=165, 99.9=288, 99.99=472] [UPDATE: Count=47893, Max=2985, Min=76, Avg=102.39, 90=116, 99=164, 99.9=288, 99.99=1727] 
2024-10-03 13:49:48:849 50 sec: 460829 operations; 9470.5 current ops/sec; est completion in 12 hours 55 minutes [READ: Count=47602, Max=3665, Min=79, Avg=105, 90=117, 99=159, 99.9=248, 99.99=483] [UPDATE: Count=47103, Max=2141, Min=79, Avg=103.21, 90=115, 99=157, 99.9=238, 99.99=407] 
2024-10-03 13:49:58:849 60 sec: 553053 operations; 9222.4 current ops/sec; est completion in 12 hours 55 minutes [READ: Count=45742, Max=2033, Min=79, Avg=107.89, 90=124, 99=203, 99.9=278, 99.99=587] [UPDATE: Count=46482, Max=2925, Min=78, Avg=105.73, 90=122, 99=196, 99.9=272, 99.99=518] 
Maximum time elapsed. Requesting stop for the workload.
Stop requested for workload. Now Joining!
2024-10-03 13:49:59:859 61 sec: 562168 operations; 9024.75 current ops/sec; est completion in 12 hours 55 minutes [READ: Count=4620, Max=556, Min=82, Avg=109.71, 90=128, 99=203, 99.9=275, 99.99=556] [CLEANUP: Count=1, Max=934, Min=934, Avg=934, 90=934, 99=934, 99.9=934, 99.99=934] [UPDATE: Count=4495, Max=5839, Min=81, Avg=108.59, 90=122, 99=196, 99.9=250, 99.99=5839] 
[OVERALL], RunTime(ms), 61015
[OVERALL], Throughput(ops/sec), 9213.603212324839
[TOTAL_GCS_Copy], Count, 52
[TOTAL_GC_TIME_Copy], Time(ms), 26
[TOTAL_GC_TIME_%_Copy], Time(%), 0.042612472342866504
[TOTAL_GCS_MarkSweepCompact], Count, 0
[TOTAL_GC_TIME_MarkSweepCompact], Time(ms), 0
[TOTAL_GC_TIME_%_MarkSweepCompact], Time(%), 0.0
[TOTAL_GCs], Count, 52
[TOTAL_GC_TIME], Time(ms), 26
[TOTAL_GC_TIME_%], Time(%), 0.042612472342866504
[READ], Operations, 280986
[READ], AverageLatency(us), 107.18222971963016
[READ], MinLatency(us), 77
[READ], MaxLatency(us), 48767
[READ], 95thPercentileLatency(us), 134
[READ], 99thPercentileLatency(us), 184
[READ], Return=OK, 280986
[CLEANUP], Operations, 1
[CLEANUP], AverageLatency(us), 934.0
[CLEANUP], MinLatency(us), 934
[CLEANUP], MaxLatency(us), 934
[CLEANUP], 95thPercentileLatency(us), 934
[CLEANUP], 99thPercentileLatency(us), 934
[UPDATE], Operations, 281182
[UPDATE], AverageLatency(us), 105.59356217681075
[UPDATE], MinLatency(us), 76
[UPDATE], MaxLatency(us), 8123
[UPDATE], 95thPercentileLatency(us), 132
[UPDATE], 99thPercentileLatency(us), 185
[UPDATE], Return=OK, 281182
AUTOTEST_DONE
