/nix/store/2vwkssqpzykk37r996cafq7x63imf4sp-openjdk-21+35/bin/java  -classpath /nix/store/zw02np72fzsmga6s5mphhw7x8qlzf4sv-ycsb-0.17.0/share/conf:/nix/store/zw02np72fzsmga6s5mphhw7x8qlzf4sv-ycsb-0.17.0/share/lib/core-0.17.0.jar:/nix/store/zw02np72fzsmga6s5mphhw7x8qlzf4sv-ycsb-0.17.0/share/lib/HdrHistogram-2.1.4.jar:/nix/store/zw02np72fzsmga6s5mphhw7x8qlzf4sv-ycsb-0.17.0/share/lib/htrace-core4-4.1.0-incubating.jar:/nix/store/zw02np72fzsmga6s5mphhw7x8qlzf4sv-ycsb-0.17.0/share/lib/jackson-core-asl-1.9.4.jar:/nix/store/zw02np72fzsmga6s5mphhw7x8qlzf4sv-ycsb-0.17.0/share/lib/jackson-mapper-asl-1.9.4.jar:/nix/store/zw02np72fzsmga6s5mphhw7x8qlzf4sv-ycsb-0.17.0/share/redis-binding/lib/commons-pool2-2.4.2.jar:/nix/store/zw02np72fzsmga6s5mphhw7x8qlzf4sv-ycsb-0.17.0/share/redis-binding/lib/jedis-2.9.0.jar:/nix/store/zw02np72fzsmga6s5mphhw7x8qlzf4sv-ycsb-0.17.0/share/redis-binding/lib/redis-binding-0.17.0.jar site.ycsb.Client -t -db site.ycsb.db.RedisClient -s -P /home/host/vmuxIO/test/moonprogs//../../ycsb/share/workloads/workloada -p redis.host=10.1.0.2 -p redis.port=6386 -p operationcount=429496729 -p maxexecutiontime=61 -threads 1
Command line: -t -db site.ycsb.db.RedisClient -s -P /home/host/vmuxIO/test/moonprogs//../../ycsb/share/workloads/workloada -p redis.host=10.1.0.2 -p redis.port=6386 -p operationcount=429496729 -p maxexecutiontime=61 -threads 1
YCSB Client 0.17.0

Loading workload...
Starting test.
Maximum execution time specified as: 61 secs
DBWrapper: report latency for each error is false and specific error codes to track for latency are: []
2024-10-15 13:35:04:279 0 sec: 0 operations; est completion in 0 second 
2024-10-15 13:35:13:976 10 sec: 7360 operations; 736 current ops/sec; est completion in 6 days 18 hours [READ: Count=3685, Max=78399, Min=278, Avg=1306.4, 90=1799, 99=4659, 99.9=7387, 99.99=78399] [UPDATE: Count=3683, Max=10023, Min=269, Avg=1302.11, 90=1813, 99=4867, 99.9=6715, 99.99=10023] 
2024-10-15 13:35:23:976 20 sec: 15109 operations; 774.9 current ops/sec; est completion in 6 days 13 hours [READ: Count=3840, Max=9087, Min=238, Avg=1279.18, 90=1829, 99=4475, 99.9=5655, 99.99=9087] [UPDATE: Count=3905, Max=11063, Min=260, Avg=1287.74, 90=1842, 99=4611, 99.9=6103, 99.99=11063] 
2024-10-15 13:35:33:975 30 sec: 23273 operations; 816.4 current ops/sec; est completion in 6 days 9 hours [READ: Count=4127, Max=16055, Min=263, Avg=1219.78, 90=1765, 99=2539, 99.9=7039, 99.99=16055] [UPDATE: Count=4034, Max=5971, Min=248, Avg=1218.04, 90=1785, 99=2467, 99.9=4855, 99.99=5971] 
2024-10-15 13:35:43:975 40 sec: 31904 operations; 863.1 current ops/sec; est completion in 6 days 5 hours [READ: Count=4237, Max=5219, Min=238, Avg=1151.18, 90=1673, 99=2195, 99.9=2883, 99.99=5219] [UPDATE: Count=4393, Max=8087, Min=238, Avg=1154.2, 90=1665, 99=2289, 99.9=5079, 99.99=8087] 
2024-10-15 13:35:53:975 50 sec: 40256 operations; 835.2 current ops/sec; est completion in 6 days 4 hours [READ: Count=4177, Max=11311, Min=252, Avg=1197.46, 90=1721, 99=2433, 99.9=4327, 99.99=11311] [UPDATE: Count=4175, Max=5403, Min=234, Avg=1187.58, 90=1693, 99=2365, 99.9=4391, 99.99=5403] 
2024-10-15 13:36:03:975 60 sec: 52504 operations; 1224.8 current ops/sec; est completion in 5 days 16 hours [READ: Count=6152, Max=11127, Min=202, Avg=810.25, 90=1473, 99=2169, 99.9=4065, 99.99=5155] [UPDATE: Count=6096, Max=10423, Min=208, Avg=814.24, 90=1456, 99=2233, 99.9=4247, 99.99=7827] 
Maximum time elapsed. Requesting stop for the workload.
Stop requested for workload. Now Joining!
2024-10-15 13:36:04:987 61 sec: 55604 operations; 3063.24 current ops/sec; est completion in 5 days 10 hours [READ: Count=1556, Max=8711, Min=198, Avg=327.09, 90=426, 99=481, 99.9=629, 99.99=8711] [CLEANUP: Count=1, Max=1164, Min=1164, Avg=1164, 90=1164, 99=1164, 99.9=1164, 99.99=1164] [UPDATE: Count=1544, Max=740, Min=209, Avg=318.05, 90=425, 99=497, 99.9=578, 99.99=740] 
[OVERALL], RunTime(ms), 61016
[OVERALL], Throughput(ops/sec), 911.3019535859447
[TOTAL_GCS_Copy], Count, 5
[TOTAL_GC_TIME_Copy], Time(ms), 15
[TOTAL_GC_TIME_%_Copy], Time(%), 0.02458371574668939
[TOTAL_GCS_MarkSweepCompact], Count, 0
[TOTAL_GC_TIME_MarkSweepCompact], Time(ms), 0
[TOTAL_GC_TIME_%_MarkSweepCompact], Time(%), 0.0
[TOTAL_GCs], Count, 5
[TOTAL_GC_TIME], Time(ms), 15
[TOTAL_GC_TIME_%], Time(%), 0.02458371574668939
[READ], Operations, 27774
[READ], AverageLatency(us), 1084.9413840282277
[READ], MinLatency(us), 198
[READ], MaxLatency(us), 78399
[READ], 95thPercentileLatency(us), 1908
[READ], 99thPercentileLatency(us), 2571
[READ], Return=OK, 27774
[CLEANUP], Operations, 1
[CLEANUP], AverageLatency(us), 1164.0
[CLEANUP], MinLatency(us), 1164
[CLEANUP], MaxLatency(us), 1164
[CLEANUP], 95thPercentileLatency(us), 1164
[CLEANUP], 99thPercentileLatency(us), 1164
[UPDATE], Operations, 27830
[UPDATE], AverageLatency(us), 1085.9176428314768
[UPDATE], MinLatency(us), 208
[UPDATE], MaxLatency(us), 11063
[UPDATE], 95thPercentileLatency(us), 1914
[UPDATE], 99thPercentileLatency(us), 2627
[UPDATE], Return=OK, 27830
AUTOTEST_DONE
