/nix/store/2vwkssqpzykk37r996cafq7x63imf4sp-openjdk-21+35/bin/java  -classpath /nix/store/zw02np72fzsmga6s5mphhw7x8qlzf4sv-ycsb-0.17.0/share/conf:/nix/store/zw02np72fzsmga6s5mphhw7x8qlzf4sv-ycsb-0.17.0/share/lib/core-0.17.0.jar:/nix/store/zw02np72fzsmga6s5mphhw7x8qlzf4sv-ycsb-0.17.0/share/lib/HdrHistogram-2.1.4.jar:/nix/store/zw02np72fzsmga6s5mphhw7x8qlzf4sv-ycsb-0.17.0/share/lib/htrace-core4-4.1.0-incubating.jar:/nix/store/zw02np72fzsmga6s5mphhw7x8qlzf4sv-ycsb-0.17.0/share/lib/jackson-core-asl-1.9.4.jar:/nix/store/zw02np72fzsmga6s5mphhw7x8qlzf4sv-ycsb-0.17.0/share/lib/jackson-mapper-asl-1.9.4.jar:/nix/store/zw02np72fzsmga6s5mphhw7x8qlzf4sv-ycsb-0.17.0/share/redis-binding/lib/commons-pool2-2.4.2.jar:/nix/store/zw02np72fzsmga6s5mphhw7x8qlzf4sv-ycsb-0.17.0/share/redis-binding/lib/jedis-2.9.0.jar:/nix/store/zw02np72fzsmga6s5mphhw7x8qlzf4sv-ycsb-0.17.0/share/redis-binding/lib/redis-binding-0.17.0.jar site.ycsb.Client -t -db site.ycsb.db.RedisClient -s -P /home/host/vmuxIO/test/moonprogs//../../ycsb/share/workloads/workloada -p redis.host=10.1.0.2 -p redis.port=6385 -p operationcount=429496729 -p maxexecutiontime=61 -threads 1
Command line: -t -db site.ycsb.db.RedisClient -s -P /home/host/vmuxIO/test/moonprogs//../../ycsb/share/workloads/workloada -p redis.host=10.1.0.2 -p redis.port=6385 -p operationcount=429496729 -p maxexecutiontime=61 -threads 1
YCSB Client 0.17.0

Loading workload...
Starting test.
Maximum execution time specified as: 61 secs
DBWrapper: report latency for each error is false and specific error codes to track for latency are: []
2025-04-02 00:25:26:186 0 sec: 0 operations; est completion in 0 second 
2025-04-02 00:25:35:994 10 sec: 21769 operations; 2176.68 current ops/sec; est completion in 2 days 6 hours [READ: Count=10851, Max=38943, Min=86, Avg=444.68, 90=511, 99=5607, 99.9=12391, 99.99=21119] [UPDATE: Count=10942, Max=43231, Min=80, Avg=440.2, 90=521, 99=5607, 99.9=12607, 99.99=34463] 
2025-04-02 00:25:45:994 20 sec: 55178 operations; 3340.9 current ops/sec; est completion in 1 day 19 hours [READ: Count=16917, Max=14207, Min=82, Avg=293.22, 90=284, 99=3969, 99.9=5547, 99.99=9063] [UPDATE: Count=16468, Max=23007, Min=82, Avg=296.13, 90=287, 99=3955, 99.9=5059, 99.99=8999] 
2025-04-02 00:25:55:994 30 sec: 87724 operations; 3254.6 current ops/sec; est completion in 1 day 16 hours [READ: Count=16395, Max=12167, Min=84, Avg=304.36, 90=292, 99=4005, 99.9=4767, 99.99=7055] [UPDATE: Count=16151, Max=12311, Min=77, Avg=305.28, 90=292, 99=4043, 99.9=5243, 99.99=10135] 
2025-04-02 00:26:05:994 40 sec: 114351 operations; 2662.7 current ops/sec; est completion in 1 day 17 hours [READ: Count=13324, Max=19183, Min=86, Avg=369.78, 90=478, 99=4447, 99.9=10535, 99.99=17183] [UPDATE: Count=13303, Max=14607, Min=78, Avg=375.99, 90=477, 99=4399, 99.9=10759, 99.99=13759] 
2025-04-02 00:26:15:994 50 sec: 141788 operations; 2743.7 current ops/sec; est completion in 1 day 18 hours [READ: Count=13699, Max=203775, Min=78, Avg=374.74, 90=403, 99=4171, 99.9=7567, 99.99=14287] [UPDATE: Count=13738, Max=14703, Min=80, Avg=350.39, 90=395, 99=4155, 99.9=7431, 99.99=13127] 
2025-04-02 00:26:25:994 60 sec: 172981 operations; 3119.3 current ops/sec; est completion in 1 day 17 hours [READ: Count=15618, Max=12095, Min=85, Avg=311.17, 90=303, 99=4123, 99.9=7991, 99.99=11935] [UPDATE: Count=15575, Max=16191, Min=80, Avg=326.21, 90=310, 99=4139, 99.9=9191, 99.99=14415] 
Maximum time elapsed. Requesting stop for the workload.
Stop requested for workload. Now Joining!
2025-04-02 00:26:27:004 61 sec: 176415 operations; 3400 current ops/sec; est completion in 1 day 17 hours [READ: Count=1739, Max=6203, Min=83, Avg=284.42, 90=216, 99=4171, 99.9=4995, 99.99=6203] [CLEANUP: Count=1, Max=1341, Min=1341, Avg=1341, 90=1341, 99=1341, 99.9=1341, 99.99=1341] [UPDATE: Count=1695, Max=8131, Min=76, Avg=298.96, 90=212, 99=4159, 99.9=6003, 99.99=8131] 
[OVERALL], RunTime(ms), 61017
[OVERALL], Throughput(ops/sec), 2891.2434239638133
[TOTAL_GCS_Copy], Count, 16
[TOTAL_GC_TIME_Copy], Time(ms), 19
[TOTAL_GC_TIME_%_Copy], Time(%), 0.031138862939836438
[TOTAL_GCS_MarkSweepCompact], Count, 0
[TOTAL_GC_TIME_MarkSweepCompact], Time(ms), 0
[TOTAL_GC_TIME_%_MarkSweepCompact], Time(%), 0.0
[TOTAL_GCs], Count, 16
[TOTAL_GC_TIME], Time(ms), 19
[TOTAL_GC_TIME_%], Time(%), 0.031138862939836438
[READ], Operations, 88543
[READ], AverageLatency(us), 340.97002586313994
[READ], MinLatency(us), 78
[READ], MaxLatency(us), 203775
[READ], 95thPercentileLatency(us), 1041
[READ], 99thPercentileLatency(us), 4139
[READ], Return=OK, 88543
[CLEANUP], Operations, 1
[CLEANUP], AverageLatency(us), 1341.0
[CLEANUP], MinLatency(us), 1341
[CLEANUP], MaxLatency(us), 1341
[CLEANUP], 95thPercentileLatency(us), 1341
[CLEANUP], 99thPercentileLatency(us), 1341
[UPDATE], Operations, 87872
[UPDATE], AverageLatency(us), 341.711512199563
[UPDATE], MinLatency(us), 76
[UPDATE], MaxLatency(us), 43231
[UPDATE], 95thPercentileLatency(us), 1080
[UPDATE], 99thPercentileLatency(us), 4147
[UPDATE], Return=OK, 87872
AUTOTEST_DONE
