/nix/store/2vwkssqpzykk37r996cafq7x63imf4sp-openjdk-21+35/bin/java  -classpath /nix/store/zw02np72fzsmga6s5mphhw7x8qlzf4sv-ycsb-0.17.0/share/conf:/nix/store/zw02np72fzsmga6s5mphhw7x8qlzf4sv-ycsb-0.17.0/share/lib/core-0.17.0.jar:/nix/store/zw02np72fzsmga6s5mphhw7x8qlzf4sv-ycsb-0.17.0/share/lib/HdrHistogram-2.1.4.jar:/nix/store/zw02np72fzsmga6s5mphhw7x8qlzf4sv-ycsb-0.17.0/share/lib/htrace-core4-4.1.0-incubating.jar:/nix/store/zw02np72fzsmga6s5mphhw7x8qlzf4sv-ycsb-0.17.0/share/lib/jackson-core-asl-1.9.4.jar:/nix/store/zw02np72fzsmga6s5mphhw7x8qlzf4sv-ycsb-0.17.0/share/lib/jackson-mapper-asl-1.9.4.jar:/nix/store/zw02np72fzsmga6s5mphhw7x8qlzf4sv-ycsb-0.17.0/share/redis-binding/lib/commons-pool2-2.4.2.jar:/nix/store/zw02np72fzsmga6s5mphhw7x8qlzf4sv-ycsb-0.17.0/share/redis-binding/lib/jedis-2.9.0.jar:/nix/store/zw02np72fzsmga6s5mphhw7x8qlzf4sv-ycsb-0.17.0/share/redis-binding/lib/redis-binding-0.17.0.jar site.ycsb.Client -t -db site.ycsb.db.RedisClient -s -P /home/host/vmuxIO/test/moonprogs//../../ycsb/share/workloads/workloada -p redis.host=10.1.0.2 -p redis.port=6386 -p operationcount=429496729 -p maxexecutiontime=61 -threads 1
Command line: -t -db site.ycsb.db.RedisClient -s -P /home/host/vmuxIO/test/moonprogs//../../ycsb/share/workloads/workloada -p redis.host=10.1.0.2 -p redis.port=6386 -p operationcount=429496729 -p maxexecutiontime=61 -threads 1
YCSB Client 0.17.0

Loading workload...
Starting test.
Maximum execution time specified as: 61 secs
DBWrapper: report latency for each error is false and specific error codes to track for latency are: []
2025-04-02 00:59:18:422 0 sec: 0 operations; est completion in 0 second 
2025-04-02 00:59:28:069 10 sec: 34771 operations; 3476.75 current ops/sec; est completion in 1 day 10 hours [READ: Count=17777, Max=63167, Min=127, Avg=269.98, 90=393, 99=1414, 99.9=4435, 99.99=5779] [UPDATE: Count=17004, Max=16351, Min=113, Avg=270.52, 90=403, 99=1565, 99.9=4379, 99.99=8127] 
2025-04-02 00:59:38:069 20 sec: 57655 operations; 2288.4 current ops/sec; est completion in 1 day 17 hours [READ: Count=11411, Max=7887, Min=128, Avg=432.34, 90=726, 99=1335, 99.9=3473, 99.99=6691] [UPDATE: Count=11463, Max=6127, Min=126, Avg=428.37, 90=723, 99=1332, 99.9=3297, 99.99=4911] 
2025-04-02 00:59:48:069 30 sec: 90257 operations; 3260.2 current ops/sec; est completion in 1 day 15 hours [READ: Count=16235, Max=3303, Min=102, Avg=305.43, 90=618, 99=889, 99.9=1134, 99.99=1535] [UPDATE: Count=16367, Max=34335, Min=88, Avg=302.76, 90=611, 99=882, 99.9=1145, 99.99=2837] 
2025-04-02 00:59:58:069 40 sec: 125260 operations; 3500.65 current ops/sec; est completion in 1 day 14 hours [READ: Count=17546, Max=9095, Min=128, Avg=283.37, 90=513, 99=793, 99.9=1200, 99.99=1917] [UPDATE: Count=17457, Max=2311, Min=124, Avg=283.25, 90=522, 99=781, 99.9=1183, 99.99=2111] 
2025-04-02 01:00:08:069 50 sec: 155405 operations; 3014.2 current ops/sec; est completion in 1 day 14 hours [READ: Count=15053, Max=6387, Min=130, Avg=328.18, 90=638, 99=1117, 99.9=1758, 99.99=2717] [UPDATE: Count=15092, Max=10159, Min=118, Avg=330.49, 90=638, 99=1107, 99.9=1891, 99.99=7255] 
2025-04-02 01:00:18:069 60 sec: 196022 operations; 4062.11 current ops/sec; est completion in 1 day 12 hours [READ: Count=20397, Max=9719, Min=103, Avg=243.8, 90=468, 99=776, 99.9=1301, 99.99=3989] [UPDATE: Count=20220, Max=3919, Min=101, Avg=244.5, 90=477, 99=784, 99.9=1240, 99.99=3891] 
Maximum time elapsed. Requesting stop for the workload.
Stop requested for workload. Now Joining!
2025-04-02 01:00:19:087 61 sec: 202110 operations; 5974.48 current ops/sec; est completion in 1 day 12 hours [READ: Count=3020, Max=3293, Min=104, Avg=166.43, 90=186, 99=245, 99.9=370, 99.99=3293] [CLEANUP: Count=1, Max=1163, Min=1163, Avg=1163, 90=1163, 99=1163, 99.9=1163, 99.99=1163] [UPDATE: Count=3068, Max=631, Min=102, Avg=163.73, 90=183, 99=252, 99.9=356, 99.99=631] 
[OVERALL], RunTime(ms), 61022
[OVERALL], Throughput(ops/sec), 3312.0841663662286
[TOTAL_GCS_Copy], Count, 19
[TOTAL_GC_TIME_Copy], Time(ms), 40
[TOTAL_GC_TIME_%_Copy], Time(%), 0.0655501294615057
[TOTAL_GCS_MarkSweepCompact], Count, 0
[TOTAL_GC_TIME_MarkSweepCompact], Time(ms), 0
[TOTAL_GC_TIME_%_MarkSweepCompact], Time(%), 0.0
[TOTAL_GCs], Count, 19
[TOTAL_GC_TIME], Time(ms), 40
[TOTAL_GC_TIME_%], Time(%), 0.0655501294615057
[READ], Operations, 101439
[READ], AverageLatency(us), 296.5244136870434
[READ], MinLatency(us), 102
[READ], MaxLatency(us), 63167
[READ], 95thPercentileLatency(us), 678
[READ], 99thPercentileLatency(us), 1016
[READ], Return=OK, 101439
[CLEANUP], Operations, 1
[CLEANUP], AverageLatency(us), 1163.0
[CLEANUP], MinLatency(us), 1163
[CLEANUP], MaxLatency(us), 1163
[CLEANUP], 95thPercentileLatency(us), 1163
[CLEANUP], 99thPercentileLatency(us), 1163
[UPDATE], Operations, 100671
[UPDATE], AverageLatency(us), 296.4519772327681
[UPDATE], MinLatency(us), 88
[UPDATE], MaxLatency(us), 34335
[UPDATE], 95thPercentileLatency(us), 682
[UPDATE], 99thPercentileLatency(us), 1014
[UPDATE], Return=OK, 100671
AUTOTEST_DONE
