/nix/store/2vwkssqpzykk37r996cafq7x63imf4sp-openjdk-21+35/bin/java  -classpath /nix/store/zw02np72fzsmga6s5mphhw7x8qlzf4sv-ycsb-0.17.0/share/conf:/nix/store/zw02np72fzsmga6s5mphhw7x8qlzf4sv-ycsb-0.17.0/share/lib/core-0.17.0.jar:/nix/store/zw02np72fzsmga6s5mphhw7x8qlzf4sv-ycsb-0.17.0/share/lib/HdrHistogram-2.1.4.jar:/nix/store/zw02np72fzsmga6s5mphhw7x8qlzf4sv-ycsb-0.17.0/share/lib/htrace-core4-4.1.0-incubating.jar:/nix/store/zw02np72fzsmga6s5mphhw7x8qlzf4sv-ycsb-0.17.0/share/lib/jackson-core-asl-1.9.4.jar:/nix/store/zw02np72fzsmga6s5mphhw7x8qlzf4sv-ycsb-0.17.0/share/lib/jackson-mapper-asl-1.9.4.jar:/nix/store/zw02np72fzsmga6s5mphhw7x8qlzf4sv-ycsb-0.17.0/share/redis-binding/lib/commons-pool2-2.4.2.jar:/nix/store/zw02np72fzsmga6s5mphhw7x8qlzf4sv-ycsb-0.17.0/share/redis-binding/lib/jedis-2.9.0.jar:/nix/store/zw02np72fzsmga6s5mphhw7x8qlzf4sv-ycsb-0.17.0/share/redis-binding/lib/redis-binding-0.17.0.jar site.ycsb.Client -t -db site.ycsb.db.RedisClient -s -P /home/host/vmuxIO/test/moonprogs//../../ycsb/share/workloads/workloada -p redis.host=10.1.0.2 -p redis.port=6384 -p operationcount=429496729 -p maxexecutiontime=61 -threads 1
Command line: -t -db site.ycsb.db.RedisClient -s -P /home/host/vmuxIO/test/moonprogs//../../ycsb/share/workloads/workloada -p redis.host=10.1.0.2 -p redis.port=6384 -p operationcount=429496729 -p maxexecutiontime=61 -threads 1
YCSB Client 0.17.0

Loading workload...
Starting test.
Maximum execution time specified as: 61 secs
DBWrapper: report latency for each error is false and specific error codes to track for latency are: []
2025-04-02 00:59:19:967 0 sec: 0 operations; est completion in 0 second 
2025-04-02 00:59:29:785 10 sec: 32602 operations; 3259.87 current ops/sec; est completion in 1 day 12 hours [READ: Count=16320, Max=57471, Min=113, Avg=293.76, 90=433, 99=1801, 99.9=6503, 99.99=23551] [UPDATE: Count=16307, Max=31647, Min=97, Avg=293.19, 90=440, 99=1928, 99.9=5899, 99.99=11791] 
2025-04-02 00:59:39:784 20 sec: 73921 operations; 4132.31 current ops/sec; est completion in 1 day 8 hours [READ: Count=20723, Max=4467, Min=94, Avg=238.16, 90=373, 99=563, 99.9=2291, 99.99=4131] [UPDATE: Count=20571, Max=4495, Min=96, Avg=238.07, 90=375, 99=567, 99.9=2209, 99.99=4083] 
2025-04-02 00:59:49:783 30 sec: 103556 operations; 2963.5 current ops/sec; est completion in 1 day 10 hours [READ: Count=14896, Max=9063, Min=125, Avg=334.51, 90=488, 99=607, 99.9=968, 99.99=3869] [UPDATE: Count=14739, Max=3561, Min=121, Avg=335.06, 90=490, 99=610, 99.9=776, 99.99=3299] 
2025-04-02 00:59:59:784 40 sec: 148460 operations; 4490.4 current ops/sec; est completion in 1 day 8 hours [READ: Count=22303, Max=3373, Min=100, Avg=220.74, 90=397, 99=632, 99.9=823, 99.99=1466] [UPDATE: Count=22601, Max=8447, Min=96, Avg=220.72, 90=399, 99=644, 99.9=908, 99.99=2719] 
2025-04-02 01:00:09:784 50 sec: 179561 operations; 3110.1 current ops/sec; est completion in 1 day 9 hours [READ: Count=15552, Max=7415, Min=106, Avg=316.24, 90=523, 99=861, 99.9=1632, 99.99=3929] [UPDATE: Count=15549, Max=7775, Min=99, Avg=319.82, 90=525, 99=869, 99.9=1534, 99.99=4543] 
2025-04-02 01:00:19:783 60 sec: 225394 operations; 4583.3 current ops/sec; est completion in 1 day 7 hours [READ: Count=22904, Max=4123, Min=87, Avg=215.41, 90=393, 99=586, 99.9=742, 99.99=1637] [UPDATE: Count=22929, Max=11815, Min=84, Avg=217.19, 90=400, 99=594, 99.9=762, 99.99=1871] 
Maximum time elapsed. Requesting stop for the workload.
Stop requested for workload. Now Joining!
2025-04-02 01:00:20:792 61 sec: 233635 operations; 8175.6 current ops/sec; est completion in 1 day 7 hours [READ: Count=4191, Max=6383, Min=94, Avg=122.67, 90=136, 99=179, 99.9=259, 99.99=6383] [CLEANUP: Count=1, Max=1070, Min=1070, Avg=1070, 90=1070, 99=1070, 99.9=1070, 99.99=1070] [UPDATE: Count=4050, Max=425, Min=91, Avg=118.81, 90=133, 99=187, 99.9=297, 99.99=425] 
[OVERALL], RunTime(ms), 61012
[OVERALL], Throughput(ops/sec), 3829.3286566577067
[TOTAL_GCS_Copy], Count, 22
[TOTAL_GC_TIME_Copy], Time(ms), 59
[TOTAL_GC_TIME_%_Copy], Time(%), 0.09670228807447714
[TOTAL_GCS_MarkSweepCompact], Count, 0
[TOTAL_GC_TIME_MarkSweepCompact], Time(ms), 0
[TOTAL_GC_TIME_%_MarkSweepCompact], Time(%), 0.0
[TOTAL_GCs], Count, 22
[TOTAL_GC_TIME], Time(ms), 59
[TOTAL_GC_TIME_%], Time(%), 0.09670228807447714
[READ], Operations, 116889
[READ], AverageLatency(us), 256.6657170477975
[READ], MinLatency(us), 87
[READ], MaxLatency(us), 57471
[READ], 95thPercentileLatency(us), 504
[READ], 99thPercentileLatency(us), 696
[READ], Return=OK, 116889
[CLEANUP], Operations, 1
[CLEANUP], AverageLatency(us), 1070.0
[CLEANUP], MinLatency(us), 1070
[CLEANUP], MaxLatency(us), 1070
[CLEANUP], 95thPercentileLatency(us), 1070
[CLEANUP], 99thPercentileLatency(us), 1070
[UPDATE], Operations, 116746
[UPDATE], AverageLatency(us), 257.3044558271804
[UPDATE], MinLatency(us), 84
[UPDATE], MaxLatency(us), 31647
[UPDATE], 95thPercentileLatency(us), 509
[UPDATE], 99thPercentileLatency(us), 723
[UPDATE], Return=OK, 116746
AUTOTEST_DONE
