/nix/store/2vwkssqpzykk37r996cafq7x63imf4sp-openjdk-21+35/bin/java  -classpath /nix/store/zw02np72fzsmga6s5mphhw7x8qlzf4sv-ycsb-0.17.0/share/conf:/nix/store/zw02np72fzsmga6s5mphhw7x8qlzf4sv-ycsb-0.17.0/share/lib/core-0.17.0.jar:/nix/store/zw02np72fzsmga6s5mphhw7x8qlzf4sv-ycsb-0.17.0/share/lib/HdrHistogram-2.1.4.jar:/nix/store/zw02np72fzsmga6s5mphhw7x8qlzf4sv-ycsb-0.17.0/share/lib/htrace-core4-4.1.0-incubating.jar:/nix/store/zw02np72fzsmga6s5mphhw7x8qlzf4sv-ycsb-0.17.0/share/lib/jackson-core-asl-1.9.4.jar:/nix/store/zw02np72fzsmga6s5mphhw7x8qlzf4sv-ycsb-0.17.0/share/lib/jackson-mapper-asl-1.9.4.jar:/nix/store/zw02np72fzsmga6s5mphhw7x8qlzf4sv-ycsb-0.17.0/share/redis-binding/lib/commons-pool2-2.4.2.jar:/nix/store/zw02np72fzsmga6s5mphhw7x8qlzf4sv-ycsb-0.17.0/share/redis-binding/lib/jedis-2.9.0.jar:/nix/store/zw02np72fzsmga6s5mphhw7x8qlzf4sv-ycsb-0.17.0/share/redis-binding/lib/redis-binding-0.17.0.jar site.ycsb.Client -t -db site.ycsb.db.RedisClient -s -P /home/host/vmuxIO/test/moonprogs//../../ycsb/share/workloads/workloada -p redis.host=10.1.0.2 -p redis.port=6386 -p operationcount=429496729 -p maxexecutiontime=61 -threads 1
Command line: -t -db site.ycsb.db.RedisClient -s -P /home/host/vmuxIO/test/moonprogs//../../ycsb/share/workloads/workloada -p redis.host=10.1.0.2 -p redis.port=6386 -p operationcount=429496729 -p maxexecutiontime=61 -threads 1
YCSB Client 0.17.0

Loading workload...
Starting test.
Maximum execution time specified as: 61 secs
DBWrapper: report latency for each error is false and specific error codes to track for latency are: []
2025-04-02 00:59:21:327 0 sec: 0 operations; est completion in 0 second 
2025-04-02 00:59:31:105 10 sec: 27467 operations; 2746.7 current ops/sec; est completion in 1 day 19 hours [READ: Count=13692, Max=54143, Min=125, Avg=340.41, 90=490, 99=2925, 99.9=6003, 99.99=22271] [UPDATE: Count=13801, Max=30447, Min=106, Avg=353.13, 90=493, 99=3373, 99.9=6951, 99.99=13967] 
2025-04-02 00:59:41:105 20 sec: 70871 operations; 4340.4 current ops/sec; est completion in 1 day 9 hours [READ: Count=21829, Max=7307, Min=117, Avg=227.53, 90=346, 99=597, 99.9=1112, 99.99=4005] [UPDATE: Count=21549, Max=3695, Min=120, Avg=225.44, 90=342, 99=603, 99.9=1011, 99.99=3397] 
2025-04-02 00:59:51:105 30 sec: 112508 operations; 4163.7 current ops/sec; est completion in 1 day 7 hours [READ: Count=20935, Max=8615, Min=106, Avg=239.39, 90=371, 99=577, 99.9=772, 99.99=2247] [UPDATE: Count=20702, Max=2085, Min=99, Avg=236.23, 90=369, 99=579, 99.9=754, 99.99=1251] 
2025-04-02 01:00:01:105 40 sec: 158734 operations; 4622.6 current ops/sec; est completion in 1 day 6 hours [READ: Count=23188, Max=8807, Min=103, Avg=215.8, 90=288, 99=531, 99.9=807, 99.99=3095] [UPDATE: Count=23038, Max=3539, Min=103, Avg=212.79, 90=282, 99=526, 99.9=807, 99.99=2737] 
2025-04-02 01:00:11:105 50 sec: 195655 operations; 3692.1 current ops/sec; est completion in 1 day 6 hours [READ: Count=18468, Max=33215, Min=126, Avg=269.62, 90=412, 99=577, 99.9=999, 99.99=2647] [UPDATE: Count=18453, Max=12735, Min=121, Avg=266.78, 90=413, 99=573, 99.9=920, 99.99=4031] 
2025-04-02 01:00:21:105 60 sec: 252674 operations; 5701.9 current ops/sec; est completion in 1 day 4 hours [READ: Count=28414, Max=2034, Min=94, Avg=174.28, 90=225, 99=289, 99.9=441, 99.99=863] [UPDATE: Count=28605, Max=6603, Min=91, Avg=172.69, 90=224, 99=290, 99.9=454, 99.99=2047] 
Maximum time elapsed. Requesting stop for the workload.
Stop requested for workload. Now Joining!
2025-04-02 01:00:22:128 61 sec: 260543 operations; 7699.61 current ops/sec; est completion in 1 day 3 hours [READ: Count=3910, Max=793, Min=94, Avg=128.65, 90=168, 99=209, 99.9=368, 99.99=793] [CLEANUP: Count=1, Max=1445, Min=1445, Avg=1445, 90=1445, 99=1445, 99.9=1445, 99.99=1445] [UPDATE: Count=3959, Max=3979, Min=89, Avg=127.77, 90=165, 99=212, 99.9=815, 99.99=3979] 
[OVERALL], RunTime(ms), 61031
[OVERALL], Throughput(ops/sec), 4269.027215677279
[TOTAL_GCS_Copy], Count, 24
[TOTAL_GC_TIME_Copy], Time(ms), 60
[TOTAL_GC_TIME_%_Copy], Time(%), 0.09831069456505709
[TOTAL_GCS_MarkSweepCompact], Count, 0
[TOTAL_GC_TIME_MarkSweepCompact], Time(ms), 0
[TOTAL_GC_TIME_%_MarkSweepCompact], Time(%), 0.0
[TOTAL_GCs], Count, 24
[TOTAL_GC_TIME], Time(ms), 60
[TOTAL_GC_TIME_%], Time(%), 0.09831069456505709
[READ], Operations, 130436
[READ], AverageLatency(us), 230.5908721518599
[READ], MinLatency(us), 94
[READ], MaxLatency(us), 54143
[READ], 95thPercentileLatency(us), 420
[READ], 99thPercentileLatency(us), 611
[READ], Return=OK, 130436
[CLEANUP], Operations, 1
[CLEANUP], AverageLatency(us), 1445.0
[CLEANUP], MinLatency(us), 1445
[CLEANUP], MaxLatency(us), 1445
[CLEANUP], 95thPercentileLatency(us), 1445
[CLEANUP], 99thPercentileLatency(us), 1445
[UPDATE], Operations, 130107
[UPDATE], AverageLatency(us), 229.7553782655814
[UPDATE], MinLatency(us), 89
[UPDATE], MaxLatency(us), 30447
[UPDATE], 95thPercentileLatency(us), 421
[UPDATE], 99thPercentileLatency(us), 614
[UPDATE], Return=OK, 130107
AUTOTEST_DONE
