/nix/store/2vwkssqpzykk37r996cafq7x63imf4sp-openjdk-21+35/bin/java  -classpath /nix/store/zw02np72fzsmga6s5mphhw7x8qlzf4sv-ycsb-0.17.0/share/conf:/nix/store/zw02np72fzsmga6s5mphhw7x8qlzf4sv-ycsb-0.17.0/share/lib/core-0.17.0.jar:/nix/store/zw02np72fzsmga6s5mphhw7x8qlzf4sv-ycsb-0.17.0/share/lib/HdrHistogram-2.1.4.jar:/nix/store/zw02np72fzsmga6s5mphhw7x8qlzf4sv-ycsb-0.17.0/share/lib/htrace-core4-4.1.0-incubating.jar:/nix/store/zw02np72fzsmga6s5mphhw7x8qlzf4sv-ycsb-0.17.0/share/lib/jackson-core-asl-1.9.4.jar:/nix/store/zw02np72fzsmga6s5mphhw7x8qlzf4sv-ycsb-0.17.0/share/lib/jackson-mapper-asl-1.9.4.jar:/nix/store/zw02np72fzsmga6s5mphhw7x8qlzf4sv-ycsb-0.17.0/share/redis-binding/lib/commons-pool2-2.4.2.jar:/nix/store/zw02np72fzsmga6s5mphhw7x8qlzf4sv-ycsb-0.17.0/share/redis-binding/lib/jedis-2.9.0.jar:/nix/store/zw02np72fzsmga6s5mphhw7x8qlzf4sv-ycsb-0.17.0/share/redis-binding/lib/redis-binding-0.17.0.jar site.ycsb.Client -t -db site.ycsb.db.RedisClient -s -P /home/host/vmuxIO/test/moonprogs//../../ycsb/share/workloads/workloada -p redis.host=10.1.0.2 -p redis.port=6386 -p operationcount=429496729 -p maxexecutiontime=61 -threads 1
Command line: -t -db site.ycsb.db.RedisClient -s -P /home/host/vmuxIO/test/moonprogs//../../ycsb/share/workloads/workloada -p redis.host=10.1.0.2 -p redis.port=6386 -p operationcount=429496729 -p maxexecutiontime=61 -threads 1
YCSB Client 0.17.0

Loading workload...
Starting test.
Maximum execution time specified as: 61 secs
DBWrapper: report latency for each error is false and specific error codes to track for latency are: []
2025-04-18 13:05:22:896 0 sec: 0 operations; est completion in 0 second 
2025-04-18 13:05:32:677 10 sec: 10971 operations; 1096.99 current ops/sec; est completion in 4 days 12 hours [READ: Count=5428, Max=61375, Min=411, Avg=867.24, 90=965, 99=4587, 99.9=7123, 99.99=8151] [UPDATE: Count=5549, Max=13335, Min=369, Avg=892.46, 90=979, 99=4615, 99.9=7923, 99.99=12975] 
2025-04-18 13:05:42:677 20 sec: 24533 operations; 1356.2 current ops/sec; est completion in 4 days 1 hour [READ: Count=6877, Max=10599, Min=392, Avg=731.02, 90=911, 99=1189, 99.9=4001, 99.99=5039] [UPDATE: Count=6679, Max=6383, Min=350, Avg=728.31, 90=908, 99=1211, 99.9=4207, 99.99=4715] 
2025-04-18 13:05:52:677 30 sec: 38827 operations; 1429.4 current ops/sec; est completion in 3 days 20 hours [READ: Count=7056, Max=11511, Min=401, Avg=698.33, 90=845, 99=1034, 99.9=1593, 99.99=4643] [UPDATE: Count=7238, Max=4399, Min=406, Avg=691.95, 90=837, 99=1007, 99.9=1449, 99.99=3909] 
2025-04-18 13:06:02:677 40 sec: 53139 operations; 1431.2 current ops/sec; est completion in 3 days 17 hours [READ: Count=7120, Max=8591, Min=405, Avg=696.14, 90=835, 99=1015, 99.9=3133, 99.99=4831] [UPDATE: Count=7192, Max=4575, Min=386, Avg=691.46, 90=829, 99=1023, 99.9=2499, 99.99=4255] 
2025-04-18 13:06:12:677 50 sec: 66820 operations; 1368.1 current ops/sec; est completion in 3 days 17 hours [READ: Count=6799, Max=8431, Min=403, Avg=725.67, 90=893, 99=1102, 99.9=1478, 99.99=3805] [UPDATE: Count=6882, Max=5143, Min=363, Avg=728.11, 90=892, 99=1131, 99.9=4187, 99.99=4695] 
2025-04-18 13:06:22:677 60 sec: 82320 operations; 1550.16 current ops/sec; est completion in 3 days 14 hours [READ: Count=7753, Max=9791, Min=316, Avg=641.88, 90=812, 99=1053, 99.9=1408, 99.99=5211] [UPDATE: Count=7747, Max=7991, Min=354, Avg=642.8, 90=815, 99=1083, 99.9=3013, 99.99=5391] 
Maximum time elapsed. Requesting stop for the workload.
Stop requested for workload. Now Joining!
2025-04-18 13:06:23:695 61 sec: 84286 operations; 1929.34 current ops/sec; est completion in 3 days 14 hours [READ: Count=944, Max=955, Min=408, Avg=510.22, 90=619, 99=680, 99.9=948, 99.99=955] [CLEANUP: Count=1, Max=1247, Min=1247, Avg=1247, 90=1247, 99=1247, 99.9=1247, 99.99=1247] [UPDATE: Count=1022, Max=8319, Min=388, Avg=519.1, 90=624, 99=696, 99.9=898, 99.99=8319] 
[OVERALL], RunTime(ms), 61027
[OVERALL], Throughput(ops/sec), 1381.126386681305
[TOTAL_GCS_Copy], Count, 8
[TOTAL_GC_TIME_Copy], Time(ms), 23
[TOTAL_GC_TIME_%_Copy], Time(%), 0.03768823635440051
[TOTAL_GCS_MarkSweepCompact], Count, 0
[TOTAL_GC_TIME_MarkSweepCompact], Time(ms), 0
[TOTAL_GC_TIME_%_MarkSweepCompact], Time(%), 0.0
[TOTAL_GCs], Count, 8
[TOTAL_GC_TIME], Time(ms), 23
[TOTAL_GC_TIME_%], Time(%), 0.03768823635440051
[READ], Operations, 41977
[READ], AverageLatency(us), 714.928627581771
[READ], MinLatency(us), 316
[READ], MaxLatency(us), 61375
[READ], 95thPercentileLatency(us), 947
[READ], 99thPercentileLatency(us), 1265
[READ], Return=OK, 41977
[CLEANUP], Operations, 1
[CLEANUP], AverageLatency(us), 1247.0
[CLEANUP], MinLatency(us), 1247
[CLEANUP], MaxLatency(us), 1247
[CLEANUP], 95thPercentileLatency(us), 1247
[CLEANUP], 99thPercentileLatency(us), 1247
[UPDATE], Operations, 42309
[UPDATE], AverageLatency(us), 716.6116192772223
[UPDATE], MinLatency(us), 350
[UPDATE], MaxLatency(us), 13335
[UPDATE], 95thPercentileLatency(us), 942
[UPDATE], 99thPercentileLatency(us), 1348
[UPDATE], Return=OK, 42309
AUTOTEST_DONE
