/nix/store/2vwkssqpzykk37r996cafq7x63imf4sp-openjdk-21+35/bin/java  -classpath /nix/store/zw02np72fzsmga6s5mphhw7x8qlzf4sv-ycsb-0.17.0/share/conf:/nix/store/zw02np72fzsmga6s5mphhw7x8qlzf4sv-ycsb-0.17.0/share/lib/core-0.17.0.jar:/nix/store/zw02np72fzsmga6s5mphhw7x8qlzf4sv-ycsb-0.17.0/share/lib/HdrHistogram-2.1.4.jar:/nix/store/zw02np72fzsmga6s5mphhw7x8qlzf4sv-ycsb-0.17.0/share/lib/htrace-core4-4.1.0-incubating.jar:/nix/store/zw02np72fzsmga6s5mphhw7x8qlzf4sv-ycsb-0.17.0/share/lib/jackson-core-asl-1.9.4.jar:/nix/store/zw02np72fzsmga6s5mphhw7x8qlzf4sv-ycsb-0.17.0/share/lib/jackson-mapper-asl-1.9.4.jar:/nix/store/zw02np72fzsmga6s5mphhw7x8qlzf4sv-ycsb-0.17.0/share/redis-binding/lib/commons-pool2-2.4.2.jar:/nix/store/zw02np72fzsmga6s5mphhw7x8qlzf4sv-ycsb-0.17.0/share/redis-binding/lib/jedis-2.9.0.jar:/nix/store/zw02np72fzsmga6s5mphhw7x8qlzf4sv-ycsb-0.17.0/share/redis-binding/lib/redis-binding-0.17.0.jar site.ycsb.Client -t -db site.ycsb.db.RedisClient -s -P /home/host/vmuxIO/test/moonprogs//../../ycsb/share/workloads/workloada -p redis.host=10.1.0.2 -p redis.port=6379 -p operationcount=429496729 -p maxexecutiontime=61 -threads 1
Command line: -t -db site.ycsb.db.RedisClient -s -P /home/host/vmuxIO/test/moonprogs//../../ycsb/share/workloads/workloada -p redis.host=10.1.0.2 -p redis.port=6379 -p operationcount=429496729 -p maxexecutiontime=61 -threads 1
YCSB Client 0.17.0

Loading workload...
Starting test.
Maximum execution time specified as: 61 secs
DBWrapper: report latency for each error is false and specific error codes to track for latency are: []
2025-04-18 11:08:40:932 0 sec: 0 operations; est completion in 0 second 
2025-04-18 11:08:50:784 10 sec: 34161 operations; 3416.1 current ops/sec; est completion in 1 day 10 hours [READ: Count=17141, Max=18143, Min=132, Avg=280.94, 90=302, 99=419, 99.9=3161, 99.99=7327] [UPDATE: Count=17023, Max=22319, Min=138, Avg=281.81, 90=306, 99=536, 99.9=3155, 99.99=5539] 
2025-04-18 11:09:00:784 20 sec: 72914 operations; 3874.91 current ops/sec; est completion in 1 day 8 hours [READ: Count=19544, Max=3871, Min=130, Avg=254.49, 90=288, 99=309, 99.9=463, 99.99=1724] [UPDATE: Count=19206, Max=11935, Min=131, Avg=255.66, 90=288, 99=309, 99.9=459, 99.99=1955] 
2025-04-18 11:09:10:784 30 sec: 110438 operations; 3752.78 current ops/sec; est completion in 1 day 8 hours [READ: Count=18948, Max=6063, Min=132, Avg=262.25, 90=298, 99=434, 99.9=576, 99.99=1190] [UPDATE: Count=18576, Max=859, Min=131, Avg=264.15, 90=298, 99=434, 99.9=566, 99.99=800] 
2025-04-18 11:09:20:784 40 sec: 149092 operations; 3865.4 current ops/sec; est completion in 1 day 7 hours [READ: Count=19274, Max=797, Min=133, Avg=255.77, 90=289, 99=306, 99.9=390, 99.99=769] [UPDATE: Count=19380, Max=8151, Min=129, Avg=257.65, 90=289, 99=305, 99.9=391, 99.99=1899] 
2025-04-18 11:09:30:784 50 sec: 187875 operations; 3878.3 current ops/sec; est completion in 1 day 7 hours [READ: Count=19253, Max=784, Min=130, Avg=254.7, 90=288, 99=306, 99.9=382, 99.99=671] [UPDATE: Count=19530, Max=3669, Min=130, Avg=257.02, 90=287, 99=306, 99.9=390, 99.99=789] 
2025-04-18 11:09:40:784 60 sec: 224942 operations; 3706.7 current ops/sec; est completion in 1 day 7 hours [READ: Count=18571, Max=4327, Min=130, Avg=267.05, 90=300, 99=435, 99.9=566, 99.99=802] [UPDATE: Count=18496, Max=3399, Min=129, Avg=266.36, 90=298, 99=442, 99.9=566, 99.99=860] 
Maximum time elapsed. Requesting stop for the workload.
Stop requested for workload. Now Joining!
2025-04-18 11:09:41:795 61 sec: 228752 operations; 3764.82 current ops/sec; est completion in 1 day 7 hours [READ: Count=1862, Max=4963, Min=144, Avg=265.74, 90=288, 99=312, 99.9=512, 99.99=4963] [CLEANUP: Count=1, Max=1086, Min=1086, Avg=1086, 90=1086, 99=1086, 99.9=1086, 99.99=1086] [UPDATE: Count=1948, Max=465, Min=132, Avg=260.64, 90=288, 99=309, 99.9=403, 99.99=465] 
[OVERALL], RunTime(ms), 61019
[OVERALL], Throughput(ops/sec), 3748.8651075894395
[TOTAL_GCS_Copy], Count, 21
[TOTAL_GC_TIME_Copy], Time(ms), 20
[TOTAL_GC_TIME_%_Copy], Time(%), 0.032776676117274944
[TOTAL_GCS_MarkSweepCompact], Count, 0
[TOTAL_GC_TIME_MarkSweepCompact], Time(ms), 0
[TOTAL_GC_TIME_%_MarkSweepCompact], Time(%), 0.0
[TOTAL_GCs], Count, 21
[TOTAL_GC_TIME], Time(ms), 20
[TOTAL_GC_TIME_%], Time(%), 0.032776676117274944
[READ], Operations, 114593
[READ], AverageLatency(us), 262.19792657492167
[READ], MinLatency(us), 130
[READ], MaxLatency(us), 18143
[READ], 95thPercentileLatency(us), 303
[READ], 99thPercentileLatency(us), 394
[READ], Return=OK, 114593
[CLEANUP], Operations, 1
[CLEANUP], AverageLatency(us), 1086.0
[CLEANUP], MinLatency(us), 1086
[CLEANUP], MaxLatency(us), 1086
[CLEANUP], 95thPercentileLatency(us), 1086
[CLEANUP], 99thPercentileLatency(us), 1086
[UPDATE], Operations, 114159
[UPDATE], AverageLatency(us), 263.3282351807567
[UPDATE], MinLatency(us), 129
[UPDATE], MaxLatency(us), 22319
[UPDATE], 95thPercentileLatency(us), 303
[UPDATE], 99thPercentileLatency(us), 398
[UPDATE], Return=OK, 114159
AUTOTEST_DONE
