/nix/store/2vwkssqpzykk37r996cafq7x63imf4sp-openjdk-21+35/bin/java  -classpath /nix/store/zw02np72fzsmga6s5mphhw7x8qlzf4sv-ycsb-0.17.0/share/conf:/nix/store/zw02np72fzsmga6s5mphhw7x8qlzf4sv-ycsb-0.17.0/share/lib/core-0.17.0.jar:/nix/store/zw02np72fzsmga6s5mphhw7x8qlzf4sv-ycsb-0.17.0/share/lib/HdrHistogram-2.1.4.jar:/nix/store/zw02np72fzsmga6s5mphhw7x8qlzf4sv-ycsb-0.17.0/share/lib/htrace-core4-4.1.0-incubating.jar:/nix/store/zw02np72fzsmga6s5mphhw7x8qlzf4sv-ycsb-0.17.0/share/lib/jackson-core-asl-1.9.4.jar:/nix/store/zw02np72fzsmga6s5mphhw7x8qlzf4sv-ycsb-0.17.0/share/lib/jackson-mapper-asl-1.9.4.jar:/nix/store/zw02np72fzsmga6s5mphhw7x8qlzf4sv-ycsb-0.17.0/share/redis-binding/lib/commons-pool2-2.4.2.jar:/nix/store/zw02np72fzsmga6s5mphhw7x8qlzf4sv-ycsb-0.17.0/share/redis-binding/lib/jedis-2.9.0.jar:/nix/store/zw02np72fzsmga6s5mphhw7x8qlzf4sv-ycsb-0.17.0/share/redis-binding/lib/redis-binding-0.17.0.jar site.ycsb.Client -t -db site.ycsb.db.RedisClient -s -P /home/host/vmuxIO/test/moonprogs//../../ycsb/share/workloads/workloada -p redis.host=10.1.0.2 -p redis.port=6379 -p operationcount=429496729 -p maxexecutiontime=61 -threads 1
Command line: -t -db site.ycsb.db.RedisClient -s -P /home/host/vmuxIO/test/moonprogs//../../ycsb/share/workloads/workloada -p redis.host=10.1.0.2 -p redis.port=6379 -p operationcount=429496729 -p maxexecutiontime=61 -threads 1
YCSB Client 0.17.0

Loading workload...
Starting test.
Maximum execution time specified as: 61 secs
DBWrapper: report latency for each error is false and specific error codes to track for latency are: []
2024-10-03 03:43:43:926 0 sec: 0 operations; est completion in 0 second 
2024-10-03 03:43:53:515 10 sec: 28361 operations; 2835.82 current ops/sec; est completion in 1 day 18 hours [READ: Count=14333, Max=124223, Min=106, Avg=332.65, 90=421, 99=2929, 99.9=7155, 99.99=22431] [UPDATE: Count=14077, Max=10815, Min=101, Avg=326.07, 90=426, 99=2941, 99.9=6987, 99.99=10631] 
2024-10-03 03:44:03:516 20 sec: 63990 operations; 3562.9 current ops/sec; est completion in 1 day 13 hours [READ: Count=17632, Max=9863, Min=112, Avg=276.86, 90=380, 99=733, 99.9=2329, 99.99=4451] [UPDATE: Count=17948, Max=6783, Min=101, Avg=275.46, 90=377, 99=757, 99.9=2911, 99.99=4011] 
2024-10-03 03:44:13:515 30 sec: 100322 operations; 3633.2 current ops/sec; est completion in 1 day 11 hours [READ: Count=18220, Max=7099, Min=113, Avg=273.49, 90=365, 99=609, 99.9=1358, 99.99=4935] [UPDATE: Count=18112, Max=11543, Min=106, Avg=271.37, 90=365, 99=622, 99.9=1172, 99.99=4703] 
2024-10-03 03:44:23:515 40 sec: 137057 operations; 3673.5 current ops/sec; est completion in 1 day 10 hours [READ: Count=18322, Max=4775, Min=102, Avg=270.67, 90=374, 99=634, 99.9=1082, 99.99=3561] [UPDATE: Count=18413, Max=8559, Min=115, Avg=267.92, 90=369, 99=627, 99.9=1128, 99.99=4583] 
2024-10-03 03:44:33:515 50 sec: 172717 operations; 3566 current ops/sec; est completion in 1 day 10 hours [READ: Count=17844, Max=202623, Min=103, Avg=283.45, 90=386, 99=628, 99.9=1078, 99.99=4283] [UPDATE: Count=17816, Max=6971, Min=110, Avg=271.29, 90=382, 99=641, 99.9=1204, 99.99=3885] 
2024-10-03 03:44:43:515 60 sec: 215057 operations; 4234 current ops/sec; est completion in 1 day 9 hours [READ: Count=21230, Max=4231, Min=83, Avg=234.18, 90=326, 99=467, 99.9=1006, 99.99=3633] [UPDATE: Count=21110, Max=5943, Min=82, Avg=232.82, 90=326, 99=461, 99.9=811, 99.99=5415] 
Maximum time elapsed. Requesting stop for the workload.
Stop requested for workload. Now Joining!
2024-10-03 03:44:44:531 61 sec: 220804 operations; 5656.5 current ops/sec; est completion in 1 day 8 hours [READ: Count=2887, Max=2445, Min=92, Avg=173.28, 90=244, 99=413, 99.9=819, 99.99=2445] [CLEANUP: Count=1, Max=965, Min=965, Avg=965, 90=965, 99=965, 99.9=965, 99.99=965] [UPDATE: Count=2860, Max=7107, Min=91, Avg=175.21, 90=240, 99=440, 99.9=875, 99.99=7107] 
[OVERALL], RunTime(ms), 61020
[OVERALL], Throughput(ops/sec), 3618.5512946574895
[TOTAL_GCS_Copy], Count, 20
[TOTAL_GC_TIME_Copy], Time(ms), 31
[TOTAL_GC_TIME_%_Copy], Time(%), 0.050803015404785316
[TOTAL_GCS_MarkSweepCompact], Count, 0
[TOTAL_GC_TIME_MarkSweepCompact], Time(ms), 0
[TOTAL_GC_TIME_%_MarkSweepCompact], Time(%), 0.0
[TOTAL_GCs], Count, 20
[TOTAL_GC_TIME], Time(ms), 31
[TOTAL_GC_TIME_%], Time(%), 0.050803015404785316
[READ], Operations, 110468
[READ], AverageLatency(us), 272.6699134591013
[READ], MinLatency(us), 83
[READ], MaxLatency(us), 202623
[READ], 95thPercentileLatency(us), 429
[READ], 99thPercentileLatency(us), 711
[READ], Return=OK, 110468
[CLEANUP], Operations, 1
[CLEANUP], AverageLatency(us), 965.0
[CLEANUP], MinLatency(us), 965
[CLEANUP], MaxLatency(us), 965
[CLEANUP], 95thPercentileLatency(us), 965
[CLEANUP], 99thPercentileLatency(us), 965
[UPDATE], Operations, 110336
[UPDATE], AverageLatency(us), 268.5577055539443
[UPDATE], MinLatency(us), 82
[UPDATE], MaxLatency(us), 11543
[UPDATE], 95thPercentileLatency(us), 428
[UPDATE], 99thPercentileLatency(us), 715
[UPDATE], Return=OK, 110336
AUTOTEST_DONE
