/nix/store/2vwkssqpzykk37r996cafq7x63imf4sp-openjdk-21+35/bin/java  -classpath /nix/store/zw02np72fzsmga6s5mphhw7x8qlzf4sv-ycsb-0.17.0/share/conf:/nix/store/zw02np72fzsmga6s5mphhw7x8qlzf4sv-ycsb-0.17.0/share/lib/core-0.17.0.jar:/nix/store/zw02np72fzsmga6s5mphhw7x8qlzf4sv-ycsb-0.17.0/share/lib/HdrHistogram-2.1.4.jar:/nix/store/zw02np72fzsmga6s5mphhw7x8qlzf4sv-ycsb-0.17.0/share/lib/htrace-core4-4.1.0-incubating.jar:/nix/store/zw02np72fzsmga6s5mphhw7x8qlzf4sv-ycsb-0.17.0/share/lib/jackson-core-asl-1.9.4.jar:/nix/store/zw02np72fzsmga6s5mphhw7x8qlzf4sv-ycsb-0.17.0/share/lib/jackson-mapper-asl-1.9.4.jar:/nix/store/zw02np72fzsmga6s5mphhw7x8qlzf4sv-ycsb-0.17.0/share/redis-binding/lib/commons-pool2-2.4.2.jar:/nix/store/zw02np72fzsmga6s5mphhw7x8qlzf4sv-ycsb-0.17.0/share/redis-binding/lib/jedis-2.9.0.jar:/nix/store/zw02np72fzsmga6s5mphhw7x8qlzf4sv-ycsb-0.17.0/share/redis-binding/lib/redis-binding-0.17.0.jar site.ycsb.Client -t -db site.ycsb.db.RedisClient -s -P /home/host/vmuxIO/test/moonprogs//../../ycsb/share/workloads/workloada -p redis.host=10.1.0.2 -p redis.port=6379 -p operationcount=429496729 -p maxexecutiontime=61 -threads 1
Command line: -t -db site.ycsb.db.RedisClient -s -P /home/host/vmuxIO/test/moonprogs//../../ycsb/share/workloads/workloada -p redis.host=10.1.0.2 -p redis.port=6379 -p operationcount=429496729 -p maxexecutiontime=61 -threads 1
YCSB Client 0.17.0

Loading workload...
Starting test.
Maximum execution time specified as: 61 secs
DBWrapper: report latency for each error is false and specific error codes to track for latency are: []
2024-10-03 03:43:44:128 0 sec: 0 operations; est completion in 0 second 
2024-10-03 03:43:53:705 10 sec: 31011 operations; 3100.79 current ops/sec; est completion in 1 day 14 hours [READ: Count=15484, Max=76991, Min=107, Avg=303.55, 90=390, 99=2597, 99.9=4695, 99.99=11919] [UPDATE: Count=15572, Max=7455, Min=110, Avg=298.06, 90=395, 99=2729, 99.9=4275, 99.99=7075] 
2024-10-03 03:44:03:705 20 sec: 64600 operations; 3358.9 current ops/sec; est completion in 1 day 12 hours [READ: Count=16739, Max=8239, Min=103, Avg=294.44, 90=417, 99=893, 99.9=3373, 99.99=5719] [UPDATE: Count=16806, Max=8951, Min=112, Avg=290.02, 90=412, 99=836, 99.9=3335, 99.99=4203] 
2024-10-03 03:44:13:705 30 sec: 99843 operations; 3524.3 current ops/sec; est completion in 1 day 11 hours [READ: Count=17666, Max=7011, Min=110, Avg=281.64, 90=385, 99=685, 99.9=1925, 99.99=4195] [UPDATE: Count=17576, Max=7331, Min=114, Avg=279.41, 90=381, 99=670, 99.9=1951, 99.99=5507] 
2024-10-03 03:44:23:705 40 sec: 136169 operations; 3632.6 current ops/sec; est completion in 1 day 11 hours [READ: Count=18119, Max=8511, Min=110, Avg=273.25, 90=377, 99=712, 99.9=1605, 99.99=4927] [UPDATE: Count=18207, Max=5511, Min=102, Avg=271.35, 90=378, 99=693, 99.9=1468, 99.99=4259] 
2024-10-03 03:44:33:705 50 sec: 170145 operations; 3397.6 current ops/sec; est completion in 1 day 11 hours [READ: Count=16906, Max=7895, Min=111, Avg=291.62, 90=426, 99=862, 99.9=2119, 99.99=4563] [UPDATE: Count=17070, Max=5231, Min=110, Avg=291.22, 90=426, 99=904, 99.9=1985, 99.99=3759] 
2024-10-03 03:44:43:705 60 sec: 209249 operations; 3910.4 current ops/sec; est completion in 1 day 10 hours [READ: Count=19538, Max=12607, Min=95, Avg=249.3, 90=342, 99=527, 99.9=1586, 99.99=4003] [UPDATE: Count=19566, Max=208511, Min=96, Avg=256.43, 90=341, 99=507, 99.9=1547, 99.99=4103] 
Maximum time elapsed. Requesting stop for the workload.
Stop requested for workload. Now Joining!
2024-10-03 03:44:44:725 61 sec: 215274 operations; 5912.66 current ops/sec; est completion in 1 day 9 hours [READ: Count=3063, Max=3389, Min=90, Avg=166.71, 90=236, 99=364, 99.9=735, 99.99=3389] [CLEANUP: Count=1, Max=972, Min=972, Avg=972, 90=972, 99=972, 99.9=972, 99.99=972] [UPDATE: Count=2962, Max=9359, Min=88, Avg=166.39, 90=228, 99=357, 99.9=781, 99.99=9359] 
[OVERALL], RunTime(ms), 61025
[OVERALL], Throughput(ops/sec), 3527.6362146661204
[TOTAL_GCS_Copy], Count, 20
[TOTAL_GC_TIME_Copy], Time(ms), 27
[TOTAL_GC_TIME_%_Copy], Time(%), 0.044244162228594834
[TOTAL_GCS_MarkSweepCompact], Count, 0
[TOTAL_GC_TIME_MarkSweepCompact], Time(ms), 0
[TOTAL_GC_TIME_%_MarkSweepCompact], Time(%), 0.0
[TOTAL_GCs], Count, 20
[TOTAL_GC_TIME], Time(ms), 27
[TOTAL_GC_TIME_%], Time(%), 0.044244162228594834
[READ], Operations, 107515
[READ], AverageLatency(us), 277.7916848811794
[READ], MinLatency(us), 90
[READ], MaxLatency(us), 76991
[READ], 95thPercentileLatency(us), 459
[READ], 99thPercentileLatency(us), 864
[READ], Return=OK, 107515
[CLEANUP], Operations, 1
[CLEANUP], AverageLatency(us), 972.0
[CLEANUP], MinLatency(us), 972
[CLEANUP], MaxLatency(us), 972
[CLEANUP], 95thPercentileLatency(us), 972
[CLEANUP], 99thPercentileLatency(us), 972
[UPDATE], Operations, 107759
[UPDATE], AverageLatency(us), 276.9901446746907
[UPDATE], MinLatency(us), 88
[UPDATE], MaxLatency(us), 208511
[UPDATE], 95thPercentileLatency(us), 461
[UPDATE], 99thPercentileLatency(us), 865
[UPDATE], Return=OK, 107759
AUTOTEST_DONE
