/nix/store/2vwkssqpzykk37r996cafq7x63imf4sp-openjdk-21+35/bin/java  -classpath /nix/store/zw02np72fzsmga6s5mphhw7x8qlzf4sv-ycsb-0.17.0/share/conf:/nix/store/zw02np72fzsmga6s5mphhw7x8qlzf4sv-ycsb-0.17.0/share/lib/core-0.17.0.jar:/nix/store/zw02np72fzsmga6s5mphhw7x8qlzf4sv-ycsb-0.17.0/share/lib/HdrHistogram-2.1.4.jar:/nix/store/zw02np72fzsmga6s5mphhw7x8qlzf4sv-ycsb-0.17.0/share/lib/htrace-core4-4.1.0-incubating.jar:/nix/store/zw02np72fzsmga6s5mphhw7x8qlzf4sv-ycsb-0.17.0/share/lib/jackson-core-asl-1.9.4.jar:/nix/store/zw02np72fzsmga6s5mphhw7x8qlzf4sv-ycsb-0.17.0/share/lib/jackson-mapper-asl-1.9.4.jar:/nix/store/zw02np72fzsmga6s5mphhw7x8qlzf4sv-ycsb-0.17.0/share/redis-binding/lib/commons-pool2-2.4.2.jar:/nix/store/zw02np72fzsmga6s5mphhw7x8qlzf4sv-ycsb-0.17.0/share/redis-binding/lib/jedis-2.9.0.jar:/nix/store/zw02np72fzsmga6s5mphhw7x8qlzf4sv-ycsb-0.17.0/share/redis-binding/lib/redis-binding-0.17.0.jar site.ycsb.Client -t -db site.ycsb.db.RedisClient -s -P /home/host/vmuxIO/test/moonprogs//../../ycsb/share/workloads/workloada -p redis.host=10.1.0.2 -p redis.port=6380 -p operationcount=429496729 -p maxexecutiontime=61 -threads 1
Command line: -t -db site.ycsb.db.RedisClient -s -P /home/host/vmuxIO/test/moonprogs//../../ycsb/share/workloads/workloada -p redis.host=10.1.0.2 -p redis.port=6380 -p operationcount=429496729 -p maxexecutiontime=61 -threads 1
YCSB Client 0.17.0

Loading workload...
Starting test.
Maximum execution time specified as: 61 secs
DBWrapper: report latency for each error is false and specific error codes to track for latency are: []
2024-08-21 19:51:57:796 0 sec: 0 operations; est completion in 0 second 
2024-08-21 19:52:07:523 10 sec: 12976 operations; 1297.6 current ops/sec; est completion in 3 days 19 hours [READ: Count=6476, Max=66623, Min=124, Avg=724.51, 90=1913, 99=6023, 99.9=8951, 99.99=11055] [UPDATE: Count=6516, Max=18319, Min=110, Avg=746.22, 90=2849, 99=6419, 99.9=9231, 99.99=15911] 
2024-08-21 19:52:17:524 20 sec: 28640 operations; 1566.4 current ops/sec; est completion in 3 days 11 hours [READ: Count=7824, Max=14447, Min=127, Avg=645.91, 90=796, 99=4419, 99.9=7295, 99.99=11199] [UPDATE: Count=7824, Max=7983, Min=124, Avg=620.49, 90=741, 99=4407, 99.9=7119, 99.99=7547] 
2024-08-21 19:52:27:523 30 sec: 45300 operations; 1666 current ops/sec; est completion in 3 days 7 hours [READ: Count=8278, Max=208255, Min=127, Avg=616.39, 90=559, 99=4371, 99.9=7267, 99.99=10887] [UPDATE: Count=8392, Max=11047, Min=121, Avg=576.32, 90=557, 99=4407, 99.9=7051, 99.99=7371] 
2024-08-21 19:52:37:523 40 sec: 62468 operations; 1716.8 current ops/sec; est completion in 3 days 4 hours [READ: Count=8574, Max=8551, Min=133, Avg=563.81, 90=511, 99=4343, 99.9=6291, 99.99=7423] [UPDATE: Count=8584, Max=208383, Min=132, Avg=588.74, 90=507, 99=4363, 99.9=6899, 99.99=7439] 
2024-08-21 19:52:47:523 50 sec: 79494 operations; 1702.6 current ops/sec; est completion in 3 days 3 hours [READ: Count=8522, Max=13911, Min=135, Avg=587.58, 90=605, 99=4347, 99.9=7059, 99.99=7519] [UPDATE: Count=8504, Max=7595, Min=121, Avg=582.1, 90=608, 99=4363, 99.9=6639, 99.99=7563] 
2024-08-21 19:52:57:523 60 sec: 96063 operations; 1656.9 current ops/sec; est completion in 3 days 2 hours [READ: Count=8178, Max=9175, Min=118, Avg=607.92, 90=601, 99=4395, 99.9=7243, 99.99=7535] [UPDATE: Count=8391, Max=7979, Min=113, Avg=593.68, 90=580, 99=4347, 99.9=7155, 99.99=7979] 
Maximum time elapsed. Requesting stop for the workload.
Stop requested for workload. Now Joining!
2024-08-21 19:52:58:536 61 sec: 97940 operations; 1852.91 current ops/sec; est completion in 3 days 2 hours [READ: Count=963, Max=4491, Min=117, Avg=543.34, 90=460, 99=4331, 99.9=4455, 99.99=4491] [CLEANUP: Count=1, Max=1554, Min=1554, Avg=1554, 90=1554, 99=1554, 99.9=1554, 99.99=1554] [UPDATE: Count=914, Max=9967, Min=115, Avg=530.55, 90=443, 99=4383, 99.9=4575, 99.99=9967] 
[OVERALL], RunTime(ms), 61023
[OVERALL], Throughput(ops/sec), 1604.9686183897875
[TOTAL_GCS_Copy], Count, 9
[TOTAL_GC_TIME_Copy], Time(ms), 27
[TOTAL_GC_TIME_%_Copy], Time(%), 0.04424561231011258
[TOTAL_GCS_MarkSweepCompact], Count, 0
[TOTAL_GC_TIME_MarkSweepCompact], Time(ms), 0
[TOTAL_GC_TIME_%_MarkSweepCompact], Time(%), 0.0
[TOTAL_GCs], Count, 9
[TOTAL_GC_TIME], Time(ms), 27
[TOTAL_GC_TIME_%], Time(%), 0.04424561231011258
[READ], Operations, 48815
[READ], AverageLatency(us), 618.3399979514494
[READ], MinLatency(us), 117
[READ], MaxLatency(us), 208255
[READ], 95thPercentileLatency(us), 4009
[READ], 99thPercentileLatency(us), 4423
[READ], Return=OK, 48815
[CLEANUP], Operations, 1
[CLEANUP], AverageLatency(us), 1554.0
[CLEANUP], MinLatency(us), 1554
[CLEANUP], MaxLatency(us), 1554
[CLEANUP], 95thPercentileLatency(us), 1554
[CLEANUP], 99thPercentileLatency(us), 1554
[UPDATE], Operations, 49125
[UPDATE], AverageLatency(us), 611.1733944020356
[UPDATE], MinLatency(us), 110
[UPDATE], MaxLatency(us), 208383
[UPDATE], 95thPercentileLatency(us), 3951
[UPDATE], 99thPercentileLatency(us), 4431
[UPDATE], Return=OK, 49125
AUTOTEST_DONE
