/nix/store/2vwkssqpzykk37r996cafq7x63imf4sp-openjdk-21+35/bin/java  -classpath /nix/store/zw02np72fzsmga6s5mphhw7x8qlzf4sv-ycsb-0.17.0/share/conf:/nix/store/zw02np72fzsmga6s5mphhw7x8qlzf4sv-ycsb-0.17.0/share/lib/core-0.17.0.jar:/nix/store/zw02np72fzsmga6s5mphhw7x8qlzf4sv-ycsb-0.17.0/share/lib/HdrHistogram-2.1.4.jar:/nix/store/zw02np72fzsmga6s5mphhw7x8qlzf4sv-ycsb-0.17.0/share/lib/htrace-core4-4.1.0-incubating.jar:/nix/store/zw02np72fzsmga6s5mphhw7x8qlzf4sv-ycsb-0.17.0/share/lib/jackson-core-asl-1.9.4.jar:/nix/store/zw02np72fzsmga6s5mphhw7x8qlzf4sv-ycsb-0.17.0/share/lib/jackson-mapper-asl-1.9.4.jar:/nix/store/zw02np72fzsmga6s5mphhw7x8qlzf4sv-ycsb-0.17.0/share/redis-binding/lib/commons-pool2-2.4.2.jar:/nix/store/zw02np72fzsmga6s5mphhw7x8qlzf4sv-ycsb-0.17.0/share/redis-binding/lib/jedis-2.9.0.jar:/nix/store/zw02np72fzsmga6s5mphhw7x8qlzf4sv-ycsb-0.17.0/share/redis-binding/lib/redis-binding-0.17.0.jar site.ycsb.Client -t -db site.ycsb.db.RedisClient -s -P /home/host/vmuxIO/test/moonprogs//../../ycsb/share/workloads/workloada -p redis.host=10.1.0.2 -p redis.port=6379 -p operationcount=429496729 -p maxexecutiontime=61 -threads 1
Command line: -t -db site.ycsb.db.RedisClient -s -P /home/host/vmuxIO/test/moonprogs//../../ycsb/share/workloads/workloada -p redis.host=10.1.0.2 -p redis.port=6379 -p operationcount=429496729 -p maxexecutiontime=61 -threads 1
YCSB Client 0.17.0

Loading workload...
Starting test.
Maximum execution time specified as: 61 secs
DBWrapper: report latency for each error is false and specific error codes to track for latency are: []
2024-07-11 00:04:42:196 0 sec: 0 operations; est completion in 0 second 
2024-07-11 00:04:52:038 10 sec: 43466 operations; 4346.6 current ops/sec; est completion in 1 day 3 hours [READ: Count=21737, Max=47647, Min=112, Avg=219.48, 90=286, 99=451, 99.9=1503, 99.99=6423] [UPDATE: Count=21738, Max=13999, Min=108, Avg=221.7, 90=288, 99=478, 99.9=2803, 99.99=6607] 
2024-07-11 00:05:02:038 20 sec: 103515 operations; 6004.9 current ops/sec; est completion in 23 hours 2 minutes [READ: Count=30007, Max=2269, Min=103, Avg=167.6, 90=258, 99=278, 99.9=337, 99.99=758] [UPDATE: Count=30033, Max=2559, Min=101, Avg=160.32, 90=254, 99=274, 99.9=307, 99.99=627] 
2024-07-11 00:05:12:038 30 sec: 161629 operations; 5811.4 current ops/sec; est completion in 22 hours 8 minutes [READ: Count=29091, Max=5575, Min=105, Avg=173.45, 90=265, 99=298, 99.9=348, 99.99=660] [UPDATE: Count=29023, Max=4183, Min=102, Avg=167.34, 90=262, 99=297, 99.9=343, 99.99=607] 
2024-07-11 00:05:22:038 40 sec: 212443 operations; 5081.4 current ops/sec; est completion in 22 hours 27 minutes [READ: Count=25385, Max=2961, Min=106, Avg=198.16, 90=275, 99=320, 99.9=467, 99.99=769] [UPDATE: Count=25429, Max=7359, Min=106, Avg=191.78, 90=273, 99=316, 99.9=418, 99.99=595] 
2024-07-11 00:05:32:038 50 sec: 264911 operations; 5246.8 current ops/sec; est completion in 22 hours 30 minutes [READ: Count=26391, Max=3593, Min=108, Avg=192.08, 90=269, 99=288, 99.9=327, 99.99=597] [UPDATE: Count=26077, Max=3617, Min=106, Avg=185.73, 90=266, 99=285, 99.9=332, 99.99=623] 
2024-07-11 00:05:42:038 60 sec: 327048 operations; 6213.7 current ops/sec; est completion in 21 hours 52 minutes [READ: Count=30883, Max=621, Min=105, Avg=162.4, 90=256, 99=275, 99.9=292, 99.99=459] [UPDATE: Count=31254, Max=4083, Min=104, Avg=156.24, 90=251, 99=272, 99.9=288, 99.99=618] 
Maximum time elapsed. Requesting stop for the workload.
Stop requested for workload. Now Joining!
2024-07-11 00:05:43:049 61 sec: 333067 operations; 5947.63 current ops/sec; est completion in 21 hours 50 minutes [READ: Count=3056, Max=2749, Min=109, Avg=169.83, 90=260, 99=279, 99.9=310, 99.99=2749] [CLEANUP: Count=1, Max=985, Min=985, Avg=985, 90=985, 99=985, 99.9=985, 99.99=985] [UPDATE: Count=2963, Max=573, Min=106, Avg=162.38, 90=257, 99=276, 99.9=287, 99.99=573] 
[OVERALL], RunTime(ms), 61020
[OVERALL], Throughput(ops/sec), 5458.32513929859
[TOTAL_GCS_Copy], Count, 31
[TOTAL_GC_TIME_Copy], Time(ms), 19
[TOTAL_GC_TIME_%_Copy], Time(%), 0.031137332022287776
[TOTAL_GCS_MarkSweepCompact], Count, 0
[TOTAL_GC_TIME_MarkSweepCompact], Time(ms), 0
[TOTAL_GC_TIME_%_MarkSweepCompact], Time(%), 0.0
[TOTAL_GCs], Count, 31
[TOTAL_GC_TIME], Time(ms), 19
[TOTAL_GC_TIME_%], Time(%), 0.031137332022287776
[READ], Operations, 166550
[READ], AverageLatency(us), 183.0058961272891
[READ], MinLatency(us), 103
[READ], MaxLatency(us), 47647
[READ], 95thPercentileLatency(us), 276
[READ], 99thPercentileLatency(us), 309
[READ], Return=OK, 166550
[CLEANUP], Operations, 1
[CLEANUP], AverageLatency(us), 985.0
[CLEANUP], MinLatency(us), 985
[CLEANUP], MaxLatency(us), 985
[CLEANUP], 95thPercentileLatency(us), 985
[CLEANUP], 99thPercentileLatency(us), 985
[UPDATE], Operations, 166517
[UPDATE], AverageLatency(us), 177.60927713086352
[UPDATE], MinLatency(us), 101
[UPDATE], MaxLatency(us), 13999
[UPDATE], 95thPercentileLatency(us), 275
[UPDATE], 99thPercentileLatency(us), 310
[UPDATE], Return=OK, 166517
AUTOTEST_DONE
