/nix/store/2vwkssqpzykk37r996cafq7x63imf4sp-openjdk-21+35/bin/java  -classpath /nix/store/zw02np72fzsmga6s5mphhw7x8qlzf4sv-ycsb-0.17.0/share/conf:/nix/store/zw02np72fzsmga6s5mphhw7x8qlzf4sv-ycsb-0.17.0/share/lib/core-0.17.0.jar:/nix/store/zw02np72fzsmga6s5mphhw7x8qlzf4sv-ycsb-0.17.0/share/lib/HdrHistogram-2.1.4.jar:/nix/store/zw02np72fzsmga6s5mphhw7x8qlzf4sv-ycsb-0.17.0/share/lib/htrace-core4-4.1.0-incubating.jar:/nix/store/zw02np72fzsmga6s5mphhw7x8qlzf4sv-ycsb-0.17.0/share/lib/jackson-core-asl-1.9.4.jar:/nix/store/zw02np72fzsmga6s5mphhw7x8qlzf4sv-ycsb-0.17.0/share/lib/jackson-mapper-asl-1.9.4.jar:/nix/store/zw02np72fzsmga6s5mphhw7x8qlzf4sv-ycsb-0.17.0/share/redis-binding/lib/commons-pool2-2.4.2.jar:/nix/store/zw02np72fzsmga6s5mphhw7x8qlzf4sv-ycsb-0.17.0/share/redis-binding/lib/jedis-2.9.0.jar:/nix/store/zw02np72fzsmga6s5mphhw7x8qlzf4sv-ycsb-0.17.0/share/redis-binding/lib/redis-binding-0.17.0.jar site.ycsb.Client -t -db site.ycsb.db.RedisClient -s -P /home/host/vmuxIO/test/moonprogs//../../ycsb/share/workloads/workloada -p redis.host=10.1.0.2 -p redis.port=6380 -p operationcount=429496729 -p maxexecutiontime=61 -threads 1
Command line: -t -db site.ycsb.db.RedisClient -s -P /home/host/vmuxIO/test/moonprogs//../../ycsb/share/workloads/workloada -p redis.host=10.1.0.2 -p redis.port=6380 -p operationcount=429496729 -p maxexecutiontime=61 -threads 1
YCSB Client 0.17.0

Loading workload...
Starting test.
Maximum execution time specified as: 61 secs
DBWrapper: report latency for each error is false and specific error codes to track for latency are: []
2024-07-11 18:33:09:525 0 sec: 0 operations; est completion in 0 second 
2024-07-11 18:33:19:378 10 sec: 51988 operations; 5198.8 current ops/sec; est completion in 22 hours 56 minutes [READ: Count=25896, Max=45439, Min=100, Avg=182.65, 90=267, 99=308, 99.9=2369, 99.99=4899] [UPDATE: Count=26100, Max=6203, Min=101, Avg=185.6, 90=266, 99=308, 99.9=1608, 99.99=3969] 
2024-07-11 18:33:29:378 20 sec: 114605 operations; 6261.7 current ops/sec; est completion in 20 hours 48 minutes [READ: Count=31613, Max=13343, Min=102, Avg=159.42, 90=254, 99=278, 99.9=306, 99.99=812] [UPDATE: Count=30996, Max=2127, Min=97, Avg=155.63, 90=251, 99=275, 99.9=311, 99.99=680] 
2024-07-11 18:33:39:379 30 sec: 172779 operations; 5817.4 current ops/sec; est completion in 20 hours 42 minutes [READ: Count=29094, Max=801, Min=103, Avg=172.95, 90=261, 99=295, 99.9=412, 99.99=603] [UPDATE: Count=29080, Max=7203, Min=102, Avg=167.42, 90=258, 99=291, 99.9=403, 99.99=729] 
2024-07-11 18:33:49:378 40 sec: 229616 operations; 5683.7 current ops/sec; est completion in 20 hours 46 minutes [READ: Count=28557, Max=11071, Min=105, Avg=177.7, 90=268, 99=311, 99.9=458, 99.99=768] [UPDATE: Count=28280, Max=737, Min=101, Avg=170.64, 90=264, 99=306, 99.9=424, 99.99=621] 
2024-07-11 18:33:59:378 50 sec: 292401 operations; 6278.5 current ops/sec; est completion in 20 hours 23 minutes [READ: Count=31335, Max=4199, Min=101, Avg=160.23, 90=257, 99=281, 99.9=299, 99.99=656] [UPDATE: Count=31450, Max=1287, Min=99, Avg=154.97, 90=252, 99=278, 99.9=295, 99.99=582] 
2024-07-11 18:34:09:378 60 sec: 353682 operations; 6128.1 current ops/sec; est completion in 20 hours 13 minutes [READ: Count=30657, Max=6451, Min=102, Avg=163.8, 90=257, 99=280, 99.9=298, 99.99=501] [UPDATE: Count=30624, Max=3363, Min=99, Avg=159.22, 90=254, 99=277, 99.9=296, 99.99=664] 
Maximum time elapsed. Requesting stop for the workload.
Stop requested for workload. Now Joining!
2024-07-11 18:34:10:396 61 sec: 359884 operations; 6098.33 current ops/sec; est completion in 20 hours 12 minutes [READ: Count=3056, Max=7247, Min=105, Avg=164.7, 90=253, 99=333, 99.9=483, 99.99=7247] [CLEANUP: Count=1, Max=1806, Min=1806, Avg=1806, 90=1806, 99=1806, 99.9=1806, 99.99=1806] [UPDATE: Count=3146, Max=1382, Min=103, Avg=158.37, 90=248, 99=329, 99.9=481, 99.99=1382] 
[OVERALL], RunTime(ms), 61024
[OVERALL], Throughput(ops/sec), 5897.417409543786
[TOTAL_GCS_Copy], Count, 33
[TOTAL_GC_TIME_Copy], Time(ms), 22
[TOTAL_GC_TIME_%_Copy], Time(%), 0.03605138961719979
[TOTAL_GCS_MarkSweepCompact], Count, 0
[TOTAL_GC_TIME_MarkSweepCompact], Time(ms), 0
[TOTAL_GC_TIME_%_MarkSweepCompact], Time(%), 0.0
[TOTAL_GCs], Count, 33
[TOTAL_GC_TIME], Time(ms), 22
[TOTAL_GC_TIME_%], Time(%), 0.03605138961719979
[READ], Operations, 180208
[READ], AverageLatency(us), 168.81486948415164
[READ], MinLatency(us), 100
[READ], MaxLatency(us), 45439
[READ], 95thPercentileLatency(us), 271
[READ], 99thPercentileLatency(us), 290
[READ], Return=OK, 180208
[CLEANUP], Operations, 1
[CLEANUP], AverageLatency(us), 1806.0
[CLEANUP], MinLatency(us), 1806
[CLEANUP], MaxLatency(us), 1806
[CLEANUP], 95thPercentileLatency(us), 1806
[CLEANUP], 99thPercentileLatency(us), 1806
[UPDATE], Operations, 179676
[UPDATE], AverageLatency(us), 164.79882677708764
[UPDATE], MinLatency(us), 97
[UPDATE], MaxLatency(us), 7203
[UPDATE], 95thPercentileLatency(us), 269
[UPDATE], 99thPercentileLatency(us), 287
[UPDATE], Return=OK, 179676
AUTOTEST_DONE
