/nix/store/2vwkssqpzykk37r996cafq7x63imf4sp-openjdk-21+35/bin/java  -classpath /nix/store/zw02np72fzsmga6s5mphhw7x8qlzf4sv-ycsb-0.17.0/share/conf:/nix/store/zw02np72fzsmga6s5mphhw7x8qlzf4sv-ycsb-0.17.0/share/lib/core-0.17.0.jar:/nix/store/zw02np72fzsmga6s5mphhw7x8qlzf4sv-ycsb-0.17.0/share/lib/HdrHistogram-2.1.4.jar:/nix/store/zw02np72fzsmga6s5mphhw7x8qlzf4sv-ycsb-0.17.0/share/lib/htrace-core4-4.1.0-incubating.jar:/nix/store/zw02np72fzsmga6s5mphhw7x8qlzf4sv-ycsb-0.17.0/share/lib/jackson-core-asl-1.9.4.jar:/nix/store/zw02np72fzsmga6s5mphhw7x8qlzf4sv-ycsb-0.17.0/share/lib/jackson-mapper-asl-1.9.4.jar:/nix/store/zw02np72fzsmga6s5mphhw7x8qlzf4sv-ycsb-0.17.0/share/redis-binding/lib/commons-pool2-2.4.2.jar:/nix/store/zw02np72fzsmga6s5mphhw7x8qlzf4sv-ycsb-0.17.0/share/redis-binding/lib/jedis-2.9.0.jar:/nix/store/zw02np72fzsmga6s5mphhw7x8qlzf4sv-ycsb-0.17.0/share/redis-binding/lib/redis-binding-0.17.0.jar site.ycsb.Client -t -db site.ycsb.db.RedisClient -s -P /home/host/vmuxIO/test/moonprogs//../../ycsb/share/workloads/workloada -p redis.host=10.1.0.2 -p redis.port=6386 -p operationcount=429496729 -p maxexecutiontime=61 -threads 1
Command line: -t -db site.ycsb.db.RedisClient -s -P /home/host/vmuxIO/test/moonprogs//../../ycsb/share/workloads/workloada -p redis.host=10.1.0.2 -p redis.port=6386 -p operationcount=429496729 -p maxexecutiontime=61 -threads 1
YCSB Client 0.17.0

Loading workload...
Starting test.
Maximum execution time specified as: 61 secs
DBWrapper: report latency for each error is false and specific error codes to track for latency are: []
2024-07-11 18:33:08:770 0 sec: 0 operations; est completion in 0 second 
2024-07-11 18:33:18:598 10 sec: 52872 operations; 5287.2 current ops/sec; est completion in 22 hours 33 minutes [READ: Count=26393, Max=15759, Min=105, Avg=180.06, 90=260, 99=312, 99.9=2059, 99.99=5795] [UPDATE: Count=26483, Max=26799, Min=102, Avg=181.54, 90=262, 99=322, 99.9=1616, 99.99=4891] 
2024-07-11 18:33:28:598 20 sec: 114705 operations; 6182.68 current ops/sec; est completion in 20 hours 47 minutes [READ: Count=30695, Max=7191, Min=105, Avg=163.24, 90=253, 99=273, 99.9=306, 99.99=688] [UPDATE: Count=31134, Max=1286, Min=101, Avg=155.88, 90=247, 99=270, 99.9=298, 99.99=632] 
2024-07-11 18:33:38:598 30 sec: 174868 operations; 6016.9 current ops/sec; est completion in 20 hours 27 minutes [READ: Count=30209, Max=4571, Min=104, Avg=167.79, 90=257, 99=342, 99.9=484, 99.99=770] [UPDATE: Count=29954, Max=851, Min=102, Avg=160.7, 90=251, 99=327, 99.9=492, 99.99=799] 
2024-07-11 18:33:48:598 40 sec: 234569 operations; 5970.1 current ops/sec; est completion in 20 hours 20 minutes [READ: Count=29802, Max=4071, Min=105, Avg=169.29, 90=260, 99=282, 99.9=310, 99.99=620] [UPDATE: Count=29899, Max=979, Min=103, Avg=162.35, 90=256, 99=280, 99.9=308, 99.99=655] 
2024-07-11 18:33:58:598 50 sec: 298176 operations; 6360.7 current ops/sec; est completion in 19 hours 59 minutes [READ: Count=31892, Max=6347, Min=107, Avg=158.47, 90=250, 99=272, 99.9=286, 99.99=511] [UPDATE: Count=31715, Max=725, Min=104, Avg=152.63, 90=241, 99=269, 99.9=285, 99.99=585] 
2024-07-11 18:34:08:598 60 sec: 359511 operations; 6132.89 current ops/sec; est completion in 19 hours 53 minutes [READ: Count=30624, Max=2149, Min=107, Avg=164.56, 90=255, 99=298, 99.9=402, 99.99=642] [UPDATE: Count=30711, Max=6447, Min=102, Avg=158.05, 90=250, 99=289, 99.9=392, 99.99=704] 
Maximum time elapsed. Requesting stop for the workload.
Stop requested for workload. Now Joining!
2024-07-11 18:34:09:610 61 sec: 365242 operations; 5663.04 current ops/sec; est completion in 19 hours 54 minutes [READ: Count=2862, Max=689, Min=108, Avg=177.46, 90=270, 99=354, 99.9=476, 99.99=689] [CLEANUP: Count=1, Max=871, Min=871, Avg=871, 90=871, 99=871, 99.9=871, 99.99=871] [UPDATE: Count=2869, Max=9959, Min=112, Avg=171.27, 90=260, 99=345, 99.9=466, 99.99=9959] 
[OVERALL], RunTime(ms), 61017
[OVERALL], Throughput(ops/sec), 5985.905567300916
[TOTAL_GCS_Copy], Count, 34
[TOTAL_GC_TIME_Copy], Time(ms), 18
[TOTAL_GC_TIME_%_Copy], Time(%), 0.029499975416687155
[TOTAL_GCS_MarkSweepCompact], Count, 0
[TOTAL_GC_TIME_MarkSweepCompact], Time(ms), 0
[TOTAL_GC_TIME_%_MarkSweepCompact], Time(%), 0.0
[TOTAL_GCs], Count, 34
[TOTAL_GC_TIME], Time(ms), 18
[TOTAL_GC_TIME_%], Time(%), 0.029499975416687155
[READ], Operations, 182477
[READ], AverageLatency(us), 167.0234988519101
[READ], MinLatency(us), 104
[READ], MaxLatency(us), 15759
[READ], 95thPercentileLatency(us), 265
[READ], 99thPercentileLatency(us), 295
[READ], Return=OK, 182477
[CLEANUP], Operations, 1
[CLEANUP], AverageLatency(us), 871.0
[CLEANUP], MinLatency(us), 871
[CLEANUP], MaxLatency(us), 871
[CLEANUP], 95thPercentileLatency(us), 871
[CLEANUP], 99thPercentileLatency(us), 871
[UPDATE], Operations, 182765
[UPDATE], AverageLatency(us), 161.4882389954313
[UPDATE], MinLatency(us), 101
[UPDATE], MaxLatency(us), 26799
[UPDATE], 95thPercentileLatency(us), 262
[UPDATE], 99thPercentileLatency(us), 291
[UPDATE], Return=OK, 182765
AUTOTEST_DONE
