/nix/store/2vwkssqpzykk37r996cafq7x63imf4sp-openjdk-21+35/bin/java  -classpath /nix/store/zw02np72fzsmga6s5mphhw7x8qlzf4sv-ycsb-0.17.0/share/conf:/nix/store/zw02np72fzsmga6s5mphhw7x8qlzf4sv-ycsb-0.17.0/share/lib/core-0.17.0.jar:/nix/store/zw02np72fzsmga6s5mphhw7x8qlzf4sv-ycsb-0.17.0/share/lib/HdrHistogram-2.1.4.jar:/nix/store/zw02np72fzsmga6s5mphhw7x8qlzf4sv-ycsb-0.17.0/share/lib/htrace-core4-4.1.0-incubating.jar:/nix/store/zw02np72fzsmga6s5mphhw7x8qlzf4sv-ycsb-0.17.0/share/lib/jackson-core-asl-1.9.4.jar:/nix/store/zw02np72fzsmga6s5mphhw7x8qlzf4sv-ycsb-0.17.0/share/lib/jackson-mapper-asl-1.9.4.jar:/nix/store/zw02np72fzsmga6s5mphhw7x8qlzf4sv-ycsb-0.17.0/share/redis-binding/lib/commons-pool2-2.4.2.jar:/nix/store/zw02np72fzsmga6s5mphhw7x8qlzf4sv-ycsb-0.17.0/share/redis-binding/lib/jedis-2.9.0.jar:/nix/store/zw02np72fzsmga6s5mphhw7x8qlzf4sv-ycsb-0.17.0/share/redis-binding/lib/redis-binding-0.17.0.jar site.ycsb.Client -t -db site.ycsb.db.RedisClient -s -P /home/host/vmuxIO/test/moonprogs//../../ycsb/share/workloads/workloada -p redis.host=10.1.0.2 -p redis.port=6381 -p operationcount=429496729 -p maxexecutiontime=61 -threads 1
Command line: -t -db site.ycsb.db.RedisClient -s -P /home/host/vmuxIO/test/moonprogs//../../ycsb/share/workloads/workloada -p redis.host=10.1.0.2 -p redis.port=6381 -p operationcount=429496729 -p maxexecutiontime=61 -threads 1
YCSB Client 0.17.0

Loading workload...
Starting test.
Maximum execution time specified as: 61 secs
DBWrapper: report latency for each error is false and specific error codes to track for latency are: []
2024-07-19 22:02:37:341 0 sec: 0 operations; est completion in 0 second 
2024-07-19 22:02:47:184 10 sec: 28036 operations; 2803.32 current ops/sec; est completion in 1 day 18 hours [READ: Count=14099, Max=43743, Min=194, Avg=343.27, 90=447, 99=555, 99.9=3681, 99.99=8375] [UPDATE: Count=14042, Max=6707, Min=203, Avg=342.09, 90=449, 99=544, 99.9=3665, 99.99=6203] 
2024-07-19 22:02:57:184 20 sec: 58881 operations; 3084.5 current ops/sec; est completion in 1 day 16 hours [READ: Count=15435, Max=4259, Min=194, Avg=320.49, 90=421, 99=480, 99.9=787, 99.99=4015] [UPDATE: Count=15305, Max=4009, Min=194, Avg=316.55, 90=421, 99=480, 99.9=1676, 99.99=3841] 
2024-07-19 22:03:07:184 30 sec: 89401 operations; 3052.31 current ops/sec; est completion in 1 day 16 hours [READ: Count=15220, Max=9847, Min=196, Avg=327.45, 90=431, 99=519, 99.9=691, 99.99=3697] [UPDATE: Count=15300, Max=3101, Min=194, Avg=322.94, 90=427, 99=513, 99.9=692, 99.99=3013] 
2024-07-19 22:03:17:184 40 sec: 119874 operations; 3047.3 current ops/sec; est completion in 1 day 15 hours [READ: Count=15065, Max=2703, Min=187, Avg=326.9, 90=421, 99=523, 99.9=698, 99.99=1073] [UPDATE: Count=15408, Max=6815, Min=187, Avg=324.5, 90=421, 99=526, 99.9=724, 99.99=2789] 
2024-07-19 22:03:27:184 50 sec: 151822 operations; 3194.8 current ops/sec; est completion in 1 day 15 hours [READ: Count=16087, Max=4039, Min=193, Avg=313.11, 90=406, 99=468, 99.9=613, 99.99=2997] [UPDATE: Count=15861, Max=7239, Min=190, Avg=309.02, 90=404, 99=471, 99.9=563, 99.99=2811] 
2024-07-19 22:03:37:184 60 sec: 183441 operations; 3161.9 current ops/sec; est completion in 1 day 15 hours [READ: Count=15879, Max=8159, Min=194, Avg=316.17, 90=416, 99=471, 99.9=608, 99.99=2735] [UPDATE: Count=15740, Max=3199, Min=185, Avg=312.05, 90=414, 99=473, 99.9=569, 99.99=2403] 
Maximum time elapsed. Requesting stop for the workload.
Stop requested for workload. Now Joining!
2024-07-19 22:03:38:195 61 sec: 187126 operations; 3641.3 current ops/sec; est completion in 1 day 14 hours [READ: Count=1873, Max=4291, Min=183, Avg=271.99, 90=371, 99=473, 99.9=1310, 99.99=4291] [CLEANUP: Count=1, Max=1087, Min=1087, Avg=1087, 90=1087, 99=1087, 99.9=1087, 99.99=1087] [UPDATE: Count=1812, Max=3949, Min=186, Avg=272.38, 90=374, 99=471, 99.9=1963, 99.99=3949] 
[OVERALL], RunTime(ms), 61016
[OVERALL], Throughput(ops/sec), 3066.834928543333
[TOTAL_GCS_Copy], Count, 17
[TOTAL_GC_TIME_Copy], Time(ms), 21
[TOTAL_GC_TIME_%_Copy], Time(%), 0.03441720204536515
[TOTAL_GCS_MarkSweepCompact], Count, 0
[TOTAL_GC_TIME_MarkSweepCompact], Time(ms), 0
[TOTAL_GC_TIME_%_MarkSweepCompact], Time(%), 0.0
[TOTAL_GCs], Count, 17
[TOTAL_GC_TIME], Time(ms), 21
[TOTAL_GC_TIME_%], Time(%), 0.03441720204536515
[READ], Operations, 93658
[READ], AverageLatency(us), 323.11181105725086
[READ], MinLatency(us), 183
[READ], MaxLatency(us), 43743
[READ], 95thPercentileLatency(us), 445
[READ], 99thPercentileLatency(us), 502
[READ], Return=OK, 93658
[CLEANUP], Operations, 1
[CLEANUP], AverageLatency(us), 1087.0
[CLEANUP], MinLatency(us), 1087
[CLEANUP], MaxLatency(us), 1087
[CLEANUP], 95thPercentileLatency(us), 1087
[CLEANUP], 99thPercentileLatency(us), 1087
[UPDATE], Operations, 93468
[UPDATE], AverageLatency(us), 319.85309410707407
[UPDATE], MinLatency(us), 185
[UPDATE], MaxLatency(us), 7239
[UPDATE], 95thPercentileLatency(us), 445
[UPDATE], 99thPercentileLatency(us), 501
[UPDATE], Return=OK, 93468
AUTOTEST_DONE
