/nix/store/2vwkssqpzykk37r996cafq7x63imf4sp-openjdk-21+35/bin/java  -classpath /nix/store/zw02np72fzsmga6s5mphhw7x8qlzf4sv-ycsb-0.17.0/share/conf:/nix/store/zw02np72fzsmga6s5mphhw7x8qlzf4sv-ycsb-0.17.0/share/lib/core-0.17.0.jar:/nix/store/zw02np72fzsmga6s5mphhw7x8qlzf4sv-ycsb-0.17.0/share/lib/HdrHistogram-2.1.4.jar:/nix/store/zw02np72fzsmga6s5mphhw7x8qlzf4sv-ycsb-0.17.0/share/lib/htrace-core4-4.1.0-incubating.jar:/nix/store/zw02np72fzsmga6s5mphhw7x8qlzf4sv-ycsb-0.17.0/share/lib/jackson-core-asl-1.9.4.jar:/nix/store/zw02np72fzsmga6s5mphhw7x8qlzf4sv-ycsb-0.17.0/share/lib/jackson-mapper-asl-1.9.4.jar:/nix/store/zw02np72fzsmga6s5mphhw7x8qlzf4sv-ycsb-0.17.0/share/redis-binding/lib/commons-pool2-2.4.2.jar:/nix/store/zw02np72fzsmga6s5mphhw7x8qlzf4sv-ycsb-0.17.0/share/redis-binding/lib/jedis-2.9.0.jar:/nix/store/zw02np72fzsmga6s5mphhw7x8qlzf4sv-ycsb-0.17.0/share/redis-binding/lib/redis-binding-0.17.0.jar site.ycsb.Client -t -db site.ycsb.db.RedisClient -s -P /home/host/vmuxIO/test/moonprogs//../../ycsb/share/workloads/workloada -p redis.host=10.1.0.2 -p redis.port=6379 -p operationcount=429496729 -p maxexecutiontime=61 -threads 1
Command line: -t -db site.ycsb.db.RedisClient -s -P /home/host/vmuxIO/test/moonprogs//../../ycsb/share/workloads/workloada -p redis.host=10.1.0.2 -p redis.port=6379 -p operationcount=429496729 -p maxexecutiontime=61 -threads 1
YCSB Client 0.17.0

Loading workload...
Starting test.
Maximum execution time specified as: 61 secs
DBWrapper: report latency for each error is false and specific error codes to track for latency are: []
2024-06-30 01:54:48:091 0 sec: 0 operations; est completion in 0 second 
2024-06-30 01:54:57:899 10 sec: 53658 operations; 5365.26 current ops/sec; est completion in 22 hours 14 minutes [READ: Count=26717, Max=55743, Min=101, Avg=180.15, 90=217, 99=290, 99.9=1074, 99.99=5315] [UPDATE: Count=26945, Max=5295, Min=96, Avg=176.7, 90=215, 99=295, 99.9=1562, 99.99=3725] 
2024-06-30 01:55:07:899 20 sec: 108470 operations; 5481.75 current ops/sec; est completion in 21 hours 59 minutes [READ: Count=27344, Max=7359, Min=103, Avg=181.86, 90=223, 99=290, 99.9=399, 99.99=1901] [UPDATE: Count=27464, Max=1362, Min=103, Avg=178.05, 90=221, 99=285, 99.9=410, 99.99=969] 
2024-06-30 01:55:17:899 30 sec: 163089 operations; 5461.9 current ops/sec; est completion in 21 hours 56 minutes [READ: Count=27352, Max=1431, Min=102, Avg=182.64, 90=222, 99=284, 99.9=349, 99.99=942] [UPDATE: Count=27267, Max=7919, Min=99, Avg=179.64, 90=220, 99=278, 99.9=348, 99.99=917] 
2024-06-30 01:55:27:899 40 sec: 218349 operations; 5526 current ops/sec; est completion in 21 hours 50 minutes [READ: Count=27729, Max=4061, Min=95, Avg=180.62, 90=218, 99=274, 99.9=350, 99.99=938] [UPDATE: Count=27531, Max=8847, Min=98, Avg=177.46, 90=215, 99=272, 99.9=339, 99.99=919] 
2024-06-30 01:55:37:899 50 sec: 275954 operations; 5760.5 current ops/sec; est completion in 21 hours 36 minutes [READ: Count=28715, Max=1030, Min=102, Avg=173.7, 90=213, 99=273, 99.9=346, 99.99=671] [UPDATE: Count=28890, Max=4575, Min=96, Avg=170.16, 90=209, 99=266, 99.9=339, 99.99=817] 
2024-06-30 01:55:47:899 60 sec: 330168 operations; 5421.4 current ops/sec; est completion in 21 hours 39 minutes [READ: Count=27377, Max=892, Min=104, Avg=184.03, 90=225, 99=286, 99.9=345, 99.99=667] [UPDATE: Count=26837, Max=3983, Min=107, Avg=181.05, 90=222, 99=281, 99.9=331, 99.99=916] 
Maximum time elapsed. Requesting stop for the workload.
Stop requested for workload. Now Joining!
2024-06-30 01:55:48:908 61 sec: 336515 operations; 6284.16 current ops/sec; est completion in 21 hours 36 minutes [READ: Count=3216, Max=841, Min=93, Avg=157.63, 90=192, 99=277, 99.9=333, 99.99=841] [CLEANUP: Count=1, Max=1408, Min=1408, Avg=1408, 90=1408, 99=1408, 99.9=1408, 99.99=1408] [UPDATE: Count=3131, Max=4331, Min=91, Avg=155.47, 90=189, 99=275, 99.9=327, 99.99=4331] 
[OVERALL], RunTime(ms), 61014
[OVERALL], Throughput(ops/sec), 5515.373520831285
[TOTAL_GCS_Copy], Count, 31
[TOTAL_GC_TIME_Copy], Time(ms), 25
[TOTAL_GC_TIME_%_Copy], Time(%), 0.04097420264201659
[TOTAL_GCS_MarkSweepCompact], Count, 0
[TOTAL_GC_TIME_MarkSweepCompact], Time(ms), 0
[TOTAL_GC_TIME_%_MarkSweepCompact], Time(%), 0.0
[TOTAL_GCs], Count, 31
[TOTAL_GC_TIME], Time(ms), 25
[TOTAL_GC_TIME_%], Time(%), 0.04097420264201659
[READ], Operations, 168450
[READ], AverageLatency(us), 180.00945681211041
[READ], MinLatency(us), 93
[READ], MaxLatency(us), 55743
[READ], 95thPercentileLatency(us), 237
[READ], 99thPercentileLatency(us), 283
[READ], Return=OK, 168450
[CLEANUP], Operations, 1
[CLEANUP], AverageLatency(us), 1408.0
[CLEANUP], MinLatency(us), 1408
[CLEANUP], MaxLatency(us), 1408
[CLEANUP], 95thPercentileLatency(us), 1408
[CLEANUP], 99thPercentileLatency(us), 1408
[UPDATE], Operations, 168065
[UPDATE], AverageLatency(us), 176.69872965816796
[UPDATE], MinLatency(us), 91
[UPDATE], MaxLatency(us), 8847
[UPDATE], 95thPercentileLatency(us), 234
[UPDATE], 99thPercentileLatency(us), 280
[UPDATE], Return=OK, 168065
AUTOTEST_DONE
