/nix/store/2vwkssqpzykk37r996cafq7x63imf4sp-openjdk-21+35/bin/java  -classpath /nix/store/zw02np72fzsmga6s5mphhw7x8qlzf4sv-ycsb-0.17.0/share/conf:/nix/store/zw02np72fzsmga6s5mphhw7x8qlzf4sv-ycsb-0.17.0/share/lib/core-0.17.0.jar:/nix/store/zw02np72fzsmga6s5mphhw7x8qlzf4sv-ycsb-0.17.0/share/lib/HdrHistogram-2.1.4.jar:/nix/store/zw02np72fzsmga6s5mphhw7x8qlzf4sv-ycsb-0.17.0/share/lib/htrace-core4-4.1.0-incubating.jar:/nix/store/zw02np72fzsmga6s5mphhw7x8qlzf4sv-ycsb-0.17.0/share/lib/jackson-core-asl-1.9.4.jar:/nix/store/zw02np72fzsmga6s5mphhw7x8qlzf4sv-ycsb-0.17.0/share/lib/jackson-mapper-asl-1.9.4.jar:/nix/store/zw02np72fzsmga6s5mphhw7x8qlzf4sv-ycsb-0.17.0/share/redis-binding/lib/commons-pool2-2.4.2.jar:/nix/store/zw02np72fzsmga6s5mphhw7x8qlzf4sv-ycsb-0.17.0/share/redis-binding/lib/jedis-2.9.0.jar:/nix/store/zw02np72fzsmga6s5mphhw7x8qlzf4sv-ycsb-0.17.0/share/redis-binding/lib/redis-binding-0.17.0.jar site.ycsb.Client -t -db site.ycsb.db.RedisClient -s -P /home/host/vmuxIO/test/moonprogs//../../ycsb/share/workloads/workloada -p redis.host=10.1.0.2 -p redis.port=6389 -p operationcount=429496729 -p maxexecutiontime=61 -threads 1
Command line: -t -db site.ycsb.db.RedisClient -s -P /home/host/vmuxIO/test/moonprogs//../../ycsb/share/workloads/workloada -p redis.host=10.1.0.2 -p redis.port=6389 -p operationcount=429496729 -p maxexecutiontime=61 -threads 1
YCSB Client 0.17.0

Loading workload...
Starting test.
Maximum execution time specified as: 61 secs
DBWrapper: report latency for each error is false and specific error codes to track for latency are: []
2025-04-18 14:29:44:135 0 sec: 0 operations; est completion in 0 second 
2025-04-18 14:29:53:934 10 sec: 5060 operations; 505.95 current ops/sec; est completion in 9 days 19 hours [READ: Count=2534, Max=50111, Min=93, Avg=1836.35, 90=6975, 99=13807, 99.9=17071, 99.99=50111] [UPDATE: Count=2537, Max=26207, Min=82, Avg=1974.42, 90=7495, 99=13503, 99.9=23535, 99.99=26207] 
2025-04-18 14:30:03:934 20 sec: 16927 operations; 1186.82 current ops/sec; est completion in 5 days 20 hours [READ: Count=5950, Max=27695, Min=77, Avg=837.84, 90=1258, 99=10247, 99.9=15023, 99.99=26671] [UPDATE: Count=5906, Max=19535, Min=79, Avg=832.1, 90=1140, 99=10031, 99.9=13279, 99.99=16199] 
2025-04-18 14:30:13:934 30 sec: 29445 operations; 1251.67 current ops/sec; est completion in 5 days 1 hour [READ: Count=6300, Max=211199, Min=78, Avg=843.13, 90=648, 99=9199, 99.9=14239, 99.99=206079] [UPDATE: Count=6218, Max=208639, Min=76, Avg=746.75, 90=459, 99=9343, 99.9=12167, 99.99=16007] 
2025-04-18 14:30:23:934 40 sec: 42129 operations; 1268.53 current ops/sec; est completion in 4 days 17 hours [READ: Count=6314, Max=209023, Min=79, Avg=809.07, 90=691, 99=9663, 99.9=12359, 99.99=18079] [UPDATE: Count=6370, Max=16495, Min=79, Avg=760.82, 90=523, 99=9919, 99.9=13007, 99.99=16055] 
2025-04-18 14:30:33:938 50 sec: 55558 operations; 1342.23 current ops/sec; est completion in 4 days 11 hours [READ: Count=6685, Max=17391, Min=82, Avg=760.18, 90=582, 99=9239, 99.9=13079, 99.99=15959] [UPDATE: Count=6744, Max=15391, Min=77, Avg=721.92, 90=466, 99=9479, 99.9=13967, 99.99=15351] 
2025-04-18 14:30:43:934 60 sec: 69131 operations; 1357.98 current ops/sec; est completion in 4 days 7 hours [READ: Count=6749, Max=18767, Min=78, Avg=707.96, 90=445, 99=9239, 99.9=13551, 99.99=16151] [UPDATE: Count=6824, Max=206591, Min=78, Avg=760.41, 90=391, 99=9087, 99.9=13455, 99.99=205055] 
Maximum time elapsed. Requesting stop for the workload.
Stop requested for workload. Now Joining!
2025-04-18 14:30:44:944 61 sec: 71029 operations; 1879.21 current ops/sec; est completion in 4 days 6 hours [READ: Count=930, Max=14071, Min=81, Avg=575.18, 90=362, 99=8199, 99.9=12215, 99.99=14071] [CLEANUP: Count=1, Max=1216, Min=1216, Avg=1216, 90=1216, 99=1216, 99.9=1216, 99.99=1216] [UPDATE: Count=968, Max=8479, Min=79, Avg=479.94, 90=309, 99=8147, 99.9=8303, 99.99=8479] 
[OVERALL], RunTime(ms), 61018
[OVERALL], Throughput(ops/sec), 1164.0663410796815
[TOTAL_GCS_Copy], Count, 7
[TOTAL_GC_TIME_Copy], Time(ms), 18
[TOTAL_GC_TIME_%_Copy], Time(%), 0.02949949195319414
[TOTAL_GCS_MarkSweepCompact], Count, 0
[TOTAL_GC_TIME_MarkSweepCompact], Time(ms), 0
[TOTAL_GC_TIME_%_MarkSweepCompact], Time(%), 0.0
[TOTAL_GCs], Count, 7
[TOTAL_GC_TIME], Time(ms), 18
[TOTAL_GC_TIME_%], Time(%), 0.02949949195319414
[READ], Operations, 35462
[READ], AverageLatency(us), 858.7605887992781
[READ], MinLatency(us), 77
[READ], MaxLatency(us), 211199
[READ], 95thPercentileLatency(us), 7215
[READ], 99thPercentileLatency(us), 10143
[READ], Return=OK, 35462
[CLEANUP], Operations, 1
[CLEANUP], AverageLatency(us), 1216.0
[CLEANUP], MinLatency(us), 1216
[CLEANUP], MaxLatency(us), 1216
[CLEANUP], 95thPercentileLatency(us), 1216
[CLEANUP], 99thPercentileLatency(us), 1216
[UPDATE], Operations, 35567
[UPDATE], AverageLatency(us), 841.6648016419715
[UPDATE], MinLatency(us), 76
[UPDATE], MaxLatency(us), 208639
[UPDATE], 95thPercentileLatency(us), 7131
[UPDATE], 99thPercentileLatency(us), 10231
[UPDATE], Return=OK, 35567
AUTOTEST_DONE
