/nix/store/2vwkssqpzykk37r996cafq7x63imf4sp-openjdk-21+35/bin/java  -classpath /nix/store/zw02np72fzsmga6s5mphhw7x8qlzf4sv-ycsb-0.17.0/share/conf:/nix/store/zw02np72fzsmga6s5mphhw7x8qlzf4sv-ycsb-0.17.0/share/lib/core-0.17.0.jar:/nix/store/zw02np72fzsmga6s5mphhw7x8qlzf4sv-ycsb-0.17.0/share/lib/HdrHistogram-2.1.4.jar:/nix/store/zw02np72fzsmga6s5mphhw7x8qlzf4sv-ycsb-0.17.0/share/lib/htrace-core4-4.1.0-incubating.jar:/nix/store/zw02np72fzsmga6s5mphhw7x8qlzf4sv-ycsb-0.17.0/share/lib/jackson-core-asl-1.9.4.jar:/nix/store/zw02np72fzsmga6s5mphhw7x8qlzf4sv-ycsb-0.17.0/share/lib/jackson-mapper-asl-1.9.4.jar:/nix/store/zw02np72fzsmga6s5mphhw7x8qlzf4sv-ycsb-0.17.0/share/redis-binding/lib/commons-pool2-2.4.2.jar:/nix/store/zw02np72fzsmga6s5mphhw7x8qlzf4sv-ycsb-0.17.0/share/redis-binding/lib/jedis-2.9.0.jar:/nix/store/zw02np72fzsmga6s5mphhw7x8qlzf4sv-ycsb-0.17.0/share/redis-binding/lib/redis-binding-0.17.0.jar site.ycsb.Client -t -db site.ycsb.db.RedisClient -s -P /home/host/vmuxIO/test/moonprogs//../../ycsb/share/workloads/workloada -p redis.host=10.1.0.2 -p redis.port=6381 -p operationcount=429496729 -p maxexecutiontime=61 -threads 1
Command line: -t -db site.ycsb.db.RedisClient -s -P /home/host/vmuxIO/test/moonprogs//../../ycsb/share/workloads/workloada -p redis.host=10.1.0.2 -p redis.port=6381 -p operationcount=429496729 -p maxexecutiontime=61 -threads 1
YCSB Client 0.17.0

Loading workload...
Starting test.
Maximum execution time specified as: 61 secs
DBWrapper: report latency for each error is false and specific error codes to track for latency are: []
2025-04-18 14:29:50:654 0 sec: 0 operations; est completion in 0 second 
2025-04-18 14:30:00:472 10 sec: 9254 operations; 925.4 current ops/sec; est completion in 5 days 8 hours [READ: Count=4674, Max=205823, Min=96, Avg=1018.17, 90=3147, 99=10743, 99.9=12983, 99.99=205823] [UPDATE: Count=4587, Max=207871, Min=89, Avg=1068.6, 90=2971, 99=10967, 99.9=15999, 99.99=207871] 
2025-04-18 14:30:10:472 20 sec: 22571 operations; 1331.7 current ops/sec; est completion in 4 days 9 hours [READ: Count=6632, Max=44927, Min=80, Avg=740.17, 90=469, 99=9191, 99.9=13007, 99.99=19023] [UPDATE: Count=6678, Max=209023, Min=80, Avg=750.79, 90=470, 99=9231, 99.9=12479, 99.99=15983] 
2025-04-18 14:30:20:472 30 sec: 37765 operations; 1519.4 current ops/sec; est completion in 3 days 22 hours [READ: Count=7618, Max=13135, Min=84, Avg=680.42, 90=420, 99=8367, 99.9=11215, 99.99=12551] [UPDATE: Count=7576, Max=15919, Min=82, Avg=629.1, 90=383, 99=8295, 99.9=12079, 99.99=15487] 
2025-04-18 14:30:30:472 40 sec: 50512 operations; 1274.7 current ops/sec; est completion in 3 days 22 hours [READ: Count=6281, Max=208895, Min=84, Avg=777.34, 90=447, 99=8407, 99.9=12559, 99.99=206591] [UPDATE: Count=6466, Max=209279, Min=81, Avg=782.09, 90=463, 99=8519, 99.9=12303, 99.99=207231] 
2025-04-18 14:30:40:472 50 sec: 66707 operations; 1619.5 current ops/sec; est completion in 3 days 17 hours [READ: Count=8009, Max=16279, Min=82, Avg=628.1, 90=387, 99=8287, 99.9=11511, 99.99=13207] [UPDATE: Count=8186, Max=17455, Min=77, Avg=601.2, 90=364, 99=8247, 99.9=11983, 99.99=15831] 
2025-04-18 14:30:50:475 60 sec: 84198 operations; 1748.58 current ops/sec; est completion in 3 days 13 hours [READ: Count=8773, Max=16055, Min=79, Avg=560.15, 90=314, 99=8231, 99.9=12215, 99.99=15215] [UPDATE: Count=8718, Max=16231, Min=80, Avg=578.91, 90=316, 99=8263, 99.9=11999, 99.99=16119] 
Maximum time elapsed. Requesting stop for the workload.
Stop requested for workload. Now Joining!
2025-04-18 14:30:51:481 61 sec: 86008 operations; 1797.42 current ops/sec; est completion in 3 days 12 hours [READ: Count=942, Max=15879, Min=80, Avg=607.52, 90=324, 99=8151, 99.9=15615, 99.99=15879] [CLEANUP: Count=1, Max=1437, Min=1437, Avg=1437, 90=1437, 99=1437, 99.9=1437, 99.99=1437] [UPDATE: Count=868, Max=41599, Min=80, Avg=502.64, 90=217, 99=8155, 99.9=15959, 99.99=41599] 
[OVERALL], RunTime(ms), 61014
[OVERALL], Throughput(ops/sec), 1409.643688333825
[TOTAL_GCS_Copy], Count, 8
[TOTAL_GC_TIME_Copy], Time(ms), 17
[TOTAL_GC_TIME_%_Copy], Time(%), 0.027862457796571278
[TOTAL_GCS_MarkSweepCompact], Count, 0
[TOTAL_GC_TIME_MarkSweepCompact], Time(ms), 0
[TOTAL_GC_TIME_%_MarkSweepCompact], Time(%), 0.0
[TOTAL_GCs], Count, 8
[TOTAL_GC_TIME], Time(ms), 17
[TOTAL_GC_TIME_%], Time(%), 0.027862457796571278
[READ], Operations, 42929
[READ], AverageLatency(us), 704.6643527685247
[READ], MinLatency(us), 79
[READ], MaxLatency(us), 208895
[READ], 95thPercentileLatency(us), 6447
[READ], 99thPercentileLatency(us), 8487
[READ], Return=OK, 42929
[CLEANUP], Operations, 1
[CLEANUP], AverageLatency(us), 1437.0
[CLEANUP], MinLatency(us), 1437
[CLEANUP], MaxLatency(us), 1437
[CLEANUP], 95thPercentileLatency(us), 1437
[CLEANUP], 99thPercentileLatency(us), 1437
[UPDATE], Operations, 43079
[UPDATE], AverageLatency(us), 699.7156851366095
[UPDATE], MinLatency(us), 77
[UPDATE], MaxLatency(us), 209279
[UPDATE], 95thPercentileLatency(us), 6395
[UPDATE], 99thPercentileLatency(us), 8631
[UPDATE], Return=OK, 43079
AUTOTEST_DONE
