/nix/store/2vwkssqpzykk37r996cafq7x63imf4sp-openjdk-21+35/bin/java  -classpath /nix/store/zw02np72fzsmga6s5mphhw7x8qlzf4sv-ycsb-0.17.0/share/conf:/nix/store/zw02np72fzsmga6s5mphhw7x8qlzf4sv-ycsb-0.17.0/share/lib/core-0.17.0.jar:/nix/store/zw02np72fzsmga6s5mphhw7x8qlzf4sv-ycsb-0.17.0/share/lib/HdrHistogram-2.1.4.jar:/nix/store/zw02np72fzsmga6s5mphhw7x8qlzf4sv-ycsb-0.17.0/share/lib/htrace-core4-4.1.0-incubating.jar:/nix/store/zw02np72fzsmga6s5mphhw7x8qlzf4sv-ycsb-0.17.0/share/lib/jackson-core-asl-1.9.4.jar:/nix/store/zw02np72fzsmga6s5mphhw7x8qlzf4sv-ycsb-0.17.0/share/lib/jackson-mapper-asl-1.9.4.jar:/nix/store/zw02np72fzsmga6s5mphhw7x8qlzf4sv-ycsb-0.17.0/share/redis-binding/lib/commons-pool2-2.4.2.jar:/nix/store/zw02np72fzsmga6s5mphhw7x8qlzf4sv-ycsb-0.17.0/share/redis-binding/lib/jedis-2.9.0.jar:/nix/store/zw02np72fzsmga6s5mphhw7x8qlzf4sv-ycsb-0.17.0/share/redis-binding/lib/redis-binding-0.17.0.jar site.ycsb.Client -t -db site.ycsb.db.RedisClient -s -P /home/host/vmuxIO/test/moonprogs//../../ycsb/share/workloads/workloada -p redis.host=10.1.0.2 -p redis.port=6390 -p operationcount=429496729 -p maxexecutiontime=61 -threads 1
Command line: -t -db site.ycsb.db.RedisClient -s -P /home/host/vmuxIO/test/moonprogs//../../ycsb/share/workloads/workloada -p redis.host=10.1.0.2 -p redis.port=6390 -p operationcount=429496729 -p maxexecutiontime=61 -threads 1
YCSB Client 0.17.0

Loading workload...
Starting test.
Maximum execution time specified as: 61 secs
DBWrapper: report latency for each error is false and specific error codes to track for latency are: []
2025-04-02 00:39:53:520 0 sec: 0 operations; est completion in 0 second 
2025-04-02 00:40:03:355 10 sec: 5623 operations; 562.24 current ops/sec; est completion in 8 days 20 hours [READ: Count=2823, Max=50687, Min=449, Avg=1737.47, 90=3005, 99=5767, 99.9=9999, 99.99=50687] [UPDATE: Count=2814, Max=9047, Min=449, Avg=1725.36, 90=3159, 99=5715, 99.9=7491, 99.99=9047] 
2025-04-02 00:40:13:355 20 sec: 10218 operations; 459.55 current ops/sec; est completion in 9 days 17 hours [READ: Count=2314, Max=28543, Min=484, Avg=2185.27, 90=4539, 99=7691, 99.9=11111, 99.99=28543] [UPDATE: Count=2268, Max=12983, Min=528, Avg=2147.05, 90=4503, 99=7171, 99.9=10271, 99.99=12983] 
2025-04-02 00:40:23:355 30 sec: 15319 operations; 510.1 current ops/sec; est completion in 9 days 17 hours [READ: Count=2541, Max=23919, Min=523, Avg=1948, 90=4135, 99=5995, 99.9=12471, 99.99=23919] [UPDATE: Count=2559, Max=18143, Min=496, Avg=1953.58, 90=4203, 99=6131, 99.9=9575, 99.99=18143] 
2025-04-02 00:40:33:355 40 sec: 21338 operations; 601.84 current ops/sec; est completion in 9 days 7 hours [READ: Count=3017, Max=9503, Min=499, Avg=1641, 90=2181, 99=4683, 99.9=6823, 99.99=9503] [UPDATE: Count=3002, Max=13239, Min=508, Avg=1672.5, 90=2249, 99=4911, 99.9=8695, 99.99=13239] 
2025-04-02 00:40:43:354 50 sec: 27735 operations; 639.76 current ops/sec; est completion in 8 days 23 hours [READ: Count=3185, Max=9695, Min=508, Avg=1552.68, 90=2133, 99=3611, 99.9=6163, 99.99=9695] [UPDATE: Count=3212, Max=9927, Min=489, Avg=1564.03, 90=2165, 99=4001, 99.9=7403, 99.99=9927] 
2025-04-02 00:40:53:355 60 sec: 33839 operations; 610.4 current ops/sec; est completion in 8 days 19 hours [READ: Count=3007, Max=12799, Min=477, Avg=1630.02, 90=2233, 99=3881, 99.9=5827, 99.99=12799] [UPDATE: Count=3097, Max=9975, Min=429, Avg=1636.97, 90=2215, 99=4043, 99.9=6251, 99.99=9975] 
Maximum time elapsed. Requesting stop for the workload.
Stop requested for workload. Now Joining!
2025-04-02 00:40:54:361 61 sec: 34589 operations; 744.79 current ops/sec; est completion in 8 days 18 hours [READ: Count=380, Max=8027, Min=546, Avg=1331.29, 90=1833, 99=2519, 99.9=8027, 99.99=8027] [CLEANUP: Count=1, Max=2343, Min=2342, Avg=2343, 90=2343, 99=2343, 99.9=2343, 99.99=2343] [UPDATE: Count=370, Max=3041, Min=608, Avg=1338.34, 90=1838, 99=2553, 99.9=3041, 99.99=3041] 
[OVERALL], RunTime(ms), 61013
[OVERALL], Throughput(ops/sec), 566.9119695802534
[TOTAL_GCS_Copy], Count, 3
[TOTAL_GC_TIME_Copy], Time(ms), 13
[TOTAL_GC_TIME_%_Copy], Time(%), 0.021306934587710814
[TOTAL_GCS_MarkSweepCompact], Count, 0
[TOTAL_GC_TIME_MarkSweepCompact], Time(ms), 0
[TOTAL_GC_TIME_%_MarkSweepCompact], Time(%), 0.0
[TOTAL_GCs], Count, 3
[TOTAL_GC_TIME], Time(ms), 13
[TOTAL_GC_TIME_%], Time(%), 0.021306934587710814
[READ], Operations, 17267
[READ], AverageLatency(us), 1749.8684774425203
[READ], MinLatency(us), 449
[READ], MaxLatency(us), 50687
[READ], 95thPercentileLatency(us), 4023
[READ], 99thPercentileLatency(us), 5463
[READ], Return=OK, 17267
[CLEANUP], Operations, 1
[CLEANUP], AverageLatency(us), 2343.0
[CLEANUP], MinLatency(us), 2342
[CLEANUP], MaxLatency(us), 2343
[CLEANUP], 95thPercentileLatency(us), 2343
[CLEANUP], 99thPercentileLatency(us), 2343
[UPDATE], Operations, 17322
[UPDATE], AverageLatency(us), 1751.143343724743
[UPDATE], MinLatency(us), 429
[UPDATE], MaxLatency(us), 18143
[UPDATE], 95thPercentileLatency(us), 4003
[UPDATE], 99thPercentileLatency(us), 5431
[UPDATE], Return=OK, 17322
AUTOTEST_DONE
