/nix/store/2vwkssqpzykk37r996cafq7x63imf4sp-openjdk-21+35/bin/java  -classpath /nix/store/zw02np72fzsmga6s5mphhw7x8qlzf4sv-ycsb-0.17.0/share/conf:/nix/store/zw02np72fzsmga6s5mphhw7x8qlzf4sv-ycsb-0.17.0/share/lib/core-0.17.0.jar:/nix/store/zw02np72fzsmga6s5mphhw7x8qlzf4sv-ycsb-0.17.0/share/lib/HdrHistogram-2.1.4.jar:/nix/store/zw02np72fzsmga6s5mphhw7x8qlzf4sv-ycsb-0.17.0/share/lib/htrace-core4-4.1.0-incubating.jar:/nix/store/zw02np72fzsmga6s5mphhw7x8qlzf4sv-ycsb-0.17.0/share/lib/jackson-core-asl-1.9.4.jar:/nix/store/zw02np72fzsmga6s5mphhw7x8qlzf4sv-ycsb-0.17.0/share/lib/jackson-mapper-asl-1.9.4.jar:/nix/store/zw02np72fzsmga6s5mphhw7x8qlzf4sv-ycsb-0.17.0/share/redis-binding/lib/commons-pool2-2.4.2.jar:/nix/store/zw02np72fzsmga6s5mphhw7x8qlzf4sv-ycsb-0.17.0/share/redis-binding/lib/jedis-2.9.0.jar:/nix/store/zw02np72fzsmga6s5mphhw7x8qlzf4sv-ycsb-0.17.0/share/redis-binding/lib/redis-binding-0.17.0.jar site.ycsb.Client -t -db site.ycsb.db.RedisClient -s -P /home/host/vmuxIO/test/moonprogs//../../ycsb/share/workloads/workloada -p redis.host=10.1.0.2 -p redis.port=6382 -p operationcount=429496729 -p maxexecutiontime=61 -threads 1
Command line: -t -db site.ycsb.db.RedisClient -s -P /home/host/vmuxIO/test/moonprogs//../../ycsb/share/workloads/workloada -p redis.host=10.1.0.2 -p redis.port=6382 -p operationcount=429496729 -p maxexecutiontime=61 -threads 1
YCSB Client 0.17.0

Loading workload...
Starting test.
Maximum execution time specified as: 61 secs
DBWrapper: report latency for each error is false and specific error codes to track for latency are: []
2025-04-02 00:39:56:623 0 sec: 0 operations; est completion in 0 second 
2025-04-02 00:40:06:441 10 sec: 4888 operations; 488.8 current ops/sec; est completion in 10 days 4 hours [READ: Count=2409, Max=55199, Min=459, Avg=1993.1, 90=3575, 99=6075, 99.9=14079, 99.99=55199] [UPDATE: Count=2492, Max=12471, Min=491, Avg=1986.61, 90=3723, 99=6259, 99.9=9055, 99.99=12471] 
2025-04-02 00:40:16:441 20 sec: 9304 operations; 441.6 current ops/sec; est completion in 10 days 16 hours [READ: Count=2129, Max=23887, Min=564, Avg=2281.7, 90=4679, 99=7755, 99.9=10703, 99.99=23887] [UPDATE: Count=2274, Max=30111, Min=472, Avg=2213.24, 90=4523, 99=6915, 99.9=10335, 99.99=30111] 
2025-04-02 00:40:26:442 30 sec: 14946 operations; 564.14 current ops/sec; est completion in 9 days 23 hours [READ: Count=2787, Max=16575, Min=495, Avg=1764.93, 90=2707, 99=5347, 99.9=9327, 99.99=16575] [UPDATE: Count=2855, Max=12863, Min=481, Avg=1766.32, 90=2725, 99=5891, 99.9=9431, 99.99=12863] 
2025-04-02 00:40:36:440 40 sec: 21509 operations; 656.37 current ops/sec; est completion in 9 days 5 hours [READ: Count=3313, Max=6063, Min=512, Avg=1521.64, 90=1999, 99=4431, 99.9=5463, 99.99=6063] [UPDATE: Count=3250, Max=11135, Min=500, Avg=1515.24, 90=2013, 99=4419, 99.9=6419, 99.99=11135] 
2025-04-02 00:40:46:441 50 sec: 27840 operations; 633.04 current ops/sec; est completion in 8 days 22 hours [READ: Count=3206, Max=10999, Min=561, Avg=1576.72, 90=2129, 99=3717, 99.9=8783, 99.99=10999] [UPDATE: Count=3125, Max=9167, Min=518, Avg=1571.87, 90=2107, 99=3651, 99.9=5627, 99.99=9167] 
2025-04-02 00:40:56:441 60 sec: 34886 operations; 704.6 current ops/sec; est completion in 8 days 13 hours [READ: Count=3549, Max=9919, Min=473, Avg=1421.08, 90=2021, 99=3743, 99.9=5963, 99.99=9919] [UPDATE: Count=3497, Max=10815, Min=467, Avg=1408.33, 90=1998, 99=3121, 99.9=6339, 99.99=10815] 
Maximum time elapsed. Requesting stop for the workload.
Stop requested for workload. Now Joining!
2025-04-02 00:40:57:458 61 sec: 36117 operations; 1210.42 current ops/sec; est completion in 8 days 9 hours [READ: Count=646, Max=1676, Min=413, Avg=815.43, 90=1029, 99=1395, 99.9=1611, 99.99=1676] [CLEANUP: Count=1, Max=9479, Min=9472, Avg=9476, 90=9479, 99=9479, 99.9=9479, 99.99=9479] [UPDATE: Count=585, Max=4707, Min=477, Avg=814.11, 90=1059, 99=1344, 99.9=1786, 99.99=4707] 
[OVERALL], RunTime(ms), 61023
[OVERALL], Throughput(ops/sec), 591.8588073349392
[TOTAL_GCS_Copy], Count, 3
[TOTAL_GC_TIME_Copy], Time(ms), 14
[TOTAL_GC_TIME_%_Copy], Time(%), 0.022942169345984302
[TOTAL_GCS_MarkSweepCompact], Count, 0
[TOTAL_GC_TIME_MarkSweepCompact], Time(ms), 0
[TOTAL_GC_TIME_%_MarkSweepCompact], Time(%), 0.0
[TOTAL_GCs], Count, 3
[TOTAL_GC_TIME], Time(ms), 14
[TOTAL_GC_TIME_%], Time(%), 0.022942169345984302
[READ], Operations, 18039
[READ], AverageLatency(us), 1676.605632241255
[READ], MinLatency(us), 413
[READ], MaxLatency(us), 55199
[READ], 95thPercentileLatency(us), 3829
[READ], 99thPercentileLatency(us), 5339
[READ], Return=OK, 18039
[CLEANUP], Operations, 1
[CLEANUP], AverageLatency(us), 9476.0
[CLEANUP], MinLatency(us), 9472
[CLEANUP], MaxLatency(us), 9479
[CLEANUP], 95thPercentileLatency(us), 9479
[CLEANUP], 99thPercentileLatency(us), 9479
[UPDATE], Operations, 18078
[UPDATE], AverageLatency(us), 1674.0902754729505
[UPDATE], MinLatency(us), 467
[UPDATE], MaxLatency(us), 30111
[UPDATE], 95thPercentileLatency(us), 3873
[UPDATE], 99thPercentileLatency(us), 5427
[UPDATE], Return=OK, 18078
AUTOTEST_DONE
