/nix/store/2vwkssqpzykk37r996cafq7x63imf4sp-openjdk-21+35/bin/java  -classpath /nix/store/zw02np72fzsmga6s5mphhw7x8qlzf4sv-ycsb-0.17.0/share/conf:/nix/store/zw02np72fzsmga6s5mphhw7x8qlzf4sv-ycsb-0.17.0/share/lib/core-0.17.0.jar:/nix/store/zw02np72fzsmga6s5mphhw7x8qlzf4sv-ycsb-0.17.0/share/lib/HdrHistogram-2.1.4.jar:/nix/store/zw02np72fzsmga6s5mphhw7x8qlzf4sv-ycsb-0.17.0/share/lib/htrace-core4-4.1.0-incubating.jar:/nix/store/zw02np72fzsmga6s5mphhw7x8qlzf4sv-ycsb-0.17.0/share/lib/jackson-core-asl-1.9.4.jar:/nix/store/zw02np72fzsmga6s5mphhw7x8qlzf4sv-ycsb-0.17.0/share/lib/jackson-mapper-asl-1.9.4.jar:/nix/store/zw02np72fzsmga6s5mphhw7x8qlzf4sv-ycsb-0.17.0/share/redis-binding/lib/commons-pool2-2.4.2.jar:/nix/store/zw02np72fzsmga6s5mphhw7x8qlzf4sv-ycsb-0.17.0/share/redis-binding/lib/jedis-2.9.0.jar:/nix/store/zw02np72fzsmga6s5mphhw7x8qlzf4sv-ycsb-0.17.0/share/redis-binding/lib/redis-binding-0.17.0.jar site.ycsb.Client -t -db site.ycsb.db.RedisClient -s -P /home/host/vmuxIO/test/moonprogs//../../ycsb/share/workloads/workloada -p redis.host=10.1.0.2 -p redis.port=6390 -p operationcount=429496729 -p maxexecutiontime=61 -threads 1
Command line: -t -db site.ycsb.db.RedisClient -s -P /home/host/vmuxIO/test/moonprogs//../../ycsb/share/workloads/workloada -p redis.host=10.1.0.2 -p redis.port=6390 -p operationcount=429496729 -p maxexecutiontime=61 -threads 1
YCSB Client 0.17.0

Loading workload...
Starting test.
Maximum execution time specified as: 61 secs
DBWrapper: report latency for each error is false and specific error codes to track for latency are: []
2025-04-02 00:39:57:590 0 sec: 0 operations; est completion in 0 second 
2025-04-02 00:40:07:408 10 sec: 4847 operations; 484.7 current ops/sec; est completion in 10 days 6 hours [READ: Count=2429, Max=48287, Min=396, Avg=1992.27, 90=3719, 99=6515, 99.9=13031, 99.99=48287] [UPDATE: Count=2427, Max=11319, Min=468, Avg=2020.58, 90=3959, 99=6235, 99.9=9103, 99.99=11319] 
2025-04-02 00:40:17:409 20 sec: 9282 operations; 443.46 current ops/sec; est completion in 10 days 17 hours [READ: Count=2177, Max=31231, Min=558, Avg=2256.65, 90=4643, 99=8199, 99.9=12711, 99.99=31231] [UPDATE: Count=2250, Max=29087, Min=473, Avg=2216.44, 90=4599, 99=8055, 99.9=17183, 99.99=29087] 
2025-04-02 00:40:27:409 30 sec: 15304 operations; 602.2 current ops/sec; est completion in 9 days 17 hours [READ: Count=2979, Max=10303, Min=543, Avg=1657.38, 90=2175, 99=5019, 99.9=8871, 99.99=10303] [UPDATE: Count=3042, Max=12735, Min=537, Avg=1653.45, 90=2187, 99=5183, 99.9=7051, 99.99=12735] 
2025-04-02 00:40:37:409 40 sec: 21356 operations; 605.26 current ops/sec; est completion in 9 days 7 hours [READ: Count=3001, Max=11287, Min=557, Avg=1665.61, 90=2205, 99=4583, 99.9=9135, 99.99=11287] [UPDATE: Count=3051, Max=5907, Min=470, Avg=1626.74, 90=2173, 99=4271, 99.9=5251, 99.99=5907] 
2025-04-02 00:40:47:409 50 sec: 27982 operations; 662.6 current ops/sec; est completion in 8 days 21 hours [READ: Count=3345, Max=8623, Min=482, Avg=1505.04, 90=2071, 99=3767, 99.9=6483, 99.99=8623] [UPDATE: Count=3281, Max=9191, Min=486, Avg=1504.62, 90=2039, 99=3407, 99.9=7055, 99.99=9191] 
2025-04-02 00:40:57:409 60 sec: 36056 operations; 807.4 current ops/sec; est completion in 8 days 6 hours [READ: Count=4078, Max=10223, Min=358, Avg=1227.13, 90=1829, 99=2951, 99.9=5883, 99.99=10223] [UPDATE: Count=3996, Max=10055, Min=410, Avg=1241.34, 90=1852, 99=2917, 99.9=6583, 99.99=10055] 
Maximum time elapsed. Requesting stop for the workload.
Stop requested for workload. Now Joining!
2025-04-02 00:40:58:430 61 sec: 37409 operations; 1323.87 current ops/sec; est completion in 8 days 2 hours [READ: Count=681, Max=9671, Min=431, Avg=748.99, 90=946, 99=1309, 99.9=2259, 99.99=9671] [CLEANUP: Count=1, Max=4439, Min=4436, Avg=4438, 90=4439, 99=4439, 99.9=4439, 99.99=4439] [UPDATE: Count=672, Max=5823, Min=432, Avg=744.72, 90=950, 99=1358, 99.9=4259, 99.99=5823] 
[OVERALL], RunTime(ms), 61027
[OVERALL], Throughput(ops/sec), 612.9909712094646
[TOTAL_GCS_Copy], Count, 3
[TOTAL_GC_TIME_Copy], Time(ms), 16
[TOTAL_GC_TIME_%_Copy], Time(%), 0.02621790355088731
[TOTAL_GCS_MarkSweepCompact], Count, 0
[TOTAL_GC_TIME_MarkSweepCompact], Time(ms), 0
[TOTAL_GC_TIME_%_MarkSweepCompact], Time(%), 0.0
[TOTAL_GCs], Count, 3
[TOTAL_GC_TIME], Time(ms), 16
[TOTAL_GC_TIME_%], Time(%), 0.02621790355088731
[READ], Operations, 18690
[READ], AverageLatency(us), 1617.7871054039592
[READ], MinLatency(us), 358
[READ], MaxLatency(us), 48287
[READ], 95thPercentileLatency(us), 3661
[READ], 99thPercentileLatency(us), 5291
[READ], Return=OK, 18690
[CLEANUP], Operations, 1
[CLEANUP], AverageLatency(us), 4438.0
[CLEANUP], MinLatency(us), 4436
[CLEANUP], MaxLatency(us), 4439
[CLEANUP], 95thPercentileLatency(us), 4439
[CLEANUP], 99thPercentileLatency(us), 4439
[UPDATE], Operations, 18719
[UPDATE], AverageLatency(us), 1617.6823014049896
[UPDATE], MinLatency(us), 410
[UPDATE], MaxLatency(us), 29087
[UPDATE], 95thPercentileLatency(us), 3731
[UPDATE], 99thPercentileLatency(us), 5359
[UPDATE], Return=OK, 18719
AUTOTEST_DONE
