/nix/store/2vwkssqpzykk37r996cafq7x63imf4sp-openjdk-21+35/bin/java  -classpath /nix/store/zw02np72fzsmga6s5mphhw7x8qlzf4sv-ycsb-0.17.0/share/conf:/nix/store/zw02np72fzsmga6s5mphhw7x8qlzf4sv-ycsb-0.17.0/share/lib/core-0.17.0.jar:/nix/store/zw02np72fzsmga6s5mphhw7x8qlzf4sv-ycsb-0.17.0/share/lib/HdrHistogram-2.1.4.jar:/nix/store/zw02np72fzsmga6s5mphhw7x8qlzf4sv-ycsb-0.17.0/share/lib/htrace-core4-4.1.0-incubating.jar:/nix/store/zw02np72fzsmga6s5mphhw7x8qlzf4sv-ycsb-0.17.0/share/lib/jackson-core-asl-1.9.4.jar:/nix/store/zw02np72fzsmga6s5mphhw7x8qlzf4sv-ycsb-0.17.0/share/lib/jackson-mapper-asl-1.9.4.jar:/nix/store/zw02np72fzsmga6s5mphhw7x8qlzf4sv-ycsb-0.17.0/share/redis-binding/lib/commons-pool2-2.4.2.jar:/nix/store/zw02np72fzsmga6s5mphhw7x8qlzf4sv-ycsb-0.17.0/share/redis-binding/lib/jedis-2.9.0.jar:/nix/store/zw02np72fzsmga6s5mphhw7x8qlzf4sv-ycsb-0.17.0/share/redis-binding/lib/redis-binding-0.17.0.jar site.ycsb.Client -t -db site.ycsb.db.RedisClient -s -P /home/host/vmuxIO/test/moonprogs//../../ycsb/share/workloads/workloada -p redis.host=10.1.0.2 -p redis.port=6379 -p operationcount=429496729 -p maxexecutiontime=61 -threads 1
Command line: -t -db site.ycsb.db.RedisClient -s -P /home/host/vmuxIO/test/moonprogs//../../ycsb/share/workloads/workloada -p redis.host=10.1.0.2 -p redis.port=6379 -p operationcount=429496729 -p maxexecutiontime=61 -threads 1
YCSB Client 0.17.0

Loading workload...
Starting test.
Maximum execution time specified as: 61 secs
DBWrapper: report latency for each error is false and specific error codes to track for latency are: []
2025-04-02 00:40:01:397 0 sec: 0 operations; est completion in 0 second 
2025-04-02 00:40:11:220 10 sec: 4824 operations; 482.35 current ops/sec; est completion in 10 days 7 hours [READ: Count=2435, Max=31231, Min=507, Avg=1975.93, 90=4111, 99=5911, 99.9=9383, 99.99=31231] [UPDATE: Count=2389, Max=38335, Min=505, Avg=2055.18, 90=4279, 99=6811, 99.9=12559, 99.99=38335] 
2025-04-02 00:40:21:220 20 sec: 9361 operations; 453.7 current ops/sec; est completion in 10 days 14 hours [READ: Count=2300, Max=26575, Min=552, Avg=2192.72, 90=4535, 99=7391, 99.9=14175, 99.99=26575] [UPDATE: Count=2238, Max=12391, Min=515, Avg=2187.1, 90=4595, 99=6975, 99.9=9063, 99.99=12391] 
2025-04-02 00:40:31:221 30 sec: 15676 operations; 631.5 current ops/sec; est completion in 9 days 12 hours [READ: Count=3142, Max=9247, Min=588, Avg=1578.45, 90=2061, 99=4675, 99.9=6431, 99.99=9247] [UPDATE: Count=3172, Max=12655, Min=535, Avg=1573.59, 90=2032, 99=4771, 99.9=7891, 99.99=12655] 
2025-04-02 00:40:41:220 40 sec: 22192 operations; 651.6 current ops/sec; est completion in 8 days 23 hours [READ: Count=3230, Max=7927, Min=488, Avg=1538.39, 90=2111, 99=4019, 99.9=5431, 99.99=7927] [UPDATE: Count=3286, Max=13991, Min=492, Avg=1521.6, 90=2077, 99=3761, 99.9=8383, 99.99=13991] 
2025-04-02 00:40:51:220 50 sec: 28616 operations; 642.4 current ops/sec; est completion in 8 days 16 hours [READ: Count=3227, Max=10175, Min=519, Avg=1560.86, 90=2133, 99=3631, 99.9=6331, 99.99=10175] [UPDATE: Count=3197, Max=9759, Min=522, Avg=1541.94, 90=2077, 99=3387, 99.9=5347, 99.99=9759] 
2025-04-02 00:41:01:220 60 sec: 39376 operations; 1076 current ops/sec; est completion in 7 days 13 hours [READ: Count=5401, Max=10119, Min=385, Avg=929.42, 90=1550, 99=2529, 99.9=5007, 99.99=9295] [UPDATE: Count=5359, Max=5883, Min=388, Avg=920.79, 90=1530, 99=2635, 99.9=4915, 99.99=5847] 
Maximum time elapsed. Requesting stop for the workload.
Stop requested for workload. Now Joining!
2025-04-02 00:41:02:231 61 sec: 41122 operations; 1728.71 current ops/sec; est completion in 7 days 8 hours [READ: Count=828, Max=1283, Min=408, Avg=565.43, 90=659, 99=890, 99.9=1166, 99.99=1283] [CLEANUP: Count=1, Max=2247, Min=2246, Avg=2247, 90=2247, 99=2247, 99.9=2247, 99.99=2247] [UPDATE: Count=918, Max=4703, Min=411, Avg=575.64, 90=665, 99=966, 99.9=4093, 99.99=4703] 
[OVERALL], RunTime(ms), 61015
[OVERALL], Throughput(ops/sec), 673.9654183397525
[TOTAL_GCS_Copy], Count, 4
[TOTAL_GC_TIME_Copy], Time(ms), 16
[TOTAL_GC_TIME_%_Copy], Time(%), 0.026223059903302464
[TOTAL_GCS_MarkSweepCompact], Count, 0
[TOTAL_GC_TIME_MarkSweepCompact], Time(ms), 0
[TOTAL_GC_TIME_%_MarkSweepCompact], Time(%), 0.0
[TOTAL_GCs], Count, 4
[TOTAL_GC_TIME], Time(ms), 16
[TOTAL_GC_TIME_%], Time(%), 0.026223059903302464
[READ], Operations, 20563
[READ], AverageLatency(us), 1473.9107620483392
[READ], MinLatency(us), 385
[READ], MaxLatency(us), 31231
[READ], 95thPercentileLatency(us), 3121
[READ], 99thPercentileLatency(us), 5099
[READ], Return=OK, 20563
[CLEANUP], Operations, 1
[CLEANUP], AverageLatency(us), 2247.0
[CLEANUP], MinLatency(us), 2246
[CLEANUP], MaxLatency(us), 2247
[CLEANUP], 95thPercentileLatency(us), 2247
[CLEANUP], 99thPercentileLatency(us), 2247
[UPDATE], Operations, 20559
[UPDATE], AverageLatency(us), 1468.3826547983851
[UPDATE], MinLatency(us), 388
[UPDATE], MaxLatency(us), 38335
[UPDATE], 95thPercentileLatency(us), 3177
[UPDATE], 99thPercentileLatency(us), 5199
[UPDATE], Return=OK, 20559
AUTOTEST_DONE
