/nix/store/2vwkssqpzykk37r996cafq7x63imf4sp-openjdk-21+35/bin/java  -classpath /nix/store/zw02np72fzsmga6s5mphhw7x8qlzf4sv-ycsb-0.17.0/share/conf:/nix/store/zw02np72fzsmga6s5mphhw7x8qlzf4sv-ycsb-0.17.0/share/lib/core-0.17.0.jar:/nix/store/zw02np72fzsmga6s5mphhw7x8qlzf4sv-ycsb-0.17.0/share/lib/HdrHistogram-2.1.4.jar:/nix/store/zw02np72fzsmga6s5mphhw7x8qlzf4sv-ycsb-0.17.0/share/lib/htrace-core4-4.1.0-incubating.jar:/nix/store/zw02np72fzsmga6s5mphhw7x8qlzf4sv-ycsb-0.17.0/share/lib/jackson-core-asl-1.9.4.jar:/nix/store/zw02np72fzsmga6s5mphhw7x8qlzf4sv-ycsb-0.17.0/share/lib/jackson-mapper-asl-1.9.4.jar:/nix/store/zw02np72fzsmga6s5mphhw7x8qlzf4sv-ycsb-0.17.0/share/redis-binding/lib/commons-pool2-2.4.2.jar:/nix/store/zw02np72fzsmga6s5mphhw7x8qlzf4sv-ycsb-0.17.0/share/redis-binding/lib/jedis-2.9.0.jar:/nix/store/zw02np72fzsmga6s5mphhw7x8qlzf4sv-ycsb-0.17.0/share/redis-binding/lib/redis-binding-0.17.0.jar site.ycsb.Client -t -db site.ycsb.db.RedisClient -s -P /home/host/vmuxIO/test/moonprogs//../../ycsb/share/workloads/workloada -p redis.host=10.1.0.2 -p redis.port=6379 -p operationcount=429496729 -p maxexecutiontime=61 -threads 1
Command line: -t -db site.ycsb.db.RedisClient -s -P /home/host/vmuxIO/test/moonprogs//../../ycsb/share/workloads/workloada -p redis.host=10.1.0.2 -p redis.port=6379 -p operationcount=429496729 -p maxexecutiontime=61 -threads 1
YCSB Client 0.17.0

Loading workload...
Starting test.
Maximum execution time specified as: 61 secs
DBWrapper: report latency for each error is false and specific error codes to track for latency are: []
2024-10-15 11:51:09:725 0 sec: 0 operations; est completion in 0 second [READ: Count=1, Max=98495, Min=98432, Avg=98464, 90=98495, 99=98495, 99.9=98495, 99.99=98495] 
2024-10-15 11:51:19:373 10 sec: 59327 operations; 5932.7 current ops/sec; est completion in 20 hours 6 minutes [READ: Count=29428, Max=13695, Min=102, Avg=155.18, 90=166, 99=290, 99.9=1172, 99.99=5411] [UPDATE: Count=29898, Max=7827, Min=99, Avg=158.84, 90=249, 99=295, 99.9=2087, 99.99=5235] 
2024-10-15 11:51:29:372 20 sec: 129271 operations; 6994.4 current ops/sec; est completion in 18 hours 27 minutes [READ: Count=34964, Max=8663, Min=101, Avg=141.66, 90=148, 99=253, 99.9=288, 99.99=560] [UPDATE: Count=34980, Max=3787, Min=100, Avg=140.53, 90=146, 99=252, 99.9=291, 99.99=2555] 
2024-10-15 11:51:39:372 30 sec: 199873 operations; 7060.2 current ops/sec; est completion in 17 hours 53 minutes [READ: Count=35518, Max=7459, Min=103, Avg=140.59, 90=147, 99=248, 99.9=291, 99.99=477] [UPDATE: Count=35084, Max=682, Min=98, Avg=139.29, 90=145, 99=249, 99.9=287, 99.99=564] 
2024-10-15 11:51:49:372 40 sec: 268078 operations; 6820.5 current ops/sec; est completion in 17 hours 47 minutes [READ: Count=34241, Max=7599, Min=105, Avg=145.01, 90=152, 99=287, 99.9=378, 99.99=613] [UPDATE: Count=33964, Max=661, Min=103, Avg=144.42, 90=151, 99=292, 99.9=380, 99.99=596] 
2024-10-15 11:51:59:372 50 sec: 338593 operations; 7051.5 current ops/sec; est completion in 17 hours 36 minutes [READ: Count=35118, Max=601, Min=105, Avg=140.57, 90=147, 99=175, 99.9=287, 99.99=432] [UPDATE: Count=35397, Max=3471, Min=102, Avg=139.64, 90=145, 99=173, 99.9=287, 99.99=445] 
2024-10-15 11:52:09:372 60 sec: 408859 operations; 7026.6 current ops/sec; est completion in 17 hours 29 minutes [READ: Count=35178, Max=4151, Min=106, Avg=141.27, 90=146, 99=246, 99.9=290, 99.99=588] [UPDATE: Count=35088, Max=607, Min=100, Avg=139.92, 90=145, 99=234, 99.9=288, 99.99=506] 
Maximum time elapsed. Requesting stop for the workload.
Stop requested for workload. Now Joining!
2024-10-15 11:52:10:393 61 sec: 415994 operations; 6988.25 current ops/sec; est completion in 17 hours 29 minutes [READ: Count=3548, Max=2775, Min=103, Avg=141.96, 90=147, 99=247, 99.9=308, 99.99=2775] [CLEANUP: Count=1, Max=1048, Min=1048, Avg=1048, 90=1048, 99=1048, 99.9=1048, 99.99=1048] [UPDATE: Count=3587, Max=620, Min=106, Avg=140.11, 90=145, 99=249, 99.9=332, 99.99=620] 
[OVERALL], RunTime(ms), 61025
[OVERALL], Throughput(ops/sec), 6816.780008193364
[TOTAL_GCS_Copy], Count, 38
[TOTAL_GC_TIME_Copy], Time(ms), 18
[TOTAL_GC_TIME_%_Copy], Time(%), 0.029496108152396557
[TOTAL_GCS_MarkSweepCompact], Count, 0
[TOTAL_GC_TIME_MarkSweepCompact], Time(ms), 0
[TOTAL_GC_TIME_%_MarkSweepCompact], Time(%), 0.0
[TOTAL_GCs], Count, 38
[TOTAL_GC_TIME], Time(ms), 18
[TOTAL_GC_TIME_%], Time(%), 0.029496108152396557
[READ], Operations, 207996
[READ], AverageLatency(us), 144.16863305063558
[READ], MinLatency(us), 101
[READ], MaxLatency(us), 98495
[READ], 95thPercentileLatency(us), 157
[READ], 99thPercentileLatency(us), 267
[READ], Return=OK, 207996
[CLEANUP], Operations, 1
[CLEANUP], AverageLatency(us), 1048.0
[CLEANUP], MinLatency(us), 1048
[CLEANUP], MaxLatency(us), 1048
[CLEANUP], 95thPercentileLatency(us), 1048
[CLEANUP], 99thPercentileLatency(us), 1048
[UPDATE], Operations, 207998
[UPDATE], AverageLatency(us), 143.32819546341793
[UPDATE], MinLatency(us), 98
[UPDATE], MaxLatency(us), 7827
[UPDATE], 95thPercentileLatency(us), 158
[UPDATE], 99thPercentileLatency(us), 269
[UPDATE], Return=OK, 207998
AUTOTEST_DONE
