/nix/store/2vwkssqpzykk37r996cafq7x63imf4sp-openjdk-21+35/bin/java  -classpath /nix/store/zw02np72fzsmga6s5mphhw7x8qlzf4sv-ycsb-0.17.0/share/conf:/nix/store/zw02np72fzsmga6s5mphhw7x8qlzf4sv-ycsb-0.17.0/share/lib/core-0.17.0.jar:/nix/store/zw02np72fzsmga6s5mphhw7x8qlzf4sv-ycsb-0.17.0/share/lib/HdrHistogram-2.1.4.jar:/nix/store/zw02np72fzsmga6s5mphhw7x8qlzf4sv-ycsb-0.17.0/share/lib/htrace-core4-4.1.0-incubating.jar:/nix/store/zw02np72fzsmga6s5mphhw7x8qlzf4sv-ycsb-0.17.0/share/lib/jackson-core-asl-1.9.4.jar:/nix/store/zw02np72fzsmga6s5mphhw7x8qlzf4sv-ycsb-0.17.0/share/lib/jackson-mapper-asl-1.9.4.jar:/nix/store/zw02np72fzsmga6s5mphhw7x8qlzf4sv-ycsb-0.17.0/share/redis-binding/lib/commons-pool2-2.4.2.jar:/nix/store/zw02np72fzsmga6s5mphhw7x8qlzf4sv-ycsb-0.17.0/share/redis-binding/lib/jedis-2.9.0.jar:/nix/store/zw02np72fzsmga6s5mphhw7x8qlzf4sv-ycsb-0.17.0/share/redis-binding/lib/redis-binding-0.17.0.jar site.ycsb.Client -t -db site.ycsb.db.RedisClient -s -P /home/host/vmuxIO/test/moonprogs//../../ycsb/share/workloads/workloada -p redis.host=10.1.0.2 -p redis.port=6386 -p operationcount=429496729 -p maxexecutiontime=61 -threads 1
Command line: -t -db site.ycsb.db.RedisClient -s -P /home/host/vmuxIO/test/moonprogs//../../ycsb/share/workloads/workloada -p redis.host=10.1.0.2 -p redis.port=6386 -p operationcount=429496729 -p maxexecutiontime=61 -threads 1
YCSB Client 0.17.0

Loading workload...
Starting test.
Maximum execution time specified as: 61 secs
DBWrapper: report latency for each error is false and specific error codes to track for latency are: []
2024-08-21 19:10:07:925 0 sec: 0 operations; est completion in 0 second 
2024-08-21 19:10:17:730 10 sec: 37090 operations; 3709 current ops/sec; est completion in 1 day 8 hours [READ: Count=18431, Max=51999, Min=104, Avg=261.13, 90=410, 99=585, 99.9=3837, 99.99=6679] [UPDATE: Count=18679, Max=8631, Min=103, Avg=256.34, 90=405, 99=599, 99.9=3625, 99.99=7135] 
2024-08-21 19:10:27:730 20 sec: 86894 operations; 4980.4 current ops/sec; est completion in 1 day 3 hours [READ: Count=25120, Max=6971, Min=108, Avg=199.85, 90=317, 99=425, 99.9=611, 99.99=3807] [UPDATE: Count=24664, Max=3603, Min=107, Avg=194.79, 90=319, 99=423, 99.9=603, 99.99=2437] 
2024-08-21 19:10:37:730 30 sec: 133999 operations; 4710.5 current ops/sec; est completion in 1 day 2 hours [READ: Count=23603, Max=2923, Min=112, Avg=211.71, 90=347, 99=435, 99.9=545, 99.99=2559] [UPDATE: Count=23502, Max=7663, Min=108, Avg=208.35, 90=343, 99=429, 99.9=662, 99.99=6083] 
2024-08-21 19:10:47:730 40 sec: 182951 operations; 4895.2 current ops/sec; est completion in 1 day 2 hours [READ: Count=24435, Max=3553, Min=107, Avg=204.86, 90=333, 99=428, 99.9=557, 99.99=1527] [UPDATE: Count=24517, Max=2601, Min=109, Avg=199.59, 90=327, 99=421, 99.9=557, 99.99=2307] 
2024-08-21 19:10:57:730 50 sec: 230938 operations; 4798.7 current ops/sec; est completion in 1 day 1 hour [READ: Count=23796, Max=7707, Min=111, Avg=208.5, 90=323, 99=428, 99.9=563, 99.99=2387] [UPDATE: Count=24191, Max=4251, Min=108, Avg=203.85, 90=319, 99=426, 99.9=548, 99.99=3509] 
2024-08-21 19:11:07:730 60 sec: 276924 operations; 4598.6 current ops/sec; est completion in 1 day 1 hour [READ: Count=22990, Max=5175, Min=106, Avg=218.17, 90=359, 99=444, 99.9=566, 99.99=2489] [UPDATE: Count=22996, Max=3141, Min=106, Avg=212.52, 90=354, 99=439, 99.9=548, 99.99=2419] 
Maximum time elapsed. Requesting stop for the workload.
Stop requested for workload. Now Joining!
2024-08-21 19:11:08:736 61 sec: 281197 operations; 4251.74 current ops/sec; est completion in 1 day 1 hour [READ: Count=2121, Max=3887, Min=106, Avg=232.83, 90=363, 99=449, 99.9=574, 99.99=3887] [CLEANUP: Count=1, Max=1206, Min=1206, Avg=1206, 90=1206, 99=1206, 99.9=1206, 99.99=1206] [UPDATE: Count=2152, Max=616, Min=103, Avg=232.54, 90=373, 99=449, 99.9=536, 99.99=616] 
[OVERALL], RunTime(ms), 61013
[OVERALL], Throughput(ops/sec), 4608.80468096963
[TOTAL_GCS_Copy], Count, 26
[TOTAL_GC_TIME_Copy], Time(ms), 24
[TOTAL_GC_TIME_%_Copy], Time(%), 0.039335879238850735
[TOTAL_GCS_MarkSweepCompact], Count, 0
[TOTAL_GC_TIME_MarkSweepCompact], Time(ms), 0
[TOTAL_GC_TIME_%_MarkSweepCompact], Time(%), 0.0
[TOTAL_GCs], Count, 26
[TOTAL_GC_TIME], Time(ms), 24
[TOTAL_GC_TIME_%], Time(%), 0.039335879238850735
[READ], Operations, 140496
[READ], AverageLatency(us), 215.71354344607676
[READ], MinLatency(us), 104
[READ], MaxLatency(us), 51999
[READ], 95thPercentileLatency(us), 390
[READ], 99thPercentileLatency(us), 471
[READ], Return=OK, 140496
[CLEANUP], Operations, 1
[CLEANUP], AverageLatency(us), 1206.0
[CLEANUP], MinLatency(us), 1206
[CLEANUP], MaxLatency(us), 1206
[CLEANUP], 95thPercentileLatency(us), 1206
[CLEANUP], 99thPercentileLatency(us), 1206
[UPDATE], Operations, 140701
[UPDATE], AverageLatency(us), 211.09800214639554
[UPDATE], MinLatency(us), 103
[UPDATE], MaxLatency(us), 8631
[UPDATE], 95thPercentileLatency(us), 385
[UPDATE], 99thPercentileLatency(us), 470
[UPDATE], Return=OK, 140701
AUTOTEST_DONE
