/nix/store/2vwkssqpzykk37r996cafq7x63imf4sp-openjdk-21+35/bin/java  -classpath /nix/store/zw02np72fzsmga6s5mphhw7x8qlzf4sv-ycsb-0.17.0/share/conf:/nix/store/zw02np72fzsmga6s5mphhw7x8qlzf4sv-ycsb-0.17.0/share/lib/core-0.17.0.jar:/nix/store/zw02np72fzsmga6s5mphhw7x8qlzf4sv-ycsb-0.17.0/share/lib/HdrHistogram-2.1.4.jar:/nix/store/zw02np72fzsmga6s5mphhw7x8qlzf4sv-ycsb-0.17.0/share/lib/htrace-core4-4.1.0-incubating.jar:/nix/store/zw02np72fzsmga6s5mphhw7x8qlzf4sv-ycsb-0.17.0/share/lib/jackson-core-asl-1.9.4.jar:/nix/store/zw02np72fzsmga6s5mphhw7x8qlzf4sv-ycsb-0.17.0/share/lib/jackson-mapper-asl-1.9.4.jar:/nix/store/zw02np72fzsmga6s5mphhw7x8qlzf4sv-ycsb-0.17.0/share/redis-binding/lib/commons-pool2-2.4.2.jar:/nix/store/zw02np72fzsmga6s5mphhw7x8qlzf4sv-ycsb-0.17.0/share/redis-binding/lib/jedis-2.9.0.jar:/nix/store/zw02np72fzsmga6s5mphhw7x8qlzf4sv-ycsb-0.17.0/share/redis-binding/lib/redis-binding-0.17.0.jar site.ycsb.Client -t -db site.ycsb.db.RedisClient -s -P /home/host/vmuxIO/test/moonprogs//../../ycsb/share/workloads/workloada -p redis.host=10.1.0.2 -p redis.port=6384 -p operationcount=429496729 -p maxexecutiontime=61 -threads 1
Command line: -t -db site.ycsb.db.RedisClient -s -P /home/host/vmuxIO/test/moonprogs//../../ycsb/share/workloads/workloada -p redis.host=10.1.0.2 -p redis.port=6384 -p operationcount=429496729 -p maxexecutiontime=61 -threads 1
YCSB Client 0.17.0

Loading workload...
Starting test.
Maximum execution time specified as: 61 secs
DBWrapper: report latency for each error is false and specific error codes to track for latency are: []
2024-07-19 22:29:58:879 0 sec: 0 operations; est completion in 0 second 
2024-07-19 22:30:08:720 10 sec: 17270 operations; 1727 current ops/sec; est completion in 2 days 21 hours [READ: Count=8629, Max=13879, Min=220, Avg=555.06, 90=662, 99=3637, 99.9=4603, 99.99=10311] [UPDATE: Count=8658, Max=25631, Min=233, Avg=566.94, 90=667, 99=3731, 99.9=4543, 99.99=10103] 
2024-07-19 22:30:18:720 20 sec: 34086 operations; 1681.6 current ops/sec; est completion in 2 days 21 hours [READ: Count=8329, Max=4571, Min=203, Avg=590.79, 90=714, 99=960, 99.9=3821, 99.99=4327] [UPDATE: Count=8470, Max=5203, Min=218, Avg=586.34, 90=706, 99=950, 99.9=3663, 99.99=4623] 
2024-07-19 22:30:28:719 30 sec: 52068 operations; 1798.2 current ops/sec; est completion in 2 days 20 hours [READ: Count=9134, Max=4619, Min=218, Avg=554.35, 90=682, 99=900, 99.9=2119, 99.99=4475] [UPDATE: Count=8848, Max=10695, Min=230, Avg=549.47, 90=676, 99=916, 99.9=1215, 99.99=4587] 
2024-07-19 22:30:38:719 40 sec: 69989 operations; 1792.1 current ops/sec; est completion in 2 days 20 hours [READ: Count=8954, Max=5583, Min=226, Avg=556.85, 90=697, 99=942, 99.9=1263, 99.99=4555] [UPDATE: Count=8967, Max=4335, Min=213, Avg=552.05, 90=685, 99=947, 99.9=1477, 99.99=4025] 
2024-07-19 22:30:48:720 50 sec: 87112 operations; 1712.3 current ops/sec; est completion in 2 days 20 hours [READ: Count=8578, Max=3247, Min=210, Avg=583.11, 90=723, 99=987, 99.9=1433, 99.99=3167] [UPDATE: Count=8545, Max=8295, Min=225, Avg=579.34, 90=720, 99=991, 99.9=1373, 99.99=4339] 
2024-07-19 22:30:58:720 60 sec: 104316 operations; 1720.4 current ops/sec; est completion in 2 days 20 hours [READ: Count=8603, Max=7763, Min=209, Avg=579.38, 90=714, 99=980, 99.9=1290, 99.99=3651] [UPDATE: Count=8601, Max=4307, Min=219, Avg=576.78, 90=709, 99=980, 99.9=1635, 99.99=3809] 
Maximum time elapsed. Requesting stop for the workload.
Stop requested for workload. Now Joining!
2024-07-19 22:30:59:731 61 sec: 106109 operations; 1771.74 current ops/sec; est completion in 2 days 20 hours [READ: Count=906, Max=4045, Min=243, Avg=562.73, 90=685, 99=881, 99.9=3435, 99.99=4045] [CLEANUP: Count=1, Max=1515, Min=1515, Avg=1515, 90=1515, 99=1515, 99.9=1515, 99.99=1515] [UPDATE: Count=887, Max=1037, Min=239, Avg=557.88, 90=700, 99=889, 99.9=1018, 99.99=1037] 
[OVERALL], RunTime(ms), 61020
[OVERALL], Throughput(ops/sec), 1738.9216650278597
[TOTAL_GCS_Copy], Count, 10
[TOTAL_GC_TIME_Copy], Time(ms), 16
[TOTAL_GC_TIME_%_Copy], Time(%), 0.02622091117666339
[TOTAL_GCS_MarkSweepCompact], Count, 0
[TOTAL_GC_TIME_MarkSweepCompact], Time(ms), 0
[TOTAL_GC_TIME_%_MarkSweepCompact], Time(%), 0.0
[TOTAL_GCs], Count, 10
[TOTAL_GC_TIME], Time(ms), 16
[TOTAL_GC_TIME_%], Time(%), 0.02622091117666339
[READ], Operations, 53133
[READ], AverageLatency(us), 569.4373176745149
[READ], MinLatency(us), 203
[READ], MaxLatency(us), 13879
[READ], 95thPercentileLatency(us), 769
[READ], 99thPercentileLatency(us), 1003
[READ], Return=OK, 53133
[CLEANUP], Operations, 1
[CLEANUP], AverageLatency(us), 1515.0
[CLEANUP], MinLatency(us), 1515
[CLEANUP], MaxLatency(us), 1515
[CLEANUP], 95thPercentileLatency(us), 1515
[CLEANUP], 99thPercentileLatency(us), 1515
[UPDATE], Operations, 52976
[UPDATE], AverageLatency(us), 568.0508720930233
[UPDATE], MinLatency(us), 213
[UPDATE], MaxLatency(us), 25631
[UPDATE], 95thPercentileLatency(us), 765
[UPDATE], 99thPercentileLatency(us), 1009
[UPDATE], Return=OK, 52976
AUTOTEST_DONE
