/nix/store/2vwkssqpzykk37r996cafq7x63imf4sp-openjdk-21+35/bin/java  -classpath /nix/store/zw02np72fzsmga6s5mphhw7x8qlzf4sv-ycsb-0.17.0/share/conf:/nix/store/zw02np72fzsmga6s5mphhw7x8qlzf4sv-ycsb-0.17.0/share/lib/core-0.17.0.jar:/nix/store/zw02np72fzsmga6s5mphhw7x8qlzf4sv-ycsb-0.17.0/share/lib/HdrHistogram-2.1.4.jar:/nix/store/zw02np72fzsmga6s5mphhw7x8qlzf4sv-ycsb-0.17.0/share/lib/htrace-core4-4.1.0-incubating.jar:/nix/store/zw02np72fzsmga6s5mphhw7x8qlzf4sv-ycsb-0.17.0/share/lib/jackson-core-asl-1.9.4.jar:/nix/store/zw02np72fzsmga6s5mphhw7x8qlzf4sv-ycsb-0.17.0/share/lib/jackson-mapper-asl-1.9.4.jar:/nix/store/zw02np72fzsmga6s5mphhw7x8qlzf4sv-ycsb-0.17.0/share/redis-binding/lib/commons-pool2-2.4.2.jar:/nix/store/zw02np72fzsmga6s5mphhw7x8qlzf4sv-ycsb-0.17.0/share/redis-binding/lib/jedis-2.9.0.jar:/nix/store/zw02np72fzsmga6s5mphhw7x8qlzf4sv-ycsb-0.17.0/share/redis-binding/lib/redis-binding-0.17.0.jar site.ycsb.Client -t -db site.ycsb.db.RedisClient -s -P /home/host/vmuxIO/test/moonprogs//../../ycsb/share/workloads/workloada -p redis.host=10.1.0.2 -p redis.port=6381 -p operationcount=429496729 -p maxexecutiontime=61 -threads 1
Command line: -t -db site.ycsb.db.RedisClient -s -P /home/host/vmuxIO/test/moonprogs//../../ycsb/share/workloads/workloada -p redis.host=10.1.0.2 -p redis.port=6381 -p operationcount=429496729 -p maxexecutiontime=61 -threads 1
YCSB Client 0.17.0

Loading workload...
Starting test.
Maximum execution time specified as: 61 secs
DBWrapper: report latency for each error is false and specific error codes to track for latency are: []
2025-04-18 14:11:25:539 0 sec: 0 operations; est completion in 0 second 
2025-04-18 14:11:35:321 10 sec: 34415 operations; 3441.5 current ops/sec; est completion in 1 day 10 hours [READ: Count=17175, Max=62271, Min=97, Avg=274.19, 90=404, 99=2071, 99.9=5659, 99.99=12863] [UPDATE: Count=17250, Max=19023, Min=94, Avg=280.16, 90=416, 99=2307, 99.9=6395, 99.99=12439] 
2025-04-18 14:11:45:321 20 sec: 66345 operations; 3193 current ops/sec; est completion in 1 day 11 hours [READ: Count=16194, Max=22767, Min=98, Avg=309.43, 90=516, 99=760, 99.9=1642, 99.99=7103] [UPDATE: Count=15726, Max=7947, Min=94, Avg=307.96, 90=519, 99=761, 99.9=1216, 99.99=3871] 
2025-04-18 14:11:55:321 30 sec: 96552 operations; 3020.7 current ops/sec; est completion in 1 day 13 hours [READ: Count=15186, Max=8135, Min=101, Avg=328.55, 90=456, 99=574, 99.9=758, 99.99=1407] [UPDATE: Count=15021, Max=9823, Min=119, Avg=328.52, 90=456, 99=582, 99.9=720, 99.99=3057] 
2025-04-18 14:12:05:321 40 sec: 123846 operations; 2729.4 current ops/sec; est completion in 1 day 14 hours [READ: Count=13491, Max=5583, Min=122, Avg=361.69, 90=466, 99=609, 99.9=942, 99.99=5383] [UPDATE: Count=13803, Max=13183, Min=119, Avg=365.41, 90=469, 99=614, 99.9=882, 99.99=5947] 
2025-04-18 14:12:15:322 50 sec: 149397 operations; 2555.1 current ops/sec; est completion in 1 day 15 hours [READ: Count=12819, Max=14575, Min=114, Avg=386.09, 90=537, 99=794, 99.9=1099, 99.99=3761] [UPDATE: Count=12732, Max=4371, Min=103, Avg=391.39, 90=545, 99=798, 99.9=1103, 99.99=3443] 
2025-04-18 14:12:25:321 60 sec: 198131 operations; 4873.4 current ops/sec; est completion in 1 day 12 hours [READ: Count=24344, Max=7451, Min=87, Avg=204.15, 90=383, 99=482, 99.9=643, 99.99=1271] [UPDATE: Count=24390, Max=8011, Min=83, Avg=202.6, 90=384, 99=486, 99.9=641, 99.99=3483] 
Maximum time elapsed. Requesting stop for the workload.
Stop requested for workload. Now Joining!
2025-04-18 14:12:26:329 61 sec: 206531 operations; 8341.61 current ops/sec; est completion in 1 day 11 hours [READ: Count=4144, Max=6311, Min=87, Avg=120.15, 90=138, 99=193, 99.9=350, 99.99=6311] [CLEANUP: Count=1, Max=979, Min=979, Avg=979, 90=979, 99=979, 99.9=979, 99.99=979] [UPDATE: Count=4256, Max=535, Min=86, Avg=116.58, 90=136, 99=201, 99.9=343, 99.99=535] 
[OVERALL], RunTime(ms), 61016
[OVERALL], Throughput(ops/sec), 3384.866264586338
[TOTAL_GCS_Copy], Count, 19
[TOTAL_GC_TIME_Copy], Time(ms), 30
[TOTAL_GC_TIME_%_Copy], Time(%), 0.04916743149337878
[TOTAL_GCS_MarkSweepCompact], Count, 0
[TOTAL_GC_TIME_MarkSweepCompact], Time(ms), 0
[TOTAL_GC_TIME_%_MarkSweepCompact], Time(%), 0.0
[TOTAL_GCs], Count, 19
[TOTAL_GC_TIME], Time(ms), 30
[TOTAL_GC_TIME_%], Time(%), 0.04916743149337878
[READ], Operations, 103353
[READ], AverageLatency(us), 290.3235997019922
[READ], MinLatency(us), 87
[READ], MaxLatency(us), 62271
[READ], 95thPercentileLatency(us), 517
[READ], 99thPercentileLatency(us), 715
[READ], Return=OK, 103353
[CLEANUP], Operations, 1
[CLEANUP], AverageLatency(us), 979.0
[CLEANUP], MinLatency(us), 979
[CLEANUP], MaxLatency(us), 979
[CLEANUP], 95thPercentileLatency(us), 979
[CLEANUP], 99thPercentileLatency(us), 979
[UPDATE], Operations, 103178
[UPDATE], AverageLatency(us), 291.48642152396826
[UPDATE], MinLatency(us), 83
[UPDATE], MaxLatency(us), 19023
[UPDATE], 95thPercentileLatency(us), 524
[UPDATE], 99thPercentileLatency(us), 719
[UPDATE], Return=OK, 103178
AUTOTEST_DONE
