/nix/store/2vwkssqpzykk37r996cafq7x63imf4sp-openjdk-21+35/bin/java  -classpath /nix/store/zw02np72fzsmga6s5mphhw7x8qlzf4sv-ycsb-0.17.0/share/conf:/nix/store/zw02np72fzsmga6s5mphhw7x8qlzf4sv-ycsb-0.17.0/share/lib/core-0.17.0.jar:/nix/store/zw02np72fzsmga6s5mphhw7x8qlzf4sv-ycsb-0.17.0/share/lib/HdrHistogram-2.1.4.jar:/nix/store/zw02np72fzsmga6s5mphhw7x8qlzf4sv-ycsb-0.17.0/share/lib/htrace-core4-4.1.0-incubating.jar:/nix/store/zw02np72fzsmga6s5mphhw7x8qlzf4sv-ycsb-0.17.0/share/lib/jackson-core-asl-1.9.4.jar:/nix/store/zw02np72fzsmga6s5mphhw7x8qlzf4sv-ycsb-0.17.0/share/lib/jackson-mapper-asl-1.9.4.jar:/nix/store/zw02np72fzsmga6s5mphhw7x8qlzf4sv-ycsb-0.17.0/share/redis-binding/lib/commons-pool2-2.4.2.jar:/nix/store/zw02np72fzsmga6s5mphhw7x8qlzf4sv-ycsb-0.17.0/share/redis-binding/lib/jedis-2.9.0.jar:/nix/store/zw02np72fzsmga6s5mphhw7x8qlzf4sv-ycsb-0.17.0/share/redis-binding/lib/redis-binding-0.17.0.jar site.ycsb.Client -t -db site.ycsb.db.RedisClient -s -P /home/host/vmuxIO/test/moonprogs//../../ycsb/share/workloads/workloada -p redis.host=10.1.0.2 -p redis.port=6385 -p operationcount=429496729 -p maxexecutiontime=61 -threads 1
Command line: -t -db site.ycsb.db.RedisClient -s -P /home/host/vmuxIO/test/moonprogs//../../ycsb/share/workloads/workloada -p redis.host=10.1.0.2 -p redis.port=6385 -p operationcount=429496729 -p maxexecutiontime=61 -threads 1
YCSB Client 0.17.0

Loading workload...
Starting test.
Maximum execution time specified as: 61 secs
DBWrapper: report latency for each error is false and specific error codes to track for latency are: []
2024-07-19 22:51:33:862 0 sec: 0 operations; est completion in 0 second [UPDATE: Count=1, Max=29583, Min=29568, Avg=29576, 90=29583, 99=29583, 99.9=29583, 99.99=29583] 
2024-07-19 22:51:43:665 10 sec: 62295 operations; 6228.88 current ops/sec; est completion in 19 hours 9 minutes [READ: Count=31144, Max=31391, Min=88, Avg=151.21, 90=179, 99=314, 99.9=3189, 99.99=5611] [UPDATE: Count=31153, Max=12687, Min=88, Avg=152.22, 90=182, 99=366, 99.9=3161, 99.99=4591] 
2024-07-19 22:51:53:665 20 sec: 137048 operations; 7475.3 current ops/sec; est completion in 17 hours 24 minutes [READ: Count=37326, Max=12999, Min=82, Avg=132.49, 90=174, 99=256, 99.9=429, 99.99=1562] [UPDATE: Count=37424, Max=5035, Min=83, Avg=130.41, 90=172, 99=256, 99.9=446, 99.99=2631] 
2024-07-19 22:52:03:665 30 sec: 217936 operations; 8088.8 current ops/sec; est completion in 16 hours 24 minutes [READ: Count=40479, Max=8223, Min=88, Avg=122.93, 90=146, 99=196, 99.9=292, 99.99=2755] [UPDATE: Count=40409, Max=4179, Min=84, Avg=120.42, 90=146, 99=195, 99.9=293, 99.99=2221] 
2024-07-19 22:52:13:665 40 sec: 302628 operations; 8469.2 current ops/sec; est completion in 15 hours 45 minutes [READ: Count=42345, Max=4091, Min=87, Avg=117.37, 90=133, 99=205, 99.9=268, 99.99=2077] [UPDATE: Count=42347, Max=3765, Min=84, Avg=114.86, 90=130, 99=205, 99.9=266, 99.99=1088] 
2024-07-19 22:52:23:665 50 sec: 379557 operations; 7692.9 current ops/sec; est completion in 15 hours 42 minutes [READ: Count=38191, Max=2755, Min=85, Avg=129.01, 90=170, 99=247, 99.9=429, 99.99=870] [UPDATE: Count=38738, Max=4033, Min=79, Avg=126.71, 90=167, 99=244, 99.9=395, 99.99=2253] 
2024-07-19 22:52:33:665 60 sec: 466100 operations; 8654.3 current ops/sec; est completion in 15 hours 20 minutes [READ: Count=43320, Max=3183, Min=85, Avg=114.73, 90=129, 99=178, 99.9=245, 99.99=1011] [UPDATE: Count=43223, Max=2477, Min=82, Avg=112.55, 90=127, 99=178, 99.9=247, 99.99=2203] 
Maximum time elapsed. Requesting stop for the workload.
Stop requested for workload. Now Joining!
2024-07-19 22:52:34:670 61 sec: 475421 operations; 9274.63 current ops/sec; est completion in 15 hours 17 minutes [READ: Count=4701, Max=3075, Min=84, Avg=106.33, 90=117, 99=163, 99.9=226, 99.99=3075] [CLEANUP: Count=1, Max=1033, Min=1033, Avg=1033, 90=1033, 99=1033, 99.9=1033, 99.99=1033] [UPDATE: Count=4620, Max=4895, Min=82, Avg=105.2, 90=115, 99=161, 99.9=463, 99.99=4895] 
[OVERALL], RunTime(ms), 61011
[OVERALL], Throughput(ops/sec), 7792.381701660356
[TOTAL_GCS_Copy], Count, 44
[TOTAL_GC_TIME_Copy], Time(ms), 22
[TOTAL_GC_TIME_%_Copy], Time(%), 0.03605907131500877
[TOTAL_GCS_MarkSweepCompact], Count, 0
[TOTAL_GC_TIME_MarkSweepCompact], Time(ms), 0
[TOTAL_GC_TIME_%_MarkSweepCompact], Time(%), 0.0
[TOTAL_GCs], Count, 44
[TOTAL_GC_TIME], Time(ms), 22
[TOTAL_GC_TIME_%], Time(%), 0.03605907131500877
[READ], Operations, 237506
[READ], AverageLatency(us), 126.30302813402609
[READ], MinLatency(us), 82
[READ], MaxLatency(us), 31391
[READ], 95thPercentileLatency(us), 177
[READ], 99thPercentileLatency(us), 243
[READ], Return=OK, 237506
[CLEANUP], Operations, 1
[CLEANUP], AverageLatency(us), 1033.0
[CLEANUP], MinLatency(us), 1033
[CLEANUP], MaxLatency(us), 1033
[CLEANUP], 95thPercentileLatency(us), 1033
[CLEANUP], 99thPercentileLatency(us), 1033
[UPDATE], Operations, 237915
[UPDATE], AverageLatency(us), 124.58928608956981
[UPDATE], MinLatency(us), 79
[UPDATE], MaxLatency(us), 29583
[UPDATE], 95thPercentileLatency(us), 176
[UPDATE], 99thPercentileLatency(us), 242
[UPDATE], Return=OK, 237915
AUTOTEST_DONE
