/nix/store/2vwkssqpzykk37r996cafq7x63imf4sp-openjdk-21+35/bin/java  -classpath /nix/store/zw02np72fzsmga6s5mphhw7x8qlzf4sv-ycsb-0.17.0/share/conf:/nix/store/zw02np72fzsmga6s5mphhw7x8qlzf4sv-ycsb-0.17.0/share/lib/core-0.17.0.jar:/nix/store/zw02np72fzsmga6s5mphhw7x8qlzf4sv-ycsb-0.17.0/share/lib/HdrHistogram-2.1.4.jar:/nix/store/zw02np72fzsmga6s5mphhw7x8qlzf4sv-ycsb-0.17.0/share/lib/htrace-core4-4.1.0-incubating.jar:/nix/store/zw02np72fzsmga6s5mphhw7x8qlzf4sv-ycsb-0.17.0/share/lib/jackson-core-asl-1.9.4.jar:/nix/store/zw02np72fzsmga6s5mphhw7x8qlzf4sv-ycsb-0.17.0/share/lib/jackson-mapper-asl-1.9.4.jar:/nix/store/zw02np72fzsmga6s5mphhw7x8qlzf4sv-ycsb-0.17.0/share/redis-binding/lib/commons-pool2-2.4.2.jar:/nix/store/zw02np72fzsmga6s5mphhw7x8qlzf4sv-ycsb-0.17.0/share/redis-binding/lib/jedis-2.9.0.jar:/nix/store/zw02np72fzsmga6s5mphhw7x8qlzf4sv-ycsb-0.17.0/share/redis-binding/lib/redis-binding-0.17.0.jar site.ycsb.Client -t -db site.ycsb.db.RedisClient -s -P /home/host/vmuxIO/test/moonprogs//../../ycsb/share/workloads/workloada -p redis.host=10.1.0.2 -p redis.port=6385 -p operationcount=429496729 -p maxexecutiontime=61 -threads 1
Command line: -t -db site.ycsb.db.RedisClient -s -P /home/host/vmuxIO/test/moonprogs//../../ycsb/share/workloads/workloada -p redis.host=10.1.0.2 -p redis.port=6385 -p operationcount=429496729 -p maxexecutiontime=61 -threads 1
YCSB Client 0.17.0

Loading workload...
Starting test.
Maximum execution time specified as: 61 secs
DBWrapper: report latency for each error is false and specific error codes to track for latency are: []
2024-10-15 14:07:11:857 0 sec: 0 operations; est completion in 0 second 
2024-10-15 14:07:21:584 10 sec: 32030 operations; 3203 current ops/sec; est completion in 1 day 13 hours [READ: Count=15946, Max=64991, Min=96, Avg=296.27, 90=343, 99=3097, 99.9=6891, 99.99=12271] [UPDATE: Count=16138, Max=19039, Min=97, Avg=294.7, 90=341, 99=2985, 99.9=7979, 99.99=11159] 
2024-10-15 14:07:31:584 20 sec: 71023 operations; 3899.3 current ops/sec; est completion in 1 day 9 hours [READ: Count=19372, Max=12671, Min=92, Avg=252.08, 90=358, 99=1320, 99.9=3279, 99.99=4747] [UPDATE: Count=19567, Max=9655, Min=93, Avg=251.05, 90=354, 99=1372, 99.9=3351, 99.99=5579] 
2024-10-15 14:07:41:583 30 sec: 113143 operations; 4212 current ops/sec; est completion in 1 day 7 hours [READ: Count=21190, Max=11623, Min=87, Avg=237.91, 90=309, 99=1366, 99.9=3251, 99.99=4815] [UPDATE: Count=20930, Max=8055, Min=93, Avg=230.97, 90=304, 99=1266, 99.9=3053, 99.99=4511] 
2024-10-15 14:07:51:583 40 sec: 155115 operations; 4197.2 current ops/sec; est completion in 1 day 6 hours [READ: Count=20823, Max=4495, Min=92, Avg=236.31, 90=314, 99=1305, 99.9=3283, 99.99=4171] [UPDATE: Count=21149, Max=9207, Min=90, Avg=234.86, 90=307, 99=1429, 99.9=3423, 99.99=4903] 
2024-10-15 14:08:01:583 50 sec: 189294 operations; 3417.9 current ops/sec; est completion in 1 day 7 hours [READ: Count=17101, Max=6471, Min=99, Avg=289.2, 90=427, 99=1874, 99.9=3411, 99.99=4099] [UPDATE: Count=17078, Max=5771, Min=91, Avg=290.23, 90=430, 99=1939, 99.9=3621, 99.99=5263] 
2024-10-15 14:08:11:583 60 sec: 239525 operations; 5023.1 current ops/sec; est completion in 1 day 5 hours [READ: Count=25188, Max=3985, Min=82, Avg=198.11, 90=263, 99=895, 99.9=3051, 99.99=3813] [UPDATE: Count=25043, Max=6579, Min=78, Avg=194.96, 90=260, 99=917, 99.9=2759, 99.99=4027] 
Maximum time elapsed. Requesting stop for the workload.
Stop requested for workload. Now Joining!
2024-10-15 14:08:12:593 61 sec: 247923 operations; 8323.09 current ops/sec; est completion in 1 day 5 hours [READ: Count=4215, Max=2044, Min=80, Avg=118.84, 90=148, 99=231, 99.9=283, 99.99=2044] [CLEANUP: Count=1, Max=974, Min=974, Avg=974, 90=974, 99=974, 99.9=974, 99.99=974] [UPDATE: Count=4183, Max=3343, Min=73, Avg=117.2, 90=145, 99=237, 99.9=385, 99.99=3343] 
[OVERALL], RunTime(ms), 61016
[OVERALL], Throughput(ops/sec), 4063.245706044316
[TOTAL_GCS_Copy], Count, 23
[TOTAL_GC_TIME_Copy], Time(ms), 31
[TOTAL_GC_TIME_%_Copy], Time(%), 0.05080634587649141
[TOTAL_GCS_MarkSweepCompact], Count, 0
[TOTAL_GC_TIME_MarkSweepCompact], Time(ms), 0
[TOTAL_GC_TIME_%_MarkSweepCompact], Time(%), 0.0
[TOTAL_GCs], Count, 23
[TOTAL_GC_TIME], Time(ms), 31
[TOTAL_GC_TIME_%], Time(%), 0.05080634587649141
[READ], Operations, 123835
[READ], AverageLatency(us), 242.30783704122422
[READ], MinLatency(us), 80
[READ], MaxLatency(us), 64991
[READ], 95thPercentileLatency(us), 457
[READ], 99thPercentileLatency(us), 1527
[READ], Return=OK, 123835
[CLEANUP], Operations, 1
[CLEANUP], AverageLatency(us), 974.0
[CLEANUP], MinLatency(us), 974
[CLEANUP], MaxLatency(us), 974
[CLEANUP], 95thPercentileLatency(us), 974
[CLEANUP], 99thPercentileLatency(us), 974
[UPDATE], Operations, 124088
[UPDATE], AverageLatency(us), 240.1417139449423
[UPDATE], MinLatency(us), 73
[UPDATE], MaxLatency(us), 19039
[UPDATE], 95thPercentileLatency(us), 449
[UPDATE], 99thPercentileLatency(us), 1533
[UPDATE], Return=OK, 124088
AUTOTEST_DONE
