/nix/store/2vwkssqpzykk37r996cafq7x63imf4sp-openjdk-21+35/bin/java  -classpath /nix/store/zw02np72fzsmga6s5mphhw7x8qlzf4sv-ycsb-0.17.0/share/conf:/nix/store/zw02np72fzsmga6s5mphhw7x8qlzf4sv-ycsb-0.17.0/share/lib/core-0.17.0.jar:/nix/store/zw02np72fzsmga6s5mphhw7x8qlzf4sv-ycsb-0.17.0/share/lib/HdrHistogram-2.1.4.jar:/nix/store/zw02np72fzsmga6s5mphhw7x8qlzf4sv-ycsb-0.17.0/share/lib/htrace-core4-4.1.0-incubating.jar:/nix/store/zw02np72fzsmga6s5mphhw7x8qlzf4sv-ycsb-0.17.0/share/lib/jackson-core-asl-1.9.4.jar:/nix/store/zw02np72fzsmga6s5mphhw7x8qlzf4sv-ycsb-0.17.0/share/lib/jackson-mapper-asl-1.9.4.jar:/nix/store/zw02np72fzsmga6s5mphhw7x8qlzf4sv-ycsb-0.17.0/share/redis-binding/lib/commons-pool2-2.4.2.jar:/nix/store/zw02np72fzsmga6s5mphhw7x8qlzf4sv-ycsb-0.17.0/share/redis-binding/lib/jedis-2.9.0.jar:/nix/store/zw02np72fzsmga6s5mphhw7x8qlzf4sv-ycsb-0.17.0/share/redis-binding/lib/redis-binding-0.17.0.jar site.ycsb.Client -t -db site.ycsb.db.RedisClient -s -P /home/host/vmuxIO/test/moonprogs//../../ycsb/share/workloads/workloada -p redis.host=10.1.0.2 -p redis.port=6383 -p operationcount=429496729 -p maxexecutiontime=61 -threads 1
Command line: -t -db site.ycsb.db.RedisClient -s -P /home/host/vmuxIO/test/moonprogs//../../ycsb/share/workloads/workloada -p redis.host=10.1.0.2 -p redis.port=6383 -p operationcount=429496729 -p maxexecutiontime=61 -threads 1
YCSB Client 0.17.0

Loading workload...
Starting test.
Maximum execution time specified as: 61 secs
DBWrapper: report latency for each error is false and specific error codes to track for latency are: []
2024-10-15 14:07:04:879 0 sec: 0 operations; est completion in 0 second [UPDATE: Count=1, Max=32575, Min=32560, Avg=32568, 90=32575, 99=32575, 99.9=32575, 99.99=32575] 
2024-10-15 14:07:14:659 10 sec: 13994 operations; 1399.4 current ops/sec; est completion in 3 days 13 hours [READ: Count=7056, Max=37503, Min=90, Avg=693.33, 90=1981, 99=6755, 99.9=11839, 99.99=18975] [UPDATE: Count=6939, Max=13367, Min=97, Avg=665.87, 90=1492, 99=6631, 99.9=8831, 99.99=12239] 
2024-10-15 14:07:24:659 20 sec: 33695 operations; 1970.1 current ops/sec; est completion in 2 days 22 hours [READ: Count=9743, Max=11423, Min=99, Avg=523.2, 90=477, 99=5239, 99.9=8111, 99.99=10439] [UPDATE: Count=9956, Max=11927, Min=94, Avg=481.84, 90=415, 99=4683, 99.9=8043, 99.99=10695] 
2024-10-15 14:07:34:659 30 sec: 56647 operations; 2295.2 current ops/sec; est completion in 2 days 15 hours [READ: Count=11438, Max=10879, Min=106, Avg=429.44, 90=362, 99=4255, 99.9=7059, 99.99=8047] [UPDATE: Count=11514, Max=17007, Min=105, Avg=432.41, 90=361, 99=4263, 99.9=6295, 99.99=8107] 
2024-10-15 14:07:44:659 40 sec: 80918 operations; 2427.1 current ops/sec; est completion in 2 days 10 hours [READ: Count=12336, Max=233087, Min=104, Avg=424.08, 90=286, 99=4235, 99.9=5491, 99.99=203007] [UPDATE: Count=11937, Max=8759, Min=96, Avg=393.6, 90=284, 99=4239, 99.9=5451, 99.99=8047] 
2024-10-15 14:07:54:659 50 sec: 103713 operations; 2279.5 current ops/sec; est completion in 2 days 9 hours [READ: Count=11292, Max=211839, Min=97, Avg=447.39, 90=344, 99=4255, 99.9=6919, 99.99=204287] [UPDATE: Count=11501, Max=201599, Min=99, Avg=423.11, 90=338, 99=4239, 99.9=6751, 99.99=7335] 
2024-10-15 14:08:04:659 60 sec: 125663 operations; 2195 current ops/sec; est completion in 2 days 8 hours [READ: Count=11100, Max=13295, Min=102, Avg=444.9, 90=400, 99=4263, 99.9=6931, 99.99=8271] [UPDATE: Count=10850, Max=203519, Min=98, Avg=459.72, 90=404, 99=4267, 99.9=6983, 99.99=7907] 
Maximum time elapsed. Requesting stop for the workload.
Stop requested for workload. Now Joining!
2024-10-15 14:08:05:676 61 sec: 127739 operations; 2041.3 current ops/sec; est completion in 2 days 8 hours [READ: Count=999, Max=7147, Min=121, Avg=462.94, 90=479, 99=4263, 99.9=6055, 99.99=7147] [CLEANUP: Count=1, Max=1343, Min=1343, Avg=1343, 90=1343, 99=1343, 99.9=1343, 99.99=1343] [UPDATE: Count=1077, Max=15255, Min=113, Avg=508.52, 90=487, 99=4359, 99.9=7171, 99.99=15255] 
[OVERALL], RunTime(ms), 61022
[OVERALL], Throughput(ops/sec), 2093.3269968208187
[TOTAL_GCS_Copy], Count, 12
[TOTAL_GC_TIME_Copy], Time(ms), 21
[TOTAL_GC_TIME_%_Copy], Time(%), 0.03441381796729048
[TOTAL_GCS_MarkSweepCompact], Count, 0
[TOTAL_GC_TIME_MarkSweepCompact], Time(ms), 0
[TOTAL_GC_TIME_%_MarkSweepCompact], Time(%), 0.0
[TOTAL_GCs], Count, 12
[TOTAL_GC_TIME], Time(ms), 21
[TOTAL_GC_TIME_%], Time(%), 0.03441381796729048
[READ], Operations, 63964
[READ], AverageLatency(us), 478.17262835344883
[READ], MinLatency(us), 90
[READ], MaxLatency(us), 233087
[READ], 95thPercentileLatency(us), 3645
[READ], 99thPercentileLatency(us), 4331
[READ], Return=OK, 63964
[CLEANUP], Operations, 1
[CLEANUP], AverageLatency(us), 1343.0
[CLEANUP], MinLatency(us), 1343
[CLEANUP], MaxLatency(us), 1343
[CLEANUP], 95thPercentileLatency(us), 1343
[CLEANUP], 99thPercentileLatency(us), 1343
[UPDATE], Operations, 63775
[UPDATE], AverageLatency(us), 463.02290866326933
[UPDATE], MinLatency(us), 94
[UPDATE], MaxLatency(us), 203519
[UPDATE], 95thPercentileLatency(us), 3549
[UPDATE], 99thPercentileLatency(us), 4311
[UPDATE], Return=OK, 63775
AUTOTEST_DONE
