/nix/store/2vwkssqpzykk37r996cafq7x63imf4sp-openjdk-21+35/bin/java  -classpath /nix/store/zw02np72fzsmga6s5mphhw7x8qlzf4sv-ycsb-0.17.0/share/conf:/nix/store/zw02np72fzsmga6s5mphhw7x8qlzf4sv-ycsb-0.17.0/share/lib/core-0.17.0.jar:/nix/store/zw02np72fzsmga6s5mphhw7x8qlzf4sv-ycsb-0.17.0/share/lib/HdrHistogram-2.1.4.jar:/nix/store/zw02np72fzsmga6s5mphhw7x8qlzf4sv-ycsb-0.17.0/share/lib/htrace-core4-4.1.0-incubating.jar:/nix/store/zw02np72fzsmga6s5mphhw7x8qlzf4sv-ycsb-0.17.0/share/lib/jackson-core-asl-1.9.4.jar:/nix/store/zw02np72fzsmga6s5mphhw7x8qlzf4sv-ycsb-0.17.0/share/lib/jackson-mapper-asl-1.9.4.jar:/nix/store/zw02np72fzsmga6s5mphhw7x8qlzf4sv-ycsb-0.17.0/share/redis-binding/lib/commons-pool2-2.4.2.jar:/nix/store/zw02np72fzsmga6s5mphhw7x8qlzf4sv-ycsb-0.17.0/share/redis-binding/lib/jedis-2.9.0.jar:/nix/store/zw02np72fzsmga6s5mphhw7x8qlzf4sv-ycsb-0.17.0/share/redis-binding/lib/redis-binding-0.17.0.jar site.ycsb.Client -t -db site.ycsb.db.RedisClient -s -P /home/host/vmuxIO/test/moonprogs//../../ycsb/share/workloads/workloada -p redis.host=10.1.0.2 -p redis.port=6379 -p operationcount=429496729 -p maxexecutiontime=61 -threads 1
Command line: -t -db site.ycsb.db.RedisClient -s -P /home/host/vmuxIO/test/moonprogs//../../ycsb/share/workloads/workloada -p redis.host=10.1.0.2 -p redis.port=6379 -p operationcount=429496729 -p maxexecutiontime=61 -threads 1
YCSB Client 0.17.0

Loading workload...
Starting test.
Maximum execution time specified as: 61 secs
DBWrapper: report latency for each error is false and specific error codes to track for latency are: []
2024-10-03 03:19:29:319 0 sec: 0 operations; est completion in 0 second 
2024-10-03 03:19:39:124 10 sec: 27686 operations; 2768.32 current ops/sec; est completion in 1 day 19 hours [READ: Count=13803, Max=56511, Min=130, Avg=343.81, 90=382, 99=1240, 99.9=3901, 99.99=6591] [UPDATE: Count=13898, Max=17727, Min=133, Avg=345.93, 90=383, 99=1633, 99.9=4025, 99.99=6927] 
2024-10-03 03:19:49:124 20 sec: 54546 operations; 2686.27 current ops/sec; est completion in 1 day 19 hours [READ: Count=13475, Max=12951, Min=171, Avg=367.94, 90=449, 99=583, 99.9=1150, 99.99=3977] [UPDATE: Count=13370, Max=4275, Min=160, Avg=366.89, 90=449, 99=601, 99.9=1445, 99.99=3811] 
2024-10-03 03:19:59:124 30 sec: 80746 operations; 2620 current ops/sec; est completion in 1 day 20 hours [READ: Count=13089, Max=7791, Min=195, Avg=379.35, 90=464, 99=617, 99.9=1022, 99.99=5271] [UPDATE: Count=13111, Max=1145, Min=185, Avg=376.48, 90=464, 99=615, 99.9=882, 99.99=1109] 
2024-10-03 03:20:09:124 40 sec: 107614 operations; 2686.8 current ops/sec; est completion in 1 day 20 hours [READ: Count=13441, Max=3783, Min=194, Avg=369.56, 90=450, 99=568, 99.9=771, 99.99=2591] [UPDATE: Count=13427, Max=10159, Min=178, Avg=368.69, 90=449, 99=569, 99.9=762, 99.99=4415] 
2024-10-03 03:20:19:124 50 sec: 134213 operations; 2659.9 current ops/sec; est completion in 1 day 20 hours [READ: Count=13374, Max=4259, Min=206, Avg=374.08, 90=458, 99=575, 99.9=735, 99.99=1426] [UPDATE: Count=13225, Max=6079, Min=175, Avg=372.08, 90=454, 99=578, 99.9=726, 99.99=3461] 
2024-10-03 03:20:29:124 60 sec: 160655 operations; 2644.2 current ops/sec; est completion in 1 day 20 hours [READ: Count=13199, Max=6707, Min=177, Avg=376.27, 90=464, 99=610, 99.9=862, 99.99=3325] [UPDATE: Count=13243, Max=6495, Min=158, Avg=373.53, 90=462, 99=604, 99.9=822, 99.99=1925] 
Maximum time elapsed. Requesting stop for the workload.
Stop requested for workload. Now Joining!
2024-10-03 03:20:30:135 61 sec: 163909 operations; 3215.42 current ops/sec; est completion in 1 day 20 hours [READ: Count=1587, Max=6395, Min=151, Avg=309.96, 90=349, 99=411, 99.9=739, 99.99=6395] [CLEANUP: Count=1, Max=1245, Min=1245, Avg=1245, 90=1245, 99=1245, 99.9=1245, 99.99=1245] [UPDATE: Count=1667, Max=2313, Min=137, Avg=305.44, 90=346, 99=410, 99.9=798, 99.99=2313] 
[OVERALL], RunTime(ms), 61016
[OVERALL], Throughput(ops/sec), 2686.3281762160746
[TOTAL_GCS_Copy], Count, 15
[TOTAL_GC_TIME_Copy], Time(ms), 21
[TOTAL_GC_TIME_%_Copy], Time(%), 0.03441720204536515
[TOTAL_GCS_MarkSweepCompact], Count, 0
[TOTAL_GC_TIME_MarkSweepCompact], Time(ms), 0
[TOTAL_GC_TIME_%_MarkSweepCompact], Time(%), 0.0
[TOTAL_GCs], Count, 15
[TOTAL_GC_TIME], Time(ms), 21
[TOTAL_GC_TIME_%], Time(%), 0.03441720204536515
[READ], Operations, 81968
[READ], AverageLatency(us), 367.18534062073
[READ], MinLatency(us), 130
[READ], MaxLatency(us), 56511
[READ], 95thPercentileLatency(us), 487
[READ], 99thPercentileLatency(us), 608
[READ], Return=OK, 81968
[CLEANUP], Operations, 1
[CLEANUP], AverageLatency(us), 1245.0
[CLEANUP], MinLatency(us), 1245
[CLEANUP], MaxLatency(us), 1245
[CLEANUP], 95thPercentileLatency(us), 1245
[CLEANUP], 99thPercentileLatency(us), 1245
[UPDATE], Operations, 81941
[UPDATE], AverageLatency(us), 365.82564284058043
[UPDATE], MinLatency(us), 133
[UPDATE], MaxLatency(us), 17727
[UPDATE], 95thPercentileLatency(us), 487
[UPDATE], 99thPercentileLatency(us), 615
[UPDATE], Return=OK, 81941
AUTOTEST_DONE
