/nix/store/2vwkssqpzykk37r996cafq7x63imf4sp-openjdk-21+35/bin/java  -classpath /nix/store/zw02np72fzsmga6s5mphhw7x8qlzf4sv-ycsb-0.17.0/share/conf:/nix/store/zw02np72fzsmga6s5mphhw7x8qlzf4sv-ycsb-0.17.0/share/lib/core-0.17.0.jar:/nix/store/zw02np72fzsmga6s5mphhw7x8qlzf4sv-ycsb-0.17.0/share/lib/HdrHistogram-2.1.4.jar:/nix/store/zw02np72fzsmga6s5mphhw7x8qlzf4sv-ycsb-0.17.0/share/lib/htrace-core4-4.1.0-incubating.jar:/nix/store/zw02np72fzsmga6s5mphhw7x8qlzf4sv-ycsb-0.17.0/share/lib/jackson-core-asl-1.9.4.jar:/nix/store/zw02np72fzsmga6s5mphhw7x8qlzf4sv-ycsb-0.17.0/share/lib/jackson-mapper-asl-1.9.4.jar:/nix/store/zw02np72fzsmga6s5mphhw7x8qlzf4sv-ycsb-0.17.0/share/redis-binding/lib/commons-pool2-2.4.2.jar:/nix/store/zw02np72fzsmga6s5mphhw7x8qlzf4sv-ycsb-0.17.0/share/redis-binding/lib/jedis-2.9.0.jar:/nix/store/zw02np72fzsmga6s5mphhw7x8qlzf4sv-ycsb-0.17.0/share/redis-binding/lib/redis-binding-0.17.0.jar site.ycsb.Client -t -db site.ycsb.db.RedisClient -s -P /home/host/vmuxIO/test/moonprogs//../../ycsb/share/workloads/workloada -p redis.host=10.1.0.2 -p redis.port=6389 -p operationcount=429496729 -p maxexecutiontime=61 -threads 1
Command line: -t -db site.ycsb.db.RedisClient -s -P /home/host/vmuxIO/test/moonprogs//../../ycsb/share/workloads/workloada -p redis.host=10.1.0.2 -p redis.port=6389 -p operationcount=429496729 -p maxexecutiontime=61 -threads 1
YCSB Client 0.17.0

Loading workload...
Starting test.
Maximum execution time specified as: 61 secs
DBWrapper: report latency for each error is false and specific error codes to track for latency are: []
2024-10-03 14:36:11:616 0 sec: 0 operations; est completion in 0 second 
2024-10-03 14:36:21:385 10 sec: 24266 operations; 2426.6 current ops/sec; est completion in 2 days 1 hour [READ: Count=12259, Max=33471, Min=133, Avg=382.88, 90=401, 99=3401, 99.9=4079, 99.99=6827] [UPDATE: Count=12023, Max=42335, Min=127, Avg=402.1, 90=409, 99=3613, 99.9=4291, 99.99=13759] 
2024-10-03 14:36:31:385 20 sec: 56141 operations; 3187.5 current ops/sec; est completion in 1 day 18 hours [READ: Count=15646, Max=4371, Min=126, Avg=310.01, 90=386, 99=570, 99.9=924, 99.99=3537] [UPDATE: Count=16213, Max=4067, Min=121, Avg=304.97, 90=384, 99=567, 99.9=846, 99.99=3209] 
2024-10-03 14:36:41:385 30 sec: 87420 operations; 3127.9 current ops/sec; est completion in 1 day 16 hours [READ: Count=15639, Max=13167, Min=125, Avg=318.42, 90=388, 99=581, 99.9=1336, 99.99=4037] [UPDATE: Count=15640, Max=6263, Min=129, Avg=313.17, 90=386, 99=567, 99.9=1025, 99.99=3843] 
2024-10-03 14:36:51:385 40 sec: 120111 operations; 3269.1 current ops/sec; est completion in 1 day 15 hours [READ: Count=16469, Max=6367, Min=131, Avg=304.7, 90=371, 99=554, 99.9=810, 99.99=4207] [UPDATE: Count=16222, Max=4867, Min=124, Avg=300.59, 90=367, 99=552, 99.9=966, 99.99=3473] 
2024-10-03 14:37:01:385 50 sec: 151924 operations; 3181.3 current ops/sec; est completion in 1 day 15 hours [READ: Count=16000, Max=4323, Min=130, Avg=312.93, 90=379, 99=544, 99.9=763, 99.99=937] [UPDATE: Count=15813, Max=5827, Min=126, Avg=309.83, 90=380, 99=546, 99.9=761, 99.99=1080] 
2024-10-03 14:37:11:385 60 sec: 192707 operations; 4078.3 current ops/sec; est completion in 1 day 13 hours [READ: Count=20246, Max=1279, Min=107, Avg=244.05, 90=364, 99=548, 99.9=820, 99.99=1223] [UPDATE: Count=20537, Max=4979, Min=108, Avg=241.04, 90=365, 99=543, 99.9=736, 99.99=1037] 
Maximum time elapsed. Requesting stop for the workload.
Stop requested for workload. Now Joining!
2024-10-03 14:37:12:393 61 sec: 198391 operations; 5633.3 current ops/sec; est completion in 1 day 12 hours [READ: Count=2796, Max=998, Min=116, Avg=174.27, 90=268, 99=292, 99.9=445, 99.99=998] [CLEANUP: Count=1, Max=951, Min=951, Avg=951, 90=951, 99=951, 99.9=951, 99.99=951] [UPDATE: Count=2888, Max=8471, Min=113, Avg=176.19, 90=268, 99=290, 99.9=429, 99.99=8471] 
[OVERALL], RunTime(ms), 61012
[OVERALL], Throughput(ops/sec), 3251.6718022684063
[TOTAL_GCS_Copy], Count, 18
[TOTAL_GC_TIME_Copy], Time(ms), 23
[TOTAL_GC_TIME_%_Copy], Time(%), 0.03769750213072838
[TOTAL_GCS_MarkSweepCompact], Count, 0
[TOTAL_GC_TIME_MarkSweepCompact], Time(ms), 0
[TOTAL_GC_TIME_%_MarkSweepCompact], Time(%), 0.0
[TOTAL_GCs], Count, 18
[TOTAL_GC_TIME], Time(ms), 23
[TOTAL_GC_TIME_%], Time(%), 0.03769750213072838
[READ], Operations, 99055
[READ], AverageLatency(us), 302.6328706274292
[READ], MinLatency(us), 107
[READ], MaxLatency(us), 33471
[READ], 95thPercentileLatency(us), 430
[READ], 99thPercentileLatency(us), 591
[READ], Return=OK, 99055
[CLEANUP], Operations, 1
[CLEANUP], AverageLatency(us), 951.0
[CLEANUP], MinLatency(us), 951
[CLEANUP], MaxLatency(us), 951
[CLEANUP], 95thPercentileLatency(us), 951
[CLEANUP], 99thPercentileLatency(us), 951
[UPDATE], Operations, 99336
[UPDATE], AverageLatency(us), 301.11387613755335
[UPDATE], MinLatency(us), 108
[UPDATE], MaxLatency(us), 42335
[UPDATE], 95thPercentileLatency(us), 429
[UPDATE], 99thPercentileLatency(us), 596
[UPDATE], Return=OK, 99336
AUTOTEST_DONE
