/nix/store/2vwkssqpzykk37r996cafq7x63imf4sp-openjdk-21+35/bin/java  -classpath /nix/store/zw02np72fzsmga6s5mphhw7x8qlzf4sv-ycsb-0.17.0/share/conf:/nix/store/zw02np72fzsmga6s5mphhw7x8qlzf4sv-ycsb-0.17.0/share/lib/core-0.17.0.jar:/nix/store/zw02np72fzsmga6s5mphhw7x8qlzf4sv-ycsb-0.17.0/share/lib/HdrHistogram-2.1.4.jar:/nix/store/zw02np72fzsmga6s5mphhw7x8qlzf4sv-ycsb-0.17.0/share/lib/htrace-core4-4.1.0-incubating.jar:/nix/store/zw02np72fzsmga6s5mphhw7x8qlzf4sv-ycsb-0.17.0/share/lib/jackson-core-asl-1.9.4.jar:/nix/store/zw02np72fzsmga6s5mphhw7x8qlzf4sv-ycsb-0.17.0/share/lib/jackson-mapper-asl-1.9.4.jar:/nix/store/zw02np72fzsmga6s5mphhw7x8qlzf4sv-ycsb-0.17.0/share/redis-binding/lib/commons-pool2-2.4.2.jar:/nix/store/zw02np72fzsmga6s5mphhw7x8qlzf4sv-ycsb-0.17.0/share/redis-binding/lib/jedis-2.9.0.jar:/nix/store/zw02np72fzsmga6s5mphhw7x8qlzf4sv-ycsb-0.17.0/share/redis-binding/lib/redis-binding-0.17.0.jar site.ycsb.Client -t -db site.ycsb.db.RedisClient -s -P /home/host/vmuxIO/test/moonprogs//../../ycsb/share/workloads/workloada -p redis.host=10.1.0.2 -p redis.port=6382 -p operationcount=429496729 -p maxexecutiontime=61 -threads 1
Command line: -t -db site.ycsb.db.RedisClient -s -P /home/host/vmuxIO/test/moonprogs//../../ycsb/share/workloads/workloada -p redis.host=10.1.0.2 -p redis.port=6382 -p operationcount=429496729 -p maxexecutiontime=61 -threads 1
YCSB Client 0.17.0

Loading workload...
Starting test.
Maximum execution time specified as: 61 secs
DBWrapper: report latency for each error is false and specific error codes to track for latency are: []
2025-04-18 13:00:21:859 0 sec: 0 operations; est completion in 0 second 
2025-04-18 13:00:31:703 10 sec: 120999 operations; 12099.9 current ops/sec; est completion in 9 hours 51 minutes [READ: Count=60318, Max=14983, Min=57, Avg=78.92, 90=88, 99=164, 99.9=550, 99.99=3895] [UPDATE: Count=60711, Max=21823, Min=55, Avg=77.98, 90=87, 99=178, 99.9=686, 99.99=4051] 
2025-04-18 13:00:41:703 20 sec: 260692 operations; 13967.9 current ops/sec; est completion in 9 hours 8 minutes [READ: Count=69765, Max=7179, Min=56, Avg=71.41, 90=79, 99=122, 99.9=141, 99.99=445] [UPDATE: Count=69898, Max=828, Min=53, Avg=68.96, 90=77, 99=120, 99.9=136, 99.99=308] 
2025-04-18 13:00:51:703 30 sec: 400497 operations; 13981.9 current ops/sec; est completion in 8 hours 55 minutes [READ: Count=69712, Max=5995, Min=56, Avg=71.4, 90=79, 99=120, 99.9=138, 99.99=315] [UPDATE: Count=70093, Max=520, Min=53, Avg=68.99, 90=77, 99=119, 99.9=134, 99.99=180] 
2025-04-18 13:01:01:703 40 sec: 537670 operations; 13717.3 current ops/sec; est completion in 8 hours 51 minutes [READ: Count=68656, Max=612, Min=55, Avg=72.69, 90=81, 99=134, 99.9=251, 99.99=407] [UPDATE: Count=68517, Max=7091, Min=53, Avg=70.36, 90=78, 99=130, 99.9=248, 99.99=378] 
2025-04-18 13:01:11:703 50 sec: 677099 operations; 13942.9 current ops/sec; est completion in 8 hours 47 minutes [READ: Count=69852, Max=7131, Min=55, Avg=71.61, 90=80, 99=124, 99.9=139, 99.99=308] [UPDATE: Count=69577, Max=680, Min=53, Avg=69.18, 90=77, 99=121, 99.9=134, 99.99=178] 
2025-04-18 13:01:21:703 60 sec: 817844 operations; 14074.5 current ops/sec; est completion in 8 hours 44 minutes [READ: Count=70239, Max=2743, Min=55, Avg=70.9, 90=79, 99=118, 99.9=137, 99.99=338] [UPDATE: Count=70506, Max=521, Min=54, Avg=68.53, 90=76, 99=117, 99.9=132, 99.99=169] 
Maximum time elapsed. Requesting stop for the workload.
Stop requested for workload. Now Joining!
2025-04-18 13:01:22:714 61 sec: 831991 operations; 13979.25 current ops/sec; est completion in 8 hours 43 minutes [READ: Count=7122, Max=519, Min=58, Avg=71.05, 90=79, 99=125, 99.9=140, 99.99=183] [CLEANUP: Count=1, Max=840, Min=840, Avg=840, 90=840, 99=840, 99.9=840, 99.99=840] [UPDATE: Count=7025, Max=2721, Min=55, Avg=69.02, 90=76, 99=122, 99.9=142, 99.99=330] 
[OVERALL], RunTime(ms), 61015
[OVERALL], Throughput(ops/sec), 13635.843645005327
[TOTAL_GCS_Copy], Count, 77
[TOTAL_GC_TIME_Copy], Time(ms), 26
[TOTAL_GC_TIME_%_Copy], Time(%), 0.042612472342866504
[TOTAL_GCS_MarkSweepCompact], Count, 0
[TOTAL_GC_TIME_MarkSweepCompact], Time(ms), 0
[TOTAL_GC_TIME_%_MarkSweepCompact], Time(%), 0.0
[TOTAL_GCs], Count, 77
[TOTAL_GC_TIME], Time(ms), 26
[TOTAL_GC_TIME_%], Time(%), 0.042612472342866504
[READ], Operations, 415664
[READ], AverageLatency(us), 72.65245486739289
[READ], MinLatency(us), 55
[READ], MaxLatency(us), 14983
[READ], 95thPercentileLatency(us), 87
[READ], 99thPercentileLatency(us), 128
[READ], Return=OK, 415664
[CLEANUP], Operations, 1
[CLEANUP], AverageLatency(us), 840.0
[CLEANUP], MinLatency(us), 840
[CLEANUP], MaxLatency(us), 840
[CLEANUP], 95thPercentileLatency(us), 840
[CLEANUP], 99thPercentileLatency(us), 840
[UPDATE], Operations, 416327
[UPDATE], AverageLatency(us), 70.47609931616253
[UPDATE], MinLatency(us), 53
[UPDATE], MaxLatency(us), 21823
[UPDATE], 95thPercentileLatency(us), 85
[UPDATE], 99thPercentileLatency(us), 125
[UPDATE], Return=OK, 416327
AUTOTEST_DONE
