/nix/store/2vwkssqpzykk37r996cafq7x63imf4sp-openjdk-21+35/bin/java  -classpath /nix/store/zw02np72fzsmga6s5mphhw7x8qlzf4sv-ycsb-0.17.0/share/conf:/nix/store/zw02np72fzsmga6s5mphhw7x8qlzf4sv-ycsb-0.17.0/share/lib/core-0.17.0.jar:/nix/store/zw02np72fzsmga6s5mphhw7x8qlzf4sv-ycsb-0.17.0/share/lib/HdrHistogram-2.1.4.jar:/nix/store/zw02np72fzsmga6s5mphhw7x8qlzf4sv-ycsb-0.17.0/share/lib/htrace-core4-4.1.0-incubating.jar:/nix/store/zw02np72fzsmga6s5mphhw7x8qlzf4sv-ycsb-0.17.0/share/lib/jackson-core-asl-1.9.4.jar:/nix/store/zw02np72fzsmga6s5mphhw7x8qlzf4sv-ycsb-0.17.0/share/lib/jackson-mapper-asl-1.9.4.jar:/nix/store/zw02np72fzsmga6s5mphhw7x8qlzf4sv-ycsb-0.17.0/share/redis-binding/lib/commons-pool2-2.4.2.jar:/nix/store/zw02np72fzsmga6s5mphhw7x8qlzf4sv-ycsb-0.17.0/share/redis-binding/lib/jedis-2.9.0.jar:/nix/store/zw02np72fzsmga6s5mphhw7x8qlzf4sv-ycsb-0.17.0/share/redis-binding/lib/redis-binding-0.17.0.jar site.ycsb.Client -t -db site.ycsb.db.RedisClient -s -P /home/host/vmuxIO/test/moonprogs//../../ycsb/share/workloads/workloada -p redis.host=10.1.0.2 -p redis.port=6383 -p operationcount=429496729 -p maxexecutiontime=61 -threads 1
Command line: -t -db site.ycsb.db.RedisClient -s -P /home/host/vmuxIO/test/moonprogs//../../ycsb/share/workloads/workloada -p redis.host=10.1.0.2 -p redis.port=6383 -p operationcount=429496729 -p maxexecutiontime=61 -threads 1
YCSB Client 0.17.0

Loading workload...
Starting test.
Maximum execution time specified as: 61 secs
DBWrapper: report latency for each error is false and specific error codes to track for latency are: []
2025-04-18 12:54:15:282 0 sec: 0 operations; est completion in 0 second 
2025-04-18 12:54:25:124 10 sec: 90275 operations; 9027.5 current ops/sec; est completion in 13 hours 12 minutes [READ: Count=45521, Max=46655, Min=80, Avg=105.17, 90=117, 99=185, 99.9=609, 99.99=3067] [UPDATE: Count=44758, Max=12871, Min=78, Avg=105.24, 90=117, 99=198, 99.9=930, 99.99=4001] 
2025-04-18 12:54:35:124 20 sec: 186657 operations; 9638.2 current ops/sec; est completion in 12 hours 46 minutes [READ: Count=48460, Max=2767, Min=80, Avg=102.81, 90=117, 99=198, 99.9=326, 99.99=1001] [UPDATE: Count=47918, Max=2391, Min=77, Avg=100.83, 90=115, 99=194, 99.9=302, 99.99=1772] 
2025-04-18 12:54:45:124 30 sec: 281936 operations; 9527.9 current ops/sec; est completion in 12 hours 41 minutes [READ: Count=47416, Max=204543, Min=80, Avg=106.33, 90=115, 99=160, 99.9=284, 99.99=1053] [UPDATE: Count=47863, Max=8695, Min=75, Avg=100.52, 90=113, 99=158, 99.9=248, 99.99=2008] 
2025-04-18 12:54:55:124 40 sec: 378528 operations; 9659.2 current ops/sec; est completion in 12 hours 35 minutes [READ: Count=48208, Max=2111, Min=77, Avg=102.69, 90=123, 99=159, 99.9=235, 99.99=642] [UPDATE: Count=48384, Max=7555, Min=76, Avg=101.17, 90=120, 99=158, 99.9=249, 99.99=2012] 
2025-04-18 12:55:05:124 50 sec: 473448 operations; 9492 current ops/sec; est completion in 12 hours 35 minutes [READ: Count=47182, Max=5115, Min=78, Avg=104.52, 90=122, 99=225, 99.9=366, 99.99=1241] [UPDATE: Count=47738, Max=3695, Min=76, Avg=102.92, 90=120, 99=227, 99.9=352, 99.99=1033] 
2025-04-18 12:55:15:124 60 sec: 572615 operations; 9916.7 current ops/sec; est completion in 12 hours 29 minutes [READ: Count=49614, Max=3521, Min=79, Avg=100.05, 90=113, 99=153, 99.9=236, 99.99=2027] [UPDATE: Count=49553, Max=6947, Min=77, Avg=98.53, 90=112, 99=153, 99.9=257, 99.99=843] 
Maximum time elapsed. Requesting stop for the workload.
Stop requested for workload. Now Joining!
2025-04-18 12:55:16:131 61 sec: 582415 operations; 9731.88 current ops/sec; est completion in 12 hours 28 minutes [READ: Count=4874, Max=2875, Min=82, Avg=102.55, 90=117, 99=155, 99.9=221, 99.99=2875] [CLEANUP: Count=1, Max=992, Min=992, Avg=992, 90=992, 99=992, 99.9=992, 99.99=992] [UPDATE: Count=4926, Max=385, Min=80, Avg=99.57, 90=116, 99=153, 99.9=181, 99.99=385] 
[OVERALL], RunTime(ms), 61011
[OVERALL], Throughput(ops/sec), 9546.065463604924
[TOTAL_GCS_Copy], Count, 54
[TOTAL_GC_TIME_Copy], Time(ms), 23
[TOTAL_GC_TIME_%_Copy], Time(%), 0.03769812001114553
[TOTAL_GCS_MarkSweepCompact], Count, 0
[TOTAL_GC_TIME_MarkSweepCompact], Time(ms), 0
[TOTAL_GC_TIME_%_MarkSweepCompact], Time(%), 0.0
[TOTAL_GCs], Count, 54
[TOTAL_GC_TIME], Time(ms), 23
[TOTAL_GC_TIME_%], Time(%), 0.03769812001114553
[READ], Operations, 291275
[READ], AverageLatency(us), 103.53451549223243
[READ], MinLatency(us), 77
[READ], MaxLatency(us), 204543
[READ], 95thPercentileLatency(us), 138
[READ], 99thPercentileLatency(us), 185
[READ], Return=OK, 291275
[CLEANUP], Operations, 1
[CLEANUP], AverageLatency(us), 992.0
[CLEANUP], MinLatency(us), 992
[CLEANUP], MaxLatency(us), 992
[CLEANUP], 95thPercentileLatency(us), 992
[CLEANUP], 99thPercentileLatency(us), 992
[UPDATE], Operations, 291140
[UPDATE], AverageLatency(us), 101.4429621487944
[UPDATE], MinLatency(us), 75
[UPDATE], MaxLatency(us), 12871
[UPDATE], 95thPercentileLatency(us), 136
[UPDATE], 99thPercentileLatency(us), 186
[UPDATE], Return=OK, 291140
AUTOTEST_DONE
