/nix/store/2vwkssqpzykk37r996cafq7x63imf4sp-openjdk-21+35/bin/java  -classpath /nix/store/zw02np72fzsmga6s5mphhw7x8qlzf4sv-ycsb-0.17.0/share/conf:/nix/store/zw02np72fzsmga6s5mphhw7x8qlzf4sv-ycsb-0.17.0/share/lib/core-0.17.0.jar:/nix/store/zw02np72fzsmga6s5mphhw7x8qlzf4sv-ycsb-0.17.0/share/lib/HdrHistogram-2.1.4.jar:/nix/store/zw02np72fzsmga6s5mphhw7x8qlzf4sv-ycsb-0.17.0/share/lib/htrace-core4-4.1.0-incubating.jar:/nix/store/zw02np72fzsmga6s5mphhw7x8qlzf4sv-ycsb-0.17.0/share/lib/jackson-core-asl-1.9.4.jar:/nix/store/zw02np72fzsmga6s5mphhw7x8qlzf4sv-ycsb-0.17.0/share/lib/jackson-mapper-asl-1.9.4.jar:/nix/store/zw02np72fzsmga6s5mphhw7x8qlzf4sv-ycsb-0.17.0/share/redis-binding/lib/commons-pool2-2.4.2.jar:/nix/store/zw02np72fzsmga6s5mphhw7x8qlzf4sv-ycsb-0.17.0/share/redis-binding/lib/jedis-2.9.0.jar:/nix/store/zw02np72fzsmga6s5mphhw7x8qlzf4sv-ycsb-0.17.0/share/redis-binding/lib/redis-binding-0.17.0.jar site.ycsb.Client -t -db site.ycsb.db.RedisClient -s -P /home/host/vmuxIO/test/moonprogs//../../ycsb/share/workloads/workloada -p redis.host=10.1.0.2 -p redis.port=6379 -p operationcount=429496729 -p maxexecutiontime=61 -threads 1
Command line: -t -db site.ycsb.db.RedisClient -s -P /home/host/vmuxIO/test/moonprogs//../../ycsb/share/workloads/workloada -p redis.host=10.1.0.2 -p redis.port=6379 -p operationcount=429496729 -p maxexecutiontime=61 -threads 1
YCSB Client 0.17.0

Loading workload...
Starting test.
Maximum execution time specified as: 61 secs
DBWrapper: report latency for each error is false and specific error codes to track for latency are: []
2024-10-03 03:21:00:947 0 sec: 0 operations; est completion in 0 second [UPDATE: Count=1, Max=43391, Min=43360, Avg=43376, 90=43391, 99=43391, 99.9=43391, 99.99=43391] 
2024-10-03 03:21:10:682 10 sec: 26643 operations; 2664.3 current ops/sec; est completion in 1 day 20 hours [READ: Count=13312, Max=37343, Min=125, Avg=353.86, 90=402, 99=1961, 99.9=4051, 99.99=7111] [UPDATE: Count=13332, Max=9447, Min=126, Avg=355.08, 90=408, 99=2018, 99.9=4339, 99.99=7251] 
2024-10-03 03:21:20:682 20 sec: 53558 operations; 2691.5 current ops/sec; est completion in 1 day 20 hours [READ: Count=13652, Max=3889, Min=155, Avg=365.44, 90=446, 99=590, 99.9=941, 99.99=1868] [UPDATE: Count=13261, Max=6255, Min=158, Avg=367.41, 90=448, 99=604, 99.9=1002, 99.99=2717] 
2024-10-03 03:21:30:682 30 sec: 79928 operations; 2637 current ops/sec; est completion in 1 day 20 hours [READ: Count=13342, Max=3813, Min=167, Avg=375.91, 90=470, 99=628, 99.9=850, 99.99=3021] [UPDATE: Count=13028, Max=5643, Min=149, Avg=374.26, 90=468, 99=621, 99.9=880, 99.99=3887] 
2024-10-03 03:21:40:682 40 sec: 106959 operations; 2703.1 current ops/sec; est completion in 1 day 20 hours [READ: Count=13573, Max=3005, Min=157, Avg=367.47, 90=452, 99=582, 99.9=765, 99.99=2769] [UPDATE: Count=13458, Max=4255, Min=167, Avg=366.05, 90=453, 99=580, 99.9=705, 99.99=1941] 
2024-10-03 03:21:50:682 50 sec: 134318 operations; 2735.9 current ops/sec; est completion in 1 day 20 hours [READ: Count=13524, Max=1729, Min=166, Avg=363.49, 90=446, 99=584, 99.9=753, 99.99=973] [UPDATE: Count=13835, Max=4699, Min=161, Avg=361.7, 90=442, 99=568, 99.9=735, 99.99=2053] 
2024-10-03 03:22:00:682 60 sec: 160923 operations; 2660.5 current ops/sec; est completion in 1 day 20 hours [READ: Count=13268, Max=7367, Min=154, Avg=373.95, 90=465, 99=624, 99.9=905, 99.99=2263] [UPDATE: Count=13337, Max=1291, Min=156, Avg=371.47, 90=465, 99=617, 99.9=872, 99.99=1249] 
Maximum time elapsed. Requesting stop for the workload.
Stop requested for workload. Now Joining!
2024-10-03 03:22:01:695 61 sec: 163879 operations; 2920.95 current ops/sec; est completion in 1 day 20 hours [READ: Count=1503, Max=781, Min=150, Avg=336.46, 90=405, 99=560, 99.9=712, 99.99=781] [CLEANUP: Count=1, Max=1473, Min=1473, Avg=1473, 90=1473, 99=1473, 99.9=1473, 99.99=1473] [UPDATE: Count=1453, Max=7791, Min=155, Avg=338.64, 90=396, 99=548, 99.9=946, 99.99=7791] 
[OVERALL], RunTime(ms), 61022
[OVERALL], Throughput(ops/sec), 2685.5724165055226
[TOTAL_GCS_Copy], Count, 15
[TOTAL_GC_TIME_Copy], Time(ms), 20
[TOTAL_GC_TIME_%_Copy], Time(%), 0.03277506473075285
[TOTAL_GCS_MarkSweepCompact], Count, 0
[TOTAL_GC_TIME_MarkSweepCompact], Time(ms), 0
[TOTAL_GC_TIME_%_MarkSweepCompact], Time(%), 0.0
[TOTAL_GCs], Count, 15
[TOTAL_GC_TIME], Time(ms), 20
[TOTAL_GC_TIME_%], Time(%), 0.03277506473075285
[READ], Operations, 82174
[READ], AverageLatency(us), 366.1242728843673
[READ], MinLatency(us), 125
[READ], MaxLatency(us), 37343
[READ], 95thPercentileLatency(us), 495
[READ], 99thPercentileLatency(us), 644
[READ], Return=OK, 82174
[CLEANUP], Operations, 1
[CLEANUP], AverageLatency(us), 1473.0
[CLEANUP], MinLatency(us), 1473
[CLEANUP], MaxLatency(us), 1473
[CLEANUP], 95thPercentileLatency(us), 1473
[CLEANUP], 99thPercentileLatency(us), 1473
[UPDATE], Operations, 81705
[UPDATE], AverageLatency(us), 365.9783122207943
[UPDATE], MinLatency(us), 126
[UPDATE], MaxLatency(us), 43391
[UPDATE], 95thPercentileLatency(us), 496
[UPDATE], 99thPercentileLatency(us), 651
[UPDATE], Return=OK, 81705
AUTOTEST_DONE
