/nix/store/2vwkssqpzykk37r996cafq7x63imf4sp-openjdk-21+35/bin/java  -classpath /nix/store/zw02np72fzsmga6s5mphhw7x8qlzf4sv-ycsb-0.17.0/share/conf:/nix/store/zw02np72fzsmga6s5mphhw7x8qlzf4sv-ycsb-0.17.0/share/lib/core-0.17.0.jar:/nix/store/zw02np72fzsmga6s5mphhw7x8qlzf4sv-ycsb-0.17.0/share/lib/HdrHistogram-2.1.4.jar:/nix/store/zw02np72fzsmga6s5mphhw7x8qlzf4sv-ycsb-0.17.0/share/lib/htrace-core4-4.1.0-incubating.jar:/nix/store/zw02np72fzsmga6s5mphhw7x8qlzf4sv-ycsb-0.17.0/share/lib/jackson-core-asl-1.9.4.jar:/nix/store/zw02np72fzsmga6s5mphhw7x8qlzf4sv-ycsb-0.17.0/share/lib/jackson-mapper-asl-1.9.4.jar:/nix/store/zw02np72fzsmga6s5mphhw7x8qlzf4sv-ycsb-0.17.0/share/redis-binding/lib/commons-pool2-2.4.2.jar:/nix/store/zw02np72fzsmga6s5mphhw7x8qlzf4sv-ycsb-0.17.0/share/redis-binding/lib/jedis-2.9.0.jar:/nix/store/zw02np72fzsmga6s5mphhw7x8qlzf4sv-ycsb-0.17.0/share/redis-binding/lib/redis-binding-0.17.0.jar site.ycsb.Client -t -db site.ycsb.db.RedisClient -s -P /home/host/vmuxIO/test/moonprogs//../../ycsb/share/workloads/workloada -p redis.host=10.1.0.2 -p redis.port=6387 -p operationcount=429496729 -p maxexecutiontime=61 -threads 1
Command line: -t -db site.ycsb.db.RedisClient -s -P /home/host/vmuxIO/test/moonprogs//../../ycsb/share/workloads/workloada -p redis.host=10.1.0.2 -p redis.port=6387 -p operationcount=429496729 -p maxexecutiontime=61 -threads 1
YCSB Client 0.17.0

Loading workload...
Starting test.
Maximum execution time specified as: 61 secs
DBWrapper: report latency for each error is false and specific error codes to track for latency are: []
2024-10-03 14:37:37:640 0 sec: 0 operations; est completion in 0 second 
2024-10-03 14:37:47:460 10 sec: 26022 operations; 2601.94 current ops/sec; est completion in 1 day 21 hours [READ: Count=13194, Max=22623, Min=125, Avg=365.66, 90=413, 99=2771, 99.9=4135, 99.99=18847] [UPDATE: Count=12846, Max=28239, Min=121, Avg=366.45, 90=417, 99=3023, 99.9=4051, 99.99=9335] 
2024-10-03 14:37:57:460 20 sec: 57567 operations; 3154.82 current ops/sec; est completion in 1 day 17 hours [READ: Count=15998, Max=4915, Min=129, Avg=313.26, 90=376, 99=569, 99.9=2961, 99.99=4011] [UPDATE: Count=15529, Max=3993, Min=120, Avg=308.29, 90=374, 99=571, 99.9=2415, 99.99=3947] 
2024-10-03 14:38:07:460 30 sec: 89522 operations; 3195.18 current ops/sec; est completion in 1 day 15 hours [READ: Count=15974, Max=11751, Min=130, Avg=312.12, 90=378, 99=555, 99.9=822, 99.99=2149] [UPDATE: Count=15981, Max=4171, Min=126, Avg=307.31, 90=376, 99=558, 99.9=771, 99.99=2391] 
2024-10-03 14:38:17:460 40 sec: 120580 operations; 3106.11 current ops/sec; est completion in 1 day 15 hours [READ: Count=15542, Max=4387, Min=132, Avg=320.62, 90=390, 99=571, 99.9=869, 99.99=3517] [UPDATE: Count=15516, Max=3795, Min=127, Avg=316.6, 90=384, 99=569, 99.9=764, 99.99=3555] 
2024-10-03 14:38:27:460 50 sec: 152297 operations; 3171.38 current ops/sec; est completion in 1 day 15 hours [READ: Count=15759, Max=2473, Min=136, Avg=313.61, 90=396, 99=586, 99.9=865, 99.99=1177] [UPDATE: Count=15958, Max=5567, Min=125, Avg=310.49, 90=394, 99=583, 99.9=797, 99.99=1254] 
2024-10-03 14:38:37:460 60 sec: 184567 operations; 3227.32 current ops/sec; est completion in 1 day 14 hours [READ: Count=16406, Max=1475, Min=123, Avg=308.81, 90=376, 99=549, 99.9=741, 99.99=1030] [UPDATE: Count=15864, Max=7595, Min=123, Avg=305.34, 90=374, 99=548, 99.9=784, 99.99=1793] 
Maximum time elapsed. Requesting stop for the workload.
Stop requested for workload. Now Joining!
2024-10-03 14:38:38:465 61 sec: 188159 operations; 3570.58 current ops/sec; est completion in 1 day 14 hours [READ: Count=1774, Max=5307, Min=125, Avg=279.57, 90=315, 99=353, 99.9=684, 99.99=5307] [CLEANUP: Count=1, Max=1028, Min=1028, Avg=1028, 90=1028, 99=1028, 99.9=1028, 99.99=1028] [UPDATE: Count=1818, Max=513, Min=115, Avg=272.64, 90=315, 99=348, 99.9=454, 99.99=513] 
[OVERALL], RunTime(ms), 61014
[OVERALL], Throughput(ops/sec), 3083.8659979676795
[TOTAL_GCS_Copy], Count, 17
[TOTAL_GC_TIME_Copy], Time(ms), 33
[TOTAL_GC_TIME_%_Copy], Time(%), 0.0540859474874619
[TOTAL_GCS_MarkSweepCompact], Count, 0
[TOTAL_GC_TIME_MarkSweepCompact], Time(ms), 0
[TOTAL_GC_TIME_%_MarkSweepCompact], Time(%), 0.0
[TOTAL_GCs], Count, 17
[TOTAL_GC_TIME], Time(ms), 33
[TOTAL_GC_TIME_%], Time(%), 0.0540859474874619
[READ], Operations, 94647
[READ], AverageLatency(us), 320.2358342049933
[READ], MinLatency(us), 123
[READ], MaxLatency(us), 22623
[READ], 95thPercentileLatency(us), 432
[READ], 99thPercentileLatency(us), 602
[READ], Return=OK, 94647
[CLEANUP], Operations, 1
[CLEANUP], AverageLatency(us), 1028.0
[CLEANUP], MinLatency(us), 1028
[CLEANUP], MaxLatency(us), 1028
[CLEANUP], 95thPercentileLatency(us), 1028
[CLEANUP], 99thPercentileLatency(us), 1028
[UPDATE], Operations, 93512
[UPDATE], AverageLatency(us), 316.6718389083754
[UPDATE], MinLatency(us), 115
[UPDATE], MaxLatency(us), 28239
[UPDATE], 95thPercentileLatency(us), 431
[UPDATE], 99thPercentileLatency(us), 607
[UPDATE], Return=OK, 93512
AUTOTEST_DONE
