/nix/store/2vwkssqpzykk37r996cafq7x63imf4sp-openjdk-21+35/bin/java  -classpath /nix/store/zw02np72fzsmga6s5mphhw7x8qlzf4sv-ycsb-0.17.0/share/conf:/nix/store/zw02np72fzsmga6s5mphhw7x8qlzf4sv-ycsb-0.17.0/share/lib/core-0.17.0.jar:/nix/store/zw02np72fzsmga6s5mphhw7x8qlzf4sv-ycsb-0.17.0/share/lib/HdrHistogram-2.1.4.jar:/nix/store/zw02np72fzsmga6s5mphhw7x8qlzf4sv-ycsb-0.17.0/share/lib/htrace-core4-4.1.0-incubating.jar:/nix/store/zw02np72fzsmga6s5mphhw7x8qlzf4sv-ycsb-0.17.0/share/lib/jackson-core-asl-1.9.4.jar:/nix/store/zw02np72fzsmga6s5mphhw7x8qlzf4sv-ycsb-0.17.0/share/lib/jackson-mapper-asl-1.9.4.jar:/nix/store/zw02np72fzsmga6s5mphhw7x8qlzf4sv-ycsb-0.17.0/share/redis-binding/lib/commons-pool2-2.4.2.jar:/nix/store/zw02np72fzsmga6s5mphhw7x8qlzf4sv-ycsb-0.17.0/share/redis-binding/lib/jedis-2.9.0.jar:/nix/store/zw02np72fzsmga6s5mphhw7x8qlzf4sv-ycsb-0.17.0/share/redis-binding/lib/redis-binding-0.17.0.jar site.ycsb.Client -t -db site.ycsb.db.RedisClient -s -P /home/host/vmuxIO/test/moonprogs//../../ycsb/share/workloads/workloada -p redis.host=10.1.0.2 -p redis.port=6389 -p operationcount=429496729 -p maxexecutiontime=61 -threads 1
Command line: -t -db site.ycsb.db.RedisClient -s -P /home/host/vmuxIO/test/moonprogs//../../ycsb/share/workloads/workloada -p redis.host=10.1.0.2 -p redis.port=6389 -p operationcount=429496729 -p maxexecutiontime=61 -threads 1
YCSB Client 0.17.0

Loading workload...
Starting test.
Maximum execution time specified as: 61 secs
DBWrapper: report latency for each error is false and specific error codes to track for latency are: []
2024-08-21 19:26:52:510 0 sec: 0 operations; est completion in 0 second 
2024-08-21 19:27:02:272 10 sec: 23850 operations; 2384.76 current ops/sec; est completion in 2 days 2 hours [READ: Count=11990, Max=64031, Min=157, Avg=401.36, 90=507, 99=1648, 99.9=4027, 99.99=7575] [UPDATE: Count=11880, Max=12783, Min=154, Avg=399.69, 90=500, 99=2030, 99.9=4079, 99.99=8703] 
2024-08-21 19:27:12:272 20 sec: 52059 operations; 2820.9 current ops/sec; est completion in 1 day 21 hours [READ: Count=13937, Max=9175, Min=145, Avg=351.36, 90=450, 99=617, 99.9=1153, 99.99=3819] [UPDATE: Count=14253, Max=11175, Min=147, Avg=347.84, 90=444, 99=618, 99.9=1276, 99.99=4231] 
2024-08-21 19:27:22:272 30 sec: 80697 operations; 2863.8 current ops/sec; est completion in 1 day 20 hours [READ: Count=14338, Max=3635, Min=160, Avg=346.11, 90=443, 99=606, 99.9=936, 99.99=3391] [UPDATE: Count=14299, Max=4355, Min=150, Avg=343.47, 90=443, 99=600, 99.9=869, 99.99=3543] 
2024-08-21 19:27:32:272 40 sec: 109965 operations; 2926.8 current ops/sec; est completion in 1 day 19 hours [READ: Count=14679, Max=1969, Min=153, Avg=340.52, 90=436, 99=591, 99.9=740, 99.99=1792] [UPDATE: Count=14589, Max=4923, Min=139, Avg=336.59, 90=427, 99=589, 99.9=759, 99.99=2901] 
2024-08-21 19:27:42:272 50 sec: 138976 operations; 2901.1 current ops/sec; est completion in 1 day 18 hours [READ: Count=14305, Max=6159, Min=149, Avg=344.49, 90=442, 99=597, 99.9=783, 99.99=4119] [UPDATE: Count=14706, Max=1956, Min=141, Avg=339.38, 90=431, 99=587, 99.9=731, 99.99=1114] 
2024-08-21 19:27:52:272 60 sec: 167580 operations; 2860.4 current ops/sec; est completion in 1 day 18 hours [READ: Count=14327, Max=8767, Min=155, Avg=347.96, 90=455, 99=611, 99.9=827, 99.99=2747] [UPDATE: Count=14277, Max=1875, Min=152, Avg=345.07, 90=452, 99=615, 99.9=796, 99.99=1676] 
Maximum time elapsed. Requesting stop for the workload.
Stop requested for workload. Now Joining!
2024-08-21 19:27:53:287 61 sec: 170525 operations; 2901.48 current ops/sec; est completion in 1 day 18 hours [READ: Count=1497, Max=9207, Min=239, Avg=345.6, 90=468, 99=587, 99.9=1022, 99.99=9207] [CLEANUP: Count=1, Max=1136, Min=1136, Avg=1136, 90=1136, 99=1136, 99.9=1136, 99.99=1136] [UPDATE: Count=1448, Max=795, Min=184, Avg=337.91, 90=467, 99=569, 99.9=726, 99.99=795] 
[OVERALL], RunTime(ms), 61025
[OVERALL], Throughput(ops/sec), 2794.3465792707907
[TOTAL_GCS_Copy], Count, 16
[TOTAL_GC_TIME_Copy], Time(ms), 23
[TOTAL_GC_TIME_%_Copy], Time(%), 0.03768947152806227
[TOTAL_GCS_MarkSweepCompact], Count, 0
[TOTAL_GC_TIME_MarkSweepCompact], Time(ms), 0
[TOTAL_GC_TIME_%_MarkSweepCompact], Time(%), 0.0
[TOTAL_GCs], Count, 16
[TOTAL_GC_TIME], Time(ms), 23
[TOTAL_GC_TIME_%], Time(%), 0.03768947152806227
[READ], Operations, 85073
[READ], AverageLatency(us), 353.820765695344
[READ], MinLatency(us), 145
[READ], MaxLatency(us), 64031
[READ], 95thPercentileLatency(us), 513
[READ], 99thPercentileLatency(us), 634
[READ], Return=OK, 85073
[CLEANUP], Operations, 1
[CLEANUP], AverageLatency(us), 1136.0
[CLEANUP], MinLatency(us), 1136
[CLEANUP], MaxLatency(us), 1136
[CLEANUP], 95thPercentileLatency(us), 1136
[CLEANUP], 99thPercentileLatency(us), 1136
[UPDATE], Operations, 85452
[UPDATE], AverageLatency(us), 350.30934325703316
[UPDATE], MinLatency(us), 139
[UPDATE], MaxLatency(us), 12783
[UPDATE], 95thPercentileLatency(us), 507
[UPDATE], 99thPercentileLatency(us), 638
[UPDATE], Return=OK, 85452
AUTOTEST_DONE
