/nix/store/2vwkssqpzykk37r996cafq7x63imf4sp-openjdk-21+35/bin/java  -classpath /nix/store/zw02np72fzsmga6s5mphhw7x8qlzf4sv-ycsb-0.17.0/share/conf:/nix/store/zw02np72fzsmga6s5mphhw7x8qlzf4sv-ycsb-0.17.0/share/lib/core-0.17.0.jar:/nix/store/zw02np72fzsmga6s5mphhw7x8qlzf4sv-ycsb-0.17.0/share/lib/HdrHistogram-2.1.4.jar:/nix/store/zw02np72fzsmga6s5mphhw7x8qlzf4sv-ycsb-0.17.0/share/lib/htrace-core4-4.1.0-incubating.jar:/nix/store/zw02np72fzsmga6s5mphhw7x8qlzf4sv-ycsb-0.17.0/share/lib/jackson-core-asl-1.9.4.jar:/nix/store/zw02np72fzsmga6s5mphhw7x8qlzf4sv-ycsb-0.17.0/share/lib/jackson-mapper-asl-1.9.4.jar:/nix/store/zw02np72fzsmga6s5mphhw7x8qlzf4sv-ycsb-0.17.0/share/redis-binding/lib/commons-pool2-2.4.2.jar:/nix/store/zw02np72fzsmga6s5mphhw7x8qlzf4sv-ycsb-0.17.0/share/redis-binding/lib/jedis-2.9.0.jar:/nix/store/zw02np72fzsmga6s5mphhw7x8qlzf4sv-ycsb-0.17.0/share/redis-binding/lib/redis-binding-0.17.0.jar site.ycsb.Client -t -db site.ycsb.db.RedisClient -s -P /home/host/vmuxIO/test/moonprogs//../../ycsb/share/workloads/workloada -p redis.host=10.1.0.2 -p redis.port=6379 -p operationcount=429496729 -p maxexecutiontime=61 -threads 1
Command line: -t -db site.ycsb.db.RedisClient -s -P /home/host/vmuxIO/test/moonprogs//../../ycsb/share/workloads/workloada -p redis.host=10.1.0.2 -p redis.port=6379 -p operationcount=429496729 -p maxexecutiontime=61 -threads 1
YCSB Client 0.17.0

Loading workload...
Starting test.
Maximum execution time specified as: 61 secs
DBWrapper: report latency for each error is false and specific error codes to track for latency are: []
2024-10-03 03:21:04:960 0 sec: 0 operations; est completion in 106751991167300 days 15 hours [UPDATE: Count=1, Max=33375, Min=33344, Avg=33360, 90=33375, 99=33375, 99.9=33375, 99.99=33375] 
2024-10-03 03:21:14:734 10 sec: 25978 operations; 2597.8 current ops/sec; est completion in 1 day 21 hours [READ: Count=13167, Max=37279, Min=149, Avg=363.86, 90=434, 99=891, 99.9=3701, 99.99=14839] [UPDATE: Count=12813, Max=12719, Min=145, Avg=366.06, 90=440, 99=927, 99.9=4037, 99.99=11463] 
2024-10-03 03:21:24:734 20 sec: 54440 operations; 2846.2 current ops/sec; est completion in 1 day 19 hours [READ: Count=14327, Max=2853, Min=161, Avg=347.42, 90=419, 99=560, 99.9=844, 99.99=2525] [UPDATE: Count=14132, Max=2997, Min=148, Avg=345.04, 90=415, 99=548, 99.9=784, 99.99=2341] 
2024-10-03 03:21:34:734 30 sec: 82718 operations; 2827.8 current ops/sec; est completion in 1 day 19 hours [READ: Count=14272, Max=8023, Min=151, Avg=351.11, 90=424, 99=551, 99.9=725, 99.99=5215] [UPDATE: Count=14006, Max=3987, Min=163, Avg=349.38, 90=424, 99=548, 99.9=734, 99.99=1667] 
2024-10-03 03:21:44:734 40 sec: 110144 operations; 2742.6 current ops/sec; est completion in 1 day 19 hours [READ: Count=13843, Max=4015, Min=159, Avg=362.12, 90=446, 99=572, 99.9=827, 99.99=2551] [UPDATE: Count=13583, Max=2811, Min=165, Avg=359.6, 90=443, 99=568, 99.9=729, 99.99=2131] 
2024-10-03 03:21:54:734 50 sec: 138665 operations; 2852.1 current ops/sec; est completion in 1 day 19 hours [READ: Count=14311, Max=1297, Min=164, Avg=348.36, 90=420, 99=531, 99.9=655, 99.99=1188] [UPDATE: Count=14210, Max=6219, Min=163, Avg=347.4, 90=419, 99=543, 99.9=703, 99.99=1855] 
2024-10-03 03:22:04:734 60 sec: 169768 operations; 3110.3 current ops/sec; est completion in 1 day 18 hours [READ: Count=15398, Max=3811, Min=120, Avg=319.61, 90=394, 99=517, 99.9=747, 99.99=912] [UPDATE: Count=15705, Max=4147, Min=114, Avg=317.89, 90=392, 99=517, 99.9=651, 99.99=1110] 
Maximum time elapsed. Requesting stop for the workload.
Stop requested for workload. Now Joining!
2024-10-03 03:22:05:740 61 sec: 174298 operations; 4502.98 current ops/sec; est completion in 1 day 17 hours [READ: Count=2296, Max=620, Min=107, Avg=219.85, 90=287, 99=321, 99.9=403, 99.99=620] [CLEANUP: Count=1, Max=983, Min=983, Avg=983, 90=983, 99=983, 99.9=983, 99.99=983] [UPDATE: Count=2234, Max=6659, Min=111, Avg=219.61, 90=288, 99=316, 99.9=503, 99.99=6659] 
[OVERALL], RunTime(ms), 61013
[OVERALL], Throughput(ops/sec), 2856.735449822169
[TOTAL_GCS_Copy], Count, 16
[TOTAL_GC_TIME_Copy], Time(ms), 23
[TOTAL_GC_TIME_%_Copy], Time(%), 0.03769688427056529
[TOTAL_GCS_MarkSweepCompact], Count, 0
[TOTAL_GC_TIME_MarkSweepCompact], Time(ms), 0
[TOTAL_GC_TIME_%_MarkSweepCompact], Time(%), 0.0
[TOTAL_GCs], Count, 16
[TOTAL_GC_TIME], Time(ms), 23
[TOTAL_GC_TIME_%], Time(%), 0.03769688427056529
[READ], Operations, 87614
[READ], AverageLatency(us), 344.7393567238113
[READ], MinLatency(us), 107
[READ], MaxLatency(us), 37279
[READ], 95thPercentileLatency(us), 461
[READ], 99thPercentileLatency(us), 570
[READ], Return=OK, 87614
[CLEANUP], Operations, 1
[CLEANUP], AverageLatency(us), 983.0
[CLEANUP], MinLatency(us), 983
[CLEANUP], MaxLatency(us), 983
[CLEANUP], 95thPercentileLatency(us), 983
[CLEANUP], 99thPercentileLatency(us), 983
[UPDATE], Operations, 86684
[UPDATE], AverageLatency(us), 343.74525864057955
[UPDATE], MinLatency(us), 111
[UPDATE], MaxLatency(us), 33375
[UPDATE], 95thPercentileLatency(us), 461
[UPDATE], 99thPercentileLatency(us), 569
[UPDATE], Return=OK, 86684
AUTOTEST_DONE
