/nix/store/2vwkssqpzykk37r996cafq7x63imf4sp-openjdk-21+35/bin/java  -classpath /nix/store/zw02np72fzsmga6s5mphhw7x8qlzf4sv-ycsb-0.17.0/share/conf:/nix/store/zw02np72fzsmga6s5mphhw7x8qlzf4sv-ycsb-0.17.0/share/lib/core-0.17.0.jar:/nix/store/zw02np72fzsmga6s5mphhw7x8qlzf4sv-ycsb-0.17.0/share/lib/HdrHistogram-2.1.4.jar:/nix/store/zw02np72fzsmga6s5mphhw7x8qlzf4sv-ycsb-0.17.0/share/lib/htrace-core4-4.1.0-incubating.jar:/nix/store/zw02np72fzsmga6s5mphhw7x8qlzf4sv-ycsb-0.17.0/share/lib/jackson-core-asl-1.9.4.jar:/nix/store/zw02np72fzsmga6s5mphhw7x8qlzf4sv-ycsb-0.17.0/share/lib/jackson-mapper-asl-1.9.4.jar:/nix/store/zw02np72fzsmga6s5mphhw7x8qlzf4sv-ycsb-0.17.0/share/redis-binding/lib/commons-pool2-2.4.2.jar:/nix/store/zw02np72fzsmga6s5mphhw7x8qlzf4sv-ycsb-0.17.0/share/redis-binding/lib/jedis-2.9.0.jar:/nix/store/zw02np72fzsmga6s5mphhw7x8qlzf4sv-ycsb-0.17.0/share/redis-binding/lib/redis-binding-0.17.0.jar site.ycsb.Client -t -db site.ycsb.db.RedisClient -s -P /home/host/vmuxIO/test/moonprogs//../../ycsb/share/workloads/workloada -p redis.host=10.1.0.2 -p redis.port=6380 -p operationcount=429496729 -p maxexecutiontime=61 -threads 1
Command line: -t -db site.ycsb.db.RedisClient -s -P /home/host/vmuxIO/test/moonprogs//../../ycsb/share/workloads/workloada -p redis.host=10.1.0.2 -p redis.port=6380 -p operationcount=429496729 -p maxexecutiontime=61 -threads 1
YCSB Client 0.17.0

Loading workload...
Starting test.
Maximum execution time specified as: 61 secs
DBWrapper: report latency for each error is false and specific error codes to track for latency are: []
2024-10-03 14:37:42:978 0 sec: 0 operations; est completion in 0 second 
2024-10-03 14:37:52:736 10 sec: 26556 operations; 2655.6 current ops/sec; est completion in 1 day 20 hours [READ: Count=13352, Max=73407, Min=131, Avg=361.23, 90=366, 99=3333, 99.9=4095, 99.99=12943] [UPDATE: Count=13222, Max=7779, Min=125, Avg=357.89, 90=370, 99=3347, 99.9=4211, 99.99=7451] 
2024-10-03 14:38:02:736 20 sec: 60449 operations; 3389.3 current ops/sec; est completion in 1 day 15 hours [READ: Count=17042, Max=4025, Min=129, Avg=291.98, 90=352, 99=550, 99.9=1355, 99.99=3861] [UPDATE: Count=16833, Max=3517, Min=129, Avg=286.68, 90=351, 99=543, 99.9=918, 99.99=3485] 
2024-10-03 14:38:12:736 30 sec: 93681 operations; 3323.2 current ops/sec; est completion in 1 day 14 hours [READ: Count=16497, Max=7459, Min=126, Avg=298.87, 90=377, 99=550, 99.9=853, 99.99=3339] [UPDATE: Count=16735, Max=4151, Min=127, Avg=296.1, 90=375, 99=564, 99.9=968, 99.99=2725] 
2024-10-03 14:38:22:736 40 sec: 128062 operations; 3437.76 current ops/sec; est completion in 1 day 13 hours [READ: Count=17298, Max=4655, Min=129, Avg=290.8, 90=356, 99=546, 99.9=812, 99.99=1509] [UPDATE: Count=17083, Max=3731, Min=125, Avg=284.81, 90=354, 99=529, 99.9=753, 99.99=945] 
2024-10-03 14:38:32:736 50 sec: 162454 operations; 3439.54 current ops/sec; est completion in 1 day 12 hours [READ: Count=17208, Max=6343, Min=128, Avg=289.71, 90=354, 99=526, 99.9=750, 99.99=1106] [UPDATE: Count=17184, Max=2743, Min=129, Avg=286.22, 90=354, 99=543, 99.9=773, 99.99=1024] 
2024-10-03 14:38:42:736 60 sec: 201544 operations; 3909 current ops/sec; est completion in 1 day 11 hours [READ: Count=19610, Max=7459, Min=115, Avg=255.81, 90=335, 99=481, 99.9=696, 99.99=1121] [UPDATE: Count=19480, Max=2351, Min=110, Avg=249.74, 90=332, 99=469, 99.9=624, 99.99=1151] 
Maximum time elapsed. Requesting stop for the workload.
Stop requested for workload. Now Joining!
2024-10-03 14:38:43:746 61 sec: 207576 operations; 5972.28 current ops/sec; est completion in 1 day 11 hours [READ: Count=3002, Max=4071, Min=114, Avg=167.21, 90=260, 99=295, 99.9=556, 99.99=4071] [CLEANUP: Count=1, Max=889, Min=889, Avg=889, 90=889, 99=889, 99.9=889, 99.99=889] [UPDATE: Count=3030, Max=3473, Min=108, Avg=162.36, 90=257, 99=299, 99.9=446, 99.99=3473] 
[OVERALL], RunTime(ms), 61015
[OVERALL], Throughput(ops/sec), 3402.0486765549454
[TOTAL_GCS_Copy], Count, 19
[TOTAL_GC_TIME_Copy], Time(ms), 24
[TOTAL_GC_TIME_%_Copy], Time(%), 0.0393345898549537
[TOTAL_GCS_MarkSweepCompact], Count, 0
[TOTAL_GC_TIME_MarkSweepCompact], Time(ms), 0
[TOTAL_GC_TIME_%_MarkSweepCompact], Time(%), 0.0
[TOTAL_GCs], Count, 19
[TOTAL_GC_TIME], Time(ms), 24
[TOTAL_GC_TIME_%], Time(%), 0.0393345898549537
[READ], Operations, 104009
[READ], AverageLatency(us), 290.9702910325068
[READ], MinLatency(us), 114
[READ], MaxLatency(us), 73407
[READ], 95thPercentileLatency(us), 393
[READ], 99thPercentileLatency(us), 561
[READ], Return=OK, 104009
[CLEANUP], Operations, 1
[CLEANUP], AverageLatency(us), 889.0
[CLEANUP], MinLatency(us), 889
[CLEANUP], MaxLatency(us), 889
[CLEANUP], 95thPercentileLatency(us), 889
[CLEANUP], 99thPercentileLatency(us), 889
[UPDATE], Operations, 103567
[UPDATE], AverageLatency(us), 286.3236745295316
[UPDATE], MinLatency(us), 108
[UPDATE], MaxLatency(us), 7779
[UPDATE], 95thPercentileLatency(us), 393
[UPDATE], 99thPercentileLatency(us), 563
[UPDATE], Return=OK, 103567
AUTOTEST_DONE
