/nix/store/2vwkssqpzykk37r996cafq7x63imf4sp-openjdk-21+35/bin/java  -classpath /nix/store/zw02np72fzsmga6s5mphhw7x8qlzf4sv-ycsb-0.17.0/share/conf:/nix/store/zw02np72fzsmga6s5mphhw7x8qlzf4sv-ycsb-0.17.0/share/lib/core-0.17.0.jar:/nix/store/zw02np72fzsmga6s5mphhw7x8qlzf4sv-ycsb-0.17.0/share/lib/HdrHistogram-2.1.4.jar:/nix/store/zw02np72fzsmga6s5mphhw7x8qlzf4sv-ycsb-0.17.0/share/lib/htrace-core4-4.1.0-incubating.jar:/nix/store/zw02np72fzsmga6s5mphhw7x8qlzf4sv-ycsb-0.17.0/share/lib/jackson-core-asl-1.9.4.jar:/nix/store/zw02np72fzsmga6s5mphhw7x8qlzf4sv-ycsb-0.17.0/share/lib/jackson-mapper-asl-1.9.4.jar:/nix/store/zw02np72fzsmga6s5mphhw7x8qlzf4sv-ycsb-0.17.0/share/redis-binding/lib/commons-pool2-2.4.2.jar:/nix/store/zw02np72fzsmga6s5mphhw7x8qlzf4sv-ycsb-0.17.0/share/redis-binding/lib/jedis-2.9.0.jar:/nix/store/zw02np72fzsmga6s5mphhw7x8qlzf4sv-ycsb-0.17.0/share/redis-binding/lib/redis-binding-0.17.0.jar site.ycsb.Client -t -db site.ycsb.db.RedisClient -s -P /home/host/vmuxIO/test/moonprogs//../../ycsb/share/workloads/workloada -p redis.host=10.1.0.2 -p redis.port=6382 -p operationcount=429496729 -p maxexecutiontime=61 -threads 1
Command line: -t -db site.ycsb.db.RedisClient -s -P /home/host/vmuxIO/test/moonprogs//../../ycsb/share/workloads/workloada -p redis.host=10.1.0.2 -p redis.port=6382 -p operationcount=429496729 -p maxexecutiontime=61 -threads 1
YCSB Client 0.17.0

Loading workload...
Starting test.
Maximum execution time specified as: 61 secs
DBWrapper: report latency for each error is false and specific error codes to track for latency are: []
2024-08-21 19:26:55:445 0 sec: 0 operations; est completion in 0 second [UPDATE: Count=1, Max=34911, Min=34880, Avg=34896, 90=34911, 99=34911, 99.9=34911, 99.99=34911] 
2024-08-21 19:27:05:197 10 sec: 23772 operations; 2377.2 current ops/sec; est completion in 2 days 2 hours [READ: Count=11931, Max=39455, Min=142, Avg=397.22, 90=524, 99=1379, 99.9=3333, 99.99=12767] [UPDATE: Count=11842, Max=9607, Min=147, Avg=394.37, 90=510, 99=1434, 99.9=4049, 99.99=9071] 
2024-08-21 19:27:15:197 20 sec: 52695 operations; 2892.3 current ops/sec; est completion in 1 day 21 hours [READ: Count=14472, Max=4119, Min=147, Avg=342.96, 90=438, 99=588, 99.9=803, 99.99=3519] [UPDATE: Count=14449, Max=4005, Min=147, Avg=338.2, 90=431, 99=589, 99.9=827, 99.99=3747] 
2024-08-21 19:27:25:197 30 sec: 82027 operations; 2933.2 current ops/sec; est completion in 1 day 19 hours [READ: Count=14768, Max=6123, Min=150, Avg=338.86, 90=423, 99=581, 99.9=735, 99.99=1848] [UPDATE: Count=14564, Max=4267, Min=140, Avg=335.75, 90=422, 99=579, 99.9=793, 99.99=4191] 
2024-08-21 19:27:35:197 40 sec: 110529 operations; 2850.2 current ops/sec; est completion in 1 day 19 hours [READ: Count=14182, Max=1318, Min=143, Avg=349.39, 90=451, 99=616, 99.9=847, 99.99=1261] [UPDATE: Count=14320, Max=5039, Min=140, Avg=344.89, 90=445, 99=617, 99.9=864, 99.99=2229] 
2024-08-21 19:27:45:197 50 sec: 139905 operations; 2937.6 current ops/sec; est completion in 1 day 18 hours [READ: Count=14575, Max=8019, Min=140, Avg=340.23, 90=427, 99=580, 99.9=734, 99.99=1227] [UPDATE: Count=14801, Max=1540, Min=144, Avg=334.99, 90=421, 99=580, 99.9=732, 99.99=947] 
2024-08-21 19:27:55:196 60 sec: 169199 operations; 2929.4 current ops/sec; est completion in 1 day 18 hours [READ: Count=14620, Max=7183, Min=143, Avg=340.67, 90=441, 99=571, 99.9=722, 99.99=3561] [UPDATE: Count=14674, Max=4089, Min=136, Avg=336.78, 90=437, 99=570, 99.9=761, 99.99=3991] 
Maximum time elapsed. Requesting stop for the workload.
Stop requested for workload. Now Joining!
2024-08-21 19:27:56:206 61 sec: 171966 operations; 2739.6 current ops/sec; est completion in 1 day 18 hours [READ: Count=1376, Max=5335, Min=147, Avg=366.16, 90=476, 99=536, 99.9=795, 99.99=5335] [CLEANUP: Count=1, Max=936, Min=936, Avg=936, 90=936, 99=936, 99.9=936, 99.99=936] [UPDATE: Count=1391, Max=623, Min=149, Avg=358.28, 90=463, 99=526, 99.9=583, 99.99=623] 
[OVERALL], RunTime(ms), 61017
[OVERALL], Throughput(ops/sec), 2818.3293180589017
[TOTAL_GCS_Copy], Count, 16
[TOTAL_GC_TIME_Copy], Time(ms), 25
[TOTAL_GC_TIME_%_Copy], Time(%), 0.04097218807873215
[TOTAL_GCS_MarkSweepCompact], Count, 0
[TOTAL_GC_TIME_MarkSweepCompact], Time(ms), 0
[TOTAL_GC_TIME_%_MarkSweepCompact], Time(%), 0.0
[TOTAL_GCs], Count, 16
[TOTAL_GC_TIME], Time(ms), 25
[TOTAL_GC_TIME_%], Time(%), 0.04097218807873215
[READ], Operations, 85924
[READ], AverageLatency(us), 350.37156091429637
[READ], MinLatency(us), 140
[READ], MaxLatency(us), 39455
[READ], 95thPercentileLatency(us), 505
[READ], 99thPercentileLatency(us), 645
[READ], Return=OK, 85924
[CLEANUP], Operations, 1
[CLEANUP], AverageLatency(us), 936.0
[CLEANUP], MinLatency(us), 936
[CLEANUP], MaxLatency(us), 936
[CLEANUP], 95thPercentileLatency(us), 936
[CLEANUP], 99thPercentileLatency(us), 936
[UPDATE], Operations, 86042
[UPDATE], AverageLatency(us), 346.56210920248253
[UPDATE], MinLatency(us), 136
[UPDATE], MaxLatency(us), 34911
[UPDATE], 95thPercentileLatency(us), 498
[UPDATE], 99thPercentileLatency(us), 645
[UPDATE], Return=OK, 86042
AUTOTEST_DONE
