Running 1m test @ http://10.1.0.21:5000
  8 threads and 16 connections

  Thread calibration: mean lat.: 4.985ms, rate sampling interval: 20ms
  Thread calibration: mean lat.: 4.971ms, rate sampling interval: 20ms
  Thread calibration: mean lat.: 6.480ms, rate sampling interval: 24ms
  Thread calibration: mean lat.: 7.279ms, rate sampling interval: 18ms
  Thread calibration: mean lat.: 5.575ms, rate sampling interval: 21ms
  Thread calibration: mean lat.: 5.528ms, rate sampling interval: 18ms
  Thread calibration: mean lat.: 7.323ms, rate sampling interval: 26ms
  Thread calibration: mean lat.: 5.977ms, rate sampling interval: 22ms

-----------------------------------------------------------------------
Test Results @ http://10.1.0.21:5000 
  Thread Stats   Avg      Stdev     99%   +/- Stdev
    Latency     4.99ms    2.90ms  12.16ms   69.44%
    Req/Sec     1.06      7.17    50.00     97.82%
  Latency Distribution (HdrHistogram - Recorded Latency)
 50.000%    3.93ms
 75.000%    7.93ms
 90.000%    9.65ms
 99.000%   12.16ms
 99.900%   13.48ms
 99.990%   13.48ms
 99.999%   13.48ms
100.000%   13.48ms

  Detailed Percentile spectrum:
       Value   Percentile   TotalCount 1/(1-Percentile)

       1.485     0.000000            1         1.00
       2.353     0.100000           44         1.11
       2.583     0.200000           87         1.25
       2.777     0.300000          130         1.43
       3.313     0.400000          174         1.67
       3.927     0.500000          216         2.00
       4.127     0.550000          239         2.22
       4.291     0.600000          263         2.50
       4.499     0.650000          282         2.86
       6.183     0.700000          303         3.33
       7.935     0.750000          324         4.00
       8.123     0.775000          335         4.44
       8.479     0.800000          346         5.00
       8.695     0.825000          357         5.71
       8.927     0.850000          368         6.67
       9.183     0.875000          378         8.00
       9.279     0.887500          384         8.89
       9.655     0.900000          389        10.00
       9.775     0.912500          395        11.43
      10.023     0.925000          400        13.33
      10.223     0.937500          405        16.00
      10.455     0.943750          408        17.78
      10.535     0.950000          411        20.00
      10.655     0.956250          414        22.86
      10.783     0.962500          416        26.67
      10.951     0.968750          420        32.00
      10.951     0.971875          420        35.56
      11.071     0.975000          422        40.00
      11.239     0.978125          423        45.71
      11.263     0.981250          424        53.33
      11.495     0.984375          426        64.00
      11.495     0.985938          426        71.11
      11.567     0.987500          427        80.00
      12.159     0.989062          428        91.43
      12.159     0.990625          428       106.67
      12.359     0.992188          429       128.00
      12.359     0.992969          429       142.22
      12.711     0.993750          430       160.00
      12.711     0.994531          430       182.86
      12.711     0.995313          430       213.33
      13.423     0.996094          431       256.00
      13.423     0.996484          431       284.44
      13.423     0.996875          431       320.00
      13.423     0.997266          431       365.71
      13.423     0.997656          431       426.67
      13.479     0.998047          432       512.00
      13.479     1.000000          432          inf
#[Mean    =        4.995, StdDeviation   =        2.905]
#[Max     =       13.472, Total count    =          432]
#[Buckets =           27, SubBuckets     =         2048]
-----------------------------------------------------------------------
  530 requests in 1.03m, 0.87MB read
  Socket errors: connect 0, read 0, write 0, timeout 157
Requests/sec:      8.55  
Transfer/sec:     14.40KB
AUTOTEST_DONE
