Running 1m test @ http://10.1.0.21:5000
  8 threads and 16 connections

  Thread calibration: mean lat.: 5.637ms, rate sampling interval: 23ms
  Thread calibration: mean lat.: 4.203ms, rate sampling interval: 10ms
  Thread calibration: mean lat.: 4.930ms, rate sampling interval: 10ms
  Thread calibration: mean lat.: 3.690ms, rate sampling interval: 16ms
  Thread calibration: mean lat.: 5.839ms, rate sampling interval: 19ms
  Thread calibration: mean lat.: 8.169ms, rate sampling interval: 24ms
  Thread calibration: mean lat.: 8.948ms, rate sampling interval: 23ms
  Thread calibration: mean lat.: 6.358ms, rate sampling interval: 20ms

-----------------------------------------------------------------------
Test Results @ http://10.1.0.21:5000 
  Thread Stats   Avg      Stdev     99%   +/- Stdev
    Latency     5.15ms    2.97ms  12.63ms   69.37%
    Req/Sec     1.06      8.75    45.00     98.32%
  Latency Distribution (HdrHistogram - Recorded Latency)
 50.000%    4.01ms
 75.000%    8.17ms
 90.000%    9.61ms
 99.000%   12.63ms
 99.900%   13.69ms
 99.990%   13.69ms
 99.999%   13.69ms
100.000%   13.69ms

  Detailed Percentile spectrum:
       Value   Percentile   TotalCount 1/(1-Percentile)

       1.235     0.000000            1         1.00
       2.487     0.100000           44         1.11
       2.717     0.200000           87         1.25
       2.963     0.300000          130         1.43
       3.533     0.400000          173         1.67
       4.007     0.500000          216         2.00
       4.203     0.550000          238         2.22
       4.299     0.600000          259         2.50
       4.499     0.650000          281         2.86
       6.691     0.700000          302         3.33
       8.179     0.750000          324         4.00
       8.447     0.775000          335         4.44
       8.559     0.800000          345         5.00
       8.943     0.825000          356         5.71
       9.135     0.850000          367         6.67
       9.383     0.875000          378         8.00
       9.479     0.887500          383         8.89
       9.615     0.900000          388        10.00
       9.855     0.912500          394        11.43
      10.007     0.925000          399        13.33
      10.295     0.937500          405        16.00
      10.447     0.943750          407        17.78
      10.591     0.950000          410        20.00
      10.655     0.956250          413        22.86
      11.087     0.962500          415        26.67
      11.559     0.968750          418        32.00
      11.639     0.971875          419        35.56
      11.767     0.975000          421        40.00
      11.791     0.978125          422        45.71
      12.079     0.981250          423        53.33
      12.295     0.984375          425        64.00
      12.295     0.985938          425        71.11
      12.567     0.987500          426        80.00
      12.631     0.989062          427        91.43
      12.631     0.990625          427       106.67
      12.823     0.992188          428       128.00
      12.823     0.992969          428       142.22
      13.087     0.993750          429       160.00
      13.087     0.994531          429       182.86
      13.087     0.995313          429       213.33
      13.607     0.996094          430       256.00
      13.607     0.996484          430       284.44
      13.607     0.996875          430       320.00
      13.607     0.997266          430       365.71
      13.607     0.997656          430       426.67
      13.687     0.998047          431       512.00
      13.687     1.000000          431          inf
#[Mean    =        5.154, StdDeviation   =        2.967]
#[Max     =       13.680, Total count    =          431]
#[Buckets =           27, SubBuckets     =         2048]
-----------------------------------------------------------------------
  532 requests in 1.03m, 0.89MB read
  Socket errors: connect 0, read 0, write 0, timeout 155
Requests/sec:      8.58  
Transfer/sec:     14.71KB
AUTOTEST_DONE
