Running 1m test @ http://10.1.0.42:8080/wrk2-api/review/compose
  8 threads and 16 connections

  Thread calibration: mean lat.: 8.159ms, rate sampling interval: 17ms
  Thread calibration: mean lat.: 8.016ms, rate sampling interval: 16ms
  Thread calibration: mean lat.: 8.586ms, rate sampling interval: 16ms
  Thread calibration: mean lat.: 8.119ms, rate sampling interval: 17ms
  Thread calibration: mean lat.: 8.099ms, rate sampling interval: 17ms
  Thread calibration: mean lat.: 9.000ms, rate sampling interval: 18ms
  Thread calibration: mean lat.: 8.399ms, rate sampling interval: 18ms
  Thread calibration: mean lat.: 8.033ms, rate sampling interval: 16ms

-----------------------------------------------------------------------
Test Results @ http://10.1.0.42:8080/wrk2-api/review/compose 
  Thread Stats   Avg      Stdev     99%   +/- Stdev
    Latency     8.04ms    1.16ms  12.11ms   78.24%
    Req/Sec     1.06      7.99    58.00     98.24%
  Latency Distribution (HdrHistogram - Recorded Latency)
 50.000%    7.92ms
 75.000%    8.36ms
 90.000%    9.41ms
 99.000%   12.11ms
 99.900%   13.61ms
 99.990%   13.61ms
 99.999%   13.61ms
100.000%   13.61ms

  Detailed Percentile spectrum:
       Value   Percentile   TotalCount 1/(1-Percentile)

       5.219     0.000000            1         1.00
       6.855     0.100000           44         1.11
       7.295     0.200000           87         1.25
       7.575     0.300000          130         1.43
       7.759     0.400000          173         1.67
       7.923     0.500000          219         2.00
       7.995     0.550000          240         2.22
       8.047     0.600000          261         2.50
       8.123     0.650000          281         2.86
       8.255     0.700000          306         3.33
       8.359     0.750000          324         4.00
       8.455     0.775000          335         4.44
       8.535     0.800000          346         5.00
       8.615     0.825000          357         5.71
       8.775     0.850000          368         6.67
       9.007     0.875000          379         8.00
       9.263     0.887500          384         8.89
       9.415     0.900000          389        10.00
       9.519     0.912500          395        11.43
       9.671     0.925000          400        13.33
      10.007     0.937500          405        16.00
      10.207     0.943750          408        17.78
      10.327     0.950000          411        20.00
      10.487     0.956250          414        22.86
      10.735     0.962500          416        26.67
      11.175     0.968750          419        32.00
      11.279     0.971875          420        35.56
      11.431     0.975000          422        40.00
      11.551     0.978125          423        45.71
      11.559     0.981250          424        53.33
      11.975     0.984375          426        64.00
      11.975     0.985938          426        71.11
      11.999     0.987500          427        80.00
      12.111     0.989062          428        91.43
      12.111     0.990625          428       106.67
      12.207     0.992188          429       128.00
      12.207     0.992969          429       142.22
      13.175     0.993750          430       160.00
      13.175     0.994531          430       182.86
      13.175     0.995313          430       213.33
      13.191     0.996094          431       256.00
      13.191     0.996484          431       284.44
      13.191     0.996875          431       320.00
      13.191     0.997266          431       365.71
      13.191     0.997656          431       426.67
      13.615     0.998047          432       512.00
      13.615     1.000000          432          inf
#[Mean    =        8.039, StdDeviation   =        1.157]
#[Max     =       13.608, Total count    =          432]
#[Buckets =           27, SubBuckets     =         2048]
-----------------------------------------------------------------------
  530 requests in 1.03m, 95.23KB read
  Socket errors: connect 0, read 0, write 0, timeout 157
Requests/sec:      8.55  
Transfer/sec:      1.54KB
AUTOTEST_DONE
