Running 1m test @ http://10.1.0.42:8080/wrk2-api/review/compose
  8 threads and 16 connections

  Thread calibration: mean lat.: 7.603ms, rate sampling interval: 16ms
  Thread calibration: mean lat.: 7.506ms, rate sampling interval: 15ms
  Thread calibration: mean lat.: 7.649ms, rate sampling interval: 15ms
  Thread calibration: mean lat.: 7.742ms, rate sampling interval: 16ms
  Thread calibration: mean lat.: 7.547ms, rate sampling interval: 15ms
  Thread calibration: mean lat.: 7.649ms, rate sampling interval: 16ms
  Thread calibration: mean lat.: 8.184ms, rate sampling interval: 16ms
  Thread calibration: mean lat.: 7.612ms, rate sampling interval: 15ms

-----------------------------------------------------------------------
Test Results @ http://10.1.0.42:8080/wrk2-api/review/compose 
  Thread Stats   Avg      Stdev     99%   +/- Stdev
    Latency     7.70ms    1.05ms  11.57ms   81.44%
    Req/Sec     1.07      8.37    66.00     98.37%
  Latency Distribution (HdrHistogram - Recorded Latency)
 50.000%    7.53ms
 75.000%    8.02ms
 90.000%    8.65ms
 99.000%   11.57ms
 99.900%   13.02ms
 99.990%   13.02ms
 99.999%   13.02ms
100.000%   13.02ms

  Detailed Percentile spectrum:
       Value   Percentile   TotalCount 1/(1-Percentile)

       5.407     0.000000            1         1.00
       6.663     0.100000           45         1.11
       6.979     0.200000           88         1.25
       7.215     0.300000          130         1.43
       7.371     0.400000          174         1.67
       7.527     0.500000          216         2.00
       7.635     0.550000          238         2.22
       7.715     0.600000          259         2.50
       7.807     0.650000          282         2.86
       7.879     0.700000          303         3.33
       8.027     0.750000          324         4.00
       8.083     0.775000          336         4.44
       8.123     0.800000          345         5.00
       8.179     0.825000          356         5.71
       8.351     0.850000          367         6.67
       8.439     0.875000          378         8.00
       8.551     0.887500          383         8.89
       8.647     0.900000          388        10.00
       8.911     0.912500          394        11.43
       9.287     0.925000          399        13.33
       9.471     0.937500          405        16.00
       9.695     0.943750          407        17.78
      10.207     0.950000          411        20.00
      10.391     0.956250          413        22.86
      10.551     0.962500          415        26.67
      10.711     0.968750          418        32.00
      10.743     0.971875          419        35.56
      10.871     0.975000          421        40.00
      10.943     0.978125          422        45.71
      11.071     0.981250          423        53.33
      11.127     0.984375          425        64.00
      11.127     0.985938          425        71.11
      11.543     0.987500          426        80.00
      11.575     0.989062          427        91.43
      11.575     0.990625          427       106.67
      11.847     0.992188          428       128.00
      11.847     0.992969          428       142.22
      11.871     0.993750          429       160.00
      11.871     0.994531          429       182.86
      11.871     0.995313          429       213.33
      12.719     0.996094          430       256.00
      12.719     0.996484          430       284.44
      12.719     0.996875          430       320.00
      12.719     0.997266          430       365.71
      12.719     0.997656          430       426.67
      13.023     0.998047          431       512.00
      13.023     1.000000          431          inf
#[Mean    =        7.698, StdDeviation   =        1.052]
#[Max     =       13.016, Total count    =          431]
#[Buckets =           27, SubBuckets     =         2048]
-----------------------------------------------------------------------
  531 requests in 1.03m, 95.41KB read
  Socket errors: connect 0, read 0, write 0, timeout 155
Requests/sec:      8.56  
Transfer/sec:      1.54KB
AUTOTEST_DONE
