Running 1m test @ http://10.1.0.44:8080
  8 threads and 16 connections

  Thread calibration: mean lat.: 2.271ms, rate sampling interval: 10ms
  Thread calibration: mean lat.: 1.937ms, rate sampling interval: 10ms
  Thread calibration: mean lat.: 1.893ms, rate sampling interval: 10ms
  Thread calibration: mean lat.: 2.470ms, rate sampling interval: 10ms
  Thread calibration: mean lat.: 2.494ms, rate sampling interval: 10ms
  Thread calibration: mean lat.: 2.649ms, rate sampling interval: 10ms
  Thread calibration: mean lat.: 4.509ms, rate sampling interval: 14ms
  Thread calibration: mean lat.: 2.775ms, rate sampling interval: 10ms

-----------------------------------------------------------------------
Test Results @ http://10.1.0.44:8080 
  Thread Stats   Avg      Stdev     99%   +/- Stdev
    Latency     2.41ms    1.15ms   6.85ms   89.56%
    Req/Sec     1.09     10.50    71.00     98.91%
  Latency Distribution (HdrHistogram - Recorded Latency)
 50.000%    2.09ms
 75.000%    2.53ms
 90.000%    3.14ms
 99.000%    6.85ms
 99.900%    7.45ms
 99.990%    7.45ms
 99.999%    7.45ms
100.000%    7.45ms

  Detailed Percentile spectrum:
       Value   Percentile   TotalCount 1/(1-Percentile)

       1.074     0.000000            1         1.00
       1.550     0.100000           44         1.11
       1.715     0.200000           87         1.25
       1.859     0.300000          130         1.43
       1.971     0.400000          173         1.67
       2.085     0.500000          216         2.00
       2.145     0.550000          238         2.22
       2.221     0.600000          259         2.50
       2.323     0.650000          281         2.86
       2.421     0.700000          302         3.33
       2.545     0.750000          324         4.00
       2.633     0.775000          335         4.44
       2.691     0.800000          345         5.00
       2.749     0.825000          356         5.71
       2.865     0.850000          367         6.67
       2.971     0.875000          378         8.00
       2.989     0.887500          383         8.89
       3.141     0.900000          388        10.00
       4.103     0.912500          394        11.43
       4.947     0.925000          399        13.33
       5.359     0.937500          405        16.00
       5.443     0.943750          407        17.78
       5.559     0.950000          410        20.00
       5.739     0.956250          413        22.86
       5.887     0.962500          415        26.67
       5.963     0.968750          418        32.00
       6.039     0.971875          419        35.56
       6.059     0.975000          421        40.00
       6.207     0.978125          422        45.71
       6.227     0.981250          423        53.33
       6.467     0.984375          425        64.00
       6.467     0.985938          425        71.11
       6.679     0.987500          426        80.00
       6.851     0.989062          427        91.43
       6.851     0.990625          427       106.67
       6.963     0.992188          428       128.00
       6.963     0.992969          428       142.22
       7.175     0.993750          429       160.00
       7.175     0.994531          429       182.86
       7.175     0.995313          429       213.33
       7.379     0.996094          430       256.00
       7.379     0.996484          430       284.44
       7.379     0.996875          430       320.00
       7.379     0.997266          430       365.71
       7.379     0.997656          430       426.67
       7.455     0.998047          431       512.00
       7.455     1.000000          431          inf
#[Mean    =        2.410, StdDeviation   =        1.152]
#[Max     =        7.452, Total count    =          431]
#[Buckets =           27, SubBuckets     =         2048]
-----------------------------------------------------------------------
  530 requests in 1.03m, 106.30KB read
  Socket errors: connect 0, read 0, write 0, timeout 157
  Non-2xx or 3xx responses: 49
Requests/sec:      8.55  
Transfer/sec:      1.71KB
AUTOTEST_DONE
