/nix/store/2vwkssqpzykk37r996cafq7x63imf4sp-openjdk-21+35/bin/java  -classpath /nix/store/zw02np72fzsmga6s5mphhw7x8qlzf4sv-ycsb-0.17.0/share/conf:/nix/store/zw02np72fzsmga6s5mphhw7x8qlzf4sv-ycsb-0.17.0/share/lib/core-0.17.0.jar:/nix/store/zw02np72fzsmga6s5mphhw7x8qlzf4sv-ycsb-0.17.0/share/lib/HdrHistogram-2.1.4.jar:/nix/store/zw02np72fzsmga6s5mphhw7x8qlzf4sv-ycsb-0.17.0/share/lib/htrace-core4-4.1.0-incubating.jar:/nix/store/zw02np72fzsmga6s5mphhw7x8qlzf4sv-ycsb-0.17.0/share/lib/jackson-core-asl-1.9.4.jar:/nix/store/zw02np72fzsmga6s5mphhw7x8qlzf4sv-ycsb-0.17.0/share/lib/jackson-mapper-asl-1.9.4.jar:/nix/store/zw02np72fzsmga6s5mphhw7x8qlzf4sv-ycsb-0.17.0/share/redis-binding/lib/commons-pool2-2.4.2.jar:/nix/store/zw02np72fzsmga6s5mphhw7x8qlzf4sv-ycsb-0.17.0/share/redis-binding/lib/jedis-2.9.0.jar:/nix/store/zw02np72fzsmga6s5mphhw7x8qlzf4sv-ycsb-0.17.0/share/redis-binding/lib/redis-binding-0.17.0.jar site.ycsb.Client -t -db site.ycsb.db.RedisClient -s -P /home/host/vmuxIO/test/moonprogs//../../ycsb/share/workloads/workloada -p redis.host=10.1.0.2 -p redis.port=6382 -p operationcount=429496729 -p maxexecutiontime=61 -threads 1
Command line: -t -db site.ycsb.db.RedisClient -s -P /home/host/vmuxIO/test/moonprogs//../../ycsb/share/workloads/workloada -p redis.host=10.1.0.2 -p redis.port=6382 -p operationcount=429496729 -p maxexecutiontime=61 -threads 1
YCSB Client 0.17.0

Loading workload...
Starting test.
Maximum execution time specified as: 61 secs
DBWrapper: report latency for each error is false and specific error codes to track for latency are: []
2025-02-05 01:34:14:767 0 sec: 0 operations; est completion in 0 second 
2025-02-05 01:34:24:622 10 sec: 27256 operations; 2725.6 current ops/sec; est completion in 1 day 19 hours [READ: Count=13795, Max=50399, Min=198, Avg=356.76, 90=406, 99=3359, 99.9=4259, 99.99=5387] [UPDATE: Count=13463, Max=12271, Min=194, Avg=352.09, 90=405, 99=2947, 99.9=4243, 99.99=7523] 
2025-02-05 01:34:34:622 20 sec: 58855 operations; 3159.9 current ops/sec; est completion in 1 day 16 hours [READ: Count=15724, Max=9599, Min=194, Avg=314.13, 90=399, 99=522, 99.9=678, 99.99=3967] [UPDATE: Count=15873, Max=4243, Min=192, Avg=311.12, 90=398, 99=524, 99.9=605, 99.99=3971] 
2025-02-05 01:34:44:622 30 sec: 90940 operations; 3208.5 current ops/sec; est completion in 1 day 15 hours [READ: Count=15976, Max=11471, Min=193, Avg=311.46, 90=396, 99=521, 99.9=680, 99.99=4199] [UPDATE: Count=16109, Max=4007, Min=194, Avg=307.44, 90=392, 99=519, 99.9=627, 99.99=3893] 
2025-02-05 01:34:54:622 40 sec: 121738 operations; 3079.8 current ops/sec; est completion in 1 day 15 hours [READ: Count=15438, Max=3687, Min=197, Avg=322.28, 90=424, 99=559, 99.9=790, 99.99=2993] [UPDATE: Count=15360, Max=3909, Min=194, Avg=322.12, 90=424, 99=566, 99.9=762, 99.99=3725] 
2025-02-05 01:35:04:622 50 sec: 154637 operations; 3289.9 current ops/sec; est completion in 1 day 14 hours [READ: Count=16416, Max=4009, Min=192, Avg=303.63, 90=390, 99=503, 99.9=624, 99.99=3045] [UPDATE: Count=16483, Max=2649, Min=192, Avg=300.56, 90=388, 99=505, 99.9=596, 99.99=863] 
2025-02-05 01:35:14:622 60 sec: 187364 operations; 3272.7 current ops/sec; est completion in 1 day 14 hours [READ: Count=16284, Max=2851, Min=197, Avg=305.25, 90=394, 99=516, 99.9=589, 99.99=953] [UPDATE: Count=16443, Max=7095, Min=199, Avg=301.81, 90=392, 99=510, 99.9=600, 99.99=2925] 
Maximum time elapsed. Requesting stop for the workload.
Stop requested for workload. Now Joining!
2025-02-05 01:35:15:635 61 sec: 191220 operations; 3810.28 current ops/sec; est completion in 1 day 14 hours [READ: Count=1942, Max=4899, Min=197, Avg=263.05, 90=355, 99=502, 99.9=992, 99.99=4899] [CLEANUP: Count=1, Max=1074, Min=1074, Avg=1074, 90=1074, 99=1074, 99.9=1074, 99.99=1074] [UPDATE: Count=1914, Max=1931, Min=194, Avg=257.38, 90=356, 99=471, 99.9=728, 99.99=1931] 
[OVERALL], RunTime(ms), 61019
[OVERALL], Throughput(ops/sec), 3133.778003572658
[TOTAL_GCS_Copy], Count, 18
[TOTAL_GC_TIME_Copy], Time(ms), 19
[TOTAL_GC_TIME_%_Copy], Time(%), 0.0311378423114112
[TOTAL_GCS_MarkSweepCompact], Count, 0
[TOTAL_GC_TIME_MarkSweepCompact], Time(ms), 0
[TOTAL_GC_TIME_%_MarkSweepCompact], Time(%), 0.0
[TOTAL_GCs], Count, 18
[TOTAL_GC_TIME], Time(ms), 19
[TOTAL_GC_TIME_%], Time(%), 0.0311378423114112
[READ], Operations, 95575
[READ], AverageLatency(us), 316.798168977243
[READ], MinLatency(us), 192
[READ], MaxLatency(us), 50399
[READ], 95thPercentileLatency(us), 446
[READ], 99thPercentileLatency(us), 536
[READ], Return=OK, 95575
[CLEANUP], Operations, 1
[CLEANUP], AverageLatency(us), 1074.0
[CLEANUP], MinLatency(us), 1074
[CLEANUP], MaxLatency(us), 1074
[CLEANUP], 95thPercentileLatency(us), 1074
[CLEANUP], 99thPercentileLatency(us), 1074
[UPDATE], Operations, 95645
[UPDATE], AverageLatency(us), 313.5391708923624
[UPDATE], MinLatency(us), 192
[UPDATE], MaxLatency(us), 12271
[UPDATE], 95thPercentileLatency(us), 444
[UPDATE], 99thPercentileLatency(us), 538
[UPDATE], Return=OK, 95645
AUTOTEST_DONE
