/nix/store/2vwkssqpzykk37r996cafq7x63imf4sp-openjdk-21+35/bin/java  -classpath /nix/store/zw02np72fzsmga6s5mphhw7x8qlzf4sv-ycsb-0.17.0/share/conf:/nix/store/zw02np72fzsmga6s5mphhw7x8qlzf4sv-ycsb-0.17.0/share/lib/core-0.17.0.jar:/nix/store/zw02np72fzsmga6s5mphhw7x8qlzf4sv-ycsb-0.17.0/share/lib/HdrHistogram-2.1.4.jar:/nix/store/zw02np72fzsmga6s5mphhw7x8qlzf4sv-ycsb-0.17.0/share/lib/htrace-core4-4.1.0-incubating.jar:/nix/store/zw02np72fzsmga6s5mphhw7x8qlzf4sv-ycsb-0.17.0/share/lib/jackson-core-asl-1.9.4.jar:/nix/store/zw02np72fzsmga6s5mphhw7x8qlzf4sv-ycsb-0.17.0/share/lib/jackson-mapper-asl-1.9.4.jar:/nix/store/zw02np72fzsmga6s5mphhw7x8qlzf4sv-ycsb-0.17.0/share/redis-binding/lib/commons-pool2-2.4.2.jar:/nix/store/zw02np72fzsmga6s5mphhw7x8qlzf4sv-ycsb-0.17.0/share/redis-binding/lib/jedis-2.9.0.jar:/nix/store/zw02np72fzsmga6s5mphhw7x8qlzf4sv-ycsb-0.17.0/share/redis-binding/lib/redis-binding-0.17.0.jar site.ycsb.Client -t -db site.ycsb.db.RedisClient -s -P /home/host/vmuxIO/test/moonprogs//../../ycsb/share/workloads/workloada -p redis.host=10.1.0.2 -p redis.port=6380 -p operationcount=429496729 -p maxexecutiontime=61 -threads 1
Command line: -t -db site.ycsb.db.RedisClient -s -P /home/host/vmuxIO/test/moonprogs//../../ycsb/share/workloads/workloada -p redis.host=10.1.0.2 -p redis.port=6380 -p operationcount=429496729 -p maxexecutiontime=61 -threads 1
YCSB Client 0.17.0

Loading workload...
Starting test.
Maximum execution time specified as: 61 secs
DBWrapper: report latency for each error is false and specific error codes to track for latency are: []
2025-02-01 16:16:22:730 0 sec: 0 operations; est completion in 0 second 
2025-02-01 16:16:32:678 10 sec: 97776 operations; 9777.6 current ops/sec; est completion in 12 hours 11 minutes [READ: Count=49023, Max=18111, Min=80, Avg=101.28, 90=112, 99=141, 99.9=222, 99.99=793] [UPDATE: Count=48796, Max=3245, Min=78, Avg=98.04, 90=110, 99=141, 99.9=221, 99.99=990] 
2025-02-01 16:16:42:678 20 sec: 200268 operations; 10249.2 current ops/sec; est completion in 11 hours 54 minutes [READ: Count=51422, Max=1940, Min=83, Avg=97.72, 90=105, 99=129, 99.9=142, 99.99=372] [UPDATE: Count=51038, Max=1803, Min=80, Avg=94.98, 90=102, 99=126, 99.9=139, 99.99=300] 
2025-02-01 16:16:52:678 30 sec: 303218 operations; 10295 current ops/sec; est completion in 11 hours 47 minutes [READ: Count=51357, Max=2621, Min=82, Avg=97.45, 90=105, 99=132, 99.9=182, 99.99=670] [UPDATE: Count=51592, Max=1893, Min=79, Avg=94.51, 90=102, 99=129, 99.9=164, 99.99=256] 
2025-02-01 16:17:02:678 40 sec: 406104 operations; 10288.6 current ops/sec; est completion in 11 hours 44 minutes [READ: Count=51529, Max=1080, Min=82, Avg=97.29, 90=105, 99=131, 99.9=157, 99.99=435] [UPDATE: Count=51359, Max=1969, Min=80, Avg=94.59, 90=102, 99=127, 99.9=158, 99.99=423] 
2025-02-01 16:17:12:678 50 sec: 507360 operations; 10125.6 current ops/sec; est completion in 11 hours 44 minutes [READ: Count=50564, Max=1193, Min=82, Avg=98.96, 90=119, 99=135, 99.9=142, 99.99=203] [UPDATE: Count=50693, Max=893, Min=80, Avg=96.17, 90=116, 99=131, 99.9=139, 99.99=297] 
2025-02-01 16:17:22:678 60 sec: 609225 operations; 10186.5 current ops/sec; est completion in 11 hours 44 minutes [READ: Count=50778, Max=784, Min=84, Avg=98.27, 90=108, 99=133, 99.9=155, 99.99=310] [UPDATE: Count=51084, Max=1191, Min=80, Avg=95.62, 90=106, 99=130, 99.9=152, 99.99=279] 
Maximum time elapsed. Requesting stop for the workload.
Stop requested for workload. Now Joining!
2025-02-01 16:17:23:680 61 sec: 619606 operations; 10360.28 current ops/sec; est completion in 11 hours 43 minutes [READ: Count=5210, Max=170, Min=85, Avg=96.47, 90=104, 99=128, 99.9=142, 99.99=164] [CLEANUP: Count=1, Max=1083, Min=1083, Avg=1083, 90=1083, 99=1083, 99.9=1083, 99.99=1083] [UPDATE: Count=5161, Max=306, Min=82, Avg=93.97, 90=101, 99=126, 99.9=138, 99.99=191] 
[OVERALL], RunTime(ms), 61002
[OVERALL], Throughput(ops/sec), 10157.142388774138
[TOTAL_GCS_G1_Young_Generation], Count, 27
[TOTAL_GC_TIME_G1_Young_Generation], Time(ms), 40
[TOTAL_GC_TIME_%_G1_Young_Generation], Time(%), 0.06557162060260319
[TOTAL_GCS_G1_Concurrent_GC], Count, 0
[TOTAL_GC_TIME_G1_Concurrent_GC], Time(ms), 0
[TOTAL_GC_TIME_%_G1_Concurrent_GC], Time(%), 0.0
[TOTAL_GCS_G1_Old_Generation], Count, 0
[TOTAL_GC_TIME_G1_Old_Generation], Time(ms), 0
[TOTAL_GC_TIME_%_G1_Old_Generation], Time(%), 0.0
[TOTAL_GCs], Count, 27
[TOTAL_GC_TIME], Time(ms), 40
[TOTAL_GC_TIME_%], Time(%), 0.06557162060260319
[READ], Operations, 309883
[READ], AverageLatency(us), 98.43783298857956
[READ], MinLatency(us), 80
[READ], MaxLatency(us), 18111
[READ], 95thPercentileLatency(us), 122
[READ], 99thPercentileLatency(us), 133
[READ], Return=OK, 309883
[CLEANUP], Operations, 1
[CLEANUP], AverageLatency(us), 1083.0
[CLEANUP], MinLatency(us), 1083
[CLEANUP], MaxLatency(us), 1083
[CLEANUP], 95thPercentileLatency(us), 1083
[CLEANUP], 99thPercentileLatency(us), 1083
[UPDATE], Operations, 309723
[UPDATE], AverageLatency(us), 95.60296458448356
[UPDATE], MinLatency(us), 78
[UPDATE], MaxLatency(us), 3245
[UPDATE], 95thPercentileLatency(us), 120
[UPDATE], 99thPercentileLatency(us), 130
[UPDATE], Return=OK, 309723
AUTOTEST_DONE
