/nix/store/2vwkssqpzykk37r996cafq7x63imf4sp-openjdk-21+35/bin/java  -classpath /nix/store/zw02np72fzsmga6s5mphhw7x8qlzf4sv-ycsb-0.17.0/share/conf:/nix/store/zw02np72fzsmga6s5mphhw7x8qlzf4sv-ycsb-0.17.0/share/lib/core-0.17.0.jar:/nix/store/zw02np72fzsmga6s5mphhw7x8qlzf4sv-ycsb-0.17.0/share/lib/HdrHistogram-2.1.4.jar:/nix/store/zw02np72fzsmga6s5mphhw7x8qlzf4sv-ycsb-0.17.0/share/lib/htrace-core4-4.1.0-incubating.jar:/nix/store/zw02np72fzsmga6s5mphhw7x8qlzf4sv-ycsb-0.17.0/share/lib/jackson-core-asl-1.9.4.jar:/nix/store/zw02np72fzsmga6s5mphhw7x8qlzf4sv-ycsb-0.17.0/share/lib/jackson-mapper-asl-1.9.4.jar:/nix/store/zw02np72fzsmga6s5mphhw7x8qlzf4sv-ycsb-0.17.0/share/redis-binding/lib/commons-pool2-2.4.2.jar:/nix/store/zw02np72fzsmga6s5mphhw7x8qlzf4sv-ycsb-0.17.0/share/redis-binding/lib/jedis-2.9.0.jar:/nix/store/zw02np72fzsmga6s5mphhw7x8qlzf4sv-ycsb-0.17.0/share/redis-binding/lib/redis-binding-0.17.0.jar site.ycsb.Client -t -db site.ycsb.db.RedisClient -s -P /home/host/vmuxIO/test/moonprogs//../../ycsb/share/workloads/workloada -p redis.host=10.1.0.2 -p redis.port=6386 -p operationcount=429496729 -p maxexecutiontime=61 -threads 1
Command line: -t -db site.ycsb.db.RedisClient -s -P /home/host/vmuxIO/test/moonprogs//../../ycsb/share/workloads/workloada -p redis.host=10.1.0.2 -p redis.port=6386 -p operationcount=429496729 -p maxexecutiontime=61 -threads 1
YCSB Client 0.17.0

Loading workload...
Starting test.
Maximum execution time specified as: 61 secs
DBWrapper: report latency for each error is false and specific error codes to track for latency are: []
2024-10-15 13:28:42:556 0 sec: 0 operations; est completion in 0 second [UPDATE: Count=1, Max=29567, Min=29552, Avg=29560, 90=29567, 99=29567, 99.9=29567, 99.99=29567] 
2024-10-15 13:28:52:358 10 sec: 61723 operations; 6172.3 current ops/sec; est completion in 19 hours 19 minutes [READ: Count=30605, Max=35519, Min=90, Avg=151.03, 90=188, 99=318, 99.9=2985, 99.99=4175] [UPDATE: Count=31118, Max=8879, Min=86, Avg=152.95, 90=194, 99=343, 99.9=3307, 99.99=4559] 
2024-10-15 13:29:02:358 20 sec: 135331 operations; 7360.8 current ops/sec; est completion in 17 hours 37 minutes [READ: Count=36617, Max=3331, Min=88, Avg=134.29, 90=173, 99=264, 99.9=412, 99.99=2399] [UPDATE: Count=36990, Max=7279, Min=88, Avg=132.1, 90=171, 99=262, 99.9=404, 99.99=2249] 
2024-10-15 13:29:12:358 30 sec: 215773 operations; 8044.2 current ops/sec; est completion in 16 hours 34 minutes [READ: Count=40129, Max=4057, Min=86, Avg=123.45, 90=144, 99=216, 99.9=305, 99.99=1917] [UPDATE: Count=40313, Max=8815, Min=87, Avg=121.12, 90=142, 99=210, 99.9=286, 99.99=2431] 
2024-10-15 13:29:22:358 40 sec: 292538 operations; 7676.5 current ops/sec; est completion in 16 hours 18 minutes [READ: Count=38308, Max=4119, Min=86, Avg=129.22, 90=157, 99=233, 99.9=363, 99.99=2301] [UPDATE: Count=38457, Max=4615, Min=87, Avg=127, 90=157, 99=232, 99.9=358, 99.99=1396] 
2024-10-15 13:29:32:358 50 sec: 365132 operations; 7259.4 current ops/sec; est completion in 16 hours 19 minutes [READ: Count=36105, Max=4303, Min=89, Avg=136.82, 90=178, 99=266, 99.9=431, 99.99=2349] [UPDATE: Count=36489, Max=2827, Min=84, Avg=134.1, 90=176, 99=263, 99.9=373, 99.99=688] 
2024-10-15 13:29:42:358 60 sec: 441975 operations; 7684.3 current ops/sec; est completion in 16 hours 10 minutes [READ: Count=38471, Max=3623, Min=83, Avg=128.99, 90=154, 99=219, 99.9=277, 99.99=668] [UPDATE: Count=38372, Max=2739, Min=82, Avg=126.95, 90=153, 99=222, 99.9=279, 99.99=2069] 
Maximum time elapsed. Requesting stop for the workload.
Stop requested for workload. Now Joining!
2024-10-15 13:29:43:366 61 sec: 451018 operations; 8971.23 current ops/sec; est completion in 16 hours 7 minutes [READ: Count=4524, Max=2223, Min=85, Avg=110.56, 90=125, 99=205, 99.9=330, 99.99=2223] [CLEANUP: Count=1, Max=1032, Min=1032, Avg=1032, 90=1032, 99=1032, 99.9=1032, 99.99=1032] [UPDATE: Count=4519, Max=4383, Min=83, Avg=108.17, 90=122, 99=200, 99.9=222, 99.99=4383] 
[OVERALL], RunTime(ms), 61013
[OVERALL], Throughput(ops/sec), 7392.162326061659
[TOTAL_GCS_Copy], Count, 42
[TOTAL_GC_TIME_Copy], Time(ms), 41
[TOTAL_GC_TIME_%_Copy], Time(%), 0.06719879369970334
[TOTAL_GCS_MarkSweepCompact], Count, 0
[TOTAL_GC_TIME_MarkSweepCompact], Time(ms), 0
[TOTAL_GC_TIME_%_MarkSweepCompact], Time(%), 0.0
[TOTAL_GCs], Count, 42
[TOTAL_GC_TIME], Time(ms), 41
[TOTAL_GC_TIME_%], Time(%), 0.06719879369970334
[READ], Operations, 224759
[READ], AverageLatency(us), 132.79057568328744
[READ], MinLatency(us), 83
[READ], MaxLatency(us), 35519
[READ], 95thPercentileLatency(us), 189
[READ], 99thPercentileLatency(us), 255
[READ], Return=OK, 224759
[CLEANUP], Operations, 1
[CLEANUP], AverageLatency(us), 1032.0
[CLEANUP], MinLatency(us), 1032
[CLEANUP], MaxLatency(us), 1032
[CLEANUP], 95thPercentileLatency(us), 1032
[CLEANUP], 99thPercentileLatency(us), 1032
[UPDATE], Operations, 226259
[UPDATE], AverageLatency(us), 131.2454222815446
[UPDATE], MinLatency(us), 82
[UPDATE], MaxLatency(us), 29567
[UPDATE], 95thPercentileLatency(us), 188
[UPDATE], 99thPercentileLatency(us), 254
[UPDATE], Return=OK, 226259
AUTOTEST_DONE
